Could not find platform independent libraries <prefix>
Could not find platform dependent libraries <exec_prefix>
Consider setting $PYTHONHOME to <prefix>[:<exec_prefix>]
ImportError: No module named site
Job start at Fri Nov 20 22:09:13 CET 2020
Running job on machine Linux b7g42n0552.cern.ch 3.10.0-957.1.3.el7.x86_64 #1 SMP Thu Nov 29 14:49:43 UTC 2018 x86_64 x86_64 x86_64 GNU/Linux, host b7g42n0552.cern.ch
============================================================
$PWD=/pool/condor/dir_942
$JOBID=1562287
$TASKID=19
$HOSTNAME=b7g42n0552.cern.ch
$TASKCMD=/afs/cern.ch/work/l/lvigilan/TauWork/CMSSW_10_6_17_patch1/src/TauFW/PicoProducer/python/processors/skimjob.py -y 2017 -d 'mc' -t _skim --copydir /eos/user/l/lvigilan/samples/nano/2017/ST_t-channel_top_5f_InclusiveDecays_TuneCP5_13TeV-powheg-pythia8/RunIISummer19UL17NanoAOD-106X_mc2017_realistic_v6-v1/NANOAODSIM -p --preselect 'HLT_Ele35_WPTight_Gsf_v == 1 && Electron_pt > 35 && Electron_eta < 2.1 && Tau_pt > 20 && Tau_eta < 2.3 && Electron_pfRelIso03_all < 0.5 && Tau_idDeepTau2017v2p1VSmu >= 1 && Tau_idDeepTau2017v2p1VSjet >= 16' -i root://cms-xrd-global.cern.ch//store/mc/RunIISummer19UL17NanoAOD/ST_t-channel_top_5f_InclusiveDecays_TuneCP5_13TeV-powheg-pythia8/NANOAODSIM/106X_mc2017_realistic_v6-v1/110000/A5B8942C-5778-BA42-845D-710635202D08.root
$WORKDIR=/pool/condor/dir_942
>>> cd /afs/cern.ch/work/l/lvigilan/TauWork/CMSSW_10_6_17_patch1/src
>>> eval `scramv1 runtime -sh`
>>> cd /pool/condor/dir_942
$PWD=/pool/condor/dir_942
>>> /afs/cern.ch/work/l/lvigilan/TauWork/CMSSW_10_6_17_patch1/src/TauFW/PicoProducer/python/processors/skimjob.py -y 2017 -d 'mc' -t _skim --copydir /eos/user/l/lvigilan/samples/nano/2017/ST_t-channel_top_5f_InclusiveDecays_TuneCP5_13TeV-powheg-pythia8/RunIISummer19UL17NanoAOD-106X_mc2017_realistic_v6-v1/NANOAODSIM -p --preselect 'HLT_Ele35_WPTight_Gsf_v == 1 && Electron_pt > 35 && Electron_eta < 2.1 && Tau_pt > 20 && Tau_eta < 2.3 && Electron_pfRelIso03_all < 0.5 && Tau_idDeepTau2017v2p1VSmu >= 1 && Tau_idDeepTau2017v2p1VSjet >= 16' -i root://cms-xrd-global.cern.ch//store/mc/RunIISummer19UL17NanoAOD/ST_t-channel_top_5f_InclusiveDecays_TuneCP5_13TeV-powheg-pythia8/NANOAODSIM/106X_mc2017_realistic_v6-v1/110000/A5B8942C-5778-BA42-845D-710635202D08.root
Error in <TGClient::TGClient>: can't open display "localhost:33.0", switching to batch mode...
 In case you run from a remote ssh session, reconnect with ssh -Y
Error in <TTreeFormula::Compile>:  Bad numerical expression : "HLT_Ele35_WPTight_Gsf_v"
Info in <TSelectorDraw::AbortProcess>: Variable compilation failed: {,HLT_Ele35_WPTight_Gsf_v == 1 && Electron_pt > 35 && Electron_eta < 2.1 && Tau_pt > 20 && Tau_eta < 2.3 && Electron_pfRelIso03_all < 0.5 && Tau_idDeepTau2017v2p1VSmu >= 1 && Tau_idDeepTau2017v2p1VSjet >= 16}
--------------------------------------------------------------------------------
>>> era          = '2017'
>>> year         = 2017
>>> period       = ''
>>> dtype        = 'mc'
>>> maxevts      = None
>>> tag          = '_skim'
>>> postfix      = '_skim'
>>> outdir       = '.'
>>> outfiles     = './*_skim.root'
>>> copydir      = '/eos/user/l/lvigilan/samples/nano/2017/ST_t-channel_top_5f_InclusiveDecays_TuneCP5_13TeV-powheg-pythia8/RunIISummer19UL17NanoAOD-106X_mc2017_realistic_v6-v1/NANOAODSIM'
>>> infiles      = ['root://cms-xrd-global.cern.ch//store/mc/RunIISummer19UL17NanoAOD/ST_t-channel_top_5f_InclusiveDecays_TuneCP5_13TeV-powheg-pythia8/NANOAODSIM/106X_mc2017_realistic_v6-v1/110000/A5B8942C-5778-BA42-845D-710635202D08.root']
>>> branchsel    = '/afs/cern.ch/work/l/lvigilan/TauWork/CMSSW_10_6_17_patch1/python/TauFW/PicoProducer/processors/keep_and_drop_skim.txt'
>>> json         = None
>>> modules      = []
>>> prefetch     = True
>>> doJEC        = False
>>> doJECSys     = False
>>> cwd          = /pool/condor/dir_942
>>> preselection = HLT_Ele35_WPTight_Gsf_v == 1 && Electron_pt > 35 && Electron_eta < 2.1 && Tau_pt > 20 && Tau_eta < 2.3 && Electron_pfRelIso03_all < 0.5 && Tau_idDeepTau2017v2p1VSmu >= 1 && Tau_idDeepTau2017v2p1VSjet >= 16
--------------------------------------------------------------------------------
Will write selected trees to .
Filename root://cms-xrd-global.cern.ch//store/mc/RunIISummer19UL17NanoAOD/ST_t-channel_top_5f_InclusiveDecays_TuneCP5_13TeV-powheg-pythia8/NANOAODSIM/106X_mc2017_realistic_v6-v1/110000/A5B8942C-5778-BA42-845D-710635202D08.root is remote, will do a copy to local path /pool/condor/dir_942/tmp/A5B8942C-5778-BA42-845D-710635202D08-60d0856b5ff121f.root
Time used for transferring the file locally: 3.04 s
Pre-select 0 entries out of 204300 (0.00%)
Selected 0 / 204300 entries from root://cms-xrd-global.cern.ch//store/mc/RunIISummer19UL17NanoAOD/ST_t-channel_top_5f_InclusiveDecays_TuneCP5_13TeV-powheg-pythia8/NANOAODSIM/106X_mc2017_realistic_v6-v1/110000/A5B8942C-5778-BA42-845D-710635202D08.root (0.00%)
Done ./A5B8942C-5778-BA42-845D-710635202D08_skim.root
Total time 4.4 sec. to process 204300 events. Rate = 46736.2 Hz.
>>> getstorage('/eos/user/l/lvigilan/samples/nano/2017/ST_t-channel_top_5f_InclusiveDecays_TuneCP5_13TeV-powheg-pythia8/RunIISummer19UL17NanoAOD-106X_mc2017_realistic_v6-v1/NANOAODSIM'), <EOS("/eos/user/l/lvigilan/samples/nano/2017/ST_t-channel_top_5f_InclusiveDecays_TuneCP5_13TeV-powheg-pythia8/RunIISummer19UL17NanoAOD-106X_mc2017_realistic_v6-v1/NANOAODSIM") at 0x2b8ebc60cf90>
>>> Executing: 'cp ./*_skim.root /eos/user/l/lvigilan/samples/nano/2017/ST_t-channel_top_5f_InclusiveDecays_TuneCP5_13TeV-powheg-pythia8/RunIISummer19UL17NanoAOD-106X_mc2017_realistic_v6-v1/NANOAODSIM'
>>> Removing ./*_skim.root...
>>> skimjob.py done after 6.7 seconds

Job complete at Fri Nov 20 22:09:21 CET 2020
Took 0 minutes 8 seconds040 (1562287.019.000) 11/20 22:09:21 Finished transferring output files
...
005 (1562287.019.000) 11/20 22:09:21 Job terminated.
	(1) Normal termination (return value 0)
		Usr 0 00:00:02, Sys 0 00:00:01  -  Run Remote Usage
		Usr 0 00:00:00, Sys 0 00:00:00  -  Run Local Usage
		Usr 0 00:00:02, Sys 0 00:00:01  -  Total Remote Usage
		Usr 0 00:00:00, Sys 0 00:00:00  -  Total Local Usage
	38772  -  Run Bytes Sent By Job
	9881  -  Run Bytes Received By Job
	38772  -  Total Bytes Sent By Job
	9881  -  Total Bytes Received By Job
	Partitionable Resources :    Usage  Request Allocated 
	   Cpus                 :     0.24        1         1 
	   Disk (KB)            :   108           1    249171 
	   Memory (MB)          :     0        2000      2000 
...
