Could not find platform independent libraries <prefix>
Could not find platform dependent libraries <exec_prefix>
Consider setting $PYTHONHOME to <prefix>[:<exec_prefix>]
ImportError: No module named site
Job start at Fri Nov 20 22:48:09 CET 2020
Running job on machine Linux b7s06n9095.cern.ch 3.10.0-1127.19.1.el7.x86_64 #1 SMP Tue Aug 25 17:23:54 UTC 2020 x86_64 x86_64 x86_64 GNU/Linux, host b7s06n9095.cern.ch
============================================================
$PWD=/pool/condor/dir_30463
$JOBID=1562289
$TASKID=23
$HOSTNAME=b7s06n9095.cern.ch
$TASKCMD=/afs/cern.ch/work/l/lvigilan/TauWork/CMSSW_10_6_17_patch1/src/TauFW/PicoProducer/python/processors/skimjob.py -y 2017 -d 'data' -t _skim --copydir /eos/user/l/lvigilan/samples/nano/2017/SingleElectron/Run2017C-UL2017_02Dec2019-v1/NANOAOD -p --preselect 'HLT_Ele35_WPTight_Gsf_v == 1 && Electron_pt > 35 && Electron_eta < 2.1 && Tau_pt > 20 && Tau_eta < 2.3 && Electron_pfRelIso03_all < 0.5 && Tau_idDeepTau2017v2p1VSmu >= 1 && Tau_idDeepTau2017v2p1VSjet >= 16' -i root://cms-xrd-global.cern.ch//store/data/Run2017C/SingleElectron/NANOAOD/UL2017_02Dec2019-v1/130000/5DF800C4-AF8B-C240-832F-FC0061A9F6EB.root
$WORKDIR=/pool/condor/dir_30463
>>> cd /afs/cern.ch/work/l/lvigilan/TauWork/CMSSW_10_6_17_patch1/src
>>> eval `scramv1 runtime -sh`
>>> cd /pool/condor/dir_30463
$PWD=/pool/condor/dir_30463
>>> /afs/cern.ch/work/l/lvigilan/TauWork/CMSSW_10_6_17_patch1/src/TauFW/PicoProducer/python/processors/skimjob.py -y 2017 -d 'data' -t _skim --copydir /eos/user/l/lvigilan/samples/nano/2017/SingleElectron/Run2017C-UL2017_02Dec2019-v1/NANOAOD -p --preselect 'HLT_Ele35_WPTight_Gsf_v == 1 && Electron_pt > 35 && Electron_eta < 2.1 && Tau_pt > 20 && Tau_eta < 2.3 && Electron_pfRelIso03_all < 0.5 && Tau_idDeepTau2017v2p1VSmu >= 1 && Tau_idDeepTau2017v2p1VSjet >= 16' -i root://cms-xrd-global.cern.ch//store/data/Run2017C/SingleElectron/NANOAOD/UL2017_02Dec2019-v1/130000/5DF800C4-AF8B-C240-832F-FC0061A9F6EB.root
Error in <TGClient::TGClient>: can't open display "localhost:33.0", switching to batch mode...
 In case you run from a remote ssh session, reconnect with ssh -Y
Error in <TTreeFormula::Compile>:  Bad numerical expression : "HLT_Ele35_WPTight_Gsf_v"
Info in <TSelectorDraw::AbortProcess>: Variable compilation failed: {,(HLT_Ele35_WPTight_Gsf_v == 1 && Electron_pt > 35 && Electron_eta < 2.1 && Tau_pt > 20 && Tau_eta < 2.3 && Electron_pfRelIso03_all < 0.5 && Tau_idDeepTau2017v2p1VSmu >= 1 && Tau_idDeepTau2017v2p1VSjet >= 16) && (297050 <= run && run <= 306460)}
TTree::SetBranchStatus:0: RuntimeWarning: No branch name is matching wildcard -> *Dressed*
TTree::SetBranchStatus:0: RuntimeWarning: No branch name is matching wildcard -> *HTXS*
--------------------------------------------------------------------------------
>>> era          = '2017'
>>> year         = 2017
>>> period       = 'C'
>>> dtype        = 'data'
>>> maxevts      = None
>>> tag          = '_skim'
>>> postfix      = '_skim'
>>> outdir       = '.'
>>> outfiles     = './*_skim.root'
>>> copydir      = '/eos/user/l/lvigilan/samples/nano/2017/SingleElectron/Run2017C-UL2017_02Dec2019-v1/NANOAOD'
>>> infiles      = ['root://cms-xrd-global.cern.ch//store/data/Run2017C/SingleElectron/NANOAOD/UL2017_02Dec2019-v1/130000/5DF800C4-AF8B-C240-832F-FC0061A9F6EB.root']
>>> branchsel    = '/afs/cern.ch/work/l/lvigilan/TauWork/CMSSW_10_6_17_patch1/python/TauFW/PicoProducer/processors/keep_and_drop_skim.txt'
>>> json         = '/afs/cern.ch/work/l/lvigilan/TauWork/CMSSW_10_6_17_patch1/src/TauFW/PicoProducer/data/json/2017/Cert_294927-306462_13TeV_PromptReco_Collisions17_JSON.txt'
>>> modules      = []
>>> prefetch     = True
>>> doJEC        = False
>>> doJECSys     = False
>>> cwd          = /pool/condor/dir_30463
>>> preselection = HLT_Ele35_WPTight_Gsf_v == 1 && Electron_pt > 35 && Electron_eta < 2.1 && Tau_pt > 20 && Tau_eta < 2.3 && Electron_pfRelIso03_all < 0.5 && Tau_idDeepTau2017v2p1VSmu >= 1 && Tau_idDeepTau2017v2p1VSjet >= 16
--------------------------------------------------------------------------------
Will write selected trees to .
Filename root://cms-xrd-global.cern.ch//store/data/Run2017C/SingleElectron/NANOAOD/UL2017_02Dec2019-v1/130000/5DF800C4-AF8B-C240-832F-FC0061A9F6EB.root is remote, will do a copy to local path /pool/condor/dir_30463/tmp/5DF800C4-AF8B-C240-832F-FC0061A9F6EB-7722d6fb72cefe54.root
Time used for transferring the file locally: 1621.34 s
Pre-select 0 entries out of 2361515 (0.00%)
Selected 0 / 2361515 entries from root://cms-xrd-global.cern.ch//store/data/Run2017C/SingleElectron/NANOAOD/UL2017_02Dec2019-v1/130000/5DF800C4-AF8B-C240-832F-FC0061A9F6EB.root (0.00%)
Done ./5DF800C4-AF8B-C240-832F-FC0061A9F6EB_skim.root
Total time 1625.8 sec. to process 2361515 events. Rate = 1452.5 Hz.
>>> getstorage('/eos/user/l/lvigilan/samples/nano/2017/SingleElectron/Run2017C-UL2017_02Dec2019-v1/NANOAOD'), <EOS("/eos/user/l/lvigilan/samples/nano/2017/SingleElectron/Run2017C-UL2017_02Dec2019-v1/NANOAOD") at 0x2b2af2035dd0>
>>> Executing: 'cp ./*_skim.root /eos/user/l/lvigilan/samples/nano/2017/SingleElectron/Run2017C-UL2017_02Dec2019-v1/NANOAOD'
>>> Removing ./*_skim.root...
>>> skimjob.py done after 1629.2 seconds

Job complete at Fri Nov 20 23:15:19 CET 2020
Took 27 minutes 10 seconds040 (1562289.023.000) 11/20 23:15:19 Finished transferring output files
...
005 (1562289.023.000) 11/20 23:15:19 Job terminated.
	(1) Normal termination (return value 0)
		Usr 0 00:00:03, Sys 0 00:00:06  -  Run Remote Usage
		Usr 0 00:00:00, Sys 0 00:00:00  -  Run Local Usage
		Usr 0 00:00:03, Sys 0 00:00:06  -  Total Remote Usage
		Usr 0 00:00:00, Sys 0 00:00:00  -  Total Local Usage
	31698  -  Run Bytes Sent By Job
	9881  -  Run Bytes Received By Job
	31698  -  Total Bytes Sent By Job
	9881  -  Total Bytes Received By Job
	Partitionable Resources :    Usage  Request Allocated 
	   Cpus                 :     0.07        1         1 
	   Disk (KB)            :   100           1    212792 
	   Memory (MB)          :   218        2000      2000 
...
