Could not find platform independent libraries <prefix>
Could not find platform dependent libraries <exec_prefix>
Consider setting $PYTHONHOME to <prefix>[:<exec_prefix>]
ImportError: No module named site
Job start at Tue Dec 29 15:18:04 CET 2020
Running job on machine Linux b7g52n6533.cern.ch 3.10.0-1127.19.1.el7.x86_64 #1 SMP Tue Aug 25 17:23:54 UTC 2020 x86_64 x86_64 x86_64 GNU/Linux, host b7g52n6533.cern.ch
============================================================
$PWD=/pool/condor/dir_10734
$JOBID=1631435
$TASKID=1
$HOSTNAME=b7g52n6533.cern.ch
$TASKCMD=/afs/cern.ch/work/l/lvigilan/TauWork/CMSSW_10_6_17_patch1/src/TauFW/PicoProducer/python/processors/picojob.py -y 2016 -d 'mc' -c etau -M ModuleETau --copydir /eos/home-l/lvigilan/output_2017ReReco18/2016/etau/W3JetsToLNu -t _etau_1 --opt 'jec=False' -i root://cms-xrd-global.cern.ch//store/mc/RunIISummer16NanoAODv6/W3JetsToLNu_TuneCUETP8M1_13TeV-madgraphMLM-pythia8/NANOAODSIM/PUMoriond17_Nano25Oct2019_102X_mcRun2_asymptotic_v7-v1/260000/D59CC2FA-F010-FE43-ACDA-7D136AC7F082.root root://cms-xrd-global.cern.ch//store/mc/RunIISummer16NanoAODv6/W3JetsToLNu_TuneCUETP8M1_13TeV-madgraphMLM-pythia8/NANOAODSIM/PUMoriond17_Nano25Oct2019_102X_mcRun2_asymptotic_v7-v1/260000/FC28603A-1D4B-2247-9C0B-9C029FE94565.root root://cms-xrd-global.cern.ch//store/mc/RunIISummer16NanoAODv6/W3JetsToLNu_TuneCUETP8M1_13TeV-madgraphMLM-pythia8/NANOAODSIM/PUMoriond17_Nano25Oct2019_102X_mcRun2_asymptotic_v7-v1/280000/32AA60A5-9490-F745-B0C5-F8E0414BF420.root root://cms-xrd-global.cern.ch//store/mc/RunIISummer16NanoAODv6/W3JetsToLNu_TuneCUETP8M1_13TeV-madgraphMLM-pythia8/NANOAODSIM/PUMoriond17_Nano25Oct2019_102X_mcRun2_asymptotic_v7-v1/280000/38D5BCB9-A059-F648-8876-A7E017DBA41B.root root://cms-xrd-global.cern.ch//store/mc/RunIISummer16NanoAODv6/W3JetsToLNu_TuneCUETP8M1_13TeV-madgraphMLM-pythia8/NANOAODSIM/PUMoriond17_Nano25Oct2019_102X_mcRun2_asymptotic_v7-v1/280000/45AFD1B8-C4B6-BA40-8F73-1AEC44F700CF.root
$WORKDIR=/pool/condor/dir_10734
>>> cd /afs/cern.ch/work/l/lvigilan/TauWork/CMSSW_10_6_17_patch1/src
>>> eval `scramv1 runtime -sh`
>>> cd /pool/condor/dir_10734
$PWD=/pool/condor/dir_10734
>>> /afs/cern.ch/work/l/lvigilan/TauWork/CMSSW_10_6_17_patch1/src/TauFW/PicoProducer/python/processors/picojob.py -y 2016 -d 'mc' -c etau -M ModuleETau --copydir /eos/home-l/lvigilan/output_2017ReReco18/2016/etau/W3JetsToLNu -t _etau_1 --opt 'jec=False' -i root://cms-xrd-global.cern.ch//store/mc/RunIISummer16NanoAODv6/W3JetsToLNu_TuneCUETP8M1_13TeV-madgraphMLM-pythia8/NANOAODSIM/PUMoriond17_Nano25Oct2019_102X_mcRun2_asymptotic_v7-v1/260000/D59CC2FA-F010-FE43-ACDA-7D136AC7F082.root root://cms-xrd-global.cern.ch//store/mc/RunIISummer16NanoAODv6/W3JetsToLNu_TuneCUETP8M1_13TeV-madgraphMLM-pythia8/NANOAODSIM/PUMoriond17_Nano25Oct2019_102X_mcRun2_asymptotic_v7-v1/260000/FC28603A-1D4B-2247-9C0B-9C029FE94565.root root://cms-xrd-global.cern.ch//store/mc/RunIISummer16NanoAODv6/W3JetsToLNu_TuneCUETP8M1_13TeV-madgraphMLM-pythia8/NANOAODSIM/PUMoriond17_Nano25Oct2019_102X_mcRun2_asymptotic_v7-v1/280000/32AA60A5-9490-F745-B0C5-F8E0414BF420.root root://cms-xrd-global.cern.ch//store/mc/RunIISummer16NanoAODv6/W3JetsToLNu_TuneCUETP8M1_13TeV-madgraphMLM-pythia8/NANOAODSIM/PUMoriond17_Nano25Oct2019_102X_mcRun2_asymptotic_v7-v1/280000/38D5BCB9-A059-F648-8876-A7E017DBA41B.root root://cms-xrd-global.cern.ch//store/mc/RunIISummer16NanoAODv6/W3JetsToLNu_TuneCUETP8M1_13TeV-madgraphMLM-pythia8/NANOAODSIM/PUMoriond17_Nano25Oct2019_102X_mcRun2_asymptotic_v7-v1/280000/45AFD1B8-C4B6-BA40-8F73-1AEC44F700CF.root
Error in <TGClient::TGClient>: can't open display "localhost:39.0", switching to batch mode...
 In case you run from a remote ssh session, reconnect with ssh -Y
--------------------------------------------------------------------------------
>>> era          = '2016'
>>> year         = 2016
>>> channel      = 'etau'
>>> modname      = 'ModuleETau'
>>> dtype        = 'mc'
>>> kwargs       = {'dtype': 'mc', 'verb': 0, 'era': '2016', 'jec': False, 'year': 2016}
>>> maxevts      = None
>>> outdir       = '.'
>>> copydir      = '/eos/home-l/lvigilan/output_2017ReReco18/2016/etau/W3JetsToLNu'
>>> infiles      = ['root://cms-xrd-global.cern.ch//store/mc/RunIISummer16NanoAODv6/W3JetsToLNu_TuneCUETP8M1_13TeV-madgraphMLM-pythia8/NANOAODSIM/PUMoriond17_Nano25Oct2019_102X_mcRun2_asymptotic_v7-v1/260000/D59CC2FA-F010-FE43-ACDA-7D136AC7F082.root', 'root://cms-xrd-global.cern.ch//store/mc/RunIISummer16NanoAODv6/W3JetsToLNu_TuneCUETP8M1_13TeV-madgraphMLM-pythia8/NANOAODSIM/PUMoriond17_Nano25Oct2019_102X_mcRun2_asymptotic_v7-v1/260000/FC28603A-1D4B-2247-9C0B-9C029FE94565.root', 'root://cms-xrd-global.cern.ch//store/mc/RunIISummer16NanoAODv6/W3JetsToLNu_TuneCUETP8M1_13TeV-madgraphMLM-pythia8/NANOAODSIM/PUMoriond17_Nano25Oct2019_102X_mcRun2_asymptotic_v7-v1/280000/32AA60A5-9490-F745-B0C5-F8E0414BF420.root', 'root://cms-xrd-global.cern.ch//store/mc/RunIISummer16NanoAODv6/W3JetsToLNu_TuneCUETP8M1_13TeV-madgraphMLM-pythia8/NANOAODSIM/PUMoriond17_Nano25Oct2019_102X_mcRun2_asymptotic_v7-v1/280000/38D5BCB9-A059-F648-8876-A7E017DBA41B.root', 'root://cms-xrd-global.cern.ch//store/mc/RunIISummer16NanoAODv6/W3JetsToLNu_TuneCUETP8M1_13TeV-madgraphMLM-pythia8/NANOAODSIM/PUMoriond17_Nano25Oct2019_102X_mcRun2_asymptotic_v7-v1/280000/45AFD1B8-C4B6-BA40-8F73-1AEC44F700CF.root']
>>> outfname     = './pico_etau_etau_1.root'
>>> branchsel    = '/afs/cern.ch/work/l/lvigilan/TauWork/CMSSW_10_6_17_patch1/python/TauFW/PicoProducer/processors/keep_and_drop_skim.txt'
>>> json         = None
>>> prefetch     = False
>>> cwd          = /pool/condor/dir_10734
--------------------------------------------------------------------------------

   ################
   #  ModuleETau  #
   ################

Loading PileupWeightTool for '/afs/cern.ch/work/l/lvigilan/TauWork/CMSSW_10_6_17_patch1/src/TauFW/PicoProducer/data/pileup/Data_PileUp_2016_69p2.root' and '/afs/cern.ch/work/l/lvigilan/TauWork/CMSSW_10_6_17_patch1/src/TauFW/PicoProducer/data/pileup/MC_PileUp_2016_Moriond17.root'
Loading BTagWeightTool for DeepCSV (medium WP)...
>>> BTagTool: [1m[33mWarning! [0m[33mHistogram 'etau/eff_DeepCSV_udsg_medium' does not exist in /afs/cern.ch/work/l/lvigilan/TauWork/CMSSW_10_6_17_patch1/src/TauFW/PicoProducer/data/btag/DeepCSV_2016_Moriond17_eff.root! Reverting to default efficiency histogram...[0m
>>> BTagTool: [1m[33mWarning! [0m[33mHistogram 'etau/eff_DeepCSV_c_medium' does not exist in /afs/cern.ch/work/l/lvigilan/TauWork/CMSSW_10_6_17_patch1/src/TauFW/PicoProducer/data/btag/DeepCSV_2016_Moriond17_eff.root! Reverting to default efficiency histogram...[0m
>>> BTagTool: [1m[33mWarning! [0m[33mHistogram 'etau/eff_DeepCSV_b_medium' does not exist in /afs/cern.ch/work/l/lvigilan/TauWork/CMSSW_10_6_17_patch1/src/TauFW/PicoProducer/data/btag/DeepCSV_2016_Moriond17_eff.root! Reverting to default efficiency histogram...[0m
>>> BTagTool: [1m[33mWarning! [0m[33mMade use of default efficiency histograms! The b tag weights from this module should be regarded as placeholders only,
and should NOT be used for analyses. B (mis)tag efficiencies in MC are analysis dependent. Please create your own
efficiency histogram with data/btag/getBTagEfficiencies.py after running all MC samples with BTagWeightTool.[0m
Loading TreeProducerETau for './pico_etau_etau_1.root'
--------------------------------------------------------------------------------
>>> filename     = './pico_etau_etau_1.root'
>>> year         = 2016
>>> dtype        = 'mc'
>>> channel      = 'etau'
>>> ismc         = True
>>> isdata       = False
>>> isembed      = False
>>> tes          = None
>>> tessys       = None
>>> ltf          = 1.0
>>> jtf          = 1.0
>>> dotoppt      = False
>>> dozpt        = False
>>> dojec        = False
>>> dojecsys     = False
>>> dotight      = False
>>> jetCutPt     = 30
>>> bjetCutEta   = 2.7
>>> tauwp        = 0
>>> eleCutPt     = 26
>>> eleCutEta    = 2.1
>>> tauCutPt     = 20
>>> tauCutEta    = 2.3
Pre-select 1223898 entries out of 1223898 (100.00%)
Processed    10000/ 1223898 entries,  0.82% (elapsed time    26.3s, curr speed    0.380 kHz, avg speed    0.380 kHz), accepted        4/   10001 events ( 0.04%)
Processed    20000/ 1223898 entries,  1.63% (elapsed time    56.8s, curr speed    0.328 kHz, avg speed    0.352 kHz), accepted       14/   20001 events ( 0.07%)
Processed    30000/ 1223898 entries,  2.45% (elapsed time    79.4s, curr speed    0.443 kHz, avg speed    0.378 kHz), accepted       25/   30001 events ( 0.08%)
Processed    40000/ 1223898 entries,  3.27% (elapsed time    99.7s, curr speed    0.493 kHz, avg speed    0.401 kHz), accepted       32/   40001 events ( 0.08%)
Processed    50000/ 1223898 entries,  4.09% (elapsed time   126.8s, curr speed    0.368 kHz, avg speed    0.394 kHz), accepted       35/   50001 events ( 0.07%)
Processed    60000/ 1223898 entries,  4.90% (elapsed time   147.4s, curr speed    0.487 kHz, avg speed    0.407 kHz), accepted       38/   60001 events ( 0.06%)
Processed    70000/ 1223898 entries,  5.72% (elapsed time   170.7s, curr speed    0.428 kHz, avg speed    0.410 kHz), accepted       47/   70001 events ( 0.07%)
Processed    80000/ 1223898 entries,  6.54% (elapsed time   197.9s, curr speed    0.367 kHz, avg speed    0.404 kHz), accepted       55/   80001 events ( 0.07%)
Processed    90000/ 1223898 entries,  7.35% (elapsed time   217.5s, curr speed    0.511 kHz, avg speed    0.414 kHz), accepted       58/   90001 events ( 0.06%)
Processed   100000/ 1223898 entries,  8.17% (elapsed time   237.4s, curr speed    0.502 kHz, avg speed    0.421 kHz), accepted       63/  100001 events ( 0.06%)
Processed   110000/ 1223898 entries,  8.99% (elapsed time   267.0s, curr speed    0.338 kHz, avg speed    0.412 kHz), accepted       70/  110001 events ( 0.06%)
Processed   120000/ 1223898 entries,  9.80% (elapsed time   286.3s, curr speed    0.518 kHz, avg speed    0.419 kHz), accepted       77/  120001 events ( 0.06%)
Processed   130000/ 1223898 entries, 10.62% (elapsed time   309.7s, curr speed    0.427 kHz, avg speed    0.420 kHz), accepted       81/  130001 events ( 0.06%)
Processed   140000/ 1223898 entries, 11.44% (elapsed time   337.2s, curr speed    0.364 kHz, avg speed    0.415 kHz), accepted       88/  140001 events ( 0.06%)
Processed   150000/ 1223898 entries, 12.26% (elapsed time   372.7s, curr speed    0.282 kHz, avg speed    0.402 kHz), accepted       98/  150001 events ( 0.07%)
Processed   160000/ 1223898 entries, 13.07% (elapsed time   386.0s, curr speed    0.751 kHz, avg speed    0.414 kHz), accepted      108/  160001 events ( 0.07%)
Processed   170000/ 1223898 entries, 13.89% (elapsed time   405.1s, curr speed    0.524 kHz, avg speed    0.420 kHz), accepted      110/  170001 events ( 0.06%)
Processed   180000/ 1223898 entries, 14.71% (elapsed time   424.2s, curr speed    0.522 kHz, avg speed    0.424 kHz), accepted      115/  180001 events ( 0.06%)
Processed   190000/ 1223898 entries, 15.52% (elapsed time   445.1s, curr speed    0.478 kHz, avg speed    0.427 kHz), accepted      124/  190001 events ( 0.07%)
Processed   200000/ 1223898 entries, 16.34% (elapsed time   473.2s, curr speed    0.356 kHz, avg speed    0.423 kHz), accepted      133/  200001 events ( 0.07%)
Processed   210000/ 1223898 entries, 17.16% (elapsed time   492.8s, curr speed    0.512 kHz, avg speed    0.426 kHz), accepted      137/  210001 events ( 0.07%)
Processed   220000/ 1223898 entries, 17.98% (elapsed time   513.0s, curr speed    0.495 kHz, avg speed    0.429 kHz), accepted      142/  220001 events ( 0.06%)
Processed   230000/ 1223898 entries, 18.79% (elapsed time   542.5s, curr speed    0.338 kHz, avg speed    0.424 kHz), accepted      149/  230001 events ( 0.06%)
Processed   240000/ 1223898 entries, 19.61% (elapsed time   568.6s, curr speed    0.383 kHz, avg speed    0.422 kHz), accepted      153/  240001 events ( 0.06%)
Processed   250000/ 1223898 entries, 20.43% (elapsed time   585.1s, curr speed    0.609 kHz, avg speed    0.427 kHz), accepted      159/  250001 events ( 0.06%)
Processed   260000/ 1223898 entries, 21.24% (elapsed time   624.9s, curr speed    0.251 kHz, avg speed    0.416 kHz), accepted      167/  260001 events ( 0.06%)
Processed   270000/ 1223898 entries, 22.06% (elapsed time   651.3s, curr speed    0.378 kHz, avg speed    0.415 kHz), accepted      176/  270001 events ( 0.07%)
Processed   280000/ 1223898 entries, 22.88% (elapsed time   665.4s, curr speed    0.711 kHz, avg speed    0.421 kHz), accepted      180/  280001 events ( 0.06%)
Processed   290000/ 1223898 entries, 23.69% (elapsed time   692.7s, curr speed    0.367 kHz, avg speed    0.419 kHz), accepted      185/  290001 events ( 0.06%)
Processed   300000/ 1223898 entries, 24.51% (elapsed time   718.2s, curr speed    0.392 kHz, avg speed    0.418 kHz), accepted      192/  300001 events ( 0.06%)
Processed   310000/ 1223898 entries, 25.33% (elapsed time   732.2s, curr speed    0.715 kHz, avg speed    0.423 kHz), accepted      200/  310001 events ( 0.06%)
Processed   320000/ 1223898 entries, 26.15% (elapsed time   758.1s, curr speed    0.385 kHz, avg speed    0.422 kHz), accepted      208/  320001 events ( 0.06%)
Processed   330000/ 1223898 entries, 26.96% (elapsed time   784.5s, curr speed    0.379 kHz, avg speed    0.421 kHz), accepted      214/  330001 events ( 0.06%)
Processed   340000/ 1223898 entries, 27.78% (elapsed time   801.4s, curr speed    0.593 kHz, avg speed    0.424 kHz), accepted      219/  340001 events ( 0.06%)
Processed   350000/ 1223898 entries, 28.60% (elapsed time   829.2s, curr speed    0.359 kHz, avg speed    0.422 kHz), accepted      229/  350001 events ( 0.07%)
Processed   360000/ 1223898 entries, 29.41% (elapsed time   854.4s, curr speed    0.397 kHz, avg speed    0.421 kHz), accepted      235/  360001 events ( 0.07%)
Processed   370000/ 1223898 entries, 30.23% (elapsed time   868.9s, curr speed    0.694 kHz, avg speed    0.426 kHz), accepted      242/  370001 events ( 0.07%)
Processed   380000/ 1223898 entries, 31.05% (elapsed time   897.4s, curr speed    0.351 kHz, avg speed    0.423 kHz), accepted      249/  380001 events ( 0.07%)
Processed   390000/ 1223898 entries, 31.87% (elapsed time   924.0s, curr speed    0.376 kHz, avg speed    0.422 kHz), accepted      254/  390001 events ( 0.07%)
Processed   400000/ 1223898 entries, 32.68% (elapsed time   941.2s, curr speed    0.580 kHz, avg speed    0.425 kHz), accepted      259/  400001 events ( 0.06%)
Processed   410000/ 1223898 entries, 33.50% (elapsed time   970.9s, curr speed    0.337 kHz, avg speed    0.422 kHz), accepted      263/  410001 events ( 0.06%)
Processed   420000/ 1223898 entries, 34.32% (elapsed time   994.3s, curr speed    0.427 kHz, avg speed    0.422 kHz), accepted      270/  420001 events ( 0.06%)
Processed   430000/ 1223898 entries, 35.13% (elapsed time  1027.8s, curr speed    0.298 kHz, avg speed    0.418 kHz), accepted      278/  430001 events ( 0.06%)
Processed   440000/ 1223898 entries, 35.95% (elapsed time  1069.2s, curr speed    0.242 kHz, avg speed    0.412 kHz), accepted      283/  440001 events ( 0.06%)
Processed   450000/ 1223898 entries, 36.77% (elapsed time  1096.3s, curr speed    0.369 kHz, avg speed    0.410 kHz), accepted      290/  450001 events ( 0.06%)
Processed   460000/ 1223898 entries, 37.58% (elapsed time  1112.3s, curr speed    0.625 kHz, avg speed    0.414 kHz), accepted      293/  460001 events ( 0.06%)
Processed   470000/ 1223898 entries, 38.40% (elapsed time  1140.4s, curr speed    0.356 kHz, avg speed    0.412 kHz), accepted      297/  470001 events ( 0.06%)
Processed   480000/ 1223898 entries, 39.22% (elapsed time  1170.8s, curr speed    0.328 kHz, avg speed    0.410 kHz), accepted      306/  480001 events ( 0.06%)
Processed   490000/ 1223898 entries, 40.04% (elapsed time  1186.8s, curr speed    0.628 kHz, avg speed    0.413 kHz), accepted      310/  490001 events ( 0.06%)
Processed   500000/ 1223898 entries, 40.85% (elapsed time  1207.5s, curr speed    0.483 kHz, avg speed    0.414 kHz), accepted      316/  500001 events ( 0.06%)
Processed   510000/ 1223898 entries, 41.67% (elapsed time  1244.1s, curr speed    0.273 kHz, avg speed    0.410 kHz), accepted      322/  510001 events ( 0.06%)
Processed   520000/ 1223898 entries, 42.49% (elapsed time  1267.4s, curr speed    0.430 kHz, avg speed    0.410 kHz), accepted      324/  520001 events ( 0.06%)
Processed   530000/ 1223898 entries, 43.30% (elapsed time  1288.0s, curr speed    0.486 kHz, avg speed    0.411 kHz), accepted      331/  530001 events ( 0.06%)
Processed   540000/ 1223898 entries, 44.12% (elapsed time  1315.7s, curr speed    0.361 kHz, avg speed    0.410 kHz), accepted      337/  540001 events ( 0.06%)
Processed   550000/ 1223898 entries, 44.94% (elapsed time  1334.7s, curr speed    0.526 kHz, avg speed    0.412 kHz), accepted      341/  550001 events ( 0.06%)
Processed   560000/ 1223898 entries, 45.76% (elapsed time  1358.4s, curr speed    0.421 kHz, avg speed    0.412 kHz), accepted      348/  560001 events ( 0.06%)
Processed   570000/ 1223898 entries, 46.57% (elapsed time  1386.9s, curr speed    0.352 kHz, avg speed    0.411 kHz), accepted      357/  570001 events ( 0.06%)
Processed   580000/ 1223898 entries, 47.39% (elapsed time  1416.9s, curr speed    0.333 kHz, avg speed    0.409 kHz), accepted      367/  580001 events ( 0.06%)
Processed   590000/ 1223898 entries, 48.21% (elapsed time  1431.1s, curr speed    0.701 kHz, avg speed    0.412 kHz), accepted      371/  590001 events ( 0.06%)
Processed   600000/ 1223898 entries, 49.02% (elapsed time  1444.2s, curr speed    0.766 kHz, avg speed    0.415 kHz), accepted      371/  600001 events ( 0.06%)
Processed   610000/ 1223898 entries, 49.84% (elapsed time  1471.8s, curr speed    0.362 kHz, avg speed    0.414 kHz), accepted      379/  610001 events ( 0.06%)
Processed   620000/ 1223898 entries, 50.66% (elapsed time  1492.0s, curr speed    0.496 kHz, avg speed    0.416 kHz), accepted      390/  620001 events ( 0.06%)
Processed   630000/ 1223898 entries, 51.47% (elapsed time  1513.1s, curr speed    0.472 kHz, avg speed    0.416 kHz), accepted      392/  630001 events ( 0.06%)
Processed   640000/ 1223898 entries, 52.29% (elapsed time  1546.5s, curr speed    0.300 kHz, avg speed    0.414 kHz), accepted      400/  640001 events ( 0.06%)
Processed   650000/ 1223898 entries, 53.11% (elapsed time  1561.2s, curr speed    0.678 kHz, avg speed    0.416 kHz), accepted      410/  650001 events ( 0.06%)
Processed   660000/ 1223898 entries, 53.93% (elapsed time  1590.4s, curr speed    0.343 kHz, avg speed    0.415 kHz), accepted      420/  660001 events ( 0.06%)
Processed   670000/ 1223898 entries, 54.74% (elapsed time  1610.9s, curr speed    0.487 kHz, avg speed    0.416 kHz), accepted      426/  670001 events ( 0.06%)
Processed   680000/ 1223898 entries, 55.56% (elapsed time  1631.9s, curr speed    0.476 kHz, avg speed    0.417 kHz), accepted      434/  680001 events ( 0.06%)
Processed   690000/ 1223898 entries, 56.38% (elapsed time  1652.3s, curr speed    0.489 kHz, avg speed    0.418 kHz), accepted      440/  690001 events ( 0.06%)
Processed   700000/ 1223898 entries, 57.19% (elapsed time  1683.5s, curr speed    0.321 kHz, avg speed    0.416 kHz), accepted      445/  700001 events ( 0.06%)
Processed   710000/ 1223898 entries, 58.01% (elapsed time  1708.5s, curr speed    0.400 kHz, avg speed    0.416 kHz), accepted      455/  710001 events ( 0.06%)
Processed   720000/ 1223898 entries, 58.83% (elapsed time  1736.9s, curr speed    0.351 kHz, avg speed    0.415 kHz), accepted      461/  720001 events ( 0.06%)
Processed   730000/ 1223898 entries, 59.65% (elapsed time  1756.4s, curr speed    0.514 kHz, avg speed    0.416 kHz), accepted      464/  730001 events ( 0.06%)
Processed   740000/ 1223898 entries, 60.46% (elapsed time  1777.1s, curr speed    0.483 kHz, avg speed    0.416 kHz), accepted      471/  740001 events ( 0.06%)
Processed   750000/ 1223898 entries, 61.28% (elapsed time  1804.3s, curr speed    0.368 kHz, avg speed    0.416 kHz), accepted      478/  750001 events ( 0.06%)
Processed   760000/ 1223898 entries, 62.10% (elapsed time  1831.4s, curr speed    0.369 kHz, avg speed    0.415 kHz), accepted      485/  760001 events ( 0.06%)
Processed   770000/ 1223898 entries, 62.91% (elapsed time  1846.4s, curr speed    0.665 kHz, avg speed    0.417 kHz), accepted      488/  770001 events ( 0.06%)
Processed   780000/ 1223898 entries, 63.73% (elapsed time  1875.5s, curr speed    0.343 kHz, avg speed    0.416 kHz), accepted      495/  780001 events ( 0.06%)
Processed   790000/ 1223898 entries, 64.55% (elapsed time  1902.1s, curr speed    0.376 kHz, avg speed    0.415 kHz), accepted      498/  790001 events ( 0.06%)
Processed   800000/ 1223898 entries, 65.36% (elapsed time  1921.7s, curr speed    0.512 kHz, avg speed    0.416 kHz), accepted      507/  800001 events ( 0.06%)
Processed   810000/ 1223898 entries, 66.18% (elapsed time  1947.1s, curr speed    0.394 kHz, avg speed    0.416 kHz), accepted      513/  810001 events ( 0.06%)
Processed   820000/ 1223898 entries, 67.00% (elapsed time  1966.7s, curr speed    0.510 kHz, avg speed    0.417 kHz), accepted      522/  820001 events ( 0.06%)
Processed   830000/ 1223898 entries, 67.82% (elapsed time  1989.5s, curr speed    0.439 kHz, avg speed    0.417 kHz), accepted      532/  830001 events ( 0.06%)
Processed   840000/ 1223898 entries, 68.63% (elapsed time  2016.1s, curr speed    0.376 kHz, avg speed    0.417 kHz), accepted      536/  840001 events ( 0.06%)
Processed   850000/ 1223898 entries, 69.45% (elapsed time  2035.6s, curr speed    0.512 kHz, avg speed    0.418 kHz), accepted      541/  850001 events ( 0.06%)
Processed   860000/ 1223898 entries, 70.27% (elapsed time  2056.6s, curr speed    0.477 kHz, avg speed    0.418 kHz), accepted      544/  860001 events ( 0.06%)
Processed   870000/ 1223898 entries, 71.08% (elapsed time  2082.1s, curr speed    0.392 kHz, avg speed    0.418 kHz), accepted      549/  870001 events ( 0.06%)
Processed   880000/ 1223898 entries, 71.90% (elapsed time  2112.9s, curr speed    0.325 kHz, avg speed    0.416 kHz), accepted      554/  880001 events ( 0.06%)
Processed   890000/ 1223898 entries, 72.72% (elapsed time  2141.5s, curr speed    0.350 kHz, avg speed    0.416 kHz), accepted      558/  890001 events ( 0.06%)
Processed   900000/ 1223898 entries, 73.54% (elapsed time  2161.9s, curr speed    0.490 kHz, avg speed    0.416 kHz), accepted      564/  900001 events ( 0.06%)
Processed   910000/ 1223898 entries, 74.35% (elapsed time  2196.2s, curr speed    0.292 kHz, avg speed    0.414 kHz), accepted      571/  910001 events ( 0.06%)
Processed   920000/ 1223898 entries, 75.17% (elapsed time  2214.9s, curr speed    0.534 kHz, avg speed    0.415 kHz), accepted      578/  920001 events ( 0.06%)
Processed   930000/ 1223898 entries, 75.99% (elapsed time  2239.2s, curr speed    0.412 kHz, avg speed    0.415 kHz), accepted      581/  930001 events ( 0.06%)
Processed   940000/ 1223898 entries, 76.80% (elapsed time  2265.5s, curr speed    0.380 kHz, avg speed    0.415 kHz), accepted      585/  940001 events ( 0.06%)
Processed   950000/ 1223898 entries, 77.62% (elapsed time  2282.1s, curr speed    0.603 kHz, avg speed    0.416 kHz), accepted      590/  950001 events ( 0.06%)
Processed   960000/ 1223898 entries, 78.44% (elapsed time  2309.2s, curr speed    0.369 kHz, avg speed    0.416 kHz), accepted      598/  960001 events ( 0.06%)
Processed   970000/ 1223898 entries, 79.25% (elapsed time  2336.8s, curr speed    0.363 kHz, avg speed    0.415 kHz), accepted      604/  970001 events ( 0.06%)
Processed   980000/ 1223898 entries, 80.07% (elapsed time  2354.7s, curr speed    0.558 kHz, avg speed    0.416 kHz), accepted      607/  980001 events ( 0.06%)
Processed   990000/ 1223898 entries, 80.89% (elapsed time  2380.5s, curr speed    0.387 kHz, avg speed    0.416 kHz), accepted      612/  990001 events ( 0.06%)
Processed  1000000/ 1223898 entries, 81.71% (elapsed time  2413.5s, curr speed    0.303 kHz, avg speed    0.414 kHz), accepted      623/ 1000001 events ( 0.06%)
Processed  1010000/ 1223898 entries, 82.52% (elapsed time  2433.5s, curr speed    0.498 kHz, avg speed    0.415 kHz), accepted      627/ 1010001 events ( 0.06%)
Processed  1020000/ 1223898 entries, 83.34% (elapsed time  2454.6s, curr speed    0.475 kHz, avg speed    0.416 kHz), accepted      634/ 1020001 events ( 0.06%)
Processed  1030000/ 1223898 entries, 84.16% (elapsed time  2467.8s, curr speed    0.758 kHz, avg speed    0.417 kHz), accepted      634/ 1030001 events ( 0.06%)
Processed  1040000/ 1223898 entries, 84.97% (elapsed time  2490.7s, curr speed    0.436 kHz, avg speed    0.418 kHz), accepted      637/ 1040001 events ( 0.06%)
Processed  1050000/ 1223898 entries, 85.79% (elapsed time  2514.7s, curr speed    0.417 kHz, avg speed    0.418 kHz), accepted      644/ 1050001 events ( 0.06%)
Processed  1060000/ 1223898 entries, 86.61% (elapsed time  2544.0s, curr speed    0.341 kHz, avg speed    0.417 kHz), accepted      652/ 1060001 events ( 0.06%)
Processed  1070000/ 1223898 entries, 87.43% (elapsed time  2563.9s, curr speed    0.502 kHz, avg speed    0.417 kHz), accepted      660/ 1070001 events ( 0.06%)
Processed  1080000/ 1223898 entries, 88.24% (elapsed time  2584.4s, curr speed    0.488 kHz, avg speed    0.418 kHz), accepted      666/ 1080001 events ( 0.06%)
Processed  1090000/ 1223898 entries, 89.06% (elapsed time  2604.0s, curr speed    0.509 kHz, avg speed    0.419 kHz), accepted      673/ 1090001 events ( 0.06%)
Processed  1100000/ 1223898 entries, 89.88% (elapsed time  2635.1s, curr speed    0.322 kHz, avg speed    0.417 kHz), accepted      685/ 1100001 events ( 0.06%)
Processed  1110000/ 1223898 entries, 90.69% (elapsed time  2655.9s, curr speed    0.482 kHz, avg speed    0.418 kHz), accepted      694/ 1110001 events ( 0.06%)
Processed  1120000/ 1223898 entries, 91.51% (elapsed time  2685.2s, curr speed    0.341 kHz, avg speed    0.417 kHz), accepted      698/ 1120001 events ( 0.06%)
Processed  1130000/ 1223898 entries, 92.33% (elapsed time  2713.3s, curr speed    0.356 kHz, avg speed    0.416 kHz), accepted      702/ 1130001 events ( 0.06%)
Processed  1140000/ 1223898 entries, 93.15% (elapsed time  2727.2s, curr speed    0.721 kHz, avg speed    0.418 kHz), accepted      710/ 1140001 events ( 0.06%)
Processed  1150000/ 1223898 entries, 93.96% (elapsed time  2756.5s, curr speed    0.340 kHz, avg speed    0.417 kHz), accepted      715/ 1150001 events ( 0.06%)
Processed  1160000/ 1223898 entries, 94.78% (elapsed time  2803.5s, curr speed    0.213 kHz, avg speed    0.414 kHz), accepted      719/ 1160001 events ( 0.06%)
Processed  1170000/ 1223898 entries, 95.60% (elapsed time  2825.5s, curr speed    0.453 kHz, avg speed    0.414 kHz), accepted      726/ 1170001 events ( 0.06%)
Processed  1180000/ 1223898 entries, 96.41% (elapsed time  2849.7s, curr speed    0.413 kHz, avg speed    0.414 kHz), accepted      734/ 1180001 events ( 0.06%)
Processed  1190000/ 1223898 entries, 97.23% (elapsed time  2892.0s, curr speed    0.237 kHz, avg speed    0.411 kHz), accepted      743/ 1190001 events ( 0.06%)
Processed  1200000/ 1223898 entries, 98.05% (elapsed time  2907.6s, curr speed    0.641 kHz, avg speed    0.413 kHz), accepted      749/ 1200001 events ( 0.06%)
Processed  1210000/ 1223898 entries, 98.86% (elapsed time  2945.8s, curr speed    0.262 kHz, avg speed    0.411 kHz), accepted      758/ 1210001 events ( 0.06%)
Processed  1220000/ 1223898 entries, 99.68% (elapsed time  2972.3s, curr speed    0.377 kHz, avg speed    0.410 kHz), accepted      761/ 1220001 events ( 0.06%)
Processed 1223898 preselected entries from root://cms-xrd-global.cern.ch//store/mc/RunIISummer16NanoAODv6/W3JetsToLNu_TuneCUETP8M1_13TeV-madgraphMLM-pythia8/NANOAODSIM/PUMoriond17_Nano25Oct2019_102X_mcRun2_asymptotic_v7-v1/260000/D59CC2FA-F010-FE43-ACDA-7D136AC7F082.root (1223898 entries). Finally selected 762 entries
Pre-select 1943538 entries out of 1943538 (100.00%)
Processed    10000/ 1943538 entries,  0.51% (elapsed time    44.5s, curr speed    0.225 kHz, avg speed    0.225 kHz), accepted        2/   10001 events ( 0.02%)
Processed    20000/ 1943538 entries,  1.03% (elapsed time   112.6s, curr speed    0.147 kHz, avg speed    0.178 kHz), accepted        8/   20001 events ( 0.04%)
Processed    30000/ 1943538 entries,  1.54% (elapsed time   164.4s, curr speed    0.193 kHz, avg speed    0.182 kHz), accepted       14/   30001 events ( 0.05%)
Processed    40000/ 1943538 entries,  2.06% (elapsed time   212.8s, curr speed    0.207 kHz, avg speed    0.188 kHz), accepted       20/   40001 events ( 0.05%)
Processed    50000/ 1943538 entries,  2.57% (elapsed time   283.6s, curr speed    0.141 kHz, avg speed    0.176 kHz), accepted       26/   50001 events ( 0.05%)
Processed    60000/ 1943538 entries,  3.09% (elapsed time   345.5s, curr speed    0.161 kHz, avg speed    0.174 kHz), accepted       32/   60001 events ( 0.05%)
Processed    70000/ 1943538 entries,  3.60% (elapsed time   378.7s, curr speed    0.302 kHz, avg speed    0.185 kHz), accepted       41/   70001 events ( 0.06%)
Processed    80000/ 1943538 entries,  4.12% (elapsed time   449.5s, curr speed    0.141 kHz, avg speed    0.178 kHz), accepted       49/   80001 events ( 0.06%)
Processed    90000/ 1943538 entries,  4.63% (elapsed time   515.5s, curr speed    0.151 kHz, avg speed    0.175 kHz), accepted       55/   90001 events ( 0.06%)
Processed   100000/ 1943538 entries,  5.15% (elapsed time   549.6s, curr speed    0.293 kHz, avg speed    0.182 kHz), accepted       63/  100001 events ( 0.06%)
Processed   110000/ 1943538 entries,  5.66% (elapsed time   613.6s, curr speed    0.156 kHz, avg speed    0.179 kHz), accepted       69/  110001 events ( 0.06%)
Processed   120000/ 1943538 entries,  6.17% (elapsed time   675.7s, curr speed    0.161 kHz, avg speed    0.178 kHz), accepted       78/  120001 events ( 0.06%)
Processed   130000/ 1943538 entries,  6.69% (elapsed time   731.9s, curr speed    0.178 kHz, avg speed    0.178 kHz), accepted       81/  130001 events ( 0.06%)
Processed   140000/ 1943538 entries,  7.20% (elapsed time   788.5s, curr speed    0.177 kHz, avg speed    0.178 kHz), accepted       87/  140001 events ( 0.06%)
Processed   150000/ 1943538 entries,  7.72% (elapsed time   854.9s, curr speed    0.150 kHz, avg speed    0.175 kHz), accepted       94/  150001 events ( 0.06%)
Processed   160000/ 1943538 entries,  8.23% (elapsed time   901.5s, curr speed    0.215 kHz, avg speed    0.177 kHz), accepted       99/  160001 events ( 0.06%)
Processed   170000/ 1943538 entries,  8.75% (elapsed time   949.7s, curr speed    0.207 kHz, avg speed    0.179 kHz), accepted      105/  170001 events ( 0.06%)
Processed   180000/ 1943538 entries,  9.26% (elapsed time  1015.6s, curr speed    0.152 kHz, avg speed    0.177 kHz), accepted      110/  180001 events ( 0.06%)
Processed   190000/ 1943538 entries,  9.78% (elapsed time  1061.6s, curr speed    0.217 kHz, avg speed    0.179 kHz), accepted      114/  190001 events ( 0.06%)
Processed   200000/ 1943538 entries, 10.29% (elapsed time  1117.7s, curr speed    0.178 kHz, avg speed    0.179 kHz), accepted      122/  200001 events ( 0.06%)
Processed   210000/ 1943538 entries, 10.81% (elapsed time  1180.2s, curr speed    0.160 kHz, avg speed    0.178 kHz), accepted      126/  210001 events ( 0.06%)
Processed   220000/ 1943538 entries, 11.32% (elapsed time  1226.2s, curr speed    0.218 kHz, avg speed    0.179 kHz), accepted      130/  220001 events ( 0.06%)
Processed   230000/ 1943538 entries, 11.83% (elapsed time  1279.2s, curr speed    0.189 kHz, avg speed    0.180 kHz), accepted      136/  230001 events ( 0.06%)
Processed   240000/ 1943538 entries, 12.35% (elapsed time  1339.7s, curr speed    0.165 kHz, avg speed    0.179 kHz), accepted      142/  240001 events ( 0.06%)
Processed   250000/ 1943538 entries, 12.86% (elapsed time  1401.6s, curr speed    0.161 kHz, avg speed    0.178 kHz), accepted      147/  250001 events ( 0.06%)
Processed   260000/ 1943538 entries, 13.38% (elapsed time  1439.5s, curr speed    0.264 kHz, avg speed    0.181 kHz), accepted      153/  260001 events ( 0.06%)
Processed   270000/ 1943538 entries, 13.89% (elapsed time  1504.2s, curr speed    0.155 kHz, avg speed    0.179 kHz), accepted      163/  270001 events ( 0.06%)
Processed   280000/ 1943538 entries, 14.41% (elapsed time  1573.8s, curr speed    0.144 kHz, avg speed    0.178 kHz), accepted      170/  280001 events ( 0.06%)
Processed   290000/ 1943538 entries, 14.92% (elapsed time  1641.0s, curr speed    0.149 kHz, avg speed    0.177 kHz), accepted      180/  290001 events ( 0.06%)
Processed   300000/ 1943538 entries, 15.44% (elapsed time  1689.6s, curr speed    0.206 kHz, avg speed    0.178 kHz), accepted      183/  300001 events ( 0.06%)
Processed   310000/ 1943538 entries, 15.95% (elapsed time  1755.8s, curr speed    0.151 kHz, avg speed    0.177 kHz), accepted      190/  310001 events ( 0.06%)
Processed   320000/ 1943538 entries, 16.46% (elapsed time  1802.2s, curr speed    0.215 kHz, avg speed    0.178 kHz), accepted      194/  320001 events ( 0.06%)
Processed   330000/ 1943538 entries, 16.98% (elapsed time  1850.2s, curr speed    0.209 kHz, avg speed    0.178 kHz), accepted      201/  330001 events ( 0.06%)
Processed   340000/ 1943538 entries, 17.49% (elapsed time  1915.4s, curr speed    0.153 kHz, avg speed    0.178 kHz), accepted      206/  340001 events ( 0.06%)
Processed   350000/ 1943538 entries, 18.01% (elapsed time  1961.6s, curr speed    0.217 kHz, avg speed    0.178 kHz), accepted      211/  350001 events ( 0.06%)
Processed   360000/ 1943538 entries, 18.52% (elapsed time  1995.3s, curr speed    0.297 kHz, avg speed    0.180 kHz), accepted      214/  360001 events ( 0.06%)
Processed   370000/ 1943538 entries, 19.04% (elapsed time  2066.2s, curr speed    0.141 kHz, avg speed    0.179 kHz), accepted      219/  370001 events ( 0.06%)
Processed   380000/ 1943538 entries, 19.55% (elapsed time  2129.0s, curr speed    0.159 kHz, avg speed    0.178 kHz), accepted      226/  380001 events ( 0.06%)
Processed   390000/ 1943538 entries, 20.07% (elapsed time  2164.5s, curr speed    0.282 kHz, avg speed    0.180 kHz), accepted      229/  390001 events ( 0.06%)
Processed   400000/ 1943538 entries, 20.58% (elapsed time  2231.1s, curr speed    0.150 kHz, avg speed    0.179 kHz), accepted      233/  400001 events ( 0.06%)
Processed   410000/ 1943538 entries, 21.10% (elapsed time  2285.4s, curr speed    0.184 kHz, avg speed    0.179 kHz), accepted      235/  410001 events ( 0.06%)
Processed   420000/ 1943538 entries, 21.61% (elapsed time  2331.2s, curr speed    0.218 kHz, avg speed    0.180 kHz), accepted      240/  420001 events ( 0.06%)
Processed   430000/ 1943538 entries, 22.12% (elapsed time  2387.5s, curr speed    0.178 kHz, avg speed    0.180 kHz), accepted      246/  430001 events ( 0.06%)
Processed   440000/ 1943538 entries, 22.64% (elapsed time  2463.1s, curr speed    0.132 kHz, avg speed    0.179 kHz), accepted      256/  440001 events ( 0.06%)
Processed   450000/ 1943538 entries, 23.15% (elapsed time  2510.8s, curr speed    0.210 kHz, avg speed    0.179 kHz), accepted      262/  450001 events ( 0.06%)
Processed   460000/ 1943538 entries, 23.67% (elapsed time  2576.5s, curr speed    0.152 kHz, avg speed    0.179 kHz), accepted      272/  460001 events ( 0.06%)
Processed   470000/ 1943538 entries, 24.18% (elapsed time  2642.5s, curr speed    0.152 kHz, avg speed    0.178 kHz), accepted      279/  470001 events ( 0.06%)
Processed   480000/ 1943538 entries, 24.70% (elapsed time  2705.1s, curr speed    0.160 kHz, avg speed    0.177 kHz), accepted      282/  480001 events ( 0.06%)
Processed   490000/ 1943538 entries, 25.21% (elapsed time  2739.9s, curr speed    0.287 kHz, avg speed    0.179 kHz), accepted      290/  490001 events ( 0.06%)
Processed   500000/ 1943538 entries, 25.73% (elapsed time  2803.1s, curr speed    0.158 kHz, avg speed    0.178 kHz), accepted      294/  500001 events ( 0.06%)
Processed   510000/ 1943538 entries, 26.24% (elapsed time  2849.4s, curr speed    0.216 kHz, avg speed    0.179 kHz), accepted      298/  510001 events ( 0.06%)
Processed   520000/ 1943538 entries, 26.76% (elapsed time  2899.7s, curr speed    0.199 kHz, avg speed    0.179 kHz), accepted      303/  520001 events ( 0.06%)
Processed   530000/ 1943538 entries, 27.27% (elapsed time  2964.0s, curr speed    0.156 kHz, avg speed    0.179 kHz), accepted      310/  530001 events ( 0.06%)
Processed   540000/ 1943538 entries, 27.78% (elapsed time  3031.3s, curr speed    0.149 kHz, avg speed    0.178 kHz), accepted      319/  540001 events ( 0.06%)
Processed   550000/ 1943538 entries, 28.30% (elapsed time  3071.5s, curr speed    0.249 kHz, avg speed    0.179 kHz), accepted      323/  550001 events ( 0.06%)
Processed   560000/ 1943538 entries, 28.81% (elapsed time  3128.8s, curr speed    0.174 kHz, avg speed    0.179 kHz), accepted      330/  560001 events ( 0.06%)
Processed   570000/ 1943538 entries, 29.33% (elapsed time  3193.7s, curr speed    0.154 kHz, avg speed    0.178 kHz), accepted      335/  570001 events ( 0.06%)
Processed   580000/ 1943538 entries, 29.84% (elapsed time  3255.8s, curr speed    0.161 kHz, avg speed    0.178 kHz), accepted      342/  580001 events ( 0.06%)
Processed   590000/ 1943538 entries, 30.36% (elapsed time  3308.7s, curr speed    0.189 kHz, avg speed    0.178 kHz), accepted      351/  590001 events ( 0.06%)
Processed   600000/ 1943538 entries, 30.87% (elapsed time  3370.0s, curr speed    0.163 kHz, avg speed    0.178 kHz), accepted      358/  600001 events ( 0.06%)
Processed   610000/ 1943538 entries, 31.39% (elapsed time  3453.8s, curr speed    0.119 kHz, avg speed    0.177 kHz), accepted      363/  610001 events ( 0.06%)
Processed   620000/ 1943538 entries, 31.90% (elapsed time  3486.0s, curr speed    0.310 kHz, avg speed    0.178 kHz), accepted      368/  620001 events ( 0.06%)
Processed   630000/ 1943538 entries, 32.42% (elapsed time  3557.8s, curr speed    0.139 kHz, avg speed    0.177 kHz), accepted      376/  630001 events ( 0.06%)
Processed   640000/ 1943538 entries, 32.93% (elapsed time  3639.6s, curr speed    0.122 kHz, avg speed    0.176 kHz), accepted      383/  640001 events ( 0.06%)
Processed   650000/ 1943538 entries, 33.44% (elapsed time  3674.5s, curr speed    0.287 kHz, avg speed    0.177 kHz), accepted      387/  650001 events ( 0.06%)
Processed   660000/ 1943538 entries, 33.96% (elapsed time  3742.5s, curr speed    0.147 kHz, avg speed    0.176 kHz), accepted      396/  660001 events ( 0.06%)
Processed   670000/ 1943538 entries, 34.47% (elapsed time  3797.5s, curr speed    0.182 kHz, avg speed    0.176 kHz), accepted      400/  670001 events ( 0.06%)
Processed   680000/ 1943538 entries, 34.99% (elapsed time  3845.9s, curr speed    0.207 kHz, avg speed    0.177 kHz), accepted      407/  680001 events ( 0.06%)
Processed   690000/ 1943538 entries, 35.50% (elapsed time  3904.9s, curr speed    0.170 kHz, avg speed    0.177 kHz), accepted      415/  690001 events ( 0.06%)
Processed   700000/ 1943538 entries, 36.02% (elapsed time  3954.8s, curr speed    0.200 kHz, avg speed    0.177 kHz), accepted      418/  700001 events ( 0.06%)
Processed   710000/ 1943538 entries, 36.53% (elapsed time  4020.1s, curr speed    0.153 kHz, avg speed    0.177 kHz), accepted      422/  710001 events ( 0.06%)
Processed   720000/ 1943538 entries, 37.05% (elapsed time  4073.7s, curr speed    0.187 kHz, avg speed    0.177 kHz), accepted      428/  720001 events ( 0.06%)
Processed   730000/ 1943538 entries, 37.56% (elapsed time  4129.7s, curr speed    0.179 kHz, avg speed    0.177 kHz), accepted      435/  730001 events ( 0.06%)
Processed   740000/ 1943538 entries, 38.07% (elapsed time  4205.7s, curr speed    0.132 kHz, avg speed    0.176 kHz), accepted      440/  740001 events ( 0.06%)
Processed   750000/ 1943538 entries, 38.59% (elapsed time  4257.6s, curr speed    0.193 kHz, avg speed    0.176 kHz), accepted      448/  750001 events ( 0.06%)
Processed   760000/ 1943538 entries, 39.10% (elapsed time  4304.8s, curr speed    0.212 kHz, avg speed    0.177 kHz), accepted      449/  760001 events ( 0.06%)
Processed   770000/ 1943538 entries, 39.62% (elapsed time  4352.1s, curr speed    0.211 kHz, avg speed    0.177 kHz), accepted      451/  770001 events ( 0.06%)
Processed   780000/ 1943538 entries, 40.13% (elapsed time  4407.1s, curr speed    0.182 kHz, avg speed    0.177 kHz), accepted      456/  780001 events ( 0.06%)
Processed   790000/ 1943538 entries, 40.65% (elapsed time  4452.8s, curr speed    0.219 kHz, avg speed    0.177 kHz), accepted      458/  790001 events ( 0.06%)
Processed   800000/ 1943538 entries, 41.16% (elapsed time  4541.7s, curr speed    0.113 kHz, avg speed    0.176 kHz), accepted      462/  800001 events ( 0.06%)
Processed   810000/ 1943538 entries, 41.68% (elapsed time  4585.4s, curr speed    0.229 kHz, avg speed    0.177 kHz), accepted      471/  810001 events ( 0.06%)
Processed   820000/ 1943538 entries, 42.19% (elapsed time  4644.2s, curr speed    0.170 kHz, avg speed    0.177 kHz), accepted      476/  820001 events ( 0.06%)
Processed   830000/ 1943538 entries, 42.71% (elapsed time  4708.5s, curr speed    0.155 kHz, avg speed    0.176 kHz), accepted      481/  830001 events ( 0.06%)
Processed   840000/ 1943538 entries, 43.22% (elapsed time  4761.8s, curr speed    0.188 kHz, avg speed    0.176 kHz), accepted      490/  840001 events ( 0.06%)
Processed   850000/ 1943538 entries, 43.73% (elapsed time  4797.8s, curr speed    0.278 kHz, avg speed    0.177 kHz), accepted      497/  850001 events ( 0.06%)
Processed   860000/ 1943538 entries, 44.25% (elapsed time  4863.1s, curr speed    0.153 kHz, avg speed    0.177 kHz), accepted      501/  860001 events ( 0.06%)
Processed   870000/ 1943538 entries, 44.76% (elapsed time  4926.1s, curr speed    0.159 kHz, avg speed    0.177 kHz), accepted      509/  870001 events ( 0.06%)
Processed   880000/ 1943538 entries, 45.28% (elapsed time  4975.9s, curr speed    0.201 kHz, avg speed    0.177 kHz), accepted      513/  880001 events ( 0.06%)
Processed   890000/ 1943538 entries, 45.79% (elapsed time  5045.7s, curr speed    0.143 kHz, avg speed    0.176 kHz), accepted      520/  890001 events ( 0.06%)
Processed   900000/ 1943538 entries, 46.31% (elapsed time  5093.1s, curr speed    0.211 kHz, avg speed    0.177 kHz), accepted      522/  900001 events ( 0.06%)
Processed   910000/ 1943538 entries, 46.82% (elapsed time  5125.8s, curr speed    0.306 kHz, avg speed    0.178 kHz), accepted      524/  910001 events ( 0.06%)
Processed   920000/ 1943538 entries, 47.34% (elapsed time  5198.3s, curr speed    0.138 kHz, avg speed    0.177 kHz), accepted      528/  920001 events ( 0.06%)
Processed   930000/ 1943538 entries, 47.85% (elapsed time  5248.8s, curr speed    0.198 kHz, avg speed    0.177 kHz), accepted      533/  930001 events ( 0.06%)
Processed   940000/ 1943538 entries, 48.37% (elapsed time  5320.9s, curr speed    0.139 kHz, avg speed    0.177 kHz), accepted      537/  940001 events ( 0.06%)
Processed   950000/ 1943538 entries, 48.88% (elapsed time  5381.8s, curr speed    0.164 kHz, avg speed    0.177 kHz), accepted      542/  950001 events ( 0.06%)
Processed   960000/ 1943538 entries, 49.39% (elapsed time  5429.2s, curr speed    0.211 kHz, avg speed    0.177 kHz), accepted      543/  960001 events ( 0.06%)
Processed   970000/ 1943538 entries, 49.91% (elapsed time  5484.8s, curr speed    0.180 kHz, avg speed    0.177 kHz), accepted      547/  970001 events ( 0.06%)
Processed   980000/ 1943538 entries, 50.42% (elapsed time  5544.4s, curr speed    0.168 kHz, avg speed    0.177 kHz), accepted      557/  980001 events ( 0.06%)
Processed   990000/ 1943538 entries, 50.94% (elapsed time  5612.9s, curr speed    0.146 kHz, avg speed    0.176 kHz), accepted      564/  990001 events ( 0.06%)
Processed  1000000/ 1943538 entries, 51.45% (elapsed time  5659.2s, curr speed    0.216 kHz, avg speed    0.177 kHz), accepted      565/ 1000001 events ( 0.06%)
Processed  1010000/ 1943538 entries, 51.97% (elapsed time  5708.5s, curr speed    0.203 kHz, avg speed    0.177 kHz), accepted      568/ 1010001 events ( 0.06%)
Processed  1020000/ 1943538 entries, 52.48% (elapsed time  5770.9s, curr speed    0.160 kHz, avg speed    0.177 kHz), accepted      571/ 1020001 events ( 0.06%)
Processed  1030000/ 1943538 entries, 53.00% (elapsed time  5835.6s, curr speed    0.154 kHz, avg speed    0.177 kHz), accepted      579/ 1030001 events ( 0.06%)
Processed  1040000/ 1943538 entries, 53.51% (elapsed time  5869.1s, curr speed    0.298 kHz, avg speed    0.177 kHz), accepted      584/ 1040001 events ( 0.06%)
Processed  1050000/ 1943538 entries, 54.03% (elapsed time  5945.2s, curr speed    0.131 kHz, avg speed    0.177 kHz), accepted      593/ 1050001 events ( 0.06%)
Processed  1060000/ 1943538 entries, 54.54% (elapsed time  5996.0s, curr speed    0.197 kHz, avg speed    0.177 kHz), accepted      598/ 1060001 events ( 0.06%)
Processed  1070000/ 1943538 entries, 55.05% (elapsed time  6048.7s, curr speed    0.190 kHz, avg speed    0.177 kHz), accepted      605/ 1070001 events ( 0.06%)
Processed  1080000/ 1943538 entries, 55.57% (elapsed time  6117.1s, curr speed    0.146 kHz, avg speed    0.177 kHz), accepted      613/ 1080001 events ( 0.06%)
Processed  1090000/ 1943538 entries, 56.08% (elapsed time  6164.9s, curr speed    0.209 kHz, avg speed    0.177 kHz), accepted      617/ 1090001 events ( 0.06%)
Processed  1100000/ 1943538 entries, 56.60% (elapsed time  6236.3s, curr speed    0.140 kHz, avg speed    0.176 kHz), accepted      624/ 1100001 events ( 0.06%)
Processed  1110000/ 1943538 entries, 57.11% (elapsed time  6294.8s, curr speed    0.171 kHz, avg speed    0.176 kHz), accepted      629/ 1110001 events ( 0.06%)
Processed  1120000/ 1943538 entries, 57.63% (elapsed time  6363.1s, curr speed    0.146 kHz, avg speed    0.176 kHz), accepted      633/ 1120001 events ( 0.06%)
Processed  1130000/ 1943538 entries, 58.14% (elapsed time  6412.4s, curr speed    0.203 kHz, avg speed    0.176 kHz), accepted      641/ 1130001 events ( 0.06%)
Processed  1140000/ 1943538 entries, 58.66% (elapsed time  6462.2s, curr speed    0.201 kHz, avg speed    0.176 kHz), accepted      645/ 1140001 events ( 0.06%)
Processed  1150000/ 1943538 entries, 59.17% (elapsed time  6512.1s, curr speed    0.200 kHz, avg speed    0.177 kHz), accepted      652/ 1150001 events ( 0.06%)
Processed  1160000/ 1943538 entries, 59.68% (elapsed time  6576.1s, curr speed    0.156 kHz, avg speed    0.176 kHz), accepted      656/ 1160001 events ( 0.06%)
Processed  1170000/ 1943538 entries, 60.20% (elapsed time  6625.4s, curr speed    0.203 kHz, avg speed    0.177 kHz), accepted      663/ 1170001 events ( 0.06%)
Processed  1180000/ 1943538 entries, 60.71% (elapsed time  6671.9s, curr speed    0.215 kHz, avg speed    0.177 kHz), accepted      664/ 1180001 events ( 0.06%)
Processed  1190000/ 1943538 entries, 61.23% (elapsed time  6735.6s, curr speed    0.157 kHz, avg speed    0.177 kHz), accepted      669/ 1190001 events ( 0.06%)
Processed  1200000/ 1943538 entries, 61.74% (elapsed time  6789.7s, curr speed    0.185 kHz, avg speed    0.177 kHz), accepted      675/ 1200001 events ( 0.06%)
Processed  1210000/ 1943538 entries, 62.26% (elapsed time  6851.6s, curr speed    0.162 kHz, avg speed    0.177 kHz), accepted      678/ 1210001 events ( 0.06%)
Processed  1220000/ 1943538 entries, 62.77% (elapsed time  6915.2s, curr speed    0.157 kHz, avg speed    0.176 kHz), accepted      684/ 1220001 events ( 0.06%)
Processed  1230000/ 1943538 entries, 63.29% (elapsed time  6954.6s, curr speed    0.254 kHz, avg speed    0.177 kHz), accepted      691/ 1230001 events ( 0.06%)
Processed  1240000/ 1943538 entries, 63.80% (elapsed time  6995.8s, curr speed    0.242 kHz, avg speed    0.177 kHz), accepted      692/ 1240001 events ( 0.06%)
Processed  1250000/ 1943538 entries, 64.32% (elapsed time  7085.7s, curr speed    0.111 kHz, avg speed    0.176 kHz), accepted      698/ 1250001 events ( 0.06%)
Processed  1260000/ 1943538 entries, 64.83% (elapsed time  7133.1s, curr speed    0.211 kHz, avg speed    0.177 kHz), accepted      702/ 1260001 events ( 0.06%)
Processed  1270000/ 1943538 entries, 65.34% (elapsed time  7184.2s, curr speed    0.196 kHz, avg speed    0.177 kHz), accepted      716/ 1270001 events ( 0.06%)
Processed  1280000/ 1943538 entries, 65.86% (elapsed time  7252.4s, curr speed    0.147 kHz, avg speed    0.176 kHz), accepted      720/ 1280001 events ( 0.06%)
Processed  1290000/ 1943538 entries, 66.37% (elapsed time  7301.8s, curr speed    0.202 kHz, avg speed    0.177 kHz), accepted      725/ 1290001 events ( 0.06%)
Processed  1300000/ 1943538 entries, 66.89% (elapsed time  7362.3s, curr speed    0.165 kHz, avg speed    0.177 kHz), accepted      737/ 1300001 events ( 0.06%)
Processed  1310000/ 1943538 entries, 67.40% (elapsed time  7435.3s, curr speed    0.137 kHz, avg speed    0.176 kHz), accepted      741/ 1310001 events ( 0.06%)
Processed  1320000/ 1943538 entries, 67.92% (elapsed time  7494.0s, curr speed    0.170 kHz, avg speed    0.176 kHz), accepted      753/ 1320001 events ( 0.06%)
Processed  1330000/ 1943538 entries, 68.43% (elapsed time  7528.5s, curr speed    0.290 kHz, avg speed    0.177 kHz), accepted      755/ 1330001 events ( 0.06%)
Processed  1340000/ 1943538 entries, 68.95% (elapsed time  7595.6s, curr speed    0.149 kHz, avg speed    0.176 kHz), accepted      760/ 1340001 events ( 0.06%)
Processed  1350000/ 1943538 entries, 69.46% (elapsed time  7633.3s, curr speed    0.265 kHz, avg speed    0.177 kHz), accepted      764/ 1350001 events ( 0.06%)
Processed  1360000/ 1943538 entries, 69.98% (elapsed time  7690.9s, curr speed    0.173 kHz, avg speed    0.177 kHz), accepted      771/ 1360001 events ( 0.06%)
Processed  1370000/ 1943538 entries, 70.49% (elapsed time  7760.7s, curr speed    0.143 kHz, avg speed    0.177 kHz), accepted      781/ 1370001 events ( 0.06%)
Processed  1380000/ 1943538 entries, 71.00% (elapsed time  7819.2s, curr speed    0.171 kHz, avg speed    0.176 kHz), accepted      790/ 1380001 events ( 0.06%)
Processed  1390000/ 1943538 entries, 71.52% (elapsed time  7875.4s, curr speed    0.178 kHz, avg speed    0.176 kHz), accepted      794/ 1390001 events ( 0.06%)
Processed  1400000/ 1943538 entries, 72.03% (elapsed time  7942.9s, curr speed    0.148 kHz, avg speed    0.176 kHz), accepted      800/ 1400001 events ( 0.06%)
Processed  1410000/ 1943538 entries, 72.55% (elapsed time  8007.0s, curr speed    0.156 kHz, avg speed    0.176 kHz), accepted      805/ 1410001 events ( 0.06%)
Processed  1420000/ 1943538 entries, 73.06% (elapsed time  8072.4s, curr speed    0.153 kHz, avg speed    0.176 kHz), accepted      811/ 1420001 events ( 0.06%)
Processed  1430000/ 1943538 entries, 73.58% (elapsed time  8129.5s, curr speed    0.175 kHz, avg speed    0.176 kHz), accepted      825/ 1430001 events ( 0.06%)
Processed  1440000/ 1943538 entries, 74.09% (elapsed time  8204.4s, curr speed    0.134 kHz, avg speed    0.176 kHz), accepted      832/ 1440001 events ( 0.06%)
Processed  1450000/ 1943538 entries, 74.61% (elapsed time  8258.9s, curr speed    0.183 kHz, avg speed    0.176 kHz), accepted      838/ 1450001 events ( 0.06%)
Processed  1460000/ 1943538 entries, 75.12% (elapsed time  8307.3s, curr speed    0.207 kHz, avg speed    0.176 kHz), accepted      843/ 1460001 events ( 0.06%)
Processed  1470000/ 1943538 entries, 75.64% (elapsed time  8362.5s, curr speed    0.181 kHz, avg speed    0.176 kHz), accepted      848/ 1470001 events ( 0.06%)
Processed  1480000/ 1943538 entries, 76.15% (elapsed time  8412.9s, curr speed    0.198 kHz, avg speed    0.176 kHz), accepted      853/ 1480001 events ( 0.06%)
Processed  1490000/ 1943538 entries, 76.66% (elapsed time  8463.8s, curr speed    0.197 kHz, avg speed    0.176 kHz), accepted      857/ 1490001 events ( 0.06%)
Processed  1500000/ 1943538 entries, 77.18% (elapsed time  8533.3s, curr speed    0.144 kHz, avg speed    0.176 kHz), accepted      864/ 1500001 events ( 0.06%)
Processed  1510000/ 1943538 entries, 77.69% (elapsed time  8600.0s, curr speed    0.150 kHz, avg speed    0.176 kHz), accepted      868/ 1510001 events ( 0.06%)
Processed  1520000/ 1943538 entries, 78.21% (elapsed time  8637.8s, curr speed    0.265 kHz, avg speed    0.176 kHz), accepted      872/ 1520001 events ( 0.06%)
Processed  1530000/ 1943538 entries, 78.72% (elapsed time  8695.8s, curr speed    0.172 kHz, avg speed    0.176 kHz), accepted      885/ 1530001 events ( 0.06%)
Processed  1540000/ 1943538 entries, 79.24% (elapsed time  8745.2s, curr speed    0.203 kHz, avg speed    0.176 kHz), accepted      891/ 1540001 events ( 0.06%)
Processed  1550000/ 1943538 entries, 79.75% (elapsed time  8811.6s, curr speed    0.151 kHz, avg speed    0.176 kHz), accepted      896/ 1550001 events ( 0.06%)
Processed  1560000/ 1943538 entries, 80.27% (elapsed time  8861.0s, curr speed    0.202 kHz, avg speed    0.176 kHz), accepted      901/ 1560001 events ( 0.06%)
Processed  1570000/ 1943538 entries, 80.78% (elapsed time  8936.5s, curr speed    0.132 kHz, avg speed    0.176 kHz), accepted      910/ 1570001 events ( 0.06%)
Processed  1580000/ 1943538 entries, 81.30% (elapsed time  8992.0s, curr speed    0.180 kHz, avg speed    0.176 kHz), accepted      913/ 1580001 events ( 0.06%)
Processed  1590000/ 1943538 entries, 81.81% (elapsed time  9041.8s, curr speed    0.201 kHz, avg speed    0.176 kHz), accepted      917/ 1590001 events ( 0.06%)
Processed  1600000/ 1943538 entries, 82.32% (elapsed time  9104.1s, curr speed    0.161 kHz, avg speed    0.176 kHz), accepted      920/ 1600001 events ( 0.06%)
Processed  1610000/ 1943538 entries, 82.84% (elapsed time  9164.6s, curr speed    0.165 kHz, avg speed    0.176 kHz), accepted      926/ 1610001 events ( 0.06%)
Processed  1620000/ 1943538 entries, 83.35% (elapsed time  9223.9s, curr speed    0.169 kHz, avg speed    0.176 kHz), accepted      929/ 1620001 events ( 0.06%)
Processed  1630000/ 1943538 entries, 83.87% (elapsed time  9292.9s, curr speed    0.145 kHz, avg speed    0.175 kHz), accepted      932/ 1630001 events ( 0.06%)
Processed  1640000/ 1943538 entries, 84.38% (elapsed time  9359.2s, curr speed    0.151 kHz, avg speed    0.175 kHz), accepted      939/ 1640001 events ( 0.06%)
Processed  1650000/ 1943538 entries, 84.90% (elapsed time  9397.0s, curr speed    0.264 kHz, avg speed    0.176 kHz), accepted      948/ 1650001 events ( 0.06%)
Processed  1660000/ 1943538 entries, 85.41% (elapsed time  9458.2s, curr speed    0.163 kHz, avg speed    0.176 kHz), accepted      957/ 1660001 events ( 0.06%)
Processed  1670000/ 1943538 entries, 85.93% (elapsed time  9505.4s, curr speed    0.212 kHz, avg speed    0.176 kHz), accepted      960/ 1670001 events ( 0.06%)
Processed  1680000/ 1943538 entries, 86.44% (elapsed time  9569.4s, curr speed    0.156 kHz, avg speed    0.176 kHz), accepted      967/ 1680001 events ( 0.06%)
Processed  1690000/ 1943538 entries, 86.95% (elapsed time  9620.1s, curr speed    0.197 kHz, avg speed    0.176 kHz), accepted      974/ 1690001 events ( 0.06%)
Processed  1700000/ 1943538 entries, 87.47% (elapsed time  9689.7s, curr speed    0.144 kHz, avg speed    0.175 kHz), accepted      982/ 1700001 events ( 0.06%)
Processed  1710000/ 1943538 entries, 87.98% (elapsed time  9736.5s, curr speed    0.214 kHz, avg speed    0.176 kHz), accepted      985/ 1710001 events ( 0.06%)
Processed  1720000/ 1943538 entries, 88.50% (elapsed time  9786.1s, curr speed    0.202 kHz, avg speed    0.176 kHz), accepted      993/ 1720001 events ( 0.06%)
Processed  1730000/ 1943538 entries, 89.01% (elapsed time  9862.0s, curr speed    0.132 kHz, avg speed    0.175 kHz), accepted      997/ 1730001 events ( 0.06%)
Processed  1740000/ 1943538 entries, 89.53% (elapsed time  9892.7s, curr speed    0.327 kHz, avg speed    0.176 kHz), accepted      999/ 1740001 events ( 0.06%)
Processed  1750000/ 1943538 entries, 90.04% (elapsed time  9951.8s, curr speed    0.169 kHz, avg speed    0.176 kHz), accepted     1006/ 1750001 events ( 0.06%)
Processed  1760000/ 1943538 entries, 90.56% (elapsed time 10005.3s, curr speed    0.187 kHz, avg speed    0.176 kHz), accepted     1011/ 1760001 events ( 0.06%)
Processed  1770000/ 1943538 entries, 91.07% (elapsed time 10085.8s, curr speed    0.124 kHz, avg speed    0.175 kHz), accepted     1017/ 1770001 events ( 0.06%)
Processed  1780000/ 1943538 entries, 91.59% (elapsed time 10125.2s, curr speed    0.254 kHz, avg speed    0.176 kHz), accepted     1024/ 1780001 events ( 0.06%)
Processed  1790000/ 1943538 entries, 92.10% (elapsed time 10193.2s, curr speed    0.147 kHz, avg speed    0.176 kHz), accepted     1031/ 1790001 events ( 0.06%)
Processed  1800000/ 1943538 entries, 92.61% (elapsed time 10256.5s, curr speed    0.158 kHz, avg speed    0.175 kHz), accepted     1034/ 1800001 events ( 0.06%)
Processed  1810000/ 1943538 entries, 93.13% (elapsed time 10303.8s, curr speed    0.211 kHz, avg speed    0.176 kHz), accepted     1039/ 1810001 events ( 0.06%)
Processed  1820000/ 1943538 entries, 93.64% (elapsed time 10365.0s, curr speed    0.163 kHz, avg speed    0.176 kHz), accepted     1044/ 1820001 events ( 0.06%)
Processed  1830000/ 1943538 entries, 94.16% (elapsed time 10416.0s, curr speed    0.196 kHz, avg speed    0.176 kHz), accepted     1048/ 1830001 events ( 0.06%)
Processed  1840000/ 1943538 entries, 94.67% (elapsed time 10486.6s, curr speed    0.142 kHz, avg speed    0.175 kHz), accepted     1053/ 1840001 events ( 0.06%)
Processed  1850000/ 1943538 entries, 95.19% (elapsed time 10518.8s, curr speed    0.311 kHz, avg speed    0.176 kHz), accepted     1055/ 1850001 events ( 0.06%)
Processed  1860000/ 1943538 entries, 95.70% (elapsed time 10582.2s, curr speed    0.158 kHz, avg speed    0.176 kHz), accepted     1060/ 1860001 events ( 0.06%)
Processed  1870000/ 1943538 entries, 96.22% (elapsed time 10636.6s, curr speed    0.184 kHz, avg speed    0.176 kHz), accepted     1063/ 1870001 events ( 0.06%)
Processed  1880000/ 1943538 entries, 96.73% (elapsed time 10691.1s, curr speed    0.184 kHz, avg speed    0.176 kHz), accepted     1072/ 1880001 events ( 0.06%)
Processed  1890000/ 1943538 entries, 97.25% (elapsed time 10757.1s, curr speed    0.151 kHz, avg speed    0.176 kHz), accepted     1082/ 1890001 events ( 0.06%)
Processed  1900000/ 1943538 entries, 97.76% (elapsed time 10824.5s, curr speed    0.148 kHz, avg speed    0.176 kHz), accepted     1088/ 1900001 events ( 0.06%)
Processed  1910000/ 1943538 entries, 98.27% (elapsed time 10862.9s, curr speed    0.260 kHz, avg speed    0.176 kHz), accepted     1096/ 1910001 events ( 0.06%)
Processed  1920000/ 1943538 entries, 98.79% (elapsed time 10930.9s, curr speed    0.147 kHz, avg speed    0.176 kHz), accepted     1104/ 1920001 events ( 0.06%)
Processed  1930000/ 1943538 entries, 99.30% (elapsed time 11009.0s, curr speed    0.128 kHz, avg speed    0.175 kHz), accepted     1115/ 1930001 events ( 0.06%)
Processed  1940000/ 1943538 entries, 99.82% (elapsed time 11046.1s, curr speed    0.270 kHz, avg speed    0.176 kHz), accepted     1122/ 1940001 events ( 0.06%)
Processed 1943538 preselected entries from root://cms-xrd-global.cern.ch//store/mc/RunIISummer16NanoAODv6/W3JetsToLNu_TuneCUETP8M1_13TeV-madgraphMLM-pythia8/NANOAODSIM/PUMoriond17_Nano25Oct2019_102X_mcRun2_asymptotic_v7-v1/260000/FC28603A-1D4B-2247-9C0B-9C029FE94565.root (1943538 entries). Finally selected 1126 entries
Pre-select 216312 entries out of 216312 (100.00%)
Processed    10000/  216312 entries,  4.62% (elapsed time     4.6s, curr speed    2.168 kHz, avg speed    2.168 kHz), accepted        8/   10001 events ( 0.08%)
Processed    20000/  216312 entries,  9.25% (elapsed time     7.1s, curr speed    3.959 kHz, avg speed    2.802 kHz), accepted       13/   20001 events ( 0.06%)
Processed    30000/  216312 entries, 13.87% (elapsed time     9.4s, curr speed    4.338 kHz, avg speed    3.177 kHz), accepted       22/   30001 events ( 0.07%)
Processed    40000/  216312 entries, 18.49% (elapsed time    12.0s, curr speed    3.964 kHz, avg speed    3.343 kHz), accepted       26/   40001 events ( 0.06%)
Processed    50000/  216312 entries, 23.11% (elapsed time    14.6s, curr speed    3.853 kHz, avg speed    3.434 kHz), accepted       30/   50001 events ( 0.06%)
Processed    60000/  216312 entries, 27.74% (elapsed time    18.1s, curr speed    2.803 kHz, avg speed    3.309 kHz), accepted       39/   60001 events ( 0.06%)
Processed    70000/  216312 entries, 32.36% (elapsed time    20.4s, curr speed    4.347 kHz, avg speed    3.426 kHz), accepted       44/   70001 events ( 0.06%)
Processed    80000/  216312 entries, 36.98% (elapsed time    24.4s, curr speed    2.503 kHz, avg speed    3.275 kHz), accepted       48/   80001 events ( 0.06%)
Processed    90000/  216312 entries, 41.61% (elapsed time    27.9s, curr speed    2.907 kHz, avg speed    3.230 kHz), accepted       54/   90001 events ( 0.06%)
Processed   100000/  216312 entries, 46.23% (elapsed time    30.0s, curr speed    4.769 kHz, avg speed    3.338 kHz), accepted       59/  100001 events ( 0.06%)
Processed   110000/  216312 entries, 50.85% (elapsed time    33.5s, curr speed    2.822 kHz, avg speed    3.283 kHz), accepted       62/  110001 events ( 0.06%)
Processed   120000/  216312 entries, 55.48% (elapsed time    37.4s, curr speed    2.573 kHz, avg speed    3.209 kHz), accepted       73/  120001 events ( 0.06%)
Processed   130000/  216312 entries, 60.10% (elapsed time    40.3s, curr speed    3.423 kHz, avg speed    3.225 kHz), accepted       79/  130001 events ( 0.06%)
Processed   140000/  216312 entries, 64.72% (elapsed time    43.4s, curr speed    3.257 kHz, avg speed    3.227 kHz), accepted       84/  140001 events ( 0.06%)
Processed   150000/  216312 entries, 69.34% (elapsed time    47.0s, curr speed    2.788 kHz, avg speed    3.193 kHz), accepted       88/  150001 events ( 0.06%)
Processed   160000/  216312 entries, 73.97% (elapsed time    49.6s, curr speed    3.830 kHz, avg speed    3.227 kHz), accepted       96/  160001 events ( 0.06%)
Processed   170000/  216312 entries, 78.59% (elapsed time    52.3s, curr speed    3.681 kHz, avg speed    3.250 kHz), accepted       99/  170001 events ( 0.06%)
Processed   180000/  216312 entries, 83.21% (elapsed time    55.6s, curr speed    3.075 kHz, avg speed    3.240 kHz), accepted      105/  180001 events ( 0.06%)
Processed   190000/  216312 entries, 87.84% (elapsed time    58.9s, curr speed    2.963 kHz, avg speed    3.224 kHz), accepted      110/  190001 events ( 0.06%)
Processed   200000/  216312 entries, 92.46% (elapsed time    61.2s, curr speed    4.469 kHz, avg speed    3.270 kHz), accepted      118/  200001 events ( 0.06%)
Processed   210000/  216312 entries, 97.08% (elapsed time    64.3s, curr speed    3.173 kHz, avg speed    3.265 kHz), accepted      124/  210001 events ( 0.06%)
Processed 216312 preselected entries from root://cms-xrd-global.cern.ch//store/mc/RunIISummer16NanoAODv6/W3JetsToLNu_TuneCUETP8M1_13TeV-madgraphMLM-pythia8/NANOAODSIM/PUMoriond17_Nano25Oct2019_102X_mcRun2_asymptotic_v7-v1/280000/32AA60A5-9490-F745-B0C5-F8E0414BF420.root (216312 entries). Finally selected 126 entries
Pre-select 143911 entries out of 143911 (100.00%)
Processed    10000/  143911 entries,  6.95% (elapsed time     5.0s, curr speed    2.006 kHz, avg speed    2.006 kHz), accepted        7/   10001 events ( 0.07%)
Processed    20000/  143911 entries, 13.90% (elapsed time     8.8s, curr speed    2.625 kHz, avg speed    2.274 kHz), accepted       14/   20001 events ( 0.07%)
Processed    30000/  143911 entries, 20.85% (elapsed time    12.5s, curr speed    2.666 kHz, avg speed    2.391 kHz), accepted       19/   30001 events ( 0.06%)
Processed    40000/  143911 entries, 27.79% (elapsed time    15.0s, curr speed    4.026 kHz, avg speed    2.661 kHz), accepted       26/   40001 events ( 0.06%)
Processed    50000/  143911 entries, 34.74% (elapsed time    18.8s, curr speed    2.637 kHz, avg speed    2.656 kHz), accepted       37/   50001 events ( 0.07%)
Processed    60000/  143911 entries, 41.69% (elapsed time    23.1s, curr speed    2.312 kHz, avg speed    2.592 kHz), accepted       47/   60001 events ( 0.08%)
Processed    70000/  143911 entries, 48.64% (elapsed time    25.8s, curr speed    3.841 kHz, avg speed    2.718 kHz), accepted       51/   70001 events ( 0.07%)
Processed    80000/  143911 entries, 55.59% (elapsed time    29.7s, curr speed    2.520 kHz, avg speed    2.692 kHz), accepted       57/   80001 events ( 0.07%)
Processed    90000/  143911 entries, 62.54% (elapsed time    33.8s, curr speed    2.474 kHz, avg speed    2.666 kHz), accepted       63/   90001 events ( 0.07%)
Processed   100000/  143911 entries, 69.49% (elapsed time    36.9s, curr speed    3.234 kHz, avg speed    2.714 kHz), accepted       67/  100001 events ( 0.07%)
Processed   110000/  143911 entries, 76.44% (elapsed time    40.2s, curr speed    2.987 kHz, avg speed    2.736 kHz), accepted       76/  110001 events ( 0.07%)
Processed   120000/  143911 entries, 83.38% (elapsed time    44.5s, curr speed    2.301 kHz, avg speed    2.694 kHz), accepted       85/  120001 events ( 0.07%)
Processed   130000/  143911 entries, 90.33% (elapsed time    48.4s, curr speed    2.596 kHz, avg speed    2.686 kHz), accepted       91/  130001 events ( 0.07%)
Processed   140000/  143911 entries, 97.28% (elapsed time    50.8s, curr speed    4.163 kHz, avg speed    2.756 kHz), accepted       96/  140001 events ( 0.07%)
Processed 143911 preselected entries from root://cms-xrd-global.cern.ch//store/mc/RunIISummer16NanoAODv6/W3JetsToLNu_TuneCUETP8M1_13TeV-madgraphMLM-pythia8/NANOAODSIM/PUMoriond17_Nano25Oct2019_102X_mcRun2_asymptotic_v7-v1/280000/38D5BCB9-A059-F648-8876-A7E017DBA41B.root (143911 entries). Finally selected 99 entries
Pre-select 1365372 entries out of 1365372 (100.00%)
Processed    10000/ 1365372 entries,  0.73% (elapsed time     4.9s, curr speed    2.056 kHz, avg speed    2.056 kHz), accepted        4/   10001 events ( 0.04%)
Processed    20000/ 1365372 entries,  1.46% (elapsed time     7.6s, curr speed    3.626 kHz, avg speed    2.624 kHz), accepted        8/   20001 events ( 0.04%)
Processed    30000/ 1365372 entries,  2.20% (elapsed time    12.7s, curr speed    1.964 kHz, avg speed    2.360 kHz), accepted       18/   30001 events ( 0.06%)
Processed    40000/ 1365372 entries,  2.93% (elapsed time    15.1s, curr speed    4.195 kHz, avg speed    2.650 kHz), accepted       23/   40001 events ( 0.06%)
Processed    50000/ 1365372 entries,  3.66% (elapsed time    18.5s, curr speed    2.940 kHz, avg speed    2.703 kHz), accepted       29/   50001 events ( 0.06%)
Processed    60000/ 1365372 entries,  4.39% (elapsed time    22.1s, curr speed    2.750 kHz, avg speed    2.711 kHz), accepted       35/   60001 events ( 0.06%)
Processed    70000/ 1365372 entries,  5.13% (elapsed time    25.3s, curr speed    3.138 kHz, avg speed    2.764 kHz), accepted       42/   70001 events ( 0.06%)
Processed    80000/ 1365372 entries,  5.86% (elapsed time    29.2s, curr speed    2.576 kHz, avg speed    2.739 kHz), accepted       44/   80001 events ( 0.05%)
Processed    90000/ 1365372 entries,  6.59% (elapsed time    32.7s, curr speed    2.840 kHz, avg speed    2.750 kHz), accepted       49/   90001 events ( 0.05%)
Processed   100000/ 1365372 entries,  7.32% (elapsed time    35.4s, curr speed    3.741 kHz, avg speed    2.825 kHz), accepted       55/  100001 events ( 0.05%)
Processed   110000/ 1365372 entries,  8.06% (elapsed time    39.4s, curr speed    2.523 kHz, avg speed    2.795 kHz), accepted       64/  110001 events ( 0.06%)
Processed   120000/ 1365372 entries,  8.79% (elapsed time    43.1s, curr speed    2.710 kHz, avg speed    2.787 kHz), accepted       75/  120001 events ( 0.06%)
Processed   130000/ 1365372 entries,  9.52% (elapsed time    45.7s, curr speed    3.808 kHz, avg speed    2.846 kHz), accepted       80/  130001 events ( 0.06%)
Processed   140000/ 1365372 entries, 10.25% (elapsed time    49.2s, curr speed    2.845 kHz, avg speed    2.846 kHz), accepted       86/  140001 events ( 0.06%)
Processed   150000/ 1365372 entries, 10.99% (elapsed time    52.9s, curr speed    2.730 kHz, avg speed    2.838 kHz), accepted       91/  150001 events ( 0.06%)
Processed   160000/ 1365372 entries, 11.72% (elapsed time    55.0s, curr speed    4.687 kHz, avg speed    2.910 kHz), accepted       95/  160001 events ( 0.06%)
Processed   170000/ 1365372 entries, 12.45% (elapsed time    57.2s, curr speed    4.549 kHz, avg speed    2.973 kHz), accepted       98/  170001 events ( 0.06%)
Processed   180000/ 1365372 entries, 13.18% (elapsed time    60.8s, curr speed    2.748 kHz, avg speed    2.959 kHz), accepted      104/  180001 events ( 0.06%)
Processed   190000/ 1365372 entries, 13.92% (elapsed time    65.3s, curr speed    2.240 kHz, avg speed    2.910 kHz), accepted      117/  190001 events ( 0.06%)
Processed   200000/ 1365372 entries, 14.65% (elapsed time    67.3s, curr speed    5.024 kHz, avg speed    2.973 kHz), accepted      120/  200001 events ( 0.06%)
Processed   210000/ 1365372 entries, 15.38% (elapsed time    71.2s, curr speed    2.530 kHz, avg speed    2.948 kHz), accepted      127/  210001 events ( 0.06%)
Processed   220000/ 1365372 entries, 16.11% (elapsed time    74.8s, curr speed    2.795 kHz, avg speed    2.941 kHz), accepted      131/  220001 events ( 0.06%)
Processed   230000/ 1365372 entries, 16.85% (elapsed time    77.2s, curr speed    4.124 kHz, avg speed    2.978 kHz), accepted      135/  230001 events ( 0.06%)
Processed   240000/ 1365372 entries, 17.58% (elapsed time    80.8s, curr speed    2.823 kHz, avg speed    2.971 kHz), accepted      139/  240001 events ( 0.06%)
Processed   250000/ 1365372 entries, 18.31% (elapsed time    84.6s, curr speed    2.617 kHz, avg speed    2.955 kHz), accepted      144/  250001 events ( 0.06%)
Processed   260000/ 1365372 entries, 19.04% (elapsed time    87.5s, curr speed    3.453 kHz, avg speed    2.972 kHz), accepted      153/  260001 events ( 0.06%)
Processed   270000/ 1365372 entries, 19.77% (elapsed time    91.0s, curr speed    2.865 kHz, avg speed    2.967 kHz), accepted      159/  270001 events ( 0.06%)
Processed   280000/ 1365372 entries, 20.51% (elapsed time    94.7s, curr speed    2.664 kHz, avg speed    2.955 kHz), accepted      163/  280001 events ( 0.06%)
Processed   290000/ 1365372 entries, 21.24% (elapsed time    97.0s, curr speed    4.438 kHz, avg speed    2.990 kHz), accepted      164/  290001 events ( 0.06%)
Processed   300000/ 1365372 entries, 21.97% (elapsed time   100.1s, curr speed    3.198 kHz, avg speed    2.996 kHz), accepted      169/  300001 events ( 0.06%)
Processed   310000/ 1365372 entries, 22.70% (elapsed time   103.3s, curr speed    3.184 kHz, avg speed    3.002 kHz), accepted      174/  310001 events ( 0.06%)
Processed   320000/ 1365372 entries, 23.44% (elapsed time   106.3s, curr speed    3.299 kHz, avg speed    3.011 kHz), accepted      178/  320001 events ( 0.06%)
Processed   330000/ 1365372 entries, 24.17% (elapsed time   109.3s, curr speed    3.277 kHz, avg speed    3.018 kHz), accepted      186/  330001 events ( 0.06%)
Processed   340000/ 1365372 entries, 24.90% (elapsed time   113.2s, curr speed    2.561 kHz, avg speed    3.002 kHz), accepted      191/  340001 events ( 0.06%)
Processed   350000/ 1365372 entries, 25.63% (elapsed time   116.8s, curr speed    2.779 kHz, avg speed    2.995 kHz), accepted      198/  350001 events ( 0.06%)
Processed   360000/ 1365372 entries, 26.37% (elapsed time   119.6s, curr speed    3.577 kHz, avg speed    3.009 kHz), accepted      211/  360001 events ( 0.06%)
Processed   370000/ 1365372 entries, 27.10% (elapsed time   123.4s, curr speed    2.631 kHz, avg speed    2.997 kHz), accepted      215/  370001 events ( 0.06%)
Processed   380000/ 1365372 entries, 27.83% (elapsed time   127.3s, curr speed    2.623 kHz, avg speed    2.986 kHz), accepted      220/  380001 events ( 0.06%)
Processed   390000/ 1365372 entries, 28.56% (elapsed time   129.9s, curr speed    3.816 kHz, avg speed    3.003 kHz), accepted      227/  390001 events ( 0.06%)
Processed   400000/ 1365372 entries, 29.30% (elapsed time   133.2s, curr speed    3.030 kHz, avg speed    3.003 kHz), accepted      234/  400001 events ( 0.06%)
Processed   410000/ 1365372 entries, 30.03% (elapsed time   137.1s, curr speed    2.581 kHz, avg speed    2.992 kHz), accepted      241/  410001 events ( 0.06%)
Processed   420000/ 1365372 entries, 30.76% (elapsed time   140.0s, curr speed    3.369 kHz, avg speed    3.000 kHz), accepted      247/  420001 events ( 0.06%)
Processed   430000/ 1365372 entries, 31.49% (elapsed time   143.2s, curr speed    3.189 kHz, avg speed    3.004 kHz), accepted      252/  430001 events ( 0.06%)
Processed   440000/ 1365372 entries, 32.23% (elapsed time   146.1s, curr speed    3.429 kHz, avg speed    3.012 kHz), accepted      255/  440001 events ( 0.06%)
Processed   450000/ 1365372 entries, 32.96% (elapsed time   149.6s, curr speed    2.809 kHz, avg speed    3.007 kHz), accepted      259/  450001 events ( 0.06%)
Processed   460000/ 1365372 entries, 33.69% (elapsed time   152.6s, curr speed    3.328 kHz, avg speed    3.014 kHz), accepted      263/  460001 events ( 0.06%)
Processed   470000/ 1365372 entries, 34.42% (elapsed time   155.5s, curr speed    3.454 kHz, avg speed    3.022 kHz), accepted      266/  470001 events ( 0.06%)
Processed   480000/ 1365372 entries, 35.16% (elapsed time   159.1s, curr speed    2.816 kHz, avg speed    3.017 kHz), accepted      271/  480001 events ( 0.06%)
Processed   490000/ 1365372 entries, 35.89% (elapsed time   162.3s, curr speed    3.089 kHz, avg speed    3.019 kHz), accepted      279/  490001 events ( 0.06%)
Processed   500000/ 1365372 entries, 36.62% (elapsed time   165.5s, curr speed    3.138 kHz, avg speed    3.021 kHz), accepted      281/  500001 events ( 0.06%)
Processed   510000/ 1365372 entries, 37.35% (elapsed time   169.3s, curr speed    2.623 kHz, avg speed    3.012 kHz), accepted      286/  510001 events ( 0.06%)
Processed   520000/ 1365372 entries, 38.08% (elapsed time   172.5s, curr speed    3.166 kHz, avg speed    3.015 kHz), accepted      290/  520001 events ( 0.06%)
Processed   530000/ 1365372 entries, 38.82% (elapsed time   175.9s, curr speed    2.908 kHz, avg speed    3.013 kHz), accepted      293/  530001 events ( 0.06%)
Processed   540000/ 1365372 entries, 39.55% (elapsed time   178.8s, curr speed    3.422 kHz, avg speed    3.019 kHz), accepted      297/  540001 events ( 0.05%)
Processed   550000/ 1365372 entries, 40.28% (elapsed time   182.6s, curr speed    2.639 kHz, avg speed    3.012 kHz), accepted      305/  550001 events ( 0.06%)
Processed   560000/ 1365372 entries, 41.01% (elapsed time   185.6s, curr speed    3.343 kHz, avg speed    3.017 kHz), accepted      311/  560001 events ( 0.06%)
Processed   570000/ 1365372 entries, 41.75% (elapsed time   188.7s, curr speed    3.230 kHz, avg speed    3.020 kHz), accepted      317/  570001 events ( 0.06%)
Processed   580000/ 1365372 entries, 42.48% (elapsed time   192.6s, curr speed    2.575 kHz, avg speed    3.011 kHz), accepted      324/  580001 events ( 0.06%)
Processed   590000/ 1365372 entries, 43.21% (elapsed time   195.9s, curr speed    3.039 kHz, avg speed    3.012 kHz), accepted      329/  590001 events ( 0.06%)
Processed   600000/ 1365372 entries, 43.94% (elapsed time   199.5s, curr speed    2.760 kHz, avg speed    3.007 kHz), accepted      332/  600001 events ( 0.06%)
Processed   610000/ 1365372 entries, 44.68% (elapsed time   202.5s, curr speed    3.328 kHz, avg speed    3.012 kHz), accepted      335/  610001 events ( 0.05%)
Processed   620000/ 1365372 entries, 45.41% (elapsed time   204.6s, curr speed    4.769 kHz, avg speed    3.030 kHz), accepted      339/  620001 events ( 0.05%)
Processed   630000/ 1365372 entries, 46.14% (elapsed time   208.4s, curr speed    2.649 kHz, avg speed    3.023 kHz), accepted      345/  630001 events ( 0.05%)
Processed   640000/ 1365372 entries, 46.87% (elapsed time   211.1s, curr speed    3.754 kHz, avg speed    3.032 kHz), accepted      351/  640001 events ( 0.05%)
Processed   650000/ 1365372 entries, 47.61% (elapsed time   214.2s, curr speed    3.173 kHz, avg speed    3.034 kHz), accepted      357/  650001 events ( 0.05%)
Processed   660000/ 1365372 entries, 48.34% (elapsed time   218.0s, curr speed    2.605 kHz, avg speed    3.027 kHz), accepted      362/  660001 events ( 0.05%)
Processed   670000/ 1365372 entries, 49.07% (elapsed time   220.0s, curr speed    5.053 kHz, avg speed    3.045 kHz), accepted      363/  670001 events ( 0.05%)
Processed   680000/ 1365372 entries, 49.80% (elapsed time   223.3s, curr speed    3.070 kHz, avg speed    3.045 kHz), accepted      367/  680001 events ( 0.05%)
Processed   690000/ 1365372 entries, 50.54% (elapsed time   227.1s, curr speed    2.600 kHz, avg speed    3.038 kHz), accepted      380/  690001 events ( 0.06%)
Processed   700000/ 1365372 entries, 51.27% (elapsed time   230.7s, curr speed    2.800 kHz, avg speed    3.034 kHz), accepted      386/  700001 events ( 0.06%)
Processed   710000/ 1365372 entries, 52.00% (elapsed time   233.6s, curr speed    3.413 kHz, avg speed    3.039 kHz), accepted      389/  710001 events ( 0.05%)
Processed   720000/ 1365372 entries, 52.73% (elapsed time   236.6s, curr speed    3.403 kHz, avg speed    3.044 kHz), accepted      392/  720001 events ( 0.05%)
Processed   730000/ 1365372 entries, 53.47% (elapsed time   239.8s, curr speed    3.084 kHz, avg speed    3.044 kHz), accepted      394/  730001 events ( 0.05%)
Processed   740000/ 1365372 entries, 54.20% (elapsed time   243.6s, curr speed    2.633 kHz, avg speed    3.038 kHz), accepted      399/  740001 events ( 0.05%)
Processed   750000/ 1365372 entries, 54.93% (elapsed time   246.8s, curr speed    3.181 kHz, avg speed    3.040 kHz), accepted      408/  750001 events ( 0.05%)
Processed   760000/ 1365372 entries, 55.66% (elapsed time   250.5s, curr speed    2.674 kHz, avg speed    3.034 kHz), accepted      415/  760001 events ( 0.05%)
Processed   770000/ 1365372 entries, 56.39% (elapsed time   253.5s, curr speed    3.373 kHz, avg speed    3.038 kHz), accepted      419/  770001 events ( 0.05%)
Processed   780000/ 1365372 entries, 57.13% (elapsed time   256.6s, curr speed    3.186 kHz, avg speed    3.040 kHz), accepted      425/  780001 events ( 0.05%)
Processed   790000/ 1365372 entries, 57.86% (elapsed time   260.8s, curr speed    2.363 kHz, avg speed    3.029 kHz), accepted      428/  790001 events ( 0.05%)
Processed   800000/ 1365372 entries, 58.59% (elapsed time   264.7s, curr speed    2.554 kHz, avg speed    3.022 kHz), accepted      436/  800001 events ( 0.05%)
Processed   810000/ 1365372 entries, 59.32% (elapsed time   267.0s, curr speed    4.526 kHz, avg speed    3.034 kHz), accepted      446/  810001 events ( 0.06%)
Processed   820000/ 1365372 entries, 60.06% (elapsed time   270.9s, curr speed    2.539 kHz, avg speed    3.027 kHz), accepted      458/  820001 events ( 0.06%)
Processed   830000/ 1365372 entries, 60.79% (elapsed time   274.9s, curr speed    2.518 kHz, avg speed    3.020 kHz), accepted      464/  830001 events ( 0.06%)
Processed   840000/ 1365372 entries, 61.52% (elapsed time   277.8s, curr speed    3.362 kHz, avg speed    3.023 kHz), accepted      466/  840001 events ( 0.06%)
Processed   850000/ 1365372 entries, 62.25% (elapsed time   280.8s, curr speed    3.365 kHz, avg speed    3.027 kHz), accepted      470/  850001 events ( 0.06%)
Processed   860000/ 1365372 entries, 62.99% (elapsed time   284.7s, curr speed    2.598 kHz, avg speed    3.021 kHz), accepted      479/  860001 events ( 0.06%)
Processed   870000/ 1365372 entries, 63.72% (elapsed time   287.7s, curr speed    3.327 kHz, avg speed    3.024 kHz), accepted      488/  870001 events ( 0.06%)
Processed   880000/ 1365372 entries, 64.45% (elapsed time   290.9s, curr speed    3.054 kHz, avg speed    3.025 kHz), accepted      498/  880001 events ( 0.06%)
Processed   890000/ 1365372 entries, 65.18% (elapsed time   294.6s, curr speed    2.721 kHz, avg speed    3.021 kHz), accepted      501/  890001 events ( 0.06%)
Processed   900000/ 1365372 entries, 65.92% (elapsed time   297.6s, curr speed    3.390 kHz, avg speed    3.025 kHz), accepted      509/  900001 events ( 0.06%)
Processed   910000/ 1365372 entries, 66.65% (elapsed time   300.9s, curr speed    3.015 kHz, avg speed    3.024 kHz), accepted      516/  910001 events ( 0.06%)
Processed   920000/ 1365372 entries, 67.38% (elapsed time   304.7s, curr speed    2.611 kHz, avg speed    3.019 kHz), accepted      522/  920001 events ( 0.06%)
Processed   930000/ 1365372 entries, 68.11% (elapsed time   308.5s, curr speed    2.649 kHz, avg speed    3.015 kHz), accepted      526/  930001 events ( 0.06%)
Processed   940000/ 1365372 entries, 68.85% (elapsed time   310.9s, curr speed    4.116 kHz, avg speed    3.023 kHz), accepted      533/  940001 events ( 0.06%)
Processed   950000/ 1365372 entries, 69.58% (elapsed time   314.4s, curr speed    2.852 kHz, avg speed    3.021 kHz), accepted      541/  950001 events ( 0.06%)
Processed   960000/ 1365372 entries, 70.31% (elapsed time   317.6s, curr speed    3.142 kHz, avg speed    3.023 kHz), accepted      549/  960001 events ( 0.06%)
Processed   970000/ 1365372 entries, 71.04% (elapsed time   321.0s, curr speed    2.916 kHz, avg speed    3.022 kHz), accepted      559/  970001 events ( 0.06%)
Processed   980000/ 1365372 entries, 71.78% (elapsed time   323.9s, curr speed    3.540 kHz, avg speed    3.026 kHz), accepted      563/  980001 events ( 0.06%)
Processed   990000/ 1365372 entries, 72.51% (elapsed time   327.6s, curr speed    2.660 kHz, avg speed    3.022 kHz), accepted      570/  990001 events ( 0.06%)
Processed  1000000/ 1365372 entries, 73.24% (elapsed time   330.7s, curr speed    3.282 kHz, avg speed    3.024 kHz), accepted      573/ 1000001 events ( 0.06%)
Processed  1010000/ 1365372 entries, 73.97% (elapsed time   333.7s, curr speed    3.306 kHz, avg speed    3.027 kHz), accepted      582/ 1010001 events ( 0.06%)
Processed  1020000/ 1365372 entries, 74.70% (elapsed time   337.1s, curr speed    2.896 kHz, avg speed    3.025 kHz), accepted      588/ 1020001 events ( 0.06%)
Processed  1030000/ 1365372 entries, 75.44% (elapsed time   340.1s, curr speed    3.429 kHz, avg speed    3.029 kHz), accepted      589/ 1030001 events ( 0.06%)
Processed  1040000/ 1365372 entries, 76.17% (elapsed time   343.1s, curr speed    3.236 kHz, avg speed    3.031 kHz), accepted      596/ 1040001 events ( 0.06%)
Processed  1050000/ 1365372 entries, 76.90% (elapsed time   347.2s, curr speed    2.460 kHz, avg speed    3.024 kHz), accepted      602/ 1050001 events ( 0.06%)
Processed  1060000/ 1365372 entries, 77.63% (elapsed time   350.0s, curr speed    3.577 kHz, avg speed    3.029 kHz), accepted      603/ 1060001 events ( 0.06%)
Processed  1070000/ 1365372 entries, 78.37% (elapsed time   352.3s, curr speed    4.329 kHz, avg speed    3.037 kHz), accepted      606/ 1070001 events ( 0.06%)
Processed  1080000/ 1365372 entries, 79.10% (elapsed time   356.2s, curr speed    2.594 kHz, avg speed    3.032 kHz), accepted      610/ 1080001 events ( 0.06%)
Processed  1090000/ 1365372 entries, 79.83% (elapsed time   360.1s, curr speed    2.520 kHz, avg speed    3.027 kHz), accepted      619/ 1090001 events ( 0.06%)
Processed  1100000/ 1365372 entries, 80.56% (elapsed time   363.1s, curr speed    3.393 kHz, avg speed    3.030 kHz), accepted      626/ 1100001 events ( 0.06%)
Processed  1110000/ 1365372 entries, 81.30% (elapsed time   366.4s, curr speed    3.009 kHz, avg speed    3.029 kHz), accepted      629/ 1110001 events ( 0.06%)
Processed  1120000/ 1365372 entries, 82.03% (elapsed time   370.7s, curr speed    2.333 kHz, avg speed    3.021 kHz), accepted      637/ 1120001 events ( 0.06%)
Processed  1130000/ 1365372 entries, 82.76% (elapsed time   374.2s, curr speed    2.884 kHz, avg speed    3.020 kHz), accepted      646/ 1130001 events ( 0.06%)
Processed  1140000/ 1365372 entries, 83.49% (elapsed time   377.4s, curr speed    3.115 kHz, avg speed    3.021 kHz), accepted      651/ 1140001 events ( 0.06%)
Processed  1150000/ 1365372 entries, 84.23% (elapsed time   381.2s, curr speed    2.644 kHz, avg speed    3.017 kHz), accepted      658/ 1150001 events ( 0.06%)
Processed  1160000/ 1365372 entries, 84.96% (elapsed time   383.3s, curr speed    4.595 kHz, avg speed    3.026 kHz), accepted      658/ 1160001 events ( 0.06%)
Processed  1170000/ 1365372 entries, 85.69% (elapsed time   386.3s, curr speed    3.426 kHz, avg speed    3.029 kHz), accepted      664/ 1170001 events ( 0.06%)
Processed  1180000/ 1365372 entries, 86.42% (elapsed time   390.9s, curr speed    2.160 kHz, avg speed    3.019 kHz), accepted      670/ 1180001 events ( 0.06%)
Processed  1190000/ 1365372 entries, 87.16% (elapsed time   394.2s, curr speed    2.985 kHz, avg speed    3.019 kHz), accepted      676/ 1190001 events ( 0.06%)
Processed  1200000/ 1365372 entries, 87.89% (elapsed time   397.6s, curr speed    2.993 kHz, avg speed    3.018 kHz), accepted      685/ 1200001 events ( 0.06%)
Processed  1210000/ 1365372 entries, 88.62% (elapsed time   401.4s, curr speed    2.606 kHz, avg speed    3.014 kHz), accepted      689/ 1210001 events ( 0.06%)
Processed  1220000/ 1365372 entries, 89.35% (elapsed time   405.5s, curr speed    2.423 kHz, avg speed    3.008 kHz), accepted      697/ 1220001 events ( 0.06%)
Processed  1230000/ 1365372 entries, 90.09% (elapsed time   408.0s, curr speed    4.010 kHz, avg speed    3.014 kHz), accepted      703/ 1230001 events ( 0.06%)
Processed  1240000/ 1365372 entries, 90.82% (elapsed time   410.0s, curr speed    5.014 kHz, avg speed    3.024 kHz), accepted      703/ 1240001 events ( 0.06%)
Processed  1250000/ 1365372 entries, 91.55% (elapsed time   414.6s, curr speed    2.189 kHz, avg speed    3.015 kHz), accepted      710/ 1250001 events ( 0.06%)
Processed  1260000/ 1365372 entries, 92.28% (elapsed time   417.7s, curr speed    3.255 kHz, avg speed    3.017 kHz), accepted      717/ 1260001 events ( 0.06%)
Processed  1270000/ 1365372 entries, 93.01% (elapsed time   420.6s, curr speed    3.352 kHz, avg speed    3.019 kHz), accepted      720/ 1270001 events ( 0.06%)
Processed  1280000/ 1365372 entries, 93.75% (elapsed time   423.6s, curr speed    3.380 kHz, avg speed    3.022 kHz), accepted      724/ 1280001 events ( 0.06%)
Processed  1290000/ 1365372 entries, 94.48% (elapsed time   428.2s, curr speed    2.194 kHz, avg speed    3.013 kHz), accepted      732/ 1290001 events ( 0.06%)
Processed  1300000/ 1365372 entries, 95.21% (elapsed time   430.7s, curr speed    3.896 kHz, avg speed    3.018 kHz), accepted      739/ 1300001 events ( 0.06%)
Processed  1310000/ 1365372 entries, 95.94% (elapsed time   435.0s, curr speed    2.352 kHz, avg speed    3.012 kHz), accepted      748/ 1310001 events ( 0.06%)
Processed  1320000/ 1365372 entries, 96.68% (elapsed time   438.3s, curr speed    2.978 kHz, avg speed    3.011 kHz), accepted      751/ 1320001 events ( 0.06%)
Processed  1330000/ 1365372 entries, 97.41% (elapsed time   440.6s, curr speed    4.330 kHz, avg speed    3.018 kHz), accepted      759/ 1330001 events ( 0.06%)
Processed  1340000/ 1365372 entries, 98.14% (elapsed time   444.3s, curr speed    2.710 kHz, avg speed    3.016 kHz), accepted      768/ 1340001 events ( 0.06%)
Processed  1350000/ 1365372 entries, 98.87% (elapsed time   447.1s, curr speed    3.576 kHz, avg speed    3.019 kHz), accepted      772/ 1350001 events ( 0.06%)
Processed  1360000/ 1365372 entries, 99.61% (elapsed time   450.3s, curr speed    3.136 kHz, avg speed    3.020 kHz), accepted      781/ 1360001 events ( 0.06%)
Processed 1365372 preselected entries from root://cms-xrd-global.cern.ch//store/mc/RunIISummer16NanoAODv6/W3JetsToLNu_TuneCUETP8M1_13TeV-madgraphMLM-pythia8/NANOAODSIM/PUMoriond17_Nano25Oct2019_102X_mcRun2_asymptotic_v7-v1/280000/45AFD1B8-C4B6-BA40-8F73-1AEC44F700CF.root (1365372 entries). Finally selected 783 entries
Total time 14639.8 sec. to process 4893031 events. Rate = 334.2 Hz.
>>> cwd          = /pool/condor/dir_10734
>>> ls           = ['x509_voms', 'var', 'pico_etau_etau_1.root', '.job.ad', '.update.ad', '.chirp.config', '_condor_stdout', 'condor_exec.exe', '.machine.ad', 'tmp', 'lvigilan.cc']
>>> getstorage('/eos/home-l/lvigilan/output_2017ReReco18/2016/etau/W3JetsToLNu'), <EOS("/eos/home-l/lvigilan/output_2017ReReco18/2016/etau/W3JetsToLNu") at 0x2ab86c1bc5d0>
>>> Executing: 'cp ./pico_etau_etau_1.root /eos/home-l/lvigilan/output_2017ReReco18/2016/etau/W3JetsToLNu'
>>> Removing './pico_etau_etau_1.root'...
>>> picojob.py done after 14650.7 seconds

Job complete at Tue Dec 29 19:22:16 CET 2020
Took 244 minutes 12 seconds040 (1631435.001.000) 12/29 19:22:17 Finished transferring output files
...
005 (1631435.001.000) 12/29 19:22:17 Job terminated.
	(1) Normal termination (return value 0)
		Usr 0 00:08:50, Sys 0 00:00:28  -  Run Remote Usage
		Usr 0 00:00:00, Sys 0 00:00:00  -  Run Local Usage
		Usr 0 00:08:50, Sys 0 00:00:28  -  Total Remote Usage
		Usr 0 00:00:00, Sys 0 00:00:00  -  Total Local Usage
	93722  -  Run Bytes Sent By Job
	9873  -  Run Bytes Received By Job
	93722  -  Total Bytes Sent By Job
	19746  -  Total Bytes Received By Job
	Partitionable Resources :    Usage  Request Allocated 
	   Cpus                 :     0.38        1         1 
	   Disk (KB)            :   162         100    271426 
	   Memory (MB)          :   305        2000      2000 
...
