Could not find platform independent libraries <prefix>
Could not find platform dependent libraries <exec_prefix>
Consider setting $PYTHONHOME to <prefix>[:<exec_prefix>]
ImportError: No module named site
Job start at Mon Jun  7 23:06:16 CEST 2021
Running job on machine Linux b7g28n0756.cern.ch 3.10.0-1160.21.1.el7.x86_64 #1 SMP Tue Mar 16 18:28:22 UTC 2021 x86_64 x86_64 x86_64 GNU/Linux, host b7g28n0756.cern.ch
============================================================
$PWD=/pool/condor/dir_9436
$JOBID=2367903
$TASKID=73
$HOSTNAME=b7g28n0756.cern.ch
$TASKCMD=/afs/cern.ch/work/l/lvigilan/TauWork/CMSSW_10_6_17_patch1/src/TauFW/PicoProducer/python/processors/picojob.py -y UL2017 -d 'data' -c etau -M ETauFakeRate.ModuleETau --copydir /eos/home-l/lvigilan/output_ETauFR_UL17_RUN1/UL2017/etau/SingleElectron_Run2017F -t _etau_EES0p99_73 --opt 'ees=0.99' 'useT1=False' -i /eos/cms/store/group/phys_tau/TauFW/nano/UL2017/SingleElectron/Run2017F-UL2017_MiniAODv1_NanoAODv2-v1/NANOAOD/A77D5E35-53A5-EC47-9B46-026CD76D7464_skimjec_0.root /eos/cms/store/group/phys_tau/TauFW/nano/UL2017/SingleElectron/Run2017F-UL2017_MiniAODv1_NanoAODv2-v1/NANOAOD/A77D5E35-53A5-EC47-9B46-026CD76D7464_skimjec_1.root /eos/cms/store/group/phys_tau/TauFW/nano/UL2017/SingleElectron/Run2017F-UL2017_MiniAODv1_NanoAODv2-v1/NANOAOD/A77D5E35-53A5-EC47-9B46-026CD76D7464_skimjec_2.root /eos/cms/store/group/phys_tau/TauFW/nano/UL2017/SingleElectron/Run2017F-UL2017_MiniAODv1_NanoAODv2-v1/NANOAOD/A77D5E35-53A5-EC47-9B46-026CD76D7464_skimjec_3.root /eos/cms/store/group/phys_tau/TauFW/nano/UL2017/SingleElectron/Run2017F-UL2017_MiniAODv1_NanoAODv2-v1/NANOAOD/A77D5E35-53A5-EC47-9B46-026CD76D7464_skimjec_4.root
$WORKDIR=/pool/condor/dir_9436
>>> cd /afs/cern.ch/work/l/lvigilan/TauWork/CMSSW_10_6_17_patch1/src
>>> eval `scramv1 runtime -sh`
>>> cd /pool/condor/dir_9436
$PWD=/pool/condor/dir_9436
>>> /afs/cern.ch/work/l/lvigilan/TauWork/CMSSW_10_6_17_patch1/src/TauFW/PicoProducer/python/processors/picojob.py -y UL2017 -d 'data' -c etau -M ETauFakeRate.ModuleETau --copydir /eos/home-l/lvigilan/output_ETauFR_UL17_RUN1/UL2017/etau/SingleElectron_Run2017F -t _etau_EES0p99_73 --opt 'ees=0.99' 'useT1=False' -i /eos/cms/store/group/phys_tau/TauFW/nano/UL2017/SingleElectron/Run2017F-UL2017_MiniAODv1_NanoAODv2-v1/NANOAOD/A77D5E35-53A5-EC47-9B46-026CD76D7464_skimjec_0.root /eos/cms/store/group/phys_tau/TauFW/nano/UL2017/SingleElectron/Run2017F-UL2017_MiniAODv1_NanoAODv2-v1/NANOAOD/A77D5E35-53A5-EC47-9B46-026CD76D7464_skimjec_1.root /eos/cms/store/group/phys_tau/TauFW/nano/UL2017/SingleElectron/Run2017F-UL2017_MiniAODv1_NanoAODv2-v1/NANOAOD/A77D5E35-53A5-EC47-9B46-026CD76D7464_skimjec_2.root /eos/cms/store/group/phys_tau/TauFW/nano/UL2017/SingleElectron/Run2017F-UL2017_MiniAODv1_NanoAODv2-v1/NANOAOD/A77D5E35-53A5-EC47-9B46-026CD76D7464_skimjec_3.root /eos/cms/store/group/phys_tau/TauFW/nano/UL2017/SingleElectron/Run2017F-UL2017_MiniAODv1_NanoAODv2-v1/NANOAOD/A77D5E35-53A5-EC47-9B46-026CD76D7464_skimjec_4.root
Error in <TGClient::TGClient>: can't open display "localhost:13.0", switching to batch mode...
 In case you run from a remote ssh session, reconnect with ssh -Y
--------------------------------------------------------------------------------
>>> era          = 'UL2017'
>>> year         = 2017
>>> channel      = 'etau'
>>> modname      = 'ETauFakeRate.ModuleETau'
>>> dtype        = 'data'
>>> kwargs       = {'dtype': 'data', 'ees': 0.99, 'useT1': False, 'verb': 0, 'era': 'UL2017', 'year': 2017}
>>> firstevt     = 0
>>> maxevts      = None
>>> outdir       = '.'
>>> copydir      = '/eos/home-l/lvigilan/output_ETauFR_UL17_RUN1/UL2017/etau/SingleElectron_Run2017F'
>>> infiles      = ['/eos/cms/store/group/phys_tau/TauFW/nano/UL2017/SingleElectron/Run2017F-UL2017_MiniAODv1_NanoAODv2-v1/NANOAOD/A77D5E35-53A5-EC47-9B46-026CD76D7464_skimjec_0.root', '/eos/cms/store/group/phys_tau/TauFW/nano/UL2017/SingleElectron/Run2017F-UL2017_MiniAODv1_NanoAODv2-v1/NANOAOD/A77D5E35-53A5-EC47-9B46-026CD76D7464_skimjec_1.root', '/eos/cms/store/group/phys_tau/TauFW/nano/UL2017/SingleElectron/Run2017F-UL2017_MiniAODv1_NanoAODv2-v1/NANOAOD/A77D5E35-53A5-EC47-9B46-026CD76D7464_skimjec_2.root', '/eos/cms/store/group/phys_tau/TauFW/nano/UL2017/SingleElectron/Run2017F-UL2017_MiniAODv1_NanoAODv2-v1/NANOAOD/A77D5E35-53A5-EC47-9B46-026CD76D7464_skimjec_3.root', '/eos/cms/store/group/phys_tau/TauFW/nano/UL2017/SingleElectron/Run2017F-UL2017_MiniAODv1_NanoAODv2-v1/NANOAOD/A77D5E35-53A5-EC47-9B46-026CD76D7464_skimjec_4.root']
>>> outfname     = './pico_etau_EES0p99_73.root'
>>> branchsel    = '/afs/cern.ch/work/l/lvigilan/TauWork/CMSSW_10_6_17_patch1/python/TauFW/PicoProducer/processors/keep_and_drop_skim.txt'
>>> json         = '/afs/cern.ch/work/l/lvigilan/TauWork/CMSSW_10_6_17_patch1/src/TauFW/PicoProducer/data/json/2017/Cert_294927-306462_13TeV_PromptReco_Collisions17_JSON.txt'
>>> prefetch     = False
>>> cwd          = /pool/condor/dir_9436
--------------------------------------------------------------------------------

   ################
   #  ModuleETau  #
   ################

Loading TreeProducerETau for './pico_etau_EES0p99_73.root'
--------------------------------------------------------------------------------
>>> filename     = './pico_etau_EES0p99_73.root'
>>> year         = 2017
>>> dtype        = 'data'
>>> channel      = 'etau'
>>> ismc         = False
>>> isdata       = True
>>> isembed      = False
>>> tes          = None
>>> tessys       = None
>>> fes          = None
>>> ltf          = None
>>> jtf          = 1.0
>>> dotoppt      = False
>>> dozpt        = False
>>> dojec        = False
>>> dojecsys     = False
>>> dotight      = False
>>> useT1        = False
>>> jetCutPt     = 30
>>> bjetCutEta   = 2.7
>>> tauwp        = 0
>>> eleCutPt     = 36
>>> eleCutEta    = 2.1
>>> tauCutPt     = 20
>>> tauCutEta    = 2.3
>>> ZpeekReso    = 0.0
Pre-select 214104 entries out of 214104 (100.00%)
Processed    10000/  214104 entries,  4.67% (elapsed time     6.2s, curr speed    1.623 kHz, avg speed    1.623 kHz), accepted      648/   10001 events ( 6.48%)
Processed    20000/  214104 entries,  9.34% (elapsed time    10.2s, curr speed    2.461 kHz, avg speed    1.956 kHz), accepted     1302/   20001 events ( 6.51%)
Processed    30000/  214104 entries, 14.01% (elapsed time    14.4s, curr speed    2.387 kHz, avg speed    2.082 kHz), accepted     1924/   30001 events ( 6.41%)
Processed    40000/  214104 entries, 18.68% (elapsed time    18.0s, curr speed    2.766 kHz, avg speed    2.219 kHz), accepted     2506/   40001 events ( 6.26%)
Processed    50000/  214104 entries, 23.35% (elapsed time    22.0s, curr speed    2.544 kHz, avg speed    2.277 kHz), accepted     3046/   50001 events ( 6.09%)
Processed    60000/  214104 entries, 28.02% (elapsed time    25.9s, curr speed    2.528 kHz, avg speed    2.315 kHz), accepted     3641/   60001 events ( 6.07%)
Processed    70000/  214104 entries, 32.69% (elapsed time    29.7s, curr speed    2.640 kHz, avg speed    2.357 kHz), accepted     4166/   70001 events ( 5.95%)
Processed    80000/  214104 entries, 37.37% (elapsed time    33.4s, curr speed    2.674 kHz, avg speed    2.392 kHz), accepted     4801/   80001 events ( 6.00%)
Processed    90000/  214104 entries, 42.04% (elapsed time    37.1s, curr speed    2.717 kHz, avg speed    2.424 kHz), accepted     5410/   90001 events ( 6.01%)
Processed   100000/  214104 entries, 46.71% (elapsed time    41.1s, curr speed    2.522 kHz, avg speed    2.434 kHz), accepted     6060/  100001 events ( 6.06%)
Processed   110000/  214104 entries, 51.38% (elapsed time    44.6s, curr speed    2.866 kHz, avg speed    2.468 kHz), accepted     6616/  110001 events ( 6.01%)
Processed   120000/  214104 entries, 56.05% (elapsed time    48.3s, curr speed    2.683 kHz, avg speed    2.484 kHz), accepted     7206/  120001 events ( 6.00%)
Processed   130000/  214104 entries, 60.72% (elapsed time    52.0s, curr speed    2.690 kHz, avg speed    2.499 kHz), accepted     7808/  130001 events ( 6.01%)
Processed   140000/  214104 entries, 65.39% (elapsed time    55.4s, curr speed    2.929 kHz, avg speed    2.525 kHz), accepted     8350/  140001 events ( 5.96%)
Processed   150000/  214104 entries, 70.06% (elapsed time    59.0s, curr speed    2.816 kHz, avg speed    2.543 kHz), accepted     8885/  150001 events ( 5.92%)
Processed   160000/  214104 entries, 74.73% (elapsed time    62.7s, curr speed    2.690 kHz, avg speed    2.552 kHz), accepted     9442/  160001 events ( 5.90%)
Processed   170000/  214104 entries, 79.40% (elapsed time    66.4s, curr speed    2.711 kHz, avg speed    2.561 kHz), accepted    10039/  170001 events ( 5.91%)
Processed   180000/  214104 entries, 84.07% (elapsed time    69.6s, curr speed    3.136 kHz, avg speed    2.587 kHz), accepted    10646/  180001 events ( 5.91%)
Processed   190000/  214104 entries, 88.74% (elapsed time    73.2s, curr speed    2.747 kHz, avg speed    2.595 kHz), accepted    11220/  190001 events ( 5.91%)
Processed   200000/  214104 entries, 93.41% (elapsed time    77.3s, curr speed    2.459 kHz, avg speed    2.588 kHz), accepted    11813/  200001 events ( 5.91%)
Processed   210000/  214104 entries, 98.08% (elapsed time    80.9s, curr speed    2.760 kHz, avg speed    2.595 kHz), accepted    12419/  210001 events ( 5.91%)
Processed 214104 preselected entries from /eos/cms/store/group/phys_tau/TauFW/nano/UL2017/SingleElectron/Run2017F-UL2017_MiniAODv1_NanoAODv2-v1/NANOAOD/A77D5E35-53A5-EC47-9B46-026CD76D7464_skimjec_0.root (214104 entries). Finally selected 12639 entries
Pre-select 219544 entries out of 219544 (100.00%)
Processed    10000/  219544 entries,  4.55% (elapsed time     5.3s, curr speed    1.889 kHz, avg speed    1.889 kHz), accepted      579/   10001 events ( 5.79%)
Processed    20000/  219544 entries,  9.11% (elapsed time     9.4s, curr speed    2.458 kHz, avg speed    2.136 kHz), accepted     1196/   20001 events ( 5.98%)
Processed    30000/  219544 entries, 13.66% (elapsed time    13.1s, curr speed    2.707 kHz, avg speed    2.298 kHz), accepted     1756/   30001 events ( 5.85%)
Processed    40000/  219544 entries, 18.22% (elapsed time    16.7s, curr speed    2.741 kHz, avg speed    2.394 kHz), accepted     2303/   40001 events ( 5.76%)
Processed    50000/  219544 entries, 22.77% (elapsed time    20.4s, curr speed    2.687 kHz, avg speed    2.448 kHz), accepted     2891/   50001 events ( 5.78%)
Processed    60000/  219544 entries, 27.33% (elapsed time    24.1s, curr speed    2.690 kHz, avg speed    2.485 kHz), accepted     3448/   60001 events ( 5.75%)
Processed    70000/  219544 entries, 31.88% (elapsed time    28.2s, curr speed    2.477 kHz, avg speed    2.484 kHz), accepted     4038/   70001 events ( 5.77%)
Processed    80000/  219544 entries, 36.44% (elapsed time    32.1s, curr speed    2.570 kHz, avg speed    2.494 kHz), accepted     4622/   80001 events ( 5.78%)
Processed    90000/  219544 entries, 40.99% (elapsed time    36.4s, curr speed    2.313 kHz, avg speed    2.473 kHz), accepted     5221/   90001 events ( 5.80%)
Processed   100000/  219544 entries, 45.55% (elapsed time    40.8s, curr speed    2.280 kHz, avg speed    2.452 kHz), accepted     5847/  100001 events ( 5.85%)
Processed   110000/  219544 entries, 50.10% (elapsed time    44.9s, curr speed    2.444 kHz, avg speed    2.451 kHz), accepted     6534/  110001 events ( 5.94%)
Processed   120000/  219544 entries, 54.66% (elapsed time    49.4s, curr speed    2.203 kHz, avg speed    2.429 kHz), accepted     7183/  120001 events ( 5.99%)
Processed   130000/  219544 entries, 59.21% (elapsed time    53.5s, curr speed    2.419 kHz, avg speed    2.428 kHz), accepted     7869/  130001 events ( 6.05%)
Processed   140000/  219544 entries, 63.77% (elapsed time    58.1s, curr speed    2.184 kHz, avg speed    2.409 kHz), accepted     8537/  140001 events ( 6.10%)
Processed   150000/  219544 entries, 68.32% (elapsed time    62.1s, curr speed    2.494 kHz, avg speed    2.414 kHz), accepted     9200/  150001 events ( 6.13%)
Processed   160000/  219544 entries, 72.88% (elapsed time    65.9s, curr speed    2.628 kHz, avg speed    2.427 kHz), accepted     9788/  160001 events ( 6.12%)
Processed   170000/  219544 entries, 77.43% (elapsed time    70.2s, curr speed    2.366 kHz, avg speed    2.423 kHz), accepted    10440/  170001 events ( 6.14%)
Processed   180000/  219544 entries, 81.99% (elapsed time    74.2s, curr speed    2.496 kHz, avg speed    2.427 kHz), accepted    11098/  180001 events ( 6.17%)
Processed   190000/  219544 entries, 86.54% (elapsed time    78.2s, curr speed    2.454 kHz, avg speed    2.428 kHz), accepted    11773/  190001 events ( 6.20%)
Processed   200000/  219544 entries, 91.10% (elapsed time    81.6s, curr speed    3.015 kHz, avg speed    2.452 kHz), accepted    12386/  200001 events ( 6.19%)
Processed   210000/  219544 entries, 95.65% (elapsed time    85.4s, curr speed    2.585 kHz, avg speed    2.458 kHz), accepted    13046/  210001 events ( 6.21%)
Processed 219544 preselected entries from /eos/cms/store/group/phys_tau/TauFW/nano/UL2017/SingleElectron/Run2017F-UL2017_MiniAODv1_NanoAODv2-v1/NANOAOD/A77D5E35-53A5-EC47-9B46-026CD76D7464_skimjec_1.root (219544 entries). Finally selected 13669 entries
Pre-select 219537 entries out of 219537 (100.00%)
Processed    10000/  219537 entries,  4.56% (elapsed time     5.0s, curr speed    1.983 kHz, avg speed    1.983 kHz), accepted      594/   10001 events ( 5.94%)
Processed    20000/  219537 entries,  9.11% (elapsed time     8.8s, curr speed    2.654 kHz, avg speed    2.270 kHz), accepted     1137/   20001 events ( 5.68%)
Processed    30000/  219537 entries, 13.67% (elapsed time    12.2s, curr speed    2.937 kHz, avg speed    2.456 kHz), accepted     1733/   30001 events ( 5.78%)
Processed    40000/  219537 entries, 18.22% (elapsed time    16.5s, curr speed    2.340 kHz, avg speed    2.426 kHz), accepted     2322/   40001 events ( 5.80%)
Processed    50000/  219537 entries, 22.78% (elapsed time    20.9s, curr speed    2.256 kHz, avg speed    2.390 kHz), accepted     2934/   50001 events ( 5.87%)
Processed    60000/  219537 entries, 27.33% (elapsed time    25.2s, curr speed    2.362 kHz, avg speed    2.385 kHz), accepted     3588/   60001 events ( 5.98%)
Processed    70000/  219537 entries, 31.89% (elapsed time    29.4s, curr speed    2.374 kHz, avg speed    2.384 kHz), accepted     4258/   70001 events ( 6.08%)
Processed    80000/  219537 entries, 36.44% (elapsed time    33.5s, curr speed    2.402 kHz, avg speed    2.386 kHz), accepted     4928/   80001 events ( 6.16%)
Processed    90000/  219537 entries, 41.00% (elapsed time    37.5s, curr speed    2.539 kHz, avg speed    2.402 kHz), accepted     5600/   90001 events ( 6.22%)
Processed   100000/  219537 entries, 45.55% (elapsed time    41.4s, curr speed    2.557 kHz, avg speed    2.417 kHz), accepted     6232/  100001 events ( 6.23%)
Processed   110000/  219537 entries, 50.11% (elapsed time    45.6s, curr speed    2.352 kHz, avg speed    2.411 kHz), accepted     6899/  110001 events ( 6.27%)
Processed   120000/  219537 entries, 54.66% (elapsed time    49.8s, curr speed    2.418 kHz, avg speed    2.411 kHz), accepted     7489/  120001 events ( 6.24%)
Processed   130000/  219537 entries, 59.22% (elapsed time    53.6s, curr speed    2.620 kHz, avg speed    2.426 kHz), accepted     8063/  130001 events ( 6.20%)
Processed   140000/  219537 entries, 63.77% (elapsed time    57.1s, curr speed    2.826 kHz, avg speed    2.451 kHz), accepted     8578/  140001 events ( 6.13%)
Processed   150000/  219537 entries, 68.33% (elapsed time    61.2s, curr speed    2.461 kHz, avg speed    2.452 kHz), accepted     9232/  150001 events ( 6.15%)
Processed   160000/  219537 entries, 72.88% (elapsed time    64.8s, curr speed    2.799 kHz, avg speed    2.471 kHz), accepted     9794/  160001 events ( 6.12%)
Processed   170000/  219537 entries, 77.44% (elapsed time    68.7s, curr speed    2.531 kHz, avg speed    2.474 kHz), accepted    10386/  170001 events ( 6.11%)
Processed   180000/  219537 entries, 81.99% (elapsed time    71.9s, curr speed    3.090 kHz, avg speed    2.502 kHz), accepted    10935/  180001 events ( 6.07%)
Processed   190000/  219537 entries, 86.55% (elapsed time    74.9s, curr speed    3.395 kHz, avg speed    2.537 kHz), accepted    11410/  190001 events ( 6.01%)
Processed   200000/  219537 entries, 91.10% (elapsed time    78.4s, curr speed    2.853 kHz, avg speed    2.551 kHz), accepted    11906/  200001 events ( 5.95%)
Processed   210000/  219537 entries, 95.66% (elapsed time    81.6s, curr speed    3.119 kHz, avg speed    2.573 kHz), accepted    12413/  210001 events ( 5.91%)
Processed 219537 preselected entries from /eos/cms/store/group/phys_tau/TauFW/nano/UL2017/SingleElectron/Run2017F-UL2017_MiniAODv1_NanoAODv2-v1/NANOAOD/A77D5E35-53A5-EC47-9B46-026CD76D7464_skimjec_2.root (219537 entries). Finally selected 12915 entries
Pre-select 219544 entries out of 219544 (100.00%)
Processed    10000/  219544 entries,  4.55% (elapsed time     4.8s, curr speed    2.065 kHz, avg speed    2.065 kHz), accepted      456/   10001 events ( 4.56%)
Processed    20000/  219544 entries,  9.11% (elapsed time     8.2s, curr speed    2.939 kHz, avg speed    2.426 kHz), accepted      925/   20001 events ( 4.62%)
Processed    30000/  219544 entries, 13.66% (elapsed time    11.8s, curr speed    2.799 kHz, avg speed    2.538 kHz), accepted     1412/   30001 events ( 4.71%)
Processed    40000/  219544 entries, 18.22% (elapsed time    15.4s, curr speed    2.829 kHz, avg speed    2.605 kHz), accepted     1966/   40001 events ( 4.91%)
Processed    50000/  219544 entries, 22.77% (elapsed time    19.5s, curr speed    2.404 kHz, avg speed    2.562 kHz), accepted     2550/   50001 events ( 5.10%)
Processed    60000/  219544 entries, 27.33% (elapsed time    24.0s, curr speed    2.206 kHz, avg speed    2.495 kHz), accepted     3133/   60001 events ( 5.22%)
Processed    70000/  219544 entries, 31.88% (elapsed time    27.8s, curr speed    2.652 kHz, avg speed    2.516 kHz), accepted     3765/   70001 events ( 5.38%)
Processed    80000/  219544 entries, 36.44% (elapsed time    31.5s, curr speed    2.722 kHz, avg speed    2.540 kHz), accepted     4316/   80001 events ( 5.39%)
Processed    90000/  219544 entries, 40.99% (elapsed time    35.5s, curr speed    2.500 kHz, avg speed    2.536 kHz), accepted     4922/   90001 events ( 5.47%)
Processed   100000/  219544 entries, 45.55% (elapsed time    39.5s, curr speed    2.523 kHz, avg speed    2.535 kHz), accepted     5501/  100001 events ( 5.50%)
Processed   110000/  219544 entries, 50.10% (elapsed time    43.6s, curr speed    2.402 kHz, avg speed    2.522 kHz), accepted     6102/  110001 events ( 5.55%)
Processed   120000/  219544 entries, 54.66% (elapsed time    47.5s, curr speed    2.600 kHz, avg speed    2.528 kHz), accepted     6699/  120001 events ( 5.58%)
Processed   130000/  219544 entries, 59.21% (elapsed time    51.7s, curr speed    2.362 kHz, avg speed    2.515 kHz), accepted     7341/  130001 events ( 5.65%)
Processed   140000/  219544 entries, 63.77% (elapsed time    55.3s, curr speed    2.737 kHz, avg speed    2.529 kHz), accepted     7881/  140001 events ( 5.63%)
Processed   150000/  219544 entries, 68.32% (elapsed time    59.6s, curr speed    2.363 kHz, avg speed    2.518 kHz), accepted     8477/  150001 events ( 5.65%)
Processed   160000/  219544 entries, 72.88% (elapsed time    63.9s, curr speed    2.314 kHz, avg speed    2.504 kHz), accepted     9096/  160001 events ( 5.68%)
Processed   170000/  219544 entries, 77.43% (elapsed time    67.8s, curr speed    2.597 kHz, avg speed    2.509 kHz), accepted     9647/  170001 events ( 5.67%)
Processed   180000/  219544 entries, 81.99% (elapsed time    71.6s, curr speed    2.576 kHz, avg speed    2.513 kHz), accepted    10217/  180001 events ( 5.68%)
Processed   190000/  219544 entries, 86.54% (elapsed time    75.6s, curr speed    2.495 kHz, avg speed    2.512 kHz), accepted    10809/  190001 events ( 5.69%)
Processed   200000/  219544 entries, 91.10% (elapsed time    79.3s, curr speed    2.700 kHz, avg speed    2.521 kHz), accepted    11388/  200001 events ( 5.69%)
Processed   210000/  219544 entries, 95.65% (elapsed time    83.2s, curr speed    2.562 kHz, avg speed    2.523 kHz), accepted    11999/  210001 events ( 5.71%)
Processed 219544 preselected entries from /eos/cms/store/group/phys_tau/TauFW/nano/UL2017/SingleElectron/Run2017F-UL2017_MiniAODv1_NanoAODv2-v1/NANOAOD/A77D5E35-53A5-EC47-9B46-026CD76D7464_skimjec_3.root (219544 entries). Finally selected 12581 entries
Pre-select 217002 entries out of 217002 (100.00%)
Processed    10000/  217002 entries,  4.61% (elapsed time     4.8s, curr speed    2.084 kHz, avg speed    2.084 kHz), accepted      575/   10001 events ( 5.75%)
Processed    20000/  217002 entries,  9.22% (elapsed time     9.1s, curr speed    2.330 kHz, avg speed    2.200 kHz), accepted     1146/   20001 events ( 5.73%)
Processed    30000/  217002 entries, 13.82% (elapsed time    12.9s, curr speed    2.594 kHz, avg speed    2.317 kHz), accepted     1734/   30001 events ( 5.78%)
Processed    40000/  217002 entries, 18.43% (elapsed time    16.5s, curr speed    2.847 kHz, avg speed    2.430 kHz), accepted     2325/   40001 events ( 5.81%)
Processed    50000/  217002 entries, 23.04% (elapsed time    20.6s, curr speed    2.411 kHz, avg speed    2.426 kHz), accepted     2899/   50001 events ( 5.80%)
Processed    60000/  217002 entries, 27.65% (elapsed time    24.8s, curr speed    2.409 kHz, avg speed    2.423 kHz), accepted     3486/   60001 events ( 5.81%)
Processed    70000/  217002 entries, 32.26% (elapsed time    28.9s, curr speed    2.434 kHz, avg speed    2.425 kHz), accepted     4082/   70001 events ( 5.83%)
Processed    80000/  217002 entries, 36.87% (elapsed time    33.3s, curr speed    2.263 kHz, avg speed    2.403 kHz), accepted     4730/   80001 events ( 5.91%)
Processed    90000/  217002 entries, 41.47% (elapsed time    37.2s, curr speed    2.581 kHz, avg speed    2.422 kHz), accepted     5306/   90001 events ( 5.90%)
Processed   100000/  217002 entries, 46.08% (elapsed time    41.2s, curr speed    2.473 kHz, avg speed    2.427 kHz), accepted     5920/  100001 events ( 5.92%)
Processed   110000/  217002 entries, 50.69% (elapsed time    45.2s, curr speed    2.528 kHz, avg speed    2.436 kHz), accepted     6492/  110001 events ( 5.90%)
Processed   120000/  217002 entries, 55.30% (elapsed time    48.8s, curr speed    2.739 kHz, avg speed    2.458 kHz), accepted     7048/  120001 events ( 5.87%)
Processed   130000/  217002 entries, 59.91% (elapsed time    52.4s, curr speed    2.795 kHz, avg speed    2.481 kHz), accepted     7577/  130001 events ( 5.83%)
Processed   140000/  217002 entries, 64.52% (elapsed time    55.9s, curr speed    2.850 kHz, avg speed    2.505 kHz), accepted     8110/  140001 events ( 5.79%)
Processed   150000/  217002 entries, 69.12% (elapsed time    59.3s, curr speed    2.936 kHz, avg speed    2.529 kHz), accepted     8640/  150001 events ( 5.76%)
Processed   160000/  217002 entries, 73.73% (elapsed time    62.1s, curr speed    3.524 kHz, avg speed    2.575 kHz), accepted     9191/  160001 events ( 5.74%)
Processed   170000/  217002 entries, 78.34% (elapsed time    64.7s, curr speed    3.850 kHz, avg speed    2.626 kHz), accepted     9715/  170001 events ( 5.71%)
Processed   180000/  217002 entries, 82.95% (elapsed time    68.2s, curr speed    2.888 kHz, avg speed    2.639 kHz), accepted    10209/  180001 events ( 5.67%)
Processed   190000/  217002 entries, 87.56% (elapsed time    72.0s, curr speed    2.647 kHz, avg speed    2.640 kHz), accepted    10748/  190001 events ( 5.66%)
Processed   200000/  217002 entries, 92.17% (elapsed time    75.5s, curr speed    2.868 kHz, avg speed    2.650 kHz), accepted    11242/  200001 events ( 5.62%)
Processed   210000/  217002 entries, 96.77% (elapsed time    78.7s, curr speed    3.048 kHz, avg speed    2.667 kHz), accepted    11758/  210001 events ( 5.60%)
Processed 217002 preselected entries from /eos/cms/store/group/phys_tau/TauFW/nano/UL2017/SingleElectron/Run2017F-UL2017_MiniAODv1_NanoAODv2-v1/NANOAOD/A77D5E35-53A5-EC47-9B46-026CD76D7464_skimjec_4.root (217002 entries). Finally selected 12098 entries
Total time 480.5 sec. to process 1089731 events. Rate = 2267.9 Hz.
>>> cwd          = /pool/condor/dir_9436
>>> ls           = ['condor_exec.exe', '.chirp.config', '_condor_stdout', '.job.ad', 'lvigilan.cc', '.update.ad', 'tmp', 'x509_voms', '.machine.ad', 'var', 'pico_etau_EES0p99_73.root']
>>> getstorage('/eos/home-l/lvigilan/output_ETauFR_UL17_RUN1/UL2017/etau/SingleElectron_Run2017F'), <EOS("/eos/home-l/lvigilan/output_ETauFR_UL17_RUN1/UL2017/etau/SingleElectron_Run2017F") at 0x2afc90a70a10>
>>> Executing: 'cp ./pico_etau_EES0p99_73.root /eos/home-l/lvigilan/output_ETauFR_UL17_RUN1/UL2017/etau/SingleElectron_Run2017F'
>>> Removing './pico_etau_EES0p99_73.root'...
>>> picojob.py done after 493.4 seconds

Job complete at Mon Jun  7 23:14:32 CEST 2021
Took 8 minutes 16 seconds040 (2367903.073.000) 06/07 23:47:43 Finished transferring output files
...
005 (2367903.073.000) 06/07 23:47:43 Job terminated.
	(1) Normal termination (return value 0)
		Usr 0 00:07:00, Sys 0 00:00:18  -  Run Remote Usage
		Usr 0 00:00:00, Sys 0 00:00:00  -  Run Local Usage
		Usr 0 00:07:00, Sys 0 00:00:18  -  Total Remote Usage
		Usr 0 00:00:00, Sys 0 00:00:00  -  Total Local Usage
	32317  -  Run Bytes Sent By Job
	9898  -  Run Bytes Received By Job
	32317  -  Total Bytes Sent By Job
	9898  -  Total Bytes Received By Job
	Partitionable Resources :    Usage  Request Allocated 
	   Cpus                 :        0        1         1 
	   Disk (KB)            :     4262        1    211428 
	   Memory (MB)          :      195     2000      2000 

	Job terminated of its own accord at 2021-06-07T21:14:32Z.
...
