Could not find platform independent libraries <prefix>
Could not find platform dependent libraries <exec_prefix>
Consider setting $PYTHONHOME to <prefix>[:<exec_prefix>]
ImportError: No module named site
Job start at Mon Jun  7 19:25:06 CEST 2021
Running job on machine Linux b7g23n2284.cern.ch 3.10.0-1160.24.1.el7.x86_64 #1 SMP Thu Apr 8 19:51:47 UTC 2021 x86_64 x86_64 x86_64 GNU/Linux, host b7g23n2284.cern.ch
============================================================
$PWD=/pool/condor/dir_14266
$JOBID=2367610
$TASKID=101
$HOSTNAME=b7g23n2284.cern.ch
$TASKCMD=/afs/cern.ch/work/l/lvigilan/TauWork/CMSSW_10_6_17_patch1/src/TauFW/PicoProducer/python/processors/picojob.py -y UL2017 -d 'data' -c etau -M ETauFakeRate.ModuleETau --copydir /eos/home-l/lvigilan/output_ETauFR_UL17_RUN1/UL2017/etau/SingleElectron_Run2017F -t _etau_101 --opt 'useT1=False' -i /eos/cms/store/group/phys_tau/TauFW/nano/UL2017/SingleElectron/Run2017F-UL2017_MiniAODv1_NanoAODv2-v1/NANOAOD/EEACF3DE-09FE-494C-AF54-69329C2DEC6D_skimjec_3.root /eos/cms/store/group/phys_tau/TauFW/nano/UL2017/SingleElectron/Run2017F-UL2017_MiniAODv1_NanoAODv2-v1/NANOAOD/EEACF3DE-09FE-494C-AF54-69329C2DEC6D_skimjec_4.root /eos/cms/store/group/phys_tau/TauFW/nano/UL2017/SingleElectron/Run2017F-UL2017_MiniAODv1_NanoAODv2-v1/NANOAOD/EEACF3DE-09FE-494C-AF54-69329C2DEC6D_skimjec_5.root /eos/cms/store/group/phys_tau/TauFW/nano/UL2017/SingleElectron/Run2017F-UL2017_MiniAODv1_NanoAODv2-v1/NANOAOD/EEACF3DE-09FE-494C-AF54-69329C2DEC6D_skimjec_6.root /eos/cms/store/group/phys_tau/TauFW/nano/UL2017/SingleElectron/Run2017F-UL2017_MiniAODv1_NanoAODv2-v1/NANOAOD/F00D4162-1475-464F-BC76-885B72848BE7_skimjec_0.root
$WORKDIR=/pool/condor/dir_14266
>>> cd /afs/cern.ch/work/l/lvigilan/TauWork/CMSSW_10_6_17_patch1/src
>>> eval `scramv1 runtime -sh`
>>> cd /pool/condor/dir_14266
$PWD=/pool/condor/dir_14266
>>> /afs/cern.ch/work/l/lvigilan/TauWork/CMSSW_10_6_17_patch1/src/TauFW/PicoProducer/python/processors/picojob.py -y UL2017 -d 'data' -c etau -M ETauFakeRate.ModuleETau --copydir /eos/home-l/lvigilan/output_ETauFR_UL17_RUN1/UL2017/etau/SingleElectron_Run2017F -t _etau_101 --opt 'useT1=False' -i /eos/cms/store/group/phys_tau/TauFW/nano/UL2017/SingleElectron/Run2017F-UL2017_MiniAODv1_NanoAODv2-v1/NANOAOD/EEACF3DE-09FE-494C-AF54-69329C2DEC6D_skimjec_3.root /eos/cms/store/group/phys_tau/TauFW/nano/UL2017/SingleElectron/Run2017F-UL2017_MiniAODv1_NanoAODv2-v1/NANOAOD/EEACF3DE-09FE-494C-AF54-69329C2DEC6D_skimjec_4.root /eos/cms/store/group/phys_tau/TauFW/nano/UL2017/SingleElectron/Run2017F-UL2017_MiniAODv1_NanoAODv2-v1/NANOAOD/EEACF3DE-09FE-494C-AF54-69329C2DEC6D_skimjec_5.root /eos/cms/store/group/phys_tau/TauFW/nano/UL2017/SingleElectron/Run2017F-UL2017_MiniAODv1_NanoAODv2-v1/NANOAOD/EEACF3DE-09FE-494C-AF54-69329C2DEC6D_skimjec_6.root /eos/cms/store/group/phys_tau/TauFW/nano/UL2017/SingleElectron/Run2017F-UL2017_MiniAODv1_NanoAODv2-v1/NANOAOD/F00D4162-1475-464F-BC76-885B72848BE7_skimjec_0.root
Error in <TGClient::TGClient>: can't open display "localhost:19.0", switching to batch mode...
 In case you run from a remote ssh session, reconnect with ssh -Y
--------------------------------------------------------------------------------
>>> era          = 'UL2017'
>>> year         = 2017
>>> channel      = 'etau'
>>> modname      = 'ETauFakeRate.ModuleETau'
>>> dtype        = 'data'
>>> kwargs       = {'useT1': False, 'dtype': 'data', 'verb': 0, 'era': 'UL2017', 'year': 2017}
>>> firstevt     = 0
>>> maxevts      = None
>>> outdir       = '.'
>>> copydir      = '/eos/home-l/lvigilan/output_ETauFR_UL17_RUN1/UL2017/etau/SingleElectron_Run2017F'
>>> infiles      = ['/eos/cms/store/group/phys_tau/TauFW/nano/UL2017/SingleElectron/Run2017F-UL2017_MiniAODv1_NanoAODv2-v1/NANOAOD/EEACF3DE-09FE-494C-AF54-69329C2DEC6D_skimjec_3.root', '/eos/cms/store/group/phys_tau/TauFW/nano/UL2017/SingleElectron/Run2017F-UL2017_MiniAODv1_NanoAODv2-v1/NANOAOD/EEACF3DE-09FE-494C-AF54-69329C2DEC6D_skimjec_4.root', '/eos/cms/store/group/phys_tau/TauFW/nano/UL2017/SingleElectron/Run2017F-UL2017_MiniAODv1_NanoAODv2-v1/NANOAOD/EEACF3DE-09FE-494C-AF54-69329C2DEC6D_skimjec_5.root', '/eos/cms/store/group/phys_tau/TauFW/nano/UL2017/SingleElectron/Run2017F-UL2017_MiniAODv1_NanoAODv2-v1/NANOAOD/EEACF3DE-09FE-494C-AF54-69329C2DEC6D_skimjec_6.root', '/eos/cms/store/group/phys_tau/TauFW/nano/UL2017/SingleElectron/Run2017F-UL2017_MiniAODv1_NanoAODv2-v1/NANOAOD/F00D4162-1475-464F-BC76-885B72848BE7_skimjec_0.root']
>>> outfname     = './pico_etau_101.root'
>>> branchsel    = '/afs/cern.ch/work/l/lvigilan/TauWork/CMSSW_10_6_17_patch1/python/TauFW/PicoProducer/processors/keep_and_drop_skim.txt'
>>> json         = '/afs/cern.ch/work/l/lvigilan/TauWork/CMSSW_10_6_17_patch1/src/TauFW/PicoProducer/data/json/2017/Cert_294927-306462_13TeV_PromptReco_Collisions17_JSON.txt'
>>> prefetch     = False
>>> cwd          = /pool/condor/dir_14266
--------------------------------------------------------------------------------

   ################
   #  ModuleETau  #
   ################

Loading TreeProducerETau for './pico_etau_101.root'
--------------------------------------------------------------------------------
>>> filename     = './pico_etau_101.root'
>>> year         = 2017
>>> dtype        = 'data'
>>> channel      = 'etau'
>>> ismc         = False
>>> isdata       = True
>>> isembed      = False
>>> tes          = None
>>> tessys       = None
>>> fes          = None
>>> ltf          = None
>>> jtf          = 1.0
>>> dotoppt      = False
>>> dozpt        = False
>>> dojec        = False
>>> dojecsys     = False
>>> dotight      = False
>>> useT1        = False
>>> jetCutPt     = 30
>>> bjetCutEta   = 2.7
>>> tauwp        = 0
>>> eleCutPt     = 36
>>> eleCutEta    = 2.1
>>> tauCutPt     = 20
>>> tauCutEta    = 2.3
>>> ZpeekReso    = 0.0
Pre-select 246640 entries out of 246640 (100.00%)
Processed    10000/  246640 entries,  4.05% (elapsed time     4.8s, curr speed    2.094 kHz, avg speed    2.094 kHz), accepted      518/   10001 events ( 5.18%)
Processed    20000/  246640 entries,  8.11% (elapsed time     7.6s, curr speed    3.578 kHz, avg speed    2.642 kHz), accepted     1027/   20001 events ( 5.13%)
Processed    30000/  246640 entries, 12.16% (elapsed time    10.4s, curr speed    3.569 kHz, avg speed    2.893 kHz), accepted     1569/   30001 events ( 5.23%)
Processed    40000/  246640 entries, 16.22% (elapsed time    13.6s, curr speed    3.116 kHz, avg speed    2.945 kHz), accepted     2171/   40001 events ( 5.43%)
Processed    50000/  246640 entries, 20.27% (elapsed time    17.3s, curr speed    2.679 kHz, avg speed    2.888 kHz), accepted     2765/   50001 events ( 5.53%)
Processed    60000/  246640 entries, 24.33% (elapsed time    21.3s, curr speed    2.507 kHz, avg speed    2.817 kHz), accepted     3357/   60001 events ( 5.59%)
Processed    70000/  246640 entries, 28.38% (elapsed time    24.3s, curr speed    3.347 kHz, avg speed    2.882 kHz), accepted     3965/   70001 events ( 5.66%)
Processed    80000/  246640 entries, 32.44% (elapsed time    28.2s, curr speed    2.589 kHz, avg speed    2.842 kHz), accepted     4594/   80001 events ( 5.74%)
Processed    90000/  246640 entries, 36.49% (elapsed time    31.8s, curr speed    2.745 kHz, avg speed    2.831 kHz), accepted     5196/   90001 events ( 5.77%)
Processed   100000/  246640 entries, 40.54% (elapsed time    35.0s, curr speed    3.155 kHz, avg speed    2.860 kHz), accepted     5839/  100001 events ( 5.84%)
Processed   110000/  246640 entries, 44.60% (elapsed time    38.3s, curr speed    2.962 kHz, avg speed    2.869 kHz), accepted     6479/  110001 events ( 5.89%)
Processed   120000/  246640 entries, 48.65% (elapsed time    41.5s, curr speed    3.216 kHz, avg speed    2.895 kHz), accepted     7086/  120001 events ( 5.90%)
Processed   130000/  246640 entries, 52.71% (elapsed time    44.3s, curr speed    3.453 kHz, avg speed    2.931 kHz), accepted     7705/  130001 events ( 5.93%)
Processed   140000/  246640 entries, 56.76% (elapsed time    47.6s, curr speed    3.109 kHz, avg speed    2.943 kHz), accepted     8310/  140001 events ( 5.94%)
Processed   150000/  246640 entries, 60.82% (elapsed time    50.6s, curr speed    3.276 kHz, avg speed    2.964 kHz), accepted     8872/  150001 events ( 5.91%)
Processed   160000/  246640 entries, 64.87% (elapsed time    53.7s, curr speed    3.273 kHz, avg speed    2.981 kHz), accepted     9454/  160001 events ( 5.91%)
Processed   170000/  246640 entries, 68.93% (elapsed time    56.7s, curr speed    3.321 kHz, avg speed    2.999 kHz), accepted    10077/  170001 events ( 5.93%)
Processed   180000/  246640 entries, 72.98% (elapsed time    59.6s, curr speed    3.421 kHz, avg speed    3.020 kHz), accepted    10620/  180001 events ( 5.90%)
Processed   190000/  246640 entries, 77.04% (elapsed time    62.2s, curr speed    3.828 kHz, avg speed    3.054 kHz), accepted    11072/  190001 events ( 5.83%)
Processed   200000/  246640 entries, 81.09% (elapsed time    64.8s, curr speed    3.882 kHz, avg speed    3.087 kHz), accepted    11559/  200001 events ( 5.78%)
Processed   210000/  246640 entries, 85.14% (elapsed time    67.7s, curr speed    3.387 kHz, avg speed    3.100 kHz), accepted    12079/  210001 events ( 5.75%)
Processed   220000/  246640 entries, 89.20% (elapsed time    70.3s, curr speed    3.919 kHz, avg speed    3.130 kHz), accepted    12577/  220001 events ( 5.72%)
Processed   230000/  246640 entries, 93.25% (elapsed time    73.3s, curr speed    3.305 kHz, avg speed    3.137 kHz), accepted    13087/  230001 events ( 5.69%)
Processed   240000/  246640 entries, 97.31% (elapsed time    75.7s, curr speed    4.153 kHz, avg speed    3.169 kHz), accepted    13629/  240001 events ( 5.68%)
Processed 246640 preselected entries from /eos/cms/store/group/phys_tau/TauFW/nano/UL2017/SingleElectron/Run2017F-UL2017_MiniAODv1_NanoAODv2-v1/NANOAOD/EEACF3DE-09FE-494C-AF54-69329C2DEC6D_skimjec_3.root (246640 entries). Finally selected 13986 entries
Pre-select 246640 entries out of 246640 (100.00%)
Processed    10000/  246640 entries,  4.05% (elapsed time     4.4s, curr speed    2.288 kHz, avg speed    2.288 kHz), accepted      527/   10001 events ( 5.27%)
Processed    20000/  246640 entries,  8.11% (elapsed time     7.2s, curr speed    3.531 kHz, avg speed    2.776 kHz), accepted     1058/   20001 events ( 5.29%)
Processed    30000/  246640 entries, 12.16% (elapsed time     9.9s, curr speed    3.666 kHz, avg speed    3.021 kHz), accepted     1577/   30001 events ( 5.26%)
Processed    40000/  246640 entries, 16.22% (elapsed time    12.7s, curr speed    3.620 kHz, avg speed    3.151 kHz), accepted     2099/   40001 events ( 5.25%)
Processed    50000/  246640 entries, 20.27% (elapsed time    15.6s, curr speed    3.409 kHz, avg speed    3.200 kHz), accepted     2629/   50001 events ( 5.26%)
Processed    60000/  246640 entries, 24.33% (elapsed time    18.5s, curr speed    3.438 kHz, avg speed    3.237 kHz), accepted     3116/   60001 events ( 5.19%)
Processed    70000/  246640 entries, 28.38% (elapsed time    21.5s, curr speed    3.370 kHz, avg speed    3.255 kHz), accepted     3630/   70001 events ( 5.19%)
Processed    80000/  246640 entries, 32.44% (elapsed time    24.5s, curr speed    3.385 kHz, avg speed    3.271 kHz), accepted     4168/   80001 events ( 5.21%)
Processed    90000/  246640 entries, 36.49% (elapsed time    28.0s, curr speed    2.835 kHz, avg speed    3.216 kHz), accepted     4663/   90001 events ( 5.18%)
Processed   100000/  246640 entries, 40.54% (elapsed time    31.0s, curr speed    3.331 kHz, avg speed    3.227 kHz), accepted     5179/  100001 events ( 5.18%)
Processed   110000/  246640 entries, 44.60% (elapsed time    34.5s, curr speed    2.851 kHz, avg speed    3.189 kHz), accepted     5714/  110001 events ( 5.19%)
Processed   120000/  246640 entries, 48.65% (elapsed time    37.9s, curr speed    2.899 kHz, avg speed    3.163 kHz), accepted     6298/  120001 events ( 5.25%)
Processed   130000/  246640 entries, 52.71% (elapsed time    41.7s, curr speed    2.663 kHz, avg speed    3.118 kHz), accepted     6908/  130001 events ( 5.31%)
Processed   140000/  246640 entries, 56.76% (elapsed time    45.2s, curr speed    2.835 kHz, avg speed    3.096 kHz), accepted     7489/  140001 events ( 5.35%)
Processed   150000/  246640 entries, 60.82% (elapsed time    48.8s, curr speed    2.824 kHz, avg speed    3.076 kHz), accepted     8122/  150001 events ( 5.41%)
Processed   160000/  246640 entries, 64.87% (elapsed time    51.8s, curr speed    3.246 kHz, avg speed    3.086 kHz), accepted     8763/  160001 events ( 5.48%)
Processed   170000/  246640 entries, 68.93% (elapsed time    55.3s, curr speed    2.874 kHz, avg speed    3.073 kHz), accepted     9348/  170001 events ( 5.50%)
Processed   180000/  246640 entries, 72.98% (elapsed time    58.7s, curr speed    2.980 kHz, avg speed    3.067 kHz), accepted     9976/  180001 events ( 5.54%)
Processed   190000/  246640 entries, 77.04% (elapsed time    61.7s, curr speed    3.333 kHz, avg speed    3.080 kHz), accepted    10621/  190001 events ( 5.59%)
Processed   200000/  246640 entries, 81.09% (elapsed time    65.7s, curr speed    2.509 kHz, avg speed    3.046 kHz), accepted    11255/  200001 events ( 5.63%)
Processed   210000/  246640 entries, 85.14% (elapsed time    68.8s, curr speed    3.213 kHz, avg speed    3.053 kHz), accepted    11885/  210001 events ( 5.66%)
Processed   220000/  246640 entries, 89.20% (elapsed time    71.8s, curr speed    3.288 kHz, avg speed    3.063 kHz), accepted    12526/  220001 events ( 5.69%)
Processed   230000/  246640 entries, 93.25% (elapsed time    75.3s, curr speed    2.900 kHz, avg speed    3.056 kHz), accepted    13162/  230001 events ( 5.72%)
Processed   240000/  246640 entries, 97.31% (elapsed time    78.9s, curr speed    2.766 kHz, avg speed    3.042 kHz), accepted    13773/  240001 events ( 5.74%)
Processed 246640 preselected entries from /eos/cms/store/group/phys_tau/TauFW/nano/UL2017/SingleElectron/Run2017F-UL2017_MiniAODv1_NanoAODv2-v1/NANOAOD/EEACF3DE-09FE-494C-AF54-69329C2DEC6D_skimjec_4.root (246640 entries). Finally selected 14168 entries
Pre-select 241758 entries out of 241758 (100.00%)
Processed    10000/  241758 entries,  4.14% (elapsed time     4.7s, curr speed    2.146 kHz, avg speed    2.146 kHz), accepted      615/   10001 events ( 6.15%)
Processed    20000/  241758 entries,  8.27% (elapsed time     7.9s, curr speed    3.127 kHz, avg speed    2.545 kHz), accepted     1213/   20001 events ( 6.06%)
Processed    30000/  241758 entries, 12.41% (elapsed time    11.4s, curr speed    2.833 kHz, avg speed    2.634 kHz), accepted     1857/   30001 events ( 6.19%)
Processed    40000/  241758 entries, 16.55% (elapsed time    14.7s, curr speed    3.054 kHz, avg speed    2.728 kHz), accepted     2398/   40001 events ( 5.99%)
Processed    50000/  241758 entries, 20.68% (elapsed time    18.1s, curr speed    2.936 kHz, avg speed    2.767 kHz), accepted     2948/   50001 events ( 5.90%)
Processed    60000/  241758 entries, 24.82% (elapsed time    21.0s, curr speed    3.416 kHz, avg speed    2.858 kHz), accepted     3434/   60001 events ( 5.72%)
Processed    70000/  241758 entries, 28.95% (elapsed time    24.2s, curr speed    3.087 kHz, avg speed    2.888 kHz), accepted     3973/   70001 events ( 5.68%)
Processed    80000/  241758 entries, 33.09% (elapsed time    27.3s, curr speed    3.285 kHz, avg speed    2.932 kHz), accepted     4448/   80001 events ( 5.56%)
Processed    90000/  241758 entries, 37.23% (elapsed time    30.0s, curr speed    3.677 kHz, avg speed    3.000 kHz), accepted     4951/   90001 events ( 5.50%)
Processed   100000/  241758 entries, 41.36% (elapsed time    33.2s, curr speed    3.133 kHz, avg speed    3.013 kHz), accepted     5490/  100001 events ( 5.49%)
Processed   110000/  241758 entries, 45.50% (elapsed time    36.7s, curr speed    2.817 kHz, avg speed    2.994 kHz), accepted     6022/  110001 events ( 5.47%)
Processed   120000/  241758 entries, 49.64% (elapsed time    39.8s, curr speed    3.238 kHz, avg speed    3.013 kHz), accepted     6531/  120001 events ( 5.44%)
Processed   130000/  241758 entries, 53.77% (elapsed time    42.7s, curr speed    3.511 kHz, avg speed    3.046 kHz), accepted     7012/  130001 events ( 5.39%)
Processed   140000/  241758 entries, 57.91% (elapsed time    45.7s, curr speed    3.292 kHz, avg speed    3.062 kHz), accepted     7570/  140001 events ( 5.41%)
Processed   150000/  241758 entries, 62.05% (elapsed time    48.7s, curr speed    3.316 kHz, avg speed    3.078 kHz), accepted     8096/  150001 events ( 5.40%)
Processed   160000/  241758 entries, 66.18% (elapsed time    51.7s, curr speed    3.402 kHz, avg speed    3.096 kHz), accepted     8597/  160001 events ( 5.37%)
Processed   170000/  241758 entries, 70.32% (elapsed time    55.0s, curr speed    2.965 kHz, avg speed    3.088 kHz), accepted     9168/  170001 events ( 5.39%)
Processed   180000/  241758 entries, 74.45% (elapsed time    58.4s, curr speed    2.999 kHz, avg speed    3.083 kHz), accepted     9758/  180001 events ( 5.42%)
Processed   190000/  241758 entries, 78.59% (elapsed time    61.7s, curr speed    3.047 kHz, avg speed    3.081 kHz), accepted    10327/  190001 events ( 5.44%)
Processed   200000/  241758 entries, 82.73% (elapsed time    64.5s, curr speed    3.467 kHz, avg speed    3.099 kHz), accepted    10782/  200001 events ( 5.39%)
Processed   210000/  241758 entries, 86.86% (elapsed time    67.3s, curr speed    3.665 kHz, avg speed    3.122 kHz), accepted    11264/  210001 events ( 5.36%)
Processed   220000/  241758 entries, 91.00% (elapsed time    71.1s, curr speed    2.622 kHz, avg speed    3.095 kHz), accepted    11831/  220001 events ( 5.38%)
Processed   230000/  241758 entries, 95.14% (elapsed time    74.1s, curr speed    3.294 kHz, avg speed    3.103 kHz), accepted    12406/  230001 events ( 5.39%)
Processed   240000/  241758 entries, 99.27% (elapsed time    76.8s, curr speed    3.765 kHz, avg speed    3.126 kHz), accepted    12900/  240001 events ( 5.37%)
Processed 241758 preselected entries from /eos/cms/store/group/phys_tau/TauFW/nano/UL2017/SingleElectron/Run2017F-UL2017_MiniAODv1_NanoAODv2-v1/NANOAOD/EEACF3DE-09FE-494C-AF54-69329C2DEC6D_skimjec_5.root (241758 entries). Finally selected 12997 entries
Pre-select 236546 entries out of 236546 (100.00%)
Processed    10000/  236546 entries,  4.23% (elapsed time     4.8s, curr speed    2.076 kHz, avg speed    2.076 kHz), accepted      615/   10001 events ( 6.15%)
Processed    20000/  236546 entries,  8.46% (elapsed time     8.1s, curr speed    3.006 kHz, avg speed    2.456 kHz), accepted     1232/   20001 events ( 6.16%)
Processed    30000/  236546 entries, 12.68% (elapsed time    11.4s, curr speed    3.088 kHz, avg speed    2.636 kHz), accepted     1764/   30001 events ( 5.88%)
Processed    40000/  236546 entries, 16.91% (elapsed time    14.8s, curr speed    2.943 kHz, avg speed    2.707 kHz), accepted     2256/   40001 events ( 5.64%)
Processed    50000/  236546 entries, 21.14% (elapsed time    18.1s, curr speed    3.034 kHz, avg speed    2.766 kHz), accepted     2777/   50001 events ( 5.55%)
Processed    60000/  236546 entries, 25.37% (elapsed time    20.9s, curr speed    3.479 kHz, avg speed    2.864 kHz), accepted     3324/   60001 events ( 5.54%)
Processed    70000/  236546 entries, 29.59% (elapsed time    23.5s, curr speed    3.916 kHz, avg speed    2.978 kHz), accepted     3792/   70001 events ( 5.42%)
Processed    80000/  236546 entries, 33.82% (elapsed time    26.6s, curr speed    3.251 kHz, avg speed    3.010 kHz), accepted     4288/   80001 events ( 5.36%)
Processed    90000/  236546 entries, 38.05% (elapsed time    29.2s, curr speed    3.787 kHz, avg speed    3.080 kHz), accepted     4778/   90001 events ( 5.31%)
Processed   100000/  236546 entries, 42.28% (elapsed time    31.8s, curr speed    3.893 kHz, avg speed    3.146 kHz), accepted     5276/  100001 events ( 5.28%)
Processed   110000/  236546 entries, 46.50% (elapsed time    34.9s, curr speed    3.168 kHz, avg speed    3.148 kHz), accepted     5768/  110001 events ( 5.24%)
Processed   120000/  236546 entries, 50.73% (elapsed time    38.0s, curr speed    3.287 kHz, avg speed    3.159 kHz), accepted     6333/  120001 events ( 5.28%)
Processed   130000/  236546 entries, 54.96% (elapsed time    40.9s, curr speed    3.378 kHz, avg speed    3.175 kHz), accepted     6916/  130001 events ( 5.32%)
Processed   140000/  236546 entries, 59.19% (elapsed time    44.2s, curr speed    3.056 kHz, avg speed    3.166 kHz), accepted     7442/  140001 events ( 5.32%)
Processed   150000/  236546 entries, 63.41% (elapsed time    47.5s, curr speed    3.012 kHz, avg speed    3.155 kHz), accepted     7975/  150001 events ( 5.32%)
Processed   160000/  236546 entries, 67.64% (elapsed time    50.3s, curr speed    3.588 kHz, avg speed    3.179 kHz), accepted     8506/  160001 events ( 5.32%)
Processed   170000/  236546 entries, 71.87% (elapsed time    52.9s, curr speed    3.813 kHz, avg speed    3.211 kHz), accepted     8996/  170001 events ( 5.29%)
Processed   180000/  236546 entries, 76.10% (elapsed time    55.6s, curr speed    3.724 kHz, avg speed    3.235 kHz), accepted     9498/  180001 events ( 5.28%)
Processed   190000/  236546 entries, 80.32% (elapsed time    58.6s, curr speed    3.360 kHz, avg speed    3.242 kHz), accepted    10047/  190001 events ( 5.29%)
Processed   200000/  236546 entries, 84.55% (elapsed time    61.4s, curr speed    3.610 kHz, avg speed    3.258 kHz), accepted    10571/  200001 events ( 5.29%)
Processed   210000/  236546 entries, 88.78% (elapsed time    64.2s, curr speed    3.552 kHz, avg speed    3.271 kHz), accepted    11145/  210001 events ( 5.31%)
Processed   220000/  236546 entries, 93.01% (elapsed time    66.9s, curr speed    3.679 kHz, avg speed    3.288 kHz), accepted    11633/  220001 events ( 5.29%)
Processed   230000/  236546 entries, 97.23% (elapsed time    69.5s, curr speed    3.892 kHz, avg speed    3.310 kHz), accepted    12177/  230001 events ( 5.29%)
Processed 236546 preselected entries from /eos/cms/store/group/phys_tau/TauFW/nano/UL2017/SingleElectron/Run2017F-UL2017_MiniAODv1_NanoAODv2-v1/NANOAOD/EEACF3DE-09FE-494C-AF54-69329C2DEC6D_skimjec_6.root (236546 entries). Finally selected 12542 entries
Pre-select 236171 entries out of 236171 (100.00%)
Processed    10000/  236171 entries,  4.23% (elapsed time     5.0s, curr speed    2.016 kHz, avg speed    2.016 kHz), accepted      641/   10001 events ( 6.41%)
Processed    20000/  236171 entries,  8.47% (elapsed time     8.4s, curr speed    2.920 kHz, avg speed    2.385 kHz), accepted     1305/   20001 events ( 6.52%)
Processed    30000/  236171 entries, 12.70% (elapsed time    11.6s, curr speed    3.081 kHz, avg speed    2.580 kHz), accepted     1971/   30001 events ( 6.57%)
Processed    40000/  236171 entries, 16.94% (elapsed time    14.7s, curr speed    3.243 kHz, avg speed    2.719 kHz), accepted     2623/   40001 events ( 6.56%)
Processed    50000/  236171 entries, 21.17% (elapsed time    18.3s, curr speed    2.781 kHz, avg speed    2.731 kHz), accepted     3324/   50001 events ( 6.65%)
Processed    60000/  236171 entries, 25.41% (elapsed time    21.3s, curr speed    3.292 kHz, avg speed    2.811 kHz), accepted     3988/   60001 events ( 6.65%)
Processed    70000/  236171 entries, 29.64% (elapsed time    24.5s, curr speed    3.172 kHz, avg speed    2.857 kHz), accepted     4681/   70001 events ( 6.69%)
Processed    80000/  236171 entries, 33.87% (elapsed time    28.1s, curr speed    2.758 kHz, avg speed    2.844 kHz), accepted     5295/   80001 events ( 6.62%)
Processed    90000/  236171 entries, 38.11% (elapsed time    31.5s, curr speed    2.969 kHz, avg speed    2.858 kHz), accepted     5880/   90001 events ( 6.53%)
Processed   100000/  236171 entries, 42.34% (elapsed time    34.8s, curr speed    3.024 kHz, avg speed    2.873 kHz), accepted     6501/  100001 events ( 6.50%)
Processed   110000/  236171 entries, 46.58% (elapsed time    38.3s, curr speed    2.853 kHz, avg speed    2.872 kHz), accepted     7145/  110001 events ( 6.50%)
Processed   120000/  236171 entries, 50.81% (elapsed time    41.4s, curr speed    3.278 kHz, avg speed    2.902 kHz), accepted     7645/  120001 events ( 6.37%)
Processed   130000/  236171 entries, 55.04% (elapsed time    44.6s, curr speed    3.127 kHz, avg speed    2.918 kHz), accepted     8151/  130001 events ( 6.27%)
Processed   140000/  236171 entries, 59.28% (elapsed time    47.8s, curr speed    3.108 kHz, avg speed    2.931 kHz), accepted     8728/  140001 events ( 6.23%)
Processed   150000/  236171 entries, 63.51% (elapsed time    51.2s, curr speed    2.943 kHz, avg speed    2.931 kHz), accepted     9267/  150001 events ( 6.18%)
Processed   160000/  236171 entries, 67.75% (elapsed time    54.2s, curr speed    3.349 kHz, avg speed    2.954 kHz), accepted     9816/  160001 events ( 6.13%)
Processed   170000/  236171 entries, 71.98% (elapsed time    56.9s, curr speed    3.673 kHz, avg speed    2.989 kHz), accepted    10352/  170001 events ( 6.09%)
Processed   180000/  236171 entries, 76.22% (elapsed time    59.7s, curr speed    3.501 kHz, avg speed    3.013 kHz), accepted    10927/  180001 events ( 6.07%)
Processed   190000/  236171 entries, 80.45% (elapsed time    63.2s, curr speed    2.884 kHz, avg speed    3.006 kHz), accepted    11513/  190001 events ( 6.06%)
Processed   200000/  236171 entries, 84.68% (elapsed time    65.7s, curr speed    3.943 kHz, avg speed    3.042 kHz), accepted    12061/  200001 events ( 6.03%)
Processed   210000/  236171 entries, 88.92% (elapsed time    67.9s, curr speed    4.535 kHz, avg speed    3.091 kHz), accepted    12600/  210001 events ( 6.00%)
Processed   220000/  236171 entries, 93.15% (elapsed time    70.7s, curr speed    3.642 kHz, avg speed    3.112 kHz), accepted    13172/  220001 events ( 5.99%)
Processed   230000/  236171 entries, 97.39% (elapsed time    73.3s, curr speed    3.808 kHz, avg speed    3.137 kHz), accepted    13685/  230001 events ( 5.95%)
Processed 236171 preselected entries from /eos/cms/store/group/phys_tau/TauFW/nano/UL2017/SingleElectron/Run2017F-UL2017_MiniAODv1_NanoAODv2-v1/NANOAOD/F00D4162-1475-464F-BC76-885B72848BE7_skimjec_0.root (236171 entries). Finally selected 14027 entries
Total time 430.8 sec. to process 1207755 events. Rate = 2803.8 Hz.
>>> cwd          = /pool/condor/dir_14266
>>> ls           = ['lvigilan.cc', 'pico_etau_101.root', 'tmp', '.chirp.config', '.machine.ad', '.job.ad', 'condor_exec.exe', 'var', '_condor_stdout', '.update.ad', 'x509_voms']
>>> getstorage('/eos/home-l/lvigilan/output_ETauFR_UL17_RUN1/UL2017/etau/SingleElectron_Run2017F'), <EOS("/eos/home-l/lvigilan/output_ETauFR_UL17_RUN1/UL2017/etau/SingleElectron_Run2017F") at 0x2b967c8e1990>
>>> Executing: 'cp ./pico_etau_101.root /eos/home-l/lvigilan/output_ETauFR_UL17_RUN1/UL2017/etau/SingleElectron_Run2017F'
>>> Removing './pico_etau_101.root'...
>>> picojob.py done after 436.9 seconds

Job complete at Mon Jun  7 19:32:23 CEST 2021
Took 7 minutes 18 seconds040 (2367610.101.000) 06/07 19:32:24 Finished transferring output files
...
005 (2367610.101.000) 06/07 19:32:24 Job terminated.
	(1) Normal termination (return value 0)
		Usr 0 00:06:12, Sys 0 00:00:18  -  Run Remote Usage
		Usr 0 00:00:00, Sys 0 00:00:00  -  Run Local Usage
		Usr 0 00:06:12, Sys 0 00:00:18  -  Total Remote Usage
		Usr 0 00:00:00, Sys 0 00:00:00  -  Total Local Usage
	34325  -  Run Bytes Sent By Job
	9930  -  Run Bytes Received By Job
	34325  -  Total Bytes Sent By Job
	9930  -  Total Bytes Received By Job
	Partitionable Resources :    Usage  Request Allocated 
	   Cpus                 :     0.92        1         1 
	   Disk (KB)            :  5326           1    358033 
	   Memory (MB)          :   198        2000      2000 

	Job terminated of its own accord at 2021-06-07T17:32:23Z.
...
