Could not find platform independent libraries <prefix>
Could not find platform dependent libraries <exec_prefix>
Consider setting $PYTHONHOME to <prefix>[:<exec_prefix>]
ImportError: No module named site
Job start at Mon Jun  7 23:06:13 CEST 2021
Running job on machine Linux b7g44n2017.cern.ch 3.10.0-1160.24.1.el7.x86_64 #1 SMP Thu Apr 8 19:51:47 UTC 2021 x86_64 x86_64 x86_64 GNU/Linux, host b7g44n2017.cern.ch
============================================================
$PWD=/pool/condor/dir_11240
$JOBID=2367903
$TASKID=4
$HOSTNAME=b7g44n2017.cern.ch
$TASKCMD=/afs/cern.ch/work/l/lvigilan/TauWork/CMSSW_10_6_17_patch1/src/TauFW/PicoProducer/python/processors/picojob.py -y UL2017 -d 'data' -c etau -M ETauFakeRate.ModuleETau --copydir /eos/home-l/lvigilan/output_ETauFR_UL17_RUN1/UL2017/etau/SingleElectron_Run2017F -t _etau_EES0p99_4 --opt 'ees=0.99' 'useT1=False' -i /eos/cms/store/group/phys_tau/TauFW/nano/UL2017/SingleElectron/Run2017F-UL2017_MiniAODv1_NanoAODv2-v1/NANOAOD/079333E8-CB58-2E40-9341-C688861A06B5_skimjec_2.root /eos/cms/store/group/phys_tau/TauFW/nano/UL2017/SingleElectron/Run2017F-UL2017_MiniAODv1_NanoAODv2-v1/NANOAOD/079333E8-CB58-2E40-9341-C688861A06B5_skimjec_3.root /eos/cms/store/group/phys_tau/TauFW/nano/UL2017/SingleElectron/Run2017F-UL2017_MiniAODv1_NanoAODv2-v1/NANOAOD/079333E8-CB58-2E40-9341-C688861A06B5_skimjec_4.root /eos/cms/store/group/phys_tau/TauFW/nano/UL2017/SingleElectron/Run2017F-UL2017_MiniAODv1_NanoAODv2-v1/NANOAOD/0C425523-12FF-684F-AA49-8A61CA52A1F1_skimjec_0.root /eos/cms/store/group/phys_tau/TauFW/nano/UL2017/SingleElectron/Run2017F-UL2017_MiniAODv1_NanoAODv2-v1/NANOAOD/0C425523-12FF-684F-AA49-8A61CA52A1F1_skimjec_1.root
$WORKDIR=/pool/condor/dir_11240
>>> cd /afs/cern.ch/work/l/lvigilan/TauWork/CMSSW_10_6_17_patch1/src
>>> eval `scramv1 runtime -sh`
>>> cd /pool/condor/dir_11240
$PWD=/pool/condor/dir_11240
>>> /afs/cern.ch/work/l/lvigilan/TauWork/CMSSW_10_6_17_patch1/src/TauFW/PicoProducer/python/processors/picojob.py -y UL2017 -d 'data' -c etau -M ETauFakeRate.ModuleETau --copydir /eos/home-l/lvigilan/output_ETauFR_UL17_RUN1/UL2017/etau/SingleElectron_Run2017F -t _etau_EES0p99_4 --opt 'ees=0.99' 'useT1=False' -i /eos/cms/store/group/phys_tau/TauFW/nano/UL2017/SingleElectron/Run2017F-UL2017_MiniAODv1_NanoAODv2-v1/NANOAOD/079333E8-CB58-2E40-9341-C688861A06B5_skimjec_2.root /eos/cms/store/group/phys_tau/TauFW/nano/UL2017/SingleElectron/Run2017F-UL2017_MiniAODv1_NanoAODv2-v1/NANOAOD/079333E8-CB58-2E40-9341-C688861A06B5_skimjec_3.root /eos/cms/store/group/phys_tau/TauFW/nano/UL2017/SingleElectron/Run2017F-UL2017_MiniAODv1_NanoAODv2-v1/NANOAOD/079333E8-CB58-2E40-9341-C688861A06B5_skimjec_4.root /eos/cms/store/group/phys_tau/TauFW/nano/UL2017/SingleElectron/Run2017F-UL2017_MiniAODv1_NanoAODv2-v1/NANOAOD/0C425523-12FF-684F-AA49-8A61CA52A1F1_skimjec_0.root /eos/cms/store/group/phys_tau/TauFW/nano/UL2017/SingleElectron/Run2017F-UL2017_MiniAODv1_NanoAODv2-v1/NANOAOD/0C425523-12FF-684F-AA49-8A61CA52A1F1_skimjec_1.root
Error in <TGClient::TGClient>: can't open display "localhost:13.0", switching to batch mode...
 In case you run from a remote ssh session, reconnect with ssh -Y
--------------------------------------------------------------------------------
>>> era          = 'UL2017'
>>> year         = 2017
>>> channel      = 'etau'
>>> modname      = 'ETauFakeRate.ModuleETau'
>>> dtype        = 'data'
>>> kwargs       = {'dtype': 'data', 'ees': 0.99, 'useT1': False, 'verb': 0, 'era': 'UL2017', 'year': 2017}
>>> firstevt     = 0
>>> maxevts      = None
>>> outdir       = '.'
>>> copydir      = '/eos/home-l/lvigilan/output_ETauFR_UL17_RUN1/UL2017/etau/SingleElectron_Run2017F'
>>> infiles      = ['/eos/cms/store/group/phys_tau/TauFW/nano/UL2017/SingleElectron/Run2017F-UL2017_MiniAODv1_NanoAODv2-v1/NANOAOD/079333E8-CB58-2E40-9341-C688861A06B5_skimjec_2.root', '/eos/cms/store/group/phys_tau/TauFW/nano/UL2017/SingleElectron/Run2017F-UL2017_MiniAODv1_NanoAODv2-v1/NANOAOD/079333E8-CB58-2E40-9341-C688861A06B5_skimjec_3.root', '/eos/cms/store/group/phys_tau/TauFW/nano/UL2017/SingleElectron/Run2017F-UL2017_MiniAODv1_NanoAODv2-v1/NANOAOD/079333E8-CB58-2E40-9341-C688861A06B5_skimjec_4.root', '/eos/cms/store/group/phys_tau/TauFW/nano/UL2017/SingleElectron/Run2017F-UL2017_MiniAODv1_NanoAODv2-v1/NANOAOD/0C425523-12FF-684F-AA49-8A61CA52A1F1_skimjec_0.root', '/eos/cms/store/group/phys_tau/TauFW/nano/UL2017/SingleElectron/Run2017F-UL2017_MiniAODv1_NanoAODv2-v1/NANOAOD/0C425523-12FF-684F-AA49-8A61CA52A1F1_skimjec_1.root']
>>> outfname     = './pico_etau_EES0p99_4.root'
>>> branchsel    = '/afs/cern.ch/work/l/lvigilan/TauWork/CMSSW_10_6_17_patch1/python/TauFW/PicoProducer/processors/keep_and_drop_skim.txt'
>>> json         = '/afs/cern.ch/work/l/lvigilan/TauWork/CMSSW_10_6_17_patch1/src/TauFW/PicoProducer/data/json/2017/Cert_294927-306462_13TeV_PromptReco_Collisions17_JSON.txt'
>>> prefetch     = False
>>> cwd          = /pool/condor/dir_11240
--------------------------------------------------------------------------------

   ################
   #  ModuleETau  #
   ################

Loading TreeProducerETau for './pico_etau_EES0p99_4.root'
--------------------------------------------------------------------------------
>>> filename     = './pico_etau_EES0p99_4.root'
>>> year         = 2017
>>> dtype        = 'data'
>>> channel      = 'etau'
>>> ismc         = False
>>> isdata       = True
>>> isembed      = False
>>> tes          = None
>>> tessys       = None
>>> fes          = None
>>> ltf          = None
>>> jtf          = 1.0
>>> dotoppt      = False
>>> dozpt        = False
>>> dojec        = False
>>> dojecsys     = False
>>> dotight      = False
>>> useT1        = False
>>> jetCutPt     = 30
>>> bjetCutEta   = 2.7
>>> tauwp        = 0
>>> eleCutPt     = 36
>>> eleCutEta    = 2.1
>>> tauCutPt     = 20
>>> tauCutEta    = 2.3
>>> ZpeekReso    = 0.0
Pre-select 209318 entries out of 209318 (100.00%)
Processed    10000/  209318 entries,  4.78% (elapsed time     4.4s, curr speed    2.287 kHz, avg speed    2.287 kHz), accepted      489/   10001 events ( 4.89%)
Processed    20000/  209318 entries,  9.55% (elapsed time     7.2s, curr speed    3.529 kHz, avg speed    2.775 kHz), accepted     1014/   20001 events ( 5.07%)
Processed    30000/  209318 entries, 14.33% (elapsed time     9.9s, curr speed    3.704 kHz, avg speed    3.029 kHz), accepted     1524/   30001 events ( 5.08%)
Processed    40000/  209318 entries, 19.11% (elapsed time    12.6s, curr speed    3.727 kHz, avg speed    3.177 kHz), accepted     2008/   40001 events ( 5.02%)
Processed    50000/  209318 entries, 23.89% (elapsed time    15.3s, curr speed    3.706 kHz, avg speed    3.271 kHz), accepted     2535/   50001 events ( 5.07%)
Processed    60000/  209318 entries, 28.66% (elapsed time    17.8s, curr speed    3.954 kHz, avg speed    3.368 kHz), accepted     3088/   60001 events ( 5.15%)
Processed    70000/  209318 entries, 33.44% (elapsed time    20.4s, curr speed    3.940 kHz, avg speed    3.439 kHz), accepted     3601/   70001 events ( 5.14%)
Processed    80000/  209318 entries, 38.22% (elapsed time    23.1s, curr speed    3.643 kHz, avg speed    3.463 kHz), accepted     4112/   80001 events ( 5.14%)
Processed    90000/  209318 entries, 43.00% (elapsed time    25.8s, curr speed    3.681 kHz, avg speed    3.486 kHz), accepted     4646/   90001 events ( 5.16%)
Processed   100000/  209318 entries, 47.77% (elapsed time    28.6s, curr speed    3.563 kHz, avg speed    3.494 kHz), accepted     5152/  100001 events ( 5.15%)
Processed   110000/  209318 entries, 52.55% (elapsed time    31.4s, curr speed    3.600 kHz, avg speed    3.503 kHz), accepted     5682/  110001 events ( 5.17%)
Processed   120000/  209318 entries, 57.33% (elapsed time    33.9s, curr speed    3.944 kHz, avg speed    3.536 kHz), accepted     6228/  120001 events ( 5.19%)
Processed   130000/  209318 entries, 62.11% (elapsed time    36.6s, curr speed    3.808 kHz, avg speed    3.556 kHz), accepted     6719/  130001 events ( 5.17%)
Processed   140000/  209318 entries, 66.88% (elapsed time    39.3s, curr speed    3.651 kHz, avg speed    3.562 kHz), accepted     7229/  140001 events ( 5.16%)
Processed   150000/  209318 entries, 71.66% (elapsed time    42.2s, curr speed    3.450 kHz, avg speed    3.555 kHz), accepted     7745/  150001 events ( 5.16%)
Processed   160000/  209318 entries, 76.44% (elapsed time    45.2s, curr speed    3.344 kHz, avg speed    3.541 kHz), accepted     8279/  160001 events ( 5.17%)
Processed   170000/  209318 entries, 81.22% (elapsed time    48.2s, curr speed    3.370 kHz, avg speed    3.530 kHz), accepted     8849/  170001 events ( 5.21%)
Processed   180000/  209318 entries, 85.99% (elapsed time    50.8s, curr speed    3.838 kHz, avg speed    3.546 kHz), accepted     9356/  180001 events ( 5.20%)
Processed   190000/  209318 entries, 90.77% (elapsed time    53.7s, curr speed    3.409 kHz, avg speed    3.538 kHz), accepted     9931/  190001 events ( 5.23%)
Processed   200000/  209318 entries, 95.55% (elapsed time    56.6s, curr speed    3.445 kHz, avg speed    3.534 kHz), accepted    10504/  200001 events ( 5.25%)
Processed 209318 preselected entries from /eos/cms/store/group/phys_tau/TauFW/nano/UL2017/SingleElectron/Run2017F-UL2017_MiniAODv1_NanoAODv2-v1/NANOAOD/079333E8-CB58-2E40-9341-C688861A06B5_skimjec_2.root (209318 entries). Finally selected 11046 entries
Pre-select 209318 entries out of 209318 (100.00%)
Processed    10000/  209318 entries,  4.78% (elapsed time     4.6s, curr speed    2.163 kHz, avg speed    2.163 kHz), accepted      591/   10001 events ( 5.91%)
Processed    20000/  209318 entries,  9.55% (elapsed time     7.7s, curr speed    3.205 kHz, avg speed    2.583 kHz), accepted     1101/   20001 events ( 5.50%)
Processed    30000/  209318 entries, 14.33% (elapsed time    10.5s, curr speed    3.623 kHz, avg speed    2.856 kHz), accepted     1623/   30001 events ( 5.41%)
Processed    40000/  209318 entries, 19.11% (elapsed time    13.5s, curr speed    3.395 kHz, avg speed    2.974 kHz), accepted     2159/   40001 events ( 5.40%)
Processed    50000/  209318 entries, 23.89% (elapsed time    16.6s, curr speed    3.126 kHz, avg speed    3.003 kHz), accepted     2666/   50001 events ( 5.33%)
Processed    60000/  209318 entries, 28.66% (elapsed time    19.7s, curr speed    3.313 kHz, avg speed    3.051 kHz), accepted     3203/   60001 events ( 5.34%)
Processed    70000/  209318 entries, 33.44% (elapsed time    22.4s, curr speed    3.713 kHz, avg speed    3.130 kHz), accepted     3713/   70001 events ( 5.30%)
Processed    80000/  209318 entries, 38.22% (elapsed time    25.3s, curr speed    3.378 kHz, avg speed    3.159 kHz), accepted     4224/   80001 events ( 5.28%)
Processed    90000/  209318 entries, 43.00% (elapsed time    27.8s, curr speed    3.972 kHz, avg speed    3.233 kHz), accepted     4746/   90001 events ( 5.27%)
Processed   100000/  209318 entries, 47.77% (elapsed time    30.9s, curr speed    3.254 kHz, avg speed    3.235 kHz), accepted     5267/  100001 events ( 5.27%)
Processed   110000/  209318 entries, 52.55% (elapsed time    34.4s, curr speed    2.901 kHz, avg speed    3.201 kHz), accepted     5772/  110001 events ( 5.25%)
Processed   120000/  209318 entries, 57.33% (elapsed time    37.9s, curr speed    2.831 kHz, avg speed    3.167 kHz), accepted     6363/  120001 events ( 5.30%)
Processed   130000/  209318 entries, 62.11% (elapsed time    41.1s, curr speed    3.155 kHz, avg speed    3.166 kHz), accepted     6962/  130001 events ( 5.36%)
Processed   140000/  209318 entries, 66.88% (elapsed time    44.1s, curr speed    3.312 kHz, avg speed    3.176 kHz), accepted     7581/  140001 events ( 5.41%)
Processed   150000/  209318 entries, 71.66% (elapsed time    47.5s, curr speed    2.920 kHz, avg speed    3.158 kHz), accepted     8199/  150001 events ( 5.47%)
Processed   160000/  209318 entries, 76.44% (elapsed time    51.0s, curr speed    2.827 kHz, avg speed    3.135 kHz), accepted     8762/  160001 events ( 5.48%)
Processed   170000/  209318 entries, 81.22% (elapsed time    54.5s, curr speed    2.860 kHz, avg speed    3.117 kHz), accepted     9388/  170001 events ( 5.52%)
Processed   180000/  209318 entries, 85.99% (elapsed time    58.0s, curr speed    2.869 kHz, avg speed    3.102 kHz), accepted    10010/  180001 events ( 5.56%)
Processed   190000/  209318 entries, 90.77% (elapsed time    61.4s, curr speed    3.004 kHz, avg speed    3.097 kHz), accepted    10632/  190001 events ( 5.60%)
Processed   200000/  209318 entries, 95.55% (elapsed time    64.4s, curr speed    3.236 kHz, avg speed    3.104 kHz), accepted    11241/  200001 events ( 5.62%)
Processed 209318 preselected entries from /eos/cms/store/group/phys_tau/TauFW/nano/UL2017/SingleElectron/Run2017F-UL2017_MiniAODv1_NanoAODv2-v1/NANOAOD/079333E8-CB58-2E40-9341-C688861A06B5_skimjec_3.root (209318 entries). Finally selected 11791 entries
Pre-select 209314 entries out of 209314 (100.00%)
Processed    10000/  209314 entries,  4.78% (elapsed time     4.2s, curr speed    2.390 kHz, avg speed    2.390 kHz), accepted      571/   10001 events ( 5.71%)
Processed    20000/  209314 entries,  9.56% (elapsed time     7.0s, curr speed    3.613 kHz, avg speed    2.877 kHz), accepted     1112/   20001 events ( 5.56%)
Processed    30000/  209314 entries, 14.33% (elapsed time    10.0s, curr speed    3.259 kHz, avg speed    2.994 kHz), accepted     1668/   30001 events ( 5.56%)
Processed    40000/  209314 entries, 19.11% (elapsed time    12.6s, curr speed    3.896 kHz, avg speed    3.178 kHz), accepted     2179/   40001 events ( 5.45%)
Processed    50000/  209314 entries, 23.89% (elapsed time    15.3s, curr speed    3.634 kHz, avg speed    3.260 kHz), accepted     2710/   50001 events ( 5.42%)
Processed    60000/  209314 entries, 28.67% (elapsed time    18.0s, curr speed    3.799 kHz, avg speed    3.339 kHz), accepted     3182/   60001 events ( 5.30%)
Processed    70000/  209314 entries, 33.44% (elapsed time    20.5s, curr speed    3.906 kHz, avg speed    3.409 kHz), accepted     3651/   70001 events ( 5.22%)
Processed    80000/  209314 entries, 38.22% (elapsed time    23.5s, curr speed    3.378 kHz, avg speed    3.405 kHz), accepted     4167/   80001 events ( 5.21%)
Processed    90000/  209314 entries, 43.00% (elapsed time    25.9s, curr speed    4.084 kHz, avg speed    3.469 kHz), accepted     4645/   90001 events ( 5.16%)
Processed   100000/  209314 entries, 47.78% (elapsed time    28.3s, curr speed    4.265 kHz, avg speed    3.535 kHz), accepted     5107/  100001 events ( 5.11%)
Processed   110000/  209314 entries, 52.55% (elapsed time    31.1s, curr speed    3.597 kHz, avg speed    3.541 kHz), accepted     5593/  110001 events ( 5.08%)
Processed   120000/  209314 entries, 57.33% (elapsed time    33.9s, curr speed    3.504 kHz, avg speed    3.538 kHz), accepted     6090/  120001 events ( 5.07%)
Processed   130000/  209314 entries, 62.11% (elapsed time    37.1s, curr speed    3.121 kHz, avg speed    3.502 kHz), accepted     6642/  130001 events ( 5.11%)
Processed   140000/  209314 entries, 66.89% (elapsed time    40.3s, curr speed    3.109 kHz, avg speed    3.471 kHz), accepted     7239/  140001 events ( 5.17%)
Processed   150000/  209314 entries, 71.66% (elapsed time    43.5s, curr speed    3.116 kHz, avg speed    3.444 kHz), accepted     7839/  150001 events ( 5.23%)
Processed   160000/  209314 entries, 76.44% (elapsed time    46.9s, curr speed    2.942 kHz, avg speed    3.408 kHz), accepted     8441/  160001 events ( 5.28%)
Processed   170000/  209314 entries, 81.22% (elapsed time    50.2s, curr speed    3.031 kHz, avg speed    3.383 kHz), accepted     9053/  170001 events ( 5.33%)
Processed   180000/  209314 entries, 86.00% (elapsed time    53.6s, curr speed    2.988 kHz, avg speed    3.359 kHz), accepted     9664/  180001 events ( 5.37%)
Processed   190000/  209314 entries, 90.77% (elapsed time    56.6s, curr speed    3.292 kHz, avg speed    3.355 kHz), accepted    10285/  190001 events ( 5.41%)
Processed   200000/  209314 entries, 95.55% (elapsed time    59.8s, curr speed    3.167 kHz, avg speed    3.345 kHz), accepted    10885/  200001 events ( 5.44%)
Processed 209314 preselected entries from /eos/cms/store/group/phys_tau/TauFW/nano/UL2017/SingleElectron/Run2017F-UL2017_MiniAODv1_NanoAODv2-v1/NANOAOD/079333E8-CB58-2E40-9341-C688861A06B5_skimjec_4.root (209314 entries). Finally selected 11460 entries
Pre-select 171758 entries out of 171758 (100.00%)
Processed    10000/  171758 entries,  5.82% (elapsed time     4.2s, curr speed    2.356 kHz, avg speed    2.356 kHz), accepted      644/   10001 events ( 6.44%)
Processed    20000/  171758 entries, 11.64% (elapsed time     7.4s, curr speed    3.123 kHz, avg speed    2.686 kHz), accepted     1242/   20001 events ( 6.21%)
Processed    30000/  171758 entries, 17.47% (elapsed time    10.4s, curr speed    3.348 kHz, avg speed    2.876 kHz), accepted     1784/   30001 events ( 5.95%)
Processed    40000/  171758 entries, 23.29% (elapsed time    13.5s, curr speed    3.305 kHz, avg speed    2.972 kHz), accepted     2374/   40001 events ( 5.93%)
Processed    50000/  171758 entries, 29.11% (elapsed time    16.5s, curr speed    3.311 kHz, avg speed    3.034 kHz), accepted     2970/   50001 events ( 5.94%)
Processed    60000/  171758 entries, 34.93% (elapsed time    19.4s, curr speed    3.480 kHz, avg speed    3.100 kHz), accepted     3528/   60001 events ( 5.88%)
Processed    70000/  171758 entries, 40.76% (elapsed time    22.4s, curr speed    3.268 kHz, avg speed    3.123 kHz), accepted     4105/   70001 events ( 5.86%)
Processed    80000/  171758 entries, 46.58% (elapsed time    25.2s, curr speed    3.557 kHz, avg speed    3.172 kHz), accepted     4665/   80001 events ( 5.83%)
Processed    90000/  171758 entries, 52.40% (elapsed time    28.3s, curr speed    3.280 kHz, avg speed    3.183 kHz), accepted     5245/   90001 events ( 5.83%)
Processed   100000/  171758 entries, 58.22% (elapsed time    31.5s, curr speed    3.053 kHz, avg speed    3.170 kHz), accepted     5848/  100001 events ( 5.85%)
Processed   110000/  171758 entries, 64.04% (elapsed time    35.1s, curr speed    2.855 kHz, avg speed    3.138 kHz), accepted     6514/  110001 events ( 5.92%)
Processed   120000/  171758 entries, 69.87% (elapsed time    38.3s, curr speed    3.108 kHz, avg speed    3.136 kHz), accepted     7202/  120001 events ( 6.00%)
Processed   130000/  171758 entries, 75.69% (elapsed time    41.1s, curr speed    3.495 kHz, avg speed    3.161 kHz), accepted     7717/  130001 events ( 5.94%)
Processed   140000/  171758 entries, 81.51% (elapsed time    44.6s, curr speed    2.896 kHz, avg speed    3.140 kHz), accepted     8346/  140001 events ( 5.96%)
Processed   150000/  171758 entries, 87.33% (elapsed time    47.9s, curr speed    2.991 kHz, avg speed    3.130 kHz), accepted     8991/  150001 events ( 5.99%)
Processed   160000/  171758 entries, 93.15% (elapsed time    51.6s, curr speed    2.748 kHz, avg speed    3.103 kHz), accepted     9635/  160001 events ( 6.02%)
Processed   170000/  171758 entries, 98.98% (elapsed time    55.1s, curr speed    2.839 kHz, avg speed    3.086 kHz), accepted    10296/  170001 events ( 6.06%)
Processed 171758 preselected entries from /eos/cms/store/group/phys_tau/TauFW/nano/UL2017/SingleElectron/Run2017F-UL2017_MiniAODv1_NanoAODv2-v1/NANOAOD/0C425523-12FF-684F-AA49-8A61CA52A1F1_skimjec_0.root (171758 entries). Finally selected 10421 entries
Pre-select 210348 entries out of 210348 (100.00%)
Processed    10000/  210348 entries,  4.75% (elapsed time     4.9s, curr speed    2.052 kHz, avg speed    2.052 kHz), accepted      582/   10001 events ( 5.82%)
Processed    20000/  210348 entries,  9.51% (elapsed time     8.8s, curr speed    2.544 kHz, avg speed    2.271 kHz), accepted     1253/   20001 events ( 6.26%)
Processed    30000/  210348 entries, 14.26% (elapsed time    12.3s, curr speed    2.858 kHz, avg speed    2.438 kHz), accepted     1926/   30001 events ( 6.42%)
Processed    40000/  210348 entries, 19.02% (elapsed time    16.4s, curr speed    2.465 kHz, avg speed    2.445 kHz), accepted     2569/   40001 events ( 6.42%)
Processed    50000/  210348 entries, 23.77% (elapsed time    19.8s, curr speed    2.904 kHz, avg speed    2.525 kHz), accepted     3259/   50001 events ( 6.52%)
Processed    60000/  210348 entries, 28.52% (elapsed time    23.6s, curr speed    2.606 kHz, avg speed    2.538 kHz), accepted     3918/   60001 events ( 6.53%)
Processed    70000/  210348 entries, 33.28% (elapsed time    27.1s, curr speed    2.851 kHz, avg speed    2.578 kHz), accepted     4525/   70001 events ( 6.46%)
Processed    80000/  210348 entries, 38.03% (elapsed time    31.3s, curr speed    2.423 kHz, avg speed    2.558 kHz), accepted     5194/   80001 events ( 6.49%)
Processed    90000/  210348 entries, 42.79% (elapsed time    34.5s, curr speed    3.135 kHz, avg speed    2.611 kHz), accepted     5817/   90001 events ( 6.46%)
Processed   100000/  210348 entries, 47.54% (elapsed time    38.2s, curr speed    2.709 kHz, avg speed    2.621 kHz), accepted     6459/  100001 events ( 6.46%)
Processed   110000/  210348 entries, 52.29% (elapsed time    42.2s, curr speed    2.464 kHz, avg speed    2.606 kHz), accepted     7155/  110001 events ( 6.50%)
Processed   120000/  210348 entries, 57.05% (elapsed time    46.2s, curr speed    2.530 kHz, avg speed    2.599 kHz), accepted     7812/  120001 events ( 6.51%)
Processed   130000/  210348 entries, 61.80% (elapsed time    49.4s, curr speed    3.049 kHz, avg speed    2.629 kHz), accepted     8427/  130001 events ( 6.48%)
Processed   140000/  210348 entries, 66.56% (elapsed time    52.8s, curr speed    3.026 kHz, avg speed    2.654 kHz), accepted     9030/  140001 events ( 6.45%)
Processed   150000/  210348 entries, 71.31% (elapsed time    56.1s, curr speed    2.991 kHz, avg speed    2.674 kHz), accepted     9697/  150001 events ( 6.46%)
Processed   160000/  210348 entries, 76.06% (elapsed time    59.1s, curr speed    3.284 kHz, avg speed    2.705 kHz), accepted    10337/  160001 events ( 6.46%)
Processed   170000/  210348 entries, 80.82% (elapsed time    62.7s, curr speed    2.805 kHz, avg speed    2.711 kHz), accepted    10943/  170001 events ( 6.44%)
Processed   180000/  210348 entries, 85.57% (elapsed time    66.0s, curr speed    3.050 kHz, avg speed    2.728 kHz), accepted    11627/  180001 events ( 6.46%)
Processed   190000/  210348 entries, 90.33% (elapsed time    69.9s, curr speed    2.586 kHz, avg speed    2.720 kHz), accepted    12239/  190001 events ( 6.44%)
Processed   200000/  210348 entries, 95.08% (elapsed time    73.4s, curr speed    2.820 kHz, avg speed    2.725 kHz), accepted    12847/  200001 events ( 6.42%)
Processed   210000/  210348 entries, 99.83% (elapsed time    77.0s, curr speed    2.743 kHz, avg speed    2.726 kHz), accepted    13488/  210001 events ( 6.42%)
Processed 210348 preselected entries from /eos/cms/store/group/phys_tau/TauFW/nano/UL2017/SingleElectron/Run2017F-UL2017_MiniAODv1_NanoAODv2-v1/NANOAOD/0C425523-12FF-684F-AA49-8A61CA52A1F1_skimjec_1.root (210348 entries). Finally selected 13512 entries
Total time 362.8 sec. to process 1010056 events. Rate = 2783.9 Hz.
>>> cwd          = /pool/condor/dir_11240
>>> ls           = ['.machine.ad', 'lvigilan.cc', 'pico_etau_EES0p99_4.root', '.job.ad', '_condor_stdout', 'x509_voms', 'tmp', 'var', 'condor_exec.exe', '.chirp.config']
>>> getstorage('/eos/home-l/lvigilan/output_ETauFR_UL17_RUN1/UL2017/etau/SingleElectron_Run2017F'), <EOS("/eos/home-l/lvigilan/output_ETauFR_UL17_RUN1/UL2017/etau/SingleElectron_Run2017F") at 0x2b6ad9ab0990>
>>> Executing: 'cp ./pico_etau_EES0p99_4.root /eos/home-l/lvigilan/output_ETauFR_UL17_RUN1/UL2017/etau/SingleElectron_Run2017F'
>>> Removing './pico_etau_EES0p99_4.root'...
>>> picojob.py done after 376.3 seconds

Job complete at Mon Jun  7 23:12:31 CEST 2021
Took 6 minutes 18 seconds040 (2367903.004.000) 06/07 23:39:03 Finished transferring output files
...
005 (2367903.004.000) 06/07 23:39:03 Job terminated.
	(1) Normal termination (return value 0)
		Usr 0 00:05:15, Sys 0 00:00:16  -  Run Remote Usage
		Usr 0 00:00:00, Sys 0 00:00:00  -  Run Local Usage
		Usr 0 00:05:15, Sys 0 00:00:16  -  Total Remote Usage
		Usr 0 00:00:00, Sys 0 00:00:00  -  Total Local Usage
	31172  -  Run Bytes Sent By Job
	9898  -  Run Bytes Received By Job
	31172  -  Total Bytes Sent By Job
	9898  -  Total Bytes Received By Job
	Partitionable Resources :    Usage  Request Allocated 
	   Cpus                 :        0        1         1 
	   Disk (KB)            :     5280        1    206950 
	   Memory (MB)          :      199     2000      2000 

	Job terminated of its own accord at 2021-06-07T21:12:31Z.
...
