Could not find platform independent libraries <prefix>
Could not find platform dependent libraries <exec_prefix>
Consider setting $PYTHONHOME to <prefix>[:<exec_prefix>]
ImportError: No module named site
Job start at Tue Jun  8 10:17:18 CEST 2021
Running job on machine Linux b7s12n3683.cern.ch 3.10.0-1160.21.1.el7.x86_64 #1 SMP Tue Mar 16 18:28:22 UTC 2021 x86_64 x86_64 x86_64 GNU/Linux, host b7s12n3683.cern.ch
============================================================
$PWD=/pool/condor/dir_5341
$JOBID=2368958
$TASKID=46
$HOSTNAME=b7s12n3683.cern.ch
$TASKCMD=/afs/cern.ch/work/l/lvigilan/TauWork/CMSSW_10_6_17_patch1/src/TauFW/PicoProducer/python/processors/picojob.py -y UL2017 -d 'data' -c etau -M ETauFakeRate.ModuleETau --copydir /eos/home-l/lvigilan/output_ETauFR_UL17_RUN1/UL2017/etau/SingleElectron_Run2017F -t _etau_EES1p01_46 --opt 'ees=1.01' 'useT1=False' -i /eos/cms/store/group/phys_tau/TauFW/nano/UL2017/SingleElectron/Run2017F-UL2017_MiniAODv1_NanoAODv2-v1/NANOAOD/57DBD905-8C2C-4346-8EE3-CC03305C0CEF_skimjec_4.root /eos/cms/store/group/phys_tau/TauFW/nano/UL2017/SingleElectron/Run2017F-UL2017_MiniAODv1_NanoAODv2-v1/NANOAOD/57DBD905-8C2C-4346-8EE3-CC03305C0CEF_skimjec_5.root /eos/cms/store/group/phys_tau/TauFW/nano/UL2017/SingleElectron/Run2017F-UL2017_MiniAODv1_NanoAODv2-v1/NANOAOD/5EDFD909-D27B-494B-A204-19944A43DD6E_skimjec_0.root /eos/cms/store/group/phys_tau/TauFW/nano/UL2017/SingleElectron/Run2017F-UL2017_MiniAODv1_NanoAODv2-v1/NANOAOD/5EDFD909-D27B-494B-A204-19944A43DD6E_skimjec_1.root /eos/cms/store/group/phys_tau/TauFW/nano/UL2017/SingleElectron/Run2017F-UL2017_MiniAODv1_NanoAODv2-v1/NANOAOD/5EDFD909-D27B-494B-A204-19944A43DD6E_skimjec_2.root
$WORKDIR=/pool/condor/dir_5341
>>> cd /afs/cern.ch/work/l/lvigilan/TauWork/CMSSW_10_6_17_patch1/src
>>> eval `scramv1 runtime -sh`
>>> cd /pool/condor/dir_5341
$PWD=/pool/condor/dir_5341
>>> /afs/cern.ch/work/l/lvigilan/TauWork/CMSSW_10_6_17_patch1/src/TauFW/PicoProducer/python/processors/picojob.py -y UL2017 -d 'data' -c etau -M ETauFakeRate.ModuleETau --copydir /eos/home-l/lvigilan/output_ETauFR_UL17_RUN1/UL2017/etau/SingleElectron_Run2017F -t _etau_EES1p01_46 --opt 'ees=1.01' 'useT1=False' -i /eos/cms/store/group/phys_tau/TauFW/nano/UL2017/SingleElectron/Run2017F-UL2017_MiniAODv1_NanoAODv2-v1/NANOAOD/57DBD905-8C2C-4346-8EE3-CC03305C0CEF_skimjec_4.root /eos/cms/store/group/phys_tau/TauFW/nano/UL2017/SingleElectron/Run2017F-UL2017_MiniAODv1_NanoAODv2-v1/NANOAOD/57DBD905-8C2C-4346-8EE3-CC03305C0CEF_skimjec_5.root /eos/cms/store/group/phys_tau/TauFW/nano/UL2017/SingleElectron/Run2017F-UL2017_MiniAODv1_NanoAODv2-v1/NANOAOD/5EDFD909-D27B-494B-A204-19944A43DD6E_skimjec_0.root /eos/cms/store/group/phys_tau/TauFW/nano/UL2017/SingleElectron/Run2017F-UL2017_MiniAODv1_NanoAODv2-v1/NANOAOD/5EDFD909-D27B-494B-A204-19944A43DD6E_skimjec_1.root /eos/cms/store/group/phys_tau/TauFW/nano/UL2017/SingleElectron/Run2017F-UL2017_MiniAODv1_NanoAODv2-v1/NANOAOD/5EDFD909-D27B-494B-A204-19944A43DD6E_skimjec_2.root
Error in <TGClient::TGClient>: can't open display "localhost:21.0", switching to batch mode...
 In case you run from a remote ssh session, reconnect with ssh -Y
--------------------------------------------------------------------------------
>>> era          = 'UL2017'
>>> year         = 2017
>>> channel      = 'etau'
>>> modname      = 'ETauFakeRate.ModuleETau'
>>> dtype        = 'data'
>>> kwargs       = {'dtype': 'data', 'ees': 1.01, 'useT1': False, 'verb': 0, 'era': 'UL2017', 'year': 2017}
>>> firstevt     = 0
>>> maxevts      = None
>>> outdir       = '.'
>>> copydir      = '/eos/home-l/lvigilan/output_ETauFR_UL17_RUN1/UL2017/etau/SingleElectron_Run2017F'
>>> infiles      = ['/eos/cms/store/group/phys_tau/TauFW/nano/UL2017/SingleElectron/Run2017F-UL2017_MiniAODv1_NanoAODv2-v1/NANOAOD/57DBD905-8C2C-4346-8EE3-CC03305C0CEF_skimjec_4.root', '/eos/cms/store/group/phys_tau/TauFW/nano/UL2017/SingleElectron/Run2017F-UL2017_MiniAODv1_NanoAODv2-v1/NANOAOD/57DBD905-8C2C-4346-8EE3-CC03305C0CEF_skimjec_5.root', '/eos/cms/store/group/phys_tau/TauFW/nano/UL2017/SingleElectron/Run2017F-UL2017_MiniAODv1_NanoAODv2-v1/NANOAOD/5EDFD909-D27B-494B-A204-19944A43DD6E_skimjec_0.root', '/eos/cms/store/group/phys_tau/TauFW/nano/UL2017/SingleElectron/Run2017F-UL2017_MiniAODv1_NanoAODv2-v1/NANOAOD/5EDFD909-D27B-494B-A204-19944A43DD6E_skimjec_1.root', '/eos/cms/store/group/phys_tau/TauFW/nano/UL2017/SingleElectron/Run2017F-UL2017_MiniAODv1_NanoAODv2-v1/NANOAOD/5EDFD909-D27B-494B-A204-19944A43DD6E_skimjec_2.root']
>>> outfname     = './pico_etau_EES1p01_46.root'
>>> branchsel    = '/afs/cern.ch/work/l/lvigilan/TauWork/CMSSW_10_6_17_patch1/python/TauFW/PicoProducer/processors/keep_and_drop_skim.txt'
>>> json         = '/afs/cern.ch/work/l/lvigilan/TauWork/CMSSW_10_6_17_patch1/src/TauFW/PicoProducer/data/json/2017/Cert_294927-306462_13TeV_PromptReco_Collisions17_JSON.txt'
>>> prefetch     = False
>>> cwd          = /pool/condor/dir_5341
--------------------------------------------------------------------------------

   ################
   #  ModuleETau  #
   ################

Loading TreeProducerETau for './pico_etau_EES1p01_46.root'
--------------------------------------------------------------------------------
>>> filename     = './pico_etau_EES1p01_46.root'
>>> year         = 2017
>>> dtype        = 'data'
>>> channel      = 'etau'
>>> ismc         = False
>>> isdata       = True
>>> isembed      = False
>>> tes          = None
>>> tessys       = None
>>> fes          = None
>>> ltf          = None
>>> jtf          = 1.0
>>> dotoppt      = False
>>> dozpt        = False
>>> dojec        = False
>>> dojecsys     = False
>>> dotight      = False
>>> useT1        = False
>>> jetCutPt     = 30
>>> bjetCutEta   = 2.7
>>> tauwp        = 0
>>> eleCutPt     = 36
>>> eleCutEta    = 2.1
>>> tauCutPt     = 20
>>> tauCutEta    = 2.3
>>> ZpeekReso    = 0.0
Pre-select 222262 entries out of 222262 (100.00%)
Processed    10000/  222262 entries,  4.50% (elapsed time     3.8s, curr speed    2.599 kHz, avg speed    2.599 kHz), accepted      493/   10001 events ( 4.93%)
Processed    20000/  222262 entries,  9.00% (elapsed time     5.7s, curr speed    5.436 kHz, avg speed    3.517 kHz), accepted      960/   20001 events ( 4.80%)
Processed    30000/  222262 entries, 13.50% (elapsed time     7.4s, curr speed    5.792 kHz, avg speed    4.047 kHz), accepted     1486/   30001 events ( 4.95%)
Processed    40000/  222262 entries, 18.00% (elapsed time     9.2s, curr speed    5.671 kHz, avg speed    4.359 kHz), accepted     1999/   40001 events ( 5.00%)
Processed    50000/  222262 entries, 22.50% (elapsed time    10.9s, curr speed    5.961 kHz, avg speed    4.607 kHz), accepted     2511/   50001 events ( 5.02%)
Processed    60000/  222262 entries, 27.00% (elapsed time    12.6s, curr speed    5.764 kHz, avg speed    4.766 kHz), accepted     3059/   60001 events ( 5.10%)
Processed    70000/  222262 entries, 31.49% (elapsed time    14.3s, curr speed    5.800 kHz, avg speed    4.891 kHz), accepted     3566/   70001 events ( 5.09%)
Processed    80000/  222262 entries, 35.99% (elapsed time    15.9s, curr speed    6.295 kHz, avg speed    5.031 kHz), accepted     4043/   80001 events ( 5.05%)
Processed    90000/  222262 entries, 40.49% (elapsed time    17.7s, curr speed    5.613 kHz, avg speed    5.090 kHz), accepted     4543/   90001 events ( 5.05%)
Processed   100000/  222262 entries, 44.99% (elapsed time    19.3s, curr speed    6.042 kHz, avg speed    5.171 kHz), accepted     5016/  100001 events ( 5.02%)
Processed   110000/  222262 entries, 49.49% (elapsed time    21.1s, curr speed    5.790 kHz, avg speed    5.222 kHz), accepted     5478/  110001 events ( 4.98%)
Processed   120000/  222262 entries, 53.99% (elapsed time    22.8s, curr speed    5.650 kHz, avg speed    5.255 kHz), accepted     5985/  120001 events ( 4.99%)
Processed   130000/  222262 entries, 58.49% (elapsed time    24.5s, curr speed    6.034 kHz, avg speed    5.308 kHz), accepted     6500/  130001 events ( 5.00%)
Processed   140000/  222262 entries, 62.99% (elapsed time    26.3s, curr speed    5.558 kHz, avg speed    5.325 kHz), accepted     7025/  140001 events ( 5.02%)
Processed   150000/  222262 entries, 67.49% (elapsed time    27.9s, curr speed    6.354 kHz, avg speed    5.383 kHz), accepted     7531/  150001 events ( 5.02%)
Processed   160000/  222262 entries, 71.99% (elapsed time    29.7s, curr speed    5.438 kHz, avg speed    5.386 kHz), accepted     8020/  160001 events ( 5.01%)
Processed   170000/  222262 entries, 76.49% (elapsed time    31.3s, curr speed    6.142 kHz, avg speed    5.426 kHz), accepted     8526/  170001 events ( 5.02%)
Processed   180000/  222262 entries, 80.99% (elapsed time    32.9s, curr speed    6.188 kHz, avg speed    5.463 kHz), accepted     9044/  180001 events ( 5.02%)
Processed   190000/  222262 entries, 85.48% (elapsed time    34.7s, curr speed    5.816 kHz, avg speed    5.481 kHz), accepted     9594/  190001 events ( 5.05%)
Processed   200000/  222262 entries, 89.98% (elapsed time    36.4s, curr speed    5.922 kHz, avg speed    5.501 kHz), accepted    10102/  200001 events ( 5.05%)
Processed   210000/  222262 entries, 94.48% (elapsed time    38.1s, curr speed    5.709 kHz, avg speed    5.511 kHz), accepted    10657/  210001 events ( 5.07%)
Processed   220000/  222262 entries, 98.98% (elapsed time    39.9s, curr speed    5.714 kHz, avg speed    5.520 kHz), accepted    11175/  220001 events ( 5.08%)
Processed 222262 preselected entries from /eos/cms/store/group/phys_tau/TauFW/nano/UL2017/SingleElectron/Run2017F-UL2017_MiniAODv1_NanoAODv2-v1/NANOAOD/57DBD905-8C2C-4346-8EE3-CC03305C0CEF_skimjec_4.root (222262 entries). Finally selected 11310 entries
Pre-select 222257 entries out of 222257 (100.00%)
Processed    10000/  222257 entries,  4.50% (elapsed time     2.6s, curr speed    3.783 kHz, avg speed    3.783 kHz), accepted      525/   10001 events ( 5.25%)
Processed    20000/  222257 entries,  9.00% (elapsed time     4.4s, curr speed    5.612 kHz, avg speed    4.519 kHz), accepted     1083/   20001 events ( 5.41%)
Processed    30000/  222257 entries, 13.50% (elapsed time     6.0s, curr speed    6.190 kHz, avg speed    4.966 kHz), accepted     1574/   30001 events ( 5.25%)
Processed    40000/  222257 entries, 18.00% (elapsed time     7.8s, curr speed    5.663 kHz, avg speed    5.124 kHz), accepted     2092/   40001 events ( 5.23%)
Processed    50000/  222257 entries, 22.50% (elapsed time     9.4s, curr speed    6.094 kHz, avg speed    5.292 kHz), accepted     2594/   50001 events ( 5.19%)
Processed    60000/  222257 entries, 27.00% (elapsed time    11.2s, curr speed    5.646 kHz, avg speed    5.348 kHz), accepted     3117/   60001 events ( 5.19%)
Processed    70000/  222257 entries, 31.50% (elapsed time    12.9s, curr speed    6.125 kHz, avg speed    5.447 kHz), accepted     3640/   70001 events ( 5.20%)
Processed    80000/  222257 entries, 35.99% (elapsed time    14.4s, curr speed    6.332 kHz, avg speed    5.544 kHz), accepted     4157/   80001 events ( 5.20%)
Processed    90000/  222257 entries, 40.49% (elapsed time    16.1s, curr speed    6.157 kHz, avg speed    5.606 kHz), accepted     4663/   90001 events ( 5.18%)
Processed   100000/  222257 entries, 44.99% (elapsed time    18.0s, curr speed    5.047 kHz, avg speed    5.544 kHz), accepted     5236/  100001 events ( 5.24%)
Processed   110000/  222257 entries, 49.49% (elapsed time    19.8s, curr speed    5.725 kHz, avg speed    5.560 kHz), accepted     5766/  110001 events ( 5.24%)
Processed   120000/  222257 entries, 53.99% (elapsed time    21.5s, curr speed    5.867 kHz, avg speed    5.584 kHz), accepted     6283/  120001 events ( 5.24%)
Processed   130000/  222257 entries, 58.49% (elapsed time    23.3s, curr speed    5.542 kHz, avg speed    5.581 kHz), accepted     6820/  130001 events ( 5.25%)
Processed   140000/  222257 entries, 62.99% (elapsed time    25.2s, curr speed    5.142 kHz, avg speed    5.547 kHz), accepted     7378/  140001 events ( 5.27%)
Processed   150000/  222257 entries, 67.49% (elapsed time    26.9s, curr speed    6.045 kHz, avg speed    5.578 kHz), accepted     7885/  150001 events ( 5.26%)
Processed   160000/  222257 entries, 71.99% (elapsed time    28.6s, curr speed    5.739 kHz, avg speed    5.588 kHz), accepted     8449/  160001 events ( 5.28%)
Processed   170000/  222257 entries, 76.49% (elapsed time    30.5s, curr speed    5.496 kHz, avg speed    5.582 kHz), accepted     9010/  170001 events ( 5.30%)
Processed   180000/  222257 entries, 80.99% (elapsed time    32.1s, curr speed    6.055 kHz, avg speed    5.607 kHz), accepted     9535/  180001 events ( 5.30%)
Processed   190000/  222257 entries, 85.49% (elapsed time    33.8s, curr speed    6.007 kHz, avg speed    5.626 kHz), accepted    10048/  190001 events ( 5.29%)
Processed   200000/  222257 entries, 89.99% (elapsed time    35.5s, curr speed    5.837 kHz, avg speed    5.636 kHz), accepted    10561/  200001 events ( 5.28%)
Processed   210000/  222257 entries, 94.49% (elapsed time    37.2s, curr speed    5.706 kHz, avg speed    5.640 kHz), accepted    11032/  210001 events ( 5.25%)
Processed   220000/  222257 entries, 98.98% (elapsed time    38.9s, curr speed    6.045 kHz, avg speed    5.657 kHz), accepted    11557/  220001 events ( 5.25%)
Processed 222257 preselected entries from /eos/cms/store/group/phys_tau/TauFW/nano/UL2017/SingleElectron/Run2017F-UL2017_MiniAODv1_NanoAODv2-v1/NANOAOD/57DBD905-8C2C-4346-8EE3-CC03305C0CEF_skimjec_5.root (222257 entries). Finally selected 11659 entries
Pre-select 173613 entries out of 173613 (100.00%)
Processed    10000/  173613 entries,  5.76% (elapsed time     2.9s, curr speed    3.399 kHz, avg speed    3.399 kHz), accepted      645/   10001 events ( 6.45%)
Processed    20000/  173613 entries, 11.52% (elapsed time     5.0s, curr speed    4.777 kHz, avg speed    3.972 kHz), accepted     1270/   20001 events ( 6.35%)
Processed    30000/  173613 entries, 17.28% (elapsed time     7.0s, curr speed    5.038 kHz, avg speed    4.273 kHz), accepted     1907/   30001 events ( 6.36%)
Processed    40000/  173613 entries, 23.04% (elapsed time     9.1s, curr speed    4.888 kHz, avg speed    4.412 kHz), accepted     2547/   40001 events ( 6.37%)
Processed    50000/  173613 entries, 28.80% (elapsed time    11.2s, curr speed    4.740 kHz, avg speed    4.474 kHz), accepted     3208/   50001 events ( 6.42%)
Processed    60000/  173613 entries, 34.56% (elapsed time    13.2s, curr speed    4.840 kHz, avg speed    4.531 kHz), accepted     3834/   60001 events ( 6.39%)
Processed    70000/  173613 entries, 40.32% (elapsed time    15.4s, curr speed    4.537 kHz, avg speed    4.532 kHz), accepted     4493/   70001 events ( 6.42%)
Processed    80000/  173613 entries, 46.08% (elapsed time    17.6s, curr speed    4.578 kHz, avg speed    4.538 kHz), accepted     5133/   80001 events ( 6.42%)
Processed    90000/  173613 entries, 51.84% (elapsed time    19.8s, curr speed    4.676 kHz, avg speed    4.553 kHz), accepted     5805/   90001 events ( 6.45%)
Processed   100000/  173613 entries, 57.60% (elapsed time    21.8s, curr speed    4.809 kHz, avg speed    4.577 kHz), accepted     6475/  100001 events ( 6.47%)
Processed   110000/  173613 entries, 63.36% (elapsed time    24.0s, curr speed    4.726 kHz, avg speed    4.590 kHz), accepted     7146/  110001 events ( 6.50%)
Processed   120000/  173613 entries, 69.12% (elapsed time    26.1s, curr speed    4.717 kHz, avg speed    4.601 kHz), accepted     7826/  120001 events ( 6.52%)
Processed   130000/  173613 entries, 74.88% (elapsed time    28.3s, curr speed    4.512 kHz, avg speed    4.594 kHz), accepted     8506/  130001 events ( 6.54%)
Processed   140000/  173613 entries, 80.64% (elapsed time    30.8s, curr speed    4.033 kHz, avg speed    4.548 kHz), accepted     9169/  140001 events ( 6.55%)
Processed   150000/  173613 entries, 86.40% (elapsed time    32.9s, curr speed    4.706 kHz, avg speed    4.559 kHz), accepted     9797/  150001 events ( 6.53%)
Processed   160000/  173613 entries, 92.16% (elapsed time    35.2s, curr speed    4.347 kHz, avg speed    4.545 kHz), accepted    10447/  160001 events ( 6.53%)
Processed   170000/  173613 entries, 97.92% (elapsed time    37.5s, curr speed    4.324 kHz, avg speed    4.531 kHz), accepted    11119/  170001 events ( 6.54%)
Processed 173613 preselected entries from /eos/cms/store/group/phys_tau/TauFW/nano/UL2017/SingleElectron/Run2017F-UL2017_MiniAODv1_NanoAODv2-v1/NANOAOD/5EDFD909-D27B-494B-A204-19944A43DD6E_skimjec_0.root (173613 entries). Finally selected 11374 entries
Pre-select 234402 entries out of 234402 (100.00%)
Processed    10000/  234402 entries,  4.27% (elapsed time     4.5s, curr speed    2.217 kHz, avg speed    2.217 kHz), accepted      667/   10001 events ( 6.67%)
Processed    20000/  234402 entries,  8.53% (elapsed time     7.1s, curr speed    3.923 kHz, avg speed    2.833 kHz), accepted     1280/   20001 events ( 6.40%)
Processed    30000/  234402 entries, 12.80% (elapsed time    10.0s, curr speed    3.458 kHz, avg speed    3.015 kHz), accepted     1942/   30001 events ( 6.47%)
Processed    40000/  234402 entries, 17.06% (elapsed time    12.9s, curr speed    3.433 kHz, avg speed    3.109 kHz), accepted     2597/   40001 events ( 6.49%)
Processed    50000/  234402 entries, 21.33% (elapsed time    16.6s, curr speed    2.708 kHz, avg speed    3.020 kHz), accepted     3276/   50001 events ( 6.55%)
Processed    60000/  234402 entries, 25.60% (elapsed time    18.9s, curr speed    4.312 kHz, avg speed    3.178 kHz), accepted     3981/   60001 events ( 6.63%)
Processed    70000/  234402 entries, 29.86% (elapsed time    21.0s, curr speed    4.767 kHz, avg speed    3.337 kHz), accepted     4634/   70001 events ( 6.62%)
Processed    80000/  234402 entries, 34.13% (elapsed time    24.2s, curr speed    3.093 kHz, avg speed    3.305 kHz), accepted     5310/   80001 events ( 6.64%)
Processed    90000/  234402 entries, 38.40% (elapsed time    26.3s, curr speed    4.762 kHz, avg speed    3.421 kHz), accepted     5991/   90001 events ( 6.66%)
Processed   100000/  234402 entries, 42.66% (elapsed time    28.9s, curr speed    3.849 kHz, avg speed    3.460 kHz), accepted     6686/  100001 events ( 6.69%)
Processed   110000/  234402 entries, 46.93% (elapsed time    31.6s, curr speed    3.734 kHz, avg speed    3.483 kHz), accepted     7343/  110001 events ( 6.68%)
Processed   120000/  234402 entries, 51.19% (elapsed time    34.2s, curr speed    3.881 kHz, avg speed    3.513 kHz), accepted     7996/  120001 events ( 6.66%)
Processed   130000/  234402 entries, 55.46% (elapsed time    36.4s, curr speed    4.503 kHz, avg speed    3.573 kHz), accepted     8677/  130001 events ( 6.67%)
Processed   140000/  234402 entries, 59.73% (elapsed time    39.2s, curr speed    3.500 kHz, avg speed    3.568 kHz), accepted     9325/  140001 events ( 6.66%)
Processed   150000/  234402 entries, 63.99% (elapsed time    41.3s, curr speed    4.813 kHz, avg speed    3.631 kHz), accepted    10003/  150001 events ( 6.67%)
Processed   160000/  234402 entries, 68.26% (elapsed time    43.4s, curr speed    4.775 kHz, avg speed    3.686 kHz), accepted    10713/  160001 events ( 6.70%)
Processed   170000/  234402 entries, 72.52% (elapsed time    45.4s, curr speed    5.141 kHz, avg speed    3.748 kHz), accepted    11341/  170001 events ( 6.67%)
Processed   180000/  234402 entries, 76.79% (elapsed time    48.5s, curr speed    3.220 kHz, avg speed    3.714 kHz), accepted    12035/  180001 events ( 6.69%)
Processed   190000/  234402 entries, 81.06% (elapsed time    50.5s, curr speed    5.018 kHz, avg speed    3.766 kHz), accepted    12668/  190001 events ( 6.67%)
Processed   200000/  234402 entries, 85.32% (elapsed time    52.2s, curr speed    5.802 kHz, avg speed    3.833 kHz), accepted    13248/  200001 events ( 6.62%)
Processed   210000/  234402 entries, 89.59% (elapsed time    53.9s, curr speed    5.931 kHz, avg speed    3.899 kHz), accepted    13788/  210001 events ( 6.57%)
Processed   220000/  234402 entries, 93.86% (elapsed time    55.9s, curr speed    4.838 kHz, avg speed    3.933 kHz), accepted    14355/  220001 events ( 6.52%)
Processed   230000/  234402 entries, 98.12% (elapsed time    58.0s, curr speed    4.830 kHz, avg speed    3.965 kHz), accepted    14942/  230001 events ( 6.50%)
Processed 234402 preselected entries from /eos/cms/store/group/phys_tau/TauFW/nano/UL2017/SingleElectron/Run2017F-UL2017_MiniAODv1_NanoAODv2-v1/NANOAOD/5EDFD909-D27B-494B-A204-19944A43DD6E_skimjec_1.root (234402 entries). Finally selected 15205 entries
Pre-select 236049 entries out of 236049 (100.00%)
Processed    10000/  236049 entries,  4.24% (elapsed time     3.0s, curr speed    3.280 kHz, avg speed    3.280 kHz), accepted      644/   10001 events ( 6.44%)
Processed    20000/  236049 entries,  8.47% (elapsed time     5.2s, curr speed    4.662 kHz, avg speed    3.851 kHz), accepted     1316/   20001 events ( 6.58%)
Processed    30000/  236049 entries, 12.71% (elapsed time     7.1s, curr speed    5.172 kHz, avg speed    4.209 kHz), accepted     1938/   30001 events ( 6.46%)
Processed    40000/  236049 entries, 16.95% (elapsed time     9.2s, curr speed    4.826 kHz, avg speed    4.348 kHz), accepted     2617/   40001 events ( 6.54%)
Processed    50000/  236049 entries, 21.18% (elapsed time    11.1s, curr speed    5.238 kHz, avg speed    4.501 kHz), accepted     3211/   50001 events ( 6.42%)
Processed    60000/  236049 entries, 25.42% (elapsed time    12.8s, curr speed    5.838 kHz, avg speed    4.680 kHz), accepted     3753/   60001 events ( 6.25%)
Processed    70000/  236049 entries, 29.65% (elapsed time    14.7s, curr speed    5.328 kHz, avg speed    4.762 kHz), accepted     4363/   70001 events ( 6.23%)
Processed    80000/  236049 entries, 33.89% (elapsed time    16.7s, curr speed    4.919 kHz, avg speed    4.781 kHz), accepted     4953/   80001 events ( 6.19%)
Processed    90000/  236049 entries, 38.13% (elapsed time    18.9s, curr speed    4.643 kHz, avg speed    4.766 kHz), accepted     5553/   90001 events ( 6.17%)
Processed   100000/  236049 entries, 42.36% (elapsed time    21.4s, curr speed    3.971 kHz, avg speed    4.672 kHz), accepted     6244/  100001 events ( 6.24%)
Processed   110000/  236049 entries, 46.60% (elapsed time    23.8s, curr speed    4.232 kHz, avg speed    4.628 kHz), accepted     6960/  110001 events ( 6.33%)
Processed   120000/  236049 entries, 50.84% (elapsed time    25.8s, curr speed    4.907 kHz, avg speed    4.650 kHz), accepted     7596/  120001 events ( 6.33%)
Processed   130000/  236049 entries, 55.07% (elapsed time    28.0s, curr speed    4.514 kHz, avg speed    4.640 kHz), accepted     8224/  130001 events ( 6.33%)
Processed   140000/  236049 entries, 59.31% (elapsed time    30.0s, curr speed    5.044 kHz, avg speed    4.666 kHz), accepted     8858/  140001 events ( 6.33%)
Processed   150000/  236049 entries, 63.55% (elapsed time    32.1s, curr speed    4.691 kHz, avg speed    4.668 kHz), accepted     9483/  150001 events ( 6.32%)
Processed   160000/  236049 entries, 67.78% (elapsed time    34.2s, curr speed    4.772 kHz, avg speed    4.674 kHz), accepted    10131/  160001 events ( 6.33%)
Processed   170000/  236049 entries, 72.02% (elapsed time    36.0s, curr speed    5.518 kHz, avg speed    4.717 kHz), accepted    10674/  170001 events ( 6.28%)
Processed   180000/  236049 entries, 76.26% (elapsed time    37.9s, curr speed    5.278 kHz, avg speed    4.745 kHz), accepted    11277/  180001 events ( 6.26%)
Processed   190000/  236049 entries, 80.49% (elapsed time    39.8s, curr speed    5.234 kHz, avg speed    4.768 kHz), accepted    11866/  190001 events ( 6.25%)
Processed   200000/  236049 entries, 84.73% (elapsed time    41.8s, curr speed    5.076 kHz, avg speed    4.783 kHz), accepted    12535/  200001 events ( 6.27%)
Processed   210000/  236049 entries, 88.96% (elapsed time    43.9s, curr speed    4.830 kHz, avg speed    4.785 kHz), accepted    13175/  210001 events ( 6.27%)
Processed   220000/  236049 entries, 93.20% (elapsed time    45.8s, curr speed    5.157 kHz, avg speed    4.801 kHz), accepted    13798/  220001 events ( 6.27%)
Processed   230000/  236049 entries, 97.44% (elapsed time    47.6s, curr speed    5.783 kHz, avg speed    4.836 kHz), accepted    14347/  230001 events ( 6.24%)
Processed 236049 preselected entries from /eos/cms/store/group/phys_tau/TauFW/nano/UL2017/SingleElectron/Run2017F-UL2017_MiniAODv1_NanoAODv2-v1/NANOAOD/5EDFD909-D27B-494B-A204-19944A43DD6E_skimjec_2.root (236049 entries). Finally selected 14696 entries
Total time 249.6 sec. to process 1088583 events. Rate = 4361.5 Hz.
>>> cwd          = /pool/condor/dir_5341
>>> ls           = ['_condor_stdout', '.job.ad', 'pico_etau_EES1p01_46.root', 'x509_voms', 'condor_exec.exe', 'var', '.machine.ad', 'tmp', 'lvigilan.cc', '.chirp.config']
>>> getstorage('/eos/home-l/lvigilan/output_ETauFR_UL17_RUN1/UL2017/etau/SingleElectron_Run2017F'), <EOS("/eos/home-l/lvigilan/output_ETauFR_UL17_RUN1/UL2017/etau/SingleElectron_Run2017F") at 0x2b8ddf651910>
>>> Executing: 'cp ./pico_etau_EES1p01_46.root /eos/home-l/lvigilan/output_ETauFR_UL17_RUN1/UL2017/etau/SingleElectron_Run2017F'
>>> Removing './pico_etau_EES1p01_46.root'...
>>> picojob.py done after 253.8 seconds

Job complete at Tue Jun  8 10:21:33 CEST 2021
Took 4 minutes 15 seconds040 (2368958.046.000) 06/08 10:21:35 Finished transferring output files
...
005 (2368958.046.000) 06/08 10:21:36 Job terminated.
	(1) Normal termination (return value 0)
		Usr 0 00:03:36, Sys 0 00:00:08  -  Run Remote Usage
		Usr 0 00:00:00, Sys 0 00:00:00  -  Run Local Usage
		Usr 0 00:03:36, Sys 0 00:00:08  -  Total Remote Usage
		Usr 0 00:00:00, Sys 0 00:00:00  -  Total Local Usage
	32625  -  Run Bytes Sent By Job
	9926  -  Run Bytes Received By Job
	32625  -  Total Bytes Sent By Job
	9926  -  Total Bytes Received By Job
	Partitionable Resources :    Usage  Request Allocated 
	   Cpus                 :                 1         1 
	   Disk (KB)            :       93        1    204829 
	   Memory (MB)          :      163     2000      2000 

	Job terminated of its own accord at 2021-06-08T08:21:33Z.
...
