Could not find platform independent libraries <prefix>
Could not find platform dependent libraries <exec_prefix>
Consider setting $PYTHONHOME to <prefix>[:<exec_prefix>]
ImportError: No module named site
Job start at Mon Jun  7 19:21:27 CEST 2021
Running job on machine Linux b7g23n6001.cern.ch 3.10.0-1160.24.1.el7.x86_64 #1 SMP Thu Apr 8 19:51:47 UTC 2021 x86_64 x86_64 x86_64 GNU/Linux, host b7g23n6001.cern.ch
============================================================
$PWD=/pool/condor/dir_27427
$JOBID=2367610
$TASKID=32
$HOSTNAME=b7g23n6001.cern.ch
$TASKCMD=/afs/cern.ch/work/l/lvigilan/TauWork/CMSSW_10_6_17_patch1/src/TauFW/PicoProducer/python/processors/picojob.py -y UL2017 -d 'data' -c etau -M ETauFakeRate.ModuleETau --copydir /eos/home-l/lvigilan/output_ETauFR_UL17_RUN1/UL2017/etau/SingleElectron_Run2017F -t _etau_32 --opt 'useT1=False' -i /eos/cms/store/group/phys_tau/TauFW/nano/UL2017/SingleElectron/Run2017F-UL2017_MiniAODv1_NanoAODv2-v1/NANOAOD/3B3D7C0D-35B3-AE49-89E1-FFA40C4AD2E1_skimjec_7.root /eos/cms/store/group/phys_tau/TauFW/nano/UL2017/SingleElectron/Run2017F-UL2017_MiniAODv1_NanoAODv2-v1/NANOAOD/3B3D7C0D-35B3-AE49-89E1-FFA40C4AD2E1_skimjec_8.root /eos/cms/store/group/phys_tau/TauFW/nano/UL2017/SingleElectron/Run2017F-UL2017_MiniAODv1_NanoAODv2-v1/NANOAOD/3B3D7C0D-35B3-AE49-89E1-FFA40C4AD2E1_skimjec_9.root /eos/cms/store/group/phys_tau/TauFW/nano/UL2017/SingleElectron/Run2017F-UL2017_MiniAODv1_NanoAODv2-v1/NANOAOD/3C0C479E-8902-D74F-8A9D-EACB5B634321_skimjec_0.root /eos/cms/store/group/phys_tau/TauFW/nano/UL2017/SingleElectron/Run2017F-UL2017_MiniAODv1_NanoAODv2-v1/NANOAOD/3C0C479E-8902-D74F-8A9D-EACB5B634321_skimjec_1.root
$WORKDIR=/pool/condor/dir_27427
>>> cd /afs/cern.ch/work/l/lvigilan/TauWork/CMSSW_10_6_17_patch1/src
>>> eval `scramv1 runtime -sh`
>>> cd /pool/condor/dir_27427
$PWD=/pool/condor/dir_27427
>>> /afs/cern.ch/work/l/lvigilan/TauWork/CMSSW_10_6_17_patch1/src/TauFW/PicoProducer/python/processors/picojob.py -y UL2017 -d 'data' -c etau -M ETauFakeRate.ModuleETau --copydir /eos/home-l/lvigilan/output_ETauFR_UL17_RUN1/UL2017/etau/SingleElectron_Run2017F -t _etau_32 --opt 'useT1=False' -i /eos/cms/store/group/phys_tau/TauFW/nano/UL2017/SingleElectron/Run2017F-UL2017_MiniAODv1_NanoAODv2-v1/NANOAOD/3B3D7C0D-35B3-AE49-89E1-FFA40C4AD2E1_skimjec_7.root /eos/cms/store/group/phys_tau/TauFW/nano/UL2017/SingleElectron/Run2017F-UL2017_MiniAODv1_NanoAODv2-v1/NANOAOD/3B3D7C0D-35B3-AE49-89E1-FFA40C4AD2E1_skimjec_8.root /eos/cms/store/group/phys_tau/TauFW/nano/UL2017/SingleElectron/Run2017F-UL2017_MiniAODv1_NanoAODv2-v1/NANOAOD/3B3D7C0D-35B3-AE49-89E1-FFA40C4AD2E1_skimjec_9.root /eos/cms/store/group/phys_tau/TauFW/nano/UL2017/SingleElectron/Run2017F-UL2017_MiniAODv1_NanoAODv2-v1/NANOAOD/3C0C479E-8902-D74F-8A9D-EACB5B634321_skimjec_0.root /eos/cms/store/group/phys_tau/TauFW/nano/UL2017/SingleElectron/Run2017F-UL2017_MiniAODv1_NanoAODv2-v1/NANOAOD/3C0C479E-8902-D74F-8A9D-EACB5B634321_skimjec_1.root
Error in <TGClient::TGClient>: can't open display "localhost:19.0", switching to batch mode...
 In case you run from a remote ssh session, reconnect with ssh -Y
--------------------------------------------------------------------------------
>>> era          = 'UL2017'
>>> year         = 2017
>>> channel      = 'etau'
>>> modname      = 'ETauFakeRate.ModuleETau'
>>> dtype        = 'data'
>>> kwargs       = {'useT1': False, 'dtype': 'data', 'verb': 0, 'era': 'UL2017', 'year': 2017}
>>> firstevt     = 0
>>> maxevts      = None
>>> outdir       = '.'
>>> copydir      = '/eos/home-l/lvigilan/output_ETauFR_UL17_RUN1/UL2017/etau/SingleElectron_Run2017F'
>>> infiles      = ['/eos/cms/store/group/phys_tau/TauFW/nano/UL2017/SingleElectron/Run2017F-UL2017_MiniAODv1_NanoAODv2-v1/NANOAOD/3B3D7C0D-35B3-AE49-89E1-FFA40C4AD2E1_skimjec_7.root', '/eos/cms/store/group/phys_tau/TauFW/nano/UL2017/SingleElectron/Run2017F-UL2017_MiniAODv1_NanoAODv2-v1/NANOAOD/3B3D7C0D-35B3-AE49-89E1-FFA40C4AD2E1_skimjec_8.root', '/eos/cms/store/group/phys_tau/TauFW/nano/UL2017/SingleElectron/Run2017F-UL2017_MiniAODv1_NanoAODv2-v1/NANOAOD/3B3D7C0D-35B3-AE49-89E1-FFA40C4AD2E1_skimjec_9.root', '/eos/cms/store/group/phys_tau/TauFW/nano/UL2017/SingleElectron/Run2017F-UL2017_MiniAODv1_NanoAODv2-v1/NANOAOD/3C0C479E-8902-D74F-8A9D-EACB5B634321_skimjec_0.root', '/eos/cms/store/group/phys_tau/TauFW/nano/UL2017/SingleElectron/Run2017F-UL2017_MiniAODv1_NanoAODv2-v1/NANOAOD/3C0C479E-8902-D74F-8A9D-EACB5B634321_skimjec_1.root']
>>> outfname     = './pico_etau_32.root'
>>> branchsel    = '/afs/cern.ch/work/l/lvigilan/TauWork/CMSSW_10_6_17_patch1/python/TauFW/PicoProducer/processors/keep_and_drop_skim.txt'
>>> json         = '/afs/cern.ch/work/l/lvigilan/TauWork/CMSSW_10_6_17_patch1/src/TauFW/PicoProducer/data/json/2017/Cert_294927-306462_13TeV_PromptReco_Collisions17_JSON.txt'
>>> prefetch     = False
>>> cwd          = /pool/condor/dir_27427
--------------------------------------------------------------------------------

   ################
   #  ModuleETau  #
   ################

Loading TreeProducerETau for './pico_etau_32.root'
--------------------------------------------------------------------------------
>>> filename     = './pico_etau_32.root'
>>> year         = 2017
>>> dtype        = 'data'
>>> channel      = 'etau'
>>> ismc         = False
>>> isdata       = True
>>> isembed      = False
>>> tes          = None
>>> tessys       = None
>>> fes          = None
>>> ltf          = None
>>> jtf          = 1.0
>>> dotoppt      = False
>>> dozpt        = False
>>> dojec        = False
>>> dojecsys     = False
>>> dotight      = False
>>> useT1        = False
>>> jetCutPt     = 30
>>> bjetCutEta   = 2.7
>>> tauwp        = 0
>>> eleCutPt     = 36
>>> eleCutEta    = 2.1
>>> tauCutPt     = 20
>>> tauCutEta    = 2.3
>>> ZpeekReso    = 0.0
Pre-select 182958 entries out of 182958 (100.00%)
Processed    10000/  182958 entries,  5.47% (elapsed time     7.6s, curr speed    1.320 kHz, avg speed    1.320 kHz), accepted      512/   10001 events ( 5.12%)
Processed    20000/  182958 entries, 10.93% (elapsed time    11.8s, curr speed    2.375 kHz, avg speed    1.697 kHz), accepted     1031/   20001 events ( 5.15%)
Processed    30000/  182958 entries, 16.40% (elapsed time    16.6s, curr speed    2.070 kHz, avg speed    1.805 kHz), accepted     1602/   30001 events ( 5.34%)
Processed    40000/  182958 entries, 21.86% (elapsed time    21.6s, curr speed    2.018 kHz, avg speed    1.854 kHz), accepted     2214/   40001 events ( 5.53%)
Processed    50000/  182958 entries, 27.33% (elapsed time    26.1s, curr speed    2.213 kHz, avg speed    1.916 kHz), accepted     2781/   50001 events ( 5.56%)
Processed    60000/  182958 entries, 32.79% (elapsed time    29.9s, curr speed    2.659 kHz, avg speed    2.010 kHz), accepted     3230/   60001 events ( 5.38%)
Processed    70000/  182958 entries, 38.26% (elapsed time    33.8s, curr speed    2.521 kHz, avg speed    2.070 kHz), accepted     3743/   70001 events ( 5.35%)
Processed    80000/  182958 entries, 43.73% (elapsed time    38.0s, curr speed    2.385 kHz, avg speed    2.105 kHz), accepted     4254/   80001 events ( 5.32%)
Processed    90000/  182958 entries, 49.19% (elapsed time    41.8s, curr speed    2.662 kHz, avg speed    2.155 kHz), accepted     4743/   90001 events ( 5.27%)
Processed   100000/  182958 entries, 54.66% (elapsed time    46.1s, curr speed    2.297 kHz, avg speed    2.168 kHz), accepted     5298/  100001 events ( 5.30%)
Processed   110000/  182958 entries, 60.12% (elapsed time    51.3s, curr speed    1.948 kHz, avg speed    2.146 kHz), accepted     5918/  110001 events ( 5.38%)
Processed   120000/  182958 entries, 65.59% (elapsed time    54.8s, curr speed    2.836 kHz, avg speed    2.191 kHz), accepted     6401/  120001 events ( 5.33%)
Processed   130000/  182958 entries, 71.05% (elapsed time    58.7s, curr speed    2.542 kHz, avg speed    2.214 kHz), accepted     6921/  130001 events ( 5.32%)
Processed   140000/  182958 entries, 76.52% (elapsed time    62.6s, curr speed    2.582 kHz, avg speed    2.237 kHz), accepted     7442/  140001 events ( 5.32%)
Processed   150000/  182958 entries, 81.99% (elapsed time    66.4s, curr speed    2.627 kHz, avg speed    2.259 kHz), accepted     7983/  150001 events ( 5.32%)
Processed   160000/  182958 entries, 87.45% (elapsed time    70.5s, curr speed    2.410 kHz, avg speed    2.268 kHz), accepted     8484/  160001 events ( 5.30%)
Processed   170000/  182958 entries, 92.92% (elapsed time    74.8s, curr speed    2.327 kHz, avg speed    2.271 kHz), accepted     8996/  170001 events ( 5.29%)
Processed   180000/  182958 entries, 98.38% (elapsed time    79.1s, curr speed    2.347 kHz, avg speed    2.275 kHz), accepted     9514/  180001 events ( 5.29%)
Processed 182958 preselected entries from /eos/cms/store/group/phys_tau/TauFW/nano/UL2017/SingleElectron/Run2017F-UL2017_MiniAODv1_NanoAODv2-v1/NANOAOD/3B3D7C0D-35B3-AE49-89E1-FFA40C4AD2E1_skimjec_7.root (182958 entries). Finally selected 9674 entries
Pre-select 237509 entries out of 237509 (100.00%)
Processed    10000/  237509 entries,  4.21% (elapsed time     6.0s, curr speed    1.654 kHz, avg speed    1.654 kHz), accepted      496/   10001 events ( 4.96%)
Processed    20000/  237509 entries,  8.42% (elapsed time     9.9s, curr speed    2.620 kHz, avg speed    2.028 kHz), accepted      994/   20001 events ( 4.97%)
Processed    30000/  237509 entries, 12.63% (elapsed time    14.0s, curr speed    2.391 kHz, avg speed    2.136 kHz), accepted     1502/   30001 events ( 5.01%)
Processed    40000/  237509 entries, 16.84% (elapsed time    18.0s, curr speed    2.498 kHz, avg speed    2.216 kHz), accepted     2017/   40001 events ( 5.04%)
Processed    50000/  237509 entries, 21.05% (elapsed time    21.8s, curr speed    2.635 kHz, avg speed    2.289 kHz), accepted     2546/   50001 events ( 5.09%)
Processed    60000/  237509 entries, 25.26% (elapsed time    25.7s, curr speed    2.590 kHz, avg speed    2.334 kHz), accepted     3077/   60001 events ( 5.13%)
Processed    70000/  237509 entries, 29.47% (elapsed time    29.8s, curr speed    2.431 kHz, avg speed    2.348 kHz), accepted     3611/   70001 events ( 5.16%)
Processed    80000/  237509 entries, 33.68% (elapsed time    33.5s, curr speed    2.704 kHz, avg speed    2.387 kHz), accepted     4135/   80001 events ( 5.17%)
Processed    90000/  237509 entries, 37.89% (elapsed time    37.8s, curr speed    2.359 kHz, avg speed    2.384 kHz), accepted     4636/   90001 events ( 5.15%)
Processed   100000/  237509 entries, 42.10% (elapsed time    41.4s, curr speed    2.740 kHz, avg speed    2.415 kHz), accepted     5127/  100001 events ( 5.13%)
Processed   110000/  237509 entries, 46.31% (elapsed time    45.3s, curr speed    2.538 kHz, avg speed    2.426 kHz), accepted     5648/  110001 events ( 5.13%)
Processed   120000/  237509 entries, 50.52% (elapsed time    49.4s, curr speed    2.437 kHz, avg speed    2.427 kHz), accepted     6165/  120001 events ( 5.14%)
Processed   130000/  237509 entries, 54.73% (elapsed time    53.0s, curr speed    2.794 kHz, avg speed    2.451 kHz), accepted     6683/  130001 events ( 5.14%)
Processed   140000/  237509 entries, 58.95% (elapsed time    56.3s, curr speed    3.067 kHz, avg speed    2.487 kHz), accepted     7199/  140001 events ( 5.14%)
Processed   150000/  237509 entries, 63.16% (elapsed time    60.3s, curr speed    2.503 kHz, avg speed    2.488 kHz), accepted     7688/  150001 events ( 5.13%)
Processed   160000/  237509 entries, 67.37% (elapsed time    64.4s, curr speed    2.423 kHz, avg speed    2.484 kHz), accepted     8226/  160001 events ( 5.14%)
Processed   170000/  237509 entries, 71.58% (elapsed time    68.6s, curr speed    2.383 kHz, avg speed    2.478 kHz), accepted     8722/  170001 events ( 5.13%)
Processed   180000/  237509 entries, 75.79% (elapsed time    72.6s, curr speed    2.531 kHz, avg speed    2.481 kHz), accepted     9221/  180001 events ( 5.12%)
Processed   190000/  237509 entries, 80.00% (elapsed time    77.3s, curr speed    2.103 kHz, avg speed    2.457 kHz), accepted     9745/  190001 events ( 5.13%)
Processed   200000/  237509 entries, 84.21% (elapsed time    81.3s, curr speed    2.499 kHz, avg speed    2.460 kHz), accepted    10250/  200001 events ( 5.12%)
Processed   210000/  237509 entries, 88.42% (elapsed time    85.0s, curr speed    2.698 kHz, avg speed    2.470 kHz), accepted    10736/  210001 events ( 5.11%)
Processed   220000/  237509 entries, 92.63% (elapsed time    89.1s, curr speed    2.478 kHz, avg speed    2.470 kHz), accepted    11325/  220001 events ( 5.15%)
Processed   230000/  237509 entries, 96.84% (elapsed time    93.4s, curr speed    2.311 kHz, avg speed    2.463 kHz), accepted    11840/  230001 events ( 5.15%)
Processed 237509 preselected entries from /eos/cms/store/group/phys_tau/TauFW/nano/UL2017/SingleElectron/Run2017F-UL2017_MiniAODv1_NanoAODv2-v1/NANOAOD/3B3D7C0D-35B3-AE49-89E1-FFA40C4AD2E1_skimjec_8.root (237509 entries). Finally selected 12226 entries
Pre-select 237507 entries out of 237507 (100.00%)
Processed    10000/  237507 entries,  4.21% (elapsed time     5.7s, curr speed    1.742 kHz, avg speed    1.742 kHz), accepted      525/   10001 events ( 5.25%)
Processed    20000/  237507 entries,  8.42% (elapsed time     9.9s, curr speed    2.431 kHz, avg speed    2.030 kHz), accepted     1036/   20001 events ( 5.18%)
Processed    30000/  237507 entries, 12.63% (elapsed time    13.8s, curr speed    2.526 kHz, avg speed    2.172 kHz), accepted     1555/   30001 events ( 5.18%)
Processed    40000/  237507 entries, 16.84% (elapsed time    17.8s, curr speed    2.488 kHz, avg speed    2.243 kHz), accepted     2095/   40001 events ( 5.24%)
Processed    50000/  237507 entries, 21.05% (elapsed time    21.4s, curr speed    2.819 kHz, avg speed    2.339 kHz), accepted     2635/   50001 events ( 5.27%)
Processed    60000/  237507 entries, 25.26% (elapsed time    25.4s, curr speed    2.485 kHz, avg speed    2.362 kHz), accepted     3175/   60001 events ( 5.29%)
Processed    70000/  237507 entries, 29.47% (elapsed time    29.6s, curr speed    2.356 kHz, avg speed    2.361 kHz), accepted     3646/   70001 events ( 5.21%)
Processed    80000/  237507 entries, 33.68% (elapsed time    33.7s, curr speed    2.469 kHz, avg speed    2.374 kHz), accepted     4156/   80001 events ( 5.19%)
Processed    90000/  237507 entries, 37.89% (elapsed time    37.6s, curr speed    2.546 kHz, avg speed    2.392 kHz), accepted     4649/   90001 events ( 5.17%)
Processed   100000/  237507 entries, 42.10% (elapsed time    41.2s, curr speed    2.818 kHz, avg speed    2.429 kHz), accepted     5151/  100001 events ( 5.15%)
Processed   110000/  237507 entries, 46.31% (elapsed time    45.1s, curr speed    2.542 kHz, avg speed    2.439 kHz), accepted     5671/  110001 events ( 5.16%)
Processed   120000/  237507 entries, 50.52% (elapsed time    49.2s, curr speed    2.436 kHz, avg speed    2.438 kHz), accepted     6181/  120001 events ( 5.15%)
Processed   130000/  237507 entries, 54.74% (elapsed time    53.5s, curr speed    2.338 kHz, avg speed    2.430 kHz), accepted     6716/  130001 events ( 5.17%)
Processed   140000/  237507 entries, 58.95% (elapsed time    57.7s, curr speed    2.380 kHz, avg speed    2.427 kHz), accepted     7249/  140001 events ( 5.18%)
Processed   150000/  237507 entries, 63.16% (elapsed time    62.3s, curr speed    2.181 kHz, avg speed    2.409 kHz), accepted     7768/  150001 events ( 5.18%)
Processed   160000/  237507 entries, 67.37% (elapsed time    66.4s, curr speed    2.435 kHz, avg speed    2.410 kHz), accepted     8286/  160001 events ( 5.18%)
Processed   170000/  237507 entries, 71.58% (elapsed time    70.3s, curr speed    2.564 kHz, avg speed    2.419 kHz), accepted     8761/  170001 events ( 5.15%)
Processed   180000/  237507 entries, 75.79% (elapsed time    74.6s, curr speed    2.315 kHz, avg speed    2.413 kHz), accepted     9270/  180001 events ( 5.15%)
Processed   190000/  237507 entries, 80.00% (elapsed time    78.4s, curr speed    2.605 kHz, avg speed    2.422 kHz), accepted     9783/  190001 events ( 5.15%)
Processed   200000/  237507 entries, 84.21% (elapsed time    82.3s, curr speed    2.577 kHz, avg speed    2.429 kHz), accepted    10324/  200001 events ( 5.16%)
Processed   210000/  237507 entries, 88.42% (elapsed time    86.6s, curr speed    2.363 kHz, avg speed    2.426 kHz), accepted    10822/  210001 events ( 5.15%)
Processed   220000/  237507 entries, 92.63% (elapsed time    90.4s, curr speed    2.568 kHz, avg speed    2.432 kHz), accepted    11330/  220001 events ( 5.15%)
Processed   230000/  237507 entries, 96.84% (elapsed time    94.5s, curr speed    2.493 kHz, avg speed    2.435 kHz), accepted    11829/  230001 events ( 5.14%)
Processed 237507 preselected entries from /eos/cms/store/group/phys_tau/TauFW/nano/UL2017/SingleElectron/Run2017F-UL2017_MiniAODv1_NanoAODv2-v1/NANOAOD/3B3D7C0D-35B3-AE49-89E1-FFA40C4AD2E1_skimjec_9.root (237507 entries). Finally selected 12225 entries
Pre-select 247789 entries out of 247789 (100.00%)
Processed    10000/  247789 entries,  4.04% (elapsed time     6.4s, curr speed    1.558 kHz, avg speed    1.558 kHz), accepted      540/   10001 events ( 5.40%)
Processed    20000/  247789 entries,  8.07% (elapsed time    10.6s, curr speed    2.411 kHz, avg speed    1.893 kHz), accepted     1033/   20001 events ( 5.16%)
Processed    30000/  247789 entries, 12.11% (elapsed time    14.6s, curr speed    2.475 kHz, avg speed    2.054 kHz), accepted     1582/   30001 events ( 5.27%)
Processed    40000/  247789 entries, 16.14% (elapsed time    19.3s, curr speed    2.127 kHz, avg speed    2.072 kHz), accepted     2151/   40001 events ( 5.38%)
Processed    50000/  247789 entries, 20.18% (elapsed time    23.4s, curr speed    2.417 kHz, avg speed    2.133 kHz), accepted     2711/   50001 events ( 5.42%)
Processed    60000/  247789 entries, 24.21% (elapsed time    28.4s, curr speed    2.037 kHz, avg speed    2.116 kHz), accepted     3281/   60001 events ( 5.47%)
Processed    70000/  247789 entries, 28.25% (elapsed time    33.6s, curr speed    1.906 kHz, avg speed    2.083 kHz), accepted     3975/   70001 events ( 5.68%)
Processed    80000/  247789 entries, 32.29% (elapsed time    38.8s, curr speed    1.917 kHz, avg speed    2.061 kHz), accepted     4639/   80001 events ( 5.80%)
Processed    90000/  247789 entries, 36.32% (elapsed time    44.3s, curr speed    1.838 kHz, avg speed    2.033 kHz), accepted     5283/   90001 events ( 5.87%)
Processed   100000/  247789 entries, 40.36% (elapsed time    49.0s, curr speed    2.105 kHz, avg speed    2.040 kHz), accepted     5811/  100001 events ( 5.81%)
Processed   110000/  247789 entries, 44.39% (elapsed time    53.8s, curr speed    2.106 kHz, avg speed    2.046 kHz), accepted     6444/  110001 events ( 5.86%)
Processed   120000/  247789 entries, 48.43% (elapsed time    58.7s, curr speed    2.012 kHz, avg speed    2.043 kHz), accepted     7081/  120001 events ( 5.90%)
Processed   130000/  247789 entries, 52.46% (elapsed time    63.3s, curr speed    2.164 kHz, avg speed    2.052 kHz), accepted     7623/  130001 events ( 5.86%)
Processed   140000/  247789 entries, 56.50% (elapsed time    68.5s, curr speed    1.924 kHz, avg speed    2.042 kHz), accepted     8258/  140001 events ( 5.90%)
Processed   150000/  247789 entries, 60.54% (elapsed time    73.6s, curr speed    1.973 kHz, avg speed    2.038 kHz), accepted     8882/  150001 events ( 5.92%)
Processed   160000/  247789 entries, 64.57% (elapsed time    78.7s, curr speed    1.979 kHz, avg speed    2.034 kHz), accepted     9545/  160001 events ( 5.97%)
Processed   170000/  247789 entries, 68.61% (elapsed time    83.2s, curr speed    2.207 kHz, avg speed    2.043 kHz), accepted    10163/  170001 events ( 5.98%)
Processed   180000/  247789 entries, 72.64% (elapsed time    87.5s, curr speed    2.309 kHz, avg speed    2.056 kHz), accepted    10708/  180001 events ( 5.95%)
Processed   190000/  247789 entries, 76.68% (elapsed time    92.0s, curr speed    2.217 kHz, avg speed    2.064 kHz), accepted    11267/  190001 events ( 5.93%)
Processed   200000/  247789 entries, 80.71% (elapsed time    96.6s, curr speed    2.192 kHz, avg speed    2.070 kHz), accepted    11864/  200001 events ( 5.93%)
Processed   210000/  247789 entries, 84.75% (elapsed time   100.4s, curr speed    2.600 kHz, avg speed    2.091 kHz), accepted    12465/  210001 events ( 5.94%)
Processed   220000/  247789 entries, 88.79% (elapsed time   105.7s, curr speed    1.919 kHz, avg speed    2.082 kHz), accepted    12996/  220001 events ( 5.91%)
Processed   230000/  247789 entries, 92.82% (elapsed time   110.0s, curr speed    2.287 kHz, avg speed    2.090 kHz), accepted    13536/  230001 events ( 5.89%)
Processed   240000/  247789 entries, 96.86% (elapsed time   114.2s, curr speed    2.394 kHz, avg speed    2.101 kHz), accepted    14087/  240001 events ( 5.87%)
Processed 247789 preselected entries from /eos/cms/store/group/phys_tau/TauFW/nano/UL2017/SingleElectron/Run2017F-UL2017_MiniAODv1_NanoAODv2-v1/NANOAOD/3C0C479E-8902-D74F-8A9D-EACB5B634321_skimjec_0.root (247789 entries). Finally selected 14537 entries
Pre-select 247789 entries out of 247789 (100.00%)
Processed    10000/  247789 entries,  4.04% (elapsed time    10.2s, curr speed    0.980 kHz, avg speed    0.980 kHz), accepted      590/   10001 events ( 5.90%)
Processed    20000/  247789 entries,  8.07% (elapsed time    14.8s, curr speed    2.168 kHz, avg speed    1.349 kHz), accepted     1163/   20001 events ( 5.81%)
Processed    30000/  247789 entries, 12.11% (elapsed time    19.0s, curr speed    2.404 kHz, avg speed    1.581 kHz), accepted     1744/   30001 events ( 5.81%)
Processed    40000/  247789 entries, 16.14% (elapsed time    24.1s, curr speed    1.966 kHz, avg speed    1.662 kHz), accepted     2289/   40001 events ( 5.72%)
Processed    50000/  247789 entries, 20.18% (elapsed time    28.7s, curr speed    2.172 kHz, avg speed    1.744 kHz), accepted     2838/   50001 events ( 5.68%)
Processed    60000/  247789 entries, 24.21% (elapsed time    33.1s, curr speed    2.242 kHz, avg speed    1.811 kHz), accepted     3404/   60001 events ( 5.67%)
Processed    70000/  247789 entries, 28.25% (elapsed time    37.5s, curr speed    2.275 kHz, avg speed    1.865 kHz), accepted     3921/   70001 events ( 5.60%)
Processed    80000/  247789 entries, 32.29% (elapsed time    41.9s, curr speed    2.271 kHz, avg speed    1.908 kHz), accepted     4510/   80001 events ( 5.64%)
Processed    90000/  247789 entries, 36.32% (elapsed time    46.2s, curr speed    2.352 kHz, avg speed    1.949 kHz), accepted     5095/   90001 events ( 5.66%)
Processed   100000/  247789 entries, 40.36% (elapsed time    50.2s, curr speed    2.510 kHz, avg speed    1.993 kHz), accepted     5610/  100001 events ( 5.61%)
Processed   110000/  247789 entries, 44.39% (elapsed time    54.4s, curr speed    2.339 kHz, avg speed    2.020 kHz), accepted     6185/  110001 events ( 5.62%)
Processed   120000/  247789 entries, 48.43% (elapsed time    58.3s, curr speed    2.600 kHz, avg speed    2.059 kHz), accepted     6748/  120001 events ( 5.62%)
Processed   130000/  247789 entries, 52.46% (elapsed time    62.6s, curr speed    2.314 kHz, avg speed    2.076 kHz), accepted     7307/  130001 events ( 5.62%)
Processed   140000/  247789 entries, 56.50% (elapsed time    67.0s, curr speed    2.283 kHz, avg speed    2.090 kHz), accepted     7932/  140001 events ( 5.67%)
Processed   150000/  247789 entries, 60.54% (elapsed time    71.5s, curr speed    2.200 kHz, avg speed    2.097 kHz), accepted     8529/  150001 events ( 5.69%)
Processed   160000/  247789 entries, 64.57% (elapsed time    76.3s, curr speed    2.103 kHz, avg speed    2.097 kHz), accepted     9141/  160001 events ( 5.71%)
Processed   170000/  247789 entries, 68.61% (elapsed time    81.0s, curr speed    2.110 kHz, avg speed    2.098 kHz), accepted     9753/  170001 events ( 5.74%)
Processed   180000/  247789 entries, 72.64% (elapsed time    86.1s, curr speed    1.974 kHz, avg speed    2.091 kHz), accepted    10430/  180001 events ( 5.79%)
Processed   190000/  247789 entries, 76.68% (elapsed time    91.7s, curr speed    1.795 kHz, avg speed    2.073 kHz), accepted    11111/  190001 events ( 5.85%)
Processed   200000/  247789 entries, 80.71% (elapsed time    96.6s, curr speed    2.011 kHz, avg speed    2.070 kHz), accepted    11759/  200001 events ( 5.88%)
Processed   210000/  247789 entries, 84.75% (elapsed time   101.1s, curr speed    2.252 kHz, avg speed    2.078 kHz), accepted    12366/  210001 events ( 5.89%)
Processed   220000/  247789 entries, 88.79% (elapsed time   105.8s, curr speed    2.101 kHz, avg speed    2.079 kHz), accepted    12993/  220001 events ( 5.91%)
Processed   230000/  247789 entries, 92.82% (elapsed time   110.6s, curr speed    2.112 kHz, avg speed    2.080 kHz), accepted    13602/  230001 events ( 5.91%)
Processed   240000/  247789 entries, 96.86% (elapsed time   115.3s, curr speed    2.108 kHz, avg speed    2.081 kHz), accepted    14233/  240001 events ( 5.93%)
Processed 247789 preselected entries from /eos/cms/store/group/phys_tau/TauFW/nano/UL2017/SingleElectron/Run2017F-UL2017_MiniAODv1_NanoAODv2-v1/NANOAOD/3C0C479E-8902-D74F-8A9D-EACB5B634321_skimjec_1.root (247789 entries). Finally selected 14629 entries
Total time 572.8 sec. to process 1153552 events. Rate = 2013.8 Hz.
>>> cwd          = /pool/condor/dir_27427
>>> ls           = ['.job.ad', 'lvigilan.cc', '.machine.ad', '_condor_stdout', '.chirp.config', 'tmp', 'var', 'condor_exec.exe', '.update.ad', 'pico_etau_32.root', 'x509_voms']
>>> getstorage('/eos/home-l/lvigilan/output_ETauFR_UL17_RUN1/UL2017/etau/SingleElectron_Run2017F'), <EOS("/eos/home-l/lvigilan/output_ETauFR_UL17_RUN1/UL2017/etau/SingleElectron_Run2017F") at 0x2b723d7c9a90>
>>> Executing: 'cp ./pico_etau_32.root /eos/home-l/lvigilan/output_ETauFR_UL17_RUN1/UL2017/etau/SingleElectron_Run2017F'
>>> Removing './pico_etau_32.root'...
>>> picojob.py done after 580.6 seconds

Job complete at Mon Jun  7 19:31:10 CEST 2021
Took 9 minutes 43 seconds040 (2367610.032.000) 06/07 19:31:10 Finished transferring output files
...
005 (2367610.032.000) 06/07 19:31:11 Job terminated.
	(1) Normal termination (return value 0)
		Usr 0 00:07:36, Sys 0 00:00:22  -  Run Remote Usage
		Usr 0 00:00:00, Sys 0 00:00:00  -  Run Local Usage
		Usr 0 00:07:36, Sys 0 00:00:22  -  Total Remote Usage
		Usr 0 00:00:00, Sys 0 00:00:00  -  Total Local Usage
	33349  -  Run Bytes Sent By Job
	9930  -  Run Bytes Received By Job
	33349  -  Total Bytes Sent By Job
	9930  -  Total Bytes Received By Job
	Partitionable Resources :    Usage  Request Allocated 
	   Cpus                 :     0.86        1         1 
	   Disk (KB)            :  4211           1    352969 
	   Memory (MB)          :   195        2000      2000 

	Job terminated of its own accord at 2021-06-07T17:31:10Z.
...
