Could not find platform independent libraries <prefix>
Could not find platform dependent libraries <exec_prefix>
Consider setting $PYTHONHOME to <prefix>[:<exec_prefix>]
ImportError: No module named site
Job start at Mon Jun  7 19:23:44 CEST 2021
Running job on machine Linux b7g24n0607.cern.ch 3.10.0-957.1.3.el7.x86_64 #1 SMP Thu Nov 29 14:49:43 UTC 2018 x86_64 x86_64 x86_64 GNU/Linux, host b7g24n0607.cern.ch
============================================================
$PWD=/pool/condor/dir_15200
$JOBID=2367610
$TASKID=77
$HOSTNAME=b7g24n0607.cern.ch
$TASKCMD=/afs/cern.ch/work/l/lvigilan/TauWork/CMSSW_10_6_17_patch1/src/TauFW/PicoProducer/python/processors/picojob.py -y UL2017 -d 'data' -c etau -M ETauFakeRate.ModuleETau --copydir /eos/home-l/lvigilan/output_ETauFR_UL17_RUN1/UL2017/etau/SingleElectron_Run2017F -t _etau_77 --opt 'useT1=False' -i /eos/cms/store/group/phys_tau/TauFW/nano/UL2017/SingleElectron/Run2017F-UL2017_MiniAODv1_NanoAODv2-v1/NANOAOD/AC37CEDD-8581-6440-B233-1C4C1A4C9E5C_skimjec_0.root /eos/cms/store/group/phys_tau/TauFW/nano/UL2017/SingleElectron/Run2017F-UL2017_MiniAODv1_NanoAODv2-v1/NANOAOD/AC37CEDD-8581-6440-B233-1C4C1A4C9E5C_skimjec_1.root /eos/cms/store/group/phys_tau/TauFW/nano/UL2017/SingleElectron/Run2017F-UL2017_MiniAODv1_NanoAODv2-v1/NANOAOD/AC37CEDD-8581-6440-B233-1C4C1A4C9E5C_skimjec_2.root /eos/cms/store/group/phys_tau/TauFW/nano/UL2017/SingleElectron/Run2017F-UL2017_MiniAODv1_NanoAODv2-v1/NANOAOD/AC37CEDD-8581-6440-B233-1C4C1A4C9E5C_skimjec_3.root /eos/cms/store/group/phys_tau/TauFW/nano/UL2017/SingleElectron/Run2017F-UL2017_MiniAODv1_NanoAODv2-v1/NANOAOD/AC37CEDD-8581-6440-B233-1C4C1A4C9E5C_skimjec_4.root
$WORKDIR=/pool/condor/dir_15200
>>> cd /afs/cern.ch/work/l/lvigilan/TauWork/CMSSW_10_6_17_patch1/src
>>> eval `scramv1 runtime -sh`
>>> cd /pool/condor/dir_15200
$PWD=/pool/condor/dir_15200
>>> /afs/cern.ch/work/l/lvigilan/TauWork/CMSSW_10_6_17_patch1/src/TauFW/PicoProducer/python/processors/picojob.py -y UL2017 -d 'data' -c etau -M ETauFakeRate.ModuleETau --copydir /eos/home-l/lvigilan/output_ETauFR_UL17_RUN1/UL2017/etau/SingleElectron_Run2017F -t _etau_77 --opt 'useT1=False' -i /eos/cms/store/group/phys_tau/TauFW/nano/UL2017/SingleElectron/Run2017F-UL2017_MiniAODv1_NanoAODv2-v1/NANOAOD/AC37CEDD-8581-6440-B233-1C4C1A4C9E5C_skimjec_0.root /eos/cms/store/group/phys_tau/TauFW/nano/UL2017/SingleElectron/Run2017F-UL2017_MiniAODv1_NanoAODv2-v1/NANOAOD/AC37CEDD-8581-6440-B233-1C4C1A4C9E5C_skimjec_1.root /eos/cms/store/group/phys_tau/TauFW/nano/UL2017/SingleElectron/Run2017F-UL2017_MiniAODv1_NanoAODv2-v1/NANOAOD/AC37CEDD-8581-6440-B233-1C4C1A4C9E5C_skimjec_2.root /eos/cms/store/group/phys_tau/TauFW/nano/UL2017/SingleElectron/Run2017F-UL2017_MiniAODv1_NanoAODv2-v1/NANOAOD/AC37CEDD-8581-6440-B233-1C4C1A4C9E5C_skimjec_3.root /eos/cms/store/group/phys_tau/TauFW/nano/UL2017/SingleElectron/Run2017F-UL2017_MiniAODv1_NanoAODv2-v1/NANOAOD/AC37CEDD-8581-6440-B233-1C4C1A4C9E5C_skimjec_4.root
Error in <TGClient::TGClient>: can't open display "localhost:19.0", switching to batch mode...
 In case you run from a remote ssh session, reconnect with ssh -Y
--------------------------------------------------------------------------------
>>> era          = 'UL2017'
>>> year         = 2017
>>> channel      = 'etau'
>>> modname      = 'ETauFakeRate.ModuleETau'
>>> dtype        = 'data'
>>> kwargs       = {'useT1': False, 'dtype': 'data', 'verb': 0, 'era': 'UL2017', 'year': 2017}
>>> firstevt     = 0
>>> maxevts      = None
>>> outdir       = '.'
>>> copydir      = '/eos/home-l/lvigilan/output_ETauFR_UL17_RUN1/UL2017/etau/SingleElectron_Run2017F'
>>> infiles      = ['/eos/cms/store/group/phys_tau/TauFW/nano/UL2017/SingleElectron/Run2017F-UL2017_MiniAODv1_NanoAODv2-v1/NANOAOD/AC37CEDD-8581-6440-B233-1C4C1A4C9E5C_skimjec_0.root', '/eos/cms/store/group/phys_tau/TauFW/nano/UL2017/SingleElectron/Run2017F-UL2017_MiniAODv1_NanoAODv2-v1/NANOAOD/AC37CEDD-8581-6440-B233-1C4C1A4C9E5C_skimjec_1.root', '/eos/cms/store/group/phys_tau/TauFW/nano/UL2017/SingleElectron/Run2017F-UL2017_MiniAODv1_NanoAODv2-v1/NANOAOD/AC37CEDD-8581-6440-B233-1C4C1A4C9E5C_skimjec_2.root', '/eos/cms/store/group/phys_tau/TauFW/nano/UL2017/SingleElectron/Run2017F-UL2017_MiniAODv1_NanoAODv2-v1/NANOAOD/AC37CEDD-8581-6440-B233-1C4C1A4C9E5C_skimjec_3.root', '/eos/cms/store/group/phys_tau/TauFW/nano/UL2017/SingleElectron/Run2017F-UL2017_MiniAODv1_NanoAODv2-v1/NANOAOD/AC37CEDD-8581-6440-B233-1C4C1A4C9E5C_skimjec_4.root']
>>> outfname     = './pico_etau_77.root'
>>> branchsel    = '/afs/cern.ch/work/l/lvigilan/TauWork/CMSSW_10_6_17_patch1/python/TauFW/PicoProducer/processors/keep_and_drop_skim.txt'
>>> json         = '/afs/cern.ch/work/l/lvigilan/TauWork/CMSSW_10_6_17_patch1/src/TauFW/PicoProducer/data/json/2017/Cert_294927-306462_13TeV_PromptReco_Collisions17_JSON.txt'
>>> prefetch     = False
>>> cwd          = /pool/condor/dir_15200
--------------------------------------------------------------------------------

   ################
   #  ModuleETau  #
   ################

Loading TreeProducerETau for './pico_etau_77.root'
--------------------------------------------------------------------------------
>>> filename     = './pico_etau_77.root'
>>> year         = 2017
>>> dtype        = 'data'
>>> channel      = 'etau'
>>> ismc         = False
>>> isdata       = True
>>> isembed      = False
>>> tes          = None
>>> tessys       = None
>>> fes          = None
>>> ltf          = None
>>> jtf          = 1.0
>>> dotoppt      = False
>>> dozpt        = False
>>> dojec        = False
>>> dojecsys     = False
>>> dotight      = False
>>> useT1        = False
>>> jetCutPt     = 30
>>> bjetCutEta   = 2.7
>>> tauwp        = 0
>>> eleCutPt     = 36
>>> eleCutEta    = 2.1
>>> tauCutPt     = 20
>>> tauCutEta    = 2.3
>>> ZpeekReso    = 0.0
Pre-select 224272 entries out of 224272 (100.00%)
Processed    10000/  224272 entries,  4.46% (elapsed time     8.2s, curr speed    1.215 kHz, avg speed    1.215 kHz), accepted      678/   10001 events ( 6.78%)
Processed    20000/  224272 entries,  8.92% (elapsed time    12.5s, curr speed    2.333 kHz, avg speed    1.598 kHz), accepted     1337/   20001 events ( 6.68%)
Processed    30000/  224272 entries, 13.38% (elapsed time    16.4s, curr speed    2.567 kHz, avg speed    1.828 kHz), accepted     1985/   30001 events ( 6.62%)
Processed    40000/  224272 entries, 17.84% (elapsed time    20.7s, curr speed    2.320 kHz, avg speed    1.930 kHz), accepted     2628/   40001 events ( 6.57%)
Processed    50000/  224272 entries, 22.29% (elapsed time    25.8s, curr speed    1.958 kHz, avg speed    1.936 kHz), accepted     3268/   50001 events ( 6.54%)
Processed    60000/  224272 entries, 26.75% (elapsed time    30.9s, curr speed    1.955 kHz, avg speed    1.939 kHz), accepted     3890/   60001 events ( 6.48%)
Processed    70000/  224272 entries, 31.21% (elapsed time    36.0s, curr speed    1.962 kHz, avg speed    1.942 kHz), accepted     4544/   70001 events ( 6.49%)
Processed    80000/  224272 entries, 35.67% (elapsed time    40.7s, curr speed    2.133 kHz, avg speed    1.964 kHz), accepted     5168/   80001 events ( 6.46%)
Processed    90000/  224272 entries, 40.13% (elapsed time    45.8s, curr speed    1.953 kHz, avg speed    1.963 kHz), accepted     5832/   90001 events ( 6.48%)
Processed   100000/  224272 entries, 44.59% (elapsed time    50.8s, curr speed    2.002 kHz, avg speed    1.967 kHz), accepted     6490/  100001 events ( 6.49%)
Processed   110000/  224272 entries, 49.05% (elapsed time    55.3s, curr speed    2.220 kHz, avg speed    1.987 kHz), accepted     7145/  110001 events ( 6.50%)
Processed   120000/  224272 entries, 53.51% (elapsed time    59.7s, curr speed    2.274 kHz, avg speed    2.008 kHz), accepted     7813/  120001 events ( 6.51%)
Processed   130000/  224272 entries, 57.97% (elapsed time    64.8s, curr speed    1.968 kHz, avg speed    2.005 kHz), accepted     8454/  130001 events ( 6.50%)
Processed   140000/  224272 entries, 62.42% (elapsed time    69.7s, curr speed    2.043 kHz, avg speed    2.008 kHz), accepted     9132/  140001 events ( 6.52%)
Processed   150000/  224272 entries, 66.88% (elapsed time    75.0s, curr speed    1.911 kHz, avg speed    2.001 kHz), accepted     9808/  150001 events ( 6.54%)
Processed   160000/  224272 entries, 71.34% (elapsed time    79.9s, curr speed    2.031 kHz, avg speed    2.003 kHz), accepted    10465/  160001 events ( 6.54%)
Processed   170000/  224272 entries, 75.80% (elapsed time    84.5s, curr speed    2.150 kHz, avg speed    2.011 kHz), accepted    11140/  170001 events ( 6.55%)
Processed   180000/  224272 entries, 80.26% (elapsed time    88.8s, curr speed    2.330 kHz, avg speed    2.027 kHz), accepted    11794/  180001 events ( 6.55%)
Processed   190000/  224272 entries, 84.72% (elapsed time    93.0s, curr speed    2.400 kHz, avg speed    2.043 kHz), accepted    12449/  190001 events ( 6.55%)
Processed   200000/  224272 entries, 89.18% (elapsed time    97.5s, curr speed    2.229 kHz, avg speed    2.052 kHz), accepted    13114/  200001 events ( 6.56%)
Processed   210000/  224272 entries, 93.64% (elapsed time   101.9s, curr speed    2.241 kHz, avg speed    2.060 kHz), accepted    13777/  210001 events ( 6.56%)
Processed   220000/  224272 entries, 98.10% (elapsed time   106.6s, curr speed    2.149 kHz, avg speed    2.064 kHz), accepted    14453/  220001 events ( 6.57%)
Processed 224272 preselected entries from /eos/cms/store/group/phys_tau/TauFW/nano/UL2017/SingleElectron/Run2017F-UL2017_MiniAODv1_NanoAODv2-v1/NANOAOD/AC37CEDD-8581-6440-B233-1C4C1A4C9E5C_skimjec_0.root (224272 entries). Finally selected 14727 entries
Pre-select 224272 entries out of 224272 (100.00%)
Processed    10000/  224272 entries,  4.46% (elapsed time     6.1s, curr speed    1.636 kHz, avg speed    1.636 kHz), accepted      658/   10001 events ( 6.58%)
Processed    20000/  224272 entries,  8.92% (elapsed time    10.6s, curr speed    2.238 kHz, avg speed    1.890 kHz), accepted     1285/   20001 events ( 6.42%)
Processed    30000/  224272 entries, 13.38% (elapsed time    14.6s, curr speed    2.475 kHz, avg speed    2.052 kHz), accepted     1835/   30001 events ( 6.12%)
Processed    40000/  224272 entries, 17.84% (elapsed time    18.4s, curr speed    2.670 kHz, avg speed    2.178 kHz), accepted     2370/   40001 events ( 5.92%)
Processed    50000/  224272 entries, 22.29% (elapsed time    22.3s, curr speed    2.510 kHz, avg speed    2.237 kHz), accepted     2891/   50001 events ( 5.78%)
Processed    60000/  224272 entries, 26.75% (elapsed time    26.2s, curr speed    2.590 kHz, avg speed    2.289 kHz), accepted     3443/   60001 events ( 5.74%)
Processed    70000/  224272 entries, 31.21% (elapsed time    30.4s, curr speed    2.361 kHz, avg speed    2.299 kHz), accepted     4103/   70001 events ( 5.86%)
Processed    80000/  224272 entries, 35.67% (elapsed time    35.2s, curr speed    2.100 kHz, avg speed    2.272 kHz), accepted     4747/   80001 events ( 5.93%)
Processed    90000/  224272 entries, 40.13% (elapsed time    39.7s, curr speed    2.238 kHz, avg speed    2.268 kHz), accepted     5328/   90001 events ( 5.92%)
Processed   100000/  224272 entries, 44.59% (elapsed time    44.2s, curr speed    2.216 kHz, avg speed    2.263 kHz), accepted     5942/  100001 events ( 5.94%)
Processed   110000/  224272 entries, 49.05% (elapsed time    48.7s, curr speed    2.201 kHz, avg speed    2.257 kHz), accepted     6572/  110001 events ( 5.97%)
Processed   120000/  224272 entries, 53.51% (elapsed time    54.1s, curr speed    1.870 kHz, avg speed    2.219 kHz), accepted     7110/  120001 events ( 5.92%)
Processed   130000/  224272 entries, 57.97% (elapsed time    58.1s, curr speed    2.484 kHz, avg speed    2.237 kHz), accepted     7655/  130001 events ( 5.89%)
Processed   140000/  224272 entries, 62.42% (elapsed time    61.9s, curr speed    2.611 kHz, avg speed    2.260 kHz), accepted     8196/  140001 events ( 5.85%)
Processed   150000/  224272 entries, 66.88% (elapsed time    66.2s, curr speed    2.330 kHz, avg speed    2.265 kHz), accepted     8780/  150001 events ( 5.85%)
Processed   160000/  224272 entries, 71.34% (elapsed time    70.7s, curr speed    2.232 kHz, avg speed    2.263 kHz), accepted     9354/  160001 events ( 5.85%)
Processed   170000/  224272 entries, 75.80% (elapsed time    74.5s, curr speed    2.618 kHz, avg speed    2.281 kHz), accepted     9963/  170001 events ( 5.86%)
Processed   180000/  224272 entries, 80.26% (elapsed time    78.5s, curr speed    2.487 kHz, avg speed    2.292 kHz), accepted    10522/  180001 events ( 5.85%)
Processed   190000/  224272 entries, 84.72% (elapsed time    82.7s, curr speed    2.407 kHz, avg speed    2.297 kHz), accepted    11106/  190001 events ( 5.85%)
Processed   200000/  224272 entries, 89.18% (elapsed time    87.0s, curr speed    2.314 kHz, avg speed    2.298 kHz), accepted    11692/  200001 events ( 5.85%)
Processed   210000/  224272 entries, 93.64% (elapsed time    90.9s, curr speed    2.569 kHz, avg speed    2.310 kHz), accepted    12326/  210001 events ( 5.87%)
Processed   220000/  224272 entries, 98.10% (elapsed time    94.9s, curr speed    2.508 kHz, avg speed    2.318 kHz), accepted    12899/  220001 events ( 5.86%)
Processed 224272 preselected entries from /eos/cms/store/group/phys_tau/TauFW/nano/UL2017/SingleElectron/Run2017F-UL2017_MiniAODv1_NanoAODv2-v1/NANOAOD/AC37CEDD-8581-6440-B233-1C4C1A4C9E5C_skimjec_1.root (224272 entries). Finally selected 13149 entries
Pre-select 224272 entries out of 224272 (100.00%)
Processed    10000/  224272 entries,  4.46% (elapsed time     6.8s, curr speed    1.472 kHz, avg speed    1.472 kHz), accepted      576/   10001 events ( 5.76%)
Processed    20000/  224272 entries,  8.92% (elapsed time    10.4s, curr speed    2.748 kHz, avg speed    1.917 kHz), accepted     1174/   20001 events ( 5.87%)
Processed    30000/  224272 entries, 13.38% (elapsed time    13.9s, curr speed    2.861 kHz, avg speed    2.154 kHz), accepted     1758/   30001 events ( 5.86%)
Processed    40000/  224272 entries, 17.84% (elapsed time    17.9s, curr speed    2.513 kHz, avg speed    2.234 kHz), accepted     2356/   40001 events ( 5.89%)
Processed    50000/  224272 entries, 22.29% (elapsed time    23.1s, curr speed    1.930 kHz, avg speed    2.166 kHz), accepted     2983/   50001 events ( 5.97%)
Processed    60000/  224272 entries, 26.75% (elapsed time    27.7s, curr speed    2.152 kHz, avg speed    2.163 kHz), accepted     3651/   60001 events ( 6.08%)
Processed    70000/  224272 entries, 31.21% (elapsed time    33.0s, curr speed    1.893 kHz, avg speed    2.120 kHz), accepted     4365/   70001 events ( 6.24%)
Processed    80000/  224272 entries, 35.67% (elapsed time    37.9s, curr speed    2.036 kHz, avg speed    2.109 kHz), accepted     4937/   80001 events ( 6.17%)
Processed    90000/  224272 entries, 40.13% (elapsed time    43.2s, curr speed    1.899 kHz, avg speed    2.084 kHz), accepted     5562/   90001 events ( 6.18%)
Processed   100000/  224272 entries, 44.59% (elapsed time    48.1s, curr speed    2.047 kHz, avg speed    2.080 kHz), accepted     6257/  100001 events ( 6.26%)
Processed   110000/  224272 entries, 49.05% (elapsed time    52.7s, curr speed    2.156 kHz, avg speed    2.087 kHz), accepted     6936/  110001 events ( 6.31%)
Processed   120000/  224272 entries, 53.51% (elapsed time    57.4s, curr speed    2.139 kHz, avg speed    2.091 kHz), accepted     7558/  120001 events ( 6.30%)
Processed   130000/  224272 entries, 57.97% (elapsed time    61.7s, curr speed    2.326 kHz, avg speed    2.107 kHz), accepted     8202/  130001 events ( 6.31%)
Processed   140000/  224272 entries, 62.42% (elapsed time    66.0s, curr speed    2.326 kHz, avg speed    2.121 kHz), accepted     8803/  140001 events ( 6.29%)
Processed   150000/  224272 entries, 66.88% (elapsed time    70.5s, curr speed    2.236 kHz, avg speed    2.129 kHz), accepted     9426/  150001 events ( 6.28%)
Processed   160000/  224272 entries, 71.34% (elapsed time    75.2s, curr speed    2.111 kHz, avg speed    2.128 kHz), accepted    10049/  160001 events ( 6.28%)
Processed   170000/  224272 entries, 75.80% (elapsed time    80.7s, curr speed    1.819 kHz, avg speed    2.107 kHz), accepted    10706/  170001 events ( 6.30%)
Processed   180000/  224272 entries, 80.26% (elapsed time    85.1s, curr speed    2.260 kHz, avg speed    2.115 kHz), accepted    11363/  180001 events ( 6.31%)
Processed   190000/  224272 entries, 84.72% (elapsed time    89.3s, curr speed    2.377 kHz, avg speed    2.127 kHz), accepted    11939/  190001 events ( 6.28%)
Processed   200000/  224272 entries, 89.18% (elapsed time    93.6s, curr speed    2.362 kHz, avg speed    2.138 kHz), accepted    12575/  200001 events ( 6.29%)
Processed   210000/  224272 entries, 93.64% (elapsed time    98.3s, curr speed    2.123 kHz, avg speed    2.137 kHz), accepted    13177/  210001 events ( 6.27%)
Processed   220000/  224272 entries, 98.10% (elapsed time   103.4s, curr speed    1.946 kHz, avg speed    2.127 kHz), accepted    13730/  220001 events ( 6.24%)
Processed 224272 preselected entries from /eos/cms/store/group/phys_tau/TauFW/nano/UL2017/SingleElectron/Run2017F-UL2017_MiniAODv1_NanoAODv2-v1/NANOAOD/AC37CEDD-8581-6440-B233-1C4C1A4C9E5C_skimjec_2.root (224272 entries). Finally selected 13942 entries
Pre-select 224272 entries out of 224272 (100.00%)
Processed    10000/  224272 entries,  4.46% (elapsed time     5.5s, curr speed    1.810 kHz, avg speed    1.810 kHz), accepted      536/   10001 events ( 5.36%)
Processed    20000/  224272 entries,  8.92% (elapsed time     9.4s, curr speed    2.598 kHz, avg speed    2.133 kHz), accepted     1091/   20001 events ( 5.45%)
Processed    30000/  224272 entries, 13.38% (elapsed time    13.7s, curr speed    2.315 kHz, avg speed    2.191 kHz), accepted     1739/   30001 events ( 5.80%)
Processed    40000/  224272 entries, 17.84% (elapsed time    20.0s, curr speed    1.579 kHz, avg speed    1.997 kHz), accepted     2358/   40001 events ( 5.89%)
Processed    50000/  224272 entries, 22.29% (elapsed time    24.7s, curr speed    2.141 kHz, avg speed    2.024 kHz), accepted     2957/   50001 events ( 5.91%)
Processed    60000/  224272 entries, 26.75% (elapsed time    28.7s, curr speed    2.513 kHz, avg speed    2.092 kHz), accepted     3506/   60001 events ( 5.84%)
Processed    70000/  224272 entries, 31.21% (elapsed time    32.3s, curr speed    2.782 kHz, avg speed    2.169 kHz), accepted     4033/   70001 events ( 5.76%)
Processed    80000/  224272 entries, 35.67% (elapsed time    36.2s, curr speed    2.537 kHz, avg speed    2.209 kHz), accepted     4596/   80001 events ( 5.74%)
Processed    90000/  224272 entries, 40.13% (elapsed time    40.1s, curr speed    2.600 kHz, avg speed    2.247 kHz), accepted     5167/   90001 events ( 5.74%)
Processed   100000/  224272 entries, 44.59% (elapsed time    44.1s, curr speed    2.465 kHz, avg speed    2.267 kHz), accepted     5710/  100001 events ( 5.71%)
Processed   110000/  224272 entries, 49.05% (elapsed time    48.1s, curr speed    2.496 kHz, avg speed    2.286 kHz), accepted     6282/  110001 events ( 5.71%)
Processed   120000/  224272 entries, 53.51% (elapsed time    51.9s, curr speed    2.654 kHz, avg speed    2.313 kHz), accepted     6829/  120001 events ( 5.69%)
Processed   130000/  224272 entries, 57.97% (elapsed time    55.7s, curr speed    2.632 kHz, avg speed    2.334 kHz), accepted     7396/  130001 events ( 5.69%)
Processed   140000/  224272 entries, 62.42% (elapsed time    59.9s, curr speed    2.390 kHz, avg speed    2.338 kHz), accepted     7962/  140001 events ( 5.69%)
Processed   150000/  224272 entries, 66.88% (elapsed time    63.4s, curr speed    2.818 kHz, avg speed    2.365 kHz), accepted     8512/  150001 events ( 5.67%)
Processed   160000/  224272 entries, 71.34% (elapsed time    66.8s, curr speed    2.968 kHz, avg speed    2.396 kHz), accepted     9061/  160001 events ( 5.66%)
Processed   170000/  224272 entries, 75.80% (elapsed time    70.6s, curr speed    2.632 kHz, avg speed    2.408 kHz), accepted     9623/  170001 events ( 5.66%)
Processed   180000/  224272 entries, 80.26% (elapsed time    74.1s, curr speed    2.825 kHz, avg speed    2.428 kHz), accepted    10126/  180001 events ( 5.63%)
Processed   190000/  224272 entries, 84.72% (elapsed time    77.7s, curr speed    2.782 kHz, avg speed    2.445 kHz), accepted    10620/  190001 events ( 5.59%)
Processed   200000/  224272 entries, 89.18% (elapsed time    80.6s, curr speed    3.490 kHz, avg speed    2.482 kHz), accepted    11094/  200001 events ( 5.55%)
Processed   210000/  224272 entries, 93.64% (elapsed time    83.9s, curr speed    2.988 kHz, avg speed    2.502 kHz), accepted    11609/  210001 events ( 5.53%)
Processed   220000/  224272 entries, 98.10% (elapsed time    87.1s, curr speed    3.163 kHz, avg speed    2.526 kHz), accepted    12136/  220001 events ( 5.52%)
Processed 224272 preselected entries from /eos/cms/store/group/phys_tau/TauFW/nano/UL2017/SingleElectron/Run2017F-UL2017_MiniAODv1_NanoAODv2-v1/NANOAOD/AC37CEDD-8581-6440-B233-1C4C1A4C9E5C_skimjec_3.root (224272 entries). Finally selected 12407 entries
Pre-select 224272 entries out of 224272 (100.00%)
Processed    10000/  224272 entries,  4.46% (elapsed time     5.8s, curr speed    1.728 kHz, avg speed    1.728 kHz), accepted      521/   10001 events ( 5.21%)
Processed    20000/  224272 entries,  8.92% (elapsed time     9.5s, curr speed    2.684 kHz, avg speed    2.102 kHz), accepted     1074/   20001 events ( 5.37%)
Processed    30000/  224272 entries, 13.38% (elapsed time    12.7s, curr speed    3.180 kHz, avg speed    2.370 kHz), accepted     1569/   30001 events ( 5.23%)
Processed    40000/  224272 entries, 17.84% (elapsed time    16.2s, curr speed    2.845 kHz, avg speed    2.473 kHz), accepted     2034/   40001 events ( 5.08%)
Processed    50000/  224272 entries, 22.29% (elapsed time    19.6s, curr speed    2.886 kHz, avg speed    2.546 kHz), accepted     2563/   50001 events ( 5.13%)
Processed    60000/  224272 entries, 26.75% (elapsed time    22.9s, curr speed    3.064 kHz, avg speed    2.620 kHz), accepted     3069/   60001 events ( 5.11%)
Processed    70000/  224272 entries, 31.21% (elapsed time    27.0s, curr speed    2.439 kHz, avg speed    2.592 kHz), accepted     3573/   70001 events ( 5.10%)
Processed    80000/  224272 entries, 35.67% (elapsed time    30.1s, curr speed    3.215 kHz, avg speed    2.657 kHz), accepted     4071/   80001 events ( 5.09%)
Processed    90000/  224272 entries, 40.13% (elapsed time    32.8s, curr speed    3.657 kHz, avg speed    2.740 kHz), accepted     4558/   90001 events ( 5.06%)
Processed   100000/  224272 entries, 44.59% (elapsed time    36.4s, curr speed    2.821 kHz, avg speed    2.748 kHz), accepted     5057/  100001 events ( 5.06%)
Processed   110000/  224272 entries, 49.05% (elapsed time    40.1s, curr speed    2.683 kHz, avg speed    2.742 kHz), accepted     5577/  110001 events ( 5.07%)
Processed   120000/  224272 entries, 53.51% (elapsed time    43.4s, curr speed    3.054 kHz, avg speed    2.765 kHz), accepted     6091/  120001 events ( 5.08%)
Processed   130000/  224272 entries, 57.97% (elapsed time    47.1s, curr speed    2.715 kHz, avg speed    2.762 kHz), accepted     6594/  130001 events ( 5.07%)
Processed   140000/  224272 entries, 62.42% (elapsed time    50.7s, curr speed    2.741 kHz, avg speed    2.760 kHz), accepted     7180/  140001 events ( 5.13%)
Processed   150000/  224272 entries, 66.88% (elapsed time    54.4s, curr speed    2.740 kHz, avg speed    2.759 kHz), accepted     7768/  150001 events ( 5.18%)
Processed   160000/  224272 entries, 71.34% (elapsed time    57.7s, curr speed    3.005 kHz, avg speed    2.773 kHz), accepted     8267/  160001 events ( 5.17%)
Processed   170000/  224272 entries, 75.80% (elapsed time    60.8s, curr speed    3.183 kHz, avg speed    2.794 kHz), accepted     8762/  170001 events ( 5.15%)
Processed   180000/  224272 entries, 80.26% (elapsed time    64.2s, curr speed    2.975 kHz, avg speed    2.804 kHz), accepted     9321/  180001 events ( 5.18%)
Processed   190000/  224272 entries, 84.72% (elapsed time    67.5s, curr speed    2.994 kHz, avg speed    2.813 kHz), accepted     9852/  190001 events ( 5.19%)
Processed   200000/  224272 entries, 89.18% (elapsed time    70.7s, curr speed    3.159 kHz, avg speed    2.828 kHz), accepted    10382/  200001 events ( 5.19%)
Processed   210000/  224272 entries, 93.64% (elapsed time    74.1s, curr speed    2.985 kHz, avg speed    2.836 kHz), accepted    10910/  210001 events ( 5.20%)
Processed   220000/  224272 entries, 98.10% (elapsed time    78.3s, curr speed    2.364 kHz, avg speed    2.810 kHz), accepted    11575/  220001 events ( 5.26%)
Processed 224272 preselected entries from /eos/cms/store/group/phys_tau/TauFW/nano/UL2017/SingleElectron/Run2017F-UL2017_MiniAODv1_NanoAODv2-v1/NANOAOD/AC37CEDD-8581-6440-B233-1C4C1A4C9E5C_skimjec_4.root (224272 entries). Finally selected 11856 entries
Total time 533.9 sec. to process 1121360 events. Rate = 2100.3 Hz.
>>> cwd          = /pool/condor/dir_15200
>>> ls           = ['.machine.ad', 'tmp', '.job.ad', 'lvigilan.cc', 'x509_voms', '.update.ad', 'var', 'condor_exec.exe', '.chirp.config', '_condor_stdout', 'pico_etau_77.root']
>>> getstorage('/eos/home-l/lvigilan/output_ETauFR_UL17_RUN1/UL2017/etau/SingleElectron_Run2017F'), <EOS("/eos/home-l/lvigilan/output_ETauFR_UL17_RUN1/UL2017/etau/SingleElectron_Run2017F") at 0x2b7d6cca1910>
>>> Executing: 'cp ./pico_etau_77.root /eos/home-l/lvigilan/output_ETauFR_UL17_RUN1/UL2017/etau/SingleElectron_Run2017F'
>>> Removing './pico_etau_77.root'...
>>> picojob.py done after 538.8 seconds

Job complete at Mon Jun  7 19:32:43 CEST 2021
Took 8 minutes 59 seconds040 (2367610.077.000) 06/07 19:32:44 Finished transferring output files
...
005 (2367610.077.000) 06/07 19:32:44 Job terminated.
	(1) Normal termination (return value 0)
		Usr 0 00:07:04, Sys 0 00:00:17  -  Run Remote Usage
		Usr 0 00:00:00, Sys 0 00:00:00  -  Run Local Usage
		Usr 0 00:07:04, Sys 0 00:00:17  -  Total Remote Usage
		Usr 0 00:00:00, Sys 0 00:00:00  -  Total Local Usage
	33027  -  Run Bytes Sent By Job
	9930  -  Run Bytes Received By Job
	33027  -  Total Bytes Sent By Job
	9930  -  Total Bytes Received By Job
	Partitionable Resources :    Usage  Request Allocated 
	   Cpus                 :     0.94        1         1 
	   Disk (KB)            :  4273           1    279471 
	   Memory (MB)          :   195        2000      2000 

	Job terminated of its own accord at 2021-06-07T17:32:43Z.
...
