Could not find platform independent libraries <prefix>
Could not find platform dependent libraries <exec_prefix>
Consider setting $PYTHONHOME to <prefix>[:<exec_prefix>]
ImportError: No module named site
Job start at Mon Jun  7 23:06:10 CEST 2021
Running job on machine Linux b7g28n0351.cern.ch 3.10.0-1127.19.1.el7.x86_64 #1 SMP Tue Aug 25 17:23:54 UTC 2020 x86_64 x86_64 x86_64 GNU/Linux, host b7g28n0351.cern.ch
============================================================
$PWD=/pool/condor/dir_12004
$JOBID=2367903
$TASKID=59
$HOSTNAME=b7g28n0351.cern.ch
$TASKCMD=/afs/cern.ch/work/l/lvigilan/TauWork/CMSSW_10_6_17_patch1/src/TauFW/PicoProducer/python/processors/picojob.py -y UL2017 -d 'data' -c etau -M ETauFakeRate.ModuleETau --copydir /eos/home-l/lvigilan/output_ETauFR_UL17_RUN1/UL2017/etau/SingleElectron_Run2017F -t _etau_EES0p99_59 --opt 'ees=0.99' 'useT1=False' -i /eos/cms/store/group/phys_tau/TauFW/nano/UL2017/SingleElectron/Run2017F-UL2017_MiniAODv1_NanoAODv2-v1/NANOAOD/877102B4-29C1-0E4A-91BA-3C55825F8E36_skimjec_4.root /eos/cms/store/group/phys_tau/TauFW/nano/UL2017/SingleElectron/Run2017F-UL2017_MiniAODv1_NanoAODv2-v1/NANOAOD/877102B4-29C1-0E4A-91BA-3C55825F8E36_skimjec_5.root /eos/cms/store/group/phys_tau/TauFW/nano/UL2017/SingleElectron/Run2017F-UL2017_MiniAODv1_NanoAODv2-v1/NANOAOD/877102B4-29C1-0E4A-91BA-3C55825F8E36_skimjec_6.root /eos/cms/store/group/phys_tau/TauFW/nano/UL2017/SingleElectron/Run2017F-UL2017_MiniAODv1_NanoAODv2-v1/NANOAOD/87F0BAC7-64B0-9B4A-9659-B3240C7ACC51_skimjec_0.root /eos/cms/store/group/phys_tau/TauFW/nano/UL2017/SingleElectron/Run2017F-UL2017_MiniAODv1_NanoAODv2-v1/NANOAOD/87F0BAC7-64B0-9B4A-9659-B3240C7ACC51_skimjec_1.root
$WORKDIR=/pool/condor/dir_12004
>>> cd /afs/cern.ch/work/l/lvigilan/TauWork/CMSSW_10_6_17_patch1/src
>>> eval `scramv1 runtime -sh`
>>> cd /pool/condor/dir_12004
$PWD=/pool/condor/dir_12004
>>> /afs/cern.ch/work/l/lvigilan/TauWork/CMSSW_10_6_17_patch1/src/TauFW/PicoProducer/python/processors/picojob.py -y UL2017 -d 'data' -c etau -M ETauFakeRate.ModuleETau --copydir /eos/home-l/lvigilan/output_ETauFR_UL17_RUN1/UL2017/etau/SingleElectron_Run2017F -t _etau_EES0p99_59 --opt 'ees=0.99' 'useT1=False' -i /eos/cms/store/group/phys_tau/TauFW/nano/UL2017/SingleElectron/Run2017F-UL2017_MiniAODv1_NanoAODv2-v1/NANOAOD/877102B4-29C1-0E4A-91BA-3C55825F8E36_skimjec_4.root /eos/cms/store/group/phys_tau/TauFW/nano/UL2017/SingleElectron/Run2017F-UL2017_MiniAODv1_NanoAODv2-v1/NANOAOD/877102B4-29C1-0E4A-91BA-3C55825F8E36_skimjec_5.root /eos/cms/store/group/phys_tau/TauFW/nano/UL2017/SingleElectron/Run2017F-UL2017_MiniAODv1_NanoAODv2-v1/NANOAOD/877102B4-29C1-0E4A-91BA-3C55825F8E36_skimjec_6.root /eos/cms/store/group/phys_tau/TauFW/nano/UL2017/SingleElectron/Run2017F-UL2017_MiniAODv1_NanoAODv2-v1/NANOAOD/87F0BAC7-64B0-9B4A-9659-B3240C7ACC51_skimjec_0.root /eos/cms/store/group/phys_tau/TauFW/nano/UL2017/SingleElectron/Run2017F-UL2017_MiniAODv1_NanoAODv2-v1/NANOAOD/87F0BAC7-64B0-9B4A-9659-B3240C7ACC51_skimjec_1.root
Error in <TGClient::TGClient>: can't open display "localhost:13.0", switching to batch mode...
 In case you run from a remote ssh session, reconnect with ssh -Y
--------------------------------------------------------------------------------
>>> era          = 'UL2017'
>>> year         = 2017
>>> channel      = 'etau'
>>> modname      = 'ETauFakeRate.ModuleETau'
>>> dtype        = 'data'
>>> kwargs       = {'dtype': 'data', 'ees': 0.99, 'useT1': False, 'verb': 0, 'era': 'UL2017', 'year': 2017}
>>> firstevt     = 0
>>> maxevts      = None
>>> outdir       = '.'
>>> copydir      = '/eos/home-l/lvigilan/output_ETauFR_UL17_RUN1/UL2017/etau/SingleElectron_Run2017F'
>>> infiles      = ['/eos/cms/store/group/phys_tau/TauFW/nano/UL2017/SingleElectron/Run2017F-UL2017_MiniAODv1_NanoAODv2-v1/NANOAOD/877102B4-29C1-0E4A-91BA-3C55825F8E36_skimjec_4.root', '/eos/cms/store/group/phys_tau/TauFW/nano/UL2017/SingleElectron/Run2017F-UL2017_MiniAODv1_NanoAODv2-v1/NANOAOD/877102B4-29C1-0E4A-91BA-3C55825F8E36_skimjec_5.root', '/eos/cms/store/group/phys_tau/TauFW/nano/UL2017/SingleElectron/Run2017F-UL2017_MiniAODv1_NanoAODv2-v1/NANOAOD/877102B4-29C1-0E4A-91BA-3C55825F8E36_skimjec_6.root', '/eos/cms/store/group/phys_tau/TauFW/nano/UL2017/SingleElectron/Run2017F-UL2017_MiniAODv1_NanoAODv2-v1/NANOAOD/87F0BAC7-64B0-9B4A-9659-B3240C7ACC51_skimjec_0.root', '/eos/cms/store/group/phys_tau/TauFW/nano/UL2017/SingleElectron/Run2017F-UL2017_MiniAODv1_NanoAODv2-v1/NANOAOD/87F0BAC7-64B0-9B4A-9659-B3240C7ACC51_skimjec_1.root']
>>> outfname     = './pico_etau_EES0p99_59.root'
>>> branchsel    = '/afs/cern.ch/work/l/lvigilan/TauWork/CMSSW_10_6_17_patch1/python/TauFW/PicoProducer/processors/keep_and_drop_skim.txt'
>>> json         = '/afs/cern.ch/work/l/lvigilan/TauWork/CMSSW_10_6_17_patch1/src/TauFW/PicoProducer/data/json/2017/Cert_294927-306462_13TeV_PromptReco_Collisions17_JSON.txt'
>>> prefetch     = False
>>> cwd          = /pool/condor/dir_12004
--------------------------------------------------------------------------------

   ################
   #  ModuleETau  #
   ################

Loading TreeProducerETau for './pico_etau_EES0p99_59.root'
--------------------------------------------------------------------------------
>>> filename     = './pico_etau_EES0p99_59.root'
>>> year         = 2017
>>> dtype        = 'data'
>>> channel      = 'etau'
>>> ismc         = False
>>> isdata       = True
>>> isembed      = False
>>> tes          = None
>>> tessys       = None
>>> fes          = None
>>> ltf          = None
>>> jtf          = 1.0
>>> dotoppt      = False
>>> dozpt        = False
>>> dojec        = False
>>> dojecsys     = False
>>> dotight      = False
>>> useT1        = False
>>> jetCutPt     = 30
>>> bjetCutEta   = 2.7
>>> tauwp        = 0
>>> eleCutPt     = 36
>>> eleCutEta    = 2.1
>>> tauCutPt     = 20
>>> tauCutEta    = 2.3
>>> ZpeekReso    = 0.0
Pre-select 229427 entries out of 229427 (100.00%)
Processed    10000/  229427 entries,  4.36% (elapsed time     7.6s, curr speed    1.316 kHz, avg speed    1.316 kHz), accepted      560/   10001 events ( 5.60%)
Processed    20000/  229427 entries,  8.72% (elapsed time    12.2s, curr speed    2.184 kHz, avg speed    1.642 kHz), accepted     1130/   20001 events ( 5.65%)
Processed    30000/  229427 entries, 13.08% (elapsed time    17.4s, curr speed    1.899 kHz, avg speed    1.720 kHz), accepted     1659/   30001 events ( 5.53%)
Processed    40000/  229427 entries, 17.43% (elapsed time    21.7s, curr speed    2.340 kHz, avg speed    1.842 kHz), accepted     2168/   40001 events ( 5.42%)
Processed    50000/  229427 entries, 21.79% (elapsed time    26.0s, curr speed    2.315 kHz, avg speed    1.920 kHz), accepted     2698/   50001 events ( 5.40%)
Processed    60000/  229427 entries, 26.15% (elapsed time    30.4s, curr speed    2.281 kHz, avg speed    1.972 kHz), accepted     3188/   60001 events ( 5.31%)
Processed    70000/  229427 entries, 30.51% (elapsed time    34.8s, curr speed    2.259 kHz, avg speed    2.009 kHz), accepted     3707/   70001 events ( 5.30%)
Processed    80000/  229427 entries, 34.87% (elapsed time    39.0s, curr speed    2.432 kHz, avg speed    2.053 kHz), accepted     4233/   80001 events ( 5.29%)
Processed    90000/  229427 entries, 39.23% (elapsed time    44.4s, curr speed    1.827 kHz, avg speed    2.026 kHz), accepted     4777/   90001 events ( 5.31%)
Processed   100000/  229427 entries, 43.59% (elapsed time    49.3s, curr speed    2.051 kHz, avg speed    2.028 kHz), accepted     5329/  100001 events ( 5.33%)
Processed   110000/  229427 entries, 47.95% (elapsed time    54.5s, curr speed    1.941 kHz, avg speed    2.020 kHz), accepted     5889/  110001 events ( 5.35%)
Processed   120000/  229427 entries, 52.30% (elapsed time    59.2s, curr speed    2.114 kHz, avg speed    2.027 kHz), accepted     6444/  120001 events ( 5.37%)
Processed   130000/  229427 entries, 56.66% (elapsed time    63.9s, curr speed    2.123 kHz, avg speed    2.034 kHz), accepted     6978/  130001 events ( 5.37%)
Processed   140000/  229427 entries, 61.02% (elapsed time    69.5s, curr speed    1.788 kHz, avg speed    2.015 kHz), accepted     7520/  140001 events ( 5.37%)
Processed   150000/  229427 entries, 65.38% (elapsed time    73.7s, curr speed    2.350 kHz, avg speed    2.034 kHz), accepted     8009/  150001 events ( 5.34%)
Processed   160000/  229427 entries, 69.74% (elapsed time    79.7s, curr speed    1.670 kHz, avg speed    2.007 kHz), accepted     8588/  160001 events ( 5.37%)
Processed   170000/  229427 entries, 74.10% (elapsed time    84.6s, curr speed    2.070 kHz, avg speed    2.010 kHz), accepted     9176/  170001 events ( 5.40%)
Processed   180000/  229427 entries, 78.46% (elapsed time    89.3s, curr speed    2.118 kHz, avg speed    2.016 kHz), accepted     9764/  180001 events ( 5.42%)
Processed   190000/  229427 entries, 82.82% (elapsed time    94.4s, curr speed    1.954 kHz, avg speed    2.013 kHz), accepted    10352/  190001 events ( 5.45%)
Processed   200000/  229427 entries, 87.17% (elapsed time    98.7s, curr speed    2.316 kHz, avg speed    2.026 kHz), accepted    10907/  200001 events ( 5.45%)
Processed   210000/  229427 entries, 91.53% (elapsed time   103.1s, curr speed    2.286 kHz, avg speed    2.037 kHz), accepted    11477/  210001 events ( 5.47%)
Processed   220000/  229427 entries, 95.89% (elapsed time   107.5s, curr speed    2.272 kHz, avg speed    2.047 kHz), accepted    12053/  220001 events ( 5.48%)
Processed 229427 preselected entries from /eos/cms/store/group/phys_tau/TauFW/nano/UL2017/SingleElectron/Run2017F-UL2017_MiniAODv1_NanoAODv2-v1/NANOAOD/877102B4-29C1-0E4A-91BA-3C55825F8E36_skimjec_4.root (229427 entries). Finally selected 12570 entries
Pre-select 229427 entries out of 229427 (100.00%)
Processed    10000/  229427 entries,  4.36% (elapsed time     6.2s, curr speed    1.617 kHz, avg speed    1.617 kHz), accepted      587/   10001 events ( 5.87%)
Processed    20000/  229427 entries,  8.72% (elapsed time    10.7s, curr speed    2.192 kHz, avg speed    1.861 kHz), accepted     1119/   20001 events ( 5.59%)
Processed    30000/  229427 entries, 13.08% (elapsed time    15.6s, curr speed    2.073 kHz, avg speed    1.927 kHz), accepted     1666/   30001 events ( 5.55%)
Processed    40000/  229427 entries, 17.43% (elapsed time    19.7s, curr speed    2.399 kHz, avg speed    2.026 kHz), accepted     2208/   40001 events ( 5.52%)
Processed    50000/  229427 entries, 21.79% (elapsed time    25.1s, curr speed    1.873 kHz, avg speed    1.994 kHz), accepted     2762/   50001 events ( 5.52%)
Processed    60000/  229427 entries, 26.15% (elapsed time    29.4s, curr speed    2.332 kHz, avg speed    2.043 kHz), accepted     3342/   60001 events ( 5.57%)
Processed    70000/  229427 entries, 30.51% (elapsed time    34.0s, curr speed    2.180 kHz, avg speed    2.062 kHz), accepted     3963/   70001 events ( 5.66%)
Processed    80000/  229427 entries, 34.87% (elapsed time    38.4s, curr speed    2.262 kHz, avg speed    2.085 kHz), accepted     4518/   80001 events ( 5.65%)
Processed    90000/  229427 entries, 39.23% (elapsed time    42.8s, curr speed    2.260 kHz, avg speed    2.103 kHz), accepted     5012/   90001 events ( 5.57%)
Processed   100000/  229427 entries, 43.59% (elapsed time    47.0s, curr speed    2.362 kHz, avg speed    2.126 kHz), accepted     5508/  100001 events ( 5.51%)
Processed   110000/  229427 entries, 47.95% (elapsed time    51.3s, curr speed    2.367 kHz, avg speed    2.146 kHz), accepted     6006/  110001 events ( 5.46%)
Processed   120000/  229427 entries, 52.30% (elapsed time    55.5s, curr speed    2.335 kHz, avg speed    2.160 kHz), accepted     6506/  120001 events ( 5.42%)
Processed   130000/  229427 entries, 56.66% (elapsed time    60.5s, curr speed    2.012 kHz, avg speed    2.148 kHz), accepted     7113/  130001 events ( 5.47%)
Processed   140000/  229427 entries, 61.02% (elapsed time    65.3s, curr speed    2.081 kHz, avg speed    2.143 kHz), accepted     7620/  140001 events ( 5.44%)
Processed   150000/  229427 entries, 65.38% (elapsed time    69.6s, curr speed    2.313 kHz, avg speed    2.154 kHz), accepted     8140/  150001 events ( 5.43%)
Processed   160000/  229427 entries, 69.74% (elapsed time    74.5s, curr speed    2.045 kHz, avg speed    2.147 kHz), accepted     8663/  160001 events ( 5.41%)
Processed   170000/  229427 entries, 74.10% (elapsed time    79.0s, curr speed    2.237 kHz, avg speed    2.152 kHz), accepted     9197/  170001 events ( 5.41%)
Processed   180000/  229427 entries, 78.46% (elapsed time    84.6s, curr speed    1.778 kHz, avg speed    2.127 kHz), accepted     9809/  180001 events ( 5.45%)
Processed   190000/  229427 entries, 82.82% (elapsed time    89.7s, curr speed    1.960 kHz, avg speed    2.118 kHz), accepted    10345/  190001 events ( 5.44%)
Processed   200000/  229427 entries, 87.17% (elapsed time    93.9s, curr speed    2.410 kHz, avg speed    2.130 kHz), accepted    10829/  200001 events ( 5.41%)
Processed   210000/  229427 entries, 91.53% (elapsed time    98.4s, curr speed    2.194 kHz, avg speed    2.133 kHz), accepted    11353/  210001 events ( 5.41%)
Processed   220000/  229427 entries, 95.89% (elapsed time   103.1s, curr speed    2.139 kHz, avg speed    2.134 kHz), accepted    11854/  220001 events ( 5.39%)
Processed 229427 preselected entries from /eos/cms/store/group/phys_tau/TauFW/nano/UL2017/SingleElectron/Run2017F-UL2017_MiniAODv1_NanoAODv2-v1/NANOAOD/877102B4-29C1-0E4A-91BA-3C55825F8E36_skimjec_5.root (229427 entries). Finally selected 12340 entries
Pre-select 229141 entries out of 229141 (100.00%)
Processed    10000/  229141 entries,  4.36% (elapsed time     8.9s, curr speed    1.122 kHz, avg speed    1.122 kHz), accepted      539/   10001 events ( 5.39%)
Processed    20000/  229141 entries,  8.73% (elapsed time    13.9s, curr speed    2.007 kHz, avg speed    1.440 kHz), accepted     1061/   20001 events ( 5.30%)
Processed    30000/  229141 entries, 13.09% (elapsed time    19.0s, curr speed    1.953 kHz, avg speed    1.578 kHz), accepted     1632/   30001 events ( 5.44%)
Processed    40000/  229141 entries, 17.46% (elapsed time    23.6s, curr speed    2.196 kHz, avg speed    1.698 kHz), accepted     2136/   40001 events ( 5.34%)
Processed    50000/  229141 entries, 21.82% (elapsed time    31.0s, curr speed    1.344 kHz, avg speed    1.613 kHz), accepted     2680/   50001 events ( 5.36%)
Processed    60000/  229141 entries, 26.18% (elapsed time    35.1s, curr speed    2.445 kHz, avg speed    1.710 kHz), accepted     3199/   60001 events ( 5.33%)
Processed    70000/  229141 entries, 30.55% (elapsed time    39.5s, curr speed    2.254 kHz, avg speed    1.771 kHz), accepted     3722/   70001 events ( 5.32%)
Processed    80000/  229141 entries, 34.91% (elapsed time    43.6s, curr speed    2.453 kHz, avg speed    1.835 kHz), accepted     4215/   80001 events ( 5.27%)
Processed    90000/  229141 entries, 39.28% (elapsed time    48.2s, curr speed    2.156 kHz, avg speed    1.866 kHz), accepted     4817/   90001 events ( 5.35%)
Processed   100000/  229141 entries, 43.64% (elapsed time    53.2s, curr speed    2.007 kHz, avg speed    1.879 kHz), accepted     5380/  100001 events ( 5.38%)
Processed   110000/  229141 entries, 48.01% (elapsed time    58.4s, curr speed    1.936 kHz, avg speed    1.884 kHz), accepted     5957/  110001 events ( 5.42%)
Processed   120000/  229141 entries, 52.37% (elapsed time    62.9s, curr speed    2.210 kHz, avg speed    1.907 kHz), accepted     6516/  120001 events ( 5.43%)
Processed   130000/  229141 entries, 56.73% (elapsed time    67.4s, curr speed    2.237 kHz, avg speed    1.929 kHz), accepted     7006/  130001 events ( 5.39%)
Processed   140000/  229141 entries, 61.10% (elapsed time    71.4s, curr speed    2.478 kHz, avg speed    1.960 kHz), accepted     7550/  140001 events ( 5.39%)
Processed   150000/  229141 entries, 65.46% (elapsed time    77.1s, curr speed    1.777 kHz, avg speed    1.947 kHz), accepted     8115/  150001 events ( 5.41%)
Processed   160000/  229141 entries, 69.83% (elapsed time    83.2s, curr speed    1.619 kHz, avg speed    1.922 kHz), accepted     8680/  160001 events ( 5.42%)
Processed   170000/  229141 entries, 74.19% (elapsed time    88.1s, curr speed    2.046 kHz, avg speed    1.929 kHz), accepted     9223/  170001 events ( 5.43%)
Processed   180000/  229141 entries, 78.55% (elapsed time    92.9s, curr speed    2.091 kHz, avg speed    1.938 kHz), accepted     9723/  180001 events ( 5.40%)
Processed   190000/  229141 entries, 82.92% (elapsed time    98.1s, curr speed    1.927 kHz, avg speed    1.937 kHz), accepted    10213/  190001 events ( 5.38%)
Processed   200000/  229141 entries, 87.28% (elapsed time   102.6s, curr speed    2.204 kHz, avg speed    1.949 kHz), accepted    10743/  200001 events ( 5.37%)
Processed   210000/  229141 entries, 91.65% (elapsed time   107.7s, curr speed    1.972 kHz, avg speed    1.950 kHz), accepted    11228/  210001 events ( 5.35%)
Processed   220000/  229141 entries, 96.01% (elapsed time   112.1s, curr speed    2.250 kHz, avg speed    1.962 kHz), accepted    11735/  220001 events ( 5.33%)
Processed 229141 preselected entries from /eos/cms/store/group/phys_tau/TauFW/nano/UL2017/SingleElectron/Run2017F-UL2017_MiniAODv1_NanoAODv2-v1/NANOAOD/877102B4-29C1-0E4A-91BA-3C55825F8E36_skimjec_6.root (229141 entries). Finally selected 12268 entries
Pre-select 229170 entries out of 229170 (100.00%)
Processed    10000/  229170 entries,  4.36% (elapsed time     8.8s, curr speed    1.135 kHz, avg speed    1.135 kHz), accepted      613/   10001 events ( 6.13%)
Processed    20000/  229170 entries,  8.73% (elapsed time    12.5s, curr speed    2.712 kHz, avg speed    1.600 kHz), accepted     1147/   20001 events ( 5.73%)
Processed    30000/  229170 entries, 13.09% (elapsed time    18.5s, curr speed    1.654 kHz, avg speed    1.618 kHz), accepted     1768/   30001 events ( 5.89%)
Processed    40000/  229170 entries, 17.45% (elapsed time    24.0s, curr speed    1.844 kHz, avg speed    1.669 kHz), accepted     2425/   40001 events ( 6.06%)
Processed    50000/  229170 entries, 21.82% (elapsed time    30.6s, curr speed    1.504 kHz, avg speed    1.633 kHz), accepted     3091/   50001 events ( 6.18%)
Processed    60000/  229170 entries, 26.18% (elapsed time    37.2s, curr speed    1.512 kHz, avg speed    1.612 kHz), accepted     3730/   60001 events ( 6.22%)
Processed    70000/  229170 entries, 30.55% (elapsed time    43.0s, curr speed    1.731 kHz, avg speed    1.628 kHz), accepted     4302/   70001 events ( 6.15%)
Processed    80000/  229170 entries, 34.91% (elapsed time    50.1s, curr speed    1.411 kHz, avg speed    1.597 kHz), accepted     4878/   80001 events ( 6.10%)
Processed    90000/  229170 entries, 39.27% (elapsed time    56.4s, curr speed    1.587 kHz, avg speed    1.596 kHz), accepted     5485/   90001 events ( 6.09%)
Processed   100000/  229170 entries, 43.64% (elapsed time    61.9s, curr speed    1.830 kHz, avg speed    1.617 kHz), accepted     6062/  100001 events ( 6.06%)
Processed   110000/  229170 entries, 48.00% (elapsed time    68.5s, curr speed    1.516 kHz, avg speed    1.607 kHz), accepted     6711/  110001 events ( 6.10%)
Processed   120000/  229170 entries, 52.36% (elapsed time    74.9s, curr speed    1.549 kHz, avg speed    1.602 kHz), accepted     7354/  120001 events ( 6.13%)
Processed   130000/  229170 entries, 56.73% (elapsed time    81.5s, curr speed    1.525 kHz, avg speed    1.596 kHz), accepted     7956/  130001 events ( 6.12%)
Processed   140000/  229170 entries, 61.09% (elapsed time    87.4s, curr speed    1.691 kHz, avg speed    1.602 kHz), accepted     8602/  140001 events ( 6.14%)
Processed   150000/  229170 entries, 65.45% (elapsed time    93.8s, curr speed    1.564 kHz, avg speed    1.600 kHz), accepted     9246/  150001 events ( 6.16%)
Processed   160000/  229170 entries, 69.82% (elapsed time   100.2s, curr speed    1.553 kHz, avg speed    1.597 kHz), accepted     9872/  160001 events ( 6.17%)
Processed   170000/  229170 entries, 74.18% (elapsed time   105.9s, curr speed    1.770 kHz, avg speed    1.606 kHz), accepted    10502/  170001 events ( 6.18%)
Processed   180000/  229170 entries, 78.54% (elapsed time   110.9s, curr speed    2.004 kHz, avg speed    1.624 kHz), accepted    11119/  180001 events ( 6.18%)
Processed   190000/  229170 entries, 82.91% (elapsed time   116.8s, curr speed    1.688 kHz, avg speed    1.627 kHz), accepted    11717/  190001 events ( 6.17%)
Processed   200000/  229170 entries, 87.27% (elapsed time   121.9s, curr speed    1.943 kHz, avg speed    1.640 kHz), accepted    12364/  200001 events ( 6.18%)
Processed   210000/  229170 entries, 91.64% (elapsed time   128.0s, curr speed    1.651 kHz, avg speed    1.641 kHz), accepted    12982/  210001 events ( 6.18%)
Processed   220000/  229170 entries, 96.00% (elapsed time   133.8s, curr speed    1.706 kHz, avg speed    1.644 kHz), accepted    13573/  220001 events ( 6.17%)
Processed 229170 preselected entries from /eos/cms/store/group/phys_tau/TauFW/nano/UL2017/SingleElectron/Run2017F-UL2017_MiniAODv1_NanoAODv2-v1/NANOAOD/87F0BAC7-64B0-9B4A-9659-B3240C7ACC51_skimjec_0.root (229170 entries). Finally selected 14073 entries
Pre-select 230479 entries out of 230479 (100.00%)
Processed    10000/  230479 entries,  4.34% (elapsed time     7.2s, curr speed    1.383 kHz, avg speed    1.383 kHz), accepted      521/   10001 events ( 5.21%)
Processed    20000/  230479 entries,  8.68% (elapsed time    11.7s, curr speed    2.249 kHz, avg speed    1.713 kHz), accepted     1058/   20001 events ( 5.29%)
Processed    30000/  230479 entries, 13.02% (elapsed time    16.2s, curr speed    2.218 kHz, avg speed    1.854 kHz), accepted     1627/   30001 events ( 5.42%)
Processed    40000/  230479 entries, 17.36% (elapsed time    23.0s, curr speed    1.469 kHz, avg speed    1.740 kHz), accepted     2247/   40001 events ( 5.62%)
Processed    50000/  230479 entries, 21.69% (elapsed time    28.4s, curr speed    1.860 kHz, avg speed    1.763 kHz), accepted     2771/   50001 events ( 5.54%)
Processed    60000/  230479 entries, 26.03% (elapsed time    34.1s, curr speed    1.758 kHz, avg speed    1.762 kHz), accepted     3312/   60001 events ( 5.52%)
Processed    70000/  230479 entries, 30.37% (elapsed time    38.7s, curr speed    2.150 kHz, avg speed    1.808 kHz), accepted     3826/   70001 events ( 5.47%)
Processed    80000/  230479 entries, 34.71% (elapsed time    43.1s, curr speed    2.268 kHz, avg speed    1.855 kHz), accepted     4332/   80001 events ( 5.41%)
Processed    90000/  230479 entries, 39.05% (elapsed time    47.4s, curr speed    2.325 kHz, avg speed    1.898 kHz), accepted     4855/   90001 events ( 5.39%)
Processed   100000/  230479 entries, 43.39% (elapsed time    51.5s, curr speed    2.447 kHz, avg speed    1.942 kHz), accepted     5393/  100001 events ( 5.39%)
Processed   110000/  230479 entries, 47.73% (elapsed time    55.4s, curr speed    2.575 kHz, avg speed    1.986 kHz), accepted     5865/  110001 events ( 5.33%)
Processed   120000/  230479 entries, 52.07% (elapsed time    59.6s, curr speed    2.346 kHz, avg speed    2.012 kHz), accepted     6398/  120001 events ( 5.33%)
Processed   130000/  230479 entries, 56.40% (elapsed time    64.6s, curr speed    2.007 kHz, avg speed    2.011 kHz), accepted     6978/  130001 events ( 5.37%)
Processed   140000/  230479 entries, 60.74% (elapsed time    69.6s, curr speed    2.031 kHz, avg speed    2.013 kHz), accepted     7575/  140001 events ( 5.41%)
Processed   150000/  230479 entries, 65.08% (elapsed time    75.2s, curr speed    1.779 kHz, avg speed    1.995 kHz), accepted     8207/  150001 events ( 5.47%)
Processed   160000/  230479 entries, 69.42% (elapsed time    80.4s, curr speed    1.932 kHz, avg speed    1.991 kHz), accepted     8832/  160001 events ( 5.52%)
Processed   170000/  230479 entries, 73.76% (elapsed time    85.1s, curr speed    2.096 kHz, avg speed    1.997 kHz), accepted     9446/  170001 events ( 5.56%)
Processed   180000/  230479 entries, 78.10% (elapsed time    90.2s, curr speed    1.987 kHz, avg speed    1.996 kHz), accepted    10083/  180001 events ( 5.60%)
Processed   190000/  230479 entries, 82.44% (elapsed time    95.3s, curr speed    1.947 kHz, avg speed    1.994 kHz), accepted    10656/  190001 events ( 5.61%)
Processed   200000/  230479 entries, 86.78% (elapsed time    99.9s, curr speed    2.156 kHz, avg speed    2.001 kHz), accepted    11205/  200001 events ( 5.60%)
Processed   210000/  230479 entries, 91.11% (elapsed time   104.6s, curr speed    2.157 kHz, avg speed    2.008 kHz), accepted    11704/  210001 events ( 5.57%)
Processed   220000/  230479 entries, 95.45% (elapsed time   109.3s, curr speed    2.104 kHz, avg speed    2.012 kHz), accepted    12237/  220001 events ( 5.56%)
Processed   230000/  230479 entries, 99.79% (elapsed time   113.4s, curr speed    2.476 kHz, avg speed    2.029 kHz), accepted    12731/  230001 events ( 5.54%)
Processed 230479 preselected entries from /eos/cms/store/group/phys_tau/TauFW/nano/UL2017/SingleElectron/Run2017F-UL2017_MiniAODv1_NanoAODv2-v1/NANOAOD/87F0BAC7-64B0-9B4A-9659-B3240C7ACC51_skimjec_1.root (230479 entries). Finally selected 12755 entries
Total time 656.7 sec. to process 1147644 events. Rate = 1747.6 Hz.
>>> cwd          = /pool/condor/dir_12004
>>> ls           = ['x509_voms', '.job.ad', 'tmp', 'lvigilan.cc', 'pico_etau_EES0p99_59.root', 'var', '.machine.ad', '.update.ad', '_condor_stdout', '.chirp.config', 'condor_exec.exe']
>>> getstorage('/eos/home-l/lvigilan/output_ETauFR_UL17_RUN1/UL2017/etau/SingleElectron_Run2017F'), <EOS("/eos/home-l/lvigilan/output_ETauFR_UL17_RUN1/UL2017/etau/SingleElectron_Run2017F") at 0x2b8fa3dd4b10>
>>> Executing: 'cp ./pico_etau_EES0p99_59.root /eos/home-l/lvigilan/output_ETauFR_UL17_RUN1/UL2017/etau/SingleElectron_Run2017F'
>>> Removing './pico_etau_EES0p99_59.root'...
>>> picojob.py done after 669.5 seconds

Job complete at Mon Jun  7 23:17:21 CEST 2021
Took 11 minutes 11 seconds040 (2367903.059.000) 06/07 23:40:08 Finished transferring output files
...
005 (2367903.059.000) 06/07 23:40:09 Job terminated.
	(1) Normal termination (return value 0)
		Usr 0 00:07:51, Sys 0 00:00:18  -  Run Remote Usage
		Usr 0 00:00:00, Sys 0 00:00:00  -  Run Local Usage
		Usr 0 00:07:51, Sys 0 00:00:18  -  Total Remote Usage
		Usr 0 00:00:00, Sys 0 00:00:00  -  Total Local Usage
	33290  -  Run Bytes Sent By Job
	9898  -  Run Bytes Received By Job
	33290  -  Total Bytes Sent By Job
	9898  -  Total Bytes Received By Job
	Partitionable Resources :    Usage  Request Allocated 
	   Cpus                 :        0        1         1 
	   Disk (KB)            :     7354        1    208971 
	   Memory (MB)          :      200     2000      2000 

	Job terminated of its own accord at 2021-06-07T21:17:21Z.
...
