Could not find platform independent libraries <prefix>
Could not find platform dependent libraries <exec_prefix>
Consider setting $PYTHONHOME to <prefix>[:<exec_prefix>]
ImportError: No module named site
Job start at Mon Jun  7 23:02:45 CEST 2021
Running job on machine Linux b7s11n8608.cern.ch 3.10.0-1160.24.1.el7.x86_64 #1 SMP Thu Apr 8 19:51:47 UTC 2021 x86_64 x86_64 x86_64 GNU/Linux, host b7s11n8608.cern.ch
============================================================
$PWD=/pool/condor/dir_17471
$JOBID=2367875
$TASKID=57
$HOSTNAME=b7s11n8608.cern.ch
$TASKCMD=/afs/cern.ch/work/l/lvigilan/TauWork/CMSSW_10_6_17_patch1/src/TauFW/PicoProducer/python/processors/picojob.py -y UL2017 -d 'mc' -c etau -M ETauFakeRate.ModuleETau --copydir /eos/home-l/lvigilan/output_ETauFR_UL17_RUN1/UL2017/etau/WJetsToLNu -t _etau_EES0p99_57 --opt 'ees=0.99' 'useT1=True' -i /eos/cms/store/group/phys_tau/TauFW/nano/UL2017/WJetsToLNu_TuneCP5_13TeV-madgraphMLM-pythia8/RunIISummer19UL17NanoAODv2-106X_mc2017_realistic_v8-v1/NANOAODSIM/CBB00A03-5F5B-954D-BD19-79495B62C975_skimjec_5.root /eos/cms/store/group/phys_tau/TauFW/nano/UL2017/WJetsToLNu_TuneCP5_13TeV-madgraphMLM-pythia8/RunIISummer19UL17NanoAODv2-106X_mc2017_realistic_v8-v1/NANOAODSIM/CBB00A03-5F5B-954D-BD19-79495B62C975_skimjec_6.root /eos/cms/store/group/phys_tau/TauFW/nano/UL2017/WJetsToLNu_TuneCP5_13TeV-madgraphMLM-pythia8/RunIISummer19UL17NanoAODv2-106X_mc2017_realistic_v8-v1/NANOAODSIM/CBB00A03-5F5B-954D-BD19-79495B62C975_skimjec_7.root /eos/cms/store/group/phys_tau/TauFW/nano/UL2017/WJetsToLNu_TuneCP5_13TeV-madgraphMLM-pythia8/RunIISummer19UL17NanoAODv2-106X_mc2017_realistic_v8-v1/NANOAODSIM/CBB00A03-5F5B-954D-BD19-79495B62C975_skimjec_8.root /eos/cms/store/group/phys_tau/TauFW/nano/UL2017/WJetsToLNu_TuneCP5_13TeV-madgraphMLM-pythia8/RunIISummer19UL17NanoAODv2-106X_mc2017_realistic_v8-v1/NANOAODSIM/DB6760D7-BB5D-424F-A30A-7245BC85EB41_skimjec_0.root
$WORKDIR=/pool/condor/dir_17471
>>> cd /afs/cern.ch/work/l/lvigilan/TauWork/CMSSW_10_6_17_patch1/src
>>> eval `scramv1 runtime -sh`
>>> cd /pool/condor/dir_17471
$PWD=/pool/condor/dir_17471
>>> /afs/cern.ch/work/l/lvigilan/TauWork/CMSSW_10_6_17_patch1/src/TauFW/PicoProducer/python/processors/picojob.py -y UL2017 -d 'mc' -c etau -M ETauFakeRate.ModuleETau --copydir /eos/home-l/lvigilan/output_ETauFR_UL17_RUN1/UL2017/etau/WJetsToLNu -t _etau_EES0p99_57 --opt 'ees=0.99' 'useT1=True' -i /eos/cms/store/group/phys_tau/TauFW/nano/UL2017/WJetsToLNu_TuneCP5_13TeV-madgraphMLM-pythia8/RunIISummer19UL17NanoAODv2-106X_mc2017_realistic_v8-v1/NANOAODSIM/CBB00A03-5F5B-954D-BD19-79495B62C975_skimjec_5.root /eos/cms/store/group/phys_tau/TauFW/nano/UL2017/WJetsToLNu_TuneCP5_13TeV-madgraphMLM-pythia8/RunIISummer19UL17NanoAODv2-106X_mc2017_realistic_v8-v1/NANOAODSIM/CBB00A03-5F5B-954D-BD19-79495B62C975_skimjec_6.root /eos/cms/store/group/phys_tau/TauFW/nano/UL2017/WJetsToLNu_TuneCP5_13TeV-madgraphMLM-pythia8/RunIISummer19UL17NanoAODv2-106X_mc2017_realistic_v8-v1/NANOAODSIM/CBB00A03-5F5B-954D-BD19-79495B62C975_skimjec_7.root /eos/cms/store/group/phys_tau/TauFW/nano/UL2017/WJetsToLNu_TuneCP5_13TeV-madgraphMLM-pythia8/RunIISummer19UL17NanoAODv2-106X_mc2017_realistic_v8-v1/NANOAODSIM/CBB00A03-5F5B-954D-BD19-79495B62C975_skimjec_8.root /eos/cms/store/group/phys_tau/TauFW/nano/UL2017/WJetsToLNu_TuneCP5_13TeV-madgraphMLM-pythia8/RunIISummer19UL17NanoAODv2-106X_mc2017_realistic_v8-v1/NANOAODSIM/DB6760D7-BB5D-424F-A30A-7245BC85EB41_skimjec_0.root
Error in <TGClient::TGClient>: can't open display "localhost:13.0", switching to batch mode...
 In case you run from a remote ssh session, reconnect with ssh -Y
--------------------------------------------------------------------------------
>>> era          = 'UL2017'
>>> year         = 2017
>>> channel      = 'etau'
>>> modname      = 'ETauFakeRate.ModuleETau'
>>> dtype        = 'mc'
>>> kwargs       = {'dtype': 'mc', 'ees': 0.99, 'useT1': True, 'verb': 0, 'era': 'UL2017', 'year': 2017}
>>> firstevt     = 0
>>> maxevts      = None
>>> outdir       = '.'
>>> copydir      = '/eos/home-l/lvigilan/output_ETauFR_UL17_RUN1/UL2017/etau/WJetsToLNu'
>>> infiles      = ['/eos/cms/store/group/phys_tau/TauFW/nano/UL2017/WJetsToLNu_TuneCP5_13TeV-madgraphMLM-pythia8/RunIISummer19UL17NanoAODv2-106X_mc2017_realistic_v8-v1/NANOAODSIM/CBB00A03-5F5B-954D-BD19-79495B62C975_skimjec_5.root', '/eos/cms/store/group/phys_tau/TauFW/nano/UL2017/WJetsToLNu_TuneCP5_13TeV-madgraphMLM-pythia8/RunIISummer19UL17NanoAODv2-106X_mc2017_realistic_v8-v1/NANOAODSIM/CBB00A03-5F5B-954D-BD19-79495B62C975_skimjec_6.root', '/eos/cms/store/group/phys_tau/TauFW/nano/UL2017/WJetsToLNu_TuneCP5_13TeV-madgraphMLM-pythia8/RunIISummer19UL17NanoAODv2-106X_mc2017_realistic_v8-v1/NANOAODSIM/CBB00A03-5F5B-954D-BD19-79495B62C975_skimjec_7.root', '/eos/cms/store/group/phys_tau/TauFW/nano/UL2017/WJetsToLNu_TuneCP5_13TeV-madgraphMLM-pythia8/RunIISummer19UL17NanoAODv2-106X_mc2017_realistic_v8-v1/NANOAODSIM/CBB00A03-5F5B-954D-BD19-79495B62C975_skimjec_8.root', '/eos/cms/store/group/phys_tau/TauFW/nano/UL2017/WJetsToLNu_TuneCP5_13TeV-madgraphMLM-pythia8/RunIISummer19UL17NanoAODv2-106X_mc2017_realistic_v8-v1/NANOAODSIM/DB6760D7-BB5D-424F-A30A-7245BC85EB41_skimjec_0.root']
>>> outfname     = './pico_etau_EES0p99_57.root'
>>> branchsel    = '/afs/cern.ch/work/l/lvigilan/TauWork/CMSSW_10_6_17_patch1/python/TauFW/PicoProducer/processors/keep_and_drop_skim.txt'
>>> json         = None
>>> prefetch     = False
>>> cwd          = /pool/condor/dir_17471
--------------------------------------------------------------------------------

   ################
   #  ModuleETau  #
   ################

Loading PileupWeightTool for '/afs/cern.ch/work/l/lvigilan/TauWork/CMSSW_10_6_17_patch1/src/TauFW/PicoProducer/data/pileup/Data_PileUp_UL2017_69p2.root' and '/afs/cern.ch/work/l/lvigilan/TauWork/CMSSW_10_6_17_patch1/src/TauFW/PicoProducer/data/pileup/MC_PileUp_UL2017_Summer19.root'
Loading BTagWeightTool for DeepCSV (medium WP)...
>>> BTagTool: [1m[33mWarning! [0m[33mHistogram 'etau/eff_DeepCSV_udsg_medium' does not exist in /afs/cern.ch/work/l/lvigilan/TauWork/CMSSW_10_6_17_patch1/src/TauFW/PicoProducer/data/btag/DeepCSV_2017_12Apr2017_eff.root! Reverting to default efficiency histogram...[0m
>>> BTagTool: [1m[33mWarning! [0m[33mHistogram 'etau/eff_DeepCSV_c_medium' does not exist in /afs/cern.ch/work/l/lvigilan/TauWork/CMSSW_10_6_17_patch1/src/TauFW/PicoProducer/data/btag/DeepCSV_2017_12Apr2017_eff.root! Reverting to default efficiency histogram...[0m
>>> BTagTool: [1m[33mWarning! [0m[33mHistogram 'etau/eff_DeepCSV_b_medium' does not exist in /afs/cern.ch/work/l/lvigilan/TauWork/CMSSW_10_6_17_patch1/src/TauFW/PicoProducer/data/btag/DeepCSV_2017_12Apr2017_eff.root! Reverting to default efficiency histogram...[0m
>>> BTagTool: [1m[33mWarning! [0m[33mMade use of default efficiency histograms! The b tag weights from this module should be regarded as placeholders only,
and should NOT be used for analyses. B (mis)tag efficiencies in MC are analysis dependent. Please create your own
efficiency histogram with data/btag/getBTagEfficiencies.py after running all MC samples with BTagWeightTool.[0m
Loading TreeProducerETau for './pico_etau_EES0p99_57.root'
--------------------------------------------------------------------------------
>>> filename     = './pico_etau_EES0p99_57.root'
>>> year         = 2017
>>> dtype        = 'mc'
>>> channel      = 'etau'
>>> ismc         = True
>>> isdata       = False
>>> isembed      = False
>>> tes          = 1.0
>>> tessys       = None
>>> fes          = None
>>> ltf          = None
>>> jtf          = 1.0
>>> dotoppt      = False
>>> dozpt        = False
>>> dojec        = True
>>> dojecsys     = True
>>> dotight      = False
>>> useT1        = True
>>> jetCutPt     = 30
>>> bjetCutEta   = 2.7
>>> tauwp        = 0
>>> eleCutPt     = 36
>>> eleCutEta    = 2.1
>>> tauCutPt     = 20
>>> tauCutEta    = 2.3
>>> ZpeekReso    = 0.1
Pre-select 249302 entries out of 249302 (100.00%)
Processed    10000/  249302 entries,  4.01% (elapsed time     6.0s, curr speed    1.680 kHz, avg speed    1.680 kHz), accepted       12/   10001 events ( 0.12%)
Processed    20000/  249302 entries,  8.02% (elapsed time     7.4s, curr speed    6.983 kHz, avg speed    2.709 kHz), accepted       19/   20001 events ( 0.09%)
Processed    30000/  249302 entries, 12.03% (elapsed time     9.4s, curr speed    4.851 kHz, avg speed    3.176 kHz), accepted       36/   30001 events ( 0.12%)
Processed    40000/  249302 entries, 16.04% (elapsed time    10.6s, curr speed    8.793 kHz, avg speed    3.780 kHz), accepted       51/   40001 events ( 0.13%)
Processed    50000/  249302 entries, 20.06% (elapsed time    11.9s, curr speed    7.604 kHz, avg speed    4.202 kHz), accepted       67/   50001 events ( 0.13%)
Processed    60000/  249302 entries, 24.07% (elapsed time    13.3s, curr speed    6.983 kHz, avg speed    4.501 kHz), accepted       86/   60001 events ( 0.14%)
Processed    70000/  249302 entries, 28.08% (elapsed time    15.8s, curr speed    4.126 kHz, avg speed    4.443 kHz), accepted       96/   70001 events ( 0.14%)
Processed    80000/  249302 entries, 32.09% (elapsed time    16.9s, curr speed    8.442 kHz, avg speed    4.723 kHz), accepted      108/   80001 events ( 0.13%)
Processed    90000/  249302 entries, 36.10% (elapsed time    18.5s, curr speed    6.292 kHz, avg speed    4.858 kHz), accepted      126/   90001 events ( 0.14%)
Processed   100000/  249302 entries, 40.11% (elapsed time    19.9s, curr speed    7.508 kHz, avg speed    5.035 kHz), accepted      147/  100001 events ( 0.15%)
Processed   110000/  249302 entries, 44.12% (elapsed time    21.1s, curr speed    7.806 kHz, avg speed    5.203 kHz), accepted      157/  110001 events ( 0.14%)
Processed   120000/  249302 entries, 48.13% (elapsed time    22.5s, curr speed    7.213 kHz, avg speed    5.327 kHz), accepted      173/  120001 events ( 0.14%)
Processed   130000/  249302 entries, 52.15% (elapsed time    24.2s, curr speed    5.817 kHz, avg speed    5.362 kHz), accepted      183/  130001 events ( 0.14%)
Processed   140000/  249302 entries, 56.16% (elapsed time    25.7s, curr speed    6.685 kHz, avg speed    5.439 kHz), accepted      195/  140001 events ( 0.14%)
Processed   150000/  249302 entries, 60.17% (elapsed time    27.1s, curr speed    7.615 kHz, avg speed    5.544 kHz), accepted      215/  150001 events ( 0.14%)
Processed   160000/  249302 entries, 64.18% (elapsed time    28.3s, curr speed    7.832 kHz, avg speed    5.647 kHz), accepted      229/  160001 events ( 0.14%)
Processed   170000/  249302 entries, 68.19% (elapsed time    30.3s, curr speed    4.985 kHz, avg speed    5.604 kHz), accepted      246/  170001 events ( 0.14%)
Processed   180000/  249302 entries, 72.20% (elapsed time    31.6s, curr speed    8.064 kHz, avg speed    5.700 kHz), accepted      260/  180001 events ( 0.14%)
Processed   190000/  249302 entries, 76.21% (elapsed time    32.9s, curr speed    7.777 kHz, avg speed    5.781 kHz), accepted      272/  190001 events ( 0.14%)
Processed   200000/  249302 entries, 80.22% (elapsed time    34.1s, curr speed    7.901 kHz, avg speed    5.860 kHz), accepted      286/  200001 events ( 0.14%)
Processed   210000/  249302 entries, 84.24% (elapsed time    35.5s, curr speed    7.263 kHz, avg speed    5.914 kHz), accepted      297/  210001 events ( 0.14%)
Processed   220000/  249302 entries, 88.25% (elapsed time    36.8s, curr speed    8.025 kHz, avg speed    5.986 kHz), accepted      308/  220001 events ( 0.14%)
Processed   230000/  249302 entries, 92.26% (elapsed time    38.3s, curr speed    6.671 kHz, avg speed    6.013 kHz), accepted      317/  230001 events ( 0.14%)
Processed   240000/  249302 entries, 96.27% (elapsed time    39.7s, curr speed    7.066 kHz, avg speed    6.050 kHz), accepted      334/  240001 events ( 0.14%)
Processed 249302 preselected entries from /eos/cms/store/group/phys_tau/TauFW/nano/UL2017/WJetsToLNu_TuneCP5_13TeV-madgraphMLM-pythia8/RunIISummer19UL17NanoAODv2-106X_mc2017_realistic_v8-v1/NANOAODSIM/CBB00A03-5F5B-954D-BD19-79495B62C975_skimjec_5.root (249302 entries). Finally selected 345 entries
Pre-select 249302 entries out of 249302 (100.00%)
Processed    10000/  249302 entries,  4.01% (elapsed time     5.0s, curr speed    1.985 kHz, avg speed    1.985 kHz), accepted       17/   10001 events ( 0.17%)
Processed    20000/  249302 entries,  8.02% (elapsed time     6.7s, curr speed    5.868 kHz, avg speed    2.966 kHz), accepted       36/   20001 events ( 0.18%)
Processed    30000/  249302 entries, 12.03% (elapsed time     8.4s, curr speed    5.944 kHz, avg speed    3.561 kHz), accepted       50/   30001 events ( 0.17%)
Processed    40000/  249302 entries, 16.04% (elapsed time     9.5s, curr speed    9.030 kHz, avg speed    4.196 kHz), accepted       68/   40001 events ( 0.17%)
Processed    50000/  249302 entries, 20.06% (elapsed time    10.9s, curr speed    7.525 kHz, avg speed    4.603 kHz), accepted       89/   50001 events ( 0.18%)
Processed    60000/  249302 entries, 24.07% (elapsed time    12.2s, curr speed    7.687 kHz, avg speed    4.933 kHz), accepted      103/   60001 events ( 0.17%)
Processed    70000/  249302 entries, 28.08% (elapsed time    13.6s, curr speed    6.997 kHz, avg speed    5.150 kHz), accepted      120/   70001 events ( 0.17%)
Processed    80000/  249302 entries, 32.09% (elapsed time    14.9s, curr speed    7.899 kHz, avg speed    5.385 kHz), accepted      134/   80001 events ( 0.17%)
Processed    90000/  249302 entries, 36.10% (elapsed time    17.3s, curr speed    4.089 kHz, avg speed    5.201 kHz), accepted      150/   90001 events ( 0.17%)
Processed   100000/  249302 entries, 40.11% (elapsed time    19.5s, curr speed    4.515 kHz, avg speed    5.123 kHz), accepted      165/  100001 events ( 0.16%)
Processed   110000/  249302 entries, 44.12% (elapsed time    21.5s, curr speed    4.951 kHz, avg speed    5.107 kHz), accepted      179/  110001 events ( 0.16%)
Processed   120000/  249302 entries, 48.13% (elapsed time    22.8s, curr speed    7.669 kHz, avg speed    5.254 kHz), accepted      193/  120001 events ( 0.16%)
Processed   130000/  249302 entries, 52.15% (elapsed time    24.4s, curr speed    6.537 kHz, avg speed    5.334 kHz), accepted      207/  130001 events ( 0.16%)
Processed   140000/  249302 entries, 56.16% (elapsed time    25.6s, curr speed    7.933 kHz, avg speed    5.462 kHz), accepted      220/  140001 events ( 0.16%)
Processed   150000/  249302 entries, 60.17% (elapsed time    27.0s, curr speed    7.198 kHz, avg speed    5.551 kHz), accepted      228/  150001 events ( 0.15%)
Processed   160000/  249302 entries, 64.18% (elapsed time    28.5s, curr speed    6.967 kHz, avg speed    5.623 kHz), accepted      240/  160001 events ( 0.15%)
Processed   170000/  249302 entries, 68.19% (elapsed time    30.4s, curr speed    5.053 kHz, avg speed    5.586 kHz), accepted      256/  170001 events ( 0.15%)
Processed   180000/  249302 entries, 72.20% (elapsed time    31.6s, curr speed    8.460 kHz, avg speed    5.693 kHz), accepted      270/  180001 events ( 0.15%)
Processed   190000/  249302 entries, 76.21% (elapsed time    33.1s, curr speed    6.695 kHz, avg speed    5.738 kHz), accepted      287/  190001 events ( 0.15%)
Processed   200000/  249302 entries, 80.22% (elapsed time    34.5s, curr speed    7.394 kHz, avg speed    5.803 kHz), accepted      301/  200001 events ( 0.15%)
Processed   210000/  249302 entries, 84.24% (elapsed time    35.6s, curr speed    8.764 kHz, avg speed    5.898 kHz), accepted      312/  210001 events ( 0.15%)
Processed   220000/  249302 entries, 88.25% (elapsed time    36.8s, curr speed    8.529 kHz, avg speed    5.982 kHz), accepted      321/  220001 events ( 0.15%)
Processed   230000/  249302 entries, 92.26% (elapsed time    38.2s, curr speed    6.914 kHz, avg speed    6.017 kHz), accepted      333/  230001 events ( 0.14%)
Processed   240000/  249302 entries, 96.27% (elapsed time    39.4s, curr speed    8.397 kHz, avg speed    6.089 kHz), accepted      344/  240001 events ( 0.14%)
Processed 249302 preselected entries from /eos/cms/store/group/phys_tau/TauFW/nano/UL2017/WJetsToLNu_TuneCP5_13TeV-madgraphMLM-pythia8/RunIISummer19UL17NanoAODv2-106X_mc2017_realistic_v8-v1/NANOAODSIM/CBB00A03-5F5B-954D-BD19-79495B62C975_skimjec_6.root (249302 entries). Finally selected 354 entries
Pre-select 249302 entries out of 249302 (100.00%)
Processed    10000/  249302 entries,  4.01% (elapsed time     4.7s, curr speed    2.137 kHz, avg speed    2.137 kHz), accepted       14/   10001 events ( 0.14%)
Processed    20000/  249302 entries,  8.02% (elapsed time     6.0s, curr speed    7.528 kHz, avg speed    3.328 kHz), accepted       26/   20001 events ( 0.13%)
Processed    30000/  249302 entries, 12.03% (elapsed time     7.2s, curr speed    8.121 kHz, avg speed    4.143 kHz), accepted       42/   30001 events ( 0.14%)
Processed    40000/  249302 entries, 16.04% (elapsed time     8.6s, curr speed    7.391 kHz, avg speed    4.655 kHz), accepted       56/   40001 events ( 0.14%)
Processed    50000/  249302 entries, 20.06% (elapsed time    10.0s, curr speed    7.360 kHz, avg speed    5.024 kHz), accepted       70/   50001 events ( 0.14%)
Processed    60000/  249302 entries, 24.07% (elapsed time    11.2s, curr speed    7.768 kHz, avg speed    5.338 kHz), accepted       77/   60001 events ( 0.13%)
Processed    70000/  249302 entries, 28.08% (elapsed time    12.4s, curr speed    8.660 kHz, avg speed    5.648 kHz), accepted       90/   70001 events ( 0.13%)
Processed    80000/  249302 entries, 32.09% (elapsed time    13.5s, curr speed    9.307 kHz, avg speed    5.940 kHz), accepted      107/   80001 events ( 0.13%)
Processed    90000/  249302 entries, 36.10% (elapsed time    15.1s, curr speed    6.070 kHz, avg speed    5.954 kHz), accepted      126/   90001 events ( 0.14%)
Processed   100000/  249302 entries, 40.11% (elapsed time    17.7s, curr speed    3.886 kHz, avg speed    5.653 kHz), accepted      131/  100001 events ( 0.13%)
Processed   110000/  249302 entries, 44.12% (elapsed time    18.9s, curr speed    8.480 kHz, avg speed    5.830 kHz), accepted      142/  110001 events ( 0.13%)
Processed   120000/  249302 entries, 48.13% (elapsed time    20.1s, curr speed    8.039 kHz, avg speed    5.966 kHz), accepted      158/  120001 events ( 0.13%)
Processed   130000/  249302 entries, 52.15% (elapsed time    21.8s, curr speed    5.895 kHz, avg speed    5.961 kHz), accepted      172/  130001 events ( 0.13%)
Processed   140000/  249302 entries, 56.16% (elapsed time    23.0s, curr speed    8.151 kHz, avg speed    6.077 kHz), accepted      186/  140001 events ( 0.13%)
Processed   150000/  249302 entries, 60.17% (elapsed time    24.4s, curr speed    7.468 kHz, avg speed    6.154 kHz), accepted      194/  150001 events ( 0.13%)
Processed   160000/  249302 entries, 64.18% (elapsed time    25.8s, curr speed    6.819 kHz, avg speed    6.192 kHz), accepted      204/  160001 events ( 0.13%)
Processed   170000/  249302 entries, 68.19% (elapsed time    27.2s, curr speed    7.332 kHz, avg speed    6.249 kHz), accepted      217/  170001 events ( 0.13%)
Processed   180000/  249302 entries, 72.20% (elapsed time    28.5s, curr speed    7.550 kHz, avg speed    6.309 kHz), accepted      229/  180001 events ( 0.13%)
Processed   190000/  249302 entries, 76.21% (elapsed time    29.8s, curr speed    7.684 kHz, avg speed    6.369 kHz), accepted      237/  190001 events ( 0.12%)
Processed   200000/  249302 entries, 80.22% (elapsed time    31.3s, curr speed    6.867 kHz, avg speed    6.392 kHz), accepted      252/  200001 events ( 0.13%)
Processed   210000/  249302 entries, 84.24% (elapsed time    32.9s, curr speed    6.285 kHz, avg speed    6.387 kHz), accepted      267/  210001 events ( 0.13%)
Processed   220000/  249302 entries, 88.25% (elapsed time    34.2s, curr speed    7.345 kHz, avg speed    6.425 kHz), accepted      279/  220001 events ( 0.13%)
Processed   230000/  249302 entries, 92.26% (elapsed time    35.8s, curr speed    6.455 kHz, avg speed    6.427 kHz), accepted      286/  230001 events ( 0.12%)
Processed   240000/  249302 entries, 96.27% (elapsed time    37.1s, curr speed    7.545 kHz, avg speed    6.466 kHz), accepted      304/  240001 events ( 0.13%)
Processed 249302 preselected entries from /eos/cms/store/group/phys_tau/TauFW/nano/UL2017/WJetsToLNu_TuneCP5_13TeV-madgraphMLM-pythia8/RunIISummer19UL17NanoAODv2-106X_mc2017_realistic_v8-v1/NANOAODSIM/CBB00A03-5F5B-954D-BD19-79495B62C975_skimjec_7.root (249302 entries). Finally selected 323 entries
Pre-select 249300 entries out of 249300 (100.00%)
Processed    10000/  249300 entries,  4.01% (elapsed time     5.7s, curr speed    1.765 kHz, avg speed    1.765 kHz), accepted       11/   10001 events ( 0.11%)
Processed    20000/  249300 entries,  8.02% (elapsed time     7.1s, curr speed    7.217 kHz, avg speed    2.836 kHz), accepted       25/   20001 events ( 0.12%)
Processed    30000/  249300 entries, 12.03% (elapsed time     9.2s, curr speed    4.564 kHz, avg speed    3.246 kHz), accepted       36/   30001 events ( 0.12%)
Processed    40000/  249300 entries, 16.04% (elapsed time    11.1s, curr speed    5.435 kHz, avg speed    3.609 kHz), accepted       55/   40001 events ( 0.14%)
Processed    50000/  249300 entries, 20.06% (elapsed time    12.9s, curr speed    5.569 kHz, avg speed    3.882 kHz), accepted       76/   50001 events ( 0.15%)
Processed    60000/  249300 entries, 24.07% (elapsed time    14.9s, curr speed    4.896 kHz, avg speed    4.021 kHz), accepted       87/   60001 events ( 0.14%)
Processed    70000/  249300 entries, 28.08% (elapsed time    16.6s, curr speed    5.967 kHz, avg speed    4.218 kHz), accepted      101/   70001 events ( 0.14%)
Processed    80000/  249300 entries, 32.09% (elapsed time    18.2s, curr speed    6.267 kHz, avg speed    4.397 kHz), accepted      112/   80001 events ( 0.14%)
Processed    90000/  249300 entries, 36.10% (elapsed time    19.5s, curr speed    7.559 kHz, avg speed    4.612 kHz), accepted      125/   90001 events ( 0.14%)
Processed   100000/  249300 entries, 40.11% (elapsed time    21.0s, curr speed    6.907 kHz, avg speed    4.770 kHz), accepted      137/  100001 events ( 0.14%)
Processed   110000/  249300 entries, 44.12% (elapsed time    22.3s, curr speed    7.684 kHz, avg speed    4.941 kHz), accepted      146/  110001 events ( 0.13%)
Processed   120000/  249300 entries, 48.13% (elapsed time    23.5s, curr speed    8.048 kHz, avg speed    5.105 kHz), accepted      161/  120001 events ( 0.13%)
Processed   130000/  249300 entries, 52.15% (elapsed time    24.7s, curr speed    8.259 kHz, avg speed    5.259 kHz), accepted      179/  130001 events ( 0.14%)
Processed   140000/  249300 entries, 56.16% (elapsed time    26.1s, curr speed    7.297 kHz, avg speed    5.366 kHz), accepted      194/  140001 events ( 0.14%)
Processed   150000/  249300 entries, 60.17% (elapsed time    27.3s, curr speed    8.601 kHz, avg speed    5.504 kHz), accepted      213/  150001 events ( 0.14%)
Processed   160000/  249300 entries, 64.18% (elapsed time    28.5s, curr speed    8.025 kHz, avg speed    5.615 kHz), accepted      226/  160001 events ( 0.14%)
Processed   170000/  249300 entries, 68.19% (elapsed time    29.8s, curr speed    7.488 kHz, avg speed    5.698 kHz), accepted      249/  170001 events ( 0.15%)
Processed   180000/  249300 entries, 72.20% (elapsed time    30.9s, curr speed    9.075 kHz, avg speed    5.819 kHz), accepted      258/  180001 events ( 0.14%)
Processed   190000/  249300 entries, 76.21% (elapsed time    32.1s, curr speed    8.339 kHz, avg speed    5.913 kHz), accepted      273/  190001 events ( 0.14%)
Processed   200000/  249300 entries, 80.22% (elapsed time    33.3s, curr speed    8.759 kHz, avg speed    6.010 kHz), accepted      287/  200001 events ( 0.14%)
Processed   210000/  249300 entries, 84.24% (elapsed time    34.7s, curr speed    7.021 kHz, avg speed    6.052 kHz), accepted      300/  210001 events ( 0.14%)
Processed   220000/  249300 entries, 88.25% (elapsed time    36.0s, curr speed    7.892 kHz, avg speed    6.117 kHz), accepted      313/  220001 events ( 0.14%)
Processed   230000/  249300 entries, 92.26% (elapsed time    37.4s, curr speed    6.806 kHz, avg speed    6.144 kHz), accepted      330/  230001 events ( 0.14%)
Processed   240000/  249300 entries, 96.27% (elapsed time    38.9s, curr speed    6.629 kHz, avg speed    6.163 kHz), accepted      342/  240001 events ( 0.14%)
Processed 249300 preselected entries from /eos/cms/store/group/phys_tau/TauFW/nano/UL2017/WJetsToLNu_TuneCP5_13TeV-madgraphMLM-pythia8/RunIISummer19UL17NanoAODv2-106X_mc2017_realistic_v8-v1/NANOAODSIM/CBB00A03-5F5B-954D-BD19-79495B62C975_skimjec_8.root (249300 entries). Finally selected 355 entries
Pre-select 249375 entries out of 249375 (100.00%)
Processed    10000/  249375 entries,  4.01% (elapsed time     4.3s, curr speed    2.304 kHz, avg speed    2.304 kHz), accepted       15/   10001 events ( 0.15%)
Processed    20000/  249375 entries,  8.02% (elapsed time     5.5s, curr speed    8.333 kHz, avg speed    3.610 kHz), accepted       31/   20001 events ( 0.15%)
Processed    30000/  249375 entries, 12.03% (elapsed time     7.3s, curr speed    5.736 kHz, avg speed    4.119 kHz), accepted       52/   30001 events ( 0.17%)
Processed    40000/  249375 entries, 16.04% (elapsed time     8.6s, curr speed    7.631 kHz, avg speed    4.655 kHz), accepted       65/   40001 events ( 0.16%)
Processed    50000/  249375 entries, 20.05% (elapsed time    10.4s, curr speed    5.640 kHz, avg speed    4.823 kHz), accepted       80/   50001 events ( 0.16%)
Processed    60000/  249375 entries, 24.06% (elapsed time    11.7s, curr speed    7.429 kHz, avg speed    5.123 kHz), accepted       91/   60001 events ( 0.15%)
Processed    70000/  249375 entries, 28.07% (elapsed time    13.0s, curr speed    7.709 kHz, avg speed    5.381 kHz), accepted      105/   70001 events ( 0.15%)
Processed    80000/  249375 entries, 32.08% (elapsed time    15.3s, curr speed    4.417 kHz, avg speed    5.238 kHz), accepted      124/   80001 events ( 0.15%)
Processed    90000/  249375 entries, 36.09% (elapsed time    16.7s, curr speed    6.892 kHz, avg speed    5.381 kHz), accepted      144/   90001 events ( 0.16%)
Processed   100000/  249375 entries, 40.10% (elapsed time    18.1s, curr speed    7.321 kHz, avg speed    5.528 kHz), accepted      158/  100001 events ( 0.16%)
Processed   110000/  249375 entries, 44.11% (elapsed time    19.4s, curr speed    7.802 kHz, avg speed    5.678 kHz), accepted      169/  110001 events ( 0.15%)
Processed   120000/  249375 entries, 48.12% (elapsed time    20.9s, curr speed    6.662 kHz, avg speed    5.749 kHz), accepted      185/  120001 events ( 0.15%)
Processed   130000/  249375 entries, 52.13% (elapsed time    22.2s, curr speed    7.668 kHz, avg speed    5.862 kHz), accepted      200/  130001 events ( 0.15%)
Processed   140000/  249375 entries, 56.14% (elapsed time    23.5s, curr speed    7.384 kHz, avg speed    5.949 kHz), accepted      217/  140001 events ( 0.15%)
Processed   150000/  249375 entries, 60.15% (elapsed time    24.9s, curr speed    7.343 kHz, avg speed    6.026 kHz), accepted      232/  150001 events ( 0.15%)
Processed   160000/  249375 entries, 64.16% (elapsed time    26.1s, curr speed    8.255 kHz, avg speed    6.129 kHz), accepted      249/  160001 events ( 0.16%)
Processed   170000/  249375 entries, 68.17% (elapsed time    27.3s, curr speed    8.704 kHz, avg speed    6.238 kHz), accepted      263/  170001 events ( 0.15%)
Processed   180000/  249375 entries, 72.18% (elapsed time    28.5s, curr speed    7.766 kHz, avg speed    6.307 kHz), accepted      275/  180001 events ( 0.15%)
Processed   190000/  249375 entries, 76.19% (elapsed time    29.9s, curr speed    7.292 kHz, avg speed    6.352 kHz), accepted      292/  190001 events ( 0.15%)
Processed   200000/  249375 entries, 80.20% (elapsed time    31.3s, curr speed    7.395 kHz, avg speed    6.397 kHz), accepted      311/  200001 events ( 0.16%)
Processed   210000/  249375 entries, 84.21% (elapsed time    32.6s, curr speed    7.592 kHz, avg speed    6.445 kHz), accepted      321/  210001 events ( 0.15%)
Processed   220000/  249375 entries, 88.22% (elapsed time    33.9s, curr speed    7.722 kHz, avg speed    6.494 kHz), accepted      330/  220001 events ( 0.15%)
Processed   230000/  249375 entries, 92.23% (elapsed time    35.2s, curr speed    7.790 kHz, avg speed    6.541 kHz), accepted      344/  230001 events ( 0.15%)
Processed   240000/  249375 entries, 96.24% (elapsed time    36.4s, curr speed    7.921 kHz, avg speed    6.589 kHz), accepted      361/  240001 events ( 0.15%)
Processed 249375 preselected entries from /eos/cms/store/group/phys_tau/TauFW/nano/UL2017/WJetsToLNu_TuneCP5_13TeV-madgraphMLM-pythia8/RunIISummer19UL17NanoAODv2-106X_mc2017_realistic_v8-v1/NANOAODSIM/DB6760D7-BB5D-424F-A30A-7245BC85EB41_skimjec_0.root (249375 entries). Finally selected 369 entries
Total time 199.3 sec. to process 1246581 events. Rate = 6255.8 Hz.
>>> cwd          = /pool/condor/dir_17471
>>> ls           = ['x509_voms', '.job.ad', 'lvigilan.cc', '_condor_stdout', 'var', '.machine.ad', 'pico_etau_EES0p99_57.root', 'condor_exec.exe', 'tmp', '.chirp.config']
>>> getstorage('/eos/home-l/lvigilan/output_ETauFR_UL17_RUN1/UL2017/etau/WJetsToLNu'), <EOS("/eos/home-l/lvigilan/output_ETauFR_UL17_RUN1/UL2017/etau/WJetsToLNu") at 0x2ad46fc61990>
>>> Executing: 'cp ./pico_etau_EES0p99_57.root /eos/home-l/lvigilan/output_ETauFR_UL17_RUN1/UL2017/etau/WJetsToLNu'
>>> Removing './pico_etau_EES0p99_57.root'...
>>> picojob.py done after 236.1 seconds

Job complete at Mon Jun  7 23:06:45 CEST 2021
Took 4 minutes 0 seconds040 (2367875.057.000) 06/07 23:06:45 Finished transferring output files
...
005 (2367875.057.000) 06/07 23:06:45 Job terminated.
	(1) Normal termination (return value 0)
		Usr 0 00:02:25, Sys 0 00:00:06  -  Run Remote Usage
		Usr 0 00:00:00, Sys 0 00:00:00  -  Run Local Usage
		Usr 0 00:02:25, Sys 0 00:00:06  -  Total Remote Usage
		Usr 0 00:00:00, Sys 0 00:00:00  -  Total Local Usage
	36979  -  Run Bytes Sent By Job
	9898  -  Run Bytes Received By Job
	36979  -  Total Bytes Sent By Job
	9898  -  Total Bytes Received By Job
	Partitionable Resources :    Usage  Request Allocated 
	   Cpus                 :                 1         1 
	   Disk (KB)            :       98        1    250537 
	   Memory (MB)          :        9     2000      2000 

	Job terminated of its own accord at 2021-06-07T21:06:45Z.
...
