Could not find platform independent libraries <prefix>
Could not find platform dependent libraries <exec_prefix>
Consider setting $PYTHONHOME to <prefix>[:<exec_prefix>]
ImportError: No module named site
Job start at Tue Jun  8 10:13:44 CEST 2021
Running job on machine Linux b7s13n2578.cern.ch 3.10.0-1160.6.1.el7.x86_64 #1 SMP Tue Nov 17 13:59:11 UTC 2020 x86_64 x86_64 x86_64 GNU/Linux, host b7s13n2578.cern.ch
============================================================
$PWD=/pool/condor/dir_24065
$JOBID=2368942
$TASKID=85
$HOSTNAME=b7s13n2578.cern.ch
$TASKCMD=/afs/cern.ch/work/l/lvigilan/TauWork/CMSSW_10_6_17_patch1/src/TauFW/PicoProducer/python/processors/picojob.py -y UL2017 -d 'mc' -c etau -M ETauFakeRate.ModuleETau --copydir /eos/home-l/lvigilan/output_ETauFR_UL17_RUN1/UL2017/etau/WJetsToLNu -t _etau_EES1p01_85 --opt 'ees=1.01' 'useT1=True' -i /eos/cms/store/group/phys_tau/TauFW/nano/UL2017/WJetsToLNu_TuneCP5_13TeV-madgraphMLM-pythia8/RunIISummer20UL17NanoAODv2-106X_mc2017_realistic_v8-v1/NANOAODSIM/1ABBB0DB-B251-804E-8C9C-8625BB1A3D68_skimjec_8.root /eos/cms/store/group/phys_tau/TauFW/nano/UL2017/WJetsToLNu_TuneCP5_13TeV-madgraphMLM-pythia8/RunIISummer20UL17NanoAODv2-106X_mc2017_realistic_v8-v1/NANOAODSIM/1ABBB0DB-B251-804E-8C9C-8625BB1A3D68_skimjec_9.root /eos/cms/store/group/phys_tau/TauFW/nano/UL2017/WJetsToLNu_TuneCP5_13TeV-madgraphMLM-pythia8/RunIISummer20UL17NanoAODv2-106X_mc2017_realistic_v8-v1/NANOAODSIM/2FD91642-68A1-A74D-B5BB-7054B906B7E2_skimjec_0.root /eos/cms/store/group/phys_tau/TauFW/nano/UL2017/WJetsToLNu_TuneCP5_13TeV-madgraphMLM-pythia8/RunIISummer20UL17NanoAODv2-106X_mc2017_realistic_v8-v1/NANOAODSIM/2FD91642-68A1-A74D-B5BB-7054B906B7E2_skimjec_1.root /eos/cms/store/group/phys_tau/TauFW/nano/UL2017/WJetsToLNu_TuneCP5_13TeV-madgraphMLM-pythia8/RunIISummer20UL17NanoAODv2-106X_mc2017_realistic_v8-v1/NANOAODSIM/2FD91642-68A1-A74D-B5BB-7054B906B7E2_skimjec_2.root
$WORKDIR=/pool/condor/dir_24065
>>> cd /afs/cern.ch/work/l/lvigilan/TauWork/CMSSW_10_6_17_patch1/src
>>> eval `scramv1 runtime -sh`
>>> cd /pool/condor/dir_24065
$PWD=/pool/condor/dir_24065
>>> /afs/cern.ch/work/l/lvigilan/TauWork/CMSSW_10_6_17_patch1/src/TauFW/PicoProducer/python/processors/picojob.py -y UL2017 -d 'mc' -c etau -M ETauFakeRate.ModuleETau --copydir /eos/home-l/lvigilan/output_ETauFR_UL17_RUN1/UL2017/etau/WJetsToLNu -t _etau_EES1p01_85 --opt 'ees=1.01' 'useT1=True' -i /eos/cms/store/group/phys_tau/TauFW/nano/UL2017/WJetsToLNu_TuneCP5_13TeV-madgraphMLM-pythia8/RunIISummer20UL17NanoAODv2-106X_mc2017_realistic_v8-v1/NANOAODSIM/1ABBB0DB-B251-804E-8C9C-8625BB1A3D68_skimjec_8.root /eos/cms/store/group/phys_tau/TauFW/nano/UL2017/WJetsToLNu_TuneCP5_13TeV-madgraphMLM-pythia8/RunIISummer20UL17NanoAODv2-106X_mc2017_realistic_v8-v1/NANOAODSIM/1ABBB0DB-B251-804E-8C9C-8625BB1A3D68_skimjec_9.root /eos/cms/store/group/phys_tau/TauFW/nano/UL2017/WJetsToLNu_TuneCP5_13TeV-madgraphMLM-pythia8/RunIISummer20UL17NanoAODv2-106X_mc2017_realistic_v8-v1/NANOAODSIM/2FD91642-68A1-A74D-B5BB-7054B906B7E2_skimjec_0.root /eos/cms/store/group/phys_tau/TauFW/nano/UL2017/WJetsToLNu_TuneCP5_13TeV-madgraphMLM-pythia8/RunIISummer20UL17NanoAODv2-106X_mc2017_realistic_v8-v1/NANOAODSIM/2FD91642-68A1-A74D-B5BB-7054B906B7E2_skimjec_1.root /eos/cms/store/group/phys_tau/TauFW/nano/UL2017/WJetsToLNu_TuneCP5_13TeV-madgraphMLM-pythia8/RunIISummer20UL17NanoAODv2-106X_mc2017_realistic_v8-v1/NANOAODSIM/2FD91642-68A1-A74D-B5BB-7054B906B7E2_skimjec_2.root
Error in <TGClient::TGClient>: can't open display "localhost:21.0", switching to batch mode...
 In case you run from a remote ssh session, reconnect with ssh -Y
--------------------------------------------------------------------------------
>>> era          = 'UL2017'
>>> year         = 2017
>>> channel      = 'etau'
>>> modname      = 'ETauFakeRate.ModuleETau'
>>> dtype        = 'mc'
>>> kwargs       = {'dtype': 'mc', 'ees': 1.01, 'useT1': True, 'verb': 0, 'era': 'UL2017', 'year': 2017}
>>> firstevt     = 0
>>> maxevts      = None
>>> outdir       = '.'
>>> copydir      = '/eos/home-l/lvigilan/output_ETauFR_UL17_RUN1/UL2017/etau/WJetsToLNu'
>>> infiles      = ['/eos/cms/store/group/phys_tau/TauFW/nano/UL2017/WJetsToLNu_TuneCP5_13TeV-madgraphMLM-pythia8/RunIISummer20UL17NanoAODv2-106X_mc2017_realistic_v8-v1/NANOAODSIM/1ABBB0DB-B251-804E-8C9C-8625BB1A3D68_skimjec_8.root', '/eos/cms/store/group/phys_tau/TauFW/nano/UL2017/WJetsToLNu_TuneCP5_13TeV-madgraphMLM-pythia8/RunIISummer20UL17NanoAODv2-106X_mc2017_realistic_v8-v1/NANOAODSIM/1ABBB0DB-B251-804E-8C9C-8625BB1A3D68_skimjec_9.root', '/eos/cms/store/group/phys_tau/TauFW/nano/UL2017/WJetsToLNu_TuneCP5_13TeV-madgraphMLM-pythia8/RunIISummer20UL17NanoAODv2-106X_mc2017_realistic_v8-v1/NANOAODSIM/2FD91642-68A1-A74D-B5BB-7054B906B7E2_skimjec_0.root', '/eos/cms/store/group/phys_tau/TauFW/nano/UL2017/WJetsToLNu_TuneCP5_13TeV-madgraphMLM-pythia8/RunIISummer20UL17NanoAODv2-106X_mc2017_realistic_v8-v1/NANOAODSIM/2FD91642-68A1-A74D-B5BB-7054B906B7E2_skimjec_1.root', '/eos/cms/store/group/phys_tau/TauFW/nano/UL2017/WJetsToLNu_TuneCP5_13TeV-madgraphMLM-pythia8/RunIISummer20UL17NanoAODv2-106X_mc2017_realistic_v8-v1/NANOAODSIM/2FD91642-68A1-A74D-B5BB-7054B906B7E2_skimjec_2.root']
>>> outfname     = './pico_etau_EES1p01_85.root'
>>> branchsel    = '/afs/cern.ch/work/l/lvigilan/TauWork/CMSSW_10_6_17_patch1/python/TauFW/PicoProducer/processors/keep_and_drop_skim.txt'
>>> json         = None
>>> prefetch     = False
>>> cwd          = /pool/condor/dir_24065
--------------------------------------------------------------------------------

   ################
   #  ModuleETau  #
   ################

Loading PileupWeightTool for '/afs/cern.ch/work/l/lvigilan/TauWork/CMSSW_10_6_17_patch1/src/TauFW/PicoProducer/data/pileup/Data_PileUp_UL2017_69p2.root' and '/afs/cern.ch/work/l/lvigilan/TauWork/CMSSW_10_6_17_patch1/src/TauFW/PicoProducer/data/pileup/MC_PileUp_UL2017_Summer19.root'
Loading BTagWeightTool for DeepCSV (medium WP)...
>>> BTagTool: [1m[33mWarning! [0m[33mHistogram 'etau/eff_DeepCSV_udsg_medium' does not exist in /afs/cern.ch/work/l/lvigilan/TauWork/CMSSW_10_6_17_patch1/src/TauFW/PicoProducer/data/btag/DeepCSV_2017_12Apr2017_eff.root! Reverting to default efficiency histogram...[0m
>>> BTagTool: [1m[33mWarning! [0m[33mHistogram 'etau/eff_DeepCSV_c_medium' does not exist in /afs/cern.ch/work/l/lvigilan/TauWork/CMSSW_10_6_17_patch1/src/TauFW/PicoProducer/data/btag/DeepCSV_2017_12Apr2017_eff.root! Reverting to default efficiency histogram...[0m
>>> BTagTool: [1m[33mWarning! [0m[33mHistogram 'etau/eff_DeepCSV_b_medium' does not exist in /afs/cern.ch/work/l/lvigilan/TauWork/CMSSW_10_6_17_patch1/src/TauFW/PicoProducer/data/btag/DeepCSV_2017_12Apr2017_eff.root! Reverting to default efficiency histogram...[0m
>>> BTagTool: [1m[33mWarning! [0m[33mMade use of default efficiency histograms! The b tag weights from this module should be regarded as placeholders only,
and should NOT be used for analyses. B (mis)tag efficiencies in MC are analysis dependent. Please create your own
efficiency histogram with data/btag/getBTagEfficiencies.py after running all MC samples with BTagWeightTool.[0m
Loading TreeProducerETau for './pico_etau_EES1p01_85.root'
--------------------------------------------------------------------------------
>>> filename     = './pico_etau_EES1p01_85.root'
>>> year         = 2017
>>> dtype        = 'mc'
>>> channel      = 'etau'
>>> ismc         = True
>>> isdata       = False
>>> isembed      = False
>>> tes          = 1.0
>>> tessys       = None
>>> fes          = None
>>> ltf          = None
>>> jtf          = 1.0
>>> dotoppt      = False
>>> dozpt        = False
>>> dojec        = True
>>> dojecsys     = True
>>> dotight      = False
>>> useT1        = True
>>> jetCutPt     = 30
>>> bjetCutEta   = 2.7
>>> tauwp        = 0
>>> eleCutPt     = 36
>>> eleCutEta    = 2.1
>>> tauCutPt     = 20
>>> tauCutEta    = 2.3
>>> ZpeekReso    = 0.1
Pre-select 225847 entries out of 225847 (100.00%)
Processed    10000/  225847 entries,  4.43% (elapsed time     3.9s, curr speed    2.577 kHz, avg speed    2.577 kHz), accepted       10/   10001 events ( 0.10%)
Processed    20000/  225847 entries,  8.86% (elapsed time     6.0s, curr speed    4.737 kHz, avg speed    3.338 kHz), accepted       25/   20001 events ( 0.12%)
Processed    30000/  225847 entries, 13.28% (elapsed time     7.1s, curr speed    9.283 kHz, avg speed    4.244 kHz), accepted       39/   30001 events ( 0.13%)
Processed    40000/  225847 entries, 17.71% (elapsed time     8.0s, curr speed   10.578 kHz, avg speed    4.991 kHz), accepted       58/   40001 events ( 0.14%)
Processed    50000/  225847 entries, 22.14% (elapsed time     9.2s, curr speed    8.203 kHz, avg speed    5.416 kHz), accepted       74/   50001 events ( 0.15%)
Processed    60000/  225847 entries, 26.57% (elapsed time    10.6s, curr speed    7.263 kHz, avg speed    5.655 kHz), accepted       91/   60001 events ( 0.15%)
Processed    70000/  225847 entries, 30.99% (elapsed time    11.7s, curr speed    9.093 kHz, avg speed    5.978 kHz), accepted       99/   70001 events ( 0.14%)
Processed    80000/  225847 entries, 35.42% (elapsed time    13.0s, curr speed    7.837 kHz, avg speed    6.161 kHz), accepted      113/   80001 events ( 0.14%)
Processed    90000/  225847 entries, 39.85% (elapsed time    14.1s, curr speed    9.303 kHz, avg speed    6.401 kHz), accepted      123/   90001 events ( 0.14%)
Processed   100000/  225847 entries, 44.28% (elapsed time    15.2s, curr speed    8.822 kHz, avg speed    6.582 kHz), accepted      131/  100001 events ( 0.13%)
Processed   110000/  225847 entries, 48.71% (elapsed time    16.3s, curr speed    9.209 kHz, avg speed    6.757 kHz), accepted      152/  110001 events ( 0.14%)
Processed   120000/  225847 entries, 53.13% (elapsed time    18.0s, curr speed    5.730 kHz, avg speed    6.657 kHz), accepted      166/  120001 events ( 0.14%)
Processed   130000/  225847 entries, 57.56% (elapsed time    19.2s, curr speed    8.526 kHz, avg speed    6.772 kHz), accepted      181/  130001 events ( 0.14%)
Processed   140000/  225847 entries, 61.99% (elapsed time    20.8s, curr speed    6.198 kHz, avg speed    6.727 kHz), accepted      191/  140001 events ( 0.14%)
Processed   150000/  225847 entries, 66.42% (elapsed time    21.9s, curr speed    8.940 kHz, avg speed    6.840 kHz), accepted      207/  150001 events ( 0.14%)
Processed   160000/  225847 entries, 70.84% (elapsed time    23.0s, curr speed    9.758 kHz, avg speed    6.970 kHz), accepted      220/  160001 events ( 0.14%)
Processed   170000/  225847 entries, 75.27% (elapsed time    24.2s, curr speed    8.107 kHz, avg speed    7.028 kHz), accepted      232/  170001 events ( 0.14%)
Processed   180000/  225847 entries, 79.70% (elapsed time    25.5s, curr speed    7.825 kHz, avg speed    7.068 kHz), accepted      247/  180001 events ( 0.14%)
Processed   190000/  225847 entries, 84.13% (elapsed time    26.7s, curr speed    7.825 kHz, avg speed    7.104 kHz), accepted      261/  190001 events ( 0.14%)
Processed   200000/  225847 entries, 88.56% (elapsed time    27.8s, curr speed    9.770 kHz, avg speed    7.203 kHz), accepted      271/  200001 events ( 0.14%)
Processed   210000/  225847 entries, 92.98% (elapsed time    28.6s, curr speed   11.372 kHz, avg speed    7.331 kHz), accepted      284/  210001 events ( 0.14%)
Processed   220000/  225847 entries, 97.41% (elapsed time    30.0s, curr speed    7.518 kHz, avg speed    7.339 kHz), accepted      298/  220001 events ( 0.14%)
Processed 225847 preselected entries from /eos/cms/store/group/phys_tau/TauFW/nano/UL2017/WJetsToLNu_TuneCP5_13TeV-madgraphMLM-pythia8/RunIISummer20UL17NanoAODv2-106X_mc2017_realistic_v8-v1/NANOAODSIM/1ABBB0DB-B251-804E-8C9C-8625BB1A3D68_skimjec_8.root (225847 entries). Finally selected 306 entries
Pre-select 225842 entries out of 225842 (100.00%)
Processed    10000/  225842 entries,  4.43% (elapsed time     9.9s, curr speed    1.015 kHz, avg speed    1.015 kHz), accepted       20/   10001 events ( 0.20%)
Processed    20000/  225842 entries,  8.86% (elapsed time    12.1s, curr speed    4.459 kHz, avg speed    1.654 kHz), accepted       36/   20001 events ( 0.18%)
Processed    30000/  225842 entries, 13.28% (elapsed time    13.2s, curr speed    8.811 kHz, avg speed    2.268 kHz), accepted       56/   30001 events ( 0.19%)
Processed    40000/  225842 entries, 17.71% (elapsed time    14.4s, curr speed    8.854 kHz, avg speed    2.786 kHz), accepted       74/   40001 events ( 0.18%)
Processed    50000/  225842 entries, 22.14% (elapsed time    15.5s, curr speed    8.706 kHz, avg speed    3.224 kHz), accepted       85/   50001 events ( 0.17%)
Processed    60000/  225842 entries, 26.57% (elapsed time    16.7s, curr speed    8.056 kHz, avg speed    3.582 kHz), accepted      107/   60001 events ( 0.18%)
Processed    70000/  225842 entries, 31.00% (elapsed time    17.8s, curr speed    9.832 kHz, avg speed    3.940 kHz), accepted      123/   70001 events ( 0.18%)
Processed    80000/  225842 entries, 35.42% (elapsed time    19.0s, curr speed    8.422 kHz, avg speed    4.221 kHz), accepted      140/   80001 events ( 0.17%)
Processed    90000/  225842 entries, 39.85% (elapsed time    19.9s, curr speed   10.379 kHz, avg speed    4.519 kHz), accepted      149/   90001 events ( 0.17%)
Processed   100000/  225842 entries, 44.28% (elapsed time    21.0s, curr speed    8.939 kHz, avg speed    4.754 kHz), accepted      161/  100001 events ( 0.16%)
Processed   110000/  225842 entries, 48.71% (elapsed time    22.1s, curr speed    9.276 kHz, avg speed    4.974 kHz), accepted      178/  110001 events ( 0.16%)
Processed   120000/  225842 entries, 53.13% (elapsed time    23.6s, curr speed    6.752 kHz, avg speed    5.086 kHz), accepted      194/  120001 events ( 0.16%)
Processed   130000/  225842 entries, 57.56% (elapsed time    25.0s, curr speed    7.058 kHz, avg speed    5.197 kHz), accepted      204/  130001 events ( 0.16%)
Processed   140000/  225842 entries, 61.99% (elapsed time    26.8s, curr speed    5.582 kHz, avg speed    5.223 kHz), accepted      222/  140001 events ( 0.16%)
Processed   150000/  225842 entries, 66.42% (elapsed time    28.2s, curr speed    6.945 kHz, avg speed    5.311 kHz), accepted      231/  150001 events ( 0.15%)
Processed   160000/  225842 entries, 70.85% (elapsed time    29.8s, curr speed    6.574 kHz, avg speed    5.376 kHz), accepted      250/  160001 events ( 0.16%)
Processed   170000/  225842 entries, 75.27% (elapsed time    31.0s, curr speed    7.814 kHz, avg speed    5.476 kHz), accepted      269/  170001 events ( 0.16%)
Processed   180000/  225842 entries, 79.70% (elapsed time    32.3s, curr speed    7.752 kHz, avg speed    5.567 kHz), accepted      284/  180001 events ( 0.16%)
Processed   190000/  225842 entries, 84.13% (elapsed time    33.7s, curr speed    7.473 kHz, avg speed    5.643 kHz), accepted      289/  190001 events ( 0.15%)
Processed   200000/  225842 entries, 88.56% (elapsed time    35.0s, curr speed    7.616 kHz, avg speed    5.717 kHz), accepted      303/  200001 events ( 0.15%)
Processed   210000/  225842 entries, 92.99% (elapsed time    36.8s, curr speed    5.534 kHz, avg speed    5.708 kHz), accepted      322/  210001 events ( 0.15%)
Processed   220000/  225842 entries, 97.41% (elapsed time    38.4s, curr speed    6.120 kHz, avg speed    5.725 kHz), accepted      334/  220001 events ( 0.15%)
Processed 225842 preselected entries from /eos/cms/store/group/phys_tau/TauFW/nano/UL2017/WJetsToLNu_TuneCP5_13TeV-madgraphMLM-pythia8/RunIISummer20UL17NanoAODv2-106X_mc2017_realistic_v8-v1/NANOAODSIM/1ABBB0DB-B251-804E-8C9C-8625BB1A3D68_skimjec_9.root (225842 entries). Finally selected 337 entries
Pre-select 230217 entries out of 230217 (100.00%)
Processed    10000/  230217 entries,  4.34% (elapsed time     4.3s, curr speed    2.353 kHz, avg speed    2.353 kHz), accepted       13/   10001 events ( 0.13%)
Processed    20000/  230217 entries,  8.69% (elapsed time     8.5s, curr speed    2.336 kHz, avg speed    2.344 kHz), accepted       27/   20001 events ( 0.13%)
Processed    30000/  230217 entries, 13.03% (elapsed time     9.7s, curr speed    8.386 kHz, avg speed    3.085 kHz), accepted       39/   30001 events ( 0.13%)
Processed    40000/  230217 entries, 17.37% (elapsed time    11.1s, curr speed    7.478 kHz, avg speed    3.616 kHz), accepted       60/   40001 events ( 0.15%)
Processed    50000/  230217 entries, 21.72% (elapsed time    12.7s, curr speed    5.946 kHz, avg speed    3.924 kHz), accepted       81/   50001 events ( 0.16%)
Processed    60000/  230217 entries, 26.06% (elapsed time    14.0s, curr speed    7.906 kHz, avg speed    4.283 kHz), accepted       88/   60001 events ( 0.15%)
Processed    70000/  230217 entries, 30.41% (elapsed time    15.7s, curr speed    5.965 kHz, avg speed    4.463 kHz), accepted      106/   70001 events ( 0.15%)
Processed    80000/  230217 entries, 34.75% (elapsed time    16.9s, curr speed    8.442 kHz, avg speed    4.742 kHz), accepted      117/   80001 events ( 0.15%)
Processed    90000/  230217 entries, 39.09% (elapsed time    18.5s, curr speed    5.960 kHz, avg speed    4.852 kHz), accepted      129/   90001 events ( 0.14%)
Processed   100000/  230217 entries, 43.44% (elapsed time    20.1s, curr speed    6.274 kHz, avg speed    4.965 kHz), accepted      141/  100001 events ( 0.14%)
Processed   110000/  230217 entries, 47.78% (elapsed time    22.7s, curr speed    3.906 kHz, avg speed    4.846 kHz), accepted      157/  110001 events ( 0.14%)
Processed   120000/  230217 entries, 52.12% (elapsed time    24.0s, curr speed    7.742 kHz, avg speed    5.002 kHz), accepted      174/  120001 events ( 0.14%)
Processed   130000/  230217 entries, 56.47% (elapsed time    25.1s, curr speed    8.771 kHz, avg speed    5.173 kHz), accepted      184/  130001 events ( 0.14%)
Processed   140000/  230217 entries, 60.81% (elapsed time    26.3s, curr speed    8.684 kHz, avg speed    5.326 kHz), accepted      201/  140001 events ( 0.14%)
Processed   150000/  230217 entries, 65.16% (elapsed time    27.7s, curr speed    7.031 kHz, avg speed    5.414 kHz), accepted      215/  150001 events ( 0.14%)
Processed   160000/  230217 entries, 69.50% (elapsed time    29.1s, curr speed    7.082 kHz, avg speed    5.495 kHz), accepted      231/  160001 events ( 0.14%)
Processed   170000/  230217 entries, 73.84% (elapsed time    30.4s, curr speed    7.658 kHz, avg speed    5.588 kHz), accepted      243/  170001 events ( 0.14%)
Processed   180000/  230217 entries, 78.19% (elapsed time    31.6s, curr speed    8.268 kHz, avg speed    5.690 kHz), accepted      257/  180001 events ( 0.14%)
Processed   190000/  230217 entries, 82.53% (elapsed time    33.0s, curr speed    7.288 kHz, avg speed    5.757 kHz), accepted      267/  190001 events ( 0.14%)
Processed   200000/  230217 entries, 86.87% (elapsed time    34.4s, curr speed    7.290 kHz, avg speed    5.818 kHz), accepted      285/  200001 events ( 0.14%)
Processed   210000/  230217 entries, 91.22% (elapsed time    36.1s, curr speed    5.807 kHz, avg speed    5.817 kHz), accepted      303/  210001 events ( 0.14%)
Processed   220000/  230217 entries, 95.56% (elapsed time    37.4s, curr speed    7.524 kHz, avg speed    5.878 kHz), accepted      321/  220001 events ( 0.15%)
Processed   230000/  230217 entries, 99.91% (elapsed time    38.6s, curr speed    8.573 kHz, avg speed    5.959 kHz), accepted      343/  230001 events ( 0.15%)
Processed 230217 preselected entries from /eos/cms/store/group/phys_tau/TauFW/nano/UL2017/WJetsToLNu_TuneCP5_13TeV-madgraphMLM-pythia8/RunIISummer20UL17NanoAODv2-106X_mc2017_realistic_v8-v1/NANOAODSIM/2FD91642-68A1-A74D-B5BB-7054B906B7E2_skimjec_0.root (230217 entries). Finally selected 343 entries
Pre-select 230217 entries out of 230217 (100.00%)
Processed    10000/  230217 entries,  4.34% (elapsed time     3.9s, curr speed    2.562 kHz, avg speed    2.562 kHz), accepted       19/   10001 events ( 0.19%)
Processed    20000/  230217 entries,  8.69% (elapsed time     5.4s, curr speed    6.724 kHz, avg speed    3.711 kHz), accepted       32/   20001 events ( 0.16%)
Processed    30000/  230217 entries, 13.03% (elapsed time     6.3s, curr speed   10.418 kHz, avg speed    4.725 kHz), accepted       41/   30001 events ( 0.14%)
Processed    40000/  230217 entries, 17.37% (elapsed time     7.6s, curr speed    7.720 kHz, avg speed    5.232 kHz), accepted       62/   40001 events ( 0.15%)
Processed    50000/  230217 entries, 21.72% (elapsed time     8.9s, curr speed    8.246 kHz, avg speed    5.645 kHz), accepted       77/   50001 events ( 0.15%)
Processed    60000/  230217 entries, 26.06% (elapsed time    10.2s, curr speed    7.618 kHz, avg speed    5.899 kHz), accepted       96/   60001 events ( 0.16%)
Processed    70000/  230217 entries, 30.41% (elapsed time    11.8s, curr speed    6.161 kHz, avg speed    5.935 kHz), accepted      104/   70001 events ( 0.15%)
Processed    80000/  230217 entries, 34.75% (elapsed time    13.5s, curr speed    5.884 kHz, avg speed    5.929 kHz), accepted      114/   80001 events ( 0.14%)
Processed    90000/  230217 entries, 39.09% (elapsed time    14.9s, curr speed    7.351 kHz, avg speed    6.059 kHz), accepted      126/   90001 events ( 0.14%)
Processed   100000/  230217 entries, 43.44% (elapsed time    16.4s, curr speed    6.308 kHz, avg speed    6.083 kHz), accepted      139/  100001 events ( 0.14%)
Processed   110000/  230217 entries, 47.78% (elapsed time    17.9s, curr speed    6.998 kHz, avg speed    6.156 kHz), accepted      158/  110001 events ( 0.14%)
Processed   120000/  230217 entries, 52.12% (elapsed time    19.5s, curr speed    6.236 kHz, avg speed    6.163 kHz), accepted      170/  120001 events ( 0.14%)
Processed   130000/  230217 entries, 56.47% (elapsed time    21.3s, curr speed    5.447 kHz, avg speed    6.101 kHz), accepted      182/  130001 events ( 0.14%)
Processed   140000/  230217 entries, 60.81% (elapsed time    22.8s, curr speed    6.655 kHz, avg speed    6.138 kHz), accepted      192/  140001 events ( 0.14%)
Processed   150000/  230217 entries, 65.16% (elapsed time    24.3s, curr speed    6.711 kHz, avg speed    6.173 kHz), accepted      206/  150001 events ( 0.14%)
Processed   160000/  230217 entries, 69.50% (elapsed time    25.9s, curr speed    6.408 kHz, avg speed    6.187 kHz), accepted      221/  160001 events ( 0.14%)
Processed   170000/  230217 entries, 73.84% (elapsed time    27.3s, curr speed    7.061 kHz, avg speed    6.232 kHz), accepted      236/  170001 events ( 0.14%)
Processed   180000/  230217 entries, 78.19% (elapsed time    28.6s, curr speed    7.674 kHz, avg speed    6.298 kHz), accepted      253/  180001 events ( 0.14%)
Processed   190000/  230217 entries, 82.53% (elapsed time    30.0s, curr speed    7.117 kHz, avg speed    6.337 kHz), accepted      264/  190001 events ( 0.14%)
Processed   200000/  230217 entries, 86.87% (elapsed time    31.4s, curr speed    6.897 kHz, avg speed    6.362 kHz), accepted      279/  200001 events ( 0.14%)
Processed   210000/  230217 entries, 91.22% (elapsed time    33.4s, curr speed    5.206 kHz, avg speed    6.296 kHz), accepted      295/  210001 events ( 0.14%)
Processed   220000/  230217 entries, 95.56% (elapsed time    34.8s, curr speed    6.927 kHz, avg speed    6.322 kHz), accepted      307/  220001 events ( 0.14%)
Processed   230000/  230217 entries, 99.91% (elapsed time    36.4s, curr speed    6.389 kHz, avg speed    6.325 kHz), accepted      322/  230001 events ( 0.14%)
Processed 230217 preselected entries from /eos/cms/store/group/phys_tau/TauFW/nano/UL2017/WJetsToLNu_TuneCP5_13TeV-madgraphMLM-pythia8/RunIISummer20UL17NanoAODv2-106X_mc2017_realistic_v8-v1/NANOAODSIM/2FD91642-68A1-A74D-B5BB-7054B906B7E2_skimjec_1.root (230217 entries). Finally selected 322 entries
Pre-select 230217 entries out of 230217 (100.00%)
Processed    10000/  230217 entries,  4.34% (elapsed time     5.6s, curr speed    1.771 kHz, avg speed    1.771 kHz), accepted       14/   10001 events ( 0.14%)
Processed    20000/  230217 entries,  8.69% (elapsed time     7.3s, curr speed    6.036 kHz, avg speed    2.739 kHz), accepted       33/   20001 events ( 0.16%)
Processed    30000/  230217 entries, 13.03% (elapsed time     8.8s, curr speed    6.793 kHz, avg speed    3.419 kHz), accepted       51/   30001 events ( 0.17%)
Processed    40000/  230217 entries, 17.37% (elapsed time    10.1s, curr speed    7.275 kHz, avg speed    3.941 kHz), accepted       60/   40001 events ( 0.15%)
Processed    50000/  230217 entries, 21.72% (elapsed time    11.6s, curr speed    6.990 kHz, avg speed    4.318 kHz), accepted       77/   50001 events ( 0.15%)
Processed    60000/  230217 entries, 26.06% (elapsed time    13.3s, curr speed    5.677 kHz, avg speed    4.497 kHz), accepted       90/   60001 events ( 0.15%)
Processed    70000/  230217 entries, 30.41% (elapsed time    15.2s, curr speed    5.469 kHz, avg speed    4.614 kHz), accepted       99/   70001 events ( 0.14%)
Processed    80000/  230217 entries, 34.75% (elapsed time    17.1s, curr speed    5.278 kHz, avg speed    4.688 kHz), accepted      111/   80001 events ( 0.14%)
Processed    90000/  230217 entries, 39.09% (elapsed time    19.0s, curr speed    5.088 kHz, avg speed    4.730 kHz), accepted      125/   90001 events ( 0.14%)
Processed   100000/  230217 entries, 43.44% (elapsed time    20.2s, curr speed    8.417 kHz, avg speed    4.946 kHz), accepted      138/  100001 events ( 0.14%)
Processed   110000/  230217 entries, 47.78% (elapsed time    21.9s, curr speed    6.011 kHz, avg speed    5.027 kHz), accepted      150/  110001 events ( 0.14%)
Processed   120000/  230217 entries, 52.12% (elapsed time    23.4s, curr speed    6.545 kHz, avg speed    5.126 kHz), accepted      156/  120001 events ( 0.13%)
Processed   130000/  230217 entries, 56.47% (elapsed time    24.8s, curr speed    7.335 kHz, avg speed    5.248 kHz), accepted      167/  130001 events ( 0.13%)
Processed   140000/  230217 entries, 60.81% (elapsed time    26.0s, curr speed    7.874 kHz, avg speed    5.376 kHz), accepted      174/  140001 events ( 0.12%)
Processed   150000/  230217 entries, 65.16% (elapsed time    27.7s, curr speed    5.905 kHz, avg speed    5.408 kHz), accepted      184/  150001 events ( 0.12%)
Processed   160000/  230217 entries, 69.50% (elapsed time    29.6s, curr speed    5.467 kHz, avg speed    5.412 kHz), accepted      195/  160001 events ( 0.12%)
Processed   170000/  230217 entries, 73.84% (elapsed time    31.5s, curr speed    5.216 kHz, avg speed    5.400 kHz), accepted      206/  170001 events ( 0.12%)
Processed   180000/  230217 entries, 78.19% (elapsed time    32.8s, curr speed    7.321 kHz, avg speed    5.480 kHz), accepted      216/  180001 events ( 0.12%)
Processed   190000/  230217 entries, 82.53% (elapsed time    34.1s, curr speed    7.832 kHz, avg speed    5.568 kHz), accepted      228/  190001 events ( 0.12%)
Processed   200000/  230217 entries, 86.87% (elapsed time    35.4s, curr speed    7.652 kHz, avg speed    5.645 kHz), accepted      243/  200001 events ( 0.12%)
Processed   210000/  230217 entries, 91.22% (elapsed time    37.0s, curr speed    6.269 kHz, avg speed    5.672 kHz), accepted      263/  210001 events ( 0.13%)
Processed   220000/  230217 entries, 95.56% (elapsed time    38.5s, curr speed    6.729 kHz, avg speed    5.712 kHz), accepted      275/  220001 events ( 0.12%)
Processed   230000/  230217 entries, 99.91% (elapsed time    39.6s, curr speed    8.983 kHz, avg speed    5.804 kHz), accepted      292/  230001 events ( 0.13%)
Processed 230217 preselected entries from /eos/cms/store/group/phys_tau/TauFW/nano/UL2017/WJetsToLNu_TuneCP5_13TeV-madgraphMLM-pythia8/RunIISummer20UL17NanoAODv2-106X_mc2017_realistic_v8-v1/NANOAODSIM/2FD91642-68A1-A74D-B5BB-7054B906B7E2_skimjec_2.root (230217 entries). Finally selected 292 entries
Total time 186.5 sec. to process 1142340 events. Rate = 6126.5 Hz.
>>> cwd          = /pool/condor/dir_24065
>>> ls           = ['var', 'condor_exec.exe', '.chirp.config', 'pico_etau_EES1p01_85.root', '.update.ad', 'x509_voms', 'tmp', '.job.ad', '.machine.ad', 'lvigilan.cc', '_condor_stdout']
>>> getstorage('/eos/home-l/lvigilan/output_ETauFR_UL17_RUN1/UL2017/etau/WJetsToLNu'), <EOS("/eos/home-l/lvigilan/output_ETauFR_UL17_RUN1/UL2017/etau/WJetsToLNu") at 0x2b481c00da10>
>>> Executing: 'cp ./pico_etau_EES1p01_85.root /eos/home-l/lvigilan/output_ETauFR_UL17_RUN1/UL2017/etau/WJetsToLNu'
>>> Removing './pico_etau_EES1p01_85.root'...
>>> picojob.py done after 208.8 seconds

Job complete at Tue Jun  8 10:17:14 CEST 2021
Took 3 minutes 30 seconds040 (2368942.085.000) 06/08 10:17:14 Finished transferring output files
...
005 (2368942.085.000) 06/08 10:17:15 Job terminated.
	(1) Normal termination (return value 0)
		Usr 0 00:02:04, Sys 0 00:00:06  -  Run Remote Usage
		Usr 0 00:00:00, Sys 0 00:00:00  -  Run Local Usage
		Usr 0 00:02:04, Sys 0 00:00:06  -  Total Remote Usage
		Usr 0 00:00:00, Sys 0 00:00:00  -  Total Local Usage
	35867  -  Run Bytes Sent By Job
	9926  -  Run Bytes Received By Job
	35867  -  Total Bytes Sent By Job
	9926  -  Total Bytes Received By Job
	Partitionable Resources :    Usage  Request Allocated 
	   Cpus                 :     0.55        1         1 
	   Disk (KB)            :   104           1    278646 
	   Memory (MB)          :   158        2000      2000 

	Job terminated of its own accord at 2021-06-08T08:17:14Z.
...
