Could not find platform independent libraries <prefix>
Could not find platform dependent libraries <exec_prefix>
Consider setting $PYTHONHOME to <prefix>[:<exec_prefix>]
ImportError: No module named site
Job start at Mon Jun  7 23:02:45 CEST 2021
Running job on machine Linux b7s12n3320.cern.ch 3.10.0-1160.21.1.el7.x86_64 #1 SMP Tue Mar 16 18:28:22 UTC 2021 x86_64 x86_64 x86_64 GNU/Linux, host b7s12n3320.cern.ch
============================================================
$PWD=/pool/condor/dir_20460
$JOBID=2367875
$TASKID=49
$HOSTNAME=b7s12n3320.cern.ch
$TASKCMD=/afs/cern.ch/work/l/lvigilan/TauWork/CMSSW_10_6_17_patch1/src/TauFW/PicoProducer/python/processors/picojob.py -y UL2017 -d 'mc' -c etau -M ETauFakeRate.ModuleETau --copydir /eos/home-l/lvigilan/output_ETauFR_UL17_RUN1/UL2017/etau/WJetsToLNu -t _etau_EES0p99_49 --opt 'ees=0.99' 'useT1=True' -i /eos/cms/store/group/phys_tau/TauFW/nano/UL2017/WJetsToLNu_TuneCP5_13TeV-madgraphMLM-pythia8/RunIISummer19UL17NanoAODv2-106X_mc2017_realistic_v8-v1/NANOAODSIM/ADEFE40E-56B3-B040-A042-F37E585B3882_skimjec_1.root /eos/cms/store/group/phys_tau/TauFW/nano/UL2017/WJetsToLNu_TuneCP5_13TeV-madgraphMLM-pythia8/RunIISummer19UL17NanoAODv2-106X_mc2017_realistic_v8-v1/NANOAODSIM/ADEFE40E-56B3-B040-A042-F37E585B3882_skimjec_2.root /eos/cms/store/group/phys_tau/TauFW/nano/UL2017/WJetsToLNu_TuneCP5_13TeV-madgraphMLM-pythia8/RunIISummer19UL17NanoAODv2-106X_mc2017_realistic_v8-v1/NANOAODSIM/ADEFE40E-56B3-B040-A042-F37E585B3882_skimjec_3.root /eos/cms/store/group/phys_tau/TauFW/nano/UL2017/WJetsToLNu_TuneCP5_13TeV-madgraphMLM-pythia8/RunIISummer19UL17NanoAODv2-106X_mc2017_realistic_v8-v1/NANOAODSIM/ADEFE40E-56B3-B040-A042-F37E585B3882_skimjec_4.root /eos/cms/store/group/phys_tau/TauFW/nano/UL2017/WJetsToLNu_TuneCP5_13TeV-madgraphMLM-pythia8/RunIISummer19UL17NanoAODv2-106X_mc2017_realistic_v8-v1/NANOAODSIM/ADEFE40E-56B3-B040-A042-F37E585B3882_skimjec_5.root
$WORKDIR=/pool/condor/dir_20460
>>> cd /afs/cern.ch/work/l/lvigilan/TauWork/CMSSW_10_6_17_patch1/src
>>> eval `scramv1 runtime -sh`
>>> cd /pool/condor/dir_20460
$PWD=/pool/condor/dir_20460
>>> /afs/cern.ch/work/l/lvigilan/TauWork/CMSSW_10_6_17_patch1/src/TauFW/PicoProducer/python/processors/picojob.py -y UL2017 -d 'mc' -c etau -M ETauFakeRate.ModuleETau --copydir /eos/home-l/lvigilan/output_ETauFR_UL17_RUN1/UL2017/etau/WJetsToLNu -t _etau_EES0p99_49 --opt 'ees=0.99' 'useT1=True' -i /eos/cms/store/group/phys_tau/TauFW/nano/UL2017/WJetsToLNu_TuneCP5_13TeV-madgraphMLM-pythia8/RunIISummer19UL17NanoAODv2-106X_mc2017_realistic_v8-v1/NANOAODSIM/ADEFE40E-56B3-B040-A042-F37E585B3882_skimjec_1.root /eos/cms/store/group/phys_tau/TauFW/nano/UL2017/WJetsToLNu_TuneCP5_13TeV-madgraphMLM-pythia8/RunIISummer19UL17NanoAODv2-106X_mc2017_realistic_v8-v1/NANOAODSIM/ADEFE40E-56B3-B040-A042-F37E585B3882_skimjec_2.root /eos/cms/store/group/phys_tau/TauFW/nano/UL2017/WJetsToLNu_TuneCP5_13TeV-madgraphMLM-pythia8/RunIISummer19UL17NanoAODv2-106X_mc2017_realistic_v8-v1/NANOAODSIM/ADEFE40E-56B3-B040-A042-F37E585B3882_skimjec_3.root /eos/cms/store/group/phys_tau/TauFW/nano/UL2017/WJetsToLNu_TuneCP5_13TeV-madgraphMLM-pythia8/RunIISummer19UL17NanoAODv2-106X_mc2017_realistic_v8-v1/NANOAODSIM/ADEFE40E-56B3-B040-A042-F37E585B3882_skimjec_4.root /eos/cms/store/group/phys_tau/TauFW/nano/UL2017/WJetsToLNu_TuneCP5_13TeV-madgraphMLM-pythia8/RunIISummer19UL17NanoAODv2-106X_mc2017_realistic_v8-v1/NANOAODSIM/ADEFE40E-56B3-B040-A042-F37E585B3882_skimjec_5.root
Error in <TGClient::TGClient>: can't open display "localhost:13.0", switching to batch mode...
 In case you run from a remote ssh session, reconnect with ssh -Y
--------------------------------------------------------------------------------
>>> era          = 'UL2017'
>>> year         = 2017
>>> channel      = 'etau'
>>> modname      = 'ETauFakeRate.ModuleETau'
>>> dtype        = 'mc'
>>> kwargs       = {'dtype': 'mc', 'ees': 0.99, 'useT1': True, 'verb': 0, 'era': 'UL2017', 'year': 2017}
>>> firstevt     = 0
>>> maxevts      = None
>>> outdir       = '.'
>>> copydir      = '/eos/home-l/lvigilan/output_ETauFR_UL17_RUN1/UL2017/etau/WJetsToLNu'
>>> infiles      = ['/eos/cms/store/group/phys_tau/TauFW/nano/UL2017/WJetsToLNu_TuneCP5_13TeV-madgraphMLM-pythia8/RunIISummer19UL17NanoAODv2-106X_mc2017_realistic_v8-v1/NANOAODSIM/ADEFE40E-56B3-B040-A042-F37E585B3882_skimjec_1.root', '/eos/cms/store/group/phys_tau/TauFW/nano/UL2017/WJetsToLNu_TuneCP5_13TeV-madgraphMLM-pythia8/RunIISummer19UL17NanoAODv2-106X_mc2017_realistic_v8-v1/NANOAODSIM/ADEFE40E-56B3-B040-A042-F37E585B3882_skimjec_2.root', '/eos/cms/store/group/phys_tau/TauFW/nano/UL2017/WJetsToLNu_TuneCP5_13TeV-madgraphMLM-pythia8/RunIISummer19UL17NanoAODv2-106X_mc2017_realistic_v8-v1/NANOAODSIM/ADEFE40E-56B3-B040-A042-F37E585B3882_skimjec_3.root', '/eos/cms/store/group/phys_tau/TauFW/nano/UL2017/WJetsToLNu_TuneCP5_13TeV-madgraphMLM-pythia8/RunIISummer19UL17NanoAODv2-106X_mc2017_realistic_v8-v1/NANOAODSIM/ADEFE40E-56B3-B040-A042-F37E585B3882_skimjec_4.root', '/eos/cms/store/group/phys_tau/TauFW/nano/UL2017/WJetsToLNu_TuneCP5_13TeV-madgraphMLM-pythia8/RunIISummer19UL17NanoAODv2-106X_mc2017_realistic_v8-v1/NANOAODSIM/ADEFE40E-56B3-B040-A042-F37E585B3882_skimjec_5.root']
>>> outfname     = './pico_etau_EES0p99_49.root'
>>> branchsel    = '/afs/cern.ch/work/l/lvigilan/TauWork/CMSSW_10_6_17_patch1/python/TauFW/PicoProducer/processors/keep_and_drop_skim.txt'
>>> json         = None
>>> prefetch     = False
>>> cwd          = /pool/condor/dir_20460
--------------------------------------------------------------------------------

   ################
   #  ModuleETau  #
   ################

Loading PileupWeightTool for '/afs/cern.ch/work/l/lvigilan/TauWork/CMSSW_10_6_17_patch1/src/TauFW/PicoProducer/data/pileup/Data_PileUp_UL2017_69p2.root' and '/afs/cern.ch/work/l/lvigilan/TauWork/CMSSW_10_6_17_patch1/src/TauFW/PicoProducer/data/pileup/MC_PileUp_UL2017_Summer19.root'
Loading BTagWeightTool for DeepCSV (medium WP)...
>>> BTagTool: [1m[33mWarning! [0m[33mHistogram 'etau/eff_DeepCSV_udsg_medium' does not exist in /afs/cern.ch/work/l/lvigilan/TauWork/CMSSW_10_6_17_patch1/src/TauFW/PicoProducer/data/btag/DeepCSV_2017_12Apr2017_eff.root! Reverting to default efficiency histogram...[0m
>>> BTagTool: [1m[33mWarning! [0m[33mHistogram 'etau/eff_DeepCSV_c_medium' does not exist in /afs/cern.ch/work/l/lvigilan/TauWork/CMSSW_10_6_17_patch1/src/TauFW/PicoProducer/data/btag/DeepCSV_2017_12Apr2017_eff.root! Reverting to default efficiency histogram...[0m
>>> BTagTool: [1m[33mWarning! [0m[33mHistogram 'etau/eff_DeepCSV_b_medium' does not exist in /afs/cern.ch/work/l/lvigilan/TauWork/CMSSW_10_6_17_patch1/src/TauFW/PicoProducer/data/btag/DeepCSV_2017_12Apr2017_eff.root! Reverting to default efficiency histogram...[0m
>>> BTagTool: [1m[33mWarning! [0m[33mMade use of default efficiency histograms! The b tag weights from this module should be regarded as placeholders only,
and should NOT be used for analyses. B (mis)tag efficiencies in MC are analysis dependent. Please create your own
efficiency histogram with data/btag/getBTagEfficiencies.py after running all MC samples with BTagWeightTool.[0m
Loading TreeProducerETau for './pico_etau_EES0p99_49.root'
--------------------------------------------------------------------------------
>>> filename     = './pico_etau_EES0p99_49.root'
>>> year         = 2017
>>> dtype        = 'mc'
>>> channel      = 'etau'
>>> ismc         = True
>>> isdata       = False
>>> isembed      = False
>>> tes          = 1.0
>>> tessys       = None
>>> fes          = None
>>> ltf          = None
>>> jtf          = 1.0
>>> dotoppt      = False
>>> dozpt        = False
>>> dojec        = True
>>> dojecsys     = True
>>> dotight      = False
>>> useT1        = True
>>> jetCutPt     = 30
>>> bjetCutEta   = 2.7
>>> tauwp        = 0
>>> eleCutPt     = 36
>>> eleCutEta    = 2.1
>>> tauCutPt     = 20
>>> tauCutEta    = 2.3
>>> ZpeekReso    = 0.1
Pre-select 249548 entries out of 249548 (100.00%)
Processed    10000/  249548 entries,  4.01% (elapsed time     3.6s, curr speed    2.780 kHz, avg speed    2.780 kHz), accepted       14/   10001 events ( 0.14%)
Processed    20000/  249548 entries,  8.01% (elapsed time     4.7s, curr speed    9.021 kHz, avg speed    4.250 kHz), accepted       34/   20001 events ( 0.17%)
Processed    30000/  249548 entries, 12.02% (elapsed time     5.5s, curr speed   12.156 kHz, avg speed    5.427 kHz), accepted       55/   30001 events ( 0.18%)
Processed    40000/  249548 entries, 16.03% (elapsed time     6.3s, curr speed   13.211 kHz, avg speed    6.364 kHz), accepted       69/   40001 events ( 0.17%)
Processed    50000/  249548 entries, 20.04% (elapsed time     7.0s, curr speed   13.109 kHz, avg speed    7.094 kHz), accepted       79/   50001 events ( 0.16%)
Processed    60000/  249548 entries, 24.04% (elapsed time     7.9s, curr speed   11.526 kHz, avg speed    7.580 kHz), accepted       96/   60001 events ( 0.16%)
Processed    70000/  249548 entries, 28.05% (elapsed time     8.6s, curr speed   14.681 kHz, avg speed    8.143 kHz), accepted      112/   70001 events ( 0.16%)
Processed    80000/  249548 entries, 32.06% (elapsed time    10.2s, curr speed    6.133 kHz, avg speed    7.822 kHz), accepted      121/   80001 events ( 0.15%)
Processed    90000/  249548 entries, 36.07% (elapsed time    11.6s, curr speed    7.484 kHz, avg speed    7.783 kHz), accepted      131/   90001 events ( 0.15%)
Processed   100000/  249548 entries, 40.07% (elapsed time    12.8s, curr speed    8.150 kHz, avg speed    7.818 kHz), accepted      147/  100001 events ( 0.15%)
Processed   110000/  249548 entries, 44.08% (elapsed time    13.7s, curr speed   11.172 kHz, avg speed    8.038 kHz), accepted      170/  110001 events ( 0.15%)
Processed   120000/  249548 entries, 48.09% (elapsed time    14.6s, curr speed   10.410 kHz, avg speed    8.193 kHz), accepted      181/  120001 events ( 0.15%)
Processed   130000/  249548 entries, 52.09% (elapsed time    15.4s, curr speed   13.018 kHz, avg speed    8.434 kHz), accepted      196/  130001 events ( 0.15%)
Processed   140000/  249548 entries, 56.10% (elapsed time    16.3s, curr speed   11.459 kHz, avg speed    8.596 kHz), accepted      212/  140001 events ( 0.15%)
Processed   150000/  249548 entries, 60.11% (elapsed time    17.2s, curr speed   10.673 kHz, avg speed    8.709 kHz), accepted      230/  150001 events ( 0.15%)
Processed   160000/  249548 entries, 64.12% (elapsed time    18.0s, curr speed   12.608 kHz, avg speed    8.880 kHz), accepted      245/  160001 events ( 0.15%)
Processed   170000/  249548 entries, 68.12% (elapsed time    18.9s, curr speed   11.492 kHz, avg speed    9.001 kHz), accepted      262/  170001 events ( 0.15%)
Processed   180000/  249548 entries, 72.13% (elapsed time    19.9s, curr speed    9.461 kHz, avg speed    9.025 kHz), accepted      274/  180001 events ( 0.15%)
Processed   190000/  249548 entries, 76.14% (elapsed time    21.3s, curr speed    7.197 kHz, avg speed    8.906 kHz), accepted      292/  190001 events ( 0.15%)
Processed   200000/  249548 entries, 80.14% (elapsed time    22.4s, curr speed    9.647 kHz, avg speed    8.940 kHz), accepted      302/  200001 events ( 0.15%)
Processed   210000/  249548 entries, 84.15% (elapsed time    23.2s, curr speed   11.496 kHz, avg speed    9.036 kHz), accepted      317/  210001 events ( 0.15%)
Processed   220000/  249548 entries, 88.16% (elapsed time    24.0s, curr speed   12.802 kHz, avg speed    9.158 kHz), accepted      336/  220001 events ( 0.15%)
Processed   230000/  249548 entries, 92.17% (elapsed time    24.9s, curr speed   12.041 kHz, avg speed    9.255 kHz), accepted      352/  230001 events ( 0.15%)
Processed   240000/  249548 entries, 96.17% (elapsed time    25.6s, curr speed   13.953 kHz, avg speed    9.387 kHz), accepted      361/  240001 events ( 0.15%)
Processed 249548 preselected entries from /eos/cms/store/group/phys_tau/TauFW/nano/UL2017/WJetsToLNu_TuneCP5_13TeV-madgraphMLM-pythia8/RunIISummer19UL17NanoAODv2-106X_mc2017_realistic_v8-v1/NANOAODSIM/ADEFE40E-56B3-B040-A042-F37E585B3882_skimjec_1.root (249548 entries). Finally selected 370 entries
Pre-select 249548 entries out of 249548 (100.00%)
Processed    10000/  249548 entries,  4.01% (elapsed time     3.3s, curr speed    3.061 kHz, avg speed    3.061 kHz), accepted       11/   10001 events ( 0.11%)
Processed    20000/  249548 entries,  8.01% (elapsed time     4.2s, curr speed   10.519 kHz, avg speed    4.742 kHz), accepted       26/   20001 events ( 0.13%)
Processed    30000/  249548 entries, 12.02% (elapsed time     5.1s, curr speed   11.869 kHz, avg speed    5.929 kHz), accepted       38/   30001 events ( 0.13%)
Processed    40000/  249548 entries, 16.03% (elapsed time     6.0s, curr speed   10.507 kHz, avg speed    6.654 kHz), accepted       47/   40001 events ( 0.12%)
Processed    50000/  249548 entries, 20.04% (elapsed time     6.8s, curr speed   12.833 kHz, avg speed    7.363 kHz), accepted       57/   50001 events ( 0.11%)
Processed    60000/  249548 entries, 24.04% (elapsed time     7.6s, curr speed   12.489 kHz, avg speed    7.903 kHz), accepted       65/   60001 events ( 0.11%)
Processed    70000/  249548 entries, 28.05% (elapsed time     8.4s, curr speed   12.995 kHz, avg speed    8.372 kHz), accepted       80/   70001 events ( 0.11%)
Processed    80000/  249548 entries, 32.06% (elapsed time     9.1s, curr speed   14.126 kHz, avg speed    8.821 kHz), accepted       98/   80001 events ( 0.12%)
Processed    90000/  249548 entries, 36.07% (elapsed time     9.9s, curr speed   12.229 kHz, avg speed    9.103 kHz), accepted      117/   90001 events ( 0.13%)
Processed   100000/  249548 entries, 40.07% (elapsed time    10.7s, curr speed   12.269 kHz, avg speed    9.344 kHz), accepted      130/  100001 events ( 0.13%)
Processed   110000/  249548 entries, 44.08% (elapsed time    11.5s, curr speed   13.096 kHz, avg speed    9.594 kHz), accepted      139/  110001 events ( 0.13%)
Processed   120000/  249548 entries, 48.09% (elapsed time    12.2s, curr speed   14.422 kHz, avg speed    9.869 kHz), accepted      150/  120001 events ( 0.12%)
Processed   130000/  249548 entries, 52.09% (elapsed time    13.0s, curr speed   11.430 kHz, avg speed    9.974 kHz), accepted      161/  130001 events ( 0.12%)
Processed   140000/  249548 entries, 56.10% (elapsed time    13.8s, curr speed   12.974 kHz, avg speed   10.142 kHz), accepted      176/  140001 events ( 0.13%)
Processed   150000/  249548 entries, 60.11% (elapsed time    14.7s, curr speed   11.827 kHz, avg speed   10.239 kHz), accepted      191/  150001 events ( 0.13%)
Processed   160000/  249548 entries, 64.12% (elapsed time    15.5s, curr speed   12.343 kHz, avg speed   10.349 kHz), accepted      207/  160001 events ( 0.13%)
Processed   170000/  249548 entries, 68.12% (elapsed time    16.3s, curr speed   12.353 kHz, avg speed   10.449 kHz), accepted      227/  170001 events ( 0.13%)
Processed   180000/  249548 entries, 72.13% (elapsed time    17.1s, curr speed   12.617 kHz, avg speed   10.550 kHz), accepted      246/  180001 events ( 0.14%)
Processed   190000/  249548 entries, 76.14% (elapsed time    17.9s, curr speed   12.678 kHz, avg speed   10.644 kHz), accepted      259/  190001 events ( 0.14%)
Processed   200000/  249548 entries, 80.14% (elapsed time    18.7s, curr speed   12.491 kHz, avg speed   10.723 kHz), accepted      271/  200001 events ( 0.14%)
Processed   210000/  249548 entries, 84.15% (elapsed time    19.5s, curr speed   12.162 kHz, avg speed   10.784 kHz), accepted      294/  210001 events ( 0.14%)
Processed   220000/  249548 entries, 88.16% (elapsed time    20.7s, curr speed    8.378 kHz, avg speed   10.645 kHz), accepted      315/  220001 events ( 0.14%)
Processed   230000/  249548 entries, 92.17% (elapsed time    21.8s, curr speed    8.593 kHz, avg speed   10.535 kHz), accepted      330/  230001 events ( 0.14%)
Processed   240000/  249548 entries, 96.17% (elapsed time    22.5s, curr speed   14.246 kHz, avg speed   10.651 kHz), accepted      343/  240001 events ( 0.14%)
Processed 249548 preselected entries from /eos/cms/store/group/phys_tau/TauFW/nano/UL2017/WJetsToLNu_TuneCP5_13TeV-madgraphMLM-pythia8/RunIISummer19UL17NanoAODv2-106X_mc2017_realistic_v8-v1/NANOAODSIM/ADEFE40E-56B3-B040-A042-F37E585B3882_skimjec_2.root (249548 entries). Finally selected 360 entries
Pre-select 249548 entries out of 249548 (100.00%)
Processed    10000/  249548 entries,  4.01% (elapsed time     3.9s, curr speed    2.561 kHz, avg speed    2.561 kHz), accepted       12/   10001 events ( 0.12%)
Processed    20000/  249548 entries,  8.01% (elapsed time     4.9s, curr speed   10.541 kHz, avg speed    4.120 kHz), accepted       33/   20001 events ( 0.16%)
Processed    30000/  249548 entries, 12.02% (elapsed time     5.8s, curr speed   10.999 kHz, avg speed    5.206 kHz), accepted       52/   30001 events ( 0.17%)
Processed    40000/  249548 entries, 16.03% (elapsed time     6.8s, curr speed    9.909 kHz, avg speed    5.907 kHz), accepted       68/   40001 events ( 0.17%)
Processed    50000/  249548 entries, 20.04% (elapsed time     7.7s, curr speed   10.796 kHz, avg speed    6.495 kHz), accepted       83/   50001 events ( 0.17%)
Processed    60000/  249548 entries, 24.04% (elapsed time     8.6s, curr speed   11.406 kHz, avg speed    6.997 kHz), accepted      100/   60001 events ( 0.17%)
Processed    70000/  249548 entries, 28.05% (elapsed time     9.3s, curr speed   14.598 kHz, avg speed    7.559 kHz), accepted      114/   70001 events ( 0.16%)
Processed    80000/  249548 entries, 32.06% (elapsed time    10.3s, curr speed   10.082 kHz, avg speed    7.803 kHz), accepted      126/   80001 events ( 0.16%)
Processed    90000/  249548 entries, 36.07% (elapsed time    11.1s, curr speed   12.217 kHz, avg speed    8.130 kHz), accepted      144/   90001 events ( 0.16%)
Processed   100000/  249548 entries, 40.07% (elapsed time    12.0s, curr speed   10.614 kHz, avg speed    8.324 kHz), accepted      155/  100001 events ( 0.15%)
Processed   110000/  249548 entries, 44.08% (elapsed time    13.0s, curr speed   10.448 kHz, avg speed    8.481 kHz), accepted      165/  110001 events ( 0.15%)
Processed   120000/  249548 entries, 48.09% (elapsed time    13.9s, curr speed   11.119 kHz, avg speed    8.652 kHz), accepted      180/  120001 events ( 0.15%)
Processed   130000/  249548 entries, 52.09% (elapsed time    14.7s, curr speed   12.716 kHz, avg speed    8.870 kHz), accepted      195/  130001 events ( 0.15%)
Processed   140000/  249548 entries, 56.10% (elapsed time    15.6s, curr speed   10.806 kHz, avg speed    8.985 kHz), accepted      208/  140001 events ( 0.15%)
Processed   150000/  249548 entries, 60.11% (elapsed time    16.5s, curr speed   11.338 kHz, avg speed    9.111 kHz), accepted      220/  150001 events ( 0.15%)
Processed   160000/  249548 entries, 64.12% (elapsed time    17.4s, curr speed   10.449 kHz, avg speed    9.185 kHz), accepted      235/  160001 events ( 0.15%)
Processed   170000/  249548 entries, 68.12% (elapsed time    18.2s, curr speed   13.694 kHz, avg speed    9.366 kHz), accepted      250/  170001 events ( 0.15%)
Processed   180000/  249548 entries, 72.13% (elapsed time    18.9s, curr speed   14.085 kHz, avg speed    9.544 kHz), accepted      261/  180001 events ( 0.14%)
Processed   190000/  249548 entries, 76.14% (elapsed time    19.6s, curr speed   13.691 kHz, avg speed    9.698 kHz), accepted      270/  190001 events ( 0.14%)
Processed   200000/  249548 entries, 80.14% (elapsed time    20.5s, curr speed   11.494 kHz, avg speed    9.775 kHz), accepted      281/  200001 events ( 0.14%)
Processed   210000/  249548 entries, 84.15% (elapsed time    21.3s, curr speed   11.501 kHz, avg speed    9.845 kHz), accepted      289/  210001 events ( 0.14%)
Processed   220000/  249548 entries, 88.16% (elapsed time    22.3s, curr speed   10.069 kHz, avg speed    9.855 kHz), accepted      304/  220001 events ( 0.14%)
Processed   230000/  249548 entries, 92.17% (elapsed time    23.2s, curr speed   11.291 kHz, avg speed    9.910 kHz), accepted      322/  230001 events ( 0.14%)
Processed   240000/  249548 entries, 96.17% (elapsed time    24.1s, curr speed   11.555 kHz, avg speed    9.969 kHz), accepted      341/  240001 events ( 0.14%)
Processed 249548 preselected entries from /eos/cms/store/group/phys_tau/TauFW/nano/UL2017/WJetsToLNu_TuneCP5_13TeV-madgraphMLM-pythia8/RunIISummer19UL17NanoAODv2-106X_mc2017_realistic_v8-v1/NANOAODSIM/ADEFE40E-56B3-B040-A042-F37E585B3882_skimjec_3.root (249548 entries). Finally selected 353 entries
Pre-select 249548 entries out of 249548 (100.00%)
Processed    10000/  249548 entries,  4.01% (elapsed time     4.1s, curr speed    2.411 kHz, avg speed    2.411 kHz), accepted       12/   10001 events ( 0.12%)
Processed    20000/  249548 entries,  8.01% (elapsed time     5.2s, curr speed    9.645 kHz, avg speed    3.857 kHz), accepted       23/   20001 events ( 0.11%)
Processed    30000/  249548 entries, 12.02% (elapsed time     6.5s, curr speed    7.409 kHz, avg speed    4.591 kHz), accepted       36/   30001 events ( 0.12%)
Processed    40000/  249548 entries, 16.03% (elapsed time     7.4s, curr speed   12.040 kHz, avg speed    5.431 kHz), accepted       52/   40001 events ( 0.13%)
Processed    50000/  249548 entries, 20.04% (elapsed time     8.2s, curr speed   12.356 kHz, avg speed    6.117 kHz), accepted       64/   50001 events ( 0.13%)
Processed    60000/  249548 entries, 24.04% (elapsed time     9.0s, curr speed   12.010 kHz, avg speed    6.661 kHz), accepted       79/   60001 events ( 0.13%)
Processed    70000/  249548 entries, 28.05% (elapsed time     9.9s, curr speed   11.526 kHz, avg speed    7.089 kHz), accepted       96/   70001 events ( 0.14%)
Processed    80000/  249548 entries, 32.06% (elapsed time    10.7s, curr speed   12.383 kHz, avg speed    7.489 kHz), accepted      114/   80001 events ( 0.14%)
Processed    90000/  249548 entries, 36.07% (elapsed time    11.6s, curr speed   11.065 kHz, avg speed    7.768 kHz), accepted      127/   90001 events ( 0.14%)
Processed   100000/  249548 entries, 40.07% (elapsed time    12.5s, curr speed   10.657 kHz, avg speed    7.984 kHz), accepted      139/  100001 events ( 0.14%)
Processed   110000/  249548 entries, 44.08% (elapsed time    13.5s, curr speed    9.968 kHz, avg speed    8.132 kHz), accepted      161/  110001 events ( 0.15%)
Processed   120000/  249548 entries, 48.09% (elapsed time    14.2s, curr speed   14.051 kHz, avg speed    8.427 kHz), accepted      178/  120001 events ( 0.15%)
Processed   130000/  249548 entries, 52.09% (elapsed time    15.1s, curr speed   12.255 kHz, avg speed    8.635 kHz), accepted      200/  130001 events ( 0.15%)
Processed   140000/  249548 entries, 56.10% (elapsed time    15.8s, curr speed   12.805 kHz, avg speed    8.840 kHz), accepted      217/  140001 events ( 0.15%)
Processed   150000/  249548 entries, 60.11% (elapsed time    16.7s, curr speed   11.181 kHz, avg speed    8.966 kHz), accepted      230/  150001 events ( 0.15%)
Processed   160000/  249548 entries, 64.12% (elapsed time    17.8s, curr speed    9.230 kHz, avg speed    8.982 kHz), accepted      247/  160001 events ( 0.15%)
Processed   170000/  249548 entries, 68.12% (elapsed time    19.0s, curr speed    8.266 kHz, avg speed    8.936 kHz), accepted      259/  170001 events ( 0.15%)
Processed   180000/  249548 entries, 72.13% (elapsed time    20.4s, curr speed    7.462 kHz, avg speed    8.839 kHz), accepted      274/  180001 events ( 0.15%)
Processed   190000/  249548 entries, 76.14% (elapsed time    21.2s, curr speed   11.624 kHz, avg speed    8.952 kHz), accepted      286/  190001 events ( 0.15%)
Processed   200000/  249548 entries, 80.14% (elapsed time    22.3s, curr speed    9.459 kHz, avg speed    8.976 kHz), accepted      300/  200001 events ( 0.15%)
Processed   210000/  249548 entries, 84.15% (elapsed time    23.5s, curr speed    8.365 kHz, avg speed    8.945 kHz), accepted      311/  210001 events ( 0.15%)
Processed   220000/  249548 entries, 88.16% (elapsed time    25.1s, curr speed    5.982 kHz, avg speed    8.748 kHz), accepted      331/  220001 events ( 0.15%)
Processed   230000/  249548 entries, 92.17% (elapsed time    29.5s, curr speed    2.312 kHz, avg speed    7.804 kHz), accepted      337/  230001 events ( 0.15%)
Processed   240000/  249548 entries, 96.17% (elapsed time    31.4s, curr speed    5.089 kHz, avg speed    7.634 kHz), accepted      352/  240001 events ( 0.15%)
Processed 249548 preselected entries from /eos/cms/store/group/phys_tau/TauFW/nano/UL2017/WJetsToLNu_TuneCP5_13TeV-madgraphMLM-pythia8/RunIISummer19UL17NanoAODv2-106X_mc2017_realistic_v8-v1/NANOAODSIM/ADEFE40E-56B3-B040-A042-F37E585B3882_skimjec_4.root (249548 entries). Finally selected 366 entries
Pre-select 249548 entries out of 249548 (100.00%)
Processed    10000/  249548 entries,  4.01% (elapsed time     3.3s, curr speed    3.030 kHz, avg speed    3.030 kHz), accepted        8/   10001 events ( 0.08%)
Processed    20000/  249548 entries,  8.01% (elapsed time     4.3s, curr speed    9.811 kHz, avg speed    4.631 kHz), accepted       27/   20001 events ( 0.13%)
Processed    30000/  249548 entries, 12.02% (elapsed time     5.2s, curr speed   11.514 kHz, avg speed    5.783 kHz), accepted       37/   30001 events ( 0.12%)
Processed    40000/  249548 entries, 16.03% (elapsed time     6.0s, curr speed   12.803 kHz, avg speed    6.702 kHz), accepted       52/   40001 events ( 0.13%)
Processed    50000/  249548 entries, 20.04% (elapsed time     6.7s, curr speed   13.757 kHz, avg speed    7.468 kHz), accepted       64/   50001 events ( 0.13%)
Processed    60000/  249548 entries, 24.04% (elapsed time     7.6s, curr speed   10.763 kHz, avg speed    7.869 kHz), accepted       79/   60001 events ( 0.13%)
Processed    70000/  249548 entries, 28.05% (elapsed time     8.4s, curr speed   12.416 kHz, avg speed    8.304 kHz), accepted       93/   70001 events ( 0.13%)
Processed    80000/  249548 entries, 32.06% (elapsed time     9.4s, curr speed   10.657 kHz, avg speed    8.539 kHz), accepted      106/   80001 events ( 0.13%)
Processed    90000/  249548 entries, 36.07% (elapsed time    10.2s, curr speed   11.570 kHz, avg speed    8.795 kHz), accepted      120/   90001 events ( 0.13%)
Processed   100000/  249548 entries, 40.07% (elapsed time    11.1s, curr speed   11.621 kHz, avg speed    9.015 kHz), accepted      134/  100001 events ( 0.13%)
Processed   110000/  249548 entries, 44.08% (elapsed time    11.9s, curr speed   12.629 kHz, avg speed    9.255 kHz), accepted      148/  110001 events ( 0.13%)
Processed   120000/  249548 entries, 48.09% (elapsed time    12.8s, curr speed   10.686 kHz, avg speed    9.360 kHz), accepted      166/  120001 events ( 0.14%)
Processed   130000/  249548 entries, 52.09% (elapsed time    13.6s, curr speed   12.702 kHz, avg speed    9.553 kHz), accepted      182/  130001 events ( 0.14%)
Processed   140000/  249548 entries, 56.10% (elapsed time    14.4s, curr speed   13.020 kHz, avg speed    9.738 kHz), accepted      190/  140001 events ( 0.14%)
Processed   150000/  249548 entries, 60.11% (elapsed time    15.6s, curr speed    8.177 kHz, avg speed    9.616 kHz), accepted      205/  150001 events ( 0.14%)
Processed   160000/  249548 entries, 64.12% (elapsed time    16.8s, curr speed    8.571 kHz, avg speed    9.543 kHz), accepted      215/  160001 events ( 0.13%)
Processed   170000/  249548 entries, 68.12% (elapsed time    17.8s, curr speed   10.041 kHz, avg speed    9.571 kHz), accepted      221/  170001 events ( 0.13%)
Processed   180000/  249548 entries, 72.13% (elapsed time    18.7s, curr speed   10.400 kHz, avg speed    9.614 kHz), accepted      229/  180001 events ( 0.13%)
Processed   190000/  249548 entries, 76.14% (elapsed time    19.6s, curr speed   11.305 kHz, avg speed    9.690 kHz), accepted      248/  190001 events ( 0.13%)
Processed   200000/  249548 entries, 80.14% (elapsed time    20.6s, curr speed    9.932 kHz, avg speed    9.702 kHz), accepted      267/  200001 events ( 0.13%)
Processed   210000/  249548 entries, 84.15% (elapsed time    21.8s, curr speed    8.447 kHz, avg speed    9.634 kHz), accepted      284/  210001 events ( 0.14%)
Processed   220000/  249548 entries, 88.16% (elapsed time    22.9s, curr speed    8.861 kHz, avg speed    9.596 kHz), accepted      292/  220001 events ( 0.13%)
Processed   230000/  249548 entries, 92.17% (elapsed time    24.4s, curr speed    6.664 kHz, avg speed    9.416 kHz), accepted      311/  230001 events ( 0.14%)
Processed   240000/  249548 entries, 96.17% (elapsed time    26.0s, curr speed    6.310 kHz, avg speed    9.226 kHz), accepted      323/  240001 events ( 0.13%)
Processed 249548 preselected entries from /eos/cms/store/group/phys_tau/TauFW/nano/UL2017/WJetsToLNu_TuneCP5_13TeV-madgraphMLM-pythia8/RunIISummer19UL17NanoAODv2-106X_mc2017_realistic_v8-v1/NANOAODSIM/ADEFE40E-56B3-B040-A042-F37E585B3882_skimjec_5.root (249548 entries). Finally selected 337 entries
Total time 135.7 sec. to process 1247740 events. Rate = 9196.8 Hz.
>>> cwd          = /pool/condor/dir_20460
>>> ls           = ['lvigilan.cc', '.chirp.config', 'condor_exec.exe', 'pico_etau_EES0p99_49.root', '.machine.ad', '.job.ad', 'var', 'tmp', '_condor_stdout', 'x509_voms']
>>> getstorage('/eos/home-l/lvigilan/output_ETauFR_UL17_RUN1/UL2017/etau/WJetsToLNu'), <EOS("/eos/home-l/lvigilan/output_ETauFR_UL17_RUN1/UL2017/etau/WJetsToLNu") at 0x2b4ab7bb7b90>
>>> Executing: 'cp ./pico_etau_EES0p99_49.root /eos/home-l/lvigilan/output_ETauFR_UL17_RUN1/UL2017/etau/WJetsToLNu'
>>> Removing './pico_etau_EES0p99_49.root'...
>>> picojob.py done after 165.9 seconds

Job complete at Mon Jun  7 23:05:33 CEST 2021
Took 2 minutes 48 seconds040 (2367875.049.000) 06/07 23:05:34 Finished transferring output files
...
005 (2367875.049.000) 06/07 23:05:35 Job terminated.
	(1) Normal termination (return value 0)
		Usr 0 00:01:47, Sys 0 00:00:05  -  Run Remote Usage
		Usr 0 00:00:00, Sys 0 00:00:00  -  Run Local Usage
		Usr 0 00:01:47, Sys 0 00:00:05  -  Total Remote Usage
		Usr 0 00:00:00, Sys 0 00:00:00  -  Total Local Usage
	36981  -  Run Bytes Sent By Job
	9898  -  Run Bytes Received By Job
	36981  -  Total Bytes Sent By Job
	9898  -  Total Bytes Received By Job
	Partitionable Resources :    Usage  Request Allocated 
	   Cpus                 :                 1         1 
	   Disk (KB)            :       97        1    289672 
	   Memory (MB)          :        4     2000      2000 

	Job terminated of its own accord at 2021-06-07T21:05:33Z.
...
