Could not find platform independent libraries <prefix>
Could not find platform dependent libraries <exec_prefix>
Consider setting $PYTHONHOME to <prefix>[:<exec_prefix>]
ImportError: No module named site
Job start at Mon Jun  7 23:02:38 CEST 2021
Running job on machine Linux b7s13n5904.cern.ch 3.10.0-1160.6.1.el7.x86_64 #1 SMP Tue Nov 17 13:59:11 UTC 2020 x86_64 x86_64 x86_64 GNU/Linux, host b7s13n5904.cern.ch
============================================================
$PWD=/pool/condor/dir_29073
$JOBID=2367875
$TASKID=50
$HOSTNAME=b7s13n5904.cern.ch
$TASKCMD=/afs/cern.ch/work/l/lvigilan/TauWork/CMSSW_10_6_17_patch1/src/TauFW/PicoProducer/python/processors/picojob.py -y UL2017 -d 'mc' -c etau -M ETauFakeRate.ModuleETau --copydir /eos/home-l/lvigilan/output_ETauFR_UL17_RUN1/UL2017/etau/WJetsToLNu -t _etau_EES0p99_50 --opt 'ees=0.99' 'useT1=True' -i /eos/cms/store/group/phys_tau/TauFW/nano/UL2017/WJetsToLNu_TuneCP5_13TeV-madgraphMLM-pythia8/RunIISummer19UL17NanoAODv2-106X_mc2017_realistic_v8-v1/NANOAODSIM/ADEFE40E-56B3-B040-A042-F37E585B3882_skimjec_6.root /eos/cms/store/group/phys_tau/TauFW/nano/UL2017/WJetsToLNu_TuneCP5_13TeV-madgraphMLM-pythia8/RunIISummer19UL17NanoAODv2-106X_mc2017_realistic_v8-v1/NANOAODSIM/ADEFE40E-56B3-B040-A042-F37E585B3882_skimjec_7.root /eos/cms/store/group/phys_tau/TauFW/nano/UL2017/WJetsToLNu_TuneCP5_13TeV-madgraphMLM-pythia8/RunIISummer19UL17NanoAODv2-106X_mc2017_realistic_v8-v1/NANOAODSIM/ADEFE40E-56B3-B040-A042-F37E585B3882_skimjec_8.root /eos/cms/store/group/phys_tau/TauFW/nano/UL2017/WJetsToLNu_TuneCP5_13TeV-madgraphMLM-pythia8/RunIISummer19UL17NanoAODv2-106X_mc2017_realistic_v8-v1/NANOAODSIM/B81D879D-7059-EB49-BDE2-B94FE0D5E8F4_skimjec_0.root /eos/cms/store/group/phys_tau/TauFW/nano/UL2017/WJetsToLNu_TuneCP5_13TeV-madgraphMLM-pythia8/RunIISummer19UL17NanoAODv2-106X_mc2017_realistic_v8-v1/NANOAODSIM/B81D879D-7059-EB49-BDE2-B94FE0D5E8F4_skimjec_1.root
$WORKDIR=/pool/condor/dir_29073
>>> cd /afs/cern.ch/work/l/lvigilan/TauWork/CMSSW_10_6_17_patch1/src
>>> eval `scramv1 runtime -sh`
>>> cd /pool/condor/dir_29073
$PWD=/pool/condor/dir_29073
>>> /afs/cern.ch/work/l/lvigilan/TauWork/CMSSW_10_6_17_patch1/src/TauFW/PicoProducer/python/processors/picojob.py -y UL2017 -d 'mc' -c etau -M ETauFakeRate.ModuleETau --copydir /eos/home-l/lvigilan/output_ETauFR_UL17_RUN1/UL2017/etau/WJetsToLNu -t _etau_EES0p99_50 --opt 'ees=0.99' 'useT1=True' -i /eos/cms/store/group/phys_tau/TauFW/nano/UL2017/WJetsToLNu_TuneCP5_13TeV-madgraphMLM-pythia8/RunIISummer19UL17NanoAODv2-106X_mc2017_realistic_v8-v1/NANOAODSIM/ADEFE40E-56B3-B040-A042-F37E585B3882_skimjec_6.root /eos/cms/store/group/phys_tau/TauFW/nano/UL2017/WJetsToLNu_TuneCP5_13TeV-madgraphMLM-pythia8/RunIISummer19UL17NanoAODv2-106X_mc2017_realistic_v8-v1/NANOAODSIM/ADEFE40E-56B3-B040-A042-F37E585B3882_skimjec_7.root /eos/cms/store/group/phys_tau/TauFW/nano/UL2017/WJetsToLNu_TuneCP5_13TeV-madgraphMLM-pythia8/RunIISummer19UL17NanoAODv2-106X_mc2017_realistic_v8-v1/NANOAODSIM/ADEFE40E-56B3-B040-A042-F37E585B3882_skimjec_8.root /eos/cms/store/group/phys_tau/TauFW/nano/UL2017/WJetsToLNu_TuneCP5_13TeV-madgraphMLM-pythia8/RunIISummer19UL17NanoAODv2-106X_mc2017_realistic_v8-v1/NANOAODSIM/B81D879D-7059-EB49-BDE2-B94FE0D5E8F4_skimjec_0.root /eos/cms/store/group/phys_tau/TauFW/nano/UL2017/WJetsToLNu_TuneCP5_13TeV-madgraphMLM-pythia8/RunIISummer19UL17NanoAODv2-106X_mc2017_realistic_v8-v1/NANOAODSIM/B81D879D-7059-EB49-BDE2-B94FE0D5E8F4_skimjec_1.root
Error in <TGClient::TGClient>: can't open display "localhost:13.0", switching to batch mode...
 In case you run from a remote ssh session, reconnect with ssh -Y
--------------------------------------------------------------------------------
>>> era          = 'UL2017'
>>> year         = 2017
>>> channel      = 'etau'
>>> modname      = 'ETauFakeRate.ModuleETau'
>>> dtype        = 'mc'
>>> kwargs       = {'dtype': 'mc', 'ees': 0.99, 'useT1': True, 'verb': 0, 'era': 'UL2017', 'year': 2017}
>>> firstevt     = 0
>>> maxevts      = None
>>> outdir       = '.'
>>> copydir      = '/eos/home-l/lvigilan/output_ETauFR_UL17_RUN1/UL2017/etau/WJetsToLNu'
>>> infiles      = ['/eos/cms/store/group/phys_tau/TauFW/nano/UL2017/WJetsToLNu_TuneCP5_13TeV-madgraphMLM-pythia8/RunIISummer19UL17NanoAODv2-106X_mc2017_realistic_v8-v1/NANOAODSIM/ADEFE40E-56B3-B040-A042-F37E585B3882_skimjec_6.root', '/eos/cms/store/group/phys_tau/TauFW/nano/UL2017/WJetsToLNu_TuneCP5_13TeV-madgraphMLM-pythia8/RunIISummer19UL17NanoAODv2-106X_mc2017_realistic_v8-v1/NANOAODSIM/ADEFE40E-56B3-B040-A042-F37E585B3882_skimjec_7.root', '/eos/cms/store/group/phys_tau/TauFW/nano/UL2017/WJetsToLNu_TuneCP5_13TeV-madgraphMLM-pythia8/RunIISummer19UL17NanoAODv2-106X_mc2017_realistic_v8-v1/NANOAODSIM/ADEFE40E-56B3-B040-A042-F37E585B3882_skimjec_8.root', '/eos/cms/store/group/phys_tau/TauFW/nano/UL2017/WJetsToLNu_TuneCP5_13TeV-madgraphMLM-pythia8/RunIISummer19UL17NanoAODv2-106X_mc2017_realistic_v8-v1/NANOAODSIM/B81D879D-7059-EB49-BDE2-B94FE0D5E8F4_skimjec_0.root', '/eos/cms/store/group/phys_tau/TauFW/nano/UL2017/WJetsToLNu_TuneCP5_13TeV-madgraphMLM-pythia8/RunIISummer19UL17NanoAODv2-106X_mc2017_realistic_v8-v1/NANOAODSIM/B81D879D-7059-EB49-BDE2-B94FE0D5E8F4_skimjec_1.root']
>>> outfname     = './pico_etau_EES0p99_50.root'
>>> branchsel    = '/afs/cern.ch/work/l/lvigilan/TauWork/CMSSW_10_6_17_patch1/python/TauFW/PicoProducer/processors/keep_and_drop_skim.txt'
>>> json         = None
>>> prefetch     = False
>>> cwd          = /pool/condor/dir_29073
--------------------------------------------------------------------------------

   ################
   #  ModuleETau  #
   ################

Loading PileupWeightTool for '/afs/cern.ch/work/l/lvigilan/TauWork/CMSSW_10_6_17_patch1/src/TauFW/PicoProducer/data/pileup/Data_PileUp_UL2017_69p2.root' and '/afs/cern.ch/work/l/lvigilan/TauWork/CMSSW_10_6_17_patch1/src/TauFW/PicoProducer/data/pileup/MC_PileUp_UL2017_Summer19.root'
Loading BTagWeightTool for DeepCSV (medium WP)...
>>> BTagTool: [1m[33mWarning! [0m[33mHistogram 'etau/eff_DeepCSV_udsg_medium' does not exist in /afs/cern.ch/work/l/lvigilan/TauWork/CMSSW_10_6_17_patch1/src/TauFW/PicoProducer/data/btag/DeepCSV_2017_12Apr2017_eff.root! Reverting to default efficiency histogram...[0m
>>> BTagTool: [1m[33mWarning! [0m[33mHistogram 'etau/eff_DeepCSV_c_medium' does not exist in /afs/cern.ch/work/l/lvigilan/TauWork/CMSSW_10_6_17_patch1/src/TauFW/PicoProducer/data/btag/DeepCSV_2017_12Apr2017_eff.root! Reverting to default efficiency histogram...[0m
>>> BTagTool: [1m[33mWarning! [0m[33mHistogram 'etau/eff_DeepCSV_b_medium' does not exist in /afs/cern.ch/work/l/lvigilan/TauWork/CMSSW_10_6_17_patch1/src/TauFW/PicoProducer/data/btag/DeepCSV_2017_12Apr2017_eff.root! Reverting to default efficiency histogram...[0m
>>> BTagTool: [1m[33mWarning! [0m[33mMade use of default efficiency histograms! The b tag weights from this module should be regarded as placeholders only,
and should NOT be used for analyses. B (mis)tag efficiencies in MC are analysis dependent. Please create your own
efficiency histogram with data/btag/getBTagEfficiencies.py after running all MC samples with BTagWeightTool.[0m
Loading TreeProducerETau for './pico_etau_EES0p99_50.root'
--------------------------------------------------------------------------------
>>> filename     = './pico_etau_EES0p99_50.root'
>>> year         = 2017
>>> dtype        = 'mc'
>>> channel      = 'etau'
>>> ismc         = True
>>> isdata       = False
>>> isembed      = False
>>> tes          = 1.0
>>> tessys       = None
>>> fes          = None
>>> ltf          = None
>>> jtf          = 1.0
>>> dotoppt      = False
>>> dozpt        = False
>>> dojec        = True
>>> dojecsys     = True
>>> dotight      = False
>>> useT1        = True
>>> jetCutPt     = 30
>>> bjetCutEta   = 2.7
>>> tauwp        = 0
>>> eleCutPt     = 36
>>> eleCutEta    = 2.1
>>> tauCutPt     = 20
>>> tauCutEta    = 2.3
>>> ZpeekReso    = 0.1
Pre-select 249548 entries out of 249548 (100.00%)
Processed    10000/  249548 entries,  4.01% (elapsed time     4.4s, curr speed    2.295 kHz, avg speed    2.295 kHz), accepted       15/   10001 events ( 0.15%)
Processed    20000/  249548 entries,  8.01% (elapsed time     5.2s, curr speed   12.303 kHz, avg speed    3.868 kHz), accepted       28/   20001 events ( 0.14%)
Processed    30000/  249548 entries, 12.02% (elapsed time     6.1s, curr speed   10.969 kHz, avg speed    4.932 kHz), accepted       36/   30001 events ( 0.12%)
Processed    40000/  249548 entries, 16.03% (elapsed time     7.7s, curr speed    6.359 kHz, avg speed    5.225 kHz), accepted       44/   40001 events ( 0.11%)
Processed    50000/  249548 entries, 20.04% (elapsed time     8.4s, curr speed   13.864 kHz, avg speed    5.969 kHz), accepted       54/   50001 events ( 0.11%)
Processed    60000/  249548 entries, 24.04% (elapsed time     9.3s, curr speed   11.048 kHz, avg speed    6.465 kHz), accepted       67/   60001 events ( 0.11%)
Processed    70000/  249548 entries, 28.05% (elapsed time    10.0s, curr speed   14.034 kHz, avg speed    7.004 kHz), accepted       74/   70001 events ( 0.11%)
Processed    80000/  249548 entries, 32.06% (elapsed time    10.8s, curr speed   13.170 kHz, avg speed    7.440 kHz), accepted       86/   80001 events ( 0.11%)
Processed    90000/  249548 entries, 36.07% (elapsed time    11.6s, curr speed   11.981 kHz, avg speed    7.767 kHz), accepted      103/   90001 events ( 0.11%)
Processed   100000/  249548 entries, 40.07% (elapsed time    12.4s, curr speed   12.751 kHz, avg speed    8.083 kHz), accepted      119/  100001 events ( 0.12%)
Processed   110000/  249548 entries, 44.08% (elapsed time    13.2s, curr speed   11.587 kHz, avg speed    8.311 kHz), accepted      137/  110001 events ( 0.12%)
Processed   120000/  249548 entries, 48.09% (elapsed time    14.1s, curr speed   11.865 kHz, avg speed    8.524 kHz), accepted      147/  120001 events ( 0.12%)
Processed   130000/  249548 entries, 52.09% (elapsed time    14.8s, curr speed   13.386 kHz, avg speed    8.769 kHz), accepted      160/  130001 events ( 0.12%)
Processed   140000/  249548 entries, 56.10% (elapsed time    15.8s, curr speed   10.233 kHz, avg speed    8.859 kHz), accepted      174/  140001 events ( 0.12%)
Processed   150000/  249548 entries, 60.11% (elapsed time    16.9s, curr speed    9.375 kHz, avg speed    8.892 kHz), accepted      189/  150001 events ( 0.13%)
Processed   160000/  249548 entries, 64.12% (elapsed time    17.8s, curr speed   10.921 kHz, avg speed    8.996 kHz), accepted      201/  160001 events ( 0.13%)
Processed   170000/  249548 entries, 68.12% (elapsed time    19.0s, curr speed    8.565 kHz, avg speed    8.970 kHz), accepted      212/  170001 events ( 0.12%)
Processed   180000/  249548 entries, 72.13% (elapsed time    19.9s, curr speed   10.245 kHz, avg speed    9.032 kHz), accepted      235/  180001 events ( 0.13%)
Processed   190000/  249548 entries, 76.14% (elapsed time    20.9s, curr speed    9.883 kHz, avg speed    9.073 kHz), accepted      247/  190001 events ( 0.13%)
Processed   200000/  249548 entries, 80.14% (elapsed time    21.9s, curr speed   10.012 kHz, avg speed    9.116 kHz), accepted      266/  200001 events ( 0.13%)
Processed   210000/  249548 entries, 84.15% (elapsed time    22.7s, curr speed   13.357 kHz, avg speed    9.256 kHz), accepted      281/  210001 events ( 0.13%)
Processed   220000/  249548 entries, 88.16% (elapsed time    23.4s, curr speed   13.583 kHz, avg speed    9.392 kHz), accepted      287/  220001 events ( 0.13%)
Processed   230000/  249548 entries, 92.17% (elapsed time    24.3s, curr speed   10.835 kHz, avg speed    9.447 kHz), accepted      300/  230001 events ( 0.13%)
Processed   240000/  249548 entries, 96.17% (elapsed time    25.4s, curr speed    9.252 kHz, avg speed    9.438 kHz), accepted      316/  240001 events ( 0.13%)
Processed 249548 preselected entries from /eos/cms/store/group/phys_tau/TauFW/nano/UL2017/WJetsToLNu_TuneCP5_13TeV-madgraphMLM-pythia8/RunIISummer19UL17NanoAODv2-106X_mc2017_realistic_v8-v1/NANOAODSIM/ADEFE40E-56B3-B040-A042-F37E585B3882_skimjec_6.root (249548 entries). Finally selected 334 entries
Pre-select 249548 entries out of 249548 (100.00%)
Processed    10000/  249548 entries,  4.01% (elapsed time     4.1s, curr speed    2.432 kHz, avg speed    2.432 kHz), accepted       16/   10001 events ( 0.16%)
Processed    20000/  249548 entries,  8.01% (elapsed time     4.9s, curr speed   12.475 kHz, avg speed    4.070 kHz), accepted       21/   20001 events ( 0.10%)
Processed    30000/  249548 entries, 12.02% (elapsed time     5.7s, curr speed   12.468 kHz, avg speed    5.248 kHz), accepted       33/   30001 events ( 0.11%)
Processed    40000/  249548 entries, 16.03% (elapsed time     6.5s, curr speed   12.789 kHz, avg speed    6.156 kHz), accepted       48/   40001 events ( 0.12%)
Processed    50000/  249548 entries, 20.04% (elapsed time     7.2s, curr speed   13.837 kHz, avg speed    6.925 kHz), accepted       54/   50001 events ( 0.11%)
Processed    60000/  249548 entries, 24.04% (elapsed time     8.0s, curr speed   12.129 kHz, avg speed    7.458 kHz), accepted       74/   60001 events ( 0.12%)
Processed    70000/  249548 entries, 28.05% (elapsed time     8.7s, curr speed   14.940 kHz, avg speed    8.033 kHz), accepted       82/   70001 events ( 0.12%)
Processed    80000/  249548 entries, 32.06% (elapsed time     9.7s, curr speed   10.037 kHz, avg speed    8.238 kHz), accepted       88/   80001 events ( 0.11%)
Processed    90000/  249548 entries, 36.07% (elapsed time    10.5s, curr speed   12.950 kHz, avg speed    8.585 kHz), accepted      103/   90001 events ( 0.11%)
Processed   100000/  249548 entries, 40.07% (elapsed time    11.3s, curr speed   12.086 kHz, avg speed    8.841 kHz), accepted      119/  100001 events ( 0.12%)
Processed   110000/  249548 entries, 44.08% (elapsed time    12.1s, curr speed   12.114 kHz, avg speed    9.064 kHz), accepted      127/  110001 events ( 0.12%)
Processed   120000/  249548 entries, 48.09% (elapsed time    13.0s, curr speed   11.477 kHz, avg speed    9.226 kHz), accepted      140/  120001 events ( 0.12%)
Processed   130000/  249548 entries, 52.09% (elapsed time    13.8s, curr speed   12.194 kHz, avg speed    9.402 kHz), accepted      155/  130001 events ( 0.12%)
Processed   140000/  249548 entries, 56.10% (elapsed time    14.7s, curr speed   12.058 kHz, avg speed    9.552 kHz), accepted      169/  140001 events ( 0.12%)
Processed   150000/  249548 entries, 60.11% (elapsed time    15.5s, curr speed   11.571 kHz, avg speed    9.664 kHz), accepted      180/  150001 events ( 0.12%)
Processed   160000/  249548 entries, 64.12% (elapsed time    16.3s, curr speed   12.797 kHz, avg speed    9.815 kHz), accepted      191/  160001 events ( 0.12%)
Processed   170000/  249548 entries, 68.12% (elapsed time    17.1s, curr speed   12.574 kHz, avg speed    9.943 kHz), accepted      198/  170001 events ( 0.12%)
Processed   180000/  249548 entries, 72.13% (elapsed time    18.0s, curr speed   11.448 kHz, avg speed   10.016 kHz), accepted      206/  180001 events ( 0.11%)
Processed   190000/  249548 entries, 76.14% (elapsed time    18.9s, curr speed   10.819 kHz, avg speed   10.055 kHz), accepted      213/  190001 events ( 0.11%)
Processed   200000/  249548 entries, 80.14% (elapsed time    19.8s, curr speed   10.900 kHz, avg speed   10.094 kHz), accepted      224/  200001 events ( 0.11%)
Processed   210000/  249548 entries, 84.15% (elapsed time    20.9s, curr speed    9.347 kHz, avg speed   10.056 kHz), accepted      243/  210001 events ( 0.12%)
Processed   220000/  249548 entries, 88.16% (elapsed time    22.2s, curr speed    7.816 kHz, avg speed    9.927 kHz), accepted      254/  220001 events ( 0.12%)
Processed   230000/  249548 entries, 92.17% (elapsed time    23.2s, curr speed    9.364 kHz, avg speed    9.901 kHz), accepted      268/  230001 events ( 0.12%)
Processed   240000/  249548 entries, 96.17% (elapsed time    24.1s, curr speed   11.702 kHz, avg speed    9.965 kHz), accepted      281/  240001 events ( 0.12%)
Processed 249548 preselected entries from /eos/cms/store/group/phys_tau/TauFW/nano/UL2017/WJetsToLNu_TuneCP5_13TeV-madgraphMLM-pythia8/RunIISummer19UL17NanoAODv2-106X_mc2017_realistic_v8-v1/NANOAODSIM/ADEFE40E-56B3-B040-A042-F37E585B3882_skimjec_7.root (249548 entries). Finally selected 292 entries
Pre-select 249546 entries out of 249546 (100.00%)
Processed    10000/  249546 entries,  4.01% (elapsed time     4.9s, curr speed    2.022 kHz, avg speed    2.022 kHz), accepted       15/   10001 events ( 0.15%)
Processed    20000/  249546 entries,  8.01% (elapsed time     5.8s, curr speed   11.264 kHz, avg speed    3.428 kHz), accepted       29/   20001 events ( 0.14%)
Processed    30000/  249546 entries, 12.02% (elapsed time     6.7s, curr speed   11.815 kHz, avg speed    4.491 kHz), accepted       41/   30001 events ( 0.14%)
Processed    40000/  249546 entries, 16.03% (elapsed time     7.4s, curr speed   13.530 kHz, avg speed    5.391 kHz), accepted       57/   40001 events ( 0.14%)
Processed    50000/  249546 entries, 20.04% (elapsed time     8.2s, curr speed   12.527 kHz, avg speed    6.085 kHz), accepted       68/   50001 events ( 0.14%)
Processed    60000/  249546 entries, 24.04% (elapsed time     9.0s, curr speed   12.115 kHz, avg speed    6.635 kHz), accepted       88/   60001 events ( 0.15%)
Processed    70000/  249546 entries, 28.05% (elapsed time     9.9s, curr speed   12.334 kHz, avg speed    7.104 kHz), accepted       99/   70001 events ( 0.14%)
Processed    80000/  249546 entries, 32.06% (elapsed time    10.7s, curr speed   12.238 kHz, avg speed    7.497 kHz), accepted      112/   80001 events ( 0.14%)
Processed    90000/  249546 entries, 36.07% (elapsed time    11.7s, curr speed    9.525 kHz, avg speed    7.679 kHz), accepted      128/   90001 events ( 0.14%)
Processed   100000/  249546 entries, 40.07% (elapsed time    12.4s, curr speed   14.925 kHz, avg speed    8.071 kHz), accepted      144/  100001 events ( 0.14%)
Processed   110000/  249546 entries, 44.08% (elapsed time    13.2s, curr speed   12.755 kHz, avg speed    8.349 kHz), accepted      153/  110001 events ( 0.14%)
Processed   120000/  249546 entries, 48.09% (elapsed time    14.0s, curr speed   12.357 kHz, avg speed    8.581 kHz), accepted      162/  120001 events ( 0.13%)
Processed   130000/  249546 entries, 52.09% (elapsed time    14.8s, curr speed   12.070 kHz, avg speed    8.776 kHz), accepted      173/  130001 events ( 0.13%)
Processed   140000/  249546 entries, 56.10% (elapsed time    15.5s, curr speed   14.268 kHz, avg speed    9.025 kHz), accepted      184/  140001 events ( 0.13%)
Processed   150000/  249546 entries, 60.11% (elapsed time    16.4s, curr speed   11.300 kHz, avg speed    9.147 kHz), accepted      198/  150001 events ( 0.13%)
Processed   160000/  249546 entries, 64.12% (elapsed time    17.3s, curr speed   10.896 kHz, avg speed    9.240 kHz), accepted      211/  160001 events ( 0.13%)
Processed   170000/  249546 entries, 68.12% (elapsed time    18.1s, curr speed   12.497 kHz, avg speed    9.384 kHz), accepted      220/  170001 events ( 0.13%)
Processed   180000/  249546 entries, 72.13% (elapsed time    19.4s, curr speed    8.082 kHz, avg speed    9.301 kHz), accepted      235/  180001 events ( 0.13%)
Processed   190000/  249546 entries, 76.14% (elapsed time    20.3s, curr speed   10.348 kHz, avg speed    9.351 kHz), accepted      249/  190001 events ( 0.13%)
Processed   200000/  249546 entries, 80.15% (elapsed time    21.3s, curr speed    9.874 kHz, avg speed    9.375 kHz), accepted      258/  200001 events ( 0.13%)
Processed   210000/  249546 entries, 84.15% (elapsed time    22.2s, curr speed   11.415 kHz, avg speed    9.456 kHz), accepted      271/  210001 events ( 0.13%)
Processed   220000/  249546 entries, 88.16% (elapsed time    23.2s, curr speed   10.309 kHz, avg speed    9.492 kHz), accepted      281/  220001 events ( 0.13%)
Processed   230000/  249546 entries, 92.17% (elapsed time    24.3s, curr speed    8.743 kHz, avg speed    9.456 kHz), accepted      294/  230001 events ( 0.13%)
Processed   240000/  249546 entries, 96.17% (elapsed time    25.2s, curr speed   11.091 kHz, avg speed    9.515 kHz), accepted      304/  240001 events ( 0.13%)
Processed 249546 preselected entries from /eos/cms/store/group/phys_tau/TauFW/nano/UL2017/WJetsToLNu_TuneCP5_13TeV-madgraphMLM-pythia8/RunIISummer19UL17NanoAODv2-106X_mc2017_realistic_v8-v1/NANOAODSIM/ADEFE40E-56B3-B040-A042-F37E585B3882_skimjec_8.root (249546 entries). Finally selected 322 entries
Pre-select 249490 entries out of 249490 (100.00%)
Processed    10000/  249490 entries,  4.01% (elapsed time     2.9s, curr speed    3.484 kHz, avg speed    3.484 kHz), accepted       17/   10001 events ( 0.17%)
Processed    20000/  249490 entries,  8.02% (elapsed time     3.8s, curr speed   10.527 kHz, avg speed    5.235 kHz), accepted       33/   20001 events ( 0.16%)
Processed    30000/  249490 entries, 12.02% (elapsed time     4.7s, curr speed   10.985 kHz, avg speed    6.342 kHz), accepted       50/   30001 events ( 0.17%)
Processed    40000/  249490 entries, 16.03% (elapsed time     5.5s, curr speed   13.054 kHz, avg speed    7.277 kHz), accepted       66/   40001 events ( 0.16%)
Processed    50000/  249490 entries, 20.04% (elapsed time     6.4s, curr speed   11.473 kHz, avg speed    7.852 kHz), accepted       81/   50001 events ( 0.16%)
Processed    60000/  249490 entries, 24.05% (elapsed time     7.2s, curr speed   12.674 kHz, avg speed    8.383 kHz), accepted       92/   60001 events ( 0.15%)
Processed    70000/  249490 entries, 28.06% (elapsed time     8.0s, curr speed   12.404 kHz, avg speed    8.790 kHz), accepted      115/   70001 events ( 0.16%)
Processed    80000/  249490 entries, 32.07% (elapsed time     8.7s, curr speed   12.856 kHz, avg speed    9.152 kHz), accepted      127/   80001 events ( 0.16%)
Processed    90000/  249490 entries, 36.07% (elapsed time     9.5s, curr speed   13.184 kHz, avg speed    9.474 kHz), accepted      139/   90001 events ( 0.15%)
Processed   100000/  249490 entries, 40.08% (elapsed time    10.3s, curr speed   12.508 kHz, avg speed    9.710 kHz), accepted      152/  100001 events ( 0.15%)
Processed   110000/  249490 entries, 44.09% (elapsed time    11.2s, curr speed   10.623 kHz, avg speed    9.786 kHz), accepted      168/  110001 events ( 0.15%)
Processed   120000/  249490 entries, 48.10% (elapsed time    12.1s, curr speed   11.154 kHz, avg speed    9.887 kHz), accepted      182/  120001 events ( 0.15%)
Processed   130000/  249490 entries, 52.11% (elapsed time    13.0s, curr speed   11.092 kHz, avg speed    9.970 kHz), accepted      200/  130001 events ( 0.15%)
Processed   140000/  249490 entries, 56.11% (elapsed time    13.8s, curr speed   12.691 kHz, avg speed   10.125 kHz), accepted      216/  140001 events ( 0.15%)
Processed   150000/  249490 entries, 60.12% (elapsed time    14.6s, curr speed   13.014 kHz, avg speed   10.277 kHz), accepted      231/  150001 events ( 0.15%)
Processed   160000/  249490 entries, 64.13% (elapsed time    15.4s, curr speed   11.760 kHz, avg speed   10.359 kHz), accepted      244/  160001 events ( 0.15%)
Processed   170000/  249490 entries, 68.14% (elapsed time    16.3s, curr speed   11.495 kHz, avg speed   10.420 kHz), accepted      259/  170001 events ( 0.15%)
Processed   180000/  249490 entries, 72.15% (elapsed time    17.2s, curr speed   10.929 kHz, avg speed   10.447 kHz), accepted      273/  180001 events ( 0.15%)
Processed   190000/  249490 entries, 76.16% (elapsed time    18.3s, curr speed    9.460 kHz, avg speed   10.390 kHz), accepted      286/  190001 events ( 0.15%)
Processed   200000/  249490 entries, 80.16% (elapsed time    19.2s, curr speed   10.973 kHz, avg speed   10.417 kHz), accepted      292/  200001 events ( 0.15%)
Processed   210000/  249490 entries, 84.17% (elapsed time    20.0s, curr speed   12.851 kHz, avg speed   10.512 kHz), accepted      313/  210001 events ( 0.15%)
Processed   220000/  249490 entries, 88.18% (elapsed time    20.7s, curr speed   12.950 kHz, avg speed   10.603 kHz), accepted      318/  220001 events ( 0.14%)
Processed   230000/  249490 entries, 92.19% (elapsed time    21.6s, curr speed   11.982 kHz, avg speed   10.656 kHz), accepted      331/  230001 events ( 0.14%)
Processed   240000/  249490 entries, 96.20% (elapsed time    22.5s, curr speed   11.212 kHz, avg speed   10.678 kHz), accepted      346/  240001 events ( 0.14%)
Processed 249490 preselected entries from /eos/cms/store/group/phys_tau/TauFW/nano/UL2017/WJetsToLNu_TuneCP5_13TeV-madgraphMLM-pythia8/RunIISummer19UL17NanoAODv2-106X_mc2017_realistic_v8-v1/NANOAODSIM/B81D879D-7059-EB49-BDE2-B94FE0D5E8F4_skimjec_0.root (249490 entries). Finally selected 364 entries
Pre-select 249490 entries out of 249490 (100.00%)
Processed    10000/  249490 entries,  4.01% (elapsed time     3.2s, curr speed    3.145 kHz, avg speed    3.145 kHz), accepted        9/   10001 events ( 0.09%)
Processed    20000/  249490 entries,  8.02% (elapsed time     4.0s, curr speed   12.329 kHz, avg speed    5.012 kHz), accepted       18/   20001 events ( 0.09%)
Processed    30000/  249490 entries, 12.02% (elapsed time     4.8s, curr speed   12.632 kHz, avg speed    6.274 kHz), accepted       31/   30001 events ( 0.10%)
Processed    40000/  249490 entries, 16.03% (elapsed time     5.6s, curr speed   12.206 kHz, avg speed    7.141 kHz), accepted       43/   40001 events ( 0.11%)
Processed    50000/  249490 entries, 20.04% (elapsed time     6.5s, curr speed   11.506 kHz, avg speed    7.727 kHz), accepted       56/   50001 events ( 0.11%)
Processed    60000/  249490 entries, 24.05% (elapsed time     7.4s, curr speed   10.725 kHz, avg speed    8.105 kHz), accepted       76/   60001 events ( 0.13%)
Processed    70000/  249490 entries, 28.06% (elapsed time     8.2s, curr speed   12.594 kHz, avg speed    8.540 kHz), accepted       86/   70001 events ( 0.12%)
Processed    80000/  249490 entries, 32.07% (elapsed time     9.2s, curr speed   10.300 kHz, avg speed    8.726 kHz), accepted      105/   80001 events ( 0.13%)
Processed    90000/  249490 entries, 36.07% (elapsed time     9.9s, curr speed   13.399 kHz, avg speed    9.078 kHz), accepted      117/   90001 events ( 0.13%)
Processed   100000/  249490 entries, 40.08% (elapsed time    10.8s, curr speed   11.703 kHz, avg speed    9.286 kHz), accepted      129/  100001 events ( 0.13%)
Processed   110000/  249490 entries, 44.09% (elapsed time    11.6s, curr speed   11.881 kHz, avg speed    9.474 kHz), accepted      145/  110001 events ( 0.13%)
Processed   120000/  249490 entries, 48.10% (elapsed time    12.5s, curr speed   11.853 kHz, avg speed    9.636 kHz), accepted      157/  120001 events ( 0.13%)
Processed   130000/  249490 entries, 52.11% (elapsed time    13.2s, curr speed   13.390 kHz, avg speed    9.848 kHz), accepted      176/  130001 events ( 0.14%)
Processed   140000/  249490 entries, 56.11% (elapsed time    14.6s, curr speed    7.160 kHz, avg speed    9.591 kHz), accepted      186/  140001 events ( 0.13%)
Processed   150000/  249490 entries, 60.12% (elapsed time    15.7s, curr speed    9.438 kHz, avg speed    9.580 kHz), accepted      203/  150001 events ( 0.14%)
Processed   160000/  249490 entries, 64.13% (elapsed time    16.6s, curr speed   11.065 kHz, avg speed    9.661 kHz), accepted      210/  160001 events ( 0.13%)
Processed   170000/  249490 entries, 68.14% (elapsed time    17.4s, curr speed   12.171 kHz, avg speed    9.780 kHz), accepted      223/  170001 events ( 0.13%)
Processed   180000/  249490 entries, 72.15% (elapsed time    18.3s, curr speed   10.363 kHz, avg speed    9.811 kHz), accepted      242/  180001 events ( 0.13%)
Processed   190000/  249490 entries, 76.16% (elapsed time    19.1s, curr speed   13.068 kHz, avg speed    9.941 kHz), accepted      251/  190001 events ( 0.13%)
Processed   200000/  249490 entries, 80.16% (elapsed time    20.1s, curr speed   10.519 kHz, avg speed    9.969 kHz), accepted      260/  200001 events ( 0.13%)
Processed   210000/  249490 entries, 84.17% (elapsed time    21.1s, curr speed    9.428 kHz, avg speed    9.941 kHz), accepted      278/  210001 events ( 0.13%)
Processed   220000/  249490 entries, 88.18% (elapsed time    22.0s, curr speed   11.616 kHz, avg speed   10.007 kHz), accepted      288/  220001 events ( 0.13%)
Processed   230000/  249490 entries, 92.19% (elapsed time    23.1s, curr speed    8.906 kHz, avg speed    9.953 kHz), accepted      304/  230001 events ( 0.13%)
Processed   240000/  249490 entries, 96.20% (elapsed time    24.1s, curr speed    9.924 kHz, avg speed    9.952 kHz), accepted      319/  240001 events ( 0.13%)
Processed 249490 preselected entries from /eos/cms/store/group/phys_tau/TauFW/nano/UL2017/WJetsToLNu_TuneCP5_13TeV-madgraphMLM-pythia8/RunIISummer19UL17NanoAODv2-106X_mc2017_realistic_v8-v1/NANOAODSIM/B81D879D-7059-EB49-BDE2-B94FE0D5E8F4_skimjec_1.root (249490 entries). Finally selected 330 entries
Total time 126.7 sec. to process 1247622 events. Rate = 9845.7 Hz.
>>> cwd          = /pool/condor/dir_29073
>>> ls           = ['.update.ad', '.job.ad', 'tmp', 'lvigilan.cc', 'condor_exec.exe', 'x509_voms', '.machine.ad', '.chirp.config', 'pico_etau_EES0p99_50.root', '_condor_stdout', 'var']
>>> getstorage('/eos/home-l/lvigilan/output_ETauFR_UL17_RUN1/UL2017/etau/WJetsToLNu'), <EOS("/eos/home-l/lvigilan/output_ETauFR_UL17_RUN1/UL2017/etau/WJetsToLNu") at 0x2afcc52d98d0>
>>> Executing: 'cp ./pico_etau_EES0p99_50.root /eos/home-l/lvigilan/output_ETauFR_UL17_RUN1/UL2017/etau/WJetsToLNu'
>>> Removing './pico_etau_EES0p99_50.root'...
>>> picojob.py done after 153.2 seconds

Job complete at Mon Jun  7 23:05:13 CEST 2021
Took 2 minutes 35 seconds040 (2367875.050.000) 06/07 23:05:13 Finished transferring output files
...
005 (2367875.050.000) 06/07 23:05:14 Job terminated.
	(1) Normal termination (return value 0)
		Usr 0 00:01:51, Sys 0 00:00:05  -  Run Remote Usage
		Usr 0 00:00:00, Sys 0 00:00:00  -  Run Local Usage
		Usr 0 00:01:51, Sys 0 00:00:05  -  Total Remote Usage
		Usr 0 00:00:00, Sys 0 00:00:00  -  Total Local Usage
	36994  -  Run Bytes Sent By Job
	9898  -  Run Bytes Received By Job
	36994  -  Total Bytes Sent By Job
	9898  -  Total Bytes Received By Job
	Partitionable Resources :    Usage  Request Allocated 
	   Cpus                 :     0.87        1         1 
	   Disk (KB)            :   105           1    287750 
	   Memory (MB)          :    82        2000      2000 

	Job terminated of its own accord at 2021-06-07T21:05:13Z.
...
