Could not find platform independent libraries <prefix>
Could not find platform dependent libraries <exec_prefix>
Consider setting $PYTHONHOME to <prefix>[:<exec_prefix>]
ImportError: No module named site
Job start at Mon Jun  7 19:09:15 CEST 2021
Running job on machine Linux b7g23n2735.cern.ch 3.10.0-1160.24.1.el7.x86_64 #1 SMP Thu Apr 8 19:51:47 UTC 2021 x86_64 x86_64 x86_64 GNU/Linux, host b7g23n2735.cern.ch
============================================================
$PWD=/pool/condor/dir_2576
$JOBID=2367594
$TASKID=113
$HOSTNAME=b7g23n2735.cern.ch
$TASKCMD=/afs/cern.ch/work/l/lvigilan/TauWork/CMSSW_10_6_17_patch1/src/TauFW/PicoProducer/python/processors/picojob.py -y UL2017 -d 'mc' -c etau -M ETauFakeRate.ModuleETau --copydir /eos/home-l/lvigilan/output_ETauFR_UL17_RUN1/UL2017/etau/WJetsToLNu -t _etau_113 --opt 'useT1=True' -i /eos/cms/store/group/phys_tau/TauFW/nano/UL2017/WJetsToLNu_TuneCP5_13TeV-madgraphMLM-pythia8/RunIISummer20UL17NanoAODv2-106X_mc2017_realistic_v8-v1/NANOAODSIM/ADC8DB06-92C5-1742-BCD5-FFBAE1F8C9C4_skimjec_1.root /eos/cms/store/group/phys_tau/TauFW/nano/UL2017/WJetsToLNu_TuneCP5_13TeV-madgraphMLM-pythia8/RunIISummer20UL17NanoAODv2-106X_mc2017_realistic_v8-v1/NANOAODSIM/ADC8DB06-92C5-1742-BCD5-FFBAE1F8C9C4_skimjec_2.root /eos/cms/store/group/phys_tau/TauFW/nano/UL2017/WJetsToLNu_TuneCP5_13TeV-madgraphMLM-pythia8/RunIISummer20UL17NanoAODv2-106X_mc2017_realistic_v8-v1/NANOAODSIM/ADC8DB06-92C5-1742-BCD5-FFBAE1F8C9C4_skimjec_3.root /eos/cms/store/group/phys_tau/TauFW/nano/UL2017/WJetsToLNu_TuneCP5_13TeV-madgraphMLM-pythia8/RunIISummer20UL17NanoAODv2-106X_mc2017_realistic_v8-v1/NANOAODSIM/ADC8DB06-92C5-1742-BCD5-FFBAE1F8C9C4_skimjec_4.root /eos/cms/store/group/phys_tau/TauFW/nano/UL2017/WJetsToLNu_TuneCP5_13TeV-madgraphMLM-pythia8/RunIISummer20UL17NanoAODv2-106X_mc2017_realistic_v8-v1/NANOAODSIM/ADC8DB06-92C5-1742-BCD5-FFBAE1F8C9C4_skimjec_5.root
$WORKDIR=/pool/condor/dir_2576
>>> cd /afs/cern.ch/work/l/lvigilan/TauWork/CMSSW_10_6_17_patch1/src
>>> eval `scramv1 runtime -sh`
>>> cd /pool/condor/dir_2576
$PWD=/pool/condor/dir_2576
>>> /afs/cern.ch/work/l/lvigilan/TauWork/CMSSW_10_6_17_patch1/src/TauFW/PicoProducer/python/processors/picojob.py -y UL2017 -d 'mc' -c etau -M ETauFakeRate.ModuleETau --copydir /eos/home-l/lvigilan/output_ETauFR_UL17_RUN1/UL2017/etau/WJetsToLNu -t _etau_113 --opt 'useT1=True' -i /eos/cms/store/group/phys_tau/TauFW/nano/UL2017/WJetsToLNu_TuneCP5_13TeV-madgraphMLM-pythia8/RunIISummer20UL17NanoAODv2-106X_mc2017_realistic_v8-v1/NANOAODSIM/ADC8DB06-92C5-1742-BCD5-FFBAE1F8C9C4_skimjec_1.root /eos/cms/store/group/phys_tau/TauFW/nano/UL2017/WJetsToLNu_TuneCP5_13TeV-madgraphMLM-pythia8/RunIISummer20UL17NanoAODv2-106X_mc2017_realistic_v8-v1/NANOAODSIM/ADC8DB06-92C5-1742-BCD5-FFBAE1F8C9C4_skimjec_2.root /eos/cms/store/group/phys_tau/TauFW/nano/UL2017/WJetsToLNu_TuneCP5_13TeV-madgraphMLM-pythia8/RunIISummer20UL17NanoAODv2-106X_mc2017_realistic_v8-v1/NANOAODSIM/ADC8DB06-92C5-1742-BCD5-FFBAE1F8C9C4_skimjec_3.root /eos/cms/store/group/phys_tau/TauFW/nano/UL2017/WJetsToLNu_TuneCP5_13TeV-madgraphMLM-pythia8/RunIISummer20UL17NanoAODv2-106X_mc2017_realistic_v8-v1/NANOAODSIM/ADC8DB06-92C5-1742-BCD5-FFBAE1F8C9C4_skimjec_4.root /eos/cms/store/group/phys_tau/TauFW/nano/UL2017/WJetsToLNu_TuneCP5_13TeV-madgraphMLM-pythia8/RunIISummer20UL17NanoAODv2-106X_mc2017_realistic_v8-v1/NANOAODSIM/ADC8DB06-92C5-1742-BCD5-FFBAE1F8C9C4_skimjec_5.root
Error in <TGClient::TGClient>: can't open display "localhost:19.0", switching to batch mode...
 In case you run from a remote ssh session, reconnect with ssh -Y
--------------------------------------------------------------------------------
>>> era          = 'UL2017'
>>> year         = 2017
>>> channel      = 'etau'
>>> modname      = 'ETauFakeRate.ModuleETau'
>>> dtype        = 'mc'
>>> kwargs       = {'useT1': True, 'dtype': 'mc', 'verb': 0, 'era': 'UL2017', 'year': 2017}
>>> firstevt     = 0
>>> maxevts      = None
>>> outdir       = '.'
>>> copydir      = '/eos/home-l/lvigilan/output_ETauFR_UL17_RUN1/UL2017/etau/WJetsToLNu'
>>> infiles      = ['/eos/cms/store/group/phys_tau/TauFW/nano/UL2017/WJetsToLNu_TuneCP5_13TeV-madgraphMLM-pythia8/RunIISummer20UL17NanoAODv2-106X_mc2017_realistic_v8-v1/NANOAODSIM/ADC8DB06-92C5-1742-BCD5-FFBAE1F8C9C4_skimjec_1.root', '/eos/cms/store/group/phys_tau/TauFW/nano/UL2017/WJetsToLNu_TuneCP5_13TeV-madgraphMLM-pythia8/RunIISummer20UL17NanoAODv2-106X_mc2017_realistic_v8-v1/NANOAODSIM/ADC8DB06-92C5-1742-BCD5-FFBAE1F8C9C4_skimjec_2.root', '/eos/cms/store/group/phys_tau/TauFW/nano/UL2017/WJetsToLNu_TuneCP5_13TeV-madgraphMLM-pythia8/RunIISummer20UL17NanoAODv2-106X_mc2017_realistic_v8-v1/NANOAODSIM/ADC8DB06-92C5-1742-BCD5-FFBAE1F8C9C4_skimjec_3.root', '/eos/cms/store/group/phys_tau/TauFW/nano/UL2017/WJetsToLNu_TuneCP5_13TeV-madgraphMLM-pythia8/RunIISummer20UL17NanoAODv2-106X_mc2017_realistic_v8-v1/NANOAODSIM/ADC8DB06-92C5-1742-BCD5-FFBAE1F8C9C4_skimjec_4.root', '/eos/cms/store/group/phys_tau/TauFW/nano/UL2017/WJetsToLNu_TuneCP5_13TeV-madgraphMLM-pythia8/RunIISummer20UL17NanoAODv2-106X_mc2017_realistic_v8-v1/NANOAODSIM/ADC8DB06-92C5-1742-BCD5-FFBAE1F8C9C4_skimjec_5.root']
>>> outfname     = './pico_etau_113.root'
>>> branchsel    = '/afs/cern.ch/work/l/lvigilan/TauWork/CMSSW_10_6_17_patch1/python/TauFW/PicoProducer/processors/keep_and_drop_skim.txt'
>>> json         = None
>>> prefetch     = False
>>> cwd          = /pool/condor/dir_2576
--------------------------------------------------------------------------------

   ################
   #  ModuleETau  #
   ################

Loading PileupWeightTool for '/afs/cern.ch/work/l/lvigilan/TauWork/CMSSW_10_6_17_patch1/src/TauFW/PicoProducer/data/pileup/Data_PileUp_UL2017_69p2.root' and '/afs/cern.ch/work/l/lvigilan/TauWork/CMSSW_10_6_17_patch1/src/TauFW/PicoProducer/data/pileup/MC_PileUp_UL2017_Summer19.root'
Loading BTagWeightTool for DeepCSV (medium WP)...
>>> BTagTool: [1m[33mWarning! [0m[33mHistogram 'etau/eff_DeepCSV_udsg_medium' does not exist in /afs/cern.ch/work/l/lvigilan/TauWork/CMSSW_10_6_17_patch1/src/TauFW/PicoProducer/data/btag/DeepCSV_2017_12Apr2017_eff.root! Reverting to default efficiency histogram...[0m
>>> BTagTool: [1m[33mWarning! [0m[33mHistogram 'etau/eff_DeepCSV_c_medium' does not exist in /afs/cern.ch/work/l/lvigilan/TauWork/CMSSW_10_6_17_patch1/src/TauFW/PicoProducer/data/btag/DeepCSV_2017_12Apr2017_eff.root! Reverting to default efficiency histogram...[0m
>>> BTagTool: [1m[33mWarning! [0m[33mHistogram 'etau/eff_DeepCSV_b_medium' does not exist in /afs/cern.ch/work/l/lvigilan/TauWork/CMSSW_10_6_17_patch1/src/TauFW/PicoProducer/data/btag/DeepCSV_2017_12Apr2017_eff.root! Reverting to default efficiency histogram...[0m
>>> BTagTool: [1m[33mWarning! [0m[33mMade use of default efficiency histograms! The b tag weights from this module should be regarded as placeholders only,
and should NOT be used for analyses. B (mis)tag efficiencies in MC are analysis dependent. Please create your own
efficiency histogram with data/btag/getBTagEfficiencies.py after running all MC samples with BTagWeightTool.[0m
Loading TreeProducerETau for './pico_etau_113.root'
--------------------------------------------------------------------------------
>>> filename     = './pico_etau_113.root'
>>> year         = 2017
>>> dtype        = 'mc'
>>> channel      = 'etau'
>>> ismc         = True
>>> isdata       = False
>>> isembed      = False
>>> tes          = 1.0
>>> tessys       = None
>>> fes          = None
>>> ltf          = None
>>> jtf          = 1.0
>>> dotoppt      = False
>>> dozpt        = False
>>> dojec        = True
>>> dojecsys     = True
>>> dotight      = False
>>> useT1        = True
>>> jetCutPt     = 30
>>> bjetCutEta   = 2.7
>>> tauwp        = 0
>>> eleCutPt     = 36
>>> eleCutEta    = 2.1
>>> tauCutPt     = 20
>>> tauCutEta    = 2.3
>>> ZpeekReso    = 0.1
Pre-select 249483 entries out of 249483 (100.00%)
Processed    10000/  249483 entries,  4.01% (elapsed time     6.0s, curr speed    1.678 kHz, avg speed    1.678 kHz), accepted       14/   10001 events ( 0.14%)
Processed    20000/  249483 entries,  8.02% (elapsed time     7.6s, curr speed    5.922 kHz, avg speed    2.615 kHz), accepted       20/   20001 events ( 0.10%)
Processed    30000/  249483 entries, 12.02% (elapsed time     9.3s, curr speed    6.222 kHz, avg speed    3.241 kHz), accepted       25/   30001 events ( 0.08%)
Processed    40000/  249483 entries, 16.03% (elapsed time    11.1s, curr speed    5.341 kHz, avg speed    3.595 kHz), accepted       30/   40001 events ( 0.07%)
Processed    50000/  249483 entries, 20.04% (elapsed time    12.8s, curr speed    5.962 kHz, avg speed    3.905 kHz), accepted       41/   50001 events ( 0.08%)
Processed    60000/  249483 entries, 24.05% (elapsed time    14.8s, curr speed    4.930 kHz, avg speed    4.045 kHz), accepted       60/   60001 events ( 0.10%)
Processed    70000/  249483 entries, 28.06% (elapsed time    16.4s, curr speed    6.235 kHz, avg speed    4.259 kHz), accepted       75/   70001 events ( 0.11%)
Processed    80000/  249483 entries, 32.07% (elapsed time    18.1s, curr speed    6.183 kHz, avg speed    4.431 kHz), accepted       84/   80001 events ( 0.10%)
Processed    90000/  249483 entries, 36.07% (elapsed time    19.6s, curr speed    6.536 kHz, avg speed    4.595 kHz), accepted      100/   90001 events ( 0.11%)
Processed   100000/  249483 entries, 40.08% (elapsed time    22.0s, curr speed    4.180 kHz, avg speed    4.550 kHz), accepted      115/  100001 events ( 0.11%)
Processed   110000/  249483 entries, 44.09% (elapsed time    24.0s, curr speed    4.862 kHz, avg speed    4.577 kHz), accepted      126/  110001 events ( 0.11%)
Processed   120000/  249483 entries, 48.10% (elapsed time    27.1s, curr speed    3.225 kHz, avg speed    4.422 kHz), accepted      142/  120001 events ( 0.12%)
Processed   130000/  249483 entries, 52.11% (elapsed time    29.5s, curr speed    4.268 kHz, avg speed    4.410 kHz), accepted      163/  130001 events ( 0.13%)
Processed   140000/  249483 entries, 56.12% (elapsed time    31.6s, curr speed    4.787 kHz, avg speed    4.435 kHz), accepted      177/  140001 events ( 0.13%)
Processed   150000/  249483 entries, 60.12% (elapsed time    33.5s, curr speed    5.147 kHz, avg speed    4.476 kHz), accepted      188/  150001 events ( 0.13%)
Processed   160000/  249483 entries, 64.13% (elapsed time    35.4s, curr speed    5.412 kHz, avg speed    4.525 kHz), accepted      203/  160001 events ( 0.13%)
Processed   170000/  249483 entries, 68.14% (elapsed time    38.2s, curr speed    3.465 kHz, avg speed    4.445 kHz), accepted      218/  170001 events ( 0.13%)
Processed   180000/  249483 entries, 72.15% (elapsed time    39.9s, curr speed    5.945 kHz, avg speed    4.508 kHz), accepted      229/  180001 events ( 0.13%)
Processed   190000/  249483 entries, 76.16% (elapsed time    41.8s, curr speed    5.346 kHz, avg speed    4.546 kHz), accepted      235/  190001 events ( 0.12%)
Processed   200000/  249483 entries, 80.17% (elapsed time    44.2s, curr speed    4.199 kHz, avg speed    4.527 kHz), accepted      245/  200001 events ( 0.12%)
Processed   210000/  249483 entries, 84.17% (elapsed time    45.9s, curr speed    5.934 kHz, avg speed    4.579 kHz), accepted      256/  210001 events ( 0.12%)
Processed   220000/  249483 entries, 88.18% (elapsed time    47.7s, curr speed    5.384 kHz, avg speed    4.610 kHz), accepted      273/  220001 events ( 0.12%)
Processed   230000/  249483 entries, 92.19% (elapsed time    49.4s, curr speed    5.821 kHz, avg speed    4.652 kHz), accepted      281/  230001 events ( 0.12%)
Processed   240000/  249483 entries, 96.20% (elapsed time    51.2s, curr speed    5.833 kHz, avg speed    4.692 kHz), accepted      292/  240001 events ( 0.12%)
Processed 249483 preselected entries from /eos/cms/store/group/phys_tau/TauFW/nano/UL2017/WJetsToLNu_TuneCP5_13TeV-madgraphMLM-pythia8/RunIISummer20UL17NanoAODv2-106X_mc2017_realistic_v8-v1/NANOAODSIM/ADC8DB06-92C5-1742-BCD5-FFBAE1F8C9C4_skimjec_1.root (249483 entries). Finally selected 307 entries
Pre-select 249483 entries out of 249483 (100.00%)
Processed    10000/  249483 entries,  4.01% (elapsed time     7.6s, curr speed    1.317 kHz, avg speed    1.317 kHz), accepted       18/   10001 events ( 0.18%)
Processed    20000/  249483 entries,  8.02% (elapsed time     9.3s, curr speed    5.694 kHz, avg speed    2.139 kHz), accepted       35/   20001 events ( 0.17%)
Processed    30000/  249483 entries, 12.02% (elapsed time    11.2s, curr speed    5.341 kHz, avg speed    2.673 kHz), accepted       46/   30001 events ( 0.15%)
Processed    40000/  249483 entries, 16.03% (elapsed time    12.7s, curr speed    6.977 kHz, avg speed    3.161 kHz), accepted       63/   40001 events ( 0.16%)
Processed    50000/  249483 entries, 20.04% (elapsed time    14.2s, curr speed    6.506 kHz, avg speed    3.523 kHz), accepted       86/   50001 events ( 0.17%)
Processed    60000/  249483 entries, 24.05% (elapsed time    15.8s, curr speed    6.170 kHz, avg speed    3.794 kHz), accepted       97/   60001 events ( 0.16%)
Processed    70000/  249483 entries, 28.06% (elapsed time    17.3s, curr speed    6.904 kHz, avg speed    4.055 kHz), accepted      108/   70001 events ( 0.15%)
Processed    80000/  249483 entries, 32.07% (elapsed time    19.1s, curr speed    5.372 kHz, avg speed    4.183 kHz), accepted      120/   80001 events ( 0.15%)
Processed    90000/  249483 entries, 36.07% (elapsed time    20.7s, curr speed    6.344 kHz, avg speed    4.348 kHz), accepted      135/   90001 events ( 0.15%)
Processed   100000/  249483 entries, 40.08% (elapsed time    22.8s, curr speed    4.831 kHz, avg speed    4.392 kHz), accepted      152/  100001 events ( 0.15%)
Processed   110000/  249483 entries, 44.09% (elapsed time    24.5s, curr speed    5.709 kHz, avg speed    4.486 kHz), accepted      162/  110001 events ( 0.15%)
Processed   120000/  249483 entries, 48.10% (elapsed time    27.4s, curr speed    3.509 kHz, avg speed    4.384 kHz), accepted      176/  120001 events ( 0.15%)
Processed   130000/  249483 entries, 52.11% (elapsed time    40.0s, curr speed    0.794 kHz, avg speed    3.253 kHz), accepted      186/  130001 events ( 0.14%)
Processed   140000/  249483 entries, 56.12% (elapsed time    42.7s, curr speed    3.604 kHz, avg speed    3.276 kHz), accepted      198/  140001 events ( 0.14%)
Processed   150000/  249483 entries, 60.12% (elapsed time    44.6s, curr speed    5.343 kHz, avg speed    3.362 kHz), accepted      214/  150001 events ( 0.14%)
Processed   160000/  249483 entries, 64.13% (elapsed time    46.6s, curr speed    5.042 kHz, avg speed    3.434 kHz), accepted      229/  160001 events ( 0.14%)
Processed   170000/  249483 entries, 68.14% (elapsed time    50.1s, curr speed    2.848 kHz, avg speed    3.393 kHz), accepted      241/  170001 events ( 0.14%)
Processed   180000/  249483 entries, 72.15% (elapsed time    52.0s, curr speed    5.342 kHz, avg speed    3.463 kHz), accepted      258/  180001 events ( 0.14%)
Processed   190000/  249483 entries, 76.16% (elapsed time    53.8s, curr speed    5.496 kHz, avg speed    3.532 kHz), accepted      270/  190001 events ( 0.14%)
Processed   200000/  249483 entries, 80.17% (elapsed time    55.5s, curr speed    5.883 kHz, avg speed    3.604 kHz), accepted      280/  200001 events ( 0.14%)
Processed   210000/  249483 entries, 84.17% (elapsed time    56.9s, curr speed    7.082 kHz, avg speed    3.690 kHz), accepted      294/  210001 events ( 0.14%)
Processed   220000/  249483 entries, 88.18% (elapsed time    58.5s, curr speed    6.336 kHz, avg speed    3.761 kHz), accepted      306/  220001 events ( 0.14%)
Processed   230000/  249483 entries, 92.19% (elapsed time    60.8s, curr speed    4.325 kHz, avg speed    3.783 kHz), accepted      323/  230001 events ( 0.14%)
Processed   240000/  249483 entries, 96.20% (elapsed time    62.6s, curr speed    5.587 kHz, avg speed    3.834 kHz), accepted      332/  240001 events ( 0.14%)
Processed 249483 preselected entries from /eos/cms/store/group/phys_tau/TauFW/nano/UL2017/WJetsToLNu_TuneCP5_13TeV-madgraphMLM-pythia8/RunIISummer20UL17NanoAODv2-106X_mc2017_realistic_v8-v1/NANOAODSIM/ADC8DB06-92C5-1742-BCD5-FFBAE1F8C9C4_skimjec_2.root (249483 entries). Finally selected 351 entries
Pre-select 249483 entries out of 249483 (100.00%)
Processed    10000/  249483 entries,  4.01% (elapsed time     5.2s, curr speed    1.905 kHz, avg speed    1.905 kHz), accepted       16/   10001 events ( 0.16%)
Processed    20000/  249483 entries,  8.02% (elapsed time     6.9s, curr speed    5.993 kHz, avg speed    2.891 kHz), accepted       38/   20001 events ( 0.19%)
Processed    30000/  249483 entries, 12.02% (elapsed time     8.8s, curr speed    5.237 kHz, avg speed    3.399 kHz), accepted       51/   30001 events ( 0.17%)
Processed    40000/  249483 entries, 16.03% (elapsed time    10.5s, curr speed    5.915 kHz, avg speed    3.803 kHz), accepted       68/   40001 events ( 0.17%)
Processed    50000/  249483 entries, 20.04% (elapsed time    12.3s, curr speed    5.727 kHz, avg speed    4.077 kHz), accepted       78/   50001 events ( 0.16%)
Processed    60000/  249483 entries, 24.05% (elapsed time    13.9s, curr speed    6.063 kHz, avg speed    4.312 kHz), accepted       94/   60001 events ( 0.16%)
Processed    70000/  249483 entries, 28.06% (elapsed time    15.7s, curr speed    5.710 kHz, avg speed    4.469 kHz), accepted      105/   70001 events ( 0.15%)
Processed    80000/  249483 entries, 32.07% (elapsed time    17.1s, curr speed    6.888 kHz, avg speed    4.674 kHz), accepted      116/   80001 events ( 0.14%)
Processed    90000/  249483 entries, 36.07% (elapsed time    19.0s, curr speed    5.217 kHz, avg speed    4.729 kHz), accepted      133/   90001 events ( 0.15%)
Processed   100000/  249483 entries, 40.08% (elapsed time    20.8s, curr speed    5.634 kHz, avg speed    4.806 kHz), accepted      147/  100001 events ( 0.15%)
Processed   110000/  249483 entries, 44.09% (elapsed time    22.3s, curr speed    6.506 kHz, avg speed    4.923 kHz), accepted      157/  110001 events ( 0.14%)
Processed   120000/  249483 entries, 48.10% (elapsed time    25.7s, curr speed    2.972 kHz, avg speed    4.667 kHz), accepted      166/  120001 events ( 0.14%)
Processed   130000/  249483 entries, 52.11% (elapsed time    27.4s, curr speed    5.835 kHz, avg speed    4.740 kHz), accepted      176/  130001 events ( 0.14%)
Processed   140000/  249483 entries, 56.12% (elapsed time    29.6s, curr speed    4.653 kHz, avg speed    4.734 kHz), accepted      195/  140001 events ( 0.14%)
Processed   150000/  249483 entries, 60.12% (elapsed time    31.9s, curr speed    4.244 kHz, avg speed    4.698 kHz), accepted      215/  150001 events ( 0.14%)
Processed   160000/  249483 entries, 64.13% (elapsed time    33.6s, curr speed    6.118 kHz, avg speed    4.767 kHz), accepted      230/  160001 events ( 0.14%)
Processed   170000/  249483 entries, 68.14% (elapsed time    36.2s, curr speed    3.851 kHz, avg speed    4.701 kHz), accepted      242/  170001 events ( 0.14%)
Processed   180000/  249483 entries, 72.15% (elapsed time    38.0s, curr speed    5.387 kHz, avg speed    4.735 kHz), accepted      255/  180001 events ( 0.14%)
Processed   190000/  249483 entries, 76.16% (elapsed time    40.0s, curr speed    5.143 kHz, avg speed    4.755 kHz), accepted      266/  190001 events ( 0.14%)
Processed   200000/  249483 entries, 80.17% (elapsed time    42.4s, curr speed    4.020 kHz, avg speed    4.712 kHz), accepted      284/  200001 events ( 0.14%)
Processed   210000/  249483 entries, 84.17% (elapsed time    44.5s, curr speed    4.885 kHz, avg speed    4.720 kHz), accepted      297/  210001 events ( 0.14%)
Processed   220000/  249483 entries, 88.18% (elapsed time    46.6s, curr speed    4.673 kHz, avg speed    4.717 kHz), accepted      306/  220001 events ( 0.14%)
Processed   230000/  249483 entries, 92.19% (elapsed time    49.3s, curr speed    3.784 kHz, avg speed    4.667 kHz), accepted      328/  230001 events ( 0.14%)
Processed   240000/  249483 entries, 96.20% (elapsed time    51.2s, curr speed    5.223 kHz, avg speed    4.688 kHz), accepted      338/  240001 events ( 0.14%)
Processed 249483 preselected entries from /eos/cms/store/group/phys_tau/TauFW/nano/UL2017/WJetsToLNu_TuneCP5_13TeV-madgraphMLM-pythia8/RunIISummer20UL17NanoAODv2-106X_mc2017_realistic_v8-v1/NANOAODSIM/ADC8DB06-92C5-1742-BCD5-FFBAE1F8C9C4_skimjec_3.root (249483 entries). Finally selected 350 entries
Pre-select 249483 entries out of 249483 (100.00%)
Processed    10000/  249483 entries,  4.01% (elapsed time     6.0s, curr speed    1.653 kHz, avg speed    1.653 kHz), accepted       13/   10001 events ( 0.13%)
Processed    20000/  249483 entries,  8.02% (elapsed time     7.8s, curr speed    5.875 kHz, avg speed    2.580 kHz), accepted       20/   20001 events ( 0.10%)
Processed    30000/  249483 entries, 12.02% (elapsed time     9.8s, curr speed    4.836 kHz, avg speed    3.055 kHz), accepted       37/   30001 events ( 0.12%)
Processed    40000/  249483 entries, 16.03% (elapsed time    11.7s, curr speed    5.350 kHz, avg speed    3.422 kHz), accepted       49/   40001 events ( 0.12%)
Processed    50000/  249483 entries, 20.04% (elapsed time    13.7s, curr speed    4.925 kHz, avg speed    3.645 kHz), accepted       58/   50001 events ( 0.12%)
Processed    60000/  249483 entries, 24.05% (elapsed time    16.1s, curr speed    4.176 kHz, avg speed    3.724 kHz), accepted       75/   60001 events ( 0.12%)
Processed    70000/  249483 entries, 28.06% (elapsed time    17.9s, curr speed    5.652 kHz, avg speed    3.914 kHz), accepted       89/   70001 events ( 0.13%)
Processed    80000/  249483 entries, 32.07% (elapsed time    20.3s, curr speed    4.223 kHz, avg speed    3.950 kHz), accepted      101/   80001 events ( 0.13%)
Processed    90000/  249483 entries, 36.07% (elapsed time    22.7s, curr speed    4.126 kHz, avg speed    3.969 kHz), accepted      118/   90001 events ( 0.13%)
Processed   100000/  249483 entries, 40.08% (elapsed time    24.7s, curr speed    5.048 kHz, avg speed    4.056 kHz), accepted      128/  100001 events ( 0.13%)
Processed   110000/  249483 entries, 44.09% (elapsed time    27.2s, curr speed    3.906 kHz, avg speed    4.042 kHz), accepted      145/  110001 events ( 0.13%)
Processed   120000/  249483 entries, 48.10% (elapsed time    29.1s, curr speed    5.400 kHz, avg speed    4.128 kHz), accepted      151/  120001 events ( 0.13%)
Processed   130000/  249483 entries, 52.11% (elapsed time    30.9s, curr speed    5.389 kHz, avg speed    4.204 kHz), accepted      164/  130001 events ( 0.13%)
Processed   140000/  249483 entries, 56.12% (elapsed time    35.6s, curr speed    2.141 kHz, avg speed    3.933 kHz), accepted      181/  140001 events ( 0.13%)
Processed   150000/  249483 entries, 60.12% (elapsed time    40.2s, curr speed    2.176 kHz, avg speed    3.732 kHz), accepted      201/  150001 events ( 0.13%)
Processed   160000/  249483 entries, 64.13% (elapsed time    42.1s, curr speed    5.172 kHz, avg speed    3.798 kHz), accepted      215/  160001 events ( 0.13%)
Processed   170000/  249483 entries, 68.14% (elapsed time    44.2s, curr speed    4.832 kHz, avg speed    3.847 kHz), accepted      227/  170001 events ( 0.13%)
Processed   180000/  249483 entries, 72.15% (elapsed time    46.3s, curr speed    4.797 kHz, avg speed    3.890 kHz), accepted      243/  180001 events ( 0.13%)
Processed   190000/  249483 entries, 76.16% (elapsed time    49.2s, curr speed    3.400 kHz, avg speed    3.860 kHz), accepted      254/  190001 events ( 0.13%)
Processed   200000/  249483 entries, 80.17% (elapsed time    51.2s, curr speed    5.062 kHz, avg speed    3.907 kHz), accepted      269/  200001 events ( 0.13%)
Processed   210000/  249483 entries, 84.17% (elapsed time    53.6s, curr speed    4.239 kHz, avg speed    3.921 kHz), accepted      286/  210001 events ( 0.14%)
Processed   220000/  249483 entries, 88.18% (elapsed time    55.5s, curr speed    5.111 kHz, avg speed    3.963 kHz), accepted      307/  220001 events ( 0.14%)
Processed   230000/  249483 entries, 92.19% (elapsed time    57.4s, curr speed    5.391 kHz, avg speed    4.009 kHz), accepted      320/  230001 events ( 0.14%)
Processed   240000/  249483 entries, 96.20% (elapsed time    59.3s, curr speed    5.078 kHz, avg speed    4.045 kHz), accepted      335/  240001 events ( 0.14%)
Processed 249483 preselected entries from /eos/cms/store/group/phys_tau/TauFW/nano/UL2017/WJetsToLNu_TuneCP5_13TeV-madgraphMLM-pythia8/RunIISummer20UL17NanoAODv2-106X_mc2017_realistic_v8-v1/NANOAODSIM/ADC8DB06-92C5-1742-BCD5-FFBAE1F8C9C4_skimjec_4.root (249483 entries). Finally selected 350 entries
Pre-select 249483 entries out of 249483 (100.00%)
Processed    10000/  249483 entries,  4.01% (elapsed time     4.9s, curr speed    2.029 kHz, avg speed    2.029 kHz), accepted        9/   10001 events ( 0.09%)
Processed    20000/  249483 entries,  8.02% (elapsed time     6.7s, curr speed    5.689 kHz, avg speed    2.992 kHz), accepted       23/   20001 events ( 0.11%)
Processed    30000/  249483 entries, 12.02% (elapsed time     9.0s, curr speed    4.397 kHz, avg speed    3.348 kHz), accepted       43/   30001 events ( 0.14%)
Processed    40000/  249483 entries, 16.03% (elapsed time    10.8s, curr speed    5.543 kHz, avg speed    3.716 kHz), accepted       60/   40001 events ( 0.15%)
Processed    50000/  249483 entries, 20.04% (elapsed time    12.9s, curr speed    4.588 kHz, avg speed    3.863 kHz), accepted       69/   50001 events ( 0.14%)
Processed    60000/  249483 entries, 24.05% (elapsed time    14.8s, curr speed    5.526 kHz, avg speed    4.067 kHz), accepted       83/   60001 events ( 0.14%)
Processed    70000/  249483 entries, 28.06% (elapsed time    16.6s, curr speed    5.396 kHz, avg speed    4.215 kHz), accepted      104/   70001 events ( 0.15%)
Processed    80000/  249483 entries, 32.07% (elapsed time    18.5s, curr speed    5.405 kHz, avg speed    4.334 kHz), accepted      117/   80001 events ( 0.15%)
Processed    90000/  249483 entries, 36.07% (elapsed time    20.3s, curr speed    5.402 kHz, avg speed    4.432 kHz), accepted      135/   90001 events ( 0.15%)
Processed   100000/  249483 entries, 40.08% (elapsed time    22.5s, curr speed    4.586 kHz, avg speed    4.447 kHz), accepted      158/  100001 events ( 0.16%)
Processed   110000/  249483 entries, 44.09% (elapsed time    24.2s, curr speed    5.928 kHz, avg speed    4.550 kHz), accepted      169/  110001 events ( 0.15%)
Processed   120000/  249483 entries, 48.10% (elapsed time    26.6s, curr speed    4.185 kHz, avg speed    4.517 kHz), accepted      177/  120001 events ( 0.15%)
Processed   130000/  249483 entries, 52.11% (elapsed time    28.8s, curr speed    4.488 kHz, avg speed    4.515 kHz), accepted      189/  130001 events ( 0.15%)
Processed   140000/  249483 entries, 56.12% (elapsed time    30.9s, curr speed    4.691 kHz, avg speed    4.527 kHz), accepted      200/  140001 events ( 0.14%)
Processed   150000/  249483 entries, 60.12% (elapsed time    32.6s, curr speed    5.901 kHz, avg speed    4.598 kHz), accepted      212/  150001 events ( 0.14%)
Processed   160000/  249483 entries, 64.13% (elapsed time    34.5s, curr speed    5.418 kHz, avg speed    4.642 kHz), accepted      220/  160001 events ( 0.14%)
Processed   170000/  249483 entries, 68.14% (elapsed time    36.8s, curr speed    4.209 kHz, avg speed    4.614 kHz), accepted      232/  170001 events ( 0.14%)
Processed   180000/  249483 entries, 72.15% (elapsed time    38.3s, curr speed    6.782 kHz, avg speed    4.698 kHz), accepted      246/  180001 events ( 0.14%)
Processed   190000/  249483 entries, 76.16% (elapsed time    40.0s, curr speed    6.097 kHz, avg speed    4.755 kHz), accepted      256/  190001 events ( 0.13%)
Processed   200000/  249483 entries, 80.17% (elapsed time    41.5s, curr speed    6.570 kHz, avg speed    4.822 kHz), accepted      268/  200001 events ( 0.13%)
Processed   210000/  249483 entries, 84.17% (elapsed time    43.4s, curr speed    5.277 kHz, avg speed    4.842 kHz), accepted      285/  210001 events ( 0.14%)
Processed   220000/  249483 entries, 88.18% (elapsed time    45.4s, curr speed    5.009 kHz, avg speed    4.849 kHz), accepted      299/  220001 events ( 0.14%)
Processed   230000/  249483 entries, 92.19% (elapsed time    47.2s, curr speed    5.416 kHz, avg speed    4.871 kHz), accepted      309/  230001 events ( 0.13%)
Processed   240000/  249483 entries, 96.20% (elapsed time    48.9s, curr speed    5.951 kHz, avg speed    4.908 kHz), accepted      320/  240001 events ( 0.13%)
Processed 249483 preselected entries from /eos/cms/store/group/phys_tau/TauFW/nano/UL2017/WJetsToLNu_TuneCP5_13TeV-madgraphMLM-pythia8/RunIISummer20UL17NanoAODv2-106X_mc2017_realistic_v8-v1/NANOAODSIM/ADC8DB06-92C5-1742-BCD5-FFBAE1F8C9C4_skimjec_5.root (249483 entries). Finally selected 330 entries
Total time 283.3 sec. to process 1247415 events. Rate = 4402.4 Hz.
>>> cwd          = /pool/condor/dir_2576
>>> ls           = ['var', '_condor_stdout', 'x509_voms', 'pico_etau_113.root', 'tmp', '.job.ad', '.chirp.config', 'condor_exec.exe', 'lvigilan.cc', '.machine.ad']
>>> getstorage('/eos/home-l/lvigilan/output_ETauFR_UL17_RUN1/UL2017/etau/WJetsToLNu'), <EOS("/eos/home-l/lvigilan/output_ETauFR_UL17_RUN1/UL2017/etau/WJetsToLNu") at 0x2b3a6c783b90>
>>> Executing: 'cp ./pico_etau_113.root /eos/home-l/lvigilan/output_ETauFR_UL17_RUN1/UL2017/etau/WJetsToLNu'
>>> Removing './pico_etau_113.root'...
>>> picojob.py done after 307.5 seconds

Job complete at Mon Jun  7 19:14:23 CEST 2021
Took 5 minutes 8 seconds040 (2367594.113.000) 06/07 19:14:23 Started transferring output files
...
040 (2367594.113.000) 06/07 19:14:23 Finished transferring output files
...
005 (2367594.113.000) 06/07 19:14:24 Job terminated.
	(1) Normal termination (return value 0)
		Usr 0 00:02:42, Sys 0 00:00:10  -  Run Remote Usage
		Usr 0 00:00:00, Sys 0 00:00:00  -  Run Local Usage
		Usr 0 00:02:42, Sys 0 00:00:10  -  Total Remote Usage
		Usr 0 00:00:00, Sys 0 00:00:00  -  Total Local Usage
	36883  -  Run Bytes Sent By Job
	9930  -  Run Bytes Received By Job
	36883  -  Total Bytes Sent By Job
	9930  -  Total Bytes Received By Job
	Partitionable Resources :    Usage  Request Allocated 
	   Cpus                 :                 1         1 
	   Disk (KB)            :       98        1    342711 
	   Memory (MB)          :      167     2000      2000 

	Job terminated of its own accord at 2021-06-07T17:14:23Z.
...
