Could not find platform independent libraries <prefix>
Could not find platform dependent libraries <exec_prefix>
Consider setting $PYTHONHOME to <prefix>[:<exec_prefix>]
ImportError: No module named site
Job start at Mon Jun  7 23:02:41 CEST 2021
Running job on machine Linux b7s12n4963.cern.ch 3.10.0-1160.21.1.el7.x86_64 #1 SMP Tue Mar 16 18:28:22 UTC 2021 x86_64 x86_64 x86_64 GNU/Linux, host b7s12n4963.cern.ch
============================================================
$PWD=/pool/condor/dir_10983
$JOBID=2367875
$TASKID=40
$HOSTNAME=b7s12n4963.cern.ch
$TASKCMD=/afs/cern.ch/work/l/lvigilan/TauWork/CMSSW_10_6_17_patch1/src/TauFW/PicoProducer/python/processors/picojob.py -y UL2017 -d 'mc' -c etau -M ETauFakeRate.ModuleETau --copydir /eos/home-l/lvigilan/output_ETauFR_UL17_RUN1/UL2017/etau/WJetsToLNu -t _etau_EES0p99_40 --opt 'ees=0.99' 'useT1=True' -i /eos/cms/store/group/phys_tau/TauFW/nano/UL2017/WJetsToLNu_TuneCP5_13TeV-madgraphMLM-pythia8/RunIISummer19UL17NanoAODv2-106X_mc2017_realistic_v8-v1/NANOAODSIM/8D33F5E5-608A-6B46-82E0-DF653A0A951E_skimjec_2.root /eos/cms/store/group/phys_tau/TauFW/nano/UL2017/WJetsToLNu_TuneCP5_13TeV-madgraphMLM-pythia8/RunIISummer19UL17NanoAODv2-106X_mc2017_realistic_v8-v1/NANOAODSIM/8D33F5E5-608A-6B46-82E0-DF653A0A951E_skimjec_3.root /eos/cms/store/group/phys_tau/TauFW/nano/UL2017/WJetsToLNu_TuneCP5_13TeV-madgraphMLM-pythia8/RunIISummer19UL17NanoAODv2-106X_mc2017_realistic_v8-v1/NANOAODSIM/8D33F5E5-608A-6B46-82E0-DF653A0A951E_skimjec_4.root /eos/cms/store/group/phys_tau/TauFW/nano/UL2017/WJetsToLNu_TuneCP5_13TeV-madgraphMLM-pythia8/RunIISummer19UL17NanoAODv2-106X_mc2017_realistic_v8-v1/NANOAODSIM/8D33F5E5-608A-6B46-82E0-DF653A0A951E_skimjec_5.root /eos/cms/store/group/phys_tau/TauFW/nano/UL2017/WJetsToLNu_TuneCP5_13TeV-madgraphMLM-pythia8/RunIISummer19UL17NanoAODv2-106X_mc2017_realistic_v8-v1/NANOAODSIM/8D33F5E5-608A-6B46-82E0-DF653A0A951E_skimjec_6.root
$WORKDIR=/pool/condor/dir_10983
>>> cd /afs/cern.ch/work/l/lvigilan/TauWork/CMSSW_10_6_17_patch1/src
>>> eval `scramv1 runtime -sh`
>>> cd /pool/condor/dir_10983
$PWD=/pool/condor/dir_10983
>>> /afs/cern.ch/work/l/lvigilan/TauWork/CMSSW_10_6_17_patch1/src/TauFW/PicoProducer/python/processors/picojob.py -y UL2017 -d 'mc' -c etau -M ETauFakeRate.ModuleETau --copydir /eos/home-l/lvigilan/output_ETauFR_UL17_RUN1/UL2017/etau/WJetsToLNu -t _etau_EES0p99_40 --opt 'ees=0.99' 'useT1=True' -i /eos/cms/store/group/phys_tau/TauFW/nano/UL2017/WJetsToLNu_TuneCP5_13TeV-madgraphMLM-pythia8/RunIISummer19UL17NanoAODv2-106X_mc2017_realistic_v8-v1/NANOAODSIM/8D33F5E5-608A-6B46-82E0-DF653A0A951E_skimjec_2.root /eos/cms/store/group/phys_tau/TauFW/nano/UL2017/WJetsToLNu_TuneCP5_13TeV-madgraphMLM-pythia8/RunIISummer19UL17NanoAODv2-106X_mc2017_realistic_v8-v1/NANOAODSIM/8D33F5E5-608A-6B46-82E0-DF653A0A951E_skimjec_3.root /eos/cms/store/group/phys_tau/TauFW/nano/UL2017/WJetsToLNu_TuneCP5_13TeV-madgraphMLM-pythia8/RunIISummer19UL17NanoAODv2-106X_mc2017_realistic_v8-v1/NANOAODSIM/8D33F5E5-608A-6B46-82E0-DF653A0A951E_skimjec_4.root /eos/cms/store/group/phys_tau/TauFW/nano/UL2017/WJetsToLNu_TuneCP5_13TeV-madgraphMLM-pythia8/RunIISummer19UL17NanoAODv2-106X_mc2017_realistic_v8-v1/NANOAODSIM/8D33F5E5-608A-6B46-82E0-DF653A0A951E_skimjec_5.root /eos/cms/store/group/phys_tau/TauFW/nano/UL2017/WJetsToLNu_TuneCP5_13TeV-madgraphMLM-pythia8/RunIISummer19UL17NanoAODv2-106X_mc2017_realistic_v8-v1/NANOAODSIM/8D33F5E5-608A-6B46-82E0-DF653A0A951E_skimjec_6.root
Error in <TGClient::TGClient>: can't open display "localhost:13.0", switching to batch mode...
 In case you run from a remote ssh session, reconnect with ssh -Y
--------------------------------------------------------------------------------
>>> era          = 'UL2017'
>>> year         = 2017
>>> channel      = 'etau'
>>> modname      = 'ETauFakeRate.ModuleETau'
>>> dtype        = 'mc'
>>> kwargs       = {'dtype': 'mc', 'ees': 0.99, 'useT1': True, 'verb': 0, 'era': 'UL2017', 'year': 2017}
>>> firstevt     = 0
>>> maxevts      = None
>>> outdir       = '.'
>>> copydir      = '/eos/home-l/lvigilan/output_ETauFR_UL17_RUN1/UL2017/etau/WJetsToLNu'
>>> infiles      = ['/eos/cms/store/group/phys_tau/TauFW/nano/UL2017/WJetsToLNu_TuneCP5_13TeV-madgraphMLM-pythia8/RunIISummer19UL17NanoAODv2-106X_mc2017_realistic_v8-v1/NANOAODSIM/8D33F5E5-608A-6B46-82E0-DF653A0A951E_skimjec_2.root', '/eos/cms/store/group/phys_tau/TauFW/nano/UL2017/WJetsToLNu_TuneCP5_13TeV-madgraphMLM-pythia8/RunIISummer19UL17NanoAODv2-106X_mc2017_realistic_v8-v1/NANOAODSIM/8D33F5E5-608A-6B46-82E0-DF653A0A951E_skimjec_3.root', '/eos/cms/store/group/phys_tau/TauFW/nano/UL2017/WJetsToLNu_TuneCP5_13TeV-madgraphMLM-pythia8/RunIISummer19UL17NanoAODv2-106X_mc2017_realistic_v8-v1/NANOAODSIM/8D33F5E5-608A-6B46-82E0-DF653A0A951E_skimjec_4.root', '/eos/cms/store/group/phys_tau/TauFW/nano/UL2017/WJetsToLNu_TuneCP5_13TeV-madgraphMLM-pythia8/RunIISummer19UL17NanoAODv2-106X_mc2017_realistic_v8-v1/NANOAODSIM/8D33F5E5-608A-6B46-82E0-DF653A0A951E_skimjec_5.root', '/eos/cms/store/group/phys_tau/TauFW/nano/UL2017/WJetsToLNu_TuneCP5_13TeV-madgraphMLM-pythia8/RunIISummer19UL17NanoAODv2-106X_mc2017_realistic_v8-v1/NANOAODSIM/8D33F5E5-608A-6B46-82E0-DF653A0A951E_skimjec_6.root']
>>> outfname     = './pico_etau_EES0p99_40.root'
>>> branchsel    = '/afs/cern.ch/work/l/lvigilan/TauWork/CMSSW_10_6_17_patch1/python/TauFW/PicoProducer/processors/keep_and_drop_skim.txt'
>>> json         = None
>>> prefetch     = False
>>> cwd          = /pool/condor/dir_10983
--------------------------------------------------------------------------------

   ################
   #  ModuleETau  #
   ################

Loading PileupWeightTool for '/afs/cern.ch/work/l/lvigilan/TauWork/CMSSW_10_6_17_patch1/src/TauFW/PicoProducer/data/pileup/Data_PileUp_UL2017_69p2.root' and '/afs/cern.ch/work/l/lvigilan/TauWork/CMSSW_10_6_17_patch1/src/TauFW/PicoProducer/data/pileup/MC_PileUp_UL2017_Summer19.root'
Loading BTagWeightTool for DeepCSV (medium WP)...
>>> BTagTool: [1m[33mWarning! [0m[33mHistogram 'etau/eff_DeepCSV_udsg_medium' does not exist in /afs/cern.ch/work/l/lvigilan/TauWork/CMSSW_10_6_17_patch1/src/TauFW/PicoProducer/data/btag/DeepCSV_2017_12Apr2017_eff.root! Reverting to default efficiency histogram...[0m
>>> BTagTool: [1m[33mWarning! [0m[33mHistogram 'etau/eff_DeepCSV_c_medium' does not exist in /afs/cern.ch/work/l/lvigilan/TauWork/CMSSW_10_6_17_patch1/src/TauFW/PicoProducer/data/btag/DeepCSV_2017_12Apr2017_eff.root! Reverting to default efficiency histogram...[0m
>>> BTagTool: [1m[33mWarning! [0m[33mHistogram 'etau/eff_DeepCSV_b_medium' does not exist in /afs/cern.ch/work/l/lvigilan/TauWork/CMSSW_10_6_17_patch1/src/TauFW/PicoProducer/data/btag/DeepCSV_2017_12Apr2017_eff.root! Reverting to default efficiency histogram...[0m
>>> BTagTool: [1m[33mWarning! [0m[33mMade use of default efficiency histograms! The b tag weights from this module should be regarded as placeholders only,
and should NOT be used for analyses. B (mis)tag efficiencies in MC are analysis dependent. Please create your own
efficiency histogram with data/btag/getBTagEfficiencies.py after running all MC samples with BTagWeightTool.[0m
Loading TreeProducerETau for './pico_etau_EES0p99_40.root'
--------------------------------------------------------------------------------
>>> filename     = './pico_etau_EES0p99_40.root'
>>> year         = 2017
>>> dtype        = 'mc'
>>> channel      = 'etau'
>>> ismc         = True
>>> isdata       = False
>>> isembed      = False
>>> tes          = 1.0
>>> tessys       = None
>>> fes          = None
>>> ltf          = None
>>> jtf          = 1.0
>>> dotoppt      = False
>>> dozpt        = False
>>> dojec        = True
>>> dojecsys     = True
>>> dotight      = False
>>> useT1        = True
>>> jetCutPt     = 30
>>> bjetCutEta   = 2.7
>>> tauwp        = 0
>>> eleCutPt     = 36
>>> eleCutEta    = 2.1
>>> tauCutPt     = 20
>>> tauCutEta    = 2.3
>>> ZpeekReso    = 0.1
Pre-select 249300 entries out of 249300 (100.00%)
Processed    10000/  249300 entries,  4.01% (elapsed time     6.1s, curr speed    1.631 kHz, avg speed    1.631 kHz), accepted       13/   10001 events ( 0.13%)
Processed    20000/  249300 entries,  8.02% (elapsed time     7.5s, curr speed    7.489 kHz, avg speed    2.678 kHz), accepted       28/   20001 events ( 0.14%)
Processed    30000/  249300 entries, 12.03% (elapsed time     8.5s, curr speed    9.288 kHz, avg speed    3.511 kHz), accepted       43/   30001 events ( 0.14%)
Processed    40000/  249300 entries, 16.04% (elapsed time     9.8s, curr speed    8.095 kHz, avg speed    4.090 kHz), accepted       60/   40001 events ( 0.15%)
Processed    50000/  249300 entries, 20.06% (elapsed time    11.0s, curr speed    8.376 kHz, avg speed    4.556 kHz), accepted       74/   50001 events ( 0.15%)
Processed    60000/  249300 entries, 24.07% (elapsed time    12.4s, curr speed    6.943 kHz, avg speed    4.833 kHz), accepted       91/   60001 events ( 0.15%)
Processed    70000/  249300 entries, 28.08% (elapsed time    13.8s, curr speed    7.223 kHz, avg speed    5.073 kHz), accepted      112/   70001 events ( 0.16%)
Processed    80000/  249300 entries, 32.09% (elapsed time    15.1s, curr speed    7.624 kHz, avg speed    5.294 kHz), accepted      136/   80001 events ( 0.17%)
Processed    90000/  249300 entries, 36.10% (elapsed time    16.3s, curr speed    8.645 kHz, avg speed    5.533 kHz), accepted      147/   90001 events ( 0.16%)
Processed   100000/  249300 entries, 40.11% (elapsed time    17.4s, curr speed    9.060 kHz, avg speed    5.757 kHz), accepted      164/  100001 events ( 0.16%)
Processed   110000/  249300 entries, 44.12% (elapsed time    18.8s, curr speed    7.176 kHz, avg speed    5.862 kHz), accepted      181/  110001 events ( 0.16%)
Processed   120000/  249300 entries, 48.13% (elapsed time    20.0s, curr speed    7.799 kHz, avg speed    5.986 kHz), accepted      190/  120001 events ( 0.16%)
Processed   130000/  249300 entries, 52.15% (elapsed time    21.1s, curr speed    9.541 kHz, avg speed    6.163 kHz), accepted      204/  130001 events ( 0.16%)
Processed   140000/  249300 entries, 56.16% (elapsed time    22.3s, curr speed    8.592 kHz, avg speed    6.290 kHz), accepted      216/  140001 events ( 0.15%)
Processed   150000/  249300 entries, 60.17% (elapsed time    23.5s, curr speed    7.882 kHz, avg speed    6.376 kHz), accepted      224/  150001 events ( 0.15%)
Processed   160000/  249300 entries, 64.18% (elapsed time    24.8s, curr speed    8.129 kHz, avg speed    6.463 kHz), accepted      238/  160001 events ( 0.15%)
Processed   170000/  249300 entries, 68.19% (elapsed time    25.9s, curr speed    8.975 kHz, avg speed    6.571 kHz), accepted      252/  170001 events ( 0.15%)
Processed   180000/  249300 entries, 72.20% (elapsed time    27.3s, curr speed    7.242 kHz, avg speed    6.605 kHz), accepted      273/  180001 events ( 0.15%)
Processed   190000/  249300 entries, 76.21% (elapsed time    28.9s, curr speed    6.234 kHz, avg speed    6.584 kHz), accepted      282/  190001 events ( 0.15%)
Processed   200000/  249300 entries, 80.22% (elapsed time    30.7s, curr speed    5.522 kHz, avg speed    6.522 kHz), accepted      296/  200001 events ( 0.15%)
Processed   210000/  249300 entries, 84.24% (elapsed time    32.6s, curr speed    5.308 kHz, avg speed    6.451 kHz), accepted      311/  210001 events ( 0.15%)
Processed   220000/  249300 entries, 88.25% (elapsed time    34.4s, curr speed    5.426 kHz, avg speed    6.396 kHz), accepted      317/  220001 events ( 0.14%)
Processed   230000/  249300 entries, 92.26% (elapsed time    36.0s, curr speed    6.232 kHz, avg speed    6.389 kHz), accepted      329/  230001 events ( 0.14%)
Processed   240000/  249300 entries, 96.27% (elapsed time    37.3s, curr speed    7.822 kHz, avg speed    6.438 kHz), accepted      342/  240001 events ( 0.14%)
Processed 249300 preselected entries from /eos/cms/store/group/phys_tau/TauFW/nano/UL2017/WJetsToLNu_TuneCP5_13TeV-madgraphMLM-pythia8/RunIISummer19UL17NanoAODv2-106X_mc2017_realistic_v8-v1/NANOAODSIM/8D33F5E5-608A-6B46-82E0-DF653A0A951E_skimjec_2.root (249300 entries). Finally selected 352 entries
Pre-select 249300 entries out of 249300 (100.00%)
Processed    10000/  249300 entries,  4.01% (elapsed time     5.1s, curr speed    1.962 kHz, avg speed    1.962 kHz), accepted        8/   10001 events ( 0.08%)
Processed    20000/  249300 entries,  8.02% (elapsed time     7.1s, curr speed    5.023 kHz, avg speed    2.822 kHz), accepted       21/   20001 events ( 0.10%)
Processed    30000/  249300 entries, 12.03% (elapsed time     8.7s, curr speed    6.229 kHz, avg speed    3.451 kHz), accepted       33/   30001 events ( 0.11%)
Processed    40000/  249300 entries, 16.04% (elapsed time    10.0s, curr speed    7.606 kHz, avg speed    3.997 kHz), accepted       52/   40001 events ( 0.13%)
Processed    50000/  249300 entries, 20.06% (elapsed time    12.0s, curr speed    5.067 kHz, avg speed    4.173 kHz), accepted       65/   50001 events ( 0.13%)
Processed    60000/  249300 entries, 24.07% (elapsed time    13.6s, curr speed    6.024 kHz, avg speed    4.398 kHz), accepted       78/   60001 events ( 0.13%)
Processed    70000/  249300 entries, 28.08% (elapsed time    15.2s, curr speed    6.438 kHz, avg speed    4.607 kHz), accepted       90/   70001 events ( 0.13%)
Processed    80000/  249300 entries, 32.09% (elapsed time    16.7s, curr speed    6.793 kHz, avg speed    4.800 kHz), accepted      103/   80001 events ( 0.13%)
Processed    90000/  249300 entries, 36.10% (elapsed time    18.3s, curr speed    6.310 kHz, avg speed    4.931 kHz), accepted      119/   90001 events ( 0.13%)
Processed   100000/  249300 entries, 40.11% (elapsed time    21.0s, curr speed    3.689 kHz, avg speed    4.770 kHz), accepted      129/  100001 events ( 0.13%)
Processed   110000/  249300 entries, 44.12% (elapsed time    22.3s, curr speed    7.608 kHz, avg speed    4.938 kHz), accepted      140/  110001 events ( 0.13%)
Processed   120000/  249300 entries, 48.13% (elapsed time    23.5s, curr speed    8.472 kHz, avg speed    5.116 kHz), accepted      152/  120001 events ( 0.13%)
Processed   130000/  249300 entries, 52.15% (elapsed time    24.8s, curr speed    7.246 kHz, avg speed    5.234 kHz), accepted      178/  130001 events ( 0.14%)
Processed   140000/  249300 entries, 56.16% (elapsed time    26.3s, curr speed    6.899 kHz, avg speed    5.326 kHz), accepted      194/  140001 events ( 0.14%)
Processed   150000/  249300 entries, 60.17% (elapsed time    27.5s, curr speed    8.089 kHz, avg speed    5.450 kHz), accepted      206/  150001 events ( 0.14%)
Processed   160000/  249300 entries, 64.18% (elapsed time    28.7s, curr speed    8.759 kHz, avg speed    5.582 kHz), accepted      216/  160001 events ( 0.13%)
Processed   170000/  249300 entries, 68.19% (elapsed time    30.2s, curr speed    6.615 kHz, avg speed    5.634 kHz), accepted      241/  170001 events ( 0.14%)
Processed   180000/  249300 entries, 72.20% (elapsed time    31.6s, curr speed    7.016 kHz, avg speed    5.696 kHz), accepted      258/  180001 events ( 0.14%)
Processed   190000/  249300 entries, 76.21% (elapsed time    33.1s, curr speed    6.864 kHz, avg speed    5.747 kHz), accepted      271/  190001 events ( 0.14%)
Processed   200000/  249300 entries, 80.22% (elapsed time    34.4s, curr speed    7.509 kHz, avg speed    5.816 kHz), accepted      279/  200001 events ( 0.14%)
Processed   210000/  249300 entries, 84.24% (elapsed time    35.8s, curr speed    7.287 kHz, avg speed    5.872 kHz), accepted      292/  210001 events ( 0.14%)
Processed   220000/  249300 entries, 88.25% (elapsed time    37.1s, curr speed    7.307 kHz, avg speed    5.925 kHz), accepted      299/  220001 events ( 0.14%)
Processed   230000/  249300 entries, 92.26% (elapsed time    38.6s, curr speed    6.691 kHz, avg speed    5.955 kHz), accepted      310/  230001 events ( 0.13%)
Processed   240000/  249300 entries, 96.27% (elapsed time    40.0s, curr speed    7.157 kHz, avg speed    5.997 kHz), accepted      324/  240001 events ( 0.13%)
Processed 249300 preselected entries from /eos/cms/store/group/phys_tau/TauFW/nano/UL2017/WJetsToLNu_TuneCP5_13TeV-madgraphMLM-pythia8/RunIISummer19UL17NanoAODv2-106X_mc2017_realistic_v8-v1/NANOAODSIM/8D33F5E5-608A-6B46-82E0-DF653A0A951E_skimjec_3.root (249300 entries). Finally selected 335 entries
Pre-select 249300 entries out of 249300 (100.00%)
Processed    10000/  249300 entries,  4.01% (elapsed time     4.2s, curr speed    2.393 kHz, avg speed    2.393 kHz), accepted       11/   10001 events ( 0.11%)
Processed    20000/  249300 entries,  8.02% (elapsed time     5.7s, curr speed    6.619 kHz, avg speed    3.515 kHz), accepted       25/   20001 events ( 0.12%)
Processed    30000/  249300 entries, 12.03% (elapsed time     7.1s, curr speed    7.176 kHz, avg speed    4.235 kHz), accepted       39/   30001 events ( 0.13%)
Processed    40000/  249300 entries, 16.04% (elapsed time     8.3s, curr speed    8.511 kHz, avg speed    4.843 kHz), accepted       48/   40001 events ( 0.12%)
Processed    50000/  249300 entries, 20.06% (elapsed time     9.8s, curr speed    6.514 kHz, avg speed    5.105 kHz), accepted       64/   50001 events ( 0.13%)
Processed    60000/  249300 entries, 24.07% (elapsed time    11.1s, curr speed    7.599 kHz, avg speed    5.401 kHz), accepted       75/   60001 events ( 0.12%)
Processed    70000/  249300 entries, 28.08% (elapsed time    12.6s, curr speed    6.656 kHz, avg speed    5.550 kHz), accepted       91/   70001 events ( 0.13%)
Processed    80000/  249300 entries, 32.09% (elapsed time    13.8s, curr speed    8.099 kHz, avg speed    5.777 kHz), accepted      104/   80001 events ( 0.13%)
Processed    90000/  249300 entries, 36.10% (elapsed time    15.4s, curr speed    6.468 kHz, avg speed    5.847 kHz), accepted      114/   90001 events ( 0.13%)
Processed   100000/  249300 entries, 40.11% (elapsed time    16.9s, curr speed    6.790 kHz, avg speed    5.929 kHz), accepted      128/  100001 events ( 0.13%)
Processed   110000/  249300 entries, 44.12% (elapsed time    18.2s, curr speed    7.415 kHz, avg speed    6.039 kHz), accepted      142/  110001 events ( 0.13%)
Processed   120000/  249300 entries, 48.13% (elapsed time    19.3s, curr speed    9.009 kHz, avg speed    6.210 kHz), accepted      153/  120001 events ( 0.13%)
Processed   130000/  249300 entries, 52.15% (elapsed time    20.7s, curr speed    7.043 kHz, avg speed    6.267 kHz), accepted      167/  130001 events ( 0.13%)
Processed   140000/  249300 entries, 56.16% (elapsed time    21.9s, curr speed    8.496 kHz, avg speed    6.386 kHz), accepted      178/  140001 events ( 0.13%)
Processed   150000/  249300 entries, 60.17% (elapsed time    23.2s, curr speed    8.098 kHz, avg speed    6.478 kHz), accepted      190/  150001 events ( 0.13%)
Processed   160000/  249300 entries, 64.18% (elapsed time    24.6s, curr speed    7.120 kHz, avg speed    6.514 kHz), accepted      201/  160001 events ( 0.13%)
Processed   170000/  249300 entries, 68.19% (elapsed time    25.9s, curr speed    7.308 kHz, avg speed    6.556 kHz), accepted      215/  170001 events ( 0.13%)
Processed   180000/  249300 entries, 72.20% (elapsed time    27.3s, curr speed    7.061 kHz, avg speed    6.582 kHz), accepted      227/  180001 events ( 0.13%)
Processed   190000/  249300 entries, 76.21% (elapsed time    29.1s, curr speed    5.775 kHz, avg speed    6.534 kHz), accepted      236/  190001 events ( 0.12%)
Processed   200000/  249300 entries, 80.22% (elapsed time    30.5s, curr speed    7.097 kHz, avg speed    6.560 kHz), accepted      254/  200001 events ( 0.13%)
Processed   210000/  249300 entries, 84.24% (elapsed time    31.7s, curr speed    8.276 kHz, avg speed    6.626 kHz), accepted      264/  210001 events ( 0.13%)
Processed   220000/  249300 entries, 88.25% (elapsed time    33.0s, curr speed    7.889 kHz, avg speed    6.674 kHz), accepted      279/  220001 events ( 0.13%)
Processed   230000/  249300 entries, 92.26% (elapsed time    34.0s, curr speed    9.743 kHz, avg speed    6.767 kHz), accepted      292/  230001 events ( 0.13%)
Processed   240000/  249300 entries, 96.27% (elapsed time    35.6s, curr speed    6.375 kHz, avg speed    6.750 kHz), accepted      303/  240001 events ( 0.13%)
Processed 249300 preselected entries from /eos/cms/store/group/phys_tau/TauFW/nano/UL2017/WJetsToLNu_TuneCP5_13TeV-madgraphMLM-pythia8/RunIISummer19UL17NanoAODv2-106X_mc2017_realistic_v8-v1/NANOAODSIM/8D33F5E5-608A-6B46-82E0-DF653A0A951E_skimjec_4.root (249300 entries). Finally selected 315 entries
Pre-select 249300 entries out of 249300 (100.00%)
Processed    10000/  249300 entries,  4.01% (elapsed time     4.4s, curr speed    2.273 kHz, avg speed    2.273 kHz), accepted       14/   10001 events ( 0.14%)
Processed    20000/  249300 entries,  8.02% (elapsed time     5.7s, curr speed    7.699 kHz, avg speed    3.509 kHz), accepted       32/   20001 events ( 0.16%)
Processed    30000/  249300 entries, 12.03% (elapsed time     7.1s, curr speed    7.006 kHz, avg speed    4.210 kHz), accepted       40/   30001 events ( 0.13%)
Processed    40000/  249300 entries, 16.04% (elapsed time     8.5s, curr speed    7.233 kHz, avg speed    4.701 kHz), accepted       59/   40001 events ( 0.15%)
Processed    50000/  249300 entries, 20.06% (elapsed time     9.7s, curr speed    8.104 kHz, avg speed    5.132 kHz), accepted       72/   50001 events ( 0.14%)
Processed    60000/  249300 entries, 24.07% (elapsed time    11.1s, curr speed    7.535 kHz, avg speed    5.420 kHz), accepted       88/   60001 events ( 0.15%)
Processed    70000/  249300 entries, 28.08% (elapsed time    12.5s, curr speed    7.023 kHz, avg speed    5.603 kHz), accepted       94/   70001 events ( 0.13%)
Processed    80000/  249300 entries, 32.09% (elapsed time    14.4s, curr speed    5.367 kHz, avg speed    5.572 kHz), accepted      110/   80001 events ( 0.14%)
Processed    90000/  249300 entries, 36.10% (elapsed time    16.2s, curr speed    5.503 kHz, avg speed    5.564 kHz), accepted      125/   90001 events ( 0.14%)
Processed   100000/  249300 entries, 40.11% (elapsed time    17.5s, curr speed    7.406 kHz, avg speed    5.706 kHz), accepted      140/  100001 events ( 0.14%)
Processed   110000/  249300 entries, 44.12% (elapsed time    19.0s, curr speed    6.818 kHz, avg speed    5.792 kHz), accepted      152/  110001 events ( 0.14%)
Processed   120000/  249300 entries, 48.13% (elapsed time    20.4s, curr speed    7.206 kHz, avg speed    5.888 kHz), accepted      167/  120001 events ( 0.14%)
Processed   130000/  249300 entries, 52.15% (elapsed time    22.0s, curr speed    6.049 kHz, avg speed    5.900 kHz), accepted      179/  130001 events ( 0.14%)
Processed   140000/  249300 entries, 56.16% (elapsed time    23.2s, curr speed    8.785 kHz, avg speed    6.042 kHz), accepted      191/  140001 events ( 0.14%)
Processed   150000/  249300 entries, 60.17% (elapsed time    24.1s, curr speed   10.363 kHz, avg speed    6.215 kHz), accepted      199/  150001 events ( 0.13%)
Processed   160000/  249300 entries, 64.18% (elapsed time    25.5s, curr speed    7.573 kHz, avg speed    6.285 kHz), accepted      209/  160001 events ( 0.13%)
Processed   170000/  249300 entries, 68.19% (elapsed time    26.9s, curr speed    6.798 kHz, avg speed    6.313 kHz), accepted      223/  170001 events ( 0.13%)
Processed   180000/  249300 entries, 72.20% (elapsed time    28.5s, curr speed    6.445 kHz, avg speed    6.320 kHz), accepted      235/  180001 events ( 0.13%)
Processed   190000/  249300 entries, 76.21% (elapsed time    29.9s, curr speed    7.094 kHz, avg speed    6.357 kHz), accepted      246/  190001 events ( 0.13%)
Processed   200000/  249300 entries, 80.22% (elapsed time    31.5s, curr speed    6.272 kHz, avg speed    6.353 kHz), accepted      258/  200001 events ( 0.13%)
Processed   210000/  249300 entries, 84.24% (elapsed time    33.4s, curr speed    5.318 kHz, avg speed    6.294 kHz), accepted      269/  210001 events ( 0.13%)
Processed   220000/  249300 entries, 88.25% (elapsed time    34.8s, curr speed    7.205 kHz, avg speed    6.331 kHz), accepted      280/  220001 events ( 0.13%)
Processed   230000/  249300 entries, 92.26% (elapsed time    36.1s, curr speed    7.198 kHz, avg speed    6.364 kHz), accepted      289/  230001 events ( 0.13%)
Processed   240000/  249300 entries, 96.27% (elapsed time    37.5s, curr speed    7.267 kHz, avg speed    6.397 kHz), accepted      300/  240001 events ( 0.12%)
Processed 249300 preselected entries from /eos/cms/store/group/phys_tau/TauFW/nano/UL2017/WJetsToLNu_TuneCP5_13TeV-madgraphMLM-pythia8/RunIISummer19UL17NanoAODv2-106X_mc2017_realistic_v8-v1/NANOAODSIM/8D33F5E5-608A-6B46-82E0-DF653A0A951E_skimjec_5.root (249300 entries). Finally selected 319 entries
Pre-select 249300 entries out of 249300 (100.00%)
Processed    10000/  249300 entries,  4.01% (elapsed time     5.4s, curr speed    1.842 kHz, avg speed    1.842 kHz), accepted        8/   10001 events ( 0.08%)
Processed    20000/  249300 entries,  8.02% (elapsed time     6.9s, curr speed    6.976 kHz, avg speed    2.914 kHz), accepted       26/   20001 events ( 0.13%)
Processed    30000/  249300 entries, 12.03% (elapsed time     8.3s, curr speed    6.761 kHz, avg speed    3.596 kHz), accepted       38/   30001 events ( 0.13%)
Processed    40000/  249300 entries, 16.04% (elapsed time     9.9s, curr speed    6.610 kHz, avg speed    4.059 kHz), accepted       47/   40001 events ( 0.12%)
Processed    50000/  249300 entries, 20.06% (elapsed time    11.1s, curr speed    7.855 kHz, avg speed    4.493 kHz), accepted       60/   50001 events ( 0.12%)
Processed    60000/  249300 entries, 24.07% (elapsed time    12.8s, curr speed    5.962 kHz, avg speed    4.686 kHz), accepted       78/   60001 events ( 0.13%)
Processed    70000/  249300 entries, 28.08% (elapsed time    14.3s, curr speed    6.638 kHz, avg speed    4.891 kHz), accepted       90/   70001 events ( 0.13%)
Processed    80000/  249300 entries, 32.09% (elapsed time    15.7s, curr speed    7.145 kHz, avg speed    5.092 kHz), accepted       96/   80001 events ( 0.12%)
Processed    90000/  249300 entries, 36.10% (elapsed time    17.0s, curr speed    7.794 kHz, avg speed    5.296 kHz), accepted      109/   90001 events ( 0.12%)
Processed   100000/  249300 entries, 40.11% (elapsed time    18.3s, curr speed    7.419 kHz, avg speed    5.452 kHz), accepted      125/  100001 events ( 0.12%)
Processed   110000/  249300 entries, 44.12% (elapsed time    20.2s, curr speed    5.465 kHz, avg speed    5.453 kHz), accepted      140/  110001 events ( 0.13%)
Processed   120000/  249300 entries, 48.13% (elapsed time    21.9s, curr speed    5.913 kHz, avg speed    5.489 kHz), accepted      150/  120001 events ( 0.12%)
Processed   130000/  249300 entries, 52.15% (elapsed time    23.1s, curr speed    7.814 kHz, avg speed    5.617 kHz), accepted      163/  130001 events ( 0.13%)
Processed   140000/  249300 entries, 56.16% (elapsed time    24.5s, curr speed    7.186 kHz, avg speed    5.706 kHz), accepted      176/  140001 events ( 0.13%)
Processed   150000/  249300 entries, 60.17% (elapsed time    26.0s, curr speed    6.723 kHz, avg speed    5.764 kHz), accepted      191/  150001 events ( 0.13%)
Processed   160000/  249300 entries, 64.18% (elapsed time    27.5s, curr speed    6.640 kHz, avg speed    5.812 kHz), accepted      207/  160001 events ( 0.13%)
Processed   170000/  249300 entries, 68.19% (elapsed time    28.6s, curr speed    9.238 kHz, avg speed    5.942 kHz), accepted      216/  170001 events ( 0.13%)
Processed   180000/  249300 entries, 72.20% (elapsed time    30.3s, curr speed    5.806 kHz, avg speed    5.934 kHz), accepted      236/  180001 events ( 0.13%)
Processed   190000/  249300 entries, 76.21% (elapsed time    32.1s, curr speed    5.592 kHz, avg speed    5.915 kHz), accepted      250/  190001 events ( 0.13%)
Processed   200000/  249300 entries, 80.22% (elapsed time    33.8s, curr speed    6.119 kHz, avg speed    5.925 kHz), accepted      265/  200001 events ( 0.13%)
Processed   210000/  249300 entries, 84.24% (elapsed time    35.4s, curr speed    5.985 kHz, avg speed    5.928 kHz), accepted      277/  210001 events ( 0.13%)
Processed   220000/  249300 entries, 88.25% (elapsed time    37.4s, curr speed    4.971 kHz, avg speed    5.876 kHz), accepted      290/  220001 events ( 0.13%)
Processed   230000/  249300 entries, 92.26% (elapsed time    38.8s, curr speed    7.357 kHz, avg speed    5.928 kHz), accepted      301/  230001 events ( 0.13%)
Processed   240000/  249300 entries, 96.27% (elapsed time    41.0s, curr speed    4.591 kHz, avg speed    5.857 kHz), accepted      314/  240001 events ( 0.13%)
Processed 249300 preselected entries from /eos/cms/store/group/phys_tau/TauFW/nano/UL2017/WJetsToLNu_TuneCP5_13TeV-madgraphMLM-pythia8/RunIISummer19UL17NanoAODv2-106X_mc2017_realistic_v8-v1/NANOAODSIM/8D33F5E5-608A-6B46-82E0-DF653A0A951E_skimjec_6.root (249300 entries). Finally selected 325 entries
Total time 200.6 sec. to process 1246500 events. Rate = 6213.9 Hz.
>>> cwd          = /pool/condor/dir_10983
>>> ls           = ['tmp', '.job.ad', '_condor_stdout', 'x509_voms', 'pico_etau_EES0p99_40.root', '.chirp.config', 'var', 'condor_exec.exe', 'lvigilan.cc', '.machine.ad']
>>> getstorage('/eos/home-l/lvigilan/output_ETauFR_UL17_RUN1/UL2017/etau/WJetsToLNu'), <EOS("/eos/home-l/lvigilan/output_ETauFR_UL17_RUN1/UL2017/etau/WJetsToLNu") at 0x2ba992bf6bd0>
>>> Executing: 'cp ./pico_etau_EES0p99_40.root /eos/home-l/lvigilan/output_ETauFR_UL17_RUN1/UL2017/etau/WJetsToLNu'
>>> Removing './pico_etau_EES0p99_40.root'...
>>> picojob.py done after 301.6 seconds

Job complete at Mon Jun  7 23:07:51 CEST 2021
Took 5 minutes 10 seconds040 (2367875.040.000) 06/07 23:07:51 Finished transferring output files
...
005 (2367875.040.000) 06/07 23:07:51 Job terminated.
	(1) Normal termination (return value 0)
		Usr 0 00:02:05, Sys 0 00:00:05  -  Run Remote Usage
		Usr 0 00:00:00, Sys 0 00:00:00  -  Run Local Usage
		Usr 0 00:02:05, Sys 0 00:00:05  -  Total Remote Usage
		Usr 0 00:00:00, Sys 0 00:00:00  -  Total Local Usage
	36981  -  Run Bytes Sent By Job
	9898  -  Run Bytes Received By Job
	36981  -  Total Bytes Sent By Job
	9898  -  Total Bytes Received By Job
	Partitionable Resources :    Usage  Request Allocated 
	   Cpus                 :                 1         1 
	   Disk (KB)            :       97        1    260994 
	   Memory (MB)          :      276     2000      2000 

	Job terminated of its own accord at 2021-06-07T21:07:51Z.
...
