Could not find platform independent libraries <prefix>
Could not find platform dependent libraries <exec_prefix>
Consider setting $PYTHONHOME to <prefix>[:<exec_prefix>]
ImportError: No module named site
Job start at Mon Jun  7 23:02:22 CEST 2021
Running job on machine Linux b7s13n1677.cern.ch 3.10.0-1160.21.1.el7.x86_64 #1 SMP Tue Mar 16 18:28:22 UTC 2021 x86_64 x86_64 x86_64 GNU/Linux, host b7s13n1677.cern.ch
============================================================
$PWD=/pool/condor/dir_12174
$JOBID=2367875
$TASKID=0
$HOSTNAME=b7s13n1677.cern.ch
$TASKCMD=/afs/cern.ch/work/l/lvigilan/TauWork/CMSSW_10_6_17_patch1/src/TauFW/PicoProducer/python/processors/picojob.py -y UL2017 -d 'mc' -c etau -M ETauFakeRate.ModuleETau --copydir /eos/home-l/lvigilan/output_ETauFR_UL17_RUN1/UL2017/etau/WJetsToLNu -t _etau_EES0p99_0 --opt 'ees=0.99' 'useT1=True' -i /eos/cms/store/group/phys_tau/TauFW/nano/UL2017/WJetsToLNu_TuneCP5_13TeV-madgraphMLM-pythia8/RunIISummer19UL17NanoAODv2-106X_mc2017_realistic_v8-v1/NANOAODSIM/03669876-8F70-8E48-96AB-F4E6B4F2DBF1_skimjec_0.root /eos/cms/store/group/phys_tau/TauFW/nano/UL2017/WJetsToLNu_TuneCP5_13TeV-madgraphMLM-pythia8/RunIISummer19UL17NanoAODv2-106X_mc2017_realistic_v8-v1/NANOAODSIM/03669876-8F70-8E48-96AB-F4E6B4F2DBF1_skimjec_1.root /eos/cms/store/group/phys_tau/TauFW/nano/UL2017/WJetsToLNu_TuneCP5_13TeV-madgraphMLM-pythia8/RunIISummer19UL17NanoAODv2-106X_mc2017_realistic_v8-v1/NANOAODSIM/03669876-8F70-8E48-96AB-F4E6B4F2DBF1_skimjec_2.root /eos/cms/store/group/phys_tau/TauFW/nano/UL2017/WJetsToLNu_TuneCP5_13TeV-madgraphMLM-pythia8/RunIISummer19UL17NanoAODv2-106X_mc2017_realistic_v8-v1/NANOAODSIM/03669876-8F70-8E48-96AB-F4E6B4F2DBF1_skimjec_3.root /eos/cms/store/group/phys_tau/TauFW/nano/UL2017/WJetsToLNu_TuneCP5_13TeV-madgraphMLM-pythia8/RunIISummer19UL17NanoAODv2-106X_mc2017_realistic_v8-v1/NANOAODSIM/03669876-8F70-8E48-96AB-F4E6B4F2DBF1_skimjec_4.root
$WORKDIR=/pool/condor/dir_12174
>>> cd /afs/cern.ch/work/l/lvigilan/TauWork/CMSSW_10_6_17_patch1/src
>>> eval `scramv1 runtime -sh`
>>> cd /pool/condor/dir_12174
$PWD=/pool/condor/dir_12174
>>> /afs/cern.ch/work/l/lvigilan/TauWork/CMSSW_10_6_17_patch1/src/TauFW/PicoProducer/python/processors/picojob.py -y UL2017 -d 'mc' -c etau -M ETauFakeRate.ModuleETau --copydir /eos/home-l/lvigilan/output_ETauFR_UL17_RUN1/UL2017/etau/WJetsToLNu -t _etau_EES0p99_0 --opt 'ees=0.99' 'useT1=True' -i /eos/cms/store/group/phys_tau/TauFW/nano/UL2017/WJetsToLNu_TuneCP5_13TeV-madgraphMLM-pythia8/RunIISummer19UL17NanoAODv2-106X_mc2017_realistic_v8-v1/NANOAODSIM/03669876-8F70-8E48-96AB-F4E6B4F2DBF1_skimjec_0.root /eos/cms/store/group/phys_tau/TauFW/nano/UL2017/WJetsToLNu_TuneCP5_13TeV-madgraphMLM-pythia8/RunIISummer19UL17NanoAODv2-106X_mc2017_realistic_v8-v1/NANOAODSIM/03669876-8F70-8E48-96AB-F4E6B4F2DBF1_skimjec_1.root /eos/cms/store/group/phys_tau/TauFW/nano/UL2017/WJetsToLNu_TuneCP5_13TeV-madgraphMLM-pythia8/RunIISummer19UL17NanoAODv2-106X_mc2017_realistic_v8-v1/NANOAODSIM/03669876-8F70-8E48-96AB-F4E6B4F2DBF1_skimjec_2.root /eos/cms/store/group/phys_tau/TauFW/nano/UL2017/WJetsToLNu_TuneCP5_13TeV-madgraphMLM-pythia8/RunIISummer19UL17NanoAODv2-106X_mc2017_realistic_v8-v1/NANOAODSIM/03669876-8F70-8E48-96AB-F4E6B4F2DBF1_skimjec_3.root /eos/cms/store/group/phys_tau/TauFW/nano/UL2017/WJetsToLNu_TuneCP5_13TeV-madgraphMLM-pythia8/RunIISummer19UL17NanoAODv2-106X_mc2017_realistic_v8-v1/NANOAODSIM/03669876-8F70-8E48-96AB-F4E6B4F2DBF1_skimjec_4.root
Error in <TGClient::TGClient>: can't open display "localhost:13.0", switching to batch mode...
 In case you run from a remote ssh session, reconnect with ssh -Y
--------------------------------------------------------------------------------
>>> era          = 'UL2017'
>>> year         = 2017
>>> channel      = 'etau'
>>> modname      = 'ETauFakeRate.ModuleETau'
>>> dtype        = 'mc'
>>> kwargs       = {'dtype': 'mc', 'ees': 0.99, 'useT1': True, 'verb': 0, 'era': 'UL2017', 'year': 2017}
>>> firstevt     = 0
>>> maxevts      = None
>>> outdir       = '.'
>>> copydir      = '/eos/home-l/lvigilan/output_ETauFR_UL17_RUN1/UL2017/etau/WJetsToLNu'
>>> infiles      = ['/eos/cms/store/group/phys_tau/TauFW/nano/UL2017/WJetsToLNu_TuneCP5_13TeV-madgraphMLM-pythia8/RunIISummer19UL17NanoAODv2-106X_mc2017_realistic_v8-v1/NANOAODSIM/03669876-8F70-8E48-96AB-F4E6B4F2DBF1_skimjec_0.root', '/eos/cms/store/group/phys_tau/TauFW/nano/UL2017/WJetsToLNu_TuneCP5_13TeV-madgraphMLM-pythia8/RunIISummer19UL17NanoAODv2-106X_mc2017_realistic_v8-v1/NANOAODSIM/03669876-8F70-8E48-96AB-F4E6B4F2DBF1_skimjec_1.root', '/eos/cms/store/group/phys_tau/TauFW/nano/UL2017/WJetsToLNu_TuneCP5_13TeV-madgraphMLM-pythia8/RunIISummer19UL17NanoAODv2-106X_mc2017_realistic_v8-v1/NANOAODSIM/03669876-8F70-8E48-96AB-F4E6B4F2DBF1_skimjec_2.root', '/eos/cms/store/group/phys_tau/TauFW/nano/UL2017/WJetsToLNu_TuneCP5_13TeV-madgraphMLM-pythia8/RunIISummer19UL17NanoAODv2-106X_mc2017_realistic_v8-v1/NANOAODSIM/03669876-8F70-8E48-96AB-F4E6B4F2DBF1_skimjec_3.root', '/eos/cms/store/group/phys_tau/TauFW/nano/UL2017/WJetsToLNu_TuneCP5_13TeV-madgraphMLM-pythia8/RunIISummer19UL17NanoAODv2-106X_mc2017_realistic_v8-v1/NANOAODSIM/03669876-8F70-8E48-96AB-F4E6B4F2DBF1_skimjec_4.root']
>>> outfname     = './pico_etau_EES0p99_0.root'
>>> branchsel    = '/afs/cern.ch/work/l/lvigilan/TauWork/CMSSW_10_6_17_patch1/python/TauFW/PicoProducer/processors/keep_and_drop_skim.txt'
>>> json         = None
>>> prefetch     = False
>>> cwd          = /pool/condor/dir_12174
--------------------------------------------------------------------------------

   ################
   #  ModuleETau  #
   ################

Loading PileupWeightTool for '/afs/cern.ch/work/l/lvigilan/TauWork/CMSSW_10_6_17_patch1/src/TauFW/PicoProducer/data/pileup/Data_PileUp_UL2017_69p2.root' and '/afs/cern.ch/work/l/lvigilan/TauWork/CMSSW_10_6_17_patch1/src/TauFW/PicoProducer/data/pileup/MC_PileUp_UL2017_Summer19.root'
Loading BTagWeightTool for DeepCSV (medium WP)...
>>> BTagTool: [1m[33mWarning! [0m[33mHistogram 'etau/eff_DeepCSV_udsg_medium' does not exist in /afs/cern.ch/work/l/lvigilan/TauWork/CMSSW_10_6_17_patch1/src/TauFW/PicoProducer/data/btag/DeepCSV_2017_12Apr2017_eff.root! Reverting to default efficiency histogram...[0m
>>> BTagTool: [1m[33mWarning! [0m[33mHistogram 'etau/eff_DeepCSV_c_medium' does not exist in /afs/cern.ch/work/l/lvigilan/TauWork/CMSSW_10_6_17_patch1/src/TauFW/PicoProducer/data/btag/DeepCSV_2017_12Apr2017_eff.root! Reverting to default efficiency histogram...[0m
>>> BTagTool: [1m[33mWarning! [0m[33mHistogram 'etau/eff_DeepCSV_b_medium' does not exist in /afs/cern.ch/work/l/lvigilan/TauWork/CMSSW_10_6_17_patch1/src/TauFW/PicoProducer/data/btag/DeepCSV_2017_12Apr2017_eff.root! Reverting to default efficiency histogram...[0m
>>> BTagTool: [1m[33mWarning! [0m[33mMade use of default efficiency histograms! The b tag weights from this module should be regarded as placeholders only,
and should NOT be used for analyses. B (mis)tag efficiencies in MC are analysis dependent. Please create your own
efficiency histogram with data/btag/getBTagEfficiencies.py after running all MC samples with BTagWeightTool.[0m
Loading TreeProducerETau for './pico_etau_EES0p99_0.root'
--------------------------------------------------------------------------------
>>> filename     = './pico_etau_EES0p99_0.root'
>>> year         = 2017
>>> dtype        = 'mc'
>>> channel      = 'etau'
>>> ismc         = True
>>> isdata       = False
>>> isembed      = False
>>> tes          = 1.0
>>> tessys       = None
>>> fes          = None
>>> ltf          = None
>>> jtf          = 1.0
>>> dotoppt      = False
>>> dozpt        = False
>>> dojec        = True
>>> dojecsys     = True
>>> dotight      = False
>>> useT1        = True
>>> jetCutPt     = 30
>>> bjetCutEta   = 2.7
>>> tauwp        = 0
>>> eleCutPt     = 36
>>> eleCutEta    = 2.1
>>> tauCutPt     = 20
>>> tauCutEta    = 2.3
>>> ZpeekReso    = 0.1
Pre-select 249438 entries out of 249438 (100.00%)
Processed    10000/  249438 entries,  4.01% (elapsed time     2.8s, curr speed    3.606 kHz, avg speed    3.606 kHz), accepted       11/   10001 events ( 0.11%)
Processed    20000/  249438 entries,  8.02% (elapsed time     3.4s, curr speed   17.039 kHz, avg speed    5.953 kHz), accepted       23/   20001 events ( 0.11%)
Processed    30000/  249438 entries, 12.03% (elapsed time     4.0s, curr speed   15.896 kHz, avg speed    7.521 kHz), accepted       34/   30001 events ( 0.11%)
Processed    40000/  249438 entries, 16.04% (elapsed time     4.6s, curr speed   17.116 kHz, avg speed    8.746 kHz), accepted       51/   40001 events ( 0.13%)
Processed    50000/  249438 entries, 20.05% (elapsed time     5.2s, curr speed   16.398 kHz, avg speed    9.647 kHz), accepted       64/   50001 events ( 0.13%)
Processed    60000/  249438 entries, 24.05% (elapsed time     5.8s, curr speed   17.188 kHz, avg speed   10.408 kHz), accepted       71/   60001 events ( 0.12%)
Processed    70000/  249438 entries, 28.06% (elapsed time     6.4s, curr speed   16.923 kHz, avg speed   11.014 kHz), accepted       83/   70001 events ( 0.12%)
Processed    80000/  249438 entries, 32.07% (elapsed time     7.0s, curr speed   16.516 kHz, avg speed   11.492 kHz), accepted       97/   80001 events ( 0.12%)
Processed    90000/  249438 entries, 36.08% (elapsed time     7.6s, curr speed   16.633 kHz, avg speed   11.901 kHz), accepted      111/   90001 events ( 0.12%)
Processed   100000/  249438 entries, 40.09% (elapsed time     8.2s, curr speed   16.519 kHz, avg speed   12.243 kHz), accepted      118/  100001 events ( 0.12%)
Processed   110000/  249438 entries, 44.10% (elapsed time     8.8s, curr speed   16.769 kHz, avg speed   12.551 kHz), accepted      135/  110001 events ( 0.12%)
Processed   120000/  249438 entries, 48.11% (elapsed time     9.4s, curr speed   16.533 kHz, avg speed   12.808 kHz), accepted      152/  120001 events ( 0.13%)
Processed   130000/  249438 entries, 52.12% (elapsed time    10.0s, curr speed   16.716 kHz, avg speed   13.043 kHz), accepted      166/  130001 events ( 0.13%)
Processed   140000/  249438 entries, 56.13% (elapsed time    10.5s, curr speed   17.234 kHz, avg speed   13.273 kHz), accepted      184/  140001 events ( 0.13%)
Processed   150000/  249438 entries, 60.14% (elapsed time    11.1s, curr speed   16.918 kHz, avg speed   13.467 kHz), accepted      196/  150001 events ( 0.13%)
Processed   160000/  249438 entries, 64.14% (elapsed time    11.7s, curr speed   16.819 kHz, avg speed   13.637 kHz), accepted      203/  160001 events ( 0.13%)
Processed   170000/  249438 entries, 68.15% (elapsed time    12.3s, curr speed   16.712 kHz, avg speed   13.786 kHz), accepted      227/  170001 events ( 0.13%)
Processed   180000/  249438 entries, 72.16% (elapsed time    12.9s, curr speed   18.075 kHz, avg speed   13.970 kHz), accepted      238/  180001 events ( 0.13%)
Processed   190000/  249438 entries, 76.17% (elapsed time    13.5s, curr speed   15.757 kHz, avg speed   14.054 kHz), accepted      255/  190001 events ( 0.13%)
Processed   200000/  249438 entries, 80.18% (elapsed time    14.1s, curr speed   17.769 kHz, avg speed   14.202 kHz), accepted      268/  200001 events ( 0.13%)
Processed   210000/  249438 entries, 84.19% (elapsed time    14.7s, curr speed   16.649 kHz, avg speed   14.302 kHz), accepted      276/  210001 events ( 0.13%)
Processed   220000/  249438 entries, 88.20% (elapsed time    15.3s, curr speed   16.554 kHz, avg speed   14.391 kHz), accepted      284/  220001 events ( 0.13%)
Processed   230000/  249438 entries, 92.21% (elapsed time    15.9s, curr speed   15.910 kHz, avg speed   14.451 kHz), accepted      301/  230001 events ( 0.13%)
Processed   240000/  249438 entries, 96.22% (elapsed time    16.6s, curr speed   15.608 kHz, avg speed   14.496 kHz), accepted      309/  240001 events ( 0.13%)
Processed 249438 preselected entries from /eos/cms/store/group/phys_tau/TauFW/nano/UL2017/WJetsToLNu_TuneCP5_13TeV-madgraphMLM-pythia8/RunIISummer19UL17NanoAODv2-106X_mc2017_realistic_v8-v1/NANOAODSIM/03669876-8F70-8E48-96AB-F4E6B4F2DBF1_skimjec_0.root (249438 entries). Finally selected 322 entries
Pre-select 249438 entries out of 249438 (100.00%)
Processed    10000/  249438 entries,  4.01% (elapsed time     2.7s, curr speed    3.673 kHz, avg speed    3.673 kHz), accepted       12/   10001 events ( 0.12%)
Processed    20000/  249438 entries,  8.02% (elapsed time     3.3s, curr speed   16.562 kHz, avg speed    6.013 kHz), accepted       27/   20001 events ( 0.13%)
Processed    30000/  249438 entries, 12.03% (elapsed time     3.9s, curr speed   17.509 kHz, avg speed    7.698 kHz), accepted       40/   30001 events ( 0.13%)
Processed    40000/  249438 entries, 16.04% (elapsed time     4.5s, curr speed   15.631 kHz, avg speed    8.816 kHz), accepted       51/   40001 events ( 0.13%)
Processed    50000/  249438 entries, 20.05% (elapsed time     5.2s, curr speed   15.913 kHz, avg speed    9.680 kHz), accepted       56/   50001 events ( 0.11%)
Processed    60000/  249438 entries, 24.05% (elapsed time     5.8s, curr speed   15.349 kHz, avg speed   10.315 kHz), accepted       69/   60001 events ( 0.11%)
Processed    70000/  249438 entries, 28.06% (elapsed time     6.6s, curr speed   12.931 kHz, avg speed   10.622 kHz), accepted       83/   70001 events ( 0.12%)
Processed    80000/  249438 entries, 32.07% (elapsed time     7.2s, curr speed   15.761 kHz, avg speed   11.073 kHz), accepted       88/   80001 events ( 0.11%)
Processed    90000/  249438 entries, 36.08% (elapsed time     7.9s, curr speed   15.250 kHz, avg speed   11.421 kHz), accepted      105/   90001 events ( 0.12%)
Processed   100000/  249438 entries, 40.09% (elapsed time     8.5s, curr speed   17.075 kHz, avg speed   11.812 kHz), accepted      116/  100001 events ( 0.12%)
Processed   110000/  249438 entries, 44.10% (elapsed time     9.1s, curr speed   15.274 kHz, avg speed   12.060 kHz), accepted      130/  110001 events ( 0.12%)
Processed   120000/  249438 entries, 48.11% (elapsed time     9.7s, curr speed   16.897 kHz, avg speed   12.355 kHz), accepted      140/  120001 events ( 0.12%)
Processed   130000/  249438 entries, 52.12% (elapsed time    10.6s, curr speed   11.601 kHz, avg speed   12.294 kHz), accepted      154/  130001 events ( 0.12%)
Processed   140000/  249438 entries, 56.13% (elapsed time    11.1s, curr speed   17.390 kHz, avg speed   12.556 kHz), accepted      168/  140001 events ( 0.12%)
Processed   150000/  249438 entries, 60.14% (elapsed time    11.8s, curr speed   15.265 kHz, avg speed   12.707 kHz), accepted      190/  150001 events ( 0.13%)
Processed   160000/  249438 entries, 64.14% (elapsed time    12.4s, curr speed   16.444 kHz, avg speed   12.890 kHz), accepted      205/  160001 events ( 0.13%)
Processed   170000/  249438 entries, 68.15% (elapsed time    13.0s, curr speed   16.404 kHz, avg speed   13.054 kHz), accepted      219/  170001 events ( 0.13%)
Processed   180000/  249438 entries, 72.16% (elapsed time    13.7s, curr speed   15.394 kHz, avg speed   13.166 kHz), accepted      237/  180001 events ( 0.13%)
Processed   190000/  249438 entries, 76.17% (elapsed time    14.3s, curr speed   16.962 kHz, avg speed   13.322 kHz), accepted      253/  190001 events ( 0.13%)
Processed   200000/  249438 entries, 80.18% (elapsed time    14.9s, curr speed   15.841 kHz, avg speed   13.429 kHz), accepted      267/  200001 events ( 0.13%)
Processed   210000/  249438 entries, 84.19% (elapsed time    15.4s, curr speed   18.157 kHz, avg speed   13.598 kHz), accepted      278/  210001 events ( 0.13%)
Processed   220000/  249438 entries, 88.20% (elapsed time    16.1s, curr speed   15.113 kHz, avg speed   13.660 kHz), accepted      290/  220001 events ( 0.13%)
Processed   230000/  249438 entries, 92.21% (elapsed time    16.7s, curr speed   16.804 kHz, avg speed   13.772 kHz), accepted      301/  230001 events ( 0.13%)
Processed   240000/  249438 entries, 96.22% (elapsed time    17.3s, curr speed   16.749 kHz, avg speed   13.875 kHz), accepted      319/  240001 events ( 0.13%)
Processed 249438 preselected entries from /eos/cms/store/group/phys_tau/TauFW/nano/UL2017/WJetsToLNu_TuneCP5_13TeV-madgraphMLM-pythia8/RunIISummer19UL17NanoAODv2-106X_mc2017_realistic_v8-v1/NANOAODSIM/03669876-8F70-8E48-96AB-F4E6B4F2DBF1_skimjec_1.root (249438 entries). Finally selected 331 entries
Pre-select 249438 entries out of 249438 (100.00%)
Processed    10000/  249438 entries,  4.01% (elapsed time     2.7s, curr speed    3.709 kHz, avg speed    3.709 kHz), accepted       13/   10001 events ( 0.13%)
Processed    20000/  249438 entries,  8.02% (elapsed time     3.3s, curr speed   16.454 kHz, avg speed    6.053 kHz), accepted       26/   20001 events ( 0.13%)
Processed    30000/  249438 entries, 12.03% (elapsed time     4.0s, curr speed   14.623 kHz, avg speed    7.523 kHz), accepted       44/   30001 events ( 0.15%)
Processed    40000/  249438 entries, 16.04% (elapsed time     4.6s, curr speed   15.560 kHz, avg speed    8.639 kHz), accepted       55/   40001 events ( 0.14%)
Processed    50000/  249438 entries, 20.05% (elapsed time     5.2s, curr speed   16.542 kHz, avg speed    9.551 kHz), accepted       66/   50001 events ( 0.13%)
Processed    60000/  249438 entries, 24.05% (elapsed time     5.9s, curr speed   15.695 kHz, avg speed   10.218 kHz), accepted       80/   60001 events ( 0.13%)
Processed    70000/  249438 entries, 28.06% (elapsed time     6.5s, curr speed   16.540 kHz, avg speed   10.808 kHz), accepted       92/   70001 events ( 0.13%)
Processed    80000/  249438 entries, 32.07% (elapsed time     7.1s, curr speed   16.658 kHz, avg speed   11.304 kHz), accepted      107/   80001 events ( 0.13%)
Processed    90000/  249438 entries, 36.08% (elapsed time     7.7s, curr speed   16.034 kHz, avg speed   11.687 kHz), accepted      117/   90001 events ( 0.13%)
Processed   100000/  249438 entries, 40.09% (elapsed time     8.3s, curr speed   15.408 kHz, avg speed   11.977 kHz), accepted      135/  100001 events ( 0.13%)
Processed   110000/  249438 entries, 44.10% (elapsed time     8.9s, curr speed   17.207 kHz, avg speed   12.317 kHz), accepted      151/  110001 events ( 0.14%)
Processed   120000/  249438 entries, 48.11% (elapsed time     9.6s, curr speed   15.977 kHz, avg speed   12.557 kHz), accepted      167/  120001 events ( 0.14%)
Processed   130000/  249438 entries, 52.12% (elapsed time    10.2s, curr speed   15.726 kHz, avg speed   12.754 kHz), accepted      188/  130001 events ( 0.14%)
Processed   140000/  249438 entries, 56.13% (elapsed time    10.8s, curr speed   17.322 kHz, avg speed   12.999 kHz), accepted      205/  140001 events ( 0.15%)
Processed   150000/  249438 entries, 60.14% (elapsed time    11.4s, curr speed   16.048 kHz, avg speed   13.166 kHz), accepted      218/  150001 events ( 0.15%)
Processed   160000/  249438 entries, 64.14% (elapsed time    12.0s, curr speed   17.122 kHz, avg speed   13.359 kHz), accepted      230/  160001 events ( 0.14%)
Processed   170000/  249438 entries, 68.15% (elapsed time    12.6s, curr speed   15.963 kHz, avg speed   13.488 kHz), accepted      243/  170001 events ( 0.14%)
Processed   180000/  249438 entries, 72.16% (elapsed time    13.2s, curr speed   16.824 kHz, avg speed   13.639 kHz), accepted      257/  180001 events ( 0.14%)
Processed   190000/  249438 entries, 76.17% (elapsed time    13.8s, curr speed   15.739 kHz, avg speed   13.735 kHz), accepted      270/  190001 events ( 0.14%)
Processed   200000/  249438 entries, 80.18% (elapsed time    14.4s, curr speed   17.296 kHz, avg speed   13.878 kHz), accepted      282/  200001 events ( 0.14%)
Processed   210000/  249438 entries, 84.19% (elapsed time    15.0s, curr speed   16.423 kHz, avg speed   13.981 kHz), accepted      289/  210001 events ( 0.14%)
Processed   220000/  249438 entries, 88.20% (elapsed time    15.7s, curr speed   14.593 kHz, avg speed   14.008 kHz), accepted      305/  220001 events ( 0.14%)
Processed   230000/  249438 entries, 92.21% (elapsed time    16.3s, curr speed   16.418 kHz, avg speed   14.098 kHz), accepted      315/  230001 events ( 0.14%)
Processed   240000/  249438 entries, 96.22% (elapsed time    16.9s, curr speed   18.111 kHz, avg speed   14.229 kHz), accepted      321/  240001 events ( 0.13%)
Processed 249438 preselected entries from /eos/cms/store/group/phys_tau/TauFW/nano/UL2017/WJetsToLNu_TuneCP5_13TeV-madgraphMLM-pythia8/RunIISummer19UL17NanoAODv2-106X_mc2017_realistic_v8-v1/NANOAODSIM/03669876-8F70-8E48-96AB-F4E6B4F2DBF1_skimjec_2.root (249438 entries). Finally selected 338 entries
Pre-select 249438 entries out of 249438 (100.00%)
Processed    10000/  249438 entries,  4.01% (elapsed time     3.1s, curr speed    3.198 kHz, avg speed    3.198 kHz), accepted       17/   10001 events ( 0.17%)
Processed    20000/  249438 entries,  8.02% (elapsed time     3.8s, curr speed   14.787 kHz, avg speed    5.259 kHz), accepted       35/   20001 events ( 0.17%)
Processed    30000/  249438 entries, 12.03% (elapsed time     4.4s, curr speed   15.816 kHz, avg speed    6.764 kHz), accepted       51/   30001 events ( 0.17%)
Processed    40000/  249438 entries, 16.04% (elapsed time     5.0s, curr speed   17.880 kHz, avg speed    8.008 kHz), accepted       60/   40001 events ( 0.15%)
Processed    50000/  249438 entries, 20.05% (elapsed time     5.6s, curr speed   16.001 kHz, avg speed    8.897 kHz), accepted       72/   50001 events ( 0.14%)
Processed    60000/  249438 entries, 24.05% (elapsed time     6.3s, curr speed   15.798 kHz, avg speed    9.596 kHz), accepted       89/   60001 events ( 0.15%)
Processed    70000/  249438 entries, 28.06% (elapsed time     6.8s, curr speed   17.814 kHz, avg speed   10.273 kHz), accepted       98/   70001 events ( 0.14%)
Processed    80000/  249438 entries, 32.07% (elapsed time     7.4s, curr speed   16.675 kHz, avg speed   10.791 kHz), accepted      107/   80001 events ( 0.13%)
Processed    90000/  249438 entries, 36.08% (elapsed time     8.1s, curr speed   15.059 kHz, avg speed   11.142 kHz), accepted      122/   90001 events ( 0.14%)
Processed   100000/  249438 entries, 40.09% (elapsed time     8.7s, curr speed   17.215 kHz, avg speed   11.549 kHz), accepted      137/  100001 events ( 0.14%)
Processed   110000/  249438 entries, 44.10% (elapsed time     9.3s, curr speed   14.743 kHz, avg speed   11.781 kHz), accepted      160/  110001 events ( 0.15%)
Processed   120000/  249438 entries, 48.11% (elapsed time    10.0s, curr speed   15.555 kHz, avg speed   12.024 kHz), accepted      176/  120001 events ( 0.15%)
Processed   130000/  249438 entries, 52.12% (elapsed time    10.6s, curr speed   16.398 kHz, avg speed   12.276 kHz), accepted      184/  130001 events ( 0.14%)
Processed   140000/  249438 entries, 56.13% (elapsed time    11.2s, curr speed   15.310 kHz, avg speed   12.452 kHz), accepted      199/  140001 events ( 0.14%)
Processed   150000/  249438 entries, 60.14% (elapsed time    11.9s, curr speed   16.415 kHz, avg speed   12.656 kHz), accepted      215/  150001 events ( 0.14%)
Processed   160000/  249438 entries, 64.14% (elapsed time    12.5s, curr speed   16.224 kHz, avg speed   12.832 kHz), accepted      226/  160001 events ( 0.14%)
Processed   170000/  249438 entries, 68.15% (elapsed time    13.0s, curr speed   17.264 kHz, avg speed   13.029 kHz), accepted      237/  170001 events ( 0.14%)
Processed   180000/  249438 entries, 72.16% (elapsed time    13.7s, curr speed   16.099 kHz, avg speed   13.169 kHz), accepted      251/  180001 events ( 0.14%)
Processed   190000/  249438 entries, 76.17% (elapsed time    14.3s, curr speed   16.764 kHz, avg speed   13.319 kHz), accepted      267/  190001 events ( 0.14%)
Processed   200000/  249438 entries, 80.18% (elapsed time    14.9s, curr speed   16.303 kHz, avg speed   13.442 kHz), accepted      279/  200001 events ( 0.14%)
Processed   210000/  249438 entries, 84.19% (elapsed time    15.4s, curr speed   17.971 kHz, avg speed   13.605 kHz), accepted      293/  210001 events ( 0.14%)
Processed   220000/  249438 entries, 88.20% (elapsed time    16.0s, curr speed   17.310 kHz, avg speed   13.739 kHz), accepted      301/  220001 events ( 0.14%)
Processed   230000/  249438 entries, 92.21% (elapsed time    16.6s, curr speed   17.528 kHz, avg speed   13.869 kHz), accepted      313/  230001 events ( 0.14%)
Processed   240000/  249438 entries, 96.22% (elapsed time    17.2s, curr speed   15.286 kHz, avg speed   13.923 kHz), accepted      336/  240001 events ( 0.14%)
Processed 249438 preselected entries from /eos/cms/store/group/phys_tau/TauFW/nano/UL2017/WJetsToLNu_TuneCP5_13TeV-madgraphMLM-pythia8/RunIISummer19UL17NanoAODv2-106X_mc2017_realistic_v8-v1/NANOAODSIM/03669876-8F70-8E48-96AB-F4E6B4F2DBF1_skimjec_3.root (249438 entries). Finally selected 350 entries
Pre-select 249438 entries out of 249438 (100.00%)
Processed    10000/  249438 entries,  4.01% (elapsed time     2.3s, curr speed    4.344 kHz, avg speed    4.344 kHz), accepted       11/   10001 events ( 0.11%)
Processed    20000/  249438 entries,  8.02% (elapsed time     2.9s, curr speed   16.519 kHz, avg speed    6.879 kHz), accepted       29/   20001 events ( 0.14%)
Processed    30000/  249438 entries, 12.03% (elapsed time     3.6s, curr speed   15.556 kHz, avg speed    8.450 kHz), accepted       51/   30001 events ( 0.17%)
Processed    40000/  249438 entries, 16.04% (elapsed time     4.1s, curr speed   17.273 kHz, avg speed    9.687 kHz), accepted       70/   40001 events ( 0.17%)
Processed    50000/  249438 entries, 20.05% (elapsed time     4.7s, curr speed   16.451 kHz, avg speed   10.555 kHz), accepted       84/   50001 events ( 0.17%)
Processed    60000/  249438 entries, 24.05% (elapsed time     5.3s, curr speed   18.042 kHz, avg speed   11.339 kHz), accepted       91/   60001 events ( 0.15%)
Processed    70000/  249438 entries, 28.06% (elapsed time     6.0s, curr speed   15.124 kHz, avg speed   11.759 kHz), accepted      107/   70001 events ( 0.15%)
Processed    80000/  249438 entries, 32.07% (elapsed time     6.6s, curr speed   15.629 kHz, avg speed   12.135 kHz), accepted      121/   80001 events ( 0.15%)
Processed    90000/  249438 entries, 36.08% (elapsed time     7.2s, curr speed   16.988 kHz, avg speed   12.533 kHz), accepted      133/   90001 events ( 0.15%)
Processed   100000/  249438 entries, 40.09% (elapsed time     7.8s, curr speed   16.907 kHz, avg speed   12.866 kHz), accepted      152/  100001 events ( 0.15%)
Processed   110000/  249438 entries, 44.10% (elapsed time     8.4s, curr speed   16.198 kHz, avg speed   13.111 kHz), accepted      164/  110001 events ( 0.15%)
Processed   120000/  249438 entries, 48.11% (elapsed time     9.0s, curr speed   16.527 kHz, avg speed   13.341 kHz), accepted      172/  120001 events ( 0.14%)
Processed   130000/  249438 entries, 52.12% (elapsed time     9.6s, curr speed   15.413 kHz, avg speed   13.480 kHz), accepted      184/  130001 events ( 0.14%)
Processed   140000/  249438 entries, 56.13% (elapsed time    10.3s, curr speed   14.719 kHz, avg speed   13.562 kHz), accepted      197/  140001 events ( 0.14%)
Processed   150000/  249438 entries, 60.14% (elapsed time    11.0s, curr speed   15.666 kHz, avg speed   13.684 kHz), accepted      215/  150001 events ( 0.14%)
Processed   160000/  249438 entries, 64.14% (elapsed time    11.6s, curr speed   14.829 kHz, avg speed   13.750 kHz), accepted      228/  160001 events ( 0.14%)
Processed   170000/  249438 entries, 68.15% (elapsed time    12.3s, curr speed   15.790 kHz, avg speed   13.856 kHz), accepted      240/  170001 events ( 0.14%)
Processed   180000/  249438 entries, 72.16% (elapsed time    12.9s, curr speed   16.303 kHz, avg speed   13.972 kHz), accepted      251/  180001 events ( 0.14%)
Processed   190000/  249438 entries, 76.17% (elapsed time    13.5s, curr speed   16.452 kHz, avg speed   14.084 kHz), accepted      264/  190001 events ( 0.14%)
Processed   200000/  249438 entries, 80.18% (elapsed time    14.1s, curr speed   16.357 kHz, avg speed   14.183 kHz), accepted      277/  200001 events ( 0.14%)
Processed   210000/  249438 entries, 84.19% (elapsed time    14.7s, curr speed   17.495 kHz, avg speed   14.312 kHz), accepted      293/  210001 events ( 0.14%)
Processed   220000/  249438 entries, 88.20% (elapsed time    15.2s, curr speed   17.391 kHz, avg speed   14.428 kHz), accepted      297/  220001 events ( 0.13%)
Processed   230000/  249438 entries, 92.21% (elapsed time    15.9s, curr speed   15.407 kHz, avg speed   14.468 kHz), accepted      314/  230001 events ( 0.14%)
Processed   240000/  249438 entries, 96.22% (elapsed time    16.5s, curr speed   17.248 kHz, avg speed   14.566 kHz), accepted      330/  240001 events ( 0.14%)
Processed 249438 preselected entries from /eos/cms/store/group/phys_tau/TauFW/nano/UL2017/WJetsToLNu_TuneCP5_13TeV-madgraphMLM-pythia8/RunIISummer19UL17NanoAODv2-106X_mc2017_realistic_v8-v1/NANOAODSIM/03669876-8F70-8E48-96AB-F4E6B4F2DBF1_skimjec_4.root (249438 entries). Finally selected 345 entries
Total time 88.5 sec. to process 1247190 events. Rate = 14097.3 Hz.
>>> cwd          = /pool/condor/dir_12174
>>> ls           = ['_condor_stdout', 'x509_voms', 'tmp', 'condor_exec.exe', 'var', '.machine.ad', '.chirp.config', 'lvigilan.cc', 'pico_etau_EES0p99_0.root', '.job.ad']
>>> getstorage('/eos/home-l/lvigilan/output_ETauFR_UL17_RUN1/UL2017/etau/WJetsToLNu'), <EOS("/eos/home-l/lvigilan/output_ETauFR_UL17_RUN1/UL2017/etau/WJetsToLNu") at 0x2ab3c31ce8d0>
>>> Executing: 'cp ./pico_etau_EES0p99_0.root /eos/home-l/lvigilan/output_ETauFR_UL17_RUN1/UL2017/etau/WJetsToLNu'
>>> Removing './pico_etau_EES0p99_0.root'...
>>> picojob.py done after 105.2 seconds

Job complete at Mon Jun  7 23:04:09 CEST 2021
Took 1 minutes 47 seconds040 (2367875.000.000) 06/07 23:04:09 Started transferring output files
...
040 (2367875.000.000) 06/07 23:04:09 Finished transferring output files
...
005 (2367875.000.000) 06/07 23:04:10 Job terminated.
	(1) Normal termination (return value 0)
		Usr 0 00:01:20, Sys 0 00:00:04  -  Run Remote Usage
		Usr 0 00:00:00, Sys 0 00:00:00  -  Run Local Usage
		Usr 0 00:01:20, Sys 0 00:00:04  -  Total Remote Usage
		Usr 0 00:00:00, Sys 0 00:00:00  -  Total Local Usage
	36972  -  Run Bytes Sent By Job
	9898  -  Run Bytes Received By Job
	36972  -  Total Bytes Sent By Job
	9898  -  Total Bytes Received By Job
	Partitionable Resources :    Usage  Request Allocated 
	   Cpus                 :                 1         1 
	   Disk (KB)            :       97        1    173292 
	   Memory (MB)          :       94     2000      2000 

	Job terminated of its own accord at 2021-06-07T21:04:09Z.
...
