Could not find platform independent libraries <prefix>
Could not find platform dependent libraries <exec_prefix>
Consider setting $PYTHONHOME to <prefix>[:<exec_prefix>]
ImportError: No module named site
Job start at Mon Jun  7 19:09:24 CEST 2021
Running job on machine Linux b7s12n1107.cern.ch 3.10.0-1160.21.1.el7.x86_64 #1 SMP Tue Mar 16 18:28:22 UTC 2021 x86_64 x86_64 x86_64 GNU/Linux, host b7s12n1107.cern.ch
============================================================
$PWD=/pool/condor/dir_20933
$JOBID=2367594
$TASKID=132
$HOSTNAME=b7s12n1107.cern.ch
$TASKCMD=/afs/cern.ch/work/l/lvigilan/TauWork/CMSSW_10_6_17_patch1/src/TauFW/PicoProducer/python/processors/picojob.py -y UL2017 -d 'mc' -c etau -M ETauFakeRate.ModuleETau --copydir /eos/home-l/lvigilan/output_ETauFR_UL17_RUN1/UL2017/etau/WJetsToLNu -t _etau_132 --opt 'useT1=True' -i /eos/cms/store/group/phys_tau/TauFW/nano/UL2017/WJetsToLNu_TuneCP5_13TeV-madgraphMLM-pythia8/RunIISummer20UL17NanoAODv2-106X_mc2017_realistic_v8-v1/NANOAODSIM/EF13D65B-D628-8A41-84B8-0E8975B75496_skimjec_3.root /eos/cms/store/group/phys_tau/TauFW/nano/UL2017/WJetsToLNu_TuneCP5_13TeV-madgraphMLM-pythia8/RunIISummer20UL17NanoAODv2-106X_mc2017_realistic_v8-v1/NANOAODSIM/EF13D65B-D628-8A41-84B8-0E8975B75496_skimjec_4.root /eos/cms/store/group/phys_tau/TauFW/nano/UL2017/WJetsToLNu_TuneCP5_13TeV-madgraphMLM-pythia8/RunIISummer20UL17NanoAODv2-106X_mc2017_realistic_v8-v1/NANOAODSIM/EF13D65B-D628-8A41-84B8-0E8975B75496_skimjec_5.root /eos/cms/store/group/phys_tau/TauFW/nano/UL2017/WJetsToLNu_TuneCP5_13TeV-madgraphMLM-pythia8/RunIISummer20UL17NanoAODv2-106X_mc2017_realistic_v8-v1/NANOAODSIM/EF13D65B-D628-8A41-84B8-0E8975B75496_skimjec_6.root /eos/cms/store/group/phys_tau/TauFW/nano/UL2017/WJetsToLNu_TuneCP5_13TeV-madgraphMLM-pythia8/RunIISummer20UL17NanoAODv2-106X_mc2017_realistic_v8-v1/NANOAODSIM/EF13D65B-D628-8A41-84B8-0E8975B75496_skimjec_7.root
$WORKDIR=/pool/condor/dir_20933
>>> cd /afs/cern.ch/work/l/lvigilan/TauWork/CMSSW_10_6_17_patch1/src
>>> eval `scramv1 runtime -sh`
>>> cd /pool/condor/dir_20933
$PWD=/pool/condor/dir_20933
>>> /afs/cern.ch/work/l/lvigilan/TauWork/CMSSW_10_6_17_patch1/src/TauFW/PicoProducer/python/processors/picojob.py -y UL2017 -d 'mc' -c etau -M ETauFakeRate.ModuleETau --copydir /eos/home-l/lvigilan/output_ETauFR_UL17_RUN1/UL2017/etau/WJetsToLNu -t _etau_132 --opt 'useT1=True' -i /eos/cms/store/group/phys_tau/TauFW/nano/UL2017/WJetsToLNu_TuneCP5_13TeV-madgraphMLM-pythia8/RunIISummer20UL17NanoAODv2-106X_mc2017_realistic_v8-v1/NANOAODSIM/EF13D65B-D628-8A41-84B8-0E8975B75496_skimjec_3.root /eos/cms/store/group/phys_tau/TauFW/nano/UL2017/WJetsToLNu_TuneCP5_13TeV-madgraphMLM-pythia8/RunIISummer20UL17NanoAODv2-106X_mc2017_realistic_v8-v1/NANOAODSIM/EF13D65B-D628-8A41-84B8-0E8975B75496_skimjec_4.root /eos/cms/store/group/phys_tau/TauFW/nano/UL2017/WJetsToLNu_TuneCP5_13TeV-madgraphMLM-pythia8/RunIISummer20UL17NanoAODv2-106X_mc2017_realistic_v8-v1/NANOAODSIM/EF13D65B-D628-8A41-84B8-0E8975B75496_skimjec_5.root /eos/cms/store/group/phys_tau/TauFW/nano/UL2017/WJetsToLNu_TuneCP5_13TeV-madgraphMLM-pythia8/RunIISummer20UL17NanoAODv2-106X_mc2017_realistic_v8-v1/NANOAODSIM/EF13D65B-D628-8A41-84B8-0E8975B75496_skimjec_6.root /eos/cms/store/group/phys_tau/TauFW/nano/UL2017/WJetsToLNu_TuneCP5_13TeV-madgraphMLM-pythia8/RunIISummer20UL17NanoAODv2-106X_mc2017_realistic_v8-v1/NANOAODSIM/EF13D65B-D628-8A41-84B8-0E8975B75496_skimjec_7.root
Error in <TGClient::TGClient>: can't open display "localhost:19.0", switching to batch mode...
 In case you run from a remote ssh session, reconnect with ssh -Y
--------------------------------------------------------------------------------
>>> era          = 'UL2017'
>>> year         = 2017
>>> channel      = 'etau'
>>> modname      = 'ETauFakeRate.ModuleETau'
>>> dtype        = 'mc'
>>> kwargs       = {'useT1': True, 'dtype': 'mc', 'verb': 0, 'era': 'UL2017', 'year': 2017}
>>> firstevt     = 0
>>> maxevts      = None
>>> outdir       = '.'
>>> copydir      = '/eos/home-l/lvigilan/output_ETauFR_UL17_RUN1/UL2017/etau/WJetsToLNu'
>>> infiles      = ['/eos/cms/store/group/phys_tau/TauFW/nano/UL2017/WJetsToLNu_TuneCP5_13TeV-madgraphMLM-pythia8/RunIISummer20UL17NanoAODv2-106X_mc2017_realistic_v8-v1/NANOAODSIM/EF13D65B-D628-8A41-84B8-0E8975B75496_skimjec_3.root', '/eos/cms/store/group/phys_tau/TauFW/nano/UL2017/WJetsToLNu_TuneCP5_13TeV-madgraphMLM-pythia8/RunIISummer20UL17NanoAODv2-106X_mc2017_realistic_v8-v1/NANOAODSIM/EF13D65B-D628-8A41-84B8-0E8975B75496_skimjec_4.root', '/eos/cms/store/group/phys_tau/TauFW/nano/UL2017/WJetsToLNu_TuneCP5_13TeV-madgraphMLM-pythia8/RunIISummer20UL17NanoAODv2-106X_mc2017_realistic_v8-v1/NANOAODSIM/EF13D65B-D628-8A41-84B8-0E8975B75496_skimjec_5.root', '/eos/cms/store/group/phys_tau/TauFW/nano/UL2017/WJetsToLNu_TuneCP5_13TeV-madgraphMLM-pythia8/RunIISummer20UL17NanoAODv2-106X_mc2017_realistic_v8-v1/NANOAODSIM/EF13D65B-D628-8A41-84B8-0E8975B75496_skimjec_6.root', '/eos/cms/store/group/phys_tau/TauFW/nano/UL2017/WJetsToLNu_TuneCP5_13TeV-madgraphMLM-pythia8/RunIISummer20UL17NanoAODv2-106X_mc2017_realistic_v8-v1/NANOAODSIM/EF13D65B-D628-8A41-84B8-0E8975B75496_skimjec_7.root']
>>> outfname     = './pico_etau_132.root'
>>> branchsel    = '/afs/cern.ch/work/l/lvigilan/TauWork/CMSSW_10_6_17_patch1/python/TauFW/PicoProducer/processors/keep_and_drop_skim.txt'
>>> json         = None
>>> prefetch     = False
>>> cwd          = /pool/condor/dir_20933
--------------------------------------------------------------------------------

   ################
   #  ModuleETau  #
   ################

Loading PileupWeightTool for '/afs/cern.ch/work/l/lvigilan/TauWork/CMSSW_10_6_17_patch1/src/TauFW/PicoProducer/data/pileup/Data_PileUp_UL2017_69p2.root' and '/afs/cern.ch/work/l/lvigilan/TauWork/CMSSW_10_6_17_patch1/src/TauFW/PicoProducer/data/pileup/MC_PileUp_UL2017_Summer19.root'
Loading BTagWeightTool for DeepCSV (medium WP)...
>>> BTagTool: [1m[33mWarning! [0m[33mHistogram 'etau/eff_DeepCSV_udsg_medium' does not exist in /afs/cern.ch/work/l/lvigilan/TauWork/CMSSW_10_6_17_patch1/src/TauFW/PicoProducer/data/btag/DeepCSV_2017_12Apr2017_eff.root! Reverting to default efficiency histogram...[0m
>>> BTagTool: [1m[33mWarning! [0m[33mHistogram 'etau/eff_DeepCSV_c_medium' does not exist in /afs/cern.ch/work/l/lvigilan/TauWork/CMSSW_10_6_17_patch1/src/TauFW/PicoProducer/data/btag/DeepCSV_2017_12Apr2017_eff.root! Reverting to default efficiency histogram...[0m
>>> BTagTool: [1m[33mWarning! [0m[33mHistogram 'etau/eff_DeepCSV_b_medium' does not exist in /afs/cern.ch/work/l/lvigilan/TauWork/CMSSW_10_6_17_patch1/src/TauFW/PicoProducer/data/btag/DeepCSV_2017_12Apr2017_eff.root! Reverting to default efficiency histogram...[0m
>>> BTagTool: [1m[33mWarning! [0m[33mMade use of default efficiency histograms! The b tag weights from this module should be regarded as placeholders only,
and should NOT be used for analyses. B (mis)tag efficiencies in MC are analysis dependent. Please create your own
efficiency histogram with data/btag/getBTagEfficiencies.py after running all MC samples with BTagWeightTool.[0m
Loading TreeProducerETau for './pico_etau_132.root'
--------------------------------------------------------------------------------
>>> filename     = './pico_etau_132.root'
>>> year         = 2017
>>> dtype        = 'mc'
>>> channel      = 'etau'
>>> ismc         = True
>>> isdata       = False
>>> isembed      = False
>>> tes          = 1.0
>>> tessys       = None
>>> fes          = None
>>> ltf          = None
>>> jtf          = 1.0
>>> dotoppt      = False
>>> dozpt        = False
>>> dojec        = True
>>> dojecsys     = True
>>> dotight      = False
>>> useT1        = True
>>> jetCutPt     = 30
>>> bjetCutEta   = 2.7
>>> tauwp        = 0
>>> eleCutPt     = 36
>>> eleCutEta    = 2.1
>>> tauCutPt     = 20
>>> tauCutEta    = 2.3
>>> ZpeekReso    = 0.1
Pre-select 247691 entries out of 247691 (100.00%)
Processed    10000/  247691 entries,  4.04% (elapsed time     3.4s, curr speed    2.940 kHz, avg speed    2.940 kHz), accepted       13/   10001 events ( 0.13%)
Processed    20000/  247691 entries,  8.07% (elapsed time     4.6s, curr speed    8.141 kHz, avg speed    4.320 kHz), accepted       29/   20001 events ( 0.14%)
Processed    30000/  247691 entries, 12.11% (elapsed time     5.5s, curr speed   11.479 kHz, avg speed    5.454 kHz), accepted       40/   30001 events ( 0.13%)
Processed    40000/  247691 entries, 16.15% (elapsed time     6.3s, curr speed   12.909 kHz, avg speed    6.375 kHz), accepted       51/   40001 events ( 0.13%)
Processed    50000/  247691 entries, 20.19% (elapsed time     7.1s, curr speed   12.281 kHz, avg speed    7.053 kHz), accepted       68/   50001 events ( 0.14%)
Processed    60000/  247691 entries, 24.22% (elapsed time     8.0s, curr speed   11.120 kHz, avg speed    7.511 kHz), accepted       75/   60001 events ( 0.12%)
Processed    70000/  247691 entries, 28.26% (elapsed time     8.8s, curr speed   13.009 kHz, avg speed    7.993 kHz), accepted       88/   70001 events ( 0.13%)
Processed    80000/  247691 entries, 32.30% (elapsed time     9.6s, curr speed   11.985 kHz, avg speed    8.341 kHz), accepted      103/   80001 events ( 0.13%)
Processed    90000/  247691 entries, 36.34% (elapsed time    10.3s, curr speed   13.549 kHz, avg speed    8.713 kHz), accepted      114/   90001 events ( 0.13%)
Processed   100000/  247691 entries, 40.37% (elapsed time    11.3s, curr speed   10.446 kHz, avg speed    8.860 kHz), accepted      133/  100001 events ( 0.13%)
Processed   110000/  247691 entries, 44.41% (elapsed time    12.4s, curr speed    8.692 kHz, avg speed    8.844 kHz), accepted      149/  110001 events ( 0.14%)
Processed   120000/  247691 entries, 48.45% (elapsed time    13.4s, curr speed   10.864 kHz, avg speed    8.984 kHz), accepted      157/  120001 events ( 0.13%)
Processed   130000/  247691 entries, 52.48% (elapsed time    14.3s, curr speed   10.268 kHz, avg speed    9.071 kHz), accepted      175/  130001 events ( 0.13%)
Processed   140000/  247691 entries, 56.52% (elapsed time    15.0s, curr speed   14.498 kHz, avg speed    9.320 kHz), accepted      189/  140001 events ( 0.13%)
Processed   150000/  247691 entries, 60.56% (elapsed time    16.0s, curr speed   10.105 kHz, avg speed    9.369 kHz), accepted      205/  150001 events ( 0.14%)
Processed   160000/  247691 entries, 64.60% (elapsed time    16.9s, curr speed   11.002 kHz, avg speed    9.456 kHz), accepted      221/  160001 events ( 0.14%)
Processed   170000/  247691 entries, 68.63% (elapsed time    17.9s, curr speed   10.283 kHz, avg speed    9.501 kHz), accepted      238/  170001 events ( 0.14%)
Processed   180000/  247691 entries, 72.67% (elapsed time    19.0s, curr speed    9.211 kHz, avg speed    9.485 kHz), accepted      249/  180001 events ( 0.14%)
Processed   190000/  247691 entries, 76.71% (elapsed time    19.9s, curr speed   11.159 kHz, avg speed    9.560 kHz), accepted      259/  190001 events ( 0.14%)
Processed   200000/  247691 entries, 80.75% (elapsed time    20.8s, curr speed   11.056 kHz, avg speed    9.625 kHz), accepted      272/  200001 events ( 0.14%)
Processed   210000/  247691 entries, 84.78% (elapsed time    21.9s, curr speed    9.142 kHz, avg speed    9.601 kHz), accepted      289/  210001 events ( 0.14%)
Processed   220000/  247691 entries, 88.82% (elapsed time    22.8s, curr speed   10.658 kHz, avg speed    9.645 kHz), accepted      308/  220001 events ( 0.14%)
Processed   230000/  247691 entries, 92.86% (elapsed time    23.8s, curr speed    9.830 kHz, avg speed    9.652 kHz), accepted      324/  230001 events ( 0.14%)
Processed   240000/  247691 entries, 96.89% (elapsed time    24.7s, curr speed   12.140 kHz, avg speed    9.736 kHz), accepted      342/  240001 events ( 0.14%)
Processed 247691 preselected entries from /eos/cms/store/group/phys_tau/TauFW/nano/UL2017/WJetsToLNu_TuneCP5_13TeV-madgraphMLM-pythia8/RunIISummer20UL17NanoAODv2-106X_mc2017_realistic_v8-v1/NANOAODSIM/EF13D65B-D628-8A41-84B8-0E8975B75496_skimjec_3.root (247691 entries). Finally selected 351 entries
Pre-select 247691 entries out of 247691 (100.00%)
Processed    10000/  247691 entries,  4.04% (elapsed time     2.4s, curr speed    4.222 kHz, avg speed    4.222 kHz), accepted       12/   10001 events ( 0.12%)
Processed    20000/  247691 entries,  8.07% (elapsed time     3.7s, curr speed    7.627 kHz, avg speed    5.435 kHz), accepted       22/   20001 events ( 0.11%)
Processed    30000/  247691 entries, 12.11% (elapsed time     4.7s, curr speed    9.904 kHz, avg speed    6.397 kHz), accepted       37/   30001 events ( 0.12%)
Processed    40000/  247691 entries, 16.15% (elapsed time     5.5s, curr speed   13.131 kHz, avg speed    7.338 kHz), accepted       55/   40001 events ( 0.14%)
Processed    50000/  247691 entries, 20.19% (elapsed time     6.2s, curr speed   13.041 kHz, avg speed    8.041 kHz), accepted       68/   50001 events ( 0.14%)
Processed    60000/  247691 entries, 24.22% (elapsed time     7.0s, curr speed   12.514 kHz, avg speed    8.551 kHz), accepted       86/   60001 events ( 0.14%)
Processed    70000/  247691 entries, 28.26% (elapsed time     7.8s, curr speed   12.245 kHz, avg speed    8.936 kHz), accepted       99/   70001 events ( 0.14%)
Processed    80000/  247691 entries, 32.30% (elapsed time     8.7s, curr speed   12.040 kHz, avg speed    9.233 kHz), accepted      119/   80001 events ( 0.15%)
Processed    90000/  247691 entries, 36.34% (elapsed time     9.6s, curr speed   10.944 kHz, avg speed    9.396 kHz), accepted      130/   90001 events ( 0.14%)
Processed   100000/  247691 entries, 40.37% (elapsed time    10.5s, curr speed   11.231 kHz, avg speed    9.552 kHz), accepted      150/  100001 events ( 0.15%)
Processed   110000/  247691 entries, 44.41% (elapsed time    11.4s, curr speed   11.186 kHz, avg speed    9.681 kHz), accepted      168/  110001 events ( 0.15%)
Processed   120000/  247691 entries, 48.45% (elapsed time    12.2s, curr speed   12.491 kHz, avg speed    9.866 kHz), accepted      184/  120001 events ( 0.15%)
Processed   130000/  247691 entries, 52.48% (elapsed time    13.1s, curr speed   10.491 kHz, avg speed    9.911 kHz), accepted      198/  130001 events ( 0.15%)
Processed   140000/  247691 entries, 56.52% (elapsed time    14.1s, curr speed   10.196 kHz, avg speed    9.931 kHz), accepted      213/  140001 events ( 0.15%)
Processed   150000/  247691 entries, 60.56% (elapsed time    15.4s, curr speed    7.655 kHz, avg speed    9.738 kHz), accepted      227/  150001 events ( 0.15%)
Processed   160000/  247691 entries, 64.60% (elapsed time    16.3s, curr speed   11.056 kHz, avg speed    9.811 kHz), accepted      241/  160001 events ( 0.15%)
Processed   170000/  247691 entries, 68.63% (elapsed time    17.2s, curr speed   10.926 kHz, avg speed    9.870 kHz), accepted      258/  170001 events ( 0.15%)
Processed   180000/  247691 entries, 72.67% (elapsed time    18.1s, curr speed   10.990 kHz, avg speed    9.927 kHz), accepted      274/  180001 events ( 0.15%)
Processed   190000/  247691 entries, 76.71% (elapsed time    18.9s, curr speed   12.713 kHz, avg speed   10.042 kHz), accepted      284/  190001 events ( 0.15%)
Processed   200000/  247691 entries, 80.75% (elapsed time    19.7s, curr speed   12.960 kHz, avg speed   10.157 kHz), accepted      295/  200001 events ( 0.15%)
Processed   210000/  247691 entries, 84.78% (elapsed time    20.5s, curr speed   12.116 kHz, avg speed   10.236 kHz), accepted      306/  210001 events ( 0.15%)
Processed   220000/  247691 entries, 88.82% (elapsed time    21.5s, curr speed   10.070 kHz, avg speed   10.228 kHz), accepted      323/  220001 events ( 0.15%)
Processed   230000/  247691 entries, 92.86% (elapsed time    22.4s, curr speed   10.887 kHz, avg speed   10.255 kHz), accepted      338/  230001 events ( 0.15%)
Processed   240000/  247691 entries, 96.89% (elapsed time    23.3s, curr speed   12.155 kHz, avg speed   10.322 kHz), accepted      348/  240001 events ( 0.14%)
Processed 247691 preselected entries from /eos/cms/store/group/phys_tau/TauFW/nano/UL2017/WJetsToLNu_TuneCP5_13TeV-madgraphMLM-pythia8/RunIISummer20UL17NanoAODv2-106X_mc2017_realistic_v8-v1/NANOAODSIM/EF13D65B-D628-8A41-84B8-0E8975B75496_skimjec_4.root (247691 entries). Finally selected 360 entries
Pre-select 247691 entries out of 247691 (100.00%)
Processed    10000/  247691 entries,  4.04% (elapsed time     2.7s, curr speed    3.669 kHz, avg speed    3.669 kHz), accepted       16/   10001 events ( 0.16%)
Processed    20000/  247691 entries,  8.07% (elapsed time     4.1s, curr speed    7.208 kHz, avg speed    4.862 kHz), accepted       30/   20001 events ( 0.15%)
Processed    30000/  247691 entries, 12.11% (elapsed time     5.2s, curr speed    9.180 kHz, avg speed    5.766 kHz), accepted       37/   30001 events ( 0.12%)
Processed    40000/  247691 entries, 16.15% (elapsed time     6.0s, curr speed   12.298 kHz, avg speed    6.649 kHz), accepted       44/   40001 events ( 0.11%)
Processed    50000/  247691 entries, 20.19% (elapsed time     6.9s, curr speed   11.295 kHz, avg speed    7.245 kHz), accepted       61/   50001 events ( 0.12%)
Processed    60000/  247691 entries, 24.22% (elapsed time     8.0s, curr speed    9.435 kHz, avg speed    7.537 kHz), accepted       73/   60001 events ( 0.12%)
Processed    70000/  247691 entries, 28.26% (elapsed time     8.8s, curr speed   12.316 kHz, avg speed    7.979 kHz), accepted       90/   70001 events ( 0.13%)
Processed    80000/  247691 entries, 32.30% (elapsed time     9.5s, curr speed   13.223 kHz, avg speed    8.395 kHz), accepted      105/   80001 events ( 0.13%)
Processed    90000/  247691 entries, 36.34% (elapsed time    10.4s, curr speed   11.222 kHz, avg speed    8.637 kHz), accepted      124/   90001 events ( 0.14%)
Processed   100000/  247691 entries, 40.37% (elapsed time    11.4s, curr speed   10.142 kHz, avg speed    8.767 kHz), accepted      138/  100001 events ( 0.14%)
Processed   110000/  247691 entries, 44.41% (elapsed time    12.5s, curr speed    8.838 kHz, avg speed    8.773 kHz), accepted      152/  110001 events ( 0.14%)
Processed   120000/  247691 entries, 48.45% (elapsed time    13.8s, curr speed    7.727 kHz, avg speed    8.676 kHz), accepted      159/  120001 events ( 0.13%)
Processed   130000/  247691 entries, 52.48% (elapsed time    15.1s, curr speed    7.720 kHz, avg speed    8.594 kHz), accepted      170/  130001 events ( 0.13%)
Processed   140000/  247691 entries, 56.52% (elapsed time    16.3s, curr speed    8.802 kHz, avg speed    8.608 kHz), accepted      184/  140001 events ( 0.13%)
Processed   150000/  247691 entries, 60.56% (elapsed time    17.2s, curr speed   10.524 kHz, avg speed    8.714 kHz), accepted      198/  150001 events ( 0.13%)
Processed   160000/  247691 entries, 64.60% (elapsed time    18.3s, curr speed    8.858 kHz, avg speed    8.723 kHz), accepted      223/  160001 events ( 0.14%)
Processed   170000/  247691 entries, 68.63% (elapsed time    19.3s, curr speed   10.113 kHz, avg speed    8.794 kHz), accepted      239/  170001 events ( 0.14%)
Processed   180000/  247691 entries, 72.67% (elapsed time    20.2s, curr speed   11.815 kHz, avg speed    8.921 kHz), accepted      253/  180001 events ( 0.14%)
Processed   190000/  247691 entries, 76.71% (elapsed time    21.1s, curr speed   10.955 kHz, avg speed    9.009 kHz), accepted      265/  190001 events ( 0.14%)
Processed   200000/  247691 entries, 80.75% (elapsed time    21.8s, curr speed   13.394 kHz, avg speed    9.159 kHz), accepted      275/  200001 events ( 0.14%)
Processed   210000/  247691 entries, 84.78% (elapsed time    22.7s, curr speed   11.479 kHz, avg speed    9.248 kHz), accepted      288/  210001 events ( 0.14%)
Processed   220000/  247691 entries, 88.82% (elapsed time    23.9s, curr speed    8.126 kHz, avg speed    9.190 kHz), accepted      301/  220001 events ( 0.14%)
Processed   230000/  247691 entries, 92.86% (elapsed time    24.8s, curr speed   11.651 kHz, avg speed    9.275 kHz), accepted      313/  230001 events ( 0.14%)
Processed   240000/  247691 entries, 96.89% (elapsed time    25.7s, curr speed   10.832 kHz, avg speed    9.331 kHz), accepted      327/  240001 events ( 0.14%)
Processed 247691 preselected entries from /eos/cms/store/group/phys_tau/TauFW/nano/UL2017/WJetsToLNu_TuneCP5_13TeV-madgraphMLM-pythia8/RunIISummer20UL17NanoAODv2-106X_mc2017_realistic_v8-v1/NANOAODSIM/EF13D65B-D628-8A41-84B8-0E8975B75496_skimjec_5.root (247691 entries). Finally selected 336 entries
Pre-select 247691 entries out of 247691 (100.00%)
Processed    10000/  247691 entries,  4.04% (elapsed time     2.7s, curr speed    3.765 kHz, avg speed    3.765 kHz), accepted        6/   10001 events ( 0.06%)
Processed    20000/  247691 entries,  8.07% (elapsed time     4.2s, curr speed    6.560 kHz, avg speed    4.784 kHz), accepted       22/   20001 events ( 0.11%)
Processed    30000/  247691 entries, 12.11% (elapsed time     5.1s, curr speed   10.503 kHz, avg speed    5.845 kHz), accepted       38/   30001 events ( 0.13%)
Processed    40000/  247691 entries, 16.15% (elapsed time     5.9s, curr speed   13.776 kHz, avg speed    6.828 kHz), accepted       53/   40001 events ( 0.13%)
Processed    50000/  247691 entries, 20.19% (elapsed time     6.7s, curr speed   11.617 kHz, avg speed    7.441 kHz), accepted       67/   50001 events ( 0.13%)
Processed    60000/  247691 entries, 24.22% (elapsed time     7.6s, curr speed   11.229 kHz, avg speed    7.885 kHz), accepted       81/   60001 events ( 0.13%)
Processed    70000/  247691 entries, 28.26% (elapsed time     8.4s, curr speed   12.971 kHz, avg speed    8.353 kHz), accepted       92/   70001 events ( 0.13%)
Processed    80000/  247691 entries, 32.30% (elapsed time     9.3s, curr speed   11.433 kHz, avg speed    8.644 kHz), accepted      105/   80001 events ( 0.13%)
Processed    90000/  247691 entries, 36.34% (elapsed time    10.0s, curr speed   14.351 kHz, avg speed    9.043 kHz), accepted      118/   90001 events ( 0.13%)
Processed   100000/  247691 entries, 40.37% (elapsed time    10.8s, curr speed   11.269 kHz, avg speed    9.226 kHz), accepted      129/  100001 events ( 0.13%)
Processed   110000/  247691 entries, 44.41% (elapsed time    11.7s, curr speed   11.192 kHz, avg speed    9.375 kHz), accepted      145/  110001 events ( 0.13%)
Processed   120000/  247691 entries, 48.45% (elapsed time    12.6s, curr speed   12.187 kHz, avg speed    9.559 kHz), accepted      156/  120001 events ( 0.13%)
Processed   130000/  247691 entries, 52.48% (elapsed time    13.4s, curr speed   11.594 kHz, avg speed    9.690 kHz), accepted      170/  130001 events ( 0.13%)
Processed   140000/  247691 entries, 56.52% (elapsed time    14.3s, curr speed   11.846 kHz, avg speed    9.817 kHz), accepted      182/  140001 events ( 0.13%)
Processed   150000/  247691 entries, 60.56% (elapsed time    15.6s, curr speed    7.546 kHz, avg speed    9.624 kHz), accepted      197/  150001 events ( 0.13%)
Processed   160000/  247691 entries, 64.60% (elapsed time    16.3s, curr speed   14.314 kHz, avg speed    9.825 kHz), accepted      209/  160001 events ( 0.13%)
Processed   170000/  247691 entries, 68.63% (elapsed time    17.2s, curr speed   10.808 kHz, avg speed    9.878 kHz), accepted      224/  170001 events ( 0.13%)
Processed   180000/  247691 entries, 72.67% (elapsed time    18.1s, curr speed   11.543 kHz, avg speed    9.958 kHz), accepted      235/  180001 events ( 0.13%)
Processed   190000/  247691 entries, 76.71% (elapsed time    19.0s, curr speed   10.289 kHz, avg speed    9.975 kHz), accepted      244/  190001 events ( 0.13%)
Processed   200000/  247691 entries, 80.75% (elapsed time    19.8s, curr speed   13.086 kHz, avg speed   10.095 kHz), accepted      258/  200001 events ( 0.13%)
Processed   210000/  247691 entries, 84.78% (elapsed time    20.7s, curr speed   11.440 kHz, avg speed   10.152 kHz), accepted      276/  210001 events ( 0.13%)
Processed   220000/  247691 entries, 88.82% (elapsed time    21.6s, curr speed   11.425 kHz, avg speed   10.203 kHz), accepted      287/  220001 events ( 0.13%)
Processed   230000/  247691 entries, 92.86% (elapsed time    22.5s, curr speed   10.878 kHz, avg speed   10.231 kHz), accepted      303/  230001 events ( 0.13%)
Processed   240000/  247691 entries, 96.89% (elapsed time    23.3s, curr speed   12.302 kHz, avg speed   10.303 kHz), accepted      311/  240001 events ( 0.13%)
Processed 247691 preselected entries from /eos/cms/store/group/phys_tau/TauFW/nano/UL2017/WJetsToLNu_TuneCP5_13TeV-madgraphMLM-pythia8/RunIISummer20UL17NanoAODv2-106X_mc2017_realistic_v8-v1/NANOAODSIM/EF13D65B-D628-8A41-84B8-0E8975B75496_skimjec_6.root (247691 entries). Finally selected 326 entries
Pre-select 247691 entries out of 247691 (100.00%)
Processed    10000/  247691 entries,  4.04% (elapsed time     5.7s, curr speed    1.751 kHz, avg speed    1.751 kHz), accepted       13/   10001 events ( 0.13%)
Processed    20000/  247691 entries,  8.07% (elapsed time     8.1s, curr speed    4.106 kHz, avg speed    2.455 kHz), accepted       25/   20001 events ( 0.12%)
Processed    30000/  247691 entries, 12.11% (elapsed time     9.2s, curr speed    9.782 kHz, avg speed    3.272 kHz), accepted       40/   30001 events ( 0.13%)
Processed    40000/  247691 entries, 16.15% (elapsed time    10.2s, curr speed    9.510 kHz, avg speed    3.914 kHz), accepted       50/   40001 events ( 0.12%)
Processed    50000/  247691 entries, 20.19% (elapsed time    11.1s, curr speed   11.706 kHz, avg speed    4.515 kHz), accepted       71/   50001 events ( 0.14%)
Processed    60000/  247691 entries, 24.22% (elapsed time    12.1s, curr speed    9.584 kHz, avg speed    4.952 kHz), accepted       81/   60001 events ( 0.13%)
Processed    70000/  247691 entries, 28.26% (elapsed time    12.8s, curr speed   14.023 kHz, avg speed    5.456 kHz), accepted       99/   70001 events ( 0.14%)
Processed    80000/  247691 entries, 32.30% (elapsed time    13.8s, curr speed   10.377 kHz, avg speed    5.800 kHz), accepted      115/   80001 events ( 0.14%)
Processed    90000/  247691 entries, 36.34% (elapsed time    14.7s, curr speed   11.094 kHz, avg speed    6.125 kHz), accepted      131/   90001 events ( 0.15%)
Processed   100000/  247691 entries, 40.37% (elapsed time    15.7s, curr speed   10.337 kHz, avg speed    6.385 kHz), accepted      152/  100001 events ( 0.15%)
Processed   110000/  247691 entries, 44.41% (elapsed time    16.7s, curr speed   10.009 kHz, avg speed    6.602 kHz), accepted      170/  110001 events ( 0.15%)
Processed   120000/  247691 entries, 48.45% (elapsed time    17.5s, curr speed   11.810 kHz, avg speed    6.854 kHz), accepted      184/  120001 events ( 0.15%)
Processed   130000/  247691 entries, 52.48% (elapsed time    18.4s, curr speed   11.132 kHz, avg speed    7.063 kHz), accepted      193/  130001 events ( 0.15%)
Processed   140000/  247691 entries, 56.52% (elapsed time    19.5s, curr speed    9.120 kHz, avg speed    7.178 kHz), accepted      213/  140001 events ( 0.15%)
Processed   150000/  247691 entries, 60.56% (elapsed time    20.6s, curr speed    9.513 kHz, avg speed    7.298 kHz), accepted      223/  150001 events ( 0.15%)
Processed   160000/  247691 entries, 64.60% (elapsed time    22.3s, curr speed    5.625 kHz, avg speed    7.165 kHz), accepted      233/  160001 events ( 0.15%)
Processed   170000/  247691 entries, 68.63% (elapsed time    23.7s, curr speed    7.155 kHz, avg speed    7.164 kHz), accepted      241/  170001 events ( 0.14%)
Processed   180000/  247691 entries, 72.67% (elapsed time    25.2s, curr speed    6.691 kHz, avg speed    7.136 kHz), accepted      255/  180001 events ( 0.14%)
Processed   190000/  247691 entries, 76.71% (elapsed time    27.1s, curr speed    5.209 kHz, avg speed    7.000 kHz), accepted      269/  190001 events ( 0.14%)
Processed   200000/  247691 entries, 80.75% (elapsed time    31.0s, curr speed    2.584 kHz, avg speed    6.449 kHz), accepted      286/  200001 events ( 0.14%)
Processed   210000/  247691 entries, 84.78% (elapsed time    34.1s, curr speed    3.265 kHz, avg speed    6.163 kHz), accepted      306/  210001 events ( 0.15%)
Processed   220000/  247691 entries, 88.82% (elapsed time    37.7s, curr speed    2.764 kHz, avg speed    5.836 kHz), accepted      319/  220001 events ( 0.14%)
Processed   230000/  247691 entries, 92.86% (elapsed time    39.3s, curr speed    6.406 kHz, avg speed    5.859 kHz), accepted      331/  230001 events ( 0.14%)
Processed   240000/  247691 entries, 96.89% (elapsed time    41.2s, curr speed    5.271 kHz, avg speed    5.832 kHz), accepted      338/  240001 events ( 0.14%)
Processed 247691 preselected entries from /eos/cms/store/group/phys_tau/TauFW/nano/UL2017/WJetsToLNu_TuneCP5_13TeV-madgraphMLM-pythia8/RunIISummer20UL17NanoAODv2-106X_mc2017_realistic_v8-v1/NANOAODSIM/EF13D65B-D628-8A41-84B8-0E8975B75496_skimjec_7.root (247691 entries). Finally selected 345 entries
Total time 143.8 sec. to process 1238455 events. Rate = 8609.5 Hz.
>>> cwd          = /pool/condor/dir_20933
>>> ls           = ['.chirp.config', '.machine.ad', '_condor_stdout', 'var', '.job.ad', 'condor_exec.exe', 'lvigilan.cc', 'tmp', '.update.ad', 'pico_etau_132.root', 'x509_voms']
>>> getstorage('/eos/home-l/lvigilan/output_ETauFR_UL17_RUN1/UL2017/etau/WJetsToLNu'), <EOS("/eos/home-l/lvigilan/output_ETauFR_UL17_RUN1/UL2017/etau/WJetsToLNu") at 0x2b90cad41b90>
>>> Executing: 'cp ./pico_etau_132.root /eos/home-l/lvigilan/output_ETauFR_UL17_RUN1/UL2017/etau/WJetsToLNu'
>>> Removing './pico_etau_132.root'...
>>> picojob.py done after 159.3 seconds

Job complete at Mon Jun  7 19:12:04 CEST 2021
Took 2 minutes 40 seconds040 (2367594.132.000) 06/07 19:12:05 Finished transferring output files
...
005 (2367594.132.000) 06/07 19:12:05 Job terminated.
	(1) Normal termination (return value 0)
		Usr 0 00:01:48, Sys 0 00:00:05  -  Run Remote Usage
		Usr 0 00:00:00, Sys 0 00:00:00  -  Run Local Usage
		Usr 0 00:01:48, Sys 0 00:00:05  -  Total Remote Usage
		Usr 0 00:00:00, Sys 0 00:00:00  -  Total Local Usage
	36905  -  Run Bytes Sent By Job
	9930  -  Run Bytes Received By Job
	36905  -  Total Bytes Sent By Job
	9930  -  Total Bytes Received By Job
	Partitionable Resources :    Usage  Request Allocated 
	   Cpus                 :     0.89        1         1 
	   Disk (KB)            :   105           1    290452 
	   Memory (MB)          :   187        2000      2000 

	Job terminated of its own accord at 2021-06-07T17:12:04Z.
...
