Could not find platform independent libraries <prefix>
Could not find platform dependent libraries <exec_prefix>
Consider setting $PYTHONHOME to <prefix>[:<exec_prefix>]
ImportError: No module named site
Job start at Mon Jun  7 23:03:04 CEST 2021
Running job on machine Linux b7s11n6276.cern.ch 3.10.0-1160.24.1.el7.x86_64 #1 SMP Thu Apr 8 19:51:47 UTC 2021 x86_64 x86_64 x86_64 GNU/Linux, host b7s11n6276.cern.ch
============================================================
$PWD=/pool/condor/dir_27565
$JOBID=2367875
$TASKID=123
$HOSTNAME=b7s11n6276.cern.ch
$TASKCMD=/afs/cern.ch/work/l/lvigilan/TauWork/CMSSW_10_6_17_patch1/src/TauFW/PicoProducer/python/processors/picojob.py -y UL2017 -d 'mc' -c etau -M ETauFakeRate.ModuleETau --copydir /eos/home-l/lvigilan/output_ETauFR_UL17_RUN1/UL2017/etau/WJetsToLNu -t _etau_EES0p99_123 --opt 'ees=0.99' 'useT1=True' -i /eos/cms/store/group/phys_tau/TauFW/nano/UL2017/WJetsToLNu_TuneCP5_13TeV-madgraphMLM-pythia8/RunIISummer20UL17NanoAODv2-106X_mc2017_realistic_v8-v1/NANOAODSIM/DBB0E5FC-9027-FA4B-9528-E0DF1C09661B_skimjec_5.root /eos/cms/store/group/phys_tau/TauFW/nano/UL2017/WJetsToLNu_TuneCP5_13TeV-madgraphMLM-pythia8/RunIISummer20UL17NanoAODv2-106X_mc2017_realistic_v8-v1/NANOAODSIM/DBB0E5FC-9027-FA4B-9528-E0DF1C09661B_skimjec_6.root /eos/cms/store/group/phys_tau/TauFW/nano/UL2017/WJetsToLNu_TuneCP5_13TeV-madgraphMLM-pythia8/RunIISummer20UL17NanoAODv2-106X_mc2017_realistic_v8-v1/NANOAODSIM/DBB0E5FC-9027-FA4B-9528-E0DF1C09661B_skimjec_7.root /eos/cms/store/group/phys_tau/TauFW/nano/UL2017/WJetsToLNu_TuneCP5_13TeV-madgraphMLM-pythia8/RunIISummer20UL17NanoAODv2-106X_mc2017_realistic_v8-v1/NANOAODSIM/DBB0E5FC-9027-FA4B-9528-E0DF1C09661B_skimjec_8.root /eos/cms/store/group/phys_tau/TauFW/nano/UL2017/WJetsToLNu_TuneCP5_13TeV-madgraphMLM-pythia8/RunIISummer20UL17NanoAODv2-106X_mc2017_realistic_v8-v1/NANOAODSIM/DC9CFD0D-DAFA-D940-92A9-14E853501E20_skimjec_0.root
$WORKDIR=/pool/condor/dir_27565
>>> cd /afs/cern.ch/work/l/lvigilan/TauWork/CMSSW_10_6_17_patch1/src
>>> eval `scramv1 runtime -sh`
>>> cd /pool/condor/dir_27565
$PWD=/pool/condor/dir_27565
>>> /afs/cern.ch/work/l/lvigilan/TauWork/CMSSW_10_6_17_patch1/src/TauFW/PicoProducer/python/processors/picojob.py -y UL2017 -d 'mc' -c etau -M ETauFakeRate.ModuleETau --copydir /eos/home-l/lvigilan/output_ETauFR_UL17_RUN1/UL2017/etau/WJetsToLNu -t _etau_EES0p99_123 --opt 'ees=0.99' 'useT1=True' -i /eos/cms/store/group/phys_tau/TauFW/nano/UL2017/WJetsToLNu_TuneCP5_13TeV-madgraphMLM-pythia8/RunIISummer20UL17NanoAODv2-106X_mc2017_realistic_v8-v1/NANOAODSIM/DBB0E5FC-9027-FA4B-9528-E0DF1C09661B_skimjec_5.root /eos/cms/store/group/phys_tau/TauFW/nano/UL2017/WJetsToLNu_TuneCP5_13TeV-madgraphMLM-pythia8/RunIISummer20UL17NanoAODv2-106X_mc2017_realistic_v8-v1/NANOAODSIM/DBB0E5FC-9027-FA4B-9528-E0DF1C09661B_skimjec_6.root /eos/cms/store/group/phys_tau/TauFW/nano/UL2017/WJetsToLNu_TuneCP5_13TeV-madgraphMLM-pythia8/RunIISummer20UL17NanoAODv2-106X_mc2017_realistic_v8-v1/NANOAODSIM/DBB0E5FC-9027-FA4B-9528-E0DF1C09661B_skimjec_7.root /eos/cms/store/group/phys_tau/TauFW/nano/UL2017/WJetsToLNu_TuneCP5_13TeV-madgraphMLM-pythia8/RunIISummer20UL17NanoAODv2-106X_mc2017_realistic_v8-v1/NANOAODSIM/DBB0E5FC-9027-FA4B-9528-E0DF1C09661B_skimjec_8.root /eos/cms/store/group/phys_tau/TauFW/nano/UL2017/WJetsToLNu_TuneCP5_13TeV-madgraphMLM-pythia8/RunIISummer20UL17NanoAODv2-106X_mc2017_realistic_v8-v1/NANOAODSIM/DC9CFD0D-DAFA-D940-92A9-14E853501E20_skimjec_0.root
Error in <TGClient::TGClient>: can't open display "localhost:13.0", switching to batch mode...
 In case you run from a remote ssh session, reconnect with ssh -Y
--------------------------------------------------------------------------------
>>> era          = 'UL2017'
>>> year         = 2017
>>> channel      = 'etau'
>>> modname      = 'ETauFakeRate.ModuleETau'
>>> dtype        = 'mc'
>>> kwargs       = {'dtype': 'mc', 'ees': 0.99, 'useT1': True, 'verb': 0, 'era': 'UL2017', 'year': 2017}
>>> firstevt     = 0
>>> maxevts      = None
>>> outdir       = '.'
>>> copydir      = '/eos/home-l/lvigilan/output_ETauFR_UL17_RUN1/UL2017/etau/WJetsToLNu'
>>> infiles      = ['/eos/cms/store/group/phys_tau/TauFW/nano/UL2017/WJetsToLNu_TuneCP5_13TeV-madgraphMLM-pythia8/RunIISummer20UL17NanoAODv2-106X_mc2017_realistic_v8-v1/NANOAODSIM/DBB0E5FC-9027-FA4B-9528-E0DF1C09661B_skimjec_5.root', '/eos/cms/store/group/phys_tau/TauFW/nano/UL2017/WJetsToLNu_TuneCP5_13TeV-madgraphMLM-pythia8/RunIISummer20UL17NanoAODv2-106X_mc2017_realistic_v8-v1/NANOAODSIM/DBB0E5FC-9027-FA4B-9528-E0DF1C09661B_skimjec_6.root', '/eos/cms/store/group/phys_tau/TauFW/nano/UL2017/WJetsToLNu_TuneCP5_13TeV-madgraphMLM-pythia8/RunIISummer20UL17NanoAODv2-106X_mc2017_realistic_v8-v1/NANOAODSIM/DBB0E5FC-9027-FA4B-9528-E0DF1C09661B_skimjec_7.root', '/eos/cms/store/group/phys_tau/TauFW/nano/UL2017/WJetsToLNu_TuneCP5_13TeV-madgraphMLM-pythia8/RunIISummer20UL17NanoAODv2-106X_mc2017_realistic_v8-v1/NANOAODSIM/DBB0E5FC-9027-FA4B-9528-E0DF1C09661B_skimjec_8.root', '/eos/cms/store/group/phys_tau/TauFW/nano/UL2017/WJetsToLNu_TuneCP5_13TeV-madgraphMLM-pythia8/RunIISummer20UL17NanoAODv2-106X_mc2017_realistic_v8-v1/NANOAODSIM/DC9CFD0D-DAFA-D940-92A9-14E853501E20_skimjec_0.root']
>>> outfname     = './pico_etau_EES0p99_123.root'
>>> branchsel    = '/afs/cern.ch/work/l/lvigilan/TauWork/CMSSW_10_6_17_patch1/python/TauFW/PicoProducer/processors/keep_and_drop_skim.txt'
>>> json         = None
>>> prefetch     = False
>>> cwd          = /pool/condor/dir_27565
--------------------------------------------------------------------------------

   ################
   #  ModuleETau  #
   ################

Loading PileupWeightTool for '/afs/cern.ch/work/l/lvigilan/TauWork/CMSSW_10_6_17_patch1/src/TauFW/PicoProducer/data/pileup/Data_PileUp_UL2017_69p2.root' and '/afs/cern.ch/work/l/lvigilan/TauWork/CMSSW_10_6_17_patch1/src/TauFW/PicoProducer/data/pileup/MC_PileUp_UL2017_Summer19.root'
Loading BTagWeightTool for DeepCSV (medium WP)...
>>> BTagTool: [1m[33mWarning! [0m[33mHistogram 'etau/eff_DeepCSV_udsg_medium' does not exist in /afs/cern.ch/work/l/lvigilan/TauWork/CMSSW_10_6_17_patch1/src/TauFW/PicoProducer/data/btag/DeepCSV_2017_12Apr2017_eff.root! Reverting to default efficiency histogram...[0m
>>> BTagTool: [1m[33mWarning! [0m[33mHistogram 'etau/eff_DeepCSV_c_medium' does not exist in /afs/cern.ch/work/l/lvigilan/TauWork/CMSSW_10_6_17_patch1/src/TauFW/PicoProducer/data/btag/DeepCSV_2017_12Apr2017_eff.root! Reverting to default efficiency histogram...[0m
>>> BTagTool: [1m[33mWarning! [0m[33mHistogram 'etau/eff_DeepCSV_b_medium' does not exist in /afs/cern.ch/work/l/lvigilan/TauWork/CMSSW_10_6_17_patch1/src/TauFW/PicoProducer/data/btag/DeepCSV_2017_12Apr2017_eff.root! Reverting to default efficiency histogram...[0m
>>> BTagTool: [1m[33mWarning! [0m[33mMade use of default efficiency histograms! The b tag weights from this module should be regarded as placeholders only,
and should NOT be used for analyses. B (mis)tag efficiencies in MC are analysis dependent. Please create your own
efficiency histogram with data/btag/getBTagEfficiencies.py after running all MC samples with BTagWeightTool.[0m
Loading TreeProducerETau for './pico_etau_EES0p99_123.root'
--------------------------------------------------------------------------------
>>> filename     = './pico_etau_EES0p99_123.root'
>>> year         = 2017
>>> dtype        = 'mc'
>>> channel      = 'etau'
>>> ismc         = True
>>> isdata       = False
>>> isembed      = False
>>> tes          = 1.0
>>> tessys       = None
>>> fes          = None
>>> ltf          = None
>>> jtf          = 1.0
>>> dotoppt      = False
>>> dozpt        = False
>>> dojec        = True
>>> dojecsys     = True
>>> dotight      = False
>>> useT1        = True
>>> jetCutPt     = 30
>>> bjetCutEta   = 2.7
>>> tauwp        = 0
>>> eleCutPt     = 36
>>> eleCutEta    = 2.1
>>> tauCutPt     = 20
>>> tauCutEta    = 2.3
>>> ZpeekReso    = 0.1
Pre-select 244503 entries out of 244503 (100.00%)
Processed    10000/  244503 entries,  4.09% (elapsed time     4.7s, curr speed    2.108 kHz, avg speed    2.108 kHz), accepted       11/   10001 events ( 0.11%)
Processed    20000/  244503 entries,  8.18% (elapsed time     5.9s, curr speed    8.819 kHz, avg speed    3.403 kHz), accepted       33/   20001 events ( 0.16%)
Processed    30000/  244503 entries, 12.27% (elapsed time     6.5s, curr speed   16.524 kHz, avg speed    4.628 kHz), accepted       44/   30001 events ( 0.15%)
Processed    40000/  244503 entries, 16.36% (elapsed time     7.2s, curr speed   13.978 kHz, avg speed    5.557 kHz), accepted       59/   40001 events ( 0.15%)
Processed    50000/  244503 entries, 20.45% (elapsed time     7.9s, curr speed   14.565 kHz, avg speed    6.342 kHz), accepted       76/   50001 events ( 0.15%)
Processed    60000/  244503 entries, 24.54% (elapsed time     8.6s, curr speed   13.403 kHz, avg speed    6.952 kHz), accepted       96/   60001 events ( 0.16%)
Processed    70000/  244503 entries, 28.63% (elapsed time     9.3s, curr speed   14.979 kHz, avg speed    7.528 kHz), accepted      113/   70001 events ( 0.16%)
Processed    80000/  244503 entries, 32.72% (elapsed time    10.0s, curr speed   14.969 kHz, avg speed    8.027 kHz), accepted      123/   80001 events ( 0.15%)
Processed    90000/  244503 entries, 36.81% (elapsed time    10.6s, curr speed   14.857 kHz, avg speed    8.459 kHz), accepted      139/   90001 events ( 0.15%)
Processed   100000/  244503 entries, 40.90% (elapsed time    11.4s, curr speed   13.622 kHz, avg speed    8.793 kHz), accepted      148/  100001 events ( 0.15%)
Processed   110000/  244503 entries, 44.99% (elapsed time    12.1s, curr speed   13.956 kHz, avg speed    9.099 kHz), accepted      158/  110001 events ( 0.14%)
Processed   120000/  244503 entries, 49.08% (elapsed time    12.8s, curr speed   14.568 kHz, avg speed    9.392 kHz), accepted      170/  120001 events ( 0.14%)
Processed   130000/  244503 entries, 53.17% (elapsed time    13.5s, curr speed   13.189 kHz, avg speed    9.605 kHz), accepted      189/  130001 events ( 0.15%)
Processed   140000/  244503 entries, 57.26% (elapsed time    14.2s, curr speed   14.926 kHz, avg speed    9.856 kHz), accepted      205/  140001 events ( 0.15%)
Processed   150000/  244503 entries, 61.35% (elapsed time    14.9s, curr speed   15.191 kHz, avg speed   10.092 kHz), accepted      223/  150001 events ( 0.15%)
Processed   160000/  244503 entries, 65.44% (elapsed time    15.6s, curr speed   13.495 kHz, avg speed   10.254 kHz), accepted      240/  160001 events ( 0.15%)
Processed   170000/  244503 entries, 69.53% (elapsed time    16.3s, curr speed   14.166 kHz, avg speed   10.423 kHz), accepted      257/  170001 events ( 0.15%)
Processed   180000/  244503 entries, 73.62% (elapsed time    17.1s, curr speed   13.423 kHz, avg speed   10.554 kHz), accepted      272/  180001 events ( 0.15%)
Processed   190000/  244503 entries, 77.71% (elapsed time    17.8s, curr speed   13.468 kHz, avg speed   10.676 kHz), accepted      291/  190001 events ( 0.15%)
Processed   200000/  244503 entries, 81.80% (elapsed time    18.5s, curr speed   13.805 kHz, avg speed   10.798 kHz), accepted      302/  200001 events ( 0.15%)
Processed   210000/  244503 entries, 85.89% (elapsed time    19.1s, curr speed   16.114 kHz, avg speed   10.971 kHz), accepted      318/  210001 events ( 0.15%)
Processed   220000/  244503 entries, 89.98% (elapsed time    20.0s, curr speed   11.629 kHz, avg speed   10.999 kHz), accepted      325/  220001 events ( 0.15%)
Processed   230000/  244503 entries, 94.07% (elapsed time    21.7s, curr speed    5.737 kHz, avg speed   10.577 kHz), accepted      343/  230001 events ( 0.15%)
Processed   240000/  244503 entries, 98.16% (elapsed time    22.4s, curr speed   15.493 kHz, avg speed   10.719 kHz), accepted      360/  240001 events ( 0.15%)
Processed 244503 preselected entries from /eos/cms/store/group/phys_tau/TauFW/nano/UL2017/WJetsToLNu_TuneCP5_13TeV-madgraphMLM-pythia8/RunIISummer20UL17NanoAODv2-106X_mc2017_realistic_v8-v1/NANOAODSIM/DBB0E5FC-9027-FA4B-9528-E0DF1C09661B_skimjec_5.root (244503 entries). Finally selected 372 entries
Pre-select 244503 entries out of 244503 (100.00%)
Processed    10000/  244503 entries,  4.09% (elapsed time     3.0s, curr speed    3.301 kHz, avg speed    3.301 kHz), accepted       14/   10001 events ( 0.14%)
Processed    20000/  244503 entries,  8.18% (elapsed time     3.8s, curr speed   12.701 kHz, avg speed    5.240 kHz), accepted       29/   20001 events ( 0.14%)
Processed    30000/  244503 entries, 12.27% (elapsed time     4.6s, curr speed   13.285 kHz, avg speed    6.566 kHz), accepted       41/   30001 events ( 0.14%)
Processed    40000/  244503 entries, 16.36% (elapsed time     5.3s, curr speed   14.563 kHz, avg speed    7.611 kHz), accepted       51/   40001 events ( 0.13%)
Processed    50000/  244503 entries, 20.45% (elapsed time     6.1s, curr speed   12.433 kHz, avg speed    8.251 kHz), accepted       64/   50001 events ( 0.13%)
Processed    60000/  244503 entries, 24.54% (elapsed time     6.9s, curr speed   11.960 kHz, avg speed    8.700 kHz), accepted       79/   60001 events ( 0.13%)
Processed    70000/  244503 entries, 28.63% (elapsed time     7.6s, curr speed   14.053 kHz, avg speed    9.201 kHz), accepted       89/   70001 events ( 0.13%)
Processed    80000/  244503 entries, 32.72% (elapsed time     8.4s, curr speed   12.269 kHz, avg speed    9.498 kHz), accepted      100/   80001 events ( 0.12%)
Processed    90000/  244503 entries, 36.81% (elapsed time     9.3s, curr speed   11.953 kHz, avg speed    9.720 kHz), accepted      110/   90001 events ( 0.12%)
Processed   100000/  244503 entries, 40.90% (elapsed time    10.1s, curr speed   11.604 kHz, avg speed    9.880 kHz), accepted      124/  100001 events ( 0.12%)
Processed   110000/  244503 entries, 44.99% (elapsed time    11.0s, curr speed   11.949 kHz, avg speed   10.038 kHz), accepted      139/  110001 events ( 0.13%)
Processed   120000/  244503 entries, 49.08% (elapsed time    11.6s, curr speed   14.506 kHz, avg speed   10.303 kHz), accepted      146/  120001 events ( 0.12%)
Processed   130000/  244503 entries, 53.17% (elapsed time    12.5s, curr speed   11.559 kHz, avg speed   10.389 kHz), accepted      158/  130001 events ( 0.12%)
Processed   140000/  244503 entries, 57.26% (elapsed time    13.2s, curr speed   14.145 kHz, avg speed   10.590 kHz), accepted      165/  140001 events ( 0.12%)
Processed   150000/  244503 entries, 61.35% (elapsed time    13.9s, curr speed   14.129 kHz, avg speed   10.770 kHz), accepted      178/  150001 events ( 0.12%)
Processed   160000/  244503 entries, 65.44% (elapsed time    14.7s, curr speed   13.026 kHz, avg speed   10.888 kHz), accepted      198/  160001 events ( 0.12%)
Processed   170000/  244503 entries, 69.53% (elapsed time    15.5s, curr speed   11.990 kHz, avg speed   10.947 kHz), accepted      210/  170001 events ( 0.12%)
Processed   180000/  244503 entries, 73.62% (elapsed time    16.3s, curr speed   13.861 kHz, avg speed   11.077 kHz), accepted      225/  180001 events ( 0.12%)
Processed   190000/  244503 entries, 77.71% (elapsed time    17.0s, curr speed   13.902 kHz, avg speed   11.196 kHz), accepted      243/  190001 events ( 0.13%)
Processed   200000/  244503 entries, 81.80% (elapsed time    17.8s, curr speed   12.689 kHz, avg speed   11.263 kHz), accepted      266/  200001 events ( 0.13%)
Processed   210000/  244503 entries, 85.89% (elapsed time    18.4s, curr speed   15.231 kHz, avg speed   11.404 kHz), accepted      277/  210001 events ( 0.13%)
Processed   220000/  244503 entries, 89.98% (elapsed time    19.1s, curr speed   14.275 kHz, avg speed   11.509 kHz), accepted      291/  220001 events ( 0.13%)
Processed   230000/  244503 entries, 94.07% (elapsed time    19.9s, curr speed   13.196 kHz, avg speed   11.574 kHz), accepted      305/  230001 events ( 0.13%)
Processed   240000/  244503 entries, 98.16% (elapsed time    20.6s, curr speed   13.117 kHz, avg speed   11.631 kHz), accepted      321/  240001 events ( 0.13%)
Processed 244503 preselected entries from /eos/cms/store/group/phys_tau/TauFW/nano/UL2017/WJetsToLNu_TuneCP5_13TeV-madgraphMLM-pythia8/RunIISummer20UL17NanoAODv2-106X_mc2017_realistic_v8-v1/NANOAODSIM/DBB0E5FC-9027-FA4B-9528-E0DF1C09661B_skimjec_6.root (244503 entries). Finally selected 327 entries
Pre-select 244503 entries out of 244503 (100.00%)
Processed    10000/  244503 entries,  4.09% (elapsed time     3.7s, curr speed    2.733 kHz, avg speed    2.733 kHz), accepted       16/   10001 events ( 0.16%)
Processed    20000/  244503 entries,  8.18% (elapsed time     4.4s, curr speed   13.117 kHz, avg speed    4.524 kHz), accepted       26/   20001 events ( 0.13%)
Processed    30000/  244503 entries, 12.27% (elapsed time     5.1s, curr speed   15.854 kHz, avg speed    5.938 kHz), accepted       37/   30001 events ( 0.12%)
Processed    40000/  244503 entries, 16.36% (elapsed time     5.7s, curr speed   15.899 kHz, avg speed    7.041 kHz), accepted       46/   40001 events ( 0.11%)
Processed    50000/  244503 entries, 20.45% (elapsed time     6.4s, curr speed   14.288 kHz, avg speed    7.836 kHz), accepted       58/   50001 events ( 0.12%)
Processed    60000/  244503 entries, 24.54% (elapsed time     7.1s, curr speed   14.846 kHz, avg speed    8.505 kHz), accepted       69/   60001 events ( 0.11%)
Processed    70000/  244503 entries, 28.63% (elapsed time     7.7s, curr speed   15.932 kHz, avg speed    9.112 kHz), accepted       85/   70001 events ( 0.12%)
Processed    80000/  244503 entries, 32.72% (elapsed time     8.3s, curr speed   15.751 kHz, avg speed    9.619 kHz), accepted       94/   80001 events ( 0.12%)
Processed    90000/  244503 entries, 36.81% (elapsed time     9.0s, curr speed   14.443 kHz, avg speed    9.990 kHz), accepted      104/   90001 events ( 0.12%)
Processed   100000/  244503 entries, 40.90% (elapsed time     9.7s, curr speed   15.280 kHz, avg speed   10.348 kHz), accepted      118/  100001 events ( 0.12%)
Processed   110000/  244503 entries, 44.99% (elapsed time    10.4s, curr speed   13.868 kHz, avg speed   10.592 kHz), accepted      141/  110001 events ( 0.13%)
Processed   120000/  244503 entries, 49.08% (elapsed time    11.0s, curr speed   15.541 kHz, avg speed   10.881 kHz), accepted      156/  120001 events ( 0.13%)
Processed   130000/  244503 entries, 53.17% (elapsed time    11.7s, curr speed   14.644 kHz, avg speed   11.101 kHz), accepted      175/  130001 events ( 0.13%)
Processed   140000/  244503 entries, 57.26% (elapsed time    12.4s, curr speed   13.824 kHz, avg speed   11.259 kHz), accepted      186/  140001 events ( 0.13%)
Processed   150000/  244503 entries, 61.35% (elapsed time    13.1s, curr speed   14.889 kHz, avg speed   11.445 kHz), accepted      202/  150001 events ( 0.13%)
Processed   160000/  244503 entries, 65.44% (elapsed time    13.8s, curr speed   14.436 kHz, avg speed   11.595 kHz), accepted      210/  160001 events ( 0.13%)
Processed   170000/  244503 entries, 69.53% (elapsed time    14.6s, curr speed   12.825 kHz, avg speed   11.661 kHz), accepted      226/  170001 events ( 0.13%)
Processed   180000/  244503 entries, 73.62% (elapsed time    15.4s, curr speed   12.907 kHz, avg speed   11.724 kHz), accepted      239/  180001 events ( 0.13%)
Processed   190000/  244503 entries, 77.71% (elapsed time    16.1s, curr speed   13.551 kHz, avg speed   11.808 kHz), accepted      254/  190001 events ( 0.13%)
Processed   200000/  244503 entries, 81.80% (elapsed time    16.8s, curr speed   13.533 kHz, avg speed   11.883 kHz), accepted      269/  200001 events ( 0.13%)
Processed   210000/  244503 entries, 85.89% (elapsed time    17.5s, curr speed   16.056 kHz, avg speed   12.032 kHz), accepted      280/  210001 events ( 0.13%)
Processed   220000/  244503 entries, 89.98% (elapsed time    18.1s, curr speed   14.693 kHz, avg speed   12.132 kHz), accepted      295/  220001 events ( 0.13%)
Processed   230000/  244503 entries, 94.07% (elapsed time    18.8s, curr speed   15.807 kHz, avg speed   12.256 kHz), accepted      305/  230001 events ( 0.13%)
Processed   240000/  244503 entries, 98.16% (elapsed time    19.4s, curr speed   16.368 kHz, avg speed   12.386 kHz), accepted      314/  240001 events ( 0.13%)
Processed 244503 preselected entries from /eos/cms/store/group/phys_tau/TauFW/nano/UL2017/WJetsToLNu_TuneCP5_13TeV-madgraphMLM-pythia8/RunIISummer20UL17NanoAODv2-106X_mc2017_realistic_v8-v1/NANOAODSIM/DBB0E5FC-9027-FA4B-9528-E0DF1C09661B_skimjec_7.root (244503 entries). Finally selected 325 entries
Pre-select 244499 entries out of 244499 (100.00%)
Processed    10000/  244499 entries,  4.09% (elapsed time     3.5s, curr speed    2.865 kHz, avg speed    2.865 kHz), accepted       12/   10001 events ( 0.12%)
Processed    20000/  244499 entries,  8.18% (elapsed time     4.2s, curr speed   15.091 kHz, avg speed    4.816 kHz), accepted       31/   20001 events ( 0.15%)
Processed    30000/  244499 entries, 12.27% (elapsed time     4.8s, curr speed   15.254 kHz, avg speed    6.239 kHz), accepted       44/   30001 events ( 0.15%)
Processed    40000/  244499 entries, 16.36% (elapsed time     5.4s, curr speed   15.768 kHz, avg speed    7.350 kHz), accepted       53/   40001 events ( 0.13%)
Processed    50000/  244499 entries, 20.45% (elapsed time     6.1s, curr speed   15.279 kHz, avg speed    8.201 kHz), accepted       64/   50001 events ( 0.13%)
Processed    60000/  244499 entries, 24.54% (elapsed time     6.8s, curr speed   14.609 kHz, avg speed    8.848 kHz), accepted       76/   60001 events ( 0.13%)
Processed    70000/  244499 entries, 28.63% (elapsed time     7.4s, curr speed   16.714 kHz, avg speed    9.486 kHz), accepted       85/   70001 events ( 0.12%)
Processed    80000/  244499 entries, 32.72% (elapsed time     8.0s, curr speed   15.504 kHz, avg speed    9.969 kHz), accepted       95/   80001 events ( 0.12%)
Processed    90000/  244499 entries, 36.81% (elapsed time     8.7s, curr speed   14.768 kHz, avg speed   10.343 kHz), accepted      112/   90001 events ( 0.12%)
Processed   100000/  244499 entries, 40.90% (elapsed time     9.5s, curr speed   12.606 kHz, avg speed   10.532 kHz), accepted      126/  100001 events ( 0.13%)
Processed   110000/  244499 entries, 44.99% (elapsed time    10.3s, curr speed   12.633 kHz, avg speed   10.693 kHz), accepted      144/  110001 events ( 0.13%)
Processed   120000/  244499 entries, 49.08% (elapsed time    10.9s, curr speed   15.474 kHz, avg speed   10.976 kHz), accepted      159/  120001 events ( 0.13%)
Processed   130000/  244499 entries, 53.17% (elapsed time    11.6s, curr speed   15.289 kHz, avg speed   11.219 kHz), accepted      172/  130001 events ( 0.13%)
Processed   140000/  244499 entries, 57.26% (elapsed time    12.2s, curr speed   15.365 kHz, avg speed   11.440 kHz), accepted      185/  140001 events ( 0.13%)
Processed   150000/  244499 entries, 61.35% (elapsed time    12.8s, curr speed   16.542 kHz, avg speed   11.680 kHz), accepted      192/  150001 events ( 0.13%)
Processed   160000/  244499 entries, 65.44% (elapsed time    13.5s, curr speed   14.671 kHz, avg speed   11.831 kHz), accepted      203/  160001 events ( 0.13%)
Processed   170000/  244499 entries, 69.53% (elapsed time    14.1s, curr speed   16.093 kHz, avg speed   12.018 kHz), accepted      215/  170001 events ( 0.13%)
Processed   180000/  244499 entries, 73.62% (elapsed time    14.8s, curr speed   16.316 kHz, avg speed   12.197 kHz), accepted      231/  180001 events ( 0.13%)
Processed   190000/  244499 entries, 77.71% (elapsed time    15.4s, curr speed   15.149 kHz, avg speed   12.323 kHz), accepted      247/  190001 events ( 0.13%)
Processed   200000/  244499 entries, 81.80% (elapsed time    16.2s, curr speed   13.633 kHz, avg speed   12.382 kHz), accepted      259/  200001 events ( 0.13%)
Processed   210000/  244499 entries, 85.89% (elapsed time    16.8s, curr speed   16.541 kHz, avg speed   12.532 kHz), accepted      270/  210001 events ( 0.13%)
Processed   220000/  244499 entries, 89.98% (elapsed time    17.5s, curr speed   14.280 kHz, avg speed   12.603 kHz), accepted      287/  220001 events ( 0.13%)
Processed   230000/  244499 entries, 94.07% (elapsed time    18.2s, curr speed   13.988 kHz, avg speed   12.657 kHz), accepted      300/  230001 events ( 0.13%)
Processed   240000/  244499 entries, 98.16% (elapsed time    18.8s, curr speed   16.170 kHz, avg speed   12.773 kHz), accepted      315/  240001 events ( 0.13%)
Processed 244499 preselected entries from /eos/cms/store/group/phys_tau/TauFW/nano/UL2017/WJetsToLNu_TuneCP5_13TeV-madgraphMLM-pythia8/RunIISummer20UL17NanoAODv2-106X_mc2017_realistic_v8-v1/NANOAODSIM/DBB0E5FC-9027-FA4B-9528-E0DF1C09661B_skimjec_8.root (244499 entries). Finally selected 318 entries
Pre-select 225373 entries out of 225373 (100.00%)
Processed    10000/  225373 entries,  4.44% (elapsed time     2.3s, curr speed    4.345 kHz, avg speed    4.345 kHz), accepted       23/   10001 events ( 0.23%)
Processed    20000/  225373 entries,  8.87% (elapsed time     4.4s, curr speed    4.719 kHz, avg speed    4.524 kHz), accepted       33/   20001 events ( 0.16%)
Processed    30000/  225373 entries, 13.31% (elapsed time     5.3s, curr speed   10.772 kHz, avg speed    5.609 kHz), accepted       50/   30001 events ( 0.17%)
Processed    40000/  225373 entries, 17.75% (elapsed time     6.6s, curr speed    7.860 kHz, avg speed    6.041 kHz), accepted       61/   40001 events ( 0.15%)
Processed    50000/  225373 entries, 22.19% (elapsed time     7.3s, curr speed   14.940 kHz, avg speed    6.858 kHz), accepted       72/   50001 events ( 0.14%)
Processed    60000/  225373 entries, 26.62% (elapsed time     8.0s, curr speed   14.644 kHz, avg speed    7.525 kHz), accepted       85/   60001 events ( 0.14%)
Processed    70000/  225373 entries, 31.06% (elapsed time     8.6s, curr speed   14.926 kHz, avg speed    8.099 kHz), accepted      102/   70001 events ( 0.15%)
Processed    80000/  225373 entries, 35.50% (elapsed time     9.3s, curr speed   15.725 kHz, avg speed    8.622 kHz), accepted      122/   80001 events ( 0.15%)
Processed    90000/  225373 entries, 39.93% (elapsed time    10.0s, curr speed   14.016 kHz, avg speed    9.007 kHz), accepted      140/   90001 events ( 0.16%)
Processed   100000/  225373 entries, 44.37% (elapsed time    10.6s, curr speed   15.962 kHz, avg speed    9.417 kHz), accepted      150/  100001 events ( 0.15%)
Processed   110000/  225373 entries, 48.81% (elapsed time    11.3s, curr speed   15.695 kHz, avg speed    9.772 kHz), accepted      162/  110001 events ( 0.15%)
Processed   120000/  225373 entries, 53.25% (elapsed time    12.3s, curr speed    9.456 kHz, avg speed    9.745 kHz), accepted      171/  120001 events ( 0.14%)
Processed   130000/  225373 entries, 57.68% (elapsed time    13.0s, curr speed   15.246 kHz, avg speed   10.023 kHz), accepted      184/  130001 events ( 0.14%)
Processed   140000/  225373 entries, 62.12% (elapsed time    13.7s, curr speed   14.193 kHz, avg speed   10.238 kHz), accepted      200/  140001 events ( 0.14%)
Processed   150000/  225373 entries, 66.56% (elapsed time    14.3s, curr speed   15.411 kHz, avg speed   10.473 kHz), accepted      211/  150001 events ( 0.14%)
Processed   160000/  225373 entries, 70.99% (elapsed time    15.0s, curr speed   14.473 kHz, avg speed   10.657 kHz), accepted      223/  160001 events ( 0.14%)
Processed   170000/  225373 entries, 75.43% (elapsed time    15.7s, curr speed   14.812 kHz, avg speed   10.836 kHz), accepted      237/  170001 events ( 0.14%)
Processed   180000/  225373 entries, 79.87% (elapsed time    16.4s, curr speed   13.530 kHz, avg speed   10.957 kHz), accepted      253/  180001 events ( 0.14%)
Processed   190000/  225373 entries, 84.30% (elapsed time    17.1s, curr speed   15.575 kHz, avg speed   11.130 kHz), accepted      261/  190001 events ( 0.14%)
Processed   200000/  225373 entries, 88.74% (elapsed time    17.8s, curr speed   13.233 kHz, avg speed   11.220 kHz), accepted      281/  200001 events ( 0.14%)
Processed   210000/  225373 entries, 93.18% (elapsed time    18.5s, curr speed   15.661 kHz, avg speed   11.373 kHz), accepted      296/  210001 events ( 0.14%)
Processed   220000/  225373 entries, 97.62% (elapsed time    19.2s, curr speed   13.274 kHz, avg speed   11.448 kHz), accepted      309/  220001 events ( 0.14%)
Processed 225373 preselected entries from /eos/cms/store/group/phys_tau/TauFW/nano/UL2017/WJetsToLNu_TuneCP5_13TeV-madgraphMLM-pythia8/RunIISummer20UL17NanoAODv2-106X_mc2017_realistic_v8-v1/NANOAODSIM/DC9CFD0D-DAFA-D940-92A9-14E853501E20_skimjec_0.root (225373 entries). Finally selected 314 entries
Total time 103.4 sec. to process 1203381 events. Rate = 11636.9 Hz.
>>> cwd          = /pool/condor/dir_27565
>>> ls           = ['_condor_stdout', '.machine.ad', 'pico_etau_EES0p99_123.root', '.chirp.config', 'lvigilan.cc', 'condor_exec.exe', 'var', 'x509_voms', 'tmp', '.job.ad', '.update.ad']
>>> getstorage('/eos/home-l/lvigilan/output_ETauFR_UL17_RUN1/UL2017/etau/WJetsToLNu'), <EOS("/eos/home-l/lvigilan/output_ETauFR_UL17_RUN1/UL2017/etau/WJetsToLNu") at 0x2b50476b1dd0>
>>> Executing: 'cp ./pico_etau_EES0p99_123.root /eos/home-l/lvigilan/output_ETauFR_UL17_RUN1/UL2017/etau/WJetsToLNu'
>>> Removing './pico_etau_EES0p99_123.root'...
>>> picojob.py done after 119.2 seconds

Job complete at Mon Jun  7 23:05:04 CEST 2021
Took 2 minutes 0 seconds040 (2367875.123.000) 06/07 23:05:05 Finished transferring output files
...
005 (2367875.123.000) 06/07 23:05:06 Job terminated.
	(1) Normal termination (return value 0)
		Usr 0 00:01:24, Sys 0 00:00:04  -  Run Remote Usage
		Usr 0 00:00:00, Sys 0 00:00:00  -  Run Local Usage
		Usr 0 00:01:24, Sys 0 00:00:04  -  Total Remote Usage
		Usr 0 00:00:00, Sys 0 00:00:00  -  Total Local Usage
	36681  -  Run Bytes Sent By Job
	9898  -  Run Bytes Received By Job
	36681  -  Total Bytes Sent By Job
	9898  -  Total Bytes Received By Job
	Partitionable Resources :    Usage  Request Allocated 
	   Cpus                 :     0.54        1         1 
	   Disk (KB)            :   104           1    279481 
	   Memory (MB)          :   170        2000      2000 

	Job terminated of its own accord at 2021-06-07T21:05:04Z.
...
