Could not find platform independent libraries <prefix>
Could not find platform dependent libraries <exec_prefix>
Consider setting $PYTHONHOME to <prefix>[:<exec_prefix>]
ImportError: No module named site
Job start at Mon Jun  7 19:09:09 CEST 2021
Running job on machine Linux b7s12n1107.cern.ch 3.10.0-1160.21.1.el7.x86_64 #1 SMP Tue Mar 16 18:28:22 UTC 2021 x86_64 x86_64 x86_64 GNU/Linux, host b7s12n1107.cern.ch
============================================================
$PWD=/pool/condor/dir_20579
$JOBID=2367594
$TASKID=108
$HOSTNAME=b7s12n1107.cern.ch
$TASKCMD=/afs/cern.ch/work/l/lvigilan/TauWork/CMSSW_10_6_17_patch1/src/TauFW/PicoProducer/python/processors/picojob.py -y UL2017 -d 'mc' -c etau -M ETauFakeRate.ModuleETau --copydir /eos/home-l/lvigilan/output_ETauFR_UL17_RUN1/UL2017/etau/WJetsToLNu -t _etau_108 --opt 'useT1=True' -i /eos/cms/store/group/phys_tau/TauFW/nano/UL2017/WJetsToLNu_TuneCP5_13TeV-madgraphMLM-pythia8/RunIISummer20UL17NanoAODv2-106X_mc2017_realistic_v8-v1/NANOAODSIM/9B20991C-9F0C-AF4C-8DBB-C8D46AD10C0A_skimjec_1.root /eos/cms/store/group/phys_tau/TauFW/nano/UL2017/WJetsToLNu_TuneCP5_13TeV-madgraphMLM-pythia8/RunIISummer20UL17NanoAODv2-106X_mc2017_realistic_v8-v1/NANOAODSIM/9B20991C-9F0C-AF4C-8DBB-C8D46AD10C0A_skimjec_2.root /eos/cms/store/group/phys_tau/TauFW/nano/UL2017/WJetsToLNu_TuneCP5_13TeV-madgraphMLM-pythia8/RunIISummer20UL17NanoAODv2-106X_mc2017_realistic_v8-v1/NANOAODSIM/9B20991C-9F0C-AF4C-8DBB-C8D46AD10C0A_skimjec_3.root /eos/cms/store/group/phys_tau/TauFW/nano/UL2017/WJetsToLNu_TuneCP5_13TeV-madgraphMLM-pythia8/RunIISummer20UL17NanoAODv2-106X_mc2017_realistic_v8-v1/NANOAODSIM/9B20991C-9F0C-AF4C-8DBB-C8D46AD10C0A_skimjec_4.root /eos/cms/store/group/phys_tau/TauFW/nano/UL2017/WJetsToLNu_TuneCP5_13TeV-madgraphMLM-pythia8/RunIISummer20UL17NanoAODv2-106X_mc2017_realistic_v8-v1/NANOAODSIM/9B20991C-9F0C-AF4C-8DBB-C8D46AD10C0A_skimjec_5.root
$WORKDIR=/pool/condor/dir_20579
>>> cd /afs/cern.ch/work/l/lvigilan/TauWork/CMSSW_10_6_17_patch1/src
>>> eval `scramv1 runtime -sh`
>>> cd /pool/condor/dir_20579
$PWD=/pool/condor/dir_20579
>>> /afs/cern.ch/work/l/lvigilan/TauWork/CMSSW_10_6_17_patch1/src/TauFW/PicoProducer/python/processors/picojob.py -y UL2017 -d 'mc' -c etau -M ETauFakeRate.ModuleETau --copydir /eos/home-l/lvigilan/output_ETauFR_UL17_RUN1/UL2017/etau/WJetsToLNu -t _etau_108 --opt 'useT1=True' -i /eos/cms/store/group/phys_tau/TauFW/nano/UL2017/WJetsToLNu_TuneCP5_13TeV-madgraphMLM-pythia8/RunIISummer20UL17NanoAODv2-106X_mc2017_realistic_v8-v1/NANOAODSIM/9B20991C-9F0C-AF4C-8DBB-C8D46AD10C0A_skimjec_1.root /eos/cms/store/group/phys_tau/TauFW/nano/UL2017/WJetsToLNu_TuneCP5_13TeV-madgraphMLM-pythia8/RunIISummer20UL17NanoAODv2-106X_mc2017_realistic_v8-v1/NANOAODSIM/9B20991C-9F0C-AF4C-8DBB-C8D46AD10C0A_skimjec_2.root /eos/cms/store/group/phys_tau/TauFW/nano/UL2017/WJetsToLNu_TuneCP5_13TeV-madgraphMLM-pythia8/RunIISummer20UL17NanoAODv2-106X_mc2017_realistic_v8-v1/NANOAODSIM/9B20991C-9F0C-AF4C-8DBB-C8D46AD10C0A_skimjec_3.root /eos/cms/store/group/phys_tau/TauFW/nano/UL2017/WJetsToLNu_TuneCP5_13TeV-madgraphMLM-pythia8/RunIISummer20UL17NanoAODv2-106X_mc2017_realistic_v8-v1/NANOAODSIM/9B20991C-9F0C-AF4C-8DBB-C8D46AD10C0A_skimjec_4.root /eos/cms/store/group/phys_tau/TauFW/nano/UL2017/WJetsToLNu_TuneCP5_13TeV-madgraphMLM-pythia8/RunIISummer20UL17NanoAODv2-106X_mc2017_realistic_v8-v1/NANOAODSIM/9B20991C-9F0C-AF4C-8DBB-C8D46AD10C0A_skimjec_5.root
Error in <TGClient::TGClient>: can't open display "localhost:19.0", switching to batch mode...
 In case you run from a remote ssh session, reconnect with ssh -Y
--------------------------------------------------------------------------------
>>> era          = 'UL2017'
>>> year         = 2017
>>> channel      = 'etau'
>>> modname      = 'ETauFakeRate.ModuleETau'
>>> dtype        = 'mc'
>>> kwargs       = {'useT1': True, 'dtype': 'mc', 'verb': 0, 'era': 'UL2017', 'year': 2017}
>>> firstevt     = 0
>>> maxevts      = None
>>> outdir       = '.'
>>> copydir      = '/eos/home-l/lvigilan/output_ETauFR_UL17_RUN1/UL2017/etau/WJetsToLNu'
>>> infiles      = ['/eos/cms/store/group/phys_tau/TauFW/nano/UL2017/WJetsToLNu_TuneCP5_13TeV-madgraphMLM-pythia8/RunIISummer20UL17NanoAODv2-106X_mc2017_realistic_v8-v1/NANOAODSIM/9B20991C-9F0C-AF4C-8DBB-C8D46AD10C0A_skimjec_1.root', '/eos/cms/store/group/phys_tau/TauFW/nano/UL2017/WJetsToLNu_TuneCP5_13TeV-madgraphMLM-pythia8/RunIISummer20UL17NanoAODv2-106X_mc2017_realistic_v8-v1/NANOAODSIM/9B20991C-9F0C-AF4C-8DBB-C8D46AD10C0A_skimjec_2.root', '/eos/cms/store/group/phys_tau/TauFW/nano/UL2017/WJetsToLNu_TuneCP5_13TeV-madgraphMLM-pythia8/RunIISummer20UL17NanoAODv2-106X_mc2017_realistic_v8-v1/NANOAODSIM/9B20991C-9F0C-AF4C-8DBB-C8D46AD10C0A_skimjec_3.root', '/eos/cms/store/group/phys_tau/TauFW/nano/UL2017/WJetsToLNu_TuneCP5_13TeV-madgraphMLM-pythia8/RunIISummer20UL17NanoAODv2-106X_mc2017_realistic_v8-v1/NANOAODSIM/9B20991C-9F0C-AF4C-8DBB-C8D46AD10C0A_skimjec_4.root', '/eos/cms/store/group/phys_tau/TauFW/nano/UL2017/WJetsToLNu_TuneCP5_13TeV-madgraphMLM-pythia8/RunIISummer20UL17NanoAODv2-106X_mc2017_realistic_v8-v1/NANOAODSIM/9B20991C-9F0C-AF4C-8DBB-C8D46AD10C0A_skimjec_5.root']
>>> outfname     = './pico_etau_108.root'
>>> branchsel    = '/afs/cern.ch/work/l/lvigilan/TauWork/CMSSW_10_6_17_patch1/python/TauFW/PicoProducer/processors/keep_and_drop_skim.txt'
>>> json         = None
>>> prefetch     = False
>>> cwd          = /pool/condor/dir_20579
--------------------------------------------------------------------------------

   ################
   #  ModuleETau  #
   ################

Loading PileupWeightTool for '/afs/cern.ch/work/l/lvigilan/TauWork/CMSSW_10_6_17_patch1/src/TauFW/PicoProducer/data/pileup/Data_PileUp_UL2017_69p2.root' and '/afs/cern.ch/work/l/lvigilan/TauWork/CMSSW_10_6_17_patch1/src/TauFW/PicoProducer/data/pileup/MC_PileUp_UL2017_Summer19.root'
Loading BTagWeightTool for DeepCSV (medium WP)...
>>> BTagTool: [1m[33mWarning! [0m[33mHistogram 'etau/eff_DeepCSV_udsg_medium' does not exist in /afs/cern.ch/work/l/lvigilan/TauWork/CMSSW_10_6_17_patch1/src/TauFW/PicoProducer/data/btag/DeepCSV_2017_12Apr2017_eff.root! Reverting to default efficiency histogram...[0m
>>> BTagTool: [1m[33mWarning! [0m[33mHistogram 'etau/eff_DeepCSV_c_medium' does not exist in /afs/cern.ch/work/l/lvigilan/TauWork/CMSSW_10_6_17_patch1/src/TauFW/PicoProducer/data/btag/DeepCSV_2017_12Apr2017_eff.root! Reverting to default efficiency histogram...[0m
>>> BTagTool: [1m[33mWarning! [0m[33mHistogram 'etau/eff_DeepCSV_b_medium' does not exist in /afs/cern.ch/work/l/lvigilan/TauWork/CMSSW_10_6_17_patch1/src/TauFW/PicoProducer/data/btag/DeepCSV_2017_12Apr2017_eff.root! Reverting to default efficiency histogram...[0m
>>> BTagTool: [1m[33mWarning! [0m[33mMade use of default efficiency histograms! The b tag weights from this module should be regarded as placeholders only,
and should NOT be used for analyses. B (mis)tag efficiencies in MC are analysis dependent. Please create your own
efficiency histogram with data/btag/getBTagEfficiencies.py after running all MC samples with BTagWeightTool.[0m
Loading TreeProducerETau for './pico_etau_108.root'
--------------------------------------------------------------------------------
>>> filename     = './pico_etau_108.root'
>>> year         = 2017
>>> dtype        = 'mc'
>>> channel      = 'etau'
>>> ismc         = True
>>> isdata       = False
>>> isembed      = False
>>> tes          = 1.0
>>> tessys       = None
>>> fes          = None
>>> ltf          = None
>>> jtf          = 1.0
>>> dotoppt      = False
>>> dozpt        = False
>>> dojec        = True
>>> dojecsys     = True
>>> dotight      = False
>>> useT1        = True
>>> jetCutPt     = 30
>>> bjetCutEta   = 2.7
>>> tauwp        = 0
>>> eleCutPt     = 36
>>> eleCutEta    = 2.1
>>> tauCutPt     = 20
>>> tauCutEta    = 2.3
>>> ZpeekReso    = 0.1
Pre-select 248628 entries out of 248628 (100.00%)
Processed    10000/  248628 entries,  4.02% (elapsed time     3.3s, curr speed    3.061 kHz, avg speed    3.061 kHz), accepted       10/   10001 events ( 0.10%)
Processed    20000/  248628 entries,  8.04% (elapsed time     4.0s, curr speed   13.471 kHz, avg speed    4.989 kHz), accepted       24/   20001 events ( 0.12%)
Processed    30000/  248628 entries, 12.07% (elapsed time     4.7s, curr speed   13.840 kHz, avg speed    6.341 kHz), accepted       36/   30001 events ( 0.12%)
Processed    40000/  248628 entries, 16.09% (elapsed time     5.5s, curr speed   12.922 kHz, avg speed    7.266 kHz), accepted       55/   40001 events ( 0.14%)
Processed    50000/  248628 entries, 20.11% (elapsed time     6.2s, curr speed   14.189 kHz, avg speed    8.052 kHz), accepted       66/   50001 events ( 0.13%)
Processed    60000/  248628 entries, 24.13% (elapsed time     7.1s, curr speed   11.197 kHz, avg speed    8.447 kHz), accepted       83/   60001 events ( 0.14%)
Processed    70000/  248628 entries, 28.15% (elapsed time     8.4s, curr speed    7.571 kHz, avg speed    8.310 kHz), accepted       96/   70001 events ( 0.14%)
Processed    80000/  248628 entries, 32.18% (elapsed time     9.2s, curr speed   13.437 kHz, avg speed    8.726 kHz), accepted      113/   80001 events ( 0.14%)
Processed    90000/  248628 entries, 36.20% (elapsed time    10.0s, curr speed   11.938 kHz, avg speed    8.995 kHz), accepted      117/   90001 events ( 0.13%)
Processed   100000/  248628 entries, 40.22% (elapsed time    11.0s, curr speed   10.332 kHz, avg speed    9.113 kHz), accepted      130/  100001 events ( 0.13%)
Processed   110000/  248628 entries, 44.24% (elapsed time    12.0s, curr speed   10.157 kHz, avg speed    9.199 kHz), accepted      146/  110001 events ( 0.13%)
Processed   120000/  248628 entries, 48.26% (elapsed time    13.1s, curr speed    9.043 kHz, avg speed    9.186 kHz), accepted      156/  120001 events ( 0.13%)
Processed   130000/  248628 entries, 52.29% (elapsed time    13.9s, curr speed   12.568 kHz, avg speed    9.380 kHz), accepted      167/  130001 events ( 0.13%)
Processed   140000/  248628 entries, 56.31% (elapsed time    14.8s, curr speed   10.493 kHz, avg speed    9.452 kHz), accepted      182/  140001 events ( 0.13%)
Processed   150000/  248628 entries, 60.33% (elapsed time    15.6s, curr speed   13.256 kHz, avg speed    9.636 kHz), accepted      193/  150001 events ( 0.13%)
Processed   160000/  248628 entries, 64.35% (elapsed time    16.5s, curr speed   10.285 kHz, avg speed    9.674 kHz), accepted      199/  160001 events ( 0.12%)
Processed   170000/  248628 entries, 68.38% (elapsed time    17.6s, curr speed    9.752 kHz, avg speed    9.679 kHz), accepted      216/  170001 events ( 0.13%)
Processed   180000/  248628 entries, 72.40% (elapsed time    18.3s, curr speed   13.016 kHz, avg speed    9.818 kHz), accepted      227/  180001 events ( 0.13%)
Processed   190000/  248628 entries, 76.42% (elapsed time    19.3s, curr speed   10.185 kHz, avg speed    9.837 kHz), accepted      242/  190001 events ( 0.13%)
Processed   200000/  248628 entries, 80.44% (elapsed time    20.0s, curr speed   13.659 kHz, avg speed    9.977 kHz), accepted      254/  200001 events ( 0.13%)
Processed   210000/  248628 entries, 84.46% (elapsed time    21.0s, curr speed   10.950 kHz, avg speed   10.019 kHz), accepted      276/  210001 events ( 0.13%)
Processed   220000/  248628 entries, 88.49% (elapsed time    21.8s, curr speed   12.353 kHz, avg speed   10.106 kHz), accepted      290/  220001 events ( 0.13%)
Processed   230000/  248628 entries, 92.51% (elapsed time    22.6s, curr speed   11.920 kHz, avg speed   10.173 kHz), accepted      306/  230001 events ( 0.13%)
Processed   240000/  248628 entries, 96.53% (elapsed time    23.4s, curr speed   12.304 kHz, avg speed   10.247 kHz), accepted      318/  240001 events ( 0.13%)
Processed 248628 preselected entries from /eos/cms/store/group/phys_tau/TauFW/nano/UL2017/WJetsToLNu_TuneCP5_13TeV-madgraphMLM-pythia8/RunIISummer20UL17NanoAODv2-106X_mc2017_realistic_v8-v1/NANOAODSIM/9B20991C-9F0C-AF4C-8DBB-C8D46AD10C0A_skimjec_1.root (248628 entries). Finally selected 331 entries
Pre-select 248628 entries out of 248628 (100.00%)
Processed    10000/  248628 entries,  4.02% (elapsed time     2.6s, curr speed    3.783 kHz, avg speed    3.783 kHz), accepted       12/   10001 events ( 0.12%)
Processed    20000/  248628 entries,  8.04% (elapsed time     3.4s, curr speed   12.416 kHz, avg speed    5.799 kHz), accepted       25/   20001 events ( 0.12%)
Processed    30000/  248628 entries, 12.07% (elapsed time     4.4s, curr speed   10.327 kHz, avg speed    6.791 kHz), accepted       41/   30001 events ( 0.14%)
Processed    40000/  248628 entries, 16.09% (elapsed time     5.2s, curr speed   12.315 kHz, avg speed    7.649 kHz), accepted       55/   40001 events ( 0.14%)
Processed    50000/  248628 entries, 20.11% (elapsed time     6.2s, curr speed    9.833 kHz, avg speed    8.005 kHz), accepted       71/   50001 events ( 0.14%)
Processed    60000/  248628 entries, 24.13% (elapsed time     7.4s, curr speed    8.935 kHz, avg speed    8.146 kHz), accepted       84/   60001 events ( 0.14%)
Processed    70000/  248628 entries, 28.15% (elapsed time     8.1s, curr speed   13.271 kHz, avg speed    8.622 kHz), accepted      100/   70001 events ( 0.14%)
Processed    80000/  248628 entries, 32.18% (elapsed time     8.8s, curr speed   13.791 kHz, avg speed    9.046 kHz), accepted      112/   80001 events ( 0.14%)
Processed    90000/  248628 entries, 36.20% (elapsed time    10.0s, curr speed    8.362 kHz, avg speed    8.964 kHz), accepted      126/   90001 events ( 0.14%)
Processed   100000/  248628 entries, 40.22% (elapsed time    11.2s, curr speed    8.423 kHz, avg speed    8.907 kHz), accepted      146/  100001 events ( 0.15%)
Processed   110000/  248628 entries, 44.24% (elapsed time    12.6s, curr speed    7.463 kHz, avg speed    8.753 kHz), accepted      162/  110001 events ( 0.15%)
Processed   120000/  248628 entries, 48.26% (elapsed time    13.4s, curr speed   11.635 kHz, avg speed    8.937 kHz), accepted      185/  120001 events ( 0.15%)
Processed   130000/  248628 entries, 52.29% (elapsed time    14.4s, curr speed    9.991 kHz, avg speed    9.011 kHz), accepted      194/  130001 events ( 0.15%)
Processed   140000/  248628 entries, 56.31% (elapsed time    15.4s, curr speed   10.521 kHz, avg speed    9.104 kHz), accepted      210/  140001 events ( 0.15%)
Processed   150000/  248628 entries, 60.33% (elapsed time    16.2s, curr speed   11.990 kHz, avg speed    9.252 kHz), accepted      226/  150001 events ( 0.15%)
Processed   160000/  248628 entries, 64.35% (elapsed time    17.3s, curr speed    9.428 kHz, avg speed    9.263 kHz), accepted      247/  160001 events ( 0.15%)
Processed   170000/  248628 entries, 68.38% (elapsed time    18.2s, curr speed   11.275 kHz, avg speed    9.361 kHz), accepted      256/  170001 events ( 0.15%)
Processed   180000/  248628 entries, 72.40% (elapsed time    19.1s, curr speed   10.243 kHz, avg speed    9.406 kHz), accepted      269/  180001 events ( 0.15%)
Processed   190000/  248628 entries, 76.42% (elapsed time    19.9s, curr speed   13.444 kHz, avg speed    9.557 kHz), accepted      282/  190001 events ( 0.15%)
Processed   200000/  248628 entries, 80.44% (elapsed time    20.6s, curr speed   13.409 kHz, avg speed    9.697 kHz), accepted      293/  200001 events ( 0.15%)
Processed   210000/  248628 entries, 84.46% (elapsed time    21.6s, curr speed   10.806 kHz, avg speed    9.744 kHz), accepted      311/  210001 events ( 0.15%)
Processed   220000/  248628 entries, 88.49% (elapsed time    22.4s, curr speed   11.921 kHz, avg speed    9.826 kHz), accepted      328/  220001 events ( 0.15%)
Processed   230000/  248628 entries, 92.51% (elapsed time    23.3s, curr speed   10.916 kHz, avg speed    9.869 kHz), accepted      345/  230001 events ( 0.15%)
Processed   240000/  248628 entries, 96.53% (elapsed time    24.3s, curr speed   10.020 kHz, avg speed    9.875 kHz), accepted      367/  240001 events ( 0.15%)
Processed 248628 preselected entries from /eos/cms/store/group/phys_tau/TauFW/nano/UL2017/WJetsToLNu_TuneCP5_13TeV-madgraphMLM-pythia8/RunIISummer20UL17NanoAODv2-106X_mc2017_realistic_v8-v1/NANOAODSIM/9B20991C-9F0C-AF4C-8DBB-C8D46AD10C0A_skimjec_2.root (248628 entries). Finally selected 375 entries
Pre-select 248628 entries out of 248628 (100.00%)
Processed    10000/  248628 entries,  4.02% (elapsed time     3.3s, curr speed    2.996 kHz, avg speed    2.996 kHz), accepted       16/   10001 events ( 0.16%)
Processed    20000/  248628 entries,  8.04% (elapsed time     4.3s, curr speed   10.368 kHz, avg speed    4.649 kHz), accepted       31/   20001 events ( 0.15%)
Processed    30000/  248628 entries, 12.07% (elapsed time     5.3s, curr speed   10.282 kHz, avg speed    5.688 kHz), accepted       44/   30001 events ( 0.15%)
Processed    40000/  248628 entries, 16.09% (elapsed time     6.1s, curr speed   12.532 kHz, avg speed    6.587 kHz), accepted       55/   40001 events ( 0.14%)
Processed    50000/  248628 entries, 20.11% (elapsed time     6.9s, curr speed   12.144 kHz, avg speed    7.251 kHz), accepted       71/   50001 events ( 0.14%)
Processed    60000/  248628 entries, 24.13% (elapsed time     7.6s, curr speed   13.304 kHz, avg speed    7.845 kHz), accepted       82/   60001 events ( 0.14%)
Processed    70000/  248628 entries, 28.15% (elapsed time     8.6s, curr speed   10.973 kHz, avg speed    8.178 kHz), accepted       98/   70001 events ( 0.14%)
Processed    80000/  248628 entries, 32.18% (elapsed time     9.4s, curr speed   11.384 kHz, avg speed    8.477 kHz), accepted      119/   80001 events ( 0.15%)
Processed    90000/  248628 entries, 36.20% (elapsed time    10.4s, curr speed   10.738 kHz, avg speed    8.680 kHz), accepted      133/   90001 events ( 0.15%)
Processed   100000/  248628 entries, 40.22% (elapsed time    11.1s, curr speed   13.132 kHz, avg speed    8.984 kHz), accepted      145/  100001 events ( 0.14%)
Processed   110000/  248628 entries, 44.24% (elapsed time    12.0s, curr speed   11.736 kHz, avg speed    9.180 kHz), accepted      157/  110001 events ( 0.14%)
Processed   120000/  248628 entries, 48.26% (elapsed time    12.8s, curr speed   12.713 kHz, avg speed    9.398 kHz), accepted      172/  120001 events ( 0.14%)
Processed   130000/  248628 entries, 52.29% (elapsed time    13.7s, curr speed   11.348 kHz, avg speed    9.524 kHz), accepted      187/  130001 events ( 0.14%)
Processed   140000/  248628 entries, 56.31% (elapsed time    15.0s, curr speed    7.561 kHz, avg speed    9.350 kHz), accepted      208/  140001 events ( 0.15%)
Processed   150000/  248628 entries, 60.33% (elapsed time    15.9s, curr speed   10.386 kHz, avg speed    9.413 kHz), accepted      221/  150001 events ( 0.15%)
Processed   160000/  248628 entries, 64.35% (elapsed time    16.8s, curr speed   12.021 kHz, avg speed    9.542 kHz), accepted      242/  160001 events ( 0.15%)
Processed   170000/  248628 entries, 68.38% (elapsed time    18.4s, curr speed    6.252 kHz, avg speed    9.256 kHz), accepted      251/  170001 events ( 0.15%)
Processed   180000/  248628 entries, 72.40% (elapsed time    19.2s, curr speed   11.958 kHz, avg speed    9.373 kHz), accepted      266/  180001 events ( 0.15%)
Processed   190000/  248628 entries, 76.42% (elapsed time    20.1s, curr speed   11.080 kHz, avg speed    9.450 kHz), accepted      284/  190001 events ( 0.15%)
Processed   200000/  248628 entries, 80.44% (elapsed time    20.9s, curr speed   12.133 kHz, avg speed    9.556 kHz), accepted      299/  200001 events ( 0.15%)
Processed   210000/  248628 entries, 84.46% (elapsed time    21.8s, curr speed   11.724 kHz, avg speed    9.641 kHz), accepted      310/  210001 events ( 0.15%)
Processed   220000/  248628 entries, 88.49% (elapsed time    22.7s, curr speed   11.062 kHz, avg speed    9.697 kHz), accepted      324/  220001 events ( 0.15%)
Processed   230000/  248628 entries, 92.51% (elapsed time    23.5s, curr speed   11.982 kHz, avg speed    9.778 kHz), accepted      337/  230001 events ( 0.15%)
Processed   240000/  248628 entries, 96.53% (elapsed time    24.5s, curr speed   10.456 kHz, avg speed    9.805 kHz), accepted      355/  240001 events ( 0.15%)
Processed 248628 preselected entries from /eos/cms/store/group/phys_tau/TauFW/nano/UL2017/WJetsToLNu_TuneCP5_13TeV-madgraphMLM-pythia8/RunIISummer20UL17NanoAODv2-106X_mc2017_realistic_v8-v1/NANOAODSIM/9B20991C-9F0C-AF4C-8DBB-C8D46AD10C0A_skimjec_3.root (248628 entries). Finally selected 372 entries
Pre-select 248628 entries out of 248628 (100.00%)
Processed    10000/  248628 entries,  4.02% (elapsed time     3.2s, curr speed    3.112 kHz, avg speed    3.112 kHz), accepted       16/   10001 events ( 0.16%)
Processed    20000/  248628 entries,  8.04% (elapsed time     4.0s, curr speed   12.744 kHz, avg speed    5.003 kHz), accepted       26/   20001 events ( 0.13%)
Processed    30000/  248628 entries, 12.07% (elapsed time     4.9s, curr speed   11.259 kHz, avg speed    6.140 kHz), accepted       49/   30001 events ( 0.16%)
Processed    40000/  248628 entries, 16.09% (elapsed time     5.8s, curr speed   10.449 kHz, avg speed    6.846 kHz), accepted       68/   40001 events ( 0.17%)
Processed    50000/  248628 entries, 20.11% (elapsed time     6.7s, curr speed   11.514 kHz, avg speed    7.450 kHz), accepted       79/   50001 events ( 0.16%)
Processed    60000/  248628 entries, 24.13% (elapsed time     7.8s, curr speed    9.614 kHz, avg speed    7.740 kHz), accepted       92/   60001 events ( 0.15%)
Processed    70000/  248628 entries, 28.15% (elapsed time     8.7s, curr speed   10.866 kHz, avg speed    8.072 kHz), accepted      102/   70001 events ( 0.15%)
Processed    80000/  248628 entries, 32.18% (elapsed time     9.7s, curr speed    9.981 kHz, avg speed    8.269 kHz), accepted      115/   80001 events ( 0.14%)
Processed    90000/  248628 entries, 36.20% (elapsed time    10.9s, curr speed    7.956 kHz, avg speed    8.233 kHz), accepted      130/   90001 events ( 0.14%)
Processed   100000/  248628 entries, 40.22% (elapsed time    11.8s, curr speed   11.044 kHz, avg speed    8.448 kHz), accepted      139/  100001 events ( 0.14%)
Processed   110000/  248628 entries, 44.24% (elapsed time    12.8s, curr speed   10.791 kHz, avg speed    8.619 kHz), accepted      154/  110001 events ( 0.14%)
Processed   120000/  248628 entries, 48.26% (elapsed time    13.6s, curr speed   12.074 kHz, avg speed    8.829 kHz), accepted      170/  120001 events ( 0.14%)
Processed   130000/  248628 entries, 52.29% (elapsed time    14.4s, curr speed   12.107 kHz, avg speed    9.017 kHz), accepted      185/  130001 events ( 0.14%)
Processed   140000/  248628 entries, 56.31% (elapsed time    15.4s, curr speed   10.257 kHz, avg speed    9.095 kHz), accepted      200/  140001 events ( 0.14%)
Processed   150000/  248628 entries, 60.33% (elapsed time    16.3s, curr speed   10.812 kHz, avg speed    9.193 kHz), accepted      215/  150001 events ( 0.14%)
Processed   160000/  248628 entries, 64.35% (elapsed time    17.1s, curr speed   12.180 kHz, avg speed    9.336 kHz), accepted      222/  160001 events ( 0.14%)
Processed   170000/  248628 entries, 68.38% (elapsed time    18.1s, curr speed   10.235 kHz, avg speed    9.384 kHz), accepted      238/  170001 events ( 0.14%)
Processed   180000/  248628 entries, 72.40% (elapsed time    18.9s, curr speed   13.126 kHz, avg speed    9.535 kHz), accepted      250/  180001 events ( 0.14%)
Processed   190000/  248628 entries, 76.42% (elapsed time    19.7s, curr speed   12.477 kHz, avg speed    9.655 kHz), accepted      268/  190001 events ( 0.14%)
Processed   200000/  248628 entries, 80.44% (elapsed time    20.6s, curr speed   10.904 kHz, avg speed    9.711 kHz), accepted      283/  200001 events ( 0.14%)
Processed   210000/  248628 entries, 84.46% (elapsed time    21.7s, curr speed    8.874 kHz, avg speed    9.667 kHz), accepted      294/  210001 events ( 0.14%)
Processed   220000/  248628 entries, 88.49% (elapsed time    22.8s, curr speed    9.350 kHz, avg speed    9.653 kHz), accepted      311/  220001 events ( 0.14%)
Processed   230000/  248628 entries, 92.51% (elapsed time    23.6s, curr speed   12.094 kHz, avg speed    9.738 kHz), accepted      326/  230001 events ( 0.14%)
Processed   240000/  248628 entries, 96.53% (elapsed time    24.7s, curr speed    9.411 kHz, avg speed    9.724 kHz), accepted      342/  240001 events ( 0.14%)
Processed 248628 preselected entries from /eos/cms/store/group/phys_tau/TauFW/nano/UL2017/WJetsToLNu_TuneCP5_13TeV-madgraphMLM-pythia8/RunIISummer20UL17NanoAODv2-106X_mc2017_realistic_v8-v1/NANOAODSIM/9B20991C-9F0C-AF4C-8DBB-C8D46AD10C0A_skimjec_4.root (248628 entries). Finally selected 349 entries
Pre-select 248628 entries out of 248628 (100.00%)
Processed    10000/  248628 entries,  4.02% (elapsed time     4.1s, curr speed    2.419 kHz, avg speed    2.419 kHz), accepted       14/   10001 events ( 0.14%)
Processed    20000/  248628 entries,  8.04% (elapsed time     4.9s, curr speed   13.800 kHz, avg speed    4.117 kHz), accepted       29/   20001 events ( 0.14%)
Processed    30000/  248628 entries, 12.07% (elapsed time     5.7s, curr speed   11.818 kHz, avg speed    5.259 kHz), accepted       47/   30001 events ( 0.16%)
Processed    40000/  248628 entries, 16.09% (elapsed time     6.5s, curr speed   12.835 kHz, avg speed    6.170 kHz), accepted       63/   40001 events ( 0.16%)
Processed    50000/  248628 entries, 20.11% (elapsed time     7.4s, curr speed   10.858 kHz, avg speed    6.753 kHz), accepted       74/   50001 events ( 0.15%)
Processed    60000/  248628 entries, 24.13% (elapsed time     8.2s, curr speed   12.096 kHz, avg speed    7.290 kHz), accepted       91/   60001 events ( 0.15%)
Processed    70000/  248628 entries, 28.15% (elapsed time     9.0s, curr speed   13.294 kHz, avg speed    7.792 kHz), accepted       96/   70001 events ( 0.14%)
Processed    80000/  248628 entries, 32.18% (elapsed time     9.9s, curr speed   11.326 kHz, avg speed    8.109 kHz), accepted      104/   80001 events ( 0.13%)
Processed    90000/  248628 entries, 36.20% (elapsed time    10.7s, curr speed   12.044 kHz, avg speed    8.414 kHz), accepted      123/   90001 events ( 0.14%)
Processed   100000/  248628 entries, 40.22% (elapsed time    11.5s, curr speed   12.001 kHz, avg speed    8.673 kHz), accepted      133/  100001 events ( 0.13%)
Processed   110000/  248628 entries, 44.24% (elapsed time    12.5s, curr speed   10.279 kHz, avg speed    8.798 kHz), accepted      148/  110001 events ( 0.13%)
Processed   120000/  248628 entries, 48.26% (elapsed time    13.2s, curr speed   13.669 kHz, avg speed    9.067 kHz), accepted      163/  120001 events ( 0.14%)
Processed   130000/  248628 entries, 52.29% (elapsed time    14.3s, curr speed    9.312 kHz, avg speed    9.086 kHz), accepted      185/  130001 events ( 0.14%)
Processed   140000/  248628 entries, 56.31% (elapsed time    15.3s, curr speed    9.639 kHz, avg speed    9.123 kHz), accepted      205/  140001 events ( 0.15%)
Processed   150000/  248628 entries, 60.33% (elapsed time    16.1s, curr speed   13.601 kHz, avg speed    9.328 kHz), accepted      217/  150001 events ( 0.14%)
Processed   160000/  248628 entries, 64.35% (elapsed time    17.0s, curr speed   11.092 kHz, avg speed    9.422 kHz), accepted      233/  160001 events ( 0.15%)
Processed   170000/  248628 entries, 68.38% (elapsed time    17.8s, curr speed   12.287 kHz, avg speed    9.553 kHz), accepted      246/  170001 events ( 0.14%)
Processed   180000/  248628 entries, 72.40% (elapsed time    18.7s, curr speed   11.390 kHz, avg speed    9.639 kHz), accepted      259/  180001 events ( 0.14%)
Processed   190000/  248628 entries, 76.42% (elapsed time    19.9s, curr speed    8.348 kHz, avg speed    9.561 kHz), accepted      282/  190001 events ( 0.15%)
Processed   200000/  248628 entries, 80.44% (elapsed time    20.8s, curr speed   10.528 kHz, avg speed    9.605 kHz), accepted      289/  200001 events ( 0.14%)
Processed   210000/  248628 entries, 84.46% (elapsed time    21.7s, curr speed   11.378 kHz, avg speed    9.677 kHz), accepted      302/  210001 events ( 0.14%)
Processed   220000/  248628 entries, 88.49% (elapsed time    22.7s, curr speed   10.235 kHz, avg speed    9.701 kHz), accepted      321/  220001 events ( 0.15%)
Processed   230000/  248628 entries, 92.51% (elapsed time    23.6s, curr speed   11.138 kHz, avg speed    9.756 kHz), accepted      332/  230001 events ( 0.14%)
Processed   240000/  248628 entries, 96.53% (elapsed time    24.4s, curr speed   12.587 kHz, avg speed    9.848 kHz), accepted      347/  240001 events ( 0.14%)
Processed 248628 preselected entries from /eos/cms/store/group/phys_tau/TauFW/nano/UL2017/WJetsToLNu_TuneCP5_13TeV-madgraphMLM-pythia8/RunIISummer20UL17NanoAODv2-106X_mc2017_realistic_v8-v1/NANOAODSIM/9B20991C-9F0C-AF4C-8DBB-C8D46AD10C0A_skimjec_5.root (248628 entries). Finally selected 361 entries
Total time 125.9 sec. to process 1243140 events. Rate = 9876.3 Hz.
>>> cwd          = /pool/condor/dir_20579
>>> ls           = ['.chirp.config', '.machine.ad', '_condor_stdout', 'var', '.job.ad', 'pico_etau_108.root', 'condor_exec.exe', 'lvigilan.cc', 'tmp', '.update.ad', 'x509_voms']
>>> getstorage('/eos/home-l/lvigilan/output_ETauFR_UL17_RUN1/UL2017/etau/WJetsToLNu'), <EOS("/eos/home-l/lvigilan/output_ETauFR_UL17_RUN1/UL2017/etau/WJetsToLNu") at 0x2b18b3af8c90>
>>> Executing: 'cp ./pico_etau_108.root /eos/home-l/lvigilan/output_ETauFR_UL17_RUN1/UL2017/etau/WJetsToLNu'
>>> Removing './pico_etau_108.root'...
>>> picojob.py done after 144.3 seconds

Job complete at Mon Jun  7 19:11:34 CEST 2021
Took 2 minutes 25 seconds040 (2367594.108.000) 06/07 19:11:34 Finished transferring output files
...
005 (2367594.108.000) 06/07 19:11:34 Job terminated.
	(1) Normal termination (return value 0)
		Usr 0 00:01:49, Sys 0 00:00:05  -  Run Remote Usage
		Usr 0 00:00:00, Sys 0 00:00:00  -  Run Local Usage
		Usr 0 00:01:49, Sys 0 00:00:05  -  Total Remote Usage
		Usr 0 00:00:00, Sys 0 00:00:00  -  Total Local Usage
	36905  -  Run Bytes Sent By Job
	9930  -  Run Bytes Received By Job
	36905  -  Total Bytes Sent By Job
	9930  -  Total Bytes Received By Job
	Partitionable Resources :    Usage  Request Allocated 
	   Cpus                 :     0.83        1         1 
	   Disk (KB)            :   105           1    290446 
	   Memory (MB)          :   183        2000      2000 

	Job terminated of its own accord at 2021-06-07T17:11:34Z.
...
