Could not find platform independent libraries <prefix>
Could not find platform dependent libraries <exec_prefix>
Consider setting $PYTHONHOME to <prefix>[:<exec_prefix>]
ImportError: No module named site
Job start at Mon Jun  7 19:09:03 CEST 2021
Running job on machine Linux b7g24n0056.cern.ch 3.10.0-957.1.3.el7.x86_64 #1 SMP Thu Nov 29 14:49:43 UTC 2018 x86_64 x86_64 x86_64 GNU/Linux, host b7g24n0056.cern.ch
============================================================
$PWD=/pool/condor/dir_21262
$JOBID=2367594
$TASKID=93
$HOSTNAME=b7g24n0056.cern.ch
$TASKCMD=/afs/cern.ch/work/l/lvigilan/TauWork/CMSSW_10_6_17_patch1/src/TauFW/PicoProducer/python/processors/picojob.py -y UL2017 -d 'mc' -c etau -M ETauFakeRate.ModuleETau --copydir /eos/home-l/lvigilan/output_ETauFR_UL17_RUN1/UL2017/etau/WJetsToLNu -t _etau_93 --opt 'useT1=True' -i /eos/cms/store/group/phys_tau/TauFW/nano/UL2017/WJetsToLNu_TuneCP5_13TeV-madgraphMLM-pythia8/RunIISummer20UL17NanoAODv2-106X_mc2017_realistic_v8-v1/NANOAODSIM/41D5F25D-F053-B64A-80CF-54D46DA7904A_skimjec_8.root /eos/cms/store/group/phys_tau/TauFW/nano/UL2017/WJetsToLNu_TuneCP5_13TeV-madgraphMLM-pythia8/RunIISummer20UL17NanoAODv2-106X_mc2017_realistic_v8-v1/NANOAODSIM/41D5F25D-F053-B64A-80CF-54D46DA7904A_skimjec_9.root /eos/cms/store/group/phys_tau/TauFW/nano/UL2017/WJetsToLNu_TuneCP5_13TeV-madgraphMLM-pythia8/RunIISummer20UL17NanoAODv2-106X_mc2017_realistic_v8-v1/NANOAODSIM/49222152-069F-114B-8749-BFCE250A8770_skimjec_0.root /eos/cms/store/group/phys_tau/TauFW/nano/UL2017/WJetsToLNu_TuneCP5_13TeV-madgraphMLM-pythia8/RunIISummer20UL17NanoAODv2-106X_mc2017_realistic_v8-v1/NANOAODSIM/49222152-069F-114B-8749-BFCE250A8770_skimjec_1.root /eos/cms/store/group/phys_tau/TauFW/nano/UL2017/WJetsToLNu_TuneCP5_13TeV-madgraphMLM-pythia8/RunIISummer20UL17NanoAODv2-106X_mc2017_realistic_v8-v1/NANOAODSIM/49222152-069F-114B-8749-BFCE250A8770_skimjec_2.root
$WORKDIR=/pool/condor/dir_21262
>>> cd /afs/cern.ch/work/l/lvigilan/TauWork/CMSSW_10_6_17_patch1/src
>>> eval `scramv1 runtime -sh`
>>> cd /pool/condor/dir_21262
$PWD=/pool/condor/dir_21262
>>> /afs/cern.ch/work/l/lvigilan/TauWork/CMSSW_10_6_17_patch1/src/TauFW/PicoProducer/python/processors/picojob.py -y UL2017 -d 'mc' -c etau -M ETauFakeRate.ModuleETau --copydir /eos/home-l/lvigilan/output_ETauFR_UL17_RUN1/UL2017/etau/WJetsToLNu -t _etau_93 --opt 'useT1=True' -i /eos/cms/store/group/phys_tau/TauFW/nano/UL2017/WJetsToLNu_TuneCP5_13TeV-madgraphMLM-pythia8/RunIISummer20UL17NanoAODv2-106X_mc2017_realistic_v8-v1/NANOAODSIM/41D5F25D-F053-B64A-80CF-54D46DA7904A_skimjec_8.root /eos/cms/store/group/phys_tau/TauFW/nano/UL2017/WJetsToLNu_TuneCP5_13TeV-madgraphMLM-pythia8/RunIISummer20UL17NanoAODv2-106X_mc2017_realistic_v8-v1/NANOAODSIM/41D5F25D-F053-B64A-80CF-54D46DA7904A_skimjec_9.root /eos/cms/store/group/phys_tau/TauFW/nano/UL2017/WJetsToLNu_TuneCP5_13TeV-madgraphMLM-pythia8/RunIISummer20UL17NanoAODv2-106X_mc2017_realistic_v8-v1/NANOAODSIM/49222152-069F-114B-8749-BFCE250A8770_skimjec_0.root /eos/cms/store/group/phys_tau/TauFW/nano/UL2017/WJetsToLNu_TuneCP5_13TeV-madgraphMLM-pythia8/RunIISummer20UL17NanoAODv2-106X_mc2017_realistic_v8-v1/NANOAODSIM/49222152-069F-114B-8749-BFCE250A8770_skimjec_1.root /eos/cms/store/group/phys_tau/TauFW/nano/UL2017/WJetsToLNu_TuneCP5_13TeV-madgraphMLM-pythia8/RunIISummer20UL17NanoAODv2-106X_mc2017_realistic_v8-v1/NANOAODSIM/49222152-069F-114B-8749-BFCE250A8770_skimjec_2.root
Error in <TGClient::TGClient>: can't open display "localhost:19.0", switching to batch mode...
 In case you run from a remote ssh session, reconnect with ssh -Y
--------------------------------------------------------------------------------
>>> era          = 'UL2017'
>>> year         = 2017
>>> channel      = 'etau'
>>> modname      = 'ETauFakeRate.ModuleETau'
>>> dtype        = 'mc'
>>> kwargs       = {'useT1': True, 'dtype': 'mc', 'verb': 0, 'era': 'UL2017', 'year': 2017}
>>> firstevt     = 0
>>> maxevts      = None
>>> outdir       = '.'
>>> copydir      = '/eos/home-l/lvigilan/output_ETauFR_UL17_RUN1/UL2017/etau/WJetsToLNu'
>>> infiles      = ['/eos/cms/store/group/phys_tau/TauFW/nano/UL2017/WJetsToLNu_TuneCP5_13TeV-madgraphMLM-pythia8/RunIISummer20UL17NanoAODv2-106X_mc2017_realistic_v8-v1/NANOAODSIM/41D5F25D-F053-B64A-80CF-54D46DA7904A_skimjec_8.root', '/eos/cms/store/group/phys_tau/TauFW/nano/UL2017/WJetsToLNu_TuneCP5_13TeV-madgraphMLM-pythia8/RunIISummer20UL17NanoAODv2-106X_mc2017_realistic_v8-v1/NANOAODSIM/41D5F25D-F053-B64A-80CF-54D46DA7904A_skimjec_9.root', '/eos/cms/store/group/phys_tau/TauFW/nano/UL2017/WJetsToLNu_TuneCP5_13TeV-madgraphMLM-pythia8/RunIISummer20UL17NanoAODv2-106X_mc2017_realistic_v8-v1/NANOAODSIM/49222152-069F-114B-8749-BFCE250A8770_skimjec_0.root', '/eos/cms/store/group/phys_tau/TauFW/nano/UL2017/WJetsToLNu_TuneCP5_13TeV-madgraphMLM-pythia8/RunIISummer20UL17NanoAODv2-106X_mc2017_realistic_v8-v1/NANOAODSIM/49222152-069F-114B-8749-BFCE250A8770_skimjec_1.root', '/eos/cms/store/group/phys_tau/TauFW/nano/UL2017/WJetsToLNu_TuneCP5_13TeV-madgraphMLM-pythia8/RunIISummer20UL17NanoAODv2-106X_mc2017_realistic_v8-v1/NANOAODSIM/49222152-069F-114B-8749-BFCE250A8770_skimjec_2.root']
>>> outfname     = './pico_etau_93.root'
>>> branchsel    = '/afs/cern.ch/work/l/lvigilan/TauWork/CMSSW_10_6_17_patch1/python/TauFW/PicoProducer/processors/keep_and_drop_skim.txt'
>>> json         = None
>>> prefetch     = False
>>> cwd          = /pool/condor/dir_21262
--------------------------------------------------------------------------------

   ################
   #  ModuleETau  #
   ################

Loading PileupWeightTool for '/afs/cern.ch/work/l/lvigilan/TauWork/CMSSW_10_6_17_patch1/src/TauFW/PicoProducer/data/pileup/Data_PileUp_UL2017_69p2.root' and '/afs/cern.ch/work/l/lvigilan/TauWork/CMSSW_10_6_17_patch1/src/TauFW/PicoProducer/data/pileup/MC_PileUp_UL2017_Summer19.root'
Loading BTagWeightTool for DeepCSV (medium WP)...
>>> BTagTool: [1m[33mWarning! [0m[33mHistogram 'etau/eff_DeepCSV_udsg_medium' does not exist in /afs/cern.ch/work/l/lvigilan/TauWork/CMSSW_10_6_17_patch1/src/TauFW/PicoProducer/data/btag/DeepCSV_2017_12Apr2017_eff.root! Reverting to default efficiency histogram...[0m
>>> BTagTool: [1m[33mWarning! [0m[33mHistogram 'etau/eff_DeepCSV_c_medium' does not exist in /afs/cern.ch/work/l/lvigilan/TauWork/CMSSW_10_6_17_patch1/src/TauFW/PicoProducer/data/btag/DeepCSV_2017_12Apr2017_eff.root! Reverting to default efficiency histogram...[0m
>>> BTagTool: [1m[33mWarning! [0m[33mHistogram 'etau/eff_DeepCSV_b_medium' does not exist in /afs/cern.ch/work/l/lvigilan/TauWork/CMSSW_10_6_17_patch1/src/TauFW/PicoProducer/data/btag/DeepCSV_2017_12Apr2017_eff.root! Reverting to default efficiency histogram...[0m
>>> BTagTool: [1m[33mWarning! [0m[33mMade use of default efficiency histograms! The b tag weights from this module should be regarded as placeholders only,
and should NOT be used for analyses. B (mis)tag efficiencies in MC are analysis dependent. Please create your own
efficiency histogram with data/btag/getBTagEfficiencies.py after running all MC samples with BTagWeightTool.[0m
Loading TreeProducerETau for './pico_etau_93.root'
--------------------------------------------------------------------------------
>>> filename     = './pico_etau_93.root'
>>> year         = 2017
>>> dtype        = 'mc'
>>> channel      = 'etau'
>>> ismc         = True
>>> isdata       = False
>>> isembed      = False
>>> tes          = 1.0
>>> tessys       = None
>>> fes          = None
>>> ltf          = None
>>> jtf          = 1.0
>>> dotoppt      = False
>>> dozpt        = False
>>> dojec        = True
>>> dojecsys     = True
>>> dotight      = False
>>> useT1        = True
>>> jetCutPt     = 30
>>> bjetCutEta   = 2.7
>>> tauwp        = 0
>>> eleCutPt     = 36
>>> eleCutEta    = 2.1
>>> tauCutPt     = 20
>>> tauCutEta    = 2.3
>>> ZpeekReso    = 0.1
Pre-select 226832 entries out of 226832 (100.00%)
Processed    10000/  226832 entries,  4.41% (elapsed time     4.4s, curr speed    2.272 kHz, avg speed    2.272 kHz), accepted       10/   10001 events ( 0.10%)
Processed    20000/  226832 entries,  8.82% (elapsed time     6.5s, curr speed    4.769 kHz, avg speed    3.078 kHz), accepted       26/   20001 events ( 0.13%)
Processed    30000/  226832 entries, 13.23% (elapsed time     7.9s, curr speed    6.909 kHz, avg speed    3.776 kHz), accepted       37/   30001 events ( 0.12%)
Processed    40000/  226832 entries, 17.63% (elapsed time     9.3s, curr speed    7.250 kHz, avg speed    4.290 kHz), accepted       55/   40001 events ( 0.14%)
Processed    50000/  226832 entries, 22.04% (elapsed time    10.6s, curr speed    8.048 kHz, avg speed    4.732 kHz), accepted       68/   50001 events ( 0.14%)
Processed    60000/  226832 entries, 26.45% (elapsed time    12.1s, curr speed    6.592 kHz, avg speed    4.965 kHz), accepted       80/   60001 events ( 0.13%)
Processed    70000/  226832 entries, 30.86% (elapsed time    14.0s, curr speed    5.180 kHz, avg speed    4.995 kHz), accepted       88/   70001 events ( 0.13%)
Processed    80000/  226832 entries, 35.27% (elapsed time    15.7s, curr speed    5.965 kHz, avg speed    5.098 kHz), accepted      101/   80001 events ( 0.13%)
Processed    90000/  226832 entries, 39.68% (elapsed time    17.9s, curr speed    4.520 kHz, avg speed    5.027 kHz), accepted      117/   90001 events ( 0.13%)
Processed   100000/  226832 entries, 44.09% (elapsed time    19.4s, curr speed    6.809 kHz, avg speed    5.162 kHz), accepted      131/  100001 events ( 0.13%)
Processed   110000/  226832 entries, 48.49% (elapsed time    21.1s, curr speed    5.919 kHz, avg speed    5.223 kHz), accepted      145/  110001 events ( 0.13%)
Processed   120000/  226832 entries, 52.90% (elapsed time    22.8s, curr speed    5.804 kHz, avg speed    5.267 kHz), accepted      157/  120001 events ( 0.13%)
Processed   130000/  226832 entries, 57.31% (elapsed time    24.3s, curr speed    6.663 kHz, avg speed    5.353 kHz), accepted      169/  130001 events ( 0.13%)
Processed   140000/  226832 entries, 61.72% (elapsed time    25.6s, curr speed    7.723 kHz, avg speed    5.473 kHz), accepted      187/  140001 events ( 0.13%)
Processed   150000/  226832 entries, 66.13% (elapsed time    26.8s, curr speed    8.535 kHz, avg speed    5.607 kHz), accepted      208/  150001 events ( 0.14%)
Processed   160000/  226832 entries, 70.54% (elapsed time    28.0s, curr speed    8.330 kHz, avg speed    5.724 kHz), accepted      224/  160001 events ( 0.14%)
Processed   170000/  226832 entries, 74.95% (elapsed time    29.2s, curr speed    8.062 kHz, avg speed    5.823 kHz), accepted      238/  170001 events ( 0.14%)
Processed   180000/  226832 entries, 79.35% (elapsed time    30.6s, curr speed    7.058 kHz, avg speed    5.881 kHz), accepted      247/  180001 events ( 0.14%)
Processed   190000/  226832 entries, 83.76% (elapsed time    31.8s, curr speed    8.285 kHz, avg speed    5.972 kHz), accepted      260/  190001 events ( 0.14%)
Processed   200000/  226832 entries, 88.17% (elapsed time    33.2s, curr speed    7.279 kHz, avg speed    6.026 kHz), accepted      273/  200001 events ( 0.14%)
Processed   210000/  226832 entries, 92.58% (elapsed time    34.3s, curr speed    8.895 kHz, avg speed    6.120 kHz), accepted      283/  210001 events ( 0.13%)
Processed   220000/  226832 entries, 96.99% (elapsed time    35.6s, curr speed    8.026 kHz, avg speed    6.187 kHz), accepted      303/  220001 events ( 0.14%)
Processed 226832 preselected entries from /eos/cms/store/group/phys_tau/TauFW/nano/UL2017/WJetsToLNu_TuneCP5_13TeV-madgraphMLM-pythia8/RunIISummer20UL17NanoAODv2-106X_mc2017_realistic_v8-v1/NANOAODSIM/41D5F25D-F053-B64A-80CF-54D46DA7904A_skimjec_8.root (226832 entries). Finally selected 314 entries
Pre-select 226825 entries out of 226825 (100.00%)
Processed    10000/  226825 entries,  4.41% (elapsed time     4.6s, curr speed    2.197 kHz, avg speed    2.197 kHz), accepted       17/   10001 events ( 0.17%)
Processed    20000/  226825 entries,  8.82% (elapsed time     7.2s, curr speed    3.781 kHz, avg speed    2.779 kHz), accepted       28/   20001 events ( 0.14%)
Processed    30000/  226825 entries, 13.23% (elapsed time     8.6s, curr speed    6.967 kHz, avg speed    3.476 kHz), accepted       43/   30001 events ( 0.14%)
Processed    40000/  226825 entries, 17.63% (elapsed time     9.7s, curr speed    8.991 kHz, avg speed    4.105 kHz), accepted       57/   40001 events ( 0.14%)
Processed    50000/  226825 entries, 22.04% (elapsed time    10.8s, curr speed    9.383 kHz, avg speed    4.626 kHz), accepted       68/   50001 events ( 0.14%)
Processed    60000/  226825 entries, 26.45% (elapsed time    11.9s, curr speed    8.998 kHz, avg speed    5.033 kHz), accepted       75/   60001 events ( 0.12%)
Processed    70000/  226825 entries, 30.86% (elapsed time    13.1s, curr speed    8.656 kHz, avg speed    5.353 kHz), accepted       86/   70001 events ( 0.12%)
Processed    80000/  226825 entries, 35.27% (elapsed time    14.3s, curr speed    8.271 kHz, avg speed    5.600 kHz), accepted      101/   80001 events ( 0.13%)
Processed    90000/  226825 entries, 39.68% (elapsed time    15.8s, curr speed    6.811 kHz, avg speed    5.713 kHz), accepted      110/   90001 events ( 0.12%)
Processed   100000/  226825 entries, 44.09% (elapsed time    17.0s, curr speed    7.955 kHz, avg speed    5.879 kHz), accepted      123/  100001 events ( 0.12%)
Processed   110000/  226825 entries, 48.50% (elapsed time    18.4s, curr speed    7.232 kHz, avg speed    5.980 kHz), accepted      137/  110001 events ( 0.12%)
Processed   120000/  226825 entries, 52.90% (elapsed time    19.6s, curr speed    8.128 kHz, avg speed    6.115 kHz), accepted      152/  120001 events ( 0.13%)
Processed   130000/  226825 entries, 57.31% (elapsed time    21.0s, curr speed    7.443 kHz, avg speed    6.200 kHz), accepted      169/  130001 events ( 0.13%)
Processed   140000/  226825 entries, 61.72% (elapsed time    22.1s, curr speed    8.795 kHz, avg speed    6.334 kHz), accepted      184/  140001 events ( 0.13%)
Processed   150000/  226825 entries, 66.13% (elapsed time    23.6s, curr speed    6.914 kHz, avg speed    6.369 kHz), accepted      197/  150001 events ( 0.13%)
Processed   160000/  226825 entries, 70.54% (elapsed time    25.0s, curr speed    7.036 kHz, avg speed    6.407 kHz), accepted      213/  160001 events ( 0.13%)
Processed   170000/  226825 entries, 74.95% (elapsed time    26.3s, curr speed    7.475 kHz, avg speed    6.462 kHz), accepted      226/  170001 events ( 0.13%)
Processed   180000/  226825 entries, 79.36% (elapsed time    27.6s, curr speed    7.706 kHz, avg speed    6.520 kHz), accepted      243/  180001 events ( 0.13%)
Processed   190000/  226825 entries, 83.77% (elapsed time    28.9s, curr speed    7.511 kHz, avg speed    6.566 kHz), accepted      256/  190001 events ( 0.13%)
Processed   200000/  226825 entries, 88.17% (elapsed time    30.3s, curr speed    7.404 kHz, avg speed    6.603 kHz), accepted      268/  200001 events ( 0.13%)
Processed   210000/  226825 entries, 92.58% (elapsed time    31.8s, curr speed    6.533 kHz, avg speed    6.600 kHz), accepted      279/  210001 events ( 0.13%)
Processed   220000/  226825 entries, 96.99% (elapsed time    33.4s, curr speed    6.270 kHz, avg speed    6.584 kHz), accepted      297/  220001 events ( 0.13%)
Processed 226825 preselected entries from /eos/cms/store/group/phys_tau/TauFW/nano/UL2017/WJetsToLNu_TuneCP5_13TeV-madgraphMLM-pythia8/RunIISummer20UL17NanoAODv2-106X_mc2017_realistic_v8-v1/NANOAODSIM/41D5F25D-F053-B64A-80CF-54D46DA7904A_skimjec_9.root (226825 entries). Finally selected 305 entries
Pre-select 243714 entries out of 243714 (100.00%)
Processed    10000/  243714 entries,  4.10% (elapsed time     3.9s, curr speed    2.544 kHz, avg speed    2.544 kHz), accepted       10/   10001 events ( 0.10%)
Processed    20000/  243714 entries,  8.21% (elapsed time     5.8s, curr speed    5.386 kHz, avg speed    3.455 kHz), accepted       30/   20001 events ( 0.15%)
Processed    30000/  243714 entries, 12.31% (elapsed time     7.1s, curr speed    7.790 kHz, avg speed    4.242 kHz), accepted       43/   30001 events ( 0.14%)
Processed    40000/  243714 entries, 16.41% (elapsed time     8.2s, curr speed    9.254 kHz, avg speed    4.907 kHz), accepted       59/   40001 events ( 0.15%)
Processed    50000/  243714 entries, 20.52% (elapsed time     9.3s, curr speed    8.398 kHz, avg speed    5.352 kHz), accepted       76/   50001 events ( 0.15%)
Processed    60000/  243714 entries, 24.62% (elapsed time    10.6s, curr speed    7.685 kHz, avg speed    5.637 kHz), accepted       93/   60001 events ( 0.15%)
Processed    70000/  243714 entries, 28.72% (elapsed time    11.8s, curr speed    8.723 kHz, avg speed    5.937 kHz), accepted      105/   70001 events ( 0.15%)
Processed    80000/  243714 entries, 32.83% (elapsed time    12.9s, curr speed    8.640 kHz, avg speed    6.178 kHz), accepted      116/   80001 events ( 0.14%)
Processed    90000/  243714 entries, 36.93% (elapsed time    14.3s, curr speed    7.433 kHz, avg speed    6.297 kHz), accepted      127/   90001 events ( 0.14%)
Processed   100000/  243714 entries, 41.03% (elapsed time    15.8s, curr speed    6.758 kHz, avg speed    6.340 kHz), accepted      145/  100001 events ( 0.14%)
Processed   110000/  243714 entries, 45.13% (elapsed time    17.1s, curr speed    7.807 kHz, avg speed    6.450 kHz), accepted      159/  110001 events ( 0.14%)
Processed   120000/  243714 entries, 49.24% (elapsed time    18.3s, curr speed    8.036 kHz, avg speed    6.558 kHz), accepted      167/  120001 events ( 0.14%)
Processed   130000/  243714 entries, 53.34% (elapsed time    19.7s, curr speed    7.028 kHz, avg speed    6.592 kHz), accepted      178/  130001 events ( 0.14%)
Processed   140000/  243714 entries, 57.44% (elapsed time    20.9s, curr speed    8.550 kHz, avg speed    6.701 kHz), accepted      191/  140001 events ( 0.14%)
Processed   150000/  243714 entries, 61.55% (elapsed time    22.5s, curr speed    6.046 kHz, avg speed    6.653 kHz), accepted      200/  150001 events ( 0.13%)
Processed   160000/  243714 entries, 65.65% (elapsed time    24.0s, curr speed    7.059 kHz, avg speed    6.677 kHz), accepted      218/  160001 events ( 0.14%)
Processed   170000/  243714 entries, 69.75% (elapsed time    25.2s, curr speed    8.193 kHz, avg speed    6.751 kHz), accepted      227/  170001 events ( 0.13%)
Processed   180000/  243714 entries, 73.86% (elapsed time    26.5s, curr speed    7.315 kHz, avg speed    6.780 kHz), accepted      239/  180001 events ( 0.13%)
Processed   190000/  243714 entries, 77.96% (elapsed time    27.9s, curr speed    7.508 kHz, avg speed    6.815 kHz), accepted      256/  190001 events ( 0.13%)
Processed   200000/  243714 entries, 82.06% (elapsed time    29.2s, curr speed    7.564 kHz, avg speed    6.849 kHz), accepted      270/  200001 events ( 0.13%)
Processed   210000/  243714 entries, 86.17% (elapsed time    30.3s, curr speed    9.007 kHz, avg speed    6.928 kHz), accepted      283/  210001 events ( 0.13%)
Processed   220000/  243714 entries, 90.27% (elapsed time    31.6s, curr speed    8.068 kHz, avg speed    6.972 kHz), accepted      302/  220001 events ( 0.14%)
Processed   230000/  243714 entries, 94.37% (elapsed time    32.9s, curr speed    7.588 kHz, avg speed    6.997 kHz), accepted      320/  230001 events ( 0.14%)
Processed   240000/  243714 entries, 98.48% (elapsed time    34.3s, curr speed    6.884 kHz, avg speed    6.992 kHz), accepted      333/  240001 events ( 0.14%)
Processed 243714 preselected entries from /eos/cms/store/group/phys_tau/TauFW/nano/UL2017/WJetsToLNu_TuneCP5_13TeV-madgraphMLM-pythia8/RunIISummer20UL17NanoAODv2-106X_mc2017_realistic_v8-v1/NANOAODSIM/49222152-069F-114B-8749-BFCE250A8770_skimjec_0.root (243714 entries). Finally selected 339 entries
Pre-select 243714 entries out of 243714 (100.00%)
Processed    10000/  243714 entries,  4.10% (elapsed time     4.2s, curr speed    2.388 kHz, avg speed    2.388 kHz), accepted       10/   10001 events ( 0.10%)
Processed    20000/  243714 entries,  8.21% (elapsed time     7.6s, curr speed    2.968 kHz, avg speed    2.646 kHz), accepted       18/   20001 events ( 0.09%)
Processed    30000/  243714 entries, 12.31% (elapsed time     9.2s, curr speed    5.934 kHz, avg speed    3.246 kHz), accepted       34/   30001 events ( 0.11%)
Processed    40000/  243714 entries, 16.41% (elapsed time    10.3s, curr speed    9.664 kHz, avg speed    3.892 kHz), accepted       51/   40001 events ( 0.13%)
Processed    50000/  243714 entries, 20.52% (elapsed time    11.5s, curr speed    8.488 kHz, avg speed    4.365 kHz), accepted       65/   50001 events ( 0.13%)
Processed    60000/  243714 entries, 24.62% (elapsed time    14.0s, curr speed    3.918 kHz, avg speed    4.283 kHz), accepted       80/   60001 events ( 0.13%)
Processed    70000/  243714 entries, 28.72% (elapsed time    15.2s, curr speed    8.453 kHz, avg speed    4.608 kHz), accepted       93/   70001 events ( 0.13%)
Processed    80000/  243714 entries, 32.83% (elapsed time    16.4s, curr speed    8.401 kHz, avg speed    4.884 kHz), accepted      107/   80001 events ( 0.13%)
Processed    90000/  243714 entries, 36.93% (elapsed time    17.5s, curr speed    9.122 kHz, avg speed    5.149 kHz), accepted      119/   90001 events ( 0.13%)
Processed   100000/  243714 entries, 41.03% (elapsed time    18.7s, curr speed    8.318 kHz, avg speed    5.353 kHz), accepted      133/  100001 events ( 0.13%)
Processed   110000/  243714 entries, 45.13% (elapsed time    19.9s, curr speed    7.931 kHz, avg speed    5.516 kHz), accepted      141/  110001 events ( 0.13%)
Processed   120000/  243714 entries, 49.24% (elapsed time    21.3s, curr speed    7.380 kHz, avg speed    5.635 kHz), accepted      146/  120001 events ( 0.12%)
Processed   130000/  243714 entries, 53.34% (elapsed time    22.4s, curr speed    9.447 kHz, avg speed    5.815 kHz), accepted      152/  130001 events ( 0.12%)
Processed   140000/  243714 entries, 57.44% (elapsed time    23.4s, curr speed    9.223 kHz, avg speed    5.973 kHz), accepted      168/  140001 events ( 0.12%)
Processed   150000/  243714 entries, 61.55% (elapsed time    24.7s, curr speed    8.060 kHz, avg speed    6.078 kHz), accepted      180/  150001 events ( 0.12%)
Processed   160000/  243714 entries, 65.65% (elapsed time    26.0s, curr speed    7.819 kHz, avg speed    6.164 kHz), accepted      202/  160001 events ( 0.13%)
Processed   170000/  243714 entries, 69.75% (elapsed time    27.6s, curr speed    6.006 kHz, avg speed    6.154 kHz), accepted      220/  170001 events ( 0.13%)
Processed   180000/  243714 entries, 73.86% (elapsed time    28.8s, curr speed    8.751 kHz, avg speed    6.257 kHz), accepted      232/  180001 events ( 0.13%)
Processed   190000/  243714 entries, 77.96% (elapsed time    30.0s, curr speed    8.012 kHz, avg speed    6.330 kHz), accepted      246/  190001 events ( 0.13%)
Processed   200000/  243714 entries, 82.06% (elapsed time    31.3s, curr speed    7.665 kHz, avg speed    6.386 kHz), accepted      255/  200001 events ( 0.13%)
Processed   210000/  243714 entries, 86.17% (elapsed time    32.9s, curr speed    6.151 kHz, avg speed    6.374 kHz), accepted      267/  210001 events ( 0.13%)
Processed   220000/  243714 entries, 90.27% (elapsed time    34.3s, curr speed    7.206 kHz, avg speed    6.408 kHz), accepted      282/  220001 events ( 0.13%)
Processed   230000/  243714 entries, 94.37% (elapsed time    35.7s, curr speed    7.112 kHz, avg speed    6.436 kHz), accepted      303/  230001 events ( 0.13%)
Processed   240000/  243714 entries, 98.48% (elapsed time    37.3s, curr speed    6.526 kHz, avg speed    6.439 kHz), accepted      317/  240001 events ( 0.13%)
Processed 243714 preselected entries from /eos/cms/store/group/phys_tau/TauFW/nano/UL2017/WJetsToLNu_TuneCP5_13TeV-madgraphMLM-pythia8/RunIISummer20UL17NanoAODv2-106X_mc2017_realistic_v8-v1/NANOAODSIM/49222152-069F-114B-8749-BFCE250A8770_skimjec_1.root (243714 entries). Finally selected 325 entries
Pre-select 243714 entries out of 243714 (100.00%)
Processed    10000/  243714 entries,  4.10% (elapsed time     4.2s, curr speed    2.356 kHz, avg speed    2.356 kHz), accepted       15/   10001 events ( 0.15%)
Processed    20000/  243714 entries,  8.21% (elapsed time     5.8s, curr speed    6.240 kHz, avg speed    3.421 kHz), accepted       28/   20001 events ( 0.14%)
Processed    30000/  243714 entries, 12.31% (elapsed time     8.4s, curr speed    3.922 kHz, avg speed    3.573 kHz), accepted       48/   30001 events ( 0.16%)
Processed    40000/  243714 entries, 16.41% (elapsed time     9.6s, curr speed    8.063 kHz, avg speed    4.151 kHz), accepted       63/   40001 events ( 0.16%)
Processed    50000/  243714 entries, 20.52% (elapsed time    11.1s, curr speed    6.900 kHz, avg speed    4.510 kHz), accepted       76/   50001 events ( 0.15%)
Processed    60000/  243714 entries, 24.62% (elapsed time    12.2s, curr speed    8.835 kHz, avg speed    4.911 kHz), accepted       88/   60001 events ( 0.15%)
Processed    70000/  243714 entries, 28.72% (elapsed time    13.4s, curr speed    8.141 kHz, avg speed    5.206 kHz), accepted      105/   70001 events ( 0.15%)
Processed    80000/  243714 entries, 32.83% (elapsed time    14.6s, curr speed    8.786 kHz, avg speed    5.486 kHz), accepted      113/   80001 events ( 0.14%)
Processed    90000/  243714 entries, 36.93% (elapsed time    15.9s, curr speed    7.603 kHz, avg speed    5.661 kHz), accepted      126/   90001 events ( 0.14%)
Processed   100000/  243714 entries, 41.03% (elapsed time    17.3s, curr speed    6.909 kHz, avg speed    5.765 kHz), accepted      146/  100001 events ( 0.15%)
Processed   110000/  243714 entries, 45.13% (elapsed time    18.8s, curr speed    7.055 kHz, avg speed    5.862 kHz), accepted      159/  110001 events ( 0.14%)
Processed   120000/  243714 entries, 49.24% (elapsed time    20.3s, curr speed    6.481 kHz, avg speed    5.909 kHz), accepted      177/  120001 events ( 0.15%)
Processed   130000/  243714 entries, 53.34% (elapsed time    21.8s, curr speed    6.725 kHz, avg speed    5.965 kHz), accepted      191/  130001 events ( 0.15%)
Processed   140000/  243714 entries, 57.44% (elapsed time    22.9s, curr speed    8.899 kHz, avg speed    6.109 kHz), accepted      201/  140001 events ( 0.14%)
Processed   150000/  243714 entries, 61.55% (elapsed time    25.1s, curr speed    4.604 kHz, avg speed    5.979 kHz), accepted      215/  150001 events ( 0.14%)
Processed   160000/  243714 entries, 65.65% (elapsed time    26.1s, curr speed    9.719 kHz, avg speed    6.126 kHz), accepted      227/  160001 events ( 0.14%)
Processed   170000/  243714 entries, 69.75% (elapsed time    27.6s, curr speed    6.816 kHz, avg speed    6.163 kHz), accepted      245/  170001 events ( 0.14%)
Processed   180000/  243714 entries, 73.86% (elapsed time    28.9s, curr speed    7.801 kHz, avg speed    6.235 kHz), accepted      259/  180001 events ( 0.14%)
Processed   190000/  243714 entries, 77.96% (elapsed time    30.1s, curr speed    8.269 kHz, avg speed    6.317 kHz), accepted      271/  190001 events ( 0.14%)
Processed   200000/  243714 entries, 82.06% (elapsed time    31.3s, curr speed    7.972 kHz, avg speed    6.383 kHz), accepted      281/  200001 events ( 0.14%)
Processed   210000/  243714 entries, 86.17% (elapsed time    32.4s, curr speed    9.086 kHz, avg speed    6.475 kHz), accepted      296/  210001 events ( 0.14%)
Processed   220000/  243714 entries, 90.27% (elapsed time    33.9s, curr speed    6.920 kHz, avg speed    6.494 kHz), accepted      308/  220001 events ( 0.14%)
Processed   230000/  243714 entries, 94.37% (elapsed time    35.3s, curr speed    7.206 kHz, avg speed    6.522 kHz), accepted      325/  230001 events ( 0.14%)
Processed   240000/  243714 entries, 98.48% (elapsed time    36.9s, curr speed    6.070 kHz, avg speed    6.502 kHz), accepted      334/  240001 events ( 0.14%)
Processed 243714 preselected entries from /eos/cms/store/group/phys_tau/TauFW/nano/UL2017/WJetsToLNu_TuneCP5_13TeV-madgraphMLM-pythia8/RunIISummer20UL17NanoAODv2-106X_mc2017_realistic_v8-v1/NANOAODSIM/49222152-069F-114B-8749-BFCE250A8770_skimjec_2.root (243714 entries). Finally selected 336 entries
Total time 181.8 sec. to process 1184799 events. Rate = 6516.3 Hz.
>>> cwd          = /pool/condor/dir_21262
>>> ls           = ['condor_exec.exe', '_condor_stdout', '.machine.ad', 'var', 'pico_etau_93.root', 'tmp', '.chirp.config', 'lvigilan.cc', 'x509_voms', '.job.ad']
>>> getstorage('/eos/home-l/lvigilan/output_ETauFR_UL17_RUN1/UL2017/etau/WJetsToLNu'), <EOS("/eos/home-l/lvigilan/output_ETauFR_UL17_RUN1/UL2017/etau/WJetsToLNu") at 0x2ab031361b50>
>>> Executing: 'cp ./pico_etau_93.root /eos/home-l/lvigilan/output_ETauFR_UL17_RUN1/UL2017/etau/WJetsToLNu'
>>> Removing './pico_etau_93.root'...
>>> picojob.py done after 201.5 seconds

Job complete at Mon Jun  7 19:12:26 CEST 2021
Took 3 minutes 23 seconds040 (2367594.093.000) 06/07 19:12:26 Started transferring output files
...
040 (2367594.093.000) 06/07 19:12:26 Finished transferring output files
...
005 (2367594.093.000) 06/07 19:12:27 Job terminated.
	(1) Normal termination (return value 0)
		Usr 0 00:02:10, Sys 0 00:00:07  -  Run Remote Usage
		Usr 0 00:00:00, Sys 0 00:00:00  -  Run Local Usage
		Usr 0 00:02:10, Sys 0 00:00:07  -  Total Remote Usage
		Usr 0 00:00:00, Sys 0 00:00:00  -  Total Local Usage
	36236  -  Run Bytes Sent By Job
	9930  -  Run Bytes Received By Job
	36236  -  Total Bytes Sent By Job
	9930  -  Total Bytes Received By Job
	Partitionable Resources :    Usage  Request Allocated 
	   Cpus                 :                 1         1 
	   Disk (KB)            :       98        1    305818 
	   Memory (MB)          :      163     2000      2000 

	Job terminated of its own accord at 2021-06-07T17:12:26Z.
...
