Could not find platform independent libraries <prefix>
Could not find platform dependent libraries <exec_prefix>
Consider setting $PYTHONHOME to <prefix>[:<exec_prefix>]
ImportError: No module named site
Job start at Mon Jun  7 23:00:34 CEST 2021
Running job on machine Linux b7s12n2472.cern.ch 3.10.0-1160.6.1.el7.x86_64 #1 SMP Tue Nov 17 13:59:11 UTC 2020 x86_64 x86_64 x86_64 GNU/Linux, host b7s12n2472.cern.ch
============================================================
$PWD=/pool/condor/dir_1586
$JOBID=2367869
$TASKID=13
$HOSTNAME=b7s12n2472.cern.ch
$TASKCMD=/afs/cern.ch/work/l/lvigilan/TauWork/CMSSW_10_6_17_patch1/src/TauFW/PicoProducer/python/processors/picojob.py -y UL2017 -d 'mc' -c etau -M ETauFakeRate.ModuleETau --copydir /eos/home-l/lvigilan/output_ETauFR_UL17_RUN1/UL2017/etau/DY3JetsToLL_M-50 -t _etau_EES0p99_13 --opt 'ees=0.99' 'useT1=True' 'zpt=True' -i /eos/cms/store/group/phys_tau/TauFW/nano/UL2017/DY3JetsToLL_M-50_TuneCP5_13TeV-madgraphMLM-pythia8/RunIISummer19UL17NanoAODv2-106X_mc2017_realistic_v8-v1/NANOAODSIM/BA5B22EB-225F-A04B-8D7C-E40EE25D9B3E_skimjec_3.root /eos/cms/store/group/phys_tau/TauFW/nano/UL2017/DY3JetsToLL_M-50_TuneCP5_13TeV-madgraphMLM-pythia8/RunIISummer19UL17NanoAODv2-106X_mc2017_realistic_v8-v1/NANOAODSIM/BA5B22EB-225F-A04B-8D7C-E40EE25D9B3E_skimjec_4.root /eos/cms/store/group/phys_tau/TauFW/nano/UL2017/DY3JetsToLL_M-50_TuneCP5_13TeV-madgraphMLM-pythia8/RunIISummer19UL17NanoAODv2-106X_mc2017_realistic_v8-v1/NANOAODSIM/BA5B22EB-225F-A04B-8D7C-E40EE25D9B3E_skimjec_5.root /eos/cms/store/group/phys_tau/TauFW/nano/UL2017/DY3JetsToLL_M-50_TuneCP5_13TeV-madgraphMLM-pythia8/RunIISummer19UL17NanoAODv2-106X_mc2017_realistic_v8-v1/NANOAODSIM/BE905331-90E9-074C-9BFC-9B05EBC961A1_skimjec_0.root /eos/cms/store/group/phys_tau/TauFW/nano/UL2017/DY3JetsToLL_M-50_TuneCP5_13TeV-madgraphMLM-pythia8/RunIISummer19UL17NanoAODv2-106X_mc2017_realistic_v8-v1/NANOAODSIM/BE905331-90E9-074C-9BFC-9B05EBC961A1_skimjec_1.root
$WORKDIR=/pool/condor/dir_1586
>>> cd /afs/cern.ch/work/l/lvigilan/TauWork/CMSSW_10_6_17_patch1/src
>>> eval `scramv1 runtime -sh`
>>> cd /pool/condor/dir_1586
$PWD=/pool/condor/dir_1586
>>> /afs/cern.ch/work/l/lvigilan/TauWork/CMSSW_10_6_17_patch1/src/TauFW/PicoProducer/python/processors/picojob.py -y UL2017 -d 'mc' -c etau -M ETauFakeRate.ModuleETau --copydir /eos/home-l/lvigilan/output_ETauFR_UL17_RUN1/UL2017/etau/DY3JetsToLL_M-50 -t _etau_EES0p99_13 --opt 'ees=0.99' 'useT1=True' 'zpt=True' -i /eos/cms/store/group/phys_tau/TauFW/nano/UL2017/DY3JetsToLL_M-50_TuneCP5_13TeV-madgraphMLM-pythia8/RunIISummer19UL17NanoAODv2-106X_mc2017_realistic_v8-v1/NANOAODSIM/BA5B22EB-225F-A04B-8D7C-E40EE25D9B3E_skimjec_3.root /eos/cms/store/group/phys_tau/TauFW/nano/UL2017/DY3JetsToLL_M-50_TuneCP5_13TeV-madgraphMLM-pythia8/RunIISummer19UL17NanoAODv2-106X_mc2017_realistic_v8-v1/NANOAODSIM/BA5B22EB-225F-A04B-8D7C-E40EE25D9B3E_skimjec_4.root /eos/cms/store/group/phys_tau/TauFW/nano/UL2017/DY3JetsToLL_M-50_TuneCP5_13TeV-madgraphMLM-pythia8/RunIISummer19UL17NanoAODv2-106X_mc2017_realistic_v8-v1/NANOAODSIM/BA5B22EB-225F-A04B-8D7C-E40EE25D9B3E_skimjec_5.root /eos/cms/store/group/phys_tau/TauFW/nano/UL2017/DY3JetsToLL_M-50_TuneCP5_13TeV-madgraphMLM-pythia8/RunIISummer19UL17NanoAODv2-106X_mc2017_realistic_v8-v1/NANOAODSIM/BE905331-90E9-074C-9BFC-9B05EBC961A1_skimjec_0.root /eos/cms/store/group/phys_tau/TauFW/nano/UL2017/DY3JetsToLL_M-50_TuneCP5_13TeV-madgraphMLM-pythia8/RunIISummer19UL17NanoAODv2-106X_mc2017_realistic_v8-v1/NANOAODSIM/BE905331-90E9-074C-9BFC-9B05EBC961A1_skimjec_1.root
Error in <TGClient::TGClient>: can't open display "localhost:13.0", switching to batch mode...
 In case you run from a remote ssh session, reconnect with ssh -Y
--------------------------------------------------------------------------------
>>> era          = 'UL2017'
>>> year         = 2017
>>> channel      = 'etau'
>>> modname      = 'ETauFakeRate.ModuleETau'
>>> dtype        = 'mc'
>>> kwargs       = {'dtype': 'mc', 'zpt': True, 'ees': 0.99, 'useT1': True, 'verb': 0, 'era': 'UL2017', 'year': 2017}
>>> firstevt     = 0
>>> maxevts      = None
>>> outdir       = '.'
>>> copydir      = '/eos/home-l/lvigilan/output_ETauFR_UL17_RUN1/UL2017/etau/DY3JetsToLL_M-50'
>>> infiles      = ['/eos/cms/store/group/phys_tau/TauFW/nano/UL2017/DY3JetsToLL_M-50_TuneCP5_13TeV-madgraphMLM-pythia8/RunIISummer19UL17NanoAODv2-106X_mc2017_realistic_v8-v1/NANOAODSIM/BA5B22EB-225F-A04B-8D7C-E40EE25D9B3E_skimjec_3.root', '/eos/cms/store/group/phys_tau/TauFW/nano/UL2017/DY3JetsToLL_M-50_TuneCP5_13TeV-madgraphMLM-pythia8/RunIISummer19UL17NanoAODv2-106X_mc2017_realistic_v8-v1/NANOAODSIM/BA5B22EB-225F-A04B-8D7C-E40EE25D9B3E_skimjec_4.root', '/eos/cms/store/group/phys_tau/TauFW/nano/UL2017/DY3JetsToLL_M-50_TuneCP5_13TeV-madgraphMLM-pythia8/RunIISummer19UL17NanoAODv2-106X_mc2017_realistic_v8-v1/NANOAODSIM/BA5B22EB-225F-A04B-8D7C-E40EE25D9B3E_skimjec_5.root', '/eos/cms/store/group/phys_tau/TauFW/nano/UL2017/DY3JetsToLL_M-50_TuneCP5_13TeV-madgraphMLM-pythia8/RunIISummer19UL17NanoAODv2-106X_mc2017_realistic_v8-v1/NANOAODSIM/BE905331-90E9-074C-9BFC-9B05EBC961A1_skimjec_0.root', '/eos/cms/store/group/phys_tau/TauFW/nano/UL2017/DY3JetsToLL_M-50_TuneCP5_13TeV-madgraphMLM-pythia8/RunIISummer19UL17NanoAODv2-106X_mc2017_realistic_v8-v1/NANOAODSIM/BE905331-90E9-074C-9BFC-9B05EBC961A1_skimjec_1.root']
>>> outfname     = './pico_etau_EES0p99_13.root'
>>> branchsel    = '/afs/cern.ch/work/l/lvigilan/TauWork/CMSSW_10_6_17_patch1/python/TauFW/PicoProducer/processors/keep_and_drop_skim.txt'
>>> json         = None
>>> prefetch     = False
>>> cwd          = /pool/condor/dir_1586
--------------------------------------------------------------------------------

   ################
   #  ModuleETau  #
   ################

Loading PileupWeightTool for '/afs/cern.ch/work/l/lvigilan/TauWork/CMSSW_10_6_17_patch1/src/TauFW/PicoProducer/data/pileup/Data_PileUp_UL2017_69p2.root' and '/afs/cern.ch/work/l/lvigilan/TauWork/CMSSW_10_6_17_patch1/src/TauFW/PicoProducer/data/pileup/MC_PileUp_UL2017_Summer19.root'
Loading BTagWeightTool for DeepCSV (medium WP)...
>>> BTagTool: [1m[33mWarning! [0m[33mHistogram 'etau/eff_DeepCSV_udsg_medium' does not exist in /afs/cern.ch/work/l/lvigilan/TauWork/CMSSW_10_6_17_patch1/src/TauFW/PicoProducer/data/btag/DeepCSV_2017_12Apr2017_eff.root! Reverting to default efficiency histogram...[0m
>>> BTagTool: [1m[33mWarning! [0m[33mHistogram 'etau/eff_DeepCSV_c_medium' does not exist in /afs/cern.ch/work/l/lvigilan/TauWork/CMSSW_10_6_17_patch1/src/TauFW/PicoProducer/data/btag/DeepCSV_2017_12Apr2017_eff.root! Reverting to default efficiency histogram...[0m
>>> BTagTool: [1m[33mWarning! [0m[33mHistogram 'etau/eff_DeepCSV_b_medium' does not exist in /afs/cern.ch/work/l/lvigilan/TauWork/CMSSW_10_6_17_patch1/src/TauFW/PicoProducer/data/btag/DeepCSV_2017_12Apr2017_eff.root! Reverting to default efficiency histogram...[0m
>>> BTagTool: [1m[33mWarning! [0m[33mMade use of default efficiency histograms! The b tag weights from this module should be regarded as placeholders only,
and should NOT be used for analyses. B (mis)tag efficiencies in MC are analysis dependent. Please create your own
efficiency histogram with data/btag/getBTagEfficiencies.py after running all MC samples with BTagWeightTool.[0m
Loading TreeProducerETau for './pico_etau_EES0p99_13.root'
--------------------------------------------------------------------------------
>>> filename     = './pico_etau_EES0p99_13.root'
>>> year         = 2017
>>> dtype        = 'mc'
>>> channel      = 'etau'
>>> ismc         = True
>>> isdata       = False
>>> isembed      = False
>>> tes          = 1.0
>>> tessys       = None
>>> fes          = None
>>> ltf          = None
>>> jtf          = 1.0
>>> dotoppt      = False
>>> dozpt        = True
>>> dojec        = True
>>> dojecsys     = True
>>> dotight      = False
>>> useT1        = True
>>> jetCutPt     = 30
>>> bjetCutEta   = 2.7
>>> tauwp        = 0
>>> eleCutPt     = 36
>>> eleCutEta    = 2.1
>>> tauCutPt     = 20
>>> tauCutEta    = 2.3
>>> ZpeekReso    = 0.1
Pre-select 210592 entries out of 210592 (100.00%)
Processed    10000/  210592 entries,  4.75% (elapsed time    11.8s, curr speed    0.846 kHz, avg speed    0.846 kHz), accepted     1050/   10001 events (10.50%)
Processed    20000/  210592 entries,  9.50% (elapsed time    18.9s, curr speed    1.421 kHz, avg speed    1.061 kHz), accepted     2134/   20001 events (10.67%)
Processed    30000/  210592 entries, 14.25% (elapsed time    27.1s, curr speed    1.214 kHz, avg speed    1.107 kHz), accepted     3216/   30001 events (10.72%)
Processed    40000/  210592 entries, 18.99% (elapsed time    34.8s, curr speed    1.299 kHz, avg speed    1.150 kHz), accepted     4270/   40001 events (10.67%)
Processed    50000/  210592 entries, 23.74% (elapsed time    42.2s, curr speed    1.355 kHz, avg speed    1.186 kHz), accepted     5349/   50001 events (10.70%)
Processed    60000/  210592 entries, 28.49% (elapsed time    50.0s, curr speed    1.285 kHz, avg speed    1.201 kHz), accepted     6447/   60001 events (10.74%)
Processed    70000/  210592 entries, 33.24% (elapsed time    57.0s, curr speed    1.414 kHz, avg speed    1.227 kHz), accepted     7479/   70001 events (10.68%)
Processed    80000/  210592 entries, 37.99% (elapsed time    64.5s, curr speed    1.335 kHz, avg speed    1.240 kHz), accepted     8533/   80001 events (10.67%)
Processed    90000/  210592 entries, 42.74% (elapsed time    71.4s, curr speed    1.448 kHz, avg speed    1.260 kHz), accepted     9627/   90001 events (10.70%)
Processed   100000/  210592 entries, 47.49% (elapsed time    78.2s, curr speed    1.468 kHz, avg speed    1.278 kHz), accepted    10711/  100001 events (10.71%)
Processed   110000/  210592 entries, 52.23% (elapsed time    84.7s, curr speed    1.538 kHz, avg speed    1.298 kHz), accepted    11817/  110001 events (10.74%)
Processed   120000/  210592 entries, 56.98% (elapsed time    91.6s, curr speed    1.459 kHz, avg speed    1.310 kHz), accepted    12904/  120001 events (10.75%)
Processed   130000/  210592 entries, 61.73% (elapsed time    99.7s, curr speed    1.235 kHz, avg speed    1.304 kHz), accepted    14034/  130001 events (10.80%)
Processed   140000/  210592 entries, 66.48% (elapsed time   106.4s, curr speed    1.482 kHz, avg speed    1.315 kHz), accepted    15104/  140001 events (10.79%)
Processed   150000/  210592 entries, 71.23% (elapsed time   113.5s, curr speed    1.417 kHz, avg speed    1.322 kHz), accepted    16165/  150001 events (10.78%)
Processed   160000/  210592 entries, 75.98% (elapsed time   120.8s, curr speed    1.362 kHz, avg speed    1.324 kHz), accepted    17317/  160001 events (10.82%)
Processed   170000/  210592 entries, 80.72% (elapsed time   127.9s, curr speed    1.408 kHz, avg speed    1.329 kHz), accepted    18438/  170001 events (10.85%)
Processed   180000/  210592 entries, 85.47% (elapsed time   134.7s, curr speed    1.469 kHz, avg speed    1.336 kHz), accepted    19447/  180001 events (10.80%)
Processed   190000/  210592 entries, 90.22% (elapsed time   141.8s, curr speed    1.421 kHz, avg speed    1.340 kHz), accepted    20561/  190001 events (10.82%)
Processed   200000/  210592 entries, 94.97% (elapsed time   148.8s, curr speed    1.430 kHz, avg speed    1.344 kHz), accepted    21627/  200001 events (10.81%)
Processed   210000/  210592 entries, 99.72% (elapsed time   156.2s, curr speed    1.344 kHz, avg speed    1.344 kHz), accepted    22731/  210001 events (10.82%)
Processed 210592 preselected entries from /eos/cms/store/group/phys_tau/TauFW/nano/UL2017/DY3JetsToLL_M-50_TuneCP5_13TeV-madgraphMLM-pythia8/RunIISummer19UL17NanoAODv2-106X_mc2017_realistic_v8-v1/NANOAODSIM/BA5B22EB-225F-A04B-8D7C-E40EE25D9B3E_skimjec_3.root (210592 entries). Finally selected 22789 entries
Pre-select 210592 entries out of 210592 (100.00%)
Processed    10000/  210592 entries,  4.75% (elapsed time    11.1s, curr speed    0.902 kHz, avg speed    0.902 kHz), accepted     1087/   10001 events (10.87%)
Processed    20000/  210592 entries,  9.50% (elapsed time    18.5s, curr speed    1.349 kHz, avg speed    1.081 kHz), accepted     2151/   20001 events (10.75%)
Processed    30000/  210592 entries, 14.25% (elapsed time    29.3s, curr speed    0.927 kHz, avg speed    1.025 kHz), accepted     3267/   30001 events (10.89%)
Processed    40000/  210592 entries, 18.99% (elapsed time    36.8s, curr speed    1.326 kHz, avg speed    1.086 kHz), accepted     4359/   40001 events (10.90%)
Processed    50000/  210592 entries, 23.74% (elapsed time    44.2s, curr speed    1.361 kHz, avg speed    1.132 kHz), accepted     5386/   50001 events (10.77%)
Processed    60000/  210592 entries, 28.49% (elapsed time    51.9s, curr speed    1.296 kHz, avg speed    1.156 kHz), accepted     6427/   60001 events (10.71%)
Processed    70000/  210592 entries, 33.24% (elapsed time    59.3s, curr speed    1.350 kHz, avg speed    1.181 kHz), accepted     7533/   70001 events (10.76%)
Processed    80000/  210592 entries, 37.99% (elapsed time    68.2s, curr speed    1.120 kHz, avg speed    1.173 kHz), accepted     8681/   80001 events (10.85%)
Processed    90000/  210592 entries, 42.74% (elapsed time    76.3s, curr speed    1.231 kHz, avg speed    1.179 kHz), accepted     9763/   90001 events (10.85%)
Processed   100000/  210592 entries, 47.49% (elapsed time    84.5s, curr speed    1.230 kHz, avg speed    1.184 kHz), accepted    10858/  100001 events (10.86%)
Processed   110000/  210592 entries, 52.23% (elapsed time    92.0s, curr speed    1.331 kHz, avg speed    1.196 kHz), accepted    11974/  110001 events (10.89%)
Processed   120000/  210592 entries, 56.98% (elapsed time    99.7s, curr speed    1.289 kHz, avg speed    1.203 kHz), accepted    13037/  120001 events (10.86%)
Processed   130000/  210592 entries, 61.73% (elapsed time   107.1s, curr speed    1.356 kHz, avg speed    1.214 kHz), accepted    14117/  130001 events (10.86%)
Processed   140000/  210592 entries, 66.48% (elapsed time   114.2s, curr speed    1.406 kHz, avg speed    1.226 kHz), accepted    15174/  140001 events (10.84%)
Processed   150000/  210592 entries, 71.23% (elapsed time   122.6s, curr speed    1.200 kHz, avg speed    1.224 kHz), accepted    16317/  150001 events (10.88%)
Processed   160000/  210592 entries, 75.98% (elapsed time   130.5s, curr speed    1.255 kHz, avg speed    1.226 kHz), accepted    17446/  160001 events (10.90%)
Processed   170000/  210592 entries, 80.72% (elapsed time   137.6s, curr speed    1.421 kHz, avg speed    1.236 kHz), accepted    18529/  170001 events (10.90%)
Processed   180000/  210592 entries, 85.47% (elapsed time   145.1s, curr speed    1.329 kHz, avg speed    1.241 kHz), accepted    19617/  180001 events (10.90%)
Processed   190000/  210592 entries, 90.22% (elapsed time   153.2s, curr speed    1.227 kHz, avg speed    1.240 kHz), accepted    20693/  190001 events (10.89%)
Processed   200000/  210592 entries, 94.97% (elapsed time   160.8s, curr speed    1.329 kHz, avg speed    1.244 kHz), accepted    21790/  200001 events (10.89%)
Processed   210000/  210592 entries, 99.72% (elapsed time   168.1s, curr speed    1.369 kHz, avg speed    1.249 kHz), accepted    22838/  210001 events (10.88%)
Processed 210592 preselected entries from /eos/cms/store/group/phys_tau/TauFW/nano/UL2017/DY3JetsToLL_M-50_TuneCP5_13TeV-madgraphMLM-pythia8/RunIISummer19UL17NanoAODv2-106X_mc2017_realistic_v8-v1/NANOAODSIM/BA5B22EB-225F-A04B-8D7C-E40EE25D9B3E_skimjec_4.root (210592 entries). Finally selected 22894 entries
Pre-select 210591 entries out of 210591 (100.00%)
Processed    10000/  210591 entries,  4.75% (elapsed time    10.5s, curr speed    0.949 kHz, avg speed    0.949 kHz), accepted     1080/   10001 events (10.80%)
Processed    20000/  210591 entries,  9.50% (elapsed time    20.3s, curr speed    1.024 kHz, avg speed    0.985 kHz), accepted     2150/   20001 events (10.75%)
Processed    30000/  210591 entries, 14.25% (elapsed time    28.9s, curr speed    1.159 kHz, avg speed    1.037 kHz), accepted     3225/   30001 events (10.75%)
Processed    40000/  210591 entries, 18.99% (elapsed time    35.7s, curr speed    1.474 kHz, avg speed    1.120 kHz), accepted     4257/   40001 events (10.64%)
Processed    50000/  210591 entries, 23.74% (elapsed time    42.9s, curr speed    1.394 kHz, avg speed    1.166 kHz), accepted     5361/   50001 events (10.72%)
Processed    60000/  210591 entries, 28.49% (elapsed time    50.8s, curr speed    1.259 kHz, avg speed    1.181 kHz), accepted     6393/   60001 events (10.65%)
Processed    70000/  210591 entries, 33.24% (elapsed time    59.0s, curr speed    1.223 kHz, avg speed    1.186 kHz), accepted     7492/   70001 events (10.70%)
Processed    80000/  210591 entries, 37.99% (elapsed time    66.7s, curr speed    1.301 kHz, avg speed    1.200 kHz), accepted     8555/   80001 events (10.69%)
Processed    90000/  210591 entries, 42.74% (elapsed time    73.9s, curr speed    1.392 kHz, avg speed    1.218 kHz), accepted     9694/   90001 events (10.77%)
Processed   100000/  210591 entries, 47.49% (elapsed time    82.9s, curr speed    1.107 kHz, avg speed    1.206 kHz), accepted    10749/  100001 events (10.75%)
Processed   110000/  210591 entries, 52.23% (elapsed time    90.1s, curr speed    1.393 kHz, avg speed    1.221 kHz), accepted    11856/  110001 events (10.78%)
Processed   120000/  210591 entries, 56.98% (elapsed time    97.4s, curr speed    1.365 kHz, avg speed    1.232 kHz), accepted    12929/  120001 events (10.77%)
Processed   130000/  210591 entries, 61.73% (elapsed time   105.3s, curr speed    1.260 kHz, avg speed    1.234 kHz), accepted    13986/  130001 events (10.76%)
Processed   140000/  210591 entries, 66.48% (elapsed time   113.3s, curr speed    1.263 kHz, avg speed    1.236 kHz), accepted    15070/  140001 events (10.76%)
Processed   150000/  210591 entries, 71.23% (elapsed time   120.6s, curr speed    1.361 kHz, avg speed    1.244 kHz), accepted    16152/  150001 events (10.77%)
Processed   160000/  210591 entries, 75.98% (elapsed time   128.7s, curr speed    1.230 kHz, avg speed    1.243 kHz), accepted    17222/  160001 events (10.76%)
Processed   170000/  210591 entries, 80.73% (elapsed time   136.5s, curr speed    1.287 kHz, avg speed    1.245 kHz), accepted    18261/  170001 events (10.74%)
Processed   180000/  210591 entries, 85.47% (elapsed time   143.6s, curr speed    1.415 kHz, avg speed    1.254 kHz), accepted    19344/  180001 events (10.75%)
Processed   190000/  210591 entries, 90.22% (elapsed time   151.9s, curr speed    1.202 kHz, avg speed    1.251 kHz), accepted    20367/  190001 events (10.72%)
Processed   200000/  210591 entries, 94.97% (elapsed time   159.7s, curr speed    1.276 kHz, avg speed    1.252 kHz), accepted    21467/  200001 events (10.73%)
Processed   210000/  210591 entries, 99.72% (elapsed time   166.7s, curr speed    1.428 kHz, avg speed    1.259 kHz), accepted    22582/  210001 events (10.75%)
Processed 210591 preselected entries from /eos/cms/store/group/phys_tau/TauFW/nano/UL2017/DY3JetsToLL_M-50_TuneCP5_13TeV-madgraphMLM-pythia8/RunIISummer19UL17NanoAODv2-106X_mc2017_realistic_v8-v1/NANOAODSIM/BA5B22EB-225F-A04B-8D7C-E40EE25D9B3E_skimjec_5.root (210591 entries). Finally selected 22657 entries
Pre-select 240986 entries out of 240986 (100.00%)
Processed    10000/  240986 entries,  4.15% (elapsed time    10.7s, curr speed    0.931 kHz, avg speed    0.931 kHz), accepted     1024/   10001 events (10.24%)
Processed    20000/  240986 entries,  8.30% (elapsed time    20.0s, curr speed    1.080 kHz, avg speed    1.000 kHz), accepted     2148/   20001 events (10.74%)
Processed    30000/  240986 entries, 12.45% (elapsed time    27.9s, curr speed    1.262 kHz, avg speed    1.074 kHz), accepted     3251/   30001 events (10.84%)
Processed    40000/  240986 entries, 16.60% (elapsed time    37.1s, curr speed    1.089 kHz, avg speed    1.078 kHz), accepted     4410/   40001 events (11.02%)
Processed    50000/  240986 entries, 20.75% (elapsed time    45.2s, curr speed    1.235 kHz, avg speed    1.106 kHz), accepted     5500/   50001 events (11.00%)
Processed    60000/  240986 entries, 24.90% (elapsed time    53.7s, curr speed    1.180 kHz, avg speed    1.118 kHz), accepted     6607/   60001 events (11.01%)
Processed    70000/  240986 entries, 29.05% (elapsed time    61.9s, curr speed    1.213 kHz, avg speed    1.130 kHz), accepted     7675/   70001 events (10.96%)
Processed    80000/  240986 entries, 33.20% (elapsed time    70.8s, curr speed    1.130 kHz, avg speed    1.130 kHz), accepted     8776/   80001 events (10.97%)
Processed    90000/  240986 entries, 37.35% (elapsed time    79.1s, curr speed    1.202 kHz, avg speed    1.138 kHz), accepted     9933/   90001 events (11.04%)
Processed   100000/  240986 entries, 41.50% (elapsed time    87.6s, curr speed    1.176 kHz, avg speed    1.142 kHz), accepted    10978/  100001 events (10.98%)
Processed   110000/  240986 entries, 45.65% (elapsed time    96.3s, curr speed    1.148 kHz, avg speed    1.142 kHz), accepted    12072/  110001 events (10.97%)
Processed   120000/  240986 entries, 49.80% (elapsed time   107.2s, curr speed    0.920 kHz, avg speed    1.120 kHz), accepted    13186/  120001 events (10.99%)
Processed   130000/  240986 entries, 53.95% (elapsed time   116.5s, curr speed    1.070 kHz, avg speed    1.116 kHz), accepted    14178/  130001 events (10.91%)
Processed   140000/  240986 entries, 58.09% (elapsed time   124.0s, curr speed    1.334 kHz, avg speed    1.129 kHz), accepted    15234/  140001 events (10.88%)
Processed   150000/  240986 entries, 62.24% (elapsed time   132.6s, curr speed    1.173 kHz, avg speed    1.132 kHz), accepted    16386/  150001 events (10.92%)
Processed   160000/  240986 entries, 66.39% (elapsed time   140.0s, curr speed    1.344 kHz, avg speed    1.143 kHz), accepted    17478/  160001 events (10.92%)
Processed   170000/  240986 entries, 70.54% (elapsed time   148.7s, curr speed    1.149 kHz, avg speed    1.143 kHz), accepted    18558/  170001 events (10.92%)
Processed   180000/  240986 entries, 74.69% (elapsed time   158.4s, curr speed    1.031 kHz, avg speed    1.136 kHz), accepted    19728/  180001 events (10.96%)
Processed   190000/  240986 entries, 78.84% (elapsed time   165.7s, curr speed    1.365 kHz, avg speed    1.147 kHz), accepted    20836/  190001 events (10.97%)
Processed   200000/  240986 entries, 82.99% (elapsed time   173.7s, curr speed    1.246 kHz, avg speed    1.151 kHz), accepted    21899/  200001 events (10.95%)
Processed   210000/  240986 entries, 87.14% (elapsed time   182.2s, curr speed    1.179 kHz, avg speed    1.152 kHz), accepted    23020/  210001 events (10.96%)
Processed   220000/  240986 entries, 91.29% (elapsed time   189.8s, curr speed    1.322 kHz, avg speed    1.159 kHz), accepted    24111/  220001 events (10.96%)
Processed   230000/  240986 entries, 95.44% (elapsed time   197.3s, curr speed    1.338 kHz, avg speed    1.166 kHz), accepted    25185/  230001 events (10.95%)
Processed   240000/  240986 entries, 99.59% (elapsed time   204.2s, curr speed    1.452 kHz, avg speed    1.176 kHz), accepted    26236/  240001 events (10.93%)
Processed 240986 preselected entries from /eos/cms/store/group/phys_tau/TauFW/nano/UL2017/DY3JetsToLL_M-50_TuneCP5_13TeV-madgraphMLM-pythia8/RunIISummer19UL17NanoAODv2-106X_mc2017_realistic_v8-v1/NANOAODSIM/BE905331-90E9-074C-9BFC-9B05EBC961A1_skimjec_0.root (240986 entries). Finally selected 26347 entries
Pre-select 240985 entries out of 240985 (100.00%)
Processed    10000/  240985 entries,  4.15% (elapsed time    12.7s, curr speed    0.789 kHz, avg speed    0.789 kHz), accepted     1155/   10001 events (11.55%)
Processed    20000/  240985 entries,  8.30% (elapsed time    22.2s, curr speed    1.045 kHz, avg speed    0.899 kHz), accepted     2267/   20001 events (11.33%)
Processed    30000/  240985 entries, 12.45% (elapsed time    30.8s, curr speed    1.171 kHz, avg speed    0.974 kHz), accepted     3315/   30001 events (11.05%)
Processed    40000/  240985 entries, 16.60% (elapsed time    38.3s, curr speed    1.328 kHz, avg speed    1.044 kHz), accepted     4377/   40001 events (10.94%)
Processed    50000/  240985 entries, 20.75% (elapsed time    46.9s, curr speed    1.164 kHz, avg speed    1.066 kHz), accepted     5505/   50001 events (11.01%)
Processed    60000/  240985 entries, 24.90% (elapsed time    55.0s, curr speed    1.241 kHz, avg speed    1.091 kHz), accepted     6587/   60001 events (10.98%)
Processed    70000/  240985 entries, 29.05% (elapsed time    62.5s, curr speed    1.336 kHz, avg speed    1.121 kHz), accepted     7686/   70001 events (10.98%)
Processed    80000/  240985 entries, 33.20% (elapsed time    70.2s, curr speed    1.285 kHz, avg speed    1.139 kHz), accepted     8785/   80001 events (10.98%)
Processed    90000/  240985 entries, 37.35% (elapsed time    77.5s, curr speed    1.383 kHz, avg speed    1.162 kHz), accepted     9823/   90001 events (10.91%)
Processed   100000/  240985 entries, 41.50% (elapsed time    85.2s, curr speed    1.293 kHz, avg speed    1.174 kHz), accepted    10930/  100001 events (10.93%)
Processed   110000/  240985 entries, 45.65% (elapsed time    92.3s, curr speed    1.411 kHz, avg speed    1.192 kHz), accepted    12022/  110001 events (10.93%)
Processed   120000/  240985 entries, 49.80% (elapsed time    99.8s, curr speed    1.340 kHz, avg speed    1.203 kHz), accepted    13074/  120001 events (10.89%)
Processed   130000/  240985 entries, 53.95% (elapsed time   108.0s, curr speed    1.216 kHz, avg speed    1.204 kHz), accepted    14184/  130001 events (10.91%)
Processed   140000/  240985 entries, 58.09% (elapsed time   115.8s, curr speed    1.277 kHz, avg speed    1.209 kHz), accepted    15270/  140001 events (10.91%)
Processed   150000/  240985 entries, 62.24% (elapsed time   123.8s, curr speed    1.248 kHz, avg speed    1.211 kHz), accepted    16349/  150001 events (10.90%)
Processed   160000/  240985 entries, 66.39% (elapsed time   132.4s, curr speed    1.163 kHz, avg speed    1.208 kHz), accepted    17396/  160001 events (10.87%)
Processed   170000/  240985 entries, 70.54% (elapsed time   140.5s, curr speed    1.233 kHz, avg speed    1.210 kHz), accepted    18504/  170001 events (10.88%)
Processed   180000/  240985 entries, 74.69% (elapsed time   148.1s, curr speed    1.327 kHz, avg speed    1.216 kHz), accepted    19570/  180001 events (10.87%)
Processed   190000/  240985 entries, 78.84% (elapsed time   155.2s, curr speed    1.396 kHz, avg speed    1.224 kHz), accepted    20606/  190001 events (10.85%)
Processed   200000/  240985 entries, 82.99% (elapsed time   163.0s, curr speed    1.279 kHz, avg speed    1.227 kHz), accepted    21687/  200001 events (10.84%)
Processed   210000/  240985 entries, 87.14% (elapsed time   170.8s, curr speed    1.291 kHz, avg speed    1.230 kHz), accepted    22781/  210001 events (10.85%)
Processed   220000/  240985 entries, 91.29% (elapsed time   179.1s, curr speed    1.197 kHz, avg speed    1.228 kHz), accepted    23878/  220001 events (10.85%)
Processed   230000/  240985 entries, 95.44% (elapsed time   187.5s, curr speed    1.192 kHz, avg speed    1.226 kHz), accepted    24959/  230001 events (10.85%)
Processed   240000/  240985 entries, 99.59% (elapsed time   195.3s, curr speed    1.287 kHz, avg speed    1.229 kHz), accepted    26075/  240001 events (10.86%)
Processed 240985 preselected entries from /eos/cms/store/group/phys_tau/TauFW/nano/UL2017/DY3JetsToLL_M-50_TuneCP5_13TeV-madgraphMLM-pythia8/RunIISummer19UL17NanoAODv2-106X_mc2017_realistic_v8-v1/NANOAODSIM/BE905331-90E9-074C-9BFC-9B05EBC961A1_skimjec_1.root (240985 entries). Finally selected 26203 entries
Total time 895.3 sec. to process 1113746 events. Rate = 1244.0 Hz.
>>> cwd          = /pool/condor/dir_1586
>>> ls           = ['.machine.ad', 'condor_exec.exe', 'var', '.update.ad', 'x509_voms', '.job.ad', 'lvigilan.cc', 'tmp', '.chirp.config', 'pico_etau_EES0p99_13.root', '_condor_stdout']
>>> getstorage('/eos/home-l/lvigilan/output_ETauFR_UL17_RUN1/UL2017/etau/DY3JetsToLL_M-50'), <EOS("/eos/home-l/lvigilan/output_ETauFR_UL17_RUN1/UL2017/etau/DY3JetsToLL_M-50") at 0x2adf1c2edd50>
>>> Executing: 'cp ./pico_etau_EES0p99_13.root /eos/home-l/lvigilan/output_ETauFR_UL17_RUN1/UL2017/etau/DY3JetsToLL_M-50'
>>> Removing './pico_etau_EES0p99_13.root'...
>>> picojob.py done after 935.2 seconds

Job complete at Mon Jun  7 23:16:13 CEST 2021
Took 15 minutes 39 seconds040 (2367869.013.000) 06/07 23:44:50 Finished transferring output files
...
005 (2367869.013.000) 06/07 23:44:50 Job terminated.
	(1) Normal termination (return value 0)
		Usr 0 00:11:28, Sys 0 00:00:20  -  Run Remote Usage
		Usr 0 00:00:00, Sys 0 00:00:00  -  Run Local Usage
		Usr 0 00:11:28, Sys 0 00:00:20  -  Total Remote Usage
		Usr 0 00:00:00, Sys 0 00:00:00  -  Total Local Usage
	35740  -  Run Bytes Sent By Job
	9898  -  Run Bytes Received By Job
	35740  -  Total Bytes Sent By Job
	9898  -  Total Bytes Received By Job
	Partitionable Resources :    Usage  Request Allocated 
	   Cpus                 :        0        1         1 
	   Disk (KB)            :    20560        1    179905 
	   Memory (MB)          :      281     2000      2000 

	Job terminated of its own accord at 2021-06-07T21:16:13Z.
...
