Could not find platform independent libraries <prefix>
Could not find platform dependent libraries <exec_prefix>
Consider setting $PYTHONHOME to <prefix>[:<exec_prefix>]
ImportError: No module named site
Job start at Tue Jun  8 10:11:11 CEST 2021
Running job on machine Linux b7g28n0433.cern.ch 3.10.0-957.27.2.el7.x86_64 #1 SMP Mon Jul 29 17:46:05 UTC 2019 x86_64 x86_64 x86_64 GNU/Linux, host b7g28n0433.cern.ch
============================================================
$PWD=/pool/condor/dir_15667
$JOBID=2368936
$TASKID=10
$HOSTNAME=b7g28n0433.cern.ch
$TASKCMD=/afs/cern.ch/work/l/lvigilan/TauWork/CMSSW_10_6_17_patch1/src/TauFW/PicoProducer/python/processors/picojob.py -y UL2017 -d 'mc' -c etau -M ETauFakeRate.ModuleETau --copydir /eos/home-l/lvigilan/output_ETauFR_UL17_RUN1/UL2017/etau/DY3JetsToLL_M-50 -t _etau_EES1p01_10 --opt 'ees=1.01' 'useT1=True' 'zpt=True' -i /eos/cms/store/group/phys_tau/TauFW/nano/UL2017/DY3JetsToLL_M-50_TuneCP5_13TeV-madgraphMLM-pythia8/RunIISummer19UL17NanoAODv2-106X_mc2017_realistic_v8-v1/NANOAODSIM/AA56ED46-8DED-B448-9E81-CC319DBEF582_skimjec_0.root /eos/cms/store/group/phys_tau/TauFW/nano/UL2017/DY3JetsToLL_M-50_TuneCP5_13TeV-madgraphMLM-pythia8/RunIISummer19UL17NanoAODv2-106X_mc2017_realistic_v8-v1/NANOAODSIM/AA56ED46-8DED-B448-9E81-CC319DBEF582_skimjec_1.root /eos/cms/store/group/phys_tau/TauFW/nano/UL2017/DY3JetsToLL_M-50_TuneCP5_13TeV-madgraphMLM-pythia8/RunIISummer19UL17NanoAODv2-106X_mc2017_realistic_v8-v1/NANOAODSIM/AA56ED46-8DED-B448-9E81-CC319DBEF582_skimjec_2.root /eos/cms/store/group/phys_tau/TauFW/nano/UL2017/DY3JetsToLL_M-50_TuneCP5_13TeV-madgraphMLM-pythia8/RunIISummer19UL17NanoAODv2-106X_mc2017_realistic_v8-v1/NANOAODSIM/AA56ED46-8DED-B448-9E81-CC319DBEF582_skimjec_3.root /eos/cms/store/group/phys_tau/TauFW/nano/UL2017/DY3JetsToLL_M-50_TuneCP5_13TeV-madgraphMLM-pythia8/RunIISummer19UL17NanoAODv2-106X_mc2017_realistic_v8-v1/NANOAODSIM/AE71BC89-8E3E-E549-9E0A-53B90A54157D_skimjec_0.root
$WORKDIR=/pool/condor/dir_15667
>>> cd /afs/cern.ch/work/l/lvigilan/TauWork/CMSSW_10_6_17_patch1/src
>>> eval `scramv1 runtime -sh`
>>> cd /pool/condor/dir_15667
$PWD=/pool/condor/dir_15667
>>> /afs/cern.ch/work/l/lvigilan/TauWork/CMSSW_10_6_17_patch1/src/TauFW/PicoProducer/python/processors/picojob.py -y UL2017 -d 'mc' -c etau -M ETauFakeRate.ModuleETau --copydir /eos/home-l/lvigilan/output_ETauFR_UL17_RUN1/UL2017/etau/DY3JetsToLL_M-50 -t _etau_EES1p01_10 --opt 'ees=1.01' 'useT1=True' 'zpt=True' -i /eos/cms/store/group/phys_tau/TauFW/nano/UL2017/DY3JetsToLL_M-50_TuneCP5_13TeV-madgraphMLM-pythia8/RunIISummer19UL17NanoAODv2-106X_mc2017_realistic_v8-v1/NANOAODSIM/AA56ED46-8DED-B448-9E81-CC319DBEF582_skimjec_0.root /eos/cms/store/group/phys_tau/TauFW/nano/UL2017/DY3JetsToLL_M-50_TuneCP5_13TeV-madgraphMLM-pythia8/RunIISummer19UL17NanoAODv2-106X_mc2017_realistic_v8-v1/NANOAODSIM/AA56ED46-8DED-B448-9E81-CC319DBEF582_skimjec_1.root /eos/cms/store/group/phys_tau/TauFW/nano/UL2017/DY3JetsToLL_M-50_TuneCP5_13TeV-madgraphMLM-pythia8/RunIISummer19UL17NanoAODv2-106X_mc2017_realistic_v8-v1/NANOAODSIM/AA56ED46-8DED-B448-9E81-CC319DBEF582_skimjec_2.root /eos/cms/store/group/phys_tau/TauFW/nano/UL2017/DY3JetsToLL_M-50_TuneCP5_13TeV-madgraphMLM-pythia8/RunIISummer19UL17NanoAODv2-106X_mc2017_realistic_v8-v1/NANOAODSIM/AA56ED46-8DED-B448-9E81-CC319DBEF582_skimjec_3.root /eos/cms/store/group/phys_tau/TauFW/nano/UL2017/DY3JetsToLL_M-50_TuneCP5_13TeV-madgraphMLM-pythia8/RunIISummer19UL17NanoAODv2-106X_mc2017_realistic_v8-v1/NANOAODSIM/AE71BC89-8E3E-E549-9E0A-53B90A54157D_skimjec_0.root
Error in <TGClient::TGClient>: can't open display "localhost:21.0", switching to batch mode...
 In case you run from a remote ssh session, reconnect with ssh -Y
--------------------------------------------------------------------------------
>>> era          = 'UL2017'
>>> year         = 2017
>>> channel      = 'etau'
>>> modname      = 'ETauFakeRate.ModuleETau'
>>> dtype        = 'mc'
>>> kwargs       = {'dtype': 'mc', 'zpt': True, 'ees': 1.01, 'useT1': True, 'verb': 0, 'era': 'UL2017', 'year': 2017}
>>> firstevt     = 0
>>> maxevts      = None
>>> outdir       = '.'
>>> copydir      = '/eos/home-l/lvigilan/output_ETauFR_UL17_RUN1/UL2017/etau/DY3JetsToLL_M-50'
>>> infiles      = ['/eos/cms/store/group/phys_tau/TauFW/nano/UL2017/DY3JetsToLL_M-50_TuneCP5_13TeV-madgraphMLM-pythia8/RunIISummer19UL17NanoAODv2-106X_mc2017_realistic_v8-v1/NANOAODSIM/AA56ED46-8DED-B448-9E81-CC319DBEF582_skimjec_0.root', '/eos/cms/store/group/phys_tau/TauFW/nano/UL2017/DY3JetsToLL_M-50_TuneCP5_13TeV-madgraphMLM-pythia8/RunIISummer19UL17NanoAODv2-106X_mc2017_realistic_v8-v1/NANOAODSIM/AA56ED46-8DED-B448-9E81-CC319DBEF582_skimjec_1.root', '/eos/cms/store/group/phys_tau/TauFW/nano/UL2017/DY3JetsToLL_M-50_TuneCP5_13TeV-madgraphMLM-pythia8/RunIISummer19UL17NanoAODv2-106X_mc2017_realistic_v8-v1/NANOAODSIM/AA56ED46-8DED-B448-9E81-CC319DBEF582_skimjec_2.root', '/eos/cms/store/group/phys_tau/TauFW/nano/UL2017/DY3JetsToLL_M-50_TuneCP5_13TeV-madgraphMLM-pythia8/RunIISummer19UL17NanoAODv2-106X_mc2017_realistic_v8-v1/NANOAODSIM/AA56ED46-8DED-B448-9E81-CC319DBEF582_skimjec_3.root', '/eos/cms/store/group/phys_tau/TauFW/nano/UL2017/DY3JetsToLL_M-50_TuneCP5_13TeV-madgraphMLM-pythia8/RunIISummer19UL17NanoAODv2-106X_mc2017_realistic_v8-v1/NANOAODSIM/AE71BC89-8E3E-E549-9E0A-53B90A54157D_skimjec_0.root']
>>> outfname     = './pico_etau_EES1p01_10.root'
>>> branchsel    = '/afs/cern.ch/work/l/lvigilan/TauWork/CMSSW_10_6_17_patch1/python/TauFW/PicoProducer/processors/keep_and_drop_skim.txt'
>>> json         = None
>>> prefetch     = False
>>> cwd          = /pool/condor/dir_15667
--------------------------------------------------------------------------------

   ################
   #  ModuleETau  #
   ################

Loading PileupWeightTool for '/afs/cern.ch/work/l/lvigilan/TauWork/CMSSW_10_6_17_patch1/src/TauFW/PicoProducer/data/pileup/Data_PileUp_UL2017_69p2.root' and '/afs/cern.ch/work/l/lvigilan/TauWork/CMSSW_10_6_17_patch1/src/TauFW/PicoProducer/data/pileup/MC_PileUp_UL2017_Summer19.root'
Loading BTagWeightTool for DeepCSV (medium WP)...
>>> BTagTool: [1m[33mWarning! [0m[33mHistogram 'etau/eff_DeepCSV_udsg_medium' does not exist in /afs/cern.ch/work/l/lvigilan/TauWork/CMSSW_10_6_17_patch1/src/TauFW/PicoProducer/data/btag/DeepCSV_2017_12Apr2017_eff.root! Reverting to default efficiency histogram...[0m
>>> BTagTool: [1m[33mWarning! [0m[33mHistogram 'etau/eff_DeepCSV_c_medium' does not exist in /afs/cern.ch/work/l/lvigilan/TauWork/CMSSW_10_6_17_patch1/src/TauFW/PicoProducer/data/btag/DeepCSV_2017_12Apr2017_eff.root! Reverting to default efficiency histogram...[0m
>>> BTagTool: [1m[33mWarning! [0m[33mHistogram 'etau/eff_DeepCSV_b_medium' does not exist in /afs/cern.ch/work/l/lvigilan/TauWork/CMSSW_10_6_17_patch1/src/TauFW/PicoProducer/data/btag/DeepCSV_2017_12Apr2017_eff.root! Reverting to default efficiency histogram...[0m
>>> BTagTool: [1m[33mWarning! [0m[33mMade use of default efficiency histograms! The b tag weights from this module should be regarded as placeholders only,
and should NOT be used for analyses. B (mis)tag efficiencies in MC are analysis dependent. Please create your own
efficiency histogram with data/btag/getBTagEfficiencies.py after running all MC samples with BTagWeightTool.[0m
Loading TreeProducerETau for './pico_etau_EES1p01_10.root'
--------------------------------------------------------------------------------
>>> filename     = './pico_etau_EES1p01_10.root'
>>> year         = 2017
>>> dtype        = 'mc'
>>> channel      = 'etau'
>>> ismc         = True
>>> isdata       = False
>>> isembed      = False
>>> tes          = 1.0
>>> tessys       = None
>>> fes          = None
>>> ltf          = None
>>> jtf          = 1.0
>>> dotoppt      = False
>>> dozpt        = True
>>> dojec        = True
>>> dojecsys     = True
>>> dotight      = False
>>> useT1        = True
>>> jetCutPt     = 30
>>> bjetCutEta   = 2.7
>>> tauwp        = 0
>>> eleCutPt     = 36
>>> eleCutEta    = 2.1
>>> tauCutPt     = 20
>>> tauCutEta    = 2.3
>>> ZpeekReso    = 0.1
Pre-select 214483 entries out of 214483 (100.00%)
Processed    10000/  214483 entries,  4.66% (elapsed time     6.9s, curr speed    1.440 kHz, avg speed    1.440 kHz), accepted     1107/   10001 events (11.07%)
Processed    20000/  214483 entries,  9.32% (elapsed time    11.4s, curr speed    2.238 kHz, avg speed    1.752 kHz), accepted     2182/   20001 events (10.91%)
Processed    30000/  214483 entries, 13.99% (elapsed time    16.6s, curr speed    1.910 kHz, avg speed    1.802 kHz), accepted     3288/   30001 events (10.96%)
Processed    40000/  214483 entries, 18.65% (elapsed time    20.9s, curr speed    2.338 kHz, avg speed    1.912 kHz), accepted     4397/   40001 events (10.99%)
Processed    50000/  214483 entries, 23.31% (elapsed time    25.5s, curr speed    2.209 kHz, avg speed    1.964 kHz), accepted     5547/   50001 events (11.09%)
Processed    60000/  214483 entries, 27.97% (elapsed time    29.7s, curr speed    2.330 kHz, avg speed    2.017 kHz), accepted     6630/   60001 events (11.05%)
Processed    70000/  214483 entries, 32.64% (elapsed time    34.2s, curr speed    2.244 kHz, avg speed    2.047 kHz), accepted     7717/   70001 events (11.02%)
Processed    80000/  214483 entries, 37.30% (elapsed time    38.7s, curr speed    2.211 kHz, avg speed    2.066 kHz), accepted     8818/   80001 events (11.02%)
Processed    90000/  214483 entries, 41.96% (elapsed time    43.1s, curr speed    2.267 kHz, avg speed    2.086 kHz), accepted     9916/   90001 events (11.02%)
Processed   100000/  214483 entries, 46.62% (elapsed time    47.5s, curr speed    2.301 kHz, avg speed    2.106 kHz), accepted    10979/  100001 events (10.98%)
Processed   110000/  214483 entries, 51.29% (elapsed time    51.5s, curr speed    2.479 kHz, avg speed    2.135 kHz), accepted    12037/  110001 events (10.94%)
Processed   120000/  214483 entries, 55.95% (elapsed time    55.7s, curr speed    2.415 kHz, avg speed    2.156 kHz), accepted    13120/  120001 events (10.93%)
Processed   130000/  214483 entries, 60.61% (elapsed time    59.7s, curr speed    2.452 kHz, avg speed    2.176 kHz), accepted    14209/  130001 events (10.93%)
Processed   140000/  214483 entries, 65.27% (elapsed time    63.9s, curr speed    2.394 kHz, avg speed    2.191 kHz), accepted    15298/  140001 events (10.93%)
Processed   150000/  214483 entries, 69.94% (elapsed time    68.1s, curr speed    2.402 kHz, avg speed    2.203 kHz), accepted    16392/  150001 events (10.93%)
Processed   160000/  214483 entries, 74.60% (elapsed time    72.2s, curr speed    2.452 kHz, avg speed    2.218 kHz), accepted    17447/  160001 events (10.90%)
Processed   170000/  214483 entries, 79.26% (elapsed time    76.4s, curr speed    2.375 kHz, avg speed    2.226 kHz), accepted    18533/  170001 events (10.90%)
Processed   180000/  214483 entries, 83.92% (elapsed time    81.0s, curr speed    2.148 kHz, avg speed    2.222 kHz), accepted    19667/  180001 events (10.93%)
Processed   190000/  214483 entries, 88.59% (elapsed time    85.5s, curr speed    2.249 kHz, avg speed    2.223 kHz), accepted    20796/  190001 events (10.95%)
Processed   200000/  214483 entries, 93.25% (elapsed time    89.9s, curr speed    2.258 kHz, avg speed    2.225 kHz), accepted    21955/  200001 events (10.98%)
Processed   210000/  214483 entries, 97.91% (elapsed time    94.1s, curr speed    2.391 kHz, avg speed    2.232 kHz), accepted    23027/  210001 events (10.97%)
Processed 214483 preselected entries from /eos/cms/store/group/phys_tau/TauFW/nano/UL2017/DY3JetsToLL_M-50_TuneCP5_13TeV-madgraphMLM-pythia8/RunIISummer19UL17NanoAODv2-106X_mc2017_realistic_v8-v1/NANOAODSIM/AA56ED46-8DED-B448-9E81-CC319DBEF582_skimjec_0.root (214483 entries). Finally selected 23552 entries
Pre-select 214483 entries out of 214483 (100.00%)
Processed    10000/  214483 entries,  4.66% (elapsed time     6.7s, curr speed    1.498 kHz, avg speed    1.498 kHz), accepted     1104/   10001 events (11.04%)
Processed    20000/  214483 entries,  9.32% (elapsed time    11.3s, curr speed    2.139 kHz, avg speed    1.763 kHz), accepted     2230/   20001 events (11.15%)
Processed    30000/  214483 entries, 13.99% (elapsed time    15.5s, curr speed    2.388 kHz, avg speed    1.931 kHz), accepted     3348/   30001 events (11.16%)
Processed    40000/  214483 entries, 18.65% (elapsed time    20.0s, curr speed    2.263 kHz, avg speed    2.005 kHz), accepted     4435/   40001 events (11.09%)
Processed    50000/  214483 entries, 23.31% (elapsed time    24.4s, curr speed    2.240 kHz, avg speed    2.048 kHz), accepted     5542/   50001 events (11.08%)
Processed    60000/  214483 entries, 27.97% (elapsed time    28.8s, curr speed    2.286 kHz, avg speed    2.084 kHz), accepted     6616/   60001 events (11.03%)
Processed    70000/  214483 entries, 32.64% (elapsed time    33.2s, curr speed    2.294 kHz, avg speed    2.111 kHz), accepted     7732/   70001 events (11.05%)
Processed    80000/  214483 entries, 37.30% (elapsed time    37.5s, curr speed    2.304 kHz, avg speed    2.134 kHz), accepted     8758/   80001 events (10.95%)
Processed    90000/  214483 entries, 41.96% (elapsed time    42.0s, curr speed    2.220 kHz, avg speed    2.143 kHz), accepted     9870/   90001 events (10.97%)
Processed   100000/  214483 entries, 46.62% (elapsed time    46.3s, curr speed    2.323 kHz, avg speed    2.160 kHz), accepted    10990/  100001 events (10.99%)
Processed   110000/  214483 entries, 51.29% (elapsed time    50.9s, curr speed    2.186 kHz, avg speed    2.162 kHz), accepted    12147/  110001 events (11.04%)
Processed   120000/  214483 entries, 55.95% (elapsed time    55.1s, curr speed    2.351 kHz, avg speed    2.177 kHz), accepted    13209/  120001 events (11.01%)
Processed   130000/  214483 entries, 60.61% (elapsed time    59.8s, curr speed    2.136 kHz, avg speed    2.173 kHz), accepted    14287/  130001 events (10.99%)
Processed   140000/  214483 entries, 65.27% (elapsed time    63.9s, curr speed    2.441 kHz, avg speed    2.191 kHz), accepted    15361/  140001 events (10.97%)
Processed   150000/  214483 entries, 69.94% (elapsed time    68.4s, curr speed    2.244 kHz, avg speed    2.194 kHz), accepted    16450/  150001 events (10.97%)
Processed   160000/  214483 entries, 74.60% (elapsed time    72.5s, curr speed    2.411 kHz, avg speed    2.206 kHz), accepted    17562/  160001 events (10.98%)
Processed   170000/  214483 entries, 79.26% (elapsed time    76.7s, curr speed    2.371 kHz, avg speed    2.216 kHz), accepted    18684/  170001 events (10.99%)
Processed   180000/  214483 entries, 83.92% (elapsed time    81.0s, curr speed    2.336 kHz, avg speed    2.222 kHz), accepted    19775/  180001 events (10.99%)
Processed   190000/  214483 entries, 88.59% (elapsed time    85.5s, curr speed    2.233 kHz, avg speed    2.222 kHz), accepted    20873/  190001 events (10.99%)
Processed   200000/  214483 entries, 93.25% (elapsed time    89.8s, curr speed    2.346 kHz, avg speed    2.228 kHz), accepted    21994/  200001 events (11.00%)
Processed   210000/  214483 entries, 97.91% (elapsed time    94.1s, curr speed    2.282 kHz, avg speed    2.231 kHz), accepted    23127/  210001 events (11.01%)
Processed 214483 preselected entries from /eos/cms/store/group/phys_tau/TauFW/nano/UL2017/DY3JetsToLL_M-50_TuneCP5_13TeV-madgraphMLM-pythia8/RunIISummer19UL17NanoAODv2-106X_mc2017_realistic_v8-v1/NANOAODSIM/AA56ED46-8DED-B448-9E81-CC319DBEF582_skimjec_1.root (214483 entries). Finally selected 23611 entries
Pre-select 214483 entries out of 214483 (100.00%)
Processed    10000/  214483 entries,  4.66% (elapsed time     6.6s, curr speed    1.509 kHz, avg speed    1.509 kHz), accepted     1127/   10001 events (11.27%)
Processed    20000/  214483 entries,  9.32% (elapsed time    11.0s, curr speed    2.288 kHz, avg speed    1.819 kHz), accepted     2177/   20001 events (10.88%)
Processed    30000/  214483 entries, 13.99% (elapsed time    17.4s, curr speed    1.550 kHz, avg speed    1.719 kHz), accepted     3292/   30001 events (10.97%)
Processed    40000/  214483 entries, 18.65% (elapsed time    22.2s, curr speed    2.104 kHz, avg speed    1.802 kHz), accepted     4423/   40001 events (11.06%)
Processed    50000/  214483 entries, 23.31% (elapsed time    26.6s, curr speed    2.297 kHz, avg speed    1.883 kHz), accepted     5490/   50001 events (10.98%)
Processed    60000/  214483 entries, 27.97% (elapsed time    31.0s, curr speed    2.266 kHz, avg speed    1.938 kHz), accepted     6591/   60001 events (10.98%)
Processed    70000/  214483 entries, 32.64% (elapsed time    35.2s, curr speed    2.351 kHz, avg speed    1.988 kHz), accepted     7685/   70001 events (10.98%)
Processed    80000/  214483 entries, 37.30% (elapsed time    39.6s, curr speed    2.272 kHz, avg speed    2.019 kHz), accepted     8806/   80001 events (11.01%)
Processed    90000/  214483 entries, 41.96% (elapsed time    43.9s, curr speed    2.354 kHz, avg speed    2.052 kHz), accepted     9878/   90001 events (10.98%)
Processed   100000/  214483 entries, 46.62% (elapsed time    48.1s, curr speed    2.349 kHz, avg speed    2.078 kHz), accepted    10992/  100001 events (10.99%)
Processed   110000/  214483 entries, 51.29% (elapsed time    52.3s, curr speed    2.373 kHz, avg speed    2.102 kHz), accepted    12075/  110001 events (10.98%)
Processed   120000/  214483 entries, 55.95% (elapsed time    56.6s, curr speed    2.329 kHz, avg speed    2.119 kHz), accepted    13144/  120001 events (10.95%)
Processed   130000/  214483 entries, 60.61% (elapsed time    60.8s, curr speed    2.386 kHz, avg speed    2.137 kHz), accepted    14229/  130001 events (10.95%)
Processed   140000/  214483 entries, 65.27% (elapsed time    65.2s, curr speed    2.308 kHz, avg speed    2.149 kHz), accepted    15299/  140001 events (10.93%)
Processed   150000/  214483 entries, 69.94% (elapsed time    69.6s, curr speed    2.230 kHz, avg speed    2.154 kHz), accepted    16431/  150001 events (10.95%)
Processed   160000/  214483 entries, 74.60% (elapsed time    74.4s, curr speed    2.122 kHz, avg speed    2.152 kHz), accepted    17565/  160001 events (10.98%)
Processed   170000/  214483 entries, 79.26% (elapsed time    78.8s, curr speed    2.268 kHz, avg speed    2.158 kHz), accepted    18676/  170001 events (10.99%)
Processed   180000/  214483 entries, 83.92% (elapsed time    83.1s, curr speed    2.321 kHz, avg speed    2.167 kHz), accepted    19780/  180001 events (10.99%)
Processed   190000/  214483 entries, 88.59% (elapsed time    87.3s, curr speed    2.367 kHz, avg speed    2.176 kHz), accepted    20850/  190001 events (10.97%)
Processed   200000/  214483 entries, 93.25% (elapsed time    91.7s, curr speed    2.258 kHz, avg speed    2.180 kHz), accepted    21980/  200001 events (10.99%)
Processed   210000/  214483 entries, 97.91% (elapsed time    95.9s, curr speed    2.406 kHz, avg speed    2.190 kHz), accepted    23048/  210001 events (10.98%)
Processed 214483 preselected entries from /eos/cms/store/group/phys_tau/TauFW/nano/UL2017/DY3JetsToLL_M-50_TuneCP5_13TeV-madgraphMLM-pythia8/RunIISummer19UL17NanoAODv2-106X_mc2017_realistic_v8-v1/NANOAODSIM/AA56ED46-8DED-B448-9E81-CC319DBEF582_skimjec_2.root (214483 entries). Finally selected 23575 entries
Pre-select 214480 entries out of 214480 (100.00%)
Processed    10000/  214480 entries,  4.66% (elapsed time     6.9s, curr speed    1.451 kHz, avg speed    1.451 kHz), accepted     1044/   10001 events (10.44%)
Processed    20000/  214480 entries,  9.32% (elapsed time    11.8s, curr speed    2.048 kHz, avg speed    1.699 kHz), accepted     2125/   20001 events (10.62%)
Processed    30000/  214480 entries, 13.99% (elapsed time    17.2s, curr speed    1.835 kHz, avg speed    1.742 kHz), accepted     3215/   30001 events (10.72%)
Processed    40000/  214480 entries, 18.65% (elapsed time    23.1s, curr speed    1.696 kHz, avg speed    1.730 kHz), accepted     4294/   40001 events (10.73%)
Processed    50000/  214480 entries, 23.31% (elapsed time    29.1s, curr speed    1.664 kHz, avg speed    1.717 kHz), accepted     5386/   50001 events (10.77%)
Processed    60000/  214480 entries, 27.97% (elapsed time    33.7s, curr speed    2.201 kHz, avg speed    1.782 kHz), accepted     6485/   60001 events (10.81%)
Processed    70000/  214480 entries, 32.64% (elapsed time    38.2s, curr speed    2.226 kHz, avg speed    1.834 kHz), accepted     7605/   70001 events (10.86%)
Processed    80000/  214480 entries, 37.30% (elapsed time    43.7s, curr speed    1.818 kHz, avg speed    1.832 kHz), accepted     8720/   80001 events (10.90%)
Processed    90000/  214480 entries, 41.96% (elapsed time    49.4s, curr speed    1.756 kHz, avg speed    1.823 kHz), accepted     9838/   90001 events (10.93%)
Processed   100000/  214480 entries, 46.62% (elapsed time    54.7s, curr speed    1.879 kHz, avg speed    1.829 kHz), accepted    10986/  100001 events (10.99%)
Processed   110000/  214480 entries, 51.29% (elapsed time    59.9s, curr speed    1.929 kHz, avg speed    1.837 kHz), accepted    12068/  110001 events (10.97%)
Processed   120000/  214480 entries, 55.95% (elapsed time    64.2s, curr speed    2.328 kHz, avg speed    1.870 kHz), accepted    13160/  120001 events (10.97%)
Processed   130000/  214480 entries, 60.61% (elapsed time    68.3s, curr speed    2.394 kHz, avg speed    1.902 kHz), accepted    14234/  130001 events (10.95%)
Processed   140000/  214480 entries, 65.27% (elapsed time    72.8s, curr speed    2.234 kHz, avg speed    1.923 kHz), accepted    15363/  140001 events (10.97%)
Processed   150000/  214480 entries, 69.94% (elapsed time    77.2s, curr speed    2.273 kHz, avg speed    1.943 kHz), accepted    16486/  150001 events (10.99%)
Processed   160000/  214480 entries, 74.60% (elapsed time    81.8s, curr speed    2.191 kHz, avg speed    1.957 kHz), accepted    17609/  160001 events (11.01%)
Processed   170000/  214480 entries, 79.26% (elapsed time    86.0s, curr speed    2.377 kHz, avg speed    1.977 kHz), accepted    18690/  170001 events (10.99%)
Processed   180000/  214480 entries, 83.92% (elapsed time    90.2s, curr speed    2.361 kHz, avg speed    1.995 kHz), accepted    19803/  180001 events (11.00%)
Processed   190000/  214480 entries, 88.59% (elapsed time    94.6s, curr speed    2.307 kHz, avg speed    2.009 kHz), accepted    20916/  190001 events (11.01%)
Processed   200000/  214480 entries, 93.25% (elapsed time    98.8s, curr speed    2.336 kHz, avg speed    2.024 kHz), accepted    21998/  200001 events (11.00%)
Processed   210000/  214480 entries, 97.91% (elapsed time   103.1s, curr speed    2.359 kHz, avg speed    2.037 kHz), accepted    23109/  210001 events (11.00%)
Processed 214480 preselected entries from /eos/cms/store/group/phys_tau/TauFW/nano/UL2017/DY3JetsToLL_M-50_TuneCP5_13TeV-madgraphMLM-pythia8/RunIISummer19UL17NanoAODv2-106X_mc2017_realistic_v8-v1/NANOAODSIM/AA56ED46-8DED-B448-9E81-CC319DBEF582_skimjec_3.root (214480 entries). Finally selected 23607 entries
Pre-select 200554 entries out of 200554 (100.00%)
Processed    10000/  200554 entries,  4.99% (elapsed time     7.5s, curr speed    1.325 kHz, avg speed    1.325 kHz), accepted     1116/   10001 events (11.16%)
Processed    20000/  200554 entries,  9.97% (elapsed time    13.8s, curr speed    1.587 kHz, avg speed    1.444 kHz), accepted     2076/   20001 events (10.38%)
Processed    30000/  200554 entries, 14.96% (elapsed time    18.1s, curr speed    2.359 kHz, avg speed    1.659 kHz), accepted     3149/   30001 events (10.50%)
Processed    40000/  200554 entries, 19.94% (elapsed time    22.3s, curr speed    2.354 kHz, avg speed    1.791 kHz), accepted     4252/   40001 events (10.63%)
Processed    50000/  200554 entries, 24.93% (elapsed time    26.7s, curr speed    2.309 kHz, avg speed    1.875 kHz), accepted     5333/   50001 events (10.67%)
Processed    60000/  200554 entries, 29.92% (elapsed time    30.9s, curr speed    2.336 kHz, avg speed    1.939 kHz), accepted     6428/   60001 events (10.71%)
Processed    70000/  200554 entries, 34.90% (elapsed time    35.3s, curr speed    2.298 kHz, avg speed    1.983 kHz), accepted     7535/   70001 events (10.76%)
Processed    80000/  200554 entries, 39.89% (elapsed time    39.6s, curr speed    2.331 kHz, avg speed    2.021 kHz), accepted     8630/   80001 events (10.79%)
Processed    90000/  200554 entries, 44.88% (elapsed time    44.3s, curr speed    2.144 kHz, avg speed    2.034 kHz), accepted     9705/   90001 events (10.78%)
Processed   100000/  200554 entries, 49.86% (elapsed time    48.8s, curr speed    2.181 kHz, avg speed    2.048 kHz), accepted    10892/  100001 events (10.89%)
Processed   110000/  200554 entries, 54.85% (elapsed time    53.1s, curr speed    2.326 kHz, avg speed    2.070 kHz), accepted    11971/  110001 events (10.88%)
Processed   120000/  200554 entries, 59.83% (elapsed time    57.6s, curr speed    2.258 kHz, avg speed    2.085 kHz), accepted    13044/  120001 events (10.87%)
Processed   130000/  200554 entries, 64.82% (elapsed time    62.1s, curr speed    2.221 kHz, avg speed    2.094 kHz), accepted    14187/  130001 events (10.91%)
Processed   140000/  200554 entries, 69.81% (elapsed time    66.4s, curr speed    2.297 kHz, avg speed    2.108 kHz), accepted    15263/  140001 events (10.90%)
Processed   150000/  200554 entries, 74.79% (elapsed time    70.8s, curr speed    2.266 kHz, avg speed    2.118 kHz), accepted    16367/  150001 events (10.91%)
Processed   160000/  200554 entries, 79.78% (elapsed time    75.5s, curr speed    2.149 kHz, avg speed    2.120 kHz), accepted    17410/  160001 events (10.88%)
Processed   170000/  200554 entries, 84.77% (elapsed time    79.8s, curr speed    2.299 kHz, avg speed    2.129 kHz), accepted    18450/  170001 events (10.85%)
Processed   180000/  200554 entries, 89.75% (elapsed time    84.4s, curr speed    2.206 kHz, avg speed    2.133 kHz), accepted    19528/  180001 events (10.85%)
Processed   190000/  200554 entries, 94.74% (elapsed time    88.8s, curr speed    2.258 kHz, avg speed    2.140 kHz), accepted    20595/  190001 events (10.84%)
Processed   200000/  200554 entries, 99.72% (elapsed time    93.1s, curr speed    2.312 kHz, avg speed    2.148 kHz), accepted    21689/  200001 events (10.84%)
Processed 200554 preselected entries from /eos/cms/store/group/phys_tau/TauFW/nano/UL2017/DY3JetsToLL_M-50_TuneCP5_13TeV-madgraphMLM-pythia8/RunIISummer19UL17NanoAODv2-106X_mc2017_realistic_v8-v1/NANOAODSIM/AE71BC89-8E3E-E549-9E0A-53B90A54157D_skimjec_0.root (200554 entries). Finally selected 21750 entries
Total time 489.4 sec. to process 1058483 events. Rate = 2162.8 Hz.
>>> cwd          = /pool/condor/dir_15667
>>> ls           = ['x509_voms', 'condor_exec.exe', '.machine.ad', 'var', '.chirp.config', 'pico_etau_EES1p01_10.root', '.job.ad', 'lvigilan.cc', 'tmp', '.update.ad', '_condor_stdout']
>>> getstorage('/eos/home-l/lvigilan/output_ETauFR_UL17_RUN1/UL2017/etau/DY3JetsToLL_M-50'), <EOS("/eos/home-l/lvigilan/output_ETauFR_UL17_RUN1/UL2017/etau/DY3JetsToLL_M-50") at 0x2ba3b03a1d50>
>>> Executing: 'cp ./pico_etau_EES1p01_10.root /eos/home-l/lvigilan/output_ETauFR_UL17_RUN1/UL2017/etau/DY3JetsToLL_M-50'
>>> Removing './pico_etau_EES1p01_10.root'...
>>> picojob.py done after 499.7 seconds

Job complete at Tue Jun  8 10:19:31 CEST 2021
Took 8 minutes 20 seconds040 (2368936.010.000) 06/08 10:19:31 Finished transferring output files
...
005 (2368936.010.000) 06/08 10:19:31 Job terminated.
	(1) Normal termination (return value 0)
		Usr 0 00:07:06, Sys 0 00:00:21  -  Run Remote Usage
		Usr 0 00:00:00, Sys 0 00:00:00  -  Run Local Usage
		Usr 0 00:07:06, Sys 0 00:00:21  -  Total Remote Usage
		Usr 0 00:00:00, Sys 0 00:00:00  -  Total Local Usage
	34618  -  Run Bytes Sent By Job
	9926  -  Run Bytes Received By Job
	34618  -  Total Bytes Sent By Job
	9926  -  Total Bytes Received By Job
	Partitionable Resources :    Usage  Request Allocated 
	   Cpus                 :     0.94        1         1 
	   Disk (KB)            : 11819           1    212417 
	   Memory (MB)          :   279        2000      2000 

	Job terminated of its own accord at 2021-06-08T08:19:31Z.
...
