Could not find platform independent libraries <prefix>
Could not find platform dependent libraries <exec_prefix>
Consider setting $PYTHONHOME to <prefix>[:<exec_prefix>]
ImportError: No module named site
Job start at Mon Jun  7 23:03:28 CEST 2021
Running job on machine Linux b7s14n1068.cern.ch 3.10.0-1160.21.1.el7.x86_64 #1 SMP Tue Mar 16 18:28:22 UTC 2021 x86_64 x86_64 x86_64 GNU/Linux, host b7s14n1068.cern.ch
============================================================
$PWD=/pool/condor/dir_10097
$JOBID=2367877
$TASKID=7
$HOSTNAME=b7s14n1068.cern.ch
$TASKCMD=/afs/cern.ch/work/l/lvigilan/TauWork/CMSSW_10_6_17_patch1/src/TauFW/PicoProducer/python/processors/picojob.py -y UL2017 -d 'mc' -c etau -M ETauFakeRate.ModuleETau --copydir /eos/home-l/lvigilan/output_ETauFR_UL17_RUN1/UL2017/etau/W2JetsToLNu -t _etau_EES0p99_7 --opt 'ees=0.99' 'useT1=True' -i /eos/cms/store/group/phys_tau/TauFW/nano/UL2017/W2JetsToLNu_TuneCP5_13TeV-madgraphMLM-pythia8/RunIISummer19UL17NanoAODv2-106X_mc2017_realistic_v8-v1/NANOAODSIM/5D853EF5-176A-1849-A3AB-A97C303D2FF5_skimjec_1.root /eos/cms/store/group/phys_tau/TauFW/nano/UL2017/W2JetsToLNu_TuneCP5_13TeV-madgraphMLM-pythia8/RunIISummer19UL17NanoAODv2-106X_mc2017_realistic_v8-v1/NANOAODSIM/5D853EF5-176A-1849-A3AB-A97C303D2FF5_skimjec_2.root /eos/cms/store/group/phys_tau/TauFW/nano/UL2017/W2JetsToLNu_TuneCP5_13TeV-madgraphMLM-pythia8/RunIISummer19UL17NanoAODv2-106X_mc2017_realistic_v8-v1/NANOAODSIM/5D853EF5-176A-1849-A3AB-A97C303D2FF5_skimjec_3.root /eos/cms/store/group/phys_tau/TauFW/nano/UL2017/W2JetsToLNu_TuneCP5_13TeV-madgraphMLM-pythia8/RunIISummer19UL17NanoAODv2-106X_mc2017_realistic_v8-v1/NANOAODSIM/5D853EF5-176A-1849-A3AB-A97C303D2FF5_skimjec_4.root /eos/cms/store/group/phys_tau/TauFW/nano/UL2017/W2JetsToLNu_TuneCP5_13TeV-madgraphMLM-pythia8/RunIISummer19UL17NanoAODv2-106X_mc2017_realistic_v8-v1/NANOAODSIM/5D853EF5-176A-1849-A3AB-A97C303D2FF5_skimjec_5.root
$WORKDIR=/pool/condor/dir_10097
>>> cd /afs/cern.ch/work/l/lvigilan/TauWork/CMSSW_10_6_17_patch1/src
>>> eval `scramv1 runtime -sh`
>>> cd /pool/condor/dir_10097
$PWD=/pool/condor/dir_10097
>>> /afs/cern.ch/work/l/lvigilan/TauWork/CMSSW_10_6_17_patch1/src/TauFW/PicoProducer/python/processors/picojob.py -y UL2017 -d 'mc' -c etau -M ETauFakeRate.ModuleETau --copydir /eos/home-l/lvigilan/output_ETauFR_UL17_RUN1/UL2017/etau/W2JetsToLNu -t _etau_EES0p99_7 --opt 'ees=0.99' 'useT1=True' -i /eos/cms/store/group/phys_tau/TauFW/nano/UL2017/W2JetsToLNu_TuneCP5_13TeV-madgraphMLM-pythia8/RunIISummer19UL17NanoAODv2-106X_mc2017_realistic_v8-v1/NANOAODSIM/5D853EF5-176A-1849-A3AB-A97C303D2FF5_skimjec_1.root /eos/cms/store/group/phys_tau/TauFW/nano/UL2017/W2JetsToLNu_TuneCP5_13TeV-madgraphMLM-pythia8/RunIISummer19UL17NanoAODv2-106X_mc2017_realistic_v8-v1/NANOAODSIM/5D853EF5-176A-1849-A3AB-A97C303D2FF5_skimjec_2.root /eos/cms/store/group/phys_tau/TauFW/nano/UL2017/W2JetsToLNu_TuneCP5_13TeV-madgraphMLM-pythia8/RunIISummer19UL17NanoAODv2-106X_mc2017_realistic_v8-v1/NANOAODSIM/5D853EF5-176A-1849-A3AB-A97C303D2FF5_skimjec_3.root /eos/cms/store/group/phys_tau/TauFW/nano/UL2017/W2JetsToLNu_TuneCP5_13TeV-madgraphMLM-pythia8/RunIISummer19UL17NanoAODv2-106X_mc2017_realistic_v8-v1/NANOAODSIM/5D853EF5-176A-1849-A3AB-A97C303D2FF5_skimjec_4.root /eos/cms/store/group/phys_tau/TauFW/nano/UL2017/W2JetsToLNu_TuneCP5_13TeV-madgraphMLM-pythia8/RunIISummer19UL17NanoAODv2-106X_mc2017_realistic_v8-v1/NANOAODSIM/5D853EF5-176A-1849-A3AB-A97C303D2FF5_skimjec_5.root
Error in <TGClient::TGClient>: can't open display "localhost:13.0", switching to batch mode...
 In case you run from a remote ssh session, reconnect with ssh -Y
--------------------------------------------------------------------------------
>>> era          = 'UL2017'
>>> year         = 2017
>>> channel      = 'etau'
>>> modname      = 'ETauFakeRate.ModuleETau'
>>> dtype        = 'mc'
>>> kwargs       = {'dtype': 'mc', 'ees': 0.99, 'useT1': True, 'verb': 0, 'era': 'UL2017', 'year': 2017}
>>> firstevt     = 0
>>> maxevts      = None
>>> outdir       = '.'
>>> copydir      = '/eos/home-l/lvigilan/output_ETauFR_UL17_RUN1/UL2017/etau/W2JetsToLNu'
>>> infiles      = ['/eos/cms/store/group/phys_tau/TauFW/nano/UL2017/W2JetsToLNu_TuneCP5_13TeV-madgraphMLM-pythia8/RunIISummer19UL17NanoAODv2-106X_mc2017_realistic_v8-v1/NANOAODSIM/5D853EF5-176A-1849-A3AB-A97C303D2FF5_skimjec_1.root', '/eos/cms/store/group/phys_tau/TauFW/nano/UL2017/W2JetsToLNu_TuneCP5_13TeV-madgraphMLM-pythia8/RunIISummer19UL17NanoAODv2-106X_mc2017_realistic_v8-v1/NANOAODSIM/5D853EF5-176A-1849-A3AB-A97C303D2FF5_skimjec_2.root', '/eos/cms/store/group/phys_tau/TauFW/nano/UL2017/W2JetsToLNu_TuneCP5_13TeV-madgraphMLM-pythia8/RunIISummer19UL17NanoAODv2-106X_mc2017_realistic_v8-v1/NANOAODSIM/5D853EF5-176A-1849-A3AB-A97C303D2FF5_skimjec_3.root', '/eos/cms/store/group/phys_tau/TauFW/nano/UL2017/W2JetsToLNu_TuneCP5_13TeV-madgraphMLM-pythia8/RunIISummer19UL17NanoAODv2-106X_mc2017_realistic_v8-v1/NANOAODSIM/5D853EF5-176A-1849-A3AB-A97C303D2FF5_skimjec_4.root', '/eos/cms/store/group/phys_tau/TauFW/nano/UL2017/W2JetsToLNu_TuneCP5_13TeV-madgraphMLM-pythia8/RunIISummer19UL17NanoAODv2-106X_mc2017_realistic_v8-v1/NANOAODSIM/5D853EF5-176A-1849-A3AB-A97C303D2FF5_skimjec_5.root']
>>> outfname     = './pico_etau_EES0p99_7.root'
>>> branchsel    = '/afs/cern.ch/work/l/lvigilan/TauWork/CMSSW_10_6_17_patch1/python/TauFW/PicoProducer/processors/keep_and_drop_skim.txt'
>>> json         = None
>>> prefetch     = False
>>> cwd          = /pool/condor/dir_10097
--------------------------------------------------------------------------------

   ################
   #  ModuleETau  #
   ################

Loading PileupWeightTool for '/afs/cern.ch/work/l/lvigilan/TauWork/CMSSW_10_6_17_patch1/src/TauFW/PicoProducer/data/pileup/Data_PileUp_UL2017_69p2.root' and '/afs/cern.ch/work/l/lvigilan/TauWork/CMSSW_10_6_17_patch1/src/TauFW/PicoProducer/data/pileup/MC_PileUp_UL2017_Summer19.root'
Loading BTagWeightTool for DeepCSV (medium WP)...
>>> BTagTool: [1m[33mWarning! [0m[33mHistogram 'etau/eff_DeepCSV_udsg_medium' does not exist in /afs/cern.ch/work/l/lvigilan/TauWork/CMSSW_10_6_17_patch1/src/TauFW/PicoProducer/data/btag/DeepCSV_2017_12Apr2017_eff.root! Reverting to default efficiency histogram...[0m
>>> BTagTool: [1m[33mWarning! [0m[33mHistogram 'etau/eff_DeepCSV_c_medium' does not exist in /afs/cern.ch/work/l/lvigilan/TauWork/CMSSW_10_6_17_patch1/src/TauFW/PicoProducer/data/btag/DeepCSV_2017_12Apr2017_eff.root! Reverting to default efficiency histogram...[0m
>>> BTagTool: [1m[33mWarning! [0m[33mHistogram 'etau/eff_DeepCSV_b_medium' does not exist in /afs/cern.ch/work/l/lvigilan/TauWork/CMSSW_10_6_17_patch1/src/TauFW/PicoProducer/data/btag/DeepCSV_2017_12Apr2017_eff.root! Reverting to default efficiency histogram...[0m
>>> BTagTool: [1m[33mWarning! [0m[33mMade use of default efficiency histograms! The b tag weights from this module should be regarded as placeholders only,
and should NOT be used for analyses. B (mis)tag efficiencies in MC are analysis dependent. Please create your own
efficiency histogram with data/btag/getBTagEfficiencies.py after running all MC samples with BTagWeightTool.[0m
Loading TreeProducerETau for './pico_etau_EES0p99_7.root'
--------------------------------------------------------------------------------
>>> filename     = './pico_etau_EES0p99_7.root'
>>> year         = 2017
>>> dtype        = 'mc'
>>> channel      = 'etau'
>>> ismc         = True
>>> isdata       = False
>>> isembed      = False
>>> tes          = 1.0
>>> tessys       = None
>>> fes          = None
>>> ltf          = None
>>> jtf          = 1.0
>>> dotoppt      = False
>>> dozpt        = False
>>> dojec        = True
>>> dojecsys     = True
>>> dotight      = False
>>> useT1        = True
>>> jetCutPt     = 30
>>> bjetCutEta   = 2.7
>>> tauwp        = 0
>>> eleCutPt     = 36
>>> eleCutEta    = 2.1
>>> tauCutPt     = 20
>>> tauCutEta    = 2.3
>>> ZpeekReso    = 0.1
Pre-select 218829 entries out of 218829 (100.00%)
Processed    10000/  218829 entries,  4.57% (elapsed time     6.4s, curr speed    1.555 kHz, avg speed    1.555 kHz), accepted       99/   10001 events ( 0.99%)
Processed    20000/  218829 entries,  9.14% (elapsed time     8.6s, curr speed    4.637 kHz, avg speed    2.330 kHz), accepted      196/   20001 events ( 0.98%)
Processed    30000/  218829 entries, 13.71% (elapsed time    10.2s, curr speed    6.188 kHz, avg speed    2.941 kHz), accepted      278/   30001 events ( 0.93%)
Processed    40000/  218829 entries, 18.28% (elapsed time    12.1s, curr speed    5.208 kHz, avg speed    3.300 kHz), accepted      346/   40001 events ( 0.86%)
Processed    50000/  218829 entries, 22.85% (elapsed time    13.7s, curr speed    6.142 kHz, avg speed    3.636 kHz), accepted      435/   50001 events ( 0.87%)
Processed    60000/  218829 entries, 27.42% (elapsed time    16.2s, curr speed    4.089 kHz, avg speed    3.705 kHz), accepted      512/   60001 events ( 0.85%)
Processed    70000/  218829 entries, 31.99% (elapsed time    18.1s, curr speed    5.306 kHz, avg speed    3.872 kHz), accepted      597/   70001 events ( 0.85%)
Processed    80000/  218829 entries, 36.56% (elapsed time    19.8s, curr speed    5.714 kHz, avg speed    4.034 kHz), accepted      672/   80001 events ( 0.84%)
Processed    90000/  218829 entries, 41.13% (elapsed time    24.3s, curr speed    2.244 kHz, avg speed    3.706 kHz), accepted      759/   90001 events ( 0.84%)
Processed   100000/  218829 entries, 45.70% (elapsed time    27.0s, curr speed    3.705 kHz, avg speed    3.706 kHz), accepted      852/  100001 events ( 0.85%)
Processed   110000/  218829 entries, 50.27% (elapsed time    28.8s, curr speed    5.452 kHz, avg speed    3.817 kHz), accepted      927/  110001 events ( 0.84%)
Processed   120000/  218829 entries, 54.84% (elapsed time    31.3s, curr speed    4.062 kHz, avg speed    3.836 kHz), accepted     1009/  120001 events ( 0.84%)
Processed   130000/  218829 entries, 59.41% (elapsed time    33.2s, curr speed    5.247 kHz, avg speed    3.917 kHz), accepted     1077/  130001 events ( 0.83%)
Processed   140000/  218829 entries, 63.98% (elapsed time    36.8s, curr speed    2.759 kHz, avg speed    3.803 kHz), accepted     1166/  140001 events ( 0.83%)
Processed   150000/  218829 entries, 68.55% (elapsed time    40.0s, curr speed    3.155 kHz, avg speed    3.752 kHz), accepted     1254/  150001 events ( 0.84%)
Processed   160000/  218829 entries, 73.12% (elapsed time    42.3s, curr speed    4.345 kHz, avg speed    3.784 kHz), accepted     1319/  160001 events ( 0.82%)
Processed   170000/  218829 entries, 77.69% (elapsed time    44.3s, curr speed    4.883 kHz, avg speed    3.835 kHz), accepted     1396/  170001 events ( 0.82%)
Processed   180000/  218829 entries, 82.26% (elapsed time    46.0s, curr speed    5.989 kHz, avg speed    3.913 kHz), accepted     1449/  180001 events ( 0.80%)
Processed   190000/  218829 entries, 86.83% (elapsed time    47.8s, curr speed    5.497 kHz, avg speed    3.973 kHz), accepted     1526/  190001 events ( 0.80%)
Processed   200000/  218829 entries, 91.40% (elapsed time    49.6s, curr speed    5.725 kHz, avg speed    4.035 kHz), accepted     1614/  200001 events ( 0.81%)
Processed   210000/  218829 entries, 95.97% (elapsed time    51.8s, curr speed    4.505 kHz, avg speed    4.055 kHz), accepted     1704/  210001 events ( 0.81%)
Processed 218829 preselected entries from /eos/cms/store/group/phys_tau/TauFW/nano/UL2017/W2JetsToLNu_TuneCP5_13TeV-madgraphMLM-pythia8/RunIISummer19UL17NanoAODv2-106X_mc2017_realistic_v8-v1/NANOAODSIM/5D853EF5-176A-1849-A3AB-A97C303D2FF5_skimjec_1.root (218829 entries). Finally selected 1786 entries
Pre-select 218829 entries out of 218829 (100.00%)
Processed    10000/  218829 entries,  4.57% (elapsed time     4.8s, curr speed    2.077 kHz, avg speed    2.077 kHz), accepted       78/   10001 events ( 0.78%)
Processed    20000/  218829 entries,  9.14% (elapsed time     6.9s, curr speed    4.814 kHz, avg speed    2.902 kHz), accepted      152/   20001 events ( 0.76%)
Processed    30000/  218829 entries, 13.71% (elapsed time     8.9s, curr speed    4.955 kHz, avg speed    3.367 kHz), accepted      237/   30001 events ( 0.79%)
Processed    40000/  218829 entries, 18.28% (elapsed time    11.0s, curr speed    4.688 kHz, avg speed    3.622 kHz), accepted      315/   40001 events ( 0.79%)
Processed    50000/  218829 entries, 22.85% (elapsed time    13.0s, curr speed    5.052 kHz, avg speed    3.840 kHz), accepted      399/   50001 events ( 0.80%)
Processed    60000/  218829 entries, 27.42% (elapsed time    14.9s, curr speed    5.289 kHz, avg speed    4.023 kHz), accepted      471/   60001 events ( 0.78%)
Processed    70000/  218829 entries, 31.99% (elapsed time    16.8s, curr speed    5.312 kHz, avg speed    4.168 kHz), accepted      562/   70001 events ( 0.80%)
Processed    80000/  218829 entries, 36.56% (elapsed time    18.7s, curr speed    5.301 kHz, avg speed    4.282 kHz), accepted      650/   80001 events ( 0.81%)
Processed    90000/  218829 entries, 41.13% (elapsed time    20.5s, curr speed    5.473 kHz, avg speed    4.388 kHz), accepted      725/   90001 events ( 0.81%)
Processed   100000/  218829 entries, 45.70% (elapsed time    22.0s, curr speed    6.498 kHz, avg speed    4.536 kHz), accepted      812/  100001 events ( 0.81%)
Processed   110000/  218829 entries, 50.27% (elapsed time    23.9s, curr speed    5.302 kHz, avg speed    4.596 kHz), accepted      917/  110001 events ( 0.83%)
Processed   120000/  218829 entries, 54.84% (elapsed time    25.6s, curr speed    6.070 kHz, avg speed    4.691 kHz), accepted     1002/  120001 events ( 0.83%)
Processed   130000/  218829 entries, 59.41% (elapsed time    27.3s, curr speed    5.660 kHz, avg speed    4.754 kHz), accepted     1089/  130001 events ( 0.84%)
Processed   140000/  218829 entries, 63.98% (elapsed time    29.4s, curr speed    4.783 kHz, avg speed    4.756 kHz), accepted     1155/  140001 events ( 0.82%)
Processed   150000/  218829 entries, 68.55% (elapsed time    31.3s, curr speed    5.425 kHz, avg speed    4.795 kHz), accepted     1240/  150001 events ( 0.83%)
Processed   160000/  218829 entries, 73.12% (elapsed time    33.8s, curr speed    3.946 kHz, avg speed    4.731 kHz), accepted     1330/  160001 events ( 0.83%)
Processed   170000/  218829 entries, 77.69% (elapsed time    35.7s, curr speed    5.243 kHz, avg speed    4.759 kHz), accepted     1415/  170001 events ( 0.83%)
Processed   180000/  218829 entries, 82.26% (elapsed time    37.4s, curr speed    5.931 kHz, avg speed    4.812 kHz), accepted     1496/  180001 events ( 0.83%)
Processed   190000/  218829 entries, 86.83% (elapsed time    39.1s, curr speed    5.787 kHz, avg speed    4.855 kHz), accepted     1578/  190001 events ( 0.83%)
Processed   200000/  218829 entries, 91.40% (elapsed time    41.4s, curr speed    4.398 kHz, avg speed    4.830 kHz), accepted     1662/  200001 events ( 0.83%)
Processed   210000/  218829 entries, 95.97% (elapsed time    43.4s, curr speed    4.958 kHz, avg speed    4.836 kHz), accepted     1750/  210001 events ( 0.83%)
Processed 218829 preselected entries from /eos/cms/store/group/phys_tau/TauFW/nano/UL2017/W2JetsToLNu_TuneCP5_13TeV-madgraphMLM-pythia8/RunIISummer19UL17NanoAODv2-106X_mc2017_realistic_v8-v1/NANOAODSIM/5D853EF5-176A-1849-A3AB-A97C303D2FF5_skimjec_2.root (218829 entries). Finally selected 1821 entries
Pre-select 218829 entries out of 218829 (100.00%)
Processed    10000/  218829 entries,  4.57% (elapsed time     6.2s, curr speed    1.604 kHz, avg speed    1.604 kHz), accepted       77/   10001 events ( 0.77%)
Processed    20000/  218829 entries,  9.14% (elapsed time     9.0s, curr speed    3.572 kHz, avg speed    2.214 kHz), accepted      163/   20001 events ( 0.81%)
Processed    30000/  218829 entries, 13.71% (elapsed time    10.9s, curr speed    5.425 kHz, avg speed    2.758 kHz), accepted      248/   30001 events ( 0.83%)
Processed    40000/  218829 entries, 18.28% (elapsed time    13.3s, curr speed    4.140 kHz, avg speed    3.010 kHz), accepted      327/   40001 events ( 0.82%)
Processed    50000/  218829 entries, 22.85% (elapsed time    15.4s, curr speed    4.848 kHz, avg speed    3.256 kHz), accepted      400/   50001 events ( 0.80%)
Processed    60000/  218829 entries, 27.42% (elapsed time    17.1s, curr speed    5.577 kHz, avg speed    3.499 kHz), accepted      484/   60001 events ( 0.81%)
Processed    70000/  218829 entries, 31.99% (elapsed time    18.7s, curr speed    6.495 kHz, avg speed    3.746 kHz), accepted      571/   70001 events ( 0.82%)
Processed    80000/  218829 entries, 36.56% (elapsed time    20.4s, curr speed    5.895 kHz, avg speed    3.925 kHz), accepted      652/   80001 events ( 0.81%)
Processed    90000/  218829 entries, 41.13% (elapsed time    22.2s, curr speed    5.386 kHz, avg speed    4.047 kHz), accepted      742/   90001 events ( 0.82%)
Processed   100000/  218829 entries, 45.70% (elapsed time    24.1s, curr speed    5.494 kHz, avg speed    4.156 kHz), accepted      809/  100001 events ( 0.81%)
Processed   110000/  218829 entries, 50.27% (elapsed time    25.7s, curr speed    5.930 kHz, avg speed    4.272 kHz), accepted      897/  110001 events ( 0.82%)
Processed   120000/  218829 entries, 54.84% (elapsed time    27.3s, curr speed    6.342 kHz, avg speed    4.392 kHz), accepted      968/  120001 events ( 0.81%)
Processed   130000/  218829 entries, 59.41% (elapsed time    28.9s, curr speed    6.208 kHz, avg speed    4.493 kHz), accepted     1051/  130001 events ( 0.81%)
Processed   140000/  218829 entries, 63.98% (elapsed time    30.4s, curr speed    6.618 kHz, avg speed    4.598 kHz), accepted     1129/  140001 events ( 0.81%)
Processed   150000/  218829 entries, 68.55% (elapsed time    31.9s, curr speed    7.070 kHz, avg speed    4.708 kHz), accepted     1195/  150001 events ( 0.80%)
Processed   160000/  218829 entries, 73.12% (elapsed time    33.4s, curr speed    6.624 kHz, avg speed    4.795 kHz), accepted     1272/  160001 events ( 0.79%)
Processed   170000/  218829 entries, 77.69% (elapsed time    34.8s, curr speed    6.824 kHz, avg speed    4.880 kHz), accepted     1346/  170001 events ( 0.79%)
Processed   180000/  218829 entries, 82.26% (elapsed time    36.5s, curr speed    6.184 kHz, avg speed    4.938 kHz), accepted     1421/  180001 events ( 0.79%)
Processed   190000/  218829 entries, 86.83% (elapsed time    37.9s, curr speed    6.938 kHz, avg speed    5.014 kHz), accepted     1492/  190001 events ( 0.79%)
Processed   200000/  218829 entries, 91.40% (elapsed time    39.3s, curr speed    6.967 kHz, avg speed    5.085 kHz), accepted     1576/  200001 events ( 0.79%)
Processed   210000/  218829 entries, 95.97% (elapsed time    40.8s, curr speed    6.851 kHz, avg speed    5.149 kHz), accepted     1643/  210001 events ( 0.78%)
Processed 218829 preselected entries from /eos/cms/store/group/phys_tau/TauFW/nano/UL2017/W2JetsToLNu_TuneCP5_13TeV-madgraphMLM-pythia8/RunIISummer19UL17NanoAODv2-106X_mc2017_realistic_v8-v1/NANOAODSIM/5D853EF5-176A-1849-A3AB-A97C303D2FF5_skimjec_3.root (218829 entries). Finally selected 1697 entries
Pre-select 218829 entries out of 218829 (100.00%)
Processed    10000/  218829 entries,  4.57% (elapsed time     5.3s, curr speed    1.894 kHz, avg speed    1.894 kHz), accepted       92/   10001 events ( 0.92%)
Processed    20000/  218829 entries,  9.14% (elapsed time     6.7s, curr speed    6.920 kHz, avg speed    2.975 kHz), accepted      162/   20001 events ( 0.81%)
Processed    30000/  218829 entries, 13.71% (elapsed time     8.2s, curr speed    6.817 kHz, avg speed    3.663 kHz), accepted      247/   30001 events ( 0.82%)
Processed    40000/  218829 entries, 18.28% (elapsed time     9.7s, curr speed    6.531 kHz, avg speed    4.114 kHz), accepted      334/   40001 events ( 0.83%)
Processed    50000/  218829 entries, 22.85% (elapsed time    11.5s, curr speed    5.744 kHz, avg speed    4.362 kHz), accepted      415/   50001 events ( 0.83%)
Processed    60000/  218829 entries, 27.42% (elapsed time    14.2s, curr speed    3.632 kHz, avg speed    4.221 kHz), accepted      482/   60001 events ( 0.80%)
Processed    70000/  218829 entries, 31.99% (elapsed time    15.8s, curr speed    6.260 kHz, avg speed    4.427 kHz), accepted      567/   70001 events ( 0.81%)
Processed    80000/  218829 entries, 36.56% (elapsed time    17.2s, curr speed    7.125 kHz, avg speed    4.647 kHz), accepted      626/   80001 events ( 0.78%)
Processed    90000/  218829 entries, 41.13% (elapsed time    18.7s, curr speed    6.964 kHz, avg speed    4.825 kHz), accepted      708/   90001 events ( 0.79%)
Processed   100000/  218829 entries, 45.70% (elapsed time    21.6s, curr speed    3.370 kHz, avg speed    4.625 kHz), accepted      781/  100001 events ( 0.78%)
Processed   110000/  218829 entries, 50.27% (elapsed time    24.3s, curr speed    3.702 kHz, avg speed    4.523 kHz), accepted      857/  110001 events ( 0.78%)
Processed   120000/  218829 entries, 54.84% (elapsed time    26.5s, curr speed    4.697 kHz, avg speed    4.537 kHz), accepted      944/  120001 events ( 0.79%)
Processed   130000/  218829 entries, 59.41% (elapsed time    27.9s, curr speed    6.894 kHz, avg speed    4.659 kHz), accepted     1023/  130001 events ( 0.79%)
Processed   140000/  218829 entries, 63.98% (elapsed time    29.6s, curr speed    5.946 kHz, avg speed    4.732 kHz), accepted     1103/  140001 events ( 0.79%)
Processed   150000/  218829 entries, 68.55% (elapsed time    31.0s, curr speed    7.304 kHz, avg speed    4.846 kHz), accepted     1166/  150001 events ( 0.78%)
Processed   160000/  218829 entries, 73.12% (elapsed time    32.6s, curr speed    6.042 kHz, avg speed    4.907 kHz), accepted     1238/  160001 events ( 0.77%)
Processed   170000/  218829 entries, 77.69% (elapsed time    34.2s, curr speed    6.128 kHz, avg speed    4.965 kHz), accepted     1316/  170001 events ( 0.77%)
Processed   180000/  218829 entries, 82.26% (elapsed time    35.9s, curr speed    5.940 kHz, avg speed    5.011 kHz), accepted     1405/  180001 events ( 0.78%)
Processed   190000/  218829 entries, 86.83% (elapsed time    37.9s, curr speed    4.973 kHz, avg speed    5.009 kHz), accepted     1481/  190001 events ( 0.78%)
Processed   200000/  218829 entries, 91.40% (elapsed time    39.5s, curr speed    6.367 kHz, avg speed    5.063 kHz), accepted     1565/  200001 events ( 0.78%)
Processed   210000/  218829 entries, 95.97% (elapsed time    41.3s, curr speed    5.604 kHz, avg speed    5.086 kHz), accepted     1643/  210001 events ( 0.78%)
Processed 218829 preselected entries from /eos/cms/store/group/phys_tau/TauFW/nano/UL2017/W2JetsToLNu_TuneCP5_13TeV-madgraphMLM-pythia8/RunIISummer19UL17NanoAODv2-106X_mc2017_realistic_v8-v1/NANOAODSIM/5D853EF5-176A-1849-A3AB-A97C303D2FF5_skimjec_4.root (218829 entries). Finally selected 1694 entries
Pre-select 218824 entries out of 218824 (100.00%)
Processed    10000/  218824 entries,  4.57% (elapsed time     4.3s, curr speed    2.341 kHz, avg speed    2.341 kHz), accepted       79/   10001 events ( 0.79%)
Processed    20000/  218824 entries,  9.14% (elapsed time     5.8s, curr speed    6.446 kHz, avg speed    3.434 kHz), accepted      142/   20001 events ( 0.71%)
Processed    30000/  218824 entries, 13.71% (elapsed time     8.6s, curr speed    3.610 kHz, avg speed    3.491 kHz), accepted      223/   30001 events ( 0.74%)
Processed    40000/  218824 entries, 18.28% (elapsed time    10.2s, curr speed    6.218 kHz, avg speed    3.921 kHz), accepted      293/   40001 events ( 0.73%)
Processed    50000/  218824 entries, 22.85% (elapsed time    11.4s, curr speed    8.154 kHz, avg speed    4.375 kHz), accepted      365/   50001 events ( 0.73%)
Processed    60000/  218824 entries, 27.42% (elapsed time    12.9s, curr speed    6.887 kHz, avg speed    4.658 kHz), accepted      439/   60001 events ( 0.73%)
Processed    70000/  218824 entries, 31.99% (elapsed time    14.4s, curr speed    6.797 kHz, avg speed    4.877 kHz), accepted      527/   70001 events ( 0.75%)
Processed    80000/  218824 entries, 36.56% (elapsed time    15.8s, curr speed    6.934 kHz, avg speed    5.065 kHz), accepted      615/   80001 events ( 0.77%)
Processed    90000/  218824 entries, 41.13% (elapsed time    17.7s, curr speed    5.327 kHz, avg speed    5.093 kHz), accepted      701/   90001 events ( 0.78%)
Processed   100000/  218824 entries, 45.70% (elapsed time    19.4s, curr speed    5.940 kHz, avg speed    5.167 kHz), accepted      777/  100001 events ( 0.78%)
Processed   110000/  218824 entries, 50.27% (elapsed time    20.9s, curr speed    6.367 kHz, avg speed    5.257 kHz), accepted      871/  110001 events ( 0.79%)
Processed   120000/  218824 entries, 54.84% (elapsed time    22.3s, curr speed    7.441 kHz, avg speed    5.388 kHz), accepted      942/  120001 events ( 0.78%)
Processed   130000/  218824 entries, 59.41% (elapsed time    23.9s, curr speed    5.968 kHz, avg speed    5.429 kHz), accepted     1029/  130001 events ( 0.79%)
Processed   140000/  218824 entries, 63.98% (elapsed time    25.4s, curr speed    6.955 kHz, avg speed    5.515 kHz), accepted     1112/  140001 events ( 0.79%)
Processed   150000/  218824 entries, 68.55% (elapsed time    26.9s, curr speed    6.620 kHz, avg speed    5.577 kHz), accepted     1205/  150001 events ( 0.80%)
Processed   160000/  218824 entries, 73.12% (elapsed time    28.5s, curr speed    6.322 kHz, avg speed    5.619 kHz), accepted     1289/  160001 events ( 0.81%)
Processed   170000/  218824 entries, 77.69% (elapsed time    30.1s, curr speed    6.020 kHz, avg speed    5.641 kHz), accepted     1377/  170001 events ( 0.81%)
Processed   180000/  218824 entries, 82.26% (elapsed time    31.8s, curr speed    6.180 kHz, avg speed    5.668 kHz), accepted     1443/  180001 events ( 0.80%)
Processed   190000/  218824 entries, 86.83% (elapsed time    33.5s, curr speed    5.828 kHz, avg speed    5.677 kHz), accepted     1508/  190001 events ( 0.79%)
Processed   200000/  218824 entries, 91.40% (elapsed time    34.9s, curr speed    6.965 kHz, avg speed    5.730 kHz), accepted     1580/  200001 events ( 0.79%)
Processed   210000/  218824 entries, 95.97% (elapsed time    36.7s, curr speed    5.644 kHz, avg speed    5.725 kHz), accepted     1662/  210001 events ( 0.79%)
Processed 218824 preselected entries from /eos/cms/store/group/phys_tau/TauFW/nano/UL2017/W2JetsToLNu_TuneCP5_13TeV-madgraphMLM-pythia8/RunIISummer19UL17NanoAODv2-106X_mc2017_realistic_v8-v1/NANOAODSIM/5D853EF5-176A-1849-A3AB-A97C303D2FF5_skimjec_5.root (218824 entries). Finally selected 1721 entries
Total time 224.6 sec. to process 1094140 events. Rate = 4872.6 Hz.
>>> cwd          = /pool/condor/dir_10097
>>> ls           = ['.update.ad', '_condor_stdout', '.job.ad', 'x509_voms', 'var', '.chirp.config', 'tmp', 'lvigilan.cc', 'condor_exec.exe', '.machine.ad', 'pico_etau_EES0p99_7.root']
>>> getstorage('/eos/home-l/lvigilan/output_ETauFR_UL17_RUN1/UL2017/etau/W2JetsToLNu'), <EOS("/eos/home-l/lvigilan/output_ETauFR_UL17_RUN1/UL2017/etau/W2JetsToLNu") at 0x2acbb87cda50>
>>> Executing: 'cp ./pico_etau_EES0p99_7.root /eos/home-l/lvigilan/output_ETauFR_UL17_RUN1/UL2017/etau/W2JetsToLNu'
>>> Removing './pico_etau_EES0p99_7.root'...
>>> picojob.py done after 262.4 seconds

Job complete at Mon Jun  7 23:07:53 CEST 2021
Took 4 minutes 25 seconds040 (2367877.007.000) 06/07 23:07:54 Finished transferring output files
...
005 (2367877.007.000) 06/07 23:07:54 Job terminated.
	(1) Normal termination (return value 0)
		Usr 0 00:02:40, Sys 0 00:00:07  -  Run Remote Usage
		Usr 0 00:00:00, Sys 0 00:00:00  -  Run Local Usage
		Usr 0 00:02:40, Sys 0 00:00:07  -  Total Remote Usage
		Usr 0 00:00:00, Sys 0 00:00:00  -  Total Local Usage
	34602  -  Run Bytes Sent By Job
	9898  -  Run Bytes Received By Job
	34602  -  Total Bytes Sent By Job
	9898  -  Total Bytes Received By Job
	Partitionable Resources :    Usage  Request Allocated 
	   Cpus                 :     0.76        1         1 
	   Disk (KB)            :   102           1    281370 
	   Memory (MB)          :    68        2000      2000 

	Job terminated of its own accord at 2021-06-07T21:07:53Z.
...
