Could not find platform independent libraries <prefix>
Could not find platform dependent libraries <exec_prefix>
Consider setting $PYTHONHOME to <prefix>[:<exec_prefix>]
ImportError: No module named site
Job start at Tue Jun  8 10:14:29 CEST 2021
Running job on machine Linux b7s12n4683.cern.ch 3.10.0-1160.6.1.el7.x86_64 #1 SMP Tue Nov 17 13:59:11 UTC 2020 x86_64 x86_64 x86_64 GNU/Linux, host b7s12n4683.cern.ch
============================================================
$PWD=/pool/condor/dir_9210
$JOBID=2368944
$TASKID=23
$HOSTNAME=b7s12n4683.cern.ch
$TASKCMD=/afs/cern.ch/work/l/lvigilan/TauWork/CMSSW_10_6_17_patch1/src/TauFW/PicoProducer/python/processors/picojob.py -y UL2017 -d 'mc' -c etau -M ETauFakeRate.ModuleETau --copydir /eos/home-l/lvigilan/output_ETauFR_UL17_RUN1/UL2017/etau/W2JetsToLNu -t _etau_EES1p01_23 --opt 'ees=1.01' 'useT1=True' -i /eos/cms/store/group/phys_tau/TauFW/nano/UL2017/W2JetsToLNu_TuneCP5_13TeV-madgraphMLM-pythia8/RunIISummer19UL17NanoAODv2-106X_mc2017_realistic_v8-v1/NANOAODSIM/EA31E09A-6A91-A54F-8BD2-10E96C6A3A86_skimjec_0.root /eos/cms/store/group/phys_tau/TauFW/nano/UL2017/W2JetsToLNu_TuneCP5_13TeV-madgraphMLM-pythia8/RunIISummer19UL17NanoAODv2-106X_mc2017_realistic_v8-v1/NANOAODSIM/EA31E09A-6A91-A54F-8BD2-10E96C6A3A86_skimjec_1.root /eos/cms/store/group/phys_tau/TauFW/nano/UL2017/W2JetsToLNu_TuneCP5_13TeV-madgraphMLM-pythia8/RunIISummer19UL17NanoAODv2-106X_mc2017_realistic_v8-v1/NANOAODSIM/EA31E09A-6A91-A54F-8BD2-10E96C6A3A86_skimjec_2.root /eos/cms/store/group/phys_tau/TauFW/nano/UL2017/W2JetsToLNu_TuneCP5_13TeV-madgraphMLM-pythia8/RunIISummer19UL17NanoAODv2-106X_mc2017_realistic_v8-v1/NANOAODSIM/EA31E09A-6A91-A54F-8BD2-10E96C6A3A86_skimjec_3.root /eos/cms/store/group/phys_tau/TauFW/nano/UL2017/W2JetsToLNu_TuneCP5_13TeV-madgraphMLM-pythia8/RunIISummer19UL17NanoAODv2-106X_mc2017_realistic_v8-v1/NANOAODSIM/FB0CED9C-102E-0D48-8A4D-F1AFE199B6C6_skimjec_0.root
$WORKDIR=/pool/condor/dir_9210
>>> cd /afs/cern.ch/work/l/lvigilan/TauWork/CMSSW_10_6_17_patch1/src
>>> eval `scramv1 runtime -sh`
>>> cd /pool/condor/dir_9210
$PWD=/pool/condor/dir_9210
>>> /afs/cern.ch/work/l/lvigilan/TauWork/CMSSW_10_6_17_patch1/src/TauFW/PicoProducer/python/processors/picojob.py -y UL2017 -d 'mc' -c etau -M ETauFakeRate.ModuleETau --copydir /eos/home-l/lvigilan/output_ETauFR_UL17_RUN1/UL2017/etau/W2JetsToLNu -t _etau_EES1p01_23 --opt 'ees=1.01' 'useT1=True' -i /eos/cms/store/group/phys_tau/TauFW/nano/UL2017/W2JetsToLNu_TuneCP5_13TeV-madgraphMLM-pythia8/RunIISummer19UL17NanoAODv2-106X_mc2017_realistic_v8-v1/NANOAODSIM/EA31E09A-6A91-A54F-8BD2-10E96C6A3A86_skimjec_0.root /eos/cms/store/group/phys_tau/TauFW/nano/UL2017/W2JetsToLNu_TuneCP5_13TeV-madgraphMLM-pythia8/RunIISummer19UL17NanoAODv2-106X_mc2017_realistic_v8-v1/NANOAODSIM/EA31E09A-6A91-A54F-8BD2-10E96C6A3A86_skimjec_1.root /eos/cms/store/group/phys_tau/TauFW/nano/UL2017/W2JetsToLNu_TuneCP5_13TeV-madgraphMLM-pythia8/RunIISummer19UL17NanoAODv2-106X_mc2017_realistic_v8-v1/NANOAODSIM/EA31E09A-6A91-A54F-8BD2-10E96C6A3A86_skimjec_2.root /eos/cms/store/group/phys_tau/TauFW/nano/UL2017/W2JetsToLNu_TuneCP5_13TeV-madgraphMLM-pythia8/RunIISummer19UL17NanoAODv2-106X_mc2017_realistic_v8-v1/NANOAODSIM/EA31E09A-6A91-A54F-8BD2-10E96C6A3A86_skimjec_3.root /eos/cms/store/group/phys_tau/TauFW/nano/UL2017/W2JetsToLNu_TuneCP5_13TeV-madgraphMLM-pythia8/RunIISummer19UL17NanoAODv2-106X_mc2017_realistic_v8-v1/NANOAODSIM/FB0CED9C-102E-0D48-8A4D-F1AFE199B6C6_skimjec_0.root
Error in <TGClient::TGClient>: can't open display "localhost:21.0", switching to batch mode...
 In case you run from a remote ssh session, reconnect with ssh -Y
--------------------------------------------------------------------------------
>>> era          = 'UL2017'
>>> year         = 2017
>>> channel      = 'etau'
>>> modname      = 'ETauFakeRate.ModuleETau'
>>> dtype        = 'mc'
>>> kwargs       = {'dtype': 'mc', 'ees': 1.01, 'useT1': True, 'verb': 0, 'era': 'UL2017', 'year': 2017}
>>> firstevt     = 0
>>> maxevts      = None
>>> outdir       = '.'
>>> copydir      = '/eos/home-l/lvigilan/output_ETauFR_UL17_RUN1/UL2017/etau/W2JetsToLNu'
>>> infiles      = ['/eos/cms/store/group/phys_tau/TauFW/nano/UL2017/W2JetsToLNu_TuneCP5_13TeV-madgraphMLM-pythia8/RunIISummer19UL17NanoAODv2-106X_mc2017_realistic_v8-v1/NANOAODSIM/EA31E09A-6A91-A54F-8BD2-10E96C6A3A86_skimjec_0.root', '/eos/cms/store/group/phys_tau/TauFW/nano/UL2017/W2JetsToLNu_TuneCP5_13TeV-madgraphMLM-pythia8/RunIISummer19UL17NanoAODv2-106X_mc2017_realistic_v8-v1/NANOAODSIM/EA31E09A-6A91-A54F-8BD2-10E96C6A3A86_skimjec_1.root', '/eos/cms/store/group/phys_tau/TauFW/nano/UL2017/W2JetsToLNu_TuneCP5_13TeV-madgraphMLM-pythia8/RunIISummer19UL17NanoAODv2-106X_mc2017_realistic_v8-v1/NANOAODSIM/EA31E09A-6A91-A54F-8BD2-10E96C6A3A86_skimjec_2.root', '/eos/cms/store/group/phys_tau/TauFW/nano/UL2017/W2JetsToLNu_TuneCP5_13TeV-madgraphMLM-pythia8/RunIISummer19UL17NanoAODv2-106X_mc2017_realistic_v8-v1/NANOAODSIM/EA31E09A-6A91-A54F-8BD2-10E96C6A3A86_skimjec_3.root', '/eos/cms/store/group/phys_tau/TauFW/nano/UL2017/W2JetsToLNu_TuneCP5_13TeV-madgraphMLM-pythia8/RunIISummer19UL17NanoAODv2-106X_mc2017_realistic_v8-v1/NANOAODSIM/FB0CED9C-102E-0D48-8A4D-F1AFE199B6C6_skimjec_0.root']
>>> outfname     = './pico_etau_EES1p01_23.root'
>>> branchsel    = '/afs/cern.ch/work/l/lvigilan/TauWork/CMSSW_10_6_17_patch1/python/TauFW/PicoProducer/processors/keep_and_drop_skim.txt'
>>> json         = None
>>> prefetch     = False
>>> cwd          = /pool/condor/dir_9210
--------------------------------------------------------------------------------

   ################
   #  ModuleETau  #
   ################

Loading PileupWeightTool for '/afs/cern.ch/work/l/lvigilan/TauWork/CMSSW_10_6_17_patch1/src/TauFW/PicoProducer/data/pileup/Data_PileUp_UL2017_69p2.root' and '/afs/cern.ch/work/l/lvigilan/TauWork/CMSSW_10_6_17_patch1/src/TauFW/PicoProducer/data/pileup/MC_PileUp_UL2017_Summer19.root'
Loading BTagWeightTool for DeepCSV (medium WP)...
>>> BTagTool: [1m[33mWarning! [0m[33mHistogram 'etau/eff_DeepCSV_udsg_medium' does not exist in /afs/cern.ch/work/l/lvigilan/TauWork/CMSSW_10_6_17_patch1/src/TauFW/PicoProducer/data/btag/DeepCSV_2017_12Apr2017_eff.root! Reverting to default efficiency histogram...[0m
>>> BTagTool: [1m[33mWarning! [0m[33mHistogram 'etau/eff_DeepCSV_c_medium' does not exist in /afs/cern.ch/work/l/lvigilan/TauWork/CMSSW_10_6_17_patch1/src/TauFW/PicoProducer/data/btag/DeepCSV_2017_12Apr2017_eff.root! Reverting to default efficiency histogram...[0m
>>> BTagTool: [1m[33mWarning! [0m[33mHistogram 'etau/eff_DeepCSV_b_medium' does not exist in /afs/cern.ch/work/l/lvigilan/TauWork/CMSSW_10_6_17_patch1/src/TauFW/PicoProducer/data/btag/DeepCSV_2017_12Apr2017_eff.root! Reverting to default efficiency histogram...[0m
>>> BTagTool: [1m[33mWarning! [0m[33mMade use of default efficiency histograms! The b tag weights from this module should be regarded as placeholders only,
and should NOT be used for analyses. B (mis)tag efficiencies in MC are analysis dependent. Please create your own
efficiency histogram with data/btag/getBTagEfficiencies.py after running all MC samples with BTagWeightTool.[0m
Loading TreeProducerETau for './pico_etau_EES1p01_23.root'
--------------------------------------------------------------------------------
>>> filename     = './pico_etau_EES1p01_23.root'
>>> year         = 2017
>>> dtype        = 'mc'
>>> channel      = 'etau'
>>> ismc         = True
>>> isdata       = False
>>> isembed      = False
>>> tes          = 1.0
>>> tessys       = None
>>> fes          = None
>>> ltf          = None
>>> jtf          = 1.0
>>> dotoppt      = False
>>> dozpt        = False
>>> dojec        = True
>>> dojecsys     = True
>>> dotight      = False
>>> useT1        = True
>>> jetCutPt     = 30
>>> bjetCutEta   = 2.7
>>> tauwp        = 0
>>> eleCutPt     = 36
>>> eleCutEta    = 2.1
>>> tauCutPt     = 20
>>> tauCutEta    = 2.3
>>> ZpeekReso    = 0.1
Pre-select 244103 entries out of 244103 (100.00%)
Processed    10000/  244103 entries,  4.10% (elapsed time     5.1s, curr speed    1.971 kHz, avg speed    1.971 kHz), accepted       76/   10001 events ( 0.76%)
Processed    20000/  244103 entries,  8.19% (elapsed time     6.0s, curr speed   10.767 kHz, avg speed    3.332 kHz), accepted      167/   20001 events ( 0.83%)
Processed    30000/  244103 entries, 12.29% (elapsed time     6.8s, curr speed   12.485 kHz, avg speed    4.409 kHz), accepted      231/   30001 events ( 0.77%)
Processed    40000/  244103 entries, 16.39% (elapsed time     7.7s, curr speed   11.783 kHz, avg speed    5.227 kHz), accepted      300/   40001 events ( 0.75%)
Processed    50000/  244103 entries, 20.48% (elapsed time     8.4s, curr speed   12.780 kHz, avg speed    5.928 kHz), accepted      362/   50001 events ( 0.72%)
Processed    60000/  244103 entries, 24.58% (elapsed time     9.4s, curr speed   10.923 kHz, avg speed    6.417 kHz), accepted      444/   60001 events ( 0.74%)
Processed    70000/  244103 entries, 28.68% (elapsed time    10.2s, curr speed   11.502 kHz, avg speed    6.850 kHz), accepted      534/   70001 events ( 0.76%)
Processed    80000/  244103 entries, 32.77% (elapsed time    11.1s, curr speed   11.062 kHz, avg speed    7.192 kHz), accepted      631/   80001 events ( 0.79%)
Processed    90000/  244103 entries, 36.87% (elapsed time    12.0s, curr speed   10.825 kHz, avg speed    7.470 kHz), accepted      703/   90001 events ( 0.78%)
Processed   100000/  244103 entries, 40.97% (elapsed time    12.9s, curr speed   11.485 kHz, avg speed    7.741 kHz), accepted      784/  100001 events ( 0.78%)
Processed   110000/  244103 entries, 45.06% (elapsed time    13.8s, curr speed   11.159 kHz, avg speed    7.963 kHz), accepted      862/  110001 events ( 0.78%)
Processed   120000/  244103 entries, 49.16% (elapsed time    14.7s, curr speed   11.723 kHz, avg speed    8.181 kHz), accepted      939/  120001 events ( 0.78%)
Processed   130000/  244103 entries, 53.26% (elapsed time    15.6s, curr speed   10.336 kHz, avg speed    8.315 kHz), accepted     1015/  130001 events ( 0.78%)
Processed   140000/  244103 entries, 57.35% (elapsed time    16.5s, curr speed   11.915 kHz, avg speed    8.498 kHz), accepted     1094/  140001 events ( 0.78%)
Processed   150000/  244103 entries, 61.45% (elapsed time    17.3s, curr speed   11.726 kHz, avg speed    8.657 kHz), accepted     1171/  150001 events ( 0.78%)
Processed   160000/  244103 entries, 65.55% (elapsed time    18.2s, curr speed   11.799 kHz, avg speed    8.804 kHz), accepted     1238/  160001 events ( 0.77%)
Processed   170000/  244103 entries, 69.64% (elapsed time    19.1s, curr speed   11.082 kHz, avg speed    8.911 kHz), accepted     1315/  170001 events ( 0.77%)
Processed   180000/  244103 entries, 73.74% (elapsed time    20.5s, curr speed    6.873 kHz, avg speed    8.767 kHz), accepted     1393/  180001 events ( 0.77%)
Processed   190000/  244103 entries, 77.84% (elapsed time    22.2s, curr speed    6.109 kHz, avg speed    8.571 kHz), accepted     1473/  190001 events ( 0.78%)
Processed   200000/  244103 entries, 81.93% (elapsed time    23.5s, curr speed    7.629 kHz, avg speed    8.518 kHz), accepted     1546/  200001 events ( 0.77%)
Processed   210000/  244103 entries, 86.03% (elapsed time    24.7s, curr speed    8.040 kHz, avg speed    8.494 kHz), accepted     1641/  210001 events ( 0.78%)
Processed   220000/  244103 entries, 90.13% (elapsed time    26.5s, curr speed    5.492 kHz, avg speed    8.288 kHz), accepted     1713/  220001 events ( 0.78%)
Processed   230000/  244103 entries, 94.22% (elapsed time    27.9s, curr speed    7.348 kHz, avg speed    8.242 kHz), accepted     1791/  230001 events ( 0.78%)
Processed   240000/  244103 entries, 98.32% (elapsed time    29.0s, curr speed    9.565 kHz, avg speed    8.290 kHz), accepted     1889/  240001 events ( 0.79%)
Processed 244103 preselected entries from /eos/cms/store/group/phys_tau/TauFW/nano/UL2017/W2JetsToLNu_TuneCP5_13TeV-madgraphMLM-pythia8/RunIISummer19UL17NanoAODv2-106X_mc2017_realistic_v8-v1/NANOAODSIM/EA31E09A-6A91-A54F-8BD2-10E96C6A3A86_skimjec_0.root (244103 entries). Finally selected 1916 entries
Pre-select 244103 entries out of 244103 (100.00%)
Processed    10000/  244103 entries,  4.10% (elapsed time     4.2s, curr speed    2.358 kHz, avg speed    2.358 kHz), accepted       85/   10001 events ( 0.85%)
Processed    20000/  244103 entries,  8.19% (elapsed time     5.1s, curr speed   12.186 kHz, avg speed    3.952 kHz), accepted      154/   20001 events ( 0.77%)
Processed    30000/  244103 entries, 12.29% (elapsed time     5.9s, curr speed   12.212 kHz, avg speed    5.102 kHz), accepted      231/   30001 events ( 0.77%)
Processed    40000/  244103 entries, 16.39% (elapsed time     6.8s, curr speed   10.480 kHz, avg speed    5.853 kHz), accepted      318/   40001 events ( 0.79%)
Processed    50000/  244103 entries, 20.48% (elapsed time     7.7s, curr speed   12.022 kHz, avg speed    6.522 kHz), accepted      396/   50001 events ( 0.79%)
Processed    60000/  244103 entries, 24.58% (elapsed time     8.5s, curr speed   11.351 kHz, avg speed    7.020 kHz), accepted      475/   60001 events ( 0.79%)
Processed    70000/  244103 entries, 28.68% (elapsed time     9.4s, curr speed   11.993 kHz, avg speed    7.462 kHz), accepted      553/   70001 events ( 0.79%)
Processed    80000/  244103 entries, 32.77% (elapsed time    10.3s, curr speed   10.454 kHz, avg speed    7.739 kHz), accepted      656/   80001 events ( 0.82%)
Processed    90000/  244103 entries, 36.87% (elapsed time    11.3s, curr speed   10.406 kHz, avg speed    7.966 kHz), accepted      753/   90001 events ( 0.84%)
Processed   100000/  244103 entries, 40.97% (elapsed time    12.1s, curr speed   12.142 kHz, avg speed    8.249 kHz), accepted      831/  100001 events ( 0.83%)
Processed   110000/  244103 entries, 45.06% (elapsed time    13.0s, curr speed   11.365 kHz, avg speed    8.460 kHz), accepted      906/  110001 events ( 0.82%)
Processed   120000/  244103 entries, 49.16% (elapsed time    13.9s, curr speed   11.180 kHz, avg speed    8.635 kHz), accepted      992/  120001 events ( 0.83%)
Processed   130000/  244103 entries, 53.26% (elapsed time    15.2s, curr speed    7.805 kHz, avg speed    8.565 kHz), accepted     1069/  130001 events ( 0.82%)
Processed   140000/  244103 entries, 57.35% (elapsed time    16.5s, curr speed    7.477 kHz, avg speed    8.477 kHz), accepted     1158/  140001 events ( 0.83%)
Processed   150000/  244103 entries, 61.45% (elapsed time    17.5s, curr speed    9.887 kHz, avg speed    8.558 kHz), accepted     1233/  150001 events ( 0.82%)
Processed   160000/  244103 entries, 65.55% (elapsed time    18.9s, curr speed    7.056 kHz, avg speed    8.446 kHz), accepted     1325/  160001 events ( 0.83%)
Processed   170000/  244103 entries, 69.64% (elapsed time    20.2s, curr speed    7.912 kHz, avg speed    8.413 kHz), accepted     1415/  170001 events ( 0.83%)
Processed   180000/  244103 entries, 73.74% (elapsed time    21.8s, curr speed    6.317 kHz, avg speed    8.260 kHz), accepted     1507/  180001 events ( 0.84%)
Processed   190000/  244103 entries, 77.84% (elapsed time    23.1s, curr speed    7.464 kHz, avg speed    8.214 kHz), accepted     1594/  190001 events ( 0.84%)
Processed   200000/  244103 entries, 81.93% (elapsed time    25.5s, curr speed    4.166 kHz, avg speed    7.834 kHz), accepted     1686/  200001 events ( 0.84%)
Processed   210000/  244103 entries, 86.03% (elapsed time    27.3s, curr speed    5.739 kHz, avg speed    7.700 kHz), accepted     1767/  210001 events ( 0.84%)
Processed   220000/  244103 entries, 90.13% (elapsed time    28.8s, curr speed    6.584 kHz, avg speed    7.641 kHz), accepted     1865/  220001 events ( 0.85%)
Processed   230000/  244103 entries, 94.22% (elapsed time    29.7s, curr speed   10.787 kHz, avg speed    7.739 kHz), accepted     1944/  230001 events ( 0.85%)
Processed   240000/  244103 entries, 98.32% (elapsed time    30.7s, curr speed   10.256 kHz, avg speed    7.819 kHz), accepted     2031/  240001 events ( 0.85%)
Processed 244103 preselected entries from /eos/cms/store/group/phys_tau/TauFW/nano/UL2017/W2JetsToLNu_TuneCP5_13TeV-madgraphMLM-pythia8/RunIISummer19UL17NanoAODv2-106X_mc2017_realistic_v8-v1/NANOAODSIM/EA31E09A-6A91-A54F-8BD2-10E96C6A3A86_skimjec_1.root (244103 entries). Finally selected 2057 entries
Pre-select 244103 entries out of 244103 (100.00%)
Processed    10000/  244103 entries,  4.10% (elapsed time     2.6s, curr speed    3.790 kHz, avg speed    3.790 kHz), accepted       90/   10001 events ( 0.90%)
Processed    20000/  244103 entries,  8.19% (elapsed time     3.5s, curr speed   11.602 kHz, avg speed    5.714 kHz), accepted      163/   20001 events ( 0.81%)
Processed    30000/  244103 entries, 12.29% (elapsed time     4.3s, curr speed   12.528 kHz, avg speed    6.979 kHz), accepted      232/   30001 events ( 0.77%)
Processed    40000/  244103 entries, 16.39% (elapsed time     5.2s, curr speed   10.591 kHz, avg speed    7.630 kHz), accepted      326/   40001 events ( 0.81%)
Processed    50000/  244103 entries, 20.48% (elapsed time     6.1s, curr speed   12.170 kHz, avg speed    8.245 kHz), accepted      394/   50001 events ( 0.79%)
Processed    60000/  244103 entries, 24.58% (elapsed time     7.0s, curr speed   10.648 kHz, avg speed    8.567 kHz), accepted      487/   60001 events ( 0.81%)
Processed    70000/  244103 entries, 28.68% (elapsed time     7.8s, curr speed   11.840 kHz, avg speed    8.919 kHz), accepted      556/   70001 events ( 0.79%)
Processed    80000/  244103 entries, 32.77% (elapsed time     8.8s, curr speed   10.413 kHz, avg speed    9.082 kHz), accepted      634/   80001 events ( 0.79%)
Processed    90000/  244103 entries, 36.87% (elapsed time     9.7s, curr speed   10.692 kHz, avg speed    9.237 kHz), accepted      705/   90001 events ( 0.78%)
Processed   100000/  244103 entries, 40.97% (elapsed time    10.6s, curr speed   11.874 kHz, avg speed    9.446 kHz), accepted      793/  100001 events ( 0.79%)
Processed   110000/  244103 entries, 45.06% (elapsed time    11.5s, curr speed   10.884 kHz, avg speed    9.561 kHz), accepted      866/  110001 events ( 0.79%)
Processed   120000/  244103 entries, 49.16% (elapsed time    12.5s, curr speed   10.244 kHz, avg speed    9.615 kHz), accepted      964/  120001 events ( 0.80%)
Processed   130000/  244103 entries, 53.26% (elapsed time    13.7s, curr speed    8.014 kHz, avg speed    9.469 kHz), accepted     1043/  130001 events ( 0.80%)
Processed   140000/  244103 entries, 57.35% (elapsed time    14.6s, curr speed   11.931 kHz, avg speed    9.611 kHz), accepted     1120/  140001 events ( 0.80%)
Processed   150000/  244103 entries, 61.45% (elapsed time    15.5s, curr speed   11.161 kHz, avg speed    9.701 kHz), accepted     1190/  150001 events ( 0.79%)
Processed   160000/  244103 entries, 65.55% (elapsed time    16.5s, curr speed   10.074 kHz, avg speed    9.723 kHz), accepted     1284/  160001 events ( 0.80%)
Processed   170000/  244103 entries, 69.64% (elapsed time    17.5s, curr speed    9.841 kHz, avg speed    9.730 kHz), accepted     1361/  170001 events ( 0.80%)
Processed   180000/  244103 entries, 73.74% (elapsed time    18.4s, curr speed   10.980 kHz, avg speed    9.792 kHz), accepted     1426/  180001 events ( 0.79%)
Processed   190000/  244103 entries, 77.84% (elapsed time    19.3s, curr speed   11.491 kHz, avg speed    9.869 kHz), accepted     1505/  190001 events ( 0.79%)
Processed   200000/  244103 entries, 81.93% (elapsed time    20.1s, curr speed   11.362 kHz, avg speed    9.934 kHz), accepted     1584/  200001 events ( 0.79%)
Processed   210000/  244103 entries, 86.03% (elapsed time    21.0s, curr speed   11.957 kHz, avg speed   10.015 kHz), accepted     1660/  210001 events ( 0.79%)
Processed   220000/  244103 entries, 90.13% (elapsed time    21.9s, curr speed   10.637 kHz, avg speed   10.041 kHz), accepted     1747/  220001 events ( 0.79%)
Processed   230000/  244103 entries, 94.22% (elapsed time    22.8s, curr speed   11.684 kHz, avg speed   10.103 kHz), accepted     1829/  230001 events ( 0.80%)
Processed   240000/  244103 entries, 98.32% (elapsed time    23.7s, curr speed   10.918 kHz, avg speed   10.135 kHz), accepted     1911/  240001 events ( 0.80%)
Processed 244103 preselected entries from /eos/cms/store/group/phys_tau/TauFW/nano/UL2017/W2JetsToLNu_TuneCP5_13TeV-madgraphMLM-pythia8/RunIISummer19UL17NanoAODv2-106X_mc2017_realistic_v8-v1/NANOAODSIM/EA31E09A-6A91-A54F-8BD2-10E96C6A3A86_skimjec_2.root (244103 entries). Finally selected 1958 entries
Pre-select 244101 entries out of 244101 (100.00%)
Processed    10000/  244101 entries,  4.10% (elapsed time     2.7s, curr speed    3.709 kHz, avg speed    3.709 kHz), accepted       83/   10001 events ( 0.83%)
Processed    20000/  244101 entries,  8.19% (elapsed time     3.8s, curr speed    9.279 kHz, avg speed    5.300 kHz), accepted      162/   20001 events ( 0.81%)
Processed    30000/  244101 entries, 12.29% (elapsed time     4.7s, curr speed   11.261 kHz, avg speed    6.435 kHz), accepted      255/   30001 events ( 0.85%)
Processed    40000/  244101 entries, 16.39% (elapsed time     5.6s, curr speed   11.010 kHz, avg speed    7.181 kHz), accepted      339/   40001 events ( 0.85%)
Processed    50000/  244101 entries, 20.48% (elapsed time     6.5s, curr speed   11.032 kHz, avg speed    7.720 kHz), accepted      420/   50001 events ( 0.84%)
Processed    60000/  244101 entries, 24.58% (elapsed time     7.4s, curr speed   10.426 kHz, avg speed    8.069 kHz), accepted      491/   60001 events ( 0.82%)
Processed    70000/  244101 entries, 28.68% (elapsed time     8.4s, curr speed   10.824 kHz, avg speed    8.374 kHz), accepted      583/   70001 events ( 0.83%)
Processed    80000/  244101 entries, 32.77% (elapsed time     9.3s, curr speed   10.990 kHz, avg speed    8.630 kHz), accepted      666/   80001 events ( 0.83%)
Processed    90000/  244101 entries, 36.87% (elapsed time    10.2s, curr speed   10.727 kHz, avg speed    8.822 kHz), accepted      758/   90001 events ( 0.84%)
Processed   100000/  244101 entries, 40.97% (elapsed time    11.1s, curr speed   11.379 kHz, avg speed    9.025 kHz), accepted      859/  100001 events ( 0.86%)
Processed   110000/  244101 entries, 45.06% (elapsed time    12.0s, curr speed   10.860 kHz, avg speed    9.166 kHz), accepted      954/  110001 events ( 0.87%)
Processed   120000/  244101 entries, 49.16% (elapsed time    12.9s, curr speed   11.619 kHz, avg speed    9.330 kHz), accepted     1031/  120001 events ( 0.86%)
Processed   130000/  244101 entries, 53.26% (elapsed time    13.8s, curr speed   11.000 kHz, avg speed    9.440 kHz), accepted     1097/  130001 events ( 0.84%)
Processed   140000/  244101 entries, 57.35% (elapsed time    14.8s, curr speed   10.148 kHz, avg speed    9.487 kHz), accepted     1173/  140001 events ( 0.84%)
Processed   150000/  244101 entries, 61.45% (elapsed time    15.7s, curr speed   10.306 kHz, avg speed    9.538 kHz), accepted     1239/  150001 events ( 0.83%)
Processed   160000/  244101 entries, 65.55% (elapsed time    16.8s, curr speed    9.328 kHz, avg speed    9.524 kHz), accepted     1312/  160001 events ( 0.82%)
Processed   170000/  244101 entries, 69.64% (elapsed time    17.7s, curr speed   10.630 kHz, avg speed    9.583 kHz), accepted     1385/  170001 events ( 0.81%)
Processed   180000/  244101 entries, 73.74% (elapsed time    18.8s, curr speed    9.584 kHz, avg speed    9.583 kHz), accepted     1457/  180001 events ( 0.81%)
Processed   190000/  244101 entries, 77.84% (elapsed time    19.8s, curr speed    9.995 kHz, avg speed    9.604 kHz), accepted     1535/  190001 events ( 0.81%)
Processed   200000/  244101 entries, 81.93% (elapsed time    20.8s, curr speed    9.973 kHz, avg speed    9.622 kHz), accepted     1631/  200001 events ( 0.82%)
Processed   210000/  244101 entries, 86.03% (elapsed time    21.8s, curr speed    9.682 kHz, avg speed    9.625 kHz), accepted     1708/  210001 events ( 0.81%)
Processed   220000/  244101 entries, 90.13% (elapsed time    22.9s, curr speed    9.688 kHz, avg speed    9.628 kHz), accepted     1769/  220001 events ( 0.80%)
Processed   230000/  244101 entries, 94.22% (elapsed time    23.8s, curr speed   10.015 kHz, avg speed    9.644 kHz), accepted     1849/  230001 events ( 0.80%)
Processed   240000/  244101 entries, 98.32% (elapsed time    24.8s, curr speed   10.987 kHz, avg speed    9.693 kHz), accepted     1939/  240001 events ( 0.81%)
Processed 244101 preselected entries from /eos/cms/store/group/phys_tau/TauFW/nano/UL2017/W2JetsToLNu_TuneCP5_13TeV-madgraphMLM-pythia8/RunIISummer19UL17NanoAODv2-106X_mc2017_realistic_v8-v1/NANOAODSIM/EA31E09A-6A91-A54F-8BD2-10E96C6A3A86_skimjec_3.root (244101 entries). Finally selected 1982 entries
Pre-select 216263 entries out of 216263 (100.00%)
Processed    10000/  216263 entries,  4.62% (elapsed time     4.2s, curr speed    2.363 kHz, avg speed    2.363 kHz), accepted       86/   10001 events ( 0.86%)
Processed    20000/  216263 entries,  9.25% (elapsed time     5.2s, curr speed   10.730 kHz, avg speed    3.873 kHz), accepted      171/   20001 events ( 0.85%)
Processed    30000/  216263 entries, 13.87% (elapsed time     6.1s, curr speed   10.445 kHz, avg speed    4.901 kHz), accepted      255/   30001 events ( 0.85%)
Processed    40000/  216263 entries, 18.50% (elapsed time     7.2s, curr speed    9.463 kHz, avg speed    5.573 kHz), accepted      336/   40001 events ( 0.84%)
Processed    50000/  216263 entries, 23.12% (elapsed time     8.2s, curr speed   10.147 kHz, avg speed    6.125 kHz), accepted      437/   50001 events ( 0.87%)
Processed    60000/  216263 entries, 27.74% (elapsed time     9.1s, curr speed   10.348 kHz, avg speed    6.572 kHz), accepted      521/   60001 events ( 0.87%)
Processed    70000/  216263 entries, 32.37% (elapsed time    10.0s, curr speed   11.193 kHz, avg speed    6.984 kHz), accepted      590/   70001 events ( 0.84%)
Processed    80000/  216263 entries, 36.99% (elapsed time    11.0s, curr speed   10.543 kHz, avg speed    7.292 kHz), accepted      666/   80001 events ( 0.83%)
Processed    90000/  216263 entries, 41.62% (elapsed time    12.0s, curr speed   10.166 kHz, avg speed    7.528 kHz), accepted      750/   90001 events ( 0.83%)
Processed   100000/  216263 entries, 46.24% (elapsed time    12.8s, curr speed   11.637 kHz, avg speed    7.804 kHz), accepted      817/  100001 events ( 0.82%)
Processed   110000/  216263 entries, 50.86% (elapsed time    13.8s, curr speed    9.997 kHz, avg speed    7.962 kHz), accepted      900/  110001 events ( 0.82%)
Processed   120000/  216263 entries, 55.49% (elapsed time    14.7s, curr speed   11.365 kHz, avg speed    8.166 kHz), accepted      979/  120001 events ( 0.82%)
Processed   130000/  216263 entries, 60.11% (elapsed time    15.6s, curr speed   10.556 kHz, avg speed    8.311 kHz), accepted     1059/  130001 events ( 0.81%)
Processed   140000/  216263 entries, 64.74% (elapsed time    16.5s, curr speed   11.057 kHz, avg speed    8.461 kHz), accepted     1133/  140001 events ( 0.81%)
Processed   150000/  216263 entries, 69.36% (elapsed time    18.5s, curr speed    5.070 kHz, avg speed    8.100 kHz), accepted     1214/  150001 events ( 0.81%)
Processed   160000/  216263 entries, 73.98% (elapsed time    20.0s, curr speed    6.980 kHz, avg speed    8.020 kHz), accepted     1303/  160001 events ( 0.81%)
Processed   170000/  216263 entries, 78.61% (elapsed time    21.6s, curr speed    5.903 kHz, avg speed    7.854 kHz), accepted     1371/  170001 events ( 0.81%)
Processed   180000/  216263 entries, 83.23% (elapsed time    23.1s, curr speed    7.094 kHz, avg speed    7.807 kHz), accepted     1471/  180001 events ( 0.82%)
Processed   190000/  216263 entries, 87.86% (elapsed time    24.2s, curr speed    8.825 kHz, avg speed    7.855 kHz), accepted     1549/  190001 events ( 0.82%)
Processed   200000/  216263 entries, 92.48% (elapsed time    25.4s, curr speed    8.197 kHz, avg speed    7.872 kHz), accepted     1636/  200001 events ( 0.82%)
Processed   210000/  216263 entries, 97.10% (elapsed time    26.5s, curr speed    8.874 kHz, avg speed    7.914 kHz), accepted     1727/  210001 events ( 0.82%)
Processed 216263 preselected entries from /eos/cms/store/group/phys_tau/TauFW/nano/UL2017/W2JetsToLNu_TuneCP5_13TeV-madgraphMLM-pythia8/RunIISummer19UL17NanoAODv2-106X_mc2017_realistic_v8-v1/NANOAODSIM/FB0CED9C-102E-0D48-8A4D-F1AFE199B6C6_skimjec_0.root (216263 entries). Finally selected 1777 entries
Total time 138.4 sec. to process 1192673 events. Rate = 8620.7 Hz.
>>> cwd          = /pool/condor/dir_9210
>>> ls           = ['condor_exec.exe', '.chirp.config', '_condor_stdout', 'var', 'tmp', 'pico_etau_EES1p01_23.root', '.machine.ad', '.update.ad', '.job.ad', 'lvigilan.cc', 'x509_voms']
>>> getstorage('/eos/home-l/lvigilan/output_ETauFR_UL17_RUN1/UL2017/etau/W2JetsToLNu'), <EOS("/eos/home-l/lvigilan/output_ETauFR_UL17_RUN1/UL2017/etau/W2JetsToLNu") at 0x2b2464298910>
>>> Executing: 'cp ./pico_etau_EES1p01_23.root /eos/home-l/lvigilan/output_ETauFR_UL17_RUN1/UL2017/etau/W2JetsToLNu'
>>> Removing './pico_etau_EES1p01_23.root'...
>>> picojob.py done after 149.9 seconds

Job complete at Tue Jun  8 10:17:00 CEST 2021
Took 2 minutes 31 seconds040 (2368944.023.000) 06/08 10:17:00 Finished transferring output files
...
005 (2368944.023.000) 06/08 10:17:00 Job terminated.
	(1) Normal termination (return value 0)
		Usr 0 00:01:49, Sys 0 00:00:04  -  Run Remote Usage
		Usr 0 00:00:00, Sys 0 00:00:00  -  Run Local Usage
		Usr 0 00:01:49, Sys 0 00:00:04  -  Total Remote Usage
		Usr 0 00:00:00, Sys 0 00:00:00  -  Total Local Usage
	36536  -  Run Bytes Sent By Job
	9926  -  Run Bytes Received By Job
	36536  -  Total Bytes Sent By Job
	9926  -  Total Bytes Received By Job
	Partitionable Resources :    Usage  Request Allocated 
	   Cpus                 :     0.72        1         1 
	   Disk (KB)            :   104           1    275694 
	   Memory (MB)          :   196        2000      2000 

	Job terminated of its own accord at 2021-06-08T08:17:00Z.
...
