Could not find platform independent libraries <prefix>
Could not find platform dependent libraries <exec_prefix>
Consider setting $PYTHONHOME to <prefix>[:<exec_prefix>]
ImportError: No module named site
Job start at Mon Jun  7 19:02:06 CEST 2021
Running job on machine Linux b7s12n1107.cern.ch 3.10.0-1160.21.1.el7.x86_64 #1 SMP Tue Mar 16 18:28:22 UTC 2021 x86_64 x86_64 x86_64 GNU/Linux, host b7s12n1107.cern.ch
============================================================
$PWD=/pool/condor/dir_17637
$JOBID=2367592
$TASKID=63
$HOSTNAME=b7s12n1107.cern.ch
$TASKCMD=/afs/cern.ch/work/l/lvigilan/TauWork/CMSSW_10_6_17_patch1/src/TauFW/PicoProducer/python/processors/picojob.py -y UL2017 -d 'mc' -c etau -M ETauFakeRate.ModuleETau --copydir /eos/home-l/lvigilan/output_ETauFR_UL17_RUN1/UL2017/etau/TTToSemiLeptonic -t _etau_63 --opt 'useT1=True' 'toppt=True' -i /eos/cms/store/group/phys_tau/TauFW/nano/UL2017/TTToSemiLeptonic_TuneCP5_13TeV-powheg-pythia8/RunIISummer19UL17NanoAODv2-106X_mc2017_realistic_v8-v1/NANOAODSIM/9F9E6906-6997-E745-AFA0-878E3167FB1F_skimjec_1.root /eos/cms/store/group/phys_tau/TauFW/nano/UL2017/TTToSemiLeptonic_TuneCP5_13TeV-powheg-pythia8/RunIISummer19UL17NanoAODv2-106X_mc2017_realistic_v8-v1/NANOAODSIM/9F9E6906-6997-E745-AFA0-878E3167FB1F_skimjec_2.root /eos/cms/store/group/phys_tau/TauFW/nano/UL2017/TTToSemiLeptonic_TuneCP5_13TeV-powheg-pythia8/RunIISummer19UL17NanoAODv2-106X_mc2017_realistic_v8-v1/NANOAODSIM/9F9E6906-6997-E745-AFA0-878E3167FB1F_skimjec_3.root /eos/cms/store/group/phys_tau/TauFW/nano/UL2017/TTToSemiLeptonic_TuneCP5_13TeV-powheg-pythia8/RunIISummer19UL17NanoAODv2-106X_mc2017_realistic_v8-v1/NANOAODSIM/A68A4C35-4EC2-F346-9C9C-3D8566A0C40D_skimjec_0.root /eos/cms/store/group/phys_tau/TauFW/nano/UL2017/TTToSemiLeptonic_TuneCP5_13TeV-powheg-pythia8/RunIISummer19UL17NanoAODv2-106X_mc2017_realistic_v8-v1/NANOAODSIM/A68A4C35-4EC2-F346-9C9C-3D8566A0C40D_skimjec_1.root
$WORKDIR=/pool/condor/dir_17637
>>> cd /afs/cern.ch/work/l/lvigilan/TauWork/CMSSW_10_6_17_patch1/src
>>> eval `scramv1 runtime -sh`
>>> cd /pool/condor/dir_17637
$PWD=/pool/condor/dir_17637
>>> /afs/cern.ch/work/l/lvigilan/TauWork/CMSSW_10_6_17_patch1/src/TauFW/PicoProducer/python/processors/picojob.py -y UL2017 -d 'mc' -c etau -M ETauFakeRate.ModuleETau --copydir /eos/home-l/lvigilan/output_ETauFR_UL17_RUN1/UL2017/etau/TTToSemiLeptonic -t _etau_63 --opt 'useT1=True' 'toppt=True' -i /eos/cms/store/group/phys_tau/TauFW/nano/UL2017/TTToSemiLeptonic_TuneCP5_13TeV-powheg-pythia8/RunIISummer19UL17NanoAODv2-106X_mc2017_realistic_v8-v1/NANOAODSIM/9F9E6906-6997-E745-AFA0-878E3167FB1F_skimjec_1.root /eos/cms/store/group/phys_tau/TauFW/nano/UL2017/TTToSemiLeptonic_TuneCP5_13TeV-powheg-pythia8/RunIISummer19UL17NanoAODv2-106X_mc2017_realistic_v8-v1/NANOAODSIM/9F9E6906-6997-E745-AFA0-878E3167FB1F_skimjec_2.root /eos/cms/store/group/phys_tau/TauFW/nano/UL2017/TTToSemiLeptonic_TuneCP5_13TeV-powheg-pythia8/RunIISummer19UL17NanoAODv2-106X_mc2017_realistic_v8-v1/NANOAODSIM/9F9E6906-6997-E745-AFA0-878E3167FB1F_skimjec_3.root /eos/cms/store/group/phys_tau/TauFW/nano/UL2017/TTToSemiLeptonic_TuneCP5_13TeV-powheg-pythia8/RunIISummer19UL17NanoAODv2-106X_mc2017_realistic_v8-v1/NANOAODSIM/A68A4C35-4EC2-F346-9C9C-3D8566A0C40D_skimjec_0.root /eos/cms/store/group/phys_tau/TauFW/nano/UL2017/TTToSemiLeptonic_TuneCP5_13TeV-powheg-pythia8/RunIISummer19UL17NanoAODv2-106X_mc2017_realistic_v8-v1/NANOAODSIM/A68A4C35-4EC2-F346-9C9C-3D8566A0C40D_skimjec_1.root
Error in <TGClient::TGClient>: can't open display "localhost:19.0", switching to batch mode...
 In case you run from a remote ssh session, reconnect with ssh -Y
--------------------------------------------------------------------------------
>>> era          = 'UL2017'
>>> year         = 2017
>>> channel      = 'etau'
>>> modname      = 'ETauFakeRate.ModuleETau'
>>> dtype        = 'mc'
>>> kwargs       = {'dtype': 'mc', 'toppt': True, 'useT1': True, 'verb': 0, 'era': 'UL2017', 'year': 2017}
>>> firstevt     = 0
>>> maxevts      = None
>>> outdir       = '.'
>>> copydir      = '/eos/home-l/lvigilan/output_ETauFR_UL17_RUN1/UL2017/etau/TTToSemiLeptonic'
>>> infiles      = ['/eos/cms/store/group/phys_tau/TauFW/nano/UL2017/TTToSemiLeptonic_TuneCP5_13TeV-powheg-pythia8/RunIISummer19UL17NanoAODv2-106X_mc2017_realistic_v8-v1/NANOAODSIM/9F9E6906-6997-E745-AFA0-878E3167FB1F_skimjec_1.root', '/eos/cms/store/group/phys_tau/TauFW/nano/UL2017/TTToSemiLeptonic_TuneCP5_13TeV-powheg-pythia8/RunIISummer19UL17NanoAODv2-106X_mc2017_realistic_v8-v1/NANOAODSIM/9F9E6906-6997-E745-AFA0-878E3167FB1F_skimjec_2.root', '/eos/cms/store/group/phys_tau/TauFW/nano/UL2017/TTToSemiLeptonic_TuneCP5_13TeV-powheg-pythia8/RunIISummer19UL17NanoAODv2-106X_mc2017_realistic_v8-v1/NANOAODSIM/9F9E6906-6997-E745-AFA0-878E3167FB1F_skimjec_3.root', '/eos/cms/store/group/phys_tau/TauFW/nano/UL2017/TTToSemiLeptonic_TuneCP5_13TeV-powheg-pythia8/RunIISummer19UL17NanoAODv2-106X_mc2017_realistic_v8-v1/NANOAODSIM/A68A4C35-4EC2-F346-9C9C-3D8566A0C40D_skimjec_0.root', '/eos/cms/store/group/phys_tau/TauFW/nano/UL2017/TTToSemiLeptonic_TuneCP5_13TeV-powheg-pythia8/RunIISummer19UL17NanoAODv2-106X_mc2017_realistic_v8-v1/NANOAODSIM/A68A4C35-4EC2-F346-9C9C-3D8566A0C40D_skimjec_1.root']
>>> outfname     = './pico_etau_63.root'
>>> branchsel    = '/afs/cern.ch/work/l/lvigilan/TauWork/CMSSW_10_6_17_patch1/python/TauFW/PicoProducer/processors/keep_and_drop_skim.txt'
>>> json         = None
>>> prefetch     = False
>>> cwd          = /pool/condor/dir_17637
--------------------------------------------------------------------------------

   ################
   #  ModuleETau  #
   ################

Loading PileupWeightTool for '/afs/cern.ch/work/l/lvigilan/TauWork/CMSSW_10_6_17_patch1/src/TauFW/PicoProducer/data/pileup/Data_PileUp_UL2017_69p2.root' and '/afs/cern.ch/work/l/lvigilan/TauWork/CMSSW_10_6_17_patch1/src/TauFW/PicoProducer/data/pileup/MC_PileUp_UL2017_Summer19.root'
Loading BTagWeightTool for DeepCSV (medium WP)...
>>> BTagTool: [1m[33mWarning! [0m[33mHistogram 'etau/eff_DeepCSV_udsg_medium' does not exist in /afs/cern.ch/work/l/lvigilan/TauWork/CMSSW_10_6_17_patch1/src/TauFW/PicoProducer/data/btag/DeepCSV_2017_12Apr2017_eff.root! Reverting to default efficiency histogram...[0m
>>> BTagTool: [1m[33mWarning! [0m[33mHistogram 'etau/eff_DeepCSV_c_medium' does not exist in /afs/cern.ch/work/l/lvigilan/TauWork/CMSSW_10_6_17_patch1/src/TauFW/PicoProducer/data/btag/DeepCSV_2017_12Apr2017_eff.root! Reverting to default efficiency histogram...[0m
>>> BTagTool: [1m[33mWarning! [0m[33mHistogram 'etau/eff_DeepCSV_b_medium' does not exist in /afs/cern.ch/work/l/lvigilan/TauWork/CMSSW_10_6_17_patch1/src/TauFW/PicoProducer/data/btag/DeepCSV_2017_12Apr2017_eff.root! Reverting to default efficiency histogram...[0m
>>> BTagTool: [1m[33mWarning! [0m[33mMade use of default efficiency histograms! The b tag weights from this module should be regarded as placeholders only,
and should NOT be used for analyses. B (mis)tag efficiencies in MC are analysis dependent. Please create your own
efficiency histogram with data/btag/getBTagEfficiencies.py after running all MC samples with BTagWeightTool.[0m
Loading TreeProducerETau for './pico_etau_63.root'
--------------------------------------------------------------------------------
>>> filename     = './pico_etau_63.root'
>>> year         = 2017
>>> dtype        = 'mc'
>>> channel      = 'etau'
>>> ismc         = True
>>> isdata       = False
>>> isembed      = False
>>> tes          = 1.0
>>> tessys       = None
>>> fes          = None
>>> ltf          = None
>>> jtf          = 1.0
>>> dotoppt      = True
>>> dozpt        = False
>>> dojec        = True
>>> dojecsys     = True
>>> dotight      = False
>>> useT1        = True
>>> jetCutPt     = 30
>>> bjetCutEta   = 2.7
>>> tauwp        = 0
>>> eleCutPt     = 36
>>> eleCutEta    = 2.1
>>> tauCutPt     = 20
>>> tauCutEta    = 2.3
>>> ZpeekReso    = 0.1
Pre-select 249975 entries out of 249975 (100.00%)
Processed    10000/  249975 entries,  4.00% (elapsed time     6.6s, curr speed    1.520 kHz, avg speed    1.520 kHz), accepted      368/   10001 events ( 3.68%)
Processed    20000/  249975 entries,  8.00% (elapsed time    11.3s, curr speed    2.104 kHz, avg speed    1.765 kHz), accepted      802/   20001 events ( 4.01%)
Processed    30000/  249975 entries, 12.00% (elapsed time    14.5s, curr speed    3.109 kHz, avg speed    2.062 kHz), accepted     1187/   30001 events ( 3.96%)
Processed    40000/  249975 entries, 16.00% (elapsed time    18.0s, curr speed    2.868 kHz, avg speed    2.218 kHz), accepted     1622/   40001 events ( 4.05%)
Processed    50000/  249975 entries, 20.00% (elapsed time    21.2s, curr speed    3.142 kHz, avg speed    2.357 kHz), accepted     2045/   50001 events ( 4.09%)
Processed    60000/  249975 entries, 24.00% (elapsed time    24.0s, curr speed    3.563 kHz, avg speed    2.498 kHz), accepted     2441/   60001 events ( 4.07%)
Processed    70000/  249975 entries, 28.00% (elapsed time    27.0s, curr speed    3.382 kHz, avg speed    2.595 kHz), accepted     2845/   70001 events ( 4.06%)
Processed    80000/  249975 entries, 32.00% (elapsed time    29.9s, curr speed    3.372 kHz, avg speed    2.672 kHz), accepted     3262/   80001 events ( 4.08%)
Processed    90000/  249975 entries, 36.00% (elapsed time    32.8s, curr speed    3.484 kHz, avg speed    2.743 kHz), accepted     3652/   90001 events ( 4.06%)
Processed   100000/  249975 entries, 40.00% (elapsed time    35.5s, curr speed    3.767 kHz, avg speed    2.819 kHz), accepted     4057/  100001 events ( 4.06%)
Processed   110000/  249975 entries, 44.00% (elapsed time    38.4s, curr speed    3.416 kHz, avg speed    2.865 kHz), accepted     4478/  110001 events ( 4.07%)
Processed   120000/  249975 entries, 48.00% (elapsed time    41.3s, curr speed    3.424 kHz, avg speed    2.904 kHz), accepted     4891/  120001 events ( 4.08%)
Processed   130000/  249975 entries, 52.01% (elapsed time    44.6s, curr speed    3.088 kHz, avg speed    2.918 kHz), accepted     5282/  130001 events ( 4.06%)
Processed   140000/  249975 entries, 56.01% (elapsed time    47.2s, curr speed    3.726 kHz, avg speed    2.964 kHz), accepted     5689/  140001 events ( 4.06%)
Processed   150000/  249975 entries, 60.01% (elapsed time    50.1s, curr speed    3.449 kHz, avg speed    2.992 kHz), accepted     6083/  150001 events ( 4.06%)
Processed   160000/  249975 entries, 64.01% (elapsed time    52.9s, curr speed    3.559 kHz, avg speed    3.022 kHz), accepted     6488/  160001 events ( 4.05%)
Processed   170000/  249975 entries, 68.01% (elapsed time    56.0s, curr speed    3.271 kHz, avg speed    3.035 kHz), accepted     6904/  170001 events ( 4.06%)
Processed   180000/  249975 entries, 72.01% (elapsed time    58.8s, curr speed    3.608 kHz, avg speed    3.062 kHz), accepted     7285/  180001 events ( 4.05%)
Processed   190000/  249975 entries, 76.01% (elapsed time    61.5s, curr speed    3.680 kHz, avg speed    3.090 kHz), accepted     7711/  190001 events ( 4.06%)
Processed   200000/  249975 entries, 80.01% (elapsed time    64.4s, curr speed    3.448 kHz, avg speed    3.106 kHz), accepted     8122/  200001 events ( 4.06%)
Processed   210000/  249975 entries, 84.01% (elapsed time    67.2s, curr speed    3.622 kHz, avg speed    3.127 kHz), accepted     8523/  210001 events ( 4.06%)
Processed   220000/  249975 entries, 88.01% (elapsed time    70.0s, curr speed    3.502 kHz, avg speed    3.142 kHz), accepted     8930/  220001 events ( 4.06%)
Processed   230000/  249975 entries, 92.01% (elapsed time    73.0s, curr speed    3.325 kHz, avg speed    3.150 kHz), accepted     9342/  230001 events ( 4.06%)
Processed   240000/  249975 entries, 96.01% (elapsed time    75.8s, curr speed    3.594 kHz, avg speed    3.166 kHz), accepted     9741/  240001 events ( 4.06%)
Processed 249975 preselected entries from /eos/cms/store/group/phys_tau/TauFW/nano/UL2017/TTToSemiLeptonic_TuneCP5_13TeV-powheg-pythia8/RunIISummer19UL17NanoAODv2-106X_mc2017_realistic_v8-v1/NANOAODSIM/9F9E6906-6997-E745-AFA0-878E3167FB1F_skimjec_1.root (249975 entries). Finally selected 10134 entries
Pre-select 249975 entries out of 249975 (100.00%)
Processed    10000/  249975 entries,  4.00% (elapsed time     5.8s, curr speed    1.722 kHz, avg speed    1.722 kHz), accepted      382/   10001 events ( 3.82%)
Processed    20000/  249975 entries,  8.00% (elapsed time     9.9s, curr speed    2.443 kHz, avg speed    2.020 kHz), accepted      833/   20001 events ( 4.16%)
Processed    30000/  249975 entries, 12.00% (elapsed time    12.4s, curr speed    4.018 kHz, avg speed    2.422 kHz), accepted     1202/   30001 events ( 4.01%)
Processed    40000/  249975 entries, 16.00% (elapsed time    14.9s, curr speed    3.942 kHz, avg speed    2.680 kHz), accepted     1585/   40001 events ( 3.96%)
Processed    50000/  249975 entries, 20.00% (elapsed time    17.7s, curr speed    3.628 kHz, avg speed    2.828 kHz), accepted     1976/   50001 events ( 3.95%)
Processed    60000/  249975 entries, 24.00% (elapsed time    20.4s, curr speed    3.648 kHz, avg speed    2.938 kHz), accepted     2353/   60001 events ( 3.92%)
Processed    70000/  249975 entries, 28.00% (elapsed time    23.2s, curr speed    3.658 kHz, avg speed    3.023 kHz), accepted     2734/   70001 events ( 3.91%)
Processed    80000/  249975 entries, 32.00% (elapsed time    26.2s, curr speed    3.302 kHz, avg speed    3.055 kHz), accepted     3119/   80001 events ( 3.90%)
Processed    90000/  249975 entries, 36.00% (elapsed time    29.2s, curr speed    3.267 kHz, avg speed    3.077 kHz), accepted     3502/   90001 events ( 3.89%)
Processed   100000/  249975 entries, 40.00% (elapsed time    33.2s, curr speed    2.516 kHz, avg speed    3.010 kHz), accepted     3894/  100001 events ( 3.89%)
Processed   110000/  249975 entries, 44.00% (elapsed time    36.6s, curr speed    2.997 kHz, avg speed    3.009 kHz), accepted     4280/  110001 events ( 3.89%)
Processed   120000/  249975 entries, 48.00% (elapsed time    39.3s, curr speed    3.593 kHz, avg speed    3.050 kHz), accepted     4667/  120001 events ( 3.89%)
Processed   130000/  249975 entries, 52.01% (elapsed time    42.3s, curr speed    3.365 kHz, avg speed    3.072 kHz), accepted     5051/  130001 events ( 3.89%)
Processed   140000/  249975 entries, 56.01% (elapsed time    45.0s, curr speed    3.764 kHz, avg speed    3.113 kHz), accepted     5430/  140001 events ( 3.88%)
Processed   150000/  249975 entries, 60.01% (elapsed time    47.8s, curr speed    3.582 kHz, avg speed    3.141 kHz), accepted     5809/  150001 events ( 3.87%)
Processed   160000/  249975 entries, 64.01% (elapsed time    50.7s, curr speed    3.452 kHz, avg speed    3.158 kHz), accepted     6237/  160001 events ( 3.90%)
Processed   170000/  249975 entries, 68.01% (elapsed time    53.4s, curr speed    3.700 kHz, avg speed    3.186 kHz), accepted     6633/  170001 events ( 3.90%)
Processed   180000/  249975 entries, 72.01% (elapsed time    55.8s, curr speed    4.109 kHz, avg speed    3.226 kHz), accepted     7031/  180001 events ( 3.91%)
Processed   190000/  249975 entries, 76.01% (elapsed time    58.6s, curr speed    3.516 kHz, avg speed    3.240 kHz), accepted     7448/  190001 events ( 3.92%)
Processed   200000/  249975 entries, 80.01% (elapsed time    61.6s, curr speed    3.353 kHz, avg speed    3.246 kHz), accepted     7876/  200001 events ( 3.94%)
Processed   210000/  249975 entries, 84.01% (elapsed time    64.2s, curr speed    3.951 kHz, avg speed    3.273 kHz), accepted     8264/  210001 events ( 3.94%)
Processed   220000/  249975 entries, 88.01% (elapsed time    67.3s, curr speed    3.187 kHz, avg speed    3.269 kHz), accepted     8633/  220001 events ( 3.92%)
Processed   230000/  249975 entries, 92.01% (elapsed time    69.9s, curr speed    3.768 kHz, avg speed    3.288 kHz), accepted     9081/  230001 events ( 3.95%)
Processed   240000/  249975 entries, 96.01% (elapsed time    72.6s, curr speed    3.702 kHz, avg speed    3.304 kHz), accepted     9507/  240001 events ( 3.96%)
Processed 249975 preselected entries from /eos/cms/store/group/phys_tau/TauFW/nano/UL2017/TTToSemiLeptonic_TuneCP5_13TeV-powheg-pythia8/RunIISummer19UL17NanoAODv2-106X_mc2017_realistic_v8-v1/NANOAODSIM/9F9E6906-6997-E745-AFA0-878E3167FB1F_skimjec_2.root (249975 entries). Finally selected 9898 entries
Pre-select 249975 entries out of 249975 (100.00%)
Processed    10000/  249975 entries,  4.00% (elapsed time     6.6s, curr speed    1.520 kHz, avg speed    1.520 kHz), accepted      393/   10001 events ( 3.93%)
Processed    20000/  249975 entries,  8.00% (elapsed time     9.3s, curr speed    3.689 kHz, avg speed    2.153 kHz), accepted      798/   20001 events ( 3.99%)
Processed    30000/  249975 entries, 12.00% (elapsed time    13.0s, curr speed    2.676 kHz, avg speed    2.303 kHz), accepted     1192/   30001 events ( 3.97%)
Processed    40000/  249975 entries, 16.00% (elapsed time    15.7s, curr speed    3.700 kHz, avg speed    2.543 kHz), accepted     1573/   40001 events ( 3.93%)
Processed    50000/  249975 entries, 20.00% (elapsed time    18.6s, curr speed    3.541 kHz, avg speed    2.695 kHz), accepted     2001/   50001 events ( 4.00%)
Processed    60000/  249975 entries, 24.00% (elapsed time    21.4s, curr speed    3.475 kHz, avg speed    2.800 kHz), accepted     2379/   60001 events ( 3.96%)
Processed    70000/  249975 entries, 28.00% (elapsed time    24.2s, curr speed    3.644 kHz, avg speed    2.895 kHz), accepted     2795/   70001 events ( 3.99%)
Processed    80000/  249975 entries, 32.00% (elapsed time    26.8s, curr speed    3.788 kHz, avg speed    2.983 kHz), accepted     3186/   80001 events ( 3.98%)
Processed    90000/  249975 entries, 36.00% (elapsed time    29.8s, curr speed    3.352 kHz, avg speed    3.020 kHz), accepted     3596/   90001 events ( 4.00%)
Processed   100000/  249975 entries, 40.00% (elapsed time    32.8s, curr speed    3.280 kHz, avg speed    3.044 kHz), accepted     3985/  100001 events ( 3.98%)
Processed   110000/  249975 entries, 44.00% (elapsed time    36.0s, curr speed    3.172 kHz, avg speed    3.056 kHz), accepted     4373/  110001 events ( 3.98%)
Processed   120000/  249975 entries, 48.00% (elapsed time    38.7s, curr speed    3.725 kHz, avg speed    3.102 kHz), accepted     4767/  120001 events ( 3.97%)
Processed   130000/  249975 entries, 52.01% (elapsed time    41.6s, curr speed    3.379 kHz, avg speed    3.122 kHz), accepted     5139/  130001 events ( 3.95%)
Processed   140000/  249975 entries, 56.01% (elapsed time    44.4s, curr speed    3.608 kHz, avg speed    3.152 kHz), accepted     5524/  140001 events ( 3.95%)
Processed   150000/  249975 entries, 60.01% (elapsed time    47.1s, curr speed    3.729 kHz, avg speed    3.185 kHz), accepted     5897/  150001 events ( 3.93%)
Processed   160000/  249975 entries, 64.01% (elapsed time    49.8s, curr speed    3.687 kHz, avg speed    3.212 kHz), accepted     6299/  160001 events ( 3.94%)
Processed   170000/  249975 entries, 68.01% (elapsed time    53.0s, curr speed    3.135 kHz, avg speed    3.208 kHz), accepted     6705/  170001 events ( 3.94%)
Processed   180000/  249975 entries, 72.01% (elapsed time    55.9s, curr speed    3.449 kHz, avg speed    3.220 kHz), accepted     7112/  180001 events ( 3.95%)
Processed   190000/  249975 entries, 76.01% (elapsed time    58.5s, curr speed    3.799 kHz, avg speed    3.246 kHz), accepted     7500/  190001 events ( 3.95%)
Processed   200000/  249975 entries, 80.01% (elapsed time    61.4s, curr speed    3.531 kHz, avg speed    3.259 kHz), accepted     7924/  200001 events ( 3.96%)
Processed   210000/  249975 entries, 84.01% (elapsed time    64.0s, curr speed    3.786 kHz, avg speed    3.281 kHz), accepted     8322/  210001 events ( 3.96%)
Processed   220000/  249975 entries, 88.01% (elapsed time    67.2s, curr speed    3.129 kHz, avg speed    3.274 kHz), accepted     8755/  220001 events ( 3.98%)
Processed   230000/  249975 entries, 92.01% (elapsed time    69.9s, curr speed    3.656 kHz, avg speed    3.289 kHz), accepted     9158/  230001 events ( 3.98%)
Processed   240000/  249975 entries, 96.01% (elapsed time    73.0s, curr speed    3.267 kHz, avg speed    3.288 kHz), accepted     9553/  240001 events ( 3.98%)
Processed 249975 preselected entries from /eos/cms/store/group/phys_tau/TauFW/nano/UL2017/TTToSemiLeptonic_TuneCP5_13TeV-powheg-pythia8/RunIISummer19UL17NanoAODv2-106X_mc2017_realistic_v8-v1/NANOAODSIM/9F9E6906-6997-E745-AFA0-878E3167FB1F_skimjec_3.root (249975 entries). Finally selected 9907 entries
Pre-select 240450 entries out of 240450 (100.00%)
Processed    10000/  240450 entries,  4.16% (elapsed time     5.0s, curr speed    1.982 kHz, avg speed    1.982 kHz), accepted      407/   10001 events ( 4.07%)
Processed    20000/  240450 entries,  8.32% (elapsed time     9.0s, curr speed    2.526 kHz, avg speed    2.221 kHz), accepted      829/   20001 events ( 4.14%)
Processed    30000/  240450 entries, 12.48% (elapsed time    12.2s, curr speed    3.129 kHz, avg speed    2.459 kHz), accepted     1238/   30001 events ( 4.13%)
Processed    40000/  240450 entries, 16.64% (elapsed time    18.1s, curr speed    1.697 kHz, avg speed    2.211 kHz), accepted     1670/   40001 events ( 4.17%)
Processed    50000/  240450 entries, 20.79% (elapsed time    21.4s, curr speed    2.997 kHz, avg speed    2.333 kHz), accepted     2064/   50001 events ( 4.13%)
Processed    60000/  240450 entries, 24.95% (elapsed time    25.3s, curr speed    2.595 kHz, avg speed    2.373 kHz), accepted     2456/   60001 events ( 4.09%)
Processed    70000/  240450 entries, 29.11% (elapsed time    29.8s, curr speed    2.213 kHz, avg speed    2.349 kHz), accepted     2849/   70001 events ( 4.07%)
Processed    80000/  240450 entries, 33.27% (elapsed time    33.6s, curr speed    2.602 kHz, avg speed    2.378 kHz), accepted     3229/   80001 events ( 4.04%)
Processed    90000/  240450 entries, 37.43% (elapsed time    37.8s, curr speed    2.408 kHz, avg speed    2.381 kHz), accepted     3651/   90001 events ( 4.06%)
Processed   100000/  240450 entries, 41.59% (elapsed time    41.7s, curr speed    2.590 kHz, avg speed    2.400 kHz), accepted     4050/  100001 events ( 4.05%)
Processed   110000/  240450 entries, 45.75% (elapsed time    45.2s, curr speed    2.811 kHz, avg speed    2.433 kHz), accepted     4461/  110001 events ( 4.06%)
Processed   120000/  240450 entries, 49.91% (elapsed time    48.7s, curr speed    2.911 kHz, avg speed    2.466 kHz), accepted     4894/  120001 events ( 4.08%)
Processed   130000/  240450 entries, 54.07% (elapsed time    51.4s, curr speed    3.684 kHz, avg speed    2.531 kHz), accepted     5293/  130001 events ( 4.07%)
Processed   140000/  240450 entries, 58.22% (elapsed time    53.9s, curr speed    3.875 kHz, avg speed    2.595 kHz), accepted     5655/  140001 events ( 4.04%)
Processed   150000/  240450 entries, 62.38% (elapsed time    56.4s, curr speed    4.159 kHz, avg speed    2.662 kHz), accepted     6051/  150001 events ( 4.03%)
Processed   160000/  240450 entries, 66.54% (elapsed time    59.0s, curr speed    3.817 kHz, avg speed    2.713 kHz), accepted     6453/  160001 events ( 4.03%)
Processed   170000/  240450 entries, 70.70% (elapsed time    61.7s, curr speed    3.698 kHz, avg speed    2.756 kHz), accepted     6874/  170001 events ( 4.04%)
Processed   180000/  240450 entries, 74.86% (elapsed time    64.7s, curr speed    3.319 kHz, avg speed    2.783 kHz), accepted     7273/  180001 events ( 4.04%)
Processed   190000/  240450 entries, 79.02% (elapsed time    67.8s, curr speed    3.248 kHz, avg speed    2.804 kHz), accepted     7640/  190001 events ( 4.02%)
Processed   200000/  240450 entries, 83.18% (elapsed time    70.7s, curr speed    3.366 kHz, avg speed    2.827 kHz), accepted     8030/  200001 events ( 4.01%)
Processed   210000/  240450 entries, 87.34% (elapsed time    74.0s, curr speed    3.042 kHz, avg speed    2.837 kHz), accepted     8438/  210001 events ( 4.02%)
Processed   220000/  240450 entries, 91.50% (elapsed time    76.6s, curr speed    3.931 kHz, avg speed    2.873 kHz), accepted     8797/  220001 events ( 4.00%)
Processed   230000/  240450 entries, 95.65% (elapsed time    79.5s, curr speed    3.468 kHz, avg speed    2.895 kHz), accepted     9186/  230001 events ( 3.99%)
Processed   240000/  240450 entries, 99.81% (elapsed time    81.9s, curr speed    4.043 kHz, avg speed    2.930 kHz), accepted     9570/  240001 events ( 3.99%)
Processed 240450 preselected entries from /eos/cms/store/group/phys_tau/TauFW/nano/UL2017/TTToSemiLeptonic_TuneCP5_13TeV-powheg-pythia8/RunIISummer19UL17NanoAODv2-106X_mc2017_realistic_v8-v1/NANOAODSIM/A68A4C35-4EC2-F346-9C9C-3D8566A0C40D_skimjec_0.root (240450 entries). Finally selected 9588 entries
Pre-select 240450 entries out of 240450 (100.00%)
Processed    10000/  240450 entries,  4.16% (elapsed time     6.0s, curr speed    1.655 kHz, avg speed    1.655 kHz), accepted      396/   10001 events ( 3.96%)
Processed    20000/  240450 entries,  8.32% (elapsed time    10.4s, curr speed    2.297 kHz, avg speed    1.924 kHz), accepted      789/   20001 events ( 3.94%)
Processed    30000/  240450 entries, 12.48% (elapsed time    13.8s, curr speed    2.921 kHz, avg speed    2.171 kHz), accepted     1168/   30001 events ( 3.89%)
Processed    40000/  240450 entries, 16.64% (elapsed time    17.4s, curr speed    2.832 kHz, avg speed    2.305 kHz), accepted     1589/   40001 events ( 3.97%)
Processed    50000/  240450 entries, 20.79% (elapsed time    22.1s, curr speed    2.094 kHz, avg speed    2.260 kHz), accepted     1982/   50001 events ( 3.96%)
Processed    60000/  240450 entries, 24.95% (elapsed time    26.4s, curr speed    2.364 kHz, avg speed    2.277 kHz), accepted     2385/   60001 events ( 3.97%)
Processed    70000/  240450 entries, 29.11% (elapsed time    29.3s, curr speed    3.445 kHz, avg speed    2.392 kHz), accepted     2792/   70001 events ( 3.99%)
Processed    80000/  240450 entries, 33.27% (elapsed time    32.3s, curr speed    3.279 kHz, avg speed    2.476 kHz), accepted     3191/   80001 events ( 3.99%)
Processed    90000/  240450 entries, 37.43% (elapsed time    35.4s, curr speed    3.198 kHz, avg speed    2.540 kHz), accepted     3610/   90001 events ( 4.01%)
Processed   100000/  240450 entries, 41.59% (elapsed time    38.5s, curr speed    3.265 kHz, avg speed    2.598 kHz), accepted     4043/  100001 events ( 4.04%)
Processed   110000/  240450 entries, 45.75% (elapsed time    42.3s, curr speed    2.635 kHz, avg speed    2.601 kHz), accepted     4416/  110001 events ( 4.01%)
Processed   120000/  240450 entries, 49.91% (elapsed time    47.0s, curr speed    2.143 kHz, avg speed    2.555 kHz), accepted     4828/  120001 events ( 4.02%)
Processed   130000/  240450 entries, 54.07% (elapsed time    50.9s, curr speed    2.564 kHz, avg speed    2.556 kHz), accepted     5254/  130001 events ( 4.04%)
Processed   140000/  240450 entries, 58.22% (elapsed time    54.1s, curr speed    3.122 kHz, avg speed    2.590 kHz), accepted     5662/  140001 events ( 4.04%)
Processed   150000/  240450 entries, 62.38% (elapsed time    56.9s, curr speed    3.485 kHz, avg speed    2.635 kHz), accepted     6044/  150001 events ( 4.03%)
Processed   160000/  240450 entries, 66.54% (elapsed time    59.7s, curr speed    3.580 kHz, avg speed    2.679 kHz), accepted     6441/  160001 events ( 4.03%)
Processed   170000/  240450 entries, 70.70% (elapsed time    62.4s, curr speed    3.705 kHz, avg speed    2.723 kHz), accepted     6854/  170001 events ( 4.03%)
Processed   180000/  240450 entries, 74.86% (elapsed time    65.2s, curr speed    3.666 kHz, avg speed    2.763 kHz), accepted     7251/  180001 events ( 4.03%)
Processed   190000/  240450 entries, 79.02% (elapsed time    67.8s, curr speed    3.811 kHz, avg speed    2.803 kHz), accepted     7635/  190001 events ( 4.02%)
Processed   200000/  240450 entries, 83.18% (elapsed time    70.3s, curr speed    3.893 kHz, avg speed    2.843 kHz), accepted     7991/  200001 events ( 4.00%)
Processed   210000/  240450 entries, 87.34% (elapsed time    73.3s, curr speed    3.438 kHz, avg speed    2.867 kHz), accepted     8385/  210001 events ( 3.99%)
Processed   220000/  240450 entries, 91.50% (elapsed time    76.3s, curr speed    3.255 kHz, avg speed    2.882 kHz), accepted     8791/  220001 events ( 4.00%)
Processed   230000/  240450 entries, 95.65% (elapsed time    79.3s, curr speed    3.368 kHz, avg speed    2.901 kHz), accepted     9189/  230001 events ( 4.00%)
Processed   240000/  240450 entries, 99.81% (elapsed time    81.7s, curr speed    4.172 kHz, avg speed    2.938 kHz), accepted     9570/  240001 events ( 3.99%)
Processed 240450 preselected entries from /eos/cms/store/group/phys_tau/TauFW/nano/UL2017/TTToSemiLeptonic_TuneCP5_13TeV-powheg-pythia8/RunIISummer19UL17NanoAODv2-106X_mc2017_realistic_v8-v1/NANOAODSIM/A68A4C35-4EC2-F346-9C9C-3D8566A0C40D_skimjec_1.root (240450 entries). Finally selected 9592 entries
Total time 394.2 sec. to process 1230825 events. Rate = 3122.0 Hz.
>>> cwd          = /pool/condor/dir_17637
>>> ls           = ['.chirp.config', '.machine.ad', '_condor_stdout', 'var', 'pico_etau_63.root', '.job.ad', 'condor_exec.exe', 'lvigilan.cc', 'tmp', 'x509_voms']
>>> getstorage('/eos/home-l/lvigilan/output_ETauFR_UL17_RUN1/UL2017/etau/TTToSemiLeptonic'), <EOS("/eos/home-l/lvigilan/output_ETauFR_UL17_RUN1/UL2017/etau/TTToSemiLeptonic") at 0x2b05e0ccdd10>
>>> Executing: 'cp ./pico_etau_63.root /eos/home-l/lvigilan/output_ETauFR_UL17_RUN1/UL2017/etau/TTToSemiLeptonic'
>>> Removing './pico_etau_63.root'...
>>> picojob.py done after 410.7 seconds

Job complete at Mon Jun  7 19:08:57 CEST 2021
Took 6 minutes 51 seconds040 (2367592.063.000) 06/07 19:08:57 Finished transferring output files
...
005 (2367592.063.000) 06/07 19:08:58 Job terminated.
	(1) Normal termination (return value 0)
		Usr 0 00:05:20, Sys 0 00:00:09  -  Run Remote Usage
		Usr 0 00:00:00, Sys 0 00:00:00  -  Run Local Usage
		Usr 0 00:05:20, Sys 0 00:00:09  -  Total Remote Usage
		Usr 0 00:00:00, Sys 0 00:00:00  -  Total Local Usage
	36984  -  Run Bytes Sent By Job
	9930  -  Run Bytes Received By Job
	36984  -  Total Bytes Sent By Job
	9930  -  Total Bytes Received By Job
	Partitionable Resources :    Usage  Request Allocated 
	   Cpus                 :                 1         1 
	   Disk (KB)            :     6196        1    290441 
	   Memory (MB)          :      284     2000      2000 

	Job terminated of its own accord at 2021-06-07T17:08:57Z.
...
