Could not find platform independent libraries <prefix>
Could not find platform dependent libraries <exec_prefix>
Consider setting $PYTHONHOME to <prefix>[:<exec_prefix>]
ImportError: No module named site
Job start at Mon Jun  7 19:00:38 CEST 2021
Running job on machine Linux b7g42n0670.cern.ch 3.10.0-1160.24.1.el7.x86_64 #1 SMP Thu Apr 8 19:51:47 UTC 2021 x86_64 x86_64 x86_64 GNU/Linux, host b7g42n0670.cern.ch
============================================================
$PWD=/pool/condor/dir_4158
$JOBID=2367592
$TASKID=40
$HOSTNAME=b7g42n0670.cern.ch
$TASKCMD=/afs/cern.ch/work/l/lvigilan/TauWork/CMSSW_10_6_17_patch1/src/TauFW/PicoProducer/python/processors/picojob.py -y UL2017 -d 'mc' -c etau -M ETauFakeRate.ModuleETau --copydir /eos/home-l/lvigilan/output_ETauFR_UL17_RUN1/UL2017/etau/TTToSemiLeptonic -t _etau_40 --opt 'useT1=True' 'toppt=True' -i /eos/cms/store/group/phys_tau/TauFW/nano/UL2017/TTToSemiLeptonic_TuneCP5_13TeV-powheg-pythia8/RunIISummer19UL17NanoAODv2-106X_mc2017_realistic_v8-v1/NANOAODSIM/67331201-4406-2144-898B-2DB4C33D6247_skimjec_1.root /eos/cms/store/group/phys_tau/TauFW/nano/UL2017/TTToSemiLeptonic_TuneCP5_13TeV-powheg-pythia8/RunIISummer19UL17NanoAODv2-106X_mc2017_realistic_v8-v1/NANOAODSIM/67331201-4406-2144-898B-2DB4C33D6247_skimjec_2.root /eos/cms/store/group/phys_tau/TauFW/nano/UL2017/TTToSemiLeptonic_TuneCP5_13TeV-powheg-pythia8/RunIISummer19UL17NanoAODv2-106X_mc2017_realistic_v8-v1/NANOAODSIM/6A20E14F-C549-C147-B9DD-0ADB54DD5CA1_skimjec_0.root /eos/cms/store/group/phys_tau/TauFW/nano/UL2017/TTToSemiLeptonic_TuneCP5_13TeV-powheg-pythia8/RunIISummer19UL17NanoAODv2-106X_mc2017_realistic_v8-v1/NANOAODSIM/6A20E14F-C549-C147-B9DD-0ADB54DD5CA1_skimjec_1.root /eos/cms/store/group/phys_tau/TauFW/nano/UL2017/TTToSemiLeptonic_TuneCP5_13TeV-powheg-pythia8/RunIISummer19UL17NanoAODv2-106X_mc2017_realistic_v8-v1/NANOAODSIM/6A20E14F-C549-C147-B9DD-0ADB54DD5CA1_skimjec_2.root
$WORKDIR=/pool/condor/dir_4158
>>> cd /afs/cern.ch/work/l/lvigilan/TauWork/CMSSW_10_6_17_patch1/src
>>> eval `scramv1 runtime -sh`
>>> cd /pool/condor/dir_4158
$PWD=/pool/condor/dir_4158
>>> /afs/cern.ch/work/l/lvigilan/TauWork/CMSSW_10_6_17_patch1/src/TauFW/PicoProducer/python/processors/picojob.py -y UL2017 -d 'mc' -c etau -M ETauFakeRate.ModuleETau --copydir /eos/home-l/lvigilan/output_ETauFR_UL17_RUN1/UL2017/etau/TTToSemiLeptonic -t _etau_40 --opt 'useT1=True' 'toppt=True' -i /eos/cms/store/group/phys_tau/TauFW/nano/UL2017/TTToSemiLeptonic_TuneCP5_13TeV-powheg-pythia8/RunIISummer19UL17NanoAODv2-106X_mc2017_realistic_v8-v1/NANOAODSIM/67331201-4406-2144-898B-2DB4C33D6247_skimjec_1.root /eos/cms/store/group/phys_tau/TauFW/nano/UL2017/TTToSemiLeptonic_TuneCP5_13TeV-powheg-pythia8/RunIISummer19UL17NanoAODv2-106X_mc2017_realistic_v8-v1/NANOAODSIM/67331201-4406-2144-898B-2DB4C33D6247_skimjec_2.root /eos/cms/store/group/phys_tau/TauFW/nano/UL2017/TTToSemiLeptonic_TuneCP5_13TeV-powheg-pythia8/RunIISummer19UL17NanoAODv2-106X_mc2017_realistic_v8-v1/NANOAODSIM/6A20E14F-C549-C147-B9DD-0ADB54DD5CA1_skimjec_0.root /eos/cms/store/group/phys_tau/TauFW/nano/UL2017/TTToSemiLeptonic_TuneCP5_13TeV-powheg-pythia8/RunIISummer19UL17NanoAODv2-106X_mc2017_realistic_v8-v1/NANOAODSIM/6A20E14F-C549-C147-B9DD-0ADB54DD5CA1_skimjec_1.root /eos/cms/store/group/phys_tau/TauFW/nano/UL2017/TTToSemiLeptonic_TuneCP5_13TeV-powheg-pythia8/RunIISummer19UL17NanoAODv2-106X_mc2017_realistic_v8-v1/NANOAODSIM/6A20E14F-C549-C147-B9DD-0ADB54DD5CA1_skimjec_2.root
Error in <TGClient::TGClient>: can't open display "localhost:19.0", switching to batch mode...
 In case you run from a remote ssh session, reconnect with ssh -Y
--------------------------------------------------------------------------------
>>> era          = 'UL2017'
>>> year         = 2017
>>> channel      = 'etau'
>>> modname      = 'ETauFakeRate.ModuleETau'
>>> dtype        = 'mc'
>>> kwargs       = {'dtype': 'mc', 'toppt': True, 'useT1': True, 'verb': 0, 'era': 'UL2017', 'year': 2017}
>>> firstevt     = 0
>>> maxevts      = None
>>> outdir       = '.'
>>> copydir      = '/eos/home-l/lvigilan/output_ETauFR_UL17_RUN1/UL2017/etau/TTToSemiLeptonic'
>>> infiles      = ['/eos/cms/store/group/phys_tau/TauFW/nano/UL2017/TTToSemiLeptonic_TuneCP5_13TeV-powheg-pythia8/RunIISummer19UL17NanoAODv2-106X_mc2017_realistic_v8-v1/NANOAODSIM/67331201-4406-2144-898B-2DB4C33D6247_skimjec_1.root', '/eos/cms/store/group/phys_tau/TauFW/nano/UL2017/TTToSemiLeptonic_TuneCP5_13TeV-powheg-pythia8/RunIISummer19UL17NanoAODv2-106X_mc2017_realistic_v8-v1/NANOAODSIM/67331201-4406-2144-898B-2DB4C33D6247_skimjec_2.root', '/eos/cms/store/group/phys_tau/TauFW/nano/UL2017/TTToSemiLeptonic_TuneCP5_13TeV-powheg-pythia8/RunIISummer19UL17NanoAODv2-106X_mc2017_realistic_v8-v1/NANOAODSIM/6A20E14F-C549-C147-B9DD-0ADB54DD5CA1_skimjec_0.root', '/eos/cms/store/group/phys_tau/TauFW/nano/UL2017/TTToSemiLeptonic_TuneCP5_13TeV-powheg-pythia8/RunIISummer19UL17NanoAODv2-106X_mc2017_realistic_v8-v1/NANOAODSIM/6A20E14F-C549-C147-B9DD-0ADB54DD5CA1_skimjec_1.root', '/eos/cms/store/group/phys_tau/TauFW/nano/UL2017/TTToSemiLeptonic_TuneCP5_13TeV-powheg-pythia8/RunIISummer19UL17NanoAODv2-106X_mc2017_realistic_v8-v1/NANOAODSIM/6A20E14F-C549-C147-B9DD-0ADB54DD5CA1_skimjec_2.root']
>>> outfname     = './pico_etau_40.root'
>>> branchsel    = '/afs/cern.ch/work/l/lvigilan/TauWork/CMSSW_10_6_17_patch1/python/TauFW/PicoProducer/processors/keep_and_drop_skim.txt'
>>> json         = None
>>> prefetch     = False
>>> cwd          = /pool/condor/dir_4158
--------------------------------------------------------------------------------

   ################
   #  ModuleETau  #
   ################

Loading PileupWeightTool for '/afs/cern.ch/work/l/lvigilan/TauWork/CMSSW_10_6_17_patch1/src/TauFW/PicoProducer/data/pileup/Data_PileUp_UL2017_69p2.root' and '/afs/cern.ch/work/l/lvigilan/TauWork/CMSSW_10_6_17_patch1/src/TauFW/PicoProducer/data/pileup/MC_PileUp_UL2017_Summer19.root'
Loading BTagWeightTool for DeepCSV (medium WP)...
>>> BTagTool: [1m[33mWarning! [0m[33mHistogram 'etau/eff_DeepCSV_udsg_medium' does not exist in /afs/cern.ch/work/l/lvigilan/TauWork/CMSSW_10_6_17_patch1/src/TauFW/PicoProducer/data/btag/DeepCSV_2017_12Apr2017_eff.root! Reverting to default efficiency histogram...[0m
>>> BTagTool: [1m[33mWarning! [0m[33mHistogram 'etau/eff_DeepCSV_c_medium' does not exist in /afs/cern.ch/work/l/lvigilan/TauWork/CMSSW_10_6_17_patch1/src/TauFW/PicoProducer/data/btag/DeepCSV_2017_12Apr2017_eff.root! Reverting to default efficiency histogram...[0m
>>> BTagTool: [1m[33mWarning! [0m[33mHistogram 'etau/eff_DeepCSV_b_medium' does not exist in /afs/cern.ch/work/l/lvigilan/TauWork/CMSSW_10_6_17_patch1/src/TauFW/PicoProducer/data/btag/DeepCSV_2017_12Apr2017_eff.root! Reverting to default efficiency histogram...[0m
>>> BTagTool: [1m[33mWarning! [0m[33mMade use of default efficiency histograms! The b tag weights from this module should be regarded as placeholders only,
and should NOT be used for analyses. B (mis)tag efficiencies in MC are analysis dependent. Please create your own
efficiency histogram with data/btag/getBTagEfficiencies.py after running all MC samples with BTagWeightTool.[0m
Loading TreeProducerETau for './pico_etau_40.root'
--------------------------------------------------------------------------------
>>> filename     = './pico_etau_40.root'
>>> year         = 2017
>>> dtype        = 'mc'
>>> channel      = 'etau'
>>> ismc         = True
>>> isdata       = False
>>> isembed      = False
>>> tes          = 1.0
>>> tessys       = None
>>> fes          = None
>>> ltf          = None
>>> jtf          = 1.0
>>> dotoppt      = True
>>> dozpt        = False
>>> dojec        = True
>>> dojecsys     = True
>>> dotight      = False
>>> useT1        = True
>>> jetCutPt     = 30
>>> bjetCutEta   = 2.7
>>> tauwp        = 0
>>> eleCutPt     = 36
>>> eleCutEta    = 2.1
>>> tauCutPt     = 20
>>> tauCutEta    = 2.3
>>> ZpeekReso    = 0.1
Pre-select 191734 entries out of 191734 (100.00%)
Processed    10000/  191734 entries,  5.22% (elapsed time    21.8s, curr speed    0.459 kHz, avg speed    0.459 kHz), accepted      400/   10001 events ( 4.00%)
Processed    20000/  191734 entries, 10.43% (elapsed time    37.0s, curr speed    0.656 kHz, avg speed    0.540 kHz), accepted      783/   20001 events ( 3.91%)
Processed    30000/  191734 entries, 15.65% (elapsed time    47.9s, curr speed    0.919 kHz, avg speed    0.626 kHz), accepted     1205/   30001 events ( 4.02%)
Processed    40000/  191734 entries, 20.86% (elapsed time    59.5s, curr speed    0.866 kHz, avg speed    0.673 kHz), accepted     1565/   40001 events ( 3.91%)
Processed    50000/  191734 entries, 26.08% (elapsed time    70.7s, curr speed    0.889 kHz, avg speed    0.707 kHz), accepted     1973/   50001 events ( 3.95%)
Processed    60000/  191734 entries, 31.29% (elapsed time    81.4s, curr speed    0.935 kHz, avg speed    0.737 kHz), accepted     2344/   60001 events ( 3.91%)
Processed    70000/  191734 entries, 36.51% (elapsed time    91.2s, curr speed    1.016 kHz, avg speed    0.767 kHz), accepted     2738/   70001 events ( 3.91%)
Processed    80000/  191734 entries, 41.72% (elapsed time   103.2s, curr speed    0.839 kHz, avg speed    0.775 kHz), accepted     3146/   80001 events ( 3.93%)
Processed    90000/  191734 entries, 46.94% (elapsed time   113.6s, curr speed    0.957 kHz, avg speed    0.792 kHz), accepted     3537/   90001 events ( 3.93%)
Processed   100000/  191734 entries, 52.16% (elapsed time   123.9s, curr speed    0.970 kHz, avg speed    0.807 kHz), accepted     3920/  100001 events ( 3.92%)
Processed   110000/  191734 entries, 57.37% (elapsed time   134.0s, curr speed    0.991 kHz, avg speed    0.821 kHz), accepted     4322/  110001 events ( 3.93%)
Processed   120000/  191734 entries, 62.59% (elapsed time   145.3s, curr speed    0.887 kHz, avg speed    0.826 kHz), accepted     4686/  120001 events ( 3.90%)
Processed   130000/  191734 entries, 67.80% (elapsed time   157.1s, curr speed    0.848 kHz, avg speed    0.828 kHz), accepted     5102/  130001 events ( 3.92%)
Processed   140000/  191734 entries, 73.02% (elapsed time   167.0s, curr speed    1.006 kHz, avg speed    0.838 kHz), accepted     5488/  140001 events ( 3.92%)
Processed   150000/  191734 entries, 78.23% (elapsed time   176.9s, curr speed    1.009 kHz, avg speed    0.848 kHz), accepted     5895/  150001 events ( 3.93%)
Processed   160000/  191734 entries, 83.45% (elapsed time   185.2s, curr speed    1.209 kHz, avg speed    0.864 kHz), accepted     6321/  160001 events ( 3.95%)
Processed   170000/  191734 entries, 88.66% (elapsed time   194.0s, curr speed    1.132 kHz, avg speed    0.876 kHz), accepted     6683/  170001 events ( 3.93%)
Processed   180000/  191734 entries, 93.88% (elapsed time   202.3s, curr speed    1.211 kHz, avg speed    0.890 kHz), accepted     7093/  180001 events ( 3.94%)
Processed   190000/  191734 entries, 99.10% (elapsed time   211.0s, curr speed    1.148 kHz, avg speed    0.900 kHz), accepted     7471/  190001 events ( 3.93%)
Processed 191734 preselected entries from /eos/cms/store/group/phys_tau/TauFW/nano/UL2017/TTToSemiLeptonic_TuneCP5_13TeV-powheg-pythia8/RunIISummer19UL17NanoAODv2-106X_mc2017_realistic_v8-v1/NANOAODSIM/67331201-4406-2144-898B-2DB4C33D6247_skimjec_1.root (191734 entries). Finally selected 7536 entries
Pre-select 191732 entries out of 191732 (100.00%)
Processed    10000/  191732 entries,  5.22% (elapsed time    13.3s, curr speed    0.752 kHz, avg speed    0.752 kHz), accepted      410/   10001 events ( 4.10%)
Processed    20000/  191732 entries, 10.43% (elapsed time    23.6s, curr speed    0.973 kHz, avg speed    0.848 kHz), accepted      784/   20001 events ( 3.92%)
Processed    30000/  191732 entries, 15.65% (elapsed time    32.2s, curr speed    1.167 kHz, avg speed    0.933 kHz), accepted     1225/   30001 events ( 4.08%)
Processed    40000/  191732 entries, 20.86% (elapsed time    41.2s, curr speed    1.105 kHz, avg speed    0.971 kHz), accepted     1609/   40001 events ( 4.02%)
Processed    50000/  191732 entries, 26.08% (elapsed time    50.4s, curr speed    1.085 kHz, avg speed    0.992 kHz), accepted     1999/   50001 events ( 4.00%)
Processed    60000/  191732 entries, 31.29% (elapsed time    60.5s, curr speed    0.991 kHz, avg speed    0.991 kHz), accepted     2404/   60001 events ( 4.01%)
Processed    70000/  191732 entries, 36.51% (elapsed time    72.9s, curr speed    0.808 kHz, avg speed    0.960 kHz), accepted     2806/   70001 events ( 4.01%)
Processed    80000/  191732 entries, 41.72% (elapsed time    85.3s, curr speed    0.806 kHz, avg speed    0.938 kHz), accepted     3197/   80001 events ( 4.00%)
Processed    90000/  191732 entries, 46.94% (elapsed time    97.5s, curr speed    0.821 kHz, avg speed    0.923 kHz), accepted     3590/   90001 events ( 3.99%)
Processed   100000/  191732 entries, 52.16% (elapsed time   107.5s, curr speed    0.995 kHz, avg speed    0.930 kHz), accepted     4007/  100001 events ( 4.01%)
Processed   110000/  191732 entries, 57.37% (elapsed time   118.1s, curr speed    0.945 kHz, avg speed    0.931 kHz), accepted     4425/  110001 events ( 4.02%)
Processed   120000/  191732 entries, 62.59% (elapsed time   128.6s, curr speed    0.959 kHz, avg speed    0.933 kHz), accepted     4795/  120001 events ( 4.00%)
Processed   130000/  191732 entries, 67.80% (elapsed time   141.0s, curr speed    0.806 kHz, avg speed    0.922 kHz), accepted     5218/  130001 events ( 4.01%)
Processed   140000/  191732 entries, 73.02% (elapsed time   152.3s, curr speed    0.882 kHz, avg speed    0.919 kHz), accepted     5572/  140001 events ( 3.98%)
Processed   150000/  191732 entries, 78.23% (elapsed time   165.6s, curr speed    0.750 kHz, avg speed    0.906 kHz), accepted     5972/  150001 events ( 3.98%)
Processed   160000/  191732 entries, 83.45% (elapsed time   185.3s, curr speed    0.507 kHz, avg speed    0.863 kHz), accepted     6374/  160001 events ( 3.98%)
Processed   170000/  191732 entries, 88.67% (elapsed time   196.5s, curr speed    0.894 kHz, avg speed    0.865 kHz), accepted     6788/  170001 events ( 3.99%)
Processed   180000/  191732 entries, 93.88% (elapsed time   206.5s, curr speed    1.007 kHz, avg speed    0.872 kHz), accepted     7183/  180001 events ( 3.99%)
Processed   190000/  191732 entries, 99.10% (elapsed time   217.0s, curr speed    0.947 kHz, avg speed    0.876 kHz), accepted     7599/  190001 events ( 4.00%)
Processed 191732 preselected entries from /eos/cms/store/group/phys_tau/TauFW/nano/UL2017/TTToSemiLeptonic_TuneCP5_13TeV-powheg-pythia8/RunIISummer19UL17NanoAODv2-106X_mc2017_realistic_v8-v1/NANOAODSIM/67331201-4406-2144-898B-2DB4C33D6247_skimjec_2.root (191732 entries). Finally selected 7664 entries
Pre-select 234667 entries out of 234667 (100.00%)
Processed    10000/  234667 entries,  4.26% (elapsed time    26.1s, curr speed    0.383 kHz, avg speed    0.383 kHz), accepted      412/   10001 events ( 4.12%)
Processed    20000/  234667 entries,  8.52% (elapsed time    45.2s, curr speed    0.524 kHz, avg speed    0.443 kHz), accepted      809/   20001 events ( 4.04%)
Processed    30000/  234667 entries, 12.78% (elapsed time    54.5s, curr speed    1.069 kHz, avg speed    0.550 kHz), accepted     1217/   30001 events ( 4.06%)
Processed    40000/  234667 entries, 17.05% (elapsed time    64.0s, curr speed    1.056 kHz, avg speed    0.625 kHz), accepted     1581/   40001 events ( 3.95%)
Processed    50000/  234667 entries, 21.31% (elapsed time    74.1s, curr speed    0.984 kHz, avg speed    0.674 kHz), accepted     1957/   50001 events ( 3.91%)
Processed    60000/  234667 entries, 25.57% (elapsed time    84.7s, curr speed    0.951 kHz, avg speed    0.709 kHz), accepted     2357/   60001 events ( 3.93%)
Processed    70000/  234667 entries, 29.83% (elapsed time    93.7s, curr speed    1.101 kHz, avg speed    0.747 kHz), accepted     2760/   70001 events ( 3.94%)
Processed    80000/  234667 entries, 34.09% (elapsed time   108.5s, curr speed    0.678 kHz, avg speed    0.737 kHz), accepted     3134/   80001 events ( 3.92%)
Processed    90000/  234667 entries, 38.35% (elapsed time   122.6s, curr speed    0.712 kHz, avg speed    0.734 kHz), accepted     3536/   90001 events ( 3.93%)
Processed   100000/  234667 entries, 42.61% (elapsed time   135.3s, curr speed    0.786 kHz, avg speed    0.739 kHz), accepted     3927/  100001 events ( 3.93%)
Processed   110000/  234667 entries, 46.87% (elapsed time   145.8s, curr speed    0.954 kHz, avg speed    0.755 kHz), accepted     4296/  110001 events ( 3.91%)
Processed   120000/  234667 entries, 51.14% (elapsed time   156.4s, curr speed    0.936 kHz, avg speed    0.767 kHz), accepted     4711/  120001 events ( 3.93%)
Processed   130000/  234667 entries, 55.40% (elapsed time   167.1s, curr speed    0.942 kHz, avg speed    0.778 kHz), accepted     5114/  130001 events ( 3.93%)
Processed   140000/  234667 entries, 59.66% (elapsed time   177.0s, curr speed    1.009 kHz, avg speed    0.791 kHz), accepted     5518/  140001 events ( 3.94%)
Processed   150000/  234667 entries, 63.92% (elapsed time   187.4s, curr speed    0.963 kHz, avg speed    0.801 kHz), accepted     5943/  150001 events ( 3.96%)
Processed   160000/  234667 entries, 68.18% (elapsed time   197.8s, curr speed    0.958 kHz, avg speed    0.809 kHz), accepted     6338/  160001 events ( 3.96%)
Processed   170000/  234667 entries, 72.44% (elapsed time   209.0s, curr speed    0.892 kHz, avg speed    0.813 kHz), accepted     6740/  170001 events ( 3.96%)
Processed   180000/  234667 entries, 76.70% (elapsed time   218.9s, curr speed    1.005 kHz, avg speed    0.822 kHz), accepted     7118/  180001 events ( 3.95%)
Processed   190000/  234667 entries, 80.97% (elapsed time   229.4s, curr speed    0.953 kHz, avg speed    0.828 kHz), accepted     7524/  190001 events ( 3.96%)
Processed   200000/  234667 entries, 85.23% (elapsed time   238.9s, curr speed    1.062 kHz, avg speed    0.837 kHz), accepted     7920/  200001 events ( 3.96%)
Processed   210000/  234667 entries, 89.49% (elapsed time   248.4s, curr speed    1.053 kHz, avg speed    0.846 kHz), accepted     8308/  210001 events ( 3.96%)
Processed   220000/  234667 entries, 93.75% (elapsed time   257.2s, curr speed    1.133 kHz, avg speed    0.855 kHz), accepted     8707/  220001 events ( 3.96%)
Processed   230000/  234667 entries, 98.01% (elapsed time   265.9s, curr speed    1.150 kHz, avg speed    0.865 kHz), accepted     9080/  230001 events ( 3.95%)
Processed 234667 preselected entries from /eos/cms/store/group/phys_tau/TauFW/nano/UL2017/TTToSemiLeptonic_TuneCP5_13TeV-powheg-pythia8/RunIISummer19UL17NanoAODv2-106X_mc2017_realistic_v8-v1/NANOAODSIM/6A20E14F-C549-C147-B9DD-0ADB54DD5CA1_skimjec_0.root (234667 entries). Finally selected 9264 entries
Pre-select 234667 entries out of 234667 (100.00%)
Processed    10000/  234667 entries,  4.26% (elapsed time    19.4s, curr speed    0.516 kHz, avg speed    0.516 kHz), accepted      398/   10001 events ( 3.98%)
Processed    20000/  234667 entries,  8.52% (elapsed time    33.5s, curr speed    0.708 kHz, avg speed    0.597 kHz), accepted      837/   20001 events ( 4.18%)
Processed    30000/  234667 entries, 12.78% (elapsed time    41.1s, curr speed    1.324 kHz, avg speed    0.730 kHz), accepted     1252/   30001 events ( 4.17%)
Processed    40000/  234667 entries, 17.05% (elapsed time    49.0s, curr speed    1.258 kHz, avg speed    0.816 kHz), accepted     1660/   40001 events ( 4.15%)
Processed    50000/  234667 entries, 21.31% (elapsed time    56.4s, curr speed    1.350 kHz, avg speed    0.886 kHz), accepted     2074/   50001 events ( 4.15%)
Processed    60000/  234667 entries, 25.57% (elapsed time    65.3s, curr speed    1.121 kHz, avg speed    0.918 kHz), accepted     2461/   60001 events ( 4.10%)
Processed    70000/  234667 entries, 29.83% (elapsed time    73.3s, curr speed    1.259 kHz, avg speed    0.955 kHz), accepted     2834/   70001 events ( 4.05%)
Processed    80000/  234667 entries, 34.09% (elapsed time    82.0s, curr speed    1.143 kHz, avg speed    0.975 kHz), accepted     3231/   80001 events ( 4.04%)
Processed    90000/  234667 entries, 38.35% (elapsed time    89.1s, curr speed    1.424 kHz, avg speed    1.011 kHz), accepted     3605/   90001 events ( 4.01%)
Processed   100000/  234667 entries, 42.61% (elapsed time    97.9s, curr speed    1.133 kHz, avg speed    1.022 kHz), accepted     4003/  100001 events ( 4.00%)
Processed   110000/  234667 entries, 46.87% (elapsed time   107.7s, curr speed    1.021 kHz, avg speed    1.022 kHz), accepted     4365/  110001 events ( 3.97%)
Processed   120000/  234667 entries, 51.14% (elapsed time   117.4s, curr speed    1.024 kHz, avg speed    1.022 kHz), accepted     4785/  120001 events ( 3.99%)
Processed   130000/  234667 entries, 55.40% (elapsed time   126.6s, curr speed    1.094 kHz, avg speed    1.027 kHz), accepted     5180/  130001 events ( 3.98%)
Processed   140000/  234667 entries, 59.66% (elapsed time   137.5s, curr speed    0.918 kHz, avg speed    1.018 kHz), accepted     5557/  140001 events ( 3.97%)
Processed   150000/  234667 entries, 63.92% (elapsed time   146.8s, curr speed    1.075 kHz, avg speed    1.022 kHz), accepted     5956/  150001 events ( 3.97%)
Processed   160000/  234667 entries, 68.18% (elapsed time   156.6s, curr speed    1.015 kHz, avg speed    1.022 kHz), accepted     6329/  160001 events ( 3.96%)
Processed   170000/  234667 entries, 72.44% (elapsed time   165.4s, curr speed    1.135 kHz, avg speed    1.028 kHz), accepted     6706/  170001 events ( 3.94%)
Processed   180000/  234667 entries, 76.70% (elapsed time   175.2s, curr speed    1.026 kHz, avg speed    1.027 kHz), accepted     7124/  180001 events ( 3.96%)
Processed   190000/  234667 entries, 80.97% (elapsed time   184.8s, curr speed    1.037 kHz, avg speed    1.028 kHz), accepted     7497/  190001 events ( 3.95%)
Processed   200000/  234667 entries, 85.23% (elapsed time   196.0s, curr speed    0.895 kHz, avg speed    1.020 kHz), accepted     7900/  200001 events ( 3.95%)
Processed   210000/  234667 entries, 89.49% (elapsed time   206.6s, curr speed    0.940 kHz, avg speed    1.016 kHz), accepted     8340/  210001 events ( 3.97%)
Processed   220000/  234667 entries, 93.75% (elapsed time   216.5s, curr speed    1.018 kHz, avg speed    1.016 kHz), accepted     8751/  220001 events ( 3.98%)
Processed   230000/  234667 entries, 98.01% (elapsed time   225.9s, curr speed    1.063 kHz, avg speed    1.018 kHz), accepted     9116/  230001 events ( 3.96%)
Processed 234667 preselected entries from /eos/cms/store/group/phys_tau/TauFW/nano/UL2017/TTToSemiLeptonic_TuneCP5_13TeV-powheg-pythia8/RunIISummer19UL17NanoAODv2-106X_mc2017_realistic_v8-v1/NANOAODSIM/6A20E14F-C549-C147-B9DD-0ADB54DD5CA1_skimjec_1.root (234667 entries). Finally selected 9287 entries
Pre-select 234666 entries out of 234666 (100.00%)
Processed    10000/  234666 entries,  4.26% (elapsed time    17.1s, curr speed    0.584 kHz, avg speed    0.584 kHz), accepted      386/   10001 events ( 3.86%)
Processed    20000/  234666 entries,  8.52% (elapsed time    30.7s, curr speed    0.738 kHz, avg speed    0.652 kHz), accepted      783/   20001 events ( 3.91%)
Processed    30000/  234666 entries, 12.78% (elapsed time    38.0s, curr speed    1.357 kHz, avg speed    0.789 kHz), accepted     1178/   30001 events ( 3.93%)
Processed    40000/  234666 entries, 17.05% (elapsed time    46.6s, curr speed    1.171 kHz, avg speed    0.859 kHz), accepted     1600/   40001 events ( 4.00%)
Processed    50000/  234666 entries, 21.31% (elapsed time    56.7s, curr speed    0.991 kHz, avg speed    0.882 kHz), accepted     1993/   50001 events ( 3.99%)
Processed    60000/  234666 entries, 25.57% (elapsed time    66.8s, curr speed    0.992 kHz, avg speed    0.899 kHz), accepted     2408/   60001 events ( 4.01%)
Processed    70000/  234666 entries, 29.83% (elapsed time    76.1s, curr speed    1.066 kHz, avg speed    0.919 kHz), accepted     2826/   70001 events ( 4.04%)
Processed    80000/  234666 entries, 34.09% (elapsed time    86.6s, curr speed    0.956 kHz, avg speed    0.924 kHz), accepted     3226/   80001 events ( 4.03%)
Processed    90000/  234666 entries, 38.35% (elapsed time    95.4s, curr speed    1.130 kHz, avg speed    0.943 kHz), accepted     3612/   90001 events ( 4.01%)
Processed   100000/  234666 entries, 42.61% (elapsed time   104.4s, curr speed    1.112 kHz, avg speed    0.958 kHz), accepted     3999/  100001 events ( 4.00%)
Processed   110000/  234666 entries, 46.88% (elapsed time   114.1s, curr speed    1.038 kHz, avg speed    0.964 kHz), accepted     4413/  110001 events ( 4.01%)
Processed   120000/  234666 entries, 51.14% (elapsed time   123.6s, curr speed    1.051 kHz, avg speed    0.971 kHz), accepted     4786/  120001 events ( 3.99%)
Processed   130000/  234666 entries, 55.40% (elapsed time   132.4s, curr speed    1.132 kHz, avg speed    0.982 kHz), accepted     5195/  130001 events ( 4.00%)
Processed   140000/  234666 entries, 59.66% (elapsed time   142.4s, curr speed    1.000 kHz, avg speed    0.983 kHz), accepted     5575/  140001 events ( 3.98%)
Processed   150000/  234666 entries, 63.92% (elapsed time   154.5s, curr speed    0.824 kHz, avg speed    0.971 kHz), accepted     6002/  150001 events ( 4.00%)
Processed   160000/  234666 entries, 68.18% (elapsed time   164.4s, curr speed    1.013 kHz, avg speed    0.973 kHz), accepted     6425/  160001 events ( 4.02%)
Processed   170000/  234666 entries, 72.44% (elapsed time   173.5s, curr speed    1.099 kHz, avg speed    0.980 kHz), accepted     6829/  170001 events ( 4.02%)
Processed   180000/  234666 entries, 76.70% (elapsed time   180.8s, curr speed    1.374 kHz, avg speed    0.996 kHz), accepted     7222/  180001 events ( 4.01%)
Processed   190000/  234666 entries, 80.97% (elapsed time   189.7s, curr speed    1.120 kHz, avg speed    1.001 kHz), accepted     7596/  190001 events ( 4.00%)
Processed   200000/  234666 entries, 85.23% (elapsed time   203.8s, curr speed    0.712 kHz, avg speed    0.981 kHz), accepted     8003/  200001 events ( 4.00%)
Processed   210000/  234666 entries, 89.49% (elapsed time   215.2s, curr speed    0.878 kHz, avg speed    0.976 kHz), accepted     8422/  210001 events ( 4.01%)
Processed   220000/  234666 entries, 93.75% (elapsed time   226.6s, curr speed    0.874 kHz, avg speed    0.971 kHz), accepted     8798/  220001 events ( 4.00%)
Processed   230000/  234666 entries, 98.01% (elapsed time   236.8s, curr speed    0.979 kHz, avg speed    0.971 kHz), accepted     9199/  230001 events ( 4.00%)
Processed 234666 preselected entries from /eos/cms/store/group/phys_tau/TauFW/nano/UL2017/TTToSemiLeptonic_TuneCP5_13TeV-powheg-pythia8/RunIISummer19UL17NanoAODv2-106X_mc2017_realistic_v8-v1/NANOAODSIM/6A20E14F-C549-C147-B9DD-0ADB54DD5CA1_skimjec_2.root (234666 entries). Finally selected 9375 entries
Total time 1175.0 sec. to process 1087466 events. Rate = 925.5 Hz.
>>> cwd          = /pool/condor/dir_4158
>>> ls           = ['condor_exec.exe', 'tmp', 'pico_etau_40.root', 'x509_voms', '_condor_stdout', 'var', '.chirp.config', '.update.ad', '.machine.ad', '.job.ad', 'lvigilan.cc']
>>> getstorage('/eos/home-l/lvigilan/output_ETauFR_UL17_RUN1/UL2017/etau/TTToSemiLeptonic'), <EOS("/eos/home-l/lvigilan/output_ETauFR_UL17_RUN1/UL2017/etau/TTToSemiLeptonic") at 0x2aae882c6e50>
>>> Executing: 'cp ./pico_etau_40.root /eos/home-l/lvigilan/output_ETauFR_UL17_RUN1/UL2017/etau/TTToSemiLeptonic'
>>> Removing './pico_etau_40.root'...
>>> picojob.py done after 1206.4 seconds

Job complete at Mon Jun  7 19:20:47 CEST 2021
Took 20 minutes 9 seconds040 (2367592.040.000) 06/07 19:20:47 Finished transferring output files
...
005 (2367592.040.000) 06/07 19:20:47 Job terminated.
	(1) Normal termination (return value 0)
		Usr 0 00:07:03, Sys 0 00:00:15  -  Run Remote Usage
		Usr 0 00:00:00, Sys 0 00:00:00  -  Run Local Usage
		Usr 0 00:07:03, Sys 0 00:00:15  -  Total Remote Usage
		Usr 0 00:00:00, Sys 0 00:00:00  -  Total Local Usage
	34898  -  Run Bytes Sent By Job
	9930  -  Run Bytes Received By Job
	34898  -  Total Bytes Sent By Job
	9930  -  Total Bytes Received By Job
	Partitionable Resources :    Usage  Request Allocated 
	   Cpus                 :     0.27        1         1 
	   Disk (KB)            :  4657           1    270064 
	   Memory (MB)          :   284        2000      2000 

	Job terminated of its own accord at 2021-06-07T17:20:47Z.
...
