Could not find platform independent libraries <prefix>
Could not find platform dependent libraries <exec_prefix>
Consider setting $PYTHONHOME to <prefix>[:<exec_prefix>]
ImportError: No module named site
Job start at Mon Jun  7 23:01:14 CEST 2021
Running job on machine Linux b7s13n3340.cern.ch 3.10.0-1160.24.1.el7.x86_64 #1 SMP Thu Apr 8 19:51:47 UTC 2021 x86_64 x86_64 x86_64 GNU/Linux, host b7s13n3340.cern.ch
============================================================
$PWD=/pool/condor/dir_1952
$JOBID=2367873
$TASKID=26
$HOSTNAME=b7s13n3340.cern.ch
$TASKCMD=/afs/cern.ch/work/l/lvigilan/TauWork/CMSSW_10_6_17_patch1/src/TauFW/PicoProducer/python/processors/picojob.py -y UL2017 -d 'mc' -c etau -M ETauFakeRate.ModuleETau --copydir /eos/home-l/lvigilan/output_ETauFR_UL17_RUN1/UL2017/etau/TTToSemiLeptonic -t _etau_EES0p99_26 --opt 'ees=0.99' 'useT1=True' 'toppt=True' -i /eos/cms/store/group/phys_tau/TauFW/nano/UL2017/TTToSemiLeptonic_TuneCP5_13TeV-powheg-pythia8/RunIISummer19UL17NanoAODv2-106X_mc2017_realistic_v8-v1/NANOAODSIM/3BF193B0-9A32-EB4D-B350-9871DF697D9D_skimjec_4.root /eos/cms/store/group/phys_tau/TauFW/nano/UL2017/TTToSemiLeptonic_TuneCP5_13TeV-powheg-pythia8/RunIISummer19UL17NanoAODv2-106X_mc2017_realistic_v8-v1/NANOAODSIM/3BF193B0-9A32-EB4D-B350-9871DF697D9D_skimjec_5.root /eos/cms/store/group/phys_tau/TauFW/nano/UL2017/TTToSemiLeptonic_TuneCP5_13TeV-powheg-pythia8/RunIISummer19UL17NanoAODv2-106X_mc2017_realistic_v8-v1/NANOAODSIM/3F24CF23-D916-A64A-A9A8-B94730AEC47E_skimjec_0.root /eos/cms/store/group/phys_tau/TauFW/nano/UL2017/TTToSemiLeptonic_TuneCP5_13TeV-powheg-pythia8/RunIISummer19UL17NanoAODv2-106X_mc2017_realistic_v8-v1/NANOAODSIM/3F24CF23-D916-A64A-A9A8-B94730AEC47E_skimjec_1.root /eos/cms/store/group/phys_tau/TauFW/nano/UL2017/TTToSemiLeptonic_TuneCP5_13TeV-powheg-pythia8/RunIISummer19UL17NanoAODv2-106X_mc2017_realistic_v8-v1/NANOAODSIM/3F24CF23-D916-A64A-A9A8-B94730AEC47E_skimjec_2.root
$WORKDIR=/pool/condor/dir_1952
>>> cd /afs/cern.ch/work/l/lvigilan/TauWork/CMSSW_10_6_17_patch1/src
>>> eval `scramv1 runtime -sh`
>>> cd /pool/condor/dir_1952
$PWD=/pool/condor/dir_1952
>>> /afs/cern.ch/work/l/lvigilan/TauWork/CMSSW_10_6_17_patch1/src/TauFW/PicoProducer/python/processors/picojob.py -y UL2017 -d 'mc' -c etau -M ETauFakeRate.ModuleETau --copydir /eos/home-l/lvigilan/output_ETauFR_UL17_RUN1/UL2017/etau/TTToSemiLeptonic -t _etau_EES0p99_26 --opt 'ees=0.99' 'useT1=True' 'toppt=True' -i /eos/cms/store/group/phys_tau/TauFW/nano/UL2017/TTToSemiLeptonic_TuneCP5_13TeV-powheg-pythia8/RunIISummer19UL17NanoAODv2-106X_mc2017_realistic_v8-v1/NANOAODSIM/3BF193B0-9A32-EB4D-B350-9871DF697D9D_skimjec_4.root /eos/cms/store/group/phys_tau/TauFW/nano/UL2017/TTToSemiLeptonic_TuneCP5_13TeV-powheg-pythia8/RunIISummer19UL17NanoAODv2-106X_mc2017_realistic_v8-v1/NANOAODSIM/3BF193B0-9A32-EB4D-B350-9871DF697D9D_skimjec_5.root /eos/cms/store/group/phys_tau/TauFW/nano/UL2017/TTToSemiLeptonic_TuneCP5_13TeV-powheg-pythia8/RunIISummer19UL17NanoAODv2-106X_mc2017_realistic_v8-v1/NANOAODSIM/3F24CF23-D916-A64A-A9A8-B94730AEC47E_skimjec_0.root /eos/cms/store/group/phys_tau/TauFW/nano/UL2017/TTToSemiLeptonic_TuneCP5_13TeV-powheg-pythia8/RunIISummer19UL17NanoAODv2-106X_mc2017_realistic_v8-v1/NANOAODSIM/3F24CF23-D916-A64A-A9A8-B94730AEC47E_skimjec_1.root /eos/cms/store/group/phys_tau/TauFW/nano/UL2017/TTToSemiLeptonic_TuneCP5_13TeV-powheg-pythia8/RunIISummer19UL17NanoAODv2-106X_mc2017_realistic_v8-v1/NANOAODSIM/3F24CF23-D916-A64A-A9A8-B94730AEC47E_skimjec_2.root
Error in <TGClient::TGClient>: can't open display "localhost:13.0", switching to batch mode...
 In case you run from a remote ssh session, reconnect with ssh -Y
--------------------------------------------------------------------------------
>>> era          = 'UL2017'
>>> year         = 2017
>>> channel      = 'etau'
>>> modname      = 'ETauFakeRate.ModuleETau'
>>> dtype        = 'mc'
>>> kwargs       = {'dtype': 'mc', 'ees': 0.99, 'toppt': True, 'useT1': True, 'verb': 0, 'era': 'UL2017', 'year': 2017}
>>> firstevt     = 0
>>> maxevts      = None
>>> outdir       = '.'
>>> copydir      = '/eos/home-l/lvigilan/output_ETauFR_UL17_RUN1/UL2017/etau/TTToSemiLeptonic'
>>> infiles      = ['/eos/cms/store/group/phys_tau/TauFW/nano/UL2017/TTToSemiLeptonic_TuneCP5_13TeV-powheg-pythia8/RunIISummer19UL17NanoAODv2-106X_mc2017_realistic_v8-v1/NANOAODSIM/3BF193B0-9A32-EB4D-B350-9871DF697D9D_skimjec_4.root', '/eos/cms/store/group/phys_tau/TauFW/nano/UL2017/TTToSemiLeptonic_TuneCP5_13TeV-powheg-pythia8/RunIISummer19UL17NanoAODv2-106X_mc2017_realistic_v8-v1/NANOAODSIM/3BF193B0-9A32-EB4D-B350-9871DF697D9D_skimjec_5.root', '/eos/cms/store/group/phys_tau/TauFW/nano/UL2017/TTToSemiLeptonic_TuneCP5_13TeV-powheg-pythia8/RunIISummer19UL17NanoAODv2-106X_mc2017_realistic_v8-v1/NANOAODSIM/3F24CF23-D916-A64A-A9A8-B94730AEC47E_skimjec_0.root', '/eos/cms/store/group/phys_tau/TauFW/nano/UL2017/TTToSemiLeptonic_TuneCP5_13TeV-powheg-pythia8/RunIISummer19UL17NanoAODv2-106X_mc2017_realistic_v8-v1/NANOAODSIM/3F24CF23-D916-A64A-A9A8-B94730AEC47E_skimjec_1.root', '/eos/cms/store/group/phys_tau/TauFW/nano/UL2017/TTToSemiLeptonic_TuneCP5_13TeV-powheg-pythia8/RunIISummer19UL17NanoAODv2-106X_mc2017_realistic_v8-v1/NANOAODSIM/3F24CF23-D916-A64A-A9A8-B94730AEC47E_skimjec_2.root']
>>> outfname     = './pico_etau_EES0p99_26.root'
>>> branchsel    = '/afs/cern.ch/work/l/lvigilan/TauWork/CMSSW_10_6_17_patch1/python/TauFW/PicoProducer/processors/keep_and_drop_skim.txt'
>>> json         = None
>>> prefetch     = False
>>> cwd          = /pool/condor/dir_1952
--------------------------------------------------------------------------------

   ################
   #  ModuleETau  #
   ################

Loading PileupWeightTool for '/afs/cern.ch/work/l/lvigilan/TauWork/CMSSW_10_6_17_patch1/src/TauFW/PicoProducer/data/pileup/Data_PileUp_UL2017_69p2.root' and '/afs/cern.ch/work/l/lvigilan/TauWork/CMSSW_10_6_17_patch1/src/TauFW/PicoProducer/data/pileup/MC_PileUp_UL2017_Summer19.root'
Loading BTagWeightTool for DeepCSV (medium WP)...
>>> BTagTool: [1m[33mWarning! [0m[33mHistogram 'etau/eff_DeepCSV_udsg_medium' does not exist in /afs/cern.ch/work/l/lvigilan/TauWork/CMSSW_10_6_17_patch1/src/TauFW/PicoProducer/data/btag/DeepCSV_2017_12Apr2017_eff.root! Reverting to default efficiency histogram...[0m
>>> BTagTool: [1m[33mWarning! [0m[33mHistogram 'etau/eff_DeepCSV_c_medium' does not exist in /afs/cern.ch/work/l/lvigilan/TauWork/CMSSW_10_6_17_patch1/src/TauFW/PicoProducer/data/btag/DeepCSV_2017_12Apr2017_eff.root! Reverting to default efficiency histogram...[0m
>>> BTagTool: [1m[33mWarning! [0m[33mHistogram 'etau/eff_DeepCSV_b_medium' does not exist in /afs/cern.ch/work/l/lvigilan/TauWork/CMSSW_10_6_17_patch1/src/TauFW/PicoProducer/data/btag/DeepCSV_2017_12Apr2017_eff.root! Reverting to default efficiency histogram...[0m
>>> BTagTool: [1m[33mWarning! [0m[33mMade use of default efficiency histograms! The b tag weights from this module should be regarded as placeholders only,
and should NOT be used for analyses. B (mis)tag efficiencies in MC are analysis dependent. Please create your own
efficiency histogram with data/btag/getBTagEfficiencies.py after running all MC samples with BTagWeightTool.[0m
Loading TreeProducerETau for './pico_etau_EES0p99_26.root'
--------------------------------------------------------------------------------
>>> filename     = './pico_etau_EES0p99_26.root'
>>> year         = 2017
>>> dtype        = 'mc'
>>> channel      = 'etau'
>>> ismc         = True
>>> isdata       = False
>>> isembed      = False
>>> tes          = 1.0
>>> tessys       = None
>>> fes          = None
>>> ltf          = None
>>> jtf          = 1.0
>>> dotoppt      = True
>>> dozpt        = False
>>> dojec        = True
>>> dojecsys     = True
>>> dotight      = False
>>> useT1        = True
>>> jetCutPt     = 30
>>> bjetCutEta   = 2.7
>>> tauwp        = 0
>>> eleCutPt     = 36
>>> eleCutEta    = 2.1
>>> tauCutPt     = 20
>>> tauCutEta    = 2.3
>>> ZpeekReso    = 0.1
Pre-select 215534 entries out of 215534 (100.00%)
Processed    10000/  215534 entries,  4.64% (elapsed time     8.2s, curr speed    1.215 kHz, avg speed    1.215 kHz), accepted      378/   10001 events ( 3.78%)
Processed    20000/  215534 entries,  9.28% (elapsed time    13.6s, curr speed    1.867 kHz, avg speed    1.472 kHz), accepted      793/   20001 events ( 3.96%)
Processed    30000/  215534 entries, 13.92% (elapsed time    16.8s, curr speed    3.082 kHz, avg speed    1.782 kHz), accepted     1166/   30001 events ( 3.89%)
Processed    40000/  215534 entries, 18.56% (elapsed time    22.7s, curr speed    1.709 kHz, avg speed    1.763 kHz), accepted     1565/   40001 events ( 3.91%)
Processed    50000/  215534 entries, 23.20% (elapsed time    25.9s, curr speed    3.068 kHz, avg speed    1.927 kHz), accepted     1950/   50001 events ( 3.90%)
Processed    60000/  215534 entries, 27.84% (elapsed time    29.5s, curr speed    2.830 kHz, avg speed    2.036 kHz), accepted     2320/   60001 events ( 3.87%)
Processed    70000/  215534 entries, 32.48% (elapsed time    33.5s, curr speed    2.504 kHz, avg speed    2.091 kHz), accepted     2693/   70001 events ( 3.85%)
Processed    80000/  215534 entries, 37.12% (elapsed time    37.7s, curr speed    2.362 kHz, avg speed    2.122 kHz), accepted     3089/   80001 events ( 3.86%)
Processed    90000/  215534 entries, 41.76% (elapsed time    41.4s, curr speed    2.686 kHz, avg speed    2.173 kHz), accepted     3471/   90001 events ( 3.86%)
Processed   100000/  215534 entries, 46.40% (elapsed time    44.8s, curr speed    2.934 kHz, avg speed    2.230 kHz), accepted     3841/  100001 events ( 3.84%)
Processed   110000/  215534 entries, 51.04% (elapsed time    48.5s, curr speed    2.723 kHz, avg speed    2.268 kHz), accepted     4220/  110001 events ( 3.84%)
Processed   120000/  215534 entries, 55.68% (elapsed time    52.5s, curr speed    2.534 kHz, avg speed    2.288 kHz), accepted     4598/  120001 events ( 3.83%)
Processed   130000/  215534 entries, 60.32% (elapsed time    56.4s, curr speed    2.556 kHz, avg speed    2.306 kHz), accepted     4970/  130001 events ( 3.82%)
Processed   140000/  215534 entries, 64.95% (elapsed time    60.4s, curr speed    2.499 kHz, avg speed    2.319 kHz), accepted     5365/  140001 events ( 3.83%)
Processed   150000/  215534 entries, 69.59% (elapsed time    63.7s, curr speed    2.970 kHz, avg speed    2.354 kHz), accepted     5752/  150001 events ( 3.83%)
Processed   160000/  215534 entries, 74.23% (elapsed time    67.6s, curr speed    2.593 kHz, avg speed    2.367 kHz), accepted     6119/  160001 events ( 3.82%)
Processed   170000/  215534 entries, 78.87% (elapsed time    71.6s, curr speed    2.514 kHz, avg speed    2.375 kHz), accepted     6539/  170001 events ( 3.85%)
Processed   180000/  215534 entries, 83.51% (elapsed time    74.8s, curr speed    3.089 kHz, avg speed    2.406 kHz), accepted     6946/  180001 events ( 3.86%)
Processed   190000/  215534 entries, 88.15% (elapsed time    79.1s, curr speed    2.352 kHz, avg speed    2.403 kHz), accepted     7329/  190001 events ( 3.86%)
Processed   200000/  215534 entries, 92.79% (elapsed time    83.5s, curr speed    2.258 kHz, avg speed    2.396 kHz), accepted     7749/  200001 events ( 3.87%)
Processed   210000/  215534 entries, 97.43% (elapsed time    88.0s, curr speed    2.217 kHz, avg speed    2.387 kHz), accepted     8178/  210001 events ( 3.89%)
Processed 215534 preselected entries from /eos/cms/store/group/phys_tau/TauFW/nano/UL2017/TTToSemiLeptonic_TuneCP5_13TeV-powheg-pythia8/RunIISummer19UL17NanoAODv2-106X_mc2017_realistic_v8-v1/NANOAODSIM/3BF193B0-9A32-EB4D-B350-9871DF697D9D_skimjec_4.root (215534 entries). Finally selected 8391 entries
Pre-select 215530 entries out of 215530 (100.00%)
Processed    10000/  215530 entries,  4.64% (elapsed time     8.2s, curr speed    1.219 kHz, avg speed    1.219 kHz), accepted      416/   10001 events ( 4.16%)
Processed    20000/  215530 entries,  9.28% (elapsed time    13.4s, curr speed    1.935 kHz, avg speed    1.496 kHz), accepted      763/   20001 events ( 3.81%)
Processed    30000/  215530 entries, 13.92% (elapsed time    16.7s, curr speed    3.014 kHz, avg speed    1.798 kHz), accepted     1149/   30001 events ( 3.83%)
Processed    40000/  215530 entries, 18.56% (elapsed time    20.7s, curr speed    2.519 kHz, avg speed    1.936 kHz), accepted     1559/   40001 events ( 3.90%)
Processed    50000/  215530 entries, 23.20% (elapsed time    25.1s, curr speed    2.259 kHz, avg speed    1.993 kHz), accepted     1932/   50001 events ( 3.86%)
Processed    60000/  215530 entries, 27.84% (elapsed time    29.1s, curr speed    2.486 kHz, avg speed    2.061 kHz), accepted     2354/   60001 events ( 3.92%)
Processed    70000/  215530 entries, 32.48% (elapsed time    33.0s, curr speed    2.549 kHz, avg speed    2.119 kHz), accepted     2749/   70001 events ( 3.93%)
Processed    80000/  215530 entries, 37.12% (elapsed time    38.2s, curr speed    1.929 kHz, avg speed    2.093 kHz), accepted     3116/   80001 events ( 3.89%)
Processed    90000/  215530 entries, 41.76% (elapsed time    42.9s, curr speed    2.142 kHz, avg speed    2.099 kHz), accepted     3516/   90001 events ( 3.91%)
Processed   100000/  215530 entries, 46.40% (elapsed time    47.7s, curr speed    2.098 kHz, avg speed    2.099 kHz), accepted     3892/  100001 events ( 3.89%)
Processed   110000/  215530 entries, 51.04% (elapsed time    51.4s, curr speed    2.687 kHz, avg speed    2.141 kHz), accepted     4260/  110001 events ( 3.87%)
Processed   120000/  215530 entries, 55.68% (elapsed time    56.0s, curr speed    2.139 kHz, avg speed    2.141 kHz), accepted     4665/  120001 events ( 3.89%)
Processed   130000/  215530 entries, 60.32% (elapsed time    59.7s, curr speed    2.763 kHz, avg speed    2.179 kHz), accepted     5081/  130001 events ( 3.91%)
Processed   140000/  215530 entries, 64.96% (elapsed time    63.4s, curr speed    2.650 kHz, avg speed    2.207 kHz), accepted     5448/  140001 events ( 3.89%)
Processed   150000/  215530 entries, 69.60% (elapsed time    67.8s, curr speed    2.307 kHz, avg speed    2.213 kHz), accepted     5874/  150001 events ( 3.92%)
Processed   160000/  215530 entries, 74.24% (elapsed time    71.6s, curr speed    2.588 kHz, avg speed    2.233 kHz), accepted     6234/  160001 events ( 3.90%)
Processed   170000/  215530 entries, 78.88% (elapsed time    75.2s, curr speed    2.785 kHz, avg speed    2.260 kHz), accepted     6632/  170001 events ( 3.90%)
Processed   180000/  215530 entries, 83.52% (elapsed time    78.6s, curr speed    2.926 kHz, avg speed    2.289 kHz), accepted     7008/  180001 events ( 3.89%)
Processed   190000/  215530 entries, 88.15% (elapsed time    82.1s, curr speed    2.858 kHz, avg speed    2.313 kHz), accepted     7410/  190001 events ( 3.90%)
Processed   200000/  215530 entries, 92.79% (elapsed time    85.8s, curr speed    2.705 kHz, avg speed    2.330 kHz), accepted     7804/  200001 events ( 3.90%)
Processed   210000/  215530 entries, 97.43% (elapsed time    89.3s, curr speed    2.920 kHz, avg speed    2.352 kHz), accepted     8194/  210001 events ( 3.90%)
Processed 215530 preselected entries from /eos/cms/store/group/phys_tau/TauFW/nano/UL2017/TTToSemiLeptonic_TuneCP5_13TeV-powheg-pythia8/RunIISummer19UL17NanoAODv2-106X_mc2017_realistic_v8-v1/NANOAODSIM/3BF193B0-9A32-EB4D-B350-9871DF697D9D_skimjec_5.root (215530 entries). Finally selected 8383 entries
Pre-select 224420 entries out of 224420 (100.00%)
Processed    10000/  224420 entries,  4.46% (elapsed time     7.9s, curr speed    1.267 kHz, avg speed    1.267 kHz), accepted      387/   10001 events ( 3.87%)
Processed    20000/  224420 entries,  8.91% (elapsed time    14.3s, curr speed    1.555 kHz, avg speed    1.397 kHz), accepted      776/   20001 events ( 3.88%)
Processed    30000/  224420 entries, 13.37% (elapsed time    17.5s, curr speed    3.178 kHz, avg speed    1.717 kHz), accepted     1167/   30001 events ( 3.89%)
Processed    40000/  224420 entries, 17.82% (elapsed time    21.2s, curr speed    2.690 kHz, avg speed    1.888 kHz), accepted     1542/   40001 events ( 3.85%)
Processed    50000/  224420 entries, 22.28% (elapsed time    24.8s, curr speed    2.795 kHz, avg speed    2.019 kHz), accepted     1935/   50001 events ( 3.87%)
Processed    60000/  224420 entries, 26.74% (elapsed time    28.1s, curr speed    2.964 kHz, avg speed    2.132 kHz), accepted     2328/   60001 events ( 3.88%)
Processed    70000/  224420 entries, 31.19% (elapsed time    31.9s, curr speed    2.673 kHz, avg speed    2.196 kHz), accepted     2707/   70001 events ( 3.87%)
Processed    80000/  224420 entries, 35.65% (elapsed time    35.5s, curr speed    2.763 kHz, avg speed    2.254 kHz), accepted     3101/   80001 events ( 3.88%)
Processed    90000/  224420 entries, 40.10% (elapsed time    39.4s, curr speed    2.580 kHz, avg speed    2.286 kHz), accepted     3499/   90001 events ( 3.89%)
Processed   100000/  224420 entries, 44.56% (elapsed time    42.9s, curr speed    2.825 kHz, avg speed    2.330 kHz), accepted     3880/  100001 events ( 3.88%)
Processed   110000/  224420 entries, 49.02% (elapsed time    48.4s, curr speed    1.827 kHz, avg speed    2.273 kHz), accepted     4253/  110001 events ( 3.87%)
Processed   120000/  224420 entries, 53.47% (elapsed time    55.1s, curr speed    1.491 kHz, avg speed    2.178 kHz), accepted     4638/  120001 events ( 3.86%)
Processed   130000/  224420 entries, 57.93% (elapsed time    58.6s, curr speed    2.837 kHz, avg speed    2.218 kHz), accepted     5018/  130001 events ( 3.86%)
Processed   140000/  224420 entries, 62.38% (elapsed time    63.5s, curr speed    2.050 kHz, avg speed    2.205 kHz), accepted     5415/  140001 events ( 3.87%)
Processed   150000/  224420 entries, 66.84% (elapsed time    67.8s, curr speed    2.329 kHz, avg speed    2.213 kHz), accepted     5791/  150001 events ( 3.86%)
Processed   160000/  224420 entries, 71.29% (elapsed time    73.7s, curr speed    1.695 kHz, avg speed    2.171 kHz), accepted     6177/  160001 events ( 3.86%)
Processed   170000/  224420 entries, 75.75% (elapsed time    80.8s, curr speed    1.416 kHz, avg speed    2.105 kHz), accepted     6529/  170001 events ( 3.84%)
Processed   180000/  224420 entries, 80.21% (elapsed time    84.3s, curr speed    2.794 kHz, avg speed    2.134 kHz), accepted     6907/  180001 events ( 3.84%)
Processed   190000/  224420 entries, 84.66% (elapsed time    88.1s, curr speed    2.680 kHz, avg speed    2.158 kHz), accepted     7245/  190001 events ( 3.81%)
Processed   200000/  224420 entries, 89.12% (elapsed time    92.7s, curr speed    2.168 kHz, avg speed    2.158 kHz), accepted     7643/  200001 events ( 3.82%)
Processed   210000/  224420 entries, 93.57% (elapsed time    99.3s, curr speed    1.511 kHz, avg speed    2.115 kHz), accepted     8067/  210001 events ( 3.84%)
Processed   220000/  224420 entries, 98.03% (elapsed time   106.0s, curr speed    1.497 kHz, avg speed    2.076 kHz), accepted     8479/  220001 events ( 3.85%)
Processed 224420 preselected entries from /eos/cms/store/group/phys_tau/TauFW/nano/UL2017/TTToSemiLeptonic_TuneCP5_13TeV-powheg-pythia8/RunIISummer19UL17NanoAODv2-106X_mc2017_realistic_v8-v1/NANOAODSIM/3F24CF23-D916-A64A-A9A8-B94730AEC47E_skimjec_0.root (224420 entries). Finally selected 8661 entries
Pre-select 224420 entries out of 224420 (100.00%)
Processed    10000/  224420 entries,  4.46% (elapsed time     6.8s, curr speed    1.470 kHz, avg speed    1.470 kHz), accepted      372/   10001 events ( 3.72%)
Processed    20000/  224420 entries,  8.91% (elapsed time    11.1s, curr speed    2.323 kHz, avg speed    1.800 kHz), accepted      739/   20001 events ( 3.69%)
Processed    30000/  224420 entries, 13.37% (elapsed time    14.3s, curr speed    3.131 kHz, avg speed    2.097 kHz), accepted     1128/   30001 events ( 3.76%)
Processed    40000/  224420 entries, 17.82% (elapsed time    17.8s, curr speed    2.834 kHz, avg speed    2.243 kHz), accepted     1506/   40001 events ( 3.76%)
Processed    50000/  224420 entries, 22.28% (elapsed time    21.3s, curr speed    2.889 kHz, avg speed    2.348 kHz), accepted     1881/   50001 events ( 3.76%)
Processed    60000/  224420 entries, 26.74% (elapsed time    25.0s, curr speed    2.733 kHz, avg speed    2.404 kHz), accepted     2322/   60001 events ( 3.87%)
Processed    70000/  224420 entries, 31.19% (elapsed time    28.6s, curr speed    2.736 kHz, avg speed    2.447 kHz), accepted     2684/   70001 events ( 3.83%)
Processed    80000/  224420 entries, 35.65% (elapsed time    31.9s, curr speed    2.994 kHz, avg speed    2.504 kHz), accepted     3084/   80001 events ( 3.85%)
Processed    90000/  224420 entries, 40.10% (elapsed time    35.4s, curr speed    2.916 kHz, avg speed    2.544 kHz), accepted     3468/   90001 events ( 3.85%)
Processed   100000/  224420 entries, 44.56% (elapsed time    39.1s, curr speed    2.666 kHz, avg speed    2.556 kHz), accepted     3912/  100001 events ( 3.91%)
Processed   110000/  224420 entries, 49.02% (elapsed time    42.3s, curr speed    3.152 kHz, avg speed    2.600 kHz), accepted     4286/  110001 events ( 3.90%)
Processed   120000/  224420 entries, 53.47% (elapsed time    46.3s, curr speed    2.526 kHz, avg speed    2.594 kHz), accepted     4704/  120001 events ( 3.92%)
Processed   130000/  224420 entries, 57.93% (elapsed time    49.9s, curr speed    2.785 kHz, avg speed    2.608 kHz), accepted     5080/  130001 events ( 3.91%)
Processed   140000/  224420 entries, 62.38% (elapsed time    53.9s, curr speed    2.463 kHz, avg speed    2.597 kHz), accepted     5474/  140001 events ( 3.91%)
Processed   150000/  224420 entries, 66.84% (elapsed time    57.5s, curr speed    2.819 kHz, avg speed    2.611 kHz), accepted     5858/  150001 events ( 3.91%)
Processed   160000/  224420 entries, 71.29% (elapsed time    61.0s, curr speed    2.856 kHz, avg speed    2.625 kHz), accepted     6262/  160001 events ( 3.91%)
Processed   170000/  224420 entries, 75.75% (elapsed time    65.0s, curr speed    2.453 kHz, avg speed    2.614 kHz), accepted     6671/  170001 events ( 3.92%)
Processed   180000/  224420 entries, 80.21% (elapsed time    68.6s, curr speed    2.839 kHz, avg speed    2.625 kHz), accepted     7065/  180001 events ( 3.92%)
Processed   190000/  224420 entries, 84.66% (elapsed time    72.6s, curr speed    2.475 kHz, avg speed    2.617 kHz), accepted     7456/  190001 events ( 3.92%)
Processed   200000/  224420 entries, 89.12% (elapsed time    76.6s, curr speed    2.528 kHz, avg speed    2.613 kHz), accepted     7846/  200001 events ( 3.92%)
Processed   210000/  224420 entries, 93.57% (elapsed time    80.7s, curr speed    2.392 kHz, avg speed    2.601 kHz), accepted     8239/  210001 events ( 3.92%)
Processed   220000/  224420 entries, 98.03% (elapsed time    84.6s, curr speed    2.612 kHz, avg speed    2.602 kHz), accepted     8627/  220001 events ( 3.92%)
Processed 224420 preselected entries from /eos/cms/store/group/phys_tau/TauFW/nano/UL2017/TTToSemiLeptonic_TuneCP5_13TeV-powheg-pythia8/RunIISummer19UL17NanoAODv2-106X_mc2017_realistic_v8-v1/NANOAODSIM/3F24CF23-D916-A64A-A9A8-B94730AEC47E_skimjec_1.root (224420 entries). Finally selected 8806 entries
Pre-select 224420 entries out of 224420 (100.00%)
Processed    10000/  224420 entries,  4.46% (elapsed time     8.0s, curr speed    1.243 kHz, avg speed    1.243 kHz), accepted      395/   10001 events ( 3.95%)
Processed    20000/  224420 entries,  8.91% (elapsed time    13.5s, curr speed    1.846 kHz, avg speed    1.486 kHz), accepted      776/   20001 events ( 3.88%)
Processed    30000/  224420 entries, 13.37% (elapsed time    17.0s, curr speed    2.820 kHz, avg speed    1.764 kHz), accepted     1150/   30001 events ( 3.83%)
Processed    40000/  224420 entries, 17.82% (elapsed time    21.2s, curr speed    2.412 kHz, avg speed    1.891 kHz), accepted     1578/   40001 events ( 3.94%)
Processed    50000/  224420 entries, 22.28% (elapsed time    25.3s, curr speed    2.421 kHz, avg speed    1.978 kHz), accepted     1947/   50001 events ( 3.89%)
Processed    60000/  224420 entries, 26.74% (elapsed time    29.1s, curr speed    2.652 kHz, avg speed    2.065 kHz), accepted     2340/   60001 events ( 3.90%)
Processed    70000/  224420 entries, 31.19% (elapsed time    33.1s, curr speed    2.445 kHz, avg speed    2.112 kHz), accepted     2741/   70001 events ( 3.92%)
Processed    80000/  224420 entries, 35.65% (elapsed time    37.2s, curr speed    2.474 kHz, avg speed    2.151 kHz), accepted     3137/   80001 events ( 3.92%)
Processed    90000/  224420 entries, 40.10% (elapsed time    40.8s, curr speed    2.763 kHz, avg speed    2.206 kHz), accepted     3541/   90001 events ( 3.93%)
Processed   100000/  224420 entries, 44.56% (elapsed time    44.3s, curr speed    2.881 kHz, avg speed    2.258 kHz), accepted     3927/  100001 events ( 3.93%)
Processed   110000/  224420 entries, 49.02% (elapsed time    47.6s, curr speed    3.012 kHz, avg speed    2.311 kHz), accepted     4326/  110001 events ( 3.93%)
Processed   120000/  224420 entries, 53.47% (elapsed time    51.6s, curr speed    2.483 kHz, avg speed    2.325 kHz), accepted     4749/  120001 events ( 3.96%)
Processed   130000/  224420 entries, 57.93% (elapsed time    55.3s, curr speed    2.705 kHz, avg speed    2.350 kHz), accepted     5122/  130001 events ( 3.94%)
Processed   140000/  224420 entries, 62.38% (elapsed time    59.2s, curr speed    2.579 kHz, avg speed    2.365 kHz), accepted     5530/  140001 events ( 3.95%)
Processed   150000/  224420 entries, 66.84% (elapsed time    62.6s, curr speed    2.908 kHz, avg speed    2.395 kHz), accepted     5910/  150001 events ( 3.94%)
Processed   160000/  224420 entries, 71.29% (elapsed time    66.4s, curr speed    2.627 kHz, avg speed    2.408 kHz), accepted     6305/  160001 events ( 3.94%)
Processed   170000/  224420 entries, 75.75% (elapsed time    69.9s, curr speed    2.917 kHz, avg speed    2.433 kHz), accepted     6694/  170001 events ( 3.94%)
Processed   180000/  224420 entries, 80.21% (elapsed time    73.6s, curr speed    2.653 kHz, avg speed    2.444 kHz), accepted     7071/  180001 events ( 3.93%)
Processed   190000/  224420 entries, 84.66% (elapsed time    77.1s, curr speed    2.909 kHz, avg speed    2.465 kHz), accepted     7452/  190001 events ( 3.92%)
Processed   200000/  224420 entries, 89.12% (elapsed time    80.9s, curr speed    2.622 kHz, avg speed    2.472 kHz), accepted     7827/  200001 events ( 3.91%)
Processed   210000/  224420 entries, 93.57% (elapsed time    84.9s, curr speed    2.480 kHz, avg speed    2.473 kHz), accepted     8207/  210001 events ( 3.91%)
Processed   220000/  224420 entries, 98.03% (elapsed time    88.5s, curr speed    2.817 kHz, avg speed    2.487 kHz), accepted     8574/  220001 events ( 3.90%)
Processed 224420 preselected entries from /eos/cms/store/group/phys_tau/TauFW/nano/UL2017/TTToSemiLeptonic_TuneCP5_13TeV-powheg-pythia8/RunIISummer19UL17NanoAODv2-106X_mc2017_realistic_v8-v1/NANOAODSIM/3F24CF23-D916-A64A-A9A8-B94730AEC47E_skimjec_2.root (224420 entries). Finally selected 8763 entries
Total time 467.5 sec. to process 1104324 events. Rate = 2362.3 Hz.
>>> cwd          = /pool/condor/dir_1952
>>> ls           = ['lvigilan.cc', 'x509_voms', 'var', '.job.ad', 'pico_etau_EES0p99_26.root', 'tmp', 'condor_exec.exe', '_condor_stdout', '.machine.ad', '.update.ad', '.chirp.config']
>>> getstorage('/eos/home-l/lvigilan/output_ETauFR_UL17_RUN1/UL2017/etau/TTToSemiLeptonic'), <EOS("/eos/home-l/lvigilan/output_ETauFR_UL17_RUN1/UL2017/etau/TTToSemiLeptonic") at 0x2ab468598d50>
>>> Executing: 'cp ./pico_etau_EES0p99_26.root /eos/home-l/lvigilan/output_ETauFR_UL17_RUN1/UL2017/etau/TTToSemiLeptonic'
>>> Removing './pico_etau_EES0p99_26.root'...
>>> picojob.py done after 499.1 seconds

Job complete at Mon Jun  7 23:09:36 CEST 2021
Took 8 minutes 22 seconds040 (2367873.026.000) 06/07 23:10:21 Finished transferring output files
...
005 (2367873.026.000) 06/07 23:10:21 Job terminated.
	(1) Normal termination (return value 0)
		Usr 0 00:05:50, Sys 0 00:00:10  -  Run Remote Usage
		Usr 0 00:00:00, Sys 0 00:00:00  -  Run Local Usage
		Usr 0 00:05:50, Sys 0 00:00:10  -  Total Remote Usage
		Usr 0 00:00:00, Sys 0 00:00:00  -  Total Local Usage
	35157  -  Run Bytes Sent By Job
	9898  -  Run Bytes Received By Job
	35157  -  Total Bytes Sent By Job
	9898  -  Total Bytes Received By Job
	Partitionable Resources :    Usage  Request Allocated 
	   Cpus                 :     0.80        1         1 
	   Disk (KB)            :  4661           1    258798 
	   Memory (MB)          :   282        2000      2000 

	Job terminated of its own accord at 2021-06-07T21:09:36Z.
...
