Could not find platform independent libraries <prefix>
Could not find platform dependent libraries <exec_prefix>
Consider setting $PYTHONHOME to <prefix>[:<exec_prefix>]
ImportError: No module named site
Job start at Mon Jun  7 18:59:36 CEST 2021
Running job on machine Linux b7s11n8810.cern.ch 3.10.0-1160.24.1.el7.x86_64 #1 SMP Thu Apr 8 19:51:47 UTC 2021 x86_64 x86_64 x86_64 GNU/Linux, host b7s11n8810.cern.ch
============================================================
$PWD=/pool/condor/dir_8258
$JOBID=2367592
$TASKID=32
$HOSTNAME=b7s11n8810.cern.ch
$TASKCMD=/afs/cern.ch/work/l/lvigilan/TauWork/CMSSW_10_6_17_patch1/src/TauFW/PicoProducer/python/processors/picojob.py -y UL2017 -d 'mc' -c etau -M ETauFakeRate.ModuleETau --copydir /eos/home-l/lvigilan/output_ETauFR_UL17_RUN1/UL2017/etau/TTToSemiLeptonic -t _etau_32 --opt 'useT1=True' 'toppt=True' -i /eos/cms/store/group/phys_tau/TauFW/nano/UL2017/TTToSemiLeptonic_TuneCP5_13TeV-powheg-pythia8/RunIISummer19UL17NanoAODv2-106X_mc2017_realistic_v8-v1/NANOAODSIM/4E644918-BAA4-3B47-86AD-20D6E465D102_skimjec_1.root /eos/cms/store/group/phys_tau/TauFW/nano/UL2017/TTToSemiLeptonic_TuneCP5_13TeV-powheg-pythia8/RunIISummer19UL17NanoAODv2-106X_mc2017_realistic_v8-v1/NANOAODSIM/4E644918-BAA4-3B47-86AD-20D6E465D102_skimjec_2.root /eos/cms/store/group/phys_tau/TauFW/nano/UL2017/TTToSemiLeptonic_TuneCP5_13TeV-powheg-pythia8/RunIISummer19UL17NanoAODv2-106X_mc2017_realistic_v8-v1/NANOAODSIM/4ED27CC3-3C57-6F43-8C19-7C64A5C28ED1_skimjec_0.root /eos/cms/store/group/phys_tau/TauFW/nano/UL2017/TTToSemiLeptonic_TuneCP5_13TeV-powheg-pythia8/RunIISummer19UL17NanoAODv2-106X_mc2017_realistic_v8-v1/NANOAODSIM/4ED27CC3-3C57-6F43-8C19-7C64A5C28ED1_skimjec_1.root /eos/cms/store/group/phys_tau/TauFW/nano/UL2017/TTToSemiLeptonic_TuneCP5_13TeV-powheg-pythia8/RunIISummer19UL17NanoAODv2-106X_mc2017_realistic_v8-v1/NANOAODSIM/4ED27CC3-3C57-6F43-8C19-7C64A5C28ED1_skimjec_2.root
$WORKDIR=/pool/condor/dir_8258
>>> cd /afs/cern.ch/work/l/lvigilan/TauWork/CMSSW_10_6_17_patch1/src
>>> eval `scramv1 runtime -sh`
>>> cd /pool/condor/dir_8258
$PWD=/pool/condor/dir_8258
>>> /afs/cern.ch/work/l/lvigilan/TauWork/CMSSW_10_6_17_patch1/src/TauFW/PicoProducer/python/processors/picojob.py -y UL2017 -d 'mc' -c etau -M ETauFakeRate.ModuleETau --copydir /eos/home-l/lvigilan/output_ETauFR_UL17_RUN1/UL2017/etau/TTToSemiLeptonic -t _etau_32 --opt 'useT1=True' 'toppt=True' -i /eos/cms/store/group/phys_tau/TauFW/nano/UL2017/TTToSemiLeptonic_TuneCP5_13TeV-powheg-pythia8/RunIISummer19UL17NanoAODv2-106X_mc2017_realistic_v8-v1/NANOAODSIM/4E644918-BAA4-3B47-86AD-20D6E465D102_skimjec_1.root /eos/cms/store/group/phys_tau/TauFW/nano/UL2017/TTToSemiLeptonic_TuneCP5_13TeV-powheg-pythia8/RunIISummer19UL17NanoAODv2-106X_mc2017_realistic_v8-v1/NANOAODSIM/4E644918-BAA4-3B47-86AD-20D6E465D102_skimjec_2.root /eos/cms/store/group/phys_tau/TauFW/nano/UL2017/TTToSemiLeptonic_TuneCP5_13TeV-powheg-pythia8/RunIISummer19UL17NanoAODv2-106X_mc2017_realistic_v8-v1/NANOAODSIM/4ED27CC3-3C57-6F43-8C19-7C64A5C28ED1_skimjec_0.root /eos/cms/store/group/phys_tau/TauFW/nano/UL2017/TTToSemiLeptonic_TuneCP5_13TeV-powheg-pythia8/RunIISummer19UL17NanoAODv2-106X_mc2017_realistic_v8-v1/NANOAODSIM/4ED27CC3-3C57-6F43-8C19-7C64A5C28ED1_skimjec_1.root /eos/cms/store/group/phys_tau/TauFW/nano/UL2017/TTToSemiLeptonic_TuneCP5_13TeV-powheg-pythia8/RunIISummer19UL17NanoAODv2-106X_mc2017_realistic_v8-v1/NANOAODSIM/4ED27CC3-3C57-6F43-8C19-7C64A5C28ED1_skimjec_2.root
Error in <TGClient::TGClient>: can't open display "localhost:19.0", switching to batch mode...
 In case you run from a remote ssh session, reconnect with ssh -Y
--------------------------------------------------------------------------------
>>> era          = 'UL2017'
>>> year         = 2017
>>> channel      = 'etau'
>>> modname      = 'ETauFakeRate.ModuleETau'
>>> dtype        = 'mc'
>>> kwargs       = {'dtype': 'mc', 'toppt': True, 'useT1': True, 'verb': 0, 'era': 'UL2017', 'year': 2017}
>>> firstevt     = 0
>>> maxevts      = None
>>> outdir       = '.'
>>> copydir      = '/eos/home-l/lvigilan/output_ETauFR_UL17_RUN1/UL2017/etau/TTToSemiLeptonic'
>>> infiles      = ['/eos/cms/store/group/phys_tau/TauFW/nano/UL2017/TTToSemiLeptonic_TuneCP5_13TeV-powheg-pythia8/RunIISummer19UL17NanoAODv2-106X_mc2017_realistic_v8-v1/NANOAODSIM/4E644918-BAA4-3B47-86AD-20D6E465D102_skimjec_1.root', '/eos/cms/store/group/phys_tau/TauFW/nano/UL2017/TTToSemiLeptonic_TuneCP5_13TeV-powheg-pythia8/RunIISummer19UL17NanoAODv2-106X_mc2017_realistic_v8-v1/NANOAODSIM/4E644918-BAA4-3B47-86AD-20D6E465D102_skimjec_2.root', '/eos/cms/store/group/phys_tau/TauFW/nano/UL2017/TTToSemiLeptonic_TuneCP5_13TeV-powheg-pythia8/RunIISummer19UL17NanoAODv2-106X_mc2017_realistic_v8-v1/NANOAODSIM/4ED27CC3-3C57-6F43-8C19-7C64A5C28ED1_skimjec_0.root', '/eos/cms/store/group/phys_tau/TauFW/nano/UL2017/TTToSemiLeptonic_TuneCP5_13TeV-powheg-pythia8/RunIISummer19UL17NanoAODv2-106X_mc2017_realistic_v8-v1/NANOAODSIM/4ED27CC3-3C57-6F43-8C19-7C64A5C28ED1_skimjec_1.root', '/eos/cms/store/group/phys_tau/TauFW/nano/UL2017/TTToSemiLeptonic_TuneCP5_13TeV-powheg-pythia8/RunIISummer19UL17NanoAODv2-106X_mc2017_realistic_v8-v1/NANOAODSIM/4ED27CC3-3C57-6F43-8C19-7C64A5C28ED1_skimjec_2.root']
>>> outfname     = './pico_etau_32.root'
>>> branchsel    = '/afs/cern.ch/work/l/lvigilan/TauWork/CMSSW_10_6_17_patch1/python/TauFW/PicoProducer/processors/keep_and_drop_skim.txt'
>>> json         = None
>>> prefetch     = False
>>> cwd          = /pool/condor/dir_8258
--------------------------------------------------------------------------------

   ################
   #  ModuleETau  #
   ################

Loading PileupWeightTool for '/afs/cern.ch/work/l/lvigilan/TauWork/CMSSW_10_6_17_patch1/src/TauFW/PicoProducer/data/pileup/Data_PileUp_UL2017_69p2.root' and '/afs/cern.ch/work/l/lvigilan/TauWork/CMSSW_10_6_17_patch1/src/TauFW/PicoProducer/data/pileup/MC_PileUp_UL2017_Summer19.root'
Loading BTagWeightTool for DeepCSV (medium WP)...
>>> BTagTool: [1m[33mWarning! [0m[33mHistogram 'etau/eff_DeepCSV_udsg_medium' does not exist in /afs/cern.ch/work/l/lvigilan/TauWork/CMSSW_10_6_17_patch1/src/TauFW/PicoProducer/data/btag/DeepCSV_2017_12Apr2017_eff.root! Reverting to default efficiency histogram...[0m
>>> BTagTool: [1m[33mWarning! [0m[33mHistogram 'etau/eff_DeepCSV_c_medium' does not exist in /afs/cern.ch/work/l/lvigilan/TauWork/CMSSW_10_6_17_patch1/src/TauFW/PicoProducer/data/btag/DeepCSV_2017_12Apr2017_eff.root! Reverting to default efficiency histogram...[0m
>>> BTagTool: [1m[33mWarning! [0m[33mHistogram 'etau/eff_DeepCSV_b_medium' does not exist in /afs/cern.ch/work/l/lvigilan/TauWork/CMSSW_10_6_17_patch1/src/TauFW/PicoProducer/data/btag/DeepCSV_2017_12Apr2017_eff.root! Reverting to default efficiency histogram...[0m
>>> BTagTool: [1m[33mWarning! [0m[33mMade use of default efficiency histograms! The b tag weights from this module should be regarded as placeholders only,
and should NOT be used for analyses. B (mis)tag efficiencies in MC are analysis dependent. Please create your own
efficiency histogram with data/btag/getBTagEfficiencies.py after running all MC samples with BTagWeightTool.[0m
Loading TreeProducerETau for './pico_etau_32.root'
--------------------------------------------------------------------------------
>>> filename     = './pico_etau_32.root'
>>> year         = 2017
>>> dtype        = 'mc'
>>> channel      = 'etau'
>>> ismc         = True
>>> isdata       = False
>>> isembed      = False
>>> tes          = 1.0
>>> tessys       = None
>>> fes          = None
>>> ltf          = None
>>> jtf          = 1.0
>>> dotoppt      = True
>>> dozpt        = False
>>> dojec        = True
>>> dojecsys     = True
>>> dotight      = False
>>> useT1        = True
>>> jetCutPt     = 30
>>> bjetCutEta   = 2.7
>>> tauwp        = 0
>>> eleCutPt     = 36
>>> eleCutEta    = 2.1
>>> tauCutPt     = 20
>>> tauCutEta    = 2.3
>>> ZpeekReso    = 0.1
Pre-select 247334 entries out of 247334 (100.00%)
Processed    10000/  247334 entries,  4.04% (elapsed time     5.2s, curr speed    1.937 kHz, avg speed    1.937 kHz), accepted      390/   10001 events ( 3.90%)
Processed    20000/  247334 entries,  8.09% (elapsed time     8.0s, curr speed    3.507 kHz, avg speed    2.495 kHz), accepted      755/   20001 events ( 3.77%)
Processed    30000/  247334 entries, 12.13% (elapsed time    10.4s, curr speed    4.267 kHz, avg speed    2.896 kHz), accepted     1137/   30001 events ( 3.79%)
Processed    40000/  247334 entries, 16.17% (elapsed time    13.4s, curr speed    3.268 kHz, avg speed    2.981 kHz), accepted     1553/   40001 events ( 3.88%)
Processed    50000/  247334 entries, 20.22% (elapsed time    17.7s, curr speed    2.329 kHz, avg speed    2.823 kHz), accepted     1933/   50001 events ( 3.87%)
Processed    60000/  247334 entries, 24.26% (elapsed time    21.8s, curr speed    2.452 kHz, avg speed    2.754 kHz), accepted     2330/   60001 events ( 3.88%)
Processed    70000/  247334 entries, 28.30% (elapsed time    24.4s, curr speed    3.785 kHz, avg speed    2.865 kHz), accepted     2780/   70001 events ( 3.97%)
Processed    80000/  247334 entries, 32.34% (elapsed time    26.9s, curr speed    4.023 kHz, avg speed    2.972 kHz), accepted     3142/   80001 events ( 3.93%)
Processed    90000/  247334 entries, 36.39% (elapsed time    29.3s, curr speed    4.250 kHz, avg speed    3.075 kHz), accepted     3559/   90001 events ( 3.95%)
Processed   100000/  247334 entries, 40.43% (elapsed time    31.6s, curr speed    4.298 kHz, avg speed    3.165 kHz), accepted     3961/  100001 events ( 3.96%)
Processed   110000/  247334 entries, 44.47% (elapsed time    34.0s, curr speed    4.180 kHz, avg speed    3.236 kHz), accepted     4350/  110001 events ( 3.95%)
Processed   120000/  247334 entries, 48.52% (elapsed time    38.8s, curr speed    2.057 kHz, avg speed    3.089 kHz), accepted     4723/  120001 events ( 3.94%)
Processed   130000/  247334 entries, 52.56% (elapsed time    42.9s, curr speed    2.468 kHz, avg speed    3.030 kHz), accepted     5094/  130001 events ( 3.92%)
Processed   140000/  247334 entries, 56.60% (elapsed time    47.5s, curr speed    2.156 kHz, avg speed    2.945 kHz), accepted     5484/  140001 events ( 3.92%)
Processed   150000/  247334 entries, 60.65% (elapsed time    50.1s, curr speed    3.885 kHz, avg speed    2.993 kHz), accepted     5841/  150001 events ( 3.89%)
Processed   160000/  247334 entries, 64.69% (elapsed time    52.9s, curr speed    3.564 kHz, avg speed    3.023 kHz), accepted     6242/  160001 events ( 3.90%)
Processed   170000/  247334 entries, 68.73% (elapsed time    55.2s, curr speed    4.345 kHz, avg speed    3.079 kHz), accepted     6627/  170001 events ( 3.90%)
Processed   180000/  247334 entries, 72.78% (elapsed time    57.5s, curr speed    4.368 kHz, avg speed    3.130 kHz), accepted     7052/  180001 events ( 3.92%)
Processed   190000/  247334 entries, 76.82% (elapsed time    60.1s, curr speed    3.899 kHz, avg speed    3.163 kHz), accepted     7485/  190001 events ( 3.94%)
Processed   200000/  247334 entries, 80.86% (elapsed time    62.6s, curr speed    3.898 kHz, avg speed    3.193 kHz), accepted     7884/  200001 events ( 3.94%)
Processed   210000/  247334 entries, 84.91% (elapsed time    64.9s, curr speed    4.342 kHz, avg speed    3.234 kHz), accepted     8267/  210001 events ( 3.94%)
Processed   220000/  247334 entries, 88.95% (elapsed time    67.1s, curr speed    4.573 kHz, avg speed    3.277 kHz), accepted     8691/  220001 events ( 3.95%)
Processed   230000/  247334 entries, 92.99% (elapsed time    69.4s, curr speed    4.357 kHz, avg speed    3.313 kHz), accepted     9103/  230001 events ( 3.96%)
Processed   240000/  247334 entries, 97.03% (elapsed time    71.7s, curr speed    4.452 kHz, avg speed    3.349 kHz), accepted     9500/  240001 events ( 3.96%)
Processed 247334 preselected entries from /eos/cms/store/group/phys_tau/TauFW/nano/UL2017/TTToSemiLeptonic_TuneCP5_13TeV-powheg-pythia8/RunIISummer19UL17NanoAODv2-106X_mc2017_realistic_v8-v1/NANOAODSIM/4E644918-BAA4-3B47-86AD-20D6E465D102_skimjec_1.root (247334 entries). Finally selected 9789 entries
Pre-select 247332 entries out of 247332 (100.00%)
Processed    10000/  247332 entries,  4.04% (elapsed time     5.5s, curr speed    1.826 kHz, avg speed    1.826 kHz), accepted      411/   10001 events ( 4.11%)
Processed    20000/  247332 entries,  8.09% (elapsed time     9.3s, curr speed    2.601 kHz, avg speed    2.145 kHz), accepted      816/   20001 events ( 4.08%)
Processed    30000/  247332 entries, 12.13% (elapsed time    14.1s, curr speed    2.115 kHz, avg speed    2.135 kHz), accepted     1194/   30001 events ( 3.98%)
Processed    40000/  247332 entries, 16.17% (elapsed time    18.4s, curr speed    2.276 kHz, avg speed    2.169 kHz), accepted     1594/   40001 events ( 3.98%)
Processed    50000/  247332 entries, 20.22% (elapsed time    22.2s, curr speed    2.663 kHz, avg speed    2.252 kHz), accepted     2001/   50001 events ( 4.00%)
Processed    60000/  247332 entries, 24.26% (elapsed time    25.7s, curr speed    2.856 kHz, avg speed    2.335 kHz), accepted     2418/   60001 events ( 4.03%)
Processed    70000/  247332 entries, 28.30% (elapsed time    28.1s, curr speed    4.155 kHz, avg speed    2.490 kHz), accepted     2800/   70001 events ( 4.00%)
Processed    80000/  247332 entries, 32.35% (elapsed time    30.4s, curr speed    4.292 kHz, avg speed    2.628 kHz), accepted     3175/   80001 events ( 3.97%)
Processed    90000/  247332 entries, 36.39% (elapsed time    32.7s, curr speed    4.342 kHz, avg speed    2.749 kHz), accepted     3561/   90001 events ( 3.96%)
Processed   100000/  247332 entries, 40.43% (elapsed time    35.0s, curr speed    4.403 kHz, avg speed    2.856 kHz), accepted     3967/  100001 events ( 3.97%)
Processed   110000/  247332 entries, 44.47% (elapsed time    37.3s, curr speed    4.299 kHz, avg speed    2.946 kHz), accepted     4369/  110001 events ( 3.97%)
Processed   120000/  247332 entries, 48.52% (elapsed time    39.6s, curr speed    4.504 kHz, avg speed    3.033 kHz), accepted     4732/  120001 events ( 3.94%)
Processed   130000/  247332 entries, 52.56% (elapsed time    41.9s, curr speed    4.276 kHz, avg speed    3.103 kHz), accepted     5142/  130001 events ( 3.96%)
Processed   140000/  247332 entries, 56.60% (elapsed time    44.4s, curr speed    4.059 kHz, avg speed    3.156 kHz), accepted     5534/  140001 events ( 3.95%)
Processed   150000/  247332 entries, 60.65% (elapsed time    46.7s, curr speed    4.276 kHz, avg speed    3.212 kHz), accepted     5941/  150001 events ( 3.96%)
Processed   160000/  247332 entries, 64.69% (elapsed time    48.9s, curr speed    4.539 kHz, avg speed    3.272 kHz), accepted     6323/  160001 events ( 3.95%)
Processed   170000/  247332 entries, 68.73% (elapsed time    51.1s, curr speed    4.474 kHz, avg speed    3.324 kHz), accepted     6765/  170001 events ( 3.98%)
Processed   180000/  247332 entries, 72.78% (elapsed time    53.2s, curr speed    4.795 kHz, avg speed    3.382 kHz), accepted     7192/  180001 events ( 4.00%)
Processed   190000/  247332 entries, 76.82% (elapsed time    55.3s, curr speed    4.740 kHz, avg speed    3.434 kHz), accepted     7594/  190001 events ( 4.00%)
Processed   200000/  247332 entries, 80.86% (elapsed time    57.7s, curr speed    4.170 kHz, avg speed    3.464 kHz), accepted     7947/  200001 events ( 3.97%)
Processed   210000/  247332 entries, 84.91% (elapsed time    60.3s, curr speed    3.947 kHz, avg speed    3.485 kHz), accepted     8357/  210001 events ( 3.98%)
Processed   220000/  247332 entries, 88.95% (elapsed time    62.6s, curr speed    4.285 kHz, avg speed    3.514 kHz), accepted     8744/  220001 events ( 3.97%)
Processed   230000/  247332 entries, 92.99% (elapsed time    65.1s, curr speed    4.045 kHz, avg speed    3.535 kHz), accepted     9138/  230001 events ( 3.97%)
Processed   240000/  247332 entries, 97.04% (elapsed time    67.4s, curr speed    4.384 kHz, avg speed    3.563 kHz), accepted     9546/  240001 events ( 3.98%)
Processed 247332 preselected entries from /eos/cms/store/group/phys_tau/TauFW/nano/UL2017/TTToSemiLeptonic_TuneCP5_13TeV-powheg-pythia8/RunIISummer19UL17NanoAODv2-106X_mc2017_realistic_v8-v1/NANOAODSIM/4E644918-BAA4-3B47-86AD-20D6E465D102_skimjec_2.root (247332 entries). Finally selected 9830 entries
Pre-select 210850 entries out of 210850 (100.00%)
Processed    10000/  210850 entries,  4.74% (elapsed time     4.7s, curr speed    2.139 kHz, avg speed    2.139 kHz), accepted      385/   10001 events ( 3.85%)
Processed    20000/  210850 entries,  9.49% (elapsed time     7.5s, curr speed    3.565 kHz, avg speed    2.674 kHz), accepted      773/   20001 events ( 3.86%)
Processed    30000/  210850 entries, 14.23% (elapsed time    10.2s, curr speed    3.719 kHz, avg speed    2.950 kHz), accepted     1176/   30001 events ( 3.92%)
Processed    40000/  210850 entries, 18.97% (elapsed time    13.3s, curr speed    3.151 kHz, avg speed    2.998 kHz), accepted     1553/   40001 events ( 3.88%)
Processed    50000/  210850 entries, 23.71% (elapsed time    16.2s, curr speed    3.534 kHz, avg speed    3.092 kHz), accepted     1940/   50001 events ( 3.88%)
Processed    60000/  210850 entries, 28.46% (elapsed time    18.7s, curr speed    3.959 kHz, avg speed    3.209 kHz), accepted     2370/   60001 events ( 3.95%)
Processed    70000/  210850 entries, 33.20% (elapsed time    21.2s, curr speed    4.043 kHz, avg speed    3.306 kHz), accepted     2768/   70001 events ( 3.95%)
Processed    80000/  210850 entries, 37.94% (elapsed time    23.4s, curr speed    4.499 kHz, avg speed    3.420 kHz), accepted     3181/   80001 events ( 3.98%)
Processed    90000/  210850 entries, 42.68% (elapsed time    25.7s, curr speed    4.283 kHz, avg speed    3.498 kHz), accepted     3573/   90001 events ( 3.97%)
Processed   100000/  210850 entries, 47.43% (elapsed time    27.8s, curr speed    4.720 kHz, avg speed    3.591 kHz), accepted     3975/  100001 events ( 3.97%)
Processed   110000/  210850 entries, 52.17% (elapsed time    29.9s, curr speed    4.796 kHz, avg speed    3.675 kHz), accepted     4339/  110001 events ( 3.94%)
Processed   120000/  210850 entries, 56.91% (elapsed time    32.0s, curr speed    4.779 kHz, avg speed    3.747 kHz), accepted     4700/  120001 events ( 3.92%)
Processed   130000/  210850 entries, 61.66% (elapsed time    34.3s, curr speed    4.476 kHz, avg speed    3.795 kHz), accepted     5108/  130001 events ( 3.93%)
Processed   140000/  210850 entries, 66.40% (elapsed time    36.4s, curr speed    4.632 kHz, avg speed    3.844 kHz), accepted     5519/  140001 events ( 3.94%)
Processed   150000/  210850 entries, 71.14% (elapsed time    39.2s, curr speed    3.539 kHz, avg speed    3.822 kHz), accepted     5910/  150001 events ( 3.94%)
Processed   160000/  210850 entries, 75.88% (elapsed time    41.8s, curr speed    3.947 kHz, avg speed    3.830 kHz), accepted     6336/  160001 events ( 3.96%)
Processed   170000/  210850 entries, 80.63% (elapsed time    43.9s, curr speed    4.761 kHz, avg speed    3.874 kHz), accepted     6708/  170001 events ( 3.95%)
Processed   180000/  210850 entries, 85.37% (elapsed time    46.0s, curr speed    4.604 kHz, avg speed    3.909 kHz), accepted     7108/  180001 events ( 3.95%)
Processed   190000/  210850 entries, 90.11% (elapsed time    48.2s, curr speed    4.738 kHz, avg speed    3.945 kHz), accepted     7494/  190001 events ( 3.94%)
Processed   200000/  210850 entries, 94.85% (elapsed time    50.3s, curr speed    4.748 kHz, avg speed    3.979 kHz), accepted     7870/  200001 events ( 3.93%)
Processed   210000/  210850 entries, 99.60% (elapsed time    52.4s, curr speed    4.580 kHz, avg speed    4.004 kHz), accepted     8288/  210001 events ( 3.95%)
Processed 210850 preselected entries from /eos/cms/store/group/phys_tau/TauFW/nano/UL2017/TTToSemiLeptonic_TuneCP5_13TeV-powheg-pythia8/RunIISummer19UL17NanoAODv2-106X_mc2017_realistic_v8-v1/NANOAODSIM/4ED27CC3-3C57-6F43-8C19-7C64A5C28ED1_skimjec_0.root (210850 entries). Finally selected 8328 entries
Pre-select 210850 entries out of 210850 (100.00%)
Processed    10000/  210850 entries,  4.74% (elapsed time     4.3s, curr speed    2.320 kHz, avg speed    2.320 kHz), accepted      380/   10001 events ( 3.80%)
Processed    20000/  210850 entries,  9.49% (elapsed time     7.2s, curr speed    3.426 kHz, avg speed    2.767 kHz), accepted      796/   20001 events ( 3.98%)
Processed    30000/  210850 entries, 14.23% (elapsed time     9.5s, curr speed    4.480 kHz, avg speed    3.171 kHz), accepted     1215/   30001 events ( 4.05%)
Processed    40000/  210850 entries, 18.97% (elapsed time    11.8s, curr speed    4.341 kHz, avg speed    3.400 kHz), accepted     1620/   40001 events ( 4.05%)
Processed    50000/  210850 entries, 23.71% (elapsed time    14.0s, curr speed    4.453 kHz, avg speed    3.569 kHz), accepted     2054/   50001 events ( 4.11%)
Processed    60000/  210850 entries, 28.46% (elapsed time    16.2s, curr speed    4.617 kHz, avg speed    3.709 kHz), accepted     2449/   60001 events ( 4.08%)
Processed    70000/  210850 entries, 33.20% (elapsed time    18.3s, curr speed    4.646 kHz, avg speed    3.819 kHz), accepted     2821/   70001 events ( 4.03%)
Processed    80000/  210850 entries, 37.94% (elapsed time    20.5s, curr speed    4.536 kHz, avg speed    3.896 kHz), accepted     3197/   80001 events ( 4.00%)
Processed    90000/  210850 entries, 42.68% (elapsed time    22.8s, curr speed    4.389 kHz, avg speed    3.945 kHz), accepted     3583/   90001 events ( 3.98%)
Processed   100000/  210850 entries, 47.43% (elapsed time    25.3s, curr speed    4.076 kHz, avg speed    3.958 kHz), accepted     3988/  100001 events ( 3.99%)
Processed   110000/  210850 entries, 52.17% (elapsed time    27.3s, curr speed    4.859 kHz, avg speed    4.026 kHz), accepted     4346/  110001 events ( 3.95%)
Processed   120000/  210850 entries, 56.91% (elapsed time    29.5s, curr speed    4.668 kHz, avg speed    4.073 kHz), accepted     4720/  120001 events ( 3.93%)
Processed   130000/  210850 entries, 61.66% (elapsed time    31.7s, curr speed    4.578 kHz, avg speed    4.107 kHz), accepted     5119/  130001 events ( 3.94%)
Processed   140000/  210850 entries, 66.40% (elapsed time    33.9s, curr speed    4.532 kHz, avg speed    4.135 kHz), accepted     5527/  140001 events ( 3.95%)
Processed   150000/  210850 entries, 71.14% (elapsed time    36.2s, curr speed    4.315 kHz, avg speed    4.147 kHz), accepted     5909/  150001 events ( 3.94%)
Processed   160000/  210850 entries, 75.88% (elapsed time    39.0s, curr speed    3.484 kHz, avg speed    4.098 kHz), accepted     6311/  160001 events ( 3.94%)
Processed   170000/  210850 entries, 80.63% (elapsed time    42.8s, curr speed    2.677 kHz, avg speed    3.974 kHz), accepted     6682/  170001 events ( 3.93%)
Processed   180000/  210850 entries, 85.37% (elapsed time    46.2s, curr speed    2.951 kHz, avg speed    3.899 kHz), accepted     7104/  180001 events ( 3.95%)
Processed   190000/  210850 entries, 90.11% (elapsed time    49.6s, curr speed    2.949 kHz, avg speed    3.834 kHz), accepted     7540/  190001 events ( 3.97%)
Processed   200000/  210850 entries, 94.85% (elapsed time    52.8s, curr speed    3.094 kHz, avg speed    3.788 kHz), accepted     7951/  200001 events ( 3.98%)
Processed   210000/  210850 entries, 99.60% (elapsed time    56.1s, curr speed    3.064 kHz, avg speed    3.746 kHz), accepted     8320/  210001 events ( 3.96%)
Processed 210850 preselected entries from /eos/cms/store/group/phys_tau/TauFW/nano/UL2017/TTToSemiLeptonic_TuneCP5_13TeV-powheg-pythia8/RunIISummer19UL17NanoAODv2-106X_mc2017_realistic_v8-v1/NANOAODSIM/4ED27CC3-3C57-6F43-8C19-7C64A5C28ED1_skimjec_1.root (210850 entries). Finally selected 8353 entries
Pre-select 210850 entries out of 210850 (100.00%)
Processed    10000/  210850 entries,  4.74% (elapsed time     6.3s, curr speed    1.576 kHz, avg speed    1.576 kHz), accepted      401/   10001 events ( 4.01%)
Processed    20000/  210850 entries,  9.49% (elapsed time    11.1s, curr speed    2.113 kHz, avg speed    1.805 kHz), accepted      821/   20001 events ( 4.10%)
Processed    30000/  210850 entries, 14.23% (elapsed time    14.7s, curr speed    2.783 kHz, avg speed    2.045 kHz), accepted     1178/   30001 events ( 3.93%)
Processed    40000/  210850 entries, 18.97% (elapsed time    18.7s, curr speed    2.464 kHz, avg speed    2.136 kHz), accepted     1585/   40001 events ( 3.96%)
Processed    50000/  210850 entries, 23.71% (elapsed time    25.1s, curr speed    1.571 kHz, avg speed    1.992 kHz), accepted     1970/   50001 events ( 3.94%)
Processed    60000/  210850 entries, 28.46% (elapsed time    28.6s, curr speed    2.894 kHz, avg speed    2.101 kHz), accepted     2349/   60001 events ( 3.91%)
Processed    70000/  210850 entries, 33.20% (elapsed time    32.6s, curr speed    2.481 kHz, avg speed    2.148 kHz), accepted     2771/   70001 events ( 3.96%)
Processed    80000/  210850 entries, 37.94% (elapsed time    36.6s, curr speed    2.494 kHz, avg speed    2.186 kHz), accepted     3136/   80001 events ( 3.92%)
Processed    90000/  210850 entries, 42.68% (elapsed time    40.7s, curr speed    2.451 kHz, avg speed    2.213 kHz), accepted     3537/   90001 events ( 3.93%)
Processed   100000/  210850 entries, 47.43% (elapsed time    44.6s, curr speed    2.528 kHz, avg speed    2.241 kHz), accepted     3931/  100001 events ( 3.93%)
Processed   110000/  210850 entries, 52.17% (elapsed time    48.0s, curr speed    3.008 kHz, avg speed    2.294 kHz), accepted     4338/  110001 events ( 3.94%)
Processed   120000/  210850 entries, 56.91% (elapsed time    51.7s, curr speed    2.682 kHz, avg speed    2.322 kHz), accepted     4724/  120001 events ( 3.94%)
Processed   130000/  210850 entries, 61.66% (elapsed time    55.0s, curr speed    3.035 kHz, avg speed    2.365 kHz), accepted     5105/  130001 events ( 3.93%)
Processed   140000/  210850 entries, 66.40% (elapsed time    58.5s, curr speed    2.856 kHz, avg speed    2.394 kHz), accepted     5523/  140001 events ( 3.94%)
Processed   150000/  210850 entries, 71.14% (elapsed time    63.1s, curr speed    2.178 kHz, avg speed    2.378 kHz), accepted     5939/  150001 events ( 3.96%)
Processed   160000/  210850 entries, 75.88% (elapsed time    67.3s, curr speed    2.382 kHz, avg speed    2.379 kHz), accepted     6318/  160001 events ( 3.95%)
Processed   170000/  210850 entries, 80.63% (elapsed time    71.6s, curr speed    2.292 kHz, avg speed    2.373 kHz), accepted     6737/  170001 events ( 3.96%)
Processed   180000/  210850 entries, 85.37% (elapsed time    76.0s, curr speed    2.308 kHz, avg speed    2.370 kHz), accepted     7122/  180001 events ( 3.96%)
Processed   190000/  210850 entries, 90.11% (elapsed time    79.8s, curr speed    2.581 kHz, avg speed    2.380 kHz), accepted     7515/  190001 events ( 3.96%)
Processed   200000/  210850 entries, 94.85% (elapsed time    83.9s, curr speed    2.458 kHz, avg speed    2.384 kHz), accepted     7897/  200001 events ( 3.95%)
Processed   210000/  210850 entries, 99.60% (elapsed time    87.9s, curr speed    2.497 kHz, avg speed    2.389 kHz), accepted     8293/  210001 events ( 3.95%)
Processed 210850 preselected entries from /eos/cms/store/group/phys_tau/TauFW/nano/UL2017/TTToSemiLeptonic_TuneCP5_13TeV-powheg-pythia8/RunIISummer19UL17NanoAODv2-106X_mc2017_realistic_v8-v1/NANOAODSIM/4ED27CC3-3C57-6F43-8C19-7C64A5C28ED1_skimjec_2.root (210850 entries). Finally selected 8319 entries
Total time 341.1 sec. to process 1127216 events. Rate = 3304.4 Hz.
>>> cwd          = /pool/condor/dir_8258
>>> ls           = ['var', '.job.ad', '_condor_stdout', 'lvigilan.cc', 'tmp', 'pico_etau_32.root', '.machine.ad', 'x509_voms', 'condor_exec.exe', '.chirp.config']
>>> getstorage('/eos/home-l/lvigilan/output_ETauFR_UL17_RUN1/UL2017/etau/TTToSemiLeptonic'), <EOS("/eos/home-l/lvigilan/output_ETauFR_UL17_RUN1/UL2017/etau/TTToSemiLeptonic") at 0x2abe54390d10>
>>> Executing: 'cp ./pico_etau_32.root /eos/home-l/lvigilan/output_ETauFR_UL17_RUN1/UL2017/etau/TTToSemiLeptonic'
>>> Removing './pico_etau_32.root'...
>>> picojob.py done after 354.2 seconds

Job complete at Mon Jun  7 19:05:31 CEST 2021
Took 5 minutes 55 seconds040 (2367592.032.000) 06/07 19:05:31 Finished transferring output files
...
005 (2367592.032.000) 06/07 19:05:31 Job terminated.
	(1) Normal termination (return value 0)
		Usr 0 00:04:26, Sys 0 00:00:08  -  Run Remote Usage
		Usr 0 00:00:00, Sys 0 00:00:00  -  Run Local Usage
		Usr 0 00:04:26, Sys 0 00:00:08  -  Total Remote Usage
		Usr 0 00:00:00, Sys 0 00:00:00  -  Total Local Usage
	35527  -  Run Bytes Sent By Job
	9930  -  Run Bytes Received By Job
	35527  -  Total Bytes Sent By Job
	9930  -  Total Bytes Received By Job
	Partitionable Resources :    Usage  Request Allocated 
	   Cpus                 :                 1         1 
	   Disk (KB)            :     7723        1    221450 
	   Memory (MB)          :      286     2000      2000 

	Job terminated of its own accord at 2021-06-07T17:05:31Z.
...
