Could not find platform independent libraries <prefix>
Could not find platform dependent libraries <exec_prefix>
Consider setting $PYTHONHOME to <prefix>[:<exec_prefix>]
ImportError: No module named site
Job start at Mon Jun  7 19:02:12 CEST 2021
Running job on machine Linux b7g52n9918.cern.ch 3.10.0-1160.21.1.el7.x86_64 #1 SMP Tue Mar 16 18:28:22 UTC 2021 x86_64 x86_64 x86_64 GNU/Linux, host b7g52n9918.cern.ch
============================================================
$PWD=/pool/condor/dir_27637
$JOBID=2367592
$TASKID=68
$HOSTNAME=b7g52n9918.cern.ch
$TASKCMD=/afs/cern.ch/work/l/lvigilan/TauWork/CMSSW_10_6_17_patch1/src/TauFW/PicoProducer/python/processors/picojob.py -y UL2017 -d 'mc' -c etau -M ETauFakeRate.ModuleETau --copydir /eos/home-l/lvigilan/output_ETauFR_UL17_RUN1/UL2017/etau/TTToSemiLeptonic -t _etau_68 --opt 'useT1=True' 'toppt=True' -i /eos/cms/store/group/phys_tau/TauFW/nano/UL2017/TTToSemiLeptonic_TuneCP5_13TeV-powheg-pythia8/RunIISummer19UL17NanoAODv2-106X_mc2017_realistic_v8-v1/NANOAODSIM/B09D0CCD-2304-5A4B-AA38-2734D8301A4F_skimjec_4.root /eos/cms/store/group/phys_tau/TauFW/nano/UL2017/TTToSemiLeptonic_TuneCP5_13TeV-powheg-pythia8/RunIISummer19UL17NanoAODv2-106X_mc2017_realistic_v8-v1/NANOAODSIM/B09D0CCD-2304-5A4B-AA38-2734D8301A4F_skimjec_5.root /eos/cms/store/group/phys_tau/TauFW/nano/UL2017/TTToSemiLeptonic_TuneCP5_13TeV-powheg-pythia8/RunIISummer19UL17NanoAODv2-106X_mc2017_realistic_v8-v1/NANOAODSIM/B12E5B63-3CC4-C046-9F79-4C6116A83F9B_skimjec_0.root /eos/cms/store/group/phys_tau/TauFW/nano/UL2017/TTToSemiLeptonic_TuneCP5_13TeV-powheg-pythia8/RunIISummer19UL17NanoAODv2-106X_mc2017_realistic_v8-v1/NANOAODSIM/B12E5B63-3CC4-C046-9F79-4C6116A83F9B_skimjec_1.root /eos/cms/store/group/phys_tau/TauFW/nano/UL2017/TTToSemiLeptonic_TuneCP5_13TeV-powheg-pythia8/RunIISummer19UL17NanoAODv2-106X_mc2017_realistic_v8-v1/NANOAODSIM/B12E5B63-3CC4-C046-9F79-4C6116A83F9B_skimjec_2.root
$WORKDIR=/pool/condor/dir_27637
>>> cd /afs/cern.ch/work/l/lvigilan/TauWork/CMSSW_10_6_17_patch1/src
>>> eval `scramv1 runtime -sh`
>>> cd /pool/condor/dir_27637
$PWD=/pool/condor/dir_27637
>>> /afs/cern.ch/work/l/lvigilan/TauWork/CMSSW_10_6_17_patch1/src/TauFW/PicoProducer/python/processors/picojob.py -y UL2017 -d 'mc' -c etau -M ETauFakeRate.ModuleETau --copydir /eos/home-l/lvigilan/output_ETauFR_UL17_RUN1/UL2017/etau/TTToSemiLeptonic -t _etau_68 --opt 'useT1=True' 'toppt=True' -i /eos/cms/store/group/phys_tau/TauFW/nano/UL2017/TTToSemiLeptonic_TuneCP5_13TeV-powheg-pythia8/RunIISummer19UL17NanoAODv2-106X_mc2017_realistic_v8-v1/NANOAODSIM/B09D0CCD-2304-5A4B-AA38-2734D8301A4F_skimjec_4.root /eos/cms/store/group/phys_tau/TauFW/nano/UL2017/TTToSemiLeptonic_TuneCP5_13TeV-powheg-pythia8/RunIISummer19UL17NanoAODv2-106X_mc2017_realistic_v8-v1/NANOAODSIM/B09D0CCD-2304-5A4B-AA38-2734D8301A4F_skimjec_5.root /eos/cms/store/group/phys_tau/TauFW/nano/UL2017/TTToSemiLeptonic_TuneCP5_13TeV-powheg-pythia8/RunIISummer19UL17NanoAODv2-106X_mc2017_realistic_v8-v1/NANOAODSIM/B12E5B63-3CC4-C046-9F79-4C6116A83F9B_skimjec_0.root /eos/cms/store/group/phys_tau/TauFW/nano/UL2017/TTToSemiLeptonic_TuneCP5_13TeV-powheg-pythia8/RunIISummer19UL17NanoAODv2-106X_mc2017_realistic_v8-v1/NANOAODSIM/B12E5B63-3CC4-C046-9F79-4C6116A83F9B_skimjec_1.root /eos/cms/store/group/phys_tau/TauFW/nano/UL2017/TTToSemiLeptonic_TuneCP5_13TeV-powheg-pythia8/RunIISummer19UL17NanoAODv2-106X_mc2017_realistic_v8-v1/NANOAODSIM/B12E5B63-3CC4-C046-9F79-4C6116A83F9B_skimjec_2.root
Error in <TGClient::TGClient>: can't open display "localhost:19.0", switching to batch mode...
 In case you run from a remote ssh session, reconnect with ssh -Y
--------------------------------------------------------------------------------
>>> era          = 'UL2017'
>>> year         = 2017
>>> channel      = 'etau'
>>> modname      = 'ETauFakeRate.ModuleETau'
>>> dtype        = 'mc'
>>> kwargs       = {'dtype': 'mc', 'toppt': True, 'useT1': True, 'verb': 0, 'era': 'UL2017', 'year': 2017}
>>> firstevt     = 0
>>> maxevts      = None
>>> outdir       = '.'
>>> copydir      = '/eos/home-l/lvigilan/output_ETauFR_UL17_RUN1/UL2017/etau/TTToSemiLeptonic'
>>> infiles      = ['/eos/cms/store/group/phys_tau/TauFW/nano/UL2017/TTToSemiLeptonic_TuneCP5_13TeV-powheg-pythia8/RunIISummer19UL17NanoAODv2-106X_mc2017_realistic_v8-v1/NANOAODSIM/B09D0CCD-2304-5A4B-AA38-2734D8301A4F_skimjec_4.root', '/eos/cms/store/group/phys_tau/TauFW/nano/UL2017/TTToSemiLeptonic_TuneCP5_13TeV-powheg-pythia8/RunIISummer19UL17NanoAODv2-106X_mc2017_realistic_v8-v1/NANOAODSIM/B09D0CCD-2304-5A4B-AA38-2734D8301A4F_skimjec_5.root', '/eos/cms/store/group/phys_tau/TauFW/nano/UL2017/TTToSemiLeptonic_TuneCP5_13TeV-powheg-pythia8/RunIISummer19UL17NanoAODv2-106X_mc2017_realistic_v8-v1/NANOAODSIM/B12E5B63-3CC4-C046-9F79-4C6116A83F9B_skimjec_0.root', '/eos/cms/store/group/phys_tau/TauFW/nano/UL2017/TTToSemiLeptonic_TuneCP5_13TeV-powheg-pythia8/RunIISummer19UL17NanoAODv2-106X_mc2017_realistic_v8-v1/NANOAODSIM/B12E5B63-3CC4-C046-9F79-4C6116A83F9B_skimjec_1.root', '/eos/cms/store/group/phys_tau/TauFW/nano/UL2017/TTToSemiLeptonic_TuneCP5_13TeV-powheg-pythia8/RunIISummer19UL17NanoAODv2-106X_mc2017_realistic_v8-v1/NANOAODSIM/B12E5B63-3CC4-C046-9F79-4C6116A83F9B_skimjec_2.root']
>>> outfname     = './pico_etau_68.root'
>>> branchsel    = '/afs/cern.ch/work/l/lvigilan/TauWork/CMSSW_10_6_17_patch1/python/TauFW/PicoProducer/processors/keep_and_drop_skim.txt'
>>> json         = None
>>> prefetch     = False
>>> cwd          = /pool/condor/dir_27637
--------------------------------------------------------------------------------

   ################
   #  ModuleETau  #
   ################

Loading PileupWeightTool for '/afs/cern.ch/work/l/lvigilan/TauWork/CMSSW_10_6_17_patch1/src/TauFW/PicoProducer/data/pileup/Data_PileUp_UL2017_69p2.root' and '/afs/cern.ch/work/l/lvigilan/TauWork/CMSSW_10_6_17_patch1/src/TauFW/PicoProducer/data/pileup/MC_PileUp_UL2017_Summer19.root'
Loading BTagWeightTool for DeepCSV (medium WP)...
>>> BTagTool: [1m[33mWarning! [0m[33mHistogram 'etau/eff_DeepCSV_udsg_medium' does not exist in /afs/cern.ch/work/l/lvigilan/TauWork/CMSSW_10_6_17_patch1/src/TauFW/PicoProducer/data/btag/DeepCSV_2017_12Apr2017_eff.root! Reverting to default efficiency histogram...[0m
>>> BTagTool: [1m[33mWarning! [0m[33mHistogram 'etau/eff_DeepCSV_c_medium' does not exist in /afs/cern.ch/work/l/lvigilan/TauWork/CMSSW_10_6_17_patch1/src/TauFW/PicoProducer/data/btag/DeepCSV_2017_12Apr2017_eff.root! Reverting to default efficiency histogram...[0m
>>> BTagTool: [1m[33mWarning! [0m[33mHistogram 'etau/eff_DeepCSV_b_medium' does not exist in /afs/cern.ch/work/l/lvigilan/TauWork/CMSSW_10_6_17_patch1/src/TauFW/PicoProducer/data/btag/DeepCSV_2017_12Apr2017_eff.root! Reverting to default efficiency histogram...[0m
>>> BTagTool: [1m[33mWarning! [0m[33mMade use of default efficiency histograms! The b tag weights from this module should be regarded as placeholders only,
and should NOT be used for analyses. B (mis)tag efficiencies in MC are analysis dependent. Please create your own
efficiency histogram with data/btag/getBTagEfficiencies.py after running all MC samples with BTagWeightTool.[0m
Loading TreeProducerETau for './pico_etau_68.root'
--------------------------------------------------------------------------------
>>> filename     = './pico_etau_68.root'
>>> year         = 2017
>>> dtype        = 'mc'
>>> channel      = 'etau'
>>> ismc         = True
>>> isdata       = False
>>> isembed      = False
>>> tes          = 1.0
>>> tessys       = None
>>> fes          = None
>>> ltf          = None
>>> jtf          = 1.0
>>> dotoppt      = True
>>> dozpt        = False
>>> dojec        = True
>>> dojecsys     = True
>>> dotight      = False
>>> useT1        = True
>>> jetCutPt     = 30
>>> bjetCutEta   = 2.7
>>> tauwp        = 0
>>> eleCutPt     = 36
>>> eleCutEta    = 2.1
>>> tauCutPt     = 20
>>> tauCutEta    = 2.3
>>> ZpeekReso    = 0.1
Pre-select 233034 entries out of 233034 (100.00%)
Processed    10000/  233034 entries,  4.29% (elapsed time     5.6s, curr speed    1.785 kHz, avg speed    1.785 kHz), accepted      403/   10001 events ( 4.03%)
Processed    20000/  233034 entries,  8.58% (elapsed time     9.1s, curr speed    2.822 kHz, avg speed    2.186 kHz), accepted      802/   20001 events ( 4.01%)
Processed    30000/  233034 entries, 12.87% (elapsed time    11.8s, curr speed    3.738 kHz, avg speed    2.538 kHz), accepted     1197/   30001 events ( 3.99%)
Processed    40000/  233034 entries, 17.16% (elapsed time    14.6s, curr speed    3.560 kHz, avg speed    2.734 kHz), accepted     1594/   40001 events ( 3.98%)
Processed    50000/  233034 entries, 21.46% (elapsed time    17.3s, curr speed    3.744 kHz, avg speed    2.890 kHz), accepted     1982/   50001 events ( 3.96%)
Processed    60000/  233034 entries, 25.75% (elapsed time    20.2s, curr speed    3.456 kHz, avg speed    2.971 kHz), accepted     2388/   60001 events ( 3.98%)
Processed    70000/  233034 entries, 30.04% (elapsed time    22.6s, curr speed    4.207 kHz, avg speed    3.101 kHz), accepted     2814/   70001 events ( 4.02%)
Processed    80000/  233034 entries, 34.33% (elapsed time    24.9s, curr speed    4.252 kHz, avg speed    3.210 kHz), accepted     3206/   80001 events ( 4.01%)
Processed    90000/  233034 entries, 38.62% (elapsed time    27.6s, curr speed    3.762 kHz, avg speed    3.263 kHz), accepted     3621/   90001 events ( 4.02%)
Processed   100000/  233034 entries, 42.91% (elapsed time    30.1s, curr speed    4.018 kHz, avg speed    3.325 kHz), accepted     4031/  100001 events ( 4.03%)
Processed   110000/  233034 entries, 47.20% (elapsed time    32.6s, curr speed    3.973 kHz, avg speed    3.375 kHz), accepted     4459/  110001 events ( 4.05%)
Processed   120000/  233034 entries, 51.49% (elapsed time    35.0s, curr speed    4.079 kHz, avg speed    3.425 kHz), accepted     4856/  120001 events ( 4.05%)
Processed   130000/  233034 entries, 55.79% (elapsed time    37.4s, curr speed    4.257 kHz, avg speed    3.477 kHz), accepted     5263/  130001 events ( 4.05%)
Processed   140000/  233034 entries, 60.08% (elapsed time    39.6s, curr speed    4.517 kHz, avg speed    3.535 kHz), accepted     5649/  140001 events ( 4.03%)
Processed   150000/  233034 entries, 64.37% (elapsed time    42.0s, curr speed    4.147 kHz, avg speed    3.570 kHz), accepted     6034/  150001 events ( 4.02%)
Processed   160000/  233034 entries, 68.66% (elapsed time    44.4s, curr speed    4.136 kHz, avg speed    3.601 kHz), accepted     6421/  160001 events ( 4.01%)
Processed   170000/  233034 entries, 72.95% (elapsed time    46.8s, curr speed    4.275 kHz, avg speed    3.635 kHz), accepted     6807/  170001 events ( 4.00%)
Processed   180000/  233034 entries, 77.24% (elapsed time    49.1s, curr speed    4.282 kHz, avg speed    3.666 kHz), accepted     7180/  180001 events ( 3.99%)
Processed   190000/  233034 entries, 81.53% (elapsed time    51.4s, curr speed    4.298 kHz, avg speed    3.694 kHz), accepted     7604/  190001 events ( 4.00%)
Processed   200000/  233034 entries, 85.82% (elapsed time    54.0s, curr speed    3.869 kHz, avg speed    3.702 kHz), accepted     7964/  200001 events ( 3.98%)
Processed   210000/  233034 entries, 90.12% (elapsed time    57.0s, curr speed    3.399 kHz, avg speed    3.687 kHz), accepted     8372/  210001 events ( 3.99%)
Processed   220000/  233034 entries, 94.41% (elapsed time    60.1s, curr speed    3.209 kHz, avg speed    3.662 kHz), accepted     8771/  220001 events ( 3.99%)
Processed   230000/  233034 entries, 98.70% (elapsed time    62.8s, curr speed    3.609 kHz, avg speed    3.660 kHz), accepted     9187/  230001 events ( 3.99%)
Processed 233034 preselected entries from /eos/cms/store/group/phys_tau/TauFW/nano/UL2017/TTToSemiLeptonic_TuneCP5_13TeV-powheg-pythia8/RunIISummer19UL17NanoAODv2-106X_mc2017_realistic_v8-v1/NANOAODSIM/B09D0CCD-2304-5A4B-AA38-2734D8301A4F_skimjec_4.root (233034 entries). Finally selected 9322 entries
Pre-select 233030 entries out of 233030 (100.00%)
Processed    10000/  233030 entries,  4.29% (elapsed time     5.3s, curr speed    1.904 kHz, avg speed    1.904 kHz), accepted      411/   10001 events ( 4.11%)
Processed    20000/  233030 entries,  8.58% (elapsed time     8.6s, curr speed    2.989 kHz, avg speed    2.326 kHz), accepted      825/   20001 events ( 4.12%)
Processed    30000/  233030 entries, 12.87% (elapsed time    13.2s, curr speed    2.165 kHz, avg speed    2.270 kHz), accepted     1245/   30001 events ( 4.15%)
Processed    40000/  233030 entries, 17.17% (elapsed time    16.2s, curr speed    3.370 kHz, avg speed    2.471 kHz), accepted     1632/   40001 events ( 4.08%)
Processed    50000/  233030 entries, 21.46% (elapsed time    18.9s, curr speed    3.745 kHz, avg speed    2.652 kHz), accepted     2036/   50001 events ( 4.07%)
Processed    60000/  233030 entries, 25.75% (elapsed time    21.6s, curr speed    3.583 kHz, avg speed    2.772 kHz), accepted     2449/   60001 events ( 4.08%)
Processed    70000/  233030 entries, 30.04% (elapsed time    24.4s, curr speed    3.647 kHz, avg speed    2.870 kHz), accepted     2846/   70001 events ( 4.07%)
Processed    80000/  233030 entries, 34.33% (elapsed time    27.4s, curr speed    3.333 kHz, avg speed    2.921 kHz), accepted     3224/   80001 events ( 4.03%)
Processed    90000/  233030 entries, 38.62% (elapsed time    30.0s, curr speed    3.815 kHz, avg speed    2.999 kHz), accepted     3623/   90001 events ( 4.03%)
Processed   100000/  233030 entries, 42.91% (elapsed time    33.0s, curr speed    3.297 kHz, avg speed    3.026 kHz), accepted     3980/  100001 events ( 3.98%)
Processed   110000/  233030 entries, 47.20% (elapsed time    36.2s, curr speed    3.128 kHz, avg speed    3.035 kHz), accepted     4373/  110001 events ( 3.98%)
Processed   120000/  233030 entries, 51.50% (elapsed time    39.3s, curr speed    3.276 kHz, avg speed    3.054 kHz), accepted     4763/  120001 events ( 3.97%)
Processed   130000/  233030 entries, 55.79% (elapsed time    42.7s, curr speed    2.977 kHz, avg speed    3.048 kHz), accepted     5158/  130001 events ( 3.97%)
Processed   140000/  233030 entries, 60.08% (elapsed time    46.2s, curr speed    2.854 kHz, avg speed    3.033 kHz), accepted     5553/  140001 events ( 3.97%)
Processed   150000/  233030 entries, 64.37% (elapsed time    49.6s, curr speed    2.899 kHz, avg speed    3.024 kHz), accepted     5916/  150001 events ( 3.94%)
Processed   160000/  233030 entries, 68.66% (elapsed time    53.7s, curr speed    2.451 kHz, avg speed    2.980 kHz), accepted     6326/  160001 events ( 3.95%)
Processed   170000/  233030 entries, 72.95% (elapsed time    57.7s, curr speed    2.509 kHz, avg speed    2.948 kHz), accepted     6728/  170001 events ( 3.96%)
Processed   180000/  233030 entries, 77.24% (elapsed time    61.6s, curr speed    2.536 kHz, avg speed    2.921 kHz), accepted     7122/  180001 events ( 3.96%)
Processed   190000/  233030 entries, 81.53% (elapsed time    65.3s, curr speed    2.714 kHz, avg speed    2.910 kHz), accepted     7511/  190001 events ( 3.95%)
Processed   200000/  233030 entries, 85.83% (elapsed time    69.2s, curr speed    2.578 kHz, avg speed    2.891 kHz), accepted     7897/  200001 events ( 3.95%)
Processed   210000/  233030 entries, 90.12% (elapsed time    73.0s, curr speed    2.624 kHz, avg speed    2.877 kHz), accepted     8325/  210001 events ( 3.96%)
Processed   220000/  233030 entries, 94.41% (elapsed time    76.5s, curr speed    2.836 kHz, avg speed    2.875 kHz), accepted     8716/  220001 events ( 3.96%)
Processed   230000/  233030 entries, 98.70% (elapsed time    80.3s, curr speed    2.610 kHz, avg speed    2.863 kHz), accepted     9145/  230001 events ( 3.98%)
Processed 233030 preselected entries from /eos/cms/store/group/phys_tau/TauFW/nano/UL2017/TTToSemiLeptonic_TuneCP5_13TeV-powheg-pythia8/RunIISummer19UL17NanoAODv2-106X_mc2017_realistic_v8-v1/NANOAODSIM/B09D0CCD-2304-5A4B-AA38-2734D8301A4F_skimjec_5.root (233030 entries). Finally selected 9243 entries
Pre-select 240450 entries out of 240450 (100.00%)
Processed    10000/  240450 entries,  4.16% (elapsed time     6.8s, curr speed    1.478 kHz, avg speed    1.478 kHz), accepted      399/   10001 events ( 3.99%)
Processed    20000/  240450 entries,  8.32% (elapsed time    11.6s, curr speed    2.083 kHz, avg speed    1.729 kHz), accepted      793/   20001 events ( 3.96%)
Processed    30000/  240450 entries, 12.48% (elapsed time    15.4s, curr speed    2.587 kHz, avg speed    1.944 kHz), accepted     1190/   30001 events ( 3.97%)
Processed    40000/  240450 entries, 16.64% (elapsed time    19.0s, curr speed    2.816 kHz, avg speed    2.107 kHz), accepted     1574/   40001 events ( 3.93%)
Processed    50000/  240450 entries, 20.79% (elapsed time    22.6s, curr speed    2.729 kHz, avg speed    2.208 kHz), accepted     1995/   50001 events ( 3.99%)
Processed    60000/  240450 entries, 24.95% (elapsed time    28.0s, curr speed    1.874 kHz, avg speed    2.144 kHz), accepted     2385/   60001 events ( 3.97%)
Processed    70000/  240450 entries, 29.11% (elapsed time    31.5s, curr speed    2.875 kHz, avg speed    2.225 kHz), accepted     2783/   70001 events ( 3.98%)
Processed    80000/  240450 entries, 33.27% (elapsed time    34.9s, curr speed    2.907 kHz, avg speed    2.292 kHz), accepted     3196/   80001 events ( 3.99%)
Processed    90000/  240450 entries, 37.43% (elapsed time    38.8s, curr speed    2.543 kHz, avg speed    2.318 kHz), accepted     3590/   90001 events ( 3.99%)
Processed   100000/  240450 entries, 41.59% (elapsed time    42.9s, curr speed    2.468 kHz, avg speed    2.332 kHz), accepted     4013/  100001 events ( 4.01%)
Processed   110000/  240450 entries, 45.75% (elapsed time    46.8s, curr speed    2.548 kHz, avg speed    2.350 kHz), accepted     4407/  110001 events ( 4.01%)
Processed   120000/  240450 entries, 49.91% (elapsed time    50.4s, curr speed    2.780 kHz, avg speed    2.381 kHz), accepted     4825/  120001 events ( 4.02%)
Processed   130000/  240450 entries, 54.07% (elapsed time    54.1s, curr speed    2.679 kHz, avg speed    2.401 kHz), accepted     5238/  130001 events ( 4.03%)
Processed   140000/  240450 entries, 58.22% (elapsed time    57.4s, curr speed    3.055 kHz, avg speed    2.438 kHz), accepted     5632/  140001 events ( 4.02%)
Processed   150000/  240450 entries, 62.38% (elapsed time    60.9s, curr speed    2.852 kHz, avg speed    2.462 kHz), accepted     6043/  150001 events ( 4.03%)
Processed   160000/  240450 entries, 66.54% (elapsed time    64.1s, curr speed    3.137 kHz, avg speed    2.496 kHz), accepted     6415/  160001 events ( 4.01%)
Processed   170000/  240450 entries, 70.70% (elapsed time    68.5s, curr speed    2.268 kHz, avg speed    2.481 kHz), accepted     6822/  170001 events ( 4.01%)
Processed   180000/  240450 entries, 74.86% (elapsed time    72.3s, curr speed    2.659 kHz, avg speed    2.490 kHz), accepted     7209/  180001 events ( 4.00%)
Processed   190000/  240450 entries, 79.02% (elapsed time    75.6s, curr speed    3.057 kHz, avg speed    2.515 kHz), accepted     7608/  190001 events ( 4.00%)
Processed   200000/  240450 entries, 83.18% (elapsed time    78.9s, curr speed    2.988 kHz, avg speed    2.535 kHz), accepted     8006/  200001 events ( 4.00%)
Processed   210000/  240450 entries, 87.34% (elapsed time    82.3s, curr speed    2.903 kHz, avg speed    2.550 kHz), accepted     8405/  210001 events ( 4.00%)
Processed   220000/  240450 entries, 91.50% (elapsed time    86.0s, curr speed    2.754 kHz, avg speed    2.559 kHz), accepted     8835/  220001 events ( 4.02%)
Processed   230000/  240450 entries, 95.65% (elapsed time    89.5s, curr speed    2.873 kHz, avg speed    2.571 kHz), accepted     9271/  230001 events ( 4.03%)
Processed   240000/  240450 entries, 99.81% (elapsed time    92.4s, curr speed    3.360 kHz, avg speed    2.597 kHz), accepted     9671/  240001 events ( 4.03%)
Processed 240450 preselected entries from /eos/cms/store/group/phys_tau/TauFW/nano/UL2017/TTToSemiLeptonic_TuneCP5_13TeV-powheg-pythia8/RunIISummer19UL17NanoAODv2-106X_mc2017_realistic_v8-v1/NANOAODSIM/B12E5B63-3CC4-C046-9F79-4C6116A83F9B_skimjec_0.root (240450 entries). Finally selected 9689 entries
Pre-select 240450 entries out of 240450 (100.00%)
Processed    10000/  240450 entries,  4.16% (elapsed time     6.8s, curr speed    1.473 kHz, avg speed    1.473 kHz), accepted      407/   10001 events ( 4.07%)
Processed    20000/  240450 entries,  8.32% (elapsed time    11.6s, curr speed    2.092 kHz, avg speed    1.729 kHz), accepted      806/   20001 events ( 4.03%)
Processed    30000/  240450 entries, 12.48% (elapsed time    14.6s, curr speed    3.249 kHz, avg speed    2.048 kHz), accepted     1172/   30001 events ( 3.91%)
Processed    40000/  240450 entries, 16.64% (elapsed time    20.0s, curr speed    1.885 kHz, avg speed    2.005 kHz), accepted     1585/   40001 events ( 3.96%)
Processed    50000/  240450 entries, 20.79% (elapsed time    24.7s, curr speed    2.097 kHz, avg speed    2.023 kHz), accepted     1985/   50001 events ( 3.97%)
Processed    60000/  240450 entries, 24.95% (elapsed time    29.2s, curr speed    2.235 kHz, avg speed    2.055 kHz), accepted     2398/   60001 events ( 4.00%)
Processed    70000/  240450 entries, 29.11% (elapsed time    32.8s, curr speed    2.777 kHz, avg speed    2.134 kHz), accepted     2804/   70001 events ( 4.01%)
Processed    80000/  240450 entries, 33.27% (elapsed time    36.1s, curr speed    3.007 kHz, avg speed    2.215 kHz), accepted     3175/   80001 events ( 3.97%)
Processed    90000/  240450 entries, 37.43% (elapsed time    39.7s, curr speed    2.795 kHz, avg speed    2.267 kHz), accepted     3585/   90001 events ( 3.98%)
Processed   100000/  240450 entries, 41.59% (elapsed time    43.7s, curr speed    2.473 kHz, avg speed    2.286 kHz), accepted     4013/  100001 events ( 4.01%)
Processed   110000/  240450 entries, 45.75% (elapsed time    47.5s, curr speed    2.680 kHz, avg speed    2.317 kHz), accepted     4420/  110001 events ( 4.02%)
Processed   120000/  240450 entries, 49.91% (elapsed time    51.3s, curr speed    2.633 kHz, avg speed    2.341 kHz), accepted     4820/  120001 events ( 4.02%)
Processed   130000/  240450 entries, 54.07% (elapsed time    55.3s, curr speed    2.459 kHz, avg speed    2.349 kHz), accepted     5227/  130001 events ( 4.02%)
Processed   140000/  240450 entries, 58.22% (elapsed time    58.8s, curr speed    2.873 kHz, avg speed    2.380 kHz), accepted     5597/  140001 events ( 4.00%)
Processed   150000/  240450 entries, 62.38% (elapsed time    62.6s, curr speed    2.634 kHz, avg speed    2.396 kHz), accepted     6003/  150001 events ( 4.00%)
Processed   160000/  240450 entries, 66.54% (elapsed time    66.6s, curr speed    2.527 kHz, avg speed    2.403 kHz), accepted     6395/  160001 events ( 4.00%)
Processed   170000/  240450 entries, 70.70% (elapsed time    70.4s, curr speed    2.590 kHz, avg speed    2.414 kHz), accepted     6789/  170001 events ( 3.99%)
Processed   180000/  240450 entries, 74.86% (elapsed time    74.2s, curr speed    2.642 kHz, avg speed    2.425 kHz), accepted     7168/  180001 events ( 3.98%)
Processed   190000/  240450 entries, 79.02% (elapsed time    78.1s, curr speed    2.574 kHz, avg speed    2.433 kHz), accepted     7564/  190001 events ( 3.98%)
Processed   200000/  240450 entries, 83.18% (elapsed time    82.2s, curr speed    2.458 kHz, avg speed    2.434 kHz), accepted     7978/  200001 events ( 3.99%)
Processed   210000/  240450 entries, 87.34% (elapsed time    85.9s, curr speed    2.647 kHz, avg speed    2.443 kHz), accepted     8363/  210001 events ( 3.98%)
Processed   220000/  240450 entries, 91.50% (elapsed time    90.1s, curr speed    2.424 kHz, avg speed    2.442 kHz), accepted     8784/  220001 events ( 3.99%)
Processed   230000/  240450 entries, 95.65% (elapsed time    93.7s, curr speed    2.752 kHz, avg speed    2.454 kHz), accepted     9207/  230001 events ( 4.00%)
Processed   240000/  240450 entries, 99.81% (elapsed time    97.2s, curr speed    2.874 kHz, avg speed    2.469 kHz), accepted     9609/  240001 events ( 4.00%)
Processed 240450 preselected entries from /eos/cms/store/group/phys_tau/TauFW/nano/UL2017/TTToSemiLeptonic_TuneCP5_13TeV-powheg-pythia8/RunIISummer19UL17NanoAODv2-106X_mc2017_realistic_v8-v1/NANOAODSIM/B12E5B63-3CC4-C046-9F79-4C6116A83F9B_skimjec_1.root (240450 entries). Finally selected 9618 entries
Pre-select 240450 entries out of 240450 (100.00%)
Processed    10000/  240450 entries,  4.16% (elapsed time     7.0s, curr speed    1.436 kHz, avg speed    1.436 kHz), accepted      424/   10001 events ( 4.24%)
Processed    20000/  240450 entries,  8.32% (elapsed time    11.1s, curr speed    2.407 kHz, avg speed    1.799 kHz), accepted      795/   20001 events ( 3.97%)
Processed    30000/  240450 entries, 12.48% (elapsed time    14.5s, curr speed    2.960 kHz, avg speed    2.069 kHz), accepted     1186/   30001 events ( 3.95%)
Processed    40000/  240450 entries, 16.64% (elapsed time    17.9s, curr speed    2.953 kHz, avg speed    2.237 kHz), accepted     1572/   40001 events ( 3.93%)
Processed    50000/  240450 entries, 20.79% (elapsed time    21.3s, curr speed    2.945 kHz, avg speed    2.350 kHz), accepted     1985/   50001 events ( 3.97%)
Processed    60000/  240450 entries, 24.95% (elapsed time    24.6s, curr speed    2.977 kHz, avg speed    2.435 kHz), accepted     2385/   60001 events ( 3.97%)
Processed    70000/  240450 entries, 29.11% (elapsed time    27.8s, curr speed    3.158 kHz, avg speed    2.518 kHz), accepted     2775/   70001 events ( 3.96%)
Processed    80000/  240450 entries, 33.27% (elapsed time    31.1s, curr speed    3.023 kHz, avg speed    2.571 kHz), accepted     3173/   80001 events ( 3.97%)
Processed    90000/  240450 entries, 37.43% (elapsed time    33.9s, curr speed    3.639 kHz, avg speed    2.658 kHz), accepted     3564/   90001 events ( 3.96%)
Processed   100000/  240450 entries, 41.59% (elapsed time    36.7s, curr speed    3.479 kHz, avg speed    2.722 kHz), accepted     3931/  100001 events ( 3.93%)
Processed   110000/  240450 entries, 45.75% (elapsed time    39.8s, curr speed    3.220 kHz, avg speed    2.761 kHz), accepted     4344/  110001 events ( 3.95%)
Processed   120000/  240450 entries, 49.91% (elapsed time    46.2s, curr speed    1.572 kHz, avg speed    2.597 kHz), accepted     4734/  120001 events ( 3.94%)
Processed   130000/  240450 entries, 54.07% (elapsed time    49.7s, curr speed    2.844 kHz, avg speed    2.615 kHz), accepted     5136/  130001 events ( 3.95%)
Processed   140000/  240450 entries, 58.22% (elapsed time    54.3s, curr speed    2.160 kHz, avg speed    2.576 kHz), accepted     5511/  140001 events ( 3.94%)
Processed   150000/  240450 entries, 62.38% (elapsed time    57.3s, curr speed    3.369 kHz, avg speed    2.617 kHz), accepted     5876/  150001 events ( 3.92%)
Processed   160000/  240450 entries, 66.54% (elapsed time    59.9s, curr speed    3.848 kHz, avg speed    2.670 kHz), accepted     6245/  160001 events ( 3.90%)
Processed   170000/  240450 entries, 70.70% (elapsed time    62.8s, curr speed    3.418 kHz, avg speed    2.705 kHz), accepted     6610/  170001 events ( 3.89%)
Processed   180000/  240450 entries, 74.86% (elapsed time    66.0s, curr speed    3.144 kHz, avg speed    2.726 kHz), accepted     7023/  180001 events ( 3.90%)
Processed   190000/  240450 entries, 79.02% (elapsed time    69.9s, curr speed    2.567 kHz, avg speed    2.718 kHz), accepted     7424/  190001 events ( 3.91%)
Processed   200000/  240450 entries, 83.18% (elapsed time    73.7s, curr speed    2.631 kHz, avg speed    2.713 kHz), accepted     7844/  200001 events ( 3.92%)
Processed   210000/  240450 entries, 87.34% (elapsed time    77.2s, curr speed    2.892 kHz, avg speed    2.721 kHz), accepted     8246/  210001 events ( 3.93%)
Processed   220000/  240450 entries, 91.50% (elapsed time    80.4s, curr speed    3.128 kHz, avg speed    2.737 kHz), accepted     8665/  220001 events ( 3.94%)
Processed   230000/  240450 entries, 95.65% (elapsed time    83.8s, curr speed    2.959 kHz, avg speed    2.746 kHz), accepted     9052/  230001 events ( 3.94%)
Processed   240000/  240450 entries, 99.81% (elapsed time    86.7s, curr speed    3.408 kHz, avg speed    2.769 kHz), accepted     9449/  240001 events ( 3.94%)
Processed 240450 preselected entries from /eos/cms/store/group/phys_tau/TauFW/nano/UL2017/TTToSemiLeptonic_TuneCP5_13TeV-powheg-pythia8/RunIISummer19UL17NanoAODv2-106X_mc2017_realistic_v8-v1/NANOAODSIM/B12E5B63-3CC4-C046-9F79-4C6116A83F9B_skimjec_2.root (240450 entries). Finally selected 9468 entries
Total time 423.2 sec. to process 1187414 events. Rate = 2805.6 Hz.
>>> cwd          = /pool/condor/dir_27637
>>> ls           = ['_condor_stdout', '.machine.ad', 'tmp', 'pico_etau_68.root', 'condor_exec.exe', 'x509_voms', 'var', '.chirp.config', 'lvigilan.cc', '.job.ad']
>>> getstorage('/eos/home-l/lvigilan/output_ETauFR_UL17_RUN1/UL2017/etau/TTToSemiLeptonic'), <EOS("/eos/home-l/lvigilan/output_ETauFR_UL17_RUN1/UL2017/etau/TTToSemiLeptonic") at 0x2b7856c4dd10>
>>> Executing: 'cp ./pico_etau_68.root /eos/home-l/lvigilan/output_ETauFR_UL17_RUN1/UL2017/etau/TTToSemiLeptonic'
>>> Removing './pico_etau_68.root'...
>>> picojob.py done after 437.6 seconds

Job complete at Mon Jun  7 19:09:31 CEST 2021
Took 7 minutes 19 seconds040 (2367592.068.000) 06/07 19:09:31 Finished transferring output files
...
005 (2367592.068.000) 06/07 19:09:31 Job terminated.
	(1) Normal termination (return value 0)
		Usr 0 00:05:27, Sys 0 00:00:10  -  Run Remote Usage
		Usr 0 00:00:00, Sys 0 00:00:00  -  Run Local Usage
		Usr 0 00:05:27, Sys 0 00:00:10  -  Total Remote Usage
		Usr 0 00:00:00, Sys 0 00:00:00  -  Total Local Usage
	36661  -  Run Bytes Sent By Job
	9930  -  Run Bytes Received By Job
	36661  -  Total Bytes Sent By Job
	9930  -  Total Bytes Received By Job
	Partitionable Resources :    Usage  Request Allocated 
	   Cpus                 :                 1         1 
	   Disk (KB)            :     6201        1    281713 
	   Memory (MB)          :      284     2000      2000 

	Job terminated of its own accord at 2021-06-07T17:09:31Z.
...
