Could not find platform independent libraries <prefix>
Could not find platform dependent libraries <exec_prefix>
Consider setting $PYTHONHOME to <prefix>[:<exec_prefix>]
ImportError: No module named site
Job start at Mon Jun  7 18:54:55 CEST 2021
Running job on machine Linux b7g23n9346.cern.ch 3.10.0-1160.21.1.el7.x86_64 #1 SMP Tue Mar 16 18:28:22 UTC 2021 x86_64 x86_64 x86_64 GNU/Linux, host b7g23n9346.cern.ch
============================================================
$PWD=/pool/condor/dir_3218
$JOBID=2367592
$TASKID=2
$HOSTNAME=b7g23n9346.cern.ch
$TASKCMD=/afs/cern.ch/work/l/lvigilan/TauWork/CMSSW_10_6_17_patch1/src/TauFW/PicoProducer/python/processors/picojob.py -y UL2017 -d 'mc' -c etau -M ETauFakeRate.ModuleETau --copydir /eos/home-l/lvigilan/output_ETauFR_UL17_RUN1/UL2017/etau/TTToSemiLeptonic -t _etau_2 --opt 'useT1=True' 'toppt=True' -i /eos/cms/store/group/phys_tau/TauFW/nano/UL2017/TTToSemiLeptonic_TuneCP5_13TeV-powheg-pythia8/RunIISummer19UL17NanoAODv2-106X_mc2017_realistic_v8-v1/NANOAODSIM/0312229B-1A96-E145-AB35-CC48EE971C9D_skimjec_2.root /eos/cms/store/group/phys_tau/TauFW/nano/UL2017/TTToSemiLeptonic_TuneCP5_13TeV-powheg-pythia8/RunIISummer19UL17NanoAODv2-106X_mc2017_realistic_v8-v1/NANOAODSIM/046C80C9-363F-4745-B353-BE97AC22508D_skimjec_0.root /eos/cms/store/group/phys_tau/TauFW/nano/UL2017/TTToSemiLeptonic_TuneCP5_13TeV-powheg-pythia8/RunIISummer19UL17NanoAODv2-106X_mc2017_realistic_v8-v1/NANOAODSIM/046C80C9-363F-4745-B353-BE97AC22508D_skimjec_1.root /eos/cms/store/group/phys_tau/TauFW/nano/UL2017/TTToSemiLeptonic_TuneCP5_13TeV-powheg-pythia8/RunIISummer19UL17NanoAODv2-106X_mc2017_realistic_v8-v1/NANOAODSIM/046C80C9-363F-4745-B353-BE97AC22508D_skimjec_2.root /eos/cms/store/group/phys_tau/TauFW/nano/UL2017/TTToSemiLeptonic_TuneCP5_13TeV-powheg-pythia8/RunIISummer19UL17NanoAODv2-106X_mc2017_realistic_v8-v1/NANOAODSIM/046C80C9-363F-4745-B353-BE97AC22508D_skimjec_3.root
$WORKDIR=/pool/condor/dir_3218
>>> cd /afs/cern.ch/work/l/lvigilan/TauWork/CMSSW_10_6_17_patch1/src
>>> eval `scramv1 runtime -sh`
>>> cd /pool/condor/dir_3218
$PWD=/pool/condor/dir_3218
>>> /afs/cern.ch/work/l/lvigilan/TauWork/CMSSW_10_6_17_patch1/src/TauFW/PicoProducer/python/processors/picojob.py -y UL2017 -d 'mc' -c etau -M ETauFakeRate.ModuleETau --copydir /eos/home-l/lvigilan/output_ETauFR_UL17_RUN1/UL2017/etau/TTToSemiLeptonic -t _etau_2 --opt 'useT1=True' 'toppt=True' -i /eos/cms/store/group/phys_tau/TauFW/nano/UL2017/TTToSemiLeptonic_TuneCP5_13TeV-powheg-pythia8/RunIISummer19UL17NanoAODv2-106X_mc2017_realistic_v8-v1/NANOAODSIM/0312229B-1A96-E145-AB35-CC48EE971C9D_skimjec_2.root /eos/cms/store/group/phys_tau/TauFW/nano/UL2017/TTToSemiLeptonic_TuneCP5_13TeV-powheg-pythia8/RunIISummer19UL17NanoAODv2-106X_mc2017_realistic_v8-v1/NANOAODSIM/046C80C9-363F-4745-B353-BE97AC22508D_skimjec_0.root /eos/cms/store/group/phys_tau/TauFW/nano/UL2017/TTToSemiLeptonic_TuneCP5_13TeV-powheg-pythia8/RunIISummer19UL17NanoAODv2-106X_mc2017_realistic_v8-v1/NANOAODSIM/046C80C9-363F-4745-B353-BE97AC22508D_skimjec_1.root /eos/cms/store/group/phys_tau/TauFW/nano/UL2017/TTToSemiLeptonic_TuneCP5_13TeV-powheg-pythia8/RunIISummer19UL17NanoAODv2-106X_mc2017_realistic_v8-v1/NANOAODSIM/046C80C9-363F-4745-B353-BE97AC22508D_skimjec_2.root /eos/cms/store/group/phys_tau/TauFW/nano/UL2017/TTToSemiLeptonic_TuneCP5_13TeV-powheg-pythia8/RunIISummer19UL17NanoAODv2-106X_mc2017_realistic_v8-v1/NANOAODSIM/046C80C9-363F-4745-B353-BE97AC22508D_skimjec_3.root
Error in <TGClient::TGClient>: can't open display "localhost:19.0", switching to batch mode...
 In case you run from a remote ssh session, reconnect with ssh -Y
--------------------------------------------------------------------------------
>>> era          = 'UL2017'
>>> year         = 2017
>>> channel      = 'etau'
>>> modname      = 'ETauFakeRate.ModuleETau'
>>> dtype        = 'mc'
>>> kwargs       = {'dtype': 'mc', 'toppt': True, 'useT1': True, 'verb': 0, 'era': 'UL2017', 'year': 2017}
>>> firstevt     = 0
>>> maxevts      = None
>>> outdir       = '.'
>>> copydir      = '/eos/home-l/lvigilan/output_ETauFR_UL17_RUN1/UL2017/etau/TTToSemiLeptonic'
>>> infiles      = ['/eos/cms/store/group/phys_tau/TauFW/nano/UL2017/TTToSemiLeptonic_TuneCP5_13TeV-powheg-pythia8/RunIISummer19UL17NanoAODv2-106X_mc2017_realistic_v8-v1/NANOAODSIM/0312229B-1A96-E145-AB35-CC48EE971C9D_skimjec_2.root', '/eos/cms/store/group/phys_tau/TauFW/nano/UL2017/TTToSemiLeptonic_TuneCP5_13TeV-powheg-pythia8/RunIISummer19UL17NanoAODv2-106X_mc2017_realistic_v8-v1/NANOAODSIM/046C80C9-363F-4745-B353-BE97AC22508D_skimjec_0.root', '/eos/cms/store/group/phys_tau/TauFW/nano/UL2017/TTToSemiLeptonic_TuneCP5_13TeV-powheg-pythia8/RunIISummer19UL17NanoAODv2-106X_mc2017_realistic_v8-v1/NANOAODSIM/046C80C9-363F-4745-B353-BE97AC22508D_skimjec_1.root', '/eos/cms/store/group/phys_tau/TauFW/nano/UL2017/TTToSemiLeptonic_TuneCP5_13TeV-powheg-pythia8/RunIISummer19UL17NanoAODv2-106X_mc2017_realistic_v8-v1/NANOAODSIM/046C80C9-363F-4745-B353-BE97AC22508D_skimjec_2.root', '/eos/cms/store/group/phys_tau/TauFW/nano/UL2017/TTToSemiLeptonic_TuneCP5_13TeV-powheg-pythia8/RunIISummer19UL17NanoAODv2-106X_mc2017_realistic_v8-v1/NANOAODSIM/046C80C9-363F-4745-B353-BE97AC22508D_skimjec_3.root']
>>> outfname     = './pico_etau_2.root'
>>> branchsel    = '/afs/cern.ch/work/l/lvigilan/TauWork/CMSSW_10_6_17_patch1/python/TauFW/PicoProducer/processors/keep_and_drop_skim.txt'
>>> json         = None
>>> prefetch     = False
>>> cwd          = /pool/condor/dir_3218
--------------------------------------------------------------------------------

   ################
   #  ModuleETau  #
   ################

Loading PileupWeightTool for '/afs/cern.ch/work/l/lvigilan/TauWork/CMSSW_10_6_17_patch1/src/TauFW/PicoProducer/data/pileup/Data_PileUp_UL2017_69p2.root' and '/afs/cern.ch/work/l/lvigilan/TauWork/CMSSW_10_6_17_patch1/src/TauFW/PicoProducer/data/pileup/MC_PileUp_UL2017_Summer19.root'
Loading BTagWeightTool for DeepCSV (medium WP)...
>>> BTagTool: [1m[33mWarning! [0m[33mHistogram 'etau/eff_DeepCSV_udsg_medium' does not exist in /afs/cern.ch/work/l/lvigilan/TauWork/CMSSW_10_6_17_patch1/src/TauFW/PicoProducer/data/btag/DeepCSV_2017_12Apr2017_eff.root! Reverting to default efficiency histogram...[0m
>>> BTagTool: [1m[33mWarning! [0m[33mHistogram 'etau/eff_DeepCSV_c_medium' does not exist in /afs/cern.ch/work/l/lvigilan/TauWork/CMSSW_10_6_17_patch1/src/TauFW/PicoProducer/data/btag/DeepCSV_2017_12Apr2017_eff.root! Reverting to default efficiency histogram...[0m
>>> BTagTool: [1m[33mWarning! [0m[33mHistogram 'etau/eff_DeepCSV_b_medium' does not exist in /afs/cern.ch/work/l/lvigilan/TauWork/CMSSW_10_6_17_patch1/src/TauFW/PicoProducer/data/btag/DeepCSV_2017_12Apr2017_eff.root! Reverting to default efficiency histogram...[0m
>>> BTagTool: [1m[33mWarning! [0m[33mMade use of default efficiency histograms! The b tag weights from this module should be regarded as placeholders only,
and should NOT be used for analyses. B (mis)tag efficiencies in MC are analysis dependent. Please create your own
efficiency histogram with data/btag/getBTagEfficiencies.py after running all MC samples with BTagWeightTool.[0m
Loading TreeProducerETau for './pico_etau_2.root'
--------------------------------------------------------------------------------
>>> filename     = './pico_etau_2.root'
>>> year         = 2017
>>> dtype        = 'mc'
>>> channel      = 'etau'
>>> ismc         = True
>>> isdata       = False
>>> isembed      = False
>>> tes          = 1.0
>>> tessys       = None
>>> fes          = None
>>> ltf          = None
>>> jtf          = 1.0
>>> dotoppt      = True
>>> dozpt        = False
>>> dojec        = True
>>> dojecsys     = True
>>> dotight      = False
>>> useT1        = True
>>> jetCutPt     = 30
>>> bjetCutEta   = 2.7
>>> tauwp        = 0
>>> eleCutPt     = 36
>>> eleCutEta    = 2.1
>>> tauCutPt     = 20
>>> tauCutEta    = 2.3
>>> ZpeekReso    = 0.1
Pre-select 235766 entries out of 235766 (100.00%)
Processed    10000/  235766 entries,  4.24% (elapsed time     9.2s, curr speed    1.082 kHz, avg speed    1.082 kHz), accepted      412/   10001 events ( 4.12%)
Processed    20000/  235766 entries,  8.48% (elapsed time    15.1s, curr speed    1.703 kHz, avg speed    1.323 kHz), accepted      811/   20001 events ( 4.05%)
Processed    30000/  235766 entries, 12.72% (elapsed time    18.9s, curr speed    2.664 kHz, avg speed    1.590 kHz), accepted     1200/   30001 events ( 4.00%)
Processed    40000/  235766 entries, 16.97% (elapsed time    22.7s, curr speed    2.624 kHz, avg speed    1.764 kHz), accepted     1595/   40001 events ( 3.99%)
Processed    50000/  235766 entries, 21.21% (elapsed time    26.4s, curr speed    2.659 kHz, avg speed    1.891 kHz), accepted     2005/   50001 events ( 4.01%)
Processed    60000/  235766 entries, 25.45% (elapsed time    30.6s, curr speed    2.395 kHz, avg speed    1.960 kHz), accepted     2386/   60001 events ( 3.98%)
Processed    70000/  235766 entries, 29.69% (elapsed time    34.2s, curr speed    2.756 kHz, avg speed    2.044 kHz), accepted     2784/   70001 events ( 3.98%)
Processed    80000/  235766 entries, 33.93% (elapsed time    38.5s, curr speed    2.362 kHz, avg speed    2.079 kHz), accepted     3196/   80001 events ( 3.99%)
Processed    90000/  235766 entries, 38.17% (elapsed time    42.7s, curr speed    2.342 kHz, avg speed    2.105 kHz), accepted     3603/   90001 events ( 4.00%)
Processed   100000/  235766 entries, 42.41% (elapsed time    47.7s, curr speed    2.039 kHz, avg speed    2.099 kHz), accepted     3990/  100001 events ( 3.99%)
Processed   110000/  235766 entries, 46.66% (elapsed time    52.1s, curr speed    2.266 kHz, avg speed    2.113 kHz), accepted     4372/  110001 events ( 3.97%)
Processed   120000/  235766 entries, 50.90% (elapsed time    56.4s, curr speed    2.296 kHz, avg speed    2.127 kHz), accepted     4768/  120001 events ( 3.97%)
Processed   130000/  235766 entries, 55.14% (elapsed time    60.7s, curr speed    2.311 kHz, avg speed    2.140 kHz), accepted     5162/  130001 events ( 3.97%)
Processed   140000/  235766 entries, 59.38% (elapsed time    65.7s, curr speed    2.035 kHz, avg speed    2.132 kHz), accepted     5558/  140001 events ( 3.97%)
Processed   150000/  235766 entries, 63.62% (elapsed time    70.1s, curr speed    2.278 kHz, avg speed    2.141 kHz), accepted     5909/  150001 events ( 3.94%)
Processed   160000/  235766 entries, 67.86% (elapsed time    75.4s, curr speed    1.854 kHz, avg speed    2.121 kHz), accepted     6330/  160001 events ( 3.96%)
Processed   170000/  235766 entries, 72.11% (elapsed time    80.6s, curr speed    1.949 kHz, avg speed    2.110 kHz), accepted     6758/  170001 events ( 3.98%)
Processed   180000/  235766 entries, 76.35% (elapsed time    85.5s, curr speed    2.035 kHz, avg speed    2.106 kHz), accepted     7172/  180001 events ( 3.98%)
Processed   190000/  235766 entries, 80.59% (elapsed time    89.9s, curr speed    2.278 kHz, avg speed    2.114 kHz), accepted     7553/  190001 events ( 3.98%)
Processed   200000/  235766 entries, 84.83% (elapsed time    94.2s, curr speed    2.294 kHz, avg speed    2.122 kHz), accepted     7946/  200001 events ( 3.97%)
Processed   210000/  235766 entries, 89.07% (elapsed time    98.5s, curr speed    2.344 kHz, avg speed    2.132 kHz), accepted     8313/  210001 events ( 3.96%)
Processed   220000/  235766 entries, 93.31% (elapsed time   102.5s, curr speed    2.503 kHz, avg speed    2.146 kHz), accepted     8724/  220001 events ( 3.97%)
Processed   230000/  235766 entries, 97.55% (elapsed time   106.5s, curr speed    2.491 kHz, avg speed    2.159 kHz), accepted     9142/  230001 events ( 3.97%)
Processed 235766 preselected entries from /eos/cms/store/group/phys_tau/TauFW/nano/UL2017/TTToSemiLeptonic_TuneCP5_13TeV-powheg-pythia8/RunIISummer19UL17NanoAODv2-106X_mc2017_realistic_v8-v1/NANOAODSIM/0312229B-1A96-E145-AB35-CC48EE971C9D_skimjec_2.root (235766 entries). Finally selected 9358 entries
Pre-select 213825 entries out of 213825 (100.00%)
Processed    10000/  213825 entries,  4.68% (elapsed time     7.9s, curr speed    1.272 kHz, avg speed    1.272 kHz), accepted      380/   10001 events ( 3.80%)
Processed    20000/  213825 entries,  9.35% (elapsed time    12.8s, curr speed    2.013 kHz, avg speed    1.559 kHz), accepted      822/   20001 events ( 4.11%)
Processed    30000/  213825 entries, 14.03% (elapsed time    16.4s, curr speed    2.791 kHz, avg speed    1.828 kHz), accepted     1202/   30001 events ( 4.01%)
Processed    40000/  213825 entries, 18.71% (elapsed time    20.0s, curr speed    2.772 kHz, avg speed    1.998 kHz), accepted     1583/   40001 events ( 3.96%)
Processed    50000/  213825 entries, 23.38% (elapsed time    23.9s, curr speed    2.560 kHz, avg speed    2.090 kHz), accepted     1987/   50001 events ( 3.97%)
Processed    60000/  213825 entries, 28.06% (elapsed time    28.2s, curr speed    2.357 kHz, avg speed    2.130 kHz), accepted     2376/   60001 events ( 3.96%)
Processed    70000/  213825 entries, 32.74% (elapsed time    32.6s, curr speed    2.254 kHz, avg speed    2.147 kHz), accepted     2789/   70001 events ( 3.98%)
Processed    80000/  213825 entries, 37.41% (elapsed time    36.8s, curr speed    2.410 kHz, avg speed    2.177 kHz), accepted     3173/   80001 events ( 3.97%)
Processed    90000/  213825 entries, 42.09% (elapsed time    41.5s, curr speed    2.123 kHz, avg speed    2.170 kHz), accepted     3599/   90001 events ( 4.00%)
Processed   100000/  213825 entries, 46.77% (elapsed time    47.0s, curr speed    1.799 kHz, avg speed    2.127 kHz), accepted     3984/  100001 events ( 3.98%)
Processed   110000/  213825 entries, 51.44% (elapsed time    51.7s, curr speed    2.134 kHz, avg speed    2.127 kHz), accepted     4330/  110001 events ( 3.94%)
Processed   120000/  213825 entries, 56.12% (elapsed time    56.8s, curr speed    1.973 kHz, avg speed    2.113 kHz), accepted     4740/  120001 events ( 3.95%)
Processed   130000/  213825 entries, 60.80% (elapsed time    61.8s, curr speed    2.011 kHz, avg speed    2.105 kHz), accepted     5151/  130001 events ( 3.96%)
Processed   140000/  213825 entries, 65.47% (elapsed time    67.4s, curr speed    1.761 kHz, avg speed    2.076 kHz), accepted     5586/  140001 events ( 3.99%)
Processed   150000/  213825 entries, 70.15% (elapsed time    72.1s, curr speed    2.163 kHz, avg speed    2.082 kHz), accepted     5939/  150001 events ( 3.96%)
Processed   160000/  213825 entries, 74.83% (elapsed time    77.0s, curr speed    2.031 kHz, avg speed    2.079 kHz), accepted     6348/  160001 events ( 3.97%)
Processed   170000/  213825 entries, 79.50% (elapsed time    81.6s, curr speed    2.172 kHz, avg speed    2.084 kHz), accepted     6747/  170001 events ( 3.97%)
Processed   180000/  213825 entries, 84.18% (elapsed time    86.5s, curr speed    2.038 kHz, avg speed    2.081 kHz), accepted     7155/  180001 events ( 3.97%)
Processed   190000/  213825 entries, 88.86% (elapsed time    91.1s, curr speed    2.147 kHz, avg speed    2.085 kHz), accepted     7555/  190001 events ( 3.98%)
Processed   200000/  213825 entries, 93.53% (elapsed time    95.2s, curr speed    2.476 kHz, avg speed    2.101 kHz), accepted     7929/  200001 events ( 3.96%)
Processed   210000/  213825 entries, 98.21% (elapsed time    99.4s, curr speed    2.379 kHz, avg speed    2.113 kHz), accepted     8303/  210001 events ( 3.95%)
Processed 213825 preselected entries from /eos/cms/store/group/phys_tau/TauFW/nano/UL2017/TTToSemiLeptonic_TuneCP5_13TeV-powheg-pythia8/RunIISummer19UL17NanoAODv2-106X_mc2017_realistic_v8-v1/NANOAODSIM/046C80C9-363F-4745-B353-BE97AC22508D_skimjec_0.root (213825 entries). Finally selected 8446 entries
Pre-select 213825 entries out of 213825 (100.00%)
Processed    10000/  213825 entries,  4.68% (elapsed time     8.4s, curr speed    1.188 kHz, avg speed    1.188 kHz), accepted      418/   10001 events ( 4.18%)
Processed    20000/  213825 entries,  9.35% (elapsed time    13.6s, curr speed    1.931 kHz, avg speed    1.471 kHz), accepted      843/   20001 events ( 4.21%)
Processed    30000/  213825 entries, 14.03% (elapsed time    17.5s, curr speed    2.535 kHz, avg speed    1.710 kHz), accepted     1228/   30001 events ( 4.09%)
Processed    40000/  213825 entries, 18.71% (elapsed time    22.2s, curr speed    2.166 kHz, avg speed    1.805 kHz), accepted     1653/   40001 events ( 4.13%)
Processed    50000/  213825 entries, 23.38% (elapsed time    26.7s, curr speed    2.191 kHz, avg speed    1.871 kHz), accepted     2062/   50001 events ( 4.12%)
Processed    60000/  213825 entries, 28.06% (elapsed time    31.4s, curr speed    2.141 kHz, avg speed    1.911 kHz), accepted     2453/   60001 events ( 4.09%)
Processed    70000/  213825 entries, 32.74% (elapsed time    36.8s, curr speed    1.844 kHz, avg speed    1.901 kHz), accepted     2827/   70001 events ( 4.04%)
Processed    80000/  213825 entries, 37.41% (elapsed time    43.5s, curr speed    1.501 kHz, avg speed    1.840 kHz), accepted     3270/   80001 events ( 4.09%)
Processed    90000/  213825 entries, 42.09% (elapsed time    49.2s, curr speed    1.734 kHz, avg speed    1.828 kHz), accepted     3666/   90001 events ( 4.07%)
Processed   100000/  213825 entries, 46.77% (elapsed time    54.7s, curr speed    1.843 kHz, avg speed    1.829 kHz), accepted     4053/  100001 events ( 4.05%)
Processed   110000/  213825 entries, 51.44% (elapsed time    59.3s, curr speed    2.150 kHz, avg speed    1.854 kHz), accepted     4463/  110001 events ( 4.06%)
Processed   120000/  213825 entries, 56.12% (elapsed time    64.2s, curr speed    2.044 kHz, avg speed    1.869 kHz), accepted     4850/  120001 events ( 4.04%)
Processed   130000/  213825 entries, 60.80% (elapsed time    68.7s, curr speed    2.221 kHz, avg speed    1.892 kHz), accepted     5279/  130001 events ( 4.06%)
Processed   140000/  213825 entries, 65.47% (elapsed time    73.1s, curr speed    2.263 kHz, avg speed    1.914 kHz), accepted     5641/  140001 events ( 4.03%)
Processed   150000/  213825 entries, 70.15% (elapsed time    78.1s, curr speed    2.029 kHz, avg speed    1.921 kHz), accepted     6048/  150001 events ( 4.03%)
Processed   160000/  213825 entries, 74.83% (elapsed time    82.7s, curr speed    2.147 kHz, avg speed    1.934 kHz), accepted     6443/  160001 events ( 4.03%)
Processed   170000/  213825 entries, 79.50% (elapsed time    86.9s, curr speed    2.396 kHz, avg speed    1.956 kHz), accepted     6843/  170001 events ( 4.03%)
Processed   180000/  213825 entries, 84.18% (elapsed time    90.9s, curr speed    2.493 kHz, avg speed    1.980 kHz), accepted     7229/  180001 events ( 4.02%)
Processed   190000/  213825 entries, 88.86% (elapsed time    95.2s, curr speed    2.318 kHz, avg speed    1.995 kHz), accepted     7611/  190001 events ( 4.01%)
Processed   200000/  213825 entries, 93.53% (elapsed time    99.1s, curr speed    2.571 kHz, avg speed    2.018 kHz), accepted     8032/  200001 events ( 4.02%)
Processed   210000/  213825 entries, 98.21% (elapsed time   103.2s, curr speed    2.468 kHz, avg speed    2.036 kHz), accepted     8454/  210001 events ( 4.03%)
Processed 213825 preselected entries from /eos/cms/store/group/phys_tau/TauFW/nano/UL2017/TTToSemiLeptonic_TuneCP5_13TeV-powheg-pythia8/RunIISummer19UL17NanoAODv2-106X_mc2017_realistic_v8-v1/NANOAODSIM/046C80C9-363F-4745-B353-BE97AC22508D_skimjec_1.root (213825 entries). Finally selected 8599 entries
Pre-select 213825 entries out of 213825 (100.00%)
Processed    10000/  213825 entries,  4.68% (elapsed time     7.9s, curr speed    1.260 kHz, avg speed    1.260 kHz), accepted      398/   10001 events ( 3.98%)
Processed    20000/  213825 entries,  9.35% (elapsed time    14.6s, curr speed    1.509 kHz, avg speed    1.373 kHz), accepted      797/   20001 events ( 3.98%)
Processed    30000/  213825 entries, 14.03% (elapsed time    18.7s, curr speed    2.400 kHz, avg speed    1.602 kHz), accepted     1206/   30001 events ( 4.02%)
Processed    40000/  213825 entries, 18.71% (elapsed time    23.5s, curr speed    2.117 kHz, avg speed    1.706 kHz), accepted     1587/   40001 events ( 3.97%)
Processed    50000/  213825 entries, 23.38% (elapsed time    28.2s, curr speed    2.116 kHz, avg speed    1.774 kHz), accepted     1970/   50001 events ( 3.94%)
Processed    60000/  213825 entries, 28.06% (elapsed time    33.0s, curr speed    2.091 kHz, avg speed    1.820 kHz), accepted     2356/   60001 events ( 3.93%)
Processed    70000/  213825 entries, 32.74% (elapsed time    38.3s, curr speed    1.884 kHz, avg speed    1.829 kHz), accepted     2758/   70001 events ( 3.94%)
Processed    80000/  213825 entries, 37.41% (elapsed time    42.8s, curr speed    2.217 kHz, avg speed    1.870 kHz), accepted     3143/   80001 events ( 3.93%)
Processed    90000/  213825 entries, 42.09% (elapsed time    47.3s, curr speed    2.232 kHz, avg speed    1.904 kHz), accepted     3565/   90001 events ( 3.96%)
Processed   100000/  213825 entries, 46.77% (elapsed time    52.9s, curr speed    1.767 kHz, avg speed    1.890 kHz), accepted     3959/  100001 events ( 3.96%)
Processed   110000/  213825 entries, 51.44% (elapsed time    57.7s, curr speed    2.101 kHz, avg speed    1.907 kHz), accepted     4348/  110001 events ( 3.95%)
Processed   120000/  213825 entries, 56.12% (elapsed time    62.1s, curr speed    2.276 kHz, avg speed    1.933 kHz), accepted     4730/  120001 events ( 3.94%)
Processed   130000/  213825 entries, 60.80% (elapsed time    67.3s, curr speed    1.921 kHz, avg speed    1.932 kHz), accepted     5104/  130001 events ( 3.93%)
Processed   140000/  213825 entries, 65.47% (elapsed time    72.2s, curr speed    2.029 kHz, avg speed    1.939 kHz), accepted     5534/  140001 events ( 3.95%)
Processed   150000/  213825 entries, 70.15% (elapsed time    76.5s, curr speed    2.344 kHz, avg speed    1.961 kHz), accepted     5934/  150001 events ( 3.96%)
Processed   160000/  213825 entries, 74.83% (elapsed time    80.7s, curr speed    2.378 kHz, avg speed    1.983 kHz), accepted     6337/  160001 events ( 3.96%)
Processed   170000/  213825 entries, 79.50% (elapsed time    84.8s, curr speed    2.437 kHz, avg speed    2.005 kHz), accepted     6754/  170001 events ( 3.97%)
Processed   180000/  213825 entries, 84.18% (elapsed time    89.2s, curr speed    2.258 kHz, avg speed    2.018 kHz), accepted     7167/  180001 events ( 3.98%)
Processed   190000/  213825 entries, 88.86% (elapsed time    93.4s, curr speed    2.380 kHz, avg speed    2.034 kHz), accepted     7581/  190001 events ( 3.99%)
Processed   200000/  213825 entries, 93.53% (elapsed time    97.2s, curr speed    2.610 kHz, avg speed    2.057 kHz), accepted     7974/  200001 events ( 3.99%)
Processed   210000/  213825 entries, 98.21% (elapsed time   101.5s, curr speed    2.375 kHz, avg speed    2.070 kHz), accepted     8351/  210001 events ( 3.98%)
Processed 213825 preselected entries from /eos/cms/store/group/phys_tau/TauFW/nano/UL2017/TTToSemiLeptonic_TuneCP5_13TeV-powheg-pythia8/RunIISummer19UL17NanoAODv2-106X_mc2017_realistic_v8-v1/NANOAODSIM/046C80C9-363F-4745-B353-BE97AC22508D_skimjec_2.root (213825 entries). Finally selected 8496 entries
Pre-select 213825 entries out of 213825 (100.00%)
Processed    10000/  213825 entries,  4.68% (elapsed time     8.1s, curr speed    1.232 kHz, avg speed    1.232 kHz), accepted      398/   10001 events ( 3.98%)
Processed    20000/  213825 entries,  9.35% (elapsed time    13.5s, curr speed    1.851 kHz, avg speed    1.479 kHz), accepted      764/   20001 events ( 3.82%)
Processed    30000/  213825 entries, 14.03% (elapsed time    17.4s, curr speed    2.601 kHz, avg speed    1.727 kHz), accepted     1138/   30001 events ( 3.79%)
Processed    40000/  213825 entries, 18.71% (elapsed time    25.0s, curr speed    1.313 kHz, avg speed    1.601 kHz), accepted     1544/   40001 events ( 3.86%)
Processed    50000/  213825 entries, 23.38% (elapsed time    29.3s, curr speed    2.298 kHz, avg speed    1.704 kHz), accepted     1946/   50001 events ( 3.89%)
Processed    60000/  213825 entries, 28.06% (elapsed time    33.4s, curr speed    2.482 kHz, avg speed    1.798 kHz), accepted     2320/   60001 events ( 3.87%)
Processed    70000/  213825 entries, 32.74% (elapsed time    38.0s, curr speed    2.143 kHz, avg speed    1.841 kHz), accepted     2693/   70001 events ( 3.85%)
Processed    80000/  213825 entries, 37.41% (elapsed time    42.7s, curr speed    2.144 kHz, avg speed    1.874 kHz), accepted     3109/   80001 events ( 3.89%)
Processed    90000/  213825 entries, 42.09% (elapsed time    47.4s, curr speed    2.139 kHz, avg speed    1.900 kHz), accepted     3512/   90001 events ( 3.90%)
Processed   100000/  213825 entries, 46.77% (elapsed time    51.6s, curr speed    2.344 kHz, avg speed    1.937 kHz), accepted     3918/  100001 events ( 3.92%)
Processed   110000/  213825 entries, 51.44% (elapsed time    56.0s, curr speed    2.311 kHz, avg speed    1.966 kHz), accepted     4282/  110001 events ( 3.89%)
Processed   120000/  213825 entries, 56.12% (elapsed time    60.6s, curr speed    2.156 kHz, avg speed    1.980 kHz), accepted     4699/  120001 events ( 3.92%)
Processed   130000/  213825 entries, 60.80% (elapsed time    65.3s, curr speed    2.130 kHz, avg speed    1.991 kHz), accepted     5107/  130001 events ( 3.93%)
Processed   140000/  213825 entries, 65.47% (elapsed time    69.2s, curr speed    2.570 kHz, avg speed    2.024 kHz), accepted     5494/  140001 events ( 3.92%)
Processed   150000/  213825 entries, 70.15% (elapsed time    73.3s, curr speed    2.453 kHz, avg speed    2.047 kHz), accepted     5907/  150001 events ( 3.94%)
Processed   160000/  213825 entries, 74.83% (elapsed time    77.1s, curr speed    2.628 kHz, avg speed    2.076 kHz), accepted     6294/  160001 events ( 3.93%)
Processed   170000/  213825 entries, 79.50% (elapsed time    81.0s, curr speed    2.538 kHz, avg speed    2.099 kHz), accepted     6666/  170001 events ( 3.92%)
Processed   180000/  213825 entries, 84.18% (elapsed time    84.9s, curr speed    2.547 kHz, avg speed    2.119 kHz), accepted     7094/  180001 events ( 3.94%)
Processed   190000/  213825 entries, 88.86% (elapsed time    88.3s, curr speed    2.932 kHz, avg speed    2.151 kHz), accepted     7475/  190001 events ( 3.93%)
Processed   200000/  213825 entries, 93.53% (elapsed time    92.6s, curr speed    2.374 kHz, avg speed    2.161 kHz), accepted     7885/  200001 events ( 3.94%)
Processed   210000/  213825 entries, 98.21% (elapsed time    96.7s, curr speed    2.394 kHz, avg speed    2.171 kHz), accepted     8281/  210001 events ( 3.94%)
Processed 213825 preselected entries from /eos/cms/store/group/phys_tau/TauFW/nano/UL2017/TTToSemiLeptonic_TuneCP5_13TeV-powheg-pythia8/RunIISummer19UL17NanoAODv2-106X_mc2017_realistic_v8-v1/NANOAODSIM/046C80C9-363F-4745-B353-BE97AC22508D_skimjec_3.root (213825 entries). Finally selected 8431 entries
Total time 516.6 sec. to process 1091066 events. Rate = 2112.0 Hz.
>>> cwd          = /pool/condor/dir_3218
>>> ls           = ['.chirp.config', '.update.ad', 'condor_exec.exe', 'tmp', 'var', '.machine.ad', 'lvigilan.cc', 'pico_etau_2.root', 'x509_voms', '.job.ad', '_condor_stdout']
>>> getstorage('/eos/home-l/lvigilan/output_ETauFR_UL17_RUN1/UL2017/etau/TTToSemiLeptonic'), <EOS("/eos/home-l/lvigilan/output_ETauFR_UL17_RUN1/UL2017/etau/TTToSemiLeptonic") at 0x2b183f7f2d10>
>>> Executing: 'cp ./pico_etau_2.root /eos/home-l/lvigilan/output_ETauFR_UL17_RUN1/UL2017/etau/TTToSemiLeptonic'
>>> Removing './pico_etau_2.root'...
>>> picojob.py done after 536.6 seconds

Job complete at Mon Jun  7 19:03:53 CEST 2021
Took 8 minutes 58 seconds040 (2367592.002.000) 06/07 19:03:53 Finished transferring output files
...
005 (2367592.002.000) 06/07 19:03:53 Job terminated.
	(1) Normal termination (return value 0)
		Usr 0 00:06:36, Sys 0 00:00:18  -  Run Remote Usage
		Usr 0 00:00:00, Sys 0 00:00:00  -  Run Local Usage
		Usr 0 00:06:36, Sys 0 00:00:18  -  Total Remote Usage
		Usr 0 00:00:00, Sys 0 00:00:00  -  Total Local Usage
	34889  -  Run Bytes Sent By Job
	9930  -  Run Bytes Received By Job
	34889  -  Total Bytes Sent By Job
	9930  -  Total Bytes Received By Job
	Partitionable Resources :    Usage  Request Allocated 
	   Cpus                 :     0.77        1         1 
	   Disk (KB)            :  3340           1    310570 
	   Memory (MB)          :   282        2000      2000 

	Job terminated of its own accord at 2021-06-07T17:03:53Z.
...
