Could not find platform independent libraries <prefix>
Could not find platform dependent libraries <exec_prefix>
Consider setting $PYTHONHOME to <prefix>[:<exec_prefix>]
ImportError: No module named site
Job start at Tue Jun  8 10:12:28 CEST 2021
Running job on machine Linux b7g52n3128.cern.ch 3.10.0-1160.21.1.el7.x86_64 #1 SMP Tue Mar 16 18:28:22 UTC 2021 x86_64 x86_64 x86_64 GNU/Linux, host b7g52n3128.cern.ch
============================================================
$PWD=/pool/condor/dir_10970
$JOBID=2368940
$TASKID=87
$HOSTNAME=b7g52n3128.cern.ch
$TASKCMD=/afs/cern.ch/work/l/lvigilan/TauWork/CMSSW_10_6_17_patch1/src/TauFW/PicoProducer/python/processors/picojob.py -y UL2017 -d 'mc' -c etau -M ETauFakeRate.ModuleETau --copydir /eos/home-l/lvigilan/output_ETauFR_UL17_RUN1/UL2017/etau/TTToSemiLeptonic -t _etau_EES1p01_87 --opt 'ees=1.01' 'useT1=True' 'toppt=True' -i /eos/cms/store/group/phys_tau/TauFW/nano/UL2017/TTToSemiLeptonic_TuneCP5_13TeV-powheg-pythia8/RunIISummer19UL17NanoAODv2-106X_mc2017_realistic_v8-v1/NANOAODSIM/DF3F47DE-B915-5743-852A-AF5754CE94FF_skimjec_4.root /eos/cms/store/group/phys_tau/TauFW/nano/UL2017/TTToSemiLeptonic_TuneCP5_13TeV-powheg-pythia8/RunIISummer19UL17NanoAODv2-106X_mc2017_realistic_v8-v1/NANOAODSIM/E03CFB2A-B7E8-ED43-9A73-7DA0BC202D1F_skimjec_0.root /eos/cms/store/group/phys_tau/TauFW/nano/UL2017/TTToSemiLeptonic_TuneCP5_13TeV-powheg-pythia8/RunIISummer19UL17NanoAODv2-106X_mc2017_realistic_v8-v1/NANOAODSIM/E03CFB2A-B7E8-ED43-9A73-7DA0BC202D1F_skimjec_1.root /eos/cms/store/group/phys_tau/TauFW/nano/UL2017/TTToSemiLeptonic_TuneCP5_13TeV-powheg-pythia8/RunIISummer19UL17NanoAODv2-106X_mc2017_realistic_v8-v1/NANOAODSIM/E03CFB2A-B7E8-ED43-9A73-7DA0BC202D1F_skimjec_2.root /eos/cms/store/group/phys_tau/TauFW/nano/UL2017/TTToSemiLeptonic_TuneCP5_13TeV-powheg-pythia8/RunIISummer19UL17NanoAODv2-106X_mc2017_realistic_v8-v1/NANOAODSIM/E03CFB2A-B7E8-ED43-9A73-7DA0BC202D1F_skimjec_3.root
$WORKDIR=/pool/condor/dir_10970
>>> cd /afs/cern.ch/work/l/lvigilan/TauWork/CMSSW_10_6_17_patch1/src
>>> eval `scramv1 runtime -sh`
>>> cd /pool/condor/dir_10970
$PWD=/pool/condor/dir_10970
>>> /afs/cern.ch/work/l/lvigilan/TauWork/CMSSW_10_6_17_patch1/src/TauFW/PicoProducer/python/processors/picojob.py -y UL2017 -d 'mc' -c etau -M ETauFakeRate.ModuleETau --copydir /eos/home-l/lvigilan/output_ETauFR_UL17_RUN1/UL2017/etau/TTToSemiLeptonic -t _etau_EES1p01_87 --opt 'ees=1.01' 'useT1=True' 'toppt=True' -i /eos/cms/store/group/phys_tau/TauFW/nano/UL2017/TTToSemiLeptonic_TuneCP5_13TeV-powheg-pythia8/RunIISummer19UL17NanoAODv2-106X_mc2017_realistic_v8-v1/NANOAODSIM/DF3F47DE-B915-5743-852A-AF5754CE94FF_skimjec_4.root /eos/cms/store/group/phys_tau/TauFW/nano/UL2017/TTToSemiLeptonic_TuneCP5_13TeV-powheg-pythia8/RunIISummer19UL17NanoAODv2-106X_mc2017_realistic_v8-v1/NANOAODSIM/E03CFB2A-B7E8-ED43-9A73-7DA0BC202D1F_skimjec_0.root /eos/cms/store/group/phys_tau/TauFW/nano/UL2017/TTToSemiLeptonic_TuneCP5_13TeV-powheg-pythia8/RunIISummer19UL17NanoAODv2-106X_mc2017_realistic_v8-v1/NANOAODSIM/E03CFB2A-B7E8-ED43-9A73-7DA0BC202D1F_skimjec_1.root /eos/cms/store/group/phys_tau/TauFW/nano/UL2017/TTToSemiLeptonic_TuneCP5_13TeV-powheg-pythia8/RunIISummer19UL17NanoAODv2-106X_mc2017_realistic_v8-v1/NANOAODSIM/E03CFB2A-B7E8-ED43-9A73-7DA0BC202D1F_skimjec_2.root /eos/cms/store/group/phys_tau/TauFW/nano/UL2017/TTToSemiLeptonic_TuneCP5_13TeV-powheg-pythia8/RunIISummer19UL17NanoAODv2-106X_mc2017_realistic_v8-v1/NANOAODSIM/E03CFB2A-B7E8-ED43-9A73-7DA0BC202D1F_skimjec_3.root
Error in <TGClient::TGClient>: can't open display "localhost:21.0", switching to batch mode...
 In case you run from a remote ssh session, reconnect with ssh -Y
--------------------------------------------------------------------------------
>>> era          = 'UL2017'
>>> year         = 2017
>>> channel      = 'etau'
>>> modname      = 'ETauFakeRate.ModuleETau'
>>> dtype        = 'mc'
>>> kwargs       = {'dtype': 'mc', 'ees': 1.01, 'toppt': True, 'useT1': True, 'verb': 0, 'era': 'UL2017', 'year': 2017}
>>> firstevt     = 0
>>> maxevts      = None
>>> outdir       = '.'
>>> copydir      = '/eos/home-l/lvigilan/output_ETauFR_UL17_RUN1/UL2017/etau/TTToSemiLeptonic'
>>> infiles      = ['/eos/cms/store/group/phys_tau/TauFW/nano/UL2017/TTToSemiLeptonic_TuneCP5_13TeV-powheg-pythia8/RunIISummer19UL17NanoAODv2-106X_mc2017_realistic_v8-v1/NANOAODSIM/DF3F47DE-B915-5743-852A-AF5754CE94FF_skimjec_4.root', '/eos/cms/store/group/phys_tau/TauFW/nano/UL2017/TTToSemiLeptonic_TuneCP5_13TeV-powheg-pythia8/RunIISummer19UL17NanoAODv2-106X_mc2017_realistic_v8-v1/NANOAODSIM/E03CFB2A-B7E8-ED43-9A73-7DA0BC202D1F_skimjec_0.root', '/eos/cms/store/group/phys_tau/TauFW/nano/UL2017/TTToSemiLeptonic_TuneCP5_13TeV-powheg-pythia8/RunIISummer19UL17NanoAODv2-106X_mc2017_realistic_v8-v1/NANOAODSIM/E03CFB2A-B7E8-ED43-9A73-7DA0BC202D1F_skimjec_1.root', '/eos/cms/store/group/phys_tau/TauFW/nano/UL2017/TTToSemiLeptonic_TuneCP5_13TeV-powheg-pythia8/RunIISummer19UL17NanoAODv2-106X_mc2017_realistic_v8-v1/NANOAODSIM/E03CFB2A-B7E8-ED43-9A73-7DA0BC202D1F_skimjec_2.root', '/eos/cms/store/group/phys_tau/TauFW/nano/UL2017/TTToSemiLeptonic_TuneCP5_13TeV-powheg-pythia8/RunIISummer19UL17NanoAODv2-106X_mc2017_realistic_v8-v1/NANOAODSIM/E03CFB2A-B7E8-ED43-9A73-7DA0BC202D1F_skimjec_3.root']
>>> outfname     = './pico_etau_EES1p01_87.root'
>>> branchsel    = '/afs/cern.ch/work/l/lvigilan/TauWork/CMSSW_10_6_17_patch1/python/TauFW/PicoProducer/processors/keep_and_drop_skim.txt'
>>> json         = None
>>> prefetch     = False
>>> cwd          = /pool/condor/dir_10970
--------------------------------------------------------------------------------

   ################
   #  ModuleETau  #
   ################

Loading PileupWeightTool for '/afs/cern.ch/work/l/lvigilan/TauWork/CMSSW_10_6_17_patch1/src/TauFW/PicoProducer/data/pileup/Data_PileUp_UL2017_69p2.root' and '/afs/cern.ch/work/l/lvigilan/TauWork/CMSSW_10_6_17_patch1/src/TauFW/PicoProducer/data/pileup/MC_PileUp_UL2017_Summer19.root'
Loading BTagWeightTool for DeepCSV (medium WP)...
>>> BTagTool: [1m[33mWarning! [0m[33mHistogram 'etau/eff_DeepCSV_udsg_medium' does not exist in /afs/cern.ch/work/l/lvigilan/TauWork/CMSSW_10_6_17_patch1/src/TauFW/PicoProducer/data/btag/DeepCSV_2017_12Apr2017_eff.root! Reverting to default efficiency histogram...[0m
>>> BTagTool: [1m[33mWarning! [0m[33mHistogram 'etau/eff_DeepCSV_c_medium' does not exist in /afs/cern.ch/work/l/lvigilan/TauWork/CMSSW_10_6_17_patch1/src/TauFW/PicoProducer/data/btag/DeepCSV_2017_12Apr2017_eff.root! Reverting to default efficiency histogram...[0m
>>> BTagTool: [1m[33mWarning! [0m[33mHistogram 'etau/eff_DeepCSV_b_medium' does not exist in /afs/cern.ch/work/l/lvigilan/TauWork/CMSSW_10_6_17_patch1/src/TauFW/PicoProducer/data/btag/DeepCSV_2017_12Apr2017_eff.root! Reverting to default efficiency histogram...[0m
>>> BTagTool: [1m[33mWarning! [0m[33mMade use of default efficiency histograms! The b tag weights from this module should be regarded as placeholders only,
and should NOT be used for analyses. B (mis)tag efficiencies in MC are analysis dependent. Please create your own
efficiency histogram with data/btag/getBTagEfficiencies.py after running all MC samples with BTagWeightTool.[0m
Loading TreeProducerETau for './pico_etau_EES1p01_87.root'
--------------------------------------------------------------------------------
>>> filename     = './pico_etau_EES1p01_87.root'
>>> year         = 2017
>>> dtype        = 'mc'
>>> channel      = 'etau'
>>> ismc         = True
>>> isdata       = False
>>> isembed      = False
>>> tes          = 1.0
>>> tessys       = None
>>> fes          = None
>>> ltf          = None
>>> jtf          = 1.0
>>> dotoppt      = True
>>> dozpt        = False
>>> dojec        = True
>>> dojecsys     = True
>>> dotight      = False
>>> useT1        = True
>>> jetCutPt     = 30
>>> bjetCutEta   = 2.7
>>> tauwp        = 0
>>> eleCutPt     = 36
>>> eleCutEta    = 2.1
>>> tauCutPt     = 20
>>> tauCutEta    = 2.3
>>> ZpeekReso    = 0.1
Pre-select 218460 entries out of 218460 (100.00%)
Processed    10000/  218460 entries,  4.58% (elapsed time     6.3s, curr speed    1.596 kHz, avg speed    1.596 kHz), accepted      417/   10001 events ( 4.17%)
Processed    20000/  218460 entries,  9.15% (elapsed time     9.9s, curr speed    2.736 kHz, avg speed    2.016 kHz), accepted      833/   20001 events ( 4.16%)
Processed    30000/  218460 entries, 13.73% (elapsed time    12.3s, curr speed    4.182 kHz, avg speed    2.436 kHz), accepted     1239/   30001 events ( 4.13%)
Processed    40000/  218460 entries, 18.31% (elapsed time    14.8s, curr speed    4.015 kHz, avg speed    2.702 kHz), accepted     1632/   40001 events ( 4.08%)
Processed    50000/  218460 entries, 22.89% (elapsed time    16.9s, curr speed    4.720 kHz, avg speed    2.955 kHz), accepted     2016/   50001 events ( 4.03%)
Processed    60000/  218460 entries, 27.46% (elapsed time    19.3s, curr speed    4.284 kHz, avg speed    3.116 kHz), accepted     2406/   60001 events ( 4.01%)
Processed    70000/  218460 entries, 32.04% (elapsed time    21.6s, curr speed    4.234 kHz, avg speed    3.238 kHz), accepted     2803/   70001 events ( 4.00%)
Processed    80000/  218460 entries, 36.62% (elapsed time    24.1s, curr speed    3.992 kHz, avg speed    3.316 kHz), accepted     3217/   80001 events ( 4.02%)
Processed    90000/  218460 entries, 41.20% (elapsed time    26.4s, curr speed    4.345 kHz, avg speed    3.406 kHz), accepted     3600/   90001 events ( 4.00%)
Processed   100000/  218460 entries, 45.77% (elapsed time    28.5s, curr speed    4.712 kHz, avg speed    3.503 kHz), accepted     3990/  100001 events ( 3.99%)
Processed   110000/  218460 entries, 50.35% (elapsed time    30.8s, curr speed    4.461 kHz, avg speed    3.573 kHz), accepted     4373/  110001 events ( 3.98%)
Processed   120000/  218460 entries, 54.93% (elapsed time    33.3s, curr speed    4.030 kHz, avg speed    3.607 kHz), accepted     4746/  120001 events ( 3.95%)
Processed   130000/  218460 entries, 59.51% (elapsed time    36.5s, curr speed    3.090 kHz, avg speed    3.561 kHz), accepted     5154/  130001 events ( 3.96%)
Processed   140000/  218460 entries, 64.08% (elapsed time    39.6s, curr speed    3.260 kHz, avg speed    3.538 kHz), accepted     5545/  140001 events ( 3.96%)
Processed   150000/  218460 entries, 68.66% (elapsed time    42.6s, curr speed    3.251 kHz, avg speed    3.517 kHz), accepted     5918/  150001 events ( 3.95%)
Processed   160000/  218460 entries, 73.24% (elapsed time    46.1s, curr speed    2.883 kHz, avg speed    3.469 kHz), accepted     6313/  160001 events ( 3.95%)
Processed   170000/  218460 entries, 77.82% (elapsed time    49.1s, curr speed    3.332 kHz, avg speed    3.461 kHz), accepted     6699/  170001 events ( 3.94%)
Processed   180000/  218460 entries, 82.39% (elapsed time    53.1s, curr speed    2.530 kHz, avg speed    3.392 kHz), accepted     7085/  180001 events ( 3.94%)
Processed   190000/  218460 entries, 86.97% (elapsed time    55.7s, curr speed    3.785 kHz, avg speed    3.410 kHz), accepted     7471/  190001 events ( 3.93%)
Processed   200000/  218460 entries, 91.55% (elapsed time    58.7s, curr speed    3.331 kHz, avg speed    3.406 kHz), accepted     7880/  200001 events ( 3.94%)
Processed   210000/  218460 entries, 96.13% (elapsed time    61.8s, curr speed    3.247 kHz, avg speed    3.398 kHz), accepted     8266/  210001 events ( 3.94%)
Processed 218460 preselected entries from /eos/cms/store/group/phys_tau/TauFW/nano/UL2017/TTToSemiLeptonic_TuneCP5_13TeV-powheg-pythia8/RunIISummer19UL17NanoAODv2-106X_mc2017_realistic_v8-v1/NANOAODSIM/DF3F47DE-B915-5743-852A-AF5754CE94FF_skimjec_4.root (218460 entries). Finally selected 8573 entries
Pre-select 224420 entries out of 224420 (100.00%)
Processed    10000/  224420 entries,  4.46% (elapsed time     4.9s, curr speed    2.021 kHz, avg speed    2.021 kHz), accepted      397/   10001 events ( 3.97%)
Processed    20000/  224420 entries,  8.91% (elapsed time     8.2s, curr speed    3.033 kHz, avg speed    2.426 kHz), accepted      789/   20001 events ( 3.94%)
Processed    30000/  224420 entries, 13.37% (elapsed time    10.6s, curr speed    4.269 kHz, avg speed    2.834 kHz), accepted     1174/   30001 events ( 3.91%)
Processed    40000/  224420 entries, 17.82% (elapsed time    13.0s, curr speed    4.096 kHz, avg speed    3.070 kHz), accepted     1595/   40001 events ( 3.99%)
Processed    50000/  224420 entries, 22.28% (elapsed time    15.3s, curr speed    4.307 kHz, avg speed    3.257 kHz), accepted     2002/   50001 events ( 4.00%)
Processed    60000/  224420 entries, 26.74% (elapsed time    17.8s, curr speed    4.100 kHz, avg speed    3.373 kHz), accepted     2418/   60001 events ( 4.03%)
Processed    70000/  224420 entries, 31.19% (elapsed time    21.0s, curr speed    3.098 kHz, avg speed    3.331 kHz), accepted     2831/   70001 events ( 4.04%)
Processed    80000/  224420 entries, 35.65% (elapsed time    23.8s, curr speed    3.589 kHz, avg speed    3.361 kHz), accepted     3239/   80001 events ( 4.05%)
Processed    90000/  224420 entries, 40.10% (elapsed time    26.6s, curr speed    3.640 kHz, avg speed    3.390 kHz), accepted     3625/   90001 events ( 4.03%)
Processed   100000/  224420 entries, 44.56% (elapsed time    29.1s, curr speed    3.897 kHz, avg speed    3.434 kHz), accepted     4017/  100001 events ( 4.02%)
Processed   110000/  224420 entries, 49.02% (elapsed time    31.6s, curr speed    3.950 kHz, avg speed    3.476 kHz), accepted     4429/  110001 events ( 4.03%)
Processed   120000/  224420 entries, 53.47% (elapsed time    34.2s, curr speed    3.950 kHz, avg speed    3.511 kHz), accepted     4809/  120001 events ( 4.01%)
Processed   130000/  224420 entries, 57.93% (elapsed time    36.9s, curr speed    3.720 kHz, avg speed    3.526 kHz), accepted     5182/  130001 events ( 3.99%)
Processed   140000/  224420 entries, 62.38% (elapsed time    39.8s, curr speed    3.431 kHz, avg speed    3.519 kHz), accepted     5574/  140001 events ( 3.98%)
Processed   150000/  224420 entries, 66.84% (elapsed time    42.6s, curr speed    3.515 kHz, avg speed    3.519 kHz), accepted     5977/  150001 events ( 3.98%)
Processed   160000/  224420 entries, 71.29% (elapsed time    45.4s, curr speed    3.661 kHz, avg speed    3.527 kHz), accepted     6382/  160001 events ( 3.99%)
Processed   170000/  224420 entries, 75.75% (elapsed time    48.4s, curr speed    3.239 kHz, avg speed    3.509 kHz), accepted     6785/  170001 events ( 3.99%)
Processed   180000/  224420 entries, 80.21% (elapsed time    51.3s, curr speed    3.452 kHz, avg speed    3.506 kHz), accepted     7199/  180001 events ( 4.00%)
Processed   190000/  224420 entries, 84.66% (elapsed time    54.2s, curr speed    3.476 kHz, avg speed    3.504 kHz), accepted     7579/  190001 events ( 3.99%)
Processed   200000/  224420 entries, 89.12% (elapsed time    57.2s, curr speed    3.390 kHz, avg speed    3.498 kHz), accepted     7962/  200001 events ( 3.98%)
Processed   210000/  224420 entries, 93.57% (elapsed time    60.0s, curr speed    3.547 kHz, avg speed    3.501 kHz), accepted     8343/  210001 events ( 3.97%)
Processed   220000/  224420 entries, 98.03% (elapsed time    62.5s, curr speed    3.911 kHz, avg speed    3.517 kHz), accepted     8731/  220001 events ( 3.97%)
Processed 224420 preselected entries from /eos/cms/store/group/phys_tau/TauFW/nano/UL2017/TTToSemiLeptonic_TuneCP5_13TeV-powheg-pythia8/RunIISummer19UL17NanoAODv2-106X_mc2017_realistic_v8-v1/NANOAODSIM/E03CFB2A-B7E8-ED43-9A73-7DA0BC202D1F_skimjec_0.root (224420 entries). Finally selected 8903 entries
Pre-select 224420 entries out of 224420 (100.00%)
Processed    10000/  224420 entries,  4.46% (elapsed time     6.0s, curr speed    1.671 kHz, avg speed    1.671 kHz), accepted      403/   10001 events ( 4.03%)
Processed    20000/  224420 entries,  8.91% (elapsed time     9.6s, curr speed    2.729 kHz, avg speed    2.073 kHz), accepted      822/   20001 events ( 4.11%)
Processed    30000/  224420 entries, 13.37% (elapsed time    12.2s, curr speed    3.897 kHz, avg speed    2.456 kHz), accepted     1237/   30001 events ( 4.12%)
Processed    40000/  224420 entries, 17.82% (elapsed time    14.8s, curr speed    3.939 kHz, avg speed    2.711 kHz), accepted     1634/   40001 events ( 4.08%)
Processed    50000/  224420 entries, 22.28% (elapsed time    17.3s, curr speed    3.932 kHz, avg speed    2.891 kHz), accepted     2013/   50001 events ( 4.03%)
Processed    60000/  224420 entries, 26.74% (elapsed time    19.7s, curr speed    4.099 kHz, avg speed    3.040 kHz), accepted     2390/   60001 events ( 3.98%)
Processed    70000/  224420 entries, 31.19% (elapsed time    22.7s, curr speed    3.356 kHz, avg speed    3.082 kHz), accepted     2779/   70001 events ( 3.97%)
Processed    80000/  224420 entries, 35.65% (elapsed time    25.1s, curr speed    4.152 kHz, avg speed    3.184 kHz), accepted     3147/   80001 events ( 3.93%)
Processed    90000/  224420 entries, 40.10% (elapsed time    27.9s, curr speed    3.617 kHz, avg speed    3.227 kHz), accepted     3513/   90001 events ( 3.90%)
Processed   100000/  224420 entries, 44.56% (elapsed time    30.8s, curr speed    3.422 kHz, avg speed    3.246 kHz), accepted     3897/  100001 events ( 3.90%)
Processed   110000/  224420 entries, 49.02% (elapsed time    33.6s, curr speed    3.587 kHz, avg speed    3.274 kHz), accepted     4312/  110001 events ( 3.92%)
Processed   120000/  224420 entries, 53.47% (elapsed time    36.7s, curr speed    3.234 kHz, avg speed    3.271 kHz), accepted     4721/  120001 events ( 3.93%)
Processed   130000/  224420 entries, 57.93% (elapsed time    39.5s, curr speed    3.613 kHz, avg speed    3.295 kHz), accepted     5116/  130001 events ( 3.94%)
Processed   140000/  224420 entries, 62.38% (elapsed time    41.8s, curr speed    4.226 kHz, avg speed    3.347 kHz), accepted     5464/  140001 events ( 3.90%)
Processed   150000/  224420 entries, 66.84% (elapsed time    44.4s, curr speed    3.843 kHz, avg speed    3.376 kHz), accepted     5870/  150001 events ( 3.91%)
Processed   160000/  224420 entries, 71.29% (elapsed time    47.4s, curr speed    3.335 kHz, avg speed    3.374 kHz), accepted     6286/  160001 events ( 3.93%)
Processed   170000/  224420 entries, 75.75% (elapsed time    50.2s, curr speed    3.654 kHz, avg speed    3.389 kHz), accepted     6660/  170001 events ( 3.92%)
Processed   180000/  224420 entries, 80.21% (elapsed time    52.8s, curr speed    3.791 kHz, avg speed    3.409 kHz), accepted     7064/  180001 events ( 3.92%)
Processed   190000/  224420 entries, 84.66% (elapsed time    55.7s, curr speed    3.482 kHz, avg speed    3.413 kHz), accepted     7448/  190001 events ( 3.92%)
Processed   200000/  224420 entries, 89.12% (elapsed time    58.6s, curr speed    3.363 kHz, avg speed    3.410 kHz), accepted     7882/  200001 events ( 3.94%)
Processed   210000/  224420 entries, 93.57% (elapsed time    61.8s, curr speed    3.120 kHz, avg speed    3.395 kHz), accepted     8284/  210001 events ( 3.94%)
Processed   220000/  224420 entries, 98.03% (elapsed time    64.7s, curr speed    3.562 kHz, avg speed    3.403 kHz), accepted     8684/  220001 events ( 3.95%)
Processed 224420 preselected entries from /eos/cms/store/group/phys_tau/TauFW/nano/UL2017/TTToSemiLeptonic_TuneCP5_13TeV-powheg-pythia8/RunIISummer19UL17NanoAODv2-106X_mc2017_realistic_v8-v1/NANOAODSIM/E03CFB2A-B7E8-ED43-9A73-7DA0BC202D1F_skimjec_1.root (224420 entries). Finally selected 8854 entries
Pre-select 224420 entries out of 224420 (100.00%)
Processed    10000/  224420 entries,  4.46% (elapsed time     4.9s, curr speed    2.044 kHz, avg speed    2.044 kHz), accepted      429/   10001 events ( 4.29%)
Processed    20000/  224420 entries,  8.91% (elapsed time     8.0s, curr speed    3.237 kHz, avg speed    2.506 kHz), accepted      802/   20001 events ( 4.01%)
Processed    30000/  224420 entries, 13.37% (elapsed time    10.2s, curr speed    4.439 kHz, avg speed    2.931 kHz), accepted     1186/   30001 events ( 3.95%)
Processed    40000/  224420 entries, 17.82% (elapsed time    12.9s, curr speed    3.702 kHz, avg speed    3.092 kHz), accepted     1554/   40001 events ( 3.88%)
Processed    50000/  224420 entries, 22.28% (elapsed time    15.6s, curr speed    3.729 kHz, avg speed    3.201 kHz), accepted     1944/   50001 events ( 3.89%)
Processed    60000/  224420 entries, 26.74% (elapsed time    18.6s, curr speed    3.400 kHz, avg speed    3.233 kHz), accepted     2361/   60001 events ( 3.93%)
Processed    70000/  224420 entries, 31.19% (elapsed time    21.2s, curr speed    3.846 kHz, avg speed    3.308 kHz), accepted     2738/   70001 events ( 3.91%)
Processed    80000/  224420 entries, 35.65% (elapsed time    23.9s, curr speed    3.716 kHz, avg speed    3.354 kHz), accepted     3145/   80001 events ( 3.93%)
Processed    90000/  224420 entries, 40.10% (elapsed time    26.6s, curr speed    3.614 kHz, avg speed    3.381 kHz), accepted     3537/   90001 events ( 3.93%)
Processed   100000/  224420 entries, 44.56% (elapsed time    29.4s, curr speed    3.616 kHz, avg speed    3.403 kHz), accepted     3926/  100001 events ( 3.93%)
Processed   110000/  224420 entries, 49.02% (elapsed time    32.2s, curr speed    3.514 kHz, avg speed    3.413 kHz), accepted     4327/  110001 events ( 3.93%)
Processed   120000/  224420 entries, 53.47% (elapsed time    34.7s, curr speed    4.027 kHz, avg speed    3.457 kHz), accepted     4734/  120001 events ( 3.94%)
Processed   130000/  224420 entries, 57.93% (elapsed time    37.1s, curr speed    4.188 kHz, avg speed    3.504 kHz), accepted     5125/  130001 events ( 3.94%)
Processed   140000/  224420 entries, 62.38% (elapsed time    39.6s, curr speed    4.022 kHz, avg speed    3.537 kHz), accepted     5549/  140001 events ( 3.96%)
Processed   150000/  224420 entries, 66.84% (elapsed time    42.2s, curr speed    3.893 kHz, avg speed    3.558 kHz), accepted     5947/  150001 events ( 3.96%)
Processed   160000/  224420 entries, 71.29% (elapsed time    44.9s, curr speed    3.632 kHz, avg speed    3.563 kHz), accepted     6319/  160001 events ( 3.95%)
Processed   170000/  224420 entries, 75.75% (elapsed time    47.7s, curr speed    3.523 kHz, avg speed    3.560 kHz), accepted     6732/  170001 events ( 3.96%)
Processed   180000/  224420 entries, 80.21% (elapsed time    50.2s, curr speed    4.013 kHz, avg speed    3.583 kHz), accepted     7103/  180001 events ( 3.95%)
Processed   190000/  224420 entries, 84.66% (elapsed time    52.8s, curr speed    3.982 kHz, avg speed    3.602 kHz), accepted     7518/  190001 events ( 3.96%)
Processed   200000/  224420 entries, 89.12% (elapsed time    55.4s, curr speed    3.729 kHz, avg speed    3.608 kHz), accepted     7948/  200001 events ( 3.97%)
Processed   210000/  224420 entries, 93.57% (elapsed time    58.3s, curr speed    3.525 kHz, avg speed    3.604 kHz), accepted     8338/  210001 events ( 3.97%)
Processed   220000/  224420 entries, 98.03% (elapsed time    61.2s, curr speed    3.467 kHz, avg speed    3.598 kHz), accepted     8740/  220001 events ( 3.97%)
Processed 224420 preselected entries from /eos/cms/store/group/phys_tau/TauFW/nano/UL2017/TTToSemiLeptonic_TuneCP5_13TeV-powheg-pythia8/RunIISummer19UL17NanoAODv2-106X_mc2017_realistic_v8-v1/NANOAODSIM/E03CFB2A-B7E8-ED43-9A73-7DA0BC202D1F_skimjec_2.root (224420 entries). Finally selected 8924 entries
Pre-select 224420 entries out of 224420 (100.00%)
Processed    10000/  224420 entries,  4.46% (elapsed time     5.2s, curr speed    1.908 kHz, avg speed    1.908 kHz), accepted      401/   10001 events ( 4.01%)
Processed    20000/  224420 entries,  8.91% (elapsed time     8.7s, curr speed    2.905 kHz, avg speed    2.303 kHz), accepted      782/   20001 events ( 3.91%)
Processed    30000/  224420 entries, 13.37% (elapsed time    11.2s, curr speed    3.935 kHz, avg speed    2.673 kHz), accepted     1237/   30001 events ( 4.12%)
Processed    40000/  224420 entries, 17.82% (elapsed time    14.9s, curr speed    2.693 kHz, avg speed    2.678 kHz), accepted     1648/   40001 events ( 4.12%)
Processed    50000/  224420 entries, 22.28% (elapsed time    19.5s, curr speed    2.202 kHz, avg speed    2.567 kHz), accepted     2055/   50001 events ( 4.11%)
Processed    60000/  224420 entries, 26.74% (elapsed time    22.0s, curr speed    3.980 kHz, avg speed    2.728 kHz), accepted     2451/   60001 events ( 4.08%)
Processed    70000/  224420 entries, 31.19% (elapsed time    24.7s, curr speed    3.659 kHz, avg speed    2.831 kHz), accepted     2833/   70001 events ( 4.05%)
Processed    80000/  224420 entries, 35.65% (elapsed time    27.3s, curr speed    3.833 kHz, avg speed    2.927 kHz), accepted     3226/   80001 events ( 4.03%)
Processed    90000/  224420 entries, 40.10% (elapsed time    29.9s, curr speed    3.907 kHz, avg speed    3.011 kHz), accepted     3652/   90001 events ( 4.06%)
Processed   100000/  224420 entries, 44.56% (elapsed time    32.4s, curr speed    4.070 kHz, avg speed    3.091 kHz), accepted     4003/  100001 events ( 4.00%)
Processed   110000/  224420 entries, 49.02% (elapsed time    35.5s, curr speed    3.197 kHz, avg speed    3.100 kHz), accepted     4391/  110001 events ( 3.99%)
Processed   120000/  224420 entries, 53.47% (elapsed time    38.2s, curr speed    3.674 kHz, avg speed    3.141 kHz), accepted     4772/  120001 events ( 3.98%)
Processed   130000/  224420 entries, 57.93% (elapsed time    40.7s, curr speed    3.962 kHz, avg speed    3.192 kHz), accepted     5183/  130001 events ( 3.99%)
Processed   140000/  224420 entries, 62.38% (elapsed time    43.1s, curr speed    4.201 kHz, avg speed    3.248 kHz), accepted     5560/  140001 events ( 3.97%)
Processed   150000/  224420 entries, 66.84% (elapsed time    45.8s, curr speed    3.644 kHz, avg speed    3.272 kHz), accepted     5989/  150001 events ( 3.99%)
Processed   160000/  224420 entries, 71.29% (elapsed time    48.5s, curr speed    3.766 kHz, avg speed    3.299 kHz), accepted     6401/  160001 events ( 4.00%)
Processed   170000/  224420 entries, 75.75% (elapsed time    51.2s, curr speed    3.707 kHz, avg speed    3.320 kHz), accepted     6817/  170001 events ( 4.01%)
Processed   180000/  224420 entries, 80.21% (elapsed time    53.9s, curr speed    3.655 kHz, avg speed    3.337 kHz), accepted     7196/  180001 events ( 4.00%)
Processed   190000/  224420 entries, 84.66% (elapsed time    57.0s, curr speed    3.268 kHz, avg speed    3.333 kHz), accepted     7625/  190001 events ( 4.01%)
Processed   200000/  224420 entries, 89.12% (elapsed time    59.7s, curr speed    3.657 kHz, avg speed    3.348 kHz), accepted     8043/  200001 events ( 4.02%)
Processed   210000/  224420 entries, 93.57% (elapsed time    62.0s, curr speed    4.465 kHz, avg speed    3.389 kHz), accepted     8389/  210001 events ( 3.99%)
Processed   220000/  224420 entries, 98.03% (elapsed time    64.6s, curr speed    3.738 kHz, avg speed    3.403 kHz), accepted     8783/  220001 events ( 3.99%)
Processed 224420 preselected entries from /eos/cms/store/group/phys_tau/TauFW/nano/UL2017/TTToSemiLeptonic_TuneCP5_13TeV-powheg-pythia8/RunIISummer19UL17NanoAODv2-106X_mc2017_realistic_v8-v1/NANOAODSIM/E03CFB2A-B7E8-ED43-9A73-7DA0BC202D1F_skimjec_3.root (224420 entries). Finally selected 8969 entries
Total time 323.8 sec. to process 1116140 events. Rate = 3446.7 Hz.
>>> cwd          = /pool/condor/dir_10970
>>> ls           = ['var', '.job.ad', 'lvigilan.cc', '_condor_stdout', 'condor_exec.exe', '.chirp.config', '.update.ad', 'x509_voms', '.machine.ad', 'tmp', 'pico_etau_EES1p01_87.root']
>>> getstorage('/eos/home-l/lvigilan/output_ETauFR_UL17_RUN1/UL2017/etau/TTToSemiLeptonic'), <EOS("/eos/home-l/lvigilan/output_ETauFR_UL17_RUN1/UL2017/etau/TTToSemiLeptonic") at 0x2b57edadbd50>
>>> Executing: 'cp ./pico_etau_EES1p01_87.root /eos/home-l/lvigilan/output_ETauFR_UL17_RUN1/UL2017/etau/TTToSemiLeptonic'
>>> Removing './pico_etau_EES1p01_87.root'...
>>> picojob.py done after 343.6 seconds

Job complete at Tue Jun  8 10:18:13 CEST 2021
Took 5 minutes 45 seconds040 (2368940.087.000) 06/08 10:18:14 Finished transferring output files
...
005 (2368940.087.000) 06/08 10:18:14 Job terminated.
	(1) Normal termination (return value 0)
		Usr 0 00:04:37, Sys 0 00:00:09  -  Run Remote Usage
		Usr 0 00:00:00, Sys 0 00:00:00  -  Run Local Usage
		Usr 0 00:04:37, Sys 0 00:00:09  -  Total Remote Usage
		Usr 0 00:00:00, Sys 0 00:00:00  -  Total Local Usage
	35325  -  Run Bytes Sent By Job
	9926  -  Run Bytes Received By Job
	35325  -  Total Bytes Sent By Job
	9926  -  Total Bytes Received By Job
	Partitionable Resources :    Usage  Request Allocated 
	   Cpus                 :     0.04        1         1 
	   Disk (KB)            :  6229           1    277322 
	   Memory (MB)          :   287        2000      2000 

	Job terminated of its own accord at 2021-06-08T08:18:13Z.
...
