Could not find platform independent libraries <prefix>
Could not find platform dependent libraries <exec_prefix>
Consider setting $PYTHONHOME to <prefix>[:<exec_prefix>]
ImportError: No module named site
Job start at Wed Jan 20 18:02:13 CET 2021
Running job on machine Linux b7s11n7858.cern.ch 3.10.0-1160.6.1.el7.x86_64 #1 SMP Tue Nov 17 13:59:11 UTC 2020 x86_64 x86_64 x86_64 GNU/Linux, host b7s11n7858.cern.ch
============================================================
$PWD=/pool/condor/dir_679
$JOBID=1759053
$TASKID=29
$HOSTNAME=b7s11n7858.cern.ch
$TASKCMD=/afs/cern.ch/work/l/lvigilan/TauWork/CMSSW_10_6_17_patch1/src/TauFW/PicoProducer/python/processors/picojob.py -y 2017 -d 'data' -c etau -M ModuleETau --copydir /eos/home-l/lvigilan/output_UL2017/2017/etau/SingleElectron_Run2017F -t _etau_29 -i root://cms-xrd-global.cern.ch//store/data/Run2017F/SingleElectron/NANOAOD/UL2017_02Dec2019-v1/270000/426D5A39-5A58-F242-9DC5-654F344DB314.root root://cms-xrd-global.cern.ch//store/data/Run2017F/SingleElectron/NANOAOD/UL2017_02Dec2019-v1/270000/4B68EDB0-D17F-E141-8581-32CFA75F50E1.root root://cms-xrd-global.cern.ch//store/data/Run2017F/SingleElectron/NANOAOD/UL2017_02Dec2019-v1/270000/53AB3540-46A2-BD49-A9B2-E77770417973.root root://cms-xrd-global.cern.ch//store/data/Run2017F/SingleElectron/NANOAOD/UL2017_02Dec2019-v1/270000/5EBB4611-B9F5-6144-9AFE-D2232764B23A.root root://cms-xrd-global.cern.ch//store/data/Run2017F/SingleElectron/NANOAOD/UL2017_02Dec2019-v1/270000/69640277-3B7E-C54E-977A-2203CAFA5A90.root
$WORKDIR=/pool/condor/dir_679
>>> cd /afs/cern.ch/work/l/lvigilan/TauWork/CMSSW_10_6_17_patch1/src
>>> eval `scramv1 runtime -sh`
>>> cd /pool/condor/dir_679
$PWD=/pool/condor/dir_679
>>> /afs/cern.ch/work/l/lvigilan/TauWork/CMSSW_10_6_17_patch1/src/TauFW/PicoProducer/python/processors/picojob.py -y 2017 -d 'data' -c etau -M ModuleETau --copydir /eos/home-l/lvigilan/output_UL2017/2017/etau/SingleElectron_Run2017F -t _etau_29 -i root://cms-xrd-global.cern.ch//store/data/Run2017F/SingleElectron/NANOAOD/UL2017_02Dec2019-v1/270000/426D5A39-5A58-F242-9DC5-654F344DB314.root root://cms-xrd-global.cern.ch//store/data/Run2017F/SingleElectron/NANOAOD/UL2017_02Dec2019-v1/270000/4B68EDB0-D17F-E141-8581-32CFA75F50E1.root root://cms-xrd-global.cern.ch//store/data/Run2017F/SingleElectron/NANOAOD/UL2017_02Dec2019-v1/270000/53AB3540-46A2-BD49-A9B2-E77770417973.root root://cms-xrd-global.cern.ch//store/data/Run2017F/SingleElectron/NANOAOD/UL2017_02Dec2019-v1/270000/5EBB4611-B9F5-6144-9AFE-D2232764B23A.root root://cms-xrd-global.cern.ch//store/data/Run2017F/SingleElectron/NANOAOD/UL2017_02Dec2019-v1/270000/69640277-3B7E-C54E-977A-2203CAFA5A90.root
Error in <TGClient::TGClient>: can't open display "localhost:37.0", switching to batch mode...
 In case you run from a remote ssh session, reconnect with ssh -Y
--------------------------------------------------------------------------------
>>> era          = '2017'
>>> year         = 2017
>>> channel      = 'etau'
>>> modname      = 'ModuleETau'
>>> dtype        = 'data'
>>> kwargs       = {'dtype': 'data', 'verb': 0, 'era': '2017', 'year': 2017}
>>> maxevts      = None
>>> outdir       = '.'
>>> copydir      = '/eos/home-l/lvigilan/output_UL2017/2017/etau/SingleElectron_Run2017F'
>>> infiles      = ['root://cms-xrd-global.cern.ch//store/data/Run2017F/SingleElectron/NANOAOD/UL2017_02Dec2019-v1/270000/426D5A39-5A58-F242-9DC5-654F344DB314.root', 'root://cms-xrd-global.cern.ch//store/data/Run2017F/SingleElectron/NANOAOD/UL2017_02Dec2019-v1/270000/4B68EDB0-D17F-E141-8581-32CFA75F50E1.root', 'root://cms-xrd-global.cern.ch//store/data/Run2017F/SingleElectron/NANOAOD/UL2017_02Dec2019-v1/270000/53AB3540-46A2-BD49-A9B2-E77770417973.root', 'root://cms-xrd-global.cern.ch//store/data/Run2017F/SingleElectron/NANOAOD/UL2017_02Dec2019-v1/270000/5EBB4611-B9F5-6144-9AFE-D2232764B23A.root', 'root://cms-xrd-global.cern.ch//store/data/Run2017F/SingleElectron/NANOAOD/UL2017_02Dec2019-v1/270000/69640277-3B7E-C54E-977A-2203CAFA5A90.root']
>>> outfname     = './pico_etau_etau_29.root'
>>> branchsel    = '/afs/cern.ch/work/l/lvigilan/TauWork/CMSSW_10_6_17_patch1/python/TauFW/PicoProducer/processors/keep_and_drop_skim.txt'
>>> json         = '/afs/cern.ch/work/l/lvigilan/TauWork/CMSSW_10_6_17_patch1/src/TauFW/PicoProducer/data/json/2017/Cert_294927-306462_13TeV_PromptReco_Collisions17_JSON.txt'
>>> prefetch     = False
>>> cwd          = /pool/condor/dir_679
--------------------------------------------------------------------------------

   ################
   #  ModuleETau  #
   ################

Loading TreeProducerETau for './pico_etau_etau_29.root'
--------------------------------------------------------------------------------
>>> filename     = './pico_etau_etau_29.root'
>>> year         = 2017
>>> dtype        = 'data'
>>> channel      = 'etau'
>>> ismc         = False
>>> isdata       = True
>>> isembed      = False
>>> tes          = None
>>> tessys       = None
>>> ltf          = 1.0
>>> jtf          = 1.0
>>> dotoppt      = False
>>> dozpt        = False
>>> dojec        = False
>>> dojecsys     = False
>>> dotight      = False
>>> jetCutPt     = 30
>>> bjetCutEta   = 2.7
>>> tauwp        = 0
>>> eleCutPt     = 36
>>> eleCutEta    = 2.1
>>> tauCutPt     = 20
>>> tauCutEta    = 2.3
Pre-select 169958 entries out of 169958 (100.00%)
Traceback (most recent call last):
  File "/afs/cern.ch/work/l/lvigilan/TauWork/CMSSW_10_6_17_patch1/src/TauFW/PicoProducer/python/processors/picojob.py", line 111, in <module>
    p.run()
  File "/afs/cern.ch/work/l/lvigilan/TauWork/CMSSW_10_6_17_patch1/python/PhysicsTools/NanoAODTools/postprocessing/framework/postprocessor.py", line 234, in run
    eventRange=eventRange, maxEvents=self.maxEntries
  File "/afs/cern.ch/work/l/lvigilan/TauWork/CMSSW_10_6_17_patch1/python/PhysicsTools/NanoAODTools/postprocessing/framework/eventloop.py", line 82, in eventLoop
    ret = m.analyze(e)
  File "/afs/cern.ch/work/l/lvigilan/TauWork/CMSSW_10_6_17_patch1/python/TauFW/PicoProducer/analysis/ModuleETau.py", line 177, in analyze
    self.fillEventBranches(event)
  File "/afs/cern.ch/work/l/lvigilan/TauWork/CMSSW_10_6_17_patch1/python/TauFW/PicoProducer/analysis/ModuleTauPair.py", line 148, in fillEventBranches
    self.out.metfilter[0]       = self.filter(event)
  File "<string>", line 1, in <lambda>
  File "/afs/cern.ch/work/l/lvigilan/TauWork/CMSSW_10_6_17_patch1/python/PhysicsTools/NanoAODTools/postprocessing/framework/datamodel.py", line 18, in __getattr__
    return self._tree.readBranch(name)
  File "/afs/cern.ch/work/l/lvigilan/TauWork/CMSSW_10_6_17_patch1/python/PhysicsTools/NanoAODTools/postprocessing/framework/treeReaderArrayTools.py", line 76, in readBranch
    raise RuntimeError("Unknown branch %s" % branchName)
RuntimeError: Unknown branch Flag_ecalBadCalibFilterV2

Job complete at Wed Jan 20 18:02:33 CET 2021
Took 0 minutes 20 seconds040 (1759053.029.000) 01/20 18:02:34 Finished transferring output files
...
005 (1759053.029.000) 01/20 18:02:36 Job terminated.
	(1) Normal termination (return value 0)
		Usr 0 00:00:06, Sys 0 00:00:01  -  Run Remote Usage
		Usr 0 00:00:00, Sys 0 00:00:00  -  Run Local Usage
		Usr 0 00:00:06, Sys 0 00:00:01  -  Total Remote Usage
		Usr 0 00:00:00, Sys 0 00:00:00  -  Total Local Usage
	7354  -  Run Bytes Sent By Job
	9902  -  Run Bytes Received By Job
	7354  -  Total Bytes Sent By Job
	19804  -  Total Bytes Received By Job
	Partitionable Resources :    Usage  Request Allocated 
	   Cpus                 :        0        1         1 
	   Disk (KB)            :       80      100    278679 
	   Memory (MB)          :      110     2000      2000 
...
