Could not find platform independent libraries <prefix>
Could not find platform dependent libraries <exec_prefix>
Consider setting $PYTHONHOME to <prefix>[:<exec_prefix>]
ImportError: No module named site
Job start at Mon Jun  7 19:11:33 CEST 2021
Running job on machine Linux b7g52n1674.cern.ch 3.10.0-1160.21.1.el7.x86_64 #1 SMP Tue Mar 16 18:28:22 UTC 2021 x86_64 x86_64 x86_64 GNU/Linux, host b7g52n1674.cern.ch
============================================================
$PWD=/pool/condor/dir_5097
$JOBID=2367600
$TASKID=5
$HOSTNAME=b7g52n1674.cern.ch
$TASKCMD=/afs/cern.ch/work/l/lvigilan/TauWork/CMSSW_10_6_17_patch1/src/TauFW/PicoProducer/python/processors/picojob.py -y UL2017 -d 'mc' -c etau -M ETauFakeRate.ModuleETau --copydir /eos/home-l/lvigilan/output_ETauFR_UL17_RUN1/UL2017/etau/ST_tW_top -t _etau_5 --opt 'useT1=True' -i /eos/cms/store/group/phys_tau/TauFW/nano/UL2017/ST_tW_top_5f_NoFullyHadronicDecays_TuneCP5_13TeV-powheg-pythia8/RunIISummer19UL17NanoAODv2-106X_mc2017_realistic_v8-v1/NANOAODSIM/7B78CA88-0F78-674C-8B12-95F82B442E12_skimjec_3.root /eos/cms/store/group/phys_tau/TauFW/nano/UL2017/ST_tW_top_5f_NoFullyHadronicDecays_TuneCP5_13TeV-powheg-pythia8/RunIISummer19UL17NanoAODv2-106X_mc2017_realistic_v8-v1/NANOAODSIM/7B78CA88-0F78-674C-8B12-95F82B442E12_skimjec_4.root /eos/cms/store/group/phys_tau/TauFW/nano/UL2017/ST_tW_top_5f_NoFullyHadronicDecays_TuneCP5_13TeV-powheg-pythia8/RunIISummer19UL17NanoAODv2-106X_mc2017_realistic_v8-v1/NANOAODSIM/88526E80-5726-B14F-90E2-7B57222739B7_skimjec_0.root /eos/cms/store/group/phys_tau/TauFW/nano/UL2017/ST_tW_top_5f_NoFullyHadronicDecays_TuneCP5_13TeV-powheg-pythia8/RunIISummer19UL17NanoAODv2-106X_mc2017_realistic_v8-v1/NANOAODSIM/88526E80-5726-B14F-90E2-7B57222739B7_skimjec_1.root /eos/cms/store/group/phys_tau/TauFW/nano/UL2017/ST_tW_top_5f_NoFullyHadronicDecays_TuneCP5_13TeV-powheg-pythia8/RunIISummer19UL17NanoAODv2-106X_mc2017_realistic_v8-v1/NANOAODSIM/88526E80-5726-B14F-90E2-7B57222739B7_skimjec_2.root
$WORKDIR=/pool/condor/dir_5097
>>> cd /afs/cern.ch/work/l/lvigilan/TauWork/CMSSW_10_6_17_patch1/src
>>> eval `scramv1 runtime -sh`
>>> cd /pool/condor/dir_5097
$PWD=/pool/condor/dir_5097
>>> /afs/cern.ch/work/l/lvigilan/TauWork/CMSSW_10_6_17_patch1/src/TauFW/PicoProducer/python/processors/picojob.py -y UL2017 -d 'mc' -c etau -M ETauFakeRate.ModuleETau --copydir /eos/home-l/lvigilan/output_ETauFR_UL17_RUN1/UL2017/etau/ST_tW_top -t _etau_5 --opt 'useT1=True' -i /eos/cms/store/group/phys_tau/TauFW/nano/UL2017/ST_tW_top_5f_NoFullyHadronicDecays_TuneCP5_13TeV-powheg-pythia8/RunIISummer19UL17NanoAODv2-106X_mc2017_realistic_v8-v1/NANOAODSIM/7B78CA88-0F78-674C-8B12-95F82B442E12_skimjec_3.root /eos/cms/store/group/phys_tau/TauFW/nano/UL2017/ST_tW_top_5f_NoFullyHadronicDecays_TuneCP5_13TeV-powheg-pythia8/RunIISummer19UL17NanoAODv2-106X_mc2017_realistic_v8-v1/NANOAODSIM/7B78CA88-0F78-674C-8B12-95F82B442E12_skimjec_4.root /eos/cms/store/group/phys_tau/TauFW/nano/UL2017/ST_tW_top_5f_NoFullyHadronicDecays_TuneCP5_13TeV-powheg-pythia8/RunIISummer19UL17NanoAODv2-106X_mc2017_realistic_v8-v1/NANOAODSIM/88526E80-5726-B14F-90E2-7B57222739B7_skimjec_0.root /eos/cms/store/group/phys_tau/TauFW/nano/UL2017/ST_tW_top_5f_NoFullyHadronicDecays_TuneCP5_13TeV-powheg-pythia8/RunIISummer19UL17NanoAODv2-106X_mc2017_realistic_v8-v1/NANOAODSIM/88526E80-5726-B14F-90E2-7B57222739B7_skimjec_1.root /eos/cms/store/group/phys_tau/TauFW/nano/UL2017/ST_tW_top_5f_NoFullyHadronicDecays_TuneCP5_13TeV-powheg-pythia8/RunIISummer19UL17NanoAODv2-106X_mc2017_realistic_v8-v1/NANOAODSIM/88526E80-5726-B14F-90E2-7B57222739B7_skimjec_2.root
Error in <TGClient::TGClient>: can't open display "localhost:19.0", switching to batch mode...
 In case you run from a remote ssh session, reconnect with ssh -Y
--------------------------------------------------------------------------------
>>> era          = 'UL2017'
>>> year         = 2017
>>> channel      = 'etau'
>>> modname      = 'ETauFakeRate.ModuleETau'
>>> dtype        = 'mc'
>>> kwargs       = {'useT1': True, 'dtype': 'mc', 'verb': 0, 'era': 'UL2017', 'year': 2017}
>>> firstevt     = 0
>>> maxevts      = None
>>> outdir       = '.'
>>> copydir      = '/eos/home-l/lvigilan/output_ETauFR_UL17_RUN1/UL2017/etau/ST_tW_top'
>>> infiles      = ['/eos/cms/store/group/phys_tau/TauFW/nano/UL2017/ST_tW_top_5f_NoFullyHadronicDecays_TuneCP5_13TeV-powheg-pythia8/RunIISummer19UL17NanoAODv2-106X_mc2017_realistic_v8-v1/NANOAODSIM/7B78CA88-0F78-674C-8B12-95F82B442E12_skimjec_3.root', '/eos/cms/store/group/phys_tau/TauFW/nano/UL2017/ST_tW_top_5f_NoFullyHadronicDecays_TuneCP5_13TeV-powheg-pythia8/RunIISummer19UL17NanoAODv2-106X_mc2017_realistic_v8-v1/NANOAODSIM/7B78CA88-0F78-674C-8B12-95F82B442E12_skimjec_4.root', '/eos/cms/store/group/phys_tau/TauFW/nano/UL2017/ST_tW_top_5f_NoFullyHadronicDecays_TuneCP5_13TeV-powheg-pythia8/RunIISummer19UL17NanoAODv2-106X_mc2017_realistic_v8-v1/NANOAODSIM/88526E80-5726-B14F-90E2-7B57222739B7_skimjec_0.root', '/eos/cms/store/group/phys_tau/TauFW/nano/UL2017/ST_tW_top_5f_NoFullyHadronicDecays_TuneCP5_13TeV-powheg-pythia8/RunIISummer19UL17NanoAODv2-106X_mc2017_realistic_v8-v1/NANOAODSIM/88526E80-5726-B14F-90E2-7B57222739B7_skimjec_1.root', '/eos/cms/store/group/phys_tau/TauFW/nano/UL2017/ST_tW_top_5f_NoFullyHadronicDecays_TuneCP5_13TeV-powheg-pythia8/RunIISummer19UL17NanoAODv2-106X_mc2017_realistic_v8-v1/NANOAODSIM/88526E80-5726-B14F-90E2-7B57222739B7_skimjec_2.root']
>>> outfname     = './pico_etau_5.root'
>>> branchsel    = '/afs/cern.ch/work/l/lvigilan/TauWork/CMSSW_10_6_17_patch1/python/TauFW/PicoProducer/processors/keep_and_drop_skim.txt'
>>> json         = None
>>> prefetch     = False
>>> cwd          = /pool/condor/dir_5097
--------------------------------------------------------------------------------

   ################
   #  ModuleETau  #
   ################

Loading PileupWeightTool for '/afs/cern.ch/work/l/lvigilan/TauWork/CMSSW_10_6_17_patch1/src/TauFW/PicoProducer/data/pileup/Data_PileUp_UL2017_69p2.root' and '/afs/cern.ch/work/l/lvigilan/TauWork/CMSSW_10_6_17_patch1/src/TauFW/PicoProducer/data/pileup/MC_PileUp_UL2017_Summer19.root'
Loading BTagWeightTool for DeepCSV (medium WP)...
>>> BTagTool: [1m[33mWarning! [0m[33mHistogram 'etau/eff_DeepCSV_udsg_medium' does not exist in /afs/cern.ch/work/l/lvigilan/TauWork/CMSSW_10_6_17_patch1/src/TauFW/PicoProducer/data/btag/DeepCSV_2017_12Apr2017_eff.root! Reverting to default efficiency histogram...[0m
>>> BTagTool: [1m[33mWarning! [0m[33mHistogram 'etau/eff_DeepCSV_c_medium' does not exist in /afs/cern.ch/work/l/lvigilan/TauWork/CMSSW_10_6_17_patch1/src/TauFW/PicoProducer/data/btag/DeepCSV_2017_12Apr2017_eff.root! Reverting to default efficiency histogram...[0m
>>> BTagTool: [1m[33mWarning! [0m[33mHistogram 'etau/eff_DeepCSV_b_medium' does not exist in /afs/cern.ch/work/l/lvigilan/TauWork/CMSSW_10_6_17_patch1/src/TauFW/PicoProducer/data/btag/DeepCSV_2017_12Apr2017_eff.root! Reverting to default efficiency histogram...[0m
>>> BTagTool: [1m[33mWarning! [0m[33mMade use of default efficiency histograms! The b tag weights from this module should be regarded as placeholders only,
and should NOT be used for analyses. B (mis)tag efficiencies in MC are analysis dependent. Please create your own
efficiency histogram with data/btag/getBTagEfficiencies.py after running all MC samples with BTagWeightTool.[0m
Loading TreeProducerETau for './pico_etau_5.root'
--------------------------------------------------------------------------------
>>> filename     = './pico_etau_5.root'
>>> year         = 2017
>>> dtype        = 'mc'
>>> channel      = 'etau'
>>> ismc         = True
>>> isdata       = False
>>> isembed      = False
>>> tes          = 1.0
>>> tessys       = None
>>> fes          = None
>>> ltf          = None
>>> jtf          = 1.0
>>> dotoppt      = False
>>> dozpt        = False
>>> dojec        = True
>>> dojecsys     = True
>>> dotight      = False
>>> useT1        = True
>>> jetCutPt     = 30
>>> bjetCutEta   = 2.7
>>> tauwp        = 0
>>> eleCutPt     = 36
>>> eleCutEta    = 2.1
>>> tauCutPt     = 20
>>> tauCutEta    = 2.3
>>> ZpeekReso    = 0.1
Pre-select 218949 entries out of 218949 (100.00%)
Processed    10000/  218949 entries,  4.57% (elapsed time     9.7s, curr speed    1.031 kHz, avg speed    1.031 kHz), accepted      449/   10001 events ( 4.49%)
Processed    20000/  218949 entries,  9.13% (elapsed time    15.5s, curr speed    1.716 kHz, avg speed    1.288 kHz), accepted      951/   20001 events ( 4.75%)
Processed    30000/  218949 entries, 13.70% (elapsed time    19.9s, curr speed    2.289 kHz, avg speed    1.508 kHz), accepted     1413/   30001 events ( 4.71%)
Processed    40000/  218949 entries, 18.27% (elapsed time    24.8s, curr speed    2.022 kHz, avg speed    1.610 kHz), accepted     1893/   40001 events ( 4.73%)
Processed    50000/  218949 entries, 22.84% (elapsed time    29.7s, curr speed    2.076 kHz, avg speed    1.686 kHz), accepted     2412/   50001 events ( 4.82%)
Processed    60000/  218949 entries, 27.40% (elapsed time    34.2s, curr speed    2.218 kHz, avg speed    1.756 kHz), accepted     2916/   60001 events ( 4.86%)
Processed    70000/  218949 entries, 31.97% (elapsed time    38.8s, curr speed    2.164 kHz, avg speed    1.805 kHz), accepted     3435/   70001 events ( 4.91%)
Processed    80000/  218949 entries, 36.54% (elapsed time    45.4s, curr speed    1.507 kHz, avg speed    1.761 kHz), accepted     3911/   80001 events ( 4.89%)
Processed    90000/  218949 entries, 41.11% (elapsed time    49.4s, curr speed    2.498 kHz, avg speed    1.821 kHz), accepted     4406/   90001 events ( 4.90%)
Processed   100000/  218949 entries, 45.67% (elapsed time    53.8s, curr speed    2.308 kHz, avg speed    1.860 kHz), accepted     4910/  100001 events ( 4.91%)
Processed   110000/  218949 entries, 50.24% (elapsed time    58.1s, curr speed    2.279 kHz, avg speed    1.892 kHz), accepted     5381/  110001 events ( 4.89%)
Processed   120000/  218949 entries, 54.81% (elapsed time    62.5s, curr speed    2.297 kHz, avg speed    1.920 kHz), accepted     5880/  120001 events ( 4.90%)
Processed   130000/  218949 entries, 59.37% (elapsed time    66.7s, curr speed    2.400 kHz, avg speed    1.950 kHz), accepted     6371/  130001 events ( 4.90%)
Processed   140000/  218949 entries, 63.94% (elapsed time    71.4s, curr speed    2.103 kHz, avg speed    1.960 kHz), accepted     6879/  140001 events ( 4.91%)
Processed   150000/  218949 entries, 68.51% (elapsed time    76.3s, curr speed    2.051 kHz, avg speed    1.966 kHz), accepted     7361/  150001 events ( 4.91%)
Processed   160000/  218949 entries, 73.08% (elapsed time    81.4s, curr speed    1.949 kHz, avg speed    1.965 kHz), accepted     7873/  160001 events ( 4.92%)
Processed   170000/  218949 entries, 77.64% (elapsed time    86.9s, curr speed    1.825 kHz, avg speed    1.956 kHz), accepted     8351/  170001 events ( 4.91%)
Processed   180000/  218949 entries, 82.21% (elapsed time    92.2s, curr speed    1.894 kHz, avg speed    1.953 kHz), accepted     8839/  180001 events ( 4.91%)
Processed   190000/  218949 entries, 86.78% (elapsed time    96.4s, curr speed    2.347 kHz, avg speed    1.970 kHz), accepted     9308/  190001 events ( 4.90%)
Processed   200000/  218949 entries, 91.35% (elapsed time   101.0s, curr speed    2.203 kHz, avg speed    1.980 kHz), accepted     9788/  200001 events ( 4.89%)
Processed   210000/  218949 entries, 95.91% (elapsed time   106.0s, curr speed    2.009 kHz, avg speed    1.982 kHz), accepted    10293/  210001 events ( 4.90%)
Processed 218949 preselected entries from /eos/cms/store/group/phys_tau/TauFW/nano/UL2017/ST_tW_top_5f_NoFullyHadronicDecays_TuneCP5_13TeV-powheg-pythia8/RunIISummer19UL17NanoAODv2-106X_mc2017_realistic_v8-v1/NANOAODSIM/7B78CA88-0F78-674C-8B12-95F82B442E12_skimjec_3.root (218949 entries). Finally selected 10718 entries
Pre-select 218945 entries out of 218945 (100.00%)
Processed    10000/  218945 entries,  4.57% (elapsed time     9.1s, curr speed    1.097 kHz, avg speed    1.097 kHz), accepted      470/   10001 events ( 4.70%)
Processed    20000/  218945 entries,  9.13% (elapsed time    16.0s, curr speed    1.445 kHz, avg speed    1.247 kHz), accepted      993/   20001 events ( 4.96%)
Processed    30000/  218945 entries, 13.70% (elapsed time    21.1s, curr speed    1.982 kHz, avg speed    1.423 kHz), accepted     1517/   30001 events ( 5.06%)
Processed    40000/  218945 entries, 18.27% (elapsed time    29.2s, curr speed    1.234 kHz, avg speed    1.370 kHz), accepted     2034/   40001 events ( 5.08%)
Processed    50000/  218945 entries, 22.84% (elapsed time    35.4s, curr speed    1.603 kHz, avg speed    1.411 kHz), accepted     2511/   50001 events ( 5.02%)
Processed    60000/  218945 entries, 27.40% (elapsed time    43.9s, curr speed    1.177 kHz, avg speed    1.366 kHz), accepted     3000/   60001 events ( 5.00%)
Processed    70000/  218945 entries, 31.97% (elapsed time    48.6s, curr speed    2.143 kHz, avg speed    1.441 kHz), accepted     3466/   70001 events ( 4.95%)
Processed    80000/  218945 entries, 36.54% (elapsed time    53.8s, curr speed    1.915 kHz, avg speed    1.487 kHz), accepted     3971/   80001 events ( 4.96%)
Processed    90000/  218945 entries, 41.11% (elapsed time    61.6s, curr speed    1.286 kHz, avg speed    1.461 kHz), accepted     4449/   90001 events ( 4.94%)
Processed   100000/  218945 entries, 45.67% (elapsed time    66.4s, curr speed    2.080 kHz, avg speed    1.506 kHz), accepted     4940/  100001 events ( 4.94%)
Processed   110000/  218945 entries, 50.24% (elapsed time    71.6s, curr speed    1.927 kHz, avg speed    1.537 kHz), accepted     5428/  110001 events ( 4.93%)
Processed   120000/  218945 entries, 54.81% (elapsed time    79.1s, curr speed    1.324 kHz, avg speed    1.516 kHz), accepted     5926/  120001 events ( 4.94%)
Processed   130000/  218945 entries, 59.38% (elapsed time    84.5s, curr speed    1.854 kHz, avg speed    1.538 kHz), accepted     6398/  130001 events ( 4.92%)
Processed   140000/  218945 entries, 63.94% (elapsed time    91.0s, curr speed    1.535 kHz, avg speed    1.538 kHz), accepted     6913/  140001 events ( 4.94%)
Processed   150000/  218945 entries, 68.51% (elapsed time    96.8s, curr speed    1.744 kHz, avg speed    1.550 kHz), accepted     7378/  150001 events ( 4.92%)
Processed   160000/  218945 entries, 73.08% (elapsed time   104.0s, curr speed    1.383 kHz, avg speed    1.538 kHz), accepted     7861/  160001 events ( 4.91%)
Processed   170000/  218945 entries, 77.65% (elapsed time   109.0s, curr speed    1.992 kHz, avg speed    1.559 kHz), accepted     8347/  170001 events ( 4.91%)
Processed   180000/  218945 entries, 82.21% (elapsed time   114.1s, curr speed    1.992 kHz, avg speed    1.578 kHz), accepted     8811/  180001 events ( 4.89%)
Processed   190000/  218945 entries, 86.78% (elapsed time   118.6s, curr speed    2.207 kHz, avg speed    1.602 kHz), accepted     9269/  190001 events ( 4.88%)
Processed   200000/  218945 entries, 91.35% (elapsed time   123.3s, curr speed    2.112 kHz, avg speed    1.622 kHz), accepted     9776/  200001 events ( 4.89%)
Processed   210000/  218945 entries, 95.91% (elapsed time   128.4s, curr speed    1.983 kHz, avg speed    1.636 kHz), accepted    10276/  210001 events ( 4.89%)
Processed 218945 preselected entries from /eos/cms/store/group/phys_tau/TauFW/nano/UL2017/ST_tW_top_5f_NoFullyHadronicDecays_TuneCP5_13TeV-powheg-pythia8/RunIISummer19UL17NanoAODv2-106X_mc2017_realistic_v8-v1/NANOAODSIM/7B78CA88-0F78-674C-8B12-95F82B442E12_skimjec_4.root (218945 entries). Finally selected 10712 entries
Pre-select 245749 entries out of 245749 (100.00%)
Processed    10000/  245749 entries,  4.07% (elapsed time     8.6s, curr speed    1.166 kHz, avg speed    1.166 kHz), accepted      494/   10001 events ( 4.94%)
Processed    20000/  245749 entries,  8.14% (elapsed time    14.9s, curr speed    1.586 kHz, avg speed    1.344 kHz), accepted      997/   20001 events ( 4.98%)
Processed    30000/  245749 entries, 12.21% (elapsed time    20.5s, curr speed    1.774 kHz, avg speed    1.462 kHz), accepted     1485/   30001 events ( 4.95%)
Processed    40000/  245749 entries, 16.28% (elapsed time    26.2s, curr speed    1.745 kHz, avg speed    1.524 kHz), accepted     1989/   40001 events ( 4.97%)
Processed    50000/  245749 entries, 20.35% (elapsed time    32.9s, curr speed    1.513 kHz, avg speed    1.522 kHz), accepted     2452/   50001 events ( 4.90%)
Processed    60000/  245749 entries, 24.42% (elapsed time    37.6s, curr speed    2.112 kHz, avg speed    1.596 kHz), accepted     2913/   60001 events ( 4.85%)
Processed    70000/  245749 entries, 28.48% (elapsed time    43.8s, curr speed    1.613 kHz, avg speed    1.598 kHz), accepted     3408/   70001 events ( 4.87%)
Processed    80000/  245749 entries, 32.55% (elapsed time    50.2s, curr speed    1.569 kHz, avg speed    1.595 kHz), accepted     3924/   80001 events ( 4.90%)
Processed    90000/  245749 entries, 36.62% (elapsed time    54.9s, curr speed    2.112 kHz, avg speed    1.639 kHz), accepted     4438/   90001 events ( 4.93%)
Processed   100000/  245749 entries, 40.69% (elapsed time    61.6s, curr speed    1.482 kHz, avg speed    1.622 kHz), accepted     4967/  100001 events ( 4.97%)
Processed   110000/  245749 entries, 44.76% (elapsed time    66.7s, curr speed    1.996 kHz, avg speed    1.650 kHz), accepted     5472/  110001 events ( 4.97%)
Processed   120000/  245749 entries, 48.83% (elapsed time    73.2s, curr speed    1.517 kHz, avg speed    1.638 kHz), accepted     5960/  120001 events ( 4.97%)
Processed   130000/  245749 entries, 52.90% (elapsed time    78.5s, curr speed    1.890 kHz, avg speed    1.655 kHz), accepted     6427/  130001 events ( 4.94%)
Processed   140000/  245749 entries, 56.97% (elapsed time    83.3s, curr speed    2.118 kHz, avg speed    1.681 kHz), accepted     6933/  140001 events ( 4.95%)
Processed   150000/  245749 entries, 61.04% (elapsed time    91.0s, curr speed    1.293 kHz, avg speed    1.648 kHz), accepted     7425/  150001 events ( 4.95%)
Processed   160000/  245749 entries, 65.11% (elapsed time    95.7s, curr speed    2.144 kHz, avg speed    1.673 kHz), accepted     7881/  160001 events ( 4.93%)
Processed   170000/  245749 entries, 69.18% (elapsed time   100.5s, curr speed    2.072 kHz, avg speed    1.692 kHz), accepted     8398/  170001 events ( 4.94%)
Processed   180000/  245749 entries, 73.25% (elapsed time   105.2s, curr speed    2.131 kHz, avg speed    1.711 kHz), accepted     8870/  180001 events ( 4.93%)
Processed   190000/  245749 entries, 77.31% (elapsed time   110.0s, curr speed    2.059 kHz, avg speed    1.727 kHz), accepted     9362/  190001 events ( 4.93%)
Processed   200000/  245749 entries, 81.38% (elapsed time   116.6s, curr speed    1.523 kHz, avg speed    1.715 kHz), accepted     9895/  200001 events ( 4.95%)
Processed   210000/  245749 entries, 85.45% (elapsed time   121.8s, curr speed    1.939 kHz, avg speed    1.725 kHz), accepted    10411/  210001 events ( 4.96%)
Processed   220000/  245749 entries, 89.52% (elapsed time   126.8s, curr speed    1.969 kHz, avg speed    1.735 kHz), accepted    10896/  220001 events ( 4.95%)
Processed   230000/  245749 entries, 93.59% (elapsed time   131.9s, curr speed    1.985 kHz, avg speed    1.744 kHz), accepted    11378/  230001 events ( 4.95%)
Processed   240000/  245749 entries, 97.66% (elapsed time   136.9s, curr speed    1.991 kHz, avg speed    1.753 kHz), accepted    11848/  240001 events ( 4.94%)
Processed 245749 preselected entries from /eos/cms/store/group/phys_tau/TauFW/nano/UL2017/ST_tW_top_5f_NoFullyHadronicDecays_TuneCP5_13TeV-powheg-pythia8/RunIISummer19UL17NanoAODv2-106X_mc2017_realistic_v8-v1/NANOAODSIM/88526E80-5726-B14F-90E2-7B57222739B7_skimjec_0.root (245749 entries). Finally selected 12150 entries
Pre-select 245749 entries out of 245749 (100.00%)
Processed    10000/  245749 entries,  4.07% (elapsed time     9.4s, curr speed    1.062 kHz, avg speed    1.062 kHz), accepted      495/   10001 events ( 4.95%)
Processed    20000/  245749 entries,  8.14% (elapsed time    16.4s, curr speed    1.434 kHz, avg speed    1.220 kHz), accepted      991/   20001 events ( 4.95%)
Processed    30000/  245749 entries, 12.21% (elapsed time    21.3s, curr speed    2.034 kHz, avg speed    1.408 kHz), accepted     1488/   30001 events ( 4.96%)
Processed    40000/  245749 entries, 16.28% (elapsed time    26.3s, curr speed    2.008 kHz, avg speed    1.522 kHz), accepted     2000/   40001 events ( 5.00%)
Processed    50000/  245749 entries, 20.35% (elapsed time    32.8s, curr speed    1.535 kHz, avg speed    1.524 kHz), accepted     2454/   50001 events ( 4.91%)
Processed    60000/  245749 entries, 24.42% (elapsed time    37.0s, curr speed    2.368 kHz, avg speed    1.621 kHz), accepted     2923/   60001 events ( 4.87%)
Processed    70000/  245749 entries, 28.48% (elapsed time    41.1s, curr speed    2.483 kHz, avg speed    1.705 kHz), accepted     3382/   70001 events ( 4.83%)
Processed    80000/  245749 entries, 32.55% (elapsed time    46.1s, curr speed    1.993 kHz, avg speed    1.737 kHz), accepted     3928/   80001 events ( 4.91%)
Processed    90000/  245749 entries, 36.62% (elapsed time    52.4s, curr speed    1.576 kHz, avg speed    1.717 kHz), accepted     4412/   90001 events ( 4.90%)
Processed   100000/  245749 entries, 40.69% (elapsed time    57.8s, curr speed    1.843 kHz, avg speed    1.729 kHz), accepted     4923/  100001 events ( 4.92%)
Processed   110000/  245749 entries, 44.76% (elapsed time    63.2s, curr speed    1.876 kHz, avg speed    1.741 kHz), accepted     5375/  110001 events ( 4.89%)
Processed   120000/  245749 entries, 48.83% (elapsed time    67.9s, curr speed    2.104 kHz, avg speed    1.767 kHz), accepted     5871/  120001 events ( 4.89%)
Processed   130000/  245749 entries, 52.90% (elapsed time    73.5s, curr speed    1.783 kHz, avg speed    1.768 kHz), accepted     6339/  130001 events ( 4.88%)
Processed   140000/  245749 entries, 56.97% (elapsed time    78.4s, curr speed    2.035 kHz, avg speed    1.785 kHz), accepted     6836/  140001 events ( 4.88%)
Processed   150000/  245749 entries, 61.04% (elapsed time    84.6s, curr speed    1.636 kHz, avg speed    1.774 kHz), accepted     7328/  150001 events ( 4.89%)
Processed   160000/  245749 entries, 65.11% (elapsed time    89.0s, curr speed    2.239 kHz, avg speed    1.797 kHz), accepted     7816/  160001 events ( 4.88%)
Processed   170000/  245749 entries, 69.18% (elapsed time    92.7s, curr speed    2.737 kHz, avg speed    1.834 kHz), accepted     8294/  170001 events ( 4.88%)
Processed   180000/  245749 entries, 73.25% (elapsed time    96.7s, curr speed    2.472 kHz, avg speed    1.861 kHz), accepted     8820/  180001 events ( 4.90%)
Processed   190000/  245749 entries, 77.31% (elapsed time   102.3s, curr speed    1.782 kHz, avg speed    1.857 kHz), accepted     9310/  190001 events ( 4.90%)
Processed   200000/  245749 entries, 81.38% (elapsed time   108.1s, curr speed    1.732 kHz, avg speed    1.850 kHz), accepted     9778/  200001 events ( 4.89%)
Processed   210000/  245749 entries, 85.45% (elapsed time   113.0s, curr speed    2.064 kHz, avg speed    1.859 kHz), accepted    10241/  210001 events ( 4.88%)
Processed   220000/  245749 entries, 89.52% (elapsed time   117.2s, curr speed    2.349 kHz, avg speed    1.877 kHz), accepted    10709/  220001 events ( 4.87%)
Processed   230000/  245749 entries, 93.59% (elapsed time   122.5s, curr speed    1.880 kHz, avg speed    1.877 kHz), accepted    11213/  230001 events ( 4.88%)
Processed   240000/  245749 entries, 97.66% (elapsed time   127.6s, curr speed    1.967 kHz, avg speed    1.881 kHz), accepted    11714/  240001 events ( 4.88%)
Processed 245749 preselected entries from /eos/cms/store/group/phys_tau/TauFW/nano/UL2017/ST_tW_top_5f_NoFullyHadronicDecays_TuneCP5_13TeV-powheg-pythia8/RunIISummer19UL17NanoAODv2-106X_mc2017_realistic_v8-v1/NANOAODSIM/88526E80-5726-B14F-90E2-7B57222739B7_skimjec_1.root (245749 entries). Finally selected 11997 entries
Pre-select 245749 entries out of 245749 (100.00%)
Processed    10000/  245749 entries,  4.07% (elapsed time    15.0s, curr speed    0.667 kHz, avg speed    0.667 kHz), accepted      498/   10001 events ( 4.98%)
Processed    20000/  245749 entries,  8.14% (elapsed time    20.0s, curr speed    2.007 kHz, avg speed    1.001 kHz), accepted     1026/   20001 events ( 5.13%)
Processed    30000/  245749 entries, 12.21% (elapsed time    27.2s, curr speed    1.385 kHz, avg speed    1.103 kHz), accepted     1550/   30001 events ( 5.17%)
Processed    40000/  245749 entries, 16.28% (elapsed time    31.8s, curr speed    2.167 kHz, avg speed    1.258 kHz), accepted     2016/   40001 events ( 5.04%)
Processed    50000/  245749 entries, 20.35% (elapsed time    36.7s, curr speed    2.052 kHz, avg speed    1.363 kHz), accepted     2511/   50001 events ( 5.02%)
Processed    60000/  245749 entries, 24.42% (elapsed time    41.3s, curr speed    2.153 kHz, avg speed    1.452 kHz), accepted     2993/   60001 events ( 4.99%)
Processed    70000/  245749 entries, 28.48% (elapsed time    45.9s, curr speed    2.169 kHz, avg speed    1.524 kHz), accepted     3482/   70001 events ( 4.97%)
Processed    80000/  245749 entries, 32.55% (elapsed time    50.9s, curr speed    2.009 kHz, avg speed    1.571 kHz), accepted     4002/   80001 events ( 5.00%)
Processed    90000/  245749 entries, 36.62% (elapsed time    57.3s, curr speed    1.568 kHz, avg speed    1.571 kHz), accepted     4514/   90001 events ( 5.02%)
Processed   100000/  245749 entries, 40.69% (elapsed time    63.5s, curr speed    1.604 kHz, avg speed    1.574 kHz), accepted     5010/  100001 events ( 5.01%)
Processed   110000/  245749 entries, 44.76% (elapsed time    67.8s, curr speed    2.329 kHz, avg speed    1.622 kHz), accepted     5470/  110001 events ( 4.97%)
Processed   120000/  245749 entries, 48.83% (elapsed time    72.4s, curr speed    2.179 kHz, avg speed    1.657 kHz), accepted     5996/  120001 events ( 5.00%)
Processed   130000/  245749 entries, 52.90% (elapsed time    77.8s, curr speed    1.862 kHz, avg speed    1.671 kHz), accepted     6497/  130001 events ( 5.00%)
Processed   140000/  245749 entries, 56.97% (elapsed time    84.4s, curr speed    1.514 kHz, avg speed    1.659 kHz), accepted     7003/  140001 events ( 5.00%)
Processed   150000/  245749 entries, 61.04% (elapsed time    90.3s, curr speed    1.686 kHz, avg speed    1.661 kHz), accepted     7511/  150001 events ( 5.01%)
Processed   160000/  245749 entries, 65.11% (elapsed time    94.5s, curr speed    2.414 kHz, avg speed    1.694 kHz), accepted     8013/  160001 events ( 5.01%)
Processed   170000/  245749 entries, 69.18% (elapsed time    99.4s, curr speed    2.016 kHz, avg speed    1.710 kHz), accepted     8520/  170001 events ( 5.01%)
Processed   180000/  245749 entries, 73.25% (elapsed time   104.7s, curr speed    1.891 kHz, avg speed    1.719 kHz), accepted     9002/  180001 events ( 5.00%)
Processed   190000/  245749 entries, 77.31% (elapsed time   109.9s, curr speed    1.914 kHz, avg speed    1.728 kHz), accepted     9495/  190001 events ( 5.00%)
Processed   200000/  245749 entries, 81.38% (elapsed time   114.5s, curr speed    2.197 kHz, avg speed    1.747 kHz), accepted     9979/  200001 events ( 4.99%)
Processed   210000/  245749 entries, 85.45% (elapsed time   120.2s, curr speed    1.744 kHz, avg speed    1.747 kHz), accepted    10510/  210001 events ( 5.00%)
Processed   220000/  245749 entries, 89.52% (elapsed time   126.3s, curr speed    1.640 kHz, avg speed    1.742 kHz), accepted    11011/  220001 events ( 5.00%)
Processed   230000/  245749 entries, 93.59% (elapsed time   132.0s, curr speed    1.748 kHz, avg speed    1.742 kHz), accepted    11467/  230001 events ( 4.99%)
Processed   240000/  245749 entries, 97.66% (elapsed time   137.3s, curr speed    1.902 kHz, avg speed    1.748 kHz), accepted    11960/  240001 events ( 4.98%)
Processed 245749 preselected entries from /eos/cms/store/group/phys_tau/TauFW/nano/UL2017/ST_tW_top_5f_NoFullyHadronicDecays_TuneCP5_13TeV-powheg-pythia8/RunIISummer19UL17NanoAODv2-106X_mc2017_realistic_v8-v1/NANOAODSIM/88526E80-5726-B14F-90E2-7B57222739B7_skimjec_2.root (245749 entries). Finally selected 12254 entries
Total time 654.5 sec. to process 1175141 events. Rate = 1795.6 Hz.
>>> cwd          = /pool/condor/dir_5097
>>> ls           = ['_condor_stdout', 'var', 'tmp', '.chirp.config', 'x509_voms', '.update.ad', 'lvigilan.cc', '.machine.ad', 'condor_exec.exe', '.job.ad', 'pico_etau_5.root']
>>> getstorage('/eos/home-l/lvigilan/output_ETauFR_UL17_RUN1/UL2017/etau/ST_tW_top'), <EOS("/eos/home-l/lvigilan/output_ETauFR_UL17_RUN1/UL2017/etau/ST_tW_top") at 0x2b7f524afd10>
>>> Executing: 'cp ./pico_etau_5.root /eos/home-l/lvigilan/output_ETauFR_UL17_RUN1/UL2017/etau/ST_tW_top'
>>> Removing './pico_etau_5.root'...
>>> picojob.py done after 677.9 seconds

Job complete at Mon Jun  7 19:22:52 CEST 2021
Took 11 minutes 19 seconds040 (2367600.005.000) 06/07 19:22:52 Finished transferring output files
...
005 (2367600.005.000) 06/07 19:22:52 Job terminated.
	(1) Normal termination (return value 0)
		Usr 0 00:06:32, Sys 0 00:00:13  -  Run Remote Usage
		Usr 0 00:00:00, Sys 0 00:00:00  -  Run Local Usage
		Usr 0 00:06:32, Sys 0 00:00:13  -  Total Remote Usage
		Usr 0 00:00:00, Sys 0 00:00:00  -  Total Local Usage
	36300  -  Run Bytes Sent By Job
	9930  -  Run Bytes Received By Job
	36300  -  Total Bytes Sent By Job
	9930  -  Total Bytes Received By Job
	Partitionable Resources :    Usage  Request Allocated 
	   Cpus                 :     0.33        1         1 
	   Disk (KB)            :  8987           1    274013 
	   Memory (MB)          :   285        2000      2000 

	Job terminated of its own accord at 2021-06-07T17:22:52Z.
...
