Could not find platform independent libraries <prefix>
Could not find platform dependent libraries <exec_prefix>
Consider setting $PYTHONHOME to <prefix>[:<exec_prefix>]
ImportError: No module named site
Job start at Sun Feb  7 21:49:54 CET 2021
Running job on machine Linux b7s14n0898.cern.ch 3.10.0-1160.11.1.el7.x86_64 #1 SMP Fri Dec 18 16:34:56 UTC 2020 x86_64 x86_64 x86_64 GNU/Linux, host b7s14n0898.cern.ch
============================================================
$PWD=/pool/condor/dir_9407
$JOBID=1885088
$TASKID=14
$HOSTNAME=b7s14n0898.cern.ch
$TASKCMD=/afs/cern.ch/work/l/lvigilan/TauWork/CMSSW_10_6_17_patch1/src/TauFW/PicoProducer/python/processors/picojob.py -y 2017 -d 'mc' -c etau -M ModuleETau --copydir /eos/home-l/lvigilan/output_ETauFR/2017/etau/TTToSemiLeptonic -t _etau_14 --opt 'jec=False' 'toppt=True' -i root://cms-xrd-global.cern.ch//store/mc/RunIIFall17NanoAODv6/TTToSemiLeptonic_TuneCP5_13TeV-powheg-pythia8/NANOAODSIM/PU2017_12Apr2018_Nano25Oct2019_102X_mc2017_realistic_v7_ext1-v1/270000/1274CC72-B38C-0646-A231-65F2EA362162.root root://cms-xrd-global.cern.ch//store/mc/RunIIFall17NanoAODv6/TTToSemiLeptonic_TuneCP5_13TeV-powheg-pythia8/NANOAODSIM/PU2017_12Apr2018_Nano25Oct2019_102X_mc2017_realistic_v7_ext1-v1/270000/188B8D3E-56BF-5F44-ABEE-0C26FE7F5564.root root://cms-xrd-global.cern.ch//store/mc/RunIIFall17NanoAODv6/TTToSemiLeptonic_TuneCP5_13TeV-powheg-pythia8/NANOAODSIM/PU2017_12Apr2018_Nano25Oct2019_102X_mc2017_realistic_v7_ext1-v1/270000/1D2C9281-A0ED-C64C-8FD7-26778580C283.root root://cms-xrd-global.cern.ch//store/mc/RunIIFall17NanoAODv6/TTToSemiLeptonic_TuneCP5_13TeV-powheg-pythia8/NANOAODSIM/PU2017_12Apr2018_Nano25Oct2019_102X_mc2017_realistic_v7_ext1-v1/270000/1F82FA9D-0BE8-9C47-8A3D-5D88DEE85FC2.root root://cms-xrd-global.cern.ch//store/mc/RunIIFall17NanoAODv6/TTToSemiLeptonic_TuneCP5_13TeV-powheg-pythia8/NANOAODSIM/PU2017_12Apr2018_Nano25Oct2019_102X_mc2017_realistic_v7_ext1-v1/270000/2328154A-8CA6-E44C-AFF4-DA53FE0E08F9.root
$WORKDIR=/pool/condor/dir_9407
>>> cd /afs/cern.ch/work/l/lvigilan/TauWork/CMSSW_10_6_17_patch1/src
>>> eval `scramv1 runtime -sh`
>>> cd /pool/condor/dir_9407
$PWD=/pool/condor/dir_9407
>>> /afs/cern.ch/work/l/lvigilan/TauWork/CMSSW_10_6_17_patch1/src/TauFW/PicoProducer/python/processors/picojob.py -y 2017 -d 'mc' -c etau -M ModuleETau --copydir /eos/home-l/lvigilan/output_ETauFR/2017/etau/TTToSemiLeptonic -t _etau_14 --opt 'jec=False' 'toppt=True' -i root://cms-xrd-global.cern.ch//store/mc/RunIIFall17NanoAODv6/TTToSemiLeptonic_TuneCP5_13TeV-powheg-pythia8/NANOAODSIM/PU2017_12Apr2018_Nano25Oct2019_102X_mc2017_realistic_v7_ext1-v1/270000/1274CC72-B38C-0646-A231-65F2EA362162.root root://cms-xrd-global.cern.ch//store/mc/RunIIFall17NanoAODv6/TTToSemiLeptonic_TuneCP5_13TeV-powheg-pythia8/NANOAODSIM/PU2017_12Apr2018_Nano25Oct2019_102X_mc2017_realistic_v7_ext1-v1/270000/188B8D3E-56BF-5F44-ABEE-0C26FE7F5564.root root://cms-xrd-global.cern.ch//store/mc/RunIIFall17NanoAODv6/TTToSemiLeptonic_TuneCP5_13TeV-powheg-pythia8/NANOAODSIM/PU2017_12Apr2018_Nano25Oct2019_102X_mc2017_realistic_v7_ext1-v1/270000/1D2C9281-A0ED-C64C-8FD7-26778580C283.root root://cms-xrd-global.cern.ch//store/mc/RunIIFall17NanoAODv6/TTToSemiLeptonic_TuneCP5_13TeV-powheg-pythia8/NANOAODSIM/PU2017_12Apr2018_Nano25Oct2019_102X_mc2017_realistic_v7_ext1-v1/270000/1F82FA9D-0BE8-9C47-8A3D-5D88DEE85FC2.root root://cms-xrd-global.cern.ch//store/mc/RunIIFall17NanoAODv6/TTToSemiLeptonic_TuneCP5_13TeV-powheg-pythia8/NANOAODSIM/PU2017_12Apr2018_Nano25Oct2019_102X_mc2017_realistic_v7_ext1-v1/270000/2328154A-8CA6-E44C-AFF4-DA53FE0E08F9.root
Error in <TGClient::TGClient>: can't open display "localhost:40.0", switching to batch mode...
 In case you run from a remote ssh session, reconnect with ssh -Y
--------------------------------------------------------------------------------
>>> era          = '2017'
>>> year         = 2017
>>> channel      = 'etau'
>>> modname      = 'ModuleETau'
>>> dtype        = 'mc'
>>> kwargs       = {'dtype': 'mc', 'toppt': True, 'jec': False, 'verb': 0, 'era': '2017', 'year': 2017}
>>> maxevts      = None
>>> outdir       = '.'
>>> copydir      = '/eos/home-l/lvigilan/output_ETauFR/2017/etau/TTToSemiLeptonic'
>>> infiles      = ['root://cms-xrd-global.cern.ch//store/mc/RunIIFall17NanoAODv6/TTToSemiLeptonic_TuneCP5_13TeV-powheg-pythia8/NANOAODSIM/PU2017_12Apr2018_Nano25Oct2019_102X_mc2017_realistic_v7_ext1-v1/270000/1274CC72-B38C-0646-A231-65F2EA362162.root', 'root://cms-xrd-global.cern.ch//store/mc/RunIIFall17NanoAODv6/TTToSemiLeptonic_TuneCP5_13TeV-powheg-pythia8/NANOAODSIM/PU2017_12Apr2018_Nano25Oct2019_102X_mc2017_realistic_v7_ext1-v1/270000/188B8D3E-56BF-5F44-ABEE-0C26FE7F5564.root', 'root://cms-xrd-global.cern.ch//store/mc/RunIIFall17NanoAODv6/TTToSemiLeptonic_TuneCP5_13TeV-powheg-pythia8/NANOAODSIM/PU2017_12Apr2018_Nano25Oct2019_102X_mc2017_realistic_v7_ext1-v1/270000/1D2C9281-A0ED-C64C-8FD7-26778580C283.root', 'root://cms-xrd-global.cern.ch//store/mc/RunIIFall17NanoAODv6/TTToSemiLeptonic_TuneCP5_13TeV-powheg-pythia8/NANOAODSIM/PU2017_12Apr2018_Nano25Oct2019_102X_mc2017_realistic_v7_ext1-v1/270000/1F82FA9D-0BE8-9C47-8A3D-5D88DEE85FC2.root', 'root://cms-xrd-global.cern.ch//store/mc/RunIIFall17NanoAODv6/TTToSemiLeptonic_TuneCP5_13TeV-powheg-pythia8/NANOAODSIM/PU2017_12Apr2018_Nano25Oct2019_102X_mc2017_realistic_v7_ext1-v1/270000/2328154A-8CA6-E44C-AFF4-DA53FE0E08F9.root']
>>> outfname     = './pico_etau_etau_14.root'
>>> branchsel    = '/afs/cern.ch/work/l/lvigilan/TauWork/CMSSW_10_6_17_patch1/python/TauFW/PicoProducer/processors/keep_and_drop_skim.txt'
>>> json         = None
>>> prefetch     = False
>>> cwd          = /pool/condor/dir_9407
--------------------------------------------------------------------------------

   ################
   #  ModuleETau  #
   ################

Loading PileupWeightTool for '/afs/cern.ch/work/l/lvigilan/TauWork/CMSSW_10_6_17_patch1/src/TauFW/PicoProducer/data/pileup/Data_PileUp_2017_69p2.root' and '/afs/cern.ch/work/l/lvigilan/TauWork/CMSSW_10_6_17_patch1/src/TauFW/PicoProducer/data/pileup/MC_PileUp_2017_Winter17_V2_new_pmx.root'
Loading BTagWeightTool for DeepCSV (medium WP)...
>>> BTagTool: [1m[33mWarning! [0m[33mHistogram 'etau/eff_DeepCSV_udsg_medium' does not exist in /afs/cern.ch/work/l/lvigilan/TauWork/CMSSW_10_6_17_patch1/src/TauFW/PicoProducer/data/btag/DeepCSV_2017_12Apr2017_eff.root! Reverting to default efficiency histogram...[0m
>>> BTagTool: [1m[33mWarning! [0m[33mHistogram 'etau/eff_DeepCSV_c_medium' does not exist in /afs/cern.ch/work/l/lvigilan/TauWork/CMSSW_10_6_17_patch1/src/TauFW/PicoProducer/data/btag/DeepCSV_2017_12Apr2017_eff.root! Reverting to default efficiency histogram...[0m
>>> BTagTool: [1m[33mWarning! [0m[33mHistogram 'etau/eff_DeepCSV_b_medium' does not exist in /afs/cern.ch/work/l/lvigilan/TauWork/CMSSW_10_6_17_patch1/src/TauFW/PicoProducer/data/btag/DeepCSV_2017_12Apr2017_eff.root! Reverting to default efficiency histogram...[0m
>>> BTagTool: [1m[33mWarning! [0m[33mMade use of default efficiency histograms! The b tag weights from this module should be regarded as placeholders only,
and should NOT be used for analyses. B (mis)tag efficiencies in MC are analysis dependent. Please create your own
efficiency histogram with data/btag/getBTagEfficiencies.py after running all MC samples with BTagWeightTool.[0m
Loading TreeProducerETau for './pico_etau_etau_14.root'
--------------------------------------------------------------------------------
>>> filename     = './pico_etau_etau_14.root'
>>> year         = 2017
>>> dtype        = 'mc'
>>> channel      = 'etau'
>>> ismc         = True
>>> isdata       = False
>>> isembed      = False
>>> tes          = None
>>> tessys       = None
>>> ltf          = 1.0
>>> jtf          = 1.0
>>> dotoppt      = True
>>> dozpt        = False
>>> dojec        = False
>>> dojecsys     = False
>>> dotight      = False
>>> jetCutPt     = 30
>>> bjetCutEta   = 2.7
>>> tauwp        = 0
>>> eleCutPt     = 36
>>> eleCutEta    = 2.1
>>> tauCutPt     = 20
>>> tauCutEta    = 2.3
Pre-select 288000 entries out of 288000 (100.00%)
Processed    10000/  288000 entries,  3.47% (elapsed time    16.5s, curr speed    0.605 kHz, avg speed    0.605 kHz), accepted      515/   10001 events ( 5.15%)
Processed    20000/  288000 entries,  6.94% (elapsed time    25.2s, curr speed    1.153 kHz, avg speed    0.793 kHz), accepted     1043/   20001 events ( 5.21%)
Processed    30000/  288000 entries, 10.42% (elapsed time    34.9s, curr speed    1.028 kHz, avg speed    0.859 kHz), accepted     1558/   30001 events ( 5.19%)
Processed    40000/  288000 entries, 13.89% (elapsed time    47.1s, curr speed    0.824 kHz, avg speed    0.850 kHz), accepted     2100/   40001 events ( 5.25%)
Processed    50000/  288000 entries, 17.36% (elapsed time    55.6s, curr speed    1.170 kHz, avg speed    0.899 kHz), accepted     2631/   50001 events ( 5.26%)
Processed    60000/  288000 entries, 20.83% (elapsed time    65.7s, curr speed    0.990 kHz, avg speed    0.913 kHz), accepted     3164/   60001 events ( 5.27%)
Processed    70000/  288000 entries, 24.31% (elapsed time    78.5s, curr speed    0.781 kHz, avg speed    0.891 kHz), accepted     3678/   70001 events ( 5.25%)
Processed    80000/  288000 entries, 27.78% (elapsed time    87.9s, curr speed    1.065 kHz, avg speed    0.910 kHz), accepted     4182/   80001 events ( 5.23%)
Processed    90000/  288000 entries, 31.25% (elapsed time    97.6s, curr speed    1.033 kHz, avg speed    0.922 kHz), accepted     4694/   90001 events ( 5.22%)
Processed   100000/  288000 entries, 34.72% (elapsed time   109.3s, curr speed    0.858 kHz, avg speed    0.915 kHz), accepted     5243/  100001 events ( 5.24%)
Processed   110000/  288000 entries, 38.19% (elapsed time   117.5s, curr speed    1.216 kHz, avg speed    0.936 kHz), accepted     5762/  110001 events ( 5.24%)
Processed   120000/  288000 entries, 41.67% (elapsed time   126.8s, curr speed    1.070 kHz, avg speed    0.946 kHz), accepted     6301/  120001 events ( 5.25%)
Processed   130000/  288000 entries, 45.14% (elapsed time   139.0s, curr speed    0.821 kHz, avg speed    0.935 kHz), accepted     6810/  130001 events ( 5.24%)
Processed   140000/  288000 entries, 48.61% (elapsed time   148.5s, curr speed    1.051 kHz, avg speed    0.943 kHz), accepted     7300/  140001 events ( 5.21%)
Processed   150000/  288000 entries, 52.08% (elapsed time   158.1s, curr speed    1.043 kHz, avg speed    0.949 kHz), accepted     7835/  150001 events ( 5.22%)
Processed   160000/  288000 entries, 55.56% (elapsed time   170.0s, curr speed    0.838 kHz, avg speed    0.941 kHz), accepted     8334/  160001 events ( 5.21%)
Processed   170000/  288000 entries, 59.03% (elapsed time   179.6s, curr speed    1.046 kHz, avg speed    0.946 kHz), accepted     8856/  170001 events ( 5.21%)
Processed   180000/  288000 entries, 62.50% (elapsed time   189.5s, curr speed    1.009 kHz, avg speed    0.950 kHz), accepted     9335/  180001 events ( 5.19%)
Processed   190000/  288000 entries, 65.97% (elapsed time   201.7s, curr speed    0.819 kHz, avg speed    0.942 kHz), accepted     9848/  190001 events ( 5.18%)
Processed   200000/  288000 entries, 69.44% (elapsed time   211.1s, curr speed    1.069 kHz, avg speed    0.947 kHz), accepted    10364/  200001 events ( 5.18%)
Processed   210000/  288000 entries, 72.92% (elapsed time   220.6s, curr speed    1.049 kHz, avg speed    0.952 kHz), accepted    10882/  210001 events ( 5.18%)
Processed   220000/  288000 entries, 76.39% (elapsed time   232.7s, curr speed    0.830 kHz, avg speed    0.946 kHz), accepted    11400/  220001 events ( 5.18%)
Processed   230000/  288000 entries, 79.86% (elapsed time   243.0s, curr speed    0.968 kHz, avg speed    0.946 kHz), accepted    11939/  230001 events ( 5.19%)
Processed   240000/  288000 entries, 83.33% (elapsed time   253.0s, curr speed    1.006 kHz, avg speed    0.949 kHz), accepted    12489/  240001 events ( 5.20%)
Processed   250000/  288000 entries, 86.81% (elapsed time   264.2s, curr speed    0.886 kHz, avg speed    0.946 kHz), accepted    12981/  250001 events ( 5.19%)
Processed   260000/  288000 entries, 90.28% (elapsed time   273.5s, curr speed    1.081 kHz, avg speed    0.951 kHz), accepted    13528/  260001 events ( 5.20%)
Processed   270000/  288000 entries, 93.75% (elapsed time   282.0s, curr speed    1.169 kHz, avg speed    0.957 kHz), accepted    14035/  270001 events ( 5.20%)
Processed   280000/  288000 entries, 97.22% (elapsed time   293.7s, curr speed    0.860 kHz, avg speed    0.953 kHz), accepted    14553/  280001 events ( 5.20%)
Processed 288000 preselected entries from root://cms-xrd-global.cern.ch//store/mc/RunIIFall17NanoAODv6/TTToSemiLeptonic_TuneCP5_13TeV-powheg-pythia8/NANOAODSIM/PU2017_12Apr2018_Nano25Oct2019_102X_mc2017_realistic_v7_ext1-v1/270000/1274CC72-B38C-0646-A231-65F2EA362162.root (288000 entries). Finally selected 14994 entries
Pre-select 1536000 entries out of 1536000 (100.00%)
Processed    10000/ 1536000 entries,  0.65% (elapsed time    15.5s, curr speed    0.645 kHz, avg speed    0.645 kHz), accepted      512/   10001 events ( 5.12%)
Processed    20000/ 1536000 entries,  1.30% (elapsed time    25.1s, curr speed    1.045 kHz, avg speed    0.797 kHz), accepted     1016/   20001 events ( 5.08%)
Processed    30000/ 1536000 entries,  1.95% (elapsed time    37.0s, curr speed    0.837 kHz, avg speed    0.810 kHz), accepted     1521/   30001 events ( 5.07%)
Processed    40000/ 1536000 entries,  2.60% (elapsed time    46.9s, curr speed    1.013 kHz, avg speed    0.853 kHz), accepted     2029/   40001 events ( 5.07%)
Processed    50000/ 1536000 entries,  3.26% (elapsed time    56.4s, curr speed    1.057 kHz, avg speed    0.887 kHz), accepted     2567/   50001 events ( 5.13%)
Processed    60000/ 1536000 entries,  3.91% (elapsed time    67.7s, curr speed    0.881 kHz, avg speed    0.886 kHz), accepted     3097/   60001 events ( 5.16%)
Processed    70000/ 1536000 entries,  4.56% (elapsed time    77.3s, curr speed    1.043 kHz, avg speed    0.906 kHz), accepted     3645/   70001 events ( 5.21%)
Processed    80000/ 1536000 entries,  5.21% (elapsed time    87.2s, curr speed    1.007 kHz, avg speed    0.917 kHz), accepted     4171/   80001 events ( 5.21%)
Processed    90000/ 1536000 entries,  5.86% (elapsed time    99.5s, curr speed    0.813 kHz, avg speed    0.904 kHz), accepted     4668/   90001 events ( 5.19%)
Processed   100000/ 1536000 entries,  6.51% (elapsed time   108.6s, curr speed    1.107 kHz, avg speed    0.921 kHz), accepted     5191/  100001 events ( 5.19%)
Processed   110000/ 1536000 entries,  7.16% (elapsed time   117.8s, curr speed    1.077 kHz, avg speed    0.933 kHz), accepted     5711/  110001 events ( 5.19%)
Processed   120000/ 1536000 entries,  7.81% (elapsed time   130.3s, curr speed    0.803 kHz, avg speed    0.921 kHz), accepted     6234/  120001 events ( 5.19%)
Processed   130000/ 1536000 entries,  8.46% (elapsed time   140.1s, curr speed    1.016 kHz, avg speed    0.928 kHz), accepted     6753/  130001 events ( 5.19%)
Processed   140000/ 1536000 entries,  9.11% (elapsed time   150.0s, curr speed    1.012 kHz, avg speed    0.933 kHz), accepted     7285/  140001 events ( 5.20%)
Processed   150000/ 1536000 entries,  9.77% (elapsed time   161.3s, curr speed    0.891 kHz, avg speed    0.930 kHz), accepted     7799/  150001 events ( 5.20%)
Processed   160000/ 1536000 entries, 10.42% (elapsed time   170.4s, curr speed    1.090 kHz, avg speed    0.939 kHz), accepted     8319/  160001 events ( 5.20%)
Processed   170000/ 1536000 entries, 11.07% (elapsed time   179.0s, curr speed    1.164 kHz, avg speed    0.950 kHz), accepted     8847/  170001 events ( 5.20%)
Processed   180000/ 1536000 entries, 11.72% (elapsed time   191.0s, curr speed    0.835 kHz, avg speed    0.942 kHz), accepted     9376/  180001 events ( 5.21%)
Processed   190000/ 1536000 entries, 12.37% (elapsed time   200.4s, curr speed    1.063 kHz, avg speed    0.948 kHz), accepted     9907/  190001 events ( 5.21%)
Processed   200000/ 1536000 entries, 13.02% (elapsed time   209.6s, curr speed    1.086 kHz, avg speed    0.954 kHz), accepted    10424/  200001 events ( 5.21%)
Processed   210000/ 1536000 entries, 13.67% (elapsed time   221.1s, curr speed    0.872 kHz, avg speed    0.950 kHz), accepted    10894/  210001 events ( 5.19%)
Processed   220000/ 1536000 entries, 14.32% (elapsed time   230.4s, curr speed    1.068 kHz, avg speed    0.955 kHz), accepted    11418/  220001 events ( 5.19%)
Processed   230000/ 1536000 entries, 14.97% (elapsed time   240.0s, curr speed    1.050 kHz, avg speed    0.958 kHz), accepted    11952/  230001 events ( 5.20%)
Processed   240000/ 1536000 entries, 15.62% (elapsed time   251.8s, curr speed    0.848 kHz, avg speed    0.953 kHz), accepted    12467/  240001 events ( 5.19%)
Processed   250000/ 1536000 entries, 16.28% (elapsed time   260.6s, curr speed    1.132 kHz, avg speed    0.959 kHz), accepted    13002/  250001 events ( 5.20%)
Processed   260000/ 1536000 entries, 16.93% (elapsed time   269.8s, curr speed    1.084 kHz, avg speed    0.964 kHz), accepted    13510/  260001 events ( 5.20%)
Processed   270000/ 1536000 entries, 17.58% (elapsed time   281.6s, curr speed    0.848 kHz, avg speed    0.959 kHz), accepted    14063/  270001 events ( 5.21%)
Processed   280000/ 1536000 entries, 18.23% (elapsed time   290.0s, curr speed    1.193 kHz, avg speed    0.966 kHz), accepted    14606/  280001 events ( 5.22%)
Processed   290000/ 1536000 entries, 18.88% (elapsed time   299.1s, curr speed    1.101 kHz, avg speed    0.970 kHz), accepted    15094/  290001 events ( 5.20%)
Processed   300000/ 1536000 entries, 19.53% (elapsed time   310.3s, curr speed    0.894 kHz, avg speed    0.967 kHz), accepted    15637/  300001 events ( 5.21%)
Processed   310000/ 1536000 entries, 20.18% (elapsed time   319.4s, curr speed    1.097 kHz, avg speed    0.971 kHz), accepted    16158/  310001 events ( 5.21%)
Processed   320000/ 1536000 entries, 20.83% (elapsed time   331.1s, curr speed    0.855 kHz, avg speed    0.967 kHz), accepted    16666/  320001 events ( 5.21%)
Processed   330000/ 1536000 entries, 21.48% (elapsed time   339.7s, curr speed    1.167 kHz, avg speed    0.972 kHz), accepted    17155/  330001 events ( 5.20%)
Processed   340000/ 1536000 entries, 22.14% (elapsed time   348.8s, curr speed    1.093 kHz, avg speed    0.975 kHz), accepted    17680/  340001 events ( 5.20%)
Processed   350000/ 1536000 entries, 22.79% (elapsed time   360.1s, curr speed    0.884 kHz, avg speed    0.972 kHz), accepted    18212/  350001 events ( 5.20%)
Processed   360000/ 1536000 entries, 23.44% (elapsed time   368.9s, curr speed    1.132 kHz, avg speed    0.976 kHz), accepted    18732/  360001 events ( 5.20%)
Processed   370000/ 1536000 entries, 24.09% (elapsed time   377.9s, curr speed    1.118 kHz, avg speed    0.979 kHz), accepted    19235/  370001 events ( 5.20%)
Processed   380000/ 1536000 entries, 24.74% (elapsed time   389.4s, curr speed    0.868 kHz, avg speed    0.976 kHz), accepted    19763/  380001 events ( 5.20%)
Processed   390000/ 1536000 entries, 25.39% (elapsed time   398.3s, curr speed    1.119 kHz, avg speed    0.979 kHz), accepted    20283/  390001 events ( 5.20%)
Processed   400000/ 1536000 entries, 26.04% (elapsed time   406.9s, curr speed    1.166 kHz, avg speed    0.983 kHz), accepted    20753/  400001 events ( 5.19%)
Processed   410000/ 1536000 entries, 26.69% (elapsed time   418.9s, curr speed    0.837 kHz, avg speed    0.979 kHz), accepted    21316/  410001 events ( 5.20%)
Processed   420000/ 1536000 entries, 27.34% (elapsed time   427.8s, curr speed    1.125 kHz, avg speed    0.982 kHz), accepted    21842/  420001 events ( 5.20%)
Processed   430000/ 1536000 entries, 27.99% (elapsed time   437.1s, curr speed    1.071 kHz, avg speed    0.984 kHz), accepted    22370/  430001 events ( 5.20%)
Processed   440000/ 1536000 entries, 28.65% (elapsed time   448.4s, curr speed    0.881 kHz, avg speed    0.981 kHz), accepted    22931/  440001 events ( 5.21%)
Processed   450000/ 1536000 entries, 29.30% (elapsed time   457.3s, curr speed    1.134 kHz, avg speed    0.984 kHz), accepted    23430/  450001 events ( 5.21%)
Processed   460000/ 1536000 entries, 29.95% (elapsed time   466.7s, curr speed    1.057 kHz, avg speed    0.986 kHz), accepted    23992/  460001 events ( 5.22%)
Processed   470000/ 1536000 entries, 30.60% (elapsed time   478.2s, curr speed    0.871 kHz, avg speed    0.983 kHz), accepted    24520/  470001 events ( 5.22%)
Processed   480000/ 1536000 entries, 31.25% (elapsed time   486.9s, curr speed    1.148 kHz, avg speed    0.986 kHz), accepted    25057/  480001 events ( 5.22%)
Processed   490000/ 1536000 entries, 31.90% (elapsed time   495.8s, curr speed    1.124 kHz, avg speed    0.988 kHz), accepted    25571/  490001 events ( 5.22%)
Processed   500000/ 1536000 entries, 32.55% (elapsed time   507.4s, curr speed    0.867 kHz, avg speed    0.985 kHz), accepted    26171/  500001 events ( 5.23%)
Processed   510000/ 1536000 entries, 33.20% (elapsed time   517.2s, curr speed    1.017 kHz, avg speed    0.986 kHz), accepted    26710/  510001 events ( 5.24%)
Processed   520000/ 1536000 entries, 33.85% (elapsed time   526.1s, curr speed    1.122 kHz, avg speed    0.988 kHz), accepted    27256/  520001 events ( 5.24%)
Processed   530000/ 1536000 entries, 34.51% (elapsed time   537.7s, curr speed    0.862 kHz, avg speed    0.986 kHz), accepted    27757/  530001 events ( 5.24%)
Processed   540000/ 1536000 entries, 35.16% (elapsed time   546.9s, curr speed    1.085 kHz, avg speed    0.987 kHz), accepted    28291/  540001 events ( 5.24%)
Processed   550000/ 1536000 entries, 35.81% (elapsed time   556.5s, curr speed    1.045 kHz, avg speed    0.988 kHz), accepted    28794/  550001 events ( 5.24%)
Processed   560000/ 1536000 entries, 36.46% (elapsed time   567.8s, curr speed    0.885 kHz, avg speed    0.986 kHz), accepted    29285/  560001 events ( 5.23%)
Processed   570000/ 1536000 entries, 37.11% (elapsed time   576.4s, curr speed    1.161 kHz, avg speed    0.989 kHz), accepted    29799/  570001 events ( 5.23%)
Processed   580000/ 1536000 entries, 37.76% (elapsed time   585.7s, curr speed    1.080 kHz, avg speed    0.990 kHz), accepted    30345/  580001 events ( 5.23%)
Processed   590000/ 1536000 entries, 38.41% (elapsed time   597.0s, curr speed    0.883 kHz, avg speed    0.988 kHz), accepted    30852/  590001 events ( 5.23%)
Processed   600000/ 1536000 entries, 39.06% (elapsed time   605.7s, curr speed    1.145 kHz, avg speed    0.991 kHz), accepted    31378/  600001 events ( 5.23%)
Processed   610000/ 1536000 entries, 39.71% (elapsed time   617.7s, curr speed    0.838 kHz, avg speed    0.988 kHz), accepted    31884/  610001 events ( 5.23%)
Processed   620000/ 1536000 entries, 40.36% (elapsed time   627.2s, curr speed    1.044 kHz, avg speed    0.988 kHz), accepted    32387/  620001 events ( 5.22%)
Processed   630000/ 1536000 entries, 41.02% (elapsed time   636.0s, curr speed    1.143 kHz, avg speed    0.991 kHz), accepted    32913/  630001 events ( 5.22%)
Processed   640000/ 1536000 entries, 41.67% (elapsed time   647.0s, curr speed    0.908 kHz, avg speed    0.989 kHz), accepted    33402/  640001 events ( 5.22%)
Processed   650000/ 1536000 entries, 42.32% (elapsed time   655.3s, curr speed    1.206 kHz, avg speed    0.992 kHz), accepted    33919/  650001 events ( 5.22%)
Processed   660000/ 1536000 entries, 42.97% (elapsed time   664.2s, curr speed    1.116 kHz, avg speed    0.994 kHz), accepted    34451/  660001 events ( 5.22%)
Processed   670000/ 1536000 entries, 43.62% (elapsed time   675.4s, curr speed    0.900 kHz, avg speed    0.992 kHz), accepted    34960/  670001 events ( 5.22%)
Processed   680000/ 1536000 entries, 44.27% (elapsed time   684.4s, curr speed    1.110 kHz, avg speed    0.994 kHz), accepted    35452/  680001 events ( 5.21%)
Processed   690000/ 1536000 entries, 44.92% (elapsed time   693.3s, curr speed    1.114 kHz, avg speed    0.995 kHz), accepted    35967/  690001 events ( 5.21%)
Processed   700000/ 1536000 entries, 45.57% (elapsed time   704.9s, curr speed    0.864 kHz, avg speed    0.993 kHz), accepted    36493/  700001 events ( 5.21%)
Processed   710000/ 1536000 entries, 46.22% (elapsed time   713.9s, curr speed    1.110 kHz, avg speed    0.994 kHz), accepted    37032/  710001 events ( 5.22%)
Processed   720000/ 1536000 entries, 46.88% (elapsed time   722.9s, curr speed    1.119 kHz, avg speed    0.996 kHz), accepted    37547/  720001 events ( 5.21%)
Processed   730000/ 1536000 entries, 47.53% (elapsed time   734.6s, curr speed    0.851 kHz, avg speed    0.994 kHz), accepted    38092/  730001 events ( 5.22%)
Processed   740000/ 1536000 entries, 48.18% (elapsed time   743.6s, curr speed    1.114 kHz, avg speed    0.995 kHz), accepted    38584/  740001 events ( 5.21%)
Processed   750000/ 1536000 entries, 48.83% (elapsed time   752.7s, curr speed    1.103 kHz, avg speed    0.996 kHz), accepted    39100/  750001 events ( 5.21%)
Processed   760000/ 1536000 entries, 49.48% (elapsed time   764.7s, curr speed    0.831 kHz, avg speed    0.994 kHz), accepted    39602/  760001 events ( 5.21%)
Processed   770000/ 1536000 entries, 50.13% (elapsed time   773.9s, curr speed    1.092 kHz, avg speed    0.995 kHz), accepted    40146/  770001 events ( 5.21%)
Processed   780000/ 1536000 entries, 50.78% (elapsed time   782.4s, curr speed    1.165 kHz, avg speed    0.997 kHz), accepted    40665/  780001 events ( 5.21%)
Processed   790000/ 1536000 entries, 51.43% (elapsed time   793.8s, curr speed    0.881 kHz, avg speed    0.995 kHz), accepted    41228/  790001 events ( 5.22%)
Processed   800000/ 1536000 entries, 52.08% (elapsed time   803.1s, curr speed    1.071 kHz, avg speed    0.996 kHz), accepted    41751/  800001 events ( 5.22%)
Processed   810000/ 1536000 entries, 52.73% (elapsed time   812.0s, curr speed    1.121 kHz, avg speed    0.997 kHz), accepted    42236/  810001 events ( 5.21%)
Processed   820000/ 1536000 entries, 53.39% (elapsed time   824.0s, curr speed    0.834 kHz, avg speed    0.995 kHz), accepted    42767/  820001 events ( 5.22%)
Processed   830000/ 1536000 entries, 54.04% (elapsed time   833.3s, curr speed    1.084 kHz, avg speed    0.996 kHz), accepted    43297/  830001 events ( 5.22%)
Processed   840000/ 1536000 entries, 54.69% (elapsed time   843.2s, curr speed    1.006 kHz, avg speed    0.996 kHz), accepted    43812/  840001 events ( 5.22%)
Processed   850000/ 1536000 entries, 55.34% (elapsed time   854.3s, curr speed    0.900 kHz, avg speed    0.995 kHz), accepted    44319/  850001 events ( 5.21%)
Processed   860000/ 1536000 entries, 55.99% (elapsed time   862.9s, curr speed    1.162 kHz, avg speed    0.997 kHz), accepted    44847/  860001 events ( 5.21%)
Processed   870000/ 1536000 entries, 56.64% (elapsed time   871.8s, curr speed    1.123 kHz, avg speed    0.998 kHz), accepted    45386/  870001 events ( 5.22%)
Processed   880000/ 1536000 entries, 57.29% (elapsed time   882.7s, curr speed    0.915 kHz, avg speed    0.997 kHz), accepted    45917/  880001 events ( 5.22%)
Processed   890000/ 1536000 entries, 57.94% (elapsed time   891.3s, curr speed    1.172 kHz, avg speed    0.999 kHz), accepted    46400/  890001 events ( 5.21%)
Processed   900000/ 1536000 entries, 58.59% (elapsed time   902.5s, curr speed    0.895 kHz, avg speed    0.997 kHz), accepted    46937/  900001 events ( 5.22%)
Processed   910000/ 1536000 entries, 59.24% (elapsed time   911.7s, curr speed    1.084 kHz, avg speed    0.998 kHz), accepted    47447/  910001 events ( 5.21%)
Processed   920000/ 1536000 entries, 59.90% (elapsed time   920.9s, curr speed    1.083 kHz, avg speed    0.999 kHz), accepted    47982/  920001 events ( 5.22%)
Processed   930000/ 1536000 entries, 60.55% (elapsed time   932.2s, curr speed    0.888 kHz, avg speed    0.998 kHz), accepted    48502/  930001 events ( 5.22%)
Processed   940000/ 1536000 entries, 61.20% (elapsed time   941.7s, curr speed    1.055 kHz, avg speed    0.998 kHz), accepted    49017/  940001 events ( 5.21%)
Processed   950000/ 1536000 entries, 61.85% (elapsed time   950.5s, curr speed    1.135 kHz, avg speed    1.000 kHz), accepted    49525/  950001 events ( 5.21%)
Processed   960000/ 1536000 entries, 62.50% (elapsed time   961.9s, curr speed    0.873 kHz, avg speed    0.998 kHz), accepted    50023/  960001 events ( 5.21%)
Processed   970000/ 1536000 entries, 63.15% (elapsed time   972.2s, curr speed    0.977 kHz, avg speed    0.998 kHz), accepted    50591/  970001 events ( 5.22%)
Processed   980000/ 1536000 entries, 63.80% (elapsed time   981.5s, curr speed    1.069 kHz, avg speed    0.998 kHz), accepted    51165/  980001 events ( 5.22%)
Processed   990000/ 1536000 entries, 64.45% (elapsed time   993.0s, curr speed    0.869 kHz, avg speed    0.997 kHz), accepted    51702/  990001 events ( 5.22%)
Processed  1000000/ 1536000 entries, 65.10% (elapsed time  1002.5s, curr speed    1.053 kHz, avg speed    0.997 kHz), accepted    52247/ 1000001 events ( 5.22%)
Processed  1010000/ 1536000 entries, 65.76% (elapsed time  1011.6s, curr speed    1.096 kHz, avg speed    0.998 kHz), accepted    52768/ 1010001 events ( 5.22%)
Processed  1020000/ 1536000 entries, 66.41% (elapsed time  1024.1s, curr speed    0.803 kHz, avg speed    0.996 kHz), accepted    53275/ 1020001 events ( 5.22%)
Processed  1030000/ 1536000 entries, 67.06% (elapsed time  1033.7s, curr speed    1.044 kHz, avg speed    0.996 kHz), accepted    53764/ 1030001 events ( 5.22%)
Processed  1040000/ 1536000 entries, 67.71% (elapsed time  1043.2s, curr speed    1.045 kHz, avg speed    0.997 kHz), accepted    54269/ 1040001 events ( 5.22%)
Processed  1050000/ 1536000 entries, 68.36% (elapsed time  1055.0s, curr speed    0.849 kHz, avg speed    0.995 kHz), accepted    54791/ 1050001 events ( 5.22%)
Processed  1060000/ 1536000 entries, 69.01% (elapsed time  1063.7s, curr speed    1.157 kHz, avg speed    0.997 kHz), accepted    55298/ 1060001 events ( 5.22%)
Processed  1070000/ 1536000 entries, 69.66% (elapsed time  1072.7s, curr speed    1.110 kHz, avg speed    0.997 kHz), accepted    55818/ 1070001 events ( 5.22%)
Processed  1080000/ 1536000 entries, 70.31% (elapsed time  1084.2s, curr speed    0.871 kHz, avg speed    0.996 kHz), accepted    56359/ 1080001 events ( 5.22%)
Processed  1090000/ 1536000 entries, 70.96% (elapsed time  1093.5s, curr speed    1.071 kHz, avg speed    0.997 kHz), accepted    56920/ 1090001 events ( 5.22%)
Processed  1100000/ 1536000 entries, 71.61% (elapsed time  1102.3s, curr speed    1.139 kHz, avg speed    0.998 kHz), accepted    57435/ 1100001 events ( 5.22%)
Processed  1110000/ 1536000 entries, 72.27% (elapsed time  1113.7s, curr speed    0.875 kHz, avg speed    0.997 kHz), accepted    57919/ 1110001 events ( 5.22%)
Processed  1120000/ 1536000 entries, 72.92% (elapsed time  1122.7s, curr speed    1.112 kHz, avg speed    0.998 kHz), accepted    58413/ 1120001 events ( 5.22%)
Processed  1130000/ 1536000 entries, 73.57% (elapsed time  1132.1s, curr speed    1.069 kHz, avg speed    0.998 kHz), accepted    58916/ 1130001 events ( 5.21%)
Processed  1140000/ 1536000 entries, 74.22% (elapsed time  1143.4s, curr speed    0.882 kHz, avg speed    0.997 kHz), accepted    59425/ 1140001 events ( 5.21%)
Processed  1150000/ 1536000 entries, 74.87% (elapsed time  1152.7s, curr speed    1.072 kHz, avg speed    0.998 kHz), accepted    59955/ 1150001 events ( 5.21%)
Processed  1160000/ 1536000 entries, 75.52% (elapsed time  1163.0s, curr speed    0.972 kHz, avg speed    0.997 kHz), accepted    60509/ 1160001 events ( 5.22%)
Processed  1170000/ 1536000 entries, 76.17% (elapsed time  1174.2s, curr speed    0.893 kHz, avg speed    0.996 kHz), accepted    61046/ 1170001 events ( 5.22%)
Processed  1180000/ 1536000 entries, 76.82% (elapsed time  1183.5s, curr speed    1.073 kHz, avg speed    0.997 kHz), accepted    61590/ 1180001 events ( 5.22%)
Processed  1190000/ 1536000 entries, 77.47% (elapsed time  1195.5s, curr speed    0.836 kHz, avg speed    0.995 kHz), accepted    62106/ 1190001 events ( 5.22%)
Processed  1200000/ 1536000 entries, 78.12% (elapsed time  1204.9s, curr speed    1.068 kHz, avg speed    0.996 kHz), accepted    62626/ 1200001 events ( 5.22%)
Processed  1210000/ 1536000 entries, 78.78% (elapsed time  1214.2s, curr speed    1.074 kHz, avg speed    0.997 kHz), accepted    63137/ 1210001 events ( 5.22%)
Processed  1220000/ 1536000 entries, 79.43% (elapsed time  1225.4s, curr speed    0.892 kHz, avg speed    0.996 kHz), accepted    63652/ 1220001 events ( 5.22%)
Processed  1230000/ 1536000 entries, 80.08% (elapsed time  1234.6s, curr speed    1.085 kHz, avg speed    0.996 kHz), accepted    64161/ 1230001 events ( 5.22%)
Processed  1240000/ 1536000 entries, 80.73% (elapsed time  1243.8s, curr speed    1.088 kHz, avg speed    0.997 kHz), accepted    64655/ 1240001 events ( 5.21%)
Processed  1250000/ 1536000 entries, 81.38% (elapsed time  1255.3s, curr speed    0.872 kHz, avg speed    0.996 kHz), accepted    65183/ 1250001 events ( 5.21%)
Processed  1260000/ 1536000 entries, 82.03% (elapsed time  1263.6s, curr speed    1.191 kHz, avg speed    0.997 kHz), accepted    65699/ 1260001 events ( 5.21%)
Processed  1270000/ 1536000 entries, 82.68% (elapsed time  1272.4s, curr speed    1.144 kHz, avg speed    0.998 kHz), accepted    66182/ 1270001 events ( 5.21%)
Processed  1280000/ 1536000 entries, 83.33% (elapsed time  1283.1s, curr speed    0.933 kHz, avg speed    0.998 kHz), accepted    66688/ 1280001 events ( 5.21%)
Processed  1290000/ 1536000 entries, 83.98% (elapsed time  1292.6s, curr speed    1.051 kHz, avg speed    0.998 kHz), accepted    67224/ 1290001 events ( 5.21%)
Processed  1300000/ 1536000 entries, 84.64% (elapsed time  1301.5s, curr speed    1.122 kHz, avg speed    0.999 kHz), accepted    67747/ 1300001 events ( 5.21%)
Processed  1310000/ 1536000 entries, 85.29% (elapsed time  1312.4s, curr speed    0.921 kHz, avg speed    0.998 kHz), accepted    68240/ 1310001 events ( 5.21%)
Processed  1320000/ 1536000 entries, 85.94% (elapsed time  1321.2s, curr speed    1.141 kHz, avg speed    0.999 kHz), accepted    68753/ 1320001 events ( 5.21%)
Processed  1330000/ 1536000 entries, 86.59% (elapsed time  1330.4s, curr speed    1.084 kHz, avg speed    1.000 kHz), accepted    69262/ 1330001 events ( 5.21%)
Processed  1340000/ 1536000 entries, 87.24% (elapsed time  1342.0s, curr speed    0.864 kHz, avg speed    0.999 kHz), accepted    69792/ 1340001 events ( 5.21%)
Processed  1350000/ 1536000 entries, 87.89% (elapsed time  1351.1s, curr speed    1.098 kHz, avg speed    0.999 kHz), accepted    70326/ 1350001 events ( 5.21%)
Processed  1360000/ 1536000 entries, 88.54% (elapsed time  1360.1s, curr speed    1.105 kHz, avg speed    1.000 kHz), accepted    70853/ 1360001 events ( 5.21%)
Processed  1370000/ 1536000 entries, 89.19% (elapsed time  1372.2s, curr speed    0.831 kHz, avg speed    0.998 kHz), accepted    71381/ 1370001 events ( 5.21%)
Processed  1380000/ 1536000 entries, 89.84% (elapsed time  1381.7s, curr speed    1.044 kHz, avg speed    0.999 kHz), accepted    71886/ 1380001 events ( 5.21%)
Processed  1390000/ 1536000 entries, 90.49% (elapsed time  1390.5s, curr speed    1.144 kHz, avg speed    1.000 kHz), accepted    72378/ 1390001 events ( 5.21%)
Processed  1400000/ 1536000 entries, 91.15% (elapsed time  1401.6s, curr speed    0.898 kHz, avg speed    0.999 kHz), accepted    72887/ 1400001 events ( 5.21%)
Processed  1410000/ 1536000 entries, 91.80% (elapsed time  1410.7s, curr speed    1.100 kHz, avg speed    1.000 kHz), accepted    73365/ 1410001 events ( 5.20%)
Processed  1420000/ 1536000 entries, 92.45% (elapsed time  1420.4s, curr speed    1.034 kHz, avg speed    1.000 kHz), accepted    73865/ 1420001 events ( 5.20%)
Processed  1430000/ 1536000 entries, 93.10% (elapsed time  1432.7s, curr speed    0.813 kHz, avg speed    0.998 kHz), accepted    74397/ 1430001 events ( 5.20%)
Processed  1440000/ 1536000 entries, 93.75% (elapsed time  1441.4s, curr speed    1.141 kHz, avg speed    0.999 kHz), accepted    74926/ 1440001 events ( 5.20%)
Processed  1450000/ 1536000 entries, 94.40% (elapsed time  1451.9s, curr speed    0.958 kHz, avg speed    0.999 kHz), accepted    75407/ 1450001 events ( 5.20%)
Processed  1460000/ 1536000 entries, 95.05% (elapsed time  1464.4s, curr speed    0.797 kHz, avg speed    0.997 kHz), accepted    75931/ 1460001 events ( 5.20%)
Processed  1470000/ 1536000 entries, 95.70% (elapsed time  1473.8s, curr speed    1.062 kHz, avg speed    0.997 kHz), accepted    76476/ 1470001 events ( 5.20%)
Processed  1480000/ 1536000 entries, 96.35% (elapsed time  1485.6s, curr speed    0.849 kHz, avg speed    0.996 kHz), accepted    76964/ 1480001 events ( 5.20%)
Processed  1490000/ 1536000 entries, 97.01% (elapsed time  1495.3s, curr speed    1.032 kHz, avg speed    0.996 kHz), accepted    77480/ 1490001 events ( 5.20%)
Processed  1500000/ 1536000 entries, 97.66% (elapsed time  1504.2s, curr speed    1.121 kHz, avg speed    0.997 kHz), accepted    77989/ 1500001 events ( 5.20%)
Processed  1510000/ 1536000 entries, 98.31% (elapsed time  1516.0s, curr speed    0.849 kHz, avg speed    0.996 kHz), accepted    78472/ 1510001 events ( 5.20%)
Processed  1520000/ 1536000 entries, 98.96% (elapsed time  1525.3s, curr speed    1.077 kHz, avg speed    0.997 kHz), accepted    78997/ 1520001 events ( 5.20%)
Processed  1530000/ 1536000 entries, 99.61% (elapsed time  1534.0s, curr speed    1.151 kHz, avg speed    0.997 kHz), accepted    79499/ 1530001 events ( 5.20%)
Processed 1536000 preselected entries from root://cms-xrd-global.cern.ch//store/mc/RunIIFall17NanoAODv6/TTToSemiLeptonic_TuneCP5_13TeV-powheg-pythia8/NANOAODSIM/PU2017_12Apr2018_Nano25Oct2019_102X_mc2017_realistic_v7_ext1-v1/270000/188B8D3E-56BF-5F44-ABEE-0C26FE7F5564.root (1536000 entries). Finally selected 79805 entries
Pre-select 960000 entries out of 960000 (100.00%)
Processed    10000/  960000 entries,  1.04% (elapsed time    16.0s, curr speed    0.623 kHz, avg speed    0.623 kHz), accepted      488/   10001 events ( 4.88%)
Processed    20000/  960000 entries,  2.08% (elapsed time    25.4s, curr speed    1.070 kHz, avg speed    0.788 kHz), accepted     1048/   20001 events ( 5.24%)
Processed    30000/  960000 entries,  3.12% (elapsed time    34.8s, curr speed    1.063 kHz, avg speed    0.862 kHz), accepted     1603/   30001 events ( 5.34%)
Processed    40000/  960000 entries,  4.17% (elapsed time    46.6s, curr speed    0.848 kHz, avg speed    0.859 kHz), accepted     2105/   40001 events ( 5.26%)
Processed    50000/  960000 entries,  5.21% (elapsed time    55.9s, curr speed    1.077 kHz, avg speed    0.895 kHz), accepted     2600/   50001 events ( 5.20%)
Processed    60000/  960000 entries,  6.25% (elapsed time    65.3s, curr speed    1.062 kHz, avg speed    0.919 kHz), accepted     3105/   60001 events ( 5.17%)
Processed    70000/  960000 entries,  7.29% (elapsed time    77.8s, curr speed    0.802 kHz, avg speed    0.900 kHz), accepted     3653/   70001 events ( 5.22%)
Processed    80000/  960000 entries,  8.33% (elapsed time    88.6s, curr speed    0.926 kHz, avg speed    0.903 kHz), accepted     4182/   80001 events ( 5.23%)
Processed    90000/  960000 entries,  9.38% (elapsed time    98.2s, curr speed    1.042 kHz, avg speed    0.917 kHz), accepted     4727/   90001 events ( 5.25%)
Processed   100000/  960000 entries, 10.42% (elapsed time   109.9s, curr speed    0.854 kHz, avg speed    0.910 kHz), accepted     5234/  100001 events ( 5.23%)
Processed   110000/  960000 entries, 11.46% (elapsed time   119.1s, curr speed    1.081 kHz, avg speed    0.923 kHz), accepted     5746/  110001 events ( 5.22%)
Processed   120000/  960000 entries, 12.50% (elapsed time   128.9s, curr speed    1.021 kHz, avg speed    0.931 kHz), accepted     6285/  120001 events ( 5.24%)
Processed   130000/  960000 entries, 13.54% (elapsed time   141.7s, curr speed    0.779 kHz, avg speed    0.917 kHz), accepted     6805/  130001 events ( 5.23%)
Processed   140000/  960000 entries, 14.58% (elapsed time   150.8s, curr speed    1.106 kHz, avg speed    0.929 kHz), accepted     7354/  140001 events ( 5.25%)
Processed   150000/  960000 entries, 15.62% (elapsed time   160.0s, curr speed    1.079 kHz, avg speed    0.937 kHz), accepted     7890/  150001 events ( 5.26%)
Processed   160000/  960000 entries, 16.67% (elapsed time   171.9s, curr speed    0.845 kHz, avg speed    0.931 kHz), accepted     8427/  160001 events ( 5.27%)
Processed   170000/  960000 entries, 17.71% (elapsed time   181.1s, curr speed    1.090 kHz, avg speed    0.939 kHz), accepted     8966/  170001 events ( 5.27%)
Processed   180000/  960000 entries, 18.75% (elapsed time   191.1s, curr speed    0.997 kHz, avg speed    0.942 kHz), accepted     9483/  180001 events ( 5.27%)
Processed   190000/  960000 entries, 19.79% (elapsed time   202.6s, curr speed    0.871 kHz, avg speed    0.938 kHz), accepted    10032/  190001 events ( 5.28%)
Processed   200000/  960000 entries, 20.83% (elapsed time   211.1s, curr speed    1.168 kHz, avg speed    0.947 kHz), accepted    10549/  200001 events ( 5.27%)
Processed   210000/  960000 entries, 21.88% (elapsed time   219.8s, curr speed    1.156 kHz, avg speed    0.955 kHz), accepted    11070/  210001 events ( 5.27%)
Processed   220000/  960000 entries, 22.92% (elapsed time   232.5s, curr speed    0.787 kHz, avg speed    0.946 kHz), accepted    11588/  220001 events ( 5.27%)
Processed   230000/  960000 entries, 23.96% (elapsed time   241.9s, curr speed    1.065 kHz, avg speed    0.951 kHz), accepted    12104/  230001 events ( 5.26%)
Processed   240000/  960000 entries, 25.00% (elapsed time   250.8s, curr speed    1.116 kHz, avg speed    0.957 kHz), accepted    12647/  240001 events ( 5.27%)
Processed   250000/  960000 entries, 26.04% (elapsed time   263.3s, curr speed    0.800 kHz, avg speed    0.949 kHz), accepted    13177/  250001 events ( 5.27%)
Processed   260000/  960000 entries, 27.08% (elapsed time   272.7s, curr speed    1.069 kHz, avg speed    0.953 kHz), accepted    13703/  260001 events ( 5.27%)
Processed   270000/  960000 entries, 28.12% (elapsed time   281.2s, curr speed    1.174 kHz, avg speed    0.960 kHz), accepted    14202/  270001 events ( 5.26%)
Processed   280000/  960000 entries, 29.17% (elapsed time   294.1s, curr speed    0.773 kHz, avg speed    0.952 kHz), accepted    14707/  280001 events ( 5.25%)
Processed   290000/  960000 entries, 30.21% (elapsed time   304.1s, curr speed    1.004 kHz, avg speed    0.954 kHz), accepted    15229/  290001 events ( 5.25%)
Processed   300000/  960000 entries, 31.25% (elapsed time   313.3s, curr speed    1.093 kHz, avg speed    0.958 kHz), accepted    15764/  300001 events ( 5.25%)
Processed   310000/  960000 entries, 32.29% (elapsed time   325.4s, curr speed    0.822 kHz, avg speed    0.953 kHz), accepted    16278/  310001 events ( 5.25%)
Processed   320000/  960000 entries, 33.33% (elapsed time   335.3s, curr speed    1.009 kHz, avg speed    0.954 kHz), accepted    16810/  320001 events ( 5.25%)
Processed   330000/  960000 entries, 34.38% (elapsed time   344.5s, curr speed    1.085 kHz, avg speed    0.958 kHz), accepted    17313/  330001 events ( 5.25%)
Processed   340000/  960000 entries, 35.42% (elapsed time   353.9s, curr speed    1.070 kHz, avg speed    0.961 kHz), accepted    17853/  340001 events ( 5.25%)
Processed   350000/  960000 entries, 36.46% (elapsed time   365.1s, curr speed    0.895 kHz, avg speed    0.959 kHz), accepted    18376/  350001 events ( 5.25%)
Processed   360000/  960000 entries, 37.50% (elapsed time   374.6s, curr speed    1.048 kHz, avg speed    0.961 kHz), accepted    18851/  360001 events ( 5.24%)
Processed   370000/  960000 entries, 38.54% (elapsed time   385.5s, curr speed    0.920 kHz, avg speed    0.960 kHz), accepted    19334/  370001 events ( 5.23%)
Processed   380000/  960000 entries, 39.58% (elapsed time   396.8s, curr speed    0.879 kHz, avg speed    0.958 kHz), accepted    19849/  380001 events ( 5.22%)
Processed   390000/  960000 entries, 40.62% (elapsed time   405.8s, curr speed    1.123 kHz, avg speed    0.961 kHz), accepted    20354/  390001 events ( 5.22%)
Processed   400000/  960000 entries, 41.67% (elapsed time   414.2s, curr speed    1.190 kHz, avg speed    0.966 kHz), accepted    20883/  400001 events ( 5.22%)
Processed   410000/  960000 entries, 42.71% (elapsed time   424.9s, curr speed    0.928 kHz, avg speed    0.965 kHz), accepted    21350/  410001 events ( 5.21%)
Processed   420000/  960000 entries, 43.75% (elapsed time   434.8s, curr speed    1.012 kHz, avg speed    0.966 kHz), accepted    21864/  420001 events ( 5.21%)
Processed   430000/  960000 entries, 44.79% (elapsed time   443.7s, curr speed    1.127 kHz, avg speed    0.969 kHz), accepted    22384/  430001 events ( 5.21%)
Processed   440000/  960000 entries, 45.83% (elapsed time   454.9s, curr speed    0.891 kHz, avg speed    0.967 kHz), accepted    22878/  440001 events ( 5.20%)
Processed   450000/  960000 entries, 46.88% (elapsed time   465.3s, curr speed    0.963 kHz, avg speed    0.967 kHz), accepted    23445/  450001 events ( 5.21%)
Processed   460000/  960000 entries, 47.92% (elapsed time   475.1s, curr speed    1.018 kHz, avg speed    0.968 kHz), accepted    24019/  460001 events ( 5.22%)
Processed   470000/  960000 entries, 48.96% (elapsed time   487.1s, curr speed    0.837 kHz, avg speed    0.965 kHz), accepted    24509/  470001 events ( 5.21%)
Processed   480000/  960000 entries, 50.00% (elapsed time   496.4s, curr speed    1.068 kHz, avg speed    0.967 kHz), accepted    25022/  480001 events ( 5.21%)
Processed   490000/  960000 entries, 51.04% (elapsed time   505.8s, curr speed    1.067 kHz, avg speed    0.969 kHz), accepted    25522/  490001 events ( 5.21%)
Processed   500000/  960000 entries, 52.08% (elapsed time   517.6s, curr speed    0.850 kHz, avg speed    0.966 kHz), accepted    26034/  500001 events ( 5.21%)
Processed   510000/  960000 entries, 53.12% (elapsed time   526.7s, curr speed    1.097 kHz, avg speed    0.968 kHz), accepted    26546/  510001 events ( 5.21%)
Processed   520000/  960000 entries, 54.17% (elapsed time   535.6s, curr speed    1.127 kHz, avg speed    0.971 kHz), accepted    27028/  520001 events ( 5.20%)
Processed   530000/  960000 entries, 55.21% (elapsed time   547.2s, curr speed    0.859 kHz, avg speed    0.969 kHz), accepted    27578/  530001 events ( 5.20%)
Processed   540000/  960000 entries, 56.25% (elapsed time   556.5s, curr speed    1.075 kHz, avg speed    0.970 kHz), accepted    28136/  540001 events ( 5.21%)
Processed   550000/  960000 entries, 57.29% (elapsed time   566.7s, curr speed    0.982 kHz, avg speed    0.971 kHz), accepted    28675/  550001 events ( 5.21%)
Processed   560000/  960000 entries, 58.33% (elapsed time   578.6s, curr speed    0.842 kHz, avg speed    0.968 kHz), accepted    29177/  560001 events ( 5.21%)
Processed   570000/  960000 entries, 59.38% (elapsed time   588.6s, curr speed    0.991 kHz, avg speed    0.968 kHz), accepted    29702/  570001 events ( 5.21%)
Processed   580000/  960000 entries, 60.42% (elapsed time   597.9s, curr speed    1.077 kHz, avg speed    0.970 kHz), accepted    30194/  580001 events ( 5.21%)
Processed   590000/  960000 entries, 61.46% (elapsed time   609.1s, curr speed    0.896 kHz, avg speed    0.969 kHz), accepted    30744/  590001 events ( 5.21%)
Processed   600000/  960000 entries, 62.50% (elapsed time   619.7s, curr speed    0.945 kHz, avg speed    0.968 kHz), accepted    31257/  600001 events ( 5.21%)
Processed   610000/  960000 entries, 63.54% (elapsed time   628.3s, curr speed    1.155 kHz, avg speed    0.971 kHz), accepted    31754/  610001 events ( 5.21%)
Processed   620000/  960000 entries, 64.58% (elapsed time   640.2s, curr speed    0.842 kHz, avg speed    0.968 kHz), accepted    32275/  620001 events ( 5.21%)
Processed   630000/  960000 entries, 65.62% (elapsed time   649.5s, curr speed    1.074 kHz, avg speed    0.970 kHz), accepted    32803/  630001 events ( 5.21%)
Processed   640000/  960000 entries, 66.67% (elapsed time   659.3s, curr speed    1.020 kHz, avg speed    0.971 kHz), accepted    33331/  640001 events ( 5.21%)
Processed   650000/  960000 entries, 67.71% (elapsed time   668.8s, curr speed    1.055 kHz, avg speed    0.972 kHz), accepted    33835/  650001 events ( 5.21%)
Processed   660000/  960000 entries, 68.75% (elapsed time   680.2s, curr speed    0.879 kHz, avg speed    0.970 kHz), accepted    34367/  660001 events ( 5.21%)
Processed   670000/  960000 entries, 69.79% (elapsed time   689.8s, curr speed    1.041 kHz, avg speed    0.971 kHz), accepted    34868/  670001 events ( 5.20%)
Processed   680000/  960000 entries, 70.83% (elapsed time   699.1s, curr speed    1.079 kHz, avg speed    0.973 kHz), accepted    35347/  680001 events ( 5.20%)
Processed   690000/  960000 entries, 71.88% (elapsed time   710.8s, curr speed    0.855 kHz, avg speed    0.971 kHz), accepted    35878/  690001 events ( 5.20%)
Processed   700000/  960000 entries, 72.92% (elapsed time   721.2s, curr speed    0.963 kHz, avg speed    0.971 kHz), accepted    36382/  700001 events ( 5.20%)
Processed   710000/  960000 entries, 73.96% (elapsed time   731.0s, curr speed    1.021 kHz, avg speed    0.971 kHz), accepted    36894/  710001 events ( 5.20%)
Processed   720000/  960000 entries, 75.00% (elapsed time   743.0s, curr speed    0.829 kHz, avg speed    0.969 kHz), accepted    37429/  720001 events ( 5.20%)
Processed   730000/  960000 entries, 76.04% (elapsed time   751.9s, curr speed    1.128 kHz, avg speed    0.971 kHz), accepted    37917/  730001 events ( 5.19%)
Processed   740000/  960000 entries, 77.08% (elapsed time   760.8s, curr speed    1.120 kHz, avg speed    0.973 kHz), accepted    38426/  740001 events ( 5.19%)
Processed   750000/  960000 entries, 78.12% (elapsed time   773.3s, curr speed    0.799 kHz, avg speed    0.970 kHz), accepted    38946/  750001 events ( 5.19%)
Processed   760000/  960000 entries, 79.17% (elapsed time   782.8s, curr speed    1.059 kHz, avg speed    0.971 kHz), accepted    39450/  760001 events ( 5.19%)
Processed   770000/  960000 entries, 80.21% (elapsed time   792.6s, curr speed    1.015 kHz, avg speed    0.971 kHz), accepted    39991/  770001 events ( 5.19%)
Processed   780000/  960000 entries, 81.25% (elapsed time   804.2s, curr speed    0.862 kHz, avg speed    0.970 kHz), accepted    40495/  780001 events ( 5.19%)
Processed   790000/  960000 entries, 82.29% (elapsed time   813.6s, curr speed    1.068 kHz, avg speed    0.971 kHz), accepted    41035/  790001 events ( 5.19%)
Processed   800000/  960000 entries, 83.33% (elapsed time   823.0s, curr speed    1.069 kHz, avg speed    0.972 kHz), accepted    41590/  800001 events ( 5.20%)
Processed   810000/  960000 entries, 84.38% (elapsed time   834.5s, curr speed    0.863 kHz, avg speed    0.971 kHz), accepted    42112/  810001 events ( 5.20%)
Processed   820000/  960000 entries, 85.42% (elapsed time   843.6s, curr speed    1.099 kHz, avg speed    0.972 kHz), accepted    42610/  820001 events ( 5.20%)
Processed   830000/  960000 entries, 86.46% (elapsed time   852.9s, curr speed    1.082 kHz, avg speed    0.973 kHz), accepted    43105/  830001 events ( 5.19%)
Processed   840000/  960000 entries, 87.50% (elapsed time   865.3s, curr speed    0.807 kHz, avg speed    0.971 kHz), accepted    43642/  840001 events ( 5.20%)
Processed   850000/  960000 entries, 88.54% (elapsed time   875.0s, curr speed    1.031 kHz, avg speed    0.971 kHz), accepted    44154/  850001 events ( 5.19%)
Processed   860000/  960000 entries, 89.58% (elapsed time   884.4s, curr speed    1.065 kHz, avg speed    0.972 kHz), accepted    44642/  860001 events ( 5.19%)
Processed   870000/  960000 entries, 90.62% (elapsed time   896.5s, curr speed    0.826 kHz, avg speed    0.970 kHz), accepted    45176/  870001 events ( 5.19%)
Processed   880000/  960000 entries, 91.67% (elapsed time   905.9s, curr speed    1.066 kHz, avg speed    0.971 kHz), accepted    45702/  880001 events ( 5.19%)
Processed   890000/  960000 entries, 92.71% (elapsed time   915.0s, curr speed    1.099 kHz, avg speed    0.973 kHz), accepted    46220/  890001 events ( 5.19%)
Processed   900000/  960000 entries, 93.75% (elapsed time   927.7s, curr speed    0.786 kHz, avg speed    0.970 kHz), accepted    46738/  900001 events ( 5.19%)
Processed   910000/  960000 entries, 94.79% (elapsed time   937.1s, curr speed    1.061 kHz, avg speed    0.971 kHz), accepted    47257/  910001 events ( 5.19%)
Processed   920000/  960000 entries, 95.83% (elapsed time   946.0s, curr speed    1.126 kHz, avg speed    0.973 kHz), accepted    47770/  920001 events ( 5.19%)
Processed   930000/  960000 entries, 96.88% (elapsed time   957.1s, curr speed    0.900 kHz, avg speed    0.972 kHz), accepted    48295/  930001 events ( 5.19%)
Processed   940000/  960000 entries, 97.92% (elapsed time   966.7s, curr speed    1.042 kHz, avg speed    0.972 kHz), accepted    48821/  940001 events ( 5.19%)
Processed   950000/  960000 entries, 98.96% (elapsed time   976.4s, curr speed    1.027 kHz, avg speed    0.973 kHz), accepted    49314/  950001 events ( 5.19%)
Processed 960000 preselected entries from root://cms-xrd-global.cern.ch//store/mc/RunIIFall17NanoAODv6/TTToSemiLeptonic_TuneCP5_13TeV-powheg-pythia8/NANOAODSIM/PU2017_12Apr2018_Nano25Oct2019_102X_mc2017_realistic_v7_ext1-v1/270000/1D2C9281-A0ED-C64C-8FD7-26778580C283.root (960000 entries). Finally selected 49837 entries
Pre-select 1536000 entries out of 1536000 (100.00%)
Processed    10000/ 1536000 entries,  0.65% (elapsed time    14.8s, curr speed    0.678 kHz, avg speed    0.678 kHz), accepted      545/   10001 events ( 5.45%)
Processed    20000/ 1536000 entries,  1.30% (elapsed time    24.6s, curr speed    1.014 kHz, avg speed    0.813 kHz), accepted     1061/   20001 events ( 5.30%)
Processed    30000/ 1536000 entries,  1.95% (elapsed time    36.6s, curr speed    0.831 kHz, avg speed    0.819 kHz), accepted     1577/   30001 events ( 5.26%)
Processed    40000/ 1536000 entries,  2.60% (elapsed time    46.0s, curr speed    1.073 kHz, avg speed    0.870 kHz), accepted     2093/   40001 events ( 5.23%)
Processed    50000/ 1536000 entries,  3.26% (elapsed time    54.8s, curr speed    1.132 kHz, avg speed    0.912 kHz), accepted     2596/   50001 events ( 5.19%)
Processed    60000/ 1536000 entries,  3.91% (elapsed time    65.6s, curr speed    0.923 kHz, avg speed    0.914 kHz), accepted     3133/   60001 events ( 5.22%)
Processed    70000/ 1536000 entries,  4.56% (elapsed time    74.6s, curr speed    1.120 kHz, avg speed    0.939 kHz), accepted     3632/   70001 events ( 5.19%)
Processed    80000/ 1536000 entries,  5.21% (elapsed time    83.2s, curr speed    1.159 kHz, avg speed    0.962 kHz), accepted     4138/   80001 events ( 5.17%)
Processed    90000/ 1536000 entries,  5.86% (elapsed time    95.2s, curr speed    0.830 kHz, avg speed    0.945 kHz), accepted     4662/   90001 events ( 5.18%)
Processed   100000/ 1536000 entries,  6.51% (elapsed time   103.9s, curr speed    1.151 kHz, avg speed    0.962 kHz), accepted     5190/  100001 events ( 5.19%)
Processed   110000/ 1536000 entries,  7.16% (elapsed time   113.7s, curr speed    1.025 kHz, avg speed    0.967 kHz), accepted     5732/  110001 events ( 5.21%)
Processed   120000/ 1536000 entries,  7.81% (elapsed time   124.7s, curr speed    0.911 kHz, avg speed    0.962 kHz), accepted     6230/  120001 events ( 5.19%)
Processed   130000/ 1536000 entries,  8.46% (elapsed time   133.1s, curr speed    1.189 kHz, avg speed    0.977 kHz), accepted     6723/  130001 events ( 5.17%)
Processed   140000/ 1536000 entries,  9.11% (elapsed time   142.1s, curr speed    1.108 kHz, avg speed    0.985 kHz), accepted     7190/  140001 events ( 5.14%)
Processed   150000/ 1536000 entries,  9.77% (elapsed time   153.4s, curr speed    0.886 kHz, avg speed    0.978 kHz), accepted     7707/  150001 events ( 5.14%)
Processed   160000/ 1536000 entries, 10.42% (elapsed time   162.8s, curr speed    1.066 kHz, avg speed    0.983 kHz), accepted     8214/  160001 events ( 5.13%)
Processed   170000/ 1536000 entries, 11.07% (elapsed time   172.0s, curr speed    1.091 kHz, avg speed    0.989 kHz), accepted     8723/  170001 events ( 5.13%)
Processed   180000/ 1536000 entries, 11.72% (elapsed time   183.5s, curr speed    0.865 kHz, avg speed    0.981 kHz), accepted     9228/  180001 events ( 5.13%)
Processed   190000/ 1536000 entries, 12.37% (elapsed time   192.3s, curr speed    1.140 kHz, avg speed    0.988 kHz), accepted     9747/  190001 events ( 5.13%)
Processed   200000/ 1536000 entries, 13.02% (elapsed time   201.2s, curr speed    1.126 kHz, avg speed    0.994 kHz), accepted    10257/  200001 events ( 5.13%)
Processed   210000/ 1536000 entries, 13.67% (elapsed time   212.0s, curr speed    0.924 kHz, avg speed    0.991 kHz), accepted    10782/  210001 events ( 5.13%)
Processed   220000/ 1536000 entries, 14.32% (elapsed time   220.6s, curr speed    1.157 kHz, avg speed    0.997 kHz), accepted    11320/  220001 events ( 5.15%)
Processed   230000/ 1536000 entries, 14.97% (elapsed time   229.6s, curr speed    1.113 kHz, avg speed    1.002 kHz), accepted    11847/  230001 events ( 5.15%)
Processed   240000/ 1536000 entries, 15.62% (elapsed time   240.3s, curr speed    0.938 kHz, avg speed    0.999 kHz), accepted    12344/  240001 events ( 5.14%)
Processed   250000/ 1536000 entries, 16.28% (elapsed time   250.1s, curr speed    1.020 kHz, avg speed    1.000 kHz), accepted    12910/  250001 events ( 5.16%)
Processed   260000/ 1536000 entries, 16.93% (elapsed time   259.3s, curr speed    1.082 kHz, avg speed    1.003 kHz), accepted    13410/  260001 events ( 5.16%)
Processed   270000/ 1536000 entries, 17.58% (elapsed time   271.1s, curr speed    0.851 kHz, avg speed    0.996 kHz), accepted    13962/  270001 events ( 5.17%)
Processed   280000/ 1536000 entries, 18.23% (elapsed time   279.6s, curr speed    1.172 kHz, avg speed    1.001 kHz), accepted    14491/  280001 events ( 5.18%)
Processed   290000/ 1536000 entries, 18.88% (elapsed time   288.6s, curr speed    1.109 kHz, avg speed    1.005 kHz), accepted    14984/  290001 events ( 5.17%)
Processed   300000/ 1536000 entries, 19.53% (elapsed time   299.4s, curr speed    0.928 kHz, avg speed    1.002 kHz), accepted    15489/  300001 events ( 5.16%)
Processed   310000/ 1536000 entries, 20.18% (elapsed time   308.3s, curr speed    1.120 kHz, avg speed    1.005 kHz), accepted    16012/  310001 events ( 5.17%)
Processed   320000/ 1536000 entries, 20.83% (elapsed time   317.6s, curr speed    1.074 kHz, avg speed    1.007 kHz), accepted    16554/  320001 events ( 5.17%)
Processed   330000/ 1536000 entries, 21.48% (elapsed time   328.8s, curr speed    0.899 kHz, avg speed    1.004 kHz), accepted    17068/  330001 events ( 5.17%)
Processed   340000/ 1536000 entries, 22.14% (elapsed time   337.3s, curr speed    1.165 kHz, avg speed    1.008 kHz), accepted    17588/  340001 events ( 5.17%)
Processed   350000/ 1536000 entries, 22.79% (elapsed time   346.1s, curr speed    1.145 kHz, avg speed    1.011 kHz), accepted    18109/  350001 events ( 5.17%)
Processed   360000/ 1536000 entries, 23.44% (elapsed time   357.0s, curr speed    0.915 kHz, avg speed    1.008 kHz), accepted    18629/  360001 events ( 5.17%)
Processed   370000/ 1536000 entries, 24.09% (elapsed time   365.7s, curr speed    1.146 kHz, avg speed    1.012 kHz), accepted    19140/  370001 events ( 5.17%)
Processed   380000/ 1536000 entries, 24.74% (elapsed time   377.9s, curr speed    0.824 kHz, avg speed    1.006 kHz), accepted    19645/  380001 events ( 5.17%)
Processed   390000/ 1536000 entries, 25.39% (elapsed time   387.5s, curr speed    1.034 kHz, avg speed    1.006 kHz), accepted    20164/  390001 events ( 5.17%)
Processed   400000/ 1536000 entries, 26.04% (elapsed time   396.1s, curr speed    1.168 kHz, avg speed    1.010 kHz), accepted    20650/  400001 events ( 5.16%)
Processed   410000/ 1536000 entries, 26.69% (elapsed time   407.9s, curr speed    0.850 kHz, avg speed    1.005 kHz), accepted    21194/  410001 events ( 5.17%)
Processed   420000/ 1536000 entries, 27.34% (elapsed time   416.7s, curr speed    1.133 kHz, avg speed    1.008 kHz), accepted    21729/  420001 events ( 5.17%)
Processed   430000/ 1536000 entries, 27.99% (elapsed time   425.8s, curr speed    1.095 kHz, avg speed    1.010 kHz), accepted    22250/  430001 events ( 5.17%)
Processed   440000/ 1536000 entries, 28.65% (elapsed time   437.1s, curr speed    0.883 kHz, avg speed    1.007 kHz), accepted    22743/  440001 events ( 5.17%)
Processed   450000/ 1536000 entries, 29.30% (elapsed time   446.4s, curr speed    1.085 kHz, avg speed    1.008 kHz), accepted    23266/  450001 events ( 5.17%)
Processed   460000/ 1536000 entries, 29.95% (elapsed time   455.8s, curr speed    1.055 kHz, avg speed    1.009 kHz), accepted    23747/  460001 events ( 5.16%)
Processed   470000/ 1536000 entries, 30.60% (elapsed time   467.4s, curr speed    0.865 kHz, avg speed    1.006 kHz), accepted    24281/  470001 events ( 5.17%)
Processed   480000/ 1536000 entries, 31.25% (elapsed time   476.1s, curr speed    1.154 kHz, avg speed    1.008 kHz), accepted    24797/  480001 events ( 5.17%)
Processed   490000/ 1536000 entries, 31.90% (elapsed time   485.0s, curr speed    1.119 kHz, avg speed    1.010 kHz), accepted    25300/  490001 events ( 5.16%)
Processed   500000/ 1536000 entries, 32.55% (elapsed time   496.7s, curr speed    0.857 kHz, avg speed    1.007 kHz), accepted    25814/  500001 events ( 5.16%)
Processed   510000/ 1536000 entries, 33.20% (elapsed time   505.5s, curr speed    1.131 kHz, avg speed    1.009 kHz), accepted    26325/  510001 events ( 5.16%)
Processed   520000/ 1536000 entries, 33.85% (elapsed time   514.4s, curr speed    1.130 kHz, avg speed    1.011 kHz), accepted    26842/  520001 events ( 5.16%)
Processed   530000/ 1536000 entries, 34.51% (elapsed time   525.6s, curr speed    0.888 kHz, avg speed    1.008 kHz), accepted    27357/  530001 events ( 5.16%)
Processed   540000/ 1536000 entries, 35.16% (elapsed time   534.8s, curr speed    1.095 kHz, avg speed    1.010 kHz), accepted    27878/  540001 events ( 5.16%)
Processed   550000/ 1536000 entries, 35.81% (elapsed time   543.5s, curr speed    1.138 kHz, avg speed    1.012 kHz), accepted    28422/  550001 events ( 5.17%)
Processed   560000/ 1536000 entries, 36.46% (elapsed time   554.5s, curr speed    0.910 kHz, avg speed    1.010 kHz), accepted    28919/  560001 events ( 5.16%)
Processed   570000/ 1536000 entries, 37.11% (elapsed time   563.7s, curr speed    1.095 kHz, avg speed    1.011 kHz), accepted    29435/  570001 events ( 5.16%)
Processed   580000/ 1536000 entries, 37.76% (elapsed time   572.3s, curr speed    1.163 kHz, avg speed    1.014 kHz), accepted    29919/  580001 events ( 5.16%)
Processed   590000/ 1536000 entries, 38.41% (elapsed time   583.2s, curr speed    0.915 kHz, avg speed    1.012 kHz), accepted    30446/  590001 events ( 5.16%)
Processed   600000/ 1536000 entries, 39.06% (elapsed time   592.5s, curr speed    1.079 kHz, avg speed    1.013 kHz), accepted    30963/  600001 events ( 5.16%)
Processed   610000/ 1536000 entries, 39.71% (elapsed time   601.4s, curr speed    1.124 kHz, avg speed    1.014 kHz), accepted    31462/  610001 events ( 5.16%)
Processed   620000/ 1536000 entries, 40.36% (elapsed time   612.8s, curr speed    0.873 kHz, avg speed    1.012 kHz), accepted    31996/  620001 events ( 5.16%)
Processed   630000/ 1536000 entries, 41.02% (elapsed time   621.4s, curr speed    1.163 kHz, avg speed    1.014 kHz), accepted    32529/  630001 events ( 5.16%)
Processed   640000/ 1536000 entries, 41.67% (elapsed time   629.9s, curr speed    1.178 kHz, avg speed    1.016 kHz), accepted    33031/  640001 events ( 5.16%)
Processed   650000/ 1536000 entries, 42.32% (elapsed time   641.0s, curr speed    0.897 kHz, avg speed    1.014 kHz), accepted    33531/  650001 events ( 5.16%)
Processed   660000/ 1536000 entries, 42.97% (elapsed time   649.7s, curr speed    1.152 kHz, avg speed    1.016 kHz), accepted    34043/  660001 events ( 5.16%)
Processed   670000/ 1536000 entries, 43.62% (elapsed time   658.4s, curr speed    1.155 kHz, avg speed    1.018 kHz), accepted    34538/  670001 events ( 5.15%)
Processed   680000/ 1536000 entries, 44.27% (elapsed time   669.1s, curr speed    0.932 kHz, avg speed    1.016 kHz), accepted    35055/  680001 events ( 5.16%)
Processed   690000/ 1536000 entries, 44.92% (elapsed time   677.8s, curr speed    1.151 kHz, avg speed    1.018 kHz), accepted    35565/  690001 events ( 5.15%)
Processed   700000/ 1536000 entries, 45.57% (elapsed time   686.4s, curr speed    1.164 kHz, avg speed    1.020 kHz), accepted    36042/  700001 events ( 5.15%)
Processed   710000/ 1536000 entries, 46.22% (elapsed time   697.6s, curr speed    0.895 kHz, avg speed    1.018 kHz), accepted    36578/  710001 events ( 5.15%)
Processed   720000/ 1536000 entries, 46.88% (elapsed time   706.2s, curr speed    1.155 kHz, avg speed    1.020 kHz), accepted    37065/  720001 events ( 5.15%)
Processed   730000/ 1536000 entries, 47.53% (elapsed time   715.7s, curr speed    1.054 kHz, avg speed    1.020 kHz), accepted    37563/  730001 events ( 5.15%)
Processed   740000/ 1536000 entries, 48.18% (elapsed time   726.2s, curr speed    0.953 kHz, avg speed    1.019 kHz), accepted    38126/  740001 events ( 5.15%)
Processed   750000/ 1536000 entries, 48.83% (elapsed time   734.9s, curr speed    1.148 kHz, avg speed    1.021 kHz), accepted    38664/  750001 events ( 5.16%)
Processed   760000/ 1536000 entries, 49.48% (elapsed time   747.4s, curr speed    0.799 kHz, avg speed    1.017 kHz), accepted    39187/  760001 events ( 5.16%)
Processed   770000/ 1536000 entries, 50.13% (elapsed time   755.8s, curr speed    1.197 kHz, avg speed    1.019 kHz), accepted    39668/  770001 events ( 5.15%)
Processed   780000/ 1536000 entries, 50.78% (elapsed time   765.0s, curr speed    1.086 kHz, avg speed    1.020 kHz), accepted    40158/  780001 events ( 5.15%)
Processed   790000/ 1536000 entries, 51.43% (elapsed time   776.5s, curr speed    0.867 kHz, avg speed    1.017 kHz), accepted    40624/  790001 events ( 5.14%)
Processed   800000/ 1536000 entries, 52.08% (elapsed time   784.8s, curr speed    1.200 kHz, avg speed    1.019 kHz), accepted    41128/  800001 events ( 5.14%)
Processed   810000/ 1536000 entries, 52.73% (elapsed time   794.2s, curr speed    1.071 kHz, avg speed    1.020 kHz), accepted    41633/  810001 events ( 5.14%)
Processed   820000/ 1536000 entries, 53.39% (elapsed time   805.6s, curr speed    0.876 kHz, avg speed    1.018 kHz), accepted    42147/  820001 events ( 5.14%)
Processed   830000/ 1536000 entries, 54.04% (elapsed time   814.4s, curr speed    1.132 kHz, avg speed    1.019 kHz), accepted    42711/  830001 events ( 5.15%)
Processed   840000/ 1536000 entries, 54.69% (elapsed time   823.4s, curr speed    1.110 kHz, avg speed    1.020 kHz), accepted    43237/  840001 events ( 5.15%)
Processed   850000/ 1536000 entries, 55.34% (elapsed time   835.3s, curr speed    0.841 kHz, avg speed    1.018 kHz), accepted    43738/  850001 events ( 5.15%)
Processed   860000/ 1536000 entries, 55.99% (elapsed time   844.2s, curr speed    1.123 kHz, avg speed    1.019 kHz), accepted    44232/  860001 events ( 5.14%)
Processed   870000/ 1536000 entries, 56.64% (elapsed time   853.0s, curr speed    1.147 kHz, avg speed    1.020 kHz), accepted    44783/  870001 events ( 5.15%)
Processed   880000/ 1536000 entries, 57.29% (elapsed time   864.4s, curr speed    0.874 kHz, avg speed    1.018 kHz), accepted    45290/  880001 events ( 5.15%)
Processed   890000/ 1536000 entries, 57.94% (elapsed time   873.5s, curr speed    1.097 kHz, avg speed    1.019 kHz), accepted    45788/  890001 events ( 5.14%)
Processed   900000/ 1536000 entries, 58.59% (elapsed time   882.4s, curr speed    1.120 kHz, avg speed    1.020 kHz), accepted    46299/  900001 events ( 5.14%)
Processed   910000/ 1536000 entries, 59.24% (elapsed time   894.0s, curr speed    0.863 kHz, avg speed    1.018 kHz), accepted    46832/  910001 events ( 5.15%)
Processed   920000/ 1536000 entries, 59.90% (elapsed time   902.6s, curr speed    1.171 kHz, avg speed    1.019 kHz), accepted    47372/  920001 events ( 5.15%)
Processed   930000/ 1536000 entries, 60.55% (elapsed time   911.2s, curr speed    1.159 kHz, avg speed    1.021 kHz), accepted    47855/  930001 events ( 5.15%)
Processed   940000/ 1536000 entries, 61.20% (elapsed time   922.3s, curr speed    0.898 kHz, avg speed    1.019 kHz), accepted    48405/  940001 events ( 5.15%)
Processed   950000/ 1536000 entries, 61.85% (elapsed time   932.3s, curr speed    1.008 kHz, avg speed    1.019 kHz), accepted    48938/  950001 events ( 5.15%)
Processed   960000/ 1536000 entries, 62.50% (elapsed time   941.4s, curr speed    1.091 kHz, avg speed    1.020 kHz), accepted    49424/  960001 events ( 5.15%)
Processed   970000/ 1536000 entries, 63.15% (elapsed time   953.1s, curr speed    0.855 kHz, avg speed    1.018 kHz), accepted    49931/  970001 events ( 5.15%)
Processed   980000/ 1536000 entries, 63.80% (elapsed time   962.3s, curr speed    1.087 kHz, avg speed    1.018 kHz), accepted    50452/  980001 events ( 5.15%)
Processed   990000/ 1536000 entries, 64.45% (elapsed time   971.5s, curr speed    1.086 kHz, avg speed    1.019 kHz), accepted    50997/  990001 events ( 5.15%)
Processed  1000000/ 1536000 entries, 65.10% (elapsed time   983.1s, curr speed    0.866 kHz, avg speed    1.017 kHz), accepted    51536/ 1000001 events ( 5.15%)
Processed  1010000/ 1536000 entries, 65.76% (elapsed time   992.6s, curr speed    1.050 kHz, avg speed    1.018 kHz), accepted    52061/ 1010001 events ( 5.15%)
Processed  1020000/ 1536000 entries, 66.41% (elapsed time  1001.8s, curr speed    1.086 kHz, avg speed    1.018 kHz), accepted    52569/ 1020001 events ( 5.15%)
Processed  1030000/ 1536000 entries, 67.06% (elapsed time  1013.8s, curr speed    0.834 kHz, avg speed    1.016 kHz), accepted    53045/ 1030001 events ( 5.15%)
Processed  1040000/ 1536000 entries, 67.71% (elapsed time  1023.2s, curr speed    1.060 kHz, avg speed    1.016 kHz), accepted    53588/ 1040001 events ( 5.15%)
Processed  1050000/ 1536000 entries, 68.36% (elapsed time  1032.8s, curr speed    1.039 kHz, avg speed    1.017 kHz), accepted    54124/ 1050001 events ( 5.15%)
Processed  1060000/ 1536000 entries, 69.01% (elapsed time  1045.1s, curr speed    0.817 kHz, avg speed    1.014 kHz), accepted    54638/ 1060001 events ( 5.15%)
Processed  1070000/ 1536000 entries, 69.66% (elapsed time  1054.7s, curr speed    1.039 kHz, avg speed    1.015 kHz), accepted    55153/ 1070001 events ( 5.15%)
Processed  1080000/ 1536000 entries, 70.31% (elapsed time  1065.0s, curr speed    0.974 kHz, avg speed    1.014 kHz), accepted    55652/ 1080001 events ( 5.15%)
Processed  1090000/ 1536000 entries, 70.96% (elapsed time  1076.4s, curr speed    0.875 kHz, avg speed    1.013 kHz), accepted    56159/ 1090001 events ( 5.15%)
Processed  1100000/ 1536000 entries, 71.61% (elapsed time  1087.4s, curr speed    0.911 kHz, avg speed    1.012 kHz), accepted    56646/ 1100001 events ( 5.15%)
Processed  1110000/ 1536000 entries, 72.27% (elapsed time  1099.0s, curr speed    0.862 kHz, avg speed    1.010 kHz), accepted    57181/ 1110001 events ( 5.15%)
Processed  1120000/ 1536000 entries, 72.92% (elapsed time  1109.3s, curr speed    0.971 kHz, avg speed    1.010 kHz), accepted    57636/ 1120001 events ( 5.15%)
Processed  1130000/ 1536000 entries, 73.57% (elapsed time  1119.2s, curr speed    1.006 kHz, avg speed    1.010 kHz), accepted    58139/ 1130001 events ( 5.15%)
Processed  1140000/ 1536000 entries, 74.22% (elapsed time  1131.7s, curr speed    0.802 kHz, avg speed    1.007 kHz), accepted    58689/ 1140001 events ( 5.15%)
Processed  1150000/ 1536000 entries, 74.87% (elapsed time  1141.0s, curr speed    1.077 kHz, avg speed    1.008 kHz), accepted    59169/ 1150001 events ( 5.15%)
Processed  1160000/ 1536000 entries, 75.52% (elapsed time  1150.1s, curr speed    1.100 kHz, avg speed    1.009 kHz), accepted    59695/ 1160001 events ( 5.15%)
Processed  1170000/ 1536000 entries, 76.17% (elapsed time  1162.1s, curr speed    0.830 kHz, avg speed    1.007 kHz), accepted    60210/ 1170001 events ( 5.15%)
Processed  1180000/ 1536000 entries, 76.82% (elapsed time  1171.3s, curr speed    1.091 kHz, avg speed    1.007 kHz), accepted    60708/ 1180001 events ( 5.14%)
Processed  1190000/ 1536000 entries, 77.47% (elapsed time  1180.8s, curr speed    1.044 kHz, avg speed    1.008 kHz), accepted    61248/ 1190001 events ( 5.15%)
Processed  1200000/ 1536000 entries, 78.12% (elapsed time  1192.8s, curr speed    0.839 kHz, avg speed    1.006 kHz), accepted    61802/ 1200001 events ( 5.15%)
Processed  1210000/ 1536000 entries, 78.78% (elapsed time  1201.4s, curr speed    1.159 kHz, avg speed    1.007 kHz), accepted    62343/ 1210001 events ( 5.15%)
Processed  1220000/ 1536000 entries, 79.43% (elapsed time  1210.6s, curr speed    1.087 kHz, avg speed    1.008 kHz), accepted    62850/ 1220001 events ( 5.15%)
Processed  1230000/ 1536000 entries, 80.08% (elapsed time  1222.4s, curr speed    0.850 kHz, avg speed    1.006 kHz), accepted    63366/ 1230001 events ( 5.15%)
Processed  1240000/ 1536000 entries, 80.73% (elapsed time  1232.3s, curr speed    1.011 kHz, avg speed    1.006 kHz), accepted    63901/ 1240001 events ( 5.15%)
Processed  1250000/ 1536000 entries, 81.38% (elapsed time  1242.2s, curr speed    1.000 kHz, avg speed    1.006 kHz), accepted    64448/ 1250001 events ( 5.16%)
Processed  1260000/ 1536000 entries, 82.03% (elapsed time  1255.4s, curr speed    0.761 kHz, avg speed    1.004 kHz), accepted    64995/ 1260001 events ( 5.16%)
Processed  1270000/ 1536000 entries, 82.68% (elapsed time  1264.8s, curr speed    1.067 kHz, avg speed    1.004 kHz), accepted    65488/ 1270001 events ( 5.16%)
Processed  1280000/ 1536000 entries, 83.33% (elapsed time  1274.4s, curr speed    1.039 kHz, avg speed    1.004 kHz), accepted    66007/ 1280001 events ( 5.16%)
Processed  1290000/ 1536000 entries, 83.98% (elapsed time  1287.1s, curr speed    0.787 kHz, avg speed    1.002 kHz), accepted    66533/ 1290001 events ( 5.16%)
Processed  1300000/ 1536000 entries, 84.64% (elapsed time  1297.2s, curr speed    0.987 kHz, avg speed    1.002 kHz), accepted    67067/ 1300001 events ( 5.16%)
Processed  1310000/ 1536000 entries, 85.29% (elapsed time  1306.9s, curr speed    1.032 kHz, avg speed    1.002 kHz), accepted    67592/ 1310001 events ( 5.16%)
Processed  1320000/ 1536000 entries, 85.94% (elapsed time  1318.8s, curr speed    0.840 kHz, avg speed    1.001 kHz), accepted    68069/ 1320001 events ( 5.16%)
Processed  1330000/ 1536000 entries, 86.59% (elapsed time  1327.7s, curr speed    1.127 kHz, avg speed    1.002 kHz), accepted    68634/ 1330001 events ( 5.16%)
Processed  1340000/ 1536000 entries, 87.24% (elapsed time  1337.3s, curr speed    1.041 kHz, avg speed    1.002 kHz), accepted    69102/ 1340001 events ( 5.16%)
Processed  1350000/ 1536000 entries, 87.89% (elapsed time  1347.9s, curr speed    0.944 kHz, avg speed    1.002 kHz), accepted    69616/ 1350001 events ( 5.16%)
Processed  1360000/ 1536000 entries, 88.54% (elapsed time  1356.6s, curr speed    1.152 kHz, avg speed    1.003 kHz), accepted    70148/ 1360001 events ( 5.16%)
Processed  1370000/ 1536000 entries, 89.19% (elapsed time  1366.0s, curr speed    1.057 kHz, avg speed    1.003 kHz), accepted    70664/ 1370001 events ( 5.16%)
Processed  1380000/ 1536000 entries, 89.84% (elapsed time  1378.0s, curr speed    0.837 kHz, avg speed    1.001 kHz), accepted    71180/ 1380001 events ( 5.16%)
Processed  1390000/ 1536000 entries, 90.49% (elapsed time  1387.2s, curr speed    1.085 kHz, avg speed    1.002 kHz), accepted    71689/ 1390001 events ( 5.16%)
Processed  1400000/ 1536000 entries, 91.15% (elapsed time  1397.6s, curr speed    0.959 kHz, avg speed    1.002 kHz), accepted    72212/ 1400001 events ( 5.16%)
Processed  1410000/ 1536000 entries, 91.80% (elapsed time  1408.3s, curr speed    0.933 kHz, avg speed    1.001 kHz), accepted    72713/ 1410001 events ( 5.16%)
Processed  1420000/ 1536000 entries, 92.45% (elapsed time  1418.3s, curr speed    1.002 kHz, avg speed    1.001 kHz), accepted    73264/ 1420001 events ( 5.16%)
Processed  1430000/ 1536000 entries, 93.10% (elapsed time  1427.7s, curr speed    1.069 kHz, avg speed    1.002 kHz), accepted    73795/ 1430001 events ( 5.16%)
Processed  1440000/ 1536000 entries, 93.75% (elapsed time  1439.8s, curr speed    0.827 kHz, avg speed    1.000 kHz), accepted    74275/ 1440001 events ( 5.16%)
Processed  1450000/ 1536000 entries, 94.40% (elapsed time  1449.2s, curr speed    1.055 kHz, avg speed    1.001 kHz), accepted    74789/ 1450001 events ( 5.16%)
Processed  1460000/ 1536000 entries, 95.05% (elapsed time  1462.1s, curr speed    0.775 kHz, avg speed    0.999 kHz), accepted    75271/ 1460001 events ( 5.16%)
Processed  1470000/ 1536000 entries, 95.70% (elapsed time  1471.5s, curr speed    1.071 kHz, avg speed    0.999 kHz), accepted    75778/ 1470001 events ( 5.15%)
Processed  1480000/ 1536000 entries, 96.35% (elapsed time  1480.1s, curr speed    1.159 kHz, avg speed    1.000 kHz), accepted    76324/ 1480001 events ( 5.16%)
Processed  1490000/ 1536000 entries, 97.01% (elapsed time  1491.6s, curr speed    0.869 kHz, avg speed    0.999 kHz), accepted    76867/ 1490001 events ( 5.16%)
Processed  1500000/ 1536000 entries, 97.66% (elapsed time  1499.7s, curr speed    1.242 kHz, avg speed    1.000 kHz), accepted    77362/ 1500001 events ( 5.16%)
Processed  1510000/ 1536000 entries, 98.31% (elapsed time  1509.6s, curr speed    1.003 kHz, avg speed    1.000 kHz), accepted    77895/ 1510001 events ( 5.16%)
Processed  1520000/ 1536000 entries, 98.96% (elapsed time  1521.4s, curr speed    0.848 kHz, avg speed    0.999 kHz), accepted    78419/ 1520001 events ( 5.16%)
Processed  1530000/ 1536000 entries, 99.61% (elapsed time  1530.8s, curr speed    1.061 kHz, avg speed    0.999 kHz), accepted    78902/ 1530001 events ( 5.16%)
Processed 1536000 preselected entries from root://cms-xrd-global.cern.ch//store/mc/RunIIFall17NanoAODv6/TTToSemiLeptonic_TuneCP5_13TeV-powheg-pythia8/NANOAODSIM/PU2017_12Apr2018_Nano25Oct2019_102X_mc2017_realistic_v7_ext1-v1/270000/1F82FA9D-0BE8-9C47-8A3D-5D88DEE85FC2.root (1536000 entries). Finally selected 79201 entries
Pre-select 1056000 entries out of 1056000 (100.00%)
Processed    10000/ 1056000 entries,  0.95% (elapsed time    15.3s, curr speed    0.655 kHz, avg speed    0.655 kHz), accepted      506/   10001 events ( 5.06%)
Processed    20000/ 1056000 entries,  1.89% (elapsed time    25.1s, curr speed    1.020 kHz, avg speed    0.798 kHz), accepted     1065/   20001 events ( 5.32%)
Processed    30000/ 1056000 entries,  2.84% (elapsed time    34.1s, curr speed    1.104 kHz, avg speed    0.879 kHz), accepted     1606/   30001 events ( 5.35%)
Processed    40000/ 1056000 entries,  3.79% (elapsed time    45.7s, curr speed    0.862 kHz, avg speed    0.875 kHz), accepted     2098/   40001 events ( 5.24%)
Processed    50000/ 1056000 entries,  4.73% (elapsed time    55.3s, curr speed    1.043 kHz, avg speed    0.904 kHz), accepted     2658/   50001 events ( 5.32%)
Processed    60000/ 1056000 entries,  5.68% (elapsed time    64.6s, curr speed    1.078 kHz, avg speed    0.929 kHz), accepted     3177/   60001 events ( 5.29%)
Processed    70000/ 1056000 entries,  6.63% (elapsed time    75.2s, curr speed    0.946 kHz, avg speed    0.931 kHz), accepted     3677/   70001 events ( 5.25%)
Processed    80000/ 1056000 entries,  7.58% (elapsed time    83.7s, curr speed    1.166 kHz, avg speed    0.955 kHz), accepted     4224/   80001 events ( 5.28%)
Processed    90000/ 1056000 entries,  8.52% (elapsed time    94.1s, curr speed    0.964 kHz, avg speed    0.956 kHz), accepted     4757/   90001 events ( 5.29%)
Processed   100000/ 1056000 entries,  9.47% (elapsed time   105.2s, curr speed    0.904 kHz, avg speed    0.951 kHz), accepted     5235/  100001 events ( 5.23%)
Processed   110000/ 1056000 entries, 10.42% (elapsed time   113.6s, curr speed    1.190 kHz, avg speed    0.969 kHz), accepted     5769/  110001 events ( 5.24%)
Processed   120000/ 1056000 entries, 11.36% (elapsed time   122.9s, curr speed    1.069 kHz, avg speed    0.976 kHz), accepted     6272/  120001 events ( 5.23%)
Processed   130000/ 1056000 entries, 12.31% (elapsed time   133.8s, curr speed    0.916 kHz, avg speed    0.971 kHz), accepted     6792/  130001 events ( 5.22%)
Processed   140000/ 1056000 entries, 13.26% (elapsed time   142.8s, curr speed    1.111 kHz, avg speed    0.980 kHz), accepted     7292/  140001 events ( 5.21%)
Processed   150000/ 1056000 entries, 14.20% (elapsed time   152.0s, curr speed    1.090 kHz, avg speed    0.987 kHz), accepted     7782/  150001 events ( 5.19%)
Processed   160000/ 1056000 entries, 15.15% (elapsed time   163.4s, curr speed    0.878 kHz, avg speed    0.979 kHz), accepted     8351/  160001 events ( 5.22%)
Processed   170000/ 1056000 entries, 16.10% (elapsed time   172.5s, curr speed    1.093 kHz, avg speed    0.985 kHz), accepted     8928/  170001 events ( 5.25%)
Processed   180000/ 1056000 entries, 17.05% (elapsed time   181.9s, curr speed    1.073 kHz, avg speed    0.990 kHz), accepted     9445/  180001 events ( 5.25%)
Processed   190000/ 1056000 entries, 17.99% (elapsed time   193.1s, curr speed    0.887 kHz, avg speed    0.984 kHz), accepted    10019/  190001 events ( 5.27%)
Processed   200000/ 1056000 entries, 18.94% (elapsed time   202.2s, curr speed    1.105 kHz, avg speed    0.989 kHz), accepted    10535/  200001 events ( 5.27%)
Processed   210000/ 1056000 entries, 19.89% (elapsed time   210.9s, curr speed    1.153 kHz, avg speed    0.996 kHz), accepted    11040/  210001 events ( 5.26%)
Processed   220000/ 1056000 entries, 20.83% (elapsed time   221.1s, curr speed    0.980 kHz, avg speed    0.995 kHz), accepted    11561/  220001 events ( 5.25%)
Processed   230000/ 1056000 entries, 21.78% (elapsed time   229.6s, curr speed    1.170 kHz, avg speed    1.002 kHz), accepted    12121/  230001 events ( 5.27%)
Processed   240000/ 1056000 entries, 22.73% (elapsed time   239.9s, curr speed    0.976 kHz, avg speed    1.001 kHz), accepted    12617/  240001 events ( 5.26%)
Processed   250000/ 1056000 entries, 23.67% (elapsed time   251.2s, curr speed    0.880 kHz, avg speed    0.995 kHz), accepted    13119/  250001 events ( 5.25%)
Processed   260000/ 1056000 entries, 24.62% (elapsed time   259.7s, curr speed    1.185 kHz, avg speed    1.001 kHz), accepted    13639/  260001 events ( 5.25%)
Processed   270000/ 1056000 entries, 25.57% (elapsed time   269.3s, curr speed    1.043 kHz, avg speed    1.003 kHz), accepted    14153/  270001 events ( 5.24%)
Processed   280000/ 1056000 entries, 26.52% (elapsed time   279.8s, curr speed    0.945 kHz, avg speed    1.001 kHz), accepted    14663/  280001 events ( 5.24%)
Processed   290000/ 1056000 entries, 27.46% (elapsed time   289.3s, curr speed    1.055 kHz, avg speed    1.002 kHz), accepted    15207/  290001 events ( 5.24%)
Processed   300000/ 1056000 entries, 28.41% (elapsed time   298.3s, curr speed    1.111 kHz, avg speed    1.006 kHz), accepted    15726/  300001 events ( 5.24%)
Processed   310000/ 1056000 entries, 29.36% (elapsed time   309.4s, curr speed    0.903 kHz, avg speed    1.002 kHz), accepted    16251/  310001 events ( 5.24%)
Processed   320000/ 1056000 entries, 30.30% (elapsed time   317.4s, curr speed    1.242 kHz, avg speed    1.008 kHz), accepted    16761/  320001 events ( 5.24%)
Processed   330000/ 1056000 entries, 31.25% (elapsed time   325.8s, curr speed    1.195 kHz, avg speed    1.013 kHz), accepted    17267/  330001 events ( 5.23%)
Processed   340000/ 1056000 entries, 32.20% (elapsed time   336.3s, curr speed    0.955 kHz, avg speed    1.011 kHz), accepted    17778/  340001 events ( 5.23%)
Processed   350000/ 1056000 entries, 33.14% (elapsed time   344.9s, curr speed    1.158 kHz, avg speed    1.015 kHz), accepted    18313/  350001 events ( 5.23%)
Processed   360000/ 1056000 entries, 34.09% (elapsed time   353.9s, curr speed    1.109 kHz, avg speed    1.017 kHz), accepted    18830/  360001 events ( 5.23%)
Processed   370000/ 1056000 entries, 35.04% (elapsed time   364.6s, curr speed    0.941 kHz, avg speed    1.015 kHz), accepted    19339/  370001 events ( 5.23%)
Processed   380000/ 1056000 entries, 35.98% (elapsed time   373.4s, curr speed    1.128 kHz, avg speed    1.018 kHz), accepted    19865/  380001 events ( 5.23%)
Processed   390000/ 1056000 entries, 36.93% (elapsed time   382.7s, curr speed    1.073 kHz, avg speed    1.019 kHz), accepted    20368/  390001 events ( 5.22%)
Processed   400000/ 1056000 entries, 37.88% (elapsed time   394.1s, curr speed    0.882 kHz, avg speed    1.015 kHz), accepted    20901/  400001 events ( 5.23%)
Processed   410000/ 1056000 entries, 38.83% (elapsed time   403.1s, curr speed    1.114 kHz, avg speed    1.017 kHz), accepted    21382/  410001 events ( 5.22%)
Processed   420000/ 1056000 entries, 39.77% (elapsed time   411.8s, curr speed    1.141 kHz, avg speed    1.020 kHz), accepted    21869/  420001 events ( 5.21%)
Processed   430000/ 1056000 entries, 40.72% (elapsed time   423.6s, curr speed    0.846 kHz, avg speed    1.015 kHz), accepted    22358/  430001 events ( 5.20%)
Processed   440000/ 1056000 entries, 41.67% (elapsed time   432.1s, curr speed    1.178 kHz, avg speed    1.018 kHz), accepted    22870/  440001 events ( 5.20%)
Processed   450000/ 1056000 entries, 42.61% (elapsed time   442.4s, curr speed    0.978 kHz, avg speed    1.017 kHz), accepted    23363/  450001 events ( 5.19%)
Processed   460000/ 1056000 entries, 43.56% (elapsed time   454.3s, curr speed    0.836 kHz, avg speed    1.012 kHz), accepted    23838/  460001 events ( 5.18%)
Processed   470000/ 1056000 entries, 44.51% (elapsed time   464.1s, curr speed    1.026 kHz, avg speed    1.013 kHz), accepted    24373/  470001 events ( 5.19%)
Processed   480000/ 1056000 entries, 45.45% (elapsed time   472.6s, curr speed    1.170 kHz, avg speed    1.016 kHz), accepted    24905/  480001 events ( 5.19%)
Processed   490000/ 1056000 entries, 46.40% (elapsed time   484.6s, curr speed    0.835 kHz, avg speed    1.011 kHz), accepted    25473/  490001 events ( 5.20%)
Processed   500000/ 1056000 entries, 47.35% (elapsed time   493.5s, curr speed    1.125 kHz, avg speed    1.013 kHz), accepted    26020/  500001 events ( 5.20%)
Processed   510000/ 1056000 entries, 48.30% (elapsed time   504.0s, curr speed    0.955 kHz, avg speed    1.012 kHz), accepted    26544/  510001 events ( 5.20%)
Processed   520000/ 1056000 entries, 49.24% (elapsed time   515.1s, curr speed    0.902 kHz, avg speed    1.010 kHz), accepted    27043/  520001 events ( 5.20%)
Processed   530000/ 1056000 entries, 50.19% (elapsed time   523.9s, curr speed    1.127 kHz, avg speed    1.012 kHz), accepted    27559/  530001 events ( 5.20%)
Processed   540000/ 1056000 entries, 51.14% (elapsed time   532.9s, curr speed    1.117 kHz, avg speed    1.013 kHz), accepted    28092/  540001 events ( 5.20%)
Processed   550000/ 1056000 entries, 52.08% (elapsed time   544.4s, curr speed    0.869 kHz, avg speed    1.010 kHz), accepted    28590/  550001 events ( 5.20%)
Processed   560000/ 1056000 entries, 53.03% (elapsed time   553.5s, curr speed    1.093 kHz, avg speed    1.012 kHz), accepted    29096/  560001 events ( 5.20%)
Processed   570000/ 1056000 entries, 53.98% (elapsed time   562.8s, curr speed    1.085 kHz, avg speed    1.013 kHz), accepted    29637/  570001 events ( 5.20%)
Processed   580000/ 1056000 entries, 54.92% (elapsed time   573.4s, curr speed    0.940 kHz, avg speed    1.012 kHz), accepted    30163/  580001 events ( 5.20%)
Processed   590000/ 1056000 entries, 55.87% (elapsed time   582.9s, curr speed    1.054 kHz, avg speed    1.012 kHz), accepted    30688/  590001 events ( 5.20%)
Processed   600000/ 1056000 entries, 56.82% (elapsed time   592.6s, curr speed    1.035 kHz, avg speed    1.013 kHz), accepted    31217/  600001 events ( 5.20%)
Processed   610000/ 1056000 entries, 57.77% (elapsed time   602.7s, curr speed    0.981 kHz, avg speed    1.012 kHz), accepted    31722/  610001 events ( 5.20%)
Processed   620000/ 1056000 entries, 58.71% (elapsed time   611.7s, curr speed    1.116 kHz, avg speed    1.014 kHz), accepted    32200/  620001 events ( 5.19%)
Processed   630000/ 1056000 entries, 59.66% (elapsed time   620.8s, curr speed    1.104 kHz, avg speed    1.015 kHz), accepted    32701/  630001 events ( 5.19%)
Processed   640000/ 1056000 entries, 60.61% (elapsed time   632.0s, curr speed    0.887 kHz, avg speed    1.013 kHz), accepted    33177/  640001 events ( 5.18%)
Processed   650000/ 1056000 entries, 61.55% (elapsed time   640.7s, curr speed    1.160 kHz, avg speed    1.015 kHz), accepted    33722/  650001 events ( 5.19%)
Processed   660000/ 1056000 entries, 62.50% (elapsed time   649.6s, curr speed    1.119 kHz, avg speed    1.016 kHz), accepted    34236/  660001 events ( 5.19%)
Processed   670000/ 1056000 entries, 63.45% (elapsed time   660.5s, curr speed    0.917 kHz, avg speed    1.014 kHz), accepted    34764/  670001 events ( 5.19%)
Processed   680000/ 1056000 entries, 64.39% (elapsed time   670.2s, curr speed    1.029 kHz, avg speed    1.015 kHz), accepted    35316/  680001 events ( 5.19%)
Processed   690000/ 1056000 entries, 65.34% (elapsed time   678.9s, curr speed    1.156 kHz, avg speed    1.016 kHz), accepted    35811/  690001 events ( 5.19%)
Processed   700000/ 1056000 entries, 66.29% (elapsed time   689.7s, curr speed    0.921 kHz, avg speed    1.015 kHz), accepted    36332/  700001 events ( 5.19%)
Processed   710000/ 1056000 entries, 67.23% (elapsed time   698.5s, curr speed    1.135 kHz, avg speed    1.016 kHz), accepted    36845/  710001 events ( 5.19%)
Processed   720000/ 1056000 entries, 68.18% (elapsed time   707.1s, curr speed    1.166 kHz, avg speed    1.018 kHz), accepted    37333/  720001 events ( 5.19%)
Processed   730000/ 1056000 entries, 69.13% (elapsed time   717.7s, curr speed    0.946 kHz, avg speed    1.017 kHz), accepted    37837/  730001 events ( 5.18%)
Processed   740000/ 1056000 entries, 70.08% (elapsed time   727.3s, curr speed    1.041 kHz, avg speed    1.017 kHz), accepted    38327/  740001 events ( 5.18%)
Processed   750000/ 1056000 entries, 71.02% (elapsed time   736.7s, curr speed    1.060 kHz, avg speed    1.018 kHz), accepted    38842/  750001 events ( 5.18%)
Processed   760000/ 1056000 entries, 71.97% (elapsed time   747.6s, curr speed    0.922 kHz, avg speed    1.017 kHz), accepted    39365/  760001 events ( 5.18%)
Processed   770000/ 1056000 entries, 72.92% (elapsed time   755.9s, curr speed    1.207 kHz, avg speed    1.019 kHz), accepted    39870/  770001 events ( 5.18%)
Processed   780000/ 1056000 entries, 73.86% (elapsed time   765.3s, curr speed    1.059 kHz, avg speed    1.019 kHz), accepted    40418/  780001 events ( 5.18%)
Processed   790000/ 1056000 entries, 74.81% (elapsed time   776.2s, curr speed    0.917 kHz, avg speed    1.018 kHz), accepted    40937/  790001 events ( 5.18%)
Processed   800000/ 1056000 entries, 75.76% (elapsed time   785.0s, curr speed    1.133 kHz, avg speed    1.019 kHz), accepted    41440/  800001 events ( 5.18%)
Processed   810000/ 1056000 entries, 76.70% (elapsed time   793.9s, curr speed    1.126 kHz, avg speed    1.020 kHz), accepted    41919/  810001 events ( 5.18%)
Processed   820000/ 1056000 entries, 77.65% (elapsed time   805.1s, curr speed    0.896 kHz, avg speed    1.019 kHz), accepted    42431/  820001 events ( 5.17%)
Processed   830000/ 1056000 entries, 78.60% (elapsed time   814.1s, curr speed    1.107 kHz, avg speed    1.020 kHz), accepted    42934/  830001 events ( 5.17%)
Processed   840000/ 1056000 entries, 79.55% (elapsed time   823.7s, curr speed    1.036 kHz, avg speed    1.020 kHz), accepted    43422/  840001 events ( 5.17%)
Processed   850000/ 1056000 entries, 80.49% (elapsed time   834.6s, curr speed    0.925 kHz, avg speed    1.019 kHz), accepted    43922/  850001 events ( 5.17%)
Processed   860000/ 1056000 entries, 81.44% (elapsed time   843.9s, curr speed    1.069 kHz, avg speed    1.019 kHz), accepted    44444/  860001 events ( 5.17%)
Processed   870000/ 1056000 entries, 82.39% (elapsed time   852.7s, curr speed    1.141 kHz, avg speed    1.020 kHz), accepted    44964/  870001 events ( 5.17%)
Processed   880000/ 1056000 entries, 83.33% (elapsed time   863.9s, curr speed    0.892 kHz, avg speed    1.019 kHz), accepted    45462/  880001 events ( 5.17%)
Processed   890000/ 1056000 entries, 84.28% (elapsed time   872.9s, curr speed    1.114 kHz, avg speed    1.020 kHz), accepted    45938/  890001 events ( 5.16%)
Processed   900000/ 1056000 entries, 85.23% (elapsed time   881.7s, curr speed    1.137 kHz, avg speed    1.021 kHz), accepted    46407/  900001 events ( 5.16%)
Processed   910000/ 1056000 entries, 86.17% (elapsed time   893.5s, curr speed    0.841 kHz, avg speed    1.018 kHz), accepted    46946/  910001 events ( 5.16%)
Processed   920000/ 1056000 entries, 87.12% (elapsed time   903.5s, curr speed    1.006 kHz, avg speed    1.018 kHz), accepted    47454/  920001 events ( 5.16%)
Processed   930000/ 1056000 entries, 88.07% (elapsed time   913.9s, curr speed    0.957 kHz, avg speed    1.018 kHz), accepted    47978/  930001 events ( 5.16%)
Processed   940000/ 1056000 entries, 89.02% (elapsed time   926.5s, curr speed    0.798 kHz, avg speed    1.015 kHz), accepted    48520/  940001 events ( 5.16%)
Processed   950000/ 1056000 entries, 89.96% (elapsed time   935.5s, curr speed    1.103 kHz, avg speed    1.015 kHz), accepted    49032/  950001 events ( 5.16%)
Processed   960000/ 1056000 entries, 90.91% (elapsed time   944.6s, curr speed    1.106 kHz, avg speed    1.016 kHz), accepted    49543/  960001 events ( 5.16%)
Processed   970000/ 1056000 entries, 91.86% (elapsed time   955.5s, curr speed    0.913 kHz, avg speed    1.015 kHz), accepted    50063/  970001 events ( 5.16%)
Processed   980000/ 1056000 entries, 92.80% (elapsed time   965.4s, curr speed    1.012 kHz, avg speed    1.015 kHz), accepted    50554/  980001 events ( 5.16%)
Processed   990000/ 1056000 entries, 93.75% (elapsed time   974.9s, curr speed    1.053 kHz, avg speed    1.015 kHz), accepted    51048/  990001 events ( 5.16%)
Processed  1000000/ 1056000 entries, 94.70% (elapsed time   986.3s, curr speed    0.882 kHz, avg speed    1.014 kHz), accepted    51541/ 1000001 events ( 5.15%)
Processed  1010000/ 1056000 entries, 95.64% (elapsed time   996.4s, curr speed    0.983 kHz, avg speed    1.014 kHz), accepted    52056/ 1010001 events ( 5.15%)
Processed  1020000/ 1056000 entries, 96.59% (elapsed time  1006.3s, curr speed    1.017 kHz, avg speed    1.014 kHz), accepted    52576/ 1020001 events ( 5.15%)
Processed  1030000/ 1056000 entries, 97.54% (elapsed time  1018.1s, curr speed    0.844 kHz, avg speed    1.012 kHz), accepted    53059/ 1030001 events ( 5.15%)
Processed  1040000/ 1056000 entries, 98.48% (elapsed time  1027.6s, curr speed    1.057 kHz, avg speed    1.012 kHz), accepted    53547/ 1040001 events ( 5.15%)
Processed  1050000/ 1056000 entries, 99.43% (elapsed time  1037.0s, curr speed    1.066 kHz, avg speed    1.013 kHz), accepted    54057/ 1050001 events ( 5.15%)
Processed 1056000 preselected entries from root://cms-xrd-global.cern.ch//store/mc/RunIIFall17NanoAODv6/TTToSemiLeptonic_TuneCP5_13TeV-powheg-pythia8/NANOAODSIM/PU2017_12Apr2018_Nano25Oct2019_102X_mc2017_realistic_v7_ext1-v1/270000/2328154A-8CA6-E44C-AFF4-DA53FE0E08F9.root (1056000 entries). Finally selected 54390 entries
Total time 5427.7 sec. to process 5376000 events. Rate = 990.5 Hz.
>>> cwd          = /pool/condor/dir_9407
>>> ls           = ['.chirp.config', 'x509_voms', '.machine.ad', 'lvigilan.cc', '_condor_stdout', 'var', 'tmp', 'condor_exec.exe', 'pico_etau_etau_14.root', '.job.ad', '.update.ad']
>>> getstorage('/eos/home-l/lvigilan/output_ETauFR/2017/etau/TTToSemiLeptonic'), <EOS("/eos/home-l/lvigilan/output_ETauFR/2017/etau/TTToSemiLeptonic") at 0x2abd92730390>
>>> Executing: 'cp ./pico_etau_etau_14.root /eos/home-l/lvigilan/output_ETauFR/2017/etau/TTToSemiLeptonic'
>>> Removing './pico_etau_etau_14.root'...
>>> picojob.py done after 5545.3 seconds

Job complete at Sun Feb  7 23:22:27 CET 2021
Took 92 minutes 33 seconds040 (1885088.014.000) 02/07 23:22:27 Finished transferring output files
...
005 (1885088.014.000) 02/07 23:22:27 Job terminated.
	(1) Normal termination (return value 0)
		Usr 0 00:28:39, Sys 0 00:01:01  -  Run Remote Usage
		Usr 0 00:00:00, Sys 0 00:00:00  -  Run Local Usage
		Usr 0 00:28:39, Sys 0 00:01:01  -  Total Remote Usage
		Usr 0 00:00:00, Sys 0 00:00:00  -  Total Local Usage
	101385  -  Run Bytes Sent By Job
	9877  -  Run Bytes Received By Job
	101385  -  Total Bytes Sent By Job
	9877  -  Total Bytes Received By Job
	Partitionable Resources :    Usage  Request Allocated 
	   Cpus                 :     0.34        1         1 
	   Disk (KB)            :   167           1    247568 
	   Memory (MB)          :   429        2000      2000 

	Job terminated of its own accord at 2021-02-07T22:22:27Z.
...
