Could not find platform independent libraries <prefix>
Could not find platform dependent libraries <exec_prefix>
Consider setting $PYTHONHOME to <prefix>[:<exec_prefix>]
ImportError: No module named site
Job start at Mon Dec  7 23:00:20 CET 2020
Running job on machine Linux b7g24n0247.cern.ch 3.10.0-957.1.3.el7.x86_64 #1 SMP Thu Nov 29 14:49:43 UTC 2018 x86_64 x86_64 x86_64 GNU/Linux, host b7g24n0247.cern.ch
============================================================
$PWD=/pool/condor/dir_1332
$JOBID=1595088
$TASKID=6
$HOSTNAME=b7g24n0247.cern.ch
$TASKCMD=/afs/cern.ch/work/l/lvigilan/TauWork/CMSSW_10_6_17_patch1/src/TauFW/PicoProducer/python/processors/picojob.py -y 2017 -d 'mc' -c etau -M ModuleETau --copydir /eos/home-l/lvigilan/output_2017ReReco18/2017/etau/TTToHadronic -t _etau_6 --opt 'jec=False' 'toppt=True' -i root://cms-xrd-global.cern.ch//store/mc/RunIIFall17NanoAODv6/TTToHadronic_TuneCP5_13TeV-powheg-pythia8/NANOAODSIM/PU2017_12Apr2018_Nano25Oct2019_new_pmx_102X_mc2017_realistic_v7-v2/30000/F74EA8B7-F5A2-DC46-9328-7CF64C57649A.root root://cms-xrd-global.cern.ch//store/mc/RunIIFall17NanoAODv6/TTToHadronic_TuneCP5_13TeV-powheg-pythia8/NANOAODSIM/PU2017_12Apr2018_Nano25Oct2019_new_pmx_102X_mc2017_realistic_v7-v2/30000/FB2D330C-DF61-CC4C-82EB-724DF11D46EC.root root://cms-xrd-global.cern.ch//store/mc/RunIIFall17NanoAODv6/TTToHadronic_TuneCP5_13TeV-powheg-pythia8/NANOAODSIM/PU2017_12Apr2018_Nano25Oct2019_new_pmx_102X_mc2017_realistic_v7-v2/60000/0F628758-10E6-694C-9566-8706BBAD4E70.root root://cms-xrd-global.cern.ch//store/mc/RunIIFall17NanoAODv6/TTToHadronic_TuneCP5_13TeV-powheg-pythia8/NANOAODSIM/PU2017_12Apr2018_Nano25Oct2019_new_pmx_102X_mc2017_realistic_v7-v2/60000/10D201EC-6909-4245-BE3F-361371070BBC.root root://cms-xrd-global.cern.ch//store/mc/RunIIFall17NanoAODv6/TTToHadronic_TuneCP5_13TeV-powheg-pythia8/NANOAODSIM/PU2017_12Apr2018_Nano25Oct2019_new_pmx_102X_mc2017_realistic_v7-v2/60000/1C0C8FC9-6353-684D-9F62-4C9F1677B6AC.root
$WORKDIR=/pool/condor/dir_1332
>>> cd /afs/cern.ch/work/l/lvigilan/TauWork/CMSSW_10_6_17_patch1/src
>>> eval `scramv1 runtime -sh`
>>> cd /pool/condor/dir_1332
$PWD=/pool/condor/dir_1332
>>> /afs/cern.ch/work/l/lvigilan/TauWork/CMSSW_10_6_17_patch1/src/TauFW/PicoProducer/python/processors/picojob.py -y 2017 -d 'mc' -c etau -M ModuleETau --copydir /eos/home-l/lvigilan/output_2017ReReco18/2017/etau/TTToHadronic -t _etau_6 --opt 'jec=False' 'toppt=True' -i root://cms-xrd-global.cern.ch//store/mc/RunIIFall17NanoAODv6/TTToHadronic_TuneCP5_13TeV-powheg-pythia8/NANOAODSIM/PU2017_12Apr2018_Nano25Oct2019_new_pmx_102X_mc2017_realistic_v7-v2/30000/F74EA8B7-F5A2-DC46-9328-7CF64C57649A.root root://cms-xrd-global.cern.ch//store/mc/RunIIFall17NanoAODv6/TTToHadronic_TuneCP5_13TeV-powheg-pythia8/NANOAODSIM/PU2017_12Apr2018_Nano25Oct2019_new_pmx_102X_mc2017_realistic_v7-v2/30000/FB2D330C-DF61-CC4C-82EB-724DF11D46EC.root root://cms-xrd-global.cern.ch//store/mc/RunIIFall17NanoAODv6/TTToHadronic_TuneCP5_13TeV-powheg-pythia8/NANOAODSIM/PU2017_12Apr2018_Nano25Oct2019_new_pmx_102X_mc2017_realistic_v7-v2/60000/0F628758-10E6-694C-9566-8706BBAD4E70.root root://cms-xrd-global.cern.ch//store/mc/RunIIFall17NanoAODv6/TTToHadronic_TuneCP5_13TeV-powheg-pythia8/NANOAODSIM/PU2017_12Apr2018_Nano25Oct2019_new_pmx_102X_mc2017_realistic_v7-v2/60000/10D201EC-6909-4245-BE3F-361371070BBC.root root://cms-xrd-global.cern.ch//store/mc/RunIIFall17NanoAODv6/TTToHadronic_TuneCP5_13TeV-powheg-pythia8/NANOAODSIM/PU2017_12Apr2018_Nano25Oct2019_new_pmx_102X_mc2017_realistic_v7-v2/60000/1C0C8FC9-6353-684D-9F62-4C9F1677B6AC.root
Error in <TGClient::TGClient>: can't open display "localhost:31.0", switching to batch mode...
 In case you run from a remote ssh session, reconnect with ssh -Y
--------------------------------------------------------------------------------
>>> era          = '2017'
>>> year         = 2017
>>> channel      = 'etau'
>>> modname      = 'ModuleETau'
>>> dtype        = 'mc'
>>> kwargs       = {'dtype': 'mc', 'toppt': True, 'jec': False, 'verb': 0, 'era': '2017', 'year': 2017}
>>> maxevts      = None
>>> outdir       = '.'
>>> copydir      = '/eos/home-l/lvigilan/output_2017ReReco18/2017/etau/TTToHadronic'
>>> infiles      = ['root://cms-xrd-global.cern.ch//store/mc/RunIIFall17NanoAODv6/TTToHadronic_TuneCP5_13TeV-powheg-pythia8/NANOAODSIM/PU2017_12Apr2018_Nano25Oct2019_new_pmx_102X_mc2017_realistic_v7-v2/30000/F74EA8B7-F5A2-DC46-9328-7CF64C57649A.root', 'root://cms-xrd-global.cern.ch//store/mc/RunIIFall17NanoAODv6/TTToHadronic_TuneCP5_13TeV-powheg-pythia8/NANOAODSIM/PU2017_12Apr2018_Nano25Oct2019_new_pmx_102X_mc2017_realistic_v7-v2/30000/FB2D330C-DF61-CC4C-82EB-724DF11D46EC.root', 'root://cms-xrd-global.cern.ch//store/mc/RunIIFall17NanoAODv6/TTToHadronic_TuneCP5_13TeV-powheg-pythia8/NANOAODSIM/PU2017_12Apr2018_Nano25Oct2019_new_pmx_102X_mc2017_realistic_v7-v2/60000/0F628758-10E6-694C-9566-8706BBAD4E70.root', 'root://cms-xrd-global.cern.ch//store/mc/RunIIFall17NanoAODv6/TTToHadronic_TuneCP5_13TeV-powheg-pythia8/NANOAODSIM/PU2017_12Apr2018_Nano25Oct2019_new_pmx_102X_mc2017_realistic_v7-v2/60000/10D201EC-6909-4245-BE3F-361371070BBC.root', 'root://cms-xrd-global.cern.ch//store/mc/RunIIFall17NanoAODv6/TTToHadronic_TuneCP5_13TeV-powheg-pythia8/NANOAODSIM/PU2017_12Apr2018_Nano25Oct2019_new_pmx_102X_mc2017_realistic_v7-v2/60000/1C0C8FC9-6353-684D-9F62-4C9F1677B6AC.root']
>>> outfname     = './pico_etau_etau_6.root'
>>> branchsel    = '/afs/cern.ch/work/l/lvigilan/TauWork/CMSSW_10_6_17_patch1/python/TauFW/PicoProducer/processors/keep_and_drop_skim.txt'
>>> json         = None
>>> prefetch     = False
>>> cwd          = /pool/condor/dir_1332
--------------------------------------------------------------------------------

   ################
   #  ModuleETau  #
   ################

Loading PileupWeightTool for '/afs/cern.ch/work/l/lvigilan/TauWork/CMSSW_10_6_17_patch1/src/TauFW/PicoProducer/data/pileup/Data_PileUp_2017_69p2.root' and '/afs/cern.ch/work/l/lvigilan/TauWork/CMSSW_10_6_17_patch1/src/TauFW/PicoProducer/data/pileup/MC_PileUp_2017_Winter17_V2_new_pmx.root'
Loading BTagWeightTool for DeepCSV (medium WP)...
>>> BTagTool: [1m[33mWarning! [0m[33mHistogram 'etau/eff_DeepCSV_udsg_medium' does not exist in /afs/cern.ch/work/l/lvigilan/TauWork/CMSSW_10_6_17_patch1/src/TauFW/PicoProducer/data/btag/DeepCSV_2017_12Apr2017_eff.root! Reverting to default efficiency histogram...[0m
>>> BTagTool: [1m[33mWarning! [0m[33mHistogram 'etau/eff_DeepCSV_c_medium' does not exist in /afs/cern.ch/work/l/lvigilan/TauWork/CMSSW_10_6_17_patch1/src/TauFW/PicoProducer/data/btag/DeepCSV_2017_12Apr2017_eff.root! Reverting to default efficiency histogram...[0m
>>> BTagTool: [1m[33mWarning! [0m[33mHistogram 'etau/eff_DeepCSV_b_medium' does not exist in /afs/cern.ch/work/l/lvigilan/TauWork/CMSSW_10_6_17_patch1/src/TauFW/PicoProducer/data/btag/DeepCSV_2017_12Apr2017_eff.root! Reverting to default efficiency histogram...[0m
>>> BTagTool: [1m[33mWarning! [0m[33mMade use of default efficiency histograms! The b tag weights from this module should be regarded as placeholders only,
and should NOT be used for analyses. B (mis)tag efficiencies in MC are analysis dependent. Please create your own
efficiency histogram with data/btag/getBTagEfficiencies.py after running all MC samples with BTagWeightTool.[0m
Loading TreeProducerETau for './pico_etau_etau_6.root'
--------------------------------------------------------------------------------
>>> filename     = './pico_etau_etau_6.root'
>>> year         = 2017
>>> dtype        = 'mc'
>>> channel      = 'etau'
>>> ismc         = True
>>> isdata       = False
>>> isembed      = False
>>> tes          = None
>>> tessys       = None
>>> ltf          = 1.0
>>> jtf          = 1.0
>>> dotoppt      = True
>>> dozpt        = False
>>> dojec        = False
>>> dojecsys     = False
>>> dotight      = False
>>> jetCutPt     = 30
>>> bjetCutEta   = 2.7
>>> tauwp        = 0
>>> eleCutPt     = 36
>>> eleCutEta    = 2.1
>>> tauCutPt     = 20
>>> tauCutEta    = 2.3
Pre-select 37432 entries out of 37432 (100.00%)
Processed    10000/   37432 entries, 26.72% (elapsed time     2.0s, curr speed    4.914 kHz, avg speed    4.914 kHz), accepted        0/   10001 events ( 0.00%)
Processed    20000/   37432 entries, 53.43% (elapsed time     3.0s, curr speed   10.368 kHz, avg speed    6.668 kHz), accepted        0/   20001 events ( 0.00%)
Processed    30000/   37432 entries, 80.15% (elapsed time     3.8s, curr speed   12.513 kHz, avg speed    7.897 kHz), accepted        0/   30001 events ( 0.00%)
Processed 37432 preselected entries from root://cms-xrd-global.cern.ch//store/mc/RunIIFall17NanoAODv6/TTToHadronic_TuneCP5_13TeV-powheg-pythia8/NANOAODSIM/PU2017_12Apr2018_Nano25Oct2019_new_pmx_102X_mc2017_realistic_v7-v2/30000/F74EA8B7-F5A2-DC46-9328-7CF64C57649A.root (37432 entries). Finally selected 0 entries
Pre-select 287312 entries out of 287312 (100.00%)
Processed    10000/  287312 entries,  3.48% (elapsed time     1.3s, curr speed    7.752 kHz, avg speed    7.752 kHz), accepted        0/   10001 events ( 0.00%)
Processed    20000/  287312 entries,  6.96% (elapsed time     2.1s, curr speed   12.035 kHz, avg speed    9.430 kHz), accepted        0/   20001 events ( 0.00%)
Processed    30000/  287312 entries, 10.44% (elapsed time     3.1s, curr speed   10.091 kHz, avg speed    9.640 kHz), accepted        0/   30001 events ( 0.00%)
Processed    40000/  287312 entries, 13.92% (elapsed time     4.3s, curr speed    8.333 kHz, avg speed    9.277 kHz), accepted        0/   40001 events ( 0.00%)
Processed    50000/  287312 entries, 17.40% (elapsed time     5.1s, curr speed   13.547 kHz, avg speed    9.901 kHz), accepted        0/   50001 events ( 0.00%)
Processed    60000/  287312 entries, 20.88% (elapsed time     6.1s, curr speed    9.767 kHz, avg speed    9.878 kHz), accepted        0/   60001 events ( 0.00%)
Processed    70000/  287312 entries, 24.36% (elapsed time     7.4s, curr speed    7.580 kHz, avg speed    9.468 kHz), accepted        0/   70001 events ( 0.00%)
Processed    80000/  287312 entries, 27.84% (elapsed time     8.7s, curr speed    7.704 kHz, avg speed    9.205 kHz), accepted        0/   80001 events ( 0.00%)
Processed    90000/  287312 entries, 31.32% (elapsed time     9.9s, curr speed    8.006 kHz, avg speed    9.054 kHz), accepted        0/   90001 events ( 0.00%)
Processed   100000/  287312 entries, 34.81% (elapsed time    13.1s, curr speed    3.189 kHz, avg speed    7.648 kHz), accepted        1/  100001 events ( 0.00%)
Processed   110000/  287312 entries, 38.29% (elapsed time    14.5s, curr speed    7.225 kHz, avg speed    7.607 kHz), accepted        1/  110001 events ( 0.00%)
Processed   120000/  287312 entries, 41.77% (elapsed time    15.2s, curr speed   12.734 kHz, avg speed    7.871 kHz), accepted        1/  120001 events ( 0.00%)
Processed   130000/  287312 entries, 45.25% (elapsed time    16.3s, curr speed    9.451 kHz, avg speed    7.974 kHz), accepted        1/  130001 events ( 0.00%)
Processed   140000/  287312 entries, 48.73% (elapsed time    17.6s, curr speed    7.701 kHz, avg speed    7.954 kHz), accepted        1/  140001 events ( 0.00%)
Processed   150000/  287312 entries, 52.21% (elapsed time    18.5s, curr speed   11.109 kHz, avg speed    8.107 kHz), accepted        1/  150001 events ( 0.00%)
Processed   160000/  287312 entries, 55.69% (elapsed time    19.9s, curr speed    6.968 kHz, avg speed    8.025 kHz), accepted        1/  160001 events ( 0.00%)
Processed   170000/  287312 entries, 59.17% (elapsed time    21.1s, curr speed    8.857 kHz, avg speed    8.070 kHz), accepted        1/  170001 events ( 0.00%)
Processed   180000/  287312 entries, 62.65% (elapsed time    22.0s, curr speed   10.900 kHz, avg speed    8.188 kHz), accepted        1/  180001 events ( 0.00%)
Processed   190000/  287312 entries, 66.13% (elapsed time    22.5s, curr speed   21.042 kHz, avg speed    8.460 kHz), accepted        1/  190001 events ( 0.00%)
Processed   200000/  287312 entries, 69.61% (elapsed time    24.9s, curr speed    4.124 kHz, avg speed    8.038 kHz), accepted        2/  200001 events ( 0.00%)
Processed   210000/  287312 entries, 73.09% (elapsed time    26.0s, curr speed    8.842 kHz, avg speed    8.072 kHz), accepted        2/  210001 events ( 0.00%)
Processed   220000/  287312 entries, 76.57% (elapsed time    27.0s, curr speed   10.153 kHz, avg speed    8.148 kHz), accepted        2/  220001 events ( 0.00%)
Processed   230000/  287312 entries, 80.05% (elapsed time    28.1s, curr speed    8.708 kHz, avg speed    8.171 kHz), accepted        2/  230001 events ( 0.00%)
Processed   240000/  287312 entries, 83.53% (elapsed time    29.3s, curr speed    8.605 kHz, avg speed    8.188 kHz), accepted        2/  240001 events ( 0.00%)
Processed   250000/  287312 entries, 87.01% (elapsed time    31.2s, curr speed    5.189 kHz, avg speed    8.003 kHz), accepted        2/  250001 events ( 0.00%)
Processed   260000/  287312 entries, 90.49% (elapsed time    32.3s, curr speed    9.367 kHz, avg speed    8.048 kHz), accepted        2/  260001 events ( 0.00%)
Processed   270000/  287312 entries, 93.97% (elapsed time    33.7s, curr speed    6.927 kHz, avg speed    8.000 kHz), accepted        2/  270001 events ( 0.00%)
Processed   280000/  287312 entries, 97.46% (elapsed time    35.5s, curr speed    5.698 kHz, avg speed    7.887 kHz), accepted        2/  280001 events ( 0.00%)
Processed 287312 preselected entries from root://cms-xrd-global.cern.ch//store/mc/RunIIFall17NanoAODv6/TTToHadronic_TuneCP5_13TeV-powheg-pythia8/NANOAODSIM/PU2017_12Apr2018_Nano25Oct2019_new_pmx_102X_mc2017_realistic_v7-v2/30000/FB2D330C-DF61-CC4C-82EB-724DF11D46EC.root (287312 entries). Finally selected 2 entries
Pre-select 264216 entries out of 264216 (100.00%)
Processed    10000/  264216 entries,  3.78% (elapsed time     1.8s, curr speed    5.701 kHz, avg speed    5.701 kHz), accepted        0/   10001 events ( 0.00%)
Processed    20000/  264216 entries,  7.57% (elapsed time     3.0s, curr speed    8.136 kHz, avg speed    6.704 kHz), accepted        0/   20001 events ( 0.00%)
Processed    30000/  264216 entries, 11.35% (elapsed time     4.4s, curr speed    7.291 kHz, avg speed    6.889 kHz), accepted        0/   30001 events ( 0.00%)
Processed    40000/  264216 entries, 15.14% (elapsed time     5.8s, curr speed    6.847 kHz, avg speed    6.878 kHz), accepted        0/   40001 events ( 0.00%)
Processed    50000/  264216 entries, 18.92% (elapsed time     7.2s, curr speed    7.020 kHz, avg speed    6.906 kHz), accepted        0/   50001 events ( 0.00%)
Processed    60000/  264216 entries, 22.71% (elapsed time     8.2s, curr speed    9.995 kHz, avg speed    7.281 kHz), accepted        0/   60001 events ( 0.00%)
Processed    70000/  264216 entries, 26.49% (elapsed time    10.1s, curr speed    5.480 kHz, avg speed    6.955 kHz), accepted        0/   70001 events ( 0.00%)
Processed    80000/  264216 entries, 30.28% (elapsed time    10.8s, curr speed   12.911 kHz, avg speed    7.380 kHz), accepted        0/   80001 events ( 0.00%)
Processed    90000/  264216 entries, 34.06% (elapsed time    11.8s, curr speed   10.270 kHz, avg speed    7.619 kHz), accepted        0/   90001 events ( 0.00%)
Processed   100000/  264216 entries, 37.85% (elapsed time    12.9s, curr speed    9.099 kHz, avg speed    7.745 kHz), accepted        0/  100001 events ( 0.00%)
Processed   110000/  264216 entries, 41.63% (elapsed time    14.5s, curr speed    6.294 kHz, avg speed    7.586 kHz), accepted        0/  110001 events ( 0.00%)
Processed   120000/  264216 entries, 45.42% (elapsed time    15.9s, curr speed    6.982 kHz, avg speed    7.531 kHz), accepted        0/  120001 events ( 0.00%)
Processed   130000/  264216 entries, 49.20% (elapsed time    17.2s, curr speed    8.188 kHz, avg speed    7.578 kHz), accepted        0/  130001 events ( 0.00%)
Processed   140000/  264216 entries, 52.99% (elapsed time    17.9s, curr speed   14.065 kHz, avg speed    7.836 kHz), accepted        0/  140001 events ( 0.00%)
Processed   150000/  264216 entries, 56.77% (elapsed time    19.0s, curr speed    8.683 kHz, avg speed    7.888 kHz), accepted        0/  150001 events ( 0.00%)
Processed   160000/  264216 entries, 60.56% (elapsed time    20.0s, curr speed    9.764 kHz, avg speed    7.983 kHz), accepted        0/  160001 events ( 0.00%)
Processed   170000/  264216 entries, 64.34% (elapsed time    21.4s, curr speed    7.474 kHz, avg speed    7.952 kHz), accepted        0/  170001 events ( 0.00%)
Processed   180000/  264216 entries, 68.13% (elapsed time    22.4s, curr speed   10.231 kHz, avg speed    8.051 kHz), accepted        0/  180001 events ( 0.00%)
Processed   190000/  264216 entries, 71.91% (elapsed time    23.8s, curr speed    6.747 kHz, avg speed    7.970 kHz), accepted        0/  190001 events ( 0.00%)
Processed   200000/  264216 entries, 75.70% (elapsed time    25.2s, curr speed    7.620 kHz, avg speed    7.952 kHz), accepted        0/  200001 events ( 0.00%)
Processed   210000/  264216 entries, 79.48% (elapsed time    26.9s, curr speed    5.630 kHz, avg speed    7.799 kHz), accepted        0/  210001 events ( 0.00%)
Processed   220000/  264216 entries, 83.27% (elapsed time    27.9s, curr speed   10.708 kHz, avg speed    7.896 kHz), accepted        0/  220001 events ( 0.00%)
Processed   230000/  264216 entries, 87.05% (elapsed time    29.0s, curr speed    8.999 kHz, avg speed    7.938 kHz), accepted        0/  230001 events ( 0.00%)
Processed   240000/  264216 entries, 90.83% (elapsed time    30.9s, curr speed    5.319 kHz, avg speed    7.779 kHz), accepted        0/  240001 events ( 0.00%)
Processed   250000/  264216 entries, 94.62% (elapsed time    31.6s, curr speed   12.624 kHz, avg speed    7.900 kHz), accepted        0/  250001 events ( 0.00%)
Processed   260000/  264216 entries, 98.40% (elapsed time    33.1s, curr speed    6.765 kHz, avg speed    7.849 kHz), accepted        0/  260001 events ( 0.00%)
Processed 264216 preselected entries from root://cms-xrd-global.cern.ch//store/mc/RunIIFall17NanoAODv6/TTToHadronic_TuneCP5_13TeV-powheg-pythia8/NANOAODSIM/PU2017_12Apr2018_Nano25Oct2019_new_pmx_102X_mc2017_realistic_v7-v2/60000/0F628758-10E6-694C-9566-8706BBAD4E70.root (264216 entries). Finally selected 0 entries
Pre-select 838032 entries out of 838032 (100.00%)
Processed    10000/  838032 entries,  1.19% (elapsed time     1.4s, curr speed    6.905 kHz, avg speed    6.905 kHz), accepted        0/   10001 events ( 0.00%)
Processed    20000/  838032 entries,  2.39% (elapsed time     4.4s, curr speed    3.442 kHz, avg speed    4.594 kHz), accepted        1/   20001 events ( 0.00%)
Processed    30000/  838032 entries,  3.58% (elapsed time     5.3s, curr speed   10.272 kHz, avg speed    5.632 kHz), accepted        1/   30001 events ( 0.00%)
Processed    40000/  838032 entries,  4.77% (elapsed time     6.5s, curr speed    8.354 kHz, avg speed    6.131 kHz), accepted        1/   40001 events ( 0.00%)
Processed    50000/  838032 entries,  5.97% (elapsed time     7.7s, curr speed    8.757 kHz, avg speed    6.522 kHz), accepted        1/   50001 events ( 0.00%)
Processed    60000/  838032 entries,  7.16% (elapsed time     8.9s, curr speed    8.259 kHz, avg speed    6.759 kHz), accepted        1/   60001 events ( 0.00%)
Processed    70000/  838032 entries,  8.35% (elapsed time    10.0s, curr speed    8.892 kHz, avg speed    6.999 kHz), accepted        1/   70001 events ( 0.00%)
Processed    80000/  838032 entries,  9.55% (elapsed time    11.5s, curr speed    6.800 kHz, avg speed    6.974 kHz), accepted        1/   80001 events ( 0.00%)
Processed    90000/  838032 entries, 10.74% (elapsed time    12.6s, curr speed    8.683 kHz, avg speed    7.130 kHz), accepted        1/   90001 events ( 0.00%)
Processed   100000/  838032 entries, 11.93% (elapsed time    13.8s, curr speed    8.615 kHz, avg speed    7.255 kHz), accepted        1/  100001 events ( 0.00%)
Processed   110000/  838032 entries, 13.13% (elapsed time    15.1s, curr speed    7.536 kHz, avg speed    7.279 kHz), accepted        1/  110001 events ( 0.00%)
Processed   120000/  838032 entries, 14.32% (elapsed time    16.4s, curr speed    7.582 kHz, avg speed    7.304 kHz), accepted        1/  120001 events ( 0.00%)
Processed   130000/  838032 entries, 15.51% (elapsed time    17.3s, curr speed   10.950 kHz, avg speed    7.496 kHz), accepted        1/  130001 events ( 0.00%)
Processed   140000/  838032 entries, 16.71% (elapsed time    18.3s, curr speed   10.757 kHz, avg speed    7.662 kHz), accepted        1/  140001 events ( 0.00%)
Processed   150000/  838032 entries, 17.90% (elapsed time    20.5s, curr speed    4.549 kHz, avg speed    7.327 kHz), accepted        2/  150001 events ( 0.00%)
Processed   160000/  838032 entries, 19.09% (elapsed time    21.6s, curr speed    8.822 kHz, avg speed    7.406 kHz), accepted        2/  160001 events ( 0.00%)
Processed   170000/  838032 entries, 20.29% (elapsed time    23.3s, curr speed    5.795 kHz, avg speed    7.287 kHz), accepted        2/  170001 events ( 0.00%)
Processed   180000/  838032 entries, 21.48% (elapsed time    24.3s, curr speed   10.106 kHz, avg speed    7.401 kHz), accepted        2/  180001 events ( 0.00%)
Processed   190000/  838032 entries, 22.67% (elapsed time    25.6s, curr speed    7.550 kHz, avg speed    7.409 kHz), accepted        2/  190001 events ( 0.00%)
Processed   200000/  838032 entries, 23.87% (elapsed time    27.5s, curr speed    5.369 kHz, avg speed    7.271 kHz), accepted        2/  200001 events ( 0.00%)
Processed   210000/  838032 entries, 25.06% (elapsed time    29.1s, curr speed    6.120 kHz, avg speed    7.206 kHz), accepted        2/  210001 events ( 0.00%)
Processed   220000/  838032 entries, 26.25% (elapsed time    30.3s, curr speed    8.592 kHz, avg speed    7.259 kHz), accepted        2/  220001 events ( 0.00%)
Processed   230000/  838032 entries, 27.45% (elapsed time    31.4s, curr speed    9.380 kHz, avg speed    7.332 kHz), accepted        2/  230001 events ( 0.00%)
Processed   240000/  838032 entries, 28.64% (elapsed time    32.7s, curr speed    7.581 kHz, avg speed    7.342 kHz), accepted        2/  240001 events ( 0.00%)
Processed   250000/  838032 entries, 29.83% (elapsed time    33.4s, curr speed   13.393 kHz, avg speed    7.477 kHz), accepted        2/  250001 events ( 0.00%)
Processed   260000/  838032 entries, 31.03% (elapsed time    34.9s, curr speed    6.883 kHz, avg speed    7.452 kHz), accepted        2/  260001 events ( 0.00%)
Processed   270000/  838032 entries, 32.22% (elapsed time    36.0s, curr speed    8.752 kHz, avg speed    7.493 kHz), accepted        2/  270001 events ( 0.00%)
Processed   280000/  838032 entries, 33.41% (elapsed time    37.2s, curr speed    8.309 kHz, avg speed    7.520 kHz), accepted        2/  280001 events ( 0.00%)
Processed   290000/  838032 entries, 34.60% (elapsed time    38.0s, curr speed   12.936 kHz, avg speed    7.630 kHz), accepted        2/  290001 events ( 0.00%)
Processed   300000/  838032 entries, 35.80% (elapsed time    39.3s, curr speed    7.459 kHz, avg speed    7.624 kHz), accepted        2/  300001 events ( 0.00%)
Processed   310000/  838032 entries, 36.99% (elapsed time    40.4s, curr speed    9.959 kHz, avg speed    7.682 kHz), accepted        2/  310001 events ( 0.00%)
Processed   320000/  838032 entries, 38.18% (elapsed time    41.9s, curr speed    6.366 kHz, avg speed    7.633 kHz), accepted        2/  320001 events ( 0.00%)
Processed   330000/  838032 entries, 39.38% (elapsed time    42.7s, curr speed   13.468 kHz, avg speed    7.734 kHz), accepted        2/  330001 events ( 0.00%)
Processed   340000/  838032 entries, 40.57% (elapsed time    44.1s, curr speed    7.201 kHz, avg speed    7.717 kHz), accepted        2/  340001 events ( 0.00%)
Processed   350000/  838032 entries, 41.76% (elapsed time    44.9s, curr speed   11.790 kHz, avg speed    7.794 kHz), accepted        2/  350001 events ( 0.00%)
Processed   360000/  838032 entries, 42.96% (elapsed time    46.0s, curr speed    8.959 kHz, avg speed    7.823 kHz), accepted        2/  360001 events ( 0.00%)
Processed   370000/  838032 entries, 44.15% (elapsed time    47.2s, curr speed    8.421 kHz, avg speed    7.838 kHz), accepted        2/  370001 events ( 0.00%)
Processed   380000/  838032 entries, 45.34% (elapsed time    48.0s, curr speed   13.032 kHz, avg speed    7.921 kHz), accepted        2/  380001 events ( 0.00%)
Processed   390000/  838032 entries, 46.54% (elapsed time    48.7s, curr speed   12.957 kHz, avg speed    8.001 kHz), accepted        2/  390001 events ( 0.00%)
Processed   400000/  838032 entries, 47.73% (elapsed time    49.5s, curr speed   13.890 kHz, avg speed    8.086 kHz), accepted        2/  400001 events ( 0.00%)
Processed   410000/  838032 entries, 48.92% (elapsed time    50.4s, curr speed   10.742 kHz, avg speed    8.135 kHz), accepted        2/  410001 events ( 0.00%)
Processed   420000/  838032 entries, 50.12% (elapsed time    51.6s, curr speed    8.110 kHz, avg speed    8.135 kHz), accepted        2/  420001 events ( 0.00%)
Processed   430000/  838032 entries, 51.31% (elapsed time    53.9s, curr speed    4.451 kHz, avg speed    7.981 kHz), accepted        3/  430001 events ( 0.00%)
Processed   440000/  838032 entries, 52.50% (elapsed time    55.3s, curr speed    7.170 kHz, avg speed    7.961 kHz), accepted        3/  440001 events ( 0.00%)
Processed   450000/  838032 entries, 53.70% (elapsed time    57.0s, curr speed    5.734 kHz, avg speed    7.892 kHz), accepted        3/  450001 events ( 0.00%)
Processed   460000/  838032 entries, 54.89% (elapsed time    57.7s, curr speed   14.161 kHz, avg speed    7.969 kHz), accepted        3/  460001 events ( 0.00%)
Processed   470000/  838032 entries, 56.08% (elapsed time    59.2s, curr speed    6.769 kHz, avg speed    7.939 kHz), accepted        3/  470001 events ( 0.00%)
Processed   480000/  838032 entries, 57.28% (elapsed time    61.2s, curr speed    4.998 kHz, avg speed    7.843 kHz), accepted        4/  480001 events ( 0.00%)
Processed   490000/  838032 entries, 58.47% (elapsed time    62.3s, curr speed    9.192 kHz, avg speed    7.867 kHz), accepted        4/  490001 events ( 0.00%)
Processed   500000/  838032 entries, 59.66% (elapsed time    65.0s, curr speed    3.657 kHz, avg speed    7.690 kHz), accepted        5/  500001 events ( 0.00%)
Processed   510000/  838032 entries, 60.86% (elapsed time    66.2s, curr speed    8.247 kHz, avg speed    7.700 kHz), accepted        5/  510001 events ( 0.00%)
Processed   520000/  838032 entries, 62.05% (elapsed time    67.1s, curr speed   11.566 kHz, avg speed    7.750 kHz), accepted        5/  520001 events ( 0.00%)
Processed   530000/  838032 entries, 63.24% (elapsed time    68.0s, curr speed   10.799 kHz, avg speed    7.791 kHz), accepted        5/  530001 events ( 0.00%)
Processed   540000/  838032 entries, 64.44% (elapsed time    68.9s, curr speed   11.366 kHz, avg speed    7.837 kHz), accepted        5/  540001 events ( 0.00%)
Processed   550000/  838032 entries, 65.63% (elapsed time    70.0s, curr speed    9.215 kHz, avg speed    7.858 kHz), accepted        5/  550001 events ( 0.00%)
Processed   560000/  838032 entries, 66.82% (elapsed time    71.0s, curr speed   10.261 kHz, avg speed    7.891 kHz), accepted        5/  560001 events ( 0.00%)
Processed   570000/  838032 entries, 68.02% (elapsed time    72.0s, curr speed    9.779 kHz, avg speed    7.918 kHz), accepted        5/  570001 events ( 0.00%)
Processed   580000/  838032 entries, 69.21% (elapsed time    72.6s, curr speed   15.219 kHz, avg speed    7.984 kHz), accepted        5/  580001 events ( 0.00%)
Processed   590000/  838032 entries, 70.40% (elapsed time    73.8s, curr speed    8.824 kHz, avg speed    7.997 kHz), accepted        5/  590001 events ( 0.00%)
Processed   600000/  838032 entries, 71.60% (elapsed time    74.8s, curr speed    9.946 kHz, avg speed    8.023 kHz), accepted        5/  600001 events ( 0.00%)
Processed   610000/  838032 entries, 72.79% (elapsed time    75.9s, curr speed    8.640 kHz, avg speed    8.032 kHz), accepted        5/  610001 events ( 0.00%)
Processed   620000/  838032 entries, 73.98% (elapsed time    76.8s, curr speed   12.136 kHz, avg speed    8.077 kHz), accepted        5/  620001 events ( 0.00%)
Processed   630000/  838032 entries, 75.18% (elapsed time    78.3s, curr speed    6.380 kHz, avg speed    8.043 kHz), accepted        5/  630001 events ( 0.00%)
Processed   640000/  838032 entries, 76.37% (elapsed time    79.5s, curr speed    8.755 kHz, avg speed    8.053 kHz), accepted        5/  640001 events ( 0.00%)
Processed   650000/  838032 entries, 77.56% (elapsed time    80.6s, curr speed    8.638 kHz, avg speed    8.061 kHz), accepted        5/  650001 events ( 0.00%)
Processed   660000/  838032 entries, 78.76% (elapsed time    81.9s, curr speed    8.023 kHz, avg speed    8.061 kHz), accepted        5/  660001 events ( 0.00%)
Processed   670000/  838032 entries, 79.95% (elapsed time    83.2s, curr speed    7.310 kHz, avg speed    8.048 kHz), accepted        5/  670001 events ( 0.00%)
Processed   680000/  838032 entries, 81.14% (elapsed time    84.6s, curr speed    7.509 kHz, avg speed    8.040 kHz), accepted        5/  680001 events ( 0.00%)
Processed   690000/  838032 entries, 82.34% (elapsed time    85.8s, curr speed    8.058 kHz, avg speed    8.040 kHz), accepted        5/  690001 events ( 0.00%)
Processed   700000/  838032 entries, 83.53% (elapsed time    86.9s, curr speed    8.939 kHz, avg speed    8.052 kHz), accepted        5/  700001 events ( 0.00%)
Processed   710000/  838032 entries, 84.72% (elapsed time    88.2s, curr speed    7.932 kHz, avg speed    8.050 kHz), accepted        5/  710001 events ( 0.00%)
Processed   720000/  838032 entries, 85.92% (elapsed time    88.9s, curr speed   13.417 kHz, avg speed    8.095 kHz), accepted        5/  720001 events ( 0.00%)
Processed   730000/  838032 entries, 87.11% (elapsed time    90.4s, curr speed    6.731 kHz, avg speed    8.073 kHz), accepted        5/  730001 events ( 0.00%)
Processed   740000/  838032 entries, 88.30% (elapsed time    91.5s, curr speed    9.554 kHz, avg speed    8.089 kHz), accepted        5/  740001 events ( 0.00%)
Processed   750000/  838032 entries, 89.50% (elapsed time    92.4s, curr speed   11.045 kHz, avg speed    8.118 kHz), accepted        5/  750001 events ( 0.00%)
Processed   760000/  838032 entries, 90.69% (elapsed time    93.3s, curr speed   11.207 kHz, avg speed    8.148 kHz), accepted        5/  760001 events ( 0.00%)
Processed   770000/  838032 entries, 91.88% (elapsed time    94.5s, curr speed    7.980 kHz, avg speed    8.146 kHz), accepted        5/  770001 events ( 0.00%)
Processed   780000/  838032 entries, 93.08% (elapsed time    96.7s, curr speed    4.603 kHz, avg speed    8.066 kHz), accepted        6/  780001 events ( 0.00%)
Processed   790000/  838032 entries, 94.27% (elapsed time    97.9s, curr speed    8.016 kHz, avg speed    8.066 kHz), accepted        6/  790001 events ( 0.00%)
Processed   800000/  838032 entries, 95.46% (elapsed time    99.1s, curr speed    8.693 kHz, avg speed    8.073 kHz), accepted        6/  800001 events ( 0.00%)
Processed   810000/  838032 entries, 96.66% (elapsed time   100.1s, curr speed   10.317 kHz, avg speed    8.095 kHz), accepted        6/  810001 events ( 0.00%)
Processed   820000/  838032 entries, 97.85% (elapsed time   101.5s, curr speed    6.976 kHz, avg speed    8.079 kHz), accepted        6/  820001 events ( 0.00%)
Processed   830000/  838032 entries, 99.04% (elapsed time   102.5s, curr speed   10.187 kHz, avg speed    8.099 kHz), accepted        6/  830001 events ( 0.00%)
Processed 838032 preselected entries from root://cms-xrd-global.cern.ch//store/mc/RunIIFall17NanoAODv6/TTToHadronic_TuneCP5_13TeV-powheg-pythia8/NANOAODSIM/PU2017_12Apr2018_Nano25Oct2019_new_pmx_102X_mc2017_realistic_v7-v2/60000/10D201EC-6909-4245-BE3F-361371070BBC.root (838032 entries). Finally selected 6 entries
Pre-select 288456 entries out of 288456 (100.00%)
Processed    10000/  288456 entries,  3.47% (elapsed time     2.2s, curr speed    4.632 kHz, avg speed    4.632 kHz), accepted        0/   10001 events ( 0.00%)
Processed    20000/  288456 entries,  6.93% (elapsed time     3.1s, curr speed   10.586 kHz, avg speed    6.444 kHz), accepted        0/   20001 events ( 0.00%)
Processed    30000/  288456 entries, 10.40% (elapsed time     4.7s, curr speed    6.342 kHz, avg speed    6.410 kHz), accepted        0/   30001 events ( 0.00%)
Processed    40000/  288456 entries, 13.87% (elapsed time     6.0s, curr speed    7.638 kHz, avg speed    6.678 kHz), accepted        0/   40001 events ( 0.00%)
Processed    50000/  288456 entries, 17.33% (elapsed time     7.1s, curr speed    8.823 kHz, avg speed    7.019 kHz), accepted        0/   50001 events ( 0.00%)
Processed    60000/  288456 entries, 20.80% (elapsed time     8.2s, curr speed    9.077 kHz, avg speed    7.295 kHz), accepted        0/   60001 events ( 0.00%)
Processed    70000/  288456 entries, 24.27% (elapsed time    11.7s, curr speed    2.897 kHz, avg speed    5.995 kHz), accepted        1/   70001 events ( 0.00%)
Processed    80000/  288456 entries, 27.73% (elapsed time    13.2s, curr speed    6.646 kHz, avg speed    6.069 kHz), accepted        1/   80001 events ( 0.00%)
Processed    90000/  288456 entries, 31.20% (elapsed time    13.9s, curr speed   14.762 kHz, avg speed    6.494 kHz), accepted        1/   90001 events ( 0.00%)
Processed   100000/  288456 entries, 34.67% (elapsed time    14.8s, curr speed   10.318 kHz, avg speed    6.744 kHz), accepted        1/  100001 events ( 0.00%)
Processed   110000/  288456 entries, 38.13% (elapsed time    15.8s, curr speed   10.343 kHz, avg speed    6.964 kHz), accepted        1/  110001 events ( 0.00%)
Processed   120000/  288456 entries, 41.60% (elapsed time    17.2s, curr speed    7.140 kHz, avg speed    6.979 kHz), accepted        1/  120001 events ( 0.00%)
Processed   130000/  288456 entries, 45.07% (elapsed time    18.5s, curr speed    7.717 kHz, avg speed    7.030 kHz), accepted        1/  130001 events ( 0.00%)
Processed   140000/  288456 entries, 48.53% (elapsed time    19.9s, curr speed    7.188 kHz, avg speed    7.041 kHz), accepted        1/  140001 events ( 0.00%)
Processed   150000/  288456 entries, 52.00% (elapsed time    21.2s, curr speed    7.654 kHz, avg speed    7.079 kHz), accepted        1/  150001 events ( 0.00%)
Processed   160000/  288456 entries, 55.47% (elapsed time    22.6s, curr speed    6.862 kHz, avg speed    7.065 kHz), accepted        1/  160001 events ( 0.00%)
Processed   170000/  288456 entries, 58.93% (elapsed time    23.9s, curr speed    8.282 kHz, avg speed    7.127 kHz), accepted        1/  170001 events ( 0.00%)
Processed   180000/  288456 entries, 62.40% (elapsed time    25.2s, curr speed    7.522 kHz, avg speed    7.148 kHz), accepted        1/  180001 events ( 0.00%)
Processed   190000/  288456 entries, 65.87% (elapsed time    26.6s, curr speed    6.922 kHz, avg speed    7.135 kHz), accepted        1/  190001 events ( 0.00%)
Processed   200000/  288456 entries, 69.33% (elapsed time    27.5s, curr speed   11.286 kHz, avg speed    7.269 kHz), accepted        1/  200001 events ( 0.00%)
Processed   210000/  288456 entries, 72.80% (elapsed time    29.0s, curr speed    6.696 kHz, avg speed    7.240 kHz), accepted        1/  210001 events ( 0.00%)
Processed   220000/  288456 entries, 76.27% (elapsed time    30.4s, curr speed    7.038 kHz, avg speed    7.230 kHz), accepted        1/  220001 events ( 0.00%)
Processed   230000/  288456 entries, 79.73% (elapsed time    31.8s, curr speed    7.125 kHz, avg speed    7.226 kHz), accepted        1/  230001 events ( 0.00%)
Processed   240000/  288456 entries, 83.20% (elapsed time    32.8s, curr speed   10.232 kHz, avg speed    7.315 kHz), accepted        1/  240001 events ( 0.00%)
Processed   250000/  288456 entries, 86.67% (elapsed time    34.1s, curr speed    7.533 kHz, avg speed    7.324 kHz), accepted        1/  250001 events ( 0.00%)
Processed   260000/  288456 entries, 90.14% (elapsed time    35.1s, curr speed   10.150 kHz, avg speed    7.403 kHz), accepted        1/  260001 events ( 0.00%)
Processed   270000/  288456 entries, 93.60% (elapsed time    36.6s, curr speed    6.711 kHz, avg speed    7.375 kHz), accepted        1/  270001 events ( 0.00%)
Processed   280000/  288456 entries, 97.07% (elapsed time    37.8s, curr speed    8.247 kHz, avg speed    7.403 kHz), accepted        1/  280001 events ( 0.00%)
Processed 288456 preselected entries from root://cms-xrd-global.cern.ch//store/mc/RunIIFall17NanoAODv6/TTToHadronic_TuneCP5_13TeV-powheg-pythia8/NANOAODSIM/PU2017_12Apr2018_Nano25Oct2019_new_pmx_102X_mc2017_realistic_v7-v2/60000/1C0C8FC9-6353-684D-9F62-4C9F1677B6AC.root (288456 entries). Finally selected 1 entries
Total time 220.4 sec. to process 1715448 events. Rate = 7783.8 Hz.
>>> cwd          = /pool/condor/dir_1332
>>> ls           = ['.machine.ad', 'var', 'tmp', 'pico_etau_etau_6.root', '.update.ad', '.job.ad', 'x509_voms', '_condor_stdout', 'condor_exec.exe', '.chirp.config', 'lvigilan.cc']
>>> getstorage('/eos/home-l/lvigilan/output_2017ReReco18/2017/etau/TTToHadronic'), <EOS("/eos/home-l/lvigilan/output_2017ReReco18/2017/etau/TTToHadronic") at 0x2b98ee2e6490>
>>> Executing: 'cp ./pico_etau_etau_6.root /eos/home-l/lvigilan/output_2017ReReco18/2017/etau/TTToHadronic'
>>> Removing './pico_etau_etau_6.root'...
>>> picojob.py done after 241.6 seconds

Job complete at Mon Dec  7 23:04:24 CET 2020
Took 4 minutes 4 seconds040 (1595088.006.000) 12/07 23:04:24 Finished transferring output files
...
005 (1595088.006.000) 12/07 23:04:24 Job terminated.
	(1) Normal termination (return value 0)
		Usr 0 00:01:45, Sys 0 00:00:08  -  Run Remote Usage
		Usr 0 00:00:00, Sys 0 00:00:00  -  Run Local Usage
		Usr 0 00:01:45, Sys 0 00:00:08  -  Total Remote Usage
		Usr 0 00:00:00, Sys 0 00:00:00  -  Total Local Usage
	42347  -  Run Bytes Sent By Job
	9902  -  Run Bytes Received By Job
	42347  -  Total Bytes Sent By Job
	9902  -  Total Bytes Received By Job
	Partitionable Resources :    Usage  Request Allocated 
	   Cpus                 :     0.50        1         1 
	   Disk (KB)            :   111           1    260370 
	   Memory (MB)          :    90        2000      2000 
...
