000 (1596153.001.000) 12/08 10:06:52 Job submitted from host: <188.185.70.244:9618?addrs=188.185.70.244-9618+[2001-1458-d00-7--100-2ee]-9618&alias=bigbird10.cern.ch&noUDP&sock=schedd_1929_b647_134>
...
040 (1596153.001.000) 12/08 12:42:23 Started transferring input files
	Transferring to host: <128.142.240.85:9618?addrs=128.142.240.85-9618+[2001-1458-301-f9--100-64]-9618&noUDP&sock=14209_469b_129070>
...
040 (1596153.001.000) 12/08 12:42:23 Finished transferring input files
...
001 (1596153.001.000) 12/08 12:42:24 Job executing on host: <128.142.240.85:9618?addrs=128.142.240.85-9618+[2001-1458-301-f9--100-64]-9618&noUDP&sock=2326_0560_3>
...
006 (1596153.001.000) 12/08 12:42:33 Image size of job updated: 24908
	9  -  MemoryUsage of job (MB)
	9208  -  ResidentSetSize of job (KB)
...
006 (1596153.001.000) 12/08 12:47:34 Image size of job updated: 418488
	331  -  MemoryUsage of job (MB)
	338660  -  ResidentSetSize of job (KB)
...
006 (1596153.001.000) 12/08 12:52:34 Image size of job updated: 425748
	338  -  MemoryUsage of job (MB)
	345444  -  ResidentSetSize of job (KB)
...
006 (1596153.001.000) 12/08 12:57:34 Image size of job updated: 431180
	343  -  MemoryUsage of job (MB)
	350848  -  ResidentSetSize of job (KB)
...
006 (1596153.001.000) 12/08 13:02:35 Image size of job updated: 434456
	346  -  MemoryUsage of job (MB)
	354124  -  ResidentSetSize of job (KB)
...
006 (1596153.001.000) 12/08 13:07:36 Image size of job updated: 441488
	353  -  MemoryUsage of job (MB)
	361128  -  ResidentSetSize of job (KB)
...
006 (1596153.001.000) 12/08 13:12:36 Image size of job updated: 441608
	353  -  MemoryUsage of job (MB)
	361220  -  ResidentSetSize of job (KB)
...
006 (1596153.001.000) 12/08 13:17:37 Image size of job updated: 441608
	353  -  MemoryUsage of job (MB)
	361304  -  ResidentSetSize of job (KB)
...
006 (1596153.001.000) 12/08 13:22:38 Image size of job updated: 441608
	353  -  MemoryUsage of job (MB)
	361384  -  ResidentSetSize of job (KB)
...
006 (1596153.001.000) 12/08 13:27:38 Image size of job updated: 441608
	354  -  MemoryUsage of job (MB)
	361764  -  ResidentSetSize of job (KB)
...
006 (1596153.001.000) 12/08 14:07:42 Image size of job updated: 441608
	354  -  MemoryUsage of job (MB)
	361768  -  ResidentSetSize of job (KB)
...
006 (1596153.001.000) 12/08 14:52:48 Image size of job updated: 441608
	399  -  MemoryUsage of job (MB)
	407900  -  ResidentSetSize of job (KB)
...
006 (1596153.001.000) 12/08 14:57:48 Image size of job updated: 441608
	399  -  MemoryUsage of job (MB)
	407916  -  ResidentSetSize of job (KB)
...
006 (1596153.001.000) 12/08 15:02:49 Image size of job updated: 441608
	399  -  MemoryUsage of job (MB)
	407920  -  ResidentSetSize of job (KB)
...
006 (1596153.001.000) 12/08 15:07:50 Image size of job updated: 441608
	399  -  MemoryUsage of job (MB)
	407928  -  ResidentSetSize of job (KB)
...
006 (1596153.001.000) 12/08 15:12:50 Image size of job updated: 441608
	399  -  MemoryUsage of job (MB)
	407948  -  ResidentSetSize of job (KB)
...
006 (1596153.001.000) 12/08 15:37:52 Image size of job updated: 441608
	399  -  MemoryUsage of job (MB)
	407972  -  ResidentSetSize of job (KB)
...
006 (1596153.001.000) 12/08 15:42:53 Image size of job updated: 441608
	399  -  MemoryUsage of job (MB)
	407976  -  ResidentSetSize of job (KB)
...
006 (1596153.001.000) 12/08 16:32:58 Image size of job updated: 441608
	399  -  MemoryUsage of job (MB)
	407980  -  ResidentSetSize of job (KB)
...
006 (1596153.001.000) 12/08 16:47:59 Image size of job updated: 441608
	424  -  MemoryUsage of job (MB)
	434100  -  ResidentSetSize of job (KB)
...
006 (1596153.001.000) 12/08 17:18:01 Image size of job updated: 441608
	426  -  MemoryUsage of job (MB)
	436040  -  ResidentSetSize of job (KB)
...
006 (1596153.001.000) 12/08 17:23:02 Image size of job updated: 441608
	426  -  MemoryUsage of job (MB)
	436044  -  ResidentSetSize of job (KB)
...
040 (1596153.001.000) 12/08 18:16:36 Started transferring output files
...
040 (1596153.001.000) 12/08 18:16:38 Finished transferring output files
...
009 (1596153.001.000) 12/08 18:16:38 Job was aborted by the user.
	Job removed by SYSTEM_PERIODIC_REMOVE due to wall time exceeded allowed max.
...
