Could not find platform independent libraries <prefix>
Could not find platform dependent libraries <exec_prefix>
Consider setting $PYTHONHOME to <prefix>[:<exec_prefix>]
ImportError: No module named site
Job start at Tue Dec 29 12:47:14 CET 2020
Running job on machine Linux b7g42n0193.cern.ch 3.10.0-957.1.3.el7.x86_64 #1 SMP Thu Nov 29 14:49:43 UTC 2018 x86_64 x86_64 x86_64 GNU/Linux, host b7g42n0193.cern.ch
============================================================
$PWD=/pool/condor/dir_14696
$JOBID=1631425
$TASKID=76
$HOSTNAME=b7g42n0193.cern.ch
$TASKCMD=/afs/cern.ch/work/l/lvigilan/TauWork/CMSSW_10_6_17_patch1/src/TauFW/PicoProducer/python/processors/picojob.py -y 2018 -d 'data' -c etau -M ModuleETau --copydir /eos/home-l/lvigilan/output_2017ReReco18/2018/etau/EGamma_Run2017D -t _etau_76 --opt 'jec=False' -i root://cms-xrd-global.cern.ch//store/data/Run2018D/EGamma/NANOAOD/Nano25Oct2019-v1/70000/FD0BE19B-69BC-4C49-AC50-685BD63E87AB.root root://cms-xrd-global.cern.ch//store/data/Run2018D/EGamma/NANOAOD/Nano25Oct2019-v1/70000/FEBCE0C9-04D8-C24E-9705-51FEDA0D6F4D.root
$WORKDIR=/pool/condor/dir_14696
>>> cd /afs/cern.ch/work/l/lvigilan/TauWork/CMSSW_10_6_17_patch1/src
>>> eval `scramv1 runtime -sh`
>>> cd /pool/condor/dir_14696
$PWD=/pool/condor/dir_14696
>>> /afs/cern.ch/work/l/lvigilan/TauWork/CMSSW_10_6_17_patch1/src/TauFW/PicoProducer/python/processors/picojob.py -y 2018 -d 'data' -c etau -M ModuleETau --copydir /eos/home-l/lvigilan/output_2017ReReco18/2018/etau/EGamma_Run2017D -t _etau_76 --opt 'jec=False' -i root://cms-xrd-global.cern.ch//store/data/Run2018D/EGamma/NANOAOD/Nano25Oct2019-v1/70000/FD0BE19B-69BC-4C49-AC50-685BD63E87AB.root root://cms-xrd-global.cern.ch//store/data/Run2018D/EGamma/NANOAOD/Nano25Oct2019-v1/70000/FEBCE0C9-04D8-C24E-9705-51FEDA0D6F4D.root
Error in <TGClient::TGClient>: can't open display "localhost:39.0", switching to batch mode...
 In case you run from a remote ssh session, reconnect with ssh -Y
--------------------------------------------------------------------------------
>>> era          = '2018'
>>> year         = 2018
>>> channel      = 'etau'
>>> modname      = 'ModuleETau'
>>> dtype        = 'data'
>>> kwargs       = {'dtype': 'data', 'verb': 0, 'era': '2018', 'jec': False, 'year': 2018}
>>> maxevts      = None
>>> outdir       = '.'
>>> copydir      = '/eos/home-l/lvigilan/output_2017ReReco18/2018/etau/EGamma_Run2017D'
>>> infiles      = ['root://cms-xrd-global.cern.ch//store/data/Run2018D/EGamma/NANOAOD/Nano25Oct2019-v1/70000/FD0BE19B-69BC-4C49-AC50-685BD63E87AB.root', 'root://cms-xrd-global.cern.ch//store/data/Run2018D/EGamma/NANOAOD/Nano25Oct2019-v1/70000/FEBCE0C9-04D8-C24E-9705-51FEDA0D6F4D.root']
>>> outfname     = './pico_etau_etau_76.root'
>>> branchsel    = '/afs/cern.ch/work/l/lvigilan/TauWork/CMSSW_10_6_17_patch1/python/TauFW/PicoProducer/processors/keep_and_drop_skim.txt'
>>> json         = '/afs/cern.ch/work/l/lvigilan/TauWork/CMSSW_10_6_17_patch1/src/TauFW/PicoProducer/data/json/2018/Cert_314472-325175_13TeV_PromptReco_Collisions18_JSON.txt'
>>> prefetch     = False
>>> cwd          = /pool/condor/dir_14696
--------------------------------------------------------------------------------

   ################
   #  ModuleETau  #
   ################

Loading TreeProducerETau for './pico_etau_etau_76.root'
--------------------------------------------------------------------------------
>>> filename     = './pico_etau_etau_76.root'
>>> year         = 2018
>>> dtype        = 'data'
>>> channel      = 'etau'
>>> ismc         = False
>>> isdata       = True
>>> isembed      = False
>>> tes          = None
>>> tessys       = None
>>> ltf          = 1.0
>>> jtf          = 1.0
>>> dotoppt      = False
>>> dozpt        = False
>>> dojec        = False
>>> dojecsys     = False
>>> dotight      = False
>>> jetCutPt     = 30
>>> bjetCutEta   = 2.7
>>> tauwp        = 0
>>> eleCutPt     = 33
>>> eleCutEta    = 2.1
>>> tauCutPt     = 20
>>> tauCutEta    = 2.3
Pre-select 1220783 entries out of 1250327 (97.64%)
Processed    10000/ 1220783 entries,  0.82% (elapsed time    11.4s, curr speed    0.874 kHz, avg speed    0.874 kHz), accepted      104/   10001 events ( 1.04%)
Processed    20000/ 1220783 entries,  1.64% (elapsed time    15.9s, curr speed    2.268 kHz, avg speed    1.262 kHz), accepted      224/   20001 events ( 1.12%)
Processed    30000/ 1220783 entries,  2.46% (elapsed time    21.1s, curr speed    1.910 kHz, avg speed    1.423 kHz), accepted      326/   30001 events ( 1.09%)
Processed    40000/ 1220783 entries,  3.28% (elapsed time    27.7s, curr speed    1.501 kHz, avg speed    1.442 kHz), accepted      425/   40001 events ( 1.06%)
Processed    50000/ 1220783 entries,  4.10% (elapsed time    32.6s, curr speed    2.048 kHz, avg speed    1.532 kHz), accepted      537/   50001 events ( 1.07%)
Processed    60000/ 1220783 entries,  4.91% (elapsed time    37.4s, curr speed    2.112 kHz, avg speed    1.606 kHz), accepted      663/   60001 events ( 1.10%)
Processed    70000/ 1220783 entries,  5.73% (elapsed time    46.4s, curr speed    1.104 kHz, avg speed    1.508 kHz), accepted      793/   70001 events ( 1.13%)
Processed    80000/ 1220783 entries,  6.55% (elapsed time    51.5s, curr speed    1.963 kHz, avg speed    1.553 kHz), accepted      900/   80001 events ( 1.12%)
Processed    90000/ 1220783 entries,  7.37% (elapsed time    57.9s, curr speed    1.578 kHz, avg speed    1.556 kHz), accepted     1027/   90001 events ( 1.14%)
Processed   100000/ 1220783 entries,  8.19% (elapsed time    65.8s, curr speed    1.252 kHz, avg speed    1.519 kHz), accepted     1145/  100001 events ( 1.14%)
Processed   110000/ 1220783 entries,  9.01% (elapsed time    70.2s, curr speed    2.270 kHz, avg speed    1.566 kHz), accepted     1266/  110001 events ( 1.15%)
Processed   120000/ 1220783 entries,  9.83% (elapsed time    79.8s, curr speed    1.049 kHz, avg speed    1.504 kHz), accepted     1397/  120001 events ( 1.16%)
Processed   130000/ 1220783 entries, 10.65% (elapsed time   116.3s, curr speed    0.274 kHz, avg speed    1.118 kHz), accepted     1528/  130001 events ( 1.18%)
Processed   140000/ 1220783 entries, 11.47% (elapsed time   171.8s, curr speed    0.180 kHz, avg speed    0.815 kHz), accepted     1667/  140001 events ( 1.19%)
Processed   150000/ 1220783 entries, 12.29% (elapsed time   231.6s, curr speed    0.167 kHz, avg speed    0.648 kHz), accepted     1795/  150001 events ( 1.20%)
Processed   160000/ 1220783 entries, 13.11% (elapsed time   283.8s, curr speed    0.191 kHz, avg speed    0.564 kHz), accepted     1905/  160001 events ( 1.19%)
Processed   170000/ 1220783 entries, 13.93% (elapsed time   344.4s, curr speed    0.165 kHz, avg speed    0.494 kHz), accepted     2033/  170001 events ( 1.20%)
Processed   180000/ 1220783 entries, 14.74% (elapsed time   407.4s, curr speed    0.159 kHz, avg speed    0.442 kHz), accepted     2156/  180001 events ( 1.20%)
Processed   190000/ 1220783 entries, 15.56% (elapsed time   473.4s, curr speed    0.151 kHz, avg speed    0.401 kHz), accepted     2282/  190001 events ( 1.20%)
Processed   200000/ 1220783 entries, 16.38% (elapsed time   573.5s, curr speed    0.100 kHz, avg speed    0.349 kHz), accepted     2407/  200001 events ( 1.20%)
Processed   210000/ 1220783 entries, 17.20% (elapsed time   635.5s, curr speed    0.161 kHz, avg speed    0.330 kHz), accepted     2519/  210001 events ( 1.20%)
Processed   220000/ 1220783 entries, 18.02% (elapsed time   702.7s, curr speed    0.149 kHz, avg speed    0.313 kHz), accepted     2613/  220001 events ( 1.19%)
Processed   230000/ 1220783 entries, 18.84% (elapsed time   781.8s, curr speed    0.126 kHz, avg speed    0.294 kHz), accepted     2714/  230001 events ( 1.18%)
Processed   240000/ 1220783 entries, 19.66% (elapsed time   849.2s, curr speed    0.148 kHz, avg speed    0.283 kHz), accepted     2818/  240001 events ( 1.17%)
Processed   250000/ 1220783 entries, 20.48% (elapsed time   912.3s, curr speed    0.159 kHz, avg speed    0.274 kHz), accepted     2913/  250001 events ( 1.17%)
Processed   260000/ 1220783 entries, 21.30% (elapsed time   979.6s, curr speed    0.149 kHz, avg speed    0.265 kHz), accepted     3039/  260001 events ( 1.17%)
Processed   270000/ 1220783 entries, 22.12% (elapsed time  1058.7s, curr speed    0.126 kHz, avg speed    0.255 kHz), accepted     3160/  270001 events ( 1.17%)
Processed   280000/ 1220783 entries, 22.94% (elapsed time  1131.6s, curr speed    0.137 kHz, avg speed    0.247 kHz), accepted     3275/  280001 events ( 1.17%)
Processed   290000/ 1220783 entries, 23.76% (elapsed time  1164.6s, curr speed    0.303 kHz, avg speed    0.249 kHz), accepted     3389/  290001 events ( 1.17%)
Processed   300000/ 1220783 entries, 24.57% (elapsed time  1176.8s, curr speed    0.818 kHz, avg speed    0.255 kHz), accepted     3505/  300001 events ( 1.17%)
Processed   310000/ 1220783 entries, 25.39% (elapsed time  1186.5s, curr speed    1.030 kHz, avg speed    0.261 kHz), accepted     3622/  310001 events ( 1.17%)
Processed   320000/ 1220783 entries, 26.21% (elapsed time  1196.4s, curr speed    1.019 kHz, avg speed    0.267 kHz), accepted     3723/  320001 events ( 1.16%)
Processed   330000/ 1220783 entries, 27.03% (elapsed time  1204.7s, curr speed    1.202 kHz, avg speed    0.274 kHz), accepted     3830/  330001 events ( 1.16%)
Processed   340000/ 1220783 entries, 27.85% (elapsed time  1215.5s, curr speed    0.921 kHz, avg speed    0.280 kHz), accepted     3971/  340001 events ( 1.17%)
Processed   350000/ 1220783 entries, 28.67% (elapsed time  1229.8s, curr speed    0.699 kHz, avg speed    0.285 kHz), accepted     4075/  350001 events ( 1.16%)
Processed   360000/ 1220783 entries, 29.49% (elapsed time  1238.2s, curr speed    1.194 kHz, avg speed    0.291 kHz), accepted     4198/  360001 events ( 1.17%)
Processed   370000/ 1220783 entries, 30.31% (elapsed time  1257.1s, curr speed    0.530 kHz, avg speed    0.294 kHz), accepted     4313/  370001 events ( 1.17%)
Processed   380000/ 1220783 entries, 31.13% (elapsed time  1261.8s, curr speed    2.137 kHz, avg speed    0.301 kHz), accepted     4425/  380001 events ( 1.16%)
Processed   390000/ 1220783 entries, 31.95% (elapsed time  1335.7s, curr speed    0.135 kHz, avg speed    0.292 kHz), accepted     4519/  390001 events ( 1.16%)
Processed   400000/ 1220783 entries, 32.77% (elapsed time  1420.8s, curr speed    0.118 kHz, avg speed    0.282 kHz), accepted     4623/  400001 events ( 1.16%)
Processed   410000/ 1220783 entries, 33.59% (elapsed time  1503.0s, curr speed    0.122 kHz, avg speed    0.273 kHz), accepted     4734/  410001 events ( 1.15%)
Processed   420000/ 1220783 entries, 34.40% (elapsed time  1574.1s, curr speed    0.141 kHz, avg speed    0.267 kHz), accepted     4871/  420001 events ( 1.16%)
Processed   430000/ 1220783 entries, 35.22% (elapsed time  1667.2s, curr speed    0.107 kHz, avg speed    0.258 kHz), accepted     4975/  430001 events ( 1.16%)
Processed   440000/ 1220783 entries, 36.04% (elapsed time  1747.4s, curr speed    0.125 kHz, avg speed    0.252 kHz), accepted     5079/  440001 events ( 1.15%)
Processed   450000/ 1220783 entries, 36.86% (elapsed time  1826.1s, curr speed    0.127 kHz, avg speed    0.246 kHz), accepted     5198/  450001 events ( 1.16%)
Processed   460000/ 1220783 entries, 37.68% (elapsed time  1915.0s, curr speed    0.112 kHz, avg speed    0.240 kHz), accepted     5349/  460001 events ( 1.16%)
Processed   470000/ 1220783 entries, 38.50% (elapsed time  1994.0s, curr speed    0.126 kHz, avg speed    0.236 kHz), accepted     5481/  470001 events ( 1.17%)
Processed   480000/ 1220783 entries, 39.32% (elapsed time  2080.0s, curr speed    0.116 kHz, avg speed    0.231 kHz), accepted     5607/  480001 events ( 1.17%)
Processed   490000/ 1220783 entries, 40.14% (elapsed time  2212.1s, curr speed    0.076 kHz, avg speed    0.222 kHz), accepted     5743/  490001 events ( 1.17%)
Processed   500000/ 1220783 entries, 40.96% (elapsed time  2243.6s, curr speed    0.318 kHz, avg speed    0.223 kHz), accepted     5881/  500001 events ( 1.18%)
Processed   510000/ 1220783 entries, 41.78% (elapsed time  2254.6s, curr speed    0.910 kHz, avg speed    0.226 kHz), accepted     5996/  510001 events ( 1.18%)
Processed   520000/ 1220783 entries, 42.60% (elapsed time  2269.6s, curr speed    0.666 kHz, avg speed    0.229 kHz), accepted     6112/  520001 events ( 1.18%)
Processed   530000/ 1220783 entries, 43.41% (elapsed time  2282.4s, curr speed    0.783 kHz, avg speed    0.232 kHz), accepted     6252/  530001 events ( 1.18%)
Processed   540000/ 1220783 entries, 44.23% (elapsed time  2295.9s, curr speed    0.737 kHz, avg speed    0.235 kHz), accepted     6378/  540001 events ( 1.18%)
Processed   550000/ 1220783 entries, 45.05% (elapsed time  2311.1s, curr speed    0.661 kHz, avg speed    0.238 kHz), accepted     6489/  550001 events ( 1.18%)
Processed   560000/ 1220783 entries, 45.87% (elapsed time  2326.1s, curr speed    0.665 kHz, avg speed    0.241 kHz), accepted     6618/  560001 events ( 1.18%)
Processed   570000/ 1220783 entries, 46.69% (elapsed time  2338.7s, curr speed    0.797 kHz, avg speed    0.244 kHz), accepted     6729/  570001 events ( 1.18%)
Processed   580000/ 1220783 entries, 47.51% (elapsed time  2348.3s, curr speed    1.043 kHz, avg speed    0.247 kHz), accepted     6869/  580001 events ( 1.18%)
Processed   590000/ 1220783 entries, 48.33% (elapsed time  2441.2s, curr speed    0.108 kHz, avg speed    0.242 kHz), accepted     7004/  590001 events ( 1.19%)
Processed   600000/ 1220783 entries, 49.15% (elapsed time  2525.3s, curr speed    0.119 kHz, avg speed    0.238 kHz), accepted     7138/  600001 events ( 1.19%)
Processed   610000/ 1220783 entries, 49.97% (elapsed time  2600.5s, curr speed    0.133 kHz, avg speed    0.235 kHz), accepted     7287/  610001 events ( 1.19%)
Processed   620000/ 1220783 entries, 50.79% (elapsed time  2680.6s, curr speed    0.125 kHz, avg speed    0.231 kHz), accepted     7406/  620001 events ( 1.19%)
Processed   630000/ 1220783 entries, 51.61% (elapsed time  2798.3s, curr speed    0.085 kHz, avg speed    0.225 kHz), accepted     7520/  630001 events ( 1.19%)
Processed   640000/ 1220783 entries, 52.43% (elapsed time  2886.4s, curr speed    0.114 kHz, avg speed    0.222 kHz), accepted     7644/  640001 events ( 1.19%)
Processed   650000/ 1220783 entries, 53.24% (elapsed time  2976.5s, curr speed    0.111 kHz, avg speed    0.218 kHz), accepted     7760/  650001 events ( 1.19%)
Processed   660000/ 1220783 entries, 54.06% (elapsed time  3115.6s, curr speed    0.072 kHz, avg speed    0.212 kHz), accepted     7872/  660001 events ( 1.19%)
Processed   670000/ 1220783 entries, 54.88% (elapsed time  3200.6s, curr speed    0.118 kHz, avg speed    0.209 kHz), accepted     8017/  670001 events ( 1.20%)
Processed   680000/ 1220783 entries, 55.70% (elapsed time  3272.9s, curr speed    0.138 kHz, avg speed    0.208 kHz), accepted     8152/  680001 events ( 1.20%)
Processed   690000/ 1220783 entries, 56.52% (elapsed time  3355.9s, curr speed    0.120 kHz, avg speed    0.206 kHz), accepted     8266/  690001 events ( 1.20%)
Processed   700000/ 1220783 entries, 57.34% (elapsed time  3448.9s, curr speed    0.108 kHz, avg speed    0.203 kHz), accepted     8391/  700001 events ( 1.20%)
Processed   710000/ 1220783 entries, 58.16% (elapsed time  3538.9s, curr speed    0.111 kHz, avg speed    0.201 kHz), accepted     8517/  710001 events ( 1.20%)
Processed   720000/ 1220783 entries, 58.98% (elapsed time  3634.8s, curr speed    0.104 kHz, avg speed    0.198 kHz), accepted     8649/  720001 events ( 1.20%)
Processed   730000/ 1220783 entries, 59.80% (elapsed time  3738.8s, curr speed    0.096 kHz, avg speed    0.195 kHz), accepted     8778/  730001 events ( 1.20%)
Processed   740000/ 1220783 entries, 60.62% (elapsed time  3817.9s, curr speed    0.127 kHz, avg speed    0.194 kHz), accepted     8890/  740001 events ( 1.20%)
Processed   750000/ 1220783 entries, 61.44% (elapsed time  3963.9s, curr speed    0.068 kHz, avg speed    0.189 kHz), accepted     9026/  750001 events ( 1.20%)
Processed   760000/ 1220783 entries, 62.26% (elapsed time  4011.8s, curr speed    0.209 kHz, avg speed    0.189 kHz), accepted     9142/  760001 events ( 1.20%)
Processed   770000/ 1220783 entries, 63.07% (elapsed time  4020.8s, curr speed    1.113 kHz, avg speed    0.192 kHz), accepted     9253/  770001 events ( 1.20%)
Processed   780000/ 1220783 entries, 63.89% (elapsed time  4033.7s, curr speed    0.772 kHz, avg speed    0.193 kHz), accepted     9361/  780001 events ( 1.20%)
Processed   790000/ 1220783 entries, 64.71% (elapsed time  4043.5s, curr speed    1.020 kHz, avg speed    0.195 kHz), accepted     9491/  790001 events ( 1.20%)
Processed   800000/ 1220783 entries, 65.53% (elapsed time  4056.5s, curr speed    0.771 kHz, avg speed    0.197 kHz), accepted     9610/  800001 events ( 1.20%)
Processed   810000/ 1220783 entries, 66.35% (elapsed time  4065.7s, curr speed    1.090 kHz, avg speed    0.199 kHz), accepted     9727/  810001 events ( 1.20%)
Processed   820000/ 1220783 entries, 67.17% (elapsed time  4073.7s, curr speed    1.248 kHz, avg speed    0.201 kHz), accepted     9834/  820001 events ( 1.20%)
Processed   830000/ 1220783 entries, 67.99% (elapsed time  4090.1s, curr speed    0.608 kHz, avg speed    0.203 kHz), accepted     9960/  830001 events ( 1.20%)
Processed   840000/ 1220783 entries, 68.81% (elapsed time  4106.1s, curr speed    0.625 kHz, avg speed    0.205 kHz), accepted    10079/  840001 events ( 1.20%)
Processed   850000/ 1220783 entries, 69.63% (elapsed time  4190.1s, curr speed    0.119 kHz, avg speed    0.203 kHz), accepted    10218/  850001 events ( 1.20%)
Processed   860000/ 1220783 entries, 70.45% (elapsed time  4280.2s, curr speed    0.111 kHz, avg speed    0.201 kHz), accepted    10346/  860001 events ( 1.20%)
Processed   870000/ 1220783 entries, 71.27% (elapsed time  4370.3s, curr speed    0.111 kHz, avg speed    0.199 kHz), accepted    10454/  870001 events ( 1.20%)
Processed   880000/ 1220783 entries, 72.08% (elapsed time  4465.4s, curr speed    0.105 kHz, avg speed    0.197 kHz), accepted    10576/  880001 events ( 1.20%)
Processed   890000/ 1220783 entries, 72.90% (elapsed time  4564.6s, curr speed    0.101 kHz, avg speed    0.195 kHz), accepted    10691/  890001 events ( 1.20%)
Processed   900000/ 1220783 entries, 73.72% (elapsed time  4665.7s, curr speed    0.099 kHz, avg speed    0.193 kHz), accepted    10813/  900001 events ( 1.20%)
Processed   910000/ 1220783 entries, 74.54% (elapsed time  4771.4s, curr speed    0.095 kHz, avg speed    0.191 kHz), accepted    10936/  910001 events ( 1.20%)
Processed   920000/ 1220783 entries, 75.36% (elapsed time  4885.4s, curr speed    0.088 kHz, avg speed    0.188 kHz), accepted    11073/  920001 events ( 1.20%)
Processed   930000/ 1220783 entries, 76.18% (elapsed time  4988.5s, curr speed    0.097 kHz, avg speed    0.186 kHz), accepted    11200/  930001 events ( 1.20%)
Processed   940000/ 1220783 entries, 77.00% (elapsed time  5048.6s, curr speed    0.166 kHz, avg speed    0.186 kHz), accepted    11316/  940001 events ( 1.20%)
Processed   950000/ 1220783 entries, 77.82% (elapsed time  5070.3s, curr speed    0.461 kHz, avg speed    0.187 kHz), accepted    11434/  950001 events ( 1.20%)
Processed   960000/ 1220783 entries, 78.64% (elapsed time  5087.1s, curr speed    0.595 kHz, avg speed    0.189 kHz), accepted    11561/  960001 events ( 1.20%)
Processed   970000/ 1220783 entries, 79.46% (elapsed time  5097.3s, curr speed    0.984 kHz, avg speed    0.190 kHz), accepted    11683/  970001 events ( 1.20%)
Processed   980000/ 1220783 entries, 80.28% (elapsed time  5113.3s, curr speed    0.623 kHz, avg speed    0.192 kHz), accepted    11806/  980001 events ( 1.20%)
Processed   990000/ 1220783 entries, 81.10% (elapsed time  5123.3s, curr speed    0.999 kHz, avg speed    0.193 kHz), accepted    11958/  990001 events ( 1.21%)
Processed  1000000/ 1220783 entries, 81.91% (elapsed time  5131.7s, curr speed    1.193 kHz, avg speed    0.195 kHz), accepted    12076/ 1000001 events ( 1.21%)
Processed  1010000/ 1220783 entries, 82.73% (elapsed time  5145.5s, curr speed    0.725 kHz, avg speed    0.196 kHz), accepted    12192/ 1010001 events ( 1.21%)
Processed  1020000/ 1220783 entries, 83.55% (elapsed time  5173.4s, curr speed    0.358 kHz, avg speed    0.197 kHz), accepted    12318/ 1020001 events ( 1.21%)
Processed  1030000/ 1220783 entries, 84.37% (elapsed time  5262.6s, curr speed    0.112 kHz, avg speed    0.196 kHz), accepted    12456/ 1030001 events ( 1.21%)
Processed  1040000/ 1220783 entries, 85.19% (elapsed time  5403.7s, curr speed    0.071 kHz, avg speed    0.192 kHz), accepted    12570/ 1040001 events ( 1.21%)
Processed  1050000/ 1220783 entries, 86.01% (elapsed time  5487.7s, curr speed    0.119 kHz, avg speed    0.191 kHz), accepted    12699/ 1050001 events ( 1.21%)
Processed  1060000/ 1220783 entries, 86.83% (elapsed time  5573.9s, curr speed    0.116 kHz, avg speed    0.190 kHz), accepted    12822/ 1060001 events ( 1.21%)
Processed  1070000/ 1220783 entries, 87.65% (elapsed time  5668.8s, curr speed    0.105 kHz, avg speed    0.189 kHz), accepted    12945/ 1070001 events ( 1.21%)
Processed  1080000/ 1220783 entries, 88.47% (elapsed time  5740.4s, curr speed    0.140 kHz, avg speed    0.188 kHz), accepted    13077/ 1080001 events ( 1.21%)
Processed  1090000/ 1220783 entries, 89.29% (elapsed time  5844.4s, curr speed    0.096 kHz, avg speed    0.187 kHz), accepted    13196/ 1090001 events ( 1.21%)
Processed  1100000/ 1220783 entries, 90.11% (elapsed time  5931.1s, curr speed    0.115 kHz, avg speed    0.185 kHz), accepted    13343/ 1100001 events ( 1.21%)
Processed  1110000/ 1220783 entries, 90.93% (elapsed time  6032.9s, curr speed    0.098 kHz, avg speed    0.184 kHz), accepted    13467/ 1110001 events ( 1.21%)
Processed  1120000/ 1220783 entries, 91.74% (elapsed time  6139.0s, curr speed    0.094 kHz, avg speed    0.182 kHz), accepted    13580/ 1120001 events ( 1.21%)
Processed  1130000/ 1220783 entries, 92.56% (elapsed time  6221.0s, curr speed    0.122 kHz, avg speed    0.182 kHz), accepted    13703/ 1130001 events ( 1.21%)
Processed  1140000/ 1220783 entries, 93.38% (elapsed time  6299.1s, curr speed    0.128 kHz, avg speed    0.181 kHz), accepted    13838/ 1140001 events ( 1.21%)
Processed  1150000/ 1220783 entries, 94.20% (elapsed time  6385.2s, curr speed    0.116 kHz, avg speed    0.180 kHz), accepted    13960/ 1150001 events ( 1.21%)
Processed  1160000/ 1220783 entries, 95.02% (elapsed time  6500.5s, curr speed    0.087 kHz, avg speed    0.178 kHz), accepted    14080/ 1160001 events ( 1.21%)
Processed  1170000/ 1220783 entries, 95.84% (elapsed time  6575.2s, curr speed    0.134 kHz, avg speed    0.178 kHz), accepted    14213/ 1170001 events ( 1.21%)
Processed  1180000/ 1220783 entries, 96.66% (elapsed time  6663.5s, curr speed    0.113 kHz, avg speed    0.177 kHz), accepted    14326/ 1180001 events ( 1.21%)
Processed  1190000/ 1220783 entries, 97.48% (elapsed time  6759.6s, curr speed    0.104 kHz, avg speed    0.176 kHz), accepted    14457/ 1190001 events ( 1.21%)
Processed  1200000/ 1220783 entries, 98.30% (elapsed time  6845.2s, curr speed    0.117 kHz, avg speed    0.175 kHz), accepted    14587/ 1200001 events ( 1.22%)
Processed  1210000/ 1220783 entries, 99.12% (elapsed time  6937.3s, curr speed    0.109 kHz, avg speed    0.174 kHz), accepted    14696/ 1210001 events ( 1.21%)
Processed  1220000/ 1220783 entries, 99.94% (elapsed time  7017.4s, curr speed    0.125 kHz, avg speed    0.174 kHz), accepted    14814/ 1220001 events ( 1.21%)
Processed 1220783 preselected entries from root://cms-xrd-global.cern.ch//store/data/Run2018D/EGamma/NANOAOD/Nano25Oct2019-v1/70000/FD0BE19B-69BC-4C49-AC50-685BD63E87AB.root (1250327 entries). Finally selected 14824 entries
Pre-select 1195247 entries out of 1247208 (95.83%)
Processed    10000/ 1195247 entries,  0.84% (elapsed time    10.9s, curr speed    0.921 kHz, avg speed    0.921 kHz), accepted      144/   10001 events ( 1.44%)
Processed    20000/ 1195247 entries,  1.67% (elapsed time    16.0s, curr speed    1.954 kHz, avg speed    1.252 kHz), accepted      275/   20001 events ( 1.37%)
Processed    30000/ 1195247 entries,  2.51% (elapsed time    21.8s, curr speed    1.723 kHz, avg speed    1.377 kHz), accepted      421/   30001 events ( 1.40%)
Processed    40000/ 1195247 entries,  3.35% (elapsed time    28.3s, curr speed    1.524 kHz, avg speed    1.411 kHz), accepted      567/   40001 events ( 1.42%)
Processed    50000/ 1195247 entries,  4.18% (elapsed time    34.8s, curr speed    1.547 kHz, avg speed    1.437 kHz), accepted      707/   50001 events ( 1.41%)
Processed    60000/ 1195247 entries,  5.02% (elapsed time    41.1s, curr speed    1.592 kHz, avg speed    1.460 kHz), accepted      845/   60001 events ( 1.41%)
Processed    70000/ 1195247 entries,  5.86% (elapsed time    48.0s, curr speed    1.445 kHz, avg speed    1.458 kHz), accepted     1004/   70001 events ( 1.43%)
Processed    80000/ 1195247 entries,  6.69% (elapsed time    54.3s, curr speed    1.580 kHz, avg speed    1.472 kHz), accepted     1158/   80001 events ( 1.45%)
Processed    90000/ 1195247 entries,  7.53% (elapsed time    60.9s, curr speed    1.528 kHz, avg speed    1.478 kHz), accepted     1299/   90001 events ( 1.44%)
Processed   100000/ 1195247 entries,  8.37% (elapsed time    67.1s, curr speed    1.607 kHz, avg speed    1.490 kHz), accepted     1435/  100001 events ( 1.43%)
Processed   110000/ 1195247 entries,  9.20% (elapsed time    73.7s, curr speed    1.520 kHz, avg speed    1.493 kHz), accepted     1614/  110001 events ( 1.47%)
Processed   120000/ 1195247 entries, 10.04% (elapsed time    80.0s, curr speed    1.571 kHz, avg speed    1.499 kHz), accepted     1751/  120001 events ( 1.46%)
Processed   130000/ 1195247 entries, 10.88% (elapsed time    86.6s, curr speed    1.532 kHz, avg speed    1.502 kHz), accepted     1898/  130001 events ( 1.46%)
Processed   140000/ 1195247 entries, 11.71% (elapsed time    92.6s, curr speed    1.654 kHz, avg speed    1.512 kHz), accepted     2036/  140001 events ( 1.45%)
Processed   150000/ 1195247 entries, 12.55% (elapsed time    98.5s, curr speed    1.709 kHz, avg speed    1.523 kHz), accepted     2167/  150001 events ( 1.44%)
Processed   160000/ 1195247 entries, 13.39% (elapsed time   104.4s, curr speed    1.689 kHz, avg speed    1.533 kHz), accepted     2315/  160001 events ( 1.45%)
Processed   170000/ 1195247 entries, 14.22% (elapsed time   110.4s, curr speed    1.668 kHz, avg speed    1.540 kHz), accepted     2454/  170001 events ( 1.44%)
Processed   180000/ 1195247 entries, 15.06% (elapsed time   116.4s, curr speed    1.661 kHz, avg speed    1.546 kHz), accepted     2571/  180001 events ( 1.43%)
Processed   190000/ 1195247 entries, 15.90% (elapsed time   122.6s, curr speed    1.612 kHz, avg speed    1.550 kHz), accepted     2710/  190001 events ( 1.43%)
Processed   200000/ 1195247 entries, 16.73% (elapsed time   128.4s, curr speed    1.728 kHz, avg speed    1.558 kHz), accepted     2817/  200001 events ( 1.41%)
Processed   210000/ 1195247 entries, 17.57% (elapsed time   134.5s, curr speed    1.644 kHz, avg speed    1.562 kHz), accepted     2912/  210001 events ( 1.39%)
Processed   220000/ 1195247 entries, 18.41% (elapsed time   140.4s, curr speed    1.699 kHz, avg speed    1.567 kHz), accepted     3020/  220001 events ( 1.37%)
Processed   230000/ 1195247 entries, 19.24% (elapsed time   147.0s, curr speed    1.503 kHz, avg speed    1.564 kHz), accepted     3140/  230001 events ( 1.37%)
Processed   240000/ 1195247 entries, 20.08% (elapsed time   152.8s, curr speed    1.742 kHz, avg speed    1.571 kHz), accepted     3281/  240001 events ( 1.37%)
Processed   250000/ 1195247 entries, 20.92% (elapsed time   158.8s, curr speed    1.651 kHz, avg speed    1.574 kHz), accepted     3404/  250001 events ( 1.36%)
Processed   260000/ 1195247 entries, 21.75% (elapsed time   169.9s, curr speed    0.903 kHz, avg speed    1.530 kHz), accepted     3528/  260001 events ( 1.36%)
Processed   270000/ 1195247 entries, 22.59% (elapsed time   178.3s, curr speed    1.191 kHz, avg speed    1.514 kHz), accepted     3634/  270001 events ( 1.35%)
Processed   280000/ 1195247 entries, 23.43% (elapsed time   184.6s, curr speed    1.578 kHz, avg speed    1.517 kHz), accepted     3728/  280001 events ( 1.33%)
Processed   290000/ 1195247 entries, 24.26% (elapsed time   191.1s, curr speed    1.541 kHz, avg speed    1.517 kHz), accepted     3847/  290001 events ( 1.33%)
Processed   300000/ 1195247 entries, 25.10% (elapsed time   197.9s, curr speed    1.463 kHz, avg speed    1.516 kHz), accepted     3940/  300001 events ( 1.31%)
Processed   310000/ 1195247 entries, 25.94% (elapsed time   204.6s, curr speed    1.495 kHz, avg speed    1.515 kHz), accepted     4061/  310001 events ( 1.31%)
Processed   320000/ 1195247 entries, 26.77% (elapsed time   211.1s, curr speed    1.541 kHz, avg speed    1.516 kHz), accepted     4156/  320001 events ( 1.30%)
Processed   330000/ 1195247 entries, 27.61% (elapsed time   217.2s, curr speed    1.656 kHz, avg speed    1.520 kHz), accepted     4268/  330001 events ( 1.29%)
Processed   340000/ 1195247 entries, 28.45% (elapsed time   223.1s, curr speed    1.674 kHz, avg speed    1.524 kHz), accepted     4398/  340001 events ( 1.29%)
Processed   350000/ 1195247 entries, 29.28% (elapsed time   228.6s, curr speed    1.823 kHz, avg speed    1.531 kHz), accepted     4537/  350001 events ( 1.30%)
Processed   360000/ 1195247 entries, 30.12% (elapsed time   234.6s, curr speed    1.675 kHz, avg speed    1.535 kHz), accepted     4664/  360001 events ( 1.30%)
Processed   370000/ 1195247 entries, 30.96% (elapsed time   240.5s, curr speed    1.708 kHz, avg speed    1.539 kHz), accepted     4768/  370001 events ( 1.29%)
Processed   380000/ 1195247 entries, 31.79% (elapsed time   246.7s, curr speed    1.599 kHz, avg speed    1.540 kHz), accepted     4895/  380001 events ( 1.29%)
Processed   390000/ 1195247 entries, 32.63% (elapsed time   256.6s, curr speed    1.016 kHz, avg speed    1.520 kHz), accepted     5013/  390001 events ( 1.29%)
Processed   400000/ 1195247 entries, 33.47% (elapsed time   262.6s, curr speed    1.663 kHz, avg speed    1.523 kHz), accepted     5141/  400001 events ( 1.29%)
Processed   410000/ 1195247 entries, 34.30% (elapsed time   268.6s, curr speed    1.662 kHz, avg speed    1.527 kHz), accepted     5273/  410001 events ( 1.29%)
Processed   420000/ 1195247 entries, 35.14% (elapsed time   275.1s, curr speed    1.545 kHz, avg speed    1.527 kHz), accepted     5412/  420001 events ( 1.29%)
Processed   430000/ 1195247 entries, 35.98% (elapsed time   280.9s, curr speed    1.718 kHz, avg speed    1.531 kHz), accepted     5530/  430001 events ( 1.29%)
Processed   440000/ 1195247 entries, 36.81% (elapsed time   286.5s, curr speed    1.767 kHz, avg speed    1.536 kHz), accepted     5625/  440001 events ( 1.28%)
Processed   450000/ 1195247 entries, 37.65% (elapsed time   292.4s, curr speed    1.711 kHz, avg speed    1.539 kHz), accepted     5759/  450001 events ( 1.28%)
Processed   460000/ 1195247 entries, 38.49% (elapsed time   298.1s, curr speed    1.753 kHz, avg speed    1.543 kHz), accepted     5879/  460001 events ( 1.28%)
Processed   470000/ 1195247 entries, 39.32% (elapsed time   303.2s, curr speed    1.969 kHz, avg speed    1.550 kHz), accepted     5986/  470001 events ( 1.27%)
Processed   480000/ 1195247 entries, 40.16% (elapsed time   308.1s, curr speed    2.011 kHz, avg speed    1.558 kHz), accepted     6136/  480001 events ( 1.28%)
Processed   490000/ 1195247 entries, 41.00% (elapsed time   313.2s, curr speed    1.986 kHz, avg speed    1.565 kHz), accepted     6255/  490001 events ( 1.28%)
Processed   500000/ 1195247 entries, 41.83% (elapsed time   317.2s, curr speed    2.488 kHz, avg speed    1.576 kHz), accepted     6404/  500001 events ( 1.28%)
Processed   510000/ 1195247 entries, 42.67% (elapsed time   321.3s, curr speed    2.428 kHz, avg speed    1.587 kHz), accepted     6522/  510001 events ( 1.28%)
Processed   520000/ 1195247 entries, 43.51% (elapsed time   326.1s, curr speed    2.068 kHz, avg speed    1.594 kHz), accepted     6651/  520001 events ( 1.28%)
Processed   530000/ 1195247 entries, 44.34% (elapsed time   331.1s, curr speed    2.001 kHz, avg speed    1.601 kHz), accepted     6769/  530001 events ( 1.28%)
Processed   540000/ 1195247 entries, 45.18% (elapsed time   336.5s, curr speed    1.866 kHz, avg speed    1.605 kHz), accepted     6885/  540001 events ( 1.27%)
Processed   550000/ 1195247 entries, 46.02% (elapsed time   342.8s, curr speed    1.579 kHz, avg speed    1.604 kHz), accepted     7011/  550001 events ( 1.27%)
Processed   560000/ 1195247 entries, 46.85% (elapsed time   348.2s, curr speed    1.863 kHz, avg speed    1.608 kHz), accepted     7117/  560001 events ( 1.27%)
Processed   570000/ 1195247 entries, 47.69% (elapsed time   352.6s, curr speed    2.276 kHz, avg speed    1.617 kHz), accepted     7220/  570001 events ( 1.27%)
Processed   580000/ 1195247 entries, 48.53% (elapsed time   356.8s, curr speed    2.402 kHz, avg speed    1.626 kHz), accepted     7318/  580001 events ( 1.26%)
Processed   590000/ 1195247 entries, 49.36% (elapsed time   361.2s, curr speed    2.223 kHz, avg speed    1.633 kHz), accepted     7427/  590001 events ( 1.26%)
Processed   600000/ 1195247 entries, 50.20% (elapsed time   366.1s, curr speed    2.041 kHz, avg speed    1.639 kHz), accepted     7554/  600001 events ( 1.26%)
Processed   610000/ 1195247 entries, 51.04% (elapsed time   371.5s, curr speed    1.880 kHz, avg speed    1.642 kHz), accepted     7677/  610001 events ( 1.26%)
Processed   620000/ 1195247 entries, 51.87% (elapsed time   378.5s, curr speed    1.426 kHz, avg speed    1.638 kHz), accepted     7790/  620001 events ( 1.26%)
Processed   630000/ 1195247 entries, 52.71% (elapsed time   383.5s, curr speed    1.980 kHz, avg speed    1.643 kHz), accepted     7913/  630001 events ( 1.26%)
Processed   640000/ 1195247 entries, 53.55% (elapsed time   387.9s, curr speed    2.284 kHz, avg speed    1.650 kHz), accepted     8011/  640001 events ( 1.25%)
Processed   650000/ 1195247 entries, 54.38% (elapsed time   392.5s, curr speed    2.198 kHz, avg speed    1.656 kHz), accepted     8139/  650001 events ( 1.25%)
Processed   660000/ 1195247 entries, 55.22% (elapsed time   397.0s, curr speed    2.209 kHz, avg speed    1.663 kHz), accepted     8245/  660001 events ( 1.25%)
Processed   670000/ 1195247 entries, 56.06% (elapsed time   401.5s, curr speed    2.235 kHz, avg speed    1.669 kHz), accepted     8396/  670001 events ( 1.25%)
Processed   680000/ 1195247 entries, 56.89% (elapsed time   406.3s, curr speed    2.056 kHz, avg speed    1.674 kHz), accepted     8538/  680001 events ( 1.26%)
Processed   690000/ 1195247 entries, 57.73% (elapsed time   410.8s, curr speed    2.233 kHz, avg speed    1.680 kHz), accepted     8652/  690001 events ( 1.25%)
Processed   700000/ 1195247 entries, 58.57% (elapsed time   415.5s, curr speed    2.111 kHz, avg speed    1.685 kHz), accepted     8755/  700001 events ( 1.25%)
Processed   710000/ 1195247 entries, 59.40% (elapsed time   420.7s, curr speed    1.926 kHz, avg speed    1.688 kHz), accepted     8861/  710001 events ( 1.25%)
Processed   720000/ 1195247 entries, 60.24% (elapsed time   428.1s, curr speed    1.353 kHz, avg speed    1.682 kHz), accepted     8975/  720001 events ( 1.25%)
Processed   730000/ 1195247 entries, 61.08% (elapsed time   434.1s, curr speed    1.662 kHz, avg speed    1.681 kHz), accepted     9082/  730001 events ( 1.24%)
Processed   740000/ 1195247 entries, 61.91% (elapsed time   444.9s, curr speed    0.928 kHz, avg speed    1.663 kHz), accepted     9197/  740001 events ( 1.24%)
Processed   750000/ 1195247 entries, 62.75% (elapsed time   456.5s, curr speed    0.864 kHz, avg speed    1.643 kHz), accepted     9297/  750001 events ( 1.24%)
Processed   760000/ 1195247 entries, 63.59% (elapsed time   468.4s, curr speed    0.837 kHz, avg speed    1.622 kHz), accepted     9419/  760001 events ( 1.24%)
Processed   770000/ 1195247 entries, 64.42% (elapsed time   481.5s, curr speed    0.768 kHz, avg speed    1.599 kHz), accepted     9543/  770001 events ( 1.24%)
Processed   780000/ 1195247 entries, 65.26% (elapsed time   493.5s, curr speed    0.828 kHz, avg speed    1.580 kHz), accepted     9656/  780001 events ( 1.24%)
Processed   790000/ 1195247 entries, 66.10% (elapsed time   504.9s, curr speed    0.882 kHz, avg speed    1.565 kHz), accepted     9791/  790001 events ( 1.24%)
Processed   800000/ 1195247 entries, 66.93% (elapsed time   513.3s, curr speed    1.186 kHz, avg speed    1.559 kHz), accepted     9902/  800001 events ( 1.24%)
Processed   810000/ 1195247 entries, 67.77% (elapsed time   522.0s, curr speed    1.149 kHz, avg speed    1.552 kHz), accepted    10025/  810001 events ( 1.24%)
Processed   820000/ 1195247 entries, 68.61% (elapsed time   530.9s, curr speed    1.120 kHz, avg speed    1.544 kHz), accepted    10152/  820001 events ( 1.24%)
Processed   830000/ 1195247 entries, 69.44% (elapsed time   544.5s, curr speed    0.736 kHz, avg speed    1.524 kHz), accepted    10263/  830001 events ( 1.24%)
Processed   840000/ 1195247 entries, 70.28% (elapsed time   556.0s, curr speed    0.868 kHz, avg speed    1.511 kHz), accepted    10347/  840001 events ( 1.23%)
Processed   850000/ 1195247 entries, 71.12% (elapsed time   564.6s, curr speed    1.168 kHz, avg speed    1.505 kHz), accepted    10443/  850001 events ( 1.23%)
Processed   860000/ 1195247 entries, 71.95% (elapsed time   570.0s, curr speed    1.868 kHz, avg speed    1.509 kHz), accepted    10551/  860001 events ( 1.23%)
Processed   870000/ 1195247 entries, 72.79% (elapsed time   575.3s, curr speed    1.862 kHz, avg speed    1.512 kHz), accepted    10671/  870001 events ( 1.23%)
Processed   880000/ 1195247 entries, 73.62% (elapsed time   582.2s, curr speed    1.451 kHz, avg speed    1.511 kHz), accepted    10779/  880001 events ( 1.22%)
Processed   890000/ 1195247 entries, 74.46% (elapsed time   588.5s, curr speed    1.585 kHz, avg speed    1.512 kHz), accepted    10891/  890001 events ( 1.22%)
Processed   900000/ 1195247 entries, 75.30% (elapsed time   596.7s, curr speed    1.220 kHz, avg speed    1.508 kHz), accepted    11032/  900001 events ( 1.23%)
Processed   910000/ 1195247 entries, 76.13% (elapsed time   604.0s, curr speed    1.377 kHz, avg speed    1.507 kHz), accepted    11154/  910001 events ( 1.23%)
Processed   920000/ 1195247 entries, 76.97% (elapsed time   609.6s, curr speed    1.789 kHz, avg speed    1.509 kHz), accepted    11269/  920001 events ( 1.22%)
Processed   930000/ 1195247 entries, 77.81% (elapsed time   616.3s, curr speed    1.494 kHz, avg speed    1.509 kHz), accepted    11389/  930001 events ( 1.22%)
Processed   940000/ 1195247 entries, 78.64% (elapsed time   620.9s, curr speed    2.178 kHz, avg speed    1.514 kHz), accepted    11502/  940001 events ( 1.22%)
Processed   950000/ 1195247 entries, 79.48% (elapsed time   626.7s, curr speed    1.730 kHz, avg speed    1.516 kHz), accepted    11637/  950001 events ( 1.22%)
Processed   960000/ 1195247 entries, 80.32% (elapsed time   633.0s, curr speed    1.575 kHz, avg speed    1.517 kHz), accepted    11757/  960001 events ( 1.22%)
Processed   970000/ 1195247 entries, 81.15% (elapsed time   639.4s, curr speed    1.565 kHz, avg speed    1.517 kHz), accepted    11870/  970001 events ( 1.22%)
Processed   980000/ 1195247 entries, 81.99% (elapsed time   646.8s, curr speed    1.346 kHz, avg speed    1.515 kHz), accepted    11983/  980001 events ( 1.22%)
Processed   990000/ 1195247 entries, 82.83% (elapsed time   654.1s, curr speed    1.379 kHz, avg speed    1.514 kHz), accepted    12107/  990001 events ( 1.22%)
Processed  1000000/ 1195247 entries, 83.66% (elapsed time   660.3s, curr speed    1.606 kHz, avg speed    1.514 kHz), accepted    12225/ 1000001 events ( 1.22%)
Processed  1010000/ 1195247 entries, 84.50% (elapsed time   666.1s, curr speed    1.736 kHz, avg speed    1.516 kHz), accepted    12338/ 1010001 events ( 1.22%)
Processed  1020000/ 1195247 entries, 85.34% (elapsed time   671.9s, curr speed    1.697 kHz, avg speed    1.518 kHz), accepted    12423/ 1020001 events ( 1.22%)
Processed  1030000/ 1195247 entries, 86.17% (elapsed time   677.0s, curr speed    1.979 kHz, avg speed    1.521 kHz), accepted    12509/ 1030001 events ( 1.21%)
Processed  1040000/ 1195247 entries, 87.01% (elapsed time   681.4s, curr speed    2.277 kHz, avg speed    1.526 kHz), accepted    12616/ 1040001 events ( 1.21%)
Processed  1050000/ 1195247 entries, 87.85% (elapsed time   686.7s, curr speed    1.886 kHz, avg speed    1.529 kHz), accepted    12724/ 1050001 events ( 1.21%)
Processed  1060000/ 1195247 entries, 88.68% (elapsed time   690.4s, curr speed    2.704 kHz, avg speed    1.535 kHz), accepted    12831/ 1060001 events ( 1.21%)
Processed  1070000/ 1195247 entries, 89.52% (elapsed time   694.7s, curr speed    2.313 kHz, avg speed    1.540 kHz), accepted    12970/ 1070001 events ( 1.21%)
Processed  1080000/ 1195247 entries, 90.36% (elapsed time   699.0s, curr speed    2.316 kHz, avg speed    1.545 kHz), accepted    13107/ 1080001 events ( 1.21%)
Processed  1090000/ 1195247 entries, 91.19% (elapsed time   703.2s, curr speed    2.400 kHz, avg speed    1.550 kHz), accepted    13254/ 1090001 events ( 1.22%)
Processed  1100000/ 1195247 entries, 92.03% (elapsed time   709.0s, curr speed    1.732 kHz, avg speed    1.552 kHz), accepted    13391/ 1100001 events ( 1.22%)
Processed  1110000/ 1195247 entries, 92.87% (elapsed time   712.9s, curr speed    2.517 kHz, avg speed    1.557 kHz), accepted    13507/ 1110001 events ( 1.22%)
Processed  1120000/ 1195247 entries, 93.70% (elapsed time   717.1s, curr speed    2.400 kHz, avg speed    1.562 kHz), accepted    13645/ 1120001 events ( 1.22%)
Processed  1130000/ 1195247 entries, 94.54% (elapsed time   721.3s, curr speed    2.365 kHz, avg speed    1.567 kHz), accepted    13770/ 1130001 events ( 1.22%)
Processed  1140000/ 1195247 entries, 95.38% (elapsed time   726.0s, curr speed    2.148 kHz, avg speed    1.570 kHz), accepted    13913/ 1140001 events ( 1.22%)
Processed  1150000/ 1195247 entries, 96.21% (elapsed time   732.5s, curr speed    1.543 kHz, avg speed    1.570 kHz), accepted    14043/ 1150001 events ( 1.22%)
Processed  1160000/ 1195247 entries, 97.05% (elapsed time   737.7s, curr speed    1.924 kHz, avg speed    1.573 kHz), accepted    14138/ 1160001 events ( 1.22%)
Processed  1170000/ 1195247 entries, 97.89% (elapsed time   745.1s, curr speed    1.347 kHz, avg speed    1.570 kHz), accepted    14245/ 1170001 events ( 1.22%)
Processed  1180000/ 1195247 entries, 98.72% (elapsed time   749.7s, curr speed    2.160 kHz, avg speed    1.574 kHz), accepted    14362/ 1180001 events ( 1.22%)
Processed  1190000/ 1195247 entries, 99.56% (elapsed time   753.8s, curr speed    2.469 kHz, avg speed    1.579 kHz), accepted    14478/ 1190001 events ( 1.22%)
Processed 1195247 preselected entries from root://cms-xrd-global.cern.ch//store/data/Run2018D/EGamma/NANOAOD/Nano25Oct2019-v1/70000/FEBCE0C9-04D8-C24E-9705-51FEDA0D6F4D.root (1247208 entries). Finally selected 14532 entries
Total time 8020.4 sec. to process 2497535 events. Rate = 311.4 Hz.
>>> cwd          = /pool/condor/dir_14696
>>> ls           = ['pico_etau_etau_76.root', '_condor_stdout', '.job.ad', '.machine.ad', 'tmp', 'x509_voms', 'var', 'lvigilan.cc', '.chirp.config', '.update.ad', 'condor_exec.exe']
>>> getstorage('/eos/home-l/lvigilan/output_2017ReReco18/2018/etau/EGamma_Run2017D'), <EOS("/eos/home-l/lvigilan/output_2017ReReco18/2018/etau/EGamma_Run2017D") at 0x2ae1356cb810>
>>> Executing: 'cp ./pico_etau_etau_76.root /eos/home-l/lvigilan/output_2017ReReco18/2018/etau/EGamma_Run2017D'
>>> Removing './pico_etau_etau_76.root'...
>>> picojob.py done after 8025.9 seconds

Job complete at Tue Dec 29 15:01:00 CET 2020
Took 133 minutes 46 seconds040 (1631425.076.000) 12/29 15:09:13 Finished transferring output files
...
005 (1631425.076.000) 12/29 15:10:53 Job terminated.
	(1) Normal termination (return value 0)
		Usr 0 00:07:37, Sys 0 00:00:23  -  Run Remote Usage
		Usr 0 00:00:00, Sys 0 00:00:00  -  Run Local Usage
		Usr 0 00:07:37, Sys 0 00:00:23  -  Total Remote Usage
		Usr 0 00:00:00, Sys 0 00:00:00  -  Total Local Usage
	48816  -  Run Bytes Sent By Job
	9873  -  Run Bytes Received By Job
	48816  -  Total Bytes Sent By Job
	9873  -  Total Bytes Received By Job
	Partitionable Resources :    Usage  Request Allocated 
	   Cpus                 :     0.00        1         1 
	   Disk (KB)            :   116           1    298434 
	   Memory (MB)          :   233        2000      2000 
...
