000 (1633095.001.000) 12/30 00:26:48 Job submitted from host: <188.185.70.244:9618?addrs=188.185.70.244-9618+[2001-1458-d00-7--100-2ee]-9618&alias=bigbird10.cern.ch&noUDP&sock=schedd_1929_b647_195>
...
040 (1633095.001.000) 12/30 00:29:39 Started transferring input files
	Transferring to host: <128.142.109.203:9618?addrs=128.142.109.203-9618+[2001-1458-301-8f--100-568]-9618&noUDP&sock=2116_a9cf_42001>
...
040 (1633095.001.000) 12/30 00:29:39 Finished transferring input files
...
001 (1633095.001.000) 12/30 00:29:40 Job executing on host: <128.142.109.203:9618?addrs=128.142.109.203-9618+[2001-1458-301-8f--100-568]-9618&noUDP&sock=2004_27e1_3>
...
006 (1633095.001.000) 12/30 00:29:49 Image size of job updated: 12924
	12  -  MemoryUsage of job (MB)
	11800  -  ResidentSetSize of job (KB)
...
006 (1633095.001.000) 12/30 00:34:50 Image size of job updated: 433156
	345  -  MemoryUsage of job (MB)
	352716  -  ResidentSetSize of job (KB)
...
006 (1633095.001.000) 12/30 00:39:50 Image size of job updated: 440192
	352  -  MemoryUsage of job (MB)
	359696  -  ResidentSetSize of job (KB)
...
006 (1633095.001.000) 12/30 00:44:50 Image size of job updated: 440192
	352  -  MemoryUsage of job (MB)
	359804  -  ResidentSetSize of job (KB)
...
006 (1633095.001.000) 12/30 00:49:51 Image size of job updated: 440192
	352  -  MemoryUsage of job (MB)
	360184  -  ResidentSetSize of job (KB)
...
006 (1633095.001.000) 12/30 01:29:55 Image size of job updated: 440192
	369  -  MemoryUsage of job (MB)
	377548  -  ResidentSetSize of job (KB)
...
006 (1633095.001.000) 12/30 01:34:56 Image size of job updated: 440192
	405  -  MemoryUsage of job (MB)
	414396  -  ResidentSetSize of job (KB)
...
006 (1633095.001.000) 12/30 01:39:56 Image size of job updated: 440192
	405  -  MemoryUsage of job (MB)
	414408  -  ResidentSetSize of job (KB)
...
006 (1633095.001.000) 12/30 01:54:58 Image size of job updated: 440192
	405  -  MemoryUsage of job (MB)
	414416  -  ResidentSetSize of job (KB)
...
006 (1633095.001.000) 12/30 01:59:58 Image size of job updated: 452660
	431  -  MemoryUsage of job (MB)
	440484  -  ResidentSetSize of job (KB)
...
006 (1633095.001.000) 12/30 02:30:01 Image size of job updated: 502692
	476  -  MemoryUsage of job (MB)
	486572  -  ResidentSetSize of job (KB)
...
006 (1633095.001.000) 12/30 02:35:02 Image size of job updated: 503144
	476  -  MemoryUsage of job (MB)
	486604  -  ResidentSetSize of job (KB)
...
040 (1633095.001.000) 12/30 06:04:00 Started transferring output files
...
040 (1633095.001.000) 12/30 06:04:08 Finished transferring output files
...
009 (1633095.001.000) 12/30 06:04:09 Job was aborted by the user.
	Job removed by SYSTEM_PERIODIC_REMOVE due to wall time exceeded allowed max.
...
