Could not find platform independent libraries <prefix>
Could not find platform dependent libraries <exec_prefix>
Consider setting $PYTHONHOME to <prefix>[:<exec_prefix>]
ImportError: No module named site
Job start at Thu Jan 21 18:34:55 CET 2021
Running job on machine Linux b7g24n0020.cern.ch 3.10.0-1127.19.1.el7.x86_64 #1 SMP Tue Aug 25 17:23:54 UTC 2020 x86_64 x86_64 x86_64 GNU/Linux, host b7g24n0020.cern.ch
============================================================
$PWD=/pool/condor/dir_25883
$JOBID=1772912
$TASKID=0
$HOSTNAME=b7g24n0020.cern.ch
$TASKCMD=/afs/cern.ch/work/l/lvigilan/TauWork/CMSSW_10_6_17_patch1/src/TauFW/PicoProducer/python/processors/picojob.py -y UL2017 -d 'mc' -c etau -M ModuleETau --copydir /eos/home-l/lvigilan/output_UL2017/UL2017/etau/ST_tW_antitop -t _etau_0 --opt 'jec=False' -i root://cms-xrd-global.cern.ch//store/mc/RunIIFall17NanoAODv6/ST_tW_antitop_5f_inclusiveDecays_TuneCP5_PSweights_13TeV-powheg-pythia8/NANOAODSIM/PU2017_12Apr2018_Nano25Oct2019_102X_mc2017_realistic_v7-v1/130000/12DE9354-88D7-BD4A-8C3B-CFF544EE8B44.root root://cms-xrd-global.cern.ch//store/mc/RunIIFall17NanoAODv6/ST_tW_antitop_5f_inclusiveDecays_TuneCP5_PSweights_13TeV-powheg-pythia8/NANOAODSIM/PU2017_12Apr2018_Nano25Oct2019_102X_mc2017_realistic_v7-v1/130000/17C5B142-4916-A349-8490-8A025595FE67.root root://cms-xrd-global.cern.ch//store/mc/RunIIFall17NanoAODv6/ST_tW_antitop_5f_inclusiveDecays_TuneCP5_PSweights_13TeV-powheg-pythia8/NANOAODSIM/PU2017_12Apr2018_Nano25Oct2019_102X_mc2017_realistic_v7-v1/130000/2C9A3C1B-80DB-ED4B-941C-13B64A48121E.root root://cms-xrd-global.cern.ch//store/mc/RunIIFall17NanoAODv6/ST_tW_antitop_5f_inclusiveDecays_TuneCP5_PSweights_13TeV-powheg-pythia8/NANOAODSIM/PU2017_12Apr2018_Nano25Oct2019_102X_mc2017_realistic_v7-v1/130000/2FCF0229-A328-2949-947D-624ECBF53FFC.root root://cms-xrd-global.cern.ch//store/mc/RunIIFall17NanoAODv6/ST_tW_antitop_5f_inclusiveDecays_TuneCP5_PSweights_13TeV-powheg-pythia8/NANOAODSIM/PU2017_12Apr2018_Nano25Oct2019_102X_mc2017_realistic_v7-v1/130000/4609B610-9DFC-C240-8611-2D10DD78DA13.root
$WORKDIR=/pool/condor/dir_25883
>>> cd /afs/cern.ch/work/l/lvigilan/TauWork/CMSSW_10_6_17_patch1/src
>>> eval `scramv1 runtime -sh`
>>> cd /pool/condor/dir_25883
$PWD=/pool/condor/dir_25883
>>> /afs/cern.ch/work/l/lvigilan/TauWork/CMSSW_10_6_17_patch1/src/TauFW/PicoProducer/python/processors/picojob.py -y UL2017 -d 'mc' -c etau -M ModuleETau --copydir /eos/home-l/lvigilan/output_UL2017/UL2017/etau/ST_tW_antitop -t _etau_0 --opt 'jec=False' -i root://cms-xrd-global.cern.ch//store/mc/RunIIFall17NanoAODv6/ST_tW_antitop_5f_inclusiveDecays_TuneCP5_PSweights_13TeV-powheg-pythia8/NANOAODSIM/PU2017_12Apr2018_Nano25Oct2019_102X_mc2017_realistic_v7-v1/130000/12DE9354-88D7-BD4A-8C3B-CFF544EE8B44.root root://cms-xrd-global.cern.ch//store/mc/RunIIFall17NanoAODv6/ST_tW_antitop_5f_inclusiveDecays_TuneCP5_PSweights_13TeV-powheg-pythia8/NANOAODSIM/PU2017_12Apr2018_Nano25Oct2019_102X_mc2017_realistic_v7-v1/130000/17C5B142-4916-A349-8490-8A025595FE67.root root://cms-xrd-global.cern.ch//store/mc/RunIIFall17NanoAODv6/ST_tW_antitop_5f_inclusiveDecays_TuneCP5_PSweights_13TeV-powheg-pythia8/NANOAODSIM/PU2017_12Apr2018_Nano25Oct2019_102X_mc2017_realistic_v7-v1/130000/2C9A3C1B-80DB-ED4B-941C-13B64A48121E.root root://cms-xrd-global.cern.ch//store/mc/RunIIFall17NanoAODv6/ST_tW_antitop_5f_inclusiveDecays_TuneCP5_PSweights_13TeV-powheg-pythia8/NANOAODSIM/PU2017_12Apr2018_Nano25Oct2019_102X_mc2017_realistic_v7-v1/130000/2FCF0229-A328-2949-947D-624ECBF53FFC.root root://cms-xrd-global.cern.ch//store/mc/RunIIFall17NanoAODv6/ST_tW_antitop_5f_inclusiveDecays_TuneCP5_PSweights_13TeV-powheg-pythia8/NANOAODSIM/PU2017_12Apr2018_Nano25Oct2019_102X_mc2017_realistic_v7-v1/130000/4609B610-9DFC-C240-8611-2D10DD78DA13.root
Error in <TGClient::TGClient>: can't open display "localhost:24.0", switching to batch mode...
 In case you run from a remote ssh session, reconnect with ssh -Y
--------------------------------------------------------------------------------
>>> era          = 'UL2017'
>>> year         = 2017
>>> channel      = 'etau'
>>> modname      = 'ModuleETau'
>>> dtype        = 'mc'
>>> kwargs       = {'dtype': 'mc', 'verb': 0, 'era': 'UL2017', 'jec': False, 'year': 2017}
>>> maxevts      = None
>>> outdir       = '.'
>>> copydir      = '/eos/home-l/lvigilan/output_UL2017/UL2017/etau/ST_tW_antitop'
>>> infiles      = ['root://cms-xrd-global.cern.ch//store/mc/RunIIFall17NanoAODv6/ST_tW_antitop_5f_inclusiveDecays_TuneCP5_PSweights_13TeV-powheg-pythia8/NANOAODSIM/PU2017_12Apr2018_Nano25Oct2019_102X_mc2017_realistic_v7-v1/130000/12DE9354-88D7-BD4A-8C3B-CFF544EE8B44.root', 'root://cms-xrd-global.cern.ch//store/mc/RunIIFall17NanoAODv6/ST_tW_antitop_5f_inclusiveDecays_TuneCP5_PSweights_13TeV-powheg-pythia8/NANOAODSIM/PU2017_12Apr2018_Nano25Oct2019_102X_mc2017_realistic_v7-v1/130000/17C5B142-4916-A349-8490-8A025595FE67.root', 'root://cms-xrd-global.cern.ch//store/mc/RunIIFall17NanoAODv6/ST_tW_antitop_5f_inclusiveDecays_TuneCP5_PSweights_13TeV-powheg-pythia8/NANOAODSIM/PU2017_12Apr2018_Nano25Oct2019_102X_mc2017_realistic_v7-v1/130000/2C9A3C1B-80DB-ED4B-941C-13B64A48121E.root', 'root://cms-xrd-global.cern.ch//store/mc/RunIIFall17NanoAODv6/ST_tW_antitop_5f_inclusiveDecays_TuneCP5_PSweights_13TeV-powheg-pythia8/NANOAODSIM/PU2017_12Apr2018_Nano25Oct2019_102X_mc2017_realistic_v7-v1/130000/2FCF0229-A328-2949-947D-624ECBF53FFC.root', 'root://cms-xrd-global.cern.ch//store/mc/RunIIFall17NanoAODv6/ST_tW_antitop_5f_inclusiveDecays_TuneCP5_PSweights_13TeV-powheg-pythia8/NANOAODSIM/PU2017_12Apr2018_Nano25Oct2019_102X_mc2017_realistic_v7-v1/130000/4609B610-9DFC-C240-8611-2D10DD78DA13.root']
>>> outfname     = './pico_etau_etau_0.root'
>>> branchsel    = '/afs/cern.ch/work/l/lvigilan/TauWork/CMSSW_10_6_17_patch1/python/TauFW/PicoProducer/processors/keep_and_drop_skim.txt'
>>> json         = None
>>> prefetch     = False
>>> cwd          = /pool/condor/dir_25883
--------------------------------------------------------------------------------

   ################
   #  ModuleETau  #
   ################

Loading PileupWeightTool for '/afs/cern.ch/work/l/lvigilan/TauWork/CMSSW_10_6_17_patch1/src/TauFW/PicoProducer/data/pileup/Data_PileUp_UL2017_69p2.root' and '/afs/cern.ch/work/l/lvigilan/TauWork/CMSSW_10_6_17_patch1/src/TauFW/PicoProducer/data/pileup/MC_PileUp_UL2017_Summer19.root'
Loading BTagWeightTool for DeepCSV (medium WP)...
>>> BTagTool: [1m[33mWarning! [0m[33mHistogram 'etau/eff_DeepCSV_udsg_medium' does not exist in /afs/cern.ch/work/l/lvigilan/TauWork/CMSSW_10_6_17_patch1/src/TauFW/PicoProducer/data/btag/DeepCSV_2017_12Apr2017_eff.root! Reverting to default efficiency histogram...[0m
>>> BTagTool: [1m[33mWarning! [0m[33mHistogram 'etau/eff_DeepCSV_c_medium' does not exist in /afs/cern.ch/work/l/lvigilan/TauWork/CMSSW_10_6_17_patch1/src/TauFW/PicoProducer/data/btag/DeepCSV_2017_12Apr2017_eff.root! Reverting to default efficiency histogram...[0m
>>> BTagTool: [1m[33mWarning! [0m[33mHistogram 'etau/eff_DeepCSV_b_medium' does not exist in /afs/cern.ch/work/l/lvigilan/TauWork/CMSSW_10_6_17_patch1/src/TauFW/PicoProducer/data/btag/DeepCSV_2017_12Apr2017_eff.root! Reverting to default efficiency histogram...[0m
>>> BTagTool: [1m[33mWarning! [0m[33mMade use of default efficiency histograms! The b tag weights from this module should be regarded as placeholders only,
and should NOT be used for analyses. B (mis)tag efficiencies in MC are analysis dependent. Please create your own
efficiency histogram with data/btag/getBTagEfficiencies.py after running all MC samples with BTagWeightTool.[0m
Loading TreeProducerETau for './pico_etau_etau_0.root'
--------------------------------------------------------------------------------
>>> filename     = './pico_etau_etau_0.root'
>>> year         = 2017
>>> dtype        = 'mc'
>>> channel      = 'etau'
>>> ismc         = True
>>> isdata       = False
>>> isembed      = False
>>> tes          = 1.0
>>> tessys       = None
>>> ltf          = 1.0
>>> jtf          = 1.0
>>> dotoppt      = False
>>> dozpt        = False
>>> dojec        = False
>>> dojecsys     = False
>>> dotight      = False
>>> jetCutPt     = 30
>>> bjetCutEta   = 2.7
>>> tauwp        = 0
>>> eleCutPt     = 36
>>> eleCutEta    = 2.1
>>> tauCutPt     = 20
>>> tauCutEta    = 2.3
Pre-select 901320 entries out of 901320 (100.00%)
>>> PileupTool: [1m[33mWarning! [0m[33mPileupWeightTools.getWeight: Could not make pileup weight for npu=74.0 data=1.25748332577e-06, mc=0.0[0m
Processed    10000/  901320 entries,  1.11% (elapsed time    22.0s, curr speed    0.455 kHz, avg speed    0.455 kHz), accepted       61/   10001 events ( 0.61%)
Processed    20000/  901320 entries,  2.22% (elapsed time    35.5s, curr speed    0.740 kHz, avg speed    0.563 kHz), accepted      118/   20001 events ( 0.59%)
Processed    30000/  901320 entries,  3.33% (elapsed time    49.1s, curr speed    0.735 kHz, avg speed    0.611 kHz), accepted      188/   30001 events ( 0.63%)
Processed    40000/  901320 entries,  4.44% (elapsed time    63.2s, curr speed    0.712 kHz, avg speed    0.633 kHz), accepted      256/   40001 events ( 0.64%)
Processed    50000/  901320 entries,  5.55% (elapsed time    77.4s, curr speed    0.700 kHz, avg speed    0.646 kHz), accepted      321/   50001 events ( 0.64%)
Processed    60000/  901320 entries,  6.66% (elapsed time    90.5s, curr speed    0.765 kHz, avg speed    0.663 kHz), accepted      366/   60001 events ( 0.61%)
Processed    70000/  901320 entries,  7.77% (elapsed time   105.5s, curr speed    0.667 kHz, avg speed    0.663 kHz), accepted      418/   70001 events ( 0.60%)
Processed    80000/  901320 entries,  8.88% (elapsed time   124.1s, curr speed    0.539 kHz, avg speed    0.645 kHz), accepted      477/   80001 events ( 0.60%)
Processed    90000/  901320 entries,  9.99% (elapsed time   137.0s, curr speed    0.773 kHz, avg speed    0.657 kHz), accepted      539/   90001 events ( 0.60%)
Processed   100000/  901320 entries, 11.09% (elapsed time   150.9s, curr speed    0.720 kHz, avg speed    0.663 kHz), accepted      599/  100001 events ( 0.60%)
Processed   110000/  901320 entries, 12.20% (elapsed time   165.6s, curr speed    0.679 kHz, avg speed    0.664 kHz), accepted      662/  110001 events ( 0.60%)
Processed   120000/  901320 entries, 13.31% (elapsed time   179.2s, curr speed    0.737 kHz, avg speed    0.670 kHz), accepted      720/  120001 events ( 0.60%)
Processed   130000/  901320 entries, 14.42% (elapsed time   191.7s, curr speed    0.798 kHz, avg speed    0.678 kHz), accepted      768/  130001 events ( 0.59%)
Processed   140000/  901320 entries, 15.53% (elapsed time   203.7s, curr speed    0.837 kHz, avg speed    0.687 kHz), accepted      823/  140001 events ( 0.59%)
Processed   150000/  901320 entries, 16.64% (elapsed time   217.0s, curr speed    0.753 kHz, avg speed    0.691 kHz), accepted      879/  150001 events ( 0.59%)
Processed   160000/  901320 entries, 17.75% (elapsed time   234.4s, curr speed    0.575 kHz, avg speed    0.683 kHz), accepted      942/  160001 events ( 0.59%)
Processed   170000/  901320 entries, 18.86% (elapsed time   247.3s, curr speed    0.774 kHz, avg speed    0.687 kHz), accepted      996/  170001 events ( 0.59%)
Processed   180000/  901320 entries, 19.97% (elapsed time   259.4s, curr speed    0.823 kHz, avg speed    0.694 kHz), accepted     1046/  180001 events ( 0.58%)
Processed   190000/  901320 entries, 21.08% (elapsed time   272.1s, curr speed    0.788 kHz, avg speed    0.698 kHz), accepted     1107/  190001 events ( 0.58%)
Processed   200000/  901320 entries, 22.19% (elapsed time   285.8s, curr speed    0.729 kHz, avg speed    0.700 kHz), accepted     1166/  200001 events ( 0.58%)
Processed   210000/  901320 entries, 23.30% (elapsed time   298.8s, curr speed    0.774 kHz, avg speed    0.703 kHz), accepted     1231/  210001 events ( 0.59%)
Processed   220000/  901320 entries, 24.41% (elapsed time   313.2s, curr speed    0.693 kHz, avg speed    0.702 kHz), accepted     1281/  220001 events ( 0.58%)
Processed   230000/  901320 entries, 25.52% (elapsed time   329.2s, curr speed    0.625 kHz, avg speed    0.699 kHz), accepted     1342/  230001 events ( 0.58%)
Processed   240000/  901320 entries, 26.63% (elapsed time   345.4s, curr speed    0.616 kHz, avg speed    0.695 kHz), accepted     1407/  240001 events ( 0.59%)
Processed   250000/  901320 entries, 27.74% (elapsed time   357.4s, curr speed    0.836 kHz, avg speed    0.700 kHz), accepted     1452/  250001 events ( 0.58%)
Processed   260000/  901320 entries, 28.85% (elapsed time   370.1s, curr speed    0.788 kHz, avg speed    0.703 kHz), accepted     1510/  260001 events ( 0.58%)
Processed   270000/  901320 entries, 29.96% (elapsed time   383.3s, curr speed    0.755 kHz, avg speed    0.704 kHz), accepted     1558/  270001 events ( 0.58%)
Processed   280000/  901320 entries, 31.07% (elapsed time   396.7s, curr speed    0.748 kHz, avg speed    0.706 kHz), accepted     1620/  280001 events ( 0.58%)
Processed   290000/  901320 entries, 32.18% (elapsed time   409.6s, curr speed    0.773 kHz, avg speed    0.708 kHz), accepted     1676/  290001 events ( 0.58%)
Processed   300000/  901320 entries, 33.28% (elapsed time   423.0s, curr speed    0.745 kHz, avg speed    0.709 kHz), accepted     1732/  300001 events ( 0.58%)
Processed   310000/  901320 entries, 34.39% (elapsed time   441.0s, curr speed    0.557 kHz, avg speed    0.703 kHz), accepted     1804/  310001 events ( 0.58%)
Processed   320000/  901320 entries, 35.50% (elapsed time   455.3s, curr speed    0.696 kHz, avg speed    0.703 kHz), accepted     1870/  320001 events ( 0.58%)
Processed   330000/  901320 entries, 36.61% (elapsed time   467.6s, curr speed    0.816 kHz, avg speed    0.706 kHz), accepted     1922/  330001 events ( 0.58%)
Processed   340000/  901320 entries, 37.72% (elapsed time   480.4s, curr speed    0.781 kHz, avg speed    0.708 kHz), accepted     1970/  340001 events ( 0.58%)
Processed   350000/  901320 entries, 38.83% (elapsed time   492.6s, curr speed    0.816 kHz, avg speed    0.710 kHz), accepted     2028/  350001 events ( 0.58%)
Processed   360000/  901320 entries, 39.94% (elapsed time   506.8s, curr speed    0.707 kHz, avg speed    0.710 kHz), accepted     2096/  360001 events ( 0.58%)
Processed   370000/  901320 entries, 41.05% (elapsed time   520.2s, curr speed    0.748 kHz, avg speed    0.711 kHz), accepted     2156/  370001 events ( 0.58%)
Processed   380000/  901320 entries, 42.16% (elapsed time   537.5s, curr speed    0.575 kHz, avg speed    0.707 kHz), accepted     2212/  380001 events ( 0.58%)
Processed   390000/  901320 entries, 43.27% (elapsed time   551.2s, curr speed    0.733 kHz, avg speed    0.708 kHz), accepted     2276/  390001 events ( 0.58%)
Processed   400000/  901320 entries, 44.38% (elapsed time   563.8s, curr speed    0.793 kHz, avg speed    0.709 kHz), accepted     2331/  400001 events ( 0.58%)
Processed   410000/  901320 entries, 45.49% (elapsed time   576.1s, curr speed    0.815 kHz, avg speed    0.712 kHz), accepted     2379/  410001 events ( 0.58%)
Processed   420000/  901320 entries, 46.60% (elapsed time   589.0s, curr speed    0.774 kHz, avg speed    0.713 kHz), accepted     2434/  420001 events ( 0.58%)
Processed   430000/  901320 entries, 47.71% (elapsed time   601.4s, curr speed    0.804 kHz, avg speed    0.715 kHz), accepted     2495/  430001 events ( 0.58%)
Processed   440000/  901320 entries, 48.82% (elapsed time   614.3s, curr speed    0.775 kHz, avg speed    0.716 kHz), accepted     2556/  440001 events ( 0.58%)
Processed   450000/  901320 entries, 49.93% (elapsed time   628.9s, curr speed    0.689 kHz, avg speed    0.716 kHz), accepted     2609/  450001 events ( 0.58%)
Processed   460000/  901320 entries, 51.04% (elapsed time   646.5s, curr speed    0.568 kHz, avg speed    0.712 kHz), accepted     2667/  460001 events ( 0.58%)
Processed   470000/  901320 entries, 52.15% (elapsed time   660.6s, curr speed    0.706 kHz, avg speed    0.711 kHz), accepted     2719/  470001 events ( 0.58%)
Processed   480000/  901320 entries, 53.26% (elapsed time   674.3s, curr speed    0.734 kHz, avg speed    0.712 kHz), accepted     2773/  480001 events ( 0.58%)
Processed   490000/  901320 entries, 54.36% (elapsed time   687.9s, curr speed    0.734 kHz, avg speed    0.712 kHz), accepted     2839/  490001 events ( 0.58%)
Processed   500000/  901320 entries, 55.47% (elapsed time   701.8s, curr speed    0.721 kHz, avg speed    0.712 kHz), accepted     2902/  500001 events ( 0.58%)
Processed   510000/  901320 entries, 56.58% (elapsed time   714.0s, curr speed    0.817 kHz, avg speed    0.714 kHz), accepted     2953/  510001 events ( 0.58%)
Processed   520000/  901320 entries, 57.69% (elapsed time   728.0s, curr speed    0.717 kHz, avg speed    0.714 kHz), accepted     3022/  520001 events ( 0.58%)
Processed   530000/  901320 entries, 58.80% (elapsed time   746.3s, curr speed    0.546 kHz, avg speed    0.710 kHz), accepted     3078/  530001 events ( 0.58%)
Processed   540000/  901320 entries, 59.91% (elapsed time   758.9s, curr speed    0.796 kHz, avg speed    0.712 kHz), accepted     3130/  540001 events ( 0.58%)
Processed   550000/  901320 entries, 61.02% (elapsed time   772.3s, curr speed    0.744 kHz, avg speed    0.712 kHz), accepted     3177/  550001 events ( 0.58%)
Processed   560000/  901320 entries, 62.13% (elapsed time   785.9s, curr speed    0.735 kHz, avg speed    0.713 kHz), accepted     3246/  560001 events ( 0.58%)
Processed   570000/  901320 entries, 63.24% (elapsed time   799.1s, curr speed    0.755 kHz, avg speed    0.713 kHz), accepted     3301/  570001 events ( 0.58%)
Processed   580000/  901320 entries, 64.35% (elapsed time   812.7s, curr speed    0.736 kHz, avg speed    0.714 kHz), accepted     3367/  580001 events ( 0.58%)
Processed   590000/  901320 entries, 65.46% (elapsed time   825.7s, curr speed    0.771 kHz, avg speed    0.715 kHz), accepted     3433/  590001 events ( 0.58%)
Processed   600000/  901320 entries, 66.57% (elapsed time   839.4s, curr speed    0.728 kHz, avg speed    0.715 kHz), accepted     3488/  600001 events ( 0.58%)
Processed   610000/  901320 entries, 67.68% (elapsed time   856.9s, curr speed    0.571 kHz, avg speed    0.712 kHz), accepted     3548/  610001 events ( 0.58%)
Processed   620000/  901320 entries, 68.79% (elapsed time   870.3s, curr speed    0.750 kHz, avg speed    0.712 kHz), accepted     3609/  620001 events ( 0.58%)
Processed   630000/  901320 entries, 69.90% (elapsed time   883.5s, curr speed    0.756 kHz, avg speed    0.713 kHz), accepted     3663/  630001 events ( 0.58%)
Processed   640000/  901320 entries, 71.01% (elapsed time   897.7s, curr speed    0.704 kHz, avg speed    0.713 kHz), accepted     3721/  640001 events ( 0.58%)
Processed   650000/  901320 entries, 72.12% (elapsed time   910.3s, curr speed    0.791 kHz, avg speed    0.714 kHz), accepted     3763/  650001 events ( 0.58%)
Processed   660000/  901320 entries, 73.23% (elapsed time   922.6s, curr speed    0.815 kHz, avg speed    0.715 kHz), accepted     3828/  660001 events ( 0.58%)
Processed   670000/  901320 entries, 74.34% (elapsed time   935.3s, curr speed    0.787 kHz, avg speed    0.716 kHz), accepted     3866/  670001 events ( 0.58%)
Processed   680000/  901320 entries, 75.44% (elapsed time   955.0s, curr speed    0.508 kHz, avg speed    0.712 kHz), accepted     3923/  680001 events ( 0.58%)
Processed   690000/  901320 entries, 76.55% (elapsed time   966.6s, curr speed    0.862 kHz, avg speed    0.714 kHz), accepted     3975/  690001 events ( 0.58%)
Processed   700000/  901320 entries, 77.66% (elapsed time   980.7s, curr speed    0.709 kHz, avg speed    0.714 kHz), accepted     4049/  700001 events ( 0.58%)
Processed   710000/  901320 entries, 78.77% (elapsed time   993.2s, curr speed    0.800 kHz, avg speed    0.715 kHz), accepted     4104/  710001 events ( 0.58%)
Processed   720000/  901320 entries, 79.88% (elapsed time  1006.2s, curr speed    0.774 kHz, avg speed    0.716 kHz), accepted     4163/  720001 events ( 0.58%)
Processed   730000/  901320 entries, 80.99% (elapsed time  1019.6s, curr speed    0.742 kHz, avg speed    0.716 kHz), accepted     4216/  730001 events ( 0.58%)
Processed   740000/  901320 entries, 82.10% (elapsed time  1031.9s, curr speed    0.816 kHz, avg speed    0.717 kHz), accepted     4260/  740001 events ( 0.58%)
Processed   750000/  901320 entries, 83.21% (elapsed time  1045.5s, curr speed    0.735 kHz, avg speed    0.717 kHz), accepted     4316/  750001 events ( 0.58%)
Processed   760000/  901320 entries, 84.32% (elapsed time  1060.6s, curr speed    0.664 kHz, avg speed    0.717 kHz), accepted     4374/  760001 events ( 0.58%)
Processed   770000/  901320 entries, 85.43% (elapsed time  1076.7s, curr speed    0.620 kHz, avg speed    0.715 kHz), accepted     4449/  770001 events ( 0.58%)
Processed   780000/  901320 entries, 86.54% (elapsed time  1090.2s, curr speed    0.737 kHz, avg speed    0.715 kHz), accepted     4501/  780001 events ( 0.58%)
Processed   790000/  901320 entries, 87.65% (elapsed time  1103.8s, curr speed    0.738 kHz, avg speed    0.716 kHz), accepted     4550/  790001 events ( 0.58%)
Processed   800000/  901320 entries, 88.76% (elapsed time  1116.8s, curr speed    0.770 kHz, avg speed    0.716 kHz), accepted     4603/  800001 events ( 0.58%)
Processed   810000/  901320 entries, 89.87% (elapsed time  1129.1s, curr speed    0.810 kHz, avg speed    0.717 kHz), accepted     4667/  810001 events ( 0.58%)
Processed   820000/  901320 entries, 90.98% (elapsed time  1143.0s, curr speed    0.719 kHz, avg speed    0.717 kHz), accepted     4721/  820001 events ( 0.58%)
Processed   830000/  901320 entries, 92.09% (elapsed time  1158.1s, curr speed    0.663 kHz, avg speed    0.717 kHz), accepted     4788/  830001 events ( 0.58%)
Processed   840000/  901320 entries, 93.20% (elapsed time  1174.3s, curr speed    0.618 kHz, avg speed    0.715 kHz), accepted     4850/  840001 events ( 0.58%)
Processed   850000/  901320 entries, 94.31% (elapsed time  1186.8s, curr speed    0.797 kHz, avg speed    0.716 kHz), accepted     4903/  850001 events ( 0.58%)
Processed   860000/  901320 entries, 95.42% (elapsed time  1200.4s, curr speed    0.736 kHz, avg speed    0.716 kHz), accepted     4975/  860001 events ( 0.58%)
Processed   870000/  901320 entries, 96.53% (elapsed time  1214.8s, curr speed    0.695 kHz, avg speed    0.716 kHz), accepted     5033/  870001 events ( 0.58%)
Processed   880000/  901320 entries, 97.63% (elapsed time  1227.9s, curr speed    0.764 kHz, avg speed    0.717 kHz), accepted     5102/  880001 events ( 0.58%)
Processed   890000/  901320 entries, 98.74% (elapsed time  1240.9s, curr speed    0.768 kHz, avg speed    0.717 kHz), accepted     5164/  890001 events ( 0.58%)
Processed   900000/  901320 entries, 99.85% (elapsed time  1254.3s, curr speed    0.747 kHz, avg speed    0.718 kHz), accepted     5235/  900001 events ( 0.58%)
Processed 901320 preselected entries from root://cms-xrd-global.cern.ch//store/mc/RunIIFall17NanoAODv6/ST_tW_antitop_5f_inclusiveDecays_TuneCP5_PSweights_13TeV-powheg-pythia8/NANOAODSIM/PU2017_12Apr2018_Nano25Oct2019_102X_mc2017_realistic_v7-v1/130000/12DE9354-88D7-BD4A-8C3B-CFF544EE8B44.root (901320 entries). Finally selected 5244 entries
Pre-select 1531750 entries out of 1531750 (100.00%)
Processed    10000/ 1531750 entries,  0.65% (elapsed time    25.7s, curr speed    0.390 kHz, avg speed    0.390 kHz), accepted       56/   10001 events ( 0.56%)
Processed    20000/ 1531750 entries,  1.31% (elapsed time    55.1s, curr speed    0.340 kHz, avg speed    0.363 kHz), accepted      104/   20001 events ( 0.52%)
Processed    30000/ 1531750 entries,  1.96% (elapsed time    95.3s, curr speed    0.249 kHz, avg speed    0.315 kHz), accepted      157/   30001 events ( 0.52%)
Processed    40000/ 1531750 entries,  2.61% (elapsed time   103.3s, curr speed    1.246 kHz, avg speed    0.387 kHz), accepted      208/   40001 events ( 0.52%)
Processed    50000/ 1531750 entries,  3.26% (elapsed time   112.1s, curr speed    1.133 kHz, avg speed    0.446 kHz), accepted      280/   50001 events ( 0.56%)
Processed    60000/ 1531750 entries,  3.92% (elapsed time   118.9s, curr speed    1.471 kHz, avg speed    0.505 kHz), accepted      333/   60001 events ( 0.55%)
Processed    70000/ 1531750 entries,  4.57% (elapsed time   126.7s, curr speed    1.284 kHz, avg speed    0.552 kHz), accepted      413/   70001 events ( 0.59%)
Processed    80000/ 1531750 entries,  5.22% (elapsed time   136.5s, curr speed    1.018 kHz, avg speed    0.586 kHz), accepted      467/   80001 events ( 0.58%)
Processed    90000/ 1531750 entries,  5.88% (elapsed time   145.0s, curr speed    1.182 kHz, avg speed    0.621 kHz), accepted      530/   90001 events ( 0.59%)
Processed   100000/ 1531750 entries,  6.53% (elapsed time   154.8s, curr speed    1.017 kHz, avg speed    0.646 kHz), accepted      586/  100001 events ( 0.59%)
Processed   110000/ 1531750 entries,  7.18% (elapsed time   162.0s, curr speed    1.386 kHz, avg speed    0.679 kHz), accepted      655/  110001 events ( 0.60%)
>>> PileupTool: [1m[33mWarning! [0m[33mPileupWeightTools.getWeight: Could not make pileup weight for npu=74.0 data=1.25748332577e-06, mc=0.0[0m
Processed   120000/ 1531750 entries,  7.83% (elapsed time   169.8s, curr speed    1.298 kHz, avg speed    0.707 kHz), accepted      718/  120001 events ( 0.60%)
Processed   130000/ 1531750 entries,  8.49% (elapsed time   177.0s, curr speed    1.372 kHz, avg speed    0.734 kHz), accepted      773/  130001 events ( 0.59%)
Processed   140000/ 1531750 entries,  9.14% (elapsed time   184.7s, curr speed    1.306 kHz, avg speed    0.758 kHz), accepted      818/  140001 events ( 0.58%)
Processed   150000/ 1531750 entries,  9.79% (elapsed time   197.3s, curr speed    0.791 kHz, avg speed    0.760 kHz), accepted      884/  150001 events ( 0.59%)
Processed   160000/ 1531750 entries, 10.45% (elapsed time   205.3s, curr speed    1.251 kHz, avg speed    0.779 kHz), accepted      957/  160001 events ( 0.60%)
Processed   170000/ 1531750 entries, 11.10% (elapsed time   221.4s, curr speed    0.622 kHz, avg speed    0.768 kHz), accepted     1021/  170001 events ( 0.60%)
Processed   180000/ 1531750 entries, 11.75% (elapsed time   229.2s, curr speed    1.287 kHz, avg speed    0.785 kHz), accepted     1085/  180001 events ( 0.60%)
Processed   190000/ 1531750 entries, 12.40% (elapsed time   236.5s, curr speed    1.366 kHz, avg speed    0.803 kHz), accepted     1138/  190001 events ( 0.60%)
Processed   200000/ 1531750 entries, 13.06% (elapsed time   248.1s, curr speed    0.865 kHz, avg speed    0.806 kHz), accepted     1194/  200001 events ( 0.60%)
>>> PileupTool: [1m[33mWarning! [0m[33mPileupWeightTools.getWeight: Could not make pileup weight for npu=78.0 data=2.52655123218e-07, mc=0.0[0m
Processed   210000/ 1531750 entries, 13.71% (elapsed time   255.0s, curr speed    1.433 kHz, avg speed    0.823 kHz), accepted     1256/  210001 events ( 0.60%)
Processed   220000/ 1531750 entries, 14.36% (elapsed time   263.1s, curr speed    1.244 kHz, avg speed    0.836 kHz), accepted     1316/  220001 events ( 0.60%)
Processed   230000/ 1531750 entries, 15.02% (elapsed time   278.9s, curr speed    0.631 kHz, avg speed    0.825 kHz), accepted     1372/  230001 events ( 0.60%)
Processed   240000/ 1531750 entries, 15.67% (elapsed time   300.5s, curr speed    0.464 kHz, avg speed    0.799 kHz), accepted     1429/  240001 events ( 0.60%)
Processed   250000/ 1531750 entries, 16.32% (elapsed time   315.5s, curr speed    0.667 kHz, avg speed    0.793 kHz), accepted     1491/  250001 events ( 0.60%)
Processed   260000/ 1531750 entries, 16.97% (elapsed time   327.6s, curr speed    0.822 kHz, avg speed    0.794 kHz), accepted     1550/  260001 events ( 0.60%)
Processed   270000/ 1531750 entries, 17.63% (elapsed time   335.4s, curr speed    1.279 kHz, avg speed    0.805 kHz), accepted     1606/  270001 events ( 0.59%)
Processed   280000/ 1531750 entries, 18.28% (elapsed time   377.7s, curr speed    0.237 kHz, avg speed    0.741 kHz), accepted     1677/  280001 events ( 0.60%)
Processed   290000/ 1531750 entries, 18.93% (elapsed time   389.8s, curr speed    0.827 kHz, avg speed    0.744 kHz), accepted     1732/  290001 events ( 0.60%)
Processed   300000/ 1531750 entries, 19.59% (elapsed time   421.0s, curr speed    0.320 kHz, avg speed    0.713 kHz), accepted     1794/  300001 events ( 0.60%)
Processed   310000/ 1531750 entries, 20.24% (elapsed time   436.2s, curr speed    0.658 kHz, avg speed    0.711 kHz), accepted     1866/  310001 events ( 0.60%)
Processed   320000/ 1531750 entries, 20.89% (elapsed time   446.8s, curr speed    0.950 kHz, avg speed    0.716 kHz), accepted     1932/  320001 events ( 0.60%)
Processed   330000/ 1531750 entries, 21.54% (elapsed time   455.9s, curr speed    1.094 kHz, avg speed    0.724 kHz), accepted     2006/  330001 events ( 0.61%)
Processed   340000/ 1531750 entries, 22.20% (elapsed time   462.9s, curr speed    1.436 kHz, avg speed    0.735 kHz), accepted     2054/  340001 events ( 0.60%)
Processed   350000/ 1531750 entries, 22.85% (elapsed time   470.5s, curr speed    1.308 kHz, avg speed    0.744 kHz), accepted     2127/  350001 events ( 0.61%)
Processed   360000/ 1531750 entries, 23.50% (elapsed time   477.9s, curr speed    1.349 kHz, avg speed    0.753 kHz), accepted     2192/  360001 events ( 0.61%)
Processed   370000/ 1531750 entries, 24.16% (elapsed time   488.5s, curr speed    0.947 kHz, avg speed    0.757 kHz), accepted     2243/  370001 events ( 0.61%)
Processed   380000/ 1531750 entries, 24.81% (elapsed time   498.5s, curr speed    1.003 kHz, avg speed    0.762 kHz), accepted     2288/  380001 events ( 0.60%)
Processed   390000/ 1531750 entries, 25.46% (elapsed time   506.3s, curr speed    1.275 kHz, avg speed    0.770 kHz), accepted     2342/  390001 events ( 0.60%)
Processed   400000/ 1531750 entries, 26.11% (elapsed time   514.3s, curr speed    1.243 kHz, avg speed    0.778 kHz), accepted     2395/  400001 events ( 0.60%)
Processed   410000/ 1531750 entries, 26.77% (elapsed time   535.4s, curr speed    0.475 kHz, avg speed    0.766 kHz), accepted     2448/  410001 events ( 0.60%)
Processed   420000/ 1531750 entries, 27.42% (elapsed time   549.5s, curr speed    0.707 kHz, avg speed    0.764 kHz), accepted     2503/  420001 events ( 0.60%)
>>> PileupTool: [1m[33mWarning! [0m[33mPileupWeightTools.getWeight: Could not make pileup weight for npu=75.0 data=8.42562481429e-07, mc=0.0[0m
Processed   430000/ 1531750 entries, 28.07% (elapsed time   558.5s, curr speed    1.121 kHz, avg speed    0.770 kHz), accepted     2565/  430001 events ( 0.60%)
Processed   440000/ 1531750 entries, 28.73% (elapsed time   566.9s, curr speed    1.180 kHz, avg speed    0.776 kHz), accepted     2637/  440001 events ( 0.60%)
Processed   450000/ 1531750 entries, 29.38% (elapsed time   579.0s, curr speed    0.828 kHz, avg speed    0.777 kHz), accepted     2688/  450001 events ( 0.60%)
Processed   460000/ 1531750 entries, 30.03% (elapsed time   587.9s, curr speed    1.119 kHz, avg speed    0.782 kHz), accepted     2747/  460001 events ( 0.60%)
Processed   470000/ 1531750 entries, 30.68% (elapsed time   594.9s, curr speed    1.430 kHz, avg speed    0.790 kHz), accepted     2808/  470001 events ( 0.60%)
Processed   480000/ 1531750 entries, 31.34% (elapsed time   603.0s, curr speed    1.238 kHz, avg speed    0.796 kHz), accepted     2861/  480001 events ( 0.60%)
Processed   490000/ 1531750 entries, 31.99% (elapsed time   610.9s, curr speed    1.268 kHz, avg speed    0.802 kHz), accepted     2919/  490001 events ( 0.60%)
Processed   500000/ 1531750 entries, 32.64% (elapsed time   623.2s, curr speed    0.814 kHz, avg speed    0.802 kHz), accepted     2976/  500001 events ( 0.60%)
Processed   510000/ 1531750 entries, 33.30% (elapsed time   649.4s, curr speed    0.382 kHz, avg speed    0.785 kHz), accepted     3045/  510001 events ( 0.60%)
Processed   520000/ 1531750 entries, 33.95% (elapsed time   689.9s, curr speed    0.246 kHz, avg speed    0.754 kHz), accepted     3106/  520001 events ( 0.60%)
Processed   530000/ 1531750 entries, 34.60% (elapsed time   708.1s, curr speed    0.551 kHz, avg speed    0.748 kHz), accepted     3163/  530001 events ( 0.60%)
Processed   540000/ 1531750 entries, 35.25% (elapsed time   719.5s, curr speed    0.876 kHz, avg speed    0.751 kHz), accepted     3224/  540001 events ( 0.60%)
Processed   550000/ 1531750 entries, 35.91% (elapsed time   729.2s, curr speed    1.030 kHz, avg speed    0.754 kHz), accepted     3281/  550001 events ( 0.60%)
Processed   560000/ 1531750 entries, 36.56% (elapsed time   737.9s, curr speed    1.152 kHz, avg speed    0.759 kHz), accepted     3328/  560001 events ( 0.59%)
Processed   570000/ 1531750 entries, 37.21% (elapsed time   748.1s, curr speed    0.976 kHz, avg speed    0.762 kHz), accepted     3374/  570001 events ( 0.59%)
Processed   580000/ 1531750 entries, 37.87% (elapsed time   756.4s, curr speed    1.211 kHz, avg speed    0.767 kHz), accepted     3441/  580001 events ( 0.59%)
Processed   590000/ 1531750 entries, 38.52% (elapsed time   765.8s, curr speed    1.062 kHz, avg speed    0.770 kHz), accepted     3504/  590001 events ( 0.59%)
Processed   600000/ 1531750 entries, 39.17% (elapsed time   778.0s, curr speed    0.818 kHz, avg speed    0.771 kHz), accepted     3552/  600001 events ( 0.59%)
Processed   610000/ 1531750 entries, 39.82% (elapsed time   788.2s, curr speed    0.980 kHz, avg speed    0.774 kHz), accepted     3602/  610001 events ( 0.59%)
Processed   620000/ 1531750 entries, 40.48% (elapsed time   796.2s, curr speed    1.248 kHz, avg speed    0.779 kHz), accepted     3659/  620001 events ( 0.59%)
Processed   630000/ 1531750 entries, 41.13% (elapsed time   833.3s, curr speed    0.270 kHz, avg speed    0.756 kHz), accepted     3712/  630001 events ( 0.59%)
Processed   640000/ 1531750 entries, 41.78% (elapsed time   860.3s, curr speed    0.370 kHz, avg speed    0.744 kHz), accepted     3766/  640001 events ( 0.59%)
Processed   650000/ 1531750 entries, 42.44% (elapsed time   888.1s, curr speed    0.360 kHz, avg speed    0.732 kHz), accepted     3820/  650001 events ( 0.59%)
Processed   660000/ 1531750 entries, 43.09% (elapsed time   905.5s, curr speed    0.575 kHz, avg speed    0.729 kHz), accepted     3879/  660001 events ( 0.59%)
Processed   670000/ 1531750 entries, 43.74% (elapsed time   935.8s, curr speed    0.330 kHz, avg speed    0.716 kHz), accepted     3940/  670001 events ( 0.59%)
Processed   680000/ 1531750 entries, 44.39% (elapsed time   951.6s, curr speed    0.631 kHz, avg speed    0.715 kHz), accepted     3993/  680001 events ( 0.59%)
Processed   690000/ 1531750 entries, 45.05% (elapsed time   959.7s, curr speed    1.232 kHz, avg speed    0.719 kHz), accepted     4058/  690001 events ( 0.59%)
Processed   700000/ 1531750 entries, 45.70% (elapsed time   969.7s, curr speed    1.002 kHz, avg speed    0.722 kHz), accepted     4114/  700001 events ( 0.59%)
>>> PileupTool: [1m[33mWarning! [0m[33mPileupWeightTools.getWeight: Could not make pileup weight for npu=76.0 data=5.64820208539e-07, mc=0.0[0m
Processed   710000/ 1531750 entries, 46.35% (elapsed time  1021.2s, curr speed    0.194 kHz, avg speed    0.695 kHz), accepted     4176/  710001 events ( 0.59%)
Processed   720000/ 1531750 entries, 47.01% (elapsed time  1044.1s, curr speed    0.435 kHz, avg speed    0.690 kHz), accepted     4217/  720001 events ( 0.59%)
Processed   730000/ 1531750 entries, 47.66% (elapsed time  1053.1s, curr speed    1.119 kHz, avg speed    0.693 kHz), accepted     4269/  730001 events ( 0.58%)
Processed   740000/ 1531750 entries, 48.31% (elapsed time  1072.0s, curr speed    0.528 kHz, avg speed    0.690 kHz), accepted     4338/  740001 events ( 0.59%)
Processed   750000/ 1531750 entries, 48.96% (elapsed time  1082.6s, curr speed    0.943 kHz, avg speed    0.693 kHz), accepted     4401/  750001 events ( 0.59%)
Processed   760000/ 1531750 entries, 49.62% (elapsed time  1101.2s, curr speed    0.537 kHz, avg speed    0.690 kHz), accepted     4454/  760001 events ( 0.59%)
Processed   770000/ 1531750 entries, 50.27% (elapsed time  1120.8s, curr speed    0.511 kHz, avg speed    0.687 kHz), accepted     4523/  770001 events ( 0.59%)
Processed   780000/ 1531750 entries, 50.92% (elapsed time  1140.3s, curr speed    0.512 kHz, avg speed    0.684 kHz), accepted     4580/  780001 events ( 0.59%)
Processed   790000/ 1531750 entries, 51.57% (elapsed time  1159.2s, curr speed    0.529 kHz, avg speed    0.681 kHz), accepted     4634/  790001 events ( 0.59%)
Processed   800000/ 1531750 entries, 52.23% (elapsed time  1170.8s, curr speed    0.864 kHz, avg speed    0.683 kHz), accepted     4702/  800001 events ( 0.59%)
Processed   810000/ 1531750 entries, 52.88% (elapsed time  1183.8s, curr speed    0.768 kHz, avg speed    0.684 kHz), accepted     4756/  810001 events ( 0.59%)
Processed   820000/ 1531750 entries, 53.53% (elapsed time  1194.9s, curr speed    0.900 kHz, avg speed    0.686 kHz), accepted     4813/  820001 events ( 0.59%)
Processed   830000/ 1531750 entries, 54.19% (elapsed time  1204.1s, curr speed    1.094 kHz, avg speed    0.689 kHz), accepted     4876/  830001 events ( 0.59%)
Processed   840000/ 1531750 entries, 54.84% (elapsed time  1213.6s, curr speed    1.049 kHz, avg speed    0.692 kHz), accepted     4928/  840001 events ( 0.59%)
Processed   850000/ 1531750 entries, 55.49% (elapsed time  1227.2s, curr speed    0.736 kHz, avg speed    0.693 kHz), accepted     4996/  850001 events ( 0.59%)
Processed   860000/ 1531750 entries, 56.14% (elapsed time  1239.9s, curr speed    0.788 kHz, avg speed    0.694 kHz), accepted     5054/  860001 events ( 0.59%)
Processed   870000/ 1531750 entries, 56.80% (elapsed time  1248.4s, curr speed    1.169 kHz, avg speed    0.697 kHz), accepted     5121/  870001 events ( 0.59%)
Processed   880000/ 1531750 entries, 57.45% (elapsed time  1258.2s, curr speed    1.020 kHz, avg speed    0.699 kHz), accepted     5191/  880001 events ( 0.59%)
Processed   890000/ 1531750 entries, 58.10% (elapsed time  1267.0s, curr speed    1.141 kHz, avg speed    0.702 kHz), accepted     5242/  890001 events ( 0.59%)
Processed   900000/ 1531750 entries, 58.76% (elapsed time  1275.5s, curr speed    1.175 kHz, avg speed    0.706 kHz), accepted     5308/  900001 events ( 0.59%)
Processed   910000/ 1531750 entries, 59.41% (elapsed time  1283.5s, curr speed    1.245 kHz, avg speed    0.709 kHz), accepted     5367/  910001 events ( 0.59%)
Processed   920000/ 1531750 entries, 60.06% (elapsed time  1291.0s, curr speed    1.350 kHz, avg speed    0.713 kHz), accepted     5423/  920001 events ( 0.59%)
Processed   930000/ 1531750 entries, 60.71% (elapsed time  1300.0s, curr speed    1.103 kHz, avg speed    0.715 kHz), accepted     5474/  930001 events ( 0.59%)
Processed   940000/ 1531750 entries, 61.37% (elapsed time  1307.5s, curr speed    1.337 kHz, avg speed    0.719 kHz), accepted     5533/  940001 events ( 0.59%)
Processed   950000/ 1531750 entries, 62.02% (elapsed time  1315.9s, curr speed    1.192 kHz, avg speed    0.722 kHz), accepted     5593/  950001 events ( 0.59%)
Processed   960000/ 1531750 entries, 62.67% (elapsed time  1324.4s, curr speed    1.170 kHz, avg speed    0.725 kHz), accepted     5646/  960001 events ( 0.59%)
Processed   970000/ 1531750 entries, 63.33% (elapsed time  1336.1s, curr speed    0.859 kHz, avg speed    0.726 kHz), accepted     5701/  970001 events ( 0.59%)
Processed   980000/ 1531750 entries, 63.98% (elapsed time  1343.7s, curr speed    1.309 kHz, avg speed    0.729 kHz), accepted     5758/  980001 events ( 0.59%)
Processed   990000/ 1531750 entries, 64.63% (elapsed time  1351.9s, curr speed    1.218 kHz, avg speed    0.732 kHz), accepted     5820/  990001 events ( 0.59%)
Processed  1000000/ 1531750 entries, 65.28% (elapsed time  1360.4s, curr speed    1.179 kHz, avg speed    0.735 kHz), accepted     5875/ 1000001 events ( 0.59%)
Processed  1010000/ 1531750 entries, 65.94% (elapsed time  1369.0s, curr speed    1.162 kHz, avg speed    0.738 kHz), accepted     5927/ 1010001 events ( 0.59%)
Processed  1020000/ 1531750 entries, 66.59% (elapsed time  1379.7s, curr speed    0.933 kHz, avg speed    0.739 kHz), accepted     5973/ 1020001 events ( 0.59%)
Processed  1030000/ 1531750 entries, 67.24% (elapsed time  1389.1s, curr speed    1.065 kHz, avg speed    0.741 kHz), accepted     6043/ 1030001 events ( 0.59%)
Processed  1040000/ 1531750 entries, 67.90% (elapsed time  1397.2s, curr speed    1.232 kHz, avg speed    0.744 kHz), accepted     6095/ 1040001 events ( 0.59%)
Processed  1050000/ 1531750 entries, 68.55% (elapsed time  1405.8s, curr speed    1.165 kHz, avg speed    0.747 kHz), accepted     6146/ 1050001 events ( 0.59%)
Processed  1060000/ 1531750 entries, 69.20% (elapsed time  1413.3s, curr speed    1.331 kHz, avg speed    0.750 kHz), accepted     6199/ 1060001 events ( 0.58%)
Processed  1070000/ 1531750 entries, 69.85% (elapsed time  1420.5s, curr speed    1.394 kHz, avg speed    0.753 kHz), accepted     6258/ 1070001 events ( 0.58%)
Processed  1080000/ 1531750 entries, 70.51% (elapsed time  1427.3s, curr speed    1.476 kHz, avg speed    0.757 kHz), accepted     6305/ 1080001 events ( 0.58%)
Processed  1090000/ 1531750 entries, 71.16% (elapsed time  1434.5s, curr speed    1.385 kHz, avg speed    0.760 kHz), accepted     6353/ 1090001 events ( 0.58%)
Processed  1100000/ 1531750 entries, 71.81% (elapsed time  1441.7s, curr speed    1.389 kHz, avg speed    0.763 kHz), accepted     6415/ 1100001 events ( 0.58%)
Processed  1110000/ 1531750 entries, 72.47% (elapsed time  1452.5s, curr speed    0.926 kHz, avg speed    0.764 kHz), accepted     6463/ 1110001 events ( 0.58%)
Processed  1120000/ 1531750 entries, 73.12% (elapsed time  1460.2s, curr speed    1.304 kHz, avg speed    0.767 kHz), accepted     6523/ 1120001 events ( 0.58%)
Processed  1130000/ 1531750 entries, 73.77% (elapsed time  1468.1s, curr speed    1.262 kHz, avg speed    0.770 kHz), accepted     6592/ 1130001 events ( 0.58%)
Processed  1140000/ 1531750 entries, 74.42% (elapsed time  1474.8s, curr speed    1.492 kHz, avg speed    0.773 kHz), accepted     6646/ 1140001 events ( 0.58%)
Processed  1150000/ 1531750 entries, 75.08% (elapsed time  1482.2s, curr speed    1.348 kHz, avg speed    0.776 kHz), accepted     6703/ 1150001 events ( 0.58%)
Processed  1160000/ 1531750 entries, 75.73% (elapsed time  1489.8s, curr speed    1.314 kHz, avg speed    0.779 kHz), accepted     6774/ 1160001 events ( 0.58%)
Processed  1170000/ 1531750 entries, 76.38% (elapsed time  1497.0s, curr speed    1.401 kHz, avg speed    0.782 kHz), accepted     6835/ 1170001 events ( 0.58%)
Processed  1180000/ 1531750 entries, 77.04% (elapsed time  1504.4s, curr speed    1.341 kHz, avg speed    0.784 kHz), accepted     6901/ 1180001 events ( 0.58%)
Processed  1190000/ 1531750 entries, 77.69% (elapsed time  1514.5s, curr speed    0.991 kHz, avg speed    0.786 kHz), accepted     6960/ 1190001 events ( 0.58%)
Processed  1200000/ 1531750 entries, 78.34% (elapsed time  1521.2s, curr speed    1.493 kHz, avg speed    0.789 kHz), accepted     7006/ 1200001 events ( 0.58%)
Processed  1210000/ 1531750 entries, 78.99% (elapsed time  1528.2s, curr speed    1.424 kHz, avg speed    0.792 kHz), accepted     7055/ 1210001 events ( 0.58%)
Processed  1220000/ 1531750 entries, 79.65% (elapsed time  1535.7s, curr speed    1.345 kHz, avg speed    0.794 kHz), accepted     7115/ 1220001 events ( 0.58%)
Processed  1230000/ 1531750 entries, 80.30% (elapsed time  1543.3s, curr speed    1.307 kHz, avg speed    0.797 kHz), accepted     7161/ 1230001 events ( 0.58%)
Processed  1240000/ 1531750 entries, 80.95% (elapsed time  1550.7s, curr speed    1.353 kHz, avg speed    0.800 kHz), accepted     7211/ 1240001 events ( 0.58%)
Processed  1250000/ 1531750 entries, 81.61% (elapsed time  1558.4s, curr speed    1.302 kHz, avg speed    0.802 kHz), accepted     7262/ 1250001 events ( 0.58%)
Processed  1260000/ 1531750 entries, 82.26% (elapsed time  1569.2s, curr speed    0.923 kHz, avg speed    0.803 kHz), accepted     7321/ 1260001 events ( 0.58%)
Processed  1270000/ 1531750 entries, 82.91% (elapsed time  1576.9s, curr speed    1.309 kHz, avg speed    0.805 kHz), accepted     7379/ 1270001 events ( 0.58%)
Processed  1280000/ 1531750 entries, 83.56% (elapsed time  1584.3s, curr speed    1.346 kHz, avg speed    0.808 kHz), accepted     7429/ 1280001 events ( 0.58%)
Processed  1290000/ 1531750 entries, 84.22% (elapsed time  1593.2s, curr speed    1.122 kHz, avg speed    0.810 kHz), accepted     7482/ 1290001 events ( 0.58%)
Processed  1300000/ 1531750 entries, 84.87% (elapsed time  1601.8s, curr speed    1.169 kHz, avg speed    0.812 kHz), accepted     7540/ 1300001 events ( 0.58%)
Processed  1310000/ 1531750 entries, 85.52% (elapsed time  1608.7s, curr speed    1.446 kHz, avg speed    0.814 kHz), accepted     7600/ 1310001 events ( 0.58%)
Processed  1320000/ 1531750 entries, 86.18% (elapsed time  1616.1s, curr speed    1.346 kHz, avg speed    0.817 kHz), accepted     7646/ 1320001 events ( 0.58%)
Processed  1330000/ 1531750 entries, 86.83% (elapsed time  1628.1s, curr speed    0.833 kHz, avg speed    0.817 kHz), accepted     7706/ 1330001 events ( 0.58%)
Processed  1340000/ 1531750 entries, 87.48% (elapsed time  1637.2s, curr speed    1.097 kHz, avg speed    0.818 kHz), accepted     7768/ 1340001 events ( 0.58%)
>>> PileupTool: [1m[33mWarning! [0m[33mPileupWeightTools.getWeight: Could not make pileup weight for npu=75.0 data=8.42562481429e-07, mc=0.0[0m
Processed  1350000/ 1531750 entries, 88.13% (elapsed time  1644.6s, curr speed    1.350 kHz, avg speed    0.821 kHz), accepted     7823/ 1350001 events ( 0.58%)
Processed  1360000/ 1531750 entries, 88.79% (elapsed time  1652.7s, curr speed    1.246 kHz, avg speed    0.823 kHz), accepted     7876/ 1360001 events ( 0.58%)
Processed  1370000/ 1531750 entries, 89.44% (elapsed time  1660.5s, curr speed    1.273 kHz, avg speed    0.825 kHz), accepted     7937/ 1370001 events ( 0.58%)
Processed  1380000/ 1531750 entries, 90.09% (elapsed time  1669.3s, curr speed    1.133 kHz, avg speed    0.827 kHz), accepted     7989/ 1380001 events ( 0.58%)
Processed  1390000/ 1531750 entries, 90.75% (elapsed time  1676.6s, curr speed    1.383 kHz, avg speed    0.829 kHz), accepted     8046/ 1390001 events ( 0.58%)
Processed  1400000/ 1531750 entries, 91.40% (elapsed time  1684.9s, curr speed    1.202 kHz, avg speed    0.831 kHz), accepted     8096/ 1400001 events ( 0.58%)
>>> PileupTool: [1m[33mWarning! [0m[33mPileupWeightTools.getWeight: Could not make pileup weight for npu=76.0 data=5.64820208539e-07, mc=0.0[0m
Processed  1410000/ 1531750 entries, 92.05% (elapsed time  1698.2s, curr speed    0.753 kHz, avg speed    0.830 kHz), accepted     8159/ 1410001 events ( 0.58%)
Processed  1420000/ 1531750 entries, 92.70% (elapsed time  1706.4s, curr speed    1.225 kHz, avg speed    0.832 kHz), accepted     8206/ 1420001 events ( 0.58%)
Processed  1430000/ 1531750 entries, 93.36% (elapsed time  1714.5s, curr speed    1.228 kHz, avg speed    0.834 kHz), accepted     8268/ 1430001 events ( 0.58%)
Processed  1440000/ 1531750 entries, 94.01% (elapsed time  1723.0s, curr speed    1.179 kHz, avg speed    0.836 kHz), accepted     8332/ 1440001 events ( 0.58%)
Processed  1450000/ 1531750 entries, 94.66% (elapsed time  1733.3s, curr speed    0.965 kHz, avg speed    0.837 kHz), accepted     8405/ 1450001 events ( 0.58%)
Processed  1460000/ 1531750 entries, 95.32% (elapsed time  1741.4s, curr speed    1.244 kHz, avg speed    0.838 kHz), accepted     8468/ 1460001 events ( 0.58%)
Processed  1470000/ 1531750 entries, 95.97% (elapsed time  1749.7s, curr speed    1.195 kHz, avg speed    0.840 kHz), accepted     8510/ 1470001 events ( 0.58%)
Processed  1480000/ 1531750 entries, 96.62% (elapsed time  1760.1s, curr speed    0.963 kHz, avg speed    0.841 kHz), accepted     8562/ 1480001 events ( 0.58%)
Processed  1490000/ 1531750 entries, 97.27% (elapsed time  1769.7s, curr speed    1.046 kHz, avg speed    0.842 kHz), accepted     8629/ 1490001 events ( 0.58%)
Processed  1500000/ 1531750 entries, 97.93% (elapsed time  1778.0s, curr speed    1.204 kHz, avg speed    0.844 kHz), accepted     8692/ 1500001 events ( 0.58%)
Processed  1510000/ 1531750 entries, 98.58% (elapsed time  1786.7s, curr speed    1.150 kHz, avg speed    0.845 kHz), accepted     8752/ 1510001 events ( 0.58%)
Processed  1520000/ 1531750 entries, 99.23% (elapsed time  1795.6s, curr speed    1.126 kHz, avg speed    0.847 kHz), accepted     8805/ 1520001 events ( 0.58%)
Processed  1530000/ 1531750 entries, 99.89% (elapsed time  1804.9s, curr speed    1.071 kHz, avg speed    0.848 kHz), accepted     8866/ 1530001 events ( 0.58%)
Processed 1531750 preselected entries from root://cms-xrd-global.cern.ch//store/mc/RunIIFall17NanoAODv6/ST_tW_antitop_5f_inclusiveDecays_TuneCP5_PSweights_13TeV-powheg-pythia8/NANOAODSIM/PU2017_12Apr2018_Nano25Oct2019_102X_mc2017_realistic_v7-v1/130000/17C5B142-4916-A349-8490-8A025595FE67.root (1531750 entries). Finally selected 8873 entries
Pre-select 864942 entries out of 864942 (100.00%)
Processed    10000/  864942 entries,  1.16% (elapsed time    21.8s, curr speed    0.459 kHz, avg speed    0.459 kHz), accepted       56/   10001 events ( 0.56%)
Processed    20000/  864942 entries,  2.31% (elapsed time    34.6s, curr speed    0.777 kHz, avg speed    0.577 kHz), accepted      115/   20001 events ( 0.57%)
Processed    30000/  864942 entries,  3.47% (elapsed time    49.0s, curr speed    0.698 kHz, avg speed    0.613 kHz), accepted      166/   30001 events ( 0.55%)
Processed    40000/  864942 entries,  4.62% (elapsed time    63.0s, curr speed    0.715 kHz, avg speed    0.635 kHz), accepted      227/   40001 events ( 0.57%)
Processed    50000/  864942 entries,  5.78% (elapsed time    76.1s, curr speed    0.760 kHz, avg speed    0.657 kHz), accepted      282/   50001 events ( 0.56%)
Processed    60000/  864942 entries,  6.94% (elapsed time    88.8s, curr speed    0.789 kHz, avg speed    0.676 kHz), accepted      339/   60001 events ( 0.56%)
Processed    70000/  864942 entries,  8.09% (elapsed time   101.4s, curr speed    0.794 kHz, avg speed    0.690 kHz), accepted      411/   70001 events ( 0.59%)
Processed    80000/  864942 entries,  9.25% (elapsed time   114.8s, curr speed    0.743 kHz, avg speed    0.697 kHz), accepted      464/   80001 events ( 0.58%)
Processed    90000/  864942 entries, 10.41% (elapsed time   133.4s, curr speed    0.539 kHz, avg speed    0.675 kHz), accepted      514/   90001 events ( 0.57%)
Processed   100000/  864942 entries, 11.56% (elapsed time   146.3s, curr speed    0.772 kHz, avg speed    0.683 kHz), accepted      574/  100001 events ( 0.57%)
Processed   110000/  864942 entries, 12.72% (elapsed time   159.0s, curr speed    0.792 kHz, avg speed    0.692 kHz), accepted      637/  110001 events ( 0.58%)
Processed   120000/  864942 entries, 13.87% (elapsed time   172.0s, curr speed    0.768 kHz, avg speed    0.698 kHz), accepted      698/  120001 events ( 0.58%)
Processed   130000/  864942 entries, 15.03% (elapsed time   185.0s, curr speed    0.770 kHz, avg speed    0.703 kHz), accepted      765/  130001 events ( 0.59%)
Processed   140000/  864942 entries, 16.19% (elapsed time   198.0s, curr speed    0.767 kHz, avg speed    0.707 kHz), accepted      817/  140001 events ( 0.58%)
Processed   150000/  864942 entries, 17.34% (elapsed time   210.6s, curr speed    0.797 kHz, avg speed    0.712 kHz), accepted      867/  150001 events ( 0.58%)
Processed   160000/  864942 entries, 18.50% (elapsed time   222.6s, curr speed    0.831 kHz, avg speed    0.719 kHz), accepted      926/  160001 events ( 0.58%)
Processed   170000/  864942 entries, 19.65% (elapsed time   236.3s, curr speed    0.729 kHz, avg speed    0.719 kHz), accepted      976/  170001 events ( 0.57%)
Processed   180000/  864942 entries, 20.81% (elapsed time   253.9s, curr speed    0.568 kHz, avg speed    0.709 kHz), accepted     1044/  180001 events ( 0.58%)
Processed   190000/  864942 entries, 21.97% (elapsed time   267.4s, curr speed    0.742 kHz, avg speed    0.711 kHz), accepted     1109/  190001 events ( 0.58%)
Processed   200000/  864942 entries, 23.12% (elapsed time   280.6s, curr speed    0.760 kHz, avg speed    0.713 kHz), accepted     1168/  200001 events ( 0.58%)
Processed   210000/  864942 entries, 24.28% (elapsed time   293.6s, curr speed    0.767 kHz, avg speed    0.715 kHz), accepted     1228/  210001 events ( 0.58%)
Processed   220000/  864942 entries, 25.44% (elapsed time   306.6s, curr speed    0.769 kHz, avg speed    0.718 kHz), accepted     1289/  220001 events ( 0.59%)
Processed   230000/  864942 entries, 26.59% (elapsed time   318.8s, curr speed    0.822 kHz, avg speed    0.722 kHz), accepted     1330/  230001 events ( 0.58%)
Processed   240000/  864942 entries, 27.75% (elapsed time   331.4s, curr speed    0.794 kHz, avg speed    0.724 kHz), accepted     1375/  240001 events ( 0.57%)
Processed   250000/  864942 entries, 28.90% (elapsed time   343.8s, curr speed    0.806 kHz, avg speed    0.727 kHz), accepted     1432/  250001 events ( 0.57%)
Processed   260000/  864942 entries, 30.06% (elapsed time   358.7s, curr speed    0.668 kHz, avg speed    0.725 kHz), accepted     1499/  260001 events ( 0.58%)
Processed   270000/  864942 entries, 31.22% (elapsed time   373.8s, curr speed    0.663 kHz, avg speed    0.722 kHz), accepted     1552/  270001 events ( 0.57%)
Processed   280000/  864942 entries, 32.37% (elapsed time   387.3s, curr speed    0.742 kHz, avg speed    0.723 kHz), accepted     1610/  280001 events ( 0.57%)
Processed   290000/  864942 entries, 33.53% (elapsed time   400.3s, curr speed    0.772 kHz, avg speed    0.725 kHz), accepted     1666/  290001 events ( 0.57%)
Processed   300000/  864942 entries, 34.68% (elapsed time   413.6s, curr speed    0.747 kHz, avg speed    0.725 kHz), accepted     1727/  300001 events ( 0.58%)
Processed   310000/  864942 entries, 35.84% (elapsed time   425.8s, curr speed    0.824 kHz, avg speed    0.728 kHz), accepted     1781/  310001 events ( 0.57%)
Processed   320000/  864942 entries, 37.00% (elapsed time   438.4s, curr speed    0.792 kHz, avg speed    0.730 kHz), accepted     1837/  320001 events ( 0.57%)
Processed   330000/  864942 entries, 38.15% (elapsed time   451.0s, curr speed    0.794 kHz, avg speed    0.732 kHz), accepted     1894/  330001 events ( 0.57%)
Processed   340000/  864942 entries, 39.31% (elapsed time   464.5s, curr speed    0.741 kHz, avg speed    0.732 kHz), accepted     1950/  340001 events ( 0.57%)
Processed   350000/  864942 entries, 40.47% (elapsed time   482.1s, curr speed    0.569 kHz, avg speed    0.726 kHz), accepted     2003/  350001 events ( 0.57%)
Processed   360000/  864942 entries, 41.62% (elapsed time   494.5s, curr speed    0.803 kHz, avg speed    0.728 kHz), accepted     2059/  360001 events ( 0.57%)
Processed   370000/  864942 entries, 42.78% (elapsed time   508.2s, curr speed    0.732 kHz, avg speed    0.728 kHz), accepted     2123/  370001 events ( 0.57%)
Processed   380000/  864942 entries, 43.93% (elapsed time   521.5s, curr speed    0.753 kHz, avg speed    0.729 kHz), accepted     2186/  380001 events ( 0.58%)
Processed   390000/  864942 entries, 45.09% (elapsed time   534.8s, curr speed    0.747 kHz, avg speed    0.729 kHz), accepted     2241/  390001 events ( 0.57%)
Processed   400000/  864942 entries, 46.25% (elapsed time   547.6s, curr speed    0.786 kHz, avg speed    0.730 kHz), accepted     2300/  400001 events ( 0.57%)
>>> PileupTool: [1m[33mWarning! [0m[33mPileupWeightTools.getWeight: Could not make pileup weight for npu=76.0 data=5.64820208539e-07, mc=0.0[0m
Processed   410000/  864942 entries, 47.40% (elapsed time   559.6s, curr speed    0.829 kHz, avg speed    0.733 kHz), accepted     2362/  410001 events ( 0.58%)
Processed   420000/  864942 entries, 48.56% (elapsed time   573.1s, curr speed    0.744 kHz, avg speed    0.733 kHz), accepted     2424/  420001 events ( 0.58%)
Processed   430000/  864942 entries, 49.71% (elapsed time   586.6s, curr speed    0.741 kHz, avg speed    0.733 kHz), accepted     2480/  430001 events ( 0.58%)
Processed   440000/  864942 entries, 50.87% (elapsed time   605.2s, curr speed    0.538 kHz, avg speed    0.727 kHz), accepted     2548/  440001 events ( 0.58%)
Processed   450000/  864942 entries, 52.03% (elapsed time   618.1s, curr speed    0.774 kHz, avg speed    0.728 kHz), accepted     2608/  450001 events ( 0.58%)
Processed   460000/  864942 entries, 53.18% (elapsed time   632.7s, curr speed    0.686 kHz, avg speed    0.727 kHz), accepted     2677/  460001 events ( 0.58%)
Processed   470000/  864942 entries, 54.34% (elapsed time   645.9s, curr speed    0.755 kHz, avg speed    0.728 kHz), accepted     2751/  470001 events ( 0.59%)
Processed   480000/  864942 entries, 55.50% (elapsed time   658.8s, curr speed    0.776 kHz, avg speed    0.729 kHz), accepted     2805/  480001 events ( 0.58%)
Processed   490000/  864942 entries, 56.65% (elapsed time   671.5s, curr speed    0.789 kHz, avg speed    0.730 kHz), accepted     2855/  490001 events ( 0.58%)
Processed   500000/  864942 entries, 57.81% (elapsed time   683.2s, curr speed    0.852 kHz, avg speed    0.732 kHz), accepted     2915/  500001 events ( 0.58%)
>>> PileupTool: [1m[33mWarning! [0m[33mPileupWeightTools.getWeight: Could not make pileup weight for npu=75.0 data=8.42562481429e-07, mc=0.0[0m
Processed   510000/  864942 entries, 58.96% (elapsed time   696.2s, curr speed    0.771 kHz, avg speed    0.733 kHz), accepted     2977/  510001 events ( 0.58%)
Processed   520000/  864942 entries, 60.12% (elapsed time   709.8s, curr speed    0.733 kHz, avg speed    0.733 kHz), accepted     3032/  520001 events ( 0.58%)
Processed   530000/  864942 entries, 61.28% (elapsed time   726.7s, curr speed    0.593 kHz, avg speed    0.729 kHz), accepted     3090/  530001 events ( 0.58%)
Processed   540000/  864942 entries, 62.43% (elapsed time   739.4s, curr speed    0.784 kHz, avg speed    0.730 kHz), accepted     3171/  540001 events ( 0.59%)
Processed   550000/  864942 entries, 63.59% (elapsed time   752.4s, curr speed    0.774 kHz, avg speed    0.731 kHz), accepted     3246/  550001 events ( 0.59%)
Processed   560000/  864942 entries, 64.74% (elapsed time   765.3s, curr speed    0.772 kHz, avg speed    0.732 kHz), accepted     3311/  560001 events ( 0.59%)
Processed   570000/  864942 entries, 65.90% (elapsed time   778.2s, curr speed    0.778 kHz, avg speed    0.732 kHz), accepted     3373/  570001 events ( 0.59%)
Processed   580000/  864942 entries, 67.06% (elapsed time   790.7s, curr speed    0.795 kHz, avg speed    0.733 kHz), accepted     3416/  580001 events ( 0.59%)
Processed   590000/  864942 entries, 68.21% (elapsed time   804.8s, curr speed    0.710 kHz, avg speed    0.733 kHz), accepted     3471/  590001 events ( 0.59%)
Processed   600000/  864942 entries, 69.37% (elapsed time   818.8s, curr speed    0.713 kHz, avg speed    0.733 kHz), accepted     3530/  600001 events ( 0.59%)
Processed   610000/  864942 entries, 70.52% (elapsed time   833.5s, curr speed    0.682 kHz, avg speed    0.732 kHz), accepted     3587/  610001 events ( 0.59%)
Processed   620000/  864942 entries, 71.68% (elapsed time   847.9s, curr speed    0.695 kHz, avg speed    0.731 kHz), accepted     3625/  620001 events ( 0.58%)
Processed   630000/  864942 entries, 72.84% (elapsed time   861.0s, curr speed    0.760 kHz, avg speed    0.732 kHz), accepted     3690/  630001 events ( 0.59%)
Processed   640000/  864942 entries, 73.99% (elapsed time   873.7s, curr speed    0.793 kHz, avg speed    0.733 kHz), accepted     3749/  640001 events ( 0.59%)
Processed   650000/  864942 entries, 75.15% (elapsed time   886.6s, curr speed    0.774 kHz, avg speed    0.733 kHz), accepted     3803/  650001 events ( 0.59%)
Processed   660000/  864942 entries, 76.31% (elapsed time   899.9s, curr speed    0.751 kHz, avg speed    0.733 kHz), accepted     3857/  660001 events ( 0.58%)
Processed   670000/  864942 entries, 77.46% (elapsed time   913.4s, curr speed    0.742 kHz, avg speed    0.734 kHz), accepted     3927/  670001 events ( 0.59%)
Processed   680000/  864942 entries, 78.62% (elapsed time   926.6s, curr speed    0.759 kHz, avg speed    0.734 kHz), accepted     3986/  680001 events ( 0.59%)
Processed   690000/  864942 entries, 79.77% (elapsed time   940.4s, curr speed    0.722 kHz, avg speed    0.734 kHz), accepted     4050/  690001 events ( 0.59%)
Processed   700000/  864942 entries, 80.93% (elapsed time   959.0s, curr speed    0.540 kHz, avg speed    0.730 kHz), accepted     4111/  700001 events ( 0.59%)
Processed   710000/  864942 entries, 82.09% (elapsed time   972.1s, curr speed    0.763 kHz, avg speed    0.730 kHz), accepted     4173/  710001 events ( 0.59%)
Processed   720000/  864942 entries, 83.24% (elapsed time   986.1s, curr speed    0.713 kHz, avg speed    0.730 kHz), accepted     4241/  720001 events ( 0.59%)
Processed   730000/  864942 entries, 84.40% (elapsed time   998.0s, curr speed    0.843 kHz, avg speed    0.731 kHz), accepted     4292/  730001 events ( 0.59%)
Processed   740000/  864942 entries, 85.55% (elapsed time  1010.0s, curr speed    0.831 kHz, avg speed    0.733 kHz), accepted     4350/  740001 events ( 0.59%)
Processed   750000/  864942 entries, 86.71% (elapsed time  1023.5s, curr speed    0.740 kHz, avg speed    0.733 kHz), accepted     4425/  750001 events ( 0.59%)
Processed   760000/  864942 entries, 87.87% (elapsed time  1036.8s, curr speed    0.750 kHz, avg speed    0.733 kHz), accepted     4479/  760001 events ( 0.59%)
Processed   770000/  864942 entries, 89.02% (elapsed time  1049.5s, curr speed    0.790 kHz, avg speed    0.734 kHz), accepted     4538/  770001 events ( 0.59%)
Processed   780000/  864942 entries, 90.18% (elapsed time  1063.0s, curr speed    0.741 kHz, avg speed    0.734 kHz), accepted     4598/  780001 events ( 0.59%)
Processed   790000/  864942 entries, 91.34% (elapsed time  1079.3s, curr speed    0.613 kHz, avg speed    0.732 kHz), accepted     4640/  790001 events ( 0.59%)
Processed   800000/  864942 entries, 92.49% (elapsed time  1093.0s, curr speed    0.733 kHz, avg speed    0.732 kHz), accepted     4692/  800001 events ( 0.59%)
Processed   810000/  864942 entries, 93.65% (elapsed time  1106.0s, curr speed    0.767 kHz, avg speed    0.732 kHz), accepted     4746/  810001 events ( 0.59%)
Processed   820000/  864942 entries, 94.80% (elapsed time  1119.5s, curr speed    0.739 kHz, avg speed    0.732 kHz), accepted     4795/  820001 events ( 0.58%)
Processed   830000/  864942 entries, 95.96% (elapsed time  1131.9s, curr speed    0.811 kHz, avg speed    0.733 kHz), accepted     4858/  830001 events ( 0.59%)
Processed   840000/  864942 entries, 97.12% (elapsed time  1143.6s, curr speed    0.854 kHz, avg speed    0.735 kHz), accepted     4910/  840001 events ( 0.58%)
Processed   850000/  864942 entries, 98.27% (elapsed time  1157.0s, curr speed    0.745 kHz, avg speed    0.735 kHz), accepted     4962/  850001 events ( 0.58%)
Processed   860000/  864942 entries, 99.43% (elapsed time  1169.1s, curr speed    0.824 kHz, avg speed    0.736 kHz), accepted     5020/  860001 events ( 0.58%)
Processed 864942 preselected entries from root://cms-xrd-global.cern.ch//store/mc/RunIIFall17NanoAODv6/ST_tW_antitop_5f_inclusiveDecays_TuneCP5_PSweights_13TeV-powheg-pythia8/NANOAODSIM/PU2017_12Apr2018_Nano25Oct2019_102X_mc2017_realistic_v7-v1/130000/2C9A3C1B-80DB-ED4B-941C-13B64A48121E.root (864942 entries). Finally selected 5050 entries
Pre-select 1246058 entries out of 1246058 (100.00%)
Processed    10000/ 1246058 entries,  0.80% (elapsed time    13.1s, curr speed    0.766 kHz, avg speed    0.766 kHz), accepted       53/   10001 events ( 0.53%)
Processed    20000/ 1246058 entries,  1.61% (elapsed time    20.6s, curr speed    1.323 kHz, avg speed    0.970 kHz), accepted      113/   20001 events ( 0.56%)
Processed    30000/ 1246058 entries,  2.41% (elapsed time    28.1s, curr speed    1.337 kHz, avg speed    1.068 kHz), accepted      178/   30001 events ( 0.59%)
Processed    40000/ 1246058 entries,  3.21% (elapsed time    34.8s, curr speed    1.484 kHz, avg speed    1.148 kHz), accepted      219/   40001 events ( 0.55%)
Processed    50000/ 1246058 entries,  4.01% (elapsed time    42.0s, curr speed    1.404 kHz, avg speed    1.192 kHz), accepted      287/   50001 events ( 0.57%)
Processed    60000/ 1246058 entries,  4.82% (elapsed time    48.8s, curr speed    1.454 kHz, avg speed    1.229 kHz), accepted      336/   60001 events ( 0.56%)
Processed    70000/ 1246058 entries,  5.62% (elapsed time    55.7s, curr speed    1.452 kHz, avg speed    1.256 kHz), accepted      398/   70001 events ( 0.57%)
Processed    80000/ 1246058 entries,  6.42% (elapsed time    65.0s, curr speed    1.073 kHz, avg speed    1.230 kHz), accepted      459/   80001 events ( 0.57%)
Processed    90000/ 1246058 entries,  7.22% (elapsed time    72.1s, curr speed    1.410 kHz, avg speed    1.248 kHz), accepted      517/   90001 events ( 0.57%)
Processed   100000/ 1246058 entries,  8.03% (elapsed time    78.8s, curr speed    1.495 kHz, avg speed    1.269 kHz), accepted      569/  100001 events ( 0.57%)
Processed   110000/ 1246058 entries,  8.83% (elapsed time    85.7s, curr speed    1.448 kHz, avg speed    1.283 kHz), accepted      620/  110001 events ( 0.56%)
Processed   120000/ 1246058 entries,  9.63% (elapsed time    92.7s, curr speed    1.443 kHz, avg speed    1.295 kHz), accepted      683/  120001 events ( 0.57%)
Processed   130000/ 1246058 entries, 10.43% (elapsed time    98.9s, curr speed    1.589 kHz, avg speed    1.314 kHz), accepted      748/  130001 events ( 0.58%)
>>> PileupTool: [1m[33mWarning! [0m[33mPileupWeightTools.getWeight: Could not make pileup weight for npu=80.0 data=1.11473779721e-07, mc=0.0[0m
Processed   140000/ 1246058 entries, 11.24% (elapsed time   106.7s, curr speed    1.289 kHz, avg speed    1.312 kHz), accepted      814/  140001 events ( 0.58%)
Processed   150000/ 1246058 entries, 12.04% (elapsed time   114.3s, curr speed    1.314 kHz, avg speed    1.312 kHz), accepted      878/  150001 events ( 0.59%)
Processed   160000/ 1246058 entries, 12.84% (elapsed time   131.8s, curr speed    0.571 kHz, avg speed    1.214 kHz), accepted      937/  160001 events ( 0.59%)
Processed   170000/ 1246058 entries, 13.64% (elapsed time   139.4s, curr speed    1.316 kHz, avg speed    1.219 kHz), accepted      986/  170001 events ( 0.58%)
Processed   180000/ 1246058 entries, 14.45% (elapsed time   146.6s, curr speed    1.400 kHz, avg speed    1.228 kHz), accepted     1042/  180001 events ( 0.58%)
Processed   190000/ 1246058 entries, 15.25% (elapsed time   155.9s, curr speed    1.071 kHz, avg speed    1.219 kHz), accepted     1104/  190001 events ( 0.58%)
Processed   200000/ 1246058 entries, 16.05% (elapsed time   164.1s, curr speed    1.213 kHz, avg speed    1.218 kHz), accepted     1163/  200001 events ( 0.58%)
Processed   210000/ 1246058 entries, 16.85% (elapsed time   171.4s, curr speed    1.375 kHz, avg speed    1.225 kHz), accepted     1208/  210001 events ( 0.58%)
Processed   220000/ 1246058 entries, 17.66% (elapsed time   178.7s, curr speed    1.377 kHz, avg speed    1.231 kHz), accepted     1272/  220001 events ( 0.58%)
Processed   230000/ 1246058 entries, 18.46% (elapsed time   186.9s, curr speed    1.220 kHz, avg speed    1.231 kHz), accepted     1326/  230001 events ( 0.58%)
Processed   240000/ 1246058 entries, 19.26% (elapsed time   196.9s, curr speed    1.000 kHz, avg speed    1.219 kHz), accepted     1387/  240001 events ( 0.58%)
Processed   250000/ 1246058 entries, 20.06% (elapsed time   204.6s, curr speed    1.297 kHz, avg speed    1.222 kHz), accepted     1455/  250001 events ( 0.58%)
Processed   260000/ 1246058 entries, 20.87% (elapsed time   211.9s, curr speed    1.372 kHz, avg speed    1.227 kHz), accepted     1520/  260001 events ( 0.58%)
Processed   270000/ 1246058 entries, 21.67% (elapsed time   218.9s, curr speed    1.422 kHz, avg speed    1.233 kHz), accepted     1587/  270001 events ( 0.59%)
Processed   280000/ 1246058 entries, 22.47% (elapsed time   226.5s, curr speed    1.309 kHz, avg speed    1.236 kHz), accepted     1644/  280001 events ( 0.59%)
>>> PileupTool: [1m[33mWarning! [0m[33mPileupWeightTools.getWeight: Could not make pileup weight for npu=76.0 data=5.64820208539e-07, mc=0.0[0m
Processed   290000/ 1246058 entries, 23.27% (elapsed time   234.6s, curr speed    1.240 kHz, avg speed    1.236 kHz), accepted     1702/  290001 events ( 0.59%)
Processed   300000/ 1246058 entries, 24.08% (elapsed time   242.3s, curr speed    1.304 kHz, avg speed    1.238 kHz), accepted     1756/  300001 events ( 0.59%)
Processed   310000/ 1246058 entries, 24.88% (elapsed time   252.6s, curr speed    0.967 kHz, avg speed    1.227 kHz), accepted     1814/  310001 events ( 0.59%)
Processed   320000/ 1246058 entries, 25.68% (elapsed time   260.3s, curr speed    1.303 kHz, avg speed    1.229 kHz), accepted     1866/  320001 events ( 0.58%)
Processed   330000/ 1246058 entries, 26.48% (elapsed time   267.2s, curr speed    1.448 kHz, avg speed    1.235 kHz), accepted     1924/  330001 events ( 0.58%)
Processed   340000/ 1246058 entries, 27.29% (elapsed time   275.5s, curr speed    1.207 kHz, avg speed    1.234 kHz), accepted     1992/  340001 events ( 0.59%)
Processed   350000/ 1246058 entries, 28.09% (elapsed time   285.4s, curr speed    1.004 kHz, avg speed    1.226 kHz), accepted     2056/  350001 events ( 0.59%)
Processed   360000/ 1246058 entries, 28.89% (elapsed time   293.8s, curr speed    1.194 kHz, avg speed    1.225 kHz), accepted     2105/  360001 events ( 0.58%)
Processed   370000/ 1246058 entries, 29.69% (elapsed time   301.7s, curr speed    1.275 kHz, avg speed    1.227 kHz), accepted     2159/  370001 events ( 0.58%)
Processed   380000/ 1246058 entries, 30.50% (elapsed time   309.3s, curr speed    1.317 kHz, avg speed    1.229 kHz), accepted     2207/  380001 events ( 0.58%)
Processed   390000/ 1246058 entries, 31.30% (elapsed time   320.2s, curr speed    0.910 kHz, avg speed    1.218 kHz), accepted     2270/  390001 events ( 0.58%)
Processed   400000/ 1246058 entries, 32.10% (elapsed time   327.3s, curr speed    1.422 kHz, avg speed    1.222 kHz), accepted     2324/  400001 events ( 0.58%)
Processed   410000/ 1246058 entries, 32.90% (elapsed time   334.9s, curr speed    1.307 kHz, avg speed    1.224 kHz), accepted     2377/  410001 events ( 0.58%)
>>> PileupTool: [1m[33mWarning! [0m[33mPileupWeightTools.getWeight: Could not make pileup weight for npu=75.0 data=8.42562481429e-07, mc=0.0[0m
Processed   420000/ 1246058 entries, 33.71% (elapsed time   343.8s, curr speed    1.127 kHz, avg speed    1.222 kHz), accepted     2440/  420001 events ( 0.58%)
Processed   430000/ 1246058 entries, 34.51% (elapsed time   352.4s, curr speed    1.166 kHz, avg speed    1.220 kHz), accepted     2503/  430001 events ( 0.58%)
Processed   440000/ 1246058 entries, 35.31% (elapsed time   363.2s, curr speed    0.927 kHz, avg speed    1.212 kHz), accepted     2544/  440001 events ( 0.58%)
Processed   450000/ 1246058 entries, 36.11% (elapsed time   371.5s, curr speed    1.206 kHz, avg speed    1.211 kHz), accepted     2610/  450001 events ( 0.58%)
Processed   460000/ 1246058 entries, 36.92% (elapsed time   379.2s, curr speed    1.285 kHz, avg speed    1.213 kHz), accepted     2676/  460001 events ( 0.58%)
Processed   470000/ 1246058 entries, 37.72% (elapsed time   389.6s, curr speed    0.962 kHz, avg speed    1.206 kHz), accepted     2742/  470001 events ( 0.58%)
Processed   480000/ 1246058 entries, 38.52% (elapsed time   396.7s, curr speed    1.416 kHz, avg speed    1.210 kHz), accepted     2804/  480001 events ( 0.58%)
Processed   490000/ 1246058 entries, 39.32% (elapsed time   403.6s, curr speed    1.454 kHz, avg speed    1.214 kHz), accepted     2854/  490001 events ( 0.58%)
Processed   500000/ 1246058 entries, 40.13% (elapsed time   411.6s, curr speed    1.242 kHz, avg speed    1.215 kHz), accepted     2906/  500001 events ( 0.58%)
Processed   510000/ 1246058 entries, 40.93% (elapsed time   419.1s, curr speed    1.329 kHz, avg speed    1.217 kHz), accepted     2954/  510001 events ( 0.58%)
>>> PileupTool: [1m[33mWarning! [0m[33mPileupWeightTools.getWeight: Could not make pileup weight for npu=74.0 data=1.25748332577e-06, mc=0.0[0m
Processed   520000/ 1246058 entries, 41.73% (elapsed time   427.7s, curr speed    1.169 kHz, avg speed    1.216 kHz), accepted     3018/  520001 events ( 0.58%)
Processed   530000/ 1246058 entries, 42.53% (elapsed time   436.0s, curr speed    1.204 kHz, avg speed    1.216 kHz), accepted     3093/  530001 events ( 0.58%)
Processed   540000/ 1246058 entries, 43.34% (elapsed time   446.7s, curr speed    0.932 kHz, avg speed    1.209 kHz), accepted     3146/  540001 events ( 0.58%)
Processed   550000/ 1246058 entries, 44.14% (elapsed time   455.4s, curr speed    1.151 kHz, avg speed    1.208 kHz), accepted     3200/  550001 events ( 0.58%)
Processed   560000/ 1246058 entries, 44.94% (elapsed time   462.5s, curr speed    1.409 kHz, avg speed    1.211 kHz), accepted     3256/  560001 events ( 0.58%)
Processed   570000/ 1246058 entries, 45.74% (elapsed time   470.2s, curr speed    1.296 kHz, avg speed    1.212 kHz), accepted     3326/  570001 events ( 0.58%)
Processed   580000/ 1246058 entries, 46.55% (elapsed time   477.8s, curr speed    1.329 kHz, avg speed    1.214 kHz), accepted     3380/  580001 events ( 0.58%)
Processed   590000/ 1246058 entries, 47.35% (elapsed time   486.4s, curr speed    1.154 kHz, avg speed    1.213 kHz), accepted     3442/  590001 events ( 0.58%)
Processed   600000/ 1246058 entries, 48.15% (elapsed time   494.6s, curr speed    1.229 kHz, avg speed    1.213 kHz), accepted     3508/  600001 events ( 0.58%)
Processed   610000/ 1246058 entries, 48.95% (elapsed time   502.6s, curr speed    1.239 kHz, avg speed    1.214 kHz), accepted     3556/  610001 events ( 0.58%)
Processed   620000/ 1246058 entries, 49.76% (elapsed time   513.9s, curr speed    0.888 kHz, avg speed    1.206 kHz), accepted     3617/  620001 events ( 0.58%)
Processed   630000/ 1246058 entries, 50.56% (elapsed time   522.1s, curr speed    1.218 kHz, avg speed    1.207 kHz), accepted     3684/  630001 events ( 0.58%)
Processed   640000/ 1246058 entries, 51.36% (elapsed time   530.3s, curr speed    1.217 kHz, avg speed    1.207 kHz), accepted     3747/  640001 events ( 0.59%)
Processed   650000/ 1246058 entries, 52.16% (elapsed time   538.1s, curr speed    1.281 kHz, avg speed    1.208 kHz), accepted     3810/  650001 events ( 0.59%)
Processed   660000/ 1246058 entries, 52.97% (elapsed time   545.0s, curr speed    1.464 kHz, avg speed    1.211 kHz), accepted     3864/  660001 events ( 0.59%)
Processed   670000/ 1246058 entries, 53.77% (elapsed time   553.1s, curr speed    1.221 kHz, avg speed    1.211 kHz), accepted     3914/  670001 events ( 0.58%)
Processed   680000/ 1246058 entries, 54.57% (elapsed time   561.9s, curr speed    1.139 kHz, avg speed    1.210 kHz), accepted     3973/  680001 events ( 0.58%)
Processed   690000/ 1246058 entries, 55.37% (elapsed time   571.8s, curr speed    1.015 kHz, avg speed    1.207 kHz), accepted     4012/  690001 events ( 0.58%)
Processed   700000/ 1246058 entries, 56.18% (elapsed time   584.3s, curr speed    0.798 kHz, avg speed    1.198 kHz), accepted     4081/  700001 events ( 0.58%)
Processed   710000/ 1246058 entries, 56.98% (elapsed time   592.0s, curr speed    1.293 kHz, avg speed    1.199 kHz), accepted     4138/  710001 events ( 0.58%)
Processed   720000/ 1246058 entries, 57.78% (elapsed time   599.0s, curr speed    1.429 kHz, avg speed    1.202 kHz), accepted     4200/  720001 events ( 0.58%)
Processed   730000/ 1246058 entries, 58.58% (elapsed time   607.4s, curr speed    1.192 kHz, avg speed    1.202 kHz), accepted     4241/  730001 events ( 0.58%)
Processed   740000/ 1246058 entries, 59.39% (elapsed time   615.0s, curr speed    1.324 kHz, avg speed    1.203 kHz), accepted     4289/  740001 events ( 0.58%)
Processed   750000/ 1246058 entries, 60.19% (elapsed time   622.5s, curr speed    1.336 kHz, avg speed    1.205 kHz), accepted     4348/  750001 events ( 0.58%)
Processed   760000/ 1246058 entries, 60.99% (elapsed time   630.6s, curr speed    1.231 kHz, avg speed    1.205 kHz), accepted     4409/  760001 events ( 0.58%)
Processed   770000/ 1246058 entries, 61.79% (elapsed time   641.9s, curr speed    0.887 kHz, avg speed    1.200 kHz), accepted     4462/  770001 events ( 0.58%)
Processed   780000/ 1246058 entries, 62.60% (elapsed time   649.4s, curr speed    1.322 kHz, avg speed    1.201 kHz), accepted     4520/  780001 events ( 0.58%)
Processed   790000/ 1246058 entries, 63.40% (elapsed time   656.6s, curr speed    1.398 kHz, avg speed    1.203 kHz), accepted     4575/  790001 events ( 0.58%)
Processed   800000/ 1246058 entries, 64.20% (elapsed time   664.6s, curr speed    1.248 kHz, avg speed    1.204 kHz), accepted     4640/  800001 events ( 0.58%)
Processed   810000/ 1246058 entries, 65.00% (elapsed time   672.3s, curr speed    1.293 kHz, avg speed    1.205 kHz), accepted     4704/  810001 events ( 0.58%)
Processed   820000/ 1246058 entries, 65.81% (elapsed time   680.1s, curr speed    1.289 kHz, avg speed    1.206 kHz), accepted     4765/  820001 events ( 0.58%)
Processed   830000/ 1246058 entries, 66.61% (elapsed time   688.9s, curr speed    1.130 kHz, avg speed    1.205 kHz), accepted     4829/  830001 events ( 0.58%)
>>> PileupTool: [1m[33mWarning! [0m[33mPileupWeightTools.getWeight: Could not make pileup weight for npu=78.0 data=2.52655123218e-07, mc=0.0[0m
Processed   840000/ 1246058 entries, 67.41% (elapsed time   698.0s, curr speed    1.106 kHz, avg speed    1.203 kHz), accepted     4886/  840001 events ( 0.58%)
Processed   850000/ 1246058 entries, 68.22% (elapsed time   712.1s, curr speed    0.710 kHz, avg speed    1.194 kHz), accepted     4952/  850001 events ( 0.58%)
Processed   860000/ 1246058 entries, 69.02% (elapsed time   721.2s, curr speed    1.089 kHz, avg speed    1.192 kHz), accepted     5004/  860001 events ( 0.58%)
Processed   870000/ 1246058 entries, 69.82% (elapsed time   737.5s, curr speed    0.615 kHz, avg speed    1.180 kHz), accepted     5072/  870001 events ( 0.58%)
Processed   880000/ 1246058 entries, 70.62% (elapsed time   758.9s, curr speed    0.467 kHz, avg speed    1.160 kHz), accepted     5118/  880001 events ( 0.58%)
Processed   890000/ 1246058 entries, 71.43% (elapsed time   768.3s, curr speed    1.063 kHz, avg speed    1.158 kHz), accepted     5163/  890001 events ( 0.58%)
>>> PileupTool: [1m[33mWarning! [0m[33mPileupWeightTools.getWeight: Could not make pileup weight for npu=74.0 data=1.25748332577e-06, mc=0.0[0m
Processed   900000/ 1246058 entries, 72.23% (elapsed time   778.4s, curr speed    0.995 kHz, avg speed    1.156 kHz), accepted     5220/  900001 events ( 0.58%)
Processed   910000/ 1246058 entries, 73.03% (elapsed time   787.1s, curr speed    1.140 kHz, avg speed    1.156 kHz), accepted     5266/  910001 events ( 0.58%)
Processed   920000/ 1246058 entries, 73.83% (elapsed time   799.2s, curr speed    0.830 kHz, avg speed    1.151 kHz), accepted     5318/  920001 events ( 0.58%)
Processed   930000/ 1246058 entries, 74.64% (elapsed time   813.5s, curr speed    0.699 kHz, avg speed    1.143 kHz), accepted     5370/  930001 events ( 0.58%)
Processed   940000/ 1246058 entries, 75.44% (elapsed time   822.8s, curr speed    1.070 kHz, avg speed    1.142 kHz), accepted     5423/  940001 events ( 0.58%)
Processed   950000/ 1246058 entries, 76.24% (elapsed time   832.5s, curr speed    1.038 kHz, avg speed    1.141 kHz), accepted     5486/  950001 events ( 0.58%)
Processed   960000/ 1246058 entries, 77.04% (elapsed time   842.3s, curr speed    1.020 kHz, avg speed    1.140 kHz), accepted     5533/  960001 events ( 0.58%)
Processed   970000/ 1246058 entries, 77.85% (elapsed time   851.7s, curr speed    1.059 kHz, avg speed    1.139 kHz), accepted     5605/  970001 events ( 0.58%)
Processed   980000/ 1246058 entries, 78.65% (elapsed time   861.6s, curr speed    1.018 kHz, avg speed    1.137 kHz), accepted     5661/  980001 events ( 0.58%)
Processed   990000/ 1246058 entries, 79.45% (elapsed time   871.5s, curr speed    1.007 kHz, avg speed    1.136 kHz), accepted     5721/  990001 events ( 0.58%)
Processed  1000000/ 1246058 entries, 80.25% (elapsed time   883.1s, curr speed    0.858 kHz, avg speed    1.132 kHz), accepted     5766/ 1000001 events ( 0.58%)
Processed  1010000/ 1246058 entries, 81.06% (elapsed time   896.5s, curr speed    0.748 kHz, avg speed    1.127 kHz), accepted     5827/ 1010001 events ( 0.58%)
Processed  1020000/ 1246058 entries, 81.86% (elapsed time   904.9s, curr speed    1.193 kHz, avg speed    1.127 kHz), accepted     5865/ 1020001 events ( 0.57%)
Processed  1030000/ 1246058 entries, 82.66% (elapsed time   913.6s, curr speed    1.152 kHz, avg speed    1.127 kHz), accepted     5918/ 1030001 events ( 0.57%)
Processed  1040000/ 1246058 entries, 83.46% (elapsed time   922.3s, curr speed    1.149 kHz, avg speed    1.128 kHz), accepted     5990/ 1040001 events ( 0.58%)
Processed  1050000/ 1246058 entries, 84.27% (elapsed time   931.0s, curr speed    1.149 kHz, avg speed    1.128 kHz), accepted     6043/ 1050001 events ( 0.58%)
Processed  1060000/ 1246058 entries, 85.07% (elapsed time   940.8s, curr speed    1.022 kHz, avg speed    1.127 kHz), accepted     6100/ 1060001 events ( 0.58%)
Processed  1070000/ 1246058 entries, 85.87% (elapsed time   951.7s, curr speed    0.911 kHz, avg speed    1.124 kHz), accepted     6150/ 1070001 events ( 0.57%)
Processed  1080000/ 1246058 entries, 86.67% (elapsed time   966.1s, curr speed    0.695 kHz, avg speed    1.118 kHz), accepted     6220/ 1080001 events ( 0.58%)
Processed  1090000/ 1246058 entries, 87.48% (elapsed time   976.7s, curr speed    0.943 kHz, avg speed    1.116 kHz), accepted     6279/ 1090001 events ( 0.58%)
Processed  1100000/ 1246058 entries, 88.28% (elapsed time   985.3s, curr speed    1.165 kHz, avg speed    1.116 kHz), accepted     6356/ 1100001 events ( 0.58%)
Processed  1110000/ 1246058 entries, 89.08% (elapsed time   994.8s, curr speed    1.058 kHz, avg speed    1.116 kHz), accepted     6417/ 1110001 events ( 0.58%)
Processed  1120000/ 1246058 entries, 89.88% (elapsed time  1003.5s, curr speed    1.153 kHz, avg speed    1.116 kHz), accepted     6474/ 1120001 events ( 0.58%)
Processed  1130000/ 1246058 entries, 90.69% (elapsed time  1013.6s, curr speed    0.990 kHz, avg speed    1.115 kHz), accepted     6530/ 1130001 events ( 0.58%)
Processed  1140000/ 1246058 entries, 91.49% (elapsed time  1022.9s, curr speed    1.068 kHz, avg speed    1.114 kHz), accepted     6580/ 1140001 events ( 0.58%)
Processed  1150000/ 1246058 entries, 92.29% (elapsed time  1036.0s, curr speed    0.761 kHz, avg speed    1.110 kHz), accepted     6648/ 1150001 events ( 0.58%)
Processed  1160000/ 1246058 entries, 93.09% (elapsed time  1049.3s, curr speed    0.756 kHz, avg speed    1.106 kHz), accepted     6707/ 1160001 events ( 0.58%)
Processed  1170000/ 1246058 entries, 93.90% (elapsed time  1057.7s, curr speed    1.188 kHz, avg speed    1.106 kHz), accepted     6766/ 1170001 events ( 0.58%)
Processed  1180000/ 1246058 entries, 94.70% (elapsed time  1066.8s, curr speed    1.093 kHz, avg speed    1.106 kHz), accepted     6836/ 1180001 events ( 0.58%)
Processed  1190000/ 1246058 entries, 95.50% (elapsed time  1076.5s, curr speed    1.037 kHz, avg speed    1.105 kHz), accepted     6895/ 1190001 events ( 0.58%)
Processed  1200000/ 1246058 entries, 96.30% (elapsed time  1085.6s, curr speed    1.092 kHz, avg speed    1.105 kHz), accepted     6947/ 1200001 events ( 0.58%)
Processed  1210000/ 1246058 entries, 97.11% (elapsed time  1095.7s, curr speed    0.996 kHz, avg speed    1.104 kHz), accepted     7008/ 1210001 events ( 0.58%)
Processed  1220000/ 1246058 entries, 97.91% (elapsed time  1105.7s, curr speed    0.997 kHz, avg speed    1.103 kHz), accepted     7069/ 1220001 events ( 0.58%)
Processed  1230000/ 1246058 entries, 98.71% (elapsed time  1118.8s, curr speed    0.764 kHz, avg speed    1.099 kHz), accepted     7129/ 1230001 events ( 0.58%)
Processed  1240000/ 1246058 entries, 99.51% (elapsed time  1128.8s, curr speed    1.002 kHz, avg speed    1.099 kHz), accepted     7190/ 1240001 events ( 0.58%)
Processed 1246058 preselected entries from root://cms-xrd-global.cern.ch//store/mc/RunIIFall17NanoAODv6/ST_tW_antitop_5f_inclusiveDecays_TuneCP5_PSweights_13TeV-powheg-pythia8/NANOAODSIM/PU2017_12Apr2018_Nano25Oct2019_102X_mc2017_realistic_v7-v1/130000/2FCF0229-A328-2949-947D-624ECBF53FFC.root (1246058 entries). Finally selected 7226 entries
Pre-select 570564 entries out of 570564 (100.00%)
Processed    10000/  570564 entries,  1.75% (elapsed time    19.8s, curr speed    0.504 kHz, avg speed    0.504 kHz), accepted       66/   10001 events ( 0.66%)
Processed    20000/  570564 entries,  3.51% (elapsed time    30.7s, curr speed    0.919 kHz, avg speed    0.651 kHz), accepted      118/   20001 events ( 0.59%)
Processed    30000/  570564 entries,  5.26% (elapsed time    42.7s, curr speed    0.835 kHz, avg speed    0.702 kHz), accepted      168/   30001 events ( 0.56%)
Processed    40000/  570564 entries,  7.01% (elapsed time    54.7s, curr speed    0.834 kHz, avg speed    0.731 kHz), accepted      227/   40001 events ( 0.57%)
Processed    50000/  570564 entries,  8.76% (elapsed time    66.4s, curr speed    0.851 kHz, avg speed    0.753 kHz), accepted      287/   50001 events ( 0.57%)
Processed    60000/  570564 entries, 10.52% (elapsed time    77.4s, curr speed    0.913 kHz, avg speed    0.775 kHz), accepted      346/   60001 events ( 0.58%)
Processed    70000/  570564 entries, 12.27% (elapsed time    88.3s, curr speed    0.920 kHz, avg speed    0.793 kHz), accepted      406/   70001 events ( 0.58%)
Processed    80000/  570564 entries, 14.02% (elapsed time    98.5s, curr speed    0.978 kHz, avg speed    0.812 kHz), accepted      459/   80001 events ( 0.57%)
Processed    90000/  570564 entries, 15.77% (elapsed time   111.9s, curr speed    0.746 kHz, avg speed    0.804 kHz), accepted      526/   90001 events ( 0.58%)
Processed   100000/  570564 entries, 17.53% (elapsed time   121.0s, curr speed    1.100 kHz, avg speed    0.827 kHz), accepted      585/  100001 events ( 0.58%)
Processed   110000/  570564 entries, 19.28% (elapsed time   129.7s, curr speed    1.152 kHz, avg speed    0.848 kHz), accepted      642/  110001 events ( 0.58%)
>>> PileupTool: [1m[33mWarning! [0m[33mPileupWeightTools.getWeight: Could not make pileup weight for npu=78.0 data=2.52655123218e-07, mc=0.0[0m
Processed   120000/  570564 entries, 21.03% (elapsed time   140.8s, curr speed    0.899 kHz, avg speed    0.852 kHz), accepted      707/  120001 events ( 0.59%)
Processed   130000/  570564 entries, 22.78% (elapsed time   150.9s, curr speed    0.988 kHz, avg speed    0.861 kHz), accepted      754/  130001 events ( 0.58%)
Processed   140000/  570564 entries, 24.54% (elapsed time   161.1s, curr speed    0.986 kHz, avg speed    0.869 kHz), accepted      816/  140001 events ( 0.58%)
Processed   150000/  570564 entries, 26.29% (elapsed time   171.3s, curr speed    0.978 kHz, avg speed    0.876 kHz), accepted      877/  150001 events ( 0.58%)
Processed   160000/  570564 entries, 28.04% (elapsed time   182.8s, curr speed    0.868 kHz, avg speed    0.875 kHz), accepted      933/  160001 events ( 0.58%)
Processed   170000/  570564 entries, 29.80% (elapsed time   191.5s, curr speed    1.147 kHz, avg speed    0.888 kHz), accepted      999/  170001 events ( 0.59%)
Processed   180000/  570564 entries, 31.55% (elapsed time   200.5s, curr speed    1.111 kHz, avg speed    0.898 kHz), accepted     1052/  180001 events ( 0.58%)
Processed   190000/  570564 entries, 33.30% (elapsed time   209.7s, curr speed    1.095 kHz, avg speed    0.906 kHz), accepted     1107/  190001 events ( 0.58%)
Processed   200000/  570564 entries, 35.05% (elapsed time   219.5s, curr speed    1.014 kHz, avg speed    0.911 kHz), accepted     1171/  200001 events ( 0.59%)
Processed   210000/  570564 entries, 36.81% (elapsed time   228.4s, curr speed    1.126 kHz, avg speed    0.919 kHz), accepted     1221/  210001 events ( 0.58%)
Processed   220000/  570564 entries, 38.56% (elapsed time   237.4s, curr speed    1.107 kHz, avg speed    0.927 kHz), accepted     1278/  220001 events ( 0.58%)
Processed   230000/  570564 entries, 40.31% (elapsed time   251.9s, curr speed    0.692 kHz, avg speed    0.913 kHz), accepted     1335/  230001 events ( 0.58%)
Processed   240000/  570564 entries, 42.06% (elapsed time   261.2s, curr speed    1.075 kHz, avg speed    0.919 kHz), accepted     1390/  240001 events ( 0.58%)
Processed   250000/  570564 entries, 43.82% (elapsed time   270.5s, curr speed    1.075 kHz, avg speed    0.924 kHz), accepted     1462/  250001 events ( 0.58%)
Processed   260000/  570564 entries, 45.57% (elapsed time   283.1s, curr speed    0.793 kHz, avg speed    0.918 kHz), accepted     1526/  260001 events ( 0.59%)
>>> PileupTool: [1m[33mWarning! [0m[33mPileupWeightTools.getWeight: Could not make pileup weight for npu=76.0 data=5.64820208539e-07, mc=0.0[0m
Processed   270000/  570564 entries, 47.32% (elapsed time   292.4s, curr speed    1.079 kHz, avg speed    0.923 kHz), accepted     1579/  270001 events ( 0.58%)
Processed   280000/  570564 entries, 49.07% (elapsed time   302.3s, curr speed    1.008 kHz, avg speed    0.926 kHz), accepted     1646/  280001 events ( 0.59%)
Processed   290000/  570564 entries, 50.83% (elapsed time   311.5s, curr speed    1.092 kHz, avg speed    0.931 kHz), accepted     1707/  290001 events ( 0.59%)
Processed   300000/  570564 entries, 52.58% (elapsed time   322.2s, curr speed    0.927 kHz, avg speed    0.931 kHz), accepted     1764/  300001 events ( 0.59%)
Processed   310000/  570564 entries, 54.33% (elapsed time   338.4s, curr speed    0.619 kHz, avg speed    0.916 kHz), accepted     1825/  310001 events ( 0.59%)
Processed   320000/  570564 entries, 56.08% (elapsed time   347.3s, curr speed    1.118 kHz, avg speed    0.921 kHz), accepted     1882/  320001 events ( 0.59%)
Processed   330000/  570564 entries, 57.84% (elapsed time   357.6s, curr speed    0.973 kHz, avg speed    0.923 kHz), accepted     1948/  330001 events ( 0.59%)
Processed   340000/  570564 entries, 59.59% (elapsed time   369.0s, curr speed    0.882 kHz, avg speed    0.922 kHz), accepted     2014/  340001 events ( 0.59%)
Processed   350000/  570564 entries, 61.34% (elapsed time   380.8s, curr speed    0.842 kHz, avg speed    0.919 kHz), accepted     2072/  350001 events ( 0.59%)
Processed   360000/  570564 entries, 63.10% (elapsed time   391.3s, curr speed    0.956 kHz, avg speed    0.920 kHz), accepted     2139/  360001 events ( 0.59%)
Processed   370000/  570564 entries, 64.85% (elapsed time   401.7s, curr speed    0.964 kHz, avg speed    0.921 kHz), accepted     2193/  370001 events ( 0.59%)
Processed   380000/  570564 entries, 66.60% (elapsed time   416.6s, curr speed    0.672 kHz, avg speed    0.912 kHz), accepted     2245/  380001 events ( 0.59%)
Processed   390000/  570564 entries, 68.35% (elapsed time   428.5s, curr speed    0.835 kHz, avg speed    0.910 kHz), accepted     2298/  390001 events ( 0.59%)
Processed   400000/  570564 entries, 70.11% (elapsed time   439.5s, curr speed    0.908 kHz, avg speed    0.910 kHz), accepted     2348/  400001 events ( 0.59%)
Processed   410000/  570564 entries, 71.86% (elapsed time   451.1s, curr speed    0.867 kHz, avg speed    0.909 kHz), accepted     2390/  410001 events ( 0.58%)
Processed   420000/  570564 entries, 73.61% (elapsed time   463.2s, curr speed    0.826 kHz, avg speed    0.907 kHz), accepted     2453/  420001 events ( 0.58%)
>>> PileupTool: [1m[33mWarning! [0m[33mPileupWeightTools.getWeight: Could not make pileup weight for npu=77.0 data=3.78217528813e-07, mc=0.0[0m
Processed   430000/  570564 entries, 75.36% (elapsed time   476.5s, curr speed    0.753 kHz, avg speed    0.902 kHz), accepted     2501/  430001 events ( 0.58%)
Processed   440000/  570564 entries, 77.12% (elapsed time   488.2s, curr speed    0.851 kHz, avg speed    0.901 kHz), accepted     2553/  440001 events ( 0.58%)
Processed   450000/  570564 entries, 78.87% (elapsed time   503.5s, curr speed    0.656 kHz, avg speed    0.894 kHz), accepted     2617/  450001 events ( 0.58%)
Processed   460000/  570564 entries, 80.62% (elapsed time   518.3s, curr speed    0.674 kHz, avg speed    0.888 kHz), accepted     2681/  460001 events ( 0.58%)
Processed   470000/  570564 entries, 82.37% (elapsed time   529.0s, curr speed    0.939 kHz, avg speed    0.889 kHz), accepted     2754/  470001 events ( 0.59%)
Processed   480000/  570564 entries, 84.13% (elapsed time   539.6s, curr speed    0.936 kHz, avg speed    0.889 kHz), accepted     2808/  480001 events ( 0.58%)
Processed   490000/  570564 entries, 85.88% (elapsed time   549.1s, curr speed    1.054 kHz, avg speed    0.892 kHz), accepted     2848/  490001 events ( 0.58%)
Processed   500000/  570564 entries, 87.63% (elapsed time   561.0s, curr speed    0.842 kHz, avg speed    0.891 kHz), accepted     2908/  500001 events ( 0.58%)
Processed   510000/  570564 entries, 89.39% (elapsed time   573.7s, curr speed    0.791 kHz, avg speed    0.889 kHz), accepted     2965/  510001 events ( 0.58%)
Processed   520000/  570564 entries, 91.14% (elapsed time   589.5s, curr speed    0.631 kHz, avg speed    0.882 kHz), accepted     3034/  520001 events ( 0.58%)
Processed   530000/  570564 entries, 92.89% (elapsed time   606.2s, curr speed    0.601 kHz, avg speed    0.874 kHz), accepted     3108/  530001 events ( 0.59%)
Processed   540000/  570564 entries, 94.64% (elapsed time   618.2s, curr speed    0.828 kHz, avg speed    0.873 kHz), accepted     3155/  540001 events ( 0.58%)
Processed   550000/  570564 entries, 96.40% (elapsed time   629.5s, curr speed    0.887 kHz, avg speed    0.874 kHz), accepted     3208/  550001 events ( 0.58%)
Processed   560000/  570564 entries, 98.15% (elapsed time   640.4s, curr speed    0.917 kHz, avg speed    0.874 kHz), accepted     3257/  560001 events ( 0.58%)
Processed   570000/  570564 entries, 99.90% (elapsed time   649.3s, curr speed    1.124 kHz, avg speed    0.878 kHz), accepted     3303/  570001 events ( 0.58%)
Processed 570564 preselected entries from root://cms-xrd-global.cern.ch//store/mc/RunIIFall17NanoAODv6/ST_tW_antitop_5f_inclusiveDecays_TuneCP5_PSweights_13TeV-powheg-pythia8/NANOAODSIM/PU2017_12Apr2018_Nano25Oct2019_102X_mc2017_realistic_v7-v1/130000/4609B610-9DFC-C240-8611-2D10DD78DA13.root (570564 entries). Finally selected 3307 entries
Total time 6034.3 sec. to process 5114634 events. Rate = 847.6 Hz.
>>> cwd          = /pool/condor/dir_25883
>>> ls           = ['.job.ad', 'tmp', 'var', '_condor_stdout', 'lvigilan.cc', 'condor_exec.exe', 'x509_voms', '.chirp.config', '.update.ad', 'pico_etau_etau_0.root', '.machine.ad']
>>> getstorage('/eos/home-l/lvigilan/output_UL2017/UL2017/etau/ST_tW_antitop'), <EOS("/eos/home-l/lvigilan/output_UL2017/UL2017/etau/ST_tW_antitop") at 0x2b9aa941c510>
>>> Executing: 'cp ./pico_etau_etau_0.root /eos/home-l/lvigilan/output_UL2017/UL2017/etau/ST_tW_antitop'
>>> Removing './pico_etau_etau_0.root'...
>>> picojob.py done after 6058.3 seconds

Job complete at Thu Jan 21 20:15:56 CET 2021
Took 101 minutes 1 seconds040 (1772912.000.000) 01/21 20:15:57 Finished transferring output files
...
005 (1772912.000.000) 01/21 20:15:57 Job terminated.
	(1) Normal termination (return value 0)
		Usr 0 00:13:10, Sys 0 00:00:46  -  Run Remote Usage
		Usr 0 00:00:00, Sys 0 00:00:00  -  Run Local Usage
		Usr 0 00:13:10, Sys 0 00:00:46  -  Total Remote Usage
		Usr 0 00:00:00, Sys 0 00:00:00  -  Total Local Usage
	100549  -  Run Bytes Sent By Job
	9906  -  Run Bytes Received By Job
	100549  -  Total Bytes Sent By Job
	9906  -  Total Bytes Received By Job
	Partitionable Resources :    Usage  Request Allocated 
	   Cpus                 :     0.19        1         1 
	   Disk (KB)            :   166           1    218106 
	   Memory (MB)          :   356        2000      2000 

	Job terminated of its own accord at 2021-01-21T19:15:56Z.
...
