Could not find platform independent libraries <prefix>
Could not find platform dependent libraries <exec_prefix>
Consider setting $PYTHONHOME to <prefix>[:<exec_prefix>]
ImportError: No module named site
Job start at Mon Jun  7 18:54:03 CEST 2021
Running job on machine Linux b7g23n3337.cern.ch 3.10.0-1127.19.1.el7.x86_64 #1 SMP Tue Aug 25 17:23:54 UTC 2020 x86_64 x86_64 x86_64 GNU/Linux, host b7g23n3337.cern.ch
============================================================
$PWD=/pool/condor/dir_29465
$JOBID=2367586
$TASKID=25
$HOSTNAME=b7g23n3337.cern.ch
$TASKCMD=/afs/cern.ch/work/l/lvigilan/TauWork/CMSSW_10_6_17_patch1/src/TauFW/PicoProducer/python/processors/picojob.py -y UL2017 -d 'mc' -c etau -M ETauFakeRate.ModuleETau --copydir /eos/home-l/lvigilan/output_ETauFR_UL17_RUN1/UL2017/etau/DY1JetsToLL_M-50 -t _etau_25 --opt 'useT1=True' 'zpt=True' -i /eos/cms/store/group/phys_tau/TauFW/nano/UL2017/DY1JetsToLL_M-50_TuneCP5_13TeV-madgraphMLM-pythia8/RunIISummer19UL17NanoAODv2-106X_mc2017_realistic_v8-v1/NANOAODSIM/7B22478D-DCE6-7748-B6C8-54D7810A1B74_skimjec_1.root /eos/cms/store/group/phys_tau/TauFW/nano/UL2017/DY1JetsToLL_M-50_TuneCP5_13TeV-madgraphMLM-pythia8/RunIISummer19UL17NanoAODv2-106X_mc2017_realistic_v8-v1/NANOAODSIM/7B22478D-DCE6-7748-B6C8-54D7810A1B74_skimjec_2.root /eos/cms/store/group/phys_tau/TauFW/nano/UL2017/DY1JetsToLL_M-50_TuneCP5_13TeV-madgraphMLM-pythia8/RunIISummer19UL17NanoAODv2-106X_mc2017_realistic_v8-v1/NANOAODSIM/7B22478D-DCE6-7748-B6C8-54D7810A1B74_skimjec_3.root /eos/cms/store/group/phys_tau/TauFW/nano/UL2017/DY1JetsToLL_M-50_TuneCP5_13TeV-madgraphMLM-pythia8/RunIISummer19UL17NanoAODv2-106X_mc2017_realistic_v8-v1/NANOAODSIM/7B22478D-DCE6-7748-B6C8-54D7810A1B74_skimjec_4.root /eos/cms/store/group/phys_tau/TauFW/nano/UL2017/DY1JetsToLL_M-50_TuneCP5_13TeV-madgraphMLM-pythia8/RunIISummer19UL17NanoAODv2-106X_mc2017_realistic_v8-v1/NANOAODSIM/7B22478D-DCE6-7748-B6C8-54D7810A1B74_skimjec_5.root
$WORKDIR=/pool/condor/dir_29465
>>> cd /afs/cern.ch/work/l/lvigilan/TauWork/CMSSW_10_6_17_patch1/src
>>> eval `scramv1 runtime -sh`
>>> cd /pool/condor/dir_29465
$PWD=/pool/condor/dir_29465
>>> /afs/cern.ch/work/l/lvigilan/TauWork/CMSSW_10_6_17_patch1/src/TauFW/PicoProducer/python/processors/picojob.py -y UL2017 -d 'mc' -c etau -M ETauFakeRate.ModuleETau --copydir /eos/home-l/lvigilan/output_ETauFR_UL17_RUN1/UL2017/etau/DY1JetsToLL_M-50 -t _etau_25 --opt 'useT1=True' 'zpt=True' -i /eos/cms/store/group/phys_tau/TauFW/nano/UL2017/DY1JetsToLL_M-50_TuneCP5_13TeV-madgraphMLM-pythia8/RunIISummer19UL17NanoAODv2-106X_mc2017_realistic_v8-v1/NANOAODSIM/7B22478D-DCE6-7748-B6C8-54D7810A1B74_skimjec_1.root /eos/cms/store/group/phys_tau/TauFW/nano/UL2017/DY1JetsToLL_M-50_TuneCP5_13TeV-madgraphMLM-pythia8/RunIISummer19UL17NanoAODv2-106X_mc2017_realistic_v8-v1/NANOAODSIM/7B22478D-DCE6-7748-B6C8-54D7810A1B74_skimjec_2.root /eos/cms/store/group/phys_tau/TauFW/nano/UL2017/DY1JetsToLL_M-50_TuneCP5_13TeV-madgraphMLM-pythia8/RunIISummer19UL17NanoAODv2-106X_mc2017_realistic_v8-v1/NANOAODSIM/7B22478D-DCE6-7748-B6C8-54D7810A1B74_skimjec_3.root /eos/cms/store/group/phys_tau/TauFW/nano/UL2017/DY1JetsToLL_M-50_TuneCP5_13TeV-madgraphMLM-pythia8/RunIISummer19UL17NanoAODv2-106X_mc2017_realistic_v8-v1/NANOAODSIM/7B22478D-DCE6-7748-B6C8-54D7810A1B74_skimjec_4.root /eos/cms/store/group/phys_tau/TauFW/nano/UL2017/DY1JetsToLL_M-50_TuneCP5_13TeV-madgraphMLM-pythia8/RunIISummer19UL17NanoAODv2-106X_mc2017_realistic_v8-v1/NANOAODSIM/7B22478D-DCE6-7748-B6C8-54D7810A1B74_skimjec_5.root
Error in <TGClient::TGClient>: can't open display "localhost:19.0", switching to batch mode...
 In case you run from a remote ssh session, reconnect with ssh -Y
--------------------------------------------------------------------------------
>>> era          = 'UL2017'
>>> year         = 2017
>>> channel      = 'etau'
>>> modname      = 'ETauFakeRate.ModuleETau'
>>> dtype        = 'mc'
>>> kwargs       = {'dtype': 'mc', 'zpt': True, 'useT1': True, 'verb': 0, 'era': 'UL2017', 'year': 2017}
>>> firstevt     = 0
>>> maxevts      = None
>>> outdir       = '.'
>>> copydir      = '/eos/home-l/lvigilan/output_ETauFR_UL17_RUN1/UL2017/etau/DY1JetsToLL_M-50'
>>> infiles      = ['/eos/cms/store/group/phys_tau/TauFW/nano/UL2017/DY1JetsToLL_M-50_TuneCP5_13TeV-madgraphMLM-pythia8/RunIISummer19UL17NanoAODv2-106X_mc2017_realistic_v8-v1/NANOAODSIM/7B22478D-DCE6-7748-B6C8-54D7810A1B74_skimjec_1.root', '/eos/cms/store/group/phys_tau/TauFW/nano/UL2017/DY1JetsToLL_M-50_TuneCP5_13TeV-madgraphMLM-pythia8/RunIISummer19UL17NanoAODv2-106X_mc2017_realistic_v8-v1/NANOAODSIM/7B22478D-DCE6-7748-B6C8-54D7810A1B74_skimjec_2.root', '/eos/cms/store/group/phys_tau/TauFW/nano/UL2017/DY1JetsToLL_M-50_TuneCP5_13TeV-madgraphMLM-pythia8/RunIISummer19UL17NanoAODv2-106X_mc2017_realistic_v8-v1/NANOAODSIM/7B22478D-DCE6-7748-B6C8-54D7810A1B74_skimjec_3.root', '/eos/cms/store/group/phys_tau/TauFW/nano/UL2017/DY1JetsToLL_M-50_TuneCP5_13TeV-madgraphMLM-pythia8/RunIISummer19UL17NanoAODv2-106X_mc2017_realistic_v8-v1/NANOAODSIM/7B22478D-DCE6-7748-B6C8-54D7810A1B74_skimjec_4.root', '/eos/cms/store/group/phys_tau/TauFW/nano/UL2017/DY1JetsToLL_M-50_TuneCP5_13TeV-madgraphMLM-pythia8/RunIISummer19UL17NanoAODv2-106X_mc2017_realistic_v8-v1/NANOAODSIM/7B22478D-DCE6-7748-B6C8-54D7810A1B74_skimjec_5.root']
>>> outfname     = './pico_etau_25.root'
>>> branchsel    = '/afs/cern.ch/work/l/lvigilan/TauWork/CMSSW_10_6_17_patch1/python/TauFW/PicoProducer/processors/keep_and_drop_skim.txt'
>>> json         = None
>>> prefetch     = False
>>> cwd          = /pool/condor/dir_29465
--------------------------------------------------------------------------------

   ################
   #  ModuleETau  #
   ################

Loading PileupWeightTool for '/afs/cern.ch/work/l/lvigilan/TauWork/CMSSW_10_6_17_patch1/src/TauFW/PicoProducer/data/pileup/Data_PileUp_UL2017_69p2.root' and '/afs/cern.ch/work/l/lvigilan/TauWork/CMSSW_10_6_17_patch1/src/TauFW/PicoProducer/data/pileup/MC_PileUp_UL2017_Summer19.root'
Loading BTagWeightTool for DeepCSV (medium WP)...
>>> BTagTool: [1m[33mWarning! [0m[33mHistogram 'etau/eff_DeepCSV_udsg_medium' does not exist in /afs/cern.ch/work/l/lvigilan/TauWork/CMSSW_10_6_17_patch1/src/TauFW/PicoProducer/data/btag/DeepCSV_2017_12Apr2017_eff.root! Reverting to default efficiency histogram...[0m
>>> BTagTool: [1m[33mWarning! [0m[33mHistogram 'etau/eff_DeepCSV_c_medium' does not exist in /afs/cern.ch/work/l/lvigilan/TauWork/CMSSW_10_6_17_patch1/src/TauFW/PicoProducer/data/btag/DeepCSV_2017_12Apr2017_eff.root! Reverting to default efficiency histogram...[0m
>>> BTagTool: [1m[33mWarning! [0m[33mHistogram 'etau/eff_DeepCSV_b_medium' does not exist in /afs/cern.ch/work/l/lvigilan/TauWork/CMSSW_10_6_17_patch1/src/TauFW/PicoProducer/data/btag/DeepCSV_2017_12Apr2017_eff.root! Reverting to default efficiency histogram...[0m
>>> BTagTool: [1m[33mWarning! [0m[33mMade use of default efficiency histograms! The b tag weights from this module should be regarded as placeholders only,
and should NOT be used for analyses. B (mis)tag efficiencies in MC are analysis dependent. Please create your own
efficiency histogram with data/btag/getBTagEfficiencies.py after running all MC samples with BTagWeightTool.[0m
Loading TreeProducerETau for './pico_etau_25.root'
--------------------------------------------------------------------------------
>>> filename     = './pico_etau_25.root'
>>> year         = 2017
>>> dtype        = 'mc'
>>> channel      = 'etau'
>>> ismc         = True
>>> isdata       = False
>>> isembed      = False
>>> tes          = 1.0
>>> tessys       = None
>>> fes          = None
>>> ltf          = None
>>> jtf          = 1.0
>>> dotoppt      = False
>>> dozpt        = True
>>> dojec        = True
>>> dojecsys     = True
>>> dotight      = False
>>> useT1        = True
>>> jetCutPt     = 30
>>> bjetCutEta   = 2.7
>>> tauwp        = 0
>>> eleCutPt     = 36
>>> eleCutEta    = 2.1
>>> tauCutPt     = 20
>>> tauCutEta    = 2.3
>>> ZpeekReso    = 0.1
Pre-select 240591 entries out of 240591 (100.00%)
Processed    10000/  240591 entries,  4.16% (elapsed time     9.2s, curr speed    1.090 kHz, avg speed    1.090 kHz), accepted      913/   10001 events ( 9.13%)
Processed    20000/  240591 entries,  8.31% (elapsed time    15.4s, curr speed    1.601 kHz, avg speed    1.297 kHz), accepted     1846/   20001 events ( 9.23%)
Processed    30000/  240591 entries, 12.47% (elapsed time    21.2s, curr speed    1.735 kHz, avg speed    1.416 kHz), accepted     2742/   30001 events ( 9.14%)
Processed    40000/  240591 entries, 16.63% (elapsed time    27.4s, curr speed    1.617 kHz, avg speed    1.462 kHz), accepted     3704/   40001 events ( 9.26%)
Processed    50000/  240591 entries, 20.78% (elapsed time    33.1s, curr speed    1.737 kHz, avg speed    1.510 kHz), accepted     4601/   50001 events ( 9.20%)
Processed    60000/  240591 entries, 24.94% (elapsed time    38.9s, curr speed    1.718 kHz, avg speed    1.541 kHz), accepted     5587/   60001 events ( 9.31%)
Processed    70000/  240591 entries, 29.10% (elapsed time    45.3s, curr speed    1.567 kHz, avg speed    1.544 kHz), accepted     6483/   70001 events ( 9.26%)
Processed    80000/  240591 entries, 33.25% (elapsed time    51.8s, curr speed    1.547 kHz, avg speed    1.545 kHz), accepted     7397/   80001 events ( 9.25%)
Processed    90000/  240591 entries, 37.41% (elapsed time    58.6s, curr speed    1.461 kHz, avg speed    1.535 kHz), accepted     8347/   90001 events ( 9.27%)
Processed   100000/  240591 entries, 41.56% (elapsed time    64.3s, curr speed    1.757 kHz, avg speed    1.555 kHz), accepted     9270/  100001 events ( 9.27%)
Processed   110000/  240591 entries, 45.72% (elapsed time    71.2s, curr speed    1.449 kHz, avg speed    1.544 kHz), accepted    10165/  110001 events ( 9.24%)
Processed   120000/  240591 entries, 49.88% (elapsed time    77.2s, curr speed    1.675 kHz, avg speed    1.554 kHz), accepted    11069/  120001 events ( 9.22%)
Processed   130000/  240591 entries, 54.03% (elapsed time    83.1s, curr speed    1.689 kHz, avg speed    1.564 kHz), accepted    11982/  130001 events ( 9.22%)
Processed   140000/  240591 entries, 58.19% (elapsed time    88.4s, curr speed    1.881 kHz, avg speed    1.583 kHz), accepted    12899/  140001 events ( 9.21%)
Processed   150000/  240591 entries, 62.35% (elapsed time    93.7s, curr speed    1.898 kHz, avg speed    1.601 kHz), accepted    13814/  150001 events ( 9.21%)
Processed   160000/  240591 entries, 66.50% (elapsed time    99.0s, curr speed    1.873 kHz, avg speed    1.615 kHz), accepted    14778/  160001 events ( 9.24%)
Processed   170000/  240591 entries, 70.66% (elapsed time   105.0s, curr speed    1.674 kHz, avg speed    1.619 kHz), accepted    15711/  170001 events ( 9.24%)
Processed   180000/  240591 entries, 74.82% (elapsed time   110.7s, curr speed    1.746 kHz, avg speed    1.625 kHz), accepted    16654/  180001 events ( 9.25%)
Processed   190000/  240591 entries, 78.97% (elapsed time   116.8s, curr speed    1.660 kHz, avg speed    1.627 kHz), accepted    17574/  190001 events ( 9.25%)
Processed   200000/  240591 entries, 83.13% (elapsed time   122.7s, curr speed    1.697 kHz, avg speed    1.630 kHz), accepted    18473/  200001 events ( 9.24%)
Processed   210000/  240591 entries, 87.29% (elapsed time   128.2s, curr speed    1.802 kHz, avg speed    1.638 kHz), accepted    19389/  210001 events ( 9.23%)
Processed   220000/  240591 entries, 91.44% (elapsed time   134.8s, curr speed    1.514 kHz, avg speed    1.632 kHz), accepted    20343/  220001 events ( 9.25%)
Processed   230000/  240591 entries, 95.60% (elapsed time   142.1s, curr speed    1.379 kHz, avg speed    1.619 kHz), accepted    21288/  230001 events ( 9.26%)
Processed   240000/  240591 entries, 99.75% (elapsed time   148.3s, curr speed    1.603 kHz, avg speed    1.618 kHz), accepted    22203/  240001 events ( 9.25%)
Processed 240591 preselected entries from /eos/cms/store/group/phys_tau/TauFW/nano/UL2017/DY1JetsToLL_M-50_TuneCP5_13TeV-madgraphMLM-pythia8/RunIISummer19UL17NanoAODv2-106X_mc2017_realistic_v8-v1/NANOAODSIM/7B22478D-DCE6-7748-B6C8-54D7810A1B74_skimjec_1.root (240591 entries). Finally selected 22253 entries
Pre-select 240591 entries out of 240591 (100.00%)
Processed    10000/  240591 entries,  4.16% (elapsed time    11.1s, curr speed    0.901 kHz, avg speed    0.901 kHz), accepted      945/   10001 events ( 9.45%)
Processed    20000/  240591 entries,  8.31% (elapsed time    18.2s, curr speed    1.412 kHz, avg speed    1.100 kHz), accepted     1890/   20001 events ( 9.45%)
Processed    30000/  240591 entries, 12.47% (elapsed time    25.8s, curr speed    1.309 kHz, avg speed    1.162 kHz), accepted     2836/   30001 events ( 9.45%)
Processed    40000/  240591 entries, 16.63% (elapsed time    32.7s, curr speed    1.458 kHz, avg speed    1.224 kHz), accepted     3744/   40001 events ( 9.36%)
Processed    50000/  240591 entries, 20.78% (elapsed time    40.9s, curr speed    1.221 kHz, avg speed    1.224 kHz), accepted     4697/   50001 events ( 9.39%)
Processed    60000/  240591 entries, 24.94% (elapsed time    46.5s, curr speed    1.781 kHz, avg speed    1.291 kHz), accepted     5585/   60001 events ( 9.31%)
Processed    70000/  240591 entries, 29.10% (elapsed time    52.4s, curr speed    1.698 kHz, avg speed    1.337 kHz), accepted     6502/   70001 events ( 9.29%)
Processed    80000/  240591 entries, 33.25% (elapsed time    58.4s, curr speed    1.666 kHz, avg speed    1.370 kHz), accepted     7473/   80001 events ( 9.34%)
Processed    90000/  240591 entries, 37.41% (elapsed time    64.8s, curr speed    1.557 kHz, avg speed    1.389 kHz), accepted     8376/   90001 events ( 9.31%)
Processed   100000/  240591 entries, 41.56% (elapsed time    71.8s, curr speed    1.423 kHz, avg speed    1.392 kHz), accepted     9331/  100001 events ( 9.33%)
Processed   110000/  240591 entries, 45.72% (elapsed time    77.7s, curr speed    1.709 kHz, avg speed    1.416 kHz), accepted    10297/  110001 events ( 9.36%)
Processed   120000/  240591 entries, 49.88% (elapsed time    84.6s, curr speed    1.442 kHz, avg speed    1.418 kHz), accepted    11148/  120001 events ( 9.29%)
Processed   130000/  240591 entries, 54.03% (elapsed time    91.5s, curr speed    1.443 kHz, avg speed    1.420 kHz), accepted    12081/  130001 events ( 9.29%)
Processed   140000/  240591 entries, 58.19% (elapsed time    97.6s, curr speed    1.639 kHz, avg speed    1.434 kHz), accepted    13009/  140001 events ( 9.29%)
Processed   150000/  240591 entries, 62.35% (elapsed time   103.6s, curr speed    1.683 kHz, avg speed    1.448 kHz), accepted    13910/  150001 events ( 9.27%)
Processed   160000/  240591 entries, 66.50% (elapsed time   109.5s, curr speed    1.699 kHz, avg speed    1.462 kHz), accepted    14871/  160001 events ( 9.29%)
Processed   170000/  240591 entries, 70.66% (elapsed time   115.2s, curr speed    1.762 kHz, avg speed    1.476 kHz), accepted    15816/  170001 events ( 9.30%)
Processed   180000/  240591 entries, 74.82% (elapsed time   120.4s, curr speed    1.912 kHz, avg speed    1.495 kHz), accepted    16667/  180001 events ( 9.26%)
Processed   190000/  240591 entries, 78.97% (elapsed time   125.6s, curr speed    1.913 kHz, avg speed    1.513 kHz), accepted    17571/  190001 events ( 9.25%)
Processed   200000/  240591 entries, 83.13% (elapsed time   131.3s, curr speed    1.746 kHz, avg speed    1.523 kHz), accepted    18452/  200001 events ( 9.23%)
Processed   210000/  240591 entries, 87.29% (elapsed time   137.6s, curr speed    1.601 kHz, avg speed    1.526 kHz), accepted    19357/  210001 events ( 9.22%)
Processed   220000/  240591 entries, 91.44% (elapsed time   142.9s, curr speed    1.867 kHz, avg speed    1.539 kHz), accepted    20240/  220001 events ( 9.20%)
Processed   230000/  240591 entries, 95.60% (elapsed time   149.0s, curr speed    1.641 kHz, avg speed    1.543 kHz), accepted    21155/  230001 events ( 9.20%)
Processed   240000/  240591 entries, 99.75% (elapsed time   154.6s, curr speed    1.795 kHz, avg speed    1.552 kHz), accepted    22083/  240001 events ( 9.20%)
Processed 240591 preselected entries from /eos/cms/store/group/phys_tau/TauFW/nano/UL2017/DY1JetsToLL_M-50_TuneCP5_13TeV-madgraphMLM-pythia8/RunIISummer19UL17NanoAODv2-106X_mc2017_realistic_v8-v1/NANOAODSIM/7B22478D-DCE6-7748-B6C8-54D7810A1B74_skimjec_2.root (240591 entries). Finally selected 22141 entries
Pre-select 240591 entries out of 240591 (100.00%)
Processed    10000/  240591 entries,  4.16% (elapsed time    11.2s, curr speed    0.896 kHz, avg speed    0.896 kHz), accepted      993/   10001 events ( 9.93%)
Processed    20000/  240591 entries,  8.31% (elapsed time    18.1s, curr speed    1.439 kHz, avg speed    1.104 kHz), accepted     1973/   20001 events ( 9.86%)
Processed    30000/  240591 entries, 12.47% (elapsed time    24.0s, curr speed    1.709 kHz, avg speed    1.252 kHz), accepted     2914/   30001 events ( 9.71%)
Processed    40000/  240591 entries, 16.63% (elapsed time    29.4s, curr speed    1.826 kHz, avg speed    1.358 kHz), accepted     3779/   40001 events ( 9.45%)
Processed    50000/  240591 entries, 20.78% (elapsed time    35.3s, curr speed    1.698 kHz, avg speed    1.415 kHz), accepted     4687/   50001 events ( 9.37%)
Processed    60000/  240591 entries, 24.94% (elapsed time    41.5s, curr speed    1.628 kHz, avg speed    1.447 kHz), accepted     5646/   60001 events ( 9.41%)
Processed    70000/  240591 entries, 29.10% (elapsed time    47.6s, curr speed    1.621 kHz, avg speed    1.469 kHz), accepted     6548/   70001 events ( 9.35%)
Processed    80000/  240591 entries, 33.25% (elapsed time    53.2s, curr speed    1.808 kHz, avg speed    1.504 kHz), accepted     7456/   80001 events ( 9.32%)
Processed    90000/  240591 entries, 37.41% (elapsed time    59.3s, curr speed    1.630 kHz, avg speed    1.517 kHz), accepted     8374/   90001 events ( 9.30%)
Processed   100000/  240591 entries, 41.56% (elapsed time    65.8s, curr speed    1.551 kHz, avg speed    1.521 kHz), accepted     9327/  100001 events ( 9.33%)
Processed   110000/  240591 entries, 45.72% (elapsed time    71.3s, curr speed    1.811 kHz, avg speed    1.543 kHz), accepted    10301/  110001 events ( 9.36%)
Processed   120000/  240591 entries, 49.88% (elapsed time    76.7s, curr speed    1.832 kHz, avg speed    1.564 kHz), accepted    11204/  120001 events ( 9.34%)
Processed   130000/  240591 entries, 54.03% (elapsed time    82.6s, curr speed    1.708 kHz, avg speed    1.574 kHz), accepted    12110/  130001 events ( 9.32%)
Processed   140000/  240591 entries, 58.19% (elapsed time    88.4s, curr speed    1.735 kHz, avg speed    1.585 kHz), accepted    13076/  140001 events ( 9.34%)
Processed   150000/  240591 entries, 62.35% (elapsed time    94.0s, curr speed    1.778 kHz, avg speed    1.596 kHz), accepted    13989/  150001 events ( 9.33%)
Processed   160000/  240591 entries, 66.50% (elapsed time   100.8s, curr speed    1.472 kHz, avg speed    1.588 kHz), accepted    14975/  160001 events ( 9.36%)
Processed   170000/  240591 entries, 70.66% (elapsed time   107.5s, curr speed    1.495 kHz, avg speed    1.582 kHz), accepted    15892/  170001 events ( 9.35%)
Processed   180000/  240591 entries, 74.82% (elapsed time   113.4s, curr speed    1.682 kHz, avg speed    1.587 kHz), accepted    16764/  180001 events ( 9.31%)
Processed   190000/  240591 entries, 78.97% (elapsed time   118.7s, curr speed    1.888 kHz, avg speed    1.601 kHz), accepted    17680/  190001 events ( 9.31%)
Processed   200000/  240591 entries, 83.13% (elapsed time   125.5s, curr speed    1.469 kHz, avg speed    1.593 kHz), accepted    18613/  200001 events ( 9.31%)
Processed   210000/  240591 entries, 87.29% (elapsed time   131.1s, curr speed    1.779 kHz, avg speed    1.601 kHz), accepted    19529/  210001 events ( 9.30%)
Processed   220000/  240591 entries, 91.44% (elapsed time   136.5s, curr speed    1.854 kHz, avg speed    1.611 kHz), accepted    20455/  220001 events ( 9.30%)
Processed   230000/  240591 entries, 95.60% (elapsed time   142.4s, curr speed    1.692 kHz, avg speed    1.615 kHz), accepted    21408/  230001 events ( 9.31%)
Processed   240000/  240591 entries, 99.75% (elapsed time   148.2s, curr speed    1.724 kHz, avg speed    1.619 kHz), accepted    22341/  240001 events ( 9.31%)
Processed 240591 preselected entries from /eos/cms/store/group/phys_tau/TauFW/nano/UL2017/DY1JetsToLL_M-50_TuneCP5_13TeV-madgraphMLM-pythia8/RunIISummer19UL17NanoAODv2-106X_mc2017_realistic_v8-v1/NANOAODSIM/7B22478D-DCE6-7748-B6C8-54D7810A1B74_skimjec_3.root (240591 entries). Finally selected 22394 entries
Pre-select 240591 entries out of 240591 (100.00%)
Processed    10000/  240591 entries,  4.16% (elapsed time    10.1s, curr speed    0.988 kHz, avg speed    0.988 kHz), accepted      923/   10001 events ( 9.23%)
Processed    20000/  240591 entries,  8.31% (elapsed time    15.4s, curr speed    1.902 kHz, avg speed    1.301 kHz), accepted     1841/   20001 events ( 9.20%)
Processed    30000/  240591 entries, 12.47% (elapsed time    21.1s, curr speed    1.749 kHz, avg speed    1.422 kHz), accepted     2799/   30001 events ( 9.33%)
Processed    40000/  240591 entries, 16.63% (elapsed time    27.8s, curr speed    1.499 kHz, avg speed    1.441 kHz), accepted     3725/   40001 events ( 9.31%)
Processed    50000/  240591 entries, 20.78% (elapsed time    33.6s, curr speed    1.711 kHz, avg speed    1.488 kHz), accepted     4612/   50001 events ( 9.22%)
Processed    60000/  240591 entries, 24.94% (elapsed time    40.5s, curr speed    1.461 kHz, avg speed    1.483 kHz), accepted     5537/   60001 events ( 9.23%)
Processed    70000/  240591 entries, 29.10% (elapsed time    46.3s, curr speed    1.712 kHz, avg speed    1.512 kHz), accepted     6450/   70001 events ( 9.21%)
Processed    80000/  240591 entries, 33.25% (elapsed time    54.7s, curr speed    1.192 kHz, avg speed    1.463 kHz), accepted     7371/   80001 events ( 9.21%)
Processed    90000/  240591 entries, 37.41% (elapsed time    60.2s, curr speed    1.822 kHz, avg speed    1.496 kHz), accepted     8289/   90001 events ( 9.21%)
Processed   100000/  240591 entries, 41.56% (elapsed time    65.7s, curr speed    1.824 kHz, avg speed    1.523 kHz), accepted     9252/  100001 events ( 9.25%)
Processed   110000/  240591 entries, 45.72% (elapsed time    71.6s, curr speed    1.696 kHz, avg speed    1.537 kHz), accepted    10220/  110001 events ( 9.29%)
Processed   120000/  240591 entries, 49.88% (elapsed time    77.4s, curr speed    1.705 kHz, avg speed    1.550 kHz), accepted    11191/  120001 events ( 9.33%)
Processed   130000/  240591 entries, 54.03% (elapsed time    83.7s, curr speed    1.587 kHz, avg speed    1.553 kHz), accepted    12120/  130001 events ( 9.32%)
Processed   140000/  240591 entries, 58.19% (elapsed time    89.9s, curr speed    1.607 kHz, avg speed    1.557 kHz), accepted    13043/  140001 events ( 9.32%)
Processed   150000/  240591 entries, 62.35% (elapsed time    96.2s, curr speed    1.603 kHz, avg speed    1.560 kHz), accepted    13933/  150001 events ( 9.29%)
Processed   160000/  240591 entries, 66.50% (elapsed time   102.3s, curr speed    1.622 kHz, avg speed    1.563 kHz), accepted    14894/  160001 events ( 9.31%)
Processed   170000/  240591 entries, 70.66% (elapsed time   108.8s, curr speed    1.544 kHz, avg speed    1.562 kHz), accepted    15832/  170001 events ( 9.31%)
Processed   180000/  240591 entries, 74.82% (elapsed time   114.9s, curr speed    1.652 kHz, avg speed    1.567 kHz), accepted    16778/  180001 events ( 9.32%)
Processed   190000/  240591 entries, 78.97% (elapsed time   120.9s, curr speed    1.656 kHz, avg speed    1.571 kHz), accepted    17709/  190001 events ( 9.32%)
Processed   200000/  240591 entries, 83.13% (elapsed time   126.9s, curr speed    1.658 kHz, avg speed    1.576 kHz), accepted    18641/  200001 events ( 9.32%)
Processed   210000/  240591 entries, 87.29% (elapsed time   133.0s, curr speed    1.659 kHz, avg speed    1.579 kHz), accepted    19545/  210001 events ( 9.31%)
Processed   220000/  240591 entries, 91.44% (elapsed time   140.0s, curr speed    1.419 kHz, avg speed    1.571 kHz), accepted    20484/  220001 events ( 9.31%)
Processed   230000/  240591 entries, 95.60% (elapsed time   147.5s, curr speed    1.337 kHz, avg speed    1.559 kHz), accepted    21490/  230001 events ( 9.34%)
Processed   240000/  240591 entries, 99.75% (elapsed time   153.2s, curr speed    1.753 kHz, avg speed    1.567 kHz), accepted    22442/  240001 events ( 9.35%)
Processed 240591 preselected entries from /eos/cms/store/group/phys_tau/TauFW/nano/UL2017/DY1JetsToLL_M-50_TuneCP5_13TeV-madgraphMLM-pythia8/RunIISummer19UL17NanoAODv2-106X_mc2017_realistic_v8-v1/NANOAODSIM/7B22478D-DCE6-7748-B6C8-54D7810A1B74_skimjec_4.root (240591 entries). Finally selected 22500 entries
Pre-select 240591 entries out of 240591 (100.00%)
Processed    10000/  240591 entries,  4.16% (elapsed time    13.1s, curr speed    0.764 kHz, avg speed    0.764 kHz), accepted      951/   10001 events ( 9.51%)
Processed    20000/  240591 entries,  8.31% (elapsed time    19.0s, curr speed    1.688 kHz, avg speed    1.052 kHz), accepted     1851/   20001 events ( 9.25%)
Processed    30000/  240591 entries, 12.47% (elapsed time    25.0s, curr speed    1.673 kHz, avg speed    1.201 kHz), accepted     2793/   30001 events ( 9.31%)
Processed    40000/  240591 entries, 16.63% (elapsed time    32.9s, curr speed    1.257 kHz, avg speed    1.214 kHz), accepted     3707/   40001 events ( 9.27%)
Processed    50000/  240591 entries, 20.78% (elapsed time    39.1s, curr speed    1.625 kHz, avg speed    1.279 kHz), accepted     4625/   50001 events ( 9.25%)
Processed    60000/  240591 entries, 24.94% (elapsed time    44.7s, curr speed    1.797 kHz, avg speed    1.344 kHz), accepted     5540/   60001 events ( 9.23%)
Processed    70000/  240591 entries, 29.10% (elapsed time    50.8s, curr speed    1.639 kHz, avg speed    1.379 kHz), accepted     6417/   70001 events ( 9.17%)
Processed    80000/  240591 entries, 33.25% (elapsed time    57.4s, curr speed    1.512 kHz, avg speed    1.394 kHz), accepted     7336/   80001 events ( 9.17%)
Processed    90000/  240591 entries, 37.41% (elapsed time    64.9s, curr speed    1.329 kHz, avg speed    1.387 kHz), accepted     8240/   90001 events ( 9.16%)
Processed   100000/  240591 entries, 41.56% (elapsed time    73.1s, curr speed    1.215 kHz, avg speed    1.367 kHz), accepted     9195/  100001 events ( 9.19%)
Processed   110000/  240591 entries, 45.72% (elapsed time    79.2s, curr speed    1.634 kHz, avg speed    1.388 kHz), accepted    10081/  110001 events ( 9.16%)
Processed   120000/  240591 entries, 49.88% (elapsed time    84.9s, curr speed    1.772 kHz, avg speed    1.414 kHz), accepted    11017/  120001 events ( 9.18%)
Processed   130000/  240591 entries, 54.03% (elapsed time    90.5s, curr speed    1.786 kHz, avg speed    1.437 kHz), accepted    11893/  130001 events ( 9.15%)
Processed   140000/  240591 entries, 58.19% (elapsed time    96.8s, curr speed    1.576 kHz, avg speed    1.446 kHz), accepted    12856/  140001 events ( 9.18%)
Processed   150000/  240591 entries, 62.35% (elapsed time   103.3s, curr speed    1.538 kHz, avg speed    1.452 kHz), accepted    13780/  150001 events ( 9.19%)
Processed   160000/  240591 entries, 66.50% (elapsed time   110.4s, curr speed    1.416 kHz, avg speed    1.449 kHz), accepted    14730/  160001 events ( 9.21%)
Processed   170000/  240591 entries, 70.66% (elapsed time   116.6s, curr speed    1.614 kHz, avg speed    1.458 kHz), accepted    15703/  170001 events ( 9.24%)
Processed   180000/  240591 entries, 74.82% (elapsed time   122.4s, curr speed    1.723 kHz, avg speed    1.471 kHz), accepted    16627/  180001 events ( 9.24%)
Processed   190000/  240591 entries, 78.97% (elapsed time   130.1s, curr speed    1.304 kHz, avg speed    1.461 kHz), accepted    17621/  190001 events ( 9.27%)
Processed   200000/  240591 entries, 83.13% (elapsed time   136.8s, curr speed    1.493 kHz, avg speed    1.462 kHz), accepted    18547/  200001 events ( 9.27%)
Processed   210000/  240591 entries, 87.29% (elapsed time   142.6s, curr speed    1.713 kHz, avg speed    1.473 kHz), accepted    19556/  210001 events ( 9.31%)
Processed   220000/  240591 entries, 91.44% (elapsed time   149.3s, curr speed    1.496 kHz, avg speed    1.474 kHz), accepted    20459/  220001 events ( 9.30%)
Processed   230000/  240591 entries, 95.60% (elapsed time   155.4s, curr speed    1.633 kHz, avg speed    1.480 kHz), accepted    21338/  230001 events ( 9.28%)
Processed   240000/  240591 entries, 99.75% (elapsed time   161.5s, curr speed    1.643 kHz, avg speed    1.486 kHz), accepted    22296/  240001 events ( 9.29%)
Processed 240591 preselected entries from /eos/cms/store/group/phys_tau/TauFW/nano/UL2017/DY1JetsToLL_M-50_TuneCP5_13TeV-madgraphMLM-pythia8/RunIISummer19UL17NanoAODv2-106X_mc2017_realistic_v8-v1/NANOAODSIM/7B22478D-DCE6-7748-B6C8-54D7810A1B74_skimjec_5.root (240591 entries). Finally selected 22356 entries
Total time 769.6 sec. to process 1202955 events. Rate = 1563.1 Hz.
>>> cwd          = /pool/condor/dir_29465
>>> ls           = ['condor_exec.exe', '.update.ad', '.machine.ad', '_condor_stdout', 'lvigilan.cc', 'var', 'x509_voms', '.job.ad', 'pico_etau_25.root', '.chirp.config', 'tmp']
>>> getstorage('/eos/home-l/lvigilan/output_ETauFR_UL17_RUN1/UL2017/etau/DY1JetsToLL_M-50'), <EOS("/eos/home-l/lvigilan/output_ETauFR_UL17_RUN1/UL2017/etau/DY1JetsToLL_M-50") at 0x2adb4a6b0d10>
>>> Executing: 'cp ./pico_etau_25.root /eos/home-l/lvigilan/output_ETauFR_UL17_RUN1/UL2017/etau/DY1JetsToLL_M-50'
>>> Removing './pico_etau_25.root'...
>>> picojob.py done after 796.4 seconds

Job complete at Mon Jun  7 19:07:21 CEST 2021
Took 13 minutes 18 seconds040 (2367586.025.000) 06/07 19:07:21 Started transferring output files
...
040 (2367586.025.000) 06/07 19:07:21 Finished transferring output files
...
005 (2367586.025.000) 06/07 19:07:22 Job terminated.
	(1) Normal termination (return value 0)
		Usr 0 00:10:12, Sys 0 00:00:30  -  Run Remote Usage
		Usr 0 00:00:00, Sys 0 00:00:00  -  Run Local Usage
		Usr 0 00:10:12, Sys 0 00:00:30  -  Total Remote Usage
		Usr 0 00:00:00, Sys 0 00:00:00  -  Total Local Usage
	37097  -  Run Bytes Sent By Job
	9930  -  Run Bytes Received By Job
	37097  -  Total Bytes Sent By Job
	9930  -  Total Bytes Received By Job
	Partitionable Resources :    Usage  Request Allocated 
	   Cpus                 :     0.91        1         1 
	   Disk (KB)            : 13411           1    357475 
	   Memory (MB)          :   280        2000      2000 

	Job terminated of its own accord at 2021-06-07T17:07:21Z.
...
