Could not find platform independent libraries <prefix>
Could not find platform dependent libraries <exec_prefix>
Consider setting $PYTHONHOME to <prefix>[:<exec_prefix>]
ImportError: No module named site
Job start at Mon Jun  7 23:00:20 CEST 2021
Running job on machine Linux b7s12n7240.cern.ch 3.10.0-1160.6.1.el7.x86_64 #1 SMP Tue Nov 17 13:59:11 UTC 2020 x86_64 x86_64 x86_64 GNU/Linux, host b7s12n7240.cern.ch
============================================================
$PWD=/pool/condor/dir_29105
$JOBID=2367867
$TASKID=51
$HOSTNAME=b7s12n7240.cern.ch
$TASKCMD=/afs/cern.ch/work/l/lvigilan/TauWork/CMSSW_10_6_17_patch1/src/TauFW/PicoProducer/python/processors/picojob.py -y UL2017 -d 'mc' -c etau -M ETauFakeRate.ModuleETau --copydir /eos/home-l/lvigilan/output_ETauFR_UL17_RUN1/UL2017/etau/DY1JetsToLL_M-50 -t _etau_EES0p99_51 --opt 'ees=0.99' 'useT1=True' 'zpt=True' -i /eos/cms/store/group/phys_tau/TauFW/nano/UL2017/DY1JetsToLL_M-50_TuneCP5_13TeV-madgraphMLM-pythia8/RunIISummer19UL17NanoAODv2-106X_mc2017_realistic_v8-v1/NANOAODSIM/E09C8B14-2AAA-3C49-AD92-807B4EC91CC7_skimjec_4.root /eos/cms/store/group/phys_tau/TauFW/nano/UL2017/DY1JetsToLL_M-50_TuneCP5_13TeV-madgraphMLM-pythia8/RunIISummer19UL17NanoAODv2-106X_mc2017_realistic_v8-v1/NANOAODSIM/E09C8B14-2AAA-3C49-AD92-807B4EC91CC7_skimjec_5.root /eos/cms/store/group/phys_tau/TauFW/nano/UL2017/DY1JetsToLL_M-50_TuneCP5_13TeV-madgraphMLM-pythia8/RunIISummer19UL17NanoAODv2-106X_mc2017_realistic_v8-v1/NANOAODSIM/E09C8B14-2AAA-3C49-AD92-807B4EC91CC7_skimjec_6.root /eos/cms/store/group/phys_tau/TauFW/nano/UL2017/DY1JetsToLL_M-50_TuneCP5_13TeV-madgraphMLM-pythia8/RunIISummer19UL17NanoAODv2-106X_mc2017_realistic_v8-v1/NANOAODSIM/E09C8B14-2AAA-3C49-AD92-807B4EC91CC7_skimjec_7.root /eos/cms/store/group/phys_tau/TauFW/nano/UL2017/DY1JetsToLL_M-50_TuneCP5_13TeV-madgraphMLM-pythia8/RunIISummer19UL17NanoAODv2-106X_mc2017_realistic_v8-v1/NANOAODSIM/E7284D53-7254-584A-B16C-A753DD436967_skimjec_0.root
$WORKDIR=/pool/condor/dir_29105
>>> cd /afs/cern.ch/work/l/lvigilan/TauWork/CMSSW_10_6_17_patch1/src
>>> eval `scramv1 runtime -sh`
>>> cd /pool/condor/dir_29105
$PWD=/pool/condor/dir_29105
>>> /afs/cern.ch/work/l/lvigilan/TauWork/CMSSW_10_6_17_patch1/src/TauFW/PicoProducer/python/processors/picojob.py -y UL2017 -d 'mc' -c etau -M ETauFakeRate.ModuleETau --copydir /eos/home-l/lvigilan/output_ETauFR_UL17_RUN1/UL2017/etau/DY1JetsToLL_M-50 -t _etau_EES0p99_51 --opt 'ees=0.99' 'useT1=True' 'zpt=True' -i /eos/cms/store/group/phys_tau/TauFW/nano/UL2017/DY1JetsToLL_M-50_TuneCP5_13TeV-madgraphMLM-pythia8/RunIISummer19UL17NanoAODv2-106X_mc2017_realistic_v8-v1/NANOAODSIM/E09C8B14-2AAA-3C49-AD92-807B4EC91CC7_skimjec_4.root /eos/cms/store/group/phys_tau/TauFW/nano/UL2017/DY1JetsToLL_M-50_TuneCP5_13TeV-madgraphMLM-pythia8/RunIISummer19UL17NanoAODv2-106X_mc2017_realistic_v8-v1/NANOAODSIM/E09C8B14-2AAA-3C49-AD92-807B4EC91CC7_skimjec_5.root /eos/cms/store/group/phys_tau/TauFW/nano/UL2017/DY1JetsToLL_M-50_TuneCP5_13TeV-madgraphMLM-pythia8/RunIISummer19UL17NanoAODv2-106X_mc2017_realistic_v8-v1/NANOAODSIM/E09C8B14-2AAA-3C49-AD92-807B4EC91CC7_skimjec_6.root /eos/cms/store/group/phys_tau/TauFW/nano/UL2017/DY1JetsToLL_M-50_TuneCP5_13TeV-madgraphMLM-pythia8/RunIISummer19UL17NanoAODv2-106X_mc2017_realistic_v8-v1/NANOAODSIM/E09C8B14-2AAA-3C49-AD92-807B4EC91CC7_skimjec_7.root /eos/cms/store/group/phys_tau/TauFW/nano/UL2017/DY1JetsToLL_M-50_TuneCP5_13TeV-madgraphMLM-pythia8/RunIISummer19UL17NanoAODv2-106X_mc2017_realistic_v8-v1/NANOAODSIM/E7284D53-7254-584A-B16C-A753DD436967_skimjec_0.root
Error in <TGClient::TGClient>: can't open display "localhost:13.0", switching to batch mode...
 In case you run from a remote ssh session, reconnect with ssh -Y
--------------------------------------------------------------------------------
>>> era          = 'UL2017'
>>> year         = 2017
>>> channel      = 'etau'
>>> modname      = 'ETauFakeRate.ModuleETau'
>>> dtype        = 'mc'
>>> kwargs       = {'dtype': 'mc', 'zpt': True, 'ees': 0.99, 'useT1': True, 'verb': 0, 'era': 'UL2017', 'year': 2017}
>>> firstevt     = 0
>>> maxevts      = None
>>> outdir       = '.'
>>> copydir      = '/eos/home-l/lvigilan/output_ETauFR_UL17_RUN1/UL2017/etau/DY1JetsToLL_M-50'
>>> infiles      = ['/eos/cms/store/group/phys_tau/TauFW/nano/UL2017/DY1JetsToLL_M-50_TuneCP5_13TeV-madgraphMLM-pythia8/RunIISummer19UL17NanoAODv2-106X_mc2017_realistic_v8-v1/NANOAODSIM/E09C8B14-2AAA-3C49-AD92-807B4EC91CC7_skimjec_4.root', '/eos/cms/store/group/phys_tau/TauFW/nano/UL2017/DY1JetsToLL_M-50_TuneCP5_13TeV-madgraphMLM-pythia8/RunIISummer19UL17NanoAODv2-106X_mc2017_realistic_v8-v1/NANOAODSIM/E09C8B14-2AAA-3C49-AD92-807B4EC91CC7_skimjec_5.root', '/eos/cms/store/group/phys_tau/TauFW/nano/UL2017/DY1JetsToLL_M-50_TuneCP5_13TeV-madgraphMLM-pythia8/RunIISummer19UL17NanoAODv2-106X_mc2017_realistic_v8-v1/NANOAODSIM/E09C8B14-2AAA-3C49-AD92-807B4EC91CC7_skimjec_6.root', '/eos/cms/store/group/phys_tau/TauFW/nano/UL2017/DY1JetsToLL_M-50_TuneCP5_13TeV-madgraphMLM-pythia8/RunIISummer19UL17NanoAODv2-106X_mc2017_realistic_v8-v1/NANOAODSIM/E09C8B14-2AAA-3C49-AD92-807B4EC91CC7_skimjec_7.root', '/eos/cms/store/group/phys_tau/TauFW/nano/UL2017/DY1JetsToLL_M-50_TuneCP5_13TeV-madgraphMLM-pythia8/RunIISummer19UL17NanoAODv2-106X_mc2017_realistic_v8-v1/NANOAODSIM/E7284D53-7254-584A-B16C-A753DD436967_skimjec_0.root']
>>> outfname     = './pico_etau_EES0p99_51.root'
>>> branchsel    = '/afs/cern.ch/work/l/lvigilan/TauWork/CMSSW_10_6_17_patch1/python/TauFW/PicoProducer/processors/keep_and_drop_skim.txt'
>>> json         = None
>>> prefetch     = False
>>> cwd          = /pool/condor/dir_29105
--------------------------------------------------------------------------------

   ################
   #  ModuleETau  #
   ################

Loading PileupWeightTool for '/afs/cern.ch/work/l/lvigilan/TauWork/CMSSW_10_6_17_patch1/src/TauFW/PicoProducer/data/pileup/Data_PileUp_UL2017_69p2.root' and '/afs/cern.ch/work/l/lvigilan/TauWork/CMSSW_10_6_17_patch1/src/TauFW/PicoProducer/data/pileup/MC_PileUp_UL2017_Summer19.root'
Loading BTagWeightTool for DeepCSV (medium WP)...
>>> BTagTool: [1m[33mWarning! [0m[33mHistogram 'etau/eff_DeepCSV_udsg_medium' does not exist in /afs/cern.ch/work/l/lvigilan/TauWork/CMSSW_10_6_17_patch1/src/TauFW/PicoProducer/data/btag/DeepCSV_2017_12Apr2017_eff.root! Reverting to default efficiency histogram...[0m
>>> BTagTool: [1m[33mWarning! [0m[33mHistogram 'etau/eff_DeepCSV_c_medium' does not exist in /afs/cern.ch/work/l/lvigilan/TauWork/CMSSW_10_6_17_patch1/src/TauFW/PicoProducer/data/btag/DeepCSV_2017_12Apr2017_eff.root! Reverting to default efficiency histogram...[0m
>>> BTagTool: [1m[33mWarning! [0m[33mHistogram 'etau/eff_DeepCSV_b_medium' does not exist in /afs/cern.ch/work/l/lvigilan/TauWork/CMSSW_10_6_17_patch1/src/TauFW/PicoProducer/data/btag/DeepCSV_2017_12Apr2017_eff.root! Reverting to default efficiency histogram...[0m
>>> BTagTool: [1m[33mWarning! [0m[33mMade use of default efficiency histograms! The b tag weights from this module should be regarded as placeholders only,
and should NOT be used for analyses. B (mis)tag efficiencies in MC are analysis dependent. Please create your own
efficiency histogram with data/btag/getBTagEfficiencies.py after running all MC samples with BTagWeightTool.[0m
Loading TreeProducerETau for './pico_etau_EES0p99_51.root'
--------------------------------------------------------------------------------
>>> filename     = './pico_etau_EES0p99_51.root'
>>> year         = 2017
>>> dtype        = 'mc'
>>> channel      = 'etau'
>>> ismc         = True
>>> isdata       = False
>>> isembed      = False
>>> tes          = 1.0
>>> tessys       = None
>>> fes          = None
>>> ltf          = None
>>> jtf          = 1.0
>>> dotoppt      = False
>>> dozpt        = True
>>> dojec        = True
>>> dojecsys     = True
>>> dotight      = False
>>> useT1        = True
>>> jetCutPt     = 30
>>> bjetCutEta   = 2.7
>>> tauwp        = 0
>>> eleCutPt     = 36
>>> eleCutEta    = 2.1
>>> tauCutPt     = 20
>>> tauCutEta    = 2.3
>>> ZpeekReso    = 0.1
Pre-select 247382 entries out of 247382 (100.00%)
Processed    10000/  247382 entries,  4.04% (elapsed time    10.5s, curr speed    0.956 kHz, avg speed    0.956 kHz), accepted      892/   10001 events ( 8.92%)
Processed    20000/  247382 entries,  8.08% (elapsed time    16.7s, curr speed    1.601 kHz, avg speed    1.197 kHz), accepted     1865/   20001 events ( 9.32%)
Processed    30000/  247382 entries, 12.13% (elapsed time    24.8s, curr speed    1.232 kHz, avg speed    1.208 kHz), accepted     2781/   30001 events ( 9.27%)
Processed    40000/  247382 entries, 16.17% (elapsed time    32.4s, curr speed    1.322 kHz, avg speed    1.235 kHz), accepted     3710/   40001 events ( 9.27%)
Processed    50000/  247382 entries, 20.21% (elapsed time    39.0s, curr speed    1.519 kHz, avg speed    1.283 kHz), accepted     4620/   50001 events ( 9.24%)
Processed    60000/  247382 entries, 24.25% (elapsed time    44.2s, curr speed    1.920 kHz, avg speed    1.358 kHz), accepted     5523/   60001 events ( 9.20%)
Processed    70000/  247382 entries, 28.30% (elapsed time    49.9s, curr speed    1.751 kHz, avg speed    1.403 kHz), accepted     6473/   70001 events ( 9.25%)
Processed    80000/  247382 entries, 32.34% (elapsed time    55.5s, curr speed    1.777 kHz, avg speed    1.441 kHz), accepted     7387/   80001 events ( 9.23%)
Processed    90000/  247382 entries, 36.38% (elapsed time    60.9s, curr speed    1.846 kHz, avg speed    1.477 kHz), accepted     8333/   90001 events ( 9.26%)
Processed   100000/  247382 entries, 40.42% (elapsed time    67.0s, curr speed    1.637 kHz, avg speed    1.491 kHz), accepted     9260/  100001 events ( 9.26%)
Processed   110000/  247382 entries, 44.47% (elapsed time    72.8s, curr speed    1.743 kHz, avg speed    1.511 kHz), accepted    10141/  110001 events ( 9.22%)
Processed   120000/  247382 entries, 48.51% (elapsed time    78.5s, curr speed    1.757 kHz, avg speed    1.529 kHz), accepted    11060/  120001 events ( 9.22%)
Processed   130000/  247382 entries, 52.55% (elapsed time    84.1s, curr speed    1.764 kHz, avg speed    1.545 kHz), accepted    11926/  130001 events ( 9.17%)
Processed   140000/  247382 entries, 56.59% (elapsed time    91.1s, curr speed    1.438 kHz, avg speed    1.537 kHz), accepted    12822/  140001 events ( 9.16%)
Processed   150000/  247382 entries, 60.63% (elapsed time    97.0s, curr speed    1.704 kHz, avg speed    1.547 kHz), accepted    13730/  150001 events ( 9.15%)
Processed   160000/  247382 entries, 64.68% (elapsed time   102.8s, curr speed    1.705 kHz, avg speed    1.556 kHz), accepted    14668/  160001 events ( 9.17%)
Processed   170000/  247382 entries, 68.72% (elapsed time   109.1s, curr speed    1.597 kHz, avg speed    1.558 kHz), accepted    15639/  170001 events ( 9.20%)
Processed   180000/  247382 entries, 72.76% (elapsed time   115.0s, curr speed    1.692 kHz, avg speed    1.565 kHz), accepted    16551/  180001 events ( 9.19%)
Processed   190000/  247382 entries, 76.80% (elapsed time   120.9s, curr speed    1.704 kHz, avg speed    1.572 kHz), accepted    17384/  190001 events ( 9.15%)
Processed   200000/  247382 entries, 80.85% (elapsed time   126.9s, curr speed    1.648 kHz, avg speed    1.575 kHz), accepted    18332/  200001 events ( 9.17%)
Processed   210000/  247382 entries, 84.89% (elapsed time   132.6s, curr speed    1.776 kHz, avg speed    1.584 kHz), accepted    19208/  210001 events ( 9.15%)
Processed   220000/  247382 entries, 88.93% (elapsed time   138.3s, curr speed    1.758 kHz, avg speed    1.591 kHz), accepted    20146/  220001 events ( 9.16%)
Processed   230000/  247382 entries, 92.97% (elapsed time   144.1s, curr speed    1.722 kHz, avg speed    1.596 kHz), accepted    21047/  230001 events ( 9.15%)
Processed   240000/  247382 entries, 97.02% (elapsed time   149.9s, curr speed    1.700 kHz, avg speed    1.601 kHz), accepted    21963/  240001 events ( 9.15%)
Processed 247382 preselected entries from /eos/cms/store/group/phys_tau/TauFW/nano/UL2017/DY1JetsToLL_M-50_TuneCP5_13TeV-madgraphMLM-pythia8/RunIISummer19UL17NanoAODv2-106X_mc2017_realistic_v8-v1/NANOAODSIM/E09C8B14-2AAA-3C49-AD92-807B4EC91CC7_skimjec_4.root (247382 entries). Finally selected 22632 entries
Pre-select 247382 entries out of 247382 (100.00%)
Processed    10000/  247382 entries,  4.04% (elapsed time    10.2s, curr speed    0.976 kHz, avg speed    0.976 kHz), accepted      909/   10001 events ( 9.09%)
Processed    20000/  247382 entries,  8.08% (elapsed time    15.9s, curr speed    1.781 kHz, avg speed    1.261 kHz), accepted     1820/   20001 events ( 9.10%)
Processed    30000/  247382 entries, 12.13% (elapsed time    21.3s, curr speed    1.839 kHz, avg speed    1.409 kHz), accepted     2788/   30001 events ( 9.29%)
Processed    40000/  247382 entries, 16.17% (elapsed time    27.0s, curr speed    1.767 kHz, avg speed    1.484 kHz), accepted     3727/   40001 events ( 9.32%)
Processed    50000/  247382 entries, 20.21% (elapsed time    32.3s, curr speed    1.884 kHz, avg speed    1.550 kHz), accepted     4620/   50001 events ( 9.24%)
Processed    60000/  247382 entries, 24.25% (elapsed time    37.8s, curr speed    1.805 kHz, avg speed    1.587 kHz), accepted     5572/   60001 events ( 9.29%)
Processed    70000/  247382 entries, 28.30% (elapsed time    43.4s, curr speed    1.771 kHz, avg speed    1.611 kHz), accepted     6461/   70001 events ( 9.23%)
Processed    80000/  247382 entries, 32.34% (elapsed time    49.5s, curr speed    1.651 kHz, avg speed    1.616 kHz), accepted     7394/   80001 events ( 9.24%)
Processed    90000/  247382 entries, 36.38% (elapsed time    55.4s, curr speed    1.687 kHz, avg speed    1.624 kHz), accepted     8338/   90001 events ( 9.26%)
Processed   100000/  247382 entries, 40.42% (elapsed time    61.3s, curr speed    1.707 kHz, avg speed    1.632 kHz), accepted     9235/  100001 events ( 9.23%)
Processed   110000/  247382 entries, 44.47% (elapsed time    67.3s, curr speed    1.657 kHz, avg speed    1.634 kHz), accepted    10149/  110001 events ( 9.23%)
Processed   120000/  247382 entries, 48.51% (elapsed time    72.8s, curr speed    1.838 kHz, avg speed    1.649 kHz), accepted    11059/  120001 events ( 9.22%)
Processed   130000/  247382 entries, 52.55% (elapsed time    79.0s, curr speed    1.609 kHz, avg speed    1.646 kHz), accepted    11942/  130001 events ( 9.19%)
Processed   140000/  247382 entries, 56.59% (elapsed time    85.0s, curr speed    1.663 kHz, avg speed    1.647 kHz), accepted    12918/  140001 events ( 9.23%)
Processed   150000/  247382 entries, 60.63% (elapsed time    91.2s, curr speed    1.612 kHz, avg speed    1.645 kHz), accepted    13851/  150001 events ( 9.23%)
Processed   160000/  247382 entries, 64.68% (elapsed time    97.7s, curr speed    1.532 kHz, avg speed    1.637 kHz), accepted    14763/  160001 events ( 9.23%)
Processed   170000/  247382 entries, 68.72% (elapsed time   104.1s, curr speed    1.581 kHz, avg speed    1.634 kHz), accepted    15685/  170001 events ( 9.23%)
Processed   180000/  247382 entries, 72.76% (elapsed time   110.3s, curr speed    1.598 kHz, avg speed    1.632 kHz), accepted    16642/  180001 events ( 9.25%)
Processed   190000/  247382 entries, 76.80% (elapsed time   117.0s, curr speed    1.499 kHz, avg speed    1.624 kHz), accepted    17553/  190001 events ( 9.24%)
Processed   200000/  247382 entries, 80.85% (elapsed time   124.8s, curr speed    1.286 kHz, avg speed    1.603 kHz), accepted    18479/  200001 events ( 9.24%)
Processed   210000/  247382 entries, 84.89% (elapsed time   131.4s, curr speed    1.496 kHz, avg speed    1.598 kHz), accepted    19417/  210001 events ( 9.25%)
Processed   220000/  247382 entries, 88.93% (elapsed time   137.9s, curr speed    1.540 kHz, avg speed    1.595 kHz), accepted    20345/  220001 events ( 9.25%)
Processed   230000/  247382 entries, 92.97% (elapsed time   143.4s, curr speed    1.816 kHz, avg speed    1.603 kHz), accepted    21292/  230001 events ( 9.26%)
Processed   240000/  247382 entries, 97.02% (elapsed time   149.2s, curr speed    1.727 kHz, avg speed    1.608 kHz), accepted    22181/  240001 events ( 9.24%)
Processed 247382 preselected entries from /eos/cms/store/group/phys_tau/TauFW/nano/UL2017/DY1JetsToLL_M-50_TuneCP5_13TeV-madgraphMLM-pythia8/RunIISummer19UL17NanoAODv2-106X_mc2017_realistic_v8-v1/NANOAODSIM/E09C8B14-2AAA-3C49-AD92-807B4EC91CC7_skimjec_5.root (247382 entries). Finally selected 22869 entries
Pre-select 247382 entries out of 247382 (100.00%)
Processed    10000/  247382 entries,  4.04% (elapsed time     9.6s, curr speed    1.042 kHz, avg speed    1.042 kHz), accepted      888/   10001 events ( 8.88%)
Processed    20000/  247382 entries,  8.08% (elapsed time    15.4s, curr speed    1.714 kHz, avg speed    1.296 kHz), accepted     1803/   20001 events ( 9.01%)
Processed    30000/  247382 entries, 12.13% (elapsed time    21.9s, curr speed    1.547 kHz, avg speed    1.370 kHz), accepted     2705/   30001 events ( 9.02%)
Processed    40000/  247382 entries, 16.17% (elapsed time    28.0s, curr speed    1.626 kHz, avg speed    1.426 kHz), accepted     3605/   40001 events ( 9.01%)
Processed    50000/  247382 entries, 20.21% (elapsed time    33.8s, curr speed    1.729 kHz, avg speed    1.478 kHz), accepted     4478/   50001 events ( 8.96%)
Processed    60000/  247382 entries, 24.25% (elapsed time    39.8s, curr speed    1.687 kHz, avg speed    1.509 kHz), accepted     5430/   60001 events ( 9.05%)
Processed    70000/  247382 entries, 28.30% (elapsed time    45.9s, curr speed    1.616 kHz, avg speed    1.524 kHz), accepted     6344/   70001 events ( 9.06%)
Processed    80000/  247382 entries, 32.34% (elapsed time    52.0s, curr speed    1.648 kHz, avg speed    1.538 kHz), accepted     7260/   80001 events ( 9.07%)
Processed    90000/  247382 entries, 36.38% (elapsed time    57.5s, curr speed    1.830 kHz, avg speed    1.566 kHz), accepted     8181/   90001 events ( 9.09%)
Processed   100000/  247382 entries, 40.42% (elapsed time    63.7s, curr speed    1.620 kHz, avg speed    1.571 kHz), accepted     9064/  100001 events ( 9.06%)
Processed   110000/  247382 entries, 44.47% (elapsed time    70.0s, curr speed    1.581 kHz, avg speed    1.572 kHz), accepted    10034/  110001 events ( 9.12%)
Processed   120000/  247382 entries, 48.51% (elapsed time    75.4s, curr speed    1.861 kHz, avg speed    1.593 kHz), accepted    10979/  120001 events ( 9.15%)
Processed   130000/  247382 entries, 52.55% (elapsed time    81.9s, curr speed    1.533 kHz, avg speed    1.588 kHz), accepted    11881/  130001 events ( 9.14%)
Processed   140000/  247382 entries, 56.59% (elapsed time    88.0s, curr speed    1.627 kHz, avg speed    1.591 kHz), accepted    12798/  140001 events ( 9.14%)
Processed   150000/  247382 entries, 60.63% (elapsed time    94.1s, curr speed    1.641 kHz, avg speed    1.594 kHz), accepted    13727/  150001 events ( 9.15%)
Processed   160000/  247382 entries, 64.68% (elapsed time   100.1s, curr speed    1.657 kHz, avg speed    1.598 kHz), accepted    14676/  160001 events ( 9.17%)
Processed   170000/  247382 entries, 68.72% (elapsed time   106.3s, curr speed    1.638 kHz, avg speed    1.600 kHz), accepted    15556/  170001 events ( 9.15%)
Processed   180000/  247382 entries, 72.76% (elapsed time   111.2s, curr speed    2.022 kHz, avg speed    1.619 kHz), accepted    16495/  180001 events ( 9.16%)
Processed   190000/  247382 entries, 76.80% (elapsed time   116.4s, curr speed    1.921 kHz, avg speed    1.632 kHz), accepted    17388/  190001 events ( 9.15%)
Processed   200000/  247382 entries, 80.85% (elapsed time   121.1s, curr speed    2.110 kHz, avg speed    1.651 kHz), accepted    18326/  200001 events ( 9.16%)
Processed   210000/  247382 entries, 84.89% (elapsed time   126.3s, curr speed    1.947 kHz, avg speed    1.663 kHz), accepted    19204/  210001 events ( 9.14%)
Processed   220000/  247382 entries, 88.93% (elapsed time   132.7s, curr speed    1.561 kHz, avg speed    1.658 kHz), accepted    20123/  220001 events ( 9.15%)
Processed   230000/  247382 entries, 92.97% (elapsed time   139.1s, curr speed    1.571 kHz, avg speed    1.654 kHz), accepted    21049/  230001 events ( 9.15%)
Processed   240000/  247382 entries, 97.02% (elapsed time   145.4s, curr speed    1.578 kHz, avg speed    1.651 kHz), accepted    22014/  240001 events ( 9.17%)
Processed 247382 preselected entries from /eos/cms/store/group/phys_tau/TauFW/nano/UL2017/DY1JetsToLL_M-50_TuneCP5_13TeV-madgraphMLM-pythia8/RunIISummer19UL17NanoAODv2-106X_mc2017_realistic_v8-v1/NANOAODSIM/E09C8B14-2AAA-3C49-AD92-807B4EC91CC7_skimjec_6.root (247382 entries). Finally selected 22656 entries
Pre-select 247378 entries out of 247378 (100.00%)
Processed    10000/  247378 entries,  4.04% (elapsed time    12.2s, curr speed    0.820 kHz, avg speed    0.820 kHz), accepted      898/   10001 events ( 8.98%)
Processed    20000/  247378 entries,  8.08% (elapsed time    18.2s, curr speed    1.665 kHz, avg speed    1.099 kHz), accepted     1802/   20001 events ( 9.01%)
Processed    30000/  247378 entries, 12.13% (elapsed time    23.7s, curr speed    1.815 kHz, avg speed    1.266 kHz), accepted     2750/   30001 events ( 9.17%)
Processed    40000/  247378 entries, 16.17% (elapsed time    30.0s, curr speed    1.584 kHz, avg speed    1.333 kHz), accepted     3699/   40001 events ( 9.25%)
Processed    50000/  247378 entries, 20.21% (elapsed time    36.1s, curr speed    1.653 kHz, avg speed    1.386 kHz), accepted     4582/   50001 events ( 9.16%)
Processed    60000/  247378 entries, 24.25% (elapsed time    42.8s, curr speed    1.491 kHz, avg speed    1.403 kHz), accepted     5435/   60001 events ( 9.06%)
Processed    70000/  247378 entries, 28.30% (elapsed time    49.4s, curr speed    1.515 kHz, avg speed    1.418 kHz), accepted     6361/   70001 events ( 9.09%)
Processed    80000/  247378 entries, 32.34% (elapsed time    55.2s, curr speed    1.727 kHz, avg speed    1.450 kHz), accepted     7277/   80001 events ( 9.10%)
Processed    90000/  247378 entries, 36.38% (elapsed time    62.1s, curr speed    1.437 kHz, avg speed    1.449 kHz), accepted     8154/   90001 events ( 9.06%)
Processed   100000/  247378 entries, 40.42% (elapsed time    68.9s, curr speed    1.476 kHz, avg speed    1.451 kHz), accepted     9060/  100001 events ( 9.06%)
Processed   110000/  247378 entries, 44.47% (elapsed time    76.5s, curr speed    1.323 kHz, avg speed    1.439 kHz), accepted     9950/  110001 events ( 9.05%)
Processed   120000/  247378 entries, 48.51% (elapsed time    82.7s, curr speed    1.611 kHz, avg speed    1.452 kHz), accepted    10853/  120001 events ( 9.04%)
Processed   130000/  247378 entries, 52.55% (elapsed time    90.2s, curr speed    1.328 kHz, avg speed    1.441 kHz), accepted    11752/  130001 events ( 9.04%)
Processed   140000/  247378 entries, 56.59% (elapsed time    97.0s, curr speed    1.472 kHz, avg speed    1.444 kHz), accepted    12662/  140001 events ( 9.04%)
Processed   150000/  247378 entries, 60.64% (elapsed time   102.8s, curr speed    1.734 kHz, avg speed    1.460 kHz), accepted    13601/  150001 events ( 9.07%)
Processed   160000/  247378 entries, 64.68% (elapsed time   108.9s, curr speed    1.621 kHz, avg speed    1.469 kHz), accepted    14527/  160001 events ( 9.08%)
Processed   170000/  247378 entries, 68.72% (elapsed time   115.9s, curr speed    1.440 kHz, avg speed    1.467 kHz), accepted    15439/  170001 events ( 9.08%)
Processed   180000/  247378 entries, 72.76% (elapsed time   122.8s, curr speed    1.439 kHz, avg speed    1.466 kHz), accepted    16377/  180001 events ( 9.10%)
Processed   190000/  247378 entries, 76.81% (elapsed time   128.7s, curr speed    1.711 kHz, avg speed    1.477 kHz), accepted    17328/  190001 events ( 9.12%)
Processed   200000/  247378 entries, 80.85% (elapsed time   135.2s, curr speed    1.519 kHz, avg speed    1.479 kHz), accepted    18261/  200001 events ( 9.13%)
Processed   210000/  247378 entries, 84.89% (elapsed time   141.7s, curr speed    1.546 kHz, avg speed    1.482 kHz), accepted    19188/  210001 events ( 9.14%)
Processed   220000/  247378 entries, 88.93% (elapsed time   147.6s, curr speed    1.702 kHz, avg speed    1.491 kHz), accepted    20122/  220001 events ( 9.15%)
Processed   230000/  247378 entries, 92.98% (elapsed time   153.0s, curr speed    1.837 kHz, avg speed    1.503 kHz), accepted    21057/  230001 events ( 9.16%)
Processed   240000/  247378 entries, 97.02% (elapsed time   159.2s, curr speed    1.617 kHz, avg speed    1.507 kHz), accepted    21993/  240001 events ( 9.16%)
Processed 247378 preselected entries from /eos/cms/store/group/phys_tau/TauFW/nano/UL2017/DY1JetsToLL_M-50_TuneCP5_13TeV-madgraphMLM-pythia8/RunIISummer19UL17NanoAODv2-106X_mc2017_realistic_v8-v1/NANOAODSIM/E09C8B14-2AAA-3C49-AD92-807B4EC91CC7_skimjec_7.root (247378 entries). Finally selected 22712 entries
Pre-select 241494 entries out of 241494 (100.00%)
Processed    10000/  241494 entries,  4.14% (elapsed time    10.3s, curr speed    0.969 kHz, avg speed    0.969 kHz), accepted      990/   10001 events ( 9.90%)
Processed    20000/  241494 entries,  8.28% (elapsed time    16.4s, curr speed    1.640 kHz, avg speed    1.219 kHz), accepted     1929/   20001 events ( 9.64%)
Processed    30000/  241494 entries, 12.42% (elapsed time    22.9s, curr speed    1.532 kHz, avg speed    1.308 kHz), accepted     2871/   30001 events ( 9.57%)
Processed    40000/  241494 entries, 16.56% (elapsed time    28.6s, curr speed    1.762 kHz, avg speed    1.398 kHz), accepted     3769/   40001 events ( 9.42%)
Processed    50000/  241494 entries, 20.70% (elapsed time    34.2s, curr speed    1.793 kHz, avg speed    1.462 kHz), accepted     4660/   50001 events ( 9.32%)
Processed    60000/  241494 entries, 24.85% (elapsed time    39.7s, curr speed    1.818 kHz, avg speed    1.512 kHz), accepted     5571/   60001 events ( 9.28%)
Processed    70000/  241494 entries, 28.99% (elapsed time    45.3s, curr speed    1.774 kHz, avg speed    1.544 kHz), accepted     6438/   70001 events ( 9.20%)
Processed    80000/  241494 entries, 33.13% (elapsed time    50.2s, curr speed    2.056 kHz, avg speed    1.594 kHz), accepted     7343/   80001 events ( 9.18%)
Processed    90000/  241494 entries, 37.27% (elapsed time    55.7s, curr speed    1.820 kHz, avg speed    1.616 kHz), accepted     8311/   90001 events ( 9.23%)
Processed   100000/  241494 entries, 41.41% (elapsed time    60.9s, curr speed    1.933 kHz, avg speed    1.643 kHz), accepted     9210/  100001 events ( 9.21%)
Processed   110000/  241494 entries, 45.55% (elapsed time    66.3s, curr speed    1.828 kHz, avg speed    1.658 kHz), accepted    10098/  110001 events ( 9.18%)
Processed   120000/  241494 entries, 49.69% (elapsed time    72.1s, curr speed    1.748 kHz, avg speed    1.665 kHz), accepted    11031/  120001 events ( 9.19%)
Processed   130000/  241494 entries, 53.83% (elapsed time    77.6s, curr speed    1.795 kHz, avg speed    1.675 kHz), accepted    11942/  130001 events ( 9.19%)
Processed   140000/  241494 entries, 57.97% (elapsed time    84.4s, curr speed    1.474 kHz, avg speed    1.659 kHz), accepted    12870/  140001 events ( 9.19%)
Processed   150000/  241494 entries, 62.11% (elapsed time    89.6s, curr speed    1.939 kHz, avg speed    1.675 kHz), accepted    13746/  150001 events ( 9.16%)
Processed   160000/  241494 entries, 66.25% (elapsed time    95.1s, curr speed    1.822 kHz, avg speed    1.683 kHz), accepted    14711/  160001 events ( 9.19%)
Processed   170000/  241494 entries, 70.40% (elapsed time   100.3s, curr speed    1.923 kHz, avg speed    1.696 kHz), accepted    15625/  170001 events ( 9.19%)
Processed   180000/  241494 entries, 74.54% (elapsed time   105.8s, curr speed    1.802 kHz, avg speed    1.701 kHz), accepted    16559/  180001 events ( 9.20%)
Processed   190000/  241494 entries, 78.68% (elapsed time   111.7s, curr speed    1.710 kHz, avg speed    1.702 kHz), accepted    17457/  190001 events ( 9.19%)
Processed   200000/  241494 entries, 82.82% (elapsed time   117.0s, curr speed    1.876 kHz, avg speed    1.710 kHz), accepted    18345/  200001 events ( 9.17%)
Processed   210000/  241494 entries, 86.96% (elapsed time   122.1s, curr speed    1.961 kHz, avg speed    1.720 kHz), accepted    19309/  210001 events ( 9.19%)
Processed   220000/  241494 entries, 91.10% (elapsed time   127.6s, curr speed    1.802 kHz, avg speed    1.724 kHz), accepted    20249/  220001 events ( 9.20%)
Processed   230000/  241494 entries, 95.24% (elapsed time   132.5s, curr speed    2.045 kHz, avg speed    1.736 kHz), accepted    21122/  230001 events ( 9.18%)
Processed   240000/  241494 entries, 99.38% (elapsed time   137.8s, curr speed    1.881 kHz, avg speed    1.741 kHz), accepted    22044/  240001 events ( 9.18%)
Processed 241494 preselected entries from /eos/cms/store/group/phys_tau/TauFW/nano/UL2017/DY1JetsToLL_M-50_TuneCP5_13TeV-madgraphMLM-pythia8/RunIISummer19UL17NanoAODv2-106X_mc2017_realistic_v8-v1/NANOAODSIM/E7284D53-7254-584A-B16C-A753DD436967_skimjec_0.root (241494 entries). Finally selected 22191 entries
Total time 760.9 sec. to process 1231018 events. Rate = 1617.9 Hz.
>>> cwd          = /pool/condor/dir_29105
>>> ls           = ['tmp', '.job.ad', 'var', '_condor_stdout', 'condor_exec.exe', '.update.ad', '.machine.ad', 'lvigilan.cc', 'x509_voms', '.chirp.config', 'pico_etau_EES0p99_51.root']
>>> getstorage('/eos/home-l/lvigilan/output_ETauFR_UL17_RUN1/UL2017/etau/DY1JetsToLL_M-50'), <EOS("/eos/home-l/lvigilan/output_ETauFR_UL17_RUN1/UL2017/etau/DY1JetsToLL_M-50") at 0x2acc406ded50>
>>> Executing: 'cp ./pico_etau_EES0p99_51.root /eos/home-l/lvigilan/output_ETauFR_UL17_RUN1/UL2017/etau/DY1JetsToLL_M-50'
>>> Removing './pico_etau_EES0p99_51.root'...
>>> picojob.py done after 798.7 seconds

Job complete at Mon Jun  7 23:13:42 CEST 2021
Took 13 minutes 22 seconds040 (2367867.051.000) 06/07 23:13:48 Finished transferring output files
...
005 (2367867.051.000) 06/07 23:13:48 Job terminated.
	(1) Normal termination (return value 0)
		Usr 0 00:09:44, Sys 0 00:00:17  -  Run Remote Usage
		Usr 0 00:00:00, Sys 0 00:00:00  -  Run Local Usage
		Usr 0 00:09:44, Sys 0 00:00:17  -  Total Remote Usage
		Usr 0 00:00:00, Sys 0 00:00:00  -  Total Local Usage
	37195  -  Run Bytes Sent By Job
	9898  -  Run Bytes Received By Job
	37195  -  Total Bytes Sent By Job
	9898  -  Total Bytes Received By Job
	Partitionable Resources :    Usage  Request Allocated 
	   Cpus                 :     0.81        1         1 
	   Disk (KB)            : 13458           1    253474 
	   Memory (MB)          :   281        2000      2000 

	Job terminated of its own accord at 2021-06-07T21:13:42Z.
...
