Could not find platform independent libraries <prefix>
Could not find platform dependent libraries <exec_prefix>
Consider setting $PYTHONHOME to <prefix>[:<exec_prefix>]
ImportError: No module named site
Job start at Mon Jun  7 23:00:11 CEST 2021
Running job on machine Linux b7s13n3354.cern.ch 3.10.0-1160.24.1.el7.x86_64 #1 SMP Thu Apr 8 19:51:47 UTC 2021 x86_64 x86_64 x86_64 GNU/Linux, host b7s13n3354.cern.ch
============================================================
$PWD=/pool/condor/dir_25578
$JOBID=2367867
$TASKID=28
$HOSTNAME=b7s13n3354.cern.ch
$TASKCMD=/afs/cern.ch/work/l/lvigilan/TauWork/CMSSW_10_6_17_patch1/src/TauFW/PicoProducer/python/processors/picojob.py -y UL2017 -d 'mc' -c etau -M ETauFakeRate.ModuleETau --copydir /eos/home-l/lvigilan/output_ETauFR_UL17_RUN1/UL2017/etau/DY1JetsToLL_M-50 -t _etau_EES0p99_28 --opt 'ees=0.99' 'useT1=True' 'zpt=True' -i /eos/cms/store/group/phys_tau/TauFW/nano/UL2017/DY1JetsToLL_M-50_TuneCP5_13TeV-madgraphMLM-pythia8/RunIISummer19UL17NanoAODv2-106X_mc2017_realistic_v8-v1/NANOAODSIM/87DBFDE2-5BB4-524C-A1A3-E6F68638D2BF_skimjec_0.root /eos/cms/store/group/phys_tau/TauFW/nano/UL2017/DY1JetsToLL_M-50_TuneCP5_13TeV-madgraphMLM-pythia8/RunIISummer19UL17NanoAODv2-106X_mc2017_realistic_v8-v1/NANOAODSIM/87DBFDE2-5BB4-524C-A1A3-E6F68638D2BF_skimjec_1.root /eos/cms/store/group/phys_tau/TauFW/nano/UL2017/DY1JetsToLL_M-50_TuneCP5_13TeV-madgraphMLM-pythia8/RunIISummer19UL17NanoAODv2-106X_mc2017_realistic_v8-v1/NANOAODSIM/87DBFDE2-5BB4-524C-A1A3-E6F68638D2BF_skimjec_2.root /eos/cms/store/group/phys_tau/TauFW/nano/UL2017/DY1JetsToLL_M-50_TuneCP5_13TeV-madgraphMLM-pythia8/RunIISummer19UL17NanoAODv2-106X_mc2017_realistic_v8-v1/NANOAODSIM/87DBFDE2-5BB4-524C-A1A3-E6F68638D2BF_skimjec_3.root /eos/cms/store/group/phys_tau/TauFW/nano/UL2017/DY1JetsToLL_M-50_TuneCP5_13TeV-madgraphMLM-pythia8/RunIISummer19UL17NanoAODv2-106X_mc2017_realistic_v8-v1/NANOAODSIM/87DBFDE2-5BB4-524C-A1A3-E6F68638D2BF_skimjec_4.root
$WORKDIR=/pool/condor/dir_25578
>>> cd /afs/cern.ch/work/l/lvigilan/TauWork/CMSSW_10_6_17_patch1/src
>>> eval `scramv1 runtime -sh`
>>> cd /pool/condor/dir_25578
$PWD=/pool/condor/dir_25578
>>> /afs/cern.ch/work/l/lvigilan/TauWork/CMSSW_10_6_17_patch1/src/TauFW/PicoProducer/python/processors/picojob.py -y UL2017 -d 'mc' -c etau -M ETauFakeRate.ModuleETau --copydir /eos/home-l/lvigilan/output_ETauFR_UL17_RUN1/UL2017/etau/DY1JetsToLL_M-50 -t _etau_EES0p99_28 --opt 'ees=0.99' 'useT1=True' 'zpt=True' -i /eos/cms/store/group/phys_tau/TauFW/nano/UL2017/DY1JetsToLL_M-50_TuneCP5_13TeV-madgraphMLM-pythia8/RunIISummer19UL17NanoAODv2-106X_mc2017_realistic_v8-v1/NANOAODSIM/87DBFDE2-5BB4-524C-A1A3-E6F68638D2BF_skimjec_0.root /eos/cms/store/group/phys_tau/TauFW/nano/UL2017/DY1JetsToLL_M-50_TuneCP5_13TeV-madgraphMLM-pythia8/RunIISummer19UL17NanoAODv2-106X_mc2017_realistic_v8-v1/NANOAODSIM/87DBFDE2-5BB4-524C-A1A3-E6F68638D2BF_skimjec_1.root /eos/cms/store/group/phys_tau/TauFW/nano/UL2017/DY1JetsToLL_M-50_TuneCP5_13TeV-madgraphMLM-pythia8/RunIISummer19UL17NanoAODv2-106X_mc2017_realistic_v8-v1/NANOAODSIM/87DBFDE2-5BB4-524C-A1A3-E6F68638D2BF_skimjec_2.root /eos/cms/store/group/phys_tau/TauFW/nano/UL2017/DY1JetsToLL_M-50_TuneCP5_13TeV-madgraphMLM-pythia8/RunIISummer19UL17NanoAODv2-106X_mc2017_realistic_v8-v1/NANOAODSIM/87DBFDE2-5BB4-524C-A1A3-E6F68638D2BF_skimjec_3.root /eos/cms/store/group/phys_tau/TauFW/nano/UL2017/DY1JetsToLL_M-50_TuneCP5_13TeV-madgraphMLM-pythia8/RunIISummer19UL17NanoAODv2-106X_mc2017_realistic_v8-v1/NANOAODSIM/87DBFDE2-5BB4-524C-A1A3-E6F68638D2BF_skimjec_4.root
Error in <TGClient::TGClient>: can't open display "localhost:13.0", switching to batch mode...
 In case you run from a remote ssh session, reconnect with ssh -Y
--------------------------------------------------------------------------------
>>> era          = 'UL2017'
>>> year         = 2017
>>> channel      = 'etau'
>>> modname      = 'ETauFakeRate.ModuleETau'
>>> dtype        = 'mc'
>>> kwargs       = {'dtype': 'mc', 'zpt': True, 'ees': 0.99, 'useT1': True, 'verb': 0, 'era': 'UL2017', 'year': 2017}
>>> firstevt     = 0
>>> maxevts      = None
>>> outdir       = '.'
>>> copydir      = '/eos/home-l/lvigilan/output_ETauFR_UL17_RUN1/UL2017/etau/DY1JetsToLL_M-50'
>>> infiles      = ['/eos/cms/store/group/phys_tau/TauFW/nano/UL2017/DY1JetsToLL_M-50_TuneCP5_13TeV-madgraphMLM-pythia8/RunIISummer19UL17NanoAODv2-106X_mc2017_realistic_v8-v1/NANOAODSIM/87DBFDE2-5BB4-524C-A1A3-E6F68638D2BF_skimjec_0.root', '/eos/cms/store/group/phys_tau/TauFW/nano/UL2017/DY1JetsToLL_M-50_TuneCP5_13TeV-madgraphMLM-pythia8/RunIISummer19UL17NanoAODv2-106X_mc2017_realistic_v8-v1/NANOAODSIM/87DBFDE2-5BB4-524C-A1A3-E6F68638D2BF_skimjec_1.root', '/eos/cms/store/group/phys_tau/TauFW/nano/UL2017/DY1JetsToLL_M-50_TuneCP5_13TeV-madgraphMLM-pythia8/RunIISummer19UL17NanoAODv2-106X_mc2017_realistic_v8-v1/NANOAODSIM/87DBFDE2-5BB4-524C-A1A3-E6F68638D2BF_skimjec_2.root', '/eos/cms/store/group/phys_tau/TauFW/nano/UL2017/DY1JetsToLL_M-50_TuneCP5_13TeV-madgraphMLM-pythia8/RunIISummer19UL17NanoAODv2-106X_mc2017_realistic_v8-v1/NANOAODSIM/87DBFDE2-5BB4-524C-A1A3-E6F68638D2BF_skimjec_3.root', '/eos/cms/store/group/phys_tau/TauFW/nano/UL2017/DY1JetsToLL_M-50_TuneCP5_13TeV-madgraphMLM-pythia8/RunIISummer19UL17NanoAODv2-106X_mc2017_realistic_v8-v1/NANOAODSIM/87DBFDE2-5BB4-524C-A1A3-E6F68638D2BF_skimjec_4.root']
>>> outfname     = './pico_etau_EES0p99_28.root'
>>> branchsel    = '/afs/cern.ch/work/l/lvigilan/TauWork/CMSSW_10_6_17_patch1/python/TauFW/PicoProducer/processors/keep_and_drop_skim.txt'
>>> json         = None
>>> prefetch     = False
>>> cwd          = /pool/condor/dir_25578
--------------------------------------------------------------------------------

   ################
   #  ModuleETau  #
   ################

Loading PileupWeightTool for '/afs/cern.ch/work/l/lvigilan/TauWork/CMSSW_10_6_17_patch1/src/TauFW/PicoProducer/data/pileup/Data_PileUp_UL2017_69p2.root' and '/afs/cern.ch/work/l/lvigilan/TauWork/CMSSW_10_6_17_patch1/src/TauFW/PicoProducer/data/pileup/MC_PileUp_UL2017_Summer19.root'
Loading BTagWeightTool for DeepCSV (medium WP)...
>>> BTagTool: [1m[33mWarning! [0m[33mHistogram 'etau/eff_DeepCSV_udsg_medium' does not exist in /afs/cern.ch/work/l/lvigilan/TauWork/CMSSW_10_6_17_patch1/src/TauFW/PicoProducer/data/btag/DeepCSV_2017_12Apr2017_eff.root! Reverting to default efficiency histogram...[0m
>>> BTagTool: [1m[33mWarning! [0m[33mHistogram 'etau/eff_DeepCSV_c_medium' does not exist in /afs/cern.ch/work/l/lvigilan/TauWork/CMSSW_10_6_17_patch1/src/TauFW/PicoProducer/data/btag/DeepCSV_2017_12Apr2017_eff.root! Reverting to default efficiency histogram...[0m
>>> BTagTool: [1m[33mWarning! [0m[33mHistogram 'etau/eff_DeepCSV_b_medium' does not exist in /afs/cern.ch/work/l/lvigilan/TauWork/CMSSW_10_6_17_patch1/src/TauFW/PicoProducer/data/btag/DeepCSV_2017_12Apr2017_eff.root! Reverting to default efficiency histogram...[0m
>>> BTagTool: [1m[33mWarning! [0m[33mMade use of default efficiency histograms! The b tag weights from this module should be regarded as placeholders only,
and should NOT be used for analyses. B (mis)tag efficiencies in MC are analysis dependent. Please create your own
efficiency histogram with data/btag/getBTagEfficiencies.py after running all MC samples with BTagWeightTool.[0m
Loading TreeProducerETau for './pico_etau_EES0p99_28.root'
--------------------------------------------------------------------------------
>>> filename     = './pico_etau_EES0p99_28.root'
>>> year         = 2017
>>> dtype        = 'mc'
>>> channel      = 'etau'
>>> ismc         = True
>>> isdata       = False
>>> isembed      = False
>>> tes          = 1.0
>>> tessys       = None
>>> fes          = None
>>> ltf          = None
>>> jtf          = 1.0
>>> dotoppt      = False
>>> dozpt        = True
>>> dojec        = True
>>> dojecsys     = True
>>> dotight      = False
>>> useT1        = True
>>> jetCutPt     = 30
>>> bjetCutEta   = 2.7
>>> tauwp        = 0
>>> eleCutPt     = 36
>>> eleCutEta    = 2.1
>>> tauCutPt     = 20
>>> tauCutEta    = 2.3
>>> ZpeekReso    = 0.1
Pre-select 240541 entries out of 240541 (100.00%)
Processed    10000/  240541 entries,  4.16% (elapsed time    10.4s, curr speed    0.963 kHz, avg speed    0.963 kHz), accepted      899/   10001 events ( 8.99%)
Processed    20000/  240541 entries,  8.31% (elapsed time    15.7s, curr speed    1.889 kHz, avg speed    1.275 kHz), accepted     1814/   20001 events ( 9.07%)
Processed    30000/  240541 entries, 12.47% (elapsed time    21.3s, curr speed    1.769 kHz, avg speed    1.406 kHz), accepted     2740/   30001 events ( 9.13%)
Processed    40000/  240541 entries, 16.63% (elapsed time    26.8s, curr speed    1.830 kHz, avg speed    1.493 kHz), accepted     3651/   40001 events ( 9.13%)
Processed    50000/  240541 entries, 20.79% (elapsed time    34.9s, curr speed    1.239 kHz, avg speed    1.434 kHz), accepted     4561/   50001 events ( 9.12%)
Processed    60000/  240541 entries, 24.94% (elapsed time    40.1s, curr speed    1.922 kHz, avg speed    1.497 kHz), accepted     5527/   60001 events ( 9.21%)
Processed    70000/  240541 entries, 29.10% (elapsed time    46.2s, curr speed    1.638 kHz, avg speed    1.516 kHz), accepted     6474/   70001 events ( 9.25%)
Processed    80000/  240541 entries, 33.26% (elapsed time    51.7s, curr speed    1.819 kHz, avg speed    1.548 kHz), accepted     7336/   80001 events ( 9.17%)
Processed    90000/  240541 entries, 37.42% (elapsed time    56.8s, curr speed    1.951 kHz, avg speed    1.585 kHz), accepted     8270/   90001 events ( 9.19%)
Processed   100000/  240541 entries, 41.57% (elapsed time    64.6s, curr speed    1.286 kHz, avg speed    1.549 kHz), accepted     9189/  100001 events ( 9.19%)
Processed   110000/  240541 entries, 45.73% (elapsed time    70.1s, curr speed    1.820 kHz, avg speed    1.570 kHz), accepted    10093/  110001 events ( 9.18%)
Processed   120000/  240541 entries, 49.89% (elapsed time    75.6s, curr speed    1.812 kHz, avg speed    1.588 kHz), accepted    10960/  120001 events ( 9.13%)
Processed   130000/  240541 entries, 54.04% (elapsed time    81.1s, curr speed    1.815 kHz, avg speed    1.603 kHz), accepted    11856/  130001 events ( 9.12%)
Processed   140000/  240541 entries, 58.20% (elapsed time    86.2s, curr speed    1.951 kHz, avg speed    1.624 kHz), accepted    12769/  140001 events ( 9.12%)
Processed   150000/  240541 entries, 62.36% (elapsed time    91.6s, curr speed    1.853 kHz, avg speed    1.637 kHz), accepted    13640/  150001 events ( 9.09%)
Processed   160000/  240541 entries, 66.52% (elapsed time    97.7s, curr speed    1.648 kHz, avg speed    1.638 kHz), accepted    14584/  160001 events ( 9.11%)
Processed   170000/  240541 entries, 70.67% (elapsed time   102.4s, curr speed    2.141 kHz, avg speed    1.661 kHz), accepted    15524/  170001 events ( 9.13%)
Processed   180000/  240541 entries, 74.83% (elapsed time   106.7s, curr speed    2.319 kHz, avg speed    1.687 kHz), accepted    16453/  180001 events ( 9.14%)
Processed   190000/  240541 entries, 78.99% (elapsed time   111.5s, curr speed    2.054 kHz, avg speed    1.703 kHz), accepted    17408/  190001 events ( 9.16%)
Processed   200000/  240541 entries, 83.15% (elapsed time   115.5s, curr speed    2.511 kHz, avg speed    1.731 kHz), accepted    18333/  200001 events ( 9.17%)
Processed   210000/  240541 entries, 87.30% (elapsed time   119.8s, curr speed    2.329 kHz, avg speed    1.753 kHz), accepted    19247/  210001 events ( 9.17%)
Processed   220000/  240541 entries, 91.46% (elapsed time   124.4s, curr speed    2.200 kHz, avg speed    1.769 kHz), accepted    20196/  220001 events ( 9.18%)
Processed   230000/  240541 entries, 95.62% (elapsed time   128.8s, curr speed    2.261 kHz, avg speed    1.786 kHz), accepted    21129/  230001 events ( 9.19%)
Processed   240000/  240541 entries, 99.78% (elapsed time   132.7s, curr speed    2.543 kHz, avg speed    1.808 kHz), accepted    22052/  240001 events ( 9.19%)
Processed 240541 preselected entries from /eos/cms/store/group/phys_tau/TauFW/nano/UL2017/DY1JetsToLL_M-50_TuneCP5_13TeV-madgraphMLM-pythia8/RunIISummer19UL17NanoAODv2-106X_mc2017_realistic_v8-v1/NANOAODSIM/87DBFDE2-5BB4-524C-A1A3-E6F68638D2BF_skimjec_0.root (240541 entries). Finally selected 22103 entries
Pre-select 240541 entries out of 240541 (100.00%)
Processed    10000/  240541 entries,  4.16% (elapsed time     6.9s, curr speed    1.449 kHz, avg speed    1.449 kHz), accepted      906/   10001 events ( 9.06%)
Processed    20000/  240541 entries,  8.31% (elapsed time    11.2s, curr speed    2.353 kHz, avg speed    1.793 kHz), accepted     1815/   20001 events ( 9.07%)
Processed    30000/  240541 entries, 12.47% (elapsed time    17.0s, curr speed    1.707 kHz, avg speed    1.763 kHz), accepted     2699/   30001 events ( 9.00%)
Processed    40000/  240541 entries, 16.63% (elapsed time    24.5s, curr speed    1.336 kHz, avg speed    1.633 kHz), accepted     3582/   40001 events ( 8.95%)
Processed    50000/  240541 entries, 20.79% (elapsed time    30.2s, curr speed    1.763 kHz, avg speed    1.657 kHz), accepted     4462/   50001 events ( 8.92%)
Processed    60000/  240541 entries, 24.94% (elapsed time    35.4s, curr speed    1.903 kHz, avg speed    1.694 kHz), accepted     5401/   60001 events ( 9.00%)
Processed    70000/  240541 entries, 29.10% (elapsed time    40.2s, curr speed    2.095 kHz, avg speed    1.741 kHz), accepted     6339/   70001 events ( 9.06%)
Processed    80000/  240541 entries, 33.26% (elapsed time    45.1s, curr speed    2.020 kHz, avg speed    1.772 kHz), accepted     7205/   80001 events ( 9.01%)
Processed    90000/  240541 entries, 37.42% (elapsed time    50.3s, curr speed    1.943 kHz, avg speed    1.789 kHz), accepted     8068/   90001 events ( 8.96%)
Processed   100000/  240541 entries, 41.57% (elapsed time    56.4s, curr speed    1.648 kHz, avg speed    1.774 kHz), accepted     8996/  100001 events ( 9.00%)
Processed   110000/  240541 entries, 45.73% (elapsed time    62.5s, curr speed    1.623 kHz, avg speed    1.759 kHz), accepted     9890/  110001 events ( 8.99%)
Processed   120000/  240541 entries, 49.89% (elapsed time    73.2s, curr speed    0.936 kHz, avg speed    1.639 kHz), accepted    10810/  120001 events ( 9.01%)
Processed   130000/  240541 entries, 54.04% (elapsed time    77.3s, curr speed    2.434 kHz, avg speed    1.681 kHz), accepted    11718/  130001 events ( 9.01%)
Processed   140000/  240541 entries, 58.20% (elapsed time    80.8s, curr speed    2.891 kHz, avg speed    1.733 kHz), accepted    12613/  140001 events ( 9.01%)
Processed   150000/  240541 entries, 62.36% (elapsed time    85.7s, curr speed    2.034 kHz, avg speed    1.751 kHz), accepted    13538/  150001 events ( 9.03%)
Processed   160000/  240541 entries, 66.52% (elapsed time    89.9s, curr speed    2.382 kHz, avg speed    1.780 kHz), accepted    14487/  160001 events ( 9.05%)
Processed   170000/  240541 entries, 70.67% (elapsed time    93.4s, curr speed    2.808 kHz, avg speed    1.819 kHz), accepted    15392/  170001 events ( 9.05%)
Processed   180000/  240541 entries, 74.83% (elapsed time    97.4s, curr speed    2.517 kHz, avg speed    1.848 kHz), accepted    16306/  180001 events ( 9.06%)
Processed   190000/  240541 entries, 78.99% (elapsed time   101.6s, curr speed    2.409 kHz, avg speed    1.871 kHz), accepted    17236/  190001 events ( 9.07%)
Processed   200000/  240541 entries, 83.15% (elapsed time   105.9s, curr speed    2.287 kHz, avg speed    1.888 kHz), accepted    18171/  200001 events ( 9.09%)
Processed   210000/  240541 entries, 87.30% (elapsed time   110.9s, curr speed    2.008 kHz, avg speed    1.893 kHz), accepted    19098/  210001 events ( 9.09%)
Processed   220000/  240541 entries, 91.46% (elapsed time   115.9s, curr speed    2.001 kHz, avg speed    1.898 kHz), accepted    20035/  220001 events ( 9.11%)
Processed   230000/  240541 entries, 95.62% (elapsed time   120.7s, curr speed    2.073 kHz, avg speed    1.905 kHz), accepted    20944/  230001 events ( 9.11%)
Processed   240000/  240541 entries, 99.78% (elapsed time   125.4s, curr speed    2.160 kHz, avg speed    1.914 kHz), accepted    21892/  240001 events ( 9.12%)
Processed 240541 preselected entries from /eos/cms/store/group/phys_tau/TauFW/nano/UL2017/DY1JetsToLL_M-50_TuneCP5_13TeV-madgraphMLM-pythia8/RunIISummer19UL17NanoAODv2-106X_mc2017_realistic_v8-v1/NANOAODSIM/87DBFDE2-5BB4-524C-A1A3-E6F68638D2BF_skimjec_1.root (240541 entries). Finally selected 21935 entries
Pre-select 240541 entries out of 240541 (100.00%)
Processed    10000/  240541 entries,  4.16% (elapsed time    12.6s, curr speed    0.793 kHz, avg speed    0.793 kHz), accepted      890/   10001 events ( 8.90%)
Processed    20000/  240541 entries,  8.31% (elapsed time    18.4s, curr speed    1.732 kHz, avg speed    1.088 kHz), accepted     1747/   20001 events ( 8.73%)
Processed    30000/  240541 entries, 12.47% (elapsed time    24.8s, curr speed    1.570 kHz, avg speed    1.212 kHz), accepted     2695/   30001 events ( 8.98%)
Processed    40000/  240541 entries, 16.63% (elapsed time    31.3s, curr speed    1.536 kHz, avg speed    1.279 kHz), accepted     3599/   40001 events ( 9.00%)
Processed    50000/  240541 entries, 20.79% (elapsed time    37.8s, curr speed    1.529 kHz, avg speed    1.323 kHz), accepted     4494/   50001 events ( 8.99%)
Processed    60000/  240541 entries, 24.94% (elapsed time    43.2s, curr speed    1.839 kHz, avg speed    1.387 kHz), accepted     5396/   60001 events ( 8.99%)
Processed    70000/  240541 entries, 29.10% (elapsed time    48.4s, curr speed    1.944 kHz, avg speed    1.447 kHz), accepted     6308/   70001 events ( 9.01%)
Processed    80000/  240541 entries, 33.26% (elapsed time    52.5s, curr speed    2.436 kHz, avg speed    1.524 kHz), accepted     7211/   80001 events ( 9.01%)
Processed    90000/  240541 entries, 37.42% (elapsed time    56.2s, curr speed    2.662 kHz, avg speed    1.600 kHz), accepted     8194/   90001 events ( 9.10%)
Processed   100000/  240541 entries, 41.57% (elapsed time    60.7s, curr speed    2.252 kHz, avg speed    1.648 kHz), accepted     9128/  100001 events ( 9.13%)
Processed   110000/  240541 entries, 45.73% (elapsed time    65.1s, curr speed    2.285 kHz, avg speed    1.691 kHz), accepted    10055/  110001 events ( 9.14%)
Processed   120000/  240541 entries, 49.89% (elapsed time    69.2s, curr speed    2.429 kHz, avg speed    1.735 kHz), accepted    10981/  120001 events ( 9.15%)
Processed   130000/  240541 entries, 54.04% (elapsed time    74.0s, curr speed    2.062 kHz, avg speed    1.756 kHz), accepted    11933/  130001 events ( 9.18%)
Processed   140000/  240541 entries, 58.20% (elapsed time    78.5s, curr speed    2.216 kHz, avg speed    1.782 kHz), accepted    12899/  140001 events ( 9.21%)
Processed   150000/  240541 entries, 62.36% (elapsed time    82.8s, curr speed    2.368 kHz, avg speed    1.812 kHz), accepted    13797/  150001 events ( 9.20%)
Processed   160000/  240541 entries, 66.52% (elapsed time    86.9s, curr speed    2.446 kHz, avg speed    1.842 kHz), accepted    14713/  160001 events ( 9.20%)
Processed   170000/  240541 entries, 70.67% (elapsed time    91.3s, curr speed    2.228 kHz, avg speed    1.861 kHz), accepted    15581/  170001 events ( 9.17%)
Processed   180000/  240541 entries, 74.83% (elapsed time    95.0s, curr speed    2.740 kHz, avg speed    1.895 kHz), accepted    16516/  180001 events ( 9.18%)
Processed   190000/  240541 entries, 78.99% (elapsed time    99.3s, curr speed    2.344 kHz, avg speed    1.914 kHz), accepted    17396/  190001 events ( 9.16%)
Processed   200000/  240541 entries, 83.15% (elapsed time   104.0s, curr speed    2.110 kHz, avg speed    1.923 kHz), accepted    18323/  200001 events ( 9.16%)
Processed   210000/  240541 entries, 87.30% (elapsed time   108.8s, curr speed    2.066 kHz, avg speed    1.929 kHz), accepted    19255/  210001 events ( 9.17%)
Processed   220000/  240541 entries, 91.46% (elapsed time   112.9s, curr speed    2.458 kHz, avg speed    1.949 kHz), accepted    20146/  220001 events ( 9.16%)
Processed   230000/  240541 entries, 95.62% (elapsed time   116.6s, curr speed    2.673 kHz, avg speed    1.972 kHz), accepted    21067/  230001 events ( 9.16%)
Processed   240000/  240541 entries, 99.78% (elapsed time   121.1s, curr speed    2.259 kHz, avg speed    1.982 kHz), accepted    22020/  240001 events ( 9.17%)
Processed 240541 preselected entries from /eos/cms/store/group/phys_tau/TauFW/nano/UL2017/DY1JetsToLL_M-50_TuneCP5_13TeV-madgraphMLM-pythia8/RunIISummer19UL17NanoAODv2-106X_mc2017_realistic_v8-v1/NANOAODSIM/87DBFDE2-5BB4-524C-A1A3-E6F68638D2BF_skimjec_2.root (240541 entries). Finally selected 22060 entries
Pre-select 240541 entries out of 240541 (100.00%)
Processed    10000/  240541 entries,  4.16% (elapsed time     9.1s, curr speed    1.097 kHz, avg speed    1.097 kHz), accepted      952/   10001 events ( 9.52%)
Processed    20000/  240541 entries,  8.31% (elapsed time    13.4s, curr speed    2.336 kHz, avg speed    1.493 kHz), accepted     1865/   20001 events ( 9.32%)
Processed    30000/  240541 entries, 12.47% (elapsed time    17.5s, curr speed    2.418 kHz, avg speed    1.711 kHz), accepted     2835/   30001 events ( 9.45%)
Processed    40000/  240541 entries, 16.63% (elapsed time    21.7s, curr speed    2.411 kHz, avg speed    1.845 kHz), accepted     3760/   40001 events ( 9.40%)
Processed    50000/  240541 entries, 20.79% (elapsed time    25.8s, curr speed    2.426 kHz, avg speed    1.938 kHz), accepted     4660/   50001 events ( 9.32%)
Processed    60000/  240541 entries, 24.94% (elapsed time    30.3s, curr speed    2.213 kHz, avg speed    1.979 kHz), accepted     5614/   60001 events ( 9.36%)
Processed    70000/  240541 entries, 29.10% (elapsed time    34.0s, curr speed    2.743 kHz, avg speed    2.061 kHz), accepted     6513/   70001 events ( 9.30%)
Processed    80000/  240541 entries, 33.26% (elapsed time    37.7s, curr speed    2.655 kHz, avg speed    2.120 kHz), accepted     7391/   80001 events ( 9.24%)
Processed    90000/  240541 entries, 37.42% (elapsed time    41.6s, curr speed    2.560 kHz, avg speed    2.162 kHz), accepted     8280/   90001 events ( 9.20%)
Processed   100000/  240541 entries, 41.57% (elapsed time    47.8s, curr speed    1.610 kHz, avg speed    2.090 kHz), accepted     9185/  100001 events ( 9.18%)
Processed   110000/  240541 entries, 45.73% (elapsed time    51.8s, curr speed    2.505 kHz, avg speed    2.122 kHz), accepted    10122/  110001 events ( 9.20%)
Processed   120000/  240541 entries, 49.89% (elapsed time    56.3s, curr speed    2.247 kHz, avg speed    2.132 kHz), accepted    11044/  120001 events ( 9.20%)
Processed   130000/  240541 entries, 54.04% (elapsed time    60.5s, curr speed    2.383 kHz, avg speed    2.149 kHz), accepted    11975/  130001 events ( 9.21%)
Processed   140000/  240541 entries, 58.20% (elapsed time    64.6s, curr speed    2.438 kHz, avg speed    2.168 kHz), accepted    12893/  140001 events ( 9.21%)
Processed   150000/  240541 entries, 62.36% (elapsed time    69.7s, curr speed    1.963 kHz, avg speed    2.153 kHz), accepted    13858/  150001 events ( 9.24%)
Processed   160000/  240541 entries, 66.52% (elapsed time    74.2s, curr speed    2.228 kHz, avg speed    2.157 kHz), accepted    14797/  160001 events ( 9.25%)
Processed   170000/  240541 entries, 70.67% (elapsed time    78.4s, curr speed    2.339 kHz, avg speed    2.167 kHz), accepted    15674/  170001 events ( 9.22%)
Processed   180000/  240541 entries, 74.83% (elapsed time    82.6s, curr speed    2.412 kHz, avg speed    2.179 kHz), accepted    16573/  180001 events ( 9.21%)
Processed   190000/  240541 entries, 78.99% (elapsed time    86.7s, curr speed    2.405 kHz, avg speed    2.190 kHz), accepted    17495/  190001 events ( 9.21%)
Processed   200000/  240541 entries, 83.15% (elapsed time    90.9s, curr speed    2.428 kHz, avg speed    2.201 kHz), accepted    18390/  200001 events ( 9.19%)
Processed   210000/  240541 entries, 87.30% (elapsed time    94.8s, curr speed    2.516 kHz, avg speed    2.214 kHz), accepted    19326/  210001 events ( 9.20%)
Processed   220000/  240541 entries, 91.46% (elapsed time    99.0s, curr speed    2.430 kHz, avg speed    2.223 kHz), accepted    20238/  220001 events ( 9.20%)
Processed   230000/  240541 entries, 95.62% (elapsed time   103.3s, curr speed    2.307 kHz, avg speed    2.227 kHz), accepted    21129/  230001 events ( 9.19%)
Processed   240000/  240541 entries, 99.78% (elapsed time   107.5s, curr speed    2.351 kHz, avg speed    2.232 kHz), accepted    21999/  240001 events ( 9.17%)
Processed 240541 preselected entries from /eos/cms/store/group/phys_tau/TauFW/nano/UL2017/DY1JetsToLL_M-50_TuneCP5_13TeV-madgraphMLM-pythia8/RunIISummer19UL17NanoAODv2-106X_mc2017_realistic_v8-v1/NANOAODSIM/87DBFDE2-5BB4-524C-A1A3-E6F68638D2BF_skimjec_3.root (240541 entries). Finally selected 22044 entries
Pre-select 240541 entries out of 240541 (100.00%)
Processed    10000/  240541 entries,  4.16% (elapsed time     8.7s, curr speed    1.148 kHz, avg speed    1.148 kHz), accepted      899/   10001 events ( 8.99%)
Processed    20000/  240541 entries,  8.31% (elapsed time    13.3s, curr speed    2.192 kHz, avg speed    1.507 kHz), accepted     1807/   20001 events ( 9.03%)
Processed    30000/  240541 entries, 12.47% (elapsed time    16.9s, curr speed    2.771 kHz, avg speed    1.778 kHz), accepted     2707/   30001 events ( 9.02%)
Processed    40000/  240541 entries, 16.63% (elapsed time    21.0s, curr speed    2.442 kHz, avg speed    1.907 kHz), accepted     3571/   40001 events ( 8.93%)
Processed    50000/  240541 entries, 20.79% (elapsed time    25.5s, curr speed    2.218 kHz, avg speed    1.962 kHz), accepted     4519/   50001 events ( 9.04%)
Processed    60000/  240541 entries, 24.94% (elapsed time    30.3s, curr speed    2.089 kHz, avg speed    1.982 kHz), accepted     5457/   60001 events ( 9.09%)
Processed    70000/  240541 entries, 29.10% (elapsed time    34.4s, curr speed    2.426 kHz, avg speed    2.035 kHz), accepted     6385/   70001 events ( 9.12%)
Processed    80000/  240541 entries, 33.26% (elapsed time    38.9s, curr speed    2.239 kHz, avg speed    2.059 kHz), accepted     7260/   80001 events ( 9.07%)
Processed    90000/  240541 entries, 37.42% (elapsed time    43.1s, curr speed    2.350 kHz, avg speed    2.088 kHz), accepted     8237/   90001 events ( 9.15%)
Processed   100000/  240541 entries, 41.57% (elapsed time    47.5s, curr speed    2.303 kHz, avg speed    2.107 kHz), accepted     9154/  100001 events ( 9.15%)
Processed   110000/  240541 entries, 45.73% (elapsed time    51.7s, curr speed    2.344 kHz, avg speed    2.127 kHz), accepted    10116/  110001 events ( 9.20%)
Processed   120000/  240541 entries, 49.89% (elapsed time    55.5s, curr speed    2.672 kHz, avg speed    2.164 kHz), accepted    11000/  120001 events ( 9.17%)
Processed   130000/  240541 entries, 54.04% (elapsed time    59.5s, curr speed    2.467 kHz, avg speed    2.184 kHz), accepted    11897/  130001 events ( 9.15%)
Processed   140000/  240541 entries, 58.20% (elapsed time    64.0s, curr speed    2.250 kHz, avg speed    2.189 kHz), accepted    12814/  140001 events ( 9.15%)
Processed   150000/  240541 entries, 62.36% (elapsed time    68.1s, curr speed    2.418 kHz, avg speed    2.203 kHz), accepted    13715/  150001 events ( 9.14%)
Processed   160000/  240541 entries, 66.52% (elapsed time    72.8s, curr speed    2.121 kHz, avg speed    2.197 kHz), accepted    14682/  160001 events ( 9.18%)
Processed   170000/  240541 entries, 70.67% (elapsed time    77.7s, curr speed    2.034 kHz, avg speed    2.187 kHz), accepted    15662/  170001 events ( 9.21%)
Processed   180000/  240541 entries, 74.83% (elapsed time    81.9s, curr speed    2.399 kHz, avg speed    2.198 kHz), accepted    16599/  180001 events ( 9.22%)
Processed   190000/  240541 entries, 78.99% (elapsed time    86.3s, curr speed    2.290 kHz, avg speed    2.203 kHz), accepted    17487/  190001 events ( 9.20%)
Processed   200000/  240541 entries, 83.15% (elapsed time    91.2s, curr speed    2.035 kHz, avg speed    2.194 kHz), accepted    18384/  200001 events ( 9.19%)
Processed   210000/  240541 entries, 87.30% (elapsed time    95.0s, curr speed    2.606 kHz, avg speed    2.210 kHz), accepted    19283/  210001 events ( 9.18%)
Processed   220000/  240541 entries, 91.46% (elapsed time    99.8s, curr speed    2.084 kHz, avg speed    2.204 kHz), accepted    20178/  220001 events ( 9.17%)
Processed   230000/  240541 entries, 95.62% (elapsed time   104.5s, curr speed    2.143 kHz, avg speed    2.201 kHz), accepted    21118/  230001 events ( 9.18%)
Processed   240000/  240541 entries, 99.78% (elapsed time   109.0s, curr speed    2.231 kHz, avg speed    2.203 kHz), accepted    22021/  240001 events ( 9.18%)
Processed 240541 preselected entries from /eos/cms/store/group/phys_tau/TauFW/nano/UL2017/DY1JetsToLL_M-50_TuneCP5_13TeV-madgraphMLM-pythia8/RunIISummer19UL17NanoAODv2-106X_mc2017_realistic_v8-v1/NANOAODSIM/87DBFDE2-5BB4-524C-A1A3-E6F68638D2BF_skimjec_4.root (240541 entries). Finally selected 22078 entries
Total time 599.3 sec. to process 1202705 events. Rate = 2006.8 Hz.
>>> cwd          = /pool/condor/dir_25578
>>> ls           = ['x509_voms', 'condor_exec.exe', 'lvigilan.cc', '.chirp.config', '.update.ad', '_condor_stdout', 'var', 'tmp', '.job.ad', 'pico_etau_EES0p99_28.root', '.machine.ad']
>>> getstorage('/eos/home-l/lvigilan/output_ETauFR_UL17_RUN1/UL2017/etau/DY1JetsToLL_M-50'), <EOS("/eos/home-l/lvigilan/output_ETauFR_UL17_RUN1/UL2017/etau/DY1JetsToLL_M-50") at 0x2afcc16bfd50>
>>> Executing: 'cp ./pico_etau_EES0p99_28.root /eos/home-l/lvigilan/output_ETauFR_UL17_RUN1/UL2017/etau/DY1JetsToLL_M-50'
>>> Removing './pico_etau_EES0p99_28.root'...
>>> picojob.py done after 633.9 seconds

Job complete at Mon Jun  7 23:10:50 CEST 2021
Took 10 minutes 39 seconds040 (2367867.028.000) 06/07 23:13:47 Finished transferring output files
...
005 (2367867.028.000) 06/07 23:13:47 Job terminated.
	(1) Normal termination (return value 0)
		Usr 0 00:08:07, Sys 0 00:00:15  -  Run Remote Usage
		Usr 0 00:00:00, Sys 0 00:00:00  -  Run Local Usage
		Usr 0 00:08:07, Sys 0 00:00:15  -  Total Remote Usage
		Usr 0 00:00:00, Sys 0 00:00:00  -  Total Local Usage
	37195  -  Run Bytes Sent By Job
	9898  -  Run Bytes Received By Job
	37195  -  Total Bytes Sent By Job
	9898  -  Total Bytes Received By Job
	Partitionable Resources :    Usage  Request Allocated 
	   Cpus                 :     0.91        1         1 
	   Disk (KB)            : 17489           1    259828 
	   Memory (MB)          :   281        2000      2000 

	Job terminated of its own accord at 2021-06-07T21:10:50Z.
...
