Could not find platform independent libraries <prefix>
Could not find platform dependent libraries <exec_prefix>
Consider setting $PYTHONHOME to <prefix>[:<exec_prefix>]
ImportError: No module named site
Job start at Tue Jun  8 10:10:58 CEST 2021
Running job on machine Linux b7s12n8325.cern.ch 3.10.0-1160.21.1.el7.x86_64 #1 SMP Tue Mar 16 18:28:22 UTC 2021 x86_64 x86_64 x86_64 GNU/Linux, host b7s12n8325.cern.ch
============================================================
$PWD=/pool/condor/dir_4839
$JOBID=2368934
$TASKID=48
$HOSTNAME=b7s12n8325.cern.ch
$TASKCMD=/afs/cern.ch/work/l/lvigilan/TauWork/CMSSW_10_6_17_patch1/src/TauFW/PicoProducer/python/processors/picojob.py -y UL2017 -d 'mc' -c etau -M ETauFakeRate.ModuleETau --copydir /eos/home-l/lvigilan/output_ETauFR_UL17_RUN1/UL2017/etau/DY1JetsToLL_M-50 -t _etau_EES1p01_48 --opt 'ees=1.01' 'useT1=True' 'zpt=True' -i /eos/cms/store/group/phys_tau/TauFW/nano/UL2017/DY1JetsToLL_M-50_TuneCP5_13TeV-madgraphMLM-pythia8/RunIISummer19UL17NanoAODv2-106X_mc2017_realistic_v8-v1/NANOAODSIM/D86BE952-5E45-C045-A7E2-03A8D063CCCF_skimjec_0.root /eos/cms/store/group/phys_tau/TauFW/nano/UL2017/DY1JetsToLL_M-50_TuneCP5_13TeV-madgraphMLM-pythia8/RunIISummer19UL17NanoAODv2-106X_mc2017_realistic_v8-v1/NANOAODSIM/D86BE952-5E45-C045-A7E2-03A8D063CCCF_skimjec_1.root /eos/cms/store/group/phys_tau/TauFW/nano/UL2017/DY1JetsToLL_M-50_TuneCP5_13TeV-madgraphMLM-pythia8/RunIISummer19UL17NanoAODv2-106X_mc2017_realistic_v8-v1/NANOAODSIM/D86BE952-5E45-C045-A7E2-03A8D063CCCF_skimjec_2.root /eos/cms/store/group/phys_tau/TauFW/nano/UL2017/DY1JetsToLL_M-50_TuneCP5_13TeV-madgraphMLM-pythia8/RunIISummer19UL17NanoAODv2-106X_mc2017_realistic_v8-v1/NANOAODSIM/D86BE952-5E45-C045-A7E2-03A8D063CCCF_skimjec_3.root /eos/cms/store/group/phys_tau/TauFW/nano/UL2017/DY1JetsToLL_M-50_TuneCP5_13TeV-madgraphMLM-pythia8/RunIISummer19UL17NanoAODv2-106X_mc2017_realistic_v8-v1/NANOAODSIM/D86BE952-5E45-C045-A7E2-03A8D063CCCF_skimjec_4.root
$WORKDIR=/pool/condor/dir_4839
>>> cd /afs/cern.ch/work/l/lvigilan/TauWork/CMSSW_10_6_17_patch1/src
>>> eval `scramv1 runtime -sh`
>>> cd /pool/condor/dir_4839
$PWD=/pool/condor/dir_4839
>>> /afs/cern.ch/work/l/lvigilan/TauWork/CMSSW_10_6_17_patch1/src/TauFW/PicoProducer/python/processors/picojob.py -y UL2017 -d 'mc' -c etau -M ETauFakeRate.ModuleETau --copydir /eos/home-l/lvigilan/output_ETauFR_UL17_RUN1/UL2017/etau/DY1JetsToLL_M-50 -t _etau_EES1p01_48 --opt 'ees=1.01' 'useT1=True' 'zpt=True' -i /eos/cms/store/group/phys_tau/TauFW/nano/UL2017/DY1JetsToLL_M-50_TuneCP5_13TeV-madgraphMLM-pythia8/RunIISummer19UL17NanoAODv2-106X_mc2017_realistic_v8-v1/NANOAODSIM/D86BE952-5E45-C045-A7E2-03A8D063CCCF_skimjec_0.root /eos/cms/store/group/phys_tau/TauFW/nano/UL2017/DY1JetsToLL_M-50_TuneCP5_13TeV-madgraphMLM-pythia8/RunIISummer19UL17NanoAODv2-106X_mc2017_realistic_v8-v1/NANOAODSIM/D86BE952-5E45-C045-A7E2-03A8D063CCCF_skimjec_1.root /eos/cms/store/group/phys_tau/TauFW/nano/UL2017/DY1JetsToLL_M-50_TuneCP5_13TeV-madgraphMLM-pythia8/RunIISummer19UL17NanoAODv2-106X_mc2017_realistic_v8-v1/NANOAODSIM/D86BE952-5E45-C045-A7E2-03A8D063CCCF_skimjec_2.root /eos/cms/store/group/phys_tau/TauFW/nano/UL2017/DY1JetsToLL_M-50_TuneCP5_13TeV-madgraphMLM-pythia8/RunIISummer19UL17NanoAODv2-106X_mc2017_realistic_v8-v1/NANOAODSIM/D86BE952-5E45-C045-A7E2-03A8D063CCCF_skimjec_3.root /eos/cms/store/group/phys_tau/TauFW/nano/UL2017/DY1JetsToLL_M-50_TuneCP5_13TeV-madgraphMLM-pythia8/RunIISummer19UL17NanoAODv2-106X_mc2017_realistic_v8-v1/NANOAODSIM/D86BE952-5E45-C045-A7E2-03A8D063CCCF_skimjec_4.root
Error in <TGClient::TGClient>: can't open display "localhost:21.0", switching to batch mode...
 In case you run from a remote ssh session, reconnect with ssh -Y
--------------------------------------------------------------------------------
>>> era          = 'UL2017'
>>> year         = 2017
>>> channel      = 'etau'
>>> modname      = 'ETauFakeRate.ModuleETau'
>>> dtype        = 'mc'
>>> kwargs       = {'dtype': 'mc', 'zpt': True, 'ees': 1.01, 'useT1': True, 'verb': 0, 'era': 'UL2017', 'year': 2017}
>>> firstevt     = 0
>>> maxevts      = None
>>> outdir       = '.'
>>> copydir      = '/eos/home-l/lvigilan/output_ETauFR_UL17_RUN1/UL2017/etau/DY1JetsToLL_M-50'
>>> infiles      = ['/eos/cms/store/group/phys_tau/TauFW/nano/UL2017/DY1JetsToLL_M-50_TuneCP5_13TeV-madgraphMLM-pythia8/RunIISummer19UL17NanoAODv2-106X_mc2017_realistic_v8-v1/NANOAODSIM/D86BE952-5E45-C045-A7E2-03A8D063CCCF_skimjec_0.root', '/eos/cms/store/group/phys_tau/TauFW/nano/UL2017/DY1JetsToLL_M-50_TuneCP5_13TeV-madgraphMLM-pythia8/RunIISummer19UL17NanoAODv2-106X_mc2017_realistic_v8-v1/NANOAODSIM/D86BE952-5E45-C045-A7E2-03A8D063CCCF_skimjec_1.root', '/eos/cms/store/group/phys_tau/TauFW/nano/UL2017/DY1JetsToLL_M-50_TuneCP5_13TeV-madgraphMLM-pythia8/RunIISummer19UL17NanoAODv2-106X_mc2017_realistic_v8-v1/NANOAODSIM/D86BE952-5E45-C045-A7E2-03A8D063CCCF_skimjec_2.root', '/eos/cms/store/group/phys_tau/TauFW/nano/UL2017/DY1JetsToLL_M-50_TuneCP5_13TeV-madgraphMLM-pythia8/RunIISummer19UL17NanoAODv2-106X_mc2017_realistic_v8-v1/NANOAODSIM/D86BE952-5E45-C045-A7E2-03A8D063CCCF_skimjec_3.root', '/eos/cms/store/group/phys_tau/TauFW/nano/UL2017/DY1JetsToLL_M-50_TuneCP5_13TeV-madgraphMLM-pythia8/RunIISummer19UL17NanoAODv2-106X_mc2017_realistic_v8-v1/NANOAODSIM/D86BE952-5E45-C045-A7E2-03A8D063CCCF_skimjec_4.root']
>>> outfname     = './pico_etau_EES1p01_48.root'
>>> branchsel    = '/afs/cern.ch/work/l/lvigilan/TauWork/CMSSW_10_6_17_patch1/python/TauFW/PicoProducer/processors/keep_and_drop_skim.txt'
>>> json         = None
>>> prefetch     = False
>>> cwd          = /pool/condor/dir_4839
--------------------------------------------------------------------------------

   ################
   #  ModuleETau  #
   ################

Loading PileupWeightTool for '/afs/cern.ch/work/l/lvigilan/TauWork/CMSSW_10_6_17_patch1/src/TauFW/PicoProducer/data/pileup/Data_PileUp_UL2017_69p2.root' and '/afs/cern.ch/work/l/lvigilan/TauWork/CMSSW_10_6_17_patch1/src/TauFW/PicoProducer/data/pileup/MC_PileUp_UL2017_Summer19.root'
Loading BTagWeightTool for DeepCSV (medium WP)...
>>> BTagTool: [1m[33mWarning! [0m[33mHistogram 'etau/eff_DeepCSV_udsg_medium' does not exist in /afs/cern.ch/work/l/lvigilan/TauWork/CMSSW_10_6_17_patch1/src/TauFW/PicoProducer/data/btag/DeepCSV_2017_12Apr2017_eff.root! Reverting to default efficiency histogram...[0m
>>> BTagTool: [1m[33mWarning! [0m[33mHistogram 'etau/eff_DeepCSV_c_medium' does not exist in /afs/cern.ch/work/l/lvigilan/TauWork/CMSSW_10_6_17_patch1/src/TauFW/PicoProducer/data/btag/DeepCSV_2017_12Apr2017_eff.root! Reverting to default efficiency histogram...[0m
>>> BTagTool: [1m[33mWarning! [0m[33mHistogram 'etau/eff_DeepCSV_b_medium' does not exist in /afs/cern.ch/work/l/lvigilan/TauWork/CMSSW_10_6_17_patch1/src/TauFW/PicoProducer/data/btag/DeepCSV_2017_12Apr2017_eff.root! Reverting to default efficiency histogram...[0m
>>> BTagTool: [1m[33mWarning! [0m[33mMade use of default efficiency histograms! The b tag weights from this module should be regarded as placeholders only,
and should NOT be used for analyses. B (mis)tag efficiencies in MC are analysis dependent. Please create your own
efficiency histogram with data/btag/getBTagEfficiencies.py after running all MC samples with BTagWeightTool.[0m
Loading TreeProducerETau for './pico_etau_EES1p01_48.root'
--------------------------------------------------------------------------------
>>> filename     = './pico_etau_EES1p01_48.root'
>>> year         = 2017
>>> dtype        = 'mc'
>>> channel      = 'etau'
>>> ismc         = True
>>> isdata       = False
>>> isembed      = False
>>> tes          = 1.0
>>> tessys       = None
>>> fes          = None
>>> ltf          = None
>>> jtf          = 1.0
>>> dotoppt      = False
>>> dozpt        = True
>>> dojec        = True
>>> dojecsys     = True
>>> dotight      = False
>>> useT1        = True
>>> jetCutPt     = 30
>>> bjetCutEta   = 2.7
>>> tauwp        = 0
>>> eleCutPt     = 36
>>> eleCutEta    = 2.1
>>> tauCutPt     = 20
>>> tauCutEta    = 2.3
>>> ZpeekReso    = 0.1
Pre-select 209747 entries out of 209747 (100.00%)
Processed    10000/  209747 entries,  4.77% (elapsed time    10.7s, curr speed    0.935 kHz, avg speed    0.935 kHz), accepted      953/   10001 events ( 9.53%)
Processed    20000/  209747 entries,  9.54% (elapsed time    17.0s, curr speed    1.585 kHz, avg speed    1.176 kHz), accepted     1835/   20001 events ( 9.17%)
Processed    30000/  209747 entries, 14.30% (elapsed time    23.5s, curr speed    1.533 kHz, avg speed    1.275 kHz), accepted     2777/   30001 events ( 9.26%)
Processed    40000/  209747 entries, 19.07% (elapsed time    29.2s, curr speed    1.772 kHz, avg speed    1.371 kHz), accepted     3645/   40001 events ( 9.11%)
Processed    50000/  209747 entries, 23.84% (elapsed time    34.6s, curr speed    1.829 kHz, avg speed    1.444 kHz), accepted     4595/   50001 events ( 9.19%)
Processed    60000/  209747 entries, 28.61% (elapsed time    39.9s, curr speed    1.896 kHz, avg speed    1.503 kHz), accepted     5480/   60001 events ( 9.13%)
Processed    70000/  209747 entries, 33.37% (elapsed time    45.1s, curr speed    1.922 kHz, avg speed    1.552 kHz), accepted     6422/   70001 events ( 9.17%)
Processed    80000/  209747 entries, 38.14% (elapsed time    50.3s, curr speed    1.936 kHz, avg speed    1.591 kHz), accepted     7368/   80001 events ( 9.21%)
Processed    90000/  209747 entries, 42.91% (elapsed time    55.7s, curr speed    1.833 kHz, avg speed    1.615 kHz), accepted     8327/   90001 events ( 9.25%)
Processed   100000/  209747 entries, 47.68% (elapsed time    62.2s, curr speed    1.547 kHz, avg speed    1.608 kHz), accepted     9212/  100001 events ( 9.21%)
Processed   110000/  209747 entries, 52.44% (elapsed time    67.6s, curr speed    1.835 kHz, avg speed    1.626 kHz), accepted    10114/  110001 events ( 9.19%)
Processed   120000/  209747 entries, 57.21% (elapsed time    73.0s, curr speed    1.879 kHz, avg speed    1.645 kHz), accepted    11070/  120001 events ( 9.22%)
Processed   130000/  209747 entries, 61.98% (elapsed time    79.0s, curr speed    1.649 kHz, avg speed    1.645 kHz), accepted    11983/  130001 events ( 9.22%)
Processed   140000/  209747 entries, 66.75% (elapsed time    83.9s, curr speed    2.059 kHz, avg speed    1.669 kHz), accepted    12899/  140001 events ( 9.21%)
Processed   150000/  209747 entries, 71.51% (elapsed time    89.1s, curr speed    1.922 kHz, avg speed    1.684 kHz), accepted    13840/  150001 events ( 9.23%)
Processed   160000/  209747 entries, 76.28% (elapsed time    94.0s, curr speed    2.019 kHz, avg speed    1.701 kHz), accepted    14720/  160001 events ( 9.20%)
Processed   170000/  209747 entries, 81.05% (elapsed time    99.2s, curr speed    1.951 kHz, avg speed    1.714 kHz), accepted    15648/  170001 events ( 9.20%)
Processed   180000/  209747 entries, 85.82% (elapsed time   103.6s, curr speed    2.258 kHz, avg speed    1.738 kHz), accepted    16518/  180001 events ( 9.18%)
Processed   190000/  209747 entries, 90.59% (elapsed time   108.7s, curr speed    1.949 kHz, avg speed    1.748 kHz), accepted    17474/  190001 events ( 9.20%)
Processed   200000/  209747 entries, 95.35% (elapsed time   113.2s, curr speed    2.224 kHz, avg speed    1.766 kHz), accepted    18401/  200001 events ( 9.20%)
Processed 209747 preselected entries from /eos/cms/store/group/phys_tau/TauFW/nano/UL2017/DY1JetsToLL_M-50_TuneCP5_13TeV-madgraphMLM-pythia8/RunIISummer19UL17NanoAODv2-106X_mc2017_realistic_v8-v1/NANOAODSIM/D86BE952-5E45-C045-A7E2-03A8D063CCCF_skimjec_0.root (209747 entries). Finally selected 19300 entries
Pre-select 209747 entries out of 209747 (100.00%)
Processed    10000/  209747 entries,  4.77% (elapsed time    10.1s, curr speed    0.987 kHz, avg speed    0.987 kHz), accepted      934/   10001 events ( 9.34%)
Processed    20000/  209747 entries,  9.54% (elapsed time    16.2s, curr speed    1.660 kHz, avg speed    1.238 kHz), accepted     1816/   20001 events ( 9.08%)
Processed    30000/  209747 entries, 14.30% (elapsed time    21.5s, curr speed    1.881 kHz, avg speed    1.397 kHz), accepted     2722/   30001 events ( 9.07%)
Processed    40000/  209747 entries, 19.07% (elapsed time    25.8s, curr speed    2.309 kHz, avg speed    1.550 kHz), accepted     3645/   40001 events ( 9.11%)
Processed    50000/  209747 entries, 23.84% (elapsed time    30.5s, curr speed    2.143 kHz, avg speed    1.641 kHz), accepted     4607/   50001 events ( 9.21%)
Processed    60000/  209747 entries, 28.61% (elapsed time    35.1s, curr speed    2.135 kHz, avg speed    1.707 kHz), accepted     5532/   60001 events ( 9.22%)
Processed    70000/  209747 entries, 33.37% (elapsed time    40.1s, curr speed    2.003 kHz, avg speed    1.744 kHz), accepted     6457/   70001 events ( 9.22%)
Processed    80000/  209747 entries, 38.14% (elapsed time    44.9s, curr speed    2.090 kHz, avg speed    1.781 kHz), accepted     7390/   80001 events ( 9.24%)
Processed    90000/  209747 entries, 42.91% (elapsed time    49.6s, curr speed    2.124 kHz, avg speed    1.813 kHz), accepted     8314/   90001 events ( 9.24%)
Processed   100000/  209747 entries, 47.68% (elapsed time    54.2s, curr speed    2.170 kHz, avg speed    1.844 kHz), accepted     9213/  100001 events ( 9.21%)
Processed   110000/  209747 entries, 52.44% (elapsed time    58.7s, curr speed    2.267 kHz, avg speed    1.875 kHz), accepted    10125/  110001 events ( 9.20%)
Processed   120000/  209747 entries, 57.21% (elapsed time    63.4s, curr speed    2.114 kHz, avg speed    1.893 kHz), accepted    11067/  120001 events ( 9.22%)
Processed   130000/  209747 entries, 61.98% (elapsed time    68.3s, curr speed    2.054 kHz, avg speed    1.905 kHz), accepted    12014/  130001 events ( 9.24%)
Processed   140000/  209747 entries, 66.75% (elapsed time    73.1s, curr speed    2.077 kHz, avg speed    1.916 kHz), accepted    12929/  140001 events ( 9.23%)
Processed   150000/  209747 entries, 71.51% (elapsed time    77.9s, curr speed    2.081 kHz, avg speed    1.926 kHz), accepted    13886/  150001 events ( 9.26%)
Processed   160000/  209747 entries, 76.28% (elapsed time    82.9s, curr speed    1.977 kHz, avg speed    1.929 kHz), accepted    14824/  160001 events ( 9.26%)
Processed   170000/  209747 entries, 81.05% (elapsed time    87.8s, curr speed    2.056 kHz, avg speed    1.936 kHz), accepted    15767/  170001 events ( 9.27%)
Processed   180000/  209747 entries, 85.82% (elapsed time    92.6s, curr speed    2.076 kHz, avg speed    1.944 kHz), accepted    16725/  180001 events ( 9.29%)
Processed   190000/  209747 entries, 90.59% (elapsed time    97.8s, curr speed    1.946 kHz, avg speed    1.944 kHz), accepted    17693/  190001 events ( 9.31%)
Processed   200000/  209747 entries, 95.35% (elapsed time   102.4s, curr speed    2.133 kHz, avg speed    1.952 kHz), accepted    18612/  200001 events ( 9.31%)
Processed 209747 preselected entries from /eos/cms/store/group/phys_tau/TauFW/nano/UL2017/DY1JetsToLL_M-50_TuneCP5_13TeV-madgraphMLM-pythia8/RunIISummer19UL17NanoAODv2-106X_mc2017_realistic_v8-v1/NANOAODSIM/D86BE952-5E45-C045-A7E2-03A8D063CCCF_skimjec_1.root (209747 entries). Finally selected 19543 entries
Pre-select 209747 entries out of 209747 (100.00%)
Processed    10000/  209747 entries,  4.77% (elapsed time     8.7s, curr speed    1.148 kHz, avg speed    1.148 kHz), accepted      923/   10001 events ( 9.23%)
Processed    20000/  209747 entries,  9.54% (elapsed time    14.5s, curr speed    1.741 kHz, avg speed    1.384 kHz), accepted     1792/   20001 events ( 8.96%)
Processed    30000/  209747 entries, 14.30% (elapsed time    19.2s, curr speed    2.121 kHz, avg speed    1.565 kHz), accepted     2747/   30001 events ( 9.16%)
Processed    40000/  209747 entries, 19.07% (elapsed time    23.7s, curr speed    2.191 kHz, avg speed    1.686 kHz), accepted     3670/   40001 events ( 9.17%)
Processed    50000/  209747 entries, 23.84% (elapsed time    29.4s, curr speed    1.762 kHz, avg speed    1.700 kHz), accepted     4563/   50001 events ( 9.13%)
Processed    60000/  209747 entries, 28.61% (elapsed time    35.0s, curr speed    1.775 kHz, avg speed    1.712 kHz), accepted     5517/   60001 events ( 9.19%)
Processed    70000/  209747 entries, 33.37% (elapsed time    40.2s, curr speed    1.926 kHz, avg speed    1.740 kHz), accepted     6424/   70001 events ( 9.18%)
Processed    80000/  209747 entries, 38.14% (elapsed time    45.8s, curr speed    1.810 kHz, avg speed    1.748 kHz), accepted     7346/   80001 events ( 9.18%)
Processed    90000/  209747 entries, 42.91% (elapsed time    52.2s, curr speed    1.550 kHz, avg speed    1.724 kHz), accepted     8306/   90001 events ( 9.23%)
Processed   100000/  209747 entries, 47.68% (elapsed time    58.9s, curr speed    1.506 kHz, avg speed    1.699 kHz), accepted     9243/  100001 events ( 9.24%)
Processed   110000/  209747 entries, 52.44% (elapsed time    65.0s, curr speed    1.634 kHz, avg speed    1.693 kHz), accepted    10188/  110001 events ( 9.26%)
Processed   120000/  209747 entries, 57.21% (elapsed time    70.9s, curr speed    1.674 kHz, avg speed    1.691 kHz), accepted    11120/  120001 events ( 9.27%)
Processed   130000/  209747 entries, 61.98% (elapsed time    76.5s, curr speed    1.816 kHz, avg speed    1.700 kHz), accepted    12037/  130001 events ( 9.26%)
Processed   140000/  209747 entries, 66.75% (elapsed time    81.8s, curr speed    1.857 kHz, avg speed    1.711 kHz), accepted    12960/  140001 events ( 9.26%)
Processed   150000/  209747 entries, 71.51% (elapsed time    87.5s, curr speed    1.767 kHz, avg speed    1.714 kHz), accepted    13958/  150001 events ( 9.31%)
Processed   160000/  209747 entries, 76.28% (elapsed time    92.8s, curr speed    1.901 kHz, avg speed    1.725 kHz), accepted    14901/  160001 events ( 9.31%)
Processed   170000/  209747 entries, 81.05% (elapsed time    98.3s, curr speed    1.808 kHz, avg speed    1.730 kHz), accepted    15861/  170001 events ( 9.33%)
Processed   180000/  209747 entries, 85.82% (elapsed time   103.7s, curr speed    1.848 kHz, avg speed    1.736 kHz), accepted    16801/  180001 events ( 9.33%)
Processed   190000/  209747 entries, 90.59% (elapsed time   109.1s, curr speed    1.848 kHz, avg speed    1.741 kHz), accepted    17748/  190001 events ( 9.34%)
Processed   200000/  209747 entries, 95.35% (elapsed time   114.4s, curr speed    1.882 kHz, avg speed    1.748 kHz), accepted    18677/  200001 events ( 9.34%)
Processed 209747 preselected entries from /eos/cms/store/group/phys_tau/TauFW/nano/UL2017/DY1JetsToLL_M-50_TuneCP5_13TeV-madgraphMLM-pythia8/RunIISummer19UL17NanoAODv2-106X_mc2017_realistic_v8-v1/NANOAODSIM/D86BE952-5E45-C045-A7E2-03A8D063CCCF_skimjec_2.root (209747 entries). Finally selected 19659 entries
Pre-select 209747 entries out of 209747 (100.00%)
Processed    10000/  209747 entries,  4.77% (elapsed time     8.4s, curr speed    1.187 kHz, avg speed    1.187 kHz), accepted      992/   10001 events ( 9.92%)
Processed    20000/  209747 entries,  9.54% (elapsed time    13.1s, curr speed    2.144 kHz, avg speed    1.528 kHz), accepted     1904/   20001 events ( 9.52%)
Processed    30000/  209747 entries, 14.30% (elapsed time    17.8s, curr speed    2.135 kHz, avg speed    1.688 kHz), accepted     2837/   30001 events ( 9.46%)
Processed    40000/  209747 entries, 19.07% (elapsed time    22.8s, curr speed    1.981 kHz, avg speed    1.753 kHz), accepted     3779/   40001 events ( 9.45%)
Processed    50000/  209747 entries, 23.84% (elapsed time    27.4s, curr speed    2.170 kHz, avg speed    1.823 kHz), accepted     4683/   50001 events ( 9.37%)
Processed    60000/  209747 entries, 28.61% (elapsed time    32.2s, curr speed    2.108 kHz, avg speed    1.865 kHz), accepted     5608/   60001 events ( 9.35%)
Processed    70000/  209747 entries, 33.37% (elapsed time    38.1s, curr speed    1.682 kHz, avg speed    1.836 kHz), accepted     6535/   70001 events ( 9.34%)
Processed    80000/  209747 entries, 38.14% (elapsed time    42.9s, curr speed    2.093 kHz, avg speed    1.865 kHz), accepted     7456/   80001 events ( 9.32%)
Processed    90000/  209747 entries, 42.91% (elapsed time    47.6s, curr speed    2.124 kHz, avg speed    1.891 kHz), accepted     8408/   90001 events ( 9.34%)
Processed   100000/  209747 entries, 47.68% (elapsed time    53.2s, curr speed    1.785 kHz, avg speed    1.879 kHz), accepted     9352/  100001 events ( 9.35%)
Processed   110000/  209747 entries, 52.44% (elapsed time    58.4s, curr speed    1.920 kHz, avg speed    1.883 kHz), accepted    10291/  110001 events ( 9.36%)
Processed   120000/  209747 entries, 57.21% (elapsed time    63.2s, curr speed    2.078 kHz, avg speed    1.898 kHz), accepted    11235/  120001 events ( 9.36%)
Processed   130000/  209747 entries, 61.98% (elapsed time    68.7s, curr speed    1.837 kHz, avg speed    1.893 kHz), accepted    12181/  130001 events ( 9.37%)
Processed   140000/  209747 entries, 66.75% (elapsed time    73.8s, curr speed    1.955 kHz, avg speed    1.897 kHz), accepted    13119/  140001 events ( 9.37%)
Processed   150000/  209747 entries, 71.51% (elapsed time    79.3s, curr speed    1.812 kHz, avg speed    1.891 kHz), accepted    14022/  150001 events ( 9.35%)
Processed   160000/  209747 entries, 76.28% (elapsed time    84.5s, curr speed    1.920 kHz, avg speed    1.893 kHz), accepted    14934/  160001 events ( 9.33%)
Processed   170000/  209747 entries, 81.05% (elapsed time    90.2s, curr speed    1.759 kHz, avg speed    1.885 kHz), accepted    15878/  170001 events ( 9.34%)
Processed   180000/  209747 entries, 85.82% (elapsed time    95.0s, curr speed    2.069 kHz, avg speed    1.894 kHz), accepted    16758/  180001 events ( 9.31%)
Processed   190000/  209747 entries, 90.59% (elapsed time   100.0s, curr speed    2.003 kHz, avg speed    1.900 kHz), accepted    17703/  190001 events ( 9.32%)
Processed   200000/  209747 entries, 95.35% (elapsed time   104.8s, curr speed    2.104 kHz, avg speed    1.909 kHz), accepted    18619/  200001 events ( 9.31%)
Processed 209747 preselected entries from /eos/cms/store/group/phys_tau/TauFW/nano/UL2017/DY1JetsToLL_M-50_TuneCP5_13TeV-madgraphMLM-pythia8/RunIISummer19UL17NanoAODv2-106X_mc2017_realistic_v8-v1/NANOAODSIM/D86BE952-5E45-C045-A7E2-03A8D063CCCF_skimjec_3.root (209747 entries). Finally selected 19554 entries
Pre-select 209747 entries out of 209747 (100.00%)
Processed    10000/  209747 entries,  4.77% (elapsed time     8.3s, curr speed    1.211 kHz, avg speed    1.211 kHz), accepted      931/   10001 events ( 9.31%)
Processed    20000/  209747 entries,  9.54% (elapsed time    13.7s, curr speed    1.833 kHz, avg speed    1.458 kHz), accepted     1834/   20001 events ( 9.17%)
Processed    30000/  209747 entries, 14.30% (elapsed time    19.8s, curr speed    1.657 kHz, avg speed    1.519 kHz), accepted     2789/   30001 events ( 9.30%)
Processed    40000/  209747 entries, 19.07% (elapsed time    25.4s, curr speed    1.785 kHz, avg speed    1.578 kHz), accepted     3708/   40001 events ( 9.27%)
Processed    50000/  209747 entries, 23.84% (elapsed time    30.6s, curr speed    1.900 kHz, avg speed    1.633 kHz), accepted     4628/   50001 events ( 9.26%)
Processed    60000/  209747 entries, 28.61% (elapsed time    36.3s, curr speed    1.750 kHz, avg speed    1.652 kHz), accepted     5584/   60001 events ( 9.31%)
Processed    70000/  209747 entries, 33.37% (elapsed time    41.7s, curr speed    1.860 kHz, avg speed    1.678 kHz), accepted     6580/   70001 events ( 9.40%)
Processed    80000/  209747 entries, 38.14% (elapsed time    48.4s, curr speed    1.497 kHz, avg speed    1.653 kHz), accepted     7494/   80001 events ( 9.37%)
Processed    90000/  209747 entries, 42.91% (elapsed time    54.4s, curr speed    1.672 kHz, avg speed    1.655 kHz), accepted     8379/   90001 events ( 9.31%)
Processed   100000/  209747 entries, 47.68% (elapsed time    60.9s, curr speed    1.539 kHz, avg speed    1.643 kHz), accepted     9269/  100001 events ( 9.27%)
Processed   110000/  209747 entries, 52.44% (elapsed time    68.0s, curr speed    1.411 kHz, avg speed    1.619 kHz), accepted    10204/  110001 events ( 9.28%)
Processed   120000/  209747 entries, 57.21% (elapsed time    74.5s, curr speed    1.537 kHz, avg speed    1.612 kHz), accepted    11083/  120001 events ( 9.24%)
Processed   130000/  209747 entries, 61.98% (elapsed time    79.7s, curr speed    1.917 kHz, avg speed    1.632 kHz), accepted    11991/  130001 events ( 9.22%)
Processed   140000/  209747 entries, 66.75% (elapsed time    85.0s, curr speed    1.895 kHz, avg speed    1.648 kHz), accepted    12907/  140001 events ( 9.22%)
Processed   150000/  209747 entries, 71.51% (elapsed time    90.0s, curr speed    1.986 kHz, avg speed    1.667 kHz), accepted    13833/  150001 events ( 9.22%)
Processed   160000/  209747 entries, 76.28% (elapsed time    95.6s, curr speed    1.790 kHz, avg speed    1.674 kHz), accepted    14769/  160001 events ( 9.23%)
Processed   170000/  209747 entries, 81.05% (elapsed time   100.9s, curr speed    1.874 kHz, avg speed    1.685 kHz), accepted    15699/  170001 events ( 9.23%)
Processed   180000/  209747 entries, 85.82% (elapsed time   106.2s, curr speed    1.878 kHz, avg speed    1.694 kHz), accepted    16597/  180001 events ( 9.22%)
Processed   190000/  209747 entries, 90.59% (elapsed time   112.1s, curr speed    1.706 kHz, avg speed    1.695 kHz), accepted    17510/  190001 events ( 9.22%)
Processed   200000/  209747 entries, 95.35% (elapsed time   117.4s, curr speed    1.881 kHz, avg speed    1.703 kHz), accepted    18438/  200001 events ( 9.22%)
Processed 209747 preselected entries from /eos/cms/store/group/phys_tau/TauFW/nano/UL2017/DY1JetsToLL_M-50_TuneCP5_13TeV-madgraphMLM-pythia8/RunIISummer19UL17NanoAODv2-106X_mc2017_realistic_v8-v1/NANOAODSIM/D86BE952-5E45-C045-A7E2-03A8D063CCCF_skimjec_4.root (209747 entries). Finally selected 19332 entries
Total time 577.2 sec. to process 1048735 events. Rate = 1816.8 Hz.
>>> cwd          = /pool/condor/dir_4839
>>> ls           = ['.machine.ad', '.chirp.config', '.job.ad', '.update.ad', 'condor_exec.exe', 'pico_etau_EES1p01_48.root', 'x509_voms', 'lvigilan.cc', 'var', 'tmp', '_condor_stdout']
>>> getstorage('/eos/home-l/lvigilan/output_ETauFR_UL17_RUN1/UL2017/etau/DY1JetsToLL_M-50'), <EOS("/eos/home-l/lvigilan/output_ETauFR_UL17_RUN1/UL2017/etau/DY1JetsToLL_M-50") at 0x2b9580358550>
>>> Executing: 'cp ./pico_etau_EES1p01_48.root /eos/home-l/lvigilan/output_ETauFR_UL17_RUN1/UL2017/etau/DY1JetsToLL_M-50'
>>> Removing './pico_etau_EES1p01_48.root'...
>>> picojob.py done after 608.0 seconds

Job complete at Tue Jun  8 10:21:07 CEST 2021
Took 10 minutes 9 seconds040 (2368934.048.000) 06/08 10:21:08 Finished transferring output files
...
005 (2368934.048.000) 06/08 10:21:09 Job terminated.
	(1) Normal termination (return value 0)
		Usr 0 00:07:24, Sys 0 00:00:15  -  Run Remote Usage
		Usr 0 00:00:00, Sys 0 00:00:00  -  Run Local Usage
		Usr 0 00:07:24, Sys 0 00:00:15  -  Total Remote Usage
		Usr 0 00:00:00, Sys 0 00:00:00  -  Total Local Usage
	33969  -  Run Bytes Sent By Job
	9926  -  Run Bytes Received By Job
	33969  -  Total Bytes Sent By Job
	9926  -  Total Bytes Received By Job
	Partitionable Resources :    Usage  Request Allocated 
	   Cpus                 :     0.77        1         1 
	   Disk (KB)            : 16475           1    294584 
	   Memory (MB)          :   280        2000      2000 

	Job terminated of its own accord at 2021-06-08T08:21:07Z.
...
