Could not find platform independent libraries <prefix>
Could not find platform dependent libraries <exec_prefix>
Consider setting $PYTHONHOME to <prefix>[:<exec_prefix>]
ImportError: No module named site
Job start at Mon Feb  8 11:25:33 CET 2021
Running job on machine Linux b7g41n1343.cern.ch 3.10.0-1062.9.1.el7.x86_64 #1 SMP Fri Dec 6 15:49:49 UTC 2019 x86_64 x86_64 x86_64 GNU/Linux, host b7g41n1343.cern.ch
============================================================
$PWD=/pool/condor/dir_5570
$JOBID=1885499
$TASKID=3
$HOSTNAME=b7g41n1343.cern.ch
$TASKCMD=/afs/cern.ch/work/l/lvigilan/TauWork/CMSSW_10_6_17_patch1/src/TauFW/PicoProducer/python/processors/picojob.py -y 2017 -d 'mc' -c etau -M ModuleETau --copydir /eos/home-l/lvigilan/output_ETauFR/2017/etau/ST_t-channel_antitop -t _etau_12 --opt 'jec=False' -i root://cms-xrd-global.cern.ch//store/mc/RunIIFall17NanoAODv6/ST_t-channel_antitop_4f_InclusiveDecays_TuneCP5_PSweights_13TeV-powheg-pythia8/NANOAODSIM/PU2017_12Apr2018_Nano25Oct2019_102X_mc2017_realistic_v7-v1/70000/AA18ACB2-3516-6A4C-9631-4C61457A77C5.root root://cms-xrd-global.cern.ch//store/mc/RunIIFall17NanoAODv6/ST_t-channel_antitop_4f_InclusiveDecays_TuneCP5_PSweights_13TeV-powheg-pythia8/NANOAODSIM/PU2017_12Apr2018_Nano25Oct2019_102X_mc2017_realistic_v7-v1/70000/AD425906-4E68-A84A-9C14-3694DD910098.root root://cms-xrd-global.cern.ch//store/mc/RunIIFall17NanoAODv6/ST_t-channel_antitop_4f_InclusiveDecays_TuneCP5_PSweights_13TeV-powheg-pythia8/NANOAODSIM/PU2017_12Apr2018_Nano25Oct2019_102X_mc2017_realistic_v7-v1/70000/C3AA6579-E84D-404E-BC23-10AA1D2FC357.root root://cms-xrd-global.cern.ch//store/mc/RunIIFall17NanoAODv6/ST_t-channel_antitop_4f_InclusiveDecays_TuneCP5_PSweights_13TeV-powheg-pythia8/NANOAODSIM/PU2017_12Apr2018_Nano25Oct2019_102X_mc2017_realistic_v7-v1/70000/E169316D-88A5-8E4C-9121-FF398C833CC2.root root://cms-xrd-global.cern.ch//store/mc/RunIIFall17NanoAODv6/ST_t-channel_antitop_4f_InclusiveDecays_TuneCP5_PSweights_13TeV-powheg-pythia8/NANOAODSIM/PU2017_12Apr2018_Nano25Oct2019_102X_mc2017_realistic_v7-v1/70000/F601F876-0713-EF41-AE85-F65E1EECB80C.root
$WORKDIR=/pool/condor/dir_5570
>>> cd /afs/cern.ch/work/l/lvigilan/TauWork/CMSSW_10_6_17_patch1/src
>>> eval `scramv1 runtime -sh`
>>> cd /pool/condor/dir_5570
$PWD=/pool/condor/dir_5570
>>> /afs/cern.ch/work/l/lvigilan/TauWork/CMSSW_10_6_17_patch1/src/TauFW/PicoProducer/python/processors/picojob.py -y 2017 -d 'mc' -c etau -M ModuleETau --copydir /eos/home-l/lvigilan/output_ETauFR/2017/etau/ST_t-channel_antitop -t _etau_12 --opt 'jec=False' -i root://cms-xrd-global.cern.ch//store/mc/RunIIFall17NanoAODv6/ST_t-channel_antitop_4f_InclusiveDecays_TuneCP5_PSweights_13TeV-powheg-pythia8/NANOAODSIM/PU2017_12Apr2018_Nano25Oct2019_102X_mc2017_realistic_v7-v1/70000/AA18ACB2-3516-6A4C-9631-4C61457A77C5.root root://cms-xrd-global.cern.ch//store/mc/RunIIFall17NanoAODv6/ST_t-channel_antitop_4f_InclusiveDecays_TuneCP5_PSweights_13TeV-powheg-pythia8/NANOAODSIM/PU2017_12Apr2018_Nano25Oct2019_102X_mc2017_realistic_v7-v1/70000/AD425906-4E68-A84A-9C14-3694DD910098.root root://cms-xrd-global.cern.ch//store/mc/RunIIFall17NanoAODv6/ST_t-channel_antitop_4f_InclusiveDecays_TuneCP5_PSweights_13TeV-powheg-pythia8/NANOAODSIM/PU2017_12Apr2018_Nano25Oct2019_102X_mc2017_realistic_v7-v1/70000/C3AA6579-E84D-404E-BC23-10AA1D2FC357.root root://cms-xrd-global.cern.ch//store/mc/RunIIFall17NanoAODv6/ST_t-channel_antitop_4f_InclusiveDecays_TuneCP5_PSweights_13TeV-powheg-pythia8/NANOAODSIM/PU2017_12Apr2018_Nano25Oct2019_102X_mc2017_realistic_v7-v1/70000/E169316D-88A5-8E4C-9121-FF398C833CC2.root root://cms-xrd-global.cern.ch//store/mc/RunIIFall17NanoAODv6/ST_t-channel_antitop_4f_InclusiveDecays_TuneCP5_PSweights_13TeV-powheg-pythia8/NANOAODSIM/PU2017_12Apr2018_Nano25Oct2019_102X_mc2017_realistic_v7-v1/70000/F601F876-0713-EF41-AE85-F65E1EECB80C.root
Error in <TGClient::TGClient>: can't open display "localhost:50.0", switching to batch mode...
 In case you run from a remote ssh session, reconnect with ssh -Y
--------------------------------------------------------------------------------
>>> era          = '2017'
>>> year         = 2017
>>> channel      = 'etau'
>>> modname      = 'ModuleETau'
>>> dtype        = 'mc'
>>> kwargs       = {'dtype': 'mc', 'verb': 0, 'era': '2017', 'jec': False, 'year': 2017}
>>> maxevts      = None
>>> outdir       = '.'
>>> copydir      = '/eos/home-l/lvigilan/output_ETauFR/2017/etau/ST_t-channel_antitop'
>>> infiles      = ['root://cms-xrd-global.cern.ch//store/mc/RunIIFall17NanoAODv6/ST_t-channel_antitop_4f_InclusiveDecays_TuneCP5_PSweights_13TeV-powheg-pythia8/NANOAODSIM/PU2017_12Apr2018_Nano25Oct2019_102X_mc2017_realistic_v7-v1/70000/AA18ACB2-3516-6A4C-9631-4C61457A77C5.root', 'root://cms-xrd-global.cern.ch//store/mc/RunIIFall17NanoAODv6/ST_t-channel_antitop_4f_InclusiveDecays_TuneCP5_PSweights_13TeV-powheg-pythia8/NANOAODSIM/PU2017_12Apr2018_Nano25Oct2019_102X_mc2017_realistic_v7-v1/70000/AD425906-4E68-A84A-9C14-3694DD910098.root', 'root://cms-xrd-global.cern.ch//store/mc/RunIIFall17NanoAODv6/ST_t-channel_antitop_4f_InclusiveDecays_TuneCP5_PSweights_13TeV-powheg-pythia8/NANOAODSIM/PU2017_12Apr2018_Nano25Oct2019_102X_mc2017_realistic_v7-v1/70000/C3AA6579-E84D-404E-BC23-10AA1D2FC357.root', 'root://cms-xrd-global.cern.ch//store/mc/RunIIFall17NanoAODv6/ST_t-channel_antitop_4f_InclusiveDecays_TuneCP5_PSweights_13TeV-powheg-pythia8/NANOAODSIM/PU2017_12Apr2018_Nano25Oct2019_102X_mc2017_realistic_v7-v1/70000/E169316D-88A5-8E4C-9121-FF398C833CC2.root', 'root://cms-xrd-global.cern.ch//store/mc/RunIIFall17NanoAODv6/ST_t-channel_antitop_4f_InclusiveDecays_TuneCP5_PSweights_13TeV-powheg-pythia8/NANOAODSIM/PU2017_12Apr2018_Nano25Oct2019_102X_mc2017_realistic_v7-v1/70000/F601F876-0713-EF41-AE85-F65E1EECB80C.root']
>>> outfname     = './pico_etau_etau_12.root'
>>> branchsel    = '/afs/cern.ch/work/l/lvigilan/TauWork/CMSSW_10_6_17_patch1/python/TauFW/PicoProducer/processors/keep_and_drop_skim.txt'
>>> json         = None
>>> prefetch     = False
>>> cwd          = /pool/condor/dir_5570
--------------------------------------------------------------------------------

   ################
   #  ModuleETau  #
   ################

Loading PileupWeightTool for '/afs/cern.ch/work/l/lvigilan/TauWork/CMSSW_10_6_17_patch1/src/TauFW/PicoProducer/data/pileup/Data_PileUp_2017_69p2.root' and '/afs/cern.ch/work/l/lvigilan/TauWork/CMSSW_10_6_17_patch1/src/TauFW/PicoProducer/data/pileup/MC_PileUp_2017_Winter17_V2_new_pmx.root'
Loading BTagWeightTool for DeepCSV (medium WP)...
>>> BTagTool: [1m[33mWarning! [0m[33mHistogram 'etau/eff_DeepCSV_udsg_medium' does not exist in /afs/cern.ch/work/l/lvigilan/TauWork/CMSSW_10_6_17_patch1/src/TauFW/PicoProducer/data/btag/DeepCSV_2017_12Apr2017_eff.root! Reverting to default efficiency histogram...[0m
>>> BTagTool: [1m[33mWarning! [0m[33mHistogram 'etau/eff_DeepCSV_c_medium' does not exist in /afs/cern.ch/work/l/lvigilan/TauWork/CMSSW_10_6_17_patch1/src/TauFW/PicoProducer/data/btag/DeepCSV_2017_12Apr2017_eff.root! Reverting to default efficiency histogram...[0m
>>> BTagTool: [1m[33mWarning! [0m[33mHistogram 'etau/eff_DeepCSV_b_medium' does not exist in /afs/cern.ch/work/l/lvigilan/TauWork/CMSSW_10_6_17_patch1/src/TauFW/PicoProducer/data/btag/DeepCSV_2017_12Apr2017_eff.root! Reverting to default efficiency histogram...[0m
>>> BTagTool: [1m[33mWarning! [0m[33mMade use of default efficiency histograms! The b tag weights from this module should be regarded as placeholders only,
and should NOT be used for analyses. B (mis)tag efficiencies in MC are analysis dependent. Please create your own
efficiency histogram with data/btag/getBTagEfficiencies.py after running all MC samples with BTagWeightTool.[0m
Loading TreeProducerETau for './pico_etau_etau_12.root'
--------------------------------------------------------------------------------
>>> filename     = './pico_etau_etau_12.root'
>>> year         = 2017
>>> dtype        = 'mc'
>>> channel      = 'etau'
>>> ismc         = True
>>> isdata       = False
>>> isembed      = False
>>> tes          = None
>>> tessys       = None
>>> ltf          = 1.0
>>> jtf          = 1.0
>>> dotoppt      = False
>>> dozpt        = False
>>> dojec        = False
>>> dojecsys     = False
>>> dotight      = False
>>> jetCutPt     = 30
>>> bjetCutEta   = 2.7
>>> tauwp        = 0
>>> eleCutPt     = 36
>>> eleCutEta    = 2.1
>>> tauCutPt     = 20
>>> tauCutEta    = 2.3
Pre-select 920000 entries out of 920000 (100.00%)
Processed    10000/  920000 entries,  1.09% (elapsed time    15.0s, curr speed    0.666 kHz, avg speed    0.666 kHz), accepted       82/   10001 events ( 0.82%)
Processed    20000/  920000 entries,  2.17% (elapsed time    25.9s, curr speed    0.919 kHz, avg speed    0.773 kHz), accepted      173/   20001 events ( 0.86%)
Processed    30000/  920000 entries,  3.26% (elapsed time    36.3s, curr speed    0.960 kHz, avg speed    0.826 kHz), accepted      262/   30001 events ( 0.87%)
Processed    40000/  920000 entries,  4.35% (elapsed time    45.4s, curr speed    1.101 kHz, avg speed    0.881 kHz), accepted      344/   40001 events ( 0.86%)
Processed    50000/  920000 entries,  5.43% (elapsed time    62.6s, curr speed    0.582 kHz, avg speed    0.799 kHz), accepted      422/   50001 events ( 0.84%)
Processed    60000/  920000 entries,  6.52% (elapsed time    81.9s, curr speed    0.516 kHz, avg speed    0.732 kHz), accepted      491/   60001 events ( 0.82%)
Processed    70000/  920000 entries,  7.61% (elapsed time   107.5s, curr speed    0.391 kHz, avg speed    0.651 kHz), accepted      573/   70001 events ( 0.82%)
Processed    80000/  920000 entries,  8.70% (elapsed time   125.2s, curr speed    0.564 kHz, avg speed    0.639 kHz), accepted      669/   80001 events ( 0.84%)
Processed    90000/  920000 entries,  9.78% (elapsed time   147.5s, curr speed    0.449 kHz, avg speed    0.610 kHz), accepted      751/   90001 events ( 0.83%)
Processed   100000/  920000 entries, 10.87% (elapsed time   177.6s, curr speed    0.333 kHz, avg speed    0.563 kHz), accepted      830/  100001 events ( 0.83%)
Processed   110000/  920000 entries, 11.96% (elapsed time   189.5s, curr speed    0.838 kHz, avg speed    0.580 kHz), accepted      896/  110001 events ( 0.81%)
Processed   120000/  920000 entries, 13.04% (elapsed time   202.2s, curr speed    0.789 kHz, avg speed    0.594 kHz), accepted      983/  120001 events ( 0.82%)
Processed   130000/  920000 entries, 14.13% (elapsed time   212.2s, curr speed    0.994 kHz, avg speed    0.613 kHz), accepted     1059/  130001 events ( 0.81%)
Processed   140000/  920000 entries, 15.22% (elapsed time   227.1s, curr speed    0.670 kHz, avg speed    0.616 kHz), accepted     1147/  140001 events ( 0.82%)
Processed   150000/  920000 entries, 16.30% (elapsed time   242.2s, curr speed    0.665 kHz, avg speed    0.619 kHz), accepted     1208/  150001 events ( 0.81%)
Processed   160000/  920000 entries, 17.39% (elapsed time   257.3s, curr speed    0.662 kHz, avg speed    0.622 kHz), accepted     1289/  160001 events ( 0.81%)
Processed   170000/  920000 entries, 18.48% (elapsed time   270.0s, curr speed    0.787 kHz, avg speed    0.630 kHz), accepted     1371/  170001 events ( 0.81%)
Processed   180000/  920000 entries, 19.57% (elapsed time   303.1s, curr speed    0.302 kHz, avg speed    0.594 kHz), accepted     1449/  180001 events ( 0.80%)
Processed   190000/  920000 entries, 20.65% (elapsed time   336.1s, curr speed    0.303 kHz, avg speed    0.565 kHz), accepted     1530/  190001 events ( 0.81%)
Processed   200000/  920000 entries, 21.74% (elapsed time   353.7s, curr speed    0.569 kHz, avg speed    0.566 kHz), accepted     1603/  200001 events ( 0.80%)
Processed   210000/  920000 entries, 22.83% (elapsed time   370.7s, curr speed    0.586 kHz, avg speed    0.566 kHz), accepted     1689/  210001 events ( 0.80%)
Processed   220000/  920000 entries, 23.91% (elapsed time   385.1s, curr speed    0.695 kHz, avg speed    0.571 kHz), accepted     1772/  220001 events ( 0.81%)
Processed   230000/  920000 entries, 25.00% (elapsed time   421.9s, curr speed    0.272 kHz, avg speed    0.545 kHz), accepted     1854/  230001 events ( 0.81%)
Processed   240000/  920000 entries, 26.09% (elapsed time   453.7s, curr speed    0.315 kHz, avg speed    0.529 kHz), accepted     1939/  240001 events ( 0.81%)
Processed   250000/  920000 entries, 27.17% (elapsed time   490.8s, curr speed    0.269 kHz, avg speed    0.509 kHz), accepted     2040/  250001 events ( 0.82%)
Processed   260000/  920000 entries, 28.26% (elapsed time   505.8s, curr speed    0.668 kHz, avg speed    0.514 kHz), accepted     2110/  260001 events ( 0.81%)
Processed   270000/  920000 entries, 29.35% (elapsed time   517.8s, curr speed    0.834 kHz, avg speed    0.521 kHz), accepted     2181/  270001 events ( 0.81%)
Processed   280000/  920000 entries, 30.43% (elapsed time   531.5s, curr speed    0.730 kHz, avg speed    0.527 kHz), accepted     2257/  280001 events ( 0.81%)
Processed   290000/  920000 entries, 31.52% (elapsed time   551.1s, curr speed    0.509 kHz, avg speed    0.526 kHz), accepted     2336/  290001 events ( 0.81%)
Processed   300000/  920000 entries, 32.61% (elapsed time   570.0s, curr speed    0.531 kHz, avg speed    0.526 kHz), accepted     2411/  300001 events ( 0.80%)
Processed   310000/  920000 entries, 33.70% (elapsed time   589.0s, curr speed    0.524 kHz, avg speed    0.526 kHz), accepted     2502/  310001 events ( 0.81%)
Processed   320000/  920000 entries, 34.78% (elapsed time   619.4s, curr speed    0.330 kHz, avg speed    0.517 kHz), accepted     2583/  320001 events ( 0.81%)
Processed   330000/  920000 entries, 35.87% (elapsed time   639.4s, curr speed    0.499 kHz, avg speed    0.516 kHz), accepted     2660/  330001 events ( 0.81%)
Processed   340000/  920000 entries, 36.96% (elapsed time   671.7s, curr speed    0.310 kHz, avg speed    0.506 kHz), accepted     2740/  340001 events ( 0.81%)
Processed   350000/  920000 entries, 38.04% (elapsed time   707.3s, curr speed    0.281 kHz, avg speed    0.495 kHz), accepted     2818/  350001 events ( 0.81%)
Processed   360000/  920000 entries, 39.13% (elapsed time   740.9s, curr speed    0.298 kHz, avg speed    0.486 kHz), accepted     2893/  360001 events ( 0.80%)
Processed   370000/  920000 entries, 40.22% (elapsed time   779.9s, curr speed    0.256 kHz, avg speed    0.474 kHz), accepted     2950/  370001 events ( 0.80%)
Processed   380000/  920000 entries, 41.30% (elapsed time   804.5s, curr speed    0.407 kHz, avg speed    0.472 kHz), accepted     3038/  380001 events ( 0.80%)
Processed   390000/  920000 entries, 42.39% (elapsed time   820.7s, curr speed    0.618 kHz, avg speed    0.475 kHz), accepted     3120/  390001 events ( 0.80%)
Processed   400000/  920000 entries, 43.48% (elapsed time   846.8s, curr speed    0.383 kHz, avg speed    0.472 kHz), accepted     3184/  400001 events ( 0.80%)
Processed   410000/  920000 entries, 44.57% (elapsed time   865.9s, curr speed    0.523 kHz, avg speed    0.473 kHz), accepted     3274/  410001 events ( 0.80%)
Processed   420000/  920000 entries, 45.65% (elapsed time   881.3s, curr speed    0.650 kHz, avg speed    0.477 kHz), accepted     3363/  420001 events ( 0.80%)
Processed   430000/  920000 entries, 46.74% (elapsed time   907.9s, curr speed    0.376 kHz, avg speed    0.474 kHz), accepted     3455/  430001 events ( 0.80%)
Processed   440000/  920000 entries, 47.83% (elapsed time   924.8s, curr speed    0.592 kHz, avg speed    0.476 kHz), accepted     3542/  440001 events ( 0.80%)
Processed   450000/  920000 entries, 48.91% (elapsed time   944.9s, curr speed    0.499 kHz, avg speed    0.476 kHz), accepted     3621/  450001 events ( 0.80%)
Processed   460000/  920000 entries, 50.00% (elapsed time   965.9s, curr speed    0.476 kHz, avg speed    0.476 kHz), accepted     3700/  460001 events ( 0.80%)
Processed   470000/  920000 entries, 51.09% (elapsed time   976.5s, curr speed    0.938 kHz, avg speed    0.481 kHz), accepted     3789/  470001 events ( 0.81%)
Processed   480000/  920000 entries, 52.17% (elapsed time  1003.3s, curr speed    0.374 kHz, avg speed    0.478 kHz), accepted     3896/  480001 events ( 0.81%)
Processed   490000/  920000 entries, 53.26% (elapsed time  1027.0s, curr speed    0.422 kHz, avg speed    0.477 kHz), accepted     3974/  490001 events ( 0.81%)
Processed   500000/  920000 entries, 54.35% (elapsed time  1038.9s, curr speed    0.837 kHz, avg speed    0.481 kHz), accepted     4055/  500001 events ( 0.81%)
Processed   510000/  920000 entries, 55.43% (elapsed time  1051.7s, curr speed    0.783 kHz, avg speed    0.485 kHz), accepted     4117/  510001 events ( 0.81%)
Processed   520000/  920000 entries, 56.52% (elapsed time  1063.3s, curr speed    0.863 kHz, avg speed    0.489 kHz), accepted     4207/  520001 events ( 0.81%)
Processed   530000/  920000 entries, 57.61% (elapsed time  1077.9s, curr speed    0.682 kHz, avg speed    0.492 kHz), accepted     4288/  530001 events ( 0.81%)
Processed   540000/  920000 entries, 58.70% (elapsed time  1117.3s, curr speed    0.254 kHz, avg speed    0.483 kHz), accepted     4374/  540001 events ( 0.81%)
Processed   550000/  920000 entries, 59.78% (elapsed time  1131.6s, curr speed    0.702 kHz, avg speed    0.486 kHz), accepted     4446/  550001 events ( 0.81%)
Processed   560000/  920000 entries, 60.87% (elapsed time  1142.2s, curr speed    0.943 kHz, avg speed    0.490 kHz), accepted     4521/  560001 events ( 0.81%)
Processed   570000/  920000 entries, 61.96% (elapsed time  1152.6s, curr speed    0.959 kHz, avg speed    0.495 kHz), accepted     4587/  570001 events ( 0.80%)
Processed   580000/  920000 entries, 63.04% (elapsed time  1163.7s, curr speed    0.900 kHz, avg speed    0.498 kHz), accepted     4663/  580001 events ( 0.80%)
Processed   590000/  920000 entries, 64.13% (elapsed time  1175.0s, curr speed    0.884 kHz, avg speed    0.502 kHz), accepted     4734/  590001 events ( 0.80%)
Processed   600000/  920000 entries, 65.22% (elapsed time  1188.3s, curr speed    0.752 kHz, avg speed    0.505 kHz), accepted     4811/  600001 events ( 0.80%)
Processed   610000/  920000 entries, 66.30% (elapsed time  1199.1s, curr speed    0.928 kHz, avg speed    0.509 kHz), accepted     4892/  610001 events ( 0.80%)
Processed   620000/  920000 entries, 67.39% (elapsed time  1209.8s, curr speed    0.936 kHz, avg speed    0.512 kHz), accepted     4977/  620001 events ( 0.80%)
Processed   630000/  920000 entries, 68.48% (elapsed time  1221.2s, curr speed    0.875 kHz, avg speed    0.516 kHz), accepted     5064/  630001 events ( 0.80%)
Processed   640000/  920000 entries, 69.57% (elapsed time  1232.4s, curr speed    0.898 kHz, avg speed    0.519 kHz), accepted     5137/  640001 events ( 0.80%)
Processed   650000/  920000 entries, 70.65% (elapsed time  1244.6s, curr speed    0.816 kHz, avg speed    0.522 kHz), accepted     5230/  650001 events ( 0.80%)
Processed   660000/  920000 entries, 71.74% (elapsed time  1255.4s, curr speed    0.926 kHz, avg speed    0.526 kHz), accepted     5315/  660001 events ( 0.81%)
Processed   670000/  920000 entries, 72.83% (elapsed time  1266.2s, curr speed    0.932 kHz, avg speed    0.529 kHz), accepted     5386/  670001 events ( 0.80%)
Processed   680000/  920000 entries, 73.91% (elapsed time  1276.0s, curr speed    1.013 kHz, avg speed    0.533 kHz), accepted     5450/  680001 events ( 0.80%)
Processed   690000/  920000 entries, 75.00% (elapsed time  1290.0s, curr speed    0.714 kHz, avg speed    0.535 kHz), accepted     5518/  690001 events ( 0.80%)
Processed   700000/  920000 entries, 76.09% (elapsed time  1301.4s, curr speed    0.883 kHz, avg speed    0.538 kHz), accepted     5592/  700001 events ( 0.80%)
Processed   710000/  920000 entries, 77.17% (elapsed time  1313.5s, curr speed    0.822 kHz, avg speed    0.541 kHz), accepted     5680/  710001 events ( 0.80%)
Processed   720000/  920000 entries, 78.26% (elapsed time  1325.5s, curr speed    0.834 kHz, avg speed    0.543 kHz), accepted     5765/  720001 events ( 0.80%)
Processed   730000/  920000 entries, 79.35% (elapsed time  1337.9s, curr speed    0.807 kHz, avg speed    0.546 kHz), accepted     5842/  730001 events ( 0.80%)
Processed   740000/  920000 entries, 80.43% (elapsed time  1350.1s, curr speed    0.819 kHz, avg speed    0.548 kHz), accepted     5929/  740001 events ( 0.80%)
Processed   750000/  920000 entries, 81.52% (elapsed time  1362.1s, curr speed    0.831 kHz, avg speed    0.551 kHz), accepted     5991/  750001 events ( 0.80%)
Processed   760000/  920000 entries, 82.61% (elapsed time  1372.7s, curr speed    0.945 kHz, avg speed    0.554 kHz), accepted     6064/  760001 events ( 0.80%)
Processed   770000/  920000 entries, 83.70% (elapsed time  1384.0s, curr speed    0.888 kHz, avg speed    0.556 kHz), accepted     6132/  770001 events ( 0.80%)
Processed   780000/  920000 entries, 84.78% (elapsed time  1417.8s, curr speed    0.296 kHz, avg speed    0.550 kHz), accepted     6221/  780001 events ( 0.80%)
Processed   790000/  920000 entries, 85.87% (elapsed time  1428.1s, curr speed    0.965 kHz, avg speed    0.553 kHz), accepted     6314/  790001 events ( 0.80%)
Processed   800000/  920000 entries, 86.96% (elapsed time  1460.2s, curr speed    0.312 kHz, avg speed    0.548 kHz), accepted     6389/  800001 events ( 0.80%)
Processed   810000/  920000 entries, 88.04% (elapsed time  1472.9s, curr speed    0.786 kHz, avg speed    0.550 kHz), accepted     6465/  810001 events ( 0.80%)
Processed   820000/  920000 entries, 89.13% (elapsed time  1484.3s, curr speed    0.881 kHz, avg speed    0.552 kHz), accepted     6555/  820001 events ( 0.80%)
Processed   830000/  920000 entries, 90.22% (elapsed time  1494.5s, curr speed    0.976 kHz, avg speed    0.555 kHz), accepted     6645/  830001 events ( 0.80%)
Processed   840000/  920000 entries, 91.30% (elapsed time  1505.5s, curr speed    0.916 kHz, avg speed    0.558 kHz), accepted     6732/  840001 events ( 0.80%)
Processed   850000/  920000 entries, 92.39% (elapsed time  1518.3s, curr speed    0.778 kHz, avg speed    0.560 kHz), accepted     6814/  850001 events ( 0.80%)
Processed   860000/  920000 entries, 93.48% (elapsed time  1543.5s, curr speed    0.397 kHz, avg speed    0.557 kHz), accepted     6895/  860001 events ( 0.80%)
Processed   870000/  920000 entries, 94.57% (elapsed time  1567.6s, curr speed    0.416 kHz, avg speed    0.555 kHz), accepted     6979/  870001 events ( 0.80%)
Processed   880000/  920000 entries, 95.65% (elapsed time  1577.7s, curr speed    0.994 kHz, avg speed    0.558 kHz), accepted     7061/  880001 events ( 0.80%)
Processed   890000/  920000 entries, 96.74% (elapsed time  1588.1s, curr speed    0.961 kHz, avg speed    0.560 kHz), accepted     7156/  890001 events ( 0.80%)
Processed   900000/  920000 entries, 97.83% (elapsed time  1597.7s, curr speed    1.042 kHz, avg speed    0.563 kHz), accepted     7244/  900001 events ( 0.80%)
Processed   910000/  920000 entries, 98.91% (elapsed time  1630.5s, curr speed    0.305 kHz, avg speed    0.558 kHz), accepted     7330/  910001 events ( 0.81%)
Processed 920000 preselected entries from root://cms-xrd-global.cern.ch//store/mc/RunIIFall17NanoAODv6/ST_t-channel_antitop_4f_InclusiveDecays_TuneCP5_PSweights_13TeV-powheg-pythia8/NANOAODSIM/PU2017_12Apr2018_Nano25Oct2019_102X_mc2017_realistic_v7-v1/70000/AA18ACB2-3516-6A4C-9631-4C61457A77C5.root (920000 entries). Finally selected 7411 entries
Pre-select 545800 entries out of 545800 (100.00%)
Processed    10000/  545800 entries,  1.83% (elapsed time    12.5s, curr speed    0.802 kHz, avg speed    0.802 kHz), accepted       78/   10001 events ( 0.78%)
Processed    20000/  545800 entries,  3.66% (elapsed time    22.8s, curr speed    0.970 kHz, avg speed    0.878 kHz), accepted      166/   20001 events ( 0.83%)
Processed    30000/  545800 entries,  5.50% (elapsed time    32.6s, curr speed    1.018 kHz, avg speed    0.920 kHz), accepted      264/   30001 events ( 0.88%)
Processed    40000/  545800 entries,  7.33% (elapsed time    47.2s, curr speed    0.684 kHz, avg speed    0.847 kHz), accepted      357/   40001 events ( 0.89%)
Processed    50000/  545800 entries,  9.16% (elapsed time    58.0s, curr speed    0.925 kHz, avg speed    0.862 kHz), accepted      437/   50001 events ( 0.87%)
Processed    60000/  545800 entries, 10.99% (elapsed time    69.1s, curr speed    0.902 kHz, avg speed    0.868 kHz), accepted      543/   60001 events ( 0.90%)
Processed    70000/  545800 entries, 12.83% (elapsed time    78.9s, curr speed    1.019 kHz, avg speed    0.887 kHz), accepted      615/   70001 events ( 0.88%)
Processed    80000/  545800 entries, 14.66% (elapsed time    88.8s, curr speed    1.012 kHz, avg speed    0.901 kHz), accepted      686/   80001 events ( 0.86%)
Processed    90000/  545800 entries, 16.49% (elapsed time    97.6s, curr speed    1.140 kHz, avg speed    0.922 kHz), accepted      773/   90001 events ( 0.86%)
Processed   100000/  545800 entries, 18.32% (elapsed time   106.9s, curr speed    1.073 kHz, avg speed    0.936 kHz), accepted      853/  100001 events ( 0.85%)
Processed   110000/  545800 entries, 20.15% (elapsed time   114.9s, curr speed    1.240 kHz, avg speed    0.957 kHz), accepted      931/  110001 events ( 0.85%)
Processed   120000/  545800 entries, 21.99% (elapsed time   124.8s, curr speed    1.020 kHz, avg speed    0.962 kHz), accepted     1021/  120001 events ( 0.85%)
Processed   130000/  545800 entries, 23.82% (elapsed time   133.7s, curr speed    1.122 kHz, avg speed    0.973 kHz), accepted     1103/  130001 events ( 0.85%)
Processed   140000/  545800 entries, 25.65% (elapsed time   143.1s, curr speed    1.055 kHz, avg speed    0.978 kHz), accepted     1179/  140001 events ( 0.84%)
Processed   150000/  545800 entries, 27.48% (elapsed time   152.4s, curr speed    1.084 kHz, avg speed    0.984 kHz), accepted     1258/  150001 events ( 0.84%)
Processed   160000/  545800 entries, 29.31% (elapsed time   161.1s, curr speed    1.152 kHz, avg speed    0.993 kHz), accepted     1329/  160001 events ( 0.83%)
Processed   170000/  545800 entries, 31.15% (elapsed time   169.8s, curr speed    1.149 kHz, avg speed    1.001 kHz), accepted     1405/  170001 events ( 0.83%)
Processed   180000/  545800 entries, 32.98% (elapsed time   179.8s, curr speed    0.999 kHz, avg speed    1.001 kHz), accepted     1493/  180001 events ( 0.83%)
Processed   190000/  545800 entries, 34.81% (elapsed time   188.3s, curr speed    1.176 kHz, avg speed    1.009 kHz), accepted     1569/  190001 events ( 0.83%)
Processed   200000/  545800 entries, 36.64% (elapsed time   197.2s, curr speed    1.124 kHz, avg speed    1.014 kHz), accepted     1642/  200001 events ( 0.82%)
Processed   210000/  545800 entries, 38.48% (elapsed time   203.5s, curr speed    1.576 kHz, avg speed    1.032 kHz), accepted     1727/  210001 events ( 0.82%)
Processed   220000/  545800 entries, 40.31% (elapsed time   212.1s, curr speed    1.168 kHz, avg speed    1.037 kHz), accepted     1809/  220001 events ( 0.82%)
Processed   230000/  545800 entries, 42.14% (elapsed time   221.2s, curr speed    1.094 kHz, avg speed    1.040 kHz), accepted     1889/  230001 events ( 0.82%)
Processed   240000/  545800 entries, 43.97% (elapsed time   231.0s, curr speed    1.028 kHz, avg speed    1.039 kHz), accepted     1967/  240001 events ( 0.82%)
Processed   250000/  545800 entries, 45.80% (elapsed time   239.3s, curr speed    1.193 kHz, avg speed    1.045 kHz), accepted     2067/  250001 events ( 0.83%)
Processed   260000/  545800 entries, 47.64% (elapsed time   248.2s, curr speed    1.133 kHz, avg speed    1.048 kHz), accepted     2138/  260001 events ( 0.82%)
Processed   270000/  545800 entries, 49.47% (elapsed time   256.4s, curr speed    1.210 kHz, avg speed    1.053 kHz), accepted     2212/  270001 events ( 0.82%)
Processed   280000/  545800 entries, 51.30% (elapsed time   266.2s, curr speed    1.027 kHz, avg speed    1.052 kHz), accepted     2297/  280001 events ( 0.82%)
Processed   290000/  545800 entries, 53.13% (elapsed time   275.2s, curr speed    1.102 kHz, avg speed    1.054 kHz), accepted     2382/  290001 events ( 0.82%)
Processed   300000/  545800 entries, 54.97% (elapsed time   284.0s, curr speed    1.147 kHz, avg speed    1.056 kHz), accepted     2480/  300001 events ( 0.83%)
Processed   310000/  545800 entries, 56.80% (elapsed time   293.2s, curr speed    1.085 kHz, avg speed    1.057 kHz), accepted     2563/  310001 events ( 0.83%)
Processed   320000/  545800 entries, 58.63% (elapsed time   301.8s, curr speed    1.159 kHz, avg speed    1.060 kHz), accepted     2637/  320001 events ( 0.82%)
Processed   330000/  545800 entries, 60.46% (elapsed time   309.8s, curr speed    1.258 kHz, avg speed    1.065 kHz), accepted     2707/  330001 events ( 0.82%)
Processed   340000/  545800 entries, 62.29% (elapsed time   318.7s, curr speed    1.121 kHz, avg speed    1.067 kHz), accepted     2780/  340001 events ( 0.82%)
Processed   350000/  545800 entries, 64.13% (elapsed time   327.1s, curr speed    1.186 kHz, avg speed    1.070 kHz), accepted     2856/  350001 events ( 0.82%)
Processed   360000/  545800 entries, 65.96% (elapsed time   335.0s, curr speed    1.267 kHz, avg speed    1.075 kHz), accepted     2926/  360001 events ( 0.81%)
Processed   370000/  545800 entries, 67.79% (elapsed time   351.6s, curr speed    0.600 kHz, avg speed    1.052 kHz), accepted     3013/  370001 events ( 0.81%)
Processed   380000/  545800 entries, 69.62% (elapsed time   365.1s, curr speed    0.743 kHz, avg speed    1.041 kHz), accepted     3091/  380001 events ( 0.81%)
Processed   390000/  545800 entries, 71.45% (elapsed time   381.2s, curr speed    0.620 kHz, avg speed    1.023 kHz), accepted     3180/  390001 events ( 0.82%)
Processed   400000/  545800 entries, 73.29% (elapsed time   390.1s, curr speed    1.123 kHz, avg speed    1.025 kHz), accepted     3255/  400001 events ( 0.81%)
Processed   410000/  545800 entries, 75.12% (elapsed time   400.2s, curr speed    0.996 kHz, avg speed    1.025 kHz), accepted     3346/  410001 events ( 0.82%)
Processed   420000/  545800 entries, 76.95% (elapsed time   406.2s, curr speed    1.664 kHz, avg speed    1.034 kHz), accepted     3431/  420001 events ( 0.82%)
Processed   430000/  545800 entries, 78.78% (elapsed time   415.0s, curr speed    1.134 kHz, avg speed    1.036 kHz), accepted     3500/  430001 events ( 0.81%)
Processed   440000/  545800 entries, 80.62% (elapsed time   423.6s, curr speed    1.173 kHz, avg speed    1.039 kHz), accepted     3573/  440001 events ( 0.81%)
Processed   450000/  545800 entries, 82.45% (elapsed time   431.2s, curr speed    1.308 kHz, avg speed    1.044 kHz), accepted     3662/  450001 events ( 0.81%)
Processed   460000/  545800 entries, 84.28% (elapsed time   440.5s, curr speed    1.075 kHz, avg speed    1.044 kHz), accepted     3748/  460001 events ( 0.81%)
Processed   470000/  545800 entries, 86.11% (elapsed time   449.4s, curr speed    1.126 kHz, avg speed    1.046 kHz), accepted     3819/  470001 events ( 0.81%)
Processed   480000/  545800 entries, 87.94% (elapsed time   457.9s, curr speed    1.173 kHz, avg speed    1.048 kHz), accepted     3900/  480001 events ( 0.81%)
Processed   490000/  545800 entries, 89.78% (elapsed time   466.3s, curr speed    1.190 kHz, avg speed    1.051 kHz), accepted     3985/  490001 events ( 0.81%)
Processed   500000/  545800 entries, 91.61% (elapsed time   474.5s, curr speed    1.214 kHz, avg speed    1.054 kHz), accepted     4071/  500001 events ( 0.81%)
Processed   510000/  545800 entries, 93.44% (elapsed time   483.5s, curr speed    1.119 kHz, avg speed    1.055 kHz), accepted     4131/  510001 events ( 0.81%)
Processed   520000/  545800 entries, 95.27% (elapsed time   493.0s, curr speed    1.054 kHz, avg speed    1.055 kHz), accepted     4207/  520001 events ( 0.81%)
Processed   530000/  545800 entries, 97.11% (elapsed time   501.7s, curr speed    1.141 kHz, avg speed    1.056 kHz), accepted     4294/  530001 events ( 0.81%)
Processed   540000/  545800 entries, 98.94% (elapsed time   509.9s, curr speed    1.226 kHz, avg speed    1.059 kHz), accepted     4371/  540001 events ( 0.81%)
Processed 545800 preselected entries from root://cms-xrd-global.cern.ch//store/mc/RunIIFall17NanoAODv6/ST_t-channel_antitop_4f_InclusiveDecays_TuneCP5_PSweights_13TeV-powheg-pythia8/NANOAODSIM/PU2017_12Apr2018_Nano25Oct2019_102X_mc2017_realistic_v7-v1/70000/AD425906-4E68-A84A-9C14-3694DD910098.root (545800 entries). Finally selected 4413 entries
Pre-select 1248000 entries out of 1248000 (100.00%)
Processed    10000/ 1248000 entries,  0.80% (elapsed time    12.9s, curr speed    0.775 kHz, avg speed    0.775 kHz), accepted       61/   10001 events ( 0.61%)
Processed    20000/ 1248000 entries,  1.60% (elapsed time    21.8s, curr speed    1.130 kHz, avg speed    0.919 kHz), accepted      141/   20001 events ( 0.70%)
Processed    30000/ 1248000 entries,  2.40% (elapsed time    30.1s, curr speed    1.199 kHz, avg speed    0.997 kHz), accepted      221/   30001 events ( 0.74%)
Processed    40000/ 1248000 entries,  3.21% (elapsed time    39.0s, curr speed    1.123 kHz, avg speed    1.025 kHz), accepted      310/   40001 events ( 0.77%)
Processed    50000/ 1248000 entries,  4.01% (elapsed time    51.2s, curr speed    0.821 kHz, avg speed    0.977 kHz), accepted      401/   50001 events ( 0.80%)
Processed    60000/ 1248000 entries,  4.81% (elapsed time    60.0s, curr speed    1.132 kHz, avg speed    1.000 kHz), accepted      484/   60001 events ( 0.81%)
Processed    70000/ 1248000 entries,  5.61% (elapsed time    68.5s, curr speed    1.174 kHz, avg speed    1.021 kHz), accepted      554/   70001 events ( 0.79%)
Processed    80000/ 1248000 entries,  6.41% (elapsed time    77.7s, curr speed    1.089 kHz, avg speed    1.029 kHz), accepted      647/   80001 events ( 0.81%)
Processed    90000/ 1248000 entries,  7.21% (elapsed time    87.5s, curr speed    1.026 kHz, avg speed    1.029 kHz), accepted      728/   90001 events ( 0.81%)
Processed   100000/ 1248000 entries,  8.01% (elapsed time    97.4s, curr speed    1.004 kHz, avg speed    1.026 kHz), accepted      807/  100001 events ( 0.81%)
Processed   110000/ 1248000 entries,  8.81% (elapsed time   107.0s, curr speed    1.044 kHz, avg speed    1.028 kHz), accepted      876/  110001 events ( 0.80%)
Processed   120000/ 1248000 entries,  9.62% (elapsed time   115.7s, curr speed    1.149 kHz, avg speed    1.037 kHz), accepted      950/  120001 events ( 0.79%)
Processed   130000/ 1248000 entries, 10.42% (elapsed time   124.8s, curr speed    1.098 kHz, avg speed    1.042 kHz), accepted     1023/  130001 events ( 0.79%)
Processed   140000/ 1248000 entries, 11.22% (elapsed time   133.8s, curr speed    1.113 kHz, avg speed    1.046 kHz), accepted     1104/  140001 events ( 0.79%)
Processed   150000/ 1248000 entries, 12.02% (elapsed time   143.2s, curr speed    1.063 kHz, avg speed    1.047 kHz), accepted     1187/  150001 events ( 0.79%)
Processed   160000/ 1248000 entries, 12.82% (elapsed time   152.9s, curr speed    1.035 kHz, avg speed    1.047 kHz), accepted     1269/  160001 events ( 0.79%)
Processed   170000/ 1248000 entries, 13.62% (elapsed time   165.0s, curr speed    0.821 kHz, avg speed    1.030 kHz), accepted     1359/  170001 events ( 0.80%)
Processed   180000/ 1248000 entries, 14.42% (elapsed time   174.1s, curr speed    1.100 kHz, avg speed    1.034 kHz), accepted     1434/  180001 events ( 0.80%)
Processed   190000/ 1248000 entries, 15.22% (elapsed time   182.7s, curr speed    1.164 kHz, avg speed    1.040 kHz), accepted     1509/  190001 events ( 0.79%)
Processed   200000/ 1248000 entries, 16.03% (elapsed time   193.8s, curr speed    0.905 kHz, avg speed    1.032 kHz), accepted     1594/  200001 events ( 0.80%)
Processed   210000/ 1248000 entries, 16.83% (elapsed time   203.7s, curr speed    1.010 kHz, avg speed    1.031 kHz), accepted     1650/  210001 events ( 0.79%)
Processed   220000/ 1248000 entries, 17.63% (elapsed time   213.4s, curr speed    1.034 kHz, avg speed    1.031 kHz), accepted     1740/  220001 events ( 0.79%)
Processed   230000/ 1248000 entries, 18.43% (elapsed time   223.0s, curr speed    1.036 kHz, avg speed    1.031 kHz), accepted     1824/  230001 events ( 0.79%)
Processed   240000/ 1248000 entries, 19.23% (elapsed time   232.3s, curr speed    1.082 kHz, avg speed    1.033 kHz), accepted     1907/  240001 events ( 0.79%)
Processed   250000/ 1248000 entries, 20.03% (elapsed time   244.7s, curr speed    0.801 kHz, avg speed    1.022 kHz), accepted     1993/  250001 events ( 0.80%)
Processed   260000/ 1248000 entries, 20.83% (elapsed time   253.7s, curr speed    1.120 kHz, avg speed    1.025 kHz), accepted     2051/  260001 events ( 0.79%)
Processed   270000/ 1248000 entries, 21.63% (elapsed time   264.8s, curr speed    0.895 kHz, avg speed    1.019 kHz), accepted     2135/  270001 events ( 0.79%)
Processed   280000/ 1248000 entries, 22.44% (elapsed time   275.1s, curr speed    0.979 kHz, avg speed    1.018 kHz), accepted     2207/  280001 events ( 0.79%)
Processed   290000/ 1248000 entries, 23.24% (elapsed time   285.8s, curr speed    0.930 kHz, avg speed    1.015 kHz), accepted     2290/  290001 events ( 0.79%)
Processed   300000/ 1248000 entries, 24.04% (elapsed time   301.6s, curr speed    0.634 kHz, avg speed    0.995 kHz), accepted     2378/  300001 events ( 0.79%)
Processed   310000/ 1248000 entries, 24.84% (elapsed time   314.3s, curr speed    0.789 kHz, avg speed    0.986 kHz), accepted     2470/  310001 events ( 0.80%)
Processed   320000/ 1248000 entries, 25.64% (elapsed time   325.2s, curr speed    0.910 kHz, avg speed    0.984 kHz), accepted     2568/  320001 events ( 0.80%)
Processed   330000/ 1248000 entries, 26.44% (elapsed time   336.7s, curr speed    0.870 kHz, avg speed    0.980 kHz), accepted     2649/  330001 events ( 0.80%)
Processed   340000/ 1248000 entries, 27.24% (elapsed time   346.1s, curr speed    1.068 kHz, avg speed    0.982 kHz), accepted     2729/  340001 events ( 0.80%)
Processed   350000/ 1248000 entries, 28.04% (elapsed time   358.5s, curr speed    0.804 kHz, avg speed    0.976 kHz), accepted     2812/  350001 events ( 0.80%)
Processed   360000/ 1248000 entries, 28.85% (elapsed time   368.8s, curr speed    0.976 kHz, avg speed    0.976 kHz), accepted     2886/  360001 events ( 0.80%)
Processed   370000/ 1248000 entries, 29.65% (elapsed time   381.7s, curr speed    0.774 kHz, avg speed    0.969 kHz), accepted     2955/  370001 events ( 0.80%)
Processed   380000/ 1248000 entries, 30.45% (elapsed time   393.6s, curr speed    0.840 kHz, avg speed    0.965 kHz), accepted     3044/  380001 events ( 0.80%)
Processed   390000/ 1248000 entries, 31.25% (elapsed time   400.8s, curr speed    1.386 kHz, avg speed    0.973 kHz), accepted     3140/  390001 events ( 0.81%)
Processed   400000/ 1248000 entries, 32.05% (elapsed time   408.7s, curr speed    1.265 kHz, avg speed    0.979 kHz), accepted     3232/  400001 events ( 0.81%)
Processed   410000/ 1248000 entries, 32.85% (elapsed time   417.8s, curr speed    1.105 kHz, avg speed    0.981 kHz), accepted     3292/  410001 events ( 0.80%)
Processed   420000/ 1248000 entries, 33.65% (elapsed time   428.5s, curr speed    0.931 kHz, avg speed    0.980 kHz), accepted     3382/  420001 events ( 0.81%)
Processed   430000/ 1248000 entries, 34.46% (elapsed time   438.2s, curr speed    1.031 kHz, avg speed    0.981 kHz), accepted     3469/  430001 events ( 0.81%)
Processed   440000/ 1248000 entries, 35.26% (elapsed time   449.0s, curr speed    0.926 kHz, avg speed    0.980 kHz), accepted     3561/  440001 events ( 0.81%)
Processed   450000/ 1248000 entries, 36.06% (elapsed time   460.4s, curr speed    0.880 kHz, avg speed    0.977 kHz), accepted     3623/  450001 events ( 0.81%)
Processed   460000/ 1248000 entries, 36.86% (elapsed time   469.8s, curr speed    1.056 kHz, avg speed    0.979 kHz), accepted     3707/  460001 events ( 0.81%)
Processed   470000/ 1248000 entries, 37.66% (elapsed time   481.5s, curr speed    0.859 kHz, avg speed    0.976 kHz), accepted     3784/  470001 events ( 0.81%)
Processed   480000/ 1248000 entries, 38.46% (elapsed time   490.6s, curr speed    1.099 kHz, avg speed    0.978 kHz), accepted     3863/  480001 events ( 0.80%)
Processed   490000/ 1248000 entries, 39.26% (elapsed time   499.7s, curr speed    1.093 kHz, avg speed    0.981 kHz), accepted     3934/  490001 events ( 0.80%)
Processed   500000/ 1248000 entries, 40.06% (elapsed time   509.0s, curr speed    1.081 kHz, avg speed    0.982 kHz), accepted     4013/  500001 events ( 0.80%)
Processed   510000/ 1248000 entries, 40.87% (elapsed time   518.4s, curr speed    1.060 kHz, avg speed    0.984 kHz), accepted     4101/  510001 events ( 0.80%)
Processed   520000/ 1248000 entries, 41.67% (elapsed time   527.8s, curr speed    1.066 kHz, avg speed    0.985 kHz), accepted     4180/  520001 events ( 0.80%)
Processed   530000/ 1248000 entries, 42.47% (elapsed time   536.7s, curr speed    1.120 kHz, avg speed    0.987 kHz), accepted     4274/  530001 events ( 0.81%)
Processed   540000/ 1248000 entries, 43.27% (elapsed time   545.4s, curr speed    1.149 kHz, avg speed    0.990 kHz), accepted     4351/  540001 events ( 0.81%)
Processed   550000/ 1248000 entries, 44.07% (elapsed time   556.0s, curr speed    0.945 kHz, avg speed    0.989 kHz), accepted     4419/  550001 events ( 0.80%)
Processed   560000/ 1248000 entries, 44.87% (elapsed time   566.1s, curr speed    0.997 kHz, avg speed    0.989 kHz), accepted     4499/  560001 events ( 0.80%)
Processed   570000/ 1248000 entries, 45.67% (elapsed time   575.1s, curr speed    1.108 kHz, avg speed    0.991 kHz), accepted     4580/  570001 events ( 0.80%)
Processed   580000/ 1248000 entries, 46.47% (elapsed time   586.7s, curr speed    0.861 kHz, avg speed    0.989 kHz), accepted     4663/  580001 events ( 0.80%)
Processed   590000/ 1248000 entries, 47.28% (elapsed time   593.2s, curr speed    1.535 kHz, avg speed    0.995 kHz), accepted     4739/  590001 events ( 0.80%)
Processed   600000/ 1248000 entries, 48.08% (elapsed time   604.0s, curr speed    0.925 kHz, avg speed    0.993 kHz), accepted     4823/  600001 events ( 0.80%)
Processed   610000/ 1248000 entries, 48.88% (elapsed time   613.9s, curr speed    1.010 kHz, avg speed    0.994 kHz), accepted     4914/  610001 events ( 0.81%)
Processed   620000/ 1248000 entries, 49.68% (elapsed time   626.3s, curr speed    0.807 kHz, avg speed    0.990 kHz), accepted     4988/  620001 events ( 0.80%)
Processed   630000/ 1248000 entries, 50.48% (elapsed time   646.3s, curr speed    0.500 kHz, avg speed    0.975 kHz), accepted     5056/  630001 events ( 0.80%)
Processed   640000/ 1248000 entries, 51.28% (elapsed time   657.1s, curr speed    0.930 kHz, avg speed    0.974 kHz), accepted     5128/  640001 events ( 0.80%)
Processed   650000/ 1248000 entries, 52.08% (elapsed time   667.1s, curr speed    0.994 kHz, avg speed    0.974 kHz), accepted     5207/  650001 events ( 0.80%)
Processed   660000/ 1248000 entries, 52.88% (elapsed time   675.8s, curr speed    1.155 kHz, avg speed    0.977 kHz), accepted     5287/  660001 events ( 0.80%)
Processed   670000/ 1248000 entries, 53.69% (elapsed time   684.8s, curr speed    1.111 kHz, avg speed    0.978 kHz), accepted     5369/  670001 events ( 0.80%)
Processed   680000/ 1248000 entries, 54.49% (elapsed time   693.4s, curr speed    1.153 kHz, avg speed    0.981 kHz), accepted     5453/  680001 events ( 0.80%)
Processed   690000/ 1248000 entries, 55.29% (elapsed time   703.2s, curr speed    1.021 kHz, avg speed    0.981 kHz), accepted     5524/  690001 events ( 0.80%)
Processed   700000/ 1248000 entries, 56.09% (elapsed time   712.7s, curr speed    1.061 kHz, avg speed    0.982 kHz), accepted     5606/  700001 events ( 0.80%)
Processed   710000/ 1248000 entries, 56.89% (elapsed time   721.9s, curr speed    1.077 kHz, avg speed    0.983 kHz), accepted     5697/  710001 events ( 0.80%)
Processed   720000/ 1248000 entries, 57.69% (elapsed time   731.3s, curr speed    1.067 kHz, avg speed    0.985 kHz), accepted     5782/  720001 events ( 0.80%)
Processed   730000/ 1248000 entries, 58.49% (elapsed time   741.3s, curr speed    0.997 kHz, avg speed    0.985 kHz), accepted     5872/  730001 events ( 0.80%)
Processed   740000/ 1248000 entries, 59.29% (elapsed time   751.3s, curr speed    1.002 kHz, avg speed    0.985 kHz), accepted     5953/  740001 events ( 0.80%)
Processed   750000/ 1248000 entries, 60.10% (elapsed time   761.8s, curr speed    0.958 kHz, avg speed    0.985 kHz), accepted     6028/  750001 events ( 0.80%)
Processed   760000/ 1248000 entries, 60.90% (elapsed time   770.6s, curr speed    1.138 kHz, avg speed    0.986 kHz), accepted     6107/  760001 events ( 0.80%)
Processed   770000/ 1248000 entries, 61.70% (elapsed time   778.6s, curr speed    1.241 kHz, avg speed    0.989 kHz), accepted     6184/  770001 events ( 0.80%)
Processed   780000/ 1248000 entries, 62.50% (elapsed time   786.9s, curr speed    1.210 kHz, avg speed    0.991 kHz), accepted     6268/  780001 events ( 0.80%)
Processed   790000/ 1248000 entries, 63.30% (elapsed time   795.8s, curr speed    1.122 kHz, avg speed    0.993 kHz), accepted     6358/  790001 events ( 0.80%)
Processed   800000/ 1248000 entries, 64.10% (elapsed time   803.7s, curr speed    1.260 kHz, avg speed    0.995 kHz), accepted     6440/  800001 events ( 0.80%)
Processed   810000/ 1248000 entries, 64.90% (elapsed time   812.8s, curr speed    1.106 kHz, avg speed    0.997 kHz), accepted     6523/  810001 events ( 0.81%)
Processed   820000/ 1248000 entries, 65.71% (elapsed time   821.8s, curr speed    1.111 kHz, avg speed    0.998 kHz), accepted     6603/  820001 events ( 0.81%)
Processed   830000/ 1248000 entries, 66.51% (elapsed time   831.7s, curr speed    1.010 kHz, avg speed    0.998 kHz), accepted     6697/  830001 events ( 0.81%)
Processed   840000/ 1248000 entries, 67.31% (elapsed time   840.4s, curr speed    1.143 kHz, avg speed    1.000 kHz), accepted     6792/  840001 events ( 0.81%)
Processed   850000/ 1248000 entries, 68.11% (elapsed time   850.0s, curr speed    1.045 kHz, avg speed    1.000 kHz), accepted     6860/  850001 events ( 0.81%)
Processed   860000/ 1248000 entries, 68.91% (elapsed time   860.0s, curr speed    1.001 kHz, avg speed    1.000 kHz), accepted     6951/  860001 events ( 0.81%)
Processed   870000/ 1248000 entries, 69.71% (elapsed time   870.7s, curr speed    0.929 kHz, avg speed    0.999 kHz), accepted     7032/  870001 events ( 0.81%)
Processed   880000/ 1248000 entries, 70.51% (elapsed time   880.2s, curr speed    1.062 kHz, avg speed    1.000 kHz), accepted     7108/  880001 events ( 0.81%)
Processed   890000/ 1248000 entries, 71.31% (elapsed time   890.9s, curr speed    0.935 kHz, avg speed    0.999 kHz), accepted     7195/  890001 events ( 0.81%)
Processed   900000/ 1248000 entries, 72.12% (elapsed time   902.1s, curr speed    0.888 kHz, avg speed    0.998 kHz), accepted     7282/  900001 events ( 0.81%)
Processed   910000/ 1248000 entries, 72.92% (elapsed time   912.6s, curr speed    0.956 kHz, avg speed    0.997 kHz), accepted     7366/  910001 events ( 0.81%)
Processed   920000/ 1248000 entries, 73.72% (elapsed time   922.1s, curr speed    1.053 kHz, avg speed    0.998 kHz), accepted     7447/  920001 events ( 0.81%)
Processed   930000/ 1248000 entries, 74.52% (elapsed time   931.9s, curr speed    1.022 kHz, avg speed    0.998 kHz), accepted     7521/  930001 events ( 0.81%)
Processed   940000/ 1248000 entries, 75.32% (elapsed time   942.0s, curr speed    0.985 kHz, avg speed    0.998 kHz), accepted     7620/  940001 events ( 0.81%)
Processed   950000/ 1248000 entries, 76.12% (elapsed time   951.6s, curr speed    1.039 kHz, avg speed    0.998 kHz), accepted     7705/  950001 events ( 0.81%)
Processed   960000/ 1248000 entries, 76.92% (elapsed time   960.8s, curr speed    1.091 kHz, avg speed    0.999 kHz), accepted     7798/  960001 events ( 0.81%)
Processed   970000/ 1248000 entries, 77.72% (elapsed time   969.2s, curr speed    1.198 kHz, avg speed    1.001 kHz), accepted     7869/  970001 events ( 0.81%)
Processed   980000/ 1248000 entries, 78.53% (elapsed time   977.3s, curr speed    1.228 kHz, avg speed    1.003 kHz), accepted     7951/  980001 events ( 0.81%)
Processed   990000/ 1248000 entries, 79.33% (elapsed time   986.7s, curr speed    1.064 kHz, avg speed    1.003 kHz), accepted     8033/  990001 events ( 0.81%)
Processed  1000000/ 1248000 entries, 80.13% (elapsed time   995.1s, curr speed    1.187 kHz, avg speed    1.005 kHz), accepted     8110/ 1000001 events ( 0.81%)
Processed  1010000/ 1248000 entries, 80.93% (elapsed time  1004.2s, curr speed    1.102 kHz, avg speed    1.006 kHz), accepted     8189/ 1010001 events ( 0.81%)
Processed  1020000/ 1248000 entries, 81.73% (elapsed time  1014.9s, curr speed    0.934 kHz, avg speed    1.005 kHz), accepted     8256/ 1020001 events ( 0.81%)
Processed  1030000/ 1248000 entries, 82.53% (elapsed time  1026.3s, curr speed    0.879 kHz, avg speed    1.004 kHz), accepted     8337/ 1030001 events ( 0.81%)
Processed  1040000/ 1248000 entries, 83.33% (elapsed time  1036.5s, curr speed    0.978 kHz, avg speed    1.003 kHz), accepted     8410/ 1040001 events ( 0.81%)
Processed  1050000/ 1248000 entries, 84.13% (elapsed time  1046.8s, curr speed    0.974 kHz, avg speed    1.003 kHz), accepted     8496/ 1050001 events ( 0.81%)
Processed  1060000/ 1248000 entries, 84.94% (elapsed time  1057.1s, curr speed    0.965 kHz, avg speed    1.003 kHz), accepted     8587/ 1060001 events ( 0.81%)
Processed  1070000/ 1248000 entries, 85.74% (elapsed time  1066.0s, curr speed    1.125 kHz, avg speed    1.004 kHz), accepted     8670/ 1070001 events ( 0.81%)
Processed  1080000/ 1248000 entries, 86.54% (elapsed time  1076.1s, curr speed    0.992 kHz, avg speed    1.004 kHz), accepted     8744/ 1080001 events ( 0.81%)
Processed  1090000/ 1248000 entries, 87.34% (elapsed time  1085.8s, curr speed    1.033 kHz, avg speed    1.004 kHz), accepted     8814/ 1090001 events ( 0.81%)
Processed  1100000/ 1248000 entries, 88.14% (elapsed time  1096.3s, curr speed    0.946 kHz, avg speed    1.003 kHz), accepted     8899/ 1100001 events ( 0.81%)
Processed  1110000/ 1248000 entries, 88.94% (elapsed time  1107.0s, curr speed    0.939 kHz, avg speed    1.003 kHz), accepted     8975/ 1110001 events ( 0.81%)
Processed  1120000/ 1248000 entries, 89.74% (elapsed time  1116.7s, curr speed    1.025 kHz, avg speed    1.003 kHz), accepted     9064/ 1120001 events ( 0.81%)
Processed  1130000/ 1248000 entries, 90.54% (elapsed time  1126.1s, curr speed    1.069 kHz, avg speed    1.003 kHz), accepted     9145/ 1130001 events ( 0.81%)
Processed  1140000/ 1248000 entries, 91.35% (elapsed time  1136.4s, curr speed    0.972 kHz, avg speed    1.003 kHz), accepted     9243/ 1140001 events ( 0.81%)
Processed  1150000/ 1248000 entries, 92.15% (elapsed time  1146.6s, curr speed    0.978 kHz, avg speed    1.003 kHz), accepted     9324/ 1150001 events ( 0.81%)
Processed  1160000/ 1248000 entries, 92.95% (elapsed time  1157.1s, curr speed    0.949 kHz, avg speed    1.002 kHz), accepted     9395/ 1160001 events ( 0.81%)
Processed  1170000/ 1248000 entries, 93.75% (elapsed time  1164.9s, curr speed    1.296 kHz, avg speed    1.004 kHz), accepted     9469/ 1170001 events ( 0.81%)
Processed  1180000/ 1248000 entries, 94.55% (elapsed time  1174.1s, curr speed    1.085 kHz, avg speed    1.005 kHz), accepted     9548/ 1180001 events ( 0.81%)
Processed  1190000/ 1248000 entries, 95.35% (elapsed time  1184.1s, curr speed    0.998 kHz, avg speed    1.005 kHz), accepted     9623/ 1190001 events ( 0.81%)
Processed  1200000/ 1248000 entries, 96.15% (elapsed time  1194.8s, curr speed    0.934 kHz, avg speed    1.004 kHz), accepted     9704/ 1200001 events ( 0.81%)
Processed  1210000/ 1248000 entries, 96.96% (elapsed time  1204.6s, curr speed    1.021 kHz, avg speed    1.004 kHz), accepted     9783/ 1210001 events ( 0.81%)
Processed  1220000/ 1248000 entries, 97.76% (elapsed time  1214.4s, curr speed    1.024 kHz, avg speed    1.005 kHz), accepted     9860/ 1220001 events ( 0.81%)
Processed  1230000/ 1248000 entries, 98.56% (elapsed time  1226.8s, curr speed    0.805 kHz, avg speed    1.003 kHz), accepted     9945/ 1230001 events ( 0.81%)
Processed  1240000/ 1248000 entries, 99.36% (elapsed time  1236.5s, curr speed    1.026 kHz, avg speed    1.003 kHz), accepted    10031/ 1240001 events ( 0.81%)
Processed 1248000 preselected entries from root://cms-xrd-global.cern.ch//store/mc/RunIIFall17NanoAODv6/ST_t-channel_antitop_4f_InclusiveDecays_TuneCP5_PSweights_13TeV-powheg-pythia8/NANOAODSIM/PU2017_12Apr2018_Nano25Oct2019_102X_mc2017_realistic_v7-v1/70000/C3AA6579-E84D-404E-BC23-10AA1D2FC357.root (1248000 entries). Finally selected 10088 entries
Pre-select 1312700 entries out of 1312700 (100.00%)
Processed    10000/ 1312700 entries,  0.76% (elapsed time    14.8s, curr speed    0.676 kHz, avg speed    0.676 kHz), accepted       72/   10001 events ( 0.72%)
Processed    20000/ 1312700 entries,  1.52% (elapsed time    25.0s, curr speed    0.984 kHz, avg speed    0.801 kHz), accepted      155/   20001 events ( 0.77%)
Processed    30000/ 1312700 entries,  2.29% (elapsed time    36.1s, curr speed    0.899 kHz, avg speed    0.832 kHz), accepted      245/   30001 events ( 0.82%)
Processed    40000/ 1312700 entries,  3.05% (elapsed time    45.6s, curr speed    1.046 kHz, avg speed    0.876 kHz), accepted      328/   40001 events ( 0.82%)
Processed    50000/ 1312700 entries,  3.81% (elapsed time    56.4s, curr speed    0.927 kHz, avg speed    0.886 kHz), accepted      403/   50001 events ( 0.81%)
Processed    60000/ 1312700 entries,  4.57% (elapsed time    66.7s, curr speed    0.974 kHz, avg speed    0.900 kHz), accepted      498/   60001 events ( 0.83%)
Processed    70000/ 1312700 entries,  5.33% (elapsed time    77.0s, curr speed    0.971 kHz, avg speed    0.909 kHz), accepted      575/   70001 events ( 0.82%)
Processed    80000/ 1312700 entries,  6.09% (elapsed time    87.5s, curr speed    0.948 kHz, avg speed    0.914 kHz), accepted      661/   80001 events ( 0.83%)
Processed    90000/ 1312700 entries,  6.86% (elapsed time    99.0s, curr speed    0.876 kHz, avg speed    0.909 kHz), accepted      749/   90001 events ( 0.83%)
Processed   100000/ 1312700 entries,  7.62% (elapsed time   109.2s, curr speed    0.976 kHz, avg speed    0.916 kHz), accepted      841/  100001 events ( 0.84%)
Processed   110000/ 1312700 entries,  8.38% (elapsed time   120.5s, curr speed    0.882 kHz, avg speed    0.912 kHz), accepted      922/  110001 events ( 0.84%)
Processed   120000/ 1312700 entries,  9.14% (elapsed time   133.4s, curr speed    0.777 kHz, avg speed    0.899 kHz), accepted     1008/  120001 events ( 0.84%)
Processed   130000/ 1312700 entries,  9.90% (elapsed time   144.9s, curr speed    0.869 kHz, avg speed    0.897 kHz), accepted     1090/  130001 events ( 0.84%)
Processed   140000/ 1312700 entries, 10.67% (elapsed time   155.2s, curr speed    0.970 kHz, avg speed    0.902 kHz), accepted     1177/  140001 events ( 0.84%)
Processed   150000/ 1312700 entries, 11.43% (elapsed time   169.9s, curr speed    0.684 kHz, avg speed    0.883 kHz), accepted     1275/  150001 events ( 0.85%)
Processed   160000/ 1312700 entries, 12.19% (elapsed time   181.6s, curr speed    0.853 kHz, avg speed    0.881 kHz), accepted     1351/  160001 events ( 0.84%)
Processed   170000/ 1312700 entries, 12.95% (elapsed time   193.9s, curr speed    0.812 kHz, avg speed    0.877 kHz), accepted     1434/  170001 events ( 0.84%)
Processed   180000/ 1312700 entries, 13.71% (elapsed time   204.5s, curr speed    0.940 kHz, avg speed    0.880 kHz), accepted     1520/  180001 events ( 0.84%)
Processed   190000/ 1312700 entries, 14.47% (elapsed time   215.4s, curr speed    0.924 kHz, avg speed    0.882 kHz), accepted     1596/  190001 events ( 0.84%)
Processed   200000/ 1312700 entries, 15.24% (elapsed time   226.4s, curr speed    0.906 kHz, avg speed    0.883 kHz), accepted     1680/  200001 events ( 0.84%)
Processed   210000/ 1312700 entries, 16.00% (elapsed time   239.4s, curr speed    0.769 kHz, avg speed    0.877 kHz), accepted     1768/  210001 events ( 0.84%)
Processed   220000/ 1312700 entries, 16.76% (elapsed time   251.1s, curr speed    0.854 kHz, avg speed    0.876 kHz), accepted     1858/  220001 events ( 0.84%)
Processed   230000/ 1312700 entries, 17.52% (elapsed time   261.0s, curr speed    1.012 kHz, avg speed    0.881 kHz), accepted     1924/  230001 events ( 0.84%)
Processed   240000/ 1312700 entries, 18.28% (elapsed time   272.0s, curr speed    0.909 kHz, avg speed    0.882 kHz), accepted     2008/  240001 events ( 0.84%)
Processed   250000/ 1312700 entries, 19.04% (elapsed time   281.1s, curr speed    1.105 kHz, avg speed    0.890 kHz), accepted     2093/  250001 events ( 0.84%)
Processed   260000/ 1312700 entries, 19.81% (elapsed time   292.1s, curr speed    0.903 kHz, avg speed    0.890 kHz), accepted     2186/  260001 events ( 0.84%)
Processed   270000/ 1312700 entries, 20.57% (elapsed time   301.7s, curr speed    1.045 kHz, avg speed    0.895 kHz), accepted     2286/  270001 events ( 0.85%)
Processed   280000/ 1312700 entries, 21.33% (elapsed time   311.8s, curr speed    0.987 kHz, avg speed    0.898 kHz), accepted     2371/  280001 events ( 0.85%)
Processed   290000/ 1312700 entries, 22.09% (elapsed time   320.1s, curr speed    1.206 kHz, avg speed    0.906 kHz), accepted     2473/  290001 events ( 0.85%)
Processed   300000/ 1312700 entries, 22.85% (elapsed time   330.5s, curr speed    0.963 kHz, avg speed    0.908 kHz), accepted     2559/  300001 events ( 0.85%)
Processed   310000/ 1312700 entries, 23.62% (elapsed time   339.6s, curr speed    1.098 kHz, avg speed    0.913 kHz), accepted     2633/  310001 events ( 0.85%)
Processed   320000/ 1312700 entries, 24.38% (elapsed time   346.9s, curr speed    1.368 kHz, avg speed    0.922 kHz), accepted     2718/  320001 events ( 0.85%)
Processed   330000/ 1312700 entries, 25.14% (elapsed time   355.6s, curr speed    1.151 kHz, avg speed    0.928 kHz), accepted     2798/  330001 events ( 0.85%)
Processed   340000/ 1312700 entries, 25.90% (elapsed time   364.8s, curr speed    1.085 kHz, avg speed    0.932 kHz), accepted     2873/  340001 events ( 0.84%)
Processed   350000/ 1312700 entries, 26.66% (elapsed time   373.5s, curr speed    1.154 kHz, avg speed    0.937 kHz), accepted     2943/  350001 events ( 0.84%)
Processed   360000/ 1312700 entries, 27.42% (elapsed time   386.8s, curr speed    0.752 kHz, avg speed    0.931 kHz), accepted     3024/  360001 events ( 0.84%)
Processed   370000/ 1312700 entries, 28.19% (elapsed time   396.0s, curr speed    1.087 kHz, avg speed    0.934 kHz), accepted     3094/  370001 events ( 0.84%)
Processed   380000/ 1312700 entries, 28.95% (elapsed time   405.5s, curr speed    1.053 kHz, avg speed    0.937 kHz), accepted     3188/  380001 events ( 0.84%)
Processed   390000/ 1312700 entries, 29.71% (elapsed time   415.0s, curr speed    1.053 kHz, avg speed    0.940 kHz), accepted     3269/  390001 events ( 0.84%)
Processed   400000/ 1312700 entries, 30.47% (elapsed time   429.3s, curr speed    0.697 kHz, avg speed    0.932 kHz), accepted     3354/  400001 events ( 0.84%)
Processed   410000/ 1312700 entries, 31.23% (elapsed time   438.7s, curr speed    1.065 kHz, avg speed    0.935 kHz), accepted     3446/  410001 events ( 0.84%)
Processed   420000/ 1312700 entries, 32.00% (elapsed time   448.6s, curr speed    1.013 kHz, avg speed    0.936 kHz), accepted     3538/  420001 events ( 0.84%)
Processed   430000/ 1312700 entries, 32.76% (elapsed time   460.0s, curr speed    0.872 kHz, avg speed    0.935 kHz), accepted     3614/  430001 events ( 0.84%)
Processed   440000/ 1312700 entries, 33.52% (elapsed time   469.3s, curr speed    1.076 kHz, avg speed    0.938 kHz), accepted     3681/  440001 events ( 0.84%)
Processed   450000/ 1312700 entries, 34.28% (elapsed time   478.4s, curr speed    1.102 kHz, avg speed    0.941 kHz), accepted     3750/  450001 events ( 0.83%)
Processed   460000/ 1312700 entries, 35.04% (elapsed time   488.3s, curr speed    1.012 kHz, avg speed    0.942 kHz), accepted     3837/  460001 events ( 0.83%)
Processed   470000/ 1312700 entries, 35.80% (elapsed time   499.7s, curr speed    0.873 kHz, avg speed    0.940 kHz), accepted     3909/  470001 events ( 0.83%)
Processed   480000/ 1312700 entries, 36.57% (elapsed time   510.1s, curr speed    0.963 kHz, avg speed    0.941 kHz), accepted     3983/  480001 events ( 0.83%)
Processed   490000/ 1312700 entries, 37.33% (elapsed time   520.2s, curr speed    0.998 kHz, avg speed    0.942 kHz), accepted     4057/  490001 events ( 0.83%)
Processed   500000/ 1312700 entries, 38.09% (elapsed time   548.6s, curr speed    0.352 kHz, avg speed    0.911 kHz), accepted     4145/  500001 events ( 0.83%)
Processed   510000/ 1312700 entries, 38.85% (elapsed time   558.6s, curr speed    1.001 kHz, avg speed    0.913 kHz), accepted     4213/  510001 events ( 0.83%)
Processed   520000/ 1312700 entries, 39.61% (elapsed time   566.8s, curr speed    1.219 kHz, avg speed    0.917 kHz), accepted     4287/  520001 events ( 0.82%)
Processed   530000/ 1312700 entries, 40.37% (elapsed time   576.7s, curr speed    1.010 kHz, avg speed    0.919 kHz), accepted     4379/  530001 events ( 0.83%)
Processed   540000/ 1312700 entries, 41.14% (elapsed time   586.0s, curr speed    1.072 kHz, avg speed    0.921 kHz), accepted     4454/  540001 events ( 0.82%)
Processed   550000/ 1312700 entries, 41.90% (elapsed time   595.0s, curr speed    1.107 kHz, avg speed    0.924 kHz), accepted     4539/  550001 events ( 0.83%)
Processed   560000/ 1312700 entries, 42.66% (elapsed time   603.1s, curr speed    1.242 kHz, avg speed    0.929 kHz), accepted     4629/  560001 events ( 0.83%)
Processed   570000/ 1312700 entries, 43.42% (elapsed time   611.0s, curr speed    1.268 kHz, avg speed    0.933 kHz), accepted     4724/  570001 events ( 0.83%)
Processed   580000/ 1312700 entries, 44.18% (elapsed time   620.0s, curr speed    1.111 kHz, avg speed    0.936 kHz), accepted     4813/  580001 events ( 0.83%)
Processed   590000/ 1312700 entries, 44.95% (elapsed time   630.5s, curr speed    0.948 kHz, avg speed    0.936 kHz), accepted     4900/  590001 events ( 0.83%)
Processed   600000/ 1312700 entries, 45.71% (elapsed time   640.7s, curr speed    0.987 kHz, avg speed    0.937 kHz), accepted     4995/  600001 events ( 0.83%)
Processed   610000/ 1312700 entries, 46.47% (elapsed time   650.4s, curr speed    1.033 kHz, avg speed    0.938 kHz), accepted     5070/  610001 events ( 0.83%)
Processed   620000/ 1312700 entries, 47.23% (elapsed time   659.7s, curr speed    1.076 kHz, avg speed    0.940 kHz), accepted     5154/  620001 events ( 0.83%)
Processed   630000/ 1312700 entries, 47.99% (elapsed time   668.9s, curr speed    1.085 kHz, avg speed    0.942 kHz), accepted     5231/  630001 events ( 0.83%)
Processed   640000/ 1312700 entries, 48.75% (elapsed time   675.1s, curr speed    1.594 kHz, avg speed    0.948 kHz), accepted     5317/  640001 events ( 0.83%)
Processed   650000/ 1312700 entries, 49.52% (elapsed time   686.2s, curr speed    0.908 kHz, avg speed    0.947 kHz), accepted     5415/  650001 events ( 0.83%)
Processed   660000/ 1312700 entries, 50.28% (elapsed time   694.6s, curr speed    1.180 kHz, avg speed    0.950 kHz), accepted     5491/  660001 events ( 0.83%)
Processed   670000/ 1312700 entries, 51.04% (elapsed time   704.0s, curr speed    1.067 kHz, avg speed    0.952 kHz), accepted     5567/  670001 events ( 0.83%)
Processed   680000/ 1312700 entries, 51.80% (elapsed time   713.4s, curr speed    1.068 kHz, avg speed    0.953 kHz), accepted     5650/  680001 events ( 0.83%)
Processed   690000/ 1312700 entries, 52.56% (elapsed time   722.4s, curr speed    1.104 kHz, avg speed    0.955 kHz), accepted     5720/  690001 events ( 0.83%)
Processed   700000/ 1312700 entries, 53.33% (elapsed time   731.0s, curr speed    1.172 kHz, avg speed    0.958 kHz), accepted     5791/  700001 events ( 0.83%)
Processed   710000/ 1312700 entries, 54.09% (elapsed time   739.5s, curr speed    1.164 kHz, avg speed    0.960 kHz), accepted     5884/  710001 events ( 0.83%)
Processed   720000/ 1312700 entries, 54.85% (elapsed time   748.3s, curr speed    1.142 kHz, avg speed    0.962 kHz), accepted     5958/  720001 events ( 0.83%)
Processed   730000/ 1312700 entries, 55.61% (elapsed time   758.0s, curr speed    1.034 kHz, avg speed    0.963 kHz), accepted     6043/  730001 events ( 0.83%)
Processed   740000/ 1312700 entries, 56.37% (elapsed time   767.4s, curr speed    1.057 kHz, avg speed    0.964 kHz), accepted     6110/  740001 events ( 0.83%)
Processed   750000/ 1312700 entries, 57.13% (elapsed time   777.9s, curr speed    0.953 kHz, avg speed    0.964 kHz), accepted     6195/  750001 events ( 0.83%)
Processed   760000/ 1312700 entries, 57.90% (elapsed time   788.2s, curr speed    0.972 kHz, avg speed    0.964 kHz), accepted     6277/  760001 events ( 0.83%)
Processed   770000/ 1312700 entries, 58.66% (elapsed time   799.5s, curr speed    0.887 kHz, avg speed    0.963 kHz), accepted     6369/  770001 events ( 0.83%)
Processed   780000/ 1312700 entries, 59.42% (elapsed time   808.8s, curr speed    1.076 kHz, avg speed    0.964 kHz), accepted     6445/  780001 events ( 0.83%)
Processed   790000/ 1312700 entries, 60.18% (elapsed time   818.8s, curr speed    0.995 kHz, avg speed    0.965 kHz), accepted     6527/  790001 events ( 0.83%)
Processed   800000/ 1312700 entries, 60.94% (elapsed time   829.4s, curr speed    0.950 kHz, avg speed    0.965 kHz), accepted     6610/  800001 events ( 0.83%)
Processed   810000/ 1312700 entries, 61.70% (elapsed time   840.4s, curr speed    0.902 kHz, avg speed    0.964 kHz), accepted     6707/  810001 events ( 0.83%)
Processed   820000/ 1312700 entries, 62.47% (elapsed time   850.8s, curr speed    0.962 kHz, avg speed    0.964 kHz), accepted     6793/  820001 events ( 0.83%)
Processed   830000/ 1312700 entries, 63.23% (elapsed time   860.0s, curr speed    1.092 kHz, avg speed    0.965 kHz), accepted     6882/  830001 events ( 0.83%)
Processed   840000/ 1312700 entries, 63.99% (elapsed time   868.9s, curr speed    1.121 kHz, avg speed    0.967 kHz), accepted     6976/  840001 events ( 0.83%)
Processed   850000/ 1312700 entries, 64.75% (elapsed time   877.3s, curr speed    1.187 kHz, avg speed    0.969 kHz), accepted     7063/  850001 events ( 0.83%)
Processed   860000/ 1312700 entries, 65.51% (elapsed time   887.3s, curr speed    1.001 kHz, avg speed    0.969 kHz), accepted     7159/  860001 events ( 0.83%)
Processed   870000/ 1312700 entries, 66.28% (elapsed time   898.4s, curr speed    0.905 kHz, avg speed    0.968 kHz), accepted     7233/  870001 events ( 0.83%)
Processed   880000/ 1312700 entries, 67.04% (elapsed time   910.2s, curr speed    0.848 kHz, avg speed    0.967 kHz), accepted     7319/  880001 events ( 0.83%)
Processed   890000/ 1312700 entries, 67.80% (elapsed time   921.9s, curr speed    0.851 kHz, avg speed    0.965 kHz), accepted     7399/  890001 events ( 0.83%)
Processed   900000/ 1312700 entries, 68.56% (elapsed time   931.5s, curr speed    1.039 kHz, avg speed    0.966 kHz), accepted     7486/  900001 events ( 0.83%)
Processed   910000/ 1312700 entries, 69.32% (elapsed time   940.5s, curr speed    1.113 kHz, avg speed    0.968 kHz), accepted     7560/  910001 events ( 0.83%)
Processed   920000/ 1312700 entries, 70.08% (elapsed time   949.5s, curr speed    1.120 kHz, avg speed    0.969 kHz), accepted     7641/  920001 events ( 0.83%)
Processed   930000/ 1312700 entries, 70.85% (elapsed time   959.7s, curr speed    0.975 kHz, avg speed    0.969 kHz), accepted     7727/  930001 events ( 0.83%)
Processed   940000/ 1312700 entries, 71.61% (elapsed time   968.5s, curr speed    1.138 kHz, avg speed    0.971 kHz), accepted     7808/  940001 events ( 0.83%)
Processed   950000/ 1312700 entries, 72.37% (elapsed time   977.5s, curr speed    1.110 kHz, avg speed    0.972 kHz), accepted     7879/  950001 events ( 0.83%)
Processed   960000/ 1312700 entries, 73.13% (elapsed time   986.9s, curr speed    1.062 kHz, avg speed    0.973 kHz), accepted     7962/  960001 events ( 0.83%)
Processed   970000/ 1312700 entries, 73.89% (elapsed time   993.8s, curr speed    1.457 kHz, avg speed    0.976 kHz), accepted     8043/  970001 events ( 0.83%)
Processed   980000/ 1312700 entries, 74.66% (elapsed time  1005.7s, curr speed    0.841 kHz, avg speed    0.974 kHz), accepted     8134/  980001 events ( 0.83%)
Processed   990000/ 1312700 entries, 75.42% (elapsed time  1017.7s, curr speed    0.829 kHz, avg speed    0.973 kHz), accepted     8204/  990001 events ( 0.83%)
Processed  1000000/ 1312700 entries, 76.18% (elapsed time  1030.3s, curr speed    0.796 kHz, avg speed    0.971 kHz), accepted     8293/ 1000001 events ( 0.83%)
Processed  1010000/ 1312700 entries, 76.94% (elapsed time  1039.9s, curr speed    1.042 kHz, avg speed    0.971 kHz), accepted     8358/ 1010001 events ( 0.83%)
Processed  1020000/ 1312700 entries, 77.70% (elapsed time  1052.6s, curr speed    0.789 kHz, avg speed    0.969 kHz), accepted     8428/ 1020001 events ( 0.83%)
Processed  1030000/ 1312700 entries, 78.46% (elapsed time  1062.6s, curr speed    0.993 kHz, avg speed    0.969 kHz), accepted     8505/ 1030001 events ( 0.83%)
Processed  1040000/ 1312700 entries, 79.23% (elapsed time  1074.9s, curr speed    0.814 kHz, avg speed    0.968 kHz), accepted     8585/ 1040001 events ( 0.83%)
Processed  1050000/ 1312700 entries, 79.99% (elapsed time  1084.6s, curr speed    1.033 kHz, avg speed    0.968 kHz), accepted     8663/ 1050001 events ( 0.83%)
Processed  1060000/ 1312700 entries, 80.75% (elapsed time  1094.1s, curr speed    1.054 kHz, avg speed    0.969 kHz), accepted     8742/ 1060001 events ( 0.82%)
Processed  1070000/ 1312700 entries, 81.51% (elapsed time  1107.7s, curr speed    0.732 kHz, avg speed    0.966 kHz), accepted     8821/ 1070001 events ( 0.82%)
Processed  1080000/ 1312700 entries, 82.27% (elapsed time  1120.7s, curr speed    0.774 kHz, avg speed    0.964 kHz), accepted     8901/ 1080001 events ( 0.82%)
Processed  1090000/ 1312700 entries, 83.03% (elapsed time  1131.1s, curr speed    0.957 kHz, avg speed    0.964 kHz), accepted     8977/ 1090001 events ( 0.82%)
Processed  1100000/ 1312700 entries, 83.80% (elapsed time  1142.2s, curr speed    0.905 kHz, avg speed    0.963 kHz), accepted     9055/ 1100001 events ( 0.82%)
Processed  1110000/ 1312700 entries, 84.56% (elapsed time  1151.9s, curr speed    1.026 kHz, avg speed    0.964 kHz), accepted     9128/ 1110001 events ( 0.82%)
Processed  1120000/ 1312700 entries, 85.32% (elapsed time  1162.1s, curr speed    0.983 kHz, avg speed    0.964 kHz), accepted     9226/ 1120001 events ( 0.82%)
Processed  1130000/ 1312700 entries, 86.08% (elapsed time  1174.4s, curr speed    0.809 kHz, avg speed    0.962 kHz), accepted     9315/ 1130001 events ( 0.82%)
Processed  1140000/ 1312700 entries, 86.84% (elapsed time  1186.4s, curr speed    0.837 kHz, avg speed    0.961 kHz), accepted     9380/ 1140001 events ( 0.82%)
Processed  1150000/ 1312700 entries, 87.61% (elapsed time  1199.4s, curr speed    0.767 kHz, avg speed    0.959 kHz), accepted     9471/ 1150001 events ( 0.82%)
Processed  1160000/ 1312700 entries, 88.37% (elapsed time  1211.5s, curr speed    0.828 kHz, avg speed    0.957 kHz), accepted     9565/ 1160001 events ( 0.82%)
Processed  1170000/ 1312700 entries, 89.13% (elapsed time  1222.5s, curr speed    0.910 kHz, avg speed    0.957 kHz), accepted     9636/ 1170001 events ( 0.82%)
Processed  1180000/ 1312700 entries, 89.89% (elapsed time  1233.3s, curr speed    0.923 kHz, avg speed    0.957 kHz), accepted     9723/ 1180001 events ( 0.82%)
Processed  1190000/ 1312700 entries, 90.65% (elapsed time  1244.7s, curr speed    0.883 kHz, avg speed    0.956 kHz), accepted     9792/ 1190001 events ( 0.82%)
Processed  1200000/ 1312700 entries, 91.41% (elapsed time  1257.6s, curr speed    0.771 kHz, avg speed    0.954 kHz), accepted     9867/ 1200001 events ( 0.82%)
Processed  1210000/ 1312700 entries, 92.18% (elapsed time  1268.7s, curr speed    0.907 kHz, avg speed    0.954 kHz), accepted     9947/ 1210001 events ( 0.82%)
Processed  1220000/ 1312700 entries, 92.94% (elapsed time  1280.6s, curr speed    0.839 kHz, avg speed    0.953 kHz), accepted    10024/ 1220001 events ( 0.82%)
Processed  1230000/ 1312700 entries, 93.70% (elapsed time  1292.7s, curr speed    0.824 kHz, avg speed    0.951 kHz), accepted    10104/ 1230001 events ( 0.82%)
Processed  1240000/ 1312700 entries, 94.46% (elapsed time  1307.4s, curr speed    0.681 kHz, avg speed    0.948 kHz), accepted    10197/ 1240001 events ( 0.82%)
Processed  1250000/ 1312700 entries, 95.22% (elapsed time  1318.0s, curr speed    0.939 kHz, avg speed    0.948 kHz), accepted    10265/ 1250001 events ( 0.82%)
Processed  1260000/ 1312700 entries, 95.99% (elapsed time  1329.4s, curr speed    0.876 kHz, avg speed    0.948 kHz), accepted    10352/ 1260001 events ( 0.82%)
Processed  1270000/ 1312700 entries, 96.75% (elapsed time  1341.7s, curr speed    0.817 kHz, avg speed    0.947 kHz), accepted    10442/ 1270001 events ( 0.82%)
Processed  1280000/ 1312700 entries, 97.51% (elapsed time  1351.0s, curr speed    1.070 kHz, avg speed    0.947 kHz), accepted    10534/ 1280001 events ( 0.82%)
Processed  1290000/ 1312700 entries, 98.27% (elapsed time  1361.0s, curr speed    0.999 kHz, avg speed    0.948 kHz), accepted    10619/ 1290001 events ( 0.82%)
Processed  1300000/ 1312700 entries, 99.03% (elapsed time  1372.5s, curr speed    0.876 kHz, avg speed    0.947 kHz), accepted    10712/ 1300001 events ( 0.82%)
Processed  1310000/ 1312700 entries, 99.79% (elapsed time  1383.5s, curr speed    0.902 kHz, avg speed    0.947 kHz), accepted    10793/ 1310001 events ( 0.82%)
Processed 1312700 preselected entries from root://cms-xrd-global.cern.ch//store/mc/RunIIFall17NanoAODv6/ST_t-channel_antitop_4f_InclusiveDecays_TuneCP5_PSweights_13TeV-powheg-pythia8/NANOAODSIM/PU2017_12Apr2018_Nano25Oct2019_102X_mc2017_realistic_v7-v1/70000/E169316D-88A5-8E4C-9121-FF398C833CC2.root (1312700 entries). Finally selected 10813 entries
Pre-select 1233700 entries out of 1233700 (100.00%)
Processed    10000/ 1233700 entries,  0.81% (elapsed time    16.6s, curr speed    0.601 kHz, avg speed    0.601 kHz), accepted       93/   10001 events ( 0.93%)
Processed    20000/ 1233700 entries,  1.62% (elapsed time    31.2s, curr speed    0.687 kHz, avg speed    0.641 kHz), accepted      184/   20001 events ( 0.92%)
Processed    30000/ 1233700 entries,  2.43% (elapsed time    44.6s, curr speed    0.747 kHz, avg speed    0.673 kHz), accepted      263/   30001 events ( 0.88%)
Processed    40000/ 1233700 entries,  3.24% (elapsed time    58.1s, curr speed    0.741 kHz, avg speed    0.689 kHz), accepted      332/   40001 events ( 0.83%)
Processed    50000/ 1233700 entries,  4.05% (elapsed time    71.2s, curr speed    0.760 kHz, avg speed    0.702 kHz), accepted      408/   50001 events ( 0.82%)
Processed    60000/ 1233700 entries,  4.86% (elapsed time    91.2s, curr speed    0.502 kHz, avg speed    0.658 kHz), accepted      473/   60001 events ( 0.79%)
Processed    70000/ 1233700 entries,  5.67% (elapsed time   106.4s, curr speed    0.656 kHz, avg speed    0.658 kHz), accepted      562/   70001 events ( 0.80%)
Processed    80000/ 1233700 entries,  6.48% (elapsed time   120.0s, curr speed    0.738 kHz, avg speed    0.667 kHz), accepted      643/   80001 events ( 0.80%)
Processed    90000/ 1233700 entries,  7.30% (elapsed time   133.4s, curr speed    0.747 kHz, avg speed    0.675 kHz), accepted      732/   90001 events ( 0.81%)
Processed   100000/ 1233700 entries,  8.11% (elapsed time   147.5s, curr speed    0.709 kHz, avg speed    0.678 kHz), accepted      822/  100001 events ( 0.82%)
Processed   110000/ 1233700 entries,  8.92% (elapsed time   159.0s, curr speed    0.866 kHz, avg speed    0.692 kHz), accepted      901/  110001 events ( 0.82%)
Processed   120000/ 1233700 entries,  9.73% (elapsed time   171.6s, curr speed    0.792 kHz, avg speed    0.699 kHz), accepted      983/  120001 events ( 0.82%)
Processed   130000/ 1233700 entries, 10.54% (elapsed time   188.6s, curr speed    0.588 kHz, avg speed    0.689 kHz), accepted     1073/  130001 events ( 0.83%)
Processed   140000/ 1233700 entries, 11.35% (elapsed time   200.8s, curr speed    0.821 kHz, avg speed    0.697 kHz), accepted     1152/  140001 events ( 0.82%)
Processed   150000/ 1233700 entries, 12.16% (elapsed time   213.0s, curr speed    0.823 kHz, avg speed    0.704 kHz), accepted     1229/  150001 events ( 0.82%)
Processed   160000/ 1233700 entries, 12.97% (elapsed time   224.2s, curr speed    0.890 kHz, avg speed    0.714 kHz), accepted     1312/  160001 events ( 0.82%)
Processed   170000/ 1233700 entries, 13.78% (elapsed time   237.8s, curr speed    0.735 kHz, avg speed    0.715 kHz), accepted     1391/  170001 events ( 0.82%)
Processed   180000/ 1233700 entries, 14.59% (elapsed time   253.3s, curr speed    0.644 kHz, avg speed    0.711 kHz), accepted     1491/  180001 events ( 0.83%)
Processed   190000/ 1233700 entries, 15.40% (elapsed time   263.0s, curr speed    1.035 kHz, avg speed    0.722 kHz), accepted     1571/  190001 events ( 0.83%)
Processed   200000/ 1233700 entries, 16.21% (elapsed time   274.8s, curr speed    0.850 kHz, avg speed    0.728 kHz), accepted     1652/  200001 events ( 0.83%)
Processed   210000/ 1233700 entries, 17.02% (elapsed time   284.3s, curr speed    1.052 kHz, avg speed    0.739 kHz), accepted     1742/  210001 events ( 0.83%)
Processed   220000/ 1233700 entries, 17.83% (elapsed time   295.6s, curr speed    0.885 kHz, avg speed    0.744 kHz), accepted     1835/  220001 events ( 0.83%)
Processed   230000/ 1233700 entries, 18.64% (elapsed time   309.6s, curr speed    0.712 kHz, avg speed    0.743 kHz), accepted     1901/  230001 events ( 0.83%)
Processed   240000/ 1233700 entries, 19.45% (elapsed time   323.7s, curr speed    0.710 kHz, avg speed    0.741 kHz), accepted     1986/  240001 events ( 0.83%)
Processed   250000/ 1233700 entries, 20.26% (elapsed time   338.0s, curr speed    0.699 kHz, avg speed    0.740 kHz), accepted     2073/  250001 events ( 0.83%)
Processed   260000/ 1233700 entries, 21.07% (elapsed time   352.4s, curr speed    0.695 kHz, avg speed    0.738 kHz), accepted     2158/  260001 events ( 0.83%)
Processed   270000/ 1233700 entries, 21.89% (elapsed time   366.3s, curr speed    0.720 kHz, avg speed    0.737 kHz), accepted     2234/  270001 events ( 0.83%)
Processed   280000/ 1233700 entries, 22.70% (elapsed time   377.7s, curr speed    0.875 kHz, avg speed    0.741 kHz), accepted     2313/  280001 events ( 0.83%)
Processed   290000/ 1233700 entries, 23.51% (elapsed time   391.8s, curr speed    0.709 kHz, avg speed    0.740 kHz), accepted     2402/  290001 events ( 0.83%)
Processed   300000/ 1233700 entries, 24.32% (elapsed time   404.2s, curr speed    0.806 kHz, avg speed    0.742 kHz), accepted     2488/  300001 events ( 0.83%)
Processed   310000/ 1233700 entries, 25.13% (elapsed time   419.9s, curr speed    0.636 kHz, avg speed    0.738 kHz), accepted     2565/  310001 events ( 0.83%)
Processed   320000/ 1233700 entries, 25.94% (elapsed time   436.4s, curr speed    0.607 kHz, avg speed    0.733 kHz), accepted     2655/  320001 events ( 0.83%)
Processed   330000/ 1233700 entries, 26.75% (elapsed time   450.3s, curr speed    0.717 kHz, avg speed    0.733 kHz), accepted     2748/  330001 events ( 0.83%)
Processed   340000/ 1233700 entries, 27.56% (elapsed time   463.4s, curr speed    0.768 kHz, avg speed    0.734 kHz), accepted     2841/  340001 events ( 0.84%)
Processed   350000/ 1233700 entries, 28.37% (elapsed time   476.0s, curr speed    0.793 kHz, avg speed    0.735 kHz), accepted     2917/  350001 events ( 0.83%)
Processed   360000/ 1233700 entries, 29.18% (elapsed time   489.0s, curr speed    0.770 kHz, avg speed    0.736 kHz), accepted     2992/  360001 events ( 0.83%)
Processed   370000/ 1233700 entries, 29.99% (elapsed time   506.8s, curr speed    0.560 kHz, avg speed    0.730 kHz), accepted     3086/  370001 events ( 0.83%)
Processed   380000/ 1233700 entries, 30.80% (elapsed time   517.0s, curr speed    0.986 kHz, avg speed    0.735 kHz), accepted     3181/  380001 events ( 0.84%)
Processed   390000/ 1233700 entries, 31.61% (elapsed time   533.4s, curr speed    0.609 kHz, avg speed    0.731 kHz), accepted     3262/  390001 events ( 0.84%)
Processed   400000/ 1233700 entries, 32.42% (elapsed time   560.3s, curr speed    0.371 kHz, avg speed    0.714 kHz), accepted     3345/  400001 events ( 0.84%)
Processed   410000/ 1233700 entries, 33.23% (elapsed time   576.8s, curr speed    0.606 kHz, avg speed    0.711 kHz), accepted     3436/  410001 events ( 0.84%)
Processed   420000/ 1233700 entries, 34.04% (elapsed time   591.6s, curr speed    0.676 kHz, avg speed    0.710 kHz), accepted     3532/  420001 events ( 0.84%)
Processed   430000/ 1233700 entries, 34.85% (elapsed time   615.8s, curr speed    0.413 kHz, avg speed    0.698 kHz), accepted     3618/  430001 events ( 0.84%)
Processed   440000/ 1233700 entries, 35.67% (elapsed time   632.4s, curr speed    0.602 kHz, avg speed    0.696 kHz), accepted     3718/  440001 events ( 0.84%)
Processed   450000/ 1233700 entries, 36.48% (elapsed time   644.5s, curr speed    0.831 kHz, avg speed    0.698 kHz), accepted     3813/  450001 events ( 0.85%)
Processed   460000/ 1233700 entries, 37.29% (elapsed time   665.6s, curr speed    0.474 kHz, avg speed    0.691 kHz), accepted     3892/  460001 events ( 0.85%)
Processed   470000/ 1233700 entries, 38.10% (elapsed time   689.2s, curr speed    0.424 kHz, avg speed    0.682 kHz), accepted     3998/  470001 events ( 0.85%)
Processed   480000/ 1233700 entries, 38.91% (elapsed time   712.2s, curr speed    0.433 kHz, avg speed    0.674 kHz), accepted     4089/  480001 events ( 0.85%)
Processed   490000/ 1233700 entries, 39.72% (elapsed time   730.3s, curr speed    0.554 kHz, avg speed    0.671 kHz), accepted     4174/  490001 events ( 0.85%)
Processed   500000/ 1233700 entries, 40.53% (elapsed time   743.5s, curr speed    0.759 kHz, avg speed    0.673 kHz), accepted     4264/  500001 events ( 0.85%)
Processed   510000/ 1233700 entries, 41.34% (elapsed time   767.7s, curr speed    0.413 kHz, avg speed    0.664 kHz), accepted     4347/  510001 events ( 0.85%)
Processed   520000/ 1233700 entries, 42.15% (elapsed time   783.6s, curr speed    0.627 kHz, avg speed    0.664 kHz), accepted     4433/  520001 events ( 0.85%)
Processed   530000/ 1233700 entries, 42.96% (elapsed time   800.5s, curr speed    0.591 kHz, avg speed    0.662 kHz), accepted     4501/  530001 events ( 0.85%)
Processed   540000/ 1233700 entries, 43.77% (elapsed time   827.4s, curr speed    0.373 kHz, avg speed    0.653 kHz), accepted     4594/  540001 events ( 0.85%)
Processed   550000/ 1233700 entries, 44.58% (elapsed time   842.6s, curr speed    0.655 kHz, avg speed    0.653 kHz), accepted     4663/  550001 events ( 0.85%)
Processed   560000/ 1233700 entries, 45.39% (elapsed time   870.4s, curr speed    0.360 kHz, avg speed    0.643 kHz), accepted     4765/  560001 events ( 0.85%)
Processed   570000/ 1233700 entries, 46.20% (elapsed time   888.3s, curr speed    0.560 kHz, avg speed    0.642 kHz), accepted     4839/  570001 events ( 0.85%)
Processed   580000/ 1233700 entries, 47.01% (elapsed time   905.2s, curr speed    0.589 kHz, avg speed    0.641 kHz), accepted     4929/  580001 events ( 0.85%)
Processed   590000/ 1233700 entries, 47.82% (elapsed time   931.3s, curr speed    0.384 kHz, avg speed    0.634 kHz), accepted     5010/  590001 events ( 0.85%)
Processed   600000/ 1233700 entries, 48.63% (elapsed time   947.0s, curr speed    0.638 kHz, avg speed    0.634 kHz), accepted     5086/  600001 events ( 0.85%)
Processed   610000/ 1233700 entries, 49.44% (elapsed time   972.7s, curr speed    0.388 kHz, avg speed    0.627 kHz), accepted     5162/  610001 events ( 0.85%)
Processed   620000/ 1233700 entries, 50.26% (elapsed time   991.6s, curr speed    0.531 kHz, avg speed    0.625 kHz), accepted     5235/  620001 events ( 0.84%)
Processed   630000/ 1233700 entries, 51.07% (elapsed time  1009.4s, curr speed    0.561 kHz, avg speed    0.624 kHz), accepted     5316/  630001 events ( 0.84%)
Processed   640000/ 1233700 entries, 51.88% (elapsed time  1028.8s, curr speed    0.515 kHz, avg speed    0.622 kHz), accepted     5405/  640001 events ( 0.84%)
Processed   650000/ 1233700 entries, 52.69% (elapsed time  1054.3s, curr speed    0.392 kHz, avg speed    0.617 kHz), accepted     5488/  650001 events ( 0.84%)
Processed   660000/ 1233700 entries, 53.50% (elapsed time  1076.7s, curr speed    0.448 kHz, avg speed    0.613 kHz), accepted     5568/  660001 events ( 0.84%)
Processed   670000/ 1233700 entries, 54.31% (elapsed time  1119.0s, curr speed    0.236 kHz, avg speed    0.599 kHz), accepted     5658/  670001 events ( 0.84%)
Processed   680000/ 1233700 entries, 55.12% (elapsed time  1147.0s, curr speed    0.357 kHz, avg speed    0.593 kHz), accepted     5741/  680001 events ( 0.84%)
Processed   690000/ 1233700 entries, 55.93% (elapsed time  1162.6s, curr speed    0.640 kHz, avg speed    0.593 kHz), accepted     5830/  690001 events ( 0.84%)
Processed   700000/ 1233700 entries, 56.74% (elapsed time  1175.3s, curr speed    0.791 kHz, avg speed    0.596 kHz), accepted     5917/  700001 events ( 0.85%)
Processed   710000/ 1233700 entries, 57.55% (elapsed time  1188.7s, curr speed    0.745 kHz, avg speed    0.597 kHz), accepted     5989/  710001 events ( 0.84%)
Processed   720000/ 1233700 entries, 58.36% (elapsed time  1201.2s, curr speed    0.800 kHz, avg speed    0.599 kHz), accepted     6066/  720001 events ( 0.84%)
Processed   730000/ 1233700 entries, 59.17% (elapsed time  1214.2s, curr speed    0.770 kHz, avg speed    0.601 kHz), accepted     6174/  730001 events ( 0.85%)
Processed   740000/ 1233700 entries, 59.98% (elapsed time  1229.4s, curr speed    0.656 kHz, avg speed    0.602 kHz), accepted     6266/  740001 events ( 0.85%)
Processed   750000/ 1233700 entries, 60.79% (elapsed time  1240.6s, curr speed    0.894 kHz, avg speed    0.605 kHz), accepted     6328/  750001 events ( 0.84%)
Processed   760000/ 1233700 entries, 61.60% (elapsed time  1249.0s, curr speed    1.191 kHz, avg speed    0.608 kHz), accepted     6413/  760001 events ( 0.84%)
Processed   770000/ 1233700 entries, 62.41% (elapsed time  1259.9s, curr speed    0.917 kHz, avg speed    0.611 kHz), accepted     6488/  770001 events ( 0.84%)
Processed   780000/ 1233700 entries, 63.22% (elapsed time  1276.5s, curr speed    0.604 kHz, avg speed    0.611 kHz), accepted     6568/  780001 events ( 0.84%)
Processed   790000/ 1233700 entries, 64.04% (elapsed time  1289.1s, curr speed    0.793 kHz, avg speed    0.613 kHz), accepted     6636/  790001 events ( 0.84%)
Processed   800000/ 1233700 entries, 64.85% (elapsed time  1300.6s, curr speed    0.869 kHz, avg speed    0.615 kHz), accepted     6741/  800001 events ( 0.84%)
Processed   810000/ 1233700 entries, 65.66% (elapsed time  1311.3s, curr speed    0.932 kHz, avg speed    0.618 kHz), accepted     6834/  810001 events ( 0.84%)
Processed   820000/ 1233700 entries, 66.47% (elapsed time  1326.9s, curr speed    0.641 kHz, avg speed    0.618 kHz), accepted     6913/  820001 events ( 0.84%)
Processed   830000/ 1233700 entries, 67.28% (elapsed time  1338.2s, curr speed    0.883 kHz, avg speed    0.620 kHz), accepted     7001/  830001 events ( 0.84%)
Processed   840000/ 1233700 entries, 68.09% (elapsed time  1358.2s, curr speed    0.500 kHz, avg speed    0.618 kHz), accepted     7094/  840001 events ( 0.84%)
Processed   850000/ 1233700 entries, 68.90% (elapsed time  1368.4s, curr speed    0.981 kHz, avg speed    0.621 kHz), accepted     7180/  850001 events ( 0.84%)
Processed   860000/ 1233700 entries, 69.71% (elapsed time  1378.8s, curr speed    0.965 kHz, avg speed    0.624 kHz), accepted     7257/  860001 events ( 0.84%)
Processed   870000/ 1233700 entries, 70.52% (elapsed time  1391.1s, curr speed    0.814 kHz, avg speed    0.625 kHz), accepted     7339/  870001 events ( 0.84%)
Processed   880000/ 1233700 entries, 71.33% (elapsed time  1404.0s, curr speed    0.774 kHz, avg speed    0.627 kHz), accepted     7431/  880001 events ( 0.84%)
Processed   890000/ 1233700 entries, 72.14% (elapsed time  1416.8s, curr speed    0.781 kHz, avg speed    0.628 kHz), accepted     7529/  890001 events ( 0.85%)
Processed   900000/ 1233700 entries, 72.95% (elapsed time  1430.3s, curr speed    0.740 kHz, avg speed    0.629 kHz), accepted     7616/  900001 events ( 0.85%)
Processed   910000/ 1233700 entries, 73.76% (elapsed time  1447.7s, curr speed    0.575 kHz, avg speed    0.629 kHz), accepted     7690/  910001 events ( 0.85%)
Processed   920000/ 1233700 entries, 74.57% (elapsed time  1460.7s, curr speed    0.771 kHz, avg speed    0.630 kHz), accepted     7772/  920001 events ( 0.84%)
Processed   930000/ 1233700 entries, 75.38% (elapsed time  1472.3s, curr speed    0.858 kHz, avg speed    0.632 kHz), accepted     7850/  930001 events ( 0.84%)
Processed   940000/ 1233700 entries, 76.19% (elapsed time  1485.2s, curr speed    0.776 kHz, avg speed    0.633 kHz), accepted     7941/  940001 events ( 0.84%)
Processed   950000/ 1233700 entries, 77.00% (elapsed time  1497.4s, curr speed    0.821 kHz, avg speed    0.634 kHz), accepted     8010/  950001 events ( 0.84%)
Processed   960000/ 1233700 entries, 77.81% (elapsed time  1506.5s, curr speed    1.095 kHz, avg speed    0.637 kHz), accepted     8088/  960001 events ( 0.84%)
Processed   970000/ 1233700 entries, 78.63% (elapsed time  1517.5s, curr speed    0.907 kHz, avg speed    0.639 kHz), accepted     8161/  970001 events ( 0.84%)
Processed   980000/ 1233700 entries, 79.44% (elapsed time  1528.7s, curr speed    0.894 kHz, avg speed    0.641 kHz), accepted     8231/  980001 events ( 0.84%)
Processed   990000/ 1233700 entries, 80.25% (elapsed time  1541.9s, curr speed    0.761 kHz, avg speed    0.642 kHz), accepted     8310/  990001 events ( 0.84%)
Processed  1000000/ 1233700 entries, 81.06% (elapsed time  1554.4s, curr speed    0.800 kHz, avg speed    0.643 kHz), accepted     8385/ 1000001 events ( 0.84%)
Processed  1010000/ 1233700 entries, 81.87% (elapsed time  1569.0s, curr speed    0.684 kHz, avg speed    0.644 kHz), accepted     8476/ 1010001 events ( 0.84%)
Processed  1020000/ 1233700 entries, 82.68% (elapsed time  1582.1s, curr speed    0.761 kHz, avg speed    0.645 kHz), accepted     8562/ 1020001 events ( 0.84%)
Processed  1030000/ 1233700 entries, 83.49% (elapsed time  1593.7s, curr speed    0.866 kHz, avg speed    0.646 kHz), accepted     8637/ 1030001 events ( 0.84%)
Processed  1040000/ 1233700 entries, 84.30% (elapsed time  1604.4s, curr speed    0.936 kHz, avg speed    0.648 kHz), accepted     8726/ 1040001 events ( 0.84%)
Processed  1050000/ 1233700 entries, 85.11% (elapsed time  1613.5s, curr speed    1.095 kHz, avg speed    0.651 kHz), accepted     8820/ 1050001 events ( 0.84%)
Processed  1060000/ 1233700 entries, 85.92% (elapsed time  1631.7s, curr speed    0.550 kHz, avg speed    0.650 kHz), accepted     8901/ 1060001 events ( 0.84%)
Processed  1070000/ 1233700 entries, 86.73% (elapsed time  1649.1s, curr speed    0.573 kHz, avg speed    0.649 kHz), accepted     8990/ 1070001 events ( 0.84%)
Processed  1080000/ 1233700 entries, 87.54% (elapsed time  1658.7s, curr speed    1.048 kHz, avg speed    0.651 kHz), accepted     9074/ 1080001 events ( 0.84%)
Processed  1090000/ 1233700 entries, 88.35% (elapsed time  1670.2s, curr speed    0.865 kHz, avg speed    0.653 kHz), accepted     9148/ 1090001 events ( 0.84%)
Processed  1100000/ 1233700 entries, 89.16% (elapsed time  1685.5s, curr speed    0.653 kHz, avg speed    0.653 kHz), accepted     9232/ 1100001 events ( 0.84%)
Processed  1110000/ 1233700 entries, 89.97% (elapsed time  1697.0s, curr speed    0.873 kHz, avg speed    0.654 kHz), accepted     9331/ 1110001 events ( 0.84%)
Processed  1120000/ 1233700 entries, 90.78% (elapsed time  1710.8s, curr speed    0.723 kHz, avg speed    0.655 kHz), accepted     9404/ 1120001 events ( 0.84%)
Processed  1130000/ 1233700 entries, 91.59% (elapsed time  1724.4s, curr speed    0.735 kHz, avg speed    0.655 kHz), accepted     9476/ 1130001 events ( 0.84%)
Processed  1140000/ 1233700 entries, 92.40% (elapsed time  1732.3s, curr speed    1.262 kHz, avg speed    0.658 kHz), accepted     9568/ 1140001 events ( 0.84%)
Processed  1150000/ 1233700 entries, 93.22% (elapsed time  1744.4s, curr speed    0.830 kHz, avg speed    0.659 kHz), accepted     9660/ 1150001 events ( 0.84%)
Processed  1160000/ 1233700 entries, 94.03% (elapsed time  1754.9s, curr speed    0.948 kHz, avg speed    0.661 kHz), accepted     9745/ 1160001 events ( 0.84%)
Processed  1170000/ 1233700 entries, 94.84% (elapsed time  1769.9s, curr speed    0.670 kHz, avg speed    0.661 kHz), accepted     9837/ 1170001 events ( 0.84%)
Processed  1180000/ 1233700 entries, 95.65% (elapsed time  1781.5s, curr speed    0.861 kHz, avg speed    0.662 kHz), accepted     9937/ 1180001 events ( 0.84%)
Processed  1190000/ 1233700 entries, 96.46% (elapsed time  1790.5s, curr speed    1.114 kHz, avg speed    0.665 kHz), accepted    10005/ 1190001 events ( 0.84%)
Processed  1200000/ 1233700 entries, 97.27% (elapsed time  1800.1s, curr speed    1.036 kHz, avg speed    0.667 kHz), accepted    10090/ 1200001 events ( 0.84%)
Processed  1210000/ 1233700 entries, 98.08% (elapsed time  1810.2s, curr speed    0.989 kHz, avg speed    0.668 kHz), accepted    10172/ 1210001 events ( 0.84%)
Processed  1220000/ 1233700 entries, 98.89% (elapsed time  1819.1s, curr speed    1.131 kHz, avg speed    0.671 kHz), accepted    10254/ 1220001 events ( 0.84%)
Processed  1230000/ 1233700 entries, 99.70% (elapsed time  1830.5s, curr speed    0.873 kHz, avg speed    0.672 kHz), accepted    10332/ 1230001 events ( 0.84%)
Processed 1233700 preselected entries from root://cms-xrd-global.cern.ch//store/mc/RunIIFall17NanoAODv6/ST_t-channel_antitop_4f_InclusiveDecays_TuneCP5_PSweights_13TeV-powheg-pythia8/NANOAODSIM/PU2017_12Apr2018_Nano25Oct2019_102X_mc2017_realistic_v7-v1/70000/F601F876-0713-EF41-AE85-F65E1EECB80C.root (1233700 entries). Finally selected 10367 entries
Total time 6659.0 sec. to process 5260200 events. Rate = 789.9 Hz.
>>> cwd          = /pool/condor/dir_5570
>>> ls           = ['.job.ad', '.chirp.config', 'tmp', '.update.ad', 'var', 'pico_etau_etau_12.root', 'x509_voms', 'condor_exec.exe', '.machine.ad', '_condor_stdout', 'lvigilan.cc']
>>> getstorage('/eos/home-l/lvigilan/output_ETauFR/2017/etau/ST_t-channel_antitop'), <EOS("/eos/home-l/lvigilan/output_ETauFR/2017/etau/ST_t-channel_antitop") at 0x2ab009444290>
>>> Executing: 'cp ./pico_etau_etau_12.root /eos/home-l/lvigilan/output_ETauFR/2017/etau/ST_t-channel_antitop'
>>> Removing './pico_etau_etau_12.root'...
>>> picojob.py done after 6726.6 seconds

Job complete at Mon Feb  8 13:17:50 CET 2021
Took 112 minutes 17 seconds040 (1885499.003.000) 02/08 13:17:50 Finished transferring output files
...
005 (1885499.003.000) 02/08 13:17:51 Job terminated.
	(1) Normal termination (return value 0)
		Usr 0 00:11:47, Sys 0 00:00:39  -  Run Remote Usage
		Usr 0 00:00:00, Sys 0 00:00:00  -  Run Local Usage
		Usr 0 00:11:47, Sys 0 00:00:39  -  Total Remote Usage
		Usr 0 00:00:00, Sys 0 00:00:00  -  Total Local Usage
	100134  -  Run Bytes Sent By Job
	9902  -  Run Bytes Received By Job
	100134  -  Total Bytes Sent By Job
	9902  -  Total Bytes Received By Job
	Partitionable Resources :    Usage  Request Allocated 
	   Cpus                 :     0.10        1         1 
	   Disk (KB)            :   166           1    355264 
	   Memory (MB)          :   355        2000      2000 

	Job terminated of its own accord at 2021-02-08T12:17:50Z.
...
