Could not find platform independent libraries <prefix>
Could not find platform dependent libraries <exec_prefix>
Consider setting $PYTHONHOME to <prefix>[:<exec_prefix>]
ImportError: No module named site
Job start at Mon Jun  7 18:53:45 CEST 2021
Running job on machine Linux b7g23n1517.cern.ch 3.10.0-1160.21.1.el7.x86_64 #1 SMP Tue Mar 16 18:28:22 UTC 2021 x86_64 x86_64 x86_64 GNU/Linux, host b7g23n1517.cern.ch
============================================================
$PWD=/pool/condor/dir_25171
$JOBID=2367585
$TASKID=65
$HOSTNAME=b7g23n1517.cern.ch
$TASKCMD=/afs/cern.ch/work/l/lvigilan/TauWork/CMSSW_10_6_17_patch1/src/TauFW/PicoProducer/python/processors/picojob.py -y UL2017 -d 'mc' -c etau -M ETauFakeRate.ModuleETau --copydir /eos/home-l/lvigilan/output_ETauFR_UL17_RUN1/UL2017/etau/DYJetsToLL_M-50 -t _etau_65 --opt 'useT1=True' 'zpt=True' -i /eos/cms/store/group/phys_tau/TauFW/nano/UL2017/DYJetsToLL_M-50_TuneCP5_13TeV-madgraphMLM-pythia8/RunIISummer19UL17NanoAODv2-106X_mc2017_realistic_v8-v1/NANOAODSIM/B9B9BE76-A676-014D-9705-217623FC4E14_skimjec_2.root /eos/cms/store/group/phys_tau/TauFW/nano/UL2017/DYJetsToLL_M-50_TuneCP5_13TeV-madgraphMLM-pythia8/RunIISummer19UL17NanoAODv2-106X_mc2017_realistic_v8-v1/NANOAODSIM/B9B9BE76-A676-014D-9705-217623FC4E14_skimjec_3.root /eos/cms/store/group/phys_tau/TauFW/nano/UL2017/DYJetsToLL_M-50_TuneCP5_13TeV-madgraphMLM-pythia8/RunIISummer19UL17NanoAODv2-106X_mc2017_realistic_v8-v1/NANOAODSIM/B9B9BE76-A676-014D-9705-217623FC4E14_skimjec_4.root /eos/cms/store/group/phys_tau/TauFW/nano/UL2017/DYJetsToLL_M-50_TuneCP5_13TeV-madgraphMLM-pythia8/RunIISummer19UL17NanoAODv2-106X_mc2017_realistic_v8-v1/NANOAODSIM/B9B9BE76-A676-014D-9705-217623FC4E14_skimjec_5.root /eos/cms/store/group/phys_tau/TauFW/nano/UL2017/DYJetsToLL_M-50_TuneCP5_13TeV-madgraphMLM-pythia8/RunIISummer19UL17NanoAODv2-106X_mc2017_realistic_v8-v1/NANOAODSIM/BABE8A3E-AFD5-704A-AD13-C87F09780F26_skimjec_0.root
$WORKDIR=/pool/condor/dir_25171
>>> cd /afs/cern.ch/work/l/lvigilan/TauWork/CMSSW_10_6_17_patch1/src
>>> eval `scramv1 runtime -sh`
>>> cd /pool/condor/dir_25171
$PWD=/pool/condor/dir_25171
>>> /afs/cern.ch/work/l/lvigilan/TauWork/CMSSW_10_6_17_patch1/src/TauFW/PicoProducer/python/processors/picojob.py -y UL2017 -d 'mc' -c etau -M ETauFakeRate.ModuleETau --copydir /eos/home-l/lvigilan/output_ETauFR_UL17_RUN1/UL2017/etau/DYJetsToLL_M-50 -t _etau_65 --opt 'useT1=True' 'zpt=True' -i /eos/cms/store/group/phys_tau/TauFW/nano/UL2017/DYJetsToLL_M-50_TuneCP5_13TeV-madgraphMLM-pythia8/RunIISummer19UL17NanoAODv2-106X_mc2017_realistic_v8-v1/NANOAODSIM/B9B9BE76-A676-014D-9705-217623FC4E14_skimjec_2.root /eos/cms/store/group/phys_tau/TauFW/nano/UL2017/DYJetsToLL_M-50_TuneCP5_13TeV-madgraphMLM-pythia8/RunIISummer19UL17NanoAODv2-106X_mc2017_realistic_v8-v1/NANOAODSIM/B9B9BE76-A676-014D-9705-217623FC4E14_skimjec_3.root /eos/cms/store/group/phys_tau/TauFW/nano/UL2017/DYJetsToLL_M-50_TuneCP5_13TeV-madgraphMLM-pythia8/RunIISummer19UL17NanoAODv2-106X_mc2017_realistic_v8-v1/NANOAODSIM/B9B9BE76-A676-014D-9705-217623FC4E14_skimjec_4.root /eos/cms/store/group/phys_tau/TauFW/nano/UL2017/DYJetsToLL_M-50_TuneCP5_13TeV-madgraphMLM-pythia8/RunIISummer19UL17NanoAODv2-106X_mc2017_realistic_v8-v1/NANOAODSIM/B9B9BE76-A676-014D-9705-217623FC4E14_skimjec_5.root /eos/cms/store/group/phys_tau/TauFW/nano/UL2017/DYJetsToLL_M-50_TuneCP5_13TeV-madgraphMLM-pythia8/RunIISummer19UL17NanoAODv2-106X_mc2017_realistic_v8-v1/NANOAODSIM/BABE8A3E-AFD5-704A-AD13-C87F09780F26_skimjec_0.root
Error in <TGClient::TGClient>: can't open display "localhost:19.0", switching to batch mode...
 In case you run from a remote ssh session, reconnect with ssh -Y
--------------------------------------------------------------------------------
>>> era          = 'UL2017'
>>> year         = 2017
>>> channel      = 'etau'
>>> modname      = 'ETauFakeRate.ModuleETau'
>>> dtype        = 'mc'
>>> kwargs       = {'dtype': 'mc', 'zpt': True, 'useT1': True, 'verb': 0, 'era': 'UL2017', 'year': 2017}
>>> firstevt     = 0
>>> maxevts      = None
>>> outdir       = '.'
>>> copydir      = '/eos/home-l/lvigilan/output_ETauFR_UL17_RUN1/UL2017/etau/DYJetsToLL_M-50'
>>> infiles      = ['/eos/cms/store/group/phys_tau/TauFW/nano/UL2017/DYJetsToLL_M-50_TuneCP5_13TeV-madgraphMLM-pythia8/RunIISummer19UL17NanoAODv2-106X_mc2017_realistic_v8-v1/NANOAODSIM/B9B9BE76-A676-014D-9705-217623FC4E14_skimjec_2.root', '/eos/cms/store/group/phys_tau/TauFW/nano/UL2017/DYJetsToLL_M-50_TuneCP5_13TeV-madgraphMLM-pythia8/RunIISummer19UL17NanoAODv2-106X_mc2017_realistic_v8-v1/NANOAODSIM/B9B9BE76-A676-014D-9705-217623FC4E14_skimjec_3.root', '/eos/cms/store/group/phys_tau/TauFW/nano/UL2017/DYJetsToLL_M-50_TuneCP5_13TeV-madgraphMLM-pythia8/RunIISummer19UL17NanoAODv2-106X_mc2017_realistic_v8-v1/NANOAODSIM/B9B9BE76-A676-014D-9705-217623FC4E14_skimjec_4.root', '/eos/cms/store/group/phys_tau/TauFW/nano/UL2017/DYJetsToLL_M-50_TuneCP5_13TeV-madgraphMLM-pythia8/RunIISummer19UL17NanoAODv2-106X_mc2017_realistic_v8-v1/NANOAODSIM/B9B9BE76-A676-014D-9705-217623FC4E14_skimjec_5.root', '/eos/cms/store/group/phys_tau/TauFW/nano/UL2017/DYJetsToLL_M-50_TuneCP5_13TeV-madgraphMLM-pythia8/RunIISummer19UL17NanoAODv2-106X_mc2017_realistic_v8-v1/NANOAODSIM/BABE8A3E-AFD5-704A-AD13-C87F09780F26_skimjec_0.root']
>>> outfname     = './pico_etau_65.root'
>>> branchsel    = '/afs/cern.ch/work/l/lvigilan/TauWork/CMSSW_10_6_17_patch1/python/TauFW/PicoProducer/processors/keep_and_drop_skim.txt'
>>> json         = None
>>> prefetch     = False
>>> cwd          = /pool/condor/dir_25171
--------------------------------------------------------------------------------

   ################
   #  ModuleETau  #
   ################

Loading PileupWeightTool for '/afs/cern.ch/work/l/lvigilan/TauWork/CMSSW_10_6_17_patch1/src/TauFW/PicoProducer/data/pileup/Data_PileUp_UL2017_69p2.root' and '/afs/cern.ch/work/l/lvigilan/TauWork/CMSSW_10_6_17_patch1/src/TauFW/PicoProducer/data/pileup/MC_PileUp_UL2017_Summer19.root'
Loading BTagWeightTool for DeepCSV (medium WP)...
>>> BTagTool: [1m[33mWarning! [0m[33mHistogram 'etau/eff_DeepCSV_udsg_medium' does not exist in /afs/cern.ch/work/l/lvigilan/TauWork/CMSSW_10_6_17_patch1/src/TauFW/PicoProducer/data/btag/DeepCSV_2017_12Apr2017_eff.root! Reverting to default efficiency histogram...[0m
>>> BTagTool: [1m[33mWarning! [0m[33mHistogram 'etau/eff_DeepCSV_c_medium' does not exist in /afs/cern.ch/work/l/lvigilan/TauWork/CMSSW_10_6_17_patch1/src/TauFW/PicoProducer/data/btag/DeepCSV_2017_12Apr2017_eff.root! Reverting to default efficiency histogram...[0m
>>> BTagTool: [1m[33mWarning! [0m[33mHistogram 'etau/eff_DeepCSV_b_medium' does not exist in /afs/cern.ch/work/l/lvigilan/TauWork/CMSSW_10_6_17_patch1/src/TauFW/PicoProducer/data/btag/DeepCSV_2017_12Apr2017_eff.root! Reverting to default efficiency histogram...[0m
>>> BTagTool: [1m[33mWarning! [0m[33mMade use of default efficiency histograms! The b tag weights from this module should be regarded as placeholders only,
and should NOT be used for analyses. B (mis)tag efficiencies in MC are analysis dependent. Please create your own
efficiency histogram with data/btag/getBTagEfficiencies.py after running all MC samples with BTagWeightTool.[0m
Loading TreeProducerETau for './pico_etau_65.root'
--------------------------------------------------------------------------------
>>> filename     = './pico_etau_65.root'
>>> year         = 2017
>>> dtype        = 'mc'
>>> channel      = 'etau'
>>> ismc         = True
>>> isdata       = False
>>> isembed      = False
>>> tes          = 1.0
>>> tessys       = None
>>> fes          = None
>>> ltf          = None
>>> jtf          = 1.0
>>> dotoppt      = False
>>> dozpt        = True
>>> dojec        = True
>>> dojecsys     = True
>>> dotight      = False
>>> useT1        = True
>>> jetCutPt     = 30
>>> bjetCutEta   = 2.7
>>> tauwp        = 0
>>> eleCutPt     = 36
>>> eleCutEta    = 2.1
>>> tauCutPt     = 20
>>> tauCutEta    = 2.3
>>> ZpeekReso    = 0.1
Pre-select 217635 entries out of 217635 (100.00%)
Processed    10000/  217635 entries,  4.59% (elapsed time     8.2s, curr speed    1.220 kHz, avg speed    1.220 kHz), accepted      760/   10001 events ( 7.60%)
Processed    20000/  217635 entries,  9.19% (elapsed time    13.2s, curr speed    2.009 kHz, avg speed    1.518 kHz), accepted     1527/   20001 events ( 7.63%)
Processed    30000/  217635 entries, 13.78% (elapsed time    17.3s, curr speed    2.404 kHz, avg speed    1.731 kHz), accepted     2336/   30001 events ( 7.79%)
Processed    40000/  217635 entries, 18.38% (elapsed time    21.9s, curr speed    2.190 kHz, avg speed    1.827 kHz), accepted     3139/   40001 events ( 7.85%)
Processed    50000/  217635 entries, 22.97% (elapsed time    26.9s, curr speed    1.989 kHz, avg speed    1.857 kHz), accepted     3927/   50001 events ( 7.85%)
Processed    60000/  217635 entries, 27.57% (elapsed time    31.2s, curr speed    2.363 kHz, avg speed    1.926 kHz), accepted     4665/   60001 events ( 7.77%)
Processed    70000/  217635 entries, 32.16% (elapsed time    35.9s, curr speed    2.103 kHz, avg speed    1.949 kHz), accepted     5408/   70001 events ( 7.73%)
Processed    80000/  217635 entries, 36.76% (elapsed time    40.7s, curr speed    2.100 kHz, avg speed    1.967 kHz), accepted     6164/   80001 events ( 7.70%)
Processed    90000/  217635 entries, 41.35% (elapsed time    45.4s, curr speed    2.122 kHz, avg speed    1.983 kHz), accepted     6951/   90001 events ( 7.72%)
Processed   100000/  217635 entries, 45.95% (elapsed time    49.6s, curr speed    2.365 kHz, avg speed    2.015 kHz), accepted     7758/  100001 events ( 7.76%)
Processed   110000/  217635 entries, 50.54% (elapsed time    54.4s, curr speed    2.108 kHz, avg speed    2.024 kHz), accepted     8558/  110001 events ( 7.78%)
Processed   120000/  217635 entries, 55.14% (elapsed time    58.8s, curr speed    2.253 kHz, avg speed    2.041 kHz), accepted     9319/  120001 events ( 7.77%)
Processed   130000/  217635 entries, 59.73% (elapsed time    63.1s, curr speed    2.342 kHz, avg speed    2.061 kHz), accepted    10112/  130001 events ( 7.78%)
Processed   140000/  217635 entries, 64.33% (elapsed time    67.1s, curr speed    2.454 kHz, avg speed    2.085 kHz), accepted    10857/  140001 events ( 7.75%)
Processed   150000/  217635 entries, 68.92% (elapsed time    71.8s, curr speed    2.157 kHz, avg speed    2.090 kHz), accepted    11649/  150001 events ( 7.77%)
Processed   160000/  217635 entries, 73.52% (elapsed time    76.4s, curr speed    2.184 kHz, avg speed    2.095 kHz), accepted    12402/  160001 events ( 7.75%)
Processed   170000/  217635 entries, 78.11% (elapsed time    80.7s, curr speed    2.309 kHz, avg speed    2.107 kHz), accepted    13179/  170001 events ( 7.75%)
Processed   180000/  217635 entries, 82.71% (elapsed time    85.0s, curr speed    2.299 kHz, avg speed    2.117 kHz), accepted    13946/  180001 events ( 7.75%)
Processed   190000/  217635 entries, 87.30% (elapsed time    89.8s, curr speed    2.081 kHz, avg speed    2.115 kHz), accepted    14740/  190001 events ( 7.76%)
Processed   200000/  217635 entries, 91.90% (elapsed time    94.7s, curr speed    2.076 kHz, avg speed    2.113 kHz), accepted    15547/  200001 events ( 7.77%)
Processed   210000/  217635 entries, 96.49% (elapsed time    99.2s, curr speed    2.226 kHz, avg speed    2.118 kHz), accepted    16316/  210001 events ( 7.77%)
Processed 217635 preselected entries from /eos/cms/store/group/phys_tau/TauFW/nano/UL2017/DYJetsToLL_M-50_TuneCP5_13TeV-madgraphMLM-pythia8/RunIISummer19UL17NanoAODv2-106X_mc2017_realistic_v8-v1/NANOAODSIM/B9B9BE76-A676-014D-9705-217623FC4E14_skimjec_2.root (217635 entries). Finally selected 16902 entries
Pre-select 217635 entries out of 217635 (100.00%)
Processed    10000/  217635 entries,  4.59% (elapsed time    11.1s, curr speed    0.897 kHz, avg speed    0.897 kHz), accepted      771/   10001 events ( 7.71%)
Processed    20000/  217635 entries,  9.19% (elapsed time    16.0s, curr speed    2.068 kHz, avg speed    1.251 kHz), accepted     1601/   20001 events ( 8.00%)
Processed    30000/  217635 entries, 13.78% (elapsed time    21.6s, curr speed    1.787 kHz, avg speed    1.390 kHz), accepted     2380/   30001 events ( 7.93%)
Processed    40000/  217635 entries, 18.38% (elapsed time    29.3s, curr speed    1.303 kHz, avg speed    1.367 kHz), accepted     3138/   40001 events ( 7.84%)
Processed    50000/  217635 entries, 22.97% (elapsed time    33.7s, curr speed    2.245 kHz, avg speed    1.483 kHz), accepted     3919/   50001 events ( 7.84%)
Processed    60000/  217635 entries, 27.57% (elapsed time    38.4s, curr speed    2.126 kHz, avg speed    1.562 kHz), accepted     4669/   60001 events ( 7.78%)
Processed    70000/  217635 entries, 32.16% (elapsed time    44.4s, curr speed    1.680 kHz, avg speed    1.578 kHz), accepted     5455/   70001 events ( 7.79%)
Processed    80000/  217635 entries, 36.76% (elapsed time    49.3s, curr speed    2.020 kHz, avg speed    1.622 kHz), accepted     6244/   80001 events ( 7.80%)
Processed    90000/  217635 entries, 41.35% (elapsed time    54.0s, curr speed    2.143 kHz, avg speed    1.667 kHz), accepted     7035/   90001 events ( 7.82%)
Processed   100000/  217635 entries, 45.95% (elapsed time    58.2s, curr speed    2.392 kHz, avg speed    1.719 kHz), accepted     7843/  100001 events ( 7.84%)
Processed   110000/  217635 entries, 50.54% (elapsed time    62.7s, curr speed    2.212 kHz, avg speed    1.755 kHz), accepted     8629/  110001 events ( 7.84%)
Processed   120000/  217635 entries, 55.14% (elapsed time    67.0s, curr speed    2.309 kHz, avg speed    1.791 kHz), accepted     9398/  120001 events ( 7.83%)
Processed   130000/  217635 entries, 59.73% (elapsed time    71.5s, curr speed    2.215 kHz, avg speed    1.817 kHz), accepted    10202/  130001 events ( 7.85%)
Processed   140000/  217635 entries, 64.33% (elapsed time    75.8s, curr speed    2.331 kHz, avg speed    1.846 kHz), accepted    10974/  140001 events ( 7.84%)
Processed   150000/  217635 entries, 68.92% (elapsed time    80.0s, curr speed    2.379 kHz, avg speed    1.874 kHz), accepted    11726/  150001 events ( 7.82%)
Processed   160000/  217635 entries, 73.52% (elapsed time    84.9s, curr speed    2.070 kHz, avg speed    1.886 kHz), accepted    12496/  160001 events ( 7.81%)
Processed   170000/  217635 entries, 78.11% (elapsed time    89.6s, curr speed    2.125 kHz, avg speed    1.898 kHz), accepted    13253/  170001 events ( 7.80%)
Processed   180000/  217635 entries, 82.71% (elapsed time    94.1s, curr speed    2.203 kHz, avg speed    1.913 kHz), accepted    13998/  180001 events ( 7.78%)
Processed   190000/  217635 entries, 87.30% (elapsed time    98.5s, curr speed    2.277 kHz, avg speed    1.929 kHz), accepted    14777/  190001 events ( 7.78%)
Processed   200000/  217635 entries, 91.90% (elapsed time   103.3s, curr speed    2.063 kHz, avg speed    1.935 kHz), accepted    15545/  200001 events ( 7.77%)
Processed   210000/  217635 entries, 96.49% (elapsed time   108.0s, curr speed    2.135 kHz, avg speed    1.944 kHz), accepted    16327/  210001 events ( 7.77%)
Processed 217635 preselected entries from /eos/cms/store/group/phys_tau/TauFW/nano/UL2017/DYJetsToLL_M-50_TuneCP5_13TeV-madgraphMLM-pythia8/RunIISummer19UL17NanoAODv2-106X_mc2017_realistic_v8-v1/NANOAODSIM/B9B9BE76-A676-014D-9705-217623FC4E14_skimjec_3.root (217635 entries). Finally selected 16922 entries
Pre-select 217635 entries out of 217635 (100.00%)
Processed    10000/  217635 entries,  4.59% (elapsed time     8.0s, curr speed    1.254 kHz, avg speed    1.254 kHz), accepted      730/   10001 events ( 7.30%)
Processed    20000/  217635 entries,  9.19% (elapsed time    12.6s, curr speed    2.164 kHz, avg speed    1.588 kHz), accepted     1530/   20001 events ( 7.65%)
Processed    30000/  217635 entries, 13.78% (elapsed time    17.3s, curr speed    2.125 kHz, avg speed    1.734 kHz), accepted     2315/   30001 events ( 7.72%)
Processed    40000/  217635 entries, 18.38% (elapsed time    22.4s, curr speed    1.965 kHz, avg speed    1.787 kHz), accepted     3135/   40001 events ( 7.84%)
Processed    50000/  217635 entries, 22.97% (elapsed time    27.1s, curr speed    2.139 kHz, avg speed    1.848 kHz), accepted     3936/   50001 events ( 7.87%)
Processed    60000/  217635 entries, 27.57% (elapsed time    31.9s, curr speed    2.054 kHz, avg speed    1.879 kHz), accepted     4756/   60001 events ( 7.93%)
Processed    70000/  217635 entries, 32.16% (elapsed time    36.2s, curr speed    2.349 kHz, avg speed    1.934 kHz), accepted     5493/   70001 events ( 7.85%)
Processed    80000/  217635 entries, 36.76% (elapsed time    40.3s, curr speed    2.456 kHz, avg speed    1.987 kHz), accepted     6275/   80001 events ( 7.84%)
Processed    90000/  217635 entries, 41.35% (elapsed time    45.1s, curr speed    2.084 kHz, avg speed    1.997 kHz), accepted     7073/   90001 events ( 7.86%)
Processed   100000/  217635 entries, 45.95% (elapsed time    50.8s, curr speed    1.728 kHz, avg speed    1.967 kHz), accepted     7860/  100001 events ( 7.86%)
Processed   110000/  217635 entries, 50.54% (elapsed time    56.1s, curr speed    1.894 kHz, avg speed    1.960 kHz), accepted     8590/  110001 events ( 7.81%)
Processed   120000/  217635 entries, 55.14% (elapsed time    61.1s, curr speed    2.019 kHz, avg speed    1.965 kHz), accepted     9391/  120001 events ( 7.83%)
Processed   130000/  217635 entries, 59.73% (elapsed time    65.4s, curr speed    2.308 kHz, avg speed    1.988 kHz), accepted    10158/  130001 events ( 7.81%)
Processed   140000/  217635 entries, 64.33% (elapsed time    70.2s, curr speed    2.087 kHz, avg speed    1.994 kHz), accepted    10952/  140001 events ( 7.82%)
Processed   150000/  217635 entries, 68.92% (elapsed time    74.9s, curr speed    2.123 kHz, avg speed    2.002 kHz), accepted    11717/  150001 events ( 7.81%)
Processed   160000/  217635 entries, 73.52% (elapsed time    79.8s, curr speed    2.064 kHz, avg speed    2.006 kHz), accepted    12506/  160001 events ( 7.82%)
Processed   170000/  217635 entries, 78.11% (elapsed time    84.5s, curr speed    2.103 kHz, avg speed    2.012 kHz), accepted    13326/  170001 events ( 7.84%)
Processed   180000/  217635 entries, 82.71% (elapsed time    89.4s, curr speed    2.053 kHz, avg speed    2.014 kHz), accepted    14093/  180001 events ( 7.83%)
Processed   190000/  217635 entries, 87.30% (elapsed time    94.2s, curr speed    2.062 kHz, avg speed    2.016 kHz), accepted    14862/  190001 events ( 7.82%)
Processed   200000/  217635 entries, 91.90% (elapsed time    99.3s, curr speed    1.982 kHz, avg speed    2.015 kHz), accepted    15678/  200001 events ( 7.84%)
Processed   210000/  217635 entries, 96.49% (elapsed time   104.1s, curr speed    2.064 kHz, avg speed    2.017 kHz), accepted    16487/  210001 events ( 7.85%)
Processed 217635 preselected entries from /eos/cms/store/group/phys_tau/TauFW/nano/UL2017/DYJetsToLL_M-50_TuneCP5_13TeV-madgraphMLM-pythia8/RunIISummer19UL17NanoAODv2-106X_mc2017_realistic_v8-v1/NANOAODSIM/B9B9BE76-A676-014D-9705-217623FC4E14_skimjec_4.root (217635 entries). Finally selected 17064 entries
Pre-select 217634 entries out of 217634 (100.00%)
Processed    10000/  217634 entries,  4.59% (elapsed time     7.5s, curr speed    1.326 kHz, avg speed    1.326 kHz), accepted      766/   10001 events ( 7.66%)
Processed    20000/  217634 entries,  9.19% (elapsed time    12.5s, curr speed    2.022 kHz, avg speed    1.602 kHz), accepted     1551/   20001 events ( 7.75%)
Processed    30000/  217634 entries, 13.78% (elapsed time    16.9s, curr speed    2.258 kHz, avg speed    1.773 kHz), accepted     2317/   30001 events ( 7.72%)
Processed    40000/  217634 entries, 18.38% (elapsed time    21.8s, curr speed    2.051 kHz, avg speed    1.835 kHz), accepted     3124/   40001 events ( 7.81%)
Processed    50000/  217634 entries, 22.97% (elapsed time    26.3s, curr speed    2.207 kHz, avg speed    1.899 kHz), accepted     3884/   50001 events ( 7.77%)
Processed    60000/  217634 entries, 27.57% (elapsed time    31.8s, curr speed    1.827 kHz, avg speed    1.887 kHz), accepted     4724/   60001 events ( 7.87%)
Processed    70000/  217634 entries, 32.16% (elapsed time    36.8s, curr speed    1.996 kHz, avg speed    1.902 kHz), accepted     5459/   70001 events ( 7.80%)
Processed    80000/  217634 entries, 36.76% (elapsed time    41.0s, curr speed    2.357 kHz, avg speed    1.949 kHz), accepted     6215/   80001 events ( 7.77%)
Processed    90000/  217634 entries, 41.35% (elapsed time    45.7s, curr speed    2.162 kHz, avg speed    1.971 kHz), accepted     6962/   90001 events ( 7.74%)
Processed   100000/  217634 entries, 45.95% (elapsed time    50.6s, curr speed    2.017 kHz, avg speed    1.975 kHz), accepted     7779/  100001 events ( 7.78%)
Processed   110000/  217634 entries, 50.54% (elapsed time    55.3s, curr speed    2.138 kHz, avg speed    1.989 kHz), accepted     8567/  110001 events ( 7.79%)
Processed   120000/  217634 entries, 55.14% (elapsed time    59.8s, curr speed    2.219 kHz, avg speed    2.006 kHz), accepted     9390/  120001 events ( 7.82%)
Processed   130000/  217634 entries, 59.73% (elapsed time    65.5s, curr speed    1.754 kHz, avg speed    1.984 kHz), accepted    10161/  130001 events ( 7.82%)
Processed   140000/  217634 entries, 64.33% (elapsed time    70.4s, curr speed    2.032 kHz, avg speed    1.988 kHz), accepted    10920/  140001 events ( 7.80%)
Processed   150000/  217634 entries, 68.92% (elapsed time    75.1s, curr speed    2.132 kHz, avg speed    1.997 kHz), accepted    11674/  150001 events ( 7.78%)
Processed   160000/  217634 entries, 73.52% (elapsed time    80.4s, curr speed    1.910 kHz, avg speed    1.991 kHz), accepted    12447/  160001 events ( 7.78%)
Processed   170000/  217634 entries, 78.11% (elapsed time    85.4s, curr speed    1.996 kHz, avg speed    1.991 kHz), accepted    13236/  170001 events ( 7.79%)
Processed   180000/  217634 entries, 82.71% (elapsed time    90.6s, curr speed    1.919 kHz, avg speed    1.987 kHz), accepted    13986/  180001 events ( 7.77%)
Processed   190000/  217634 entries, 87.30% (elapsed time    95.0s, curr speed    2.245 kHz, avg speed    1.999 kHz), accepted    14722/  190001 events ( 7.75%)
Processed   200000/  217634 entries, 91.90% (elapsed time    99.7s, curr speed    2.125 kHz, avg speed    2.005 kHz), accepted    15495/  200001 events ( 7.75%)
Processed   210000/  217634 entries, 96.49% (elapsed time   104.2s, curr speed    2.247 kHz, avg speed    2.015 kHz), accepted    16271/  210001 events ( 7.75%)
Processed 217634 preselected entries from /eos/cms/store/group/phys_tau/TauFW/nano/UL2017/DYJetsToLL_M-50_TuneCP5_13TeV-madgraphMLM-pythia8/RunIISummer19UL17NanoAODv2-106X_mc2017_realistic_v8-v1/NANOAODSIM/B9B9BE76-A676-014D-9705-217623FC4E14_skimjec_5.root (217634 entries). Finally selected 16848 entries
Pre-select 231665 entries out of 231665 (100.00%)
Processed    10000/  231665 entries,  4.32% (elapsed time     8.7s, curr speed    1.144 kHz, avg speed    1.144 kHz), accepted      797/   10001 events ( 7.97%)
Processed    20000/  231665 entries,  8.63% (elapsed time    13.2s, curr speed    2.254 kHz, avg speed    1.518 kHz), accepted     1539/   20001 events ( 7.69%)
Processed    30000/  231665 entries, 12.95% (elapsed time    17.9s, curr speed    2.096 kHz, avg speed    1.672 kHz), accepted     2345/   30001 events ( 7.82%)
Processed    40000/  231665 entries, 17.27% (elapsed time    23.3s, curr speed    1.865 kHz, avg speed    1.716 kHz), accepted     3151/   40001 events ( 7.88%)
Processed    50000/  231665 entries, 21.58% (elapsed time    27.4s, curr speed    2.446 kHz, avg speed    1.825 kHz), accepted     3902/   50001 events ( 7.80%)
Processed    60000/  231665 entries, 25.90% (elapsed time    32.1s, curr speed    2.117 kHz, avg speed    1.868 kHz), accepted     4718/   60001 events ( 7.86%)
Processed    70000/  231665 entries, 30.22% (elapsed time    37.3s, curr speed    1.941 kHz, avg speed    1.878 kHz), accepted     5486/   70001 events ( 7.84%)
Processed    80000/  231665 entries, 34.53% (elapsed time    43.3s, curr speed    1.667 kHz, avg speed    1.849 kHz), accepted     6278/   80001 events ( 7.85%)
Processed    90000/  231665 entries, 38.85% (elapsed time    47.8s, curr speed    2.232 kHz, avg speed    1.885 kHz), accepted     7022/   90001 events ( 7.80%)
Processed   100000/  231665 entries, 43.17% (elapsed time    52.6s, curr speed    2.045 kHz, avg speed    1.900 kHz), accepted     7764/  100001 events ( 7.76%)
Processed   110000/  231665 entries, 47.48% (elapsed time    57.1s, curr speed    2.219 kHz, avg speed    1.925 kHz), accepted     8514/  110001 events ( 7.74%)
Processed   120000/  231665 entries, 51.80% (elapsed time    62.3s, curr speed    1.939 kHz, avg speed    1.926 kHz), accepted     9298/  120001 events ( 7.75%)
Processed   130000/  231665 entries, 56.12% (elapsed time    66.8s, curr speed    2.224 kHz, avg speed    1.946 kHz), accepted    10062/  130001 events ( 7.74%)
Processed   140000/  231665 entries, 60.43% (elapsed time    71.1s, curr speed    2.342 kHz, avg speed    1.970 kHz), accepted    10827/  140001 events ( 7.73%)
Processed   150000/  231665 entries, 64.75% (elapsed time    75.7s, curr speed    2.154 kHz, avg speed    1.981 kHz), accepted    11589/  150001 events ( 7.73%)
Processed   160000/  231665 entries, 69.07% (elapsed time    80.2s, curr speed    2.235 kHz, avg speed    1.995 kHz), accepted    12369/  160001 events ( 7.73%)
Processed   170000/  231665 entries, 73.38% (elapsed time    84.5s, curr speed    2.298 kHz, avg speed    2.011 kHz), accepted    13145/  170001 events ( 7.73%)
Processed   180000/  231665 entries, 77.70% (elapsed time    89.5s, curr speed    2.025 kHz, avg speed    2.012 kHz), accepted    13943/  180001 events ( 7.75%)
Processed   190000/  231665 entries, 82.01% (elapsed time    94.3s, curr speed    2.065 kHz, avg speed    2.014 kHz), accepted    14706/  190001 events ( 7.74%)
Processed   200000/  231665 entries, 86.33% (elapsed time    98.6s, curr speed    2.325 kHz, avg speed    2.028 kHz), accepted    15444/  200001 events ( 7.72%)
Processed   210000/  231665 entries, 90.65% (elapsed time   103.2s, curr speed    2.197 kHz, avg speed    2.035 kHz), accepted    16253/  210001 events ( 7.74%)
Processed   220000/  231665 entries, 94.96% (elapsed time   107.6s, curr speed    2.249 kHz, avg speed    2.044 kHz), accepted    17033/  220001 events ( 7.74%)
Processed   230000/  231665 entries, 99.28% (elapsed time   111.9s, curr speed    2.344 kHz, avg speed    2.056 kHz), accepted    17763/  230001 events ( 7.72%)
Processed 231665 preselected entries from /eos/cms/store/group/phys_tau/TauFW/nano/UL2017/DYJetsToLL_M-50_TuneCP5_13TeV-madgraphMLM-pythia8/RunIISummer19UL17NanoAODv2-106X_mc2017_realistic_v8-v1/NANOAODSIM/BABE8A3E-AFD5-704A-AD13-C87F09780F26_skimjec_0.root (231665 entries). Finally selected 17906 entries
Total time 542.8 sec. to process 1102204 events. Rate = 2030.8 Hz.
>>> cwd          = /pool/condor/dir_25171
>>> ls           = ['_condor_stdout', '.chirp.config', 'x509_voms', '.machine.ad', 'lvigilan.cc', 'pico_etau_65.root', '.update.ad', 'condor_exec.exe', '.job.ad', 'var', 'tmp']
>>> getstorage('/eos/home-l/lvigilan/output_ETauFR_UL17_RUN1/UL2017/etau/DYJetsToLL_M-50'), <EOS("/eos/home-l/lvigilan/output_ETauFR_UL17_RUN1/UL2017/etau/DYJetsToLL_M-50") at 0x2b09584d6d10>
>>> Executing: 'cp ./pico_etau_65.root /eos/home-l/lvigilan/output_ETauFR_UL17_RUN1/UL2017/etau/DYJetsToLL_M-50'
>>> Removing './pico_etau_65.root'...
>>> picojob.py done after 566.7 seconds

Job complete at Mon Jun  7 19:03:14 CEST 2021
Took 9 minutes 29 seconds040 (2367585.065.000) 06/07 19:03:14 Finished transferring output files
...
005 (2367585.065.000) 06/07 19:03:14 Job terminated.
	(1) Normal termination (return value 0)
		Usr 0 00:07:23, Sys 0 00:00:22  -  Run Remote Usage
		Usr 0 00:00:00, Sys 0 00:00:00  -  Run Local Usage
		Usr 0 00:07:23, Sys 0 00:00:22  -  Total Remote Usage
		Usr 0 00:00:00, Sys 0 00:00:00  -  Total Local Usage
	34977  -  Run Bytes Sent By Job
	9930  -  Run Bytes Received By Job
	34977  -  Total Bytes Sent By Job
	9930  -  Total Bytes Received By Job
	Partitionable Resources :    Usage  Request Allocated 
	   Cpus                 :     0.88        1         1 
	   Disk (KB)            :  6588           1    359613 
	   Memory (MB)          :   280        2000      2000 

	Job terminated of its own accord at 2021-06-07T17:03:14Z.
...
