Could not find platform independent libraries <prefix>
Could not find platform dependent libraries <exec_prefix>
Consider setting $PYTHONHOME to <prefix>[:<exec_prefix>]
ImportError: No module named site
Job start at Mon Jun  7 22:59:35 CEST 2021
Running job on machine Linux b7g44n3277.cern.ch 3.10.0-1160.24.1.el7.x86_64 #1 SMP Thu Apr 8 19:51:47 UTC 2021 x86_64 x86_64 x86_64 GNU/Linux, host b7g44n3277.cern.ch
============================================================
$PWD=/pool/condor/dir_14903
$JOBID=2367866
$TASKID=14
$HOSTNAME=b7g44n3277.cern.ch
$TASKCMD=/afs/cern.ch/work/l/lvigilan/TauWork/CMSSW_10_6_17_patch1/src/TauFW/PicoProducer/python/processors/picojob.py -y UL2017 -d 'mc' -c etau -M ETauFakeRate.ModuleETau --copydir /eos/home-l/lvigilan/output_ETauFR_UL17_RUN1/UL2017/etau/DYJetsToLL_M-50 -t _etau_EES0p99_14 --opt 'ees=0.99' 'useT1=True' 'zpt=True' -i /eos/cms/store/group/phys_tau/TauFW/nano/UL2017/DYJetsToLL_M-50_TuneCP5_13TeV-madgraphMLM-pythia8/RunIISummer19UL17NanoAODv2-106X_mc2017_realistic_v8-v1/NANOAODSIM/254E8445-1046-7146-92D1-82B7169F08BD_skimjec_3.root /eos/cms/store/group/phys_tau/TauFW/nano/UL2017/DYJetsToLL_M-50_TuneCP5_13TeV-madgraphMLM-pythia8/RunIISummer19UL17NanoAODv2-106X_mc2017_realistic_v8-v1/NANOAODSIM/254E8445-1046-7146-92D1-82B7169F08BD_skimjec_4.root /eos/cms/store/group/phys_tau/TauFW/nano/UL2017/DYJetsToLL_M-50_TuneCP5_13TeV-madgraphMLM-pythia8/RunIISummer19UL17NanoAODv2-106X_mc2017_realistic_v8-v1/NANOAODSIM/2621CA1D-CBFF-4948-B9BA-91C4749E00A9_skimjec_0.root /eos/cms/store/group/phys_tau/TauFW/nano/UL2017/DYJetsToLL_M-50_TuneCP5_13TeV-madgraphMLM-pythia8/RunIISummer19UL17NanoAODv2-106X_mc2017_realistic_v8-v1/NANOAODSIM/2621CA1D-CBFF-4948-B9BA-91C4749E00A9_skimjec_1.root /eos/cms/store/group/phys_tau/TauFW/nano/UL2017/DYJetsToLL_M-50_TuneCP5_13TeV-madgraphMLM-pythia8/RunIISummer19UL17NanoAODv2-106X_mc2017_realistic_v8-v1/NANOAODSIM/2621CA1D-CBFF-4948-B9BA-91C4749E00A9_skimjec_2.root
$WORKDIR=/pool/condor/dir_14903
>>> cd /afs/cern.ch/work/l/lvigilan/TauWork/CMSSW_10_6_17_patch1/src
>>> eval `scramv1 runtime -sh`
>>> cd /pool/condor/dir_14903
$PWD=/pool/condor/dir_14903
>>> /afs/cern.ch/work/l/lvigilan/TauWork/CMSSW_10_6_17_patch1/src/TauFW/PicoProducer/python/processors/picojob.py -y UL2017 -d 'mc' -c etau -M ETauFakeRate.ModuleETau --copydir /eos/home-l/lvigilan/output_ETauFR_UL17_RUN1/UL2017/etau/DYJetsToLL_M-50 -t _etau_EES0p99_14 --opt 'ees=0.99' 'useT1=True' 'zpt=True' -i /eos/cms/store/group/phys_tau/TauFW/nano/UL2017/DYJetsToLL_M-50_TuneCP5_13TeV-madgraphMLM-pythia8/RunIISummer19UL17NanoAODv2-106X_mc2017_realistic_v8-v1/NANOAODSIM/254E8445-1046-7146-92D1-82B7169F08BD_skimjec_3.root /eos/cms/store/group/phys_tau/TauFW/nano/UL2017/DYJetsToLL_M-50_TuneCP5_13TeV-madgraphMLM-pythia8/RunIISummer19UL17NanoAODv2-106X_mc2017_realistic_v8-v1/NANOAODSIM/254E8445-1046-7146-92D1-82B7169F08BD_skimjec_4.root /eos/cms/store/group/phys_tau/TauFW/nano/UL2017/DYJetsToLL_M-50_TuneCP5_13TeV-madgraphMLM-pythia8/RunIISummer19UL17NanoAODv2-106X_mc2017_realistic_v8-v1/NANOAODSIM/2621CA1D-CBFF-4948-B9BA-91C4749E00A9_skimjec_0.root /eos/cms/store/group/phys_tau/TauFW/nano/UL2017/DYJetsToLL_M-50_TuneCP5_13TeV-madgraphMLM-pythia8/RunIISummer19UL17NanoAODv2-106X_mc2017_realistic_v8-v1/NANOAODSIM/2621CA1D-CBFF-4948-B9BA-91C4749E00A9_skimjec_1.root /eos/cms/store/group/phys_tau/TauFW/nano/UL2017/DYJetsToLL_M-50_TuneCP5_13TeV-madgraphMLM-pythia8/RunIISummer19UL17NanoAODv2-106X_mc2017_realistic_v8-v1/NANOAODSIM/2621CA1D-CBFF-4948-B9BA-91C4749E00A9_skimjec_2.root
Error in <TGClient::TGClient>: can't open display "localhost:13.0", switching to batch mode...
 In case you run from a remote ssh session, reconnect with ssh -Y
--------------------------------------------------------------------------------
>>> era          = 'UL2017'
>>> year         = 2017
>>> channel      = 'etau'
>>> modname      = 'ETauFakeRate.ModuleETau'
>>> dtype        = 'mc'
>>> kwargs       = {'dtype': 'mc', 'zpt': True, 'ees': 0.99, 'useT1': True, 'verb': 0, 'era': 'UL2017', 'year': 2017}
>>> firstevt     = 0
>>> maxevts      = None
>>> outdir       = '.'
>>> copydir      = '/eos/home-l/lvigilan/output_ETauFR_UL17_RUN1/UL2017/etau/DYJetsToLL_M-50'
>>> infiles      = ['/eos/cms/store/group/phys_tau/TauFW/nano/UL2017/DYJetsToLL_M-50_TuneCP5_13TeV-madgraphMLM-pythia8/RunIISummer19UL17NanoAODv2-106X_mc2017_realistic_v8-v1/NANOAODSIM/254E8445-1046-7146-92D1-82B7169F08BD_skimjec_3.root', '/eos/cms/store/group/phys_tau/TauFW/nano/UL2017/DYJetsToLL_M-50_TuneCP5_13TeV-madgraphMLM-pythia8/RunIISummer19UL17NanoAODv2-106X_mc2017_realistic_v8-v1/NANOAODSIM/254E8445-1046-7146-92D1-82B7169F08BD_skimjec_4.root', '/eos/cms/store/group/phys_tau/TauFW/nano/UL2017/DYJetsToLL_M-50_TuneCP5_13TeV-madgraphMLM-pythia8/RunIISummer19UL17NanoAODv2-106X_mc2017_realistic_v8-v1/NANOAODSIM/2621CA1D-CBFF-4948-B9BA-91C4749E00A9_skimjec_0.root', '/eos/cms/store/group/phys_tau/TauFW/nano/UL2017/DYJetsToLL_M-50_TuneCP5_13TeV-madgraphMLM-pythia8/RunIISummer19UL17NanoAODv2-106X_mc2017_realistic_v8-v1/NANOAODSIM/2621CA1D-CBFF-4948-B9BA-91C4749E00A9_skimjec_1.root', '/eos/cms/store/group/phys_tau/TauFW/nano/UL2017/DYJetsToLL_M-50_TuneCP5_13TeV-madgraphMLM-pythia8/RunIISummer19UL17NanoAODv2-106X_mc2017_realistic_v8-v1/NANOAODSIM/2621CA1D-CBFF-4948-B9BA-91C4749E00A9_skimjec_2.root']
>>> outfname     = './pico_etau_EES0p99_14.root'
>>> branchsel    = '/afs/cern.ch/work/l/lvigilan/TauWork/CMSSW_10_6_17_patch1/python/TauFW/PicoProducer/processors/keep_and_drop_skim.txt'
>>> json         = None
>>> prefetch     = False
>>> cwd          = /pool/condor/dir_14903
--------------------------------------------------------------------------------

   ################
   #  ModuleETau  #
   ################

Loading PileupWeightTool for '/afs/cern.ch/work/l/lvigilan/TauWork/CMSSW_10_6_17_patch1/src/TauFW/PicoProducer/data/pileup/Data_PileUp_UL2017_69p2.root' and '/afs/cern.ch/work/l/lvigilan/TauWork/CMSSW_10_6_17_patch1/src/TauFW/PicoProducer/data/pileup/MC_PileUp_UL2017_Summer19.root'
Loading BTagWeightTool for DeepCSV (medium WP)...
>>> BTagTool: [1m[33mWarning! [0m[33mHistogram 'etau/eff_DeepCSV_udsg_medium' does not exist in /afs/cern.ch/work/l/lvigilan/TauWork/CMSSW_10_6_17_patch1/src/TauFW/PicoProducer/data/btag/DeepCSV_2017_12Apr2017_eff.root! Reverting to default efficiency histogram...[0m
>>> BTagTool: [1m[33mWarning! [0m[33mHistogram 'etau/eff_DeepCSV_c_medium' does not exist in /afs/cern.ch/work/l/lvigilan/TauWork/CMSSW_10_6_17_patch1/src/TauFW/PicoProducer/data/btag/DeepCSV_2017_12Apr2017_eff.root! Reverting to default efficiency histogram...[0m
>>> BTagTool: [1m[33mWarning! [0m[33mHistogram 'etau/eff_DeepCSV_b_medium' does not exist in /afs/cern.ch/work/l/lvigilan/TauWork/CMSSW_10_6_17_patch1/src/TauFW/PicoProducer/data/btag/DeepCSV_2017_12Apr2017_eff.root! Reverting to default efficiency histogram...[0m
>>> BTagTool: [1m[33mWarning! [0m[33mMade use of default efficiency histograms! The b tag weights from this module should be regarded as placeholders only,
and should NOT be used for analyses. B (mis)tag efficiencies in MC are analysis dependent. Please create your own
efficiency histogram with data/btag/getBTagEfficiencies.py after running all MC samples with BTagWeightTool.[0m
Loading TreeProducerETau for './pico_etau_EES0p99_14.root'
--------------------------------------------------------------------------------
>>> filename     = './pico_etau_EES0p99_14.root'
>>> year         = 2017
>>> dtype        = 'mc'
>>> channel      = 'etau'
>>> ismc         = True
>>> isdata       = False
>>> isembed      = False
>>> tes          = 1.0
>>> tessys       = None
>>> fes          = None
>>> ltf          = None
>>> jtf          = 1.0
>>> dotoppt      = False
>>> dozpt        = True
>>> dojec        = True
>>> dojecsys     = True
>>> dotight      = False
>>> useT1        = True
>>> jetCutPt     = 30
>>> bjetCutEta   = 2.7
>>> tauwp        = 0
>>> eleCutPt     = 36
>>> eleCutEta    = 2.1
>>> tauCutPt     = 20
>>> tauCutEta    = 2.3
>>> ZpeekReso    = 0.1
Pre-select 233020 entries out of 233020 (100.00%)
Processed    10000/  233020 entries,  4.29% (elapsed time     7.6s, curr speed    1.308 kHz, avg speed    1.308 kHz), accepted      756/   10001 events ( 7.56%)
Processed    20000/  233020 entries,  8.58% (elapsed time    11.6s, curr speed    2.504 kHz, avg speed    1.719 kHz), accepted     1486/   20001 events ( 7.43%)
Processed    30000/  233020 entries, 12.87% (elapsed time    15.8s, curr speed    2.393 kHz, avg speed    1.897 kHz), accepted     2257/   30001 events ( 7.52%)
Processed    40000/  233020 entries, 17.17% (elapsed time    19.8s, curr speed    2.538 kHz, avg speed    2.025 kHz), accepted     3006/   40001 events ( 7.51%)
Processed    50000/  233020 entries, 21.46% (elapsed time    23.8s, curr speed    2.482 kHz, avg speed    2.102 kHz), accepted     3777/   50001 events ( 7.55%)
Processed    60000/  233020 entries, 25.75% (elapsed time    28.3s, curr speed    2.219 kHz, avg speed    2.121 kHz), accepted     4565/   60001 events ( 7.61%)
Processed    70000/  233020 entries, 30.04% (elapsed time    32.5s, curr speed    2.351 kHz, avg speed    2.151 kHz), accepted     5356/   70001 events ( 7.65%)
Processed    80000/  233020 entries, 34.33% (elapsed time    36.6s, curr speed    2.495 kHz, avg speed    2.189 kHz), accepted     6154/   80001 events ( 7.69%)
Processed    90000/  233020 entries, 38.62% (elapsed time    41.0s, curr speed    2.253 kHz, avg speed    2.196 kHz), accepted     6932/   90001 events ( 7.70%)
Processed   100000/  233020 entries, 42.91% (elapsed time    45.1s, curr speed    2.461 kHz, avg speed    2.220 kHz), accepted     7668/  100001 events ( 7.67%)
Processed   110000/  233020 entries, 47.21% (elapsed time    49.4s, curr speed    2.325 kHz, avg speed    2.229 kHz), accepted     8431/  110001 events ( 7.66%)
Processed   120000/  233020 entries, 51.50% (elapsed time    53.4s, curr speed    2.471 kHz, avg speed    2.247 kHz), accepted     9146/  120001 events ( 7.62%)
Processed   130000/  233020 entries, 55.79% (elapsed time    58.3s, curr speed    2.036 kHz, avg speed    2.229 kHz), accepted     9915/  130001 events ( 7.63%)
Processed   140000/  233020 entries, 60.08% (elapsed time    62.7s, curr speed    2.273 kHz, avg speed    2.232 kHz), accepted    10672/  140001 events ( 7.62%)
Processed   150000/  233020 entries, 64.37% (elapsed time    67.5s, curr speed    2.099 kHz, avg speed    2.223 kHz), accepted    11474/  150001 events ( 7.65%)
Processed   160000/  233020 entries, 68.66% (elapsed time    72.1s, curr speed    2.153 kHz, avg speed    2.218 kHz), accepted    12288/  160001 events ( 7.68%)
Processed   170000/  233020 entries, 72.96% (elapsed time    76.3s, curr speed    2.377 kHz, avg speed    2.227 kHz), accepted    13021/  170001 events ( 7.66%)
Processed   180000/  233020 entries, 77.25% (elapsed time    80.2s, curr speed    2.608 kHz, avg speed    2.245 kHz), accepted    13762/  180001 events ( 7.65%)
Processed   190000/  233020 entries, 81.54% (elapsed time    84.3s, curr speed    2.416 kHz, avg speed    2.254 kHz), accepted    14521/  190001 events ( 7.64%)
Processed   200000/  233020 entries, 85.83% (elapsed time    88.4s, curr speed    2.458 kHz, avg speed    2.263 kHz), accepted    15295/  200001 events ( 7.65%)
Processed   210000/  233020 entries, 90.12% (elapsed time    92.4s, curr speed    2.490 kHz, avg speed    2.273 kHz), accepted    16037/  210001 events ( 7.64%)
Processed   220000/  233020 entries, 94.41% (elapsed time    96.6s, curr speed    2.357 kHz, avg speed    2.277 kHz), accepted    16871/  220001 events ( 7.67%)
Processed   230000/  233020 entries, 98.70% (elapsed time   100.8s, curr speed    2.411 kHz, avg speed    2.282 kHz), accepted    17647/  230001 events ( 7.67%)
Processed 233020 preselected entries from /eos/cms/store/group/phys_tau/TauFW/nano/UL2017/DYJetsToLL_M-50_TuneCP5_13TeV-madgraphMLM-pythia8/RunIISummer19UL17NanoAODv2-106X_mc2017_realistic_v8-v1/NANOAODSIM/254E8445-1046-7146-92D1-82B7169F08BD_skimjec_3.root (233020 entries). Finally selected 17877 entries
Pre-select 233016 entries out of 233016 (100.00%)
Processed    10000/  233016 entries,  4.29% (elapsed time     7.0s, curr speed    1.427 kHz, avg speed    1.427 kHz), accepted      794/   10001 events ( 7.94%)
Processed    20000/  233016 entries,  8.58% (elapsed time    11.1s, curr speed    2.419 kHz, avg speed    1.795 kHz), accepted     1589/   20001 events ( 7.94%)
Processed    30000/  233016 entries, 12.87% (elapsed time    15.2s, curr speed    2.460 kHz, avg speed    1.973 kHz), accepted     2374/   30001 events ( 7.91%)
Processed    40000/  233016 entries, 17.17% (elapsed time    19.5s, curr speed    2.304 kHz, avg speed    2.046 kHz), accepted     3179/   40001 events ( 7.95%)
Processed    50000/  233016 entries, 21.46% (elapsed time    23.3s, curr speed    2.641 kHz, avg speed    2.143 kHz), accepted     3890/   50001 events ( 7.78%)
Processed    60000/  233016 entries, 25.75% (elapsed time    27.3s, curr speed    2.505 kHz, avg speed    2.196 kHz), accepted     4658/   60001 events ( 7.76%)
Processed    70000/  233016 entries, 30.04% (elapsed time    31.2s, curr speed    2.583 kHz, avg speed    2.244 kHz), accepted     5398/   70001 events ( 7.71%)
Processed    80000/  233016 entries, 34.33% (elapsed time    35.4s, curr speed    2.397 kHz, avg speed    2.262 kHz), accepted     6169/   80001 events ( 7.71%)
Processed    90000/  233016 entries, 38.62% (elapsed time    39.3s, curr speed    2.533 kHz, avg speed    2.289 kHz), accepted     6915/   90001 events ( 7.68%)
Processed   100000/  233016 entries, 42.92% (elapsed time    43.4s, curr speed    2.448 kHz, avg speed    2.304 kHz), accepted     7644/  100001 events ( 7.64%)
Processed   110000/  233016 entries, 47.21% (elapsed time    47.6s, curr speed    2.399 kHz, avg speed    2.312 kHz), accepted     8408/  110001 events ( 7.64%)
Processed   120000/  233016 entries, 51.50% (elapsed time    51.9s, curr speed    2.327 kHz, avg speed    2.314 kHz), accepted     9184/  120001 events ( 7.65%)
Processed   130000/  233016 entries, 55.79% (elapsed time    55.6s, curr speed    2.647 kHz, avg speed    2.336 kHz), accepted     9910/  130001 events ( 7.62%)
Processed   140000/  233016 entries, 60.08% (elapsed time    59.4s, curr speed    2.684 kHz, avg speed    2.358 kHz), accepted    10665/  140001 events ( 7.62%)
Processed   150000/  233016 entries, 64.37% (elapsed time    63.4s, curr speed    2.492 kHz, avg speed    2.366 kHz), accepted    11398/  150001 events ( 7.60%)
Processed   160000/  233016 entries, 68.66% (elapsed time    67.3s, curr speed    2.554 kHz, avg speed    2.377 kHz), accepted    12157/  160001 events ( 7.60%)
Processed   170000/  233016 entries, 72.96% (elapsed time    71.3s, curr speed    2.498 kHz, avg speed    2.384 kHz), accepted    12912/  170001 events ( 7.60%)
Processed   180000/  233016 entries, 77.25% (elapsed time    75.2s, curr speed    2.549 kHz, avg speed    2.393 kHz), accepted    13653/  180001 events ( 7.58%)
Processed   190000/  233016 entries, 81.54% (elapsed time    79.3s, curr speed    2.478 kHz, avg speed    2.397 kHz), accepted    14400/  190001 events ( 7.58%)
Processed   200000/  233016 entries, 85.83% (elapsed time    82.9s, curr speed    2.718 kHz, avg speed    2.411 kHz), accepted    15116/  200001 events ( 7.56%)
Processed   210000/  233016 entries, 90.12% (elapsed time    86.9s, curr speed    2.529 kHz, avg speed    2.417 kHz), accepted    15857/  210001 events ( 7.55%)
Processed   220000/  233016 entries, 94.41% (elapsed time    91.0s, curr speed    2.432 kHz, avg speed    2.417 kHz), accepted    16593/  220001 events ( 7.54%)
Processed   230000/  233016 entries, 98.71% (elapsed time    94.8s, curr speed    2.667 kHz, avg speed    2.427 kHz), accepted    17350/  230001 events ( 7.54%)
Processed 233016 preselected entries from /eos/cms/store/group/phys_tau/TauFW/nano/UL2017/DYJetsToLL_M-50_TuneCP5_13TeV-madgraphMLM-pythia8/RunIISummer19UL17NanoAODv2-106X_mc2017_realistic_v8-v1/NANOAODSIM/254E8445-1046-7146-92D1-82B7169F08BD_skimjec_4.root (233016 entries). Finally selected 17576 entries
Pre-select 229078 entries out of 229078 (100.00%)
Processed    10000/  229078 entries,  4.37% (elapsed time     8.2s, curr speed    1.220 kHz, avg speed    1.220 kHz), accepted      786/   10001 events ( 7.86%)
Processed    20000/  229078 entries,  8.73% (elapsed time    12.7s, curr speed    2.230 kHz, avg speed    1.577 kHz), accepted     1532/   20001 events ( 7.66%)
Processed    30000/  229078 entries, 13.10% (elapsed time    16.2s, curr speed    2.823 kHz, avg speed    1.849 kHz), accepted     2285/   30001 events ( 7.62%)
Processed    40000/  229078 entries, 17.46% (elapsed time    20.1s, curr speed    2.588 kHz, avg speed    1.991 kHz), accepted     3041/   40001 events ( 7.60%)
Processed    50000/  229078 entries, 21.83% (elapsed time    24.6s, curr speed    2.238 kHz, avg speed    2.036 kHz), accepted     3789/   50001 events ( 7.58%)
Processed    60000/  229078 entries, 26.19% (elapsed time    29.4s, curr speed    2.061 kHz, avg speed    2.040 kHz), accepted     4516/   60001 events ( 7.53%)
Processed    70000/  229078 entries, 30.56% (elapsed time    33.5s, curr speed    2.434 kHz, avg speed    2.089 kHz), accepted     5299/   70001 events ( 7.57%)
Processed    80000/  229078 entries, 34.92% (elapsed time    37.5s, curr speed    2.482 kHz, avg speed    2.131 kHz), accepted     6059/   80001 events ( 7.57%)
Processed    90000/  229078 entries, 39.29% (elapsed time    42.3s, curr speed    2.082 kHz, avg speed    2.125 kHz), accepted     6845/   90001 events ( 7.61%)
Processed   100000/  229078 entries, 43.65% (elapsed time    47.3s, curr speed    2.006 kHz, avg speed    2.113 kHz), accepted     7656/  100001 events ( 7.66%)
Processed   110000/  229078 entries, 48.02% (elapsed time    51.4s, curr speed    2.436 kHz, avg speed    2.139 kHz), accepted     8405/  110001 events ( 7.64%)
Processed   120000/  229078 entries, 52.38% (elapsed time    55.7s, curr speed    2.333 kHz, avg speed    2.154 kHz), accepted     9139/  120001 events ( 7.62%)
Processed   130000/  229078 entries, 56.75% (elapsed time    60.0s, curr speed    2.341 kHz, avg speed    2.167 kHz), accepted     9907/  130001 events ( 7.62%)
Processed   140000/  229078 entries, 61.11% (elapsed time    64.3s, curr speed    2.346 kHz, avg speed    2.179 kHz), accepted    10688/  140001 events ( 7.63%)
Processed   150000/  229078 entries, 65.48% (elapsed time    68.7s, curr speed    2.261 kHz, avg speed    2.184 kHz), accepted    11436/  150001 events ( 7.62%)
Processed   160000/  229078 entries, 69.85% (elapsed time    72.7s, curr speed    2.503 kHz, avg speed    2.202 kHz), accepted    12171/  160001 events ( 7.61%)
Processed   170000/  229078 entries, 74.21% (elapsed time    77.0s, curr speed    2.291 kHz, avg speed    2.207 kHz), accepted    12935/  170001 events ( 7.61%)
Processed   180000/  229078 entries, 78.58% (elapsed time    81.3s, curr speed    2.351 kHz, avg speed    2.214 kHz), accepted    13704/  180001 events ( 7.61%)
Processed   190000/  229078 entries, 82.94% (elapsed time    85.5s, curr speed    2.364 kHz, avg speed    2.222 kHz), accepted    14434/  190001 events ( 7.60%)
Processed   200000/  229078 entries, 87.31% (elapsed time    89.7s, curr speed    2.402 kHz, avg speed    2.230 kHz), accepted    15178/  200001 events ( 7.59%)
Processed   210000/  229078 entries, 91.67% (elapsed time    93.8s, curr speed    2.419 kHz, avg speed    2.238 kHz), accepted    15959/  210001 events ( 7.60%)
Processed   220000/  229078 entries, 96.04% (elapsed time    98.1s, curr speed    2.314 kHz, avg speed    2.242 kHz), accepted    16748/  220001 events ( 7.61%)
Processed 229078 preselected entries from /eos/cms/store/group/phys_tau/TauFW/nano/UL2017/DYJetsToLL_M-50_TuneCP5_13TeV-madgraphMLM-pythia8/RunIISummer19UL17NanoAODv2-106X_mc2017_realistic_v8-v1/NANOAODSIM/2621CA1D-CBFF-4948-B9BA-91C4749E00A9_skimjec_0.root (229078 entries). Finally selected 17446 entries
Pre-select 229078 entries out of 229078 (100.00%)
Processed    10000/  229078 entries,  4.37% (elapsed time     8.0s, curr speed    1.258 kHz, avg speed    1.258 kHz), accepted      789/   10001 events ( 7.89%)
Processed    20000/  229078 entries,  8.73% (elapsed time    12.0s, curr speed    2.495 kHz, avg speed    1.672 kHz), accepted     1553/   20001 events ( 7.76%)
Processed    30000/  229078 entries, 13.10% (elapsed time    16.2s, curr speed    2.351 kHz, avg speed    1.850 kHz), accepted     2304/   30001 events ( 7.68%)
Processed    40000/  229078 entries, 17.46% (elapsed time    20.3s, curr speed    2.426 kHz, avg speed    1.967 kHz), accepted     3035/   40001 events ( 7.59%)
Processed    50000/  229078 entries, 21.83% (elapsed time    24.8s, curr speed    2.238 kHz, avg speed    2.016 kHz), accepted     3847/   50001 events ( 7.69%)
Processed    60000/  229078 entries, 26.19% (elapsed time    28.8s, curr speed    2.497 kHz, avg speed    2.083 kHz), accepted     4607/   60001 events ( 7.68%)
Processed    70000/  229078 entries, 30.56% (elapsed time    32.9s, curr speed    2.468 kHz, avg speed    2.130 kHz), accepted     5346/   70001 events ( 7.64%)
Processed    80000/  229078 entries, 34.92% (elapsed time    37.1s, curr speed    2.347 kHz, avg speed    2.155 kHz), accepted     6101/   80001 events ( 7.63%)
Processed    90000/  229078 entries, 39.29% (elapsed time    41.0s, curr speed    2.593 kHz, avg speed    2.196 kHz), accepted     6854/   90001 events ( 7.62%)
Processed   100000/  229078 entries, 43.65% (elapsed time    45.3s, curr speed    2.318 kHz, avg speed    2.208 kHz), accepted     7656/  100001 events ( 7.66%)
Processed   110000/  229078 entries, 48.02% (elapsed time    49.6s, curr speed    2.337 kHz, avg speed    2.219 kHz), accepted     8409/  110001 events ( 7.64%)
Processed   120000/  229078 entries, 52.38% (elapsed time    54.2s, curr speed    2.172 kHz, avg speed    2.215 kHz), accepted     9176/  120001 events ( 7.65%)
Processed   130000/  229078 entries, 56.75% (elapsed time    58.4s, curr speed    2.373 kHz, avg speed    2.227 kHz), accepted     9919/  130001 events ( 7.63%)
Processed   140000/  229078 entries, 61.11% (elapsed time    62.8s, curr speed    2.270 kHz, avg speed    2.230 kHz), accepted    10704/  140001 events ( 7.65%)
Processed   150000/  229078 entries, 65.48% (elapsed time    67.5s, curr speed    2.136 kHz, avg speed    2.223 kHz), accepted    11446/  150001 events ( 7.63%)
Processed   160000/  229078 entries, 69.85% (elapsed time    71.3s, curr speed    2.621 kHz, avg speed    2.244 kHz), accepted    12174/  160001 events ( 7.61%)
Processed   170000/  229078 entries, 74.21% (elapsed time    75.9s, curr speed    2.178 kHz, avg speed    2.240 kHz), accepted    12942/  170001 events ( 7.61%)
Processed   180000/  229078 entries, 78.58% (elapsed time    79.8s, curr speed    2.569 kHz, avg speed    2.256 kHz), accepted    13689/  180001 events ( 7.60%)
Processed   190000/  229078 entries, 82.94% (elapsed time    83.8s, curr speed    2.457 kHz, avg speed    2.266 kHz), accepted    14485/  190001 events ( 7.62%)
Processed   200000/  229078 entries, 87.31% (elapsed time    88.1s, curr speed    2.370 kHz, avg speed    2.271 kHz), accepted    15241/  200001 events ( 7.62%)
Processed   210000/  229078 entries, 91.67% (elapsed time    92.7s, curr speed    2.154 kHz, avg speed    2.265 kHz), accepted    15993/  210001 events ( 7.62%)
Processed   220000/  229078 entries, 96.04% (elapsed time    96.6s, curr speed    2.585 kHz, avg speed    2.278 kHz), accepted    16785/  220001 events ( 7.63%)
Processed 229078 preselected entries from /eos/cms/store/group/phys_tau/TauFW/nano/UL2017/DYJetsToLL_M-50_TuneCP5_13TeV-madgraphMLM-pythia8/RunIISummer19UL17NanoAODv2-106X_mc2017_realistic_v8-v1/NANOAODSIM/2621CA1D-CBFF-4948-B9BA-91C4749E00A9_skimjec_1.root (229078 entries). Finally selected 17474 entries
Pre-select 229078 entries out of 229078 (100.00%)
Processed    10000/  229078 entries,  4.37% (elapsed time     6.9s, curr speed    1.446 kHz, avg speed    1.446 kHz), accepted      734/   10001 events ( 7.34%)
Processed    20000/  229078 entries,  8.73% (elapsed time    10.9s, curr speed    2.518 kHz, avg speed    1.837 kHz), accepted     1493/   20001 events ( 7.46%)
Processed    30000/  229078 entries, 13.10% (elapsed time    15.3s, curr speed    2.243 kHz, avg speed    1.955 kHz), accepted     2232/   30001 events ( 7.44%)
Processed    40000/  229078 entries, 17.46% (elapsed time    19.7s, curr speed    2.275 kHz, avg speed    2.026 kHz), accepted     3003/   40001 events ( 7.51%)
Processed    50000/  229078 entries, 21.83% (elapsed time    23.9s, curr speed    2.417 kHz, avg speed    2.094 kHz), accepted     3777/   50001 events ( 7.55%)
Processed    60000/  229078 entries, 26.19% (elapsed time    28.5s, curr speed    2.178 kHz, avg speed    2.108 kHz), accepted     4531/   60001 events ( 7.55%)
Processed    70000/  229078 entries, 30.56% (elapsed time    32.8s, curr speed    2.318 kHz, avg speed    2.135 kHz), accepted     5269/   70001 events ( 7.53%)
Processed    80000/  229078 entries, 34.92% (elapsed time    36.8s, curr speed    2.519 kHz, avg speed    2.177 kHz), accepted     6022/   80001 events ( 7.53%)
Processed    90000/  229078 entries, 39.29% (elapsed time    40.2s, curr speed    2.863 kHz, avg speed    2.236 kHz), accepted     6761/   90001 events ( 7.51%)
Processed   100000/  229078 entries, 43.65% (elapsed time    44.7s, curr speed    2.235 kHz, avg speed    2.236 kHz), accepted     7510/  100001 events ( 7.51%)
Processed   110000/  229078 entries, 48.02% (elapsed time    49.3s, curr speed    2.195 kHz, avg speed    2.232 kHz), accepted     8314/  110001 events ( 7.56%)
Processed   120000/  229078 entries, 52.38% (elapsed time    53.8s, curr speed    2.228 kHz, avg speed    2.232 kHz), accepted     9092/  120001 events ( 7.58%)
Processed   130000/  229078 entries, 56.75% (elapsed time    58.8s, curr speed    1.989 kHz, avg speed    2.211 kHz), accepted     9879/  130001 events ( 7.60%)
Processed   140000/  229078 entries, 61.11% (elapsed time    62.7s, curr speed    2.554 kHz, avg speed    2.233 kHz), accepted    10642/  140001 events ( 7.60%)
Processed   150000/  229078 entries, 65.48% (elapsed time    67.1s, curr speed    2.297 kHz, avg speed    2.237 kHz), accepted    11400/  150001 events ( 7.60%)
Processed   160000/  229078 entries, 69.85% (elapsed time    71.4s, curr speed    2.303 kHz, avg speed    2.241 kHz), accepted    12160/  160001 events ( 7.60%)
Processed   170000/  229078 entries, 74.21% (elapsed time    75.5s, curr speed    2.417 kHz, avg speed    2.250 kHz), accepted    12934/  170001 events ( 7.61%)
Processed   180000/  229078 entries, 78.58% (elapsed time    79.8s, curr speed    2.330 kHz, avg speed    2.255 kHz), accepted    13665/  180001 events ( 7.59%)
Processed   190000/  229078 entries, 82.94% (elapsed time    84.0s, curr speed    2.377 kHz, avg speed    2.261 kHz), accepted    14424/  190001 events ( 7.59%)
Processed   200000/  229078 entries, 87.31% (elapsed time    88.7s, curr speed    2.129 kHz, avg speed    2.254 kHz), accepted    15175/  200001 events ( 7.59%)
Processed   210000/  229078 entries, 91.67% (elapsed time    92.6s, curr speed    2.609 kHz, avg speed    2.269 kHz), accepted    15917/  210001 events ( 7.58%)
Processed   220000/  229078 entries, 96.04% (elapsed time    97.0s, curr speed    2.255 kHz, avg speed    2.268 kHz), accepted    16682/  220001 events ( 7.58%)
Processed 229078 preselected entries from /eos/cms/store/group/phys_tau/TauFW/nano/UL2017/DYJetsToLL_M-50_TuneCP5_13TeV-madgraphMLM-pythia8/RunIISummer19UL17NanoAODv2-106X_mc2017_realistic_v8-v1/NANOAODSIM/2621CA1D-CBFF-4948-B9BA-91C4749E00A9_skimjec_2.root (229078 entries). Finally selected 17413 entries
Total time 503.9 sec. to process 1153270 events. Rate = 2288.5 Hz.
>>> cwd          = /pool/condor/dir_14903
>>> ls           = ['.update.ad', 'condor_exec.exe', '.machine.ad', 'pico_etau_EES0p99_14.root', '.job.ad', 'lvigilan.cc', 'var', 'tmp', 'x509_voms', '_condor_stdout', '.chirp.config']
>>> getstorage('/eos/home-l/lvigilan/output_ETauFR_UL17_RUN1/UL2017/etau/DYJetsToLL_M-50'), <EOS("/eos/home-l/lvigilan/output_ETauFR_UL17_RUN1/UL2017/etau/DYJetsToLL_M-50") at 0x2ab1d5427d50>
>>> Executing: 'cp ./pico_etau_EES0p99_14.root /eos/home-l/lvigilan/output_ETauFR_UL17_RUN1/UL2017/etau/DYJetsToLL_M-50'
>>> Removing './pico_etau_EES0p99_14.root'...
>>> picojob.py done after 528.9 seconds

Job complete at Mon Jun  7 23:08:26 CEST 2021
Took 8 minutes 51 seconds040 (2367866.014.000) 06/07 23:08:27 Started transferring output files
...
040 (2367866.014.000) 06/07 23:08:27 Finished transferring output files
...
005 (2367866.014.000) 06/07 23:08:27 Job terminated.
	(1) Normal termination (return value 0)
		Usr 0 00:07:20, Sys 0 00:00:21  -  Run Remote Usage
		Usr 0 00:00:00, Sys 0 00:00:00  -  Run Local Usage
		Usr 0 00:07:20, Sys 0 00:00:21  -  Total Remote Usage
		Usr 0 00:00:00, Sys 0 00:00:00  -  Total Local Usage
	35880  -  Run Bytes Sent By Job
	9898  -  Run Bytes Received By Job
	35880  -  Total Bytes Sent By Job
	9898  -  Total Bytes Received By Job
	Partitionable Resources :    Usage  Request Allocated 
	   Cpus                 :     0.90        1         1 
	   Disk (KB)            :  7913           1    205090 
	   Memory (MB)          :   281        2000      2000 

	Job terminated of its own accord at 2021-06-07T21:08:27Z.
...
