Could not find platform independent libraries <prefix>
Could not find platform dependent libraries <exec_prefix>
Consider setting $PYTHONHOME to <prefix>[:<exec_prefix>]
ImportError: No module named site
Job start at Mon Jun  7 18:53:53 CEST 2021
Running job on machine Linux b7g24n0205.cern.ch 3.10.0-1160.24.1.el7.x86_64 #1 SMP Thu Apr 8 19:51:47 UTC 2021 x86_64 x86_64 x86_64 GNU/Linux, host b7g24n0205.cern.ch
============================================================
$PWD=/pool/condor/dir_3324
$JOBID=2367585
$TASKID=79
$HOSTNAME=b7g24n0205.cern.ch
$TASKCMD=/afs/cern.ch/work/l/lvigilan/TauWork/CMSSW_10_6_17_patch1/src/TauFW/PicoProducer/python/processors/picojob.py -y UL2017 -d 'mc' -c etau -M ETauFakeRate.ModuleETau --copydir /eos/home-l/lvigilan/output_ETauFR_UL17_RUN1/UL2017/etau/DYJetsToLL_M-50 -t _etau_79 --opt 'useT1=True' 'zpt=True' -i /eos/cms/store/group/phys_tau/TauFW/nano/UL2017/DYJetsToLL_M-50_TuneCP5_13TeV-madgraphMLM-pythia8/RunIISummer19UL17NanoAODv2-106X_mc2017_realistic_v8-v1/NANOAODSIM/E4D11E94-B700-9446-BF40-22B15468B972_skimjec_7.root /eos/cms/store/group/phys_tau/TauFW/nano/UL2017/DYJetsToLL_M-50_TuneCP5_13TeV-madgraphMLM-pythia8/RunIISummer19UL17NanoAODv2-106X_mc2017_realistic_v8-v1/NANOAODSIM/E88935B0-DC43-7842-BEFE-4D9B6CD65D3A_skimjec_0.root /eos/cms/store/group/phys_tau/TauFW/nano/UL2017/DYJetsToLL_M-50_TuneCP5_13TeV-madgraphMLM-pythia8/RunIISummer19UL17NanoAODv2-106X_mc2017_realistic_v8-v1/NANOAODSIM/E88935B0-DC43-7842-BEFE-4D9B6CD65D3A_skimjec_1.root /eos/cms/store/group/phys_tau/TauFW/nano/UL2017/DYJetsToLL_M-50_TuneCP5_13TeV-madgraphMLM-pythia8/RunIISummer19UL17NanoAODv2-106X_mc2017_realistic_v8-v1/NANOAODSIM/E88935B0-DC43-7842-BEFE-4D9B6CD65D3A_skimjec_2.root /eos/cms/store/group/phys_tau/TauFW/nano/UL2017/DYJetsToLL_M-50_TuneCP5_13TeV-madgraphMLM-pythia8/RunIISummer19UL17NanoAODv2-106X_mc2017_realistic_v8-v1/NANOAODSIM/E88935B0-DC43-7842-BEFE-4D9B6CD65D3A_skimjec_3.root
$WORKDIR=/pool/condor/dir_3324
>>> cd /afs/cern.ch/work/l/lvigilan/TauWork/CMSSW_10_6_17_patch1/src
>>> eval `scramv1 runtime -sh`
>>> cd /pool/condor/dir_3324
$PWD=/pool/condor/dir_3324
>>> /afs/cern.ch/work/l/lvigilan/TauWork/CMSSW_10_6_17_patch1/src/TauFW/PicoProducer/python/processors/picojob.py -y UL2017 -d 'mc' -c etau -M ETauFakeRate.ModuleETau --copydir /eos/home-l/lvigilan/output_ETauFR_UL17_RUN1/UL2017/etau/DYJetsToLL_M-50 -t _etau_79 --opt 'useT1=True' 'zpt=True' -i /eos/cms/store/group/phys_tau/TauFW/nano/UL2017/DYJetsToLL_M-50_TuneCP5_13TeV-madgraphMLM-pythia8/RunIISummer19UL17NanoAODv2-106X_mc2017_realistic_v8-v1/NANOAODSIM/E4D11E94-B700-9446-BF40-22B15468B972_skimjec_7.root /eos/cms/store/group/phys_tau/TauFW/nano/UL2017/DYJetsToLL_M-50_TuneCP5_13TeV-madgraphMLM-pythia8/RunIISummer19UL17NanoAODv2-106X_mc2017_realistic_v8-v1/NANOAODSIM/E88935B0-DC43-7842-BEFE-4D9B6CD65D3A_skimjec_0.root /eos/cms/store/group/phys_tau/TauFW/nano/UL2017/DYJetsToLL_M-50_TuneCP5_13TeV-madgraphMLM-pythia8/RunIISummer19UL17NanoAODv2-106X_mc2017_realistic_v8-v1/NANOAODSIM/E88935B0-DC43-7842-BEFE-4D9B6CD65D3A_skimjec_1.root /eos/cms/store/group/phys_tau/TauFW/nano/UL2017/DYJetsToLL_M-50_TuneCP5_13TeV-madgraphMLM-pythia8/RunIISummer19UL17NanoAODv2-106X_mc2017_realistic_v8-v1/NANOAODSIM/E88935B0-DC43-7842-BEFE-4D9B6CD65D3A_skimjec_2.root /eos/cms/store/group/phys_tau/TauFW/nano/UL2017/DYJetsToLL_M-50_TuneCP5_13TeV-madgraphMLM-pythia8/RunIISummer19UL17NanoAODv2-106X_mc2017_realistic_v8-v1/NANOAODSIM/E88935B0-DC43-7842-BEFE-4D9B6CD65D3A_skimjec_3.root
Error in <TGClient::TGClient>: can't open display "localhost:19.0", switching to batch mode...
 In case you run from a remote ssh session, reconnect with ssh -Y
--------------------------------------------------------------------------------
>>> era          = 'UL2017'
>>> year         = 2017
>>> channel      = 'etau'
>>> modname      = 'ETauFakeRate.ModuleETau'
>>> dtype        = 'mc'
>>> kwargs       = {'dtype': 'mc', 'zpt': True, 'useT1': True, 'verb': 0, 'era': 'UL2017', 'year': 2017}
>>> firstevt     = 0
>>> maxevts      = None
>>> outdir       = '.'
>>> copydir      = '/eos/home-l/lvigilan/output_ETauFR_UL17_RUN1/UL2017/etau/DYJetsToLL_M-50'
>>> infiles      = ['/eos/cms/store/group/phys_tau/TauFW/nano/UL2017/DYJetsToLL_M-50_TuneCP5_13TeV-madgraphMLM-pythia8/RunIISummer19UL17NanoAODv2-106X_mc2017_realistic_v8-v1/NANOAODSIM/E4D11E94-B700-9446-BF40-22B15468B972_skimjec_7.root', '/eos/cms/store/group/phys_tau/TauFW/nano/UL2017/DYJetsToLL_M-50_TuneCP5_13TeV-madgraphMLM-pythia8/RunIISummer19UL17NanoAODv2-106X_mc2017_realistic_v8-v1/NANOAODSIM/E88935B0-DC43-7842-BEFE-4D9B6CD65D3A_skimjec_0.root', '/eos/cms/store/group/phys_tau/TauFW/nano/UL2017/DYJetsToLL_M-50_TuneCP5_13TeV-madgraphMLM-pythia8/RunIISummer19UL17NanoAODv2-106X_mc2017_realistic_v8-v1/NANOAODSIM/E88935B0-DC43-7842-BEFE-4D9B6CD65D3A_skimjec_1.root', '/eos/cms/store/group/phys_tau/TauFW/nano/UL2017/DYJetsToLL_M-50_TuneCP5_13TeV-madgraphMLM-pythia8/RunIISummer19UL17NanoAODv2-106X_mc2017_realistic_v8-v1/NANOAODSIM/E88935B0-DC43-7842-BEFE-4D9B6CD65D3A_skimjec_2.root', '/eos/cms/store/group/phys_tau/TauFW/nano/UL2017/DYJetsToLL_M-50_TuneCP5_13TeV-madgraphMLM-pythia8/RunIISummer19UL17NanoAODv2-106X_mc2017_realistic_v8-v1/NANOAODSIM/E88935B0-DC43-7842-BEFE-4D9B6CD65D3A_skimjec_3.root']
>>> outfname     = './pico_etau_79.root'
>>> branchsel    = '/afs/cern.ch/work/l/lvigilan/TauWork/CMSSW_10_6_17_patch1/python/TauFW/PicoProducer/processors/keep_and_drop_skim.txt'
>>> json         = None
>>> prefetch     = False
>>> cwd          = /pool/condor/dir_3324
--------------------------------------------------------------------------------

   ################
   #  ModuleETau  #
   ################

Loading PileupWeightTool for '/afs/cern.ch/work/l/lvigilan/TauWork/CMSSW_10_6_17_patch1/src/TauFW/PicoProducer/data/pileup/Data_PileUp_UL2017_69p2.root' and '/afs/cern.ch/work/l/lvigilan/TauWork/CMSSW_10_6_17_patch1/src/TauFW/PicoProducer/data/pileup/MC_PileUp_UL2017_Summer19.root'
Loading BTagWeightTool for DeepCSV (medium WP)...
>>> BTagTool: [1m[33mWarning! [0m[33mHistogram 'etau/eff_DeepCSV_udsg_medium' does not exist in /afs/cern.ch/work/l/lvigilan/TauWork/CMSSW_10_6_17_patch1/src/TauFW/PicoProducer/data/btag/DeepCSV_2017_12Apr2017_eff.root! Reverting to default efficiency histogram...[0m
>>> BTagTool: [1m[33mWarning! [0m[33mHistogram 'etau/eff_DeepCSV_c_medium' does not exist in /afs/cern.ch/work/l/lvigilan/TauWork/CMSSW_10_6_17_patch1/src/TauFW/PicoProducer/data/btag/DeepCSV_2017_12Apr2017_eff.root! Reverting to default efficiency histogram...[0m
>>> BTagTool: [1m[33mWarning! [0m[33mHistogram 'etau/eff_DeepCSV_b_medium' does not exist in /afs/cern.ch/work/l/lvigilan/TauWork/CMSSW_10_6_17_patch1/src/TauFW/PicoProducer/data/btag/DeepCSV_2017_12Apr2017_eff.root! Reverting to default efficiency histogram...[0m
>>> BTagTool: [1m[33mWarning! [0m[33mMade use of default efficiency histograms! The b tag weights from this module should be regarded as placeholders only,
and should NOT be used for analyses. B (mis)tag efficiencies in MC are analysis dependent. Please create your own
efficiency histogram with data/btag/getBTagEfficiencies.py after running all MC samples with BTagWeightTool.[0m
Loading TreeProducerETau for './pico_etau_79.root'
--------------------------------------------------------------------------------
>>> filename     = './pico_etau_79.root'
>>> year         = 2017
>>> dtype        = 'mc'
>>> channel      = 'etau'
>>> ismc         = True
>>> isdata       = False
>>> isembed      = False
>>> tes          = 1.0
>>> tessys       = None
>>> fes          = None
>>> ltf          = None
>>> jtf          = 1.0
>>> dotoppt      = False
>>> dozpt        = True
>>> dojec        = True
>>> dojecsys     = True
>>> dotight      = False
>>> useT1        = True
>>> jetCutPt     = 30
>>> bjetCutEta   = 2.7
>>> tauwp        = 0
>>> eleCutPt     = 36
>>> eleCutEta    = 2.1
>>> tauCutPt     = 20
>>> tauCutEta    = 2.3
>>> ZpeekReso    = 0.1
Pre-select 248527 entries out of 248527 (100.00%)
Processed    10000/  248527 entries,  4.02% (elapsed time    20.9s, curr speed    0.478 kHz, avg speed    0.478 kHz), accepted      778/   10001 events ( 7.78%)
Processed    20000/  248527 entries,  8.05% (elapsed time    30.1s, curr speed    1.093 kHz, avg speed    0.665 kHz), accepted     1537/   20001 events ( 7.68%)
Processed    30000/  248527 entries, 12.07% (elapsed time    39.0s, curr speed    1.117 kHz, avg speed    0.768 kHz), accepted     2290/   30001 events ( 7.63%)
Processed    40000/  248527 entries, 16.09% (elapsed time    48.5s, curr speed    1.051 kHz, avg speed    0.824 kHz), accepted     3036/   40001 events ( 7.59%)
Processed    50000/  248527 entries, 20.12% (elapsed time    57.3s, curr speed    1.140 kHz, avg speed    0.872 kHz), accepted     3778/   50001 events ( 7.56%)
Processed    60000/  248527 entries, 24.14% (elapsed time    66.3s, curr speed    1.118 kHz, avg speed    0.905 kHz), accepted     4481/   60001 events ( 7.47%)
Processed    70000/  248527 entries, 28.17% (elapsed time    75.2s, curr speed    1.118 kHz, avg speed    0.931 kHz), accepted     5227/   70001 events ( 7.47%)
Processed    80000/  248527 entries, 32.19% (elapsed time    85.5s, curr speed    0.971 kHz, avg speed    0.936 kHz), accepted     5967/   80001 events ( 7.46%)
Processed    90000/  248527 entries, 36.21% (elapsed time    95.2s, curr speed    1.035 kHz, avg speed    0.946 kHz), accepted     6717/   90001 events ( 7.46%)
Processed   100000/  248527 entries, 40.24% (elapsed time   103.9s, curr speed    1.145 kHz, avg speed    0.962 kHz), accepted     7542/  100001 events ( 7.54%)
Processed   110000/  248527 entries, 44.26% (elapsed time   112.4s, curr speed    1.177 kHz, avg speed    0.979 kHz), accepted     8350/  110001 events ( 7.59%)
Processed   120000/  248527 entries, 48.28% (elapsed time   120.5s, curr speed    1.234 kHz, avg speed    0.996 kHz), accepted     9078/  120001 events ( 7.56%)
Processed   130000/  248527 entries, 52.31% (elapsed time   130.4s, curr speed    1.015 kHz, avg speed    0.997 kHz), accepted     9791/  130001 events ( 7.53%)
Processed   140000/  248527 entries, 56.33% (elapsed time   139.5s, curr speed    1.090 kHz, avg speed    1.003 kHz), accepted    10609/  140001 events ( 7.58%)
Processed   150000/  248527 entries, 60.36% (elapsed time   147.9s, curr speed    1.190 kHz, avg speed    1.014 kHz), accepted    11410/  150001 events ( 7.61%)
Processed   160000/  248527 entries, 64.38% (elapsed time   155.9s, curr speed    1.251 kHz, avg speed    1.026 kHz), accepted    12223/  160001 events ( 7.64%)
Processed   170000/  248527 entries, 68.40% (elapsed time   163.3s, curr speed    1.361 kHz, avg speed    1.041 kHz), accepted    13018/  170001 events ( 7.66%)
Processed   180000/  248527 entries, 72.43% (elapsed time   171.9s, curr speed    1.162 kHz, avg speed    1.047 kHz), accepted    13827/  180001 events ( 7.68%)
Processed   190000/  248527 entries, 76.45% (elapsed time   179.8s, curr speed    1.262 kHz, avg speed    1.057 kHz), accepted    14600/  190001 events ( 7.68%)
Processed   200000/  248527 entries, 80.47% (elapsed time   187.2s, curr speed    1.347 kHz, avg speed    1.068 kHz), accepted    15342/  200001 events ( 7.67%)
Processed   210000/  248527 entries, 84.50% (elapsed time   195.2s, curr speed    1.255 kHz, avg speed    1.076 kHz), accepted    16094/  210001 events ( 7.66%)
Processed   220000/  248527 entries, 88.52% (elapsed time   204.1s, curr speed    1.125 kHz, avg speed    1.078 kHz), accepted    16871/  220001 events ( 7.67%)
Processed   230000/  248527 entries, 92.55% (elapsed time   212.1s, curr speed    1.247 kHz, avg speed    1.084 kHz), accepted    17693/  230001 events ( 7.69%)
Processed   240000/  248527 entries, 96.57% (elapsed time   220.6s, curr speed    1.178 kHz, avg speed    1.088 kHz), accepted    18457/  240001 events ( 7.69%)
Processed 248527 preselected entries from /eos/cms/store/group/phys_tau/TauFW/nano/UL2017/DYJetsToLL_M-50_TuneCP5_13TeV-madgraphMLM-pythia8/RunIISummer19UL17NanoAODv2-106X_mc2017_realistic_v8-v1/NANOAODSIM/E4D11E94-B700-9446-BF40-22B15468B972_skimjec_7.root (248527 entries). Finally selected 19110 entries
Pre-select 200339 entries out of 200339 (100.00%)
Processed    10000/  200339 entries,  4.99% (elapsed time    14.2s, curr speed    0.703 kHz, avg speed    0.703 kHz), accepted      764/   10001 events ( 7.64%)
Processed    20000/  200339 entries,  9.98% (elapsed time    21.9s, curr speed    1.307 kHz, avg speed    0.915 kHz), accepted     1533/   20001 events ( 7.66%)
Processed    30000/  200339 entries, 14.97% (elapsed time    28.3s, curr speed    1.563 kHz, avg speed    1.061 kHz), accepted     2287/   30001 events ( 7.62%)
Processed    40000/  200339 entries, 19.97% (elapsed time    36.2s, curr speed    1.258 kHz, avg speed    1.105 kHz), accepted     3061/   40001 events ( 7.65%)
Processed    50000/  200339 entries, 24.96% (elapsed time    44.2s, curr speed    1.258 kHz, avg speed    1.132 kHz), accepted     3814/   50001 events ( 7.63%)
Processed    60000/  200339 entries, 29.95% (elapsed time    52.3s, curr speed    1.234 kHz, avg speed    1.148 kHz), accepted     4606/   60001 events ( 7.68%)
Processed    70000/  200339 entries, 34.94% (elapsed time    63.0s, curr speed    0.932 kHz, avg speed    1.111 kHz), accepted     5421/   70001 events ( 7.74%)
Processed    80000/  200339 entries, 39.93% (elapsed time    73.2s, curr speed    0.981 kHz, avg speed    1.093 kHz), accepted     6211/   80001 events ( 7.76%)
Processed    90000/  200339 entries, 44.92% (elapsed time    83.2s, curr speed    0.997 kHz, avg speed    1.081 kHz), accepted     6980/   90001 events ( 7.76%)
Processed   100000/  200339 entries, 49.92% (elapsed time    91.7s, curr speed    1.180 kHz, avg speed    1.091 kHz), accepted     7759/  100001 events ( 7.76%)
Processed   110000/  200339 entries, 54.91% (elapsed time   101.5s, curr speed    1.022 kHz, avg speed    1.084 kHz), accepted     8519/  110001 events ( 7.74%)
Processed   120000/  200339 entries, 59.90% (elapsed time   111.1s, curr speed    1.035 kHz, avg speed    1.080 kHz), accepted     9347/  120001 events ( 7.79%)
Processed   130000/  200339 entries, 64.89% (elapsed time   120.5s, curr speed    1.069 kHz, avg speed    1.079 kHz), accepted    10144/  130001 events ( 7.80%)
Processed   140000/  200339 entries, 69.88% (elapsed time   129.3s, curr speed    1.136 kHz, avg speed    1.083 kHz), accepted    10936/  140001 events ( 7.81%)
Processed   150000/  200339 entries, 74.87% (elapsed time   137.4s, curr speed    1.236 kHz, avg speed    1.092 kHz), accepted    11736/  150001 events ( 7.82%)
Processed   160000/  200339 entries, 79.86% (elapsed time   146.6s, curr speed    1.083 kHz, avg speed    1.091 kHz), accepted    12469/  160001 events ( 7.79%)
Processed   170000/  200339 entries, 84.86% (elapsed time   155.1s, curr speed    1.173 kHz, avg speed    1.096 kHz), accepted    13246/  170001 events ( 7.79%)
Processed   180000/  200339 entries, 89.85% (elapsed time   167.0s, curr speed    0.847 kHz, avg speed    1.078 kHz), accepted    14026/  180001 events ( 7.79%)
Processed   190000/  200339 entries, 94.84% (elapsed time   175.4s, curr speed    1.179 kHz, avg speed    1.083 kHz), accepted    14801/  190001 events ( 7.79%)
Processed   200000/  200339 entries, 99.83% (elapsed time   183.2s, curr speed    1.292 kHz, avg speed    1.092 kHz), accepted    15602/  200001 events ( 7.80%)
Processed 200339 preselected entries from /eos/cms/store/group/phys_tau/TauFW/nano/UL2017/DYJetsToLL_M-50_TuneCP5_13TeV-madgraphMLM-pythia8/RunIISummer19UL17NanoAODv2-106X_mc2017_realistic_v8-v1/NANOAODSIM/E88935B0-DC43-7842-BEFE-4D9B6CD65D3A_skimjec_0.root (200339 entries). Finally selected 15625 entries
Pre-select 200339 entries out of 200339 (100.00%)
Processed    10000/  200339 entries,  4.99% (elapsed time    15.1s, curr speed    0.661 kHz, avg speed    0.661 kHz), accepted      763/   10001 events ( 7.63%)
Processed    20000/  200339 entries,  9.98% (elapsed time    23.8s, curr speed    1.156 kHz, avg speed    0.841 kHz), accepted     1523/   20001 events ( 7.61%)
Processed    30000/  200339 entries, 14.97% (elapsed time    31.7s, curr speed    1.256 kHz, avg speed    0.945 kHz), accepted     2240/   30001 events ( 7.47%)
Processed    40000/  200339 entries, 19.97% (elapsed time    44.2s, curr speed    0.801 kHz, avg speed    0.905 kHz), accepted     2991/   40001 events ( 7.48%)
Processed    50000/  200339 entries, 24.96% (elapsed time    51.7s, curr speed    1.334 kHz, avg speed    0.967 kHz), accepted     3773/   50001 events ( 7.55%)
Processed    60000/  200339 entries, 29.95% (elapsed time    58.3s, curr speed    1.529 kHz, avg speed    1.030 kHz), accepted     4525/   60001 events ( 7.54%)
Processed    70000/  200339 entries, 34.94% (elapsed time    65.7s, curr speed    1.334 kHz, avg speed    1.065 kHz), accepted     5342/   70001 events ( 7.63%)
Processed    80000/  200339 entries, 39.93% (elapsed time    74.5s, curr speed    1.139 kHz, avg speed    1.073 kHz), accepted     6122/   80001 events ( 7.65%)
Processed    90000/  200339 entries, 44.92% (elapsed time    83.9s, curr speed    1.063 kHz, avg speed    1.072 kHz), accepted     6948/   90001 events ( 7.72%)
Processed   100000/  200339 entries, 49.92% (elapsed time    94.3s, curr speed    0.962 kHz, avg speed    1.060 kHz), accepted     7751/  100001 events ( 7.75%)
Processed   110000/  200339 entries, 54.91% (elapsed time   103.0s, curr speed    1.154 kHz, avg speed    1.068 kHz), accepted     8548/  110001 events ( 7.77%)
Processed   120000/  200339 entries, 59.90% (elapsed time   113.0s, curr speed    0.998 kHz, avg speed    1.062 kHz), accepted     9288/  120001 events ( 7.74%)
Processed   130000/  200339 entries, 64.89% (elapsed time   121.9s, curr speed    1.131 kHz, avg speed    1.067 kHz), accepted    10083/  130001 events ( 7.76%)
Processed   140000/  200339 entries, 69.88% (elapsed time   130.5s, curr speed    1.153 kHz, avg speed    1.073 kHz), accepted    10835/  140001 events ( 7.74%)
Processed   150000/  200339 entries, 74.87% (elapsed time   138.5s, curr speed    1.249 kHz, avg speed    1.083 kHz), accepted    11635/  150001 events ( 7.76%)
Processed   160000/  200339 entries, 79.86% (elapsed time   145.3s, curr speed    1.478 kHz, avg speed    1.101 kHz), accepted    12415/  160001 events ( 7.76%)
Processed   170000/  200339 entries, 84.86% (elapsed time   152.4s, curr speed    1.401 kHz, avg speed    1.115 kHz), accepted    13229/  170001 events ( 7.78%)
Processed   180000/  200339 entries, 89.85% (elapsed time   162.0s, curr speed    1.044 kHz, avg speed    1.111 kHz), accepted    13966/  180001 events ( 7.76%)
Processed   190000/  200339 entries, 94.84% (elapsed time   169.4s, curr speed    1.348 kHz, avg speed    1.121 kHz), accepted    14708/  190001 events ( 7.74%)
Processed   200000/  200339 entries, 99.83% (elapsed time   176.5s, curr speed    1.409 kHz, avg speed    1.133 kHz), accepted    15530/  200001 events ( 7.76%)
Processed 200339 preselected entries from /eos/cms/store/group/phys_tau/TauFW/nano/UL2017/DYJetsToLL_M-50_TuneCP5_13TeV-madgraphMLM-pythia8/RunIISummer19UL17NanoAODv2-106X_mc2017_realistic_v8-v1/NANOAODSIM/E88935B0-DC43-7842-BEFE-4D9B6CD65D3A_skimjec_1.root (200339 entries). Finally selected 15552 entries
Pre-select 200339 entries out of 200339 (100.00%)
Processed    10000/  200339 entries,  4.99% (elapsed time    16.7s, curr speed    0.599 kHz, avg speed    0.599 kHz), accepted      749/   10001 events ( 7.49%)
Processed    20000/  200339 entries,  9.98% (elapsed time    25.3s, curr speed    1.155 kHz, avg speed    0.789 kHz), accepted     1527/   20001 events ( 7.63%)
Processed    30000/  200339 entries, 14.97% (elapsed time    35.1s, curr speed    1.029 kHz, avg speed    0.856 kHz), accepted     2293/   30001 events ( 7.64%)
Processed    40000/  200339 entries, 19.97% (elapsed time    46.6s, curr speed    0.870 kHz, avg speed    0.859 kHz), accepted     3089/   40001 events ( 7.72%)
Processed    50000/  200339 entries, 24.96% (elapsed time    53.7s, curr speed    1.394 kHz, avg speed    0.931 kHz), accepted     3831/   50001 events ( 7.66%)
Processed    60000/  200339 entries, 29.95% (elapsed time    60.9s, curr speed    1.396 kHz, avg speed    0.985 kHz), accepted     4620/   60001 events ( 7.70%)
Processed    70000/  200339 entries, 34.94% (elapsed time    72.3s, curr speed    0.880 kHz, avg speed    0.969 kHz), accepted     5404/   70001 events ( 7.72%)
Processed    80000/  200339 entries, 39.93% (elapsed time    82.5s, curr speed    0.977 kHz, avg speed    0.970 kHz), accepted     6167/   80001 events ( 7.71%)
Processed    90000/  200339 entries, 44.92% (elapsed time    89.9s, curr speed    1.357 kHz, avg speed    1.002 kHz), accepted     6949/   90001 events ( 7.72%)
Processed   100000/  200339 entries, 49.92% (elapsed time   101.0s, curr speed    0.898 kHz, avg speed    0.990 kHz), accepted     7717/  100001 events ( 7.72%)
Processed   110000/  200339 entries, 54.91% (elapsed time   107.3s, curr speed    1.592 kHz, avg speed    1.025 kHz), accepted     8495/  110001 events ( 7.72%)
Processed   120000/  200339 entries, 59.90% (elapsed time   114.0s, curr speed    1.476 kHz, avg speed    1.052 kHz), accepted     9220/  120001 events ( 7.68%)
Processed   130000/  200339 entries, 64.89% (elapsed time   121.5s, curr speed    1.337 kHz, avg speed    1.070 kHz), accepted    10001/  130001 events ( 7.69%)
Processed   140000/  200339 entries, 69.88% (elapsed time   130.1s, curr speed    1.172 kHz, avg speed    1.076 kHz), accepted    10748/  140001 events ( 7.68%)
Processed   150000/  200339 entries, 74.87% (elapsed time   137.1s, curr speed    1.427 kHz, avg speed    1.094 kHz), accepted    11509/  150001 events ( 7.67%)
Processed   160000/  200339 entries, 79.86% (elapsed time   144.0s, curr speed    1.450 kHz, avg speed    1.111 kHz), accepted    12269/  160001 events ( 7.67%)
Processed   170000/  200339 entries, 84.86% (elapsed time   152.9s, curr speed    1.118 kHz, avg speed    1.112 kHz), accepted    13077/  170001 events ( 7.69%)
Processed   180000/  200339 entries, 89.85% (elapsed time   163.7s, curr speed    0.929 kHz, avg speed    1.100 kHz), accepted    13875/  180001 events ( 7.71%)
Processed   190000/  200339 entries, 94.84% (elapsed time   171.5s, curr speed    1.270 kHz, avg speed    1.108 kHz), accepted    14645/  190001 events ( 7.71%)
Processed   200000/  200339 entries, 99.83% (elapsed time   179.3s, curr speed    1.298 kHz, avg speed    1.116 kHz), accepted    15426/  200001 events ( 7.71%)
Processed 200339 preselected entries from /eos/cms/store/group/phys_tau/TauFW/nano/UL2017/DYJetsToLL_M-50_TuneCP5_13TeV-madgraphMLM-pythia8/RunIISummer19UL17NanoAODv2-106X_mc2017_realistic_v8-v1/NANOAODSIM/E88935B0-DC43-7842-BEFE-4D9B6CD65D3A_skimjec_2.root (200339 entries). Finally selected 15446 entries
Pre-select 200337 entries out of 200337 (100.00%)
Processed    10000/  200337 entries,  4.99% (elapsed time    16.0s, curr speed    0.623 kHz, avg speed    0.623 kHz), accepted      739/   10001 events ( 7.39%)
Processed    20000/  200337 entries,  9.98% (elapsed time    28.0s, curr speed    0.835 kHz, avg speed    0.714 kHz), accepted     1471/   20001 events ( 7.35%)
Processed    30000/  200337 entries, 14.97% (elapsed time    40.0s, curr speed    0.836 kHz, avg speed    0.750 kHz), accepted     2248/   30001 events ( 7.49%)
Processed    40000/  200337 entries, 19.97% (elapsed time    47.5s, curr speed    1.335 kHz, avg speed    0.843 kHz), accepted     3050/   40001 events ( 7.62%)
Processed    50000/  200337 entries, 24.96% (elapsed time    60.3s, curr speed    0.778 kHz, avg speed    0.829 kHz), accepted     3804/   50001 events ( 7.61%)
Processed    60000/  200337 entries, 29.95% (elapsed time    70.3s, curr speed    1.001 kHz, avg speed    0.853 kHz), accepted     4612/   60001 events ( 7.69%)
Processed    70000/  200337 entries, 34.94% (elapsed time    79.5s, curr speed    1.090 kHz, avg speed    0.881 kHz), accepted     5387/   70001 events ( 7.70%)
Processed    80000/  200337 entries, 39.93% (elapsed time    89.1s, curr speed    1.035 kHz, avg speed    0.897 kHz), accepted     6182/   80001 events ( 7.73%)
Processed    90000/  200337 entries, 44.92% (elapsed time    97.1s, curr speed    1.253 kHz, avg speed    0.927 kHz), accepted     6952/   90001 events ( 7.72%)
Processed   100000/  200337 entries, 49.92% (elapsed time   106.9s, curr speed    1.020 kHz, avg speed    0.935 kHz), accepted     7705/  100001 events ( 7.70%)
Processed   110000/  200337 entries, 54.91% (elapsed time   119.9s, curr speed    0.774 kHz, avg speed    0.918 kHz), accepted     8486/  110001 events ( 7.71%)
Processed   120000/  200337 entries, 59.90% (elapsed time   134.4s, curr speed    0.689 kHz, avg speed    0.893 kHz), accepted     9243/  120001 events ( 7.70%)
Processed   130000/  200337 entries, 64.89% (elapsed time   148.1s, curr speed    0.729 kHz, avg speed    0.878 kHz), accepted    10010/  130001 events ( 7.70%)
Processed   140000/  200337 entries, 69.88% (elapsed time   157.9s, curr speed    1.014 kHz, avg speed    0.886 kHz), accepted    10767/  140001 events ( 7.69%)
Processed   150000/  200337 entries, 74.87% (elapsed time   167.3s, curr speed    1.070 kHz, avg speed    0.897 kHz), accepted    11536/  150001 events ( 7.69%)
Processed   160000/  200337 entries, 79.87% (elapsed time   174.8s, curr speed    1.331 kHz, avg speed    0.915 kHz), accepted    12286/  160001 events ( 7.68%)
Processed   170000/  200337 entries, 84.86% (elapsed time   183.2s, curr speed    1.185 kHz, avg speed    0.928 kHz), accepted    13070/  170001 events ( 7.69%)
Processed   180000/  200337 entries, 89.85% (elapsed time   191.2s, curr speed    1.262 kHz, avg speed    0.942 kHz), accepted    13852/  180001 events ( 7.70%)
Processed   190000/  200337 entries, 94.84% (elapsed time   197.5s, curr speed    1.582 kHz, avg speed    0.962 kHz), accepted    14624/  190001 events ( 7.70%)
Processed   200000/  200337 entries, 99.83% (elapsed time   203.1s, curr speed    1.788 kHz, avg speed    0.985 kHz), accepted    15426/  200001 events ( 7.71%)
Processed 200337 preselected entries from /eos/cms/store/group/phys_tau/TauFW/nano/UL2017/DYJetsToLL_M-50_TuneCP5_13TeV-madgraphMLM-pythia8/RunIISummer19UL17NanoAODv2-106X_mc2017_realistic_v8-v1/NANOAODSIM/E88935B0-DC43-7842-BEFE-4D9B6CD65D3A_skimjec_3.root (200337 entries). Finally selected 15454 entries
Total time 973.5 sec. to process 1049881 events. Rate = 1078.4 Hz.
>>> cwd          = /pool/condor/dir_3324
>>> ls           = ['x509_voms', '.job.ad', 'condor_exec.exe', '_condor_stdout', 'var', 'pico_etau_79.root', 'lvigilan.cc', '.update.ad', 'tmp', '.machine.ad', '.chirp.config']
>>> getstorage('/eos/home-l/lvigilan/output_ETauFR_UL17_RUN1/UL2017/etau/DYJetsToLL_M-50'), <EOS("/eos/home-l/lvigilan/output_ETauFR_UL17_RUN1/UL2017/etau/DYJetsToLL_M-50") at 0x2b2b46f6ce50>
>>> Executing: 'cp ./pico_etau_79.root /eos/home-l/lvigilan/output_ETauFR_UL17_RUN1/UL2017/etau/DYJetsToLL_M-50'
>>> Removing './pico_etau_79.root'...
>>> picojob.py done after 1032.2 seconds

Job complete at Mon Jun  7 19:11:12 CEST 2021
Took 17 minutes 19 seconds040 (2367585.079.000) 06/07 19:11:13 Started transferring output files
...
040 (2367585.079.000) 06/07 19:11:13 Finished transferring output files
...
005 (2367585.079.000) 06/07 19:11:14 Job terminated.
	(1) Normal termination (return value 0)
		Usr 0 00:07:48, Sys 0 00:00:24  -  Run Remote Usage
		Usr 0 00:00:00, Sys 0 00:00:00  -  Run Local Usage
		Usr 0 00:07:48, Sys 0 00:00:24  -  Total Remote Usage
		Usr 0 00:00:00, Sys 0 00:00:00  -  Total Local Usage
	34489  -  Run Bytes Sent By Job
	9930  -  Run Bytes Received By Job
	34489  -  Total Bytes Sent By Job
	9930  -  Total Bytes Received By Job
	Partitionable Resources :    Usage  Request Allocated 
	   Cpus                 :     0.51        1         1 
	   Disk (KB)            : 10519           1    338849 
	   Memory (MB)          :   280        2000      2000 

	Job terminated of its own accord at 2021-06-07T17:11:12Z.
...
