Could not find platform independent libraries <prefix>
Could not find platform dependent libraries <exec_prefix>
Consider setting $PYTHONHOME to <prefix>[:<exec_prefix>]
ImportError: No module named site
Job start at Mon Jun  7 18:53:32 CEST 2021
Running job on machine Linux b7s12n8105.cern.ch 3.10.0-1160.6.1.el7.x86_64 #1 SMP Tue Nov 17 13:59:11 UTC 2020 x86_64 x86_64 x86_64 GNU/Linux, host b7s12n8105.cern.ch
============================================================
$PWD=/pool/condor/dir_3416
$JOBID=2367585
$TASKID=22
$HOSTNAME=b7s12n8105.cern.ch
$TASKCMD=/afs/cern.ch/work/l/lvigilan/TauWork/CMSSW_10_6_17_patch1/src/TauFW/PicoProducer/python/processors/picojob.py -y UL2017 -d 'mc' -c etau -M ETauFakeRate.ModuleETau --copydir /eos/home-l/lvigilan/output_ETauFR_UL17_RUN1/UL2017/etau/DYJetsToLL_M-50 -t _etau_22 --opt 'useT1=True' 'zpt=True' -i /eos/cms/store/group/phys_tau/TauFW/nano/UL2017/DYJetsToLL_M-50_TuneCP5_13TeV-madgraphMLM-pythia8/RunIISummer19UL17NanoAODv2-106X_mc2017_realistic_v8-v1/NANOAODSIM/31242D8A-21B2-FD4C-B1FD-A315690BFD47_skimjec_4.root /eos/cms/store/group/phys_tau/TauFW/nano/UL2017/DYJetsToLL_M-50_TuneCP5_13TeV-madgraphMLM-pythia8/RunIISummer19UL17NanoAODv2-106X_mc2017_realistic_v8-v1/NANOAODSIM/33A939A6-7658-3E4D-8451-5DEF88A1DF05_skimjec_0.root /eos/cms/store/group/phys_tau/TauFW/nano/UL2017/DYJetsToLL_M-50_TuneCP5_13TeV-madgraphMLM-pythia8/RunIISummer19UL17NanoAODv2-106X_mc2017_realistic_v8-v1/NANOAODSIM/33A939A6-7658-3E4D-8451-5DEF88A1DF05_skimjec_1.root /eos/cms/store/group/phys_tau/TauFW/nano/UL2017/DYJetsToLL_M-50_TuneCP5_13TeV-madgraphMLM-pythia8/RunIISummer19UL17NanoAODv2-106X_mc2017_realistic_v8-v1/NANOAODSIM/33A939A6-7658-3E4D-8451-5DEF88A1DF05_skimjec_2.root /eos/cms/store/group/phys_tau/TauFW/nano/UL2017/DYJetsToLL_M-50_TuneCP5_13TeV-madgraphMLM-pythia8/RunIISummer19UL17NanoAODv2-106X_mc2017_realistic_v8-v1/NANOAODSIM/33A939A6-7658-3E4D-8451-5DEF88A1DF05_skimjec_3.root
$WORKDIR=/pool/condor/dir_3416
>>> cd /afs/cern.ch/work/l/lvigilan/TauWork/CMSSW_10_6_17_patch1/src
>>> eval `scramv1 runtime -sh`
>>> cd /pool/condor/dir_3416
$PWD=/pool/condor/dir_3416
>>> /afs/cern.ch/work/l/lvigilan/TauWork/CMSSW_10_6_17_patch1/src/TauFW/PicoProducer/python/processors/picojob.py -y UL2017 -d 'mc' -c etau -M ETauFakeRate.ModuleETau --copydir /eos/home-l/lvigilan/output_ETauFR_UL17_RUN1/UL2017/etau/DYJetsToLL_M-50 -t _etau_22 --opt 'useT1=True' 'zpt=True' -i /eos/cms/store/group/phys_tau/TauFW/nano/UL2017/DYJetsToLL_M-50_TuneCP5_13TeV-madgraphMLM-pythia8/RunIISummer19UL17NanoAODv2-106X_mc2017_realistic_v8-v1/NANOAODSIM/31242D8A-21B2-FD4C-B1FD-A315690BFD47_skimjec_4.root /eos/cms/store/group/phys_tau/TauFW/nano/UL2017/DYJetsToLL_M-50_TuneCP5_13TeV-madgraphMLM-pythia8/RunIISummer19UL17NanoAODv2-106X_mc2017_realistic_v8-v1/NANOAODSIM/33A939A6-7658-3E4D-8451-5DEF88A1DF05_skimjec_0.root /eos/cms/store/group/phys_tau/TauFW/nano/UL2017/DYJetsToLL_M-50_TuneCP5_13TeV-madgraphMLM-pythia8/RunIISummer19UL17NanoAODv2-106X_mc2017_realistic_v8-v1/NANOAODSIM/33A939A6-7658-3E4D-8451-5DEF88A1DF05_skimjec_1.root /eos/cms/store/group/phys_tau/TauFW/nano/UL2017/DYJetsToLL_M-50_TuneCP5_13TeV-madgraphMLM-pythia8/RunIISummer19UL17NanoAODv2-106X_mc2017_realistic_v8-v1/NANOAODSIM/33A939A6-7658-3E4D-8451-5DEF88A1DF05_skimjec_2.root /eos/cms/store/group/phys_tau/TauFW/nano/UL2017/DYJetsToLL_M-50_TuneCP5_13TeV-madgraphMLM-pythia8/RunIISummer19UL17NanoAODv2-106X_mc2017_realistic_v8-v1/NANOAODSIM/33A939A6-7658-3E4D-8451-5DEF88A1DF05_skimjec_3.root
Error in <TGClient::TGClient>: can't open display "localhost:19.0", switching to batch mode...
 In case you run from a remote ssh session, reconnect with ssh -Y
--------------------------------------------------------------------------------
>>> era          = 'UL2017'
>>> year         = 2017
>>> channel      = 'etau'
>>> modname      = 'ETauFakeRate.ModuleETau'
>>> dtype        = 'mc'
>>> kwargs       = {'dtype': 'mc', 'zpt': True, 'useT1': True, 'verb': 0, 'era': 'UL2017', 'year': 2017}
>>> firstevt     = 0
>>> maxevts      = None
>>> outdir       = '.'
>>> copydir      = '/eos/home-l/lvigilan/output_ETauFR_UL17_RUN1/UL2017/etau/DYJetsToLL_M-50'
>>> infiles      = ['/eos/cms/store/group/phys_tau/TauFW/nano/UL2017/DYJetsToLL_M-50_TuneCP5_13TeV-madgraphMLM-pythia8/RunIISummer19UL17NanoAODv2-106X_mc2017_realistic_v8-v1/NANOAODSIM/31242D8A-21B2-FD4C-B1FD-A315690BFD47_skimjec_4.root', '/eos/cms/store/group/phys_tau/TauFW/nano/UL2017/DYJetsToLL_M-50_TuneCP5_13TeV-madgraphMLM-pythia8/RunIISummer19UL17NanoAODv2-106X_mc2017_realistic_v8-v1/NANOAODSIM/33A939A6-7658-3E4D-8451-5DEF88A1DF05_skimjec_0.root', '/eos/cms/store/group/phys_tau/TauFW/nano/UL2017/DYJetsToLL_M-50_TuneCP5_13TeV-madgraphMLM-pythia8/RunIISummer19UL17NanoAODv2-106X_mc2017_realistic_v8-v1/NANOAODSIM/33A939A6-7658-3E4D-8451-5DEF88A1DF05_skimjec_1.root', '/eos/cms/store/group/phys_tau/TauFW/nano/UL2017/DYJetsToLL_M-50_TuneCP5_13TeV-madgraphMLM-pythia8/RunIISummer19UL17NanoAODv2-106X_mc2017_realistic_v8-v1/NANOAODSIM/33A939A6-7658-3E4D-8451-5DEF88A1DF05_skimjec_2.root', '/eos/cms/store/group/phys_tau/TauFW/nano/UL2017/DYJetsToLL_M-50_TuneCP5_13TeV-madgraphMLM-pythia8/RunIISummer19UL17NanoAODv2-106X_mc2017_realistic_v8-v1/NANOAODSIM/33A939A6-7658-3E4D-8451-5DEF88A1DF05_skimjec_3.root']
>>> outfname     = './pico_etau_22.root'
>>> branchsel    = '/afs/cern.ch/work/l/lvigilan/TauWork/CMSSW_10_6_17_patch1/python/TauFW/PicoProducer/processors/keep_and_drop_skim.txt'
>>> json         = None
>>> prefetch     = False
>>> cwd          = /pool/condor/dir_3416
--------------------------------------------------------------------------------

   ################
   #  ModuleETau  #
   ################

Loading PileupWeightTool for '/afs/cern.ch/work/l/lvigilan/TauWork/CMSSW_10_6_17_patch1/src/TauFW/PicoProducer/data/pileup/Data_PileUp_UL2017_69p2.root' and '/afs/cern.ch/work/l/lvigilan/TauWork/CMSSW_10_6_17_patch1/src/TauFW/PicoProducer/data/pileup/MC_PileUp_UL2017_Summer19.root'
Loading BTagWeightTool for DeepCSV (medium WP)...
>>> BTagTool: [1m[33mWarning! [0m[33mHistogram 'etau/eff_DeepCSV_udsg_medium' does not exist in /afs/cern.ch/work/l/lvigilan/TauWork/CMSSW_10_6_17_patch1/src/TauFW/PicoProducer/data/btag/DeepCSV_2017_12Apr2017_eff.root! Reverting to default efficiency histogram...[0m
>>> BTagTool: [1m[33mWarning! [0m[33mHistogram 'etau/eff_DeepCSV_c_medium' does not exist in /afs/cern.ch/work/l/lvigilan/TauWork/CMSSW_10_6_17_patch1/src/TauFW/PicoProducer/data/btag/DeepCSV_2017_12Apr2017_eff.root! Reverting to default efficiency histogram...[0m
>>> BTagTool: [1m[33mWarning! [0m[33mHistogram 'etau/eff_DeepCSV_b_medium' does not exist in /afs/cern.ch/work/l/lvigilan/TauWork/CMSSW_10_6_17_patch1/src/TauFW/PicoProducer/data/btag/DeepCSV_2017_12Apr2017_eff.root! Reverting to default efficiency histogram...[0m
>>> BTagTool: [1m[33mWarning! [0m[33mMade use of default efficiency histograms! The b tag weights from this module should be regarded as placeholders only,
and should NOT be used for analyses. B (mis)tag efficiencies in MC are analysis dependent. Please create your own
efficiency histogram with data/btag/getBTagEfficiencies.py after running all MC samples with BTagWeightTool.[0m
Loading TreeProducerETau for './pico_etau_22.root'
--------------------------------------------------------------------------------
>>> filename     = './pico_etau_22.root'
>>> year         = 2017
>>> dtype        = 'mc'
>>> channel      = 'etau'
>>> ismc         = True
>>> isdata       = False
>>> isembed      = False
>>> tes          = 1.0
>>> tessys       = None
>>> fes          = None
>>> ltf          = None
>>> jtf          = 1.0
>>> dotoppt      = False
>>> dozpt        = True
>>> dojec        = True
>>> dojecsys     = True
>>> dotight      = False
>>> useT1        = True
>>> jetCutPt     = 30
>>> bjetCutEta   = 2.7
>>> tauwp        = 0
>>> eleCutPt     = 36
>>> eleCutEta    = 2.1
>>> tauCutPt     = 20
>>> tauCutEta    = 2.3
>>> ZpeekReso    = 0.1
Pre-select 238324 entries out of 238324 (100.00%)
Processed    10000/  238324 entries,  4.20% (elapsed time    12.1s, curr speed    0.828 kHz, avg speed    0.828 kHz), accepted      809/   10001 events ( 8.09%)
Processed    20000/  238324 entries,  8.39% (elapsed time    17.7s, curr speed    1.774 kHz, avg speed    1.129 kHz), accepted     1538/   20001 events ( 7.69%)
Processed    30000/  238324 entries, 12.59% (elapsed time    23.2s, curr speed    1.835 kHz, avg speed    1.295 kHz), accepted     2258/   30001 events ( 7.53%)
Processed    40000/  238324 entries, 16.78% (elapsed time    28.6s, curr speed    1.855 kHz, avg speed    1.401 kHz), accepted     3085/   40001 events ( 7.71%)
Processed    50000/  238324 entries, 20.98% (elapsed time    33.8s, curr speed    1.909 kHz, avg speed    1.480 kHz), accepted     3876/   50001 events ( 7.75%)
Processed    60000/  238324 entries, 25.18% (elapsed time    39.0s, curr speed    1.909 kHz, avg speed    1.537 kHz), accepted     4657/   60001 events ( 7.76%)
Processed    70000/  238324 entries, 29.37% (elapsed time    44.5s, curr speed    1.813 kHz, avg speed    1.571 kHz), accepted     5443/   70001 events ( 7.78%)
Processed    80000/  238324 entries, 33.57% (elapsed time    52.3s, curr speed    1.297 kHz, avg speed    1.531 kHz), accepted     6215/   80001 events ( 7.77%)
Processed    90000/  238324 entries, 37.76% (elapsed time    56.6s, curr speed    2.287 kHz, avg speed    1.589 kHz), accepted     7014/   90001 events ( 7.79%)
Processed   100000/  238324 entries, 41.96% (elapsed time    61.6s, curr speed    2.006 kHz, avg speed    1.623 kHz), accepted     7794/  100001 events ( 7.79%)
Processed   110000/  238324 entries, 46.16% (elapsed time    66.9s, curr speed    1.900 kHz, avg speed    1.645 kHz), accepted     8584/  110001 events ( 7.80%)
Processed   120000/  238324 entries, 50.35% (elapsed time    71.6s, curr speed    2.133 kHz, avg speed    1.677 kHz), accepted     9341/  120001 events ( 7.78%)
Processed   130000/  238324 entries, 54.55% (elapsed time    76.6s, curr speed    1.986 kHz, avg speed    1.697 kHz), accepted    10142/  130001 events ( 7.80%)
Processed   140000/  238324 entries, 58.74% (elapsed time    81.5s, curr speed    2.037 kHz, avg speed    1.718 kHz), accepted    10907/  140001 events ( 7.79%)
Processed   150000/  238324 entries, 62.94% (elapsed time    86.8s, curr speed    1.906 kHz, avg speed    1.729 kHz), accepted    11693/  150001 events ( 7.80%)
Processed   160000/  238324 entries, 67.14% (elapsed time    91.6s, curr speed    2.046 kHz, avg speed    1.746 kHz), accepted    12415/  160001 events ( 7.76%)
Processed   170000/  238324 entries, 71.33% (elapsed time    96.3s, curr speed    2.134 kHz, avg speed    1.765 kHz), accepted    13189/  170001 events ( 7.76%)
Processed   180000/  238324 entries, 75.53% (elapsed time   100.7s, curr speed    2.291 kHz, avg speed    1.788 kHz), accepted    13952/  180001 events ( 7.75%)
Processed   190000/  238324 entries, 79.72% (elapsed time   105.9s, curr speed    1.930 kHz, avg speed    1.795 kHz), accepted    14779/  190001 events ( 7.78%)
Processed   200000/  238324 entries, 83.92% (elapsed time   110.4s, curr speed    2.185 kHz, avg speed    1.811 kHz), accepted    15558/  200001 events ( 7.78%)
Processed   210000/  238324 entries, 88.12% (elapsed time   115.3s, curr speed    2.055 kHz, avg speed    1.821 kHz), accepted    16372/  210001 events ( 7.80%)
Processed   220000/  238324 entries, 92.31% (elapsed time   120.1s, curr speed    2.081 kHz, avg speed    1.832 kHz), accepted    17149/  220001 events ( 7.79%)
Processed   230000/  238324 entries, 96.51% (elapsed time   125.1s, curr speed    2.007 kHz, avg speed    1.839 kHz), accepted    17913/  230001 events ( 7.79%)
Processed 238324 preselected entries from /eos/cms/store/group/phys_tau/TauFW/nano/UL2017/DYJetsToLL_M-50_TuneCP5_13TeV-madgraphMLM-pythia8/RunIISummer19UL17NanoAODv2-106X_mc2017_realistic_v8-v1/NANOAODSIM/31242D8A-21B2-FD4C-B1FD-A315690BFD47_skimjec_4.root (238324 entries). Finally selected 18518 entries
Pre-select 210070 entries out of 210070 (100.00%)
Processed    10000/  210070 entries,  4.76% (elapsed time    11.1s, curr speed    0.900 kHz, avg speed    0.900 kHz), accepted      758/   10001 events ( 7.58%)
Processed    20000/  210070 entries,  9.52% (elapsed time    17.2s, curr speed    1.654 kHz, avg speed    1.166 kHz), accepted     1528/   20001 events ( 7.64%)
Processed    30000/  210070 entries, 14.28% (elapsed time    22.3s, curr speed    1.939 kHz, avg speed    1.345 kHz), accepted     2301/   30001 events ( 7.67%)
Processed    40000/  210070 entries, 19.04% (elapsed time    27.2s, curr speed    2.026 kHz, avg speed    1.468 kHz), accepted     3067/   40001 events ( 7.67%)
Processed    50000/  210070 entries, 23.80% (elapsed time    38.6s, curr speed    0.877 kHz, avg speed    1.294 kHz), accepted     3852/   50001 events ( 7.70%)
Processed    60000/  210070 entries, 28.56% (elapsed time    44.9s, curr speed    1.608 kHz, avg speed    1.337 kHz), accepted     4647/   60001 events ( 7.74%)
Processed    70000/  210070 entries, 33.32% (elapsed time    49.8s, curr speed    2.022 kHz, avg speed    1.405 kHz), accepted     5397/   70001 events ( 7.71%)
Processed    80000/  210070 entries, 38.08% (elapsed time    55.7s, curr speed    1.710 kHz, avg speed    1.437 kHz), accepted     6151/   80001 events ( 7.69%)
Processed    90000/  210070 entries, 42.84% (elapsed time    60.5s, curr speed    2.048 kHz, avg speed    1.486 kHz), accepted     6980/   90001 events ( 7.76%)
Processed   100000/  210070 entries, 47.60% (elapsed time    65.6s, curr speed    1.962 kHz, avg speed    1.523 kHz), accepted     7738/  100001 events ( 7.74%)
Processed   110000/  210070 entries, 52.36% (elapsed time    71.0s, curr speed    1.862 kHz, avg speed    1.549 kHz), accepted     8537/  110001 events ( 7.76%)
Processed   120000/  210070 entries, 57.12% (elapsed time    76.2s, curr speed    1.917 kHz, avg speed    1.574 kHz), accepted     9315/  120001 events ( 7.76%)
Processed   130000/  210070 entries, 61.88% (elapsed time    81.5s, curr speed    1.906 kHz, avg speed    1.596 kHz), accepted    10037/  130001 events ( 7.72%)
Processed   140000/  210070 entries, 66.64% (elapsed time    86.3s, curr speed    2.056 kHz, avg speed    1.621 kHz), accepted    10798/  140001 events ( 7.71%)
Processed   150000/  210070 entries, 71.40% (elapsed time    91.9s, curr speed    1.784 kHz, avg speed    1.631 kHz), accepted    11595/  150001 events ( 7.73%)
Processed   160000/  210070 entries, 76.17% (elapsed time    97.7s, curr speed    1.747 kHz, avg speed    1.638 kHz), accepted    12413/  160001 events ( 7.76%)
Processed   170000/  210070 entries, 80.93% (elapsed time   104.2s, curr speed    1.538 kHz, avg speed    1.632 kHz), accepted    13195/  170001 events ( 7.76%)
Processed   180000/  210070 entries, 85.69% (elapsed time   109.2s, curr speed    1.992 kHz, avg speed    1.648 kHz), accepted    13916/  180001 events ( 7.73%)
Processed   190000/  210070 entries, 90.45% (elapsed time   114.5s, curr speed    1.868 kHz, avg speed    1.659 kHz), accepted    14666/  190001 events ( 7.72%)
Processed   200000/  210070 entries, 95.21% (elapsed time   120.6s, curr speed    1.663 kHz, avg speed    1.659 kHz), accepted    15401/  200001 events ( 7.70%)
Processed   210000/  210070 entries, 99.97% (elapsed time   126.9s, curr speed    1.565 kHz, avg speed    1.654 kHz), accepted    16189/  210001 events ( 7.71%)
Processed 210070 preselected entries from /eos/cms/store/group/phys_tau/TauFW/nano/UL2017/DYJetsToLL_M-50_TuneCP5_13TeV-madgraphMLM-pythia8/RunIISummer19UL17NanoAODv2-106X_mc2017_realistic_v8-v1/NANOAODSIM/33A939A6-7658-3E4D-8451-5DEF88A1DF05_skimjec_0.root (210070 entries). Finally selected 16197 entries
Pre-select 210070 entries out of 210070 (100.00%)
Processed    10000/  210070 entries,  4.76% (elapsed time     9.8s, curr speed    1.021 kHz, avg speed    1.021 kHz), accepted      773/   10001 events ( 7.73%)
Processed    20000/  210070 entries,  9.52% (elapsed time    16.6s, curr speed    1.466 kHz, avg speed    1.204 kHz), accepted     1564/   20001 events ( 7.82%)
Processed    30000/  210070 entries, 14.28% (elapsed time    22.8s, curr speed    1.606 kHz, avg speed    1.314 kHz), accepted     2351/   30001 events ( 7.84%)
Processed    40000/  210070 entries, 19.04% (elapsed time    30.5s, curr speed    1.301 kHz, avg speed    1.311 kHz), accepted     3062/   40001 events ( 7.65%)
Processed    50000/  210070 entries, 23.80% (elapsed time    38.8s, curr speed    1.215 kHz, avg speed    1.290 kHz), accepted     3769/   50001 events ( 7.54%)
Processed    60000/  210070 entries, 28.56% (elapsed time    45.5s, curr speed    1.476 kHz, avg speed    1.318 kHz), accepted     4510/   60001 events ( 7.52%)
Processed    70000/  210070 entries, 33.32% (elapsed time    52.4s, curr speed    1.454 kHz, avg speed    1.336 kHz), accepted     5324/   70001 events ( 7.61%)
Processed    80000/  210070 entries, 38.08% (elapsed time    60.5s, curr speed    1.233 kHz, avg speed    1.322 kHz), accepted     6123/   80001 events ( 7.65%)
Processed    90000/  210070 entries, 42.84% (elapsed time    67.7s, curr speed    1.383 kHz, avg speed    1.329 kHz), accepted     6886/   90001 events ( 7.65%)
Processed   100000/  210070 entries, 47.60% (elapsed time    74.6s, curr speed    1.462 kHz, avg speed    1.341 kHz), accepted     7631/  100001 events ( 7.63%)
Processed   110000/  210070 entries, 52.36% (elapsed time    81.3s, curr speed    1.498 kHz, avg speed    1.354 kHz), accepted     8407/  110001 events ( 7.64%)
Processed   120000/  210070 entries, 57.12% (elapsed time    89.2s, curr speed    1.265 kHz, avg speed    1.346 kHz), accepted     9204/  120001 events ( 7.67%)
Processed   130000/  210070 entries, 61.88% (elapsed time    98.6s, curr speed    1.058 kHz, avg speed    1.318 kHz), accepted     9961/  130001 events ( 7.66%)
Processed   140000/  210070 entries, 66.64% (elapsed time   104.3s, curr speed    1.745 kHz, avg speed    1.342 kHz), accepted    10723/  140001 events ( 7.66%)
Processed   150000/  210070 entries, 71.40% (elapsed time   110.9s, curr speed    1.515 kHz, avg speed    1.352 kHz), accepted    11513/  150001 events ( 7.68%)
Processed   160000/  210070 entries, 76.17% (elapsed time   116.7s, curr speed    1.747 kHz, avg speed    1.371 kHz), accepted    12317/  160001 events ( 7.70%)
Processed   170000/  210070 entries, 80.93% (elapsed time   121.8s, curr speed    1.952 kHz, avg speed    1.396 kHz), accepted    13066/  170001 events ( 7.69%)
Processed   180000/  210070 entries, 85.69% (elapsed time   127.4s, curr speed    1.798 kHz, avg speed    1.413 kHz), accepted    13881/  180001 events ( 7.71%)
Processed   190000/  210070 entries, 90.45% (elapsed time   133.5s, curr speed    1.626 kHz, avg speed    1.423 kHz), accepted    14704/  190001 events ( 7.74%)
Processed   200000/  210070 entries, 95.21% (elapsed time   138.4s, curr speed    2.033 kHz, avg speed    1.445 kHz), accepted    15466/  200001 events ( 7.73%)
Processed   210000/  210070 entries, 99.97% (elapsed time   143.9s, curr speed    1.827 kHz, avg speed    1.459 kHz), accepted    16228/  210001 events ( 7.73%)
Processed 210070 preselected entries from /eos/cms/store/group/phys_tau/TauFW/nano/UL2017/DYJetsToLL_M-50_TuneCP5_13TeV-madgraphMLM-pythia8/RunIISummer19UL17NanoAODv2-106X_mc2017_realistic_v8-v1/NANOAODSIM/33A939A6-7658-3E4D-8451-5DEF88A1DF05_skimjec_1.root (210070 entries). Finally selected 16229 entries
Pre-select 210070 entries out of 210070 (100.00%)
Processed    10000/  210070 entries,  4.76% (elapsed time     8.8s, curr speed    1.132 kHz, avg speed    1.132 kHz), accepted      846/   10001 events ( 8.46%)
Processed    20000/  210070 entries,  9.52% (elapsed time    14.0s, curr speed    1.952 kHz, avg speed    1.433 kHz), accepted     1599/   20001 events ( 7.99%)
Processed    30000/  210070 entries, 14.28% (elapsed time    18.9s, curr speed    2.017 kHz, avg speed    1.586 kHz), accepted     2361/   30001 events ( 7.87%)
Processed    40000/  210070 entries, 19.04% (elapsed time    24.5s, curr speed    1.776 kHz, avg speed    1.629 kHz), accepted     3172/   40001 events ( 7.93%)
Processed    50000/  210070 entries, 23.80% (elapsed time    29.8s, curr speed    1.889 kHz, avg speed    1.676 kHz), accepted     3946/   50001 events ( 7.89%)
Processed    60000/  210070 entries, 28.56% (elapsed time    34.8s, curr speed    2.014 kHz, avg speed    1.724 kHz), accepted     4693/   60001 events ( 7.82%)
Processed    70000/  210070 entries, 33.32% (elapsed time    40.2s, curr speed    1.854 kHz, avg speed    1.741 kHz), accepted     5490/   70001 events ( 7.84%)
Processed    80000/  210070 entries, 38.08% (elapsed time    46.1s, curr speed    1.705 kHz, avg speed    1.737 kHz), accepted     6315/   80001 events ( 7.89%)
Processed    90000/  210070 entries, 42.84% (elapsed time    51.9s, curr speed    1.699 kHz, avg speed    1.732 kHz), accepted     7075/   90001 events ( 7.86%)
Processed   100000/  210070 entries, 47.60% (elapsed time    57.9s, curr speed    1.668 kHz, avg speed    1.726 kHz), accepted     7851/  100001 events ( 7.85%)
Processed   110000/  210070 entries, 52.36% (elapsed time    63.3s, curr speed    1.860 kHz, avg speed    1.737 kHz), accepted     8679/  110001 events ( 7.89%)
Processed   120000/  210070 entries, 57.12% (elapsed time    68.5s, curr speed    1.923 kHz, avg speed    1.751 kHz), accepted     9437/  120001 events ( 7.86%)
Processed   130000/  210070 entries, 61.88% (elapsed time    74.1s, curr speed    1.791 kHz, avg speed    1.754 kHz), accepted    10185/  130001 events ( 7.83%)
Processed   140000/  210070 entries, 66.64% (elapsed time    79.1s, curr speed    1.994 kHz, avg speed    1.770 kHz), accepted    10987/  140001 events ( 7.85%)
Processed   150000/  210070 entries, 71.40% (elapsed time    84.5s, curr speed    1.872 kHz, avg speed    1.776 kHz), accepted    11780/  150001 events ( 7.85%)
Processed   160000/  210070 entries, 76.17% (elapsed time    90.3s, curr speed    1.714 kHz, avg speed    1.772 kHz), accepted    12541/  160001 events ( 7.84%)
Processed   170000/  210070 entries, 80.93% (elapsed time    96.0s, curr speed    1.741 kHz, avg speed    1.770 kHz), accepted    13308/  170001 events ( 7.83%)
Processed   180000/  210070 entries, 85.69% (elapsed time   101.3s, curr speed    1.916 kHz, avg speed    1.778 kHz), accepted    14061/  180001 events ( 7.81%)
Processed   190000/  210070 entries, 90.45% (elapsed time   106.5s, curr speed    1.914 kHz, avg speed    1.784 kHz), accepted    14823/  190001 events ( 7.80%)
Processed   200000/  210070 entries, 95.21% (elapsed time   112.0s, curr speed    1.813 kHz, avg speed    1.786 kHz), accepted    15604/  200001 events ( 7.80%)
Processed   210000/  210070 entries, 99.97% (elapsed time   116.8s, curr speed    2.088 kHz, avg speed    1.798 kHz), accepted    16391/  210001 events ( 7.81%)
Processed 210070 preselected entries from /eos/cms/store/group/phys_tau/TauFW/nano/UL2017/DYJetsToLL_M-50_TuneCP5_13TeV-madgraphMLM-pythia8/RunIISummer19UL17NanoAODv2-106X_mc2017_realistic_v8-v1/NANOAODSIM/33A939A6-7658-3E4D-8451-5DEF88A1DF05_skimjec_2.root (210070 entries). Finally selected 16396 entries
Pre-select 210070 entries out of 210070 (100.00%)
Processed    10000/  210070 entries,  4.76% (elapsed time    13.3s, curr speed    0.755 kHz, avg speed    0.755 kHz), accepted      794/   10001 events ( 7.94%)
Processed    20000/  210070 entries,  9.52% (elapsed time    19.3s, curr speed    1.655 kHz, avg speed    1.036 kHz), accepted     1588/   20001 events ( 7.94%)
Processed    30000/  210070 entries, 14.28% (elapsed time    24.6s, curr speed    1.896 kHz, avg speed    1.221 kHz), accepted     2357/   30001 events ( 7.86%)
Processed    40000/  210070 entries, 19.04% (elapsed time    29.5s, curr speed    2.016 kHz, avg speed    1.355 kHz), accepted     3131/   40001 events ( 7.83%)
Processed    50000/  210070 entries, 23.80% (elapsed time    36.1s, curr speed    1.526 kHz, avg speed    1.386 kHz), accepted     3939/   50001 events ( 7.88%)
Processed    60000/  210070 entries, 28.56% (elapsed time    41.5s, curr speed    1.851 kHz, avg speed    1.446 kHz), accepted     4690/   60001 events ( 7.82%)
Processed    70000/  210070 entries, 33.32% (elapsed time    46.8s, curr speed    1.864 kHz, avg speed    1.494 kHz), accepted     5488/   70001 events ( 7.84%)
Processed    80000/  210070 entries, 38.08% (elapsed time    52.3s, curr speed    1.833 kHz, avg speed    1.529 kHz), accepted     6293/   80001 events ( 7.87%)
Processed    90000/  210070 entries, 42.84% (elapsed time    57.5s, curr speed    1.927 kHz, avg speed    1.565 kHz), accepted     7048/   90001 events ( 7.83%)
Processed   100000/  210070 entries, 47.60% (elapsed time    63.1s, curr speed    1.797 kHz, avg speed    1.586 kHz), accepted     7802/  100001 events ( 7.80%)
Processed   110000/  210070 entries, 52.36% (elapsed time    68.5s, curr speed    1.822 kHz, avg speed    1.605 kHz), accepted     8632/  110001 events ( 7.85%)
Processed   120000/  210070 entries, 57.12% (elapsed time    73.6s, curr speed    1.975 kHz, avg speed    1.630 kHz), accepted     9369/  120001 events ( 7.81%)
Processed   130000/  210070 entries, 61.88% (elapsed time    79.8s, curr speed    1.612 kHz, avg speed    1.629 kHz), accepted    10161/  130001 events ( 7.82%)
Processed   140000/  210070 entries, 66.64% (elapsed time    84.8s, curr speed    1.990 kHz, avg speed    1.650 kHz), accepted    10923/  140001 events ( 7.80%)
Processed   150000/  210070 entries, 71.40% (elapsed time    89.5s, curr speed    2.144 kHz, avg speed    1.676 kHz), accepted    11702/  150001 events ( 7.80%)
Processed   160000/  210070 entries, 76.17% (elapsed time    95.2s, curr speed    1.757 kHz, avg speed    1.681 kHz), accepted    12449/  160001 events ( 7.78%)
Processed   170000/  210070 entries, 80.93% (elapsed time   100.9s, curr speed    1.755 kHz, avg speed    1.685 kHz), accepted    13199/  170001 events ( 7.76%)
Processed   180000/  210070 entries, 85.69% (elapsed time   106.1s, curr speed    1.910 kHz, avg speed    1.696 kHz), accepted    13929/  180001 events ( 7.74%)
Processed   190000/  210070 entries, 90.45% (elapsed time   112.1s, curr speed    1.684 kHz, avg speed    1.695 kHz), accepted    14768/  190001 events ( 7.77%)
Processed   200000/  210070 entries, 95.21% (elapsed time   116.4s, curr speed    2.296 kHz, avg speed    1.718 kHz), accepted    15471/  200001 events ( 7.74%)
Processed   210000/  210070 entries, 99.97% (elapsed time   121.3s, curr speed    2.055 kHz, avg speed    1.731 kHz), accepted    16235/  210001 events ( 7.73%)
Processed 210070 preselected entries from /eos/cms/store/group/phys_tau/TauFW/nano/UL2017/DYJetsToLL_M-50_TuneCP5_13TeV-madgraphMLM-pythia8/RunIISummer19UL17NanoAODv2-106X_mc2017_realistic_v8-v1/NANOAODSIM/33A939A6-7658-3E4D-8451-5DEF88A1DF05_skimjec_3.root (210070 entries). Finally selected 16238 entries
Total time 641.0 sec. to process 1078604 events. Rate = 1682.7 Hz.
>>> cwd          = /pool/condor/dir_3416
>>> ls           = ['var', 'x509_voms', '_condor_stdout', 'condor_exec.exe', 'tmp', 'lvigilan.cc', '.update.ad', 'pico_etau_22.root', '.machine.ad', '.job.ad', '.chirp.config']
>>> getstorage('/eos/home-l/lvigilan/output_ETauFR_UL17_RUN1/UL2017/etau/DYJetsToLL_M-50'), <EOS("/eos/home-l/lvigilan/output_ETauFR_UL17_RUN1/UL2017/etau/DYJetsToLL_M-50") at 0x2af1db853d10>
>>> Executing: 'cp ./pico_etau_22.root /eos/home-l/lvigilan/output_ETauFR_UL17_RUN1/UL2017/etau/DYJetsToLL_M-50'
>>> Removing './pico_etau_22.root'...
>>> picojob.py done after 681.0 seconds

Job complete at Mon Jun  7 19:04:56 CEST 2021
Took 11 minutes 24 seconds040 (2367585.022.000) 06/07 19:04:56 Finished transferring output files
...
005 (2367585.022.000) 06/07 19:04:57 Job terminated.
	(1) Normal termination (return value 0)
		Usr 0 00:07:40, Sys 0 00:00:14  -  Run Remote Usage
		Usr 0 00:00:00, Sys 0 00:00:00  -  Run Local Usage
		Usr 0 00:07:40, Sys 0 00:00:14  -  Total Remote Usage
		Usr 0 00:00:00, Sys 0 00:00:00  -  Total Local Usage
	34971  -  Run Bytes Sent By Job
	9930  -  Run Bytes Received By Job
	34971  -  Total Bytes Sent By Job
	9930  -  Total Bytes Received By Job
	Partitionable Resources :    Usage  Request Allocated 
	   Cpus                 :     0.15        1         1 
	   Disk (KB)            : 11815           1    200155 
	   Memory (MB)          :   281        2000      2000 

	Job terminated of its own accord at 2021-06-07T17:04:56Z.
...
