Could not find platform independent libraries <prefix>
Could not find platform dependent libraries <exec_prefix>
Consider setting $PYTHONHOME to <prefix>[:<exec_prefix>]
ImportError: No module named site
Job start at Mon Jun  7 23:00:14 CEST 2021
Running job on machine Linux b7g52n8288.cern.ch 3.10.0-1127.19.1.el7.x86_64 #1 SMP Tue Aug 25 17:23:54 UTC 2020 x86_64 x86_64 x86_64 GNU/Linux, host b7g52n8288.cern.ch
============================================================
$PWD=/pool/condor/dir_17966
$JOBID=2367866
$TASKID=82
$HOSTNAME=b7g52n8288.cern.ch
$TASKCMD=/afs/cern.ch/work/l/lvigilan/TauWork/CMSSW_10_6_17_patch1/src/TauFW/PicoProducer/python/processors/picojob.py -y UL2017 -d 'mc' -c etau -M ETauFakeRate.ModuleETau --copydir /eos/home-l/lvigilan/output_ETauFR_UL17_RUN1/UL2017/etau/DYJetsToLL_M-50 -t _etau_EES0p99_82 --opt 'ees=0.99' 'useT1=True' 'zpt=True' -i /eos/cms/store/group/phys_tau/TauFW/nano/UL2017/DYJetsToLL_M-50_TuneCP5_13TeV-madgraphMLM-pythia8/RunIISummer19UL17NanoAODv2-106X_mc2017_realistic_v8-v1/NANOAODSIM/ED305DB5-7FB8-BD41-BF97-FF8AF3022203_skimjec_2.root /eos/cms/store/group/phys_tau/TauFW/nano/UL2017/DYJetsToLL_M-50_TuneCP5_13TeV-madgraphMLM-pythia8/RunIISummer19UL17NanoAODv2-106X_mc2017_realistic_v8-v1/NANOAODSIM/ED305DB5-7FB8-BD41-BF97-FF8AF3022203_skimjec_3.root /eos/cms/store/group/phys_tau/TauFW/nano/UL2017/DYJetsToLL_M-50_TuneCP5_13TeV-madgraphMLM-pythia8/RunIISummer19UL17NanoAODv2-106X_mc2017_realistic_v8-v1/NANOAODSIM/ED305DB5-7FB8-BD41-BF97-FF8AF3022203_skimjec_4.root /eos/cms/store/group/phys_tau/TauFW/nano/UL2017/DYJetsToLL_M-50_TuneCP5_13TeV-madgraphMLM-pythia8/RunIISummer19UL17NanoAODv2-106X_mc2017_realistic_v8-v1/NANOAODSIM/EF274D1E-0D16-8243-B477-13BDC1C7332C_skimjec_0.root /eos/cms/store/group/phys_tau/TauFW/nano/UL2017/DYJetsToLL_M-50_TuneCP5_13TeV-madgraphMLM-pythia8/RunIISummer19UL17NanoAODv2-106X_mc2017_realistic_v8-v1/NANOAODSIM/EF274D1E-0D16-8243-B477-13BDC1C7332C_skimjec_1.root
$WORKDIR=/pool/condor/dir_17966
>>> cd /afs/cern.ch/work/l/lvigilan/TauWork/CMSSW_10_6_17_patch1/src
>>> eval `scramv1 runtime -sh`
>>> cd /pool/condor/dir_17966
$PWD=/pool/condor/dir_17966
>>> /afs/cern.ch/work/l/lvigilan/TauWork/CMSSW_10_6_17_patch1/src/TauFW/PicoProducer/python/processors/picojob.py -y UL2017 -d 'mc' -c etau -M ETauFakeRate.ModuleETau --copydir /eos/home-l/lvigilan/output_ETauFR_UL17_RUN1/UL2017/etau/DYJetsToLL_M-50 -t _etau_EES0p99_82 --opt 'ees=0.99' 'useT1=True' 'zpt=True' -i /eos/cms/store/group/phys_tau/TauFW/nano/UL2017/DYJetsToLL_M-50_TuneCP5_13TeV-madgraphMLM-pythia8/RunIISummer19UL17NanoAODv2-106X_mc2017_realistic_v8-v1/NANOAODSIM/ED305DB5-7FB8-BD41-BF97-FF8AF3022203_skimjec_2.root /eos/cms/store/group/phys_tau/TauFW/nano/UL2017/DYJetsToLL_M-50_TuneCP5_13TeV-madgraphMLM-pythia8/RunIISummer19UL17NanoAODv2-106X_mc2017_realistic_v8-v1/NANOAODSIM/ED305DB5-7FB8-BD41-BF97-FF8AF3022203_skimjec_3.root /eos/cms/store/group/phys_tau/TauFW/nano/UL2017/DYJetsToLL_M-50_TuneCP5_13TeV-madgraphMLM-pythia8/RunIISummer19UL17NanoAODv2-106X_mc2017_realistic_v8-v1/NANOAODSIM/ED305DB5-7FB8-BD41-BF97-FF8AF3022203_skimjec_4.root /eos/cms/store/group/phys_tau/TauFW/nano/UL2017/DYJetsToLL_M-50_TuneCP5_13TeV-madgraphMLM-pythia8/RunIISummer19UL17NanoAODv2-106X_mc2017_realistic_v8-v1/NANOAODSIM/EF274D1E-0D16-8243-B477-13BDC1C7332C_skimjec_0.root /eos/cms/store/group/phys_tau/TauFW/nano/UL2017/DYJetsToLL_M-50_TuneCP5_13TeV-madgraphMLM-pythia8/RunIISummer19UL17NanoAODv2-106X_mc2017_realistic_v8-v1/NANOAODSIM/EF274D1E-0D16-8243-B477-13BDC1C7332C_skimjec_1.root
Error in <TGClient::TGClient>: can't open display "localhost:13.0", switching to batch mode...
 In case you run from a remote ssh session, reconnect with ssh -Y
--------------------------------------------------------------------------------
>>> era          = 'UL2017'
>>> year         = 2017
>>> channel      = 'etau'
>>> modname      = 'ETauFakeRate.ModuleETau'
>>> dtype        = 'mc'
>>> kwargs       = {'dtype': 'mc', 'zpt': True, 'ees': 0.99, 'useT1': True, 'verb': 0, 'era': 'UL2017', 'year': 2017}
>>> firstevt     = 0
>>> maxevts      = None
>>> outdir       = '.'
>>> copydir      = '/eos/home-l/lvigilan/output_ETauFR_UL17_RUN1/UL2017/etau/DYJetsToLL_M-50'
>>> infiles      = ['/eos/cms/store/group/phys_tau/TauFW/nano/UL2017/DYJetsToLL_M-50_TuneCP5_13TeV-madgraphMLM-pythia8/RunIISummer19UL17NanoAODv2-106X_mc2017_realistic_v8-v1/NANOAODSIM/ED305DB5-7FB8-BD41-BF97-FF8AF3022203_skimjec_2.root', '/eos/cms/store/group/phys_tau/TauFW/nano/UL2017/DYJetsToLL_M-50_TuneCP5_13TeV-madgraphMLM-pythia8/RunIISummer19UL17NanoAODv2-106X_mc2017_realistic_v8-v1/NANOAODSIM/ED305DB5-7FB8-BD41-BF97-FF8AF3022203_skimjec_3.root', '/eos/cms/store/group/phys_tau/TauFW/nano/UL2017/DYJetsToLL_M-50_TuneCP5_13TeV-madgraphMLM-pythia8/RunIISummer19UL17NanoAODv2-106X_mc2017_realistic_v8-v1/NANOAODSIM/ED305DB5-7FB8-BD41-BF97-FF8AF3022203_skimjec_4.root', '/eos/cms/store/group/phys_tau/TauFW/nano/UL2017/DYJetsToLL_M-50_TuneCP5_13TeV-madgraphMLM-pythia8/RunIISummer19UL17NanoAODv2-106X_mc2017_realistic_v8-v1/NANOAODSIM/EF274D1E-0D16-8243-B477-13BDC1C7332C_skimjec_0.root', '/eos/cms/store/group/phys_tau/TauFW/nano/UL2017/DYJetsToLL_M-50_TuneCP5_13TeV-madgraphMLM-pythia8/RunIISummer19UL17NanoAODv2-106X_mc2017_realistic_v8-v1/NANOAODSIM/EF274D1E-0D16-8243-B477-13BDC1C7332C_skimjec_1.root']
>>> outfname     = './pico_etau_EES0p99_82.root'
>>> branchsel    = '/afs/cern.ch/work/l/lvigilan/TauWork/CMSSW_10_6_17_patch1/python/TauFW/PicoProducer/processors/keep_and_drop_skim.txt'
>>> json         = None
>>> prefetch     = False
>>> cwd          = /pool/condor/dir_17966
--------------------------------------------------------------------------------

   ################
   #  ModuleETau  #
   ################

Loading PileupWeightTool for '/afs/cern.ch/work/l/lvigilan/TauWork/CMSSW_10_6_17_patch1/src/TauFW/PicoProducer/data/pileup/Data_PileUp_UL2017_69p2.root' and '/afs/cern.ch/work/l/lvigilan/TauWork/CMSSW_10_6_17_patch1/src/TauFW/PicoProducer/data/pileup/MC_PileUp_UL2017_Summer19.root'
Loading BTagWeightTool for DeepCSV (medium WP)...
>>> BTagTool: [1m[33mWarning! [0m[33mHistogram 'etau/eff_DeepCSV_udsg_medium' does not exist in /afs/cern.ch/work/l/lvigilan/TauWork/CMSSW_10_6_17_patch1/src/TauFW/PicoProducer/data/btag/DeepCSV_2017_12Apr2017_eff.root! Reverting to default efficiency histogram...[0m
>>> BTagTool: [1m[33mWarning! [0m[33mHistogram 'etau/eff_DeepCSV_c_medium' does not exist in /afs/cern.ch/work/l/lvigilan/TauWork/CMSSW_10_6_17_patch1/src/TauFW/PicoProducer/data/btag/DeepCSV_2017_12Apr2017_eff.root! Reverting to default efficiency histogram...[0m
>>> BTagTool: [1m[33mWarning! [0m[33mHistogram 'etau/eff_DeepCSV_b_medium' does not exist in /afs/cern.ch/work/l/lvigilan/TauWork/CMSSW_10_6_17_patch1/src/TauFW/PicoProducer/data/btag/DeepCSV_2017_12Apr2017_eff.root! Reverting to default efficiency histogram...[0m
>>> BTagTool: [1m[33mWarning! [0m[33mMade use of default efficiency histograms! The b tag weights from this module should be regarded as placeholders only,
and should NOT be used for analyses. B (mis)tag efficiencies in MC are analysis dependent. Please create your own
efficiency histogram with data/btag/getBTagEfficiencies.py after running all MC samples with BTagWeightTool.[0m
Loading TreeProducerETau for './pico_etau_EES0p99_82.root'
--------------------------------------------------------------------------------
>>> filename     = './pico_etau_EES0p99_82.root'
>>> year         = 2017
>>> dtype        = 'mc'
>>> channel      = 'etau'
>>> ismc         = True
>>> isdata       = False
>>> isembed      = False
>>> tes          = 1.0
>>> tessys       = None
>>> fes          = None
>>> ltf          = None
>>> jtf          = 1.0
>>> dotoppt      = False
>>> dozpt        = True
>>> dojec        = True
>>> dojecsys     = True
>>> dotight      = False
>>> useT1        = True
>>> jetCutPt     = 30
>>> bjetCutEta   = 2.7
>>> tauwp        = 0
>>> eleCutPt     = 36
>>> eleCutEta    = 2.1
>>> tauCutPt     = 20
>>> tauCutEta    = 2.3
>>> ZpeekReso    = 0.1
Pre-select 239559 entries out of 239559 (100.00%)
Processed    10000/  239559 entries,  4.17% (elapsed time     7.6s, curr speed    1.308 kHz, avg speed    1.308 kHz), accepted      782/   10001 events ( 7.82%)
Processed    20000/  239559 entries,  8.35% (elapsed time    11.6s, curr speed    2.521 kHz, avg speed    1.723 kHz), accepted     1573/   20001 events ( 7.86%)
Processed    30000/  239559 entries, 12.52% (elapsed time    15.3s, curr speed    2.686 kHz, avg speed    1.956 kHz), accepted     2338/   30001 events ( 7.79%)
Processed    40000/  239559 entries, 16.70% (elapsed time    19.5s, curr speed    2.408 kHz, avg speed    2.053 kHz), accepted     3154/   40001 events ( 7.88%)
Processed    50000/  239559 entries, 20.87% (elapsed time    23.4s, curr speed    2.551 kHz, avg speed    2.136 kHz), accepted     3950/   50001 events ( 7.90%)
Processed    60000/  239559 entries, 25.05% (elapsed time    27.6s, curr speed    2.385 kHz, avg speed    2.174 kHz), accepted     4718/   60001 events ( 7.86%)
Processed    70000/  239559 entries, 29.22% (elapsed time    31.1s, curr speed    2.851 kHz, avg speed    2.250 kHz), accepted     5465/   70001 events ( 7.81%)
Processed    80000/  239559 entries, 33.39% (elapsed time    34.7s, curr speed    2.773 kHz, avg speed    2.305 kHz), accepted     6199/   80001 events ( 7.75%)
Processed    90000/  239559 entries, 37.57% (elapsed time    38.4s, curr speed    2.708 kHz, avg speed    2.343 kHz), accepted     6938/   90001 events ( 7.71%)
Processed   100000/  239559 entries, 41.74% (elapsed time    41.6s, curr speed    3.085 kHz, avg speed    2.401 kHz), accepted     7694/  100001 events ( 7.69%)
Processed   110000/  239559 entries, 45.92% (elapsed time    45.0s, curr speed    2.978 kHz, avg speed    2.444 kHz), accepted     8471/  110001 events ( 7.70%)
Processed   120000/  239559 entries, 50.09% (elapsed time    48.9s, curr speed    2.596 kHz, avg speed    2.456 kHz), accepted     9226/  120001 events ( 7.69%)
Processed   130000/  239559 entries, 54.27% (elapsed time    52.6s, curr speed    2.673 kHz, avg speed    2.471 kHz), accepted     9984/  130001 events ( 7.68%)
Processed   140000/  239559 entries, 58.44% (elapsed time    56.1s, curr speed    2.866 kHz, avg speed    2.496 kHz), accepted    10715/  140001 events ( 7.65%)
Processed   150000/  239559 entries, 62.62% (elapsed time    60.1s, curr speed    2.472 kHz, avg speed    2.494 kHz), accepted    11492/  150001 events ( 7.66%)
Processed   160000/  239559 entries, 66.79% (elapsed time    64.1s, curr speed    2.505 kHz, avg speed    2.495 kHz), accepted    12267/  160001 events ( 7.67%)
Processed   170000/  239559 entries, 70.96% (elapsed time    68.3s, curr speed    2.404 kHz, avg speed    2.490 kHz), accepted    13013/  170001 events ( 7.65%)
Processed   180000/  239559 entries, 75.14% (elapsed time    72.1s, curr speed    2.649 kHz, avg speed    2.498 kHz), accepted    13778/  180001 events ( 7.65%)
Processed   190000/  239559 entries, 79.31% (elapsed time    75.2s, curr speed    3.194 kHz, avg speed    2.527 kHz), accepted    14550/  190001 events ( 7.66%)
Processed   200000/  239559 entries, 83.49% (elapsed time    79.1s, curr speed    2.541 kHz, avg speed    2.528 kHz), accepted    15321/  200001 events ( 7.66%)
Processed   210000/  239559 entries, 87.66% (elapsed time    83.1s, curr speed    2.540 kHz, avg speed    2.528 kHz), accepted    16022/  210001 events ( 7.63%)
Processed   220000/  239559 entries, 91.84% (elapsed time    87.0s, curr speed    2.554 kHz, avg speed    2.529 kHz), accepted    16739/  220001 events ( 7.61%)
Processed   230000/  239559 entries, 96.01% (elapsed time    91.0s, curr speed    2.512 kHz, avg speed    2.529 kHz), accepted    17478/  230001 events ( 7.60%)
Processed 239559 preselected entries from /eos/cms/store/group/phys_tau/TauFW/nano/UL2017/DYJetsToLL_M-50_TuneCP5_13TeV-madgraphMLM-pythia8/RunIISummer19UL17NanoAODv2-106X_mc2017_realistic_v8-v1/NANOAODSIM/ED305DB5-7FB8-BD41-BF97-FF8AF3022203_skimjec_2.root (239559 entries). Finally selected 18181 entries
Pre-select 239559 entries out of 239559 (100.00%)
Processed    10000/  239559 entries,  4.17% (elapsed time     7.2s, curr speed    1.389 kHz, avg speed    1.389 kHz), accepted      744/   10001 events ( 7.44%)
Processed    20000/  239559 entries,  8.35% (elapsed time    12.4s, curr speed    1.907 kHz, avg speed    1.607 kHz), accepted     1546/   20001 events ( 7.73%)
Processed    30000/  239559 entries, 12.52% (elapsed time    16.3s, curr speed    2.615 kHz, avg speed    1.844 kHz), accepted     2315/   30001 events ( 7.72%)
Processed    40000/  239559 entries, 16.70% (elapsed time    19.9s, curr speed    2.725 kHz, avg speed    2.007 kHz), accepted     3053/   40001 events ( 7.63%)
Processed    50000/  239559 entries, 20.87% (elapsed time    23.3s, curr speed    2.951 kHz, avg speed    2.144 kHz), accepted     3775/   50001 events ( 7.55%)
Processed    60000/  239559 entries, 25.05% (elapsed time    26.8s, curr speed    2.886 kHz, avg speed    2.240 kHz), accepted     4550/   60001 events ( 7.58%)
Processed    70000/  239559 entries, 29.22% (elapsed time    30.2s, curr speed    2.916 kHz, avg speed    2.316 kHz), accepted     5301/   70001 events ( 7.57%)
Processed    80000/  239559 entries, 33.39% (elapsed time    33.8s, curr speed    2.807 kHz, avg speed    2.368 kHz), accepted     6050/   80001 events ( 7.56%)
Processed    90000/  239559 entries, 37.57% (elapsed time    37.6s, curr speed    2.640 kHz, avg speed    2.396 kHz), accepted     6802/   90001 events ( 7.56%)
Processed   100000/  239559 entries, 41.74% (elapsed time    40.7s, curr speed    3.156 kHz, avg speed    2.455 kHz), accepted     7571/  100001 events ( 7.57%)
Processed   110000/  239559 entries, 45.92% (elapsed time    44.1s, curr speed    2.973 kHz, avg speed    2.494 kHz), accepted     8324/  110001 events ( 7.57%)
Processed   120000/  239559 entries, 50.09% (elapsed time    47.6s, curr speed    2.879 kHz, avg speed    2.522 kHz), accepted     9150/  120001 events ( 7.62%)
Processed   130000/  239559 entries, 54.27% (elapsed time    51.1s, curr speed    2.810 kHz, avg speed    2.542 kHz), accepted     9909/  130001 events ( 7.62%)
Processed   140000/  239559 entries, 58.44% (elapsed time    54.0s, curr speed    3.498 kHz, avg speed    2.593 kHz), accepted    10673/  140001 events ( 7.62%)
Processed   150000/  239559 entries, 62.62% (elapsed time    57.5s, curr speed    2.839 kHz, avg speed    2.608 kHz), accepted    11452/  150001 events ( 7.63%)
Processed   160000/  239559 entries, 66.79% (elapsed time    60.6s, curr speed    3.207 kHz, avg speed    2.639 kHz), accepted    12197/  160001 events ( 7.62%)
Processed   170000/  239559 entries, 70.96% (elapsed time    63.8s, curr speed    3.194 kHz, avg speed    2.666 kHz), accepted    12971/  170001 events ( 7.63%)
Processed   180000/  239559 entries, 75.14% (elapsed time    66.9s, curr speed    3.162 kHz, avg speed    2.690 kHz), accepted    13748/  180001 events ( 7.64%)
Processed   190000/  239559 entries, 79.31% (elapsed time    70.3s, curr speed    2.984 kHz, avg speed    2.704 kHz), accepted    14544/  190001 events ( 7.65%)
Processed   200000/  239559 entries, 83.49% (elapsed time    73.7s, curr speed    2.950 kHz, avg speed    2.715 kHz), accepted    15308/  200001 events ( 7.65%)
Processed   210000/  239559 entries, 87.66% (elapsed time    77.1s, curr speed    2.942 kHz, avg speed    2.725 kHz), accepted    16079/  210001 events ( 7.66%)
Processed   220000/  239559 entries, 91.84% (elapsed time    80.5s, curr speed    2.912 kHz, avg speed    2.733 kHz), accepted    16901/  220001 events ( 7.68%)
Processed   230000/  239559 entries, 96.01% (elapsed time    83.7s, curr speed    3.107 kHz, avg speed    2.747 kHz), accepted    17650/  230001 events ( 7.67%)
Processed 239559 preselected entries from /eos/cms/store/group/phys_tau/TauFW/nano/UL2017/DYJetsToLL_M-50_TuneCP5_13TeV-madgraphMLM-pythia8/RunIISummer19UL17NanoAODv2-106X_mc2017_realistic_v8-v1/NANOAODSIM/ED305DB5-7FB8-BD41-BF97-FF8AF3022203_skimjec_3.root (239559 entries). Finally selected 18379 entries
Pre-select 239556 entries out of 239556 (100.00%)
Processed    10000/  239556 entries,  4.17% (elapsed time     6.9s, curr speed    1.454 kHz, avg speed    1.454 kHz), accepted      789/   10001 events ( 7.89%)
Processed    20000/  239556 entries,  8.35% (elapsed time    11.9s, curr speed    2.000 kHz, avg speed    1.684 kHz), accepted     1532/   20001 events ( 7.66%)
Processed    30000/  239556 entries, 12.52% (elapsed time    15.5s, curr speed    2.745 kHz, avg speed    1.933 kHz), accepted     2290/   30001 events ( 7.63%)
Processed    40000/  239556 entries, 16.70% (elapsed time    19.1s, curr speed    2.813 kHz, avg speed    2.097 kHz), accepted     3089/   40001 events ( 7.72%)
Processed    50000/  239556 entries, 20.87% (elapsed time    22.3s, curr speed    3.060 kHz, avg speed    2.238 kHz), accepted     3878/   50001 events ( 7.76%)
Processed    60000/  239556 entries, 25.05% (elapsed time    26.3s, curr speed    2.506 kHz, avg speed    2.278 kHz), accepted     4658/   60001 events ( 7.76%)
Processed    70000/  239556 entries, 29.22% (elapsed time    30.0s, curr speed    2.767 kHz, avg speed    2.337 kHz), accepted     5394/   70001 events ( 7.71%)
Processed    80000/  239556 entries, 33.40% (elapsed time    33.6s, curr speed    2.718 kHz, avg speed    2.379 kHz), accepted     6182/   80001 events ( 7.73%)
Processed    90000/  239556 entries, 37.57% (elapsed time    37.1s, curr speed    2.867 kHz, avg speed    2.425 kHz), accepted     6951/   90001 events ( 7.72%)
Processed   100000/  239556 entries, 41.74% (elapsed time    41.0s, curr speed    2.602 kHz, avg speed    2.441 kHz), accepted     7726/  100001 events ( 7.73%)
Processed   110000/  239556 entries, 45.92% (elapsed time    44.6s, curr speed    2.721 kHz, avg speed    2.464 kHz), accepted     8446/  110001 events ( 7.68%)
Processed   120000/  239556 entries, 50.09% (elapsed time    48.0s, curr speed    2.953 kHz, avg speed    2.499 kHz), accepted     9216/  120001 events ( 7.68%)
Processed   130000/  239556 entries, 54.27% (elapsed time    51.2s, curr speed    3.129 kHz, avg speed    2.538 kHz), accepted    10002/  130001 events ( 7.69%)
Processed   140000/  239556 entries, 58.44% (elapsed time    54.7s, curr speed    2.903 kHz, avg speed    2.561 kHz), accepted    10774/  140001 events ( 7.70%)
Processed   150000/  239556 entries, 62.62% (elapsed time    58.1s, curr speed    2.876 kHz, avg speed    2.580 kHz), accepted    11580/  150001 events ( 7.72%)
Processed   160000/  239556 entries, 66.79% (elapsed time    61.7s, curr speed    2.842 kHz, avg speed    2.595 kHz), accepted    12405/  160001 events ( 7.75%)
Processed   170000/  239556 entries, 70.96% (elapsed time    65.0s, curr speed    3.010 kHz, avg speed    2.616 kHz), accepted    13154/  170001 events ( 7.74%)
Processed   180000/  239556 entries, 75.14% (elapsed time    68.7s, curr speed    2.720 kHz, avg speed    2.622 kHz), accepted    13933/  180001 events ( 7.74%)
Processed   190000/  239556 entries, 79.31% (elapsed time    71.9s, curr speed    3.117 kHz, avg speed    2.644 kHz), accepted    14695/  190001 events ( 7.73%)
Processed   200000/  239556 entries, 83.49% (elapsed time    75.6s, curr speed    2.663 kHz, avg speed    2.645 kHz), accepted    15475/  200001 events ( 7.74%)
Processed   210000/  239556 entries, 87.66% (elapsed time    79.2s, curr speed    2.808 kHz, avg speed    2.652 kHz), accepted    16279/  210001 events ( 7.75%)
Processed   220000/  239556 entries, 91.84% (elapsed time    83.0s, curr speed    2.611 kHz, avg speed    2.650 kHz), accepted    17042/  220001 events ( 7.75%)
Processed   230000/  239556 entries, 96.01% (elapsed time    86.1s, curr speed    3.264 kHz, avg speed    2.672 kHz), accepted    17784/  230001 events ( 7.73%)
Processed 239556 preselected entries from /eos/cms/store/group/phys_tau/TauFW/nano/UL2017/DYJetsToLL_M-50_TuneCP5_13TeV-madgraphMLM-pythia8/RunIISummer19UL17NanoAODv2-106X_mc2017_realistic_v8-v1/NANOAODSIM/ED305DB5-7FB8-BD41-BF97-FF8AF3022203_skimjec_4.root (239556 entries). Finally selected 18485 entries
Pre-select 240514 entries out of 240514 (100.00%)
Processed    10000/  240514 entries,  4.16% (elapsed time     6.4s, curr speed    1.561 kHz, avg speed    1.561 kHz), accepted      753/   10001 events ( 7.53%)
Processed    20000/  240514 entries,  8.32% (elapsed time    10.4s, curr speed    2.481 kHz, avg speed    1.916 kHz), accepted     1544/   20001 events ( 7.72%)
Processed    30000/  240514 entries, 12.47% (elapsed time    13.8s, curr speed    2.984 kHz, avg speed    2.176 kHz), accepted     2335/   30001 events ( 7.78%)
Processed    40000/  240514 entries, 16.63% (elapsed time    17.5s, curr speed    2.722 kHz, avg speed    2.291 kHz), accepted     3106/   40001 events ( 7.76%)
Processed    50000/  240514 entries, 20.79% (elapsed time    21.2s, curr speed    2.656 kHz, avg speed    2.355 kHz), accepted     3876/   50001 events ( 7.75%)
Processed    60000/  240514 entries, 24.95% (elapsed time    24.1s, curr speed    3.424 kHz, avg speed    2.485 kHz), accepted     4670/   60001 events ( 7.78%)
Processed    70000/  240514 entries, 29.10% (elapsed time    27.2s, curr speed    3.283 kHz, avg speed    2.574 kHz), accepted     5420/   70001 events ( 7.74%)
Processed    80000/  240514 entries, 33.26% (elapsed time    30.5s, curr speed    3.033 kHz, avg speed    2.624 kHz), accepted     6177/   80001 events ( 7.72%)
Processed    90000/  240514 entries, 37.42% (elapsed time    34.1s, curr speed    2.798 kHz, avg speed    2.642 kHz), accepted     6967/   90001 events ( 7.74%)
Processed   100000/  240514 entries, 41.58% (elapsed time    37.8s, curr speed    2.706 kHz, avg speed    2.648 kHz), accepted     7752/  100001 events ( 7.75%)
Processed   110000/  240514 entries, 45.74% (elapsed time    41.6s, curr speed    2.625 kHz, avg speed    2.646 kHz), accepted     8489/  110001 events ( 7.72%)
Processed   120000/  240514 entries, 49.89% (elapsed time    45.2s, curr speed    2.794 kHz, avg speed    2.658 kHz), accepted     9187/  120001 events ( 7.66%)
Processed   130000/  240514 entries, 54.05% (elapsed time    49.0s, curr speed    2.596 kHz, avg speed    2.653 kHz), accepted    10011/  130001 events ( 7.70%)
Processed   140000/  240514 entries, 58.21% (elapsed time    52.5s, curr speed    2.886 kHz, avg speed    2.668 kHz), accepted    10746/  140001 events ( 7.68%)
Processed   150000/  240514 entries, 62.37% (elapsed time    55.7s, curr speed    3.110 kHz, avg speed    2.694 kHz), accepted    11480/  150001 events ( 7.65%)
Processed   160000/  240514 entries, 66.52% (elapsed time    59.1s, curr speed    2.920 kHz, avg speed    2.707 kHz), accepted    12290/  160001 events ( 7.68%)
Processed   170000/  240514 entries, 70.68% (elapsed time    62.5s, curr speed    2.973 kHz, avg speed    2.721 kHz), accepted    13083/  170001 events ( 7.70%)
Processed   180000/  240514 entries, 74.84% (elapsed time    65.8s, curr speed    2.959 kHz, avg speed    2.733 kHz), accepted    13817/  180001 events ( 7.68%)
Processed   190000/  240514 entries, 79.00% (elapsed time    69.0s, curr speed    3.159 kHz, avg speed    2.753 kHz), accepted    14608/  190001 events ( 7.69%)
Processed   200000/  240514 entries, 83.16% (elapsed time    72.5s, curr speed    2.901 kHz, avg speed    2.760 kHz), accepted    15381/  200001 events ( 7.69%)
Processed   210000/  240514 entries, 87.31% (elapsed time    76.1s, curr speed    2.725 kHz, avg speed    2.758 kHz), accepted    16130/  210001 events ( 7.68%)
Processed   220000/  240514 entries, 91.47% (elapsed time    79.6s, curr speed    2.871 kHz, avg speed    2.763 kHz), accepted    16900/  220001 events ( 7.68%)
Processed   230000/  240514 entries, 95.63% (elapsed time    82.7s, curr speed    3.224 kHz, avg speed    2.781 kHz), accepted    17673/  230001 events ( 7.68%)
Processed   240000/  240514 entries, 99.79% (elapsed time    85.7s, curr speed    3.301 kHz, avg speed    2.799 kHz), accepted    18449/  240001 events ( 7.69%)
Processed 240514 preselected entries from /eos/cms/store/group/phys_tau/TauFW/nano/UL2017/DYJetsToLL_M-50_TuneCP5_13TeV-madgraphMLM-pythia8/RunIISummer19UL17NanoAODv2-106X_mc2017_realistic_v8-v1/NANOAODSIM/EF274D1E-0D16-8243-B477-13BDC1C7332C_skimjec_0.root (240514 entries). Finally selected 18487 entries
Pre-select 240514 entries out of 240514 (100.00%)
Processed    10000/  240514 entries,  4.16% (elapsed time     6.9s, curr speed    1.443 kHz, avg speed    1.443 kHz), accepted      752/   10001 events ( 7.52%)
Processed    20000/  240514 entries,  8.32% (elapsed time    10.1s, curr speed    3.204 kHz, avg speed    1.989 kHz), accepted     1470/   20001 events ( 7.35%)
Processed    30000/  240514 entries, 12.47% (elapsed time    13.1s, curr speed    3.253 kHz, avg speed    2.285 kHz), accepted     2219/   30001 events ( 7.40%)
Processed    40000/  240514 entries, 16.63% (elapsed time    16.5s, curr speed    2.944 kHz, avg speed    2.421 kHz), accepted     2961/   40001 events ( 7.40%)
Processed    50000/  240514 entries, 20.79% (elapsed time    19.7s, curr speed    3.115 kHz, avg speed    2.534 kHz), accepted     3730/   50001 events ( 7.46%)
Processed    60000/  240514 entries, 24.95% (elapsed time    22.9s, curr speed    3.177 kHz, avg speed    2.622 kHz), accepted     4515/   60001 events ( 7.52%)
Processed    70000/  240514 entries, 29.10% (elapsed time    26.4s, curr speed    2.812 kHz, avg speed    2.648 kHz), accepted     5254/   70001 events ( 7.51%)
Processed    80000/  240514 entries, 33.26% (elapsed time    29.8s, curr speed    3.014 kHz, avg speed    2.689 kHz), accepted     5999/   80001 events ( 7.50%)
Processed    90000/  240514 entries, 37.42% (elapsed time    33.6s, curr speed    2.632 kHz, avg speed    2.682 kHz), accepted     6803/   90001 events ( 7.56%)
Processed   100000/  240514 entries, 41.58% (elapsed time    38.3s, curr speed    2.119 kHz, avg speed    2.613 kHz), accepted     7560/  100001 events ( 7.56%)
Processed   110000/  240514 entries, 45.74% (elapsed time    41.8s, curr speed    2.816 kHz, avg speed    2.630 kHz), accepted     8298/  110001 events ( 7.54%)
Processed   120000/  240514 entries, 49.89% (elapsed time    44.9s, curr speed    3.274 kHz, avg speed    2.674 kHz), accepted     9032/  120001 events ( 7.53%)
Processed   130000/  240514 entries, 54.05% (elapsed time    48.3s, curr speed    2.905 kHz, avg speed    2.690 kHz), accepted     9801/  130001 events ( 7.54%)
Processed   140000/  240514 entries, 58.21% (elapsed time    51.8s, curr speed    2.869 kHz, avg speed    2.702 kHz), accepted    10557/  140001 events ( 7.54%)
Processed   150000/  240514 entries, 62.37% (elapsed time    55.2s, curr speed    2.987 kHz, avg speed    2.720 kHz), accepted    11291/  150001 events ( 7.53%)
Processed   160000/  240514 entries, 66.52% (elapsed time    58.8s, curr speed    2.754 kHz, avg speed    2.722 kHz), accepted    12081/  160001 events ( 7.55%)
Processed   170000/  240514 entries, 70.68% (elapsed time    61.8s, curr speed    3.369 kHz, avg speed    2.753 kHz), accepted    12831/  170001 events ( 7.55%)
Processed   180000/  240514 entries, 74.84% (elapsed time    64.6s, curr speed    3.573 kHz, avg speed    2.788 kHz), accepted    13573/  180001 events ( 7.54%)
Processed   190000/  240514 entries, 79.00% (elapsed time    67.9s, curr speed    3.009 kHz, avg speed    2.799 kHz), accepted    14328/  190001 events ( 7.54%)
Processed   200000/  240514 entries, 83.16% (elapsed time    71.3s, curr speed    2.908 kHz, avg speed    2.804 kHz), accepted    15109/  200001 events ( 7.55%)
Processed   210000/  240514 entries, 87.31% (elapsed time    74.5s, curr speed    3.100 kHz, avg speed    2.817 kHz), accepted    15863/  210001 events ( 7.55%)
Processed   220000/  240514 entries, 91.47% (elapsed time    77.7s, curr speed    3.156 kHz, avg speed    2.831 kHz), accepted    16661/  220001 events ( 7.57%)
Processed   230000/  240514 entries, 95.63% (elapsed time    81.1s, curr speed    2.982 kHz, avg speed    2.837 kHz), accepted    17427/  230001 events ( 7.58%)
Processed   240000/  240514 entries, 99.79% (elapsed time    84.4s, curr speed    3.029 kHz, avg speed    2.845 kHz), accepted    18196/  240001 events ( 7.58%)
Processed 240514 preselected entries from /eos/cms/store/group/phys_tau/TauFW/nano/UL2017/DYJetsToLL_M-50_TuneCP5_13TeV-madgraphMLM-pythia8/RunIISummer19UL17NanoAODv2-106X_mc2017_realistic_v8-v1/NANOAODSIM/EF274D1E-0D16-8243-B477-13BDC1C7332C_skimjec_1.root (240514 entries). Finally selected 18234 entries
Total time 442.6 sec. to process 1199702 events. Rate = 2710.6 Hz.
>>> cwd          = /pool/condor/dir_17966
>>> ls           = ['tmp', 'condor_exec.exe', 'x509_voms', '.chirp.config', 'var', 'pico_etau_EES0p99_82.root', '.job.ad', 'lvigilan.cc', '.machine.ad', '_condor_stdout']
>>> getstorage('/eos/home-l/lvigilan/output_ETauFR_UL17_RUN1/UL2017/etau/DYJetsToLL_M-50'), <EOS("/eos/home-l/lvigilan/output_ETauFR_UL17_RUN1/UL2017/etau/DYJetsToLL_M-50") at 0x2ad792ed0d50>
>>> Executing: 'cp ./pico_etau_EES0p99_82.root /eos/home-l/lvigilan/output_ETauFR_UL17_RUN1/UL2017/etau/DYJetsToLL_M-50'
>>> Removing './pico_etau_EES0p99_82.root'...
>>> picojob.py done after 465.4 seconds

Job complete at Mon Jun  7 23:08:01 CEST 2021
Took 7 minutes 47 seconds040 (2367866.082.000) 06/07 23:08:01 Finished transferring output files
...
005 (2367866.082.000) 06/07 23:08:01 Job terminated.
	(1) Normal termination (return value 0)
		Usr 0 00:06:31, Sys 0 00:00:12  -  Run Remote Usage
		Usr 0 00:00:00, Sys 0 00:00:00  -  Run Local Usage
		Usr 0 00:06:31, Sys 0 00:00:12  -  Total Remote Usage
		Usr 0 00:00:00, Sys 0 00:00:00  -  Total Local Usage
	36672  -  Run Bytes Sent By Job
	9898  -  Run Bytes Received By Job
	36672  -  Total Bytes Sent By Job
	9898  -  Total Bytes Received By Job
	Partitionable Resources :    Usage  Request Allocated 
	   Cpus                 :                 1         1 
	   Disk (KB)            :     9220        1    276794 
	   Memory (MB)          :      280     2000      2000 

	Job terminated of its own accord at 2021-06-07T21:08:01Z.
...
