Could not find platform independent libraries <prefix>
Could not find platform dependent libraries <exec_prefix>
Consider setting $PYTHONHOME to <prefix>[:<exec_prefix>]
ImportError: No module named site
Job start at Tue Jun  8 10:10:33 CEST 2021
Running job on machine Linux b7g23n9606.cern.ch 3.10.0-1160.24.1.el7.x86_64 #1 SMP Thu Apr 8 19:51:47 UTC 2021 x86_64 x86_64 x86_64 GNU/Linux, host b7g23n9606.cern.ch
============================================================
$PWD=/pool/condor/dir_7855
$JOBID=2368933
$TASKID=62
$HOSTNAME=b7g23n9606.cern.ch
$TASKCMD=/afs/cern.ch/work/l/lvigilan/TauWork/CMSSW_10_6_17_patch1/src/TauFW/PicoProducer/python/processors/picojob.py -y UL2017 -d 'mc' -c etau -M ETauFakeRate.ModuleETau --copydir /eos/home-l/lvigilan/output_ETauFR_UL17_RUN1/UL2017/etau/DYJetsToLL_M-50 -t _etau_EES1p01_62 --opt 'ees=1.01' 'useT1=True' 'zpt=True' -i /eos/cms/store/group/phys_tau/TauFW/nano/UL2017/DYJetsToLL_M-50_TuneCP5_13TeV-madgraphMLM-pythia8/RunIISummer19UL17NanoAODv2-106X_mc2017_realistic_v8-v1/NANOAODSIM/B2DDAC2E-AE6C-8B45-8A01-9059093A7507_skimjec_3.root /eos/cms/store/group/phys_tau/TauFW/nano/UL2017/DYJetsToLL_M-50_TuneCP5_13TeV-madgraphMLM-pythia8/RunIISummer19UL17NanoAODv2-106X_mc2017_realistic_v8-v1/NANOAODSIM/B2DDAC2E-AE6C-8B45-8A01-9059093A7507_skimjec_4.root /eos/cms/store/group/phys_tau/TauFW/nano/UL2017/DYJetsToLL_M-50_TuneCP5_13TeV-madgraphMLM-pythia8/RunIISummer19UL17NanoAODv2-106X_mc2017_realistic_v8-v1/NANOAODSIM/B36C7929-7549-FF41-A413-9D8133914CCD_skimjec_0.root /eos/cms/store/group/phys_tau/TauFW/nano/UL2017/DYJetsToLL_M-50_TuneCP5_13TeV-madgraphMLM-pythia8/RunIISummer19UL17NanoAODv2-106X_mc2017_realistic_v8-v1/NANOAODSIM/B36C7929-7549-FF41-A413-9D8133914CCD_skimjec_1.root /eos/cms/store/group/phys_tau/TauFW/nano/UL2017/DYJetsToLL_M-50_TuneCP5_13TeV-madgraphMLM-pythia8/RunIISummer19UL17NanoAODv2-106X_mc2017_realistic_v8-v1/NANOAODSIM/B36C7929-7549-FF41-A413-9D8133914CCD_skimjec_2.root
$WORKDIR=/pool/condor/dir_7855
>>> cd /afs/cern.ch/work/l/lvigilan/TauWork/CMSSW_10_6_17_patch1/src
>>> eval `scramv1 runtime -sh`
>>> cd /pool/condor/dir_7855
$PWD=/pool/condor/dir_7855
>>> /afs/cern.ch/work/l/lvigilan/TauWork/CMSSW_10_6_17_patch1/src/TauFW/PicoProducer/python/processors/picojob.py -y UL2017 -d 'mc' -c etau -M ETauFakeRate.ModuleETau --copydir /eos/home-l/lvigilan/output_ETauFR_UL17_RUN1/UL2017/etau/DYJetsToLL_M-50 -t _etau_EES1p01_62 --opt 'ees=1.01' 'useT1=True' 'zpt=True' -i /eos/cms/store/group/phys_tau/TauFW/nano/UL2017/DYJetsToLL_M-50_TuneCP5_13TeV-madgraphMLM-pythia8/RunIISummer19UL17NanoAODv2-106X_mc2017_realistic_v8-v1/NANOAODSIM/B2DDAC2E-AE6C-8B45-8A01-9059093A7507_skimjec_3.root /eos/cms/store/group/phys_tau/TauFW/nano/UL2017/DYJetsToLL_M-50_TuneCP5_13TeV-madgraphMLM-pythia8/RunIISummer19UL17NanoAODv2-106X_mc2017_realistic_v8-v1/NANOAODSIM/B2DDAC2E-AE6C-8B45-8A01-9059093A7507_skimjec_4.root /eos/cms/store/group/phys_tau/TauFW/nano/UL2017/DYJetsToLL_M-50_TuneCP5_13TeV-madgraphMLM-pythia8/RunIISummer19UL17NanoAODv2-106X_mc2017_realistic_v8-v1/NANOAODSIM/B36C7929-7549-FF41-A413-9D8133914CCD_skimjec_0.root /eos/cms/store/group/phys_tau/TauFW/nano/UL2017/DYJetsToLL_M-50_TuneCP5_13TeV-madgraphMLM-pythia8/RunIISummer19UL17NanoAODv2-106X_mc2017_realistic_v8-v1/NANOAODSIM/B36C7929-7549-FF41-A413-9D8133914CCD_skimjec_1.root /eos/cms/store/group/phys_tau/TauFW/nano/UL2017/DYJetsToLL_M-50_TuneCP5_13TeV-madgraphMLM-pythia8/RunIISummer19UL17NanoAODv2-106X_mc2017_realistic_v8-v1/NANOAODSIM/B36C7929-7549-FF41-A413-9D8133914CCD_skimjec_2.root
Error in <TGClient::TGClient>: can't open display "localhost:21.0", switching to batch mode...
 In case you run from a remote ssh session, reconnect with ssh -Y
--------------------------------------------------------------------------------
>>> era          = 'UL2017'
>>> year         = 2017
>>> channel      = 'etau'
>>> modname      = 'ETauFakeRate.ModuleETau'
>>> dtype        = 'mc'
>>> kwargs       = {'dtype': 'mc', 'zpt': True, 'ees': 1.01, 'useT1': True, 'verb': 0, 'era': 'UL2017', 'year': 2017}
>>> firstevt     = 0
>>> maxevts      = None
>>> outdir       = '.'
>>> copydir      = '/eos/home-l/lvigilan/output_ETauFR_UL17_RUN1/UL2017/etau/DYJetsToLL_M-50'
>>> infiles      = ['/eos/cms/store/group/phys_tau/TauFW/nano/UL2017/DYJetsToLL_M-50_TuneCP5_13TeV-madgraphMLM-pythia8/RunIISummer19UL17NanoAODv2-106X_mc2017_realistic_v8-v1/NANOAODSIM/B2DDAC2E-AE6C-8B45-8A01-9059093A7507_skimjec_3.root', '/eos/cms/store/group/phys_tau/TauFW/nano/UL2017/DYJetsToLL_M-50_TuneCP5_13TeV-madgraphMLM-pythia8/RunIISummer19UL17NanoAODv2-106X_mc2017_realistic_v8-v1/NANOAODSIM/B2DDAC2E-AE6C-8B45-8A01-9059093A7507_skimjec_4.root', '/eos/cms/store/group/phys_tau/TauFW/nano/UL2017/DYJetsToLL_M-50_TuneCP5_13TeV-madgraphMLM-pythia8/RunIISummer19UL17NanoAODv2-106X_mc2017_realistic_v8-v1/NANOAODSIM/B36C7929-7549-FF41-A413-9D8133914CCD_skimjec_0.root', '/eos/cms/store/group/phys_tau/TauFW/nano/UL2017/DYJetsToLL_M-50_TuneCP5_13TeV-madgraphMLM-pythia8/RunIISummer19UL17NanoAODv2-106X_mc2017_realistic_v8-v1/NANOAODSIM/B36C7929-7549-FF41-A413-9D8133914CCD_skimjec_1.root', '/eos/cms/store/group/phys_tau/TauFW/nano/UL2017/DYJetsToLL_M-50_TuneCP5_13TeV-madgraphMLM-pythia8/RunIISummer19UL17NanoAODv2-106X_mc2017_realistic_v8-v1/NANOAODSIM/B36C7929-7549-FF41-A413-9D8133914CCD_skimjec_2.root']
>>> outfname     = './pico_etau_EES1p01_62.root'
>>> branchsel    = '/afs/cern.ch/work/l/lvigilan/TauWork/CMSSW_10_6_17_patch1/python/TauFW/PicoProducer/processors/keep_and_drop_skim.txt'
>>> json         = None
>>> prefetch     = False
>>> cwd          = /pool/condor/dir_7855
--------------------------------------------------------------------------------

   ################
   #  ModuleETau  #
   ################

Loading PileupWeightTool for '/afs/cern.ch/work/l/lvigilan/TauWork/CMSSW_10_6_17_patch1/src/TauFW/PicoProducer/data/pileup/Data_PileUp_UL2017_69p2.root' and '/afs/cern.ch/work/l/lvigilan/TauWork/CMSSW_10_6_17_patch1/src/TauFW/PicoProducer/data/pileup/MC_PileUp_UL2017_Summer19.root'
Loading BTagWeightTool for DeepCSV (medium WP)...
>>> BTagTool: [1m[33mWarning! [0m[33mHistogram 'etau/eff_DeepCSV_udsg_medium' does not exist in /afs/cern.ch/work/l/lvigilan/TauWork/CMSSW_10_6_17_patch1/src/TauFW/PicoProducer/data/btag/DeepCSV_2017_12Apr2017_eff.root! Reverting to default efficiency histogram...[0m
>>> BTagTool: [1m[33mWarning! [0m[33mHistogram 'etau/eff_DeepCSV_c_medium' does not exist in /afs/cern.ch/work/l/lvigilan/TauWork/CMSSW_10_6_17_patch1/src/TauFW/PicoProducer/data/btag/DeepCSV_2017_12Apr2017_eff.root! Reverting to default efficiency histogram...[0m
>>> BTagTool: [1m[33mWarning! [0m[33mHistogram 'etau/eff_DeepCSV_b_medium' does not exist in /afs/cern.ch/work/l/lvigilan/TauWork/CMSSW_10_6_17_patch1/src/TauFW/PicoProducer/data/btag/DeepCSV_2017_12Apr2017_eff.root! Reverting to default efficiency histogram...[0m
>>> BTagTool: [1m[33mWarning! [0m[33mMade use of default efficiency histograms! The b tag weights from this module should be regarded as placeholders only,
and should NOT be used for analyses. B (mis)tag efficiencies in MC are analysis dependent. Please create your own
efficiency histogram with data/btag/getBTagEfficiencies.py after running all MC samples with BTagWeightTool.[0m
Loading TreeProducerETau for './pico_etau_EES1p01_62.root'
--------------------------------------------------------------------------------
>>> filename     = './pico_etau_EES1p01_62.root'
>>> year         = 2017
>>> dtype        = 'mc'
>>> channel      = 'etau'
>>> ismc         = True
>>> isdata       = False
>>> isembed      = False
>>> tes          = 1.0
>>> tessys       = None
>>> fes          = None
>>> ltf          = None
>>> jtf          = 1.0
>>> dotoppt      = False
>>> dozpt        = True
>>> dojec        = True
>>> dojecsys     = True
>>> dotight      = False
>>> useT1        = True
>>> jetCutPt     = 30
>>> bjetCutEta   = 2.7
>>> tauwp        = 0
>>> eleCutPt     = 36
>>> eleCutEta    = 2.1
>>> tauCutPt     = 20
>>> tauCutEta    = 2.3
>>> ZpeekReso    = 0.1
Pre-select 231412 entries out of 231412 (100.00%)
Processed    10000/  231412 entries,  4.32% (elapsed time    11.4s, curr speed    0.874 kHz, avg speed    0.874 kHz), accepted      856/   10001 events ( 8.56%)
Processed    20000/  231412 entries,  8.64% (elapsed time    17.7s, curr speed    1.587 kHz, avg speed    1.127 kHz), accepted     1620/   20001 events ( 8.10%)
Processed    30000/  231412 entries, 12.96% (elapsed time    23.8s, curr speed    1.638 kHz, avg speed    1.258 kHz), accepted     2431/   30001 events ( 8.10%)
Processed    40000/  231412 entries, 17.29% (elapsed time    29.9s, curr speed    1.653 kHz, avg speed    1.338 kHz), accepted     3200/   40001 events ( 8.00%)
Processed    50000/  231412 entries, 21.61% (elapsed time    35.0s, curr speed    1.965 kHz, avg speed    1.429 kHz), accepted     3989/   50001 events ( 7.98%)
Processed    60000/  231412 entries, 25.93% (elapsed time    42.6s, curr speed    1.320 kHz, avg speed    1.410 kHz), accepted     4774/   60001 events ( 7.96%)
Processed    70000/  231412 entries, 30.25% (elapsed time    47.8s, curr speed    1.897 kHz, avg speed    1.463 kHz), accepted     5517/   70001 events ( 7.88%)
Processed    80000/  231412 entries, 34.57% (elapsed time    53.4s, curr speed    1.807 kHz, avg speed    1.499 kHz), accepted     6331/   80001 events ( 7.91%)
Processed    90000/  231412 entries, 38.89% (elapsed time    58.4s, curr speed    1.992 kHz, avg speed    1.541 kHz), accepted     7094/   90001 events ( 7.88%)
Processed   100000/  231412 entries, 43.21% (elapsed time    63.3s, curr speed    2.024 kHz, avg speed    1.579 kHz), accepted     7851/  100001 events ( 7.85%)
Processed   110000/  231412 entries, 47.53% (elapsed time    69.0s, curr speed    1.780 kHz, avg speed    1.595 kHz), accepted     8670/  110001 events ( 7.88%)
Processed   120000/  231412 entries, 51.86% (elapsed time    73.7s, curr speed    2.087 kHz, avg speed    1.627 kHz), accepted     9402/  120001 events ( 7.83%)
Processed   130000/  231412 entries, 56.18% (elapsed time    79.0s, curr speed    1.889 kHz, avg speed    1.645 kHz), accepted    10119/  130001 events ( 7.78%)
Processed   140000/  231412 entries, 60.50% (elapsed time    83.7s, curr speed    2.125 kHz, avg speed    1.672 kHz), accepted    10866/  140001 events ( 7.76%)
Processed   150000/  231412 entries, 64.82% (elapsed time    89.0s, curr speed    1.893 kHz, avg speed    1.685 kHz), accepted    11693/  150001 events ( 7.80%)
Processed   160000/  231412 entries, 69.14% (elapsed time    94.5s, curr speed    1.831 kHz, avg speed    1.693 kHz), accepted    12527/  160001 events ( 7.83%)
Processed   170000/  231412 entries, 73.46% (elapsed time   100.3s, curr speed    1.723 kHz, avg speed    1.695 kHz), accepted    13320/  170001 events ( 7.84%)
Processed   180000/  231412 entries, 77.78% (elapsed time   105.5s, curr speed    1.934 kHz, avg speed    1.707 kHz), accepted    14131/  180001 events ( 7.85%)
Processed   190000/  231412 entries, 82.10% (elapsed time   110.6s, curr speed    1.964 kHz, avg speed    1.719 kHz), accepted    14896/  190001 events ( 7.84%)
Processed   200000/  231412 entries, 86.43% (elapsed time   116.3s, curr speed    1.725 kHz, avg speed    1.719 kHz), accepted    15682/  200001 events ( 7.84%)
Processed   210000/  231412 entries, 90.75% (elapsed time   122.3s, curr speed    1.680 kHz, avg speed    1.717 kHz), accepted    16475/  210001 events ( 7.85%)
Processed   220000/  231412 entries, 95.07% (elapsed time   127.5s, curr speed    1.936 kHz, avg speed    1.726 kHz), accepted    17276/  220001 events ( 7.85%)
Processed   230000/  231412 entries, 99.39% (elapsed time   132.5s, curr speed    1.989 kHz, avg speed    1.736 kHz), accepted    18067/  230001 events ( 7.86%)
Processed 231412 preselected entries from /eos/cms/store/group/phys_tau/TauFW/nano/UL2017/DYJetsToLL_M-50_TuneCP5_13TeV-madgraphMLM-pythia8/RunIISummer19UL17NanoAODv2-106X_mc2017_realistic_v8-v1/NANOAODSIM/B2DDAC2E-AE6C-8B45-8A01-9059093A7507_skimjec_3.root (231412 entries). Finally selected 18188 entries
Pre-select 231410 entries out of 231410 (100.00%)
Processed    10000/  231410 entries,  4.32% (elapsed time    10.3s, curr speed    0.972 kHz, avg speed    0.972 kHz), accepted      827/   10001 events ( 8.27%)
Processed    20000/  231410 entries,  8.64% (elapsed time    15.9s, curr speed    1.785 kHz, avg speed    1.259 kHz), accepted     1613/   20001 events ( 8.06%)
Processed    30000/  231410 entries, 12.96% (elapsed time    20.8s, curr speed    2.057 kHz, avg speed    1.446 kHz), accepted     2384/   30001 events ( 7.95%)
Processed    40000/  231410 entries, 17.29% (elapsed time    26.9s, curr speed    1.625 kHz, avg speed    1.487 kHz), accepted     3170/   40001 events ( 7.92%)
Processed    50000/  231410 entries, 21.61% (elapsed time    32.4s, curr speed    1.805 kHz, avg speed    1.541 kHz), accepted     3949/   50001 events ( 7.90%)
Processed    60000/  231410 entries, 25.93% (elapsed time    38.8s, curr speed    1.571 kHz, avg speed    1.546 kHz), accepted     4707/   60001 events ( 7.84%)
Processed    70000/  231410 entries, 30.25% (elapsed time    44.5s, curr speed    1.772 kHz, avg speed    1.575 kHz), accepted     5522/   70001 events ( 7.89%)
Processed    80000/  231410 entries, 34.57% (elapsed time    49.5s, curr speed    1.965 kHz, avg speed    1.615 kHz), accepted     6277/   80001 events ( 7.85%)
Processed    90000/  231410 entries, 38.89% (elapsed time    55.5s, curr speed    1.693 kHz, avg speed    1.623 kHz), accepted     7048/   90001 events ( 7.83%)
Processed   100000/  231410 entries, 43.21% (elapsed time    60.8s, curr speed    1.865 kHz, avg speed    1.644 kHz), accepted     7818/  100001 events ( 7.82%)
Processed   110000/  231410 entries, 47.53% (elapsed time    66.6s, curr speed    1.739 kHz, avg speed    1.652 kHz), accepted     8561/  110001 events ( 7.78%)
Processed   120000/  231410 entries, 51.86% (elapsed time    72.9s, curr speed    1.574 kHz, avg speed    1.646 kHz), accepted     9321/  120001 events ( 7.77%)
Processed   130000/  231410 entries, 56.18% (elapsed time    78.7s, curr speed    1.739 kHz, avg speed    1.653 kHz), accepted    10078/  130001 events ( 7.75%)
Processed   140000/  231410 entries, 60.50% (elapsed time    84.7s, curr speed    1.662 kHz, avg speed    1.653 kHz), accepted    10830/  140001 events ( 7.74%)
Processed   150000/  231410 entries, 64.82% (elapsed time    89.5s, curr speed    2.089 kHz, avg speed    1.677 kHz), accepted    11606/  150001 events ( 7.74%)
Processed   160000/  231410 entries, 69.14% (elapsed time    96.4s, curr speed    1.442 kHz, avg speed    1.660 kHz), accepted    12374/  160001 events ( 7.73%)
Processed   170000/  231410 entries, 73.46% (elapsed time   101.7s, curr speed    1.874 kHz, avg speed    1.671 kHz), accepted    13133/  170001 events ( 7.73%)
Processed   180000/  231410 entries, 77.78% (elapsed time   106.7s, curr speed    1.999 kHz, avg speed    1.686 kHz), accepted    13835/  180001 events ( 7.69%)
Processed   190000/  231410 entries, 82.11% (elapsed time   112.7s, curr speed    1.671 kHz, avg speed    1.685 kHz), accepted    14650/  190001 events ( 7.71%)
Processed   200000/  231410 entries, 86.43% (elapsed time   118.4s, curr speed    1.761 kHz, avg speed    1.689 kHz), accepted    15401/  200001 events ( 7.70%)
Processed   210000/  231410 entries, 90.75% (elapsed time   124.3s, curr speed    1.694 kHz, avg speed    1.689 kHz), accepted    16173/  210001 events ( 7.70%)
Processed   220000/  231410 entries, 95.07% (elapsed time   130.2s, curr speed    1.703 kHz, avg speed    1.690 kHz), accepted    16911/  220001 events ( 7.69%)
Processed   230000/  231410 entries, 99.39% (elapsed time   135.6s, curr speed    1.854 kHz, avg speed    1.696 kHz), accepted    17695/  230001 events ( 7.69%)
Processed 231410 preselected entries from /eos/cms/store/group/phys_tau/TauFW/nano/UL2017/DYJetsToLL_M-50_TuneCP5_13TeV-madgraphMLM-pythia8/RunIISummer19UL17NanoAODv2-106X_mc2017_realistic_v8-v1/NANOAODSIM/B2DDAC2E-AE6C-8B45-8A01-9059093A7507_skimjec_4.root (231410 entries). Finally selected 17814 entries
Pre-select 222886 entries out of 222886 (100.00%)
Processed    10000/  222886 entries,  4.49% (elapsed time     9.8s, curr speed    1.022 kHz, avg speed    1.022 kHz), accepted      761/   10001 events ( 7.61%)
Processed    20000/  222886 entries,  8.97% (elapsed time    15.9s, curr speed    1.636 kHz, avg speed    1.259 kHz), accepted     1522/   20001 events ( 7.61%)
Processed    30000/  222886 entries, 13.46% (elapsed time    22.2s, curr speed    1.576 kHz, avg speed    1.349 kHz), accepted     2320/   30001 events ( 7.73%)
Processed    40000/  222886 entries, 17.95% (elapsed time    28.2s, curr speed    1.677 kHz, avg speed    1.418 kHz), accepted     3093/   40001 events ( 7.73%)
Processed    50000/  222886 entries, 22.43% (elapsed time    34.3s, curr speed    1.634 kHz, avg speed    1.457 kHz), accepted     3901/   50001 events ( 7.80%)
Processed    60000/  222886 entries, 26.92% (elapsed time    41.4s, curr speed    1.417 kHz, avg speed    1.450 kHz), accepted     4700/   60001 events ( 7.83%)
Processed    70000/  222886 entries, 31.41% (elapsed time    46.7s, curr speed    1.886 kHz, avg speed    1.500 kHz), accepted     5515/   70001 events ( 7.88%)
Processed    80000/  222886 entries, 35.89% (elapsed time    53.4s, curr speed    1.481 kHz, avg speed    1.497 kHz), accepted     6298/   80001 events ( 7.87%)
Processed    90000/  222886 entries, 40.38% (elapsed time    59.0s, curr speed    1.810 kHz, avg speed    1.527 kHz), accepted     7101/   90001 events ( 7.89%)
Processed   100000/  222886 entries, 44.87% (elapsed time    65.3s, curr speed    1.567 kHz, avg speed    1.530 kHz), accepted     7905/  100001 events ( 7.90%)
Processed   110000/  222886 entries, 49.35% (elapsed time    72.1s, curr speed    1.480 kHz, avg speed    1.526 kHz), accepted     8666/  110001 events ( 7.88%)
Processed   120000/  222886 entries, 53.84% (elapsed time    80.5s, curr speed    1.183 kHz, avg speed    1.490 kHz), accepted     9501/  120001 events ( 7.92%)
Processed   130000/  222886 entries, 58.33% (elapsed time    86.2s, curr speed    1.783 kHz, avg speed    1.509 kHz), accepted    10276/  130001 events ( 7.90%)
Processed   140000/  222886 entries, 62.81% (elapsed time    90.9s, curr speed    2.121 kHz, avg speed    1.541 kHz), accepted    11058/  140001 events ( 7.90%)
Processed   150000/  222886 entries, 67.30% (elapsed time    97.3s, curr speed    1.566 kHz, avg speed    1.542 kHz), accepted    11814/  150001 events ( 7.88%)
Processed   160000/  222886 entries, 71.79% (elapsed time   103.0s, curr speed    1.745 kHz, avg speed    1.554 kHz), accepted    12602/  160001 events ( 7.88%)
Processed   170000/  222886 entries, 76.27% (elapsed time   108.9s, curr speed    1.699 kHz, avg speed    1.561 kHz), accepted    13377/  170001 events ( 7.87%)
Processed   180000/  222886 entries, 80.76% (elapsed time   115.7s, curr speed    1.470 kHz, avg speed    1.556 kHz), accepted    14144/  180001 events ( 7.86%)
Processed   190000/  222886 entries, 85.25% (elapsed time   120.7s, curr speed    1.996 kHz, avg speed    1.574 kHz), accepted    14938/  190001 events ( 7.86%)
Processed   200000/  222886 entries, 89.73% (elapsed time   125.7s, curr speed    1.978 kHz, avg speed    1.591 kHz), accepted    15720/  200001 events ( 7.86%)
Processed   210000/  222886 entries, 94.22% (elapsed time   131.6s, curr speed    1.718 kHz, avg speed    1.596 kHz), accepted    16481/  210001 events ( 7.85%)
Processed   220000/  222886 entries, 98.71% (elapsed time   137.8s, curr speed    1.612 kHz, avg speed    1.597 kHz), accepted    17286/  220001 events ( 7.86%)
Processed 222886 preselected entries from /eos/cms/store/group/phys_tau/TauFW/nano/UL2017/DYJetsToLL_M-50_TuneCP5_13TeV-madgraphMLM-pythia8/RunIISummer19UL17NanoAODv2-106X_mc2017_realistic_v8-v1/NANOAODSIM/B36C7929-7549-FF41-A413-9D8133914CCD_skimjec_0.root (222886 entries). Finally selected 17519 entries
Pre-select 222886 entries out of 222886 (100.00%)
Processed    10000/  222886 entries,  4.49% (elapsed time     9.4s, curr speed    1.061 kHz, avg speed    1.061 kHz), accepted      767/   10001 events ( 7.67%)
Processed    20000/  222886 entries,  8.97% (elapsed time    15.9s, curr speed    1.549 kHz, avg speed    1.259 kHz), accepted     1558/   20001 events ( 7.79%)
Processed    30000/  222886 entries, 13.46% (elapsed time    20.7s, curr speed    2.084 kHz, avg speed    1.450 kHz), accepted     2354/   30001 events ( 7.85%)
Processed    40000/  222886 entries, 17.95% (elapsed time    25.4s, curr speed    2.138 kHz, avg speed    1.577 kHz), accepted     3112/   40001 events ( 7.78%)
Processed    50000/  222886 entries, 22.43% (elapsed time    29.9s, curr speed    2.204 kHz, avg speed    1.672 kHz), accepted     3850/   50001 events ( 7.70%)
Processed    60000/  222886 entries, 26.92% (elapsed time    37.8s, curr speed    1.269 kHz, avg speed    1.588 kHz), accepted     4679/   60001 events ( 7.80%)
Processed    70000/  222886 entries, 31.41% (elapsed time    43.2s, curr speed    1.832 kHz, avg speed    1.619 kHz), accepted     5425/   70001 events ( 7.75%)
Processed    80000/  222886 entries, 35.89% (elapsed time    48.4s, curr speed    1.954 kHz, avg speed    1.655 kHz), accepted     6166/   80001 events ( 7.71%)
Processed    90000/  222886 entries, 40.38% (elapsed time    54.3s, curr speed    1.668 kHz, avg speed    1.656 kHz), accepted     6974/   90001 events ( 7.75%)
Processed   100000/  222886 entries, 44.87% (elapsed time    60.5s, curr speed    1.637 kHz, avg speed    1.654 kHz), accepted     7770/  100001 events ( 7.77%)
Processed   110000/  222886 entries, 49.35% (elapsed time    66.2s, curr speed    1.752 kHz, avg speed    1.663 kHz), accepted     8526/  110001 events ( 7.75%)
Processed   120000/  222886 entries, 53.84% (elapsed time    72.0s, curr speed    1.723 kHz, avg speed    1.668 kHz), accepted     9295/  120001 events ( 7.75%)
Processed   130000/  222886 entries, 58.33% (elapsed time    78.2s, curr speed    1.610 kHz, avg speed    1.663 kHz), accepted    10110/  130001 events ( 7.78%)
Processed   140000/  222886 entries, 62.81% (elapsed time    83.9s, curr speed    1.748 kHz, avg speed    1.669 kHz), accepted    10856/  140001 events ( 7.75%)
Processed   150000/  222886 entries, 67.30% (elapsed time    89.1s, curr speed    1.932 kHz, avg speed    1.684 kHz), accepted    11605/  150001 events ( 7.74%)
Processed   160000/  222886 entries, 71.79% (elapsed time    94.4s, curr speed    1.884 kHz, avg speed    1.695 kHz), accepted    12375/  160001 events ( 7.73%)
Processed   170000/  222886 entries, 76.27% (elapsed time    99.8s, curr speed    1.860 kHz, avg speed    1.704 kHz), accepted    13160/  170001 events ( 7.74%)
Processed   180000/  222886 entries, 80.76% (elapsed time   105.0s, curr speed    1.893 kHz, avg speed    1.714 kHz), accepted    13943/  180001 events ( 7.75%)
Processed   190000/  222886 entries, 85.25% (elapsed time   110.5s, curr speed    1.835 kHz, avg speed    1.720 kHz), accepted    14750/  190001 events ( 7.76%)
Processed   200000/  222886 entries, 89.73% (elapsed time   115.5s, curr speed    2.012 kHz, avg speed    1.732 kHz), accepted    15499/  200001 events ( 7.75%)
Processed   210000/  222886 entries, 94.22% (elapsed time   120.6s, curr speed    1.961 kHz, avg speed    1.742 kHz), accepted    16285/  210001 events ( 7.75%)
Processed   220000/  222886 entries, 98.71% (elapsed time   126.1s, curr speed    1.792 kHz, avg speed    1.744 kHz), accepted    17106/  220001 events ( 7.78%)
Processed 222886 preselected entries from /eos/cms/store/group/phys_tau/TauFW/nano/UL2017/DYJetsToLL_M-50_TuneCP5_13TeV-madgraphMLM-pythia8/RunIISummer19UL17NanoAODv2-106X_mc2017_realistic_v8-v1/NANOAODSIM/B36C7929-7549-FF41-A413-9D8133914CCD_skimjec_1.root (222886 entries). Finally selected 17337 entries
Pre-select 222886 entries out of 222886 (100.00%)
Processed    10000/  222886 entries,  4.49% (elapsed time    11.9s, curr speed    0.837 kHz, avg speed    0.837 kHz), accepted      792/   10001 events ( 7.92%)
Processed    20000/  222886 entries,  8.97% (elapsed time    18.5s, curr speed    1.533 kHz, avg speed    1.083 kHz), accepted     1596/   20001 events ( 7.98%)
Processed    30000/  222886 entries, 13.46% (elapsed time    24.1s, curr speed    1.788 kHz, avg speed    1.247 kHz), accepted     2385/   30001 events ( 7.95%)
Processed    40000/  222886 entries, 17.95% (elapsed time    29.9s, curr speed    1.700 kHz, avg speed    1.336 kHz), accepted     3194/   40001 events ( 7.98%)
Processed    50000/  222886 entries, 22.43% (elapsed time    35.5s, curr speed    1.814 kHz, avg speed    1.410 kHz), accepted     3937/   50001 events ( 7.87%)
Processed    60000/  222886 entries, 26.92% (elapsed time    41.5s, curr speed    1.668 kHz, avg speed    1.447 kHz), accepted     4714/   60001 events ( 7.86%)
Processed    70000/  222886 entries, 31.41% (elapsed time    48.1s, curr speed    1.505 kHz, avg speed    1.455 kHz), accepted     5507/   70001 events ( 7.87%)
Processed    80000/  222886 entries, 35.89% (elapsed time    54.1s, curr speed    1.663 kHz, avg speed    1.478 kHz), accepted     6294/   80001 events ( 7.87%)
Processed    90000/  222886 entries, 40.38% (elapsed time    60.2s, curr speed    1.653 kHz, avg speed    1.496 kHz), accepted     7063/   90001 events ( 7.85%)
Processed   100000/  222886 entries, 44.87% (elapsed time    65.6s, curr speed    1.856 kHz, avg speed    1.525 kHz), accepted     7831/  100001 events ( 7.83%)
Processed   110000/  222886 entries, 49.35% (elapsed time    72.9s, curr speed    1.356 kHz, avg speed    1.508 kHz), accepted     8619/  110001 events ( 7.84%)
Processed   120000/  222886 entries, 53.84% (elapsed time    78.5s, curr speed    1.790 kHz, avg speed    1.528 kHz), accepted     9384/  120001 events ( 7.82%)
Processed   130000/  222886 entries, 58.33% (elapsed time    86.3s, curr speed    1.283 kHz, avg speed    1.506 kHz), accepted    10171/  130001 events ( 7.82%)
Processed   140000/  222886 entries, 62.81% (elapsed time    93.6s, curr speed    1.368 kHz, avg speed    1.495 kHz), accepted    10920/  140001 events ( 7.80%)
Processed   150000/  222886 entries, 67.30% (elapsed time    99.1s, curr speed    1.818 kHz, avg speed    1.513 kHz), accepted    11669/  150001 events ( 7.78%)
Processed   160000/  222886 entries, 71.79% (elapsed time   104.8s, curr speed    1.750 kHz, avg speed    1.526 kHz), accepted    12462/  160001 events ( 7.79%)
Processed   170000/  222886 entries, 76.27% (elapsed time   110.2s, curr speed    1.857 kHz, avg speed    1.542 kHz), accepted    13250/  170001 events ( 7.79%)
Processed   180000/  222886 entries, 80.76% (elapsed time   116.3s, curr speed    1.644 kHz, avg speed    1.548 kHz), accepted    14072/  180001 events ( 7.82%)
Processed   190000/  222886 entries, 85.25% (elapsed time   121.6s, curr speed    1.906 kHz, avg speed    1.563 kHz), accepted    14873/  190001 events ( 7.83%)
Processed   200000/  222886 entries, 89.73% (elapsed time   127.4s, curr speed    1.699 kHz, avg speed    1.569 kHz), accepted    15666/  200001 events ( 7.83%)
Processed   210000/  222886 entries, 94.22% (elapsed time   132.4s, curr speed    2.005 kHz, avg speed    1.586 kHz), accepted    16429/  210001 events ( 7.82%)
Processed   220000/  222886 entries, 98.71% (elapsed time   137.7s, curr speed    1.899 kHz, avg speed    1.598 kHz), accepted    17220/  220001 events ( 7.83%)
Processed 222886 preselected entries from /eos/cms/store/group/phys_tau/TauFW/nano/UL2017/DYJetsToLL_M-50_TuneCP5_13TeV-madgraphMLM-pythia8/RunIISummer19UL17NanoAODv2-106X_mc2017_realistic_v8-v1/NANOAODSIM/B36C7929-7549-FF41-A413-9D8133914CCD_skimjec_2.root (222886 entries). Finally selected 17441 entries
Total time 678.1 sec. to process 1131480 events. Rate = 1668.5 Hz.
>>> cwd          = /pool/condor/dir_7855
>>> ls           = ['.job.ad', '.machine.ad', 'tmp', 'lvigilan.cc', '_condor_stdout', 'pico_etau_EES1p01_62.root', 'x509_voms', '.update.ad', '.chirp.config', 'condor_exec.exe', 'var']
>>> getstorage('/eos/home-l/lvigilan/output_ETauFR_UL17_RUN1/UL2017/etau/DYJetsToLL_M-50'), <EOS("/eos/home-l/lvigilan/output_ETauFR_UL17_RUN1/UL2017/etau/DYJetsToLL_M-50") at 0x2b3d992a5d50>
>>> Executing: 'cp ./pico_etau_EES1p01_62.root /eos/home-l/lvigilan/output_ETauFR_UL17_RUN1/UL2017/etau/DYJetsToLL_M-50'
>>> Removing './pico_etau_EES1p01_62.root'...
>>> picojob.py done after 702.2 seconds

Job complete at Tue Jun  8 10:22:17 CEST 2021
Took 11 minutes 44 seconds040 (2368933.062.000) 06/08 10:22:17 Finished transferring output files
...
005 (2368933.062.000) 06/08 10:22:17 Job terminated.
	(1) Normal termination (return value 0)
		Usr 0 00:08:46, Sys 0 00:00:24  -  Run Remote Usage
		Usr 0 00:00:00, Sys 0 00:00:00  -  Run Local Usage
		Usr 0 00:08:46, Sys 0 00:00:24  -  Total Remote Usage
		Usr 0 00:00:00, Sys 0 00:00:00  -  Total Local Usage
	35875  -  Run Bytes Sent By Job
	9926  -  Run Bytes Received By Job
	35875  -  Total Bytes Sent By Job
	9926  -  Total Bytes Received By Job
	Partitionable Resources :    Usage  Request Allocated 
	   Cpus                 :     0.89        1         1 
	   Disk (KB)            : 11859           1    359548 
	   Memory (MB)          :   281        2000      2000 

	Job terminated of its own accord at 2021-06-08T08:22:17Z.
...
