Could not find platform independent libraries <prefix>
Could not find platform dependent libraries <exec_prefix>
Consider setting $PYTHONHOME to <prefix>[:<exec_prefix>]
ImportError: No module named site
Job start at Mon Jun  7 18:53:27 CEST 2021
Running job on machine Linux b7s10n3925.cern.ch 3.10.0-1160.24.1.el7.x86_64 #1 SMP Thu Apr 8 19:51:47 UTC 2021 x86_64 x86_64 x86_64 GNU/Linux, host b7s10n3925.cern.ch
============================================================
$PWD=/pool/condor/dir_29115
$JOBID=2367585
$TASKID=14
$HOSTNAME=b7s10n3925.cern.ch
$TASKCMD=/afs/cern.ch/work/l/lvigilan/TauWork/CMSSW_10_6_17_patch1/src/TauFW/PicoProducer/python/processors/picojob.py -y UL2017 -d 'mc' -c etau -M ETauFakeRate.ModuleETau --copydir /eos/home-l/lvigilan/output_ETauFR_UL17_RUN1/UL2017/etau/DYJetsToLL_M-50 -t _etau_14 --opt 'useT1=True' 'zpt=True' -i /eos/cms/store/group/phys_tau/TauFW/nano/UL2017/DYJetsToLL_M-50_TuneCP5_13TeV-madgraphMLM-pythia8/RunIISummer19UL17NanoAODv2-106X_mc2017_realistic_v8-v1/NANOAODSIM/254E8445-1046-7146-92D1-82B7169F08BD_skimjec_3.root /eos/cms/store/group/phys_tau/TauFW/nano/UL2017/DYJetsToLL_M-50_TuneCP5_13TeV-madgraphMLM-pythia8/RunIISummer19UL17NanoAODv2-106X_mc2017_realistic_v8-v1/NANOAODSIM/254E8445-1046-7146-92D1-82B7169F08BD_skimjec_4.root /eos/cms/store/group/phys_tau/TauFW/nano/UL2017/DYJetsToLL_M-50_TuneCP5_13TeV-madgraphMLM-pythia8/RunIISummer19UL17NanoAODv2-106X_mc2017_realistic_v8-v1/NANOAODSIM/2621CA1D-CBFF-4948-B9BA-91C4749E00A9_skimjec_0.root /eos/cms/store/group/phys_tau/TauFW/nano/UL2017/DYJetsToLL_M-50_TuneCP5_13TeV-madgraphMLM-pythia8/RunIISummer19UL17NanoAODv2-106X_mc2017_realistic_v8-v1/NANOAODSIM/2621CA1D-CBFF-4948-B9BA-91C4749E00A9_skimjec_1.root /eos/cms/store/group/phys_tau/TauFW/nano/UL2017/DYJetsToLL_M-50_TuneCP5_13TeV-madgraphMLM-pythia8/RunIISummer19UL17NanoAODv2-106X_mc2017_realistic_v8-v1/NANOAODSIM/2621CA1D-CBFF-4948-B9BA-91C4749E00A9_skimjec_2.root
$WORKDIR=/pool/condor/dir_29115
>>> cd /afs/cern.ch/work/l/lvigilan/TauWork/CMSSW_10_6_17_patch1/src
>>> eval `scramv1 runtime -sh`
>>> cd /pool/condor/dir_29115
$PWD=/pool/condor/dir_29115
>>> /afs/cern.ch/work/l/lvigilan/TauWork/CMSSW_10_6_17_patch1/src/TauFW/PicoProducer/python/processors/picojob.py -y UL2017 -d 'mc' -c etau -M ETauFakeRate.ModuleETau --copydir /eos/home-l/lvigilan/output_ETauFR_UL17_RUN1/UL2017/etau/DYJetsToLL_M-50 -t _etau_14 --opt 'useT1=True' 'zpt=True' -i /eos/cms/store/group/phys_tau/TauFW/nano/UL2017/DYJetsToLL_M-50_TuneCP5_13TeV-madgraphMLM-pythia8/RunIISummer19UL17NanoAODv2-106X_mc2017_realistic_v8-v1/NANOAODSIM/254E8445-1046-7146-92D1-82B7169F08BD_skimjec_3.root /eos/cms/store/group/phys_tau/TauFW/nano/UL2017/DYJetsToLL_M-50_TuneCP5_13TeV-madgraphMLM-pythia8/RunIISummer19UL17NanoAODv2-106X_mc2017_realistic_v8-v1/NANOAODSIM/254E8445-1046-7146-92D1-82B7169F08BD_skimjec_4.root /eos/cms/store/group/phys_tau/TauFW/nano/UL2017/DYJetsToLL_M-50_TuneCP5_13TeV-madgraphMLM-pythia8/RunIISummer19UL17NanoAODv2-106X_mc2017_realistic_v8-v1/NANOAODSIM/2621CA1D-CBFF-4948-B9BA-91C4749E00A9_skimjec_0.root /eos/cms/store/group/phys_tau/TauFW/nano/UL2017/DYJetsToLL_M-50_TuneCP5_13TeV-madgraphMLM-pythia8/RunIISummer19UL17NanoAODv2-106X_mc2017_realistic_v8-v1/NANOAODSIM/2621CA1D-CBFF-4948-B9BA-91C4749E00A9_skimjec_1.root /eos/cms/store/group/phys_tau/TauFW/nano/UL2017/DYJetsToLL_M-50_TuneCP5_13TeV-madgraphMLM-pythia8/RunIISummer19UL17NanoAODv2-106X_mc2017_realistic_v8-v1/NANOAODSIM/2621CA1D-CBFF-4948-B9BA-91C4749E00A9_skimjec_2.root
Error in <TGClient::TGClient>: can't open display "localhost:19.0", switching to batch mode...
 In case you run from a remote ssh session, reconnect with ssh -Y
--------------------------------------------------------------------------------
>>> era          = 'UL2017'
>>> year         = 2017
>>> channel      = 'etau'
>>> modname      = 'ETauFakeRate.ModuleETau'
>>> dtype        = 'mc'
>>> kwargs       = {'dtype': 'mc', 'zpt': True, 'useT1': True, 'verb': 0, 'era': 'UL2017', 'year': 2017}
>>> firstevt     = 0
>>> maxevts      = None
>>> outdir       = '.'
>>> copydir      = '/eos/home-l/lvigilan/output_ETauFR_UL17_RUN1/UL2017/etau/DYJetsToLL_M-50'
>>> infiles      = ['/eos/cms/store/group/phys_tau/TauFW/nano/UL2017/DYJetsToLL_M-50_TuneCP5_13TeV-madgraphMLM-pythia8/RunIISummer19UL17NanoAODv2-106X_mc2017_realistic_v8-v1/NANOAODSIM/254E8445-1046-7146-92D1-82B7169F08BD_skimjec_3.root', '/eos/cms/store/group/phys_tau/TauFW/nano/UL2017/DYJetsToLL_M-50_TuneCP5_13TeV-madgraphMLM-pythia8/RunIISummer19UL17NanoAODv2-106X_mc2017_realistic_v8-v1/NANOAODSIM/254E8445-1046-7146-92D1-82B7169F08BD_skimjec_4.root', '/eos/cms/store/group/phys_tau/TauFW/nano/UL2017/DYJetsToLL_M-50_TuneCP5_13TeV-madgraphMLM-pythia8/RunIISummer19UL17NanoAODv2-106X_mc2017_realistic_v8-v1/NANOAODSIM/2621CA1D-CBFF-4948-B9BA-91C4749E00A9_skimjec_0.root', '/eos/cms/store/group/phys_tau/TauFW/nano/UL2017/DYJetsToLL_M-50_TuneCP5_13TeV-madgraphMLM-pythia8/RunIISummer19UL17NanoAODv2-106X_mc2017_realistic_v8-v1/NANOAODSIM/2621CA1D-CBFF-4948-B9BA-91C4749E00A9_skimjec_1.root', '/eos/cms/store/group/phys_tau/TauFW/nano/UL2017/DYJetsToLL_M-50_TuneCP5_13TeV-madgraphMLM-pythia8/RunIISummer19UL17NanoAODv2-106X_mc2017_realistic_v8-v1/NANOAODSIM/2621CA1D-CBFF-4948-B9BA-91C4749E00A9_skimjec_2.root']
>>> outfname     = './pico_etau_14.root'
>>> branchsel    = '/afs/cern.ch/work/l/lvigilan/TauWork/CMSSW_10_6_17_patch1/python/TauFW/PicoProducer/processors/keep_and_drop_skim.txt'
>>> json         = None
>>> prefetch     = False
>>> cwd          = /pool/condor/dir_29115
--------------------------------------------------------------------------------

   ################
   #  ModuleETau  #
   ################

Loading PileupWeightTool for '/afs/cern.ch/work/l/lvigilan/TauWork/CMSSW_10_6_17_patch1/src/TauFW/PicoProducer/data/pileup/Data_PileUp_UL2017_69p2.root' and '/afs/cern.ch/work/l/lvigilan/TauWork/CMSSW_10_6_17_patch1/src/TauFW/PicoProducer/data/pileup/MC_PileUp_UL2017_Summer19.root'
Loading BTagWeightTool for DeepCSV (medium WP)...
>>> BTagTool: [1m[33mWarning! [0m[33mHistogram 'etau/eff_DeepCSV_udsg_medium' does not exist in /afs/cern.ch/work/l/lvigilan/TauWork/CMSSW_10_6_17_patch1/src/TauFW/PicoProducer/data/btag/DeepCSV_2017_12Apr2017_eff.root! Reverting to default efficiency histogram...[0m
>>> BTagTool: [1m[33mWarning! [0m[33mHistogram 'etau/eff_DeepCSV_c_medium' does not exist in /afs/cern.ch/work/l/lvigilan/TauWork/CMSSW_10_6_17_patch1/src/TauFW/PicoProducer/data/btag/DeepCSV_2017_12Apr2017_eff.root! Reverting to default efficiency histogram...[0m
>>> BTagTool: [1m[33mWarning! [0m[33mHistogram 'etau/eff_DeepCSV_b_medium' does not exist in /afs/cern.ch/work/l/lvigilan/TauWork/CMSSW_10_6_17_patch1/src/TauFW/PicoProducer/data/btag/DeepCSV_2017_12Apr2017_eff.root! Reverting to default efficiency histogram...[0m
>>> BTagTool: [1m[33mWarning! [0m[33mMade use of default efficiency histograms! The b tag weights from this module should be regarded as placeholders only,
and should NOT be used for analyses. B (mis)tag efficiencies in MC are analysis dependent. Please create your own
efficiency histogram with data/btag/getBTagEfficiencies.py after running all MC samples with BTagWeightTool.[0m
Loading TreeProducerETau for './pico_etau_14.root'
--------------------------------------------------------------------------------
>>> filename     = './pico_etau_14.root'
>>> year         = 2017
>>> dtype        = 'mc'
>>> channel      = 'etau'
>>> ismc         = True
>>> isdata       = False
>>> isembed      = False
>>> tes          = 1.0
>>> tessys       = None
>>> fes          = None
>>> ltf          = None
>>> jtf          = 1.0
>>> dotoppt      = False
>>> dozpt        = True
>>> dojec        = True
>>> dojecsys     = True
>>> dotight      = False
>>> useT1        = True
>>> jetCutPt     = 30
>>> bjetCutEta   = 2.7
>>> tauwp        = 0
>>> eleCutPt     = 36
>>> eleCutEta    = 2.1
>>> tauCutPt     = 20
>>> tauCutEta    = 2.3
>>> ZpeekReso    = 0.1
Pre-select 233020 entries out of 233020 (100.00%)
Processed    10000/  233020 entries,  4.29% (elapsed time     5.6s, curr speed    1.786 kHz, avg speed    1.786 kHz), accepted      764/   10001 events ( 7.64%)
Processed    20000/  233020 entries,  8.58% (elapsed time     7.9s, curr speed    4.404 kHz, avg speed    2.541 kHz), accepted     1507/   20001 events ( 7.53%)
Processed    30000/  233020 entries, 12.87% (elapsed time    10.7s, curr speed    3.492 kHz, avg speed    2.795 kHz), accepted     2291/   30001 events ( 7.64%)
Processed    40000/  233020 entries, 17.17% (elapsed time    13.3s, curr speed    3.970 kHz, avg speed    3.018 kHz), accepted     3052/   40001 events ( 7.63%)
Processed    50000/  233020 entries, 21.46% (elapsed time    15.7s, curr speed    4.102 kHz, avg speed    3.187 kHz), accepted     3836/   50001 events ( 7.67%)
Processed    60000/  233020 entries, 25.75% (elapsed time    18.2s, curr speed    3.916 kHz, avg speed    3.289 kHz), accepted     4641/   60001 events ( 7.73%)
Processed    70000/  233020 entries, 30.04% (elapsed time    20.8s, curr speed    3.958 kHz, avg speed    3.370 kHz), accepted     5449/   70001 events ( 7.78%)
Processed    80000/  233020 entries, 34.33% (elapsed time    23.5s, curr speed    3.637 kHz, avg speed    3.401 kHz), accepted     6256/   80001 events ( 7.82%)
Processed    90000/  233020 entries, 38.62% (elapsed time    25.8s, curr speed    4.341 kHz, avg speed    3.485 kHz), accepted     7051/   90001 events ( 7.83%)
Processed   100000/  233020 entries, 42.91% (elapsed time    28.1s, curr speed    4.338 kHz, avg speed    3.555 kHz), accepted     7800/  100001 events ( 7.80%)
Processed   110000/  233020 entries, 47.21% (elapsed time    30.7s, curr speed    3.903 kHz, avg speed    3.584 kHz), accepted     8571/  110001 events ( 7.79%)
Processed   120000/  233020 entries, 51.50% (elapsed time    33.2s, curr speed    4.066 kHz, avg speed    3.620 kHz), accepted     9299/  120001 events ( 7.75%)
Processed   130000/  233020 entries, 55.79% (elapsed time    35.7s, curr speed    3.982 kHz, avg speed    3.645 kHz), accepted    10078/  130001 events ( 7.75%)
Processed   140000/  233020 entries, 60.08% (elapsed time    38.0s, curr speed    4.242 kHz, avg speed    3.682 kHz), accepted    10840/  140001 events ( 7.74%)
Processed   150000/  233020 entries, 64.37% (elapsed time    41.3s, curr speed    3.090 kHz, avg speed    3.636 kHz), accepted    11653/  150001 events ( 7.77%)
Processed   160000/  233020 entries, 68.66% (elapsed time    44.0s, curr speed    3.588 kHz, avg speed    3.633 kHz), accepted    12482/  160001 events ( 7.80%)
Processed   170000/  233020 entries, 72.96% (elapsed time    46.5s, curr speed    3.991 kHz, avg speed    3.652 kHz), accepted    13220/  170001 events ( 7.78%)
Processed   180000/  233020 entries, 77.25% (elapsed time    48.9s, curr speed    4.267 kHz, avg speed    3.682 kHz), accepted    13968/  180001 events ( 7.76%)
Processed   190000/  233020 entries, 81.54% (elapsed time    51.3s, curr speed    4.229 kHz, avg speed    3.707 kHz), accepted    14737/  190001 events ( 7.76%)
Processed   200000/  233020 entries, 85.83% (elapsed time    53.8s, curr speed    3.957 kHz, avg speed    3.719 kHz), accepted    15528/  200001 events ( 7.76%)
Processed   210000/  233020 entries, 90.12% (elapsed time    56.2s, curr speed    4.142 kHz, avg speed    3.737 kHz), accepted    16283/  210001 events ( 7.75%)
Processed   220000/  233020 entries, 94.41% (elapsed time    58.7s, curr speed    4.049 kHz, avg speed    3.750 kHz), accepted    17128/  220001 events ( 7.79%)
Processed   230000/  233020 entries, 98.70% (elapsed time    61.1s, curr speed    4.175 kHz, avg speed    3.767 kHz), accepted    17909/  230001 events ( 7.79%)
Processed 233020 preselected entries from /eos/cms/store/group/phys_tau/TauFW/nano/UL2017/DYJetsToLL_M-50_TuneCP5_13TeV-madgraphMLM-pythia8/RunIISummer19UL17NanoAODv2-106X_mc2017_realistic_v8-v1/NANOAODSIM/254E8445-1046-7146-92D1-82B7169F08BD_skimjec_3.root (233020 entries). Finally selected 18143 entries
Pre-select 233016 entries out of 233016 (100.00%)
Processed    10000/  233016 entries,  4.29% (elapsed time     6.2s, curr speed    1.603 kHz, avg speed    1.603 kHz), accepted      797/   10001 events ( 7.97%)
Processed    20000/  233016 entries,  8.58% (elapsed time     8.6s, curr speed    4.200 kHz, avg speed    2.320 kHz), accepted     1603/   20001 events ( 8.01%)
Processed    30000/  233016 entries, 12.87% (elapsed time    11.1s, curr speed    4.093 kHz, avg speed    2.712 kHz), accepted     2396/   30001 events ( 7.99%)
Processed    40000/  233016 entries, 17.17% (elapsed time    13.5s, curr speed    4.109 kHz, avg speed    2.964 kHz), accepted     3212/   40001 events ( 8.03%)
Processed    50000/  233016 entries, 21.46% (elapsed time    15.8s, curr speed    4.305 kHz, avg speed    3.161 kHz), accepted     3931/   50001 events ( 7.86%)
Processed    60000/  233016 entries, 25.75% (elapsed time    18.2s, curr speed    4.245 kHz, avg speed    3.301 kHz), accepted     4706/   60001 events ( 7.84%)
Processed    70000/  233016 entries, 30.04% (elapsed time    21.0s, curr speed    3.601 kHz, avg speed    3.341 kHz), accepted     5460/   70001 events ( 7.80%)
Processed    80000/  233016 entries, 34.33% (elapsed time    23.4s, curr speed    4.092 kHz, avg speed    3.419 kHz), accepted     6240/   80001 events ( 7.80%)
Processed    90000/  233016 entries, 38.62% (elapsed time    25.9s, curr speed    4.047 kHz, avg speed    3.479 kHz), accepted     6997/   90001 events ( 7.77%)
Processed   100000/  233016 entries, 42.92% (elapsed time    28.3s, curr speed    4.097 kHz, avg speed    3.533 kHz), accepted     7733/  100001 events ( 7.73%)
Processed   110000/  233016 entries, 47.21% (elapsed time    30.8s, curr speed    3.967 kHz, avg speed    3.568 kHz), accepted     8511/  110001 events ( 7.74%)
Processed   120000/  233016 entries, 51.50% (elapsed time    33.3s, curr speed    4.046 kHz, avg speed    3.604 kHz), accepted     9303/  120001 events ( 7.75%)
Processed   130000/  233016 entries, 55.79% (elapsed time    35.6s, curr speed    4.443 kHz, avg speed    3.657 kHz), accepted    10040/  130001 events ( 7.72%)
Processed   140000/  233016 entries, 60.08% (elapsed time    37.9s, curr speed    4.242 kHz, avg speed    3.693 kHz), accepted    10807/  140001 events ( 7.72%)
Processed   150000/  233016 entries, 64.37% (elapsed time    40.2s, curr speed    4.274 kHz, avg speed    3.727 kHz), accepted    11558/  150001 events ( 7.71%)
Processed   160000/  233016 entries, 68.66% (elapsed time    42.8s, curr speed    3.957 kHz, avg speed    3.740 kHz), accepted    12326/  160001 events ( 7.70%)
Processed   170000/  233016 entries, 72.96% (elapsed time    45.4s, curr speed    3.883 kHz, avg speed    3.749 kHz), accepted    13099/  170001 events ( 7.71%)
Processed   180000/  233016 entries, 77.25% (elapsed time    47.7s, curr speed    4.273 kHz, avg speed    3.774 kHz), accepted    13848/  180001 events ( 7.69%)
Processed   190000/  233016 entries, 81.54% (elapsed time    50.1s, curr speed    4.207 kHz, avg speed    3.795 kHz), accepted    14602/  190001 events ( 7.69%)
Processed   200000/  233016 entries, 85.83% (elapsed time    52.3s, curr speed    4.425 kHz, avg speed    3.822 kHz), accepted    15326/  200001 events ( 7.66%)
Processed   210000/  233016 entries, 90.12% (elapsed time    54.6s, curr speed    4.347 kHz, avg speed    3.844 kHz), accepted    16073/  210001 events ( 7.65%)
Processed   220000/  233016 entries, 94.41% (elapsed time    57.2s, curr speed    3.927 kHz, avg speed    3.848 kHz), accepted    16820/  220001 events ( 7.65%)
Processed   230000/  233016 entries, 98.71% (elapsed time    59.4s, curr speed    4.538 kHz, avg speed    3.873 kHz), accepted    17584/  230001 events ( 7.65%)
Processed 233016 preselected entries from /eos/cms/store/group/phys_tau/TauFW/nano/UL2017/DYJetsToLL_M-50_TuneCP5_13TeV-madgraphMLM-pythia8/RunIISummer19UL17NanoAODv2-106X_mc2017_realistic_v8-v1/NANOAODSIM/254E8445-1046-7146-92D1-82B7169F08BD_skimjec_4.root (233016 entries). Finally selected 17815 entries
Pre-select 229078 entries out of 229078 (100.00%)
Processed    10000/  229078 entries,  4.37% (elapsed time     6.3s, curr speed    1.575 kHz, avg speed    1.575 kHz), accepted      795/   10001 events ( 7.95%)
Processed    20000/  229078 entries,  8.73% (elapsed time     9.0s, curr speed    3.770 kHz, avg speed    2.222 kHz), accepted     1548/   20001 events ( 7.74%)
Processed    30000/  229078 entries, 13.10% (elapsed time    11.3s, curr speed    4.358 kHz, avg speed    2.656 kHz), accepted     2314/   30001 events ( 7.71%)
Processed    40000/  229078 entries, 17.46% (elapsed time    13.6s, curr speed    4.310 kHz, avg speed    2.938 kHz), accepted     3082/   40001 events ( 7.70%)
Processed    50000/  229078 entries, 21.83% (elapsed time    16.4s, curr speed    3.601 kHz, avg speed    3.050 kHz), accepted     3844/   50001 events ( 7.69%)
Processed    60000/  229078 entries, 26.19% (elapsed time    19.2s, curr speed    3.537 kHz, avg speed    3.122 kHz), accepted     4581/   60001 events ( 7.63%)
Processed    70000/  229078 entries, 30.56% (elapsed time    21.6s, curr speed    4.285 kHz, avg speed    3.248 kHz), accepted     5374/   70001 events ( 7.68%)
Processed    80000/  229078 entries, 34.92% (elapsed time    24.5s, curr speed    3.431 kHz, avg speed    3.270 kHz), accepted     6147/   80001 events ( 7.68%)
Processed    90000/  229078 entries, 39.29% (elapsed time    27.0s, curr speed    3.985 kHz, avg speed    3.336 kHz), accepted     6941/   90001 events ( 7.71%)
Processed   100000/  229078 entries, 43.65% (elapsed time    29.6s, curr speed    3.852 kHz, avg speed    3.381 kHz), accepted     7764/  100001 events ( 7.76%)
Processed   110000/  229078 entries, 48.02% (elapsed time    32.0s, curr speed    4.165 kHz, avg speed    3.440 kHz), accepted     8526/  110001 events ( 7.75%)
Processed   120000/  229078 entries, 52.38% (elapsed time    34.6s, curr speed    3.879 kHz, avg speed    3.473 kHz), accepted     9268/  120001 events ( 7.72%)
Processed   130000/  229078 entries, 56.75% (elapsed time    36.9s, curr speed    4.252 kHz, avg speed    3.523 kHz), accepted    10045/  130001 events ( 7.73%)
Processed   140000/  229078 entries, 61.11% (elapsed time    39.6s, curr speed    3.728 kHz, avg speed    3.537 kHz), accepted    10836/  140001 events ( 7.74%)
Processed   150000/  229078 entries, 65.48% (elapsed time    41.8s, curr speed    4.496 kHz, avg speed    3.588 kHz), accepted    11597/  150001 events ( 7.73%)
Processed   160000/  229078 entries, 69.85% (elapsed time    44.1s, curr speed    4.399 kHz, avg speed    3.629 kHz), accepted    12345/  160001 events ( 7.72%)
Processed   170000/  229078 entries, 74.21% (elapsed time    46.4s, curr speed    4.394 kHz, avg speed    3.667 kHz), accepted    13119/  170001 events ( 7.72%)
Processed   180000/  229078 entries, 78.58% (elapsed time    48.9s, curr speed    3.989 kHz, avg speed    3.683 kHz), accepted    13895/  180001 events ( 7.72%)
Processed   190000/  229078 entries, 82.94% (elapsed time    51.4s, curr speed    3.949 kHz, avg speed    3.697 kHz), accepted    14631/  190001 events ( 7.70%)
Processed   200000/  229078 entries, 87.31% (elapsed time    53.9s, curr speed    4.035 kHz, avg speed    3.712 kHz), accepted    15388/  200001 events ( 7.69%)
Processed   210000/  229078 entries, 91.67% (elapsed time    56.4s, curr speed    3.906 kHz, avg speed    3.721 kHz), accepted    16180/  210001 events ( 7.70%)
Processed   220000/  229078 entries, 96.04% (elapsed time    58.8s, curr speed    4.288 kHz, avg speed    3.743 kHz), accepted    16983/  220001 events ( 7.72%)
Processed 229078 preselected entries from /eos/cms/store/group/phys_tau/TauFW/nano/UL2017/DYJetsToLL_M-50_TuneCP5_13TeV-madgraphMLM-pythia8/RunIISummer19UL17NanoAODv2-106X_mc2017_realistic_v8-v1/NANOAODSIM/2621CA1D-CBFF-4948-B9BA-91C4749E00A9_skimjec_0.root (229078 entries). Finally selected 17690 entries
Pre-select 229078 entries out of 229078 (100.00%)
Processed    10000/  229078 entries,  4.37% (elapsed time     4.7s, curr speed    2.124 kHz, avg speed    2.124 kHz), accepted      800/   10001 events ( 8.00%)
Processed    20000/  229078 entries,  8.73% (elapsed time     7.1s, curr speed    4.258 kHz, avg speed    2.834 kHz), accepted     1575/   20001 events ( 7.87%)
Processed    30000/  229078 entries, 13.10% (elapsed time     9.6s, curr speed    3.897 kHz, avg speed    3.117 kHz), accepted     2333/   30001 events ( 7.78%)
Processed    40000/  229078 entries, 17.46% (elapsed time    12.0s, curr speed    4.284 kHz, avg speed    3.345 kHz), accepted     3071/   40001 events ( 7.68%)
Processed    50000/  229078 entries, 21.83% (elapsed time    14.3s, curr speed    4.289 kHz, avg speed    3.499 kHz), accepted     3896/   50001 events ( 7.79%)
Processed    60000/  229078 entries, 26.19% (elapsed time    17.0s, curr speed    3.751 kHz, avg speed    3.539 kHz), accepted     4672/   60001 events ( 7.79%)
Processed    70000/  229078 entries, 30.56% (elapsed time    19.6s, curr speed    3.779 kHz, avg speed    3.571 kHz), accepted     5427/   70001 events ( 7.75%)
Processed    80000/  229078 entries, 34.92% (elapsed time    22.1s, curr speed    3.938 kHz, avg speed    3.613 kHz), accepted     6192/   80001 events ( 7.74%)
Processed    90000/  229078 entries, 39.29% (elapsed time    24.6s, curr speed    4.029 kHz, avg speed    3.655 kHz), accepted     6955/   90001 events ( 7.73%)
Processed   100000/  229078 entries, 43.65% (elapsed time    27.2s, curr speed    3.939 kHz, avg speed    3.682 kHz), accepted     7770/  100001 events ( 7.77%)
Processed   110000/  229078 entries, 48.02% (elapsed time    29.4s, curr speed    4.399 kHz, avg speed    3.737 kHz), accepted     8535/  110001 events ( 7.76%)
Processed   120000/  229078 entries, 52.38% (elapsed time    32.0s, curr speed    3.871 kHz, avg speed    3.748 kHz), accepted     9314/  120001 events ( 7.76%)
Processed   130000/  229078 entries, 56.75% (elapsed time    34.5s, curr speed    4.110 kHz, avg speed    3.773 kHz), accepted    10065/  130001 events ( 7.74%)
Processed   140000/  229078 entries, 61.11% (elapsed time    36.8s, curr speed    4.186 kHz, avg speed    3.800 kHz), accepted    10862/  140001 events ( 7.76%)
Processed   150000/  229078 entries, 65.48% (elapsed time    39.3s, curr speed    4.145 kHz, avg speed    3.821 kHz), accepted    11613/  150001 events ( 7.74%)
Processed   160000/  229078 entries, 69.85% (elapsed time    41.5s, curr speed    4.448 kHz, avg speed    3.855 kHz), accepted    12345/  160001 events ( 7.72%)
Processed   170000/  229078 entries, 74.21% (elapsed time    44.1s, curr speed    3.804 kHz, avg speed    3.852 kHz), accepted    13125/  170001 events ( 7.72%)
Processed   180000/  229078 entries, 78.58% (elapsed time    46.4s, curr speed    4.416 kHz, avg speed    3.880 kHz), accepted    13884/  180001 events ( 7.71%)
Processed   190000/  229078 entries, 82.94% (elapsed time    48.9s, curr speed    4.001 kHz, avg speed    3.886 kHz), accepted    14692/  190001 events ( 7.73%)
Processed   200000/  229078 entries, 87.31% (elapsed time    51.4s, curr speed    4.017 kHz, avg speed    3.892 kHz), accepted    15457/  200001 events ( 7.73%)
Processed   210000/  229078 entries, 91.67% (elapsed time    53.8s, curr speed    4.105 kHz, avg speed    3.902 kHz), accepted    16218/  210001 events ( 7.72%)
Processed   220000/  229078 entries, 96.04% (elapsed time    56.1s, curr speed    4.399 kHz, avg speed    3.922 kHz), accepted    17020/  220001 events ( 7.74%)
Processed 229078 preselected entries from /eos/cms/store/group/phys_tau/TauFW/nano/UL2017/DYJetsToLL_M-50_TuneCP5_13TeV-madgraphMLM-pythia8/RunIISummer19UL17NanoAODv2-106X_mc2017_realistic_v8-v1/NANOAODSIM/2621CA1D-CBFF-4948-B9BA-91C4749E00A9_skimjec_1.root (229078 entries). Finally selected 17720 entries
Pre-select 229078 entries out of 229078 (100.00%)
Processed    10000/  229078 entries,  4.37% (elapsed time     4.5s, curr speed    2.218 kHz, avg speed    2.218 kHz), accepted      747/   10001 events ( 7.47%)
Processed    20000/  229078 entries,  8.73% (elapsed time     6.8s, curr speed    4.318 kHz, avg speed    2.930 kHz), accepted     1512/   20001 events ( 7.56%)
Processed    30000/  229078 entries, 13.10% (elapsed time     9.4s, curr speed    3.813 kHz, avg speed    3.175 kHz), accepted     2264/   30001 events ( 7.55%)
Processed    40000/  229078 entries, 17.46% (elapsed time    11.9s, curr speed    3.999 kHz, avg speed    3.348 kHz), accepted     3049/   40001 events ( 7.62%)
Processed    50000/  229078 entries, 21.83% (elapsed time    14.4s, curr speed    4.128 kHz, avg speed    3.479 kHz), accepted     3833/   50001 events ( 7.67%)
Processed    60000/  229078 entries, 26.19% (elapsed time    16.7s, curr speed    4.243 kHz, avg speed    3.587 kHz), accepted     4597/   60001 events ( 7.66%)
Processed    70000/  229078 entries, 30.56% (elapsed time    19.0s, curr speed    4.476 kHz, avg speed    3.692 kHz), accepted     5341/   70001 events ( 7.63%)
Processed    80000/  229078 entries, 34.92% (elapsed time    21.4s, curr speed    4.159 kHz, avg speed    3.744 kHz), accepted     6104/   80001 events ( 7.63%)
Processed    90000/  229078 entries, 39.29% (elapsed time    23.6s, curr speed    4.568 kHz, avg speed    3.821 kHz), accepted     6852/   90001 events ( 7.61%)
Processed   100000/  229078 entries, 43.65% (elapsed time    26.0s, curr speed    4.141 kHz, avg speed    3.851 kHz), accepted     7610/  100001 events ( 7.61%)
Processed   110000/  229078 entries, 48.02% (elapsed time    28.6s, curr speed    3.846 kHz, avg speed    3.850 kHz), accepted     8425/  110001 events ( 7.66%)
Processed   120000/  229078 entries, 52.38% (elapsed time    31.2s, curr speed    3.779 kHz, avg speed    3.844 kHz), accepted     9211/  120001 events ( 7.68%)
Processed   130000/  229078 entries, 56.75% (elapsed time    34.2s, curr speed    3.328 kHz, avg speed    3.799 kHz), accepted    10014/  130001 events ( 7.70%)
Processed   140000/  229078 entries, 61.11% (elapsed time    36.7s, curr speed    4.030 kHz, avg speed    3.814 kHz), accepted    10792/  140001 events ( 7.71%)
Processed   150000/  229078 entries, 65.48% (elapsed time    39.2s, curr speed    3.972 kHz, avg speed    3.825 kHz), accepted    11559/  150001 events ( 7.71%)
Processed   160000/  229078 entries, 69.85% (elapsed time    41.6s, curr speed    4.243 kHz, avg speed    3.848 kHz), accepted    12327/  160001 events ( 7.70%)
Processed   170000/  229078 entries, 74.21% (elapsed time    44.1s, curr speed    3.990 kHz, avg speed    3.856 kHz), accepted    13114/  170001 events ( 7.71%)
Processed   180000/  229078 entries, 78.58% (elapsed time    46.3s, curr speed    4.460 kHz, avg speed    3.886 kHz), accepted    13856/  180001 events ( 7.70%)
Processed   190000/  229078 entries, 82.94% (elapsed time    48.8s, curr speed    4.114 kHz, avg speed    3.897 kHz), accepted    14623/  190001 events ( 7.70%)
Processed   200000/  229078 entries, 87.31% (elapsed time    51.3s, curr speed    3.960 kHz, avg speed    3.900 kHz), accepted    15384/  200001 events ( 7.69%)
Processed   210000/  229078 entries, 91.67% (elapsed time    53.7s, curr speed    4.150 kHz, avg speed    3.911 kHz), accepted    16139/  210001 events ( 7.69%)
Processed   220000/  229078 entries, 96.04% (elapsed time    56.0s, curr speed    4.320 kHz, avg speed    3.928 kHz), accepted    16914/  220001 events ( 7.69%)
Processed 229078 preselected entries from /eos/cms/store/group/phys_tau/TauFW/nano/UL2017/DYJetsToLL_M-50_TuneCP5_13TeV-madgraphMLM-pythia8/RunIISummer19UL17NanoAODv2-106X_mc2017_realistic_v8-v1/NANOAODSIM/2621CA1D-CBFF-4948-B9BA-91C4749E00A9_skimjec_2.root (229078 entries). Finally selected 17660 entries
Total time 301.0 sec. to process 1153270 events. Rate = 3832.0 Hz.
>>> cwd          = /pool/condor/dir_29115
>>> ls           = ['pico_etau_14.root', 'condor_exec.exe', '.machine.ad', 'lvigilan.cc', '.chirp.config', 'var', '_condor_stdout', '.job.ad', 'tmp', 'x509_voms']
>>> getstorage('/eos/home-l/lvigilan/output_ETauFR_UL17_RUN1/UL2017/etau/DYJetsToLL_M-50'), <EOS("/eos/home-l/lvigilan/output_ETauFR_UL17_RUN1/UL2017/etau/DYJetsToLL_M-50") at 0x2ba00e713d10>
>>> Executing: 'cp ./pico_etau_14.root /eos/home-l/lvigilan/output_ETauFR_UL17_RUN1/UL2017/etau/DYJetsToLL_M-50'
>>> Removing './pico_etau_14.root'...
>>> picojob.py done after 317.6 seconds

Job complete at Mon Jun  7 18:58:46 CEST 2021
Took 5 minutes 19 seconds040 (2367585.014.000) 06/07 18:58:46 Finished transferring output files
...
005 (2367585.014.000) 06/07 18:58:47 Job terminated.
	(1) Normal termination (return value 0)
		Usr 0 00:04:27, Sys 0 00:00:09  -  Run Remote Usage
		Usr 0 00:00:00, Sys 0 00:00:00  -  Run Local Usage
		Usr 0 00:04:27, Sys 0 00:00:09  -  Total Remote Usage
		Usr 0 00:00:00, Sys 0 00:00:00  -  Total Local Usage
	35767  -  Run Bytes Sent By Job
	9930  -  Run Bytes Received By Job
	35767  -  Total Bytes Sent By Job
	9930  -  Total Bytes Received By Job
	Partitionable Resources :    Usage  Request Allocated 
	   Cpus                 :                 1         1 
	   Disk (KB)            :    13097        1    249264 
	   Memory (MB)          :      281     2000      2000 

	Job terminated of its own accord at 2021-06-07T16:58:46Z.
...
