Could not find platform independent libraries <prefix>
Could not find platform dependent libraries <exec_prefix>
Consider setting $PYTHONHOME to <prefix>[:<exec_prefix>]
ImportError: No module named site
Job start at Mon Jun  7 22:59:33 CEST 2021
Running job on machine Linux b7g28n0217.cern.ch 3.10.0-1160.21.1.el7.x86_64 #1 SMP Tue Mar 16 18:28:22 UTC 2021 x86_64 x86_64 x86_64 GNU/Linux, host b7g28n0217.cern.ch
============================================================
$PWD=/pool/condor/dir_22590
$JOBID=2367866
$TASKID=13
$HOSTNAME=b7g28n0217.cern.ch
$TASKCMD=/afs/cern.ch/work/l/lvigilan/TauWork/CMSSW_10_6_17_patch1/src/TauFW/PicoProducer/python/processors/picojob.py -y UL2017 -d 'mc' -c etau -M ETauFakeRate.ModuleETau --copydir /eos/home-l/lvigilan/output_ETauFR_UL17_RUN1/UL2017/etau/DYJetsToLL_M-50 -t _etau_EES0p99_13 --opt 'ees=0.99' 'useT1=True' 'zpt=True' -i /eos/cms/store/group/phys_tau/TauFW/nano/UL2017/DYJetsToLL_M-50_TuneCP5_13TeV-madgraphMLM-pythia8/RunIISummer19UL17NanoAODv2-106X_mc2017_realistic_v8-v1/NANOAODSIM/1F555D67-4594-2240-9B23-4CEBCF1D7D55_skimjec_4.root /eos/cms/store/group/phys_tau/TauFW/nano/UL2017/DYJetsToLL_M-50_TuneCP5_13TeV-madgraphMLM-pythia8/RunIISummer19UL17NanoAODv2-106X_mc2017_realistic_v8-v1/NANOAODSIM/1F555D67-4594-2240-9B23-4CEBCF1D7D55_skimjec_5.root /eos/cms/store/group/phys_tau/TauFW/nano/UL2017/DYJetsToLL_M-50_TuneCP5_13TeV-madgraphMLM-pythia8/RunIISummer19UL17NanoAODv2-106X_mc2017_realistic_v8-v1/NANOAODSIM/254E8445-1046-7146-92D1-82B7169F08BD_skimjec_0.root /eos/cms/store/group/phys_tau/TauFW/nano/UL2017/DYJetsToLL_M-50_TuneCP5_13TeV-madgraphMLM-pythia8/RunIISummer19UL17NanoAODv2-106X_mc2017_realistic_v8-v1/NANOAODSIM/254E8445-1046-7146-92D1-82B7169F08BD_skimjec_1.root /eos/cms/store/group/phys_tau/TauFW/nano/UL2017/DYJetsToLL_M-50_TuneCP5_13TeV-madgraphMLM-pythia8/RunIISummer19UL17NanoAODv2-106X_mc2017_realistic_v8-v1/NANOAODSIM/254E8445-1046-7146-92D1-82B7169F08BD_skimjec_2.root
$WORKDIR=/pool/condor/dir_22590
>>> cd /afs/cern.ch/work/l/lvigilan/TauWork/CMSSW_10_6_17_patch1/src
>>> eval `scramv1 runtime -sh`
>>> cd /pool/condor/dir_22590
$PWD=/pool/condor/dir_22590
>>> /afs/cern.ch/work/l/lvigilan/TauWork/CMSSW_10_6_17_patch1/src/TauFW/PicoProducer/python/processors/picojob.py -y UL2017 -d 'mc' -c etau -M ETauFakeRate.ModuleETau --copydir /eos/home-l/lvigilan/output_ETauFR_UL17_RUN1/UL2017/etau/DYJetsToLL_M-50 -t _etau_EES0p99_13 --opt 'ees=0.99' 'useT1=True' 'zpt=True' -i /eos/cms/store/group/phys_tau/TauFW/nano/UL2017/DYJetsToLL_M-50_TuneCP5_13TeV-madgraphMLM-pythia8/RunIISummer19UL17NanoAODv2-106X_mc2017_realistic_v8-v1/NANOAODSIM/1F555D67-4594-2240-9B23-4CEBCF1D7D55_skimjec_4.root /eos/cms/store/group/phys_tau/TauFW/nano/UL2017/DYJetsToLL_M-50_TuneCP5_13TeV-madgraphMLM-pythia8/RunIISummer19UL17NanoAODv2-106X_mc2017_realistic_v8-v1/NANOAODSIM/1F555D67-4594-2240-9B23-4CEBCF1D7D55_skimjec_5.root /eos/cms/store/group/phys_tau/TauFW/nano/UL2017/DYJetsToLL_M-50_TuneCP5_13TeV-madgraphMLM-pythia8/RunIISummer19UL17NanoAODv2-106X_mc2017_realistic_v8-v1/NANOAODSIM/254E8445-1046-7146-92D1-82B7169F08BD_skimjec_0.root /eos/cms/store/group/phys_tau/TauFW/nano/UL2017/DYJetsToLL_M-50_TuneCP5_13TeV-madgraphMLM-pythia8/RunIISummer19UL17NanoAODv2-106X_mc2017_realistic_v8-v1/NANOAODSIM/254E8445-1046-7146-92D1-82B7169F08BD_skimjec_1.root /eos/cms/store/group/phys_tau/TauFW/nano/UL2017/DYJetsToLL_M-50_TuneCP5_13TeV-madgraphMLM-pythia8/RunIISummer19UL17NanoAODv2-106X_mc2017_realistic_v8-v1/NANOAODSIM/254E8445-1046-7146-92D1-82B7169F08BD_skimjec_2.root
Error in <TGClient::TGClient>: can't open display "localhost:13.0", switching to batch mode...
 In case you run from a remote ssh session, reconnect with ssh -Y
--------------------------------------------------------------------------------
>>> era          = 'UL2017'
>>> year         = 2017
>>> channel      = 'etau'
>>> modname      = 'ETauFakeRate.ModuleETau'
>>> dtype        = 'mc'
>>> kwargs       = {'dtype': 'mc', 'zpt': True, 'ees': 0.99, 'useT1': True, 'verb': 0, 'era': 'UL2017', 'year': 2017}
>>> firstevt     = 0
>>> maxevts      = None
>>> outdir       = '.'
>>> copydir      = '/eos/home-l/lvigilan/output_ETauFR_UL17_RUN1/UL2017/etau/DYJetsToLL_M-50'
>>> infiles      = ['/eos/cms/store/group/phys_tau/TauFW/nano/UL2017/DYJetsToLL_M-50_TuneCP5_13TeV-madgraphMLM-pythia8/RunIISummer19UL17NanoAODv2-106X_mc2017_realistic_v8-v1/NANOAODSIM/1F555D67-4594-2240-9B23-4CEBCF1D7D55_skimjec_4.root', '/eos/cms/store/group/phys_tau/TauFW/nano/UL2017/DYJetsToLL_M-50_TuneCP5_13TeV-madgraphMLM-pythia8/RunIISummer19UL17NanoAODv2-106X_mc2017_realistic_v8-v1/NANOAODSIM/1F555D67-4594-2240-9B23-4CEBCF1D7D55_skimjec_5.root', '/eos/cms/store/group/phys_tau/TauFW/nano/UL2017/DYJetsToLL_M-50_TuneCP5_13TeV-madgraphMLM-pythia8/RunIISummer19UL17NanoAODv2-106X_mc2017_realistic_v8-v1/NANOAODSIM/254E8445-1046-7146-92D1-82B7169F08BD_skimjec_0.root', '/eos/cms/store/group/phys_tau/TauFW/nano/UL2017/DYJetsToLL_M-50_TuneCP5_13TeV-madgraphMLM-pythia8/RunIISummer19UL17NanoAODv2-106X_mc2017_realistic_v8-v1/NANOAODSIM/254E8445-1046-7146-92D1-82B7169F08BD_skimjec_1.root', '/eos/cms/store/group/phys_tau/TauFW/nano/UL2017/DYJetsToLL_M-50_TuneCP5_13TeV-madgraphMLM-pythia8/RunIISummer19UL17NanoAODv2-106X_mc2017_realistic_v8-v1/NANOAODSIM/254E8445-1046-7146-92D1-82B7169F08BD_skimjec_2.root']
>>> outfname     = './pico_etau_EES0p99_13.root'
>>> branchsel    = '/afs/cern.ch/work/l/lvigilan/TauWork/CMSSW_10_6_17_patch1/python/TauFW/PicoProducer/processors/keep_and_drop_skim.txt'
>>> json         = None
>>> prefetch     = False
>>> cwd          = /pool/condor/dir_22590
--------------------------------------------------------------------------------

   ################
   #  ModuleETau  #
   ################

Loading PileupWeightTool for '/afs/cern.ch/work/l/lvigilan/TauWork/CMSSW_10_6_17_patch1/src/TauFW/PicoProducer/data/pileup/Data_PileUp_UL2017_69p2.root' and '/afs/cern.ch/work/l/lvigilan/TauWork/CMSSW_10_6_17_patch1/src/TauFW/PicoProducer/data/pileup/MC_PileUp_UL2017_Summer19.root'
Loading BTagWeightTool for DeepCSV (medium WP)...
>>> BTagTool: [1m[33mWarning! [0m[33mHistogram 'etau/eff_DeepCSV_udsg_medium' does not exist in /afs/cern.ch/work/l/lvigilan/TauWork/CMSSW_10_6_17_patch1/src/TauFW/PicoProducer/data/btag/DeepCSV_2017_12Apr2017_eff.root! Reverting to default efficiency histogram...[0m
>>> BTagTool: [1m[33mWarning! [0m[33mHistogram 'etau/eff_DeepCSV_c_medium' does not exist in /afs/cern.ch/work/l/lvigilan/TauWork/CMSSW_10_6_17_patch1/src/TauFW/PicoProducer/data/btag/DeepCSV_2017_12Apr2017_eff.root! Reverting to default efficiency histogram...[0m
>>> BTagTool: [1m[33mWarning! [0m[33mHistogram 'etau/eff_DeepCSV_b_medium' does not exist in /afs/cern.ch/work/l/lvigilan/TauWork/CMSSW_10_6_17_patch1/src/TauFW/PicoProducer/data/btag/DeepCSV_2017_12Apr2017_eff.root! Reverting to default efficiency histogram...[0m
>>> BTagTool: [1m[33mWarning! [0m[33mMade use of default efficiency histograms! The b tag weights from this module should be regarded as placeholders only,
and should NOT be used for analyses. B (mis)tag efficiencies in MC are analysis dependent. Please create your own
efficiency histogram with data/btag/getBTagEfficiencies.py after running all MC samples with BTagWeightTool.[0m
Loading TreeProducerETau for './pico_etau_EES0p99_13.root'
--------------------------------------------------------------------------------
>>> filename     = './pico_etau_EES0p99_13.root'
>>> year         = 2017
>>> dtype        = 'mc'
>>> channel      = 'etau'
>>> ismc         = True
>>> isdata       = False
>>> isembed      = False
>>> tes          = 1.0
>>> tessys       = None
>>> fes          = None
>>> ltf          = None
>>> jtf          = 1.0
>>> dotoppt      = False
>>> dozpt        = True
>>> dojec        = True
>>> dojecsys     = True
>>> dotight      = False
>>> useT1        = True
>>> jetCutPt     = 30
>>> bjetCutEta   = 2.7
>>> tauwp        = 0
>>> eleCutPt     = 36
>>> eleCutEta    = 2.1
>>> tauCutPt     = 20
>>> tauCutEta    = 2.3
>>> ZpeekReso    = 0.1
Pre-select 229169 entries out of 229169 (100.00%)
Processed    10000/  229169 entries,  4.36% (elapsed time     6.6s, curr speed    1.510 kHz, avg speed    1.510 kHz), accepted      735/   10001 events ( 7.35%)
Processed    20000/  229169 entries,  8.73% (elapsed time    10.2s, curr speed    2.766 kHz, avg speed    1.954 kHz), accepted     1507/   20001 events ( 7.53%)
Processed    30000/  229169 entries, 13.09% (elapsed time    14.0s, curr speed    2.665 kHz, avg speed    2.144 kHz), accepted     2260/   30001 events ( 7.53%)
Processed    40000/  229169 entries, 17.45% (elapsed time    18.1s, curr speed    2.433 kHz, avg speed    2.210 kHz), accepted     3065/   40001 events ( 7.66%)
Processed    50000/  229169 entries, 21.82% (elapsed time    21.7s, curr speed    2.780 kHz, avg speed    2.305 kHz), accepted     3834/   50001 events ( 7.67%)
Processed    60000/  229169 entries, 26.18% (elapsed time    25.2s, curr speed    2.836 kHz, avg speed    2.379 kHz), accepted     4559/   60001 events ( 7.60%)
Processed    70000/  229169 entries, 30.55% (elapsed time    28.6s, curr speed    2.995 kHz, avg speed    2.451 kHz), accepted     5361/   70001 events ( 7.66%)
Processed    80000/  229169 entries, 34.91% (elapsed time    31.8s, curr speed    3.069 kHz, avg speed    2.514 kHz), accepted     6135/   80001 events ( 7.67%)
Processed    90000/  229169 entries, 39.27% (elapsed time    35.4s, curr speed    2.778 kHz, avg speed    2.541 kHz), accepted     6837/   90001 events ( 7.60%)
Processed   100000/  229169 entries, 43.64% (elapsed time    38.8s, curr speed    2.971 kHz, avg speed    2.578 kHz), accepted     7618/  100001 events ( 7.62%)
Processed   110000/  229169 entries, 48.00% (elapsed time    42.2s, curr speed    2.917 kHz, avg speed    2.606 kHz), accepted     8388/  110001 events ( 7.63%)
Processed   120000/  229169 entries, 52.36% (elapsed time    46.0s, curr speed    2.639 kHz, avg speed    2.608 kHz), accepted     9176/  120001 events ( 7.65%)
Processed   130000/  229169 entries, 56.73% (elapsed time    49.7s, curr speed    2.692 kHz, avg speed    2.615 kHz), accepted     9954/  130001 events ( 7.66%)
Processed   140000/  229169 entries, 61.09% (elapsed time    54.2s, curr speed    2.210 kHz, avg speed    2.581 kHz), accepted    10726/  140001 events ( 7.66%)
Processed   150000/  229169 entries, 65.45% (elapsed time    57.5s, curr speed    3.070 kHz, avg speed    2.609 kHz), accepted    11476/  150001 events ( 7.65%)
Processed   160000/  229169 entries, 69.82% (elapsed time    61.1s, curr speed    2.781 kHz, avg speed    2.619 kHz), accepted    12268/  160001 events ( 7.67%)
Processed   170000/  229169 entries, 74.18% (elapsed time    65.0s, curr speed    2.592 kHz, avg speed    2.617 kHz), accepted    13050/  170001 events ( 7.68%)
Processed   180000/  229169 entries, 78.54% (elapsed time    69.0s, curr speed    2.470 kHz, avg speed    2.609 kHz), accepted    13803/  180001 events ( 7.67%)
Processed   190000/  229169 entries, 82.91% (elapsed time    72.3s, curr speed    3.001 kHz, avg speed    2.627 kHz), accepted    14531/  190001 events ( 7.65%)
Processed   200000/  229169 entries, 87.27% (elapsed time    75.7s, curr speed    2.969 kHz, avg speed    2.642 kHz), accepted    15300/  200001 events ( 7.65%)
Processed   210000/  229169 entries, 91.64% (elapsed time    79.4s, curr speed    2.719 kHz, avg speed    2.645 kHz), accepted    16097/  210001 events ( 7.67%)
Processed   220000/  229169 entries, 96.00% (elapsed time    82.9s, curr speed    2.828 kHz, avg speed    2.653 kHz), accepted    16860/  220001 events ( 7.66%)
Processed 229169 preselected entries from /eos/cms/store/group/phys_tau/TauFW/nano/UL2017/DYJetsToLL_M-50_TuneCP5_13TeV-madgraphMLM-pythia8/RunIISummer19UL17NanoAODv2-106X_mc2017_realistic_v8-v1/NANOAODSIM/1F555D67-4594-2240-9B23-4CEBCF1D7D55_skimjec_4.root (229169 entries). Finally selected 17573 entries
Pre-select 229166 entries out of 229166 (100.00%)
Processed    10000/  229166 entries,  4.36% (elapsed time     6.7s, curr speed    1.484 kHz, avg speed    1.484 kHz), accepted      759/   10001 events ( 7.59%)
Processed    20000/  229166 entries,  8.73% (elapsed time    10.0s, curr speed    3.027 kHz, avg speed    1.991 kHz), accepted     1482/   20001 events ( 7.41%)
Processed    30000/  229166 entries, 13.09% (elapsed time    13.3s, curr speed    3.057 kHz, avg speed    2.253 kHz), accepted     2268/   30001 events ( 7.56%)
Processed    40000/  229166 entries, 17.45% (elapsed time    16.3s, curr speed    3.393 kHz, avg speed    2.460 kHz), accepted     3029/   40001 events ( 7.57%)
Processed    50000/  229166 entries, 21.82% (elapsed time    19.4s, curr speed    3.199 kHz, avg speed    2.579 kHz), accepted     3826/   50001 events ( 7.65%)
Processed    60000/  229166 entries, 26.18% (elapsed time    22.6s, curr speed    3.082 kHz, avg speed    2.651 kHz), accepted     4577/   60001 events ( 7.63%)
Processed    70000/  229166 entries, 30.55% (elapsed time    25.9s, curr speed    3.066 kHz, avg speed    2.703 kHz), accepted     5406/   70001 events ( 7.72%)
Processed    80000/  229166 entries, 34.91% (elapsed time    29.0s, curr speed    3.262 kHz, avg speed    2.762 kHz), accepted     6167/   80001 events ( 7.71%)
Processed    90000/  229166 entries, 39.27% (elapsed time    32.4s, curr speed    2.878 kHz, avg speed    2.775 kHz), accepted     6933/   90001 events ( 7.70%)
Processed   100000/  229166 entries, 43.64% (elapsed time    35.1s, curr speed    3.692 kHz, avg speed    2.845 kHz), accepted     7681/  100001 events ( 7.68%)
Processed   110000/  229166 entries, 48.00% (elapsed time    38.0s, curr speed    3.533 kHz, avg speed    2.897 kHz), accepted     8405/  110001 events ( 7.64%)
Processed   120000/  229166 entries, 52.36% (elapsed time    40.9s, curr speed    3.402 kHz, avg speed    2.933 kHz), accepted     9181/  120001 events ( 7.65%)
Processed   130000/  229166 entries, 56.73% (elapsed time    43.8s, curr speed    3.471 kHz, avg speed    2.968 kHz), accepted     9909/  130001 events ( 7.62%)
Processed   140000/  229166 entries, 61.09% (elapsed time    46.7s, curr speed    3.456 kHz, avg speed    2.999 kHz), accepted    10672/  140001 events ( 7.62%)
Processed   150000/  229166 entries, 65.45% (elapsed time    49.7s, curr speed    3.366 kHz, avg speed    3.021 kHz), accepted    11457/  150001 events ( 7.64%)
Processed   160000/  229166 entries, 69.82% (elapsed time    52.6s, curr speed    3.371 kHz, avg speed    3.040 kHz), accepted    12262/  160001 events ( 7.66%)
Processed   170000/  229166 entries, 74.18% (elapsed time    55.5s, curr speed    3.463 kHz, avg speed    3.062 kHz), accepted    13043/  170001 events ( 7.67%)
Processed   180000/  229166 entries, 78.55% (elapsed time    58.3s, curr speed    3.539 kHz, avg speed    3.085 kHz), accepted    13784/  180001 events ( 7.66%)
Processed   190000/  229166 entries, 82.91% (elapsed time    61.2s, curr speed    3.475 kHz, avg speed    3.104 kHz), accepted    14545/  190001 events ( 7.66%)
Processed   200000/  229166 entries, 87.27% (elapsed time    64.3s, curr speed    3.280 kHz, avg speed    3.112 kHz), accepted    15321/  200001 events ( 7.66%)
Processed   210000/  229166 entries, 91.64% (elapsed time    67.3s, curr speed    3.337 kHz, avg speed    3.122 kHz), accepted    16094/  210001 events ( 7.66%)
Processed   220000/  229166 entries, 96.00% (elapsed time    70.2s, curr speed    3.420 kHz, avg speed    3.134 kHz), accepted    16900/  220001 events ( 7.68%)
Processed 229166 preselected entries from /eos/cms/store/group/phys_tau/TauFW/nano/UL2017/DYJetsToLL_M-50_TuneCP5_13TeV-madgraphMLM-pythia8/RunIISummer19UL17NanoAODv2-106X_mc2017_realistic_v8-v1/NANOAODSIM/1F555D67-4594-2240-9B23-4CEBCF1D7D55_skimjec_5.root (229166 entries). Finally selected 17550 entries
Pre-select 233020 entries out of 233020 (100.00%)
Processed    10000/  233020 entries,  4.29% (elapsed time     5.5s, curr speed    1.829 kHz, avg speed    1.829 kHz), accepted      755/   10001 events ( 7.55%)
Processed    20000/  233020 entries,  8.58% (elapsed time     8.1s, curr speed    3.822 kHz, avg speed    2.474 kHz), accepted     1474/   20001 events ( 7.37%)
Processed    30000/  233020 entries, 12.87% (elapsed time    10.9s, curr speed    3.613 kHz, avg speed    2.765 kHz), accepted     2207/   30001 events ( 7.36%)
Processed    40000/  233020 entries, 17.17% (elapsed time    13.5s, curr speed    3.816 kHz, avg speed    2.969 kHz), accepted     2930/   40001 events ( 7.32%)
Processed    50000/  233020 entries, 21.46% (elapsed time    16.3s, curr speed    3.547 kHz, avg speed    3.069 kHz), accepted     3669/   50001 events ( 7.34%)
Processed    60000/  233020 entries, 25.75% (elapsed time    19.6s, curr speed    3.021 kHz, avg speed    3.061 kHz), accepted     4479/   60001 events ( 7.46%)
Processed    70000/  233020 entries, 30.04% (elapsed time    22.5s, curr speed    3.468 kHz, avg speed    3.113 kHz), accepted     5298/   70001 events ( 7.57%)
Processed    80000/  233020 entries, 34.33% (elapsed time    25.4s, curr speed    3.485 kHz, avg speed    3.155 kHz), accepted     6091/   80001 events ( 7.61%)
Processed    90000/  233020 entries, 38.62% (elapsed time    28.2s, curr speed    3.563 kHz, avg speed    3.196 kHz), accepted     6861/   90001 events ( 7.62%)
Processed   100000/  233020 entries, 42.91% (elapsed time    31.1s, curr speed    3.460 kHz, avg speed    3.220 kHz), accepted     7649/  100001 events ( 7.65%)
Processed   110000/  233020 entries, 47.21% (elapsed time    34.6s, curr speed    2.857 kHz, avg speed    3.184 kHz), accepted     8409/  110001 events ( 7.64%)
Processed   120000/  233020 entries, 51.50% (elapsed time    37.6s, curr speed    3.246 kHz, avg speed    3.189 kHz), accepted     9209/  120001 events ( 7.67%)
Processed   130000/  233020 entries, 55.79% (elapsed time    40.8s, curr speed    3.134 kHz, avg speed    3.184 kHz), accepted     9994/  130001 events ( 7.69%)
Processed   140000/  233020 entries, 60.08% (elapsed time    43.5s, curr speed    3.689 kHz, avg speed    3.216 kHz), accepted    10779/  140001 events ( 7.70%)
Processed   150000/  233020 entries, 64.37% (elapsed time    46.5s, curr speed    3.394 kHz, avg speed    3.227 kHz), accepted    11543/  150001 events ( 7.70%)
Processed   160000/  233020 entries, 68.66% (elapsed time    49.4s, curr speed    3.446 kHz, avg speed    3.240 kHz), accepted    12314/  160001 events ( 7.70%)
Processed   170000/  233020 entries, 72.96% (elapsed time    52.8s, curr speed    2.934 kHz, avg speed    3.220 kHz), accepted    13125/  170001 events ( 7.72%)
Processed   180000/  233020 entries, 77.25% (elapsed time    55.7s, curr speed    3.463 kHz, avg speed    3.233 kHz), accepted    13919/  180001 events ( 7.73%)
Processed   190000/  233020 entries, 81.54% (elapsed time    58.4s, curr speed    3.658 kHz, avg speed    3.253 kHz), accepted    14662/  190001 events ( 7.72%)
Processed   200000/  233020 entries, 85.83% (elapsed time    61.1s, curr speed    3.689 kHz, avg speed    3.272 kHz), accepted    15390/  200001 events ( 7.69%)
Processed   210000/  233020 entries, 90.12% (elapsed time    63.8s, curr speed    3.673 kHz, avg speed    3.289 kHz), accepted    16106/  210001 events ( 7.67%)
Processed   220000/  233020 entries, 94.41% (elapsed time    66.7s, curr speed    3.472 kHz, avg speed    3.297 kHz), accepted    16869/  220001 events ( 7.67%)
Processed   230000/  233020 entries, 98.70% (elapsed time    69.5s, curr speed    3.607 kHz, avg speed    3.309 kHz), accepted    17621/  230001 events ( 7.66%)
Processed 233020 preselected entries from /eos/cms/store/group/phys_tau/TauFW/nano/UL2017/DYJetsToLL_M-50_TuneCP5_13TeV-madgraphMLM-pythia8/RunIISummer19UL17NanoAODv2-106X_mc2017_realistic_v8-v1/NANOAODSIM/254E8445-1046-7146-92D1-82B7169F08BD_skimjec_0.root (233020 entries). Finally selected 17844 entries
Pre-select 233020 entries out of 233020 (100.00%)
Processed    10000/  233020 entries,  4.29% (elapsed time     5.4s, curr speed    1.841 kHz, avg speed    1.841 kHz), accepted      748/   10001 events ( 7.48%)
Processed    20000/  233020 entries,  8.58% (elapsed time     9.3s, curr speed    2.559 kHz, avg speed    2.141 kHz), accepted     1509/   20001 events ( 7.54%)
Processed    30000/  233020 entries, 12.87% (elapsed time    12.4s, curr speed    3.246 kHz, avg speed    2.415 kHz), accepted     2252/   30001 events ( 7.51%)
Processed    40000/  233020 entries, 17.17% (elapsed time    15.4s, curr speed    3.388 kHz, avg speed    2.602 kHz), accepted     3061/   40001 events ( 7.65%)
Processed    50000/  233020 entries, 21.46% (elapsed time    18.2s, curr speed    3.526 kHz, avg speed    2.746 kHz), accepted     3839/   50001 events ( 7.68%)
Processed    60000/  233020 entries, 25.75% (elapsed time    21.1s, curr speed    3.418 kHz, avg speed    2.839 kHz), accepted     4642/   60001 events ( 7.74%)
Processed    70000/  233020 entries, 30.04% (elapsed time    23.9s, curr speed    3.642 kHz, avg speed    2.931 kHz), accepted     5404/   70001 events ( 7.72%)
Processed    80000/  233020 entries, 34.33% (elapsed time    26.8s, curr speed    3.482 kHz, avg speed    2.991 kHz), accepted     6144/   80001 events ( 7.68%)
Processed    90000/  233020 entries, 38.62% (elapsed time    30.1s, curr speed    3.030 kHz, avg speed    2.995 kHz), accepted     6934/   90001 events ( 7.70%)
Processed   100000/  233020 entries, 42.91% (elapsed time    33.0s, curr speed    3.410 kHz, avg speed    3.032 kHz), accepted     7679/  100001 events ( 7.68%)
Processed   110000/  233020 entries, 47.21% (elapsed time    36.1s, curr speed    3.208 kHz, avg speed    3.047 kHz), accepted     8441/  110001 events ( 7.67%)
Processed   120000/  233020 entries, 51.50% (elapsed time    39.6s, curr speed    2.828 kHz, avg speed    3.027 kHz), accepted     9160/  120001 events ( 7.63%)
Processed   130000/  233020 entries, 55.79% (elapsed time    43.3s, curr speed    2.759 kHz, avg speed    3.005 kHz), accepted     9925/  130001 events ( 7.63%)
Processed   140000/  233020 entries, 60.08% (elapsed time    46.9s, curr speed    2.731 kHz, avg speed    2.984 kHz), accepted    10725/  140001 events ( 7.66%)
Processed   150000/  233020 entries, 64.37% (elapsed time    50.4s, curr speed    2.876 kHz, avg speed    2.976 kHz), accepted    11488/  150001 events ( 7.66%)
Processed   160000/  233020 entries, 68.66% (elapsed time    53.1s, curr speed    3.684 kHz, avg speed    3.012 kHz), accepted    12215/  160001 events ( 7.63%)
Processed   170000/  233020 entries, 72.96% (elapsed time    56.7s, curr speed    2.795 kHz, avg speed    2.999 kHz), accepted    13016/  170001 events ( 7.66%)
Processed   180000/  233020 entries, 77.25% (elapsed time    59.8s, curr speed    3.244 kHz, avg speed    3.011 kHz), accepted    13766/  180001 events ( 7.65%)
Processed   190000/  233020 entries, 81.54% (elapsed time    63.1s, curr speed    3.009 kHz, avg speed    3.011 kHz), accepted    14510/  190001 events ( 7.64%)
Processed   200000/  233020 entries, 85.83% (elapsed time    66.5s, curr speed    2.938 kHz, avg speed    3.007 kHz), accepted    15278/  200001 events ( 7.64%)
Processed   210000/  233020 entries, 90.12% (elapsed time    69.7s, curr speed    3.165 kHz, avg speed    3.015 kHz), accepted    16048/  210001 events ( 7.64%)
Processed   220000/  233020 entries, 94.41% (elapsed time    72.7s, curr speed    3.242 kHz, avg speed    3.024 kHz), accepted    16811/  220001 events ( 7.64%)
Processed   230000/  233020 entries, 98.70% (elapsed time    76.0s, curr speed    3.107 kHz, avg speed    3.028 kHz), accepted    17577/  230001 events ( 7.64%)
Processed 233020 preselected entries from /eos/cms/store/group/phys_tau/TauFW/nano/UL2017/DYJetsToLL_M-50_TuneCP5_13TeV-madgraphMLM-pythia8/RunIISummer19UL17NanoAODv2-106X_mc2017_realistic_v8-v1/NANOAODSIM/254E8445-1046-7146-92D1-82B7169F08BD_skimjec_1.root (233020 entries). Finally selected 17806 entries
Pre-select 233020 entries out of 233020 (100.00%)
Processed    10000/  233020 entries,  4.29% (elapsed time     6.8s, curr speed    1.470 kHz, avg speed    1.470 kHz), accepted      798/   10001 events ( 7.98%)
Processed    20000/  233020 entries,  8.58% (elapsed time    10.7s, curr speed    2.571 kHz, avg speed    1.871 kHz), accepted     1626/   20001 events ( 8.13%)
Processed    30000/  233020 entries, 12.87% (elapsed time    14.1s, curr speed    2.931 kHz, avg speed    2.127 kHz), accepted     2397/   30001 events ( 7.99%)
Processed    40000/  233020 entries, 17.17% (elapsed time    17.5s, curr speed    2.971 kHz, avg speed    2.290 kHz), accepted     3211/   40001 events ( 8.03%)
Processed    50000/  233020 entries, 21.46% (elapsed time    20.5s, curr speed    3.299 kHz, avg speed    2.439 kHz), accepted     3984/   50001 events ( 7.97%)
Processed    60000/  233020 entries, 25.75% (elapsed time    23.5s, curr speed    3.355 kHz, avg speed    2.555 kHz), accepted     4746/   60001 events ( 7.91%)
Processed    70000/  233020 entries, 30.04% (elapsed time    26.4s, curr speed    3.411 kHz, avg speed    2.650 kHz), accepted     5520/   70001 events ( 7.89%)
Processed    80000/  233020 entries, 34.33% (elapsed time    29.4s, curr speed    3.328 kHz, avg speed    2.720 kHz), accepted     6293/   80001 events ( 7.87%)
Processed    90000/  233020 entries, 38.62% (elapsed time    32.6s, curr speed    3.156 kHz, avg speed    2.762 kHz), accepted     7072/   90001 events ( 7.86%)
Processed   100000/  233020 entries, 42.91% (elapsed time    35.6s, curr speed    3.276 kHz, avg speed    2.806 kHz), accepted     7884/  100001 events ( 7.88%)
Processed   110000/  233020 entries, 47.21% (elapsed time    38.5s, curr speed    3.462 kHz, avg speed    2.855 kHz), accepted     8673/  110001 events ( 7.88%)
Processed   120000/  233020 entries, 51.50% (elapsed time    41.5s, curr speed    3.327 kHz, avg speed    2.890 kHz), accepted     9416/  120001 events ( 7.85%)
Processed   130000/  233020 entries, 55.79% (elapsed time    44.5s, curr speed    3.358 kHz, avg speed    2.921 kHz), accepted    10221/  130001 events ( 7.86%)
Processed   140000/  233020 entries, 60.08% (elapsed time    47.5s, curr speed    3.397 kHz, avg speed    2.950 kHz), accepted    11011/  140001 events ( 7.86%)
Processed   150000/  233020 entries, 64.37% (elapsed time    50.4s, curr speed    3.387 kHz, avg speed    2.976 kHz), accepted    11782/  150001 events ( 7.85%)
Processed   160000/  233020 entries, 68.66% (elapsed time    53.4s, curr speed    3.326 kHz, avg speed    2.996 kHz), accepted    12543/  160001 events ( 7.84%)
Processed   170000/  233020 entries, 72.96% (elapsed time    56.3s, curr speed    3.403 kHz, avg speed    3.017 kHz), accepted    13266/  170001 events ( 7.80%)
Processed   180000/  233020 entries, 77.25% (elapsed time    59.3s, curr speed    3.432 kHz, avg speed    3.037 kHz), accepted    14009/  180001 events ( 7.78%)
Processed   190000/  233020 entries, 81.54% (elapsed time    62.0s, curr speed    3.602 kHz, avg speed    3.063 kHz), accepted    14780/  190001 events ( 7.78%)
Processed   200000/  233020 entries, 85.83% (elapsed time    64.9s, curr speed    3.480 kHz, avg speed    3.081 kHz), accepted    15576/  200001 events ( 7.79%)
Processed   210000/  233020 entries, 90.12% (elapsed time    68.1s, curr speed    3.131 kHz, avg speed    3.083 kHz), accepted    16363/  210001 events ( 7.79%)
Processed   220000/  233020 entries, 94.41% (elapsed time    71.1s, curr speed    3.311 kHz, avg speed    3.093 kHz), accepted    17123/  220001 events ( 7.78%)
Processed   230000/  233020 entries, 98.70% (elapsed time    74.1s, curr speed    3.343 kHz, avg speed    3.103 kHz), accepted    17874/  230001 events ( 7.77%)
Processed 233020 preselected entries from /eos/cms/store/group/phys_tau/TauFW/nano/UL2017/DYJetsToLL_M-50_TuneCP5_13TeV-madgraphMLM-pythia8/RunIISummer19UL17NanoAODv2-106X_mc2017_realistic_v8-v1/NANOAODSIM/254E8445-1046-7146-92D1-82B7169F08BD_skimjec_2.root (233020 entries). Finally selected 18121 entries
Total time 382.2 sec. to process 1157395 events. Rate = 3028.1 Hz.
>>> cwd          = /pool/condor/dir_22590
>>> ls           = ['condor_exec.exe', 'x509_voms', '.job.ad', '.machine.ad', 'var', 'tmp', 'lvigilan.cc', '.chirp.config', '_condor_stdout', 'pico_etau_EES0p99_13.root']
>>> getstorage('/eos/home-l/lvigilan/output_ETauFR_UL17_RUN1/UL2017/etau/DYJetsToLL_M-50'), <EOS("/eos/home-l/lvigilan/output_ETauFR_UL17_RUN1/UL2017/etau/DYJetsToLL_M-50") at 0x2ba3f16ebd50>
>>> Executing: 'cp ./pico_etau_EES0p99_13.root /eos/home-l/lvigilan/output_ETauFR_UL17_RUN1/UL2017/etau/DYJetsToLL_M-50'
>>> Removing './pico_etau_EES0p99_13.root'...
>>> picojob.py done after 402.7 seconds

Job complete at Mon Jun  7 23:06:18 CEST 2021
Took 6 minutes 45 seconds040 (2367866.013.000) 06/07 23:06:18 Finished transferring output files
...
005 (2367866.013.000) 06/07 23:06:18 Job terminated.
	(1) Normal termination (return value 0)
		Usr 0 00:05:41, Sys 0 00:00:16  -  Run Remote Usage
		Usr 0 00:00:00, Sys 0 00:00:00  -  Run Local Usage
		Usr 0 00:05:41, Sys 0 00:00:16  -  Total Remote Usage
		Usr 0 00:00:00, Sys 0 00:00:00  -  Total Local Usage
	36028  -  Run Bytes Sent By Job
	9898  -  Run Bytes Received By Job
	36028  -  Total Bytes Sent By Job
	9898  -  Total Bytes Received By Job
	Partitionable Resources :    Usage  Request Allocated 
	   Cpus                 :                 1         1 
	   Disk (KB)            :    10551        1    214368 
	   Memory (MB)          :      280     2000      2000 

	Job terminated of its own accord at 2021-06-07T21:06:18Z.
...
