Could not find platform independent libraries <prefix>
Could not find platform dependent libraries <exec_prefix>
Consider setting $PYTHONHOME to <prefix>[:<exec_prefix>]
ImportError: No module named site
Job start at Tue Jun  8 10:11:32 CEST 2021
Running job on machine Linux b7g52n7009.cern.ch 3.10.0-1160.24.1.el7.x86_64 #1 SMP Thu Apr 8 19:51:47 UTC 2021 x86_64 x86_64 x86_64 GNU/Linux, host b7g52n7009.cern.ch
============================================================
$PWD=/pool/condor/dir_26386
$JOBID=2368939
$TASKID=26
$HOSTNAME=b7g52n7009.cern.ch
$TASKCMD=/afs/cern.ch/work/l/lvigilan/TauWork/CMSSW_10_6_17_patch1/src/TauFW/PicoProducer/python/processors/picojob.py -y UL2017 -d 'mc' -c etau -M ETauFakeRate.ModuleETau --copydir /eos/home-l/lvigilan/output_ETauFR_UL17_RUN1/UL2017/etau/TTTo2L2Nu -t _etau_EES1p01_26 --opt 'ees=1.01' 'useT1=True' 'toppt=True' -i /eos/cms/store/group/phys_tau/TauFW/nano/UL2017/TTTo2L2Nu_TuneCP5_13TeV-powheg-pythia8/RunIISummer19UL17NanoAODv2-106X_mc2017_realistic_v8-v1/NANOAODSIM/727A147E-6FB7-D847-A74B-0BC3889B5634_skimjec_1.root /eos/cms/store/group/phys_tau/TauFW/nano/UL2017/TTTo2L2Nu_TuneCP5_13TeV-powheg-pythia8/RunIISummer19UL17NanoAODv2-106X_mc2017_realistic_v8-v1/NANOAODSIM/727A147E-6FB7-D847-A74B-0BC3889B5634_skimjec_2.root /eos/cms/store/group/phys_tau/TauFW/nano/UL2017/TTTo2L2Nu_TuneCP5_13TeV-powheg-pythia8/RunIISummer19UL17NanoAODv2-106X_mc2017_realistic_v8-v1/NANOAODSIM/727A147E-6FB7-D847-A74B-0BC3889B5634_skimjec_3.root /eos/cms/store/group/phys_tau/TauFW/nano/UL2017/TTTo2L2Nu_TuneCP5_13TeV-powheg-pythia8/RunIISummer19UL17NanoAODv2-106X_mc2017_realistic_v8-v1/NANOAODSIM/757AD2D8-FE8E-FA4E-A826-87374B6FD175_skimjec_0.root /eos/cms/store/group/phys_tau/TauFW/nano/UL2017/TTTo2L2Nu_TuneCP5_13TeV-powheg-pythia8/RunIISummer19UL17NanoAODv2-106X_mc2017_realistic_v8-v1/NANOAODSIM/757AD2D8-FE8E-FA4E-A826-87374B6FD175_skimjec_1.root
$WORKDIR=/pool/condor/dir_26386
>>> cd /afs/cern.ch/work/l/lvigilan/TauWork/CMSSW_10_6_17_patch1/src
>>> eval `scramv1 runtime -sh`
>>> cd /pool/condor/dir_26386
$PWD=/pool/condor/dir_26386
>>> /afs/cern.ch/work/l/lvigilan/TauWork/CMSSW_10_6_17_patch1/src/TauFW/PicoProducer/python/processors/picojob.py -y UL2017 -d 'mc' -c etau -M ETauFakeRate.ModuleETau --copydir /eos/home-l/lvigilan/output_ETauFR_UL17_RUN1/UL2017/etau/TTTo2L2Nu -t _etau_EES1p01_26 --opt 'ees=1.01' 'useT1=True' 'toppt=True' -i /eos/cms/store/group/phys_tau/TauFW/nano/UL2017/TTTo2L2Nu_TuneCP5_13TeV-powheg-pythia8/RunIISummer19UL17NanoAODv2-106X_mc2017_realistic_v8-v1/NANOAODSIM/727A147E-6FB7-D847-A74B-0BC3889B5634_skimjec_1.root /eos/cms/store/group/phys_tau/TauFW/nano/UL2017/TTTo2L2Nu_TuneCP5_13TeV-powheg-pythia8/RunIISummer19UL17NanoAODv2-106X_mc2017_realistic_v8-v1/NANOAODSIM/727A147E-6FB7-D847-A74B-0BC3889B5634_skimjec_2.root /eos/cms/store/group/phys_tau/TauFW/nano/UL2017/TTTo2L2Nu_TuneCP5_13TeV-powheg-pythia8/RunIISummer19UL17NanoAODv2-106X_mc2017_realistic_v8-v1/NANOAODSIM/727A147E-6FB7-D847-A74B-0BC3889B5634_skimjec_3.root /eos/cms/store/group/phys_tau/TauFW/nano/UL2017/TTTo2L2Nu_TuneCP5_13TeV-powheg-pythia8/RunIISummer19UL17NanoAODv2-106X_mc2017_realistic_v8-v1/NANOAODSIM/757AD2D8-FE8E-FA4E-A826-87374B6FD175_skimjec_0.root /eos/cms/store/group/phys_tau/TauFW/nano/UL2017/TTTo2L2Nu_TuneCP5_13TeV-powheg-pythia8/RunIISummer19UL17NanoAODv2-106X_mc2017_realistic_v8-v1/NANOAODSIM/757AD2D8-FE8E-FA4E-A826-87374B6FD175_skimjec_1.root
Error in <TGClient::TGClient>: can't open display "localhost:21.0", switching to batch mode...
 In case you run from a remote ssh session, reconnect with ssh -Y
--------------------------------------------------------------------------------
>>> era          = 'UL2017'
>>> year         = 2017
>>> channel      = 'etau'
>>> modname      = 'ETauFakeRate.ModuleETau'
>>> dtype        = 'mc'
>>> kwargs       = {'dtype': 'mc', 'ees': 1.01, 'toppt': True, 'useT1': True, 'verb': 0, 'era': 'UL2017', 'year': 2017}
>>> firstevt     = 0
>>> maxevts      = None
>>> outdir       = '.'
>>> copydir      = '/eos/home-l/lvigilan/output_ETauFR_UL17_RUN1/UL2017/etau/TTTo2L2Nu'
>>> infiles      = ['/eos/cms/store/group/phys_tau/TauFW/nano/UL2017/TTTo2L2Nu_TuneCP5_13TeV-powheg-pythia8/RunIISummer19UL17NanoAODv2-106X_mc2017_realistic_v8-v1/NANOAODSIM/727A147E-6FB7-D847-A74B-0BC3889B5634_skimjec_1.root', '/eos/cms/store/group/phys_tau/TauFW/nano/UL2017/TTTo2L2Nu_TuneCP5_13TeV-powheg-pythia8/RunIISummer19UL17NanoAODv2-106X_mc2017_realistic_v8-v1/NANOAODSIM/727A147E-6FB7-D847-A74B-0BC3889B5634_skimjec_2.root', '/eos/cms/store/group/phys_tau/TauFW/nano/UL2017/TTTo2L2Nu_TuneCP5_13TeV-powheg-pythia8/RunIISummer19UL17NanoAODv2-106X_mc2017_realistic_v8-v1/NANOAODSIM/727A147E-6FB7-D847-A74B-0BC3889B5634_skimjec_3.root', '/eos/cms/store/group/phys_tau/TauFW/nano/UL2017/TTTo2L2Nu_TuneCP5_13TeV-powheg-pythia8/RunIISummer19UL17NanoAODv2-106X_mc2017_realistic_v8-v1/NANOAODSIM/757AD2D8-FE8E-FA4E-A826-87374B6FD175_skimjec_0.root', '/eos/cms/store/group/phys_tau/TauFW/nano/UL2017/TTTo2L2Nu_TuneCP5_13TeV-powheg-pythia8/RunIISummer19UL17NanoAODv2-106X_mc2017_realistic_v8-v1/NANOAODSIM/757AD2D8-FE8E-FA4E-A826-87374B6FD175_skimjec_1.root']
>>> outfname     = './pico_etau_EES1p01_26.root'
>>> branchsel    = '/afs/cern.ch/work/l/lvigilan/TauWork/CMSSW_10_6_17_patch1/python/TauFW/PicoProducer/processors/keep_and_drop_skim.txt'
>>> json         = None
>>> prefetch     = False
>>> cwd          = /pool/condor/dir_26386
--------------------------------------------------------------------------------

   ################
   #  ModuleETau  #
   ################

Loading PileupWeightTool for '/afs/cern.ch/work/l/lvigilan/TauWork/CMSSW_10_6_17_patch1/src/TauFW/PicoProducer/data/pileup/Data_PileUp_UL2017_69p2.root' and '/afs/cern.ch/work/l/lvigilan/TauWork/CMSSW_10_6_17_patch1/src/TauFW/PicoProducer/data/pileup/MC_PileUp_UL2017_Summer19.root'
Loading BTagWeightTool for DeepCSV (medium WP)...
>>> BTagTool: [1m[33mWarning! [0m[33mHistogram 'etau/eff_DeepCSV_udsg_medium' does not exist in /afs/cern.ch/work/l/lvigilan/TauWork/CMSSW_10_6_17_patch1/src/TauFW/PicoProducer/data/btag/DeepCSV_2017_12Apr2017_eff.root! Reverting to default efficiency histogram...[0m
>>> BTagTool: [1m[33mWarning! [0m[33mHistogram 'etau/eff_DeepCSV_c_medium' does not exist in /afs/cern.ch/work/l/lvigilan/TauWork/CMSSW_10_6_17_patch1/src/TauFW/PicoProducer/data/btag/DeepCSV_2017_12Apr2017_eff.root! Reverting to default efficiency histogram...[0m
>>> BTagTool: [1m[33mWarning! [0m[33mHistogram 'etau/eff_DeepCSV_b_medium' does not exist in /afs/cern.ch/work/l/lvigilan/TauWork/CMSSW_10_6_17_patch1/src/TauFW/PicoProducer/data/btag/DeepCSV_2017_12Apr2017_eff.root! Reverting to default efficiency histogram...[0m
>>> BTagTool: [1m[33mWarning! [0m[33mMade use of default efficiency histograms! The b tag weights from this module should be regarded as placeholders only,
and should NOT be used for analyses. B (mis)tag efficiencies in MC are analysis dependent. Please create your own
efficiency histogram with data/btag/getBTagEfficiencies.py after running all MC samples with BTagWeightTool.[0m
Loading TreeProducerETau for './pico_etau_EES1p01_26.root'
--------------------------------------------------------------------------------
>>> filename     = './pico_etau_EES1p01_26.root'
>>> year         = 2017
>>> dtype        = 'mc'
>>> channel      = 'etau'
>>> ismc         = True
>>> isdata       = False
>>> isembed      = False
>>> tes          = 1.0
>>> tessys       = None
>>> fes          = None
>>> ltf          = None
>>> jtf          = 1.0
>>> dotoppt      = True
>>> dozpt        = False
>>> dojec        = True
>>> dojecsys     = True
>>> dotight      = False
>>> useT1        = True
>>> jetCutPt     = 30
>>> bjetCutEta   = 2.7
>>> tauwp        = 0
>>> eleCutPt     = 36
>>> eleCutEta    = 2.1
>>> tauCutPt     = 20
>>> tauCutEta    = 2.3
>>> ZpeekReso    = 0.1
Pre-select 240450 entries out of 240450 (100.00%)
Processed    10000/  240450 entries,  4.16% (elapsed time    10.6s, curr speed    0.940 kHz, avg speed    0.940 kHz), accepted      981/   10001 events ( 9.81%)
Processed    20000/  240450 entries,  8.32% (elapsed time    18.4s, curr speed    1.292 kHz, avg speed    1.088 kHz), accepted     1979/   20001 events ( 9.89%)
Processed    30000/  240450 entries, 12.48% (elapsed time    25.4s, curr speed    1.423 kHz, avg speed    1.181 kHz), accepted     2986/   30001 events ( 9.95%)
Processed    40000/  240450 entries, 16.64% (elapsed time    32.6s, curr speed    1.392 kHz, avg speed    1.227 kHz), accepted     3936/   40001 events ( 9.84%)
Processed    50000/  240450 entries, 20.79% (elapsed time    38.7s, curr speed    1.649 kHz, avg speed    1.293 kHz), accepted     4915/   50001 events ( 9.83%)
Processed    60000/  240450 entries, 24.95% (elapsed time    44.0s, curr speed    1.871 kHz, avg speed    1.364 kHz), accepted     5833/   60001 events ( 9.72%)
Processed    70000/  240450 entries, 29.11% (elapsed time    50.5s, curr speed    1.550 kHz, avg speed    1.387 kHz), accepted     6851/   70001 events ( 9.79%)
Processed    80000/  240450 entries, 33.27% (elapsed time    56.5s, curr speed    1.661 kHz, avg speed    1.417 kHz), accepted     7873/   80001 events ( 9.84%)
Processed    90000/  240450 entries, 37.43% (elapsed time    62.9s, curr speed    1.564 kHz, avg speed    1.432 kHz), accepted     8841/   90001 events ( 9.82%)
Processed   100000/  240450 entries, 41.59% (elapsed time    69.1s, curr speed    1.609 kHz, avg speed    1.448 kHz), accepted     9834/  100001 events ( 9.83%)
Processed   110000/  240450 entries, 45.75% (elapsed time    74.7s, curr speed    1.775 kHz, avg speed    1.472 kHz), accepted    10766/  110001 events ( 9.79%)
Processed   120000/  240450 entries, 49.91% (elapsed time    81.1s, curr speed    1.555 kHz, avg speed    1.479 kHz), accepted    11734/  120001 events ( 9.78%)
Processed   130000/  240450 entries, 54.07% (elapsed time    87.0s, curr speed    1.695 kHz, avg speed    1.493 kHz), accepted    12700/  130001 events ( 9.77%)
Processed   140000/  240450 entries, 58.22% (elapsed time    93.2s, curr speed    1.632 kHz, avg speed    1.503 kHz), accepted    13679/  140001 events ( 9.77%)
Processed   150000/  240450 entries, 62.38% (elapsed time    99.4s, curr speed    1.618 kHz, avg speed    1.510 kHz), accepted    14657/  150001 events ( 9.77%)
Processed   160000/  240450 entries, 66.54% (elapsed time   105.6s, curr speed    1.607 kHz, avg speed    1.516 kHz), accepted    15619/  160001 events ( 9.76%)
Processed   170000/  240450 entries, 70.70% (elapsed time   112.2s, curr speed    1.509 kHz, avg speed    1.515 kHz), accepted    16652/  170001 events ( 9.80%)
Processed   180000/  240450 entries, 74.86% (elapsed time   117.7s, curr speed    1.818 kHz, avg speed    1.529 kHz), accepted    17600/  180001 events ( 9.78%)
Processed   190000/  240450 entries, 79.02% (elapsed time   123.3s, curr speed    1.775 kHz, avg speed    1.541 kHz), accepted    18557/  190001 events ( 9.77%)
Processed   200000/  240450 entries, 83.18% (elapsed time   129.3s, curr speed    1.684 kHz, avg speed    1.547 kHz), accepted    19560/  200001 events ( 9.78%)
Processed   210000/  240450 entries, 87.34% (elapsed time   135.8s, curr speed    1.536 kHz, avg speed    1.547 kHz), accepted    20524/  210001 events ( 9.77%)
Processed   220000/  240450 entries, 91.50% (elapsed time   141.4s, curr speed    1.787 kHz, avg speed    1.556 kHz), accepted    21464/  220001 events ( 9.76%)
Processed   230000/  240450 entries, 95.65% (elapsed time   147.5s, curr speed    1.622 kHz, avg speed    1.559 kHz), accepted    22431/  230001 events ( 9.75%)
Processed   240000/  240450 entries, 99.81% (elapsed time   153.4s, curr speed    1.695 kHz, avg speed    1.564 kHz), accepted    23396/  240001 events ( 9.75%)
Processed 240450 preselected entries from /eos/cms/store/group/phys_tau/TauFW/nano/UL2017/TTTo2L2Nu_TuneCP5_13TeV-powheg-pythia8/RunIISummer19UL17NanoAODv2-106X_mc2017_realistic_v8-v1/NANOAODSIM/727A147E-6FB7-D847-A74B-0BC3889B5634_skimjec_1.root (240450 entries). Finally selected 23434 entries
Pre-select 240450 entries out of 240450 (100.00%)
Processed    10000/  240450 entries,  4.16% (elapsed time     9.2s, curr speed    1.081 kHz, avg speed    1.081 kHz), accepted     1015/   10001 events (10.15%)
Processed    20000/  240450 entries,  8.32% (elapsed time    16.4s, curr speed    1.399 kHz, avg speed    1.220 kHz), accepted     2024/   20001 events (10.12%)
Processed    30000/  240450 entries, 12.48% (elapsed time    24.0s, curr speed    1.317 kHz, avg speed    1.251 kHz), accepted     2994/   30001 events ( 9.98%)
Processed    40000/  240450 entries, 16.64% (elapsed time    31.1s, curr speed    1.406 kHz, avg speed    1.286 kHz), accepted     4012/   40001 events (10.03%)
Processed    50000/  240450 entries, 20.79% (elapsed time    37.8s, curr speed    1.484 kHz, avg speed    1.321 kHz), accepted     5003/   50001 events (10.01%)
Processed    60000/  240450 entries, 24.95% (elapsed time    44.4s, curr speed    1.519 kHz, avg speed    1.351 kHz), accepted     5981/   60001 events ( 9.97%)
Processed    70000/  240450 entries, 29.11% (elapsed time    50.4s, curr speed    1.684 kHz, avg speed    1.390 kHz), accepted     6961/   70001 events ( 9.94%)
Processed    80000/  240450 entries, 33.27% (elapsed time    56.3s, curr speed    1.678 kHz, avg speed    1.420 kHz), accepted     7917/   80001 events ( 9.90%)
Processed    90000/  240450 entries, 37.43% (elapsed time    62.4s, curr speed    1.641 kHz, avg speed    1.442 kHz), accepted     8929/   90001 events ( 9.92%)
Processed   100000/  240450 entries, 41.59% (elapsed time    69.1s, curr speed    1.493 kHz, avg speed    1.447 kHz), accepted     9876/  100001 events ( 9.88%)
Processed   110000/  240450 entries, 45.75% (elapsed time    75.1s, curr speed    1.672 kHz, avg speed    1.465 kHz), accepted    10831/  110001 events ( 9.85%)
Processed   120000/  240450 entries, 49.91% (elapsed time    81.8s, curr speed    1.485 kHz, avg speed    1.467 kHz), accepted    11887/  120001 events ( 9.91%)
Processed   130000/  240450 entries, 54.07% (elapsed time    87.5s, curr speed    1.748 kHz, avg speed    1.485 kHz), accepted    12853/  130001 events ( 9.89%)
Processed   140000/  240450 entries, 58.22% (elapsed time    93.4s, curr speed    1.711 kHz, avg speed    1.499 kHz), accepted    13871/  140001 events ( 9.91%)
Processed   150000/  240450 entries, 62.38% (elapsed time    99.5s, curr speed    1.628 kHz, avg speed    1.507 kHz), accepted    14920/  150001 events ( 9.95%)
Processed   160000/  240450 entries, 66.54% (elapsed time   105.0s, curr speed    1.844 kHz, avg speed    1.524 kHz), accepted    15867/  160001 events ( 9.92%)
Processed   170000/  240450 entries, 70.70% (elapsed time   110.3s, curr speed    1.871 kHz, avg speed    1.541 kHz), accepted    16836/  170001 events ( 9.90%)
Processed   180000/  240450 entries, 74.86% (elapsed time   116.2s, curr speed    1.708 kHz, avg speed    1.550 kHz), accepted    17828/  180001 events ( 9.90%)
Processed   190000/  240450 entries, 79.02% (elapsed time   122.1s, curr speed    1.679 kHz, avg speed    1.556 kHz), accepted    18788/  190001 events ( 9.89%)
Processed   200000/  240450 entries, 83.18% (elapsed time   127.2s, curr speed    1.947 kHz, avg speed    1.572 kHz), accepted    19788/  200001 events ( 9.89%)
Processed   210000/  240450 entries, 87.34% (elapsed time   133.0s, curr speed    1.725 kHz, avg speed    1.578 kHz), accepted    20822/  210001 events ( 9.92%)
Processed   220000/  240450 entries, 91.50% (elapsed time   138.7s, curr speed    1.758 kHz, avg speed    1.586 kHz), accepted    21852/  220001 events ( 9.93%)
Processed   230000/  240450 entries, 95.65% (elapsed time   144.2s, curr speed    1.822 kHz, avg speed    1.595 kHz), accepted    22848/  230001 events ( 9.93%)
Processed   240000/  240450 entries, 99.81% (elapsed time   149.7s, curr speed    1.830 kHz, avg speed    1.603 kHz), accepted    23840/  240001 events ( 9.93%)
Processed 240450 preselected entries from /eos/cms/store/group/phys_tau/TauFW/nano/UL2017/TTTo2L2Nu_TuneCP5_13TeV-powheg-pythia8/RunIISummer19UL17NanoAODv2-106X_mc2017_realistic_v8-v1/NANOAODSIM/727A147E-6FB7-D847-A74B-0BC3889B5634_skimjec_2.root (240450 entries). Finally selected 23886 entries
Pre-select 240450 entries out of 240450 (100.00%)
Processed    10000/  240450 entries,  4.16% (elapsed time     9.8s, curr speed    1.020 kHz, avg speed    1.020 kHz), accepted      995/   10001 events ( 9.95%)
Processed    20000/  240450 entries,  8.32% (elapsed time    18.0s, curr speed    1.225 kHz, avg speed    1.113 kHz), accepted     2015/   20001 events (10.07%)
Processed    30000/  240450 entries, 12.48% (elapsed time    24.4s, curr speed    1.564 kHz, avg speed    1.232 kHz), accepted     2986/   30001 events ( 9.95%)
Processed    40000/  240450 entries, 16.64% (elapsed time    32.9s, curr speed    1.175 kHz, avg speed    1.217 kHz), accepted     3980/   40001 events ( 9.95%)
Processed    50000/  240450 entries, 20.79% (elapsed time    40.1s, curr speed    1.388 kHz, avg speed    1.248 kHz), accepted     4957/   50001 events ( 9.91%)
Processed    60000/  240450 entries, 24.95% (elapsed time    47.6s, curr speed    1.324 kHz, avg speed    1.260 kHz), accepted     5958/   60001 events ( 9.93%)
Processed    70000/  240450 entries, 29.11% (elapsed time    54.7s, curr speed    1.407 kHz, avg speed    1.279 kHz), accepted     6915/   70001 events ( 9.88%)
Processed    80000/  240450 entries, 33.27% (elapsed time    62.0s, curr speed    1.378 kHz, avg speed    1.291 kHz), accepted     7923/   80001 events ( 9.90%)
Processed    90000/  240450 entries, 37.43% (elapsed time    68.1s, curr speed    1.632 kHz, avg speed    1.321 kHz), accepted     8877/   90001 events ( 9.86%)
Processed   100000/  240450 entries, 41.59% (elapsed time    74.6s, curr speed    1.545 kHz, avg speed    1.341 kHz), accepted     9859/  100001 events ( 9.86%)
Processed   110000/  240450 entries, 45.75% (elapsed time    80.8s, curr speed    1.622 kHz, avg speed    1.362 kHz), accepted    10868/  110001 events ( 9.88%)
Processed   120000/  240450 entries, 49.91% (elapsed time    86.7s, curr speed    1.687 kHz, avg speed    1.384 kHz), accepted    11809/  120001 events ( 9.84%)
Processed   130000/  240450 entries, 54.07% (elapsed time    95.1s, curr speed    1.181 kHz, avg speed    1.366 kHz), accepted    12848/  130001 events ( 9.88%)
Processed   140000/  240450 entries, 58.22% (elapsed time   101.2s, curr speed    1.642 kHz, avg speed    1.383 kHz), accepted    13859/  140001 events ( 9.90%)
Processed   150000/  240450 entries, 62.38% (elapsed time   107.7s, curr speed    1.540 kHz, avg speed    1.392 kHz), accepted    14851/  150001 events ( 9.90%)
Processed   160000/  240450 entries, 66.54% (elapsed time   113.9s, curr speed    1.623 kHz, avg speed    1.405 kHz), accepted    15915/  160001 events ( 9.95%)
Processed   170000/  240450 entries, 70.70% (elapsed time   120.0s, curr speed    1.650 kHz, avg speed    1.417 kHz), accepted    16875/  170001 events ( 9.93%)
Processed   180000/  240450 entries, 74.86% (elapsed time   125.7s, curr speed    1.726 kHz, avg speed    1.431 kHz), accepted    17832/  180001 events ( 9.91%)
Processed   190000/  240450 entries, 79.02% (elapsed time   132.0s, curr speed    1.611 kHz, avg speed    1.440 kHz), accepted    18819/  190001 events ( 9.90%)
Processed   200000/  240450 entries, 83.18% (elapsed time   138.8s, curr speed    1.457 kHz, avg speed    1.441 kHz), accepted    19839/  200001 events ( 9.92%)
Processed   210000/  240450 entries, 87.34% (elapsed time   145.2s, curr speed    1.556 kHz, avg speed    1.446 kHz), accepted    20814/  210001 events ( 9.91%)
Processed   220000/  240450 entries, 91.50% (elapsed time   151.8s, curr speed    1.526 kHz, avg speed    1.449 kHz), accepted    21802/  220001 events ( 9.91%)
Processed   230000/  240450 entries, 95.65% (elapsed time   157.9s, curr speed    1.646 kHz, avg speed    1.457 kHz), accepted    22769/  230001 events ( 9.90%)
Processed   240000/  240450 entries, 99.81% (elapsed time   163.4s, curr speed    1.803 kHz, avg speed    1.469 kHz), accepted    23743/  240001 events ( 9.89%)
Processed 240450 preselected entries from /eos/cms/store/group/phys_tau/TauFW/nano/UL2017/TTTo2L2Nu_TuneCP5_13TeV-powheg-pythia8/RunIISummer19UL17NanoAODv2-106X_mc2017_realistic_v8-v1/NANOAODSIM/727A147E-6FB7-D847-A74B-0BC3889B5634_skimjec_3.root (240450 entries). Finally selected 23800 entries
Pre-select 240450 entries out of 240450 (100.00%)
Processed    10000/  240450 entries,  4.16% (elapsed time     9.5s, curr speed    1.057 kHz, avg speed    1.057 kHz), accepted     1026/   10001 events (10.26%)
Processed    20000/  240450 entries,  8.32% (elapsed time    16.1s, curr speed    1.502 kHz, avg speed    1.241 kHz), accepted     2038/   20001 events (10.19%)
Processed    30000/  240450 entries, 12.48% (elapsed time    24.1s, curr speed    1.259 kHz, avg speed    1.247 kHz), accepted     3033/   30001 events (10.11%)
Processed    40000/  240450 entries, 16.64% (elapsed time    32.8s, curr speed    1.143 kHz, avg speed    1.219 kHz), accepted     4029/   40001 events (10.07%)
Processed    50000/  240450 entries, 20.79% (elapsed time    40.0s, curr speed    1.384 kHz, avg speed    1.249 kHz), accepted     5003/   50001 events (10.01%)
Processed    60000/  240450 entries, 24.95% (elapsed time    46.4s, curr speed    1.563 kHz, avg speed    1.292 kHz), accepted     5968/   60001 events ( 9.95%)
Processed    70000/  240450 entries, 29.11% (elapsed time    52.4s, curr speed    1.691 kHz, avg speed    1.337 kHz), accepted     6931/   70001 events ( 9.90%)
Processed    80000/  240450 entries, 33.27% (elapsed time    58.6s, curr speed    1.596 kHz, avg speed    1.365 kHz), accepted     7893/   80001 events ( 9.87%)
Processed    90000/  240450 entries, 37.43% (elapsed time    64.8s, curr speed    1.617 kHz, avg speed    1.389 kHz), accepted     8874/   90001 events ( 9.86%)
Processed   100000/  240450 entries, 41.59% (elapsed time    70.7s, curr speed    1.696 kHz, avg speed    1.415 kHz), accepted     9872/  100001 events ( 9.87%)
Processed   110000/  240450 entries, 45.75% (elapsed time    76.5s, curr speed    1.719 kHz, avg speed    1.438 kHz), accepted    10885/  110001 events ( 9.90%)
Processed   120000/  240450 entries, 49.91% (elapsed time    82.7s, curr speed    1.616 kHz, avg speed    1.451 kHz), accepted    11864/  120001 events ( 9.89%)
Processed   130000/  240450 entries, 54.07% (elapsed time    88.3s, curr speed    1.788 kHz, avg speed    1.472 kHz), accepted    12851/  130001 events ( 9.89%)
Processed   140000/  240450 entries, 58.22% (elapsed time    94.5s, curr speed    1.619 kHz, avg speed    1.482 kHz), accepted    13821/  140001 events ( 9.87%)
Processed   150000/  240450 entries, 62.38% (elapsed time   100.4s, curr speed    1.689 kHz, avg speed    1.494 kHz), accepted    14789/  150001 events ( 9.86%)
Processed   160000/  240450 entries, 66.54% (elapsed time   106.3s, curr speed    1.681 kHz, avg speed    1.505 kHz), accepted    15735/  160001 events ( 9.83%)
Processed   170000/  240450 entries, 70.70% (elapsed time   112.4s, curr speed    1.664 kHz, avg speed    1.513 kHz), accepted    16726/  170001 events ( 9.84%)
Processed   180000/  240450 entries, 74.86% (elapsed time   118.4s, curr speed    1.640 kHz, avg speed    1.520 kHz), accepted    17753/  180001 events ( 9.86%)
Processed   190000/  240450 entries, 79.02% (elapsed time   124.8s, curr speed    1.566 kHz, avg speed    1.522 kHz), accepted    18759/  190001 events ( 9.87%)
Processed   200000/  240450 entries, 83.18% (elapsed time   130.5s, curr speed    1.774 kHz, avg speed    1.533 kHz), accepted    19727/  200001 events ( 9.86%)
Processed   210000/  240450 entries, 87.34% (elapsed time   135.9s, curr speed    1.826 kHz, avg speed    1.545 kHz), accepted    20733/  210001 events ( 9.87%)
Processed   220000/  240450 entries, 91.50% (elapsed time   142.0s, curr speed    1.639 kHz, avg speed    1.549 kHz), accepted    21740/  220001 events ( 9.88%)
Processed   230000/  240450 entries, 95.65% (elapsed time   148.0s, curr speed    1.674 kHz, avg speed    1.554 kHz), accepted    22735/  230001 events ( 9.88%)
Processed   240000/  240450 entries, 99.81% (elapsed time   154.0s, curr speed    1.677 kHz, avg speed    1.559 kHz), accepted    23694/  240001 events ( 9.87%)
Processed 240450 preselected entries from /eos/cms/store/group/phys_tau/TauFW/nano/UL2017/TTTo2L2Nu_TuneCP5_13TeV-powheg-pythia8/RunIISummer19UL17NanoAODv2-106X_mc2017_realistic_v8-v1/NANOAODSIM/757AD2D8-FE8E-FA4E-A826-87374B6FD175_skimjec_0.root (240450 entries). Finally selected 23741 entries
Pre-select 240450 entries out of 240450 (100.00%)
Processed    10000/  240450 entries,  4.16% (elapsed time     8.8s, curr speed    1.133 kHz, avg speed    1.133 kHz), accepted     1016/   10001 events (10.16%)
Processed    20000/  240450 entries,  8.32% (elapsed time    15.7s, curr speed    1.448 kHz, avg speed    1.272 kHz), accepted     1995/   20001 events ( 9.97%)
Processed    30000/  240450 entries, 12.48% (elapsed time    22.6s, curr speed    1.461 kHz, avg speed    1.329 kHz), accepted     2964/   30001 events ( 9.88%)
Processed    40000/  240450 entries, 16.64% (elapsed time    28.5s, curr speed    1.692 kHz, avg speed    1.404 kHz), accepted     3959/   40001 events ( 9.90%)
Processed    50000/  240450 entries, 20.79% (elapsed time    35.5s, curr speed    1.428 kHz, avg speed    1.409 kHz), accepted     4939/   50001 events ( 9.88%)
Processed    60000/  240450 entries, 24.95% (elapsed time    41.2s, curr speed    1.764 kHz, avg speed    1.458 kHz), accepted     5976/   60001 events ( 9.96%)
Processed    70000/  240450 entries, 29.11% (elapsed time    47.3s, curr speed    1.636 kHz, avg speed    1.481 kHz), accepted     6997/   70001 events (10.00%)
Processed    80000/  240450 entries, 33.27% (elapsed time    52.4s, curr speed    1.942 kHz, avg speed    1.526 kHz), accepted     7959/   80001 events ( 9.95%)
Processed    90000/  240450 entries, 37.43% (elapsed time    57.0s, curr speed    2.207 kHz, avg speed    1.580 kHz), accepted     8885/   90001 events ( 9.87%)
Processed   100000/  240450 entries, 41.59% (elapsed time    62.2s, curr speed    1.922 kHz, avg speed    1.609 kHz), accepted     9879/  100001 events ( 9.88%)
Processed   110000/  240450 entries, 45.75% (elapsed time    67.2s, curr speed    1.974 kHz, avg speed    1.636 kHz), accepted    10901/  110001 events ( 9.91%)
Processed   120000/  240450 entries, 49.91% (elapsed time    72.7s, curr speed    1.810 kHz, avg speed    1.650 kHz), accepted    11916/  120001 events ( 9.93%)
Processed   130000/  240450 entries, 54.07% (elapsed time    78.1s, curr speed    1.857 kHz, avg speed    1.664 kHz), accepted    12895/  130001 events ( 9.92%)
Processed   140000/  240450 entries, 58.22% (elapsed time    83.1s, curr speed    2.011 kHz, avg speed    1.685 kHz), accepted    13884/  140001 events ( 9.92%)
Processed   150000/  240450 entries, 62.38% (elapsed time    88.1s, curr speed    1.997 kHz, avg speed    1.702 kHz), accepted    14873/  150001 events ( 9.92%)
Processed   160000/  240450 entries, 66.54% (elapsed time    93.7s, curr speed    1.784 kHz, avg speed    1.707 kHz), accepted    15896/  160001 events ( 9.93%)
Processed   170000/  240450 entries, 70.70% (elapsed time    99.0s, curr speed    1.905 kHz, avg speed    1.718 kHz), accepted    16841/  170001 events ( 9.91%)
Processed   180000/  240450 entries, 74.86% (elapsed time   104.1s, curr speed    1.948 kHz, avg speed    1.729 kHz), accepted    17797/  180001 events ( 9.89%)
Processed   190000/  240450 entries, 79.02% (elapsed time   109.1s, curr speed    1.989 kHz, avg speed    1.741 kHz), accepted    18834/  190001 events ( 9.91%)
Processed   200000/  240450 entries, 83.18% (elapsed time   113.9s, curr speed    2.106 kHz, avg speed    1.756 kHz), accepted    19805/  200001 events ( 9.90%)
Processed   210000/  240450 entries, 87.34% (elapsed time   118.9s, curr speed    2.004 kHz, avg speed    1.767 kHz), accepted    20766/  210001 events ( 9.89%)
Processed   220000/  240450 entries, 91.50% (elapsed time   124.1s, curr speed    1.914 kHz, avg speed    1.773 kHz), accepted    21762/  220001 events ( 9.89%)
Processed   230000/  240450 entries, 95.65% (elapsed time   128.8s, curr speed    2.135 kHz, avg speed    1.786 kHz), accepted    22730/  230001 events ( 9.88%)
Processed   240000/  240450 entries, 99.81% (elapsed time   133.4s, curr speed    2.149 kHz, avg speed    1.799 kHz), accepted    23681/  240001 events ( 9.87%)
Processed 240450 preselected entries from /eos/cms/store/group/phys_tau/TauFW/nano/UL2017/TTTo2L2Nu_TuneCP5_13TeV-powheg-pythia8/RunIISummer19UL17NanoAODv2-106X_mc2017_realistic_v8-v1/NANOAODSIM/757AD2D8-FE8E-FA4E-A826-87374B6FD175_skimjec_1.root (240450 entries). Finally selected 23727 entries
Total time 756.9 sec. to process 1202250 events. Rate = 1588.4 Hz.
>>> cwd          = /pool/condor/dir_26386
>>> ls           = ['tmp', '.update.ad', 'var', '_condor_stdout', 'pico_etau_EES1p01_26.root', 'lvigilan.cc', '.chirp.config', '.machine.ad', '.job.ad', 'condor_exec.exe', 'x509_voms']
>>> getstorage('/eos/home-l/lvigilan/output_ETauFR_UL17_RUN1/UL2017/etau/TTTo2L2Nu'), <EOS("/eos/home-l/lvigilan/output_ETauFR_UL17_RUN1/UL2017/etau/TTTo2L2Nu") at 0x2b4dffc83c10>
>>> Executing: 'cp ./pico_etau_EES1p01_26.root /eos/home-l/lvigilan/output_ETauFR_UL17_RUN1/UL2017/etau/TTTo2L2Nu'
>>> Removing './pico_etau_EES1p01_26.root'...
>>> picojob.py done after 778.3 seconds

Job complete at Tue Jun  8 10:24:31 CEST 2021
Took 12 minutes 59 seconds040 (2368939.026.000) 06/08 10:24:31 Finished transferring output files
...
005 (2368939.026.000) 06/08 10:24:31 Job terminated.
	(1) Normal termination (return value 0)
		Usr 0 00:10:57, Sys 0 00:00:19  -  Run Remote Usage
		Usr 0 00:00:00, Sys 0 00:00:00  -  Run Local Usage
		Usr 0 00:10:57, Sys 0 00:00:19  -  Total Remote Usage
		Usr 0 00:00:00, Sys 0 00:00:00  -  Total Local Usage
	36919  -  Run Bytes Sent By Job
	9926  -  Run Bytes Received By Job
	36919  -  Total Bytes Sent By Job
	9926  -  Total Bytes Received By Job
	Partitionable Resources :    Usage  Request Allocated 
	   Cpus                 :     0.92        1         1 
	   Disk (KB)            : 17171           1    238901 
	   Memory (MB)          :   280        2000      2000 

	Job terminated of its own accord at 2021-06-08T08:24:31Z.
...
