Could not find platform independent libraries <prefix>
Could not find platform dependent libraries <exec_prefix>
Consider setting $PYTHONHOME to <prefix>[:<exec_prefix>]
ImportError: No module named site
Job start at Mon Jun  7 18:54:41 CEST 2021
Running job on machine Linux b7g24n0191.cern.ch 3.10.0-1160.21.1.el7.x86_64 #1 SMP Tue Mar 16 18:28:22 UTC 2021 x86_64 x86_64 x86_64 GNU/Linux, host b7g24n0191.cern.ch
============================================================
$PWD=/pool/condor/dir_18081
$JOBID=2367591
$TASKID=24
$HOSTNAME=b7g24n0191.cern.ch
$TASKCMD=/afs/cern.ch/work/l/lvigilan/TauWork/CMSSW_10_6_17_patch1/src/TauFW/PicoProducer/python/processors/picojob.py -y UL2017 -d 'mc' -c etau -M ETauFakeRate.ModuleETau --copydir /eos/home-l/lvigilan/output_ETauFR_UL17_RUN1/UL2017/etau/TTTo2L2Nu -t _etau_24 --opt 'useT1=True' 'toppt=True' -i /eos/cms/store/group/phys_tau/TauFW/nano/UL2017/TTTo2L2Nu_TuneCP5_13TeV-powheg-pythia8/RunIISummer19UL17NanoAODv2-106X_mc2017_realistic_v8-v1/NANOAODSIM/69D24DCE-D795-C147-AB1A-605A6FFBF781_skimjec_3.root /eos/cms/store/group/phys_tau/TauFW/nano/UL2017/TTTo2L2Nu_TuneCP5_13TeV-powheg-pythia8/RunIISummer19UL17NanoAODv2-106X_mc2017_realistic_v8-v1/NANOAODSIM/69D24DCE-D795-C147-AB1A-605A6FFBF781_skimjec_4.root /eos/cms/store/group/phys_tau/TauFW/nano/UL2017/TTTo2L2Nu_TuneCP5_13TeV-powheg-pythia8/RunIISummer19UL17NanoAODv2-106X_mc2017_realistic_v8-v1/NANOAODSIM/69D24DCE-D795-C147-AB1A-605A6FFBF781_skimjec_5.root /eos/cms/store/group/phys_tau/TauFW/nano/UL2017/TTTo2L2Nu_TuneCP5_13TeV-powheg-pythia8/RunIISummer19UL17NanoAODv2-106X_mc2017_realistic_v8-v1/NANOAODSIM/6AE17325-1269-8B4D-9E02-29170D23454B_skimjec_0.root /eos/cms/store/group/phys_tau/TauFW/nano/UL2017/TTTo2L2Nu_TuneCP5_13TeV-powheg-pythia8/RunIISummer19UL17NanoAODv2-106X_mc2017_realistic_v8-v1/NANOAODSIM/6AE17325-1269-8B4D-9E02-29170D23454B_skimjec_1.root
$WORKDIR=/pool/condor/dir_18081
>>> cd /afs/cern.ch/work/l/lvigilan/TauWork/CMSSW_10_6_17_patch1/src
>>> eval `scramv1 runtime -sh`
>>> cd /pool/condor/dir_18081
$PWD=/pool/condor/dir_18081
>>> /afs/cern.ch/work/l/lvigilan/TauWork/CMSSW_10_6_17_patch1/src/TauFW/PicoProducer/python/processors/picojob.py -y UL2017 -d 'mc' -c etau -M ETauFakeRate.ModuleETau --copydir /eos/home-l/lvigilan/output_ETauFR_UL17_RUN1/UL2017/etau/TTTo2L2Nu -t _etau_24 --opt 'useT1=True' 'toppt=True' -i /eos/cms/store/group/phys_tau/TauFW/nano/UL2017/TTTo2L2Nu_TuneCP5_13TeV-powheg-pythia8/RunIISummer19UL17NanoAODv2-106X_mc2017_realistic_v8-v1/NANOAODSIM/69D24DCE-D795-C147-AB1A-605A6FFBF781_skimjec_3.root /eos/cms/store/group/phys_tau/TauFW/nano/UL2017/TTTo2L2Nu_TuneCP5_13TeV-powheg-pythia8/RunIISummer19UL17NanoAODv2-106X_mc2017_realistic_v8-v1/NANOAODSIM/69D24DCE-D795-C147-AB1A-605A6FFBF781_skimjec_4.root /eos/cms/store/group/phys_tau/TauFW/nano/UL2017/TTTo2L2Nu_TuneCP5_13TeV-powheg-pythia8/RunIISummer19UL17NanoAODv2-106X_mc2017_realistic_v8-v1/NANOAODSIM/69D24DCE-D795-C147-AB1A-605A6FFBF781_skimjec_5.root /eos/cms/store/group/phys_tau/TauFW/nano/UL2017/TTTo2L2Nu_TuneCP5_13TeV-powheg-pythia8/RunIISummer19UL17NanoAODv2-106X_mc2017_realistic_v8-v1/NANOAODSIM/6AE17325-1269-8B4D-9E02-29170D23454B_skimjec_0.root /eos/cms/store/group/phys_tau/TauFW/nano/UL2017/TTTo2L2Nu_TuneCP5_13TeV-powheg-pythia8/RunIISummer19UL17NanoAODv2-106X_mc2017_realistic_v8-v1/NANOAODSIM/6AE17325-1269-8B4D-9E02-29170D23454B_skimjec_1.root
Error in <TGClient::TGClient>: can't open display "localhost:19.0", switching to batch mode...
 In case you run from a remote ssh session, reconnect with ssh -Y
--------------------------------------------------------------------------------
>>> era          = 'UL2017'
>>> year         = 2017
>>> channel      = 'etau'
>>> modname      = 'ETauFakeRate.ModuleETau'
>>> dtype        = 'mc'
>>> kwargs       = {'dtype': 'mc', 'toppt': True, 'useT1': True, 'verb': 0, 'era': 'UL2017', 'year': 2017}
>>> firstevt     = 0
>>> maxevts      = None
>>> outdir       = '.'
>>> copydir      = '/eos/home-l/lvigilan/output_ETauFR_UL17_RUN1/UL2017/etau/TTTo2L2Nu'
>>> infiles      = ['/eos/cms/store/group/phys_tau/TauFW/nano/UL2017/TTTo2L2Nu_TuneCP5_13TeV-powheg-pythia8/RunIISummer19UL17NanoAODv2-106X_mc2017_realistic_v8-v1/NANOAODSIM/69D24DCE-D795-C147-AB1A-605A6FFBF781_skimjec_3.root', '/eos/cms/store/group/phys_tau/TauFW/nano/UL2017/TTTo2L2Nu_TuneCP5_13TeV-powheg-pythia8/RunIISummer19UL17NanoAODv2-106X_mc2017_realistic_v8-v1/NANOAODSIM/69D24DCE-D795-C147-AB1A-605A6FFBF781_skimjec_4.root', '/eos/cms/store/group/phys_tau/TauFW/nano/UL2017/TTTo2L2Nu_TuneCP5_13TeV-powheg-pythia8/RunIISummer19UL17NanoAODv2-106X_mc2017_realistic_v8-v1/NANOAODSIM/69D24DCE-D795-C147-AB1A-605A6FFBF781_skimjec_5.root', '/eos/cms/store/group/phys_tau/TauFW/nano/UL2017/TTTo2L2Nu_TuneCP5_13TeV-powheg-pythia8/RunIISummer19UL17NanoAODv2-106X_mc2017_realistic_v8-v1/NANOAODSIM/6AE17325-1269-8B4D-9E02-29170D23454B_skimjec_0.root', '/eos/cms/store/group/phys_tau/TauFW/nano/UL2017/TTTo2L2Nu_TuneCP5_13TeV-powheg-pythia8/RunIISummer19UL17NanoAODv2-106X_mc2017_realistic_v8-v1/NANOAODSIM/6AE17325-1269-8B4D-9E02-29170D23454B_skimjec_1.root']
>>> outfname     = './pico_etau_24.root'
>>> branchsel    = '/afs/cern.ch/work/l/lvigilan/TauWork/CMSSW_10_6_17_patch1/python/TauFW/PicoProducer/processors/keep_and_drop_skim.txt'
>>> json         = None
>>> prefetch     = False
>>> cwd          = /pool/condor/dir_18081
--------------------------------------------------------------------------------

   ################
   #  ModuleETau  #
   ################

Loading PileupWeightTool for '/afs/cern.ch/work/l/lvigilan/TauWork/CMSSW_10_6_17_patch1/src/TauFW/PicoProducer/data/pileup/Data_PileUp_UL2017_69p2.root' and '/afs/cern.ch/work/l/lvigilan/TauWork/CMSSW_10_6_17_patch1/src/TauFW/PicoProducer/data/pileup/MC_PileUp_UL2017_Summer19.root'
Loading BTagWeightTool for DeepCSV (medium WP)...
>>> BTagTool: [1m[33mWarning! [0m[33mHistogram 'etau/eff_DeepCSV_udsg_medium' does not exist in /afs/cern.ch/work/l/lvigilan/TauWork/CMSSW_10_6_17_patch1/src/TauFW/PicoProducer/data/btag/DeepCSV_2017_12Apr2017_eff.root! Reverting to default efficiency histogram...[0m
>>> BTagTool: [1m[33mWarning! [0m[33mHistogram 'etau/eff_DeepCSV_c_medium' does not exist in /afs/cern.ch/work/l/lvigilan/TauWork/CMSSW_10_6_17_patch1/src/TauFW/PicoProducer/data/btag/DeepCSV_2017_12Apr2017_eff.root! Reverting to default efficiency histogram...[0m
>>> BTagTool: [1m[33mWarning! [0m[33mHistogram 'etau/eff_DeepCSV_b_medium' does not exist in /afs/cern.ch/work/l/lvigilan/TauWork/CMSSW_10_6_17_patch1/src/TauFW/PicoProducer/data/btag/DeepCSV_2017_12Apr2017_eff.root! Reverting to default efficiency histogram...[0m
>>> BTagTool: [1m[33mWarning! [0m[33mMade use of default efficiency histograms! The b tag weights from this module should be regarded as placeholders only,
and should NOT be used for analyses. B (mis)tag efficiencies in MC are analysis dependent. Please create your own
efficiency histogram with data/btag/getBTagEfficiencies.py after running all MC samples with BTagWeightTool.[0m
Loading TreeProducerETau for './pico_etau_24.root'
--------------------------------------------------------------------------------
>>> filename     = './pico_etau_24.root'
>>> year         = 2017
>>> dtype        = 'mc'
>>> channel      = 'etau'
>>> ismc         = True
>>> isdata       = False
>>> isembed      = False
>>> tes          = 1.0
>>> tessys       = None
>>> fes          = None
>>> ltf          = None
>>> jtf          = 1.0
>>> dotoppt      = True
>>> dozpt        = False
>>> dojec        = True
>>> dojecsys     = True
>>> dotight      = False
>>> useT1        = True
>>> jetCutPt     = 30
>>> bjetCutEta   = 2.7
>>> tauwp        = 0
>>> eleCutPt     = 36
>>> eleCutEta    = 2.1
>>> tauCutPt     = 20
>>> tauCutEta    = 2.3
>>> ZpeekReso    = 0.1
Pre-select 234784 entries out of 234784 (100.00%)
Processed    10000/  234784 entries,  4.26% (elapsed time    13.5s, curr speed    0.741 kHz, avg speed    0.741 kHz), accepted      984/   10001 events ( 9.84%)
Processed    20000/  234784 entries,  8.52% (elapsed time    27.8s, curr speed    0.701 kHz, avg speed    0.720 kHz), accepted     1954/   20001 events ( 9.77%)
Processed    30000/  234784 entries, 12.78% (elapsed time    43.5s, curr speed    0.637 kHz, avg speed    0.690 kHz), accepted     2889/   30001 events ( 9.63%)
Processed    40000/  234784 entries, 17.04% (elapsed time    52.3s, curr speed    1.130 kHz, avg speed    0.765 kHz), accepted     3874/   40001 events ( 9.68%)
Processed    50000/  234784 entries, 21.30% (elapsed time    61.0s, curr speed    1.157 kHz, avg speed    0.820 kHz), accepted     4804/   50001 events ( 9.61%)
Processed    60000/  234784 entries, 25.56% (elapsed time    70.2s, curr speed    1.084 kHz, avg speed    0.855 kHz), accepted     5799/   60001 events ( 9.66%)
Processed    70000/  234784 entries, 29.81% (elapsed time    79.8s, curr speed    1.037 kHz, avg speed    0.877 kHz), accepted     6800/   70001 events ( 9.71%)
Processed    80000/  234784 entries, 34.07% (elapsed time    88.9s, curr speed    1.105 kHz, avg speed    0.900 kHz), accepted     7761/   80001 events ( 9.70%)
Processed    90000/  234784 entries, 38.33% (elapsed time    96.9s, curr speed    1.240 kHz, avg speed    0.928 kHz), accepted     8766/   90001 events ( 9.74%)
Processed   100000/  234784 entries, 42.59% (elapsed time   105.0s, curr speed    1.243 kHz, avg speed    0.953 kHz), accepted     9766/  100001 events ( 9.77%)
Processed   110000/  234784 entries, 46.85% (elapsed time   112.6s, curr speed    1.311 kHz, avg speed    0.977 kHz), accepted    10737/  110001 events ( 9.76%)
Processed   120000/  234784 entries, 51.11% (elapsed time   120.8s, curr speed    1.219 kHz, avg speed    0.993 kHz), accepted    11699/  120001 events ( 9.75%)
Processed   130000/  234784 entries, 55.37% (elapsed time   128.3s, curr speed    1.332 kHz, avg speed    1.013 kHz), accepted    12668/  130001 events ( 9.74%)
Processed   140000/  234784 entries, 59.63% (elapsed time   136.3s, curr speed    1.255 kHz, avg speed    1.027 kHz), accepted    13632/  140001 events ( 9.74%)
Processed   150000/  234784 entries, 63.89% (elapsed time   144.9s, curr speed    1.168 kHz, avg speed    1.036 kHz), accepted    14582/  150001 events ( 9.72%)
Processed   160000/  234784 entries, 68.15% (elapsed time   153.3s, curr speed    1.181 kHz, avg speed    1.044 kHz), accepted    15584/  160001 events ( 9.74%)
Processed   170000/  234784 entries, 72.41% (elapsed time   161.9s, curr speed    1.172 kHz, avg speed    1.050 kHz), accepted    16640/  170001 events ( 9.79%)
Processed   180000/  234784 entries, 76.67% (elapsed time   170.1s, curr speed    1.220 kHz, avg speed    1.058 kHz), accepted    17599/  180001 events ( 9.78%)
Processed   190000/  234784 entries, 80.93% (elapsed time   177.9s, curr speed    1.281 kHz, avg speed    1.068 kHz), accepted    18559/  190001 events ( 9.77%)
Processed   200000/  234784 entries, 85.18% (elapsed time   185.2s, curr speed    1.361 kHz, avg speed    1.080 kHz), accepted    19479/  200001 events ( 9.74%)
Processed   210000/  234784 entries, 89.44% (elapsed time   193.5s, curr speed    1.213 kHz, avg speed    1.086 kHz), accepted    20506/  210001 events ( 9.76%)
Processed   220000/  234784 entries, 93.70% (elapsed time   201.7s, curr speed    1.206 kHz, avg speed    1.090 kHz), accepted    21445/  220001 events ( 9.75%)
Processed   230000/  234784 entries, 97.96% (elapsed time   208.7s, curr speed    1.432 kHz, avg speed    1.102 kHz), accepted    22385/  230001 events ( 9.73%)
Processed 234784 preselected entries from /eos/cms/store/group/phys_tau/TauFW/nano/UL2017/TTTo2L2Nu_TuneCP5_13TeV-powheg-pythia8/RunIISummer19UL17NanoAODv2-106X_mc2017_realistic_v8-v1/NANOAODSIM/69D24DCE-D795-C147-AB1A-605A6FFBF781_skimjec_3.root (234784 entries). Finally selected 22855 entries
Pre-select 234784 entries out of 234784 (100.00%)
Processed    10000/  234784 entries,  4.26% (elapsed time    11.3s, curr speed    0.883 kHz, avg speed    0.883 kHz), accepted      992/   10001 events ( 9.92%)
Processed    20000/  234784 entries,  8.52% (elapsed time    19.5s, curr speed    1.225 kHz, avg speed    1.027 kHz), accepted     1973/   20001 events ( 9.86%)
Processed    30000/  234784 entries, 12.78% (elapsed time    28.1s, curr speed    1.164 kHz, avg speed    1.069 kHz), accepted     2999/   30001 events (10.00%)
Processed    40000/  234784 entries, 17.04% (elapsed time    36.9s, curr speed    1.129 kHz, avg speed    1.083 kHz), accepted     3961/   40001 events ( 9.90%)
Processed    50000/  234784 entries, 21.30% (elapsed time    45.9s, curr speed    1.112 kHz, avg speed    1.089 kHz), accepted     4960/   50001 events ( 9.92%)
Processed    60000/  234784 entries, 25.56% (elapsed time    55.0s, curr speed    1.102 kHz, avg speed    1.091 kHz), accepted     5944/   60001 events ( 9.91%)
Processed    70000/  234784 entries, 29.81% (elapsed time    63.3s, curr speed    1.199 kHz, avg speed    1.105 kHz), accepted     6938/   70001 events ( 9.91%)
Processed    80000/  234784 entries, 34.07% (elapsed time    73.6s, curr speed    0.977 kHz, avg speed    1.087 kHz), accepted     7911/   80001 events ( 9.89%)
Processed    90000/  234784 entries, 38.33% (elapsed time    81.9s, curr speed    1.206 kHz, avg speed    1.099 kHz), accepted     8878/   90001 events ( 9.86%)
Processed   100000/  234784 entries, 42.59% (elapsed time    91.4s, curr speed    1.045 kHz, avg speed    1.094 kHz), accepted     9843/  100001 events ( 9.84%)
Processed   110000/  234784 entries, 46.85% (elapsed time   100.0s, curr speed    1.171 kHz, avg speed    1.100 kHz), accepted    10812/  110001 events ( 9.83%)
Processed   120000/  234784 entries, 51.11% (elapsed time   107.3s, curr speed    1.361 kHz, avg speed    1.118 kHz), accepted    11821/  120001 events ( 9.85%)
Processed   130000/  234784 entries, 55.37% (elapsed time   115.6s, curr speed    1.208 kHz, avg speed    1.125 kHz), accepted    12762/  130001 events ( 9.82%)
Processed   140000/  234784 entries, 59.63% (elapsed time   124.9s, curr speed    1.071 kHz, avg speed    1.121 kHz), accepted    13788/  140001 events ( 9.85%)
Processed   150000/  234784 entries, 63.89% (elapsed time   134.8s, curr speed    1.016 kHz, avg speed    1.113 kHz), accepted    14735/  150001 events ( 9.82%)
Processed   160000/  234784 entries, 68.15% (elapsed time   143.4s, curr speed    1.166 kHz, avg speed    1.116 kHz), accepted    15657/  160001 events ( 9.79%)
Processed   170000/  234784 entries, 72.41% (elapsed time   151.0s, curr speed    1.317 kHz, avg speed    1.126 kHz), accepted    16575/  170001 events ( 9.75%)
Processed   180000/  234784 entries, 76.67% (elapsed time   158.4s, curr speed    1.340 kHz, avg speed    1.136 kHz), accepted    17504/  180001 events ( 9.72%)
Processed   190000/  234784 entries, 80.93% (elapsed time   167.3s, curr speed    1.121 kHz, avg speed    1.135 kHz), accepted    18514/  190001 events ( 9.74%)
Processed   200000/  234784 entries, 85.18% (elapsed time   176.1s, curr speed    1.145 kHz, avg speed    1.136 kHz), accepted    19533/  200001 events ( 9.77%)
Processed   210000/  234784 entries, 89.44% (elapsed time   184.5s, curr speed    1.189 kHz, avg speed    1.138 kHz), accepted    20531/  210001 events ( 9.78%)
Processed   220000/  234784 entries, 93.70% (elapsed time   191.8s, curr speed    1.361 kHz, avg speed    1.147 kHz), accepted    21527/  220001 events ( 9.78%)
Processed   230000/  234784 entries, 97.96% (elapsed time   199.5s, curr speed    1.310 kHz, avg speed    1.153 kHz), accepted    22519/  230001 events ( 9.79%)
Processed 234784 preselected entries from /eos/cms/store/group/phys_tau/TauFW/nano/UL2017/TTTo2L2Nu_TuneCP5_13TeV-powheg-pythia8/RunIISummer19UL17NanoAODv2-106X_mc2017_realistic_v8-v1/NANOAODSIM/69D24DCE-D795-C147-AB1A-605A6FFBF781_skimjec_4.root (234784 entries). Finally selected 22984 entries
Pre-select 234780 entries out of 234780 (100.00%)
Processed    10000/  234780 entries,  4.26% (elapsed time    11.5s, curr speed    0.868 kHz, avg speed    0.868 kHz), accepted      935/   10001 events ( 9.35%)
Processed    20000/  234780 entries,  8.52% (elapsed time    20.0s, curr speed    1.179 kHz, avg speed    1.000 kHz), accepted     1874/   20001 events ( 9.37%)
Processed    30000/  234780 entries, 12.78% (elapsed time    27.4s, curr speed    1.356 kHz, avg speed    1.096 kHz), accepted     2804/   30001 events ( 9.35%)
Processed    40000/  234780 entries, 17.04% (elapsed time    38.0s, curr speed    0.942 kHz, avg speed    1.053 kHz), accepted     3765/   40001 events ( 9.41%)
Processed    50000/  234780 entries, 21.30% (elapsed time    48.6s, curr speed    0.941 kHz, avg speed    1.029 kHz), accepted     4696/   50001 events ( 9.39%)
Processed    60000/  234780 entries, 25.56% (elapsed time    59.7s, curr speed    0.903 kHz, avg speed    1.005 kHz), accepted     5665/   60001 events ( 9.44%)
Processed    70000/  234780 entries, 29.82% (elapsed time    68.9s, curr speed    1.084 kHz, avg speed    1.016 kHz), accepted     6639/   70001 events ( 9.48%)
Processed    80000/  234780 entries, 34.07% (elapsed time    76.7s, curr speed    1.288 kHz, avg speed    1.043 kHz), accepted     7566/   80001 events ( 9.46%)
Processed    90000/  234780 entries, 38.33% (elapsed time    83.3s, curr speed    1.508 kHz, avg speed    1.080 kHz), accepted     8509/   90001 events ( 9.45%)
Processed   100000/  234780 entries, 42.59% (elapsed time    91.4s, curr speed    1.244 kHz, avg speed    1.095 kHz), accepted     9491/  100001 events ( 9.49%)
Processed   110000/  234780 entries, 46.85% (elapsed time    99.2s, curr speed    1.273 kHz, avg speed    1.109 kHz), accepted    10419/  110001 events ( 9.47%)
Processed   120000/  234780 entries, 51.11% (elapsed time   107.0s, curr speed    1.287 kHz, avg speed    1.122 kHz), accepted    11446/  120001 events ( 9.54%)
Processed   130000/  234780 entries, 55.37% (elapsed time   114.6s, curr speed    1.319 kHz, avg speed    1.135 kHz), accepted    12400/  130001 events ( 9.54%)
Processed   140000/  234780 entries, 59.63% (elapsed time   123.4s, curr speed    1.135 kHz, avg speed    1.135 kHz), accepted    13425/  140001 events ( 9.59%)
Processed   150000/  234780 entries, 63.89% (elapsed time   131.9s, curr speed    1.171 kHz, avg speed    1.137 kHz), accepted    14384/  150001 events ( 9.59%)
Processed   160000/  234780 entries, 68.15% (elapsed time   140.8s, curr speed    1.123 kHz, avg speed    1.136 kHz), accepted    15353/  160001 events ( 9.60%)
Processed   170000/  234780 entries, 72.41% (elapsed time   150.3s, curr speed    1.060 kHz, avg speed    1.131 kHz), accepted    16303/  170001 events ( 9.59%)
Processed   180000/  234780 entries, 76.67% (elapsed time   159.4s, curr speed    1.094 kHz, avg speed    1.129 kHz), accepted    17260/  180001 events ( 9.59%)
Processed   190000/  234780 entries, 80.93% (elapsed time   168.2s, curr speed    1.143 kHz, avg speed    1.130 kHz), accepted    18268/  190001 events ( 9.61%)
Processed   200000/  234780 entries, 85.19% (elapsed time   176.6s, curr speed    1.190 kHz, avg speed    1.133 kHz), accepted    19241/  200001 events ( 9.62%)
Processed   210000/  234780 entries, 89.45% (elapsed time   184.2s, curr speed    1.308 kHz, avg speed    1.140 kHz), accepted    20208/  210001 events ( 9.62%)
Processed   220000/  234780 entries, 93.70% (elapsed time   192.1s, curr speed    1.266 kHz, avg speed    1.145 kHz), accepted    21204/  220001 events ( 9.64%)
Processed   230000/  234780 entries, 97.96% (elapsed time   200.1s, curr speed    1.248 kHz, avg speed    1.149 kHz), accepted    22154/  230001 events ( 9.63%)
Processed 234780 preselected entries from /eos/cms/store/group/phys_tau/TauFW/nano/UL2017/TTTo2L2Nu_TuneCP5_13TeV-powheg-pythia8/RunIISummer19UL17NanoAODv2-106X_mc2017_realistic_v8-v1/NANOAODSIM/69D24DCE-D795-C147-AB1A-605A6FFBF781_skimjec_5.root (234780 entries). Finally selected 22619 entries
Pre-select 238434 entries out of 238434 (100.00%)
Processed    10000/  238434 entries,  4.19% (elapsed time    13.8s, curr speed    0.722 kHz, avg speed    0.722 kHz), accepted      988/   10001 events ( 9.88%)
Processed    20000/  238434 entries,  8.39% (elapsed time    23.8s, curr speed    1.006 kHz, avg speed    0.841 kHz), accepted     1969/   20001 events ( 9.84%)
Processed    30000/  238434 entries, 12.58% (elapsed time    33.1s, curr speed    1.078 kHz, avg speed    0.907 kHz), accepted     2955/   30001 events ( 9.85%)
Processed    40000/  238434 entries, 16.78% (elapsed time    43.2s, curr speed    0.989 kHz, avg speed    0.927 kHz), accepted     3981/   40001 events ( 9.95%)
Processed    50000/  238434 entries, 20.97% (elapsed time    52.2s, curr speed    1.104 kHz, avg speed    0.957 kHz), accepted     4962/   50001 events ( 9.92%)
Processed    60000/  238434 entries, 25.16% (elapsed time    61.9s, curr speed    1.033 kHz, avg speed    0.969 kHz), accepted     5923/   60001 events ( 9.87%)
Processed    70000/  238434 entries, 29.36% (elapsed time    73.1s, curr speed    0.890 kHz, avg speed    0.957 kHz), accepted     6899/   70001 events ( 9.86%)
Processed    80000/  238434 entries, 33.55% (elapsed time    80.7s, curr speed    1.320 kHz, avg speed    0.991 kHz), accepted     7903/   80001 events ( 9.88%)
Processed    90000/  238434 entries, 37.75% (elapsed time    89.8s, curr speed    1.105 kHz, avg speed    1.003 kHz), accepted     8877/   90001 events ( 9.86%)
Processed   100000/  238434 entries, 41.94% (elapsed time    97.9s, curr speed    1.235 kHz, avg speed    1.022 kHz), accepted     9876/  100001 events ( 9.88%)
Processed   110000/  238434 entries, 46.13% (elapsed time   106.7s, curr speed    1.136 kHz, avg speed    1.031 kHz), accepted    10881/  110001 events ( 9.89%)
Processed   120000/  238434 entries, 50.33% (elapsed time   113.8s, curr speed    1.410 kHz, avg speed    1.055 kHz), accepted    11838/  120001 events ( 9.86%)
Processed   130000/  238434 entries, 54.52% (elapsed time   124.2s, curr speed    0.962 kHz, avg speed    1.047 kHz), accepted    12825/  130001 events ( 9.87%)
Processed   140000/  238434 entries, 58.72% (elapsed time   131.9s, curr speed    1.286 kHz, avg speed    1.061 kHz), accepted    13806/  140001 events ( 9.86%)
Processed   150000/  238434 entries, 62.91% (elapsed time   139.2s, curr speed    1.374 kHz, avg speed    1.077 kHz), accepted    14776/  150001 events ( 9.85%)
Processed   160000/  238434 entries, 67.10% (elapsed time   148.9s, curr speed    1.032 kHz, avg speed    1.075 kHz), accepted    15777/  160001 events ( 9.86%)
Processed   170000/  238434 entries, 71.30% (elapsed time   158.1s, curr speed    1.088 kHz, avg speed    1.075 kHz), accepted    16782/  170001 events ( 9.87%)
Processed   180000/  238434 entries, 75.49% (elapsed time   167.3s, curr speed    1.090 kHz, avg speed    1.076 kHz), accepted    17780/  180001 events ( 9.88%)
Processed   190000/  238434 entries, 79.69% (elapsed time   174.3s, curr speed    1.430 kHz, avg speed    1.090 kHz), accepted    18809/  190001 events ( 9.90%)
Processed   200000/  238434 entries, 83.88% (elapsed time   182.3s, curr speed    1.244 kHz, avg speed    1.097 kHz), accepted    19778/  200001 events ( 9.89%)
Processed   210000/  238434 entries, 88.07% (elapsed time   190.0s, curr speed    1.297 kHz, avg speed    1.105 kHz), accepted    20737/  210001 events ( 9.87%)
Processed   220000/  238434 entries, 92.27% (elapsed time   197.7s, curr speed    1.305 kHz, avg speed    1.113 kHz), accepted    21704/  220001 events ( 9.87%)
Processed   230000/  238434 entries, 96.46% (elapsed time   204.9s, curr speed    1.383 kHz, avg speed    1.122 kHz), accepted    22638/  230001 events ( 9.84%)
Processed 238434 preselected entries from /eos/cms/store/group/phys_tau/TauFW/nano/UL2017/TTTo2L2Nu_TuneCP5_13TeV-powheg-pythia8/RunIISummer19UL17NanoAODv2-106X_mc2017_realistic_v8-v1/NANOAODSIM/6AE17325-1269-8B4D-9E02-29170D23454B_skimjec_0.root (238434 entries). Finally selected 23494 entries
Pre-select 238434 entries out of 238434 (100.00%)
Processed    10000/  238434 entries,  4.19% (elapsed time    12.2s, curr speed    0.820 kHz, avg speed    0.820 kHz), accepted      975/   10001 events ( 9.75%)
Processed    20000/  238434 entries,  8.39% (elapsed time    23.1s, curr speed    0.916 kHz, avg speed    0.865 kHz), accepted     1953/   20001 events ( 9.76%)
Processed    30000/  238434 entries, 12.58% (elapsed time    35.9s, curr speed    0.784 kHz, avg speed    0.836 kHz), accepted     2960/   30001 events ( 9.87%)
Processed    40000/  238434 entries, 16.78% (elapsed time    45.4s, curr speed    1.048 kHz, avg speed    0.881 kHz), accepted     3939/   40001 events ( 9.85%)
Processed    50000/  238434 entries, 20.97% (elapsed time    54.9s, curr speed    1.057 kHz, avg speed    0.911 kHz), accepted     4870/   50001 events ( 9.74%)
Processed    60000/  238434 entries, 25.16% (elapsed time    65.5s, curr speed    0.940 kHz, avg speed    0.916 kHz), accepted     5890/   60001 events ( 9.82%)
Processed    70000/  238434 entries, 29.36% (elapsed time    76.4s, curr speed    0.920 kHz, avg speed    0.917 kHz), accepted     6931/   70001 events ( 9.90%)
Processed    80000/  238434 entries, 33.55% (elapsed time    84.8s, curr speed    1.194 kHz, avg speed    0.944 kHz), accepted     7952/   80001 events ( 9.94%)
Processed    90000/  238434 entries, 37.75% (elapsed time    94.9s, curr speed    0.983 kHz, avg speed    0.948 kHz), accepted     8891/   90001 events ( 9.88%)
Processed   100000/  238434 entries, 41.94% (elapsed time   102.2s, curr speed    1.382 kHz, avg speed    0.979 kHz), accepted     9805/  100001 events ( 9.80%)
Processed   110000/  238434 entries, 46.13% (elapsed time   110.7s, curr speed    1.171 kHz, avg speed    0.994 kHz), accepted    10753/  110001 events ( 9.78%)
Processed   120000/  238434 entries, 50.33% (elapsed time   117.7s, curr speed    1.438 kHz, avg speed    1.020 kHz), accepted    11698/  120001 events ( 9.75%)
Processed   130000/  238434 entries, 54.52% (elapsed time   126.2s, curr speed    1.173 kHz, avg speed    1.030 kHz), accepted    12667/  130001 events ( 9.74%)
Processed   140000/  238434 entries, 58.72% (elapsed time   134.4s, curr speed    1.214 kHz, avg speed    1.042 kHz), accepted    13623/  140001 events ( 9.73%)
Processed   150000/  238434 entries, 62.91% (elapsed time   142.0s, curr speed    1.320 kHz, avg speed    1.056 kHz), accepted    14602/  150001 events ( 9.73%)
Processed   160000/  238434 entries, 67.10% (elapsed time   150.0s, curr speed    1.255 kHz, avg speed    1.067 kHz), accepted    15631/  160001 events ( 9.77%)
Processed   170000/  238434 entries, 71.30% (elapsed time   159.2s, curr speed    1.082 kHz, avg speed    1.068 kHz), accepted    16634/  170001 events ( 9.78%)
Processed   180000/  238434 entries, 75.49% (elapsed time   167.1s, curr speed    1.271 kHz, avg speed    1.077 kHz), accepted    17614/  180001 events ( 9.79%)
Processed   190000/  238434 entries, 79.69% (elapsed time   175.8s, curr speed    1.147 kHz, avg speed    1.081 kHz), accepted    18600/  190001 events ( 9.79%)
Processed   200000/  238434 entries, 83.88% (elapsed time   183.5s, curr speed    1.292 kHz, avg speed    1.090 kHz), accepted    19611/  200001 events ( 9.81%)
Processed   210000/  238434 entries, 88.07% (elapsed time   191.9s, curr speed    1.197 kHz, avg speed    1.094 kHz), accepted    20546/  210001 events ( 9.78%)
Processed   220000/  238434 entries, 92.27% (elapsed time   200.8s, curr speed    1.117 kHz, avg speed    1.095 kHz), accepted    21485/  220001 events ( 9.77%)
Processed   230000/  238434 entries, 96.46% (elapsed time   209.2s, curr speed    1.195 kHz, avg speed    1.099 kHz), accepted    22459/  230001 events ( 9.76%)
Processed 238434 preselected entries from /eos/cms/store/group/phys_tau/TauFW/nano/UL2017/TTTo2L2Nu_TuneCP5_13TeV-powheg-pythia8/RunIISummer19UL17NanoAODv2-106X_mc2017_realistic_v8-v1/NANOAODSIM/6AE17325-1269-8B4D-9E02-29170D23454B_skimjec_1.root (238434 entries). Finally selected 23314 entries
Total time 1047.8 sec. to process 1181216 events. Rate = 1127.4 Hz.
>>> cwd          = /pool/condor/dir_18081
>>> ls           = ['.update.ad', 'var', '_condor_stdout', '.chirp.config', 'condor_exec.exe', 'x509_voms', '.machine.ad', 'lvigilan.cc', 'tmp', '.job.ad', 'pico_etau_24.root']
>>> getstorage('/eos/home-l/lvigilan/output_ETauFR_UL17_RUN1/UL2017/etau/TTTo2L2Nu'), <EOS("/eos/home-l/lvigilan/output_ETauFR_UL17_RUN1/UL2017/etau/TTTo2L2Nu") at 0x2b86acbb8410>
>>> Executing: 'cp ./pico_etau_24.root /eos/home-l/lvigilan/output_ETauFR_UL17_RUN1/UL2017/etau/TTTo2L2Nu'
>>> Removing './pico_etau_24.root'...
>>> picojob.py done after 1067.5 seconds

Job complete at Mon Jun  7 19:12:30 CEST 2021
Took 17 minutes 49 seconds040 (2367591.024.000) 06/07 19:12:30 Finished transferring output files
...
005 (2367591.024.000) 06/07 19:12:31 Job terminated.
	(1) Normal termination (return value 0)
		Usr 0 00:12:24, Sys 0 00:00:29  -  Run Remote Usage
		Usr 0 00:00:00, Sys 0 00:00:00  -  Run Local Usage
		Usr 0 00:12:24, Sys 0 00:00:29  -  Total Remote Usage
		Usr 0 00:00:00, Sys 0 00:00:00  -  Total Local Usage
	36018  -  Run Bytes Sent By Job
	9930  -  Run Bytes Received By Job
	36018  -  Total Bytes Sent By Job
	9930  -  Total Bytes Received By Job
	Partitionable Resources :    Usage  Request Allocated 
	   Cpus                 :     0.85        1         1 
	   Disk (KB)            : 18706           1    292429 
	   Memory (MB)          :   280        2000      2000 

	Job terminated of its own accord at 2021-06-07T17:12:30Z.
...
