Could not find platform independent libraries <prefix>
Could not find platform dependent libraries <exec_prefix>
Consider setting $PYTHONHOME to <prefix>[:<exec_prefix>]
ImportError: No module named site
Job start at Mon Jun  7 18:54:51 CEST 2021
Running job on machine Linux b7g24n0620.cern.ch 3.10.0-1160.21.1.el7.x86_64 #1 SMP Tue Mar 16 18:28:22 UTC 2021 x86_64 x86_64 x86_64 GNU/Linux, host b7g24n0620.cern.ch
============================================================
$PWD=/pool/condor/dir_19727
$JOBID=2367591
$TASKID=49
$HOSTNAME=b7g24n0620.cern.ch
$TASKCMD=/afs/cern.ch/work/l/lvigilan/TauWork/CMSSW_10_6_17_patch1/src/TauFW/PicoProducer/python/processors/picojob.py -y UL2017 -d 'mc' -c etau -M ETauFakeRate.ModuleETau --copydir /eos/home-l/lvigilan/output_ETauFR_UL17_RUN1/UL2017/etau/TTTo2L2Nu -t _etau_49 --opt 'useT1=True' 'toppt=True' -i /eos/cms/store/group/phys_tau/TauFW/nano/UL2017/TTTo2L2Nu_TuneCP5_13TeV-powheg-pythia8/RunIISummer19UL17NanoAODv2-106X_mc2017_realistic_v8-v1/NANOAODSIM/C5A54AE0-1C46-0E4D-BB3D-10044CFF4073_skimjec_3.root /eos/cms/store/group/phys_tau/TauFW/nano/UL2017/TTTo2L2Nu_TuneCP5_13TeV-powheg-pythia8/RunIISummer19UL17NanoAODv2-106X_mc2017_realistic_v8-v1/NANOAODSIM/C65780EE-BD19-3446-9360-1DD8EA182745_skimjec_0.root /eos/cms/store/group/phys_tau/TauFW/nano/UL2017/TTTo2L2Nu_TuneCP5_13TeV-powheg-pythia8/RunIISummer19UL17NanoAODv2-106X_mc2017_realistic_v8-v1/NANOAODSIM/C65780EE-BD19-3446-9360-1DD8EA182745_skimjec_1.root /eos/cms/store/group/phys_tau/TauFW/nano/UL2017/TTTo2L2Nu_TuneCP5_13TeV-powheg-pythia8/RunIISummer19UL17NanoAODv2-106X_mc2017_realistic_v8-v1/NANOAODSIM/C65780EE-BD19-3446-9360-1DD8EA182745_skimjec_2.root /eos/cms/store/group/phys_tau/TauFW/nano/UL2017/TTTo2L2Nu_TuneCP5_13TeV-powheg-pythia8/RunIISummer19UL17NanoAODv2-106X_mc2017_realistic_v8-v1/NANOAODSIM/C65780EE-BD19-3446-9360-1DD8EA182745_skimjec_3.root
$WORKDIR=/pool/condor/dir_19727
>>> cd /afs/cern.ch/work/l/lvigilan/TauWork/CMSSW_10_6_17_patch1/src
>>> eval `scramv1 runtime -sh`
>>> cd /pool/condor/dir_19727
$PWD=/pool/condor/dir_19727
>>> /afs/cern.ch/work/l/lvigilan/TauWork/CMSSW_10_6_17_patch1/src/TauFW/PicoProducer/python/processors/picojob.py -y UL2017 -d 'mc' -c etau -M ETauFakeRate.ModuleETau --copydir /eos/home-l/lvigilan/output_ETauFR_UL17_RUN1/UL2017/etau/TTTo2L2Nu -t _etau_49 --opt 'useT1=True' 'toppt=True' -i /eos/cms/store/group/phys_tau/TauFW/nano/UL2017/TTTo2L2Nu_TuneCP5_13TeV-powheg-pythia8/RunIISummer19UL17NanoAODv2-106X_mc2017_realistic_v8-v1/NANOAODSIM/C5A54AE0-1C46-0E4D-BB3D-10044CFF4073_skimjec_3.root /eos/cms/store/group/phys_tau/TauFW/nano/UL2017/TTTo2L2Nu_TuneCP5_13TeV-powheg-pythia8/RunIISummer19UL17NanoAODv2-106X_mc2017_realistic_v8-v1/NANOAODSIM/C65780EE-BD19-3446-9360-1DD8EA182745_skimjec_0.root /eos/cms/store/group/phys_tau/TauFW/nano/UL2017/TTTo2L2Nu_TuneCP5_13TeV-powheg-pythia8/RunIISummer19UL17NanoAODv2-106X_mc2017_realistic_v8-v1/NANOAODSIM/C65780EE-BD19-3446-9360-1DD8EA182745_skimjec_1.root /eos/cms/store/group/phys_tau/TauFW/nano/UL2017/TTTo2L2Nu_TuneCP5_13TeV-powheg-pythia8/RunIISummer19UL17NanoAODv2-106X_mc2017_realistic_v8-v1/NANOAODSIM/C65780EE-BD19-3446-9360-1DD8EA182745_skimjec_2.root /eos/cms/store/group/phys_tau/TauFW/nano/UL2017/TTTo2L2Nu_TuneCP5_13TeV-powheg-pythia8/RunIISummer19UL17NanoAODv2-106X_mc2017_realistic_v8-v1/NANOAODSIM/C65780EE-BD19-3446-9360-1DD8EA182745_skimjec_3.root
Error in <TGClient::TGClient>: can't open display "localhost:19.0", switching to batch mode...
 In case you run from a remote ssh session, reconnect with ssh -Y
--------------------------------------------------------------------------------
>>> era          = 'UL2017'
>>> year         = 2017
>>> channel      = 'etau'
>>> modname      = 'ETauFakeRate.ModuleETau'
>>> dtype        = 'mc'
>>> kwargs       = {'dtype': 'mc', 'toppt': True, 'useT1': True, 'verb': 0, 'era': 'UL2017', 'year': 2017}
>>> firstevt     = 0
>>> maxevts      = None
>>> outdir       = '.'
>>> copydir      = '/eos/home-l/lvigilan/output_ETauFR_UL17_RUN1/UL2017/etau/TTTo2L2Nu'
>>> infiles      = ['/eos/cms/store/group/phys_tau/TauFW/nano/UL2017/TTTo2L2Nu_TuneCP5_13TeV-powheg-pythia8/RunIISummer19UL17NanoAODv2-106X_mc2017_realistic_v8-v1/NANOAODSIM/C5A54AE0-1C46-0E4D-BB3D-10044CFF4073_skimjec_3.root', '/eos/cms/store/group/phys_tau/TauFW/nano/UL2017/TTTo2L2Nu_TuneCP5_13TeV-powheg-pythia8/RunIISummer19UL17NanoAODv2-106X_mc2017_realistic_v8-v1/NANOAODSIM/C65780EE-BD19-3446-9360-1DD8EA182745_skimjec_0.root', '/eos/cms/store/group/phys_tau/TauFW/nano/UL2017/TTTo2L2Nu_TuneCP5_13TeV-powheg-pythia8/RunIISummer19UL17NanoAODv2-106X_mc2017_realistic_v8-v1/NANOAODSIM/C65780EE-BD19-3446-9360-1DD8EA182745_skimjec_1.root', '/eos/cms/store/group/phys_tau/TauFW/nano/UL2017/TTTo2L2Nu_TuneCP5_13TeV-powheg-pythia8/RunIISummer19UL17NanoAODv2-106X_mc2017_realistic_v8-v1/NANOAODSIM/C65780EE-BD19-3446-9360-1DD8EA182745_skimjec_2.root', '/eos/cms/store/group/phys_tau/TauFW/nano/UL2017/TTTo2L2Nu_TuneCP5_13TeV-powheg-pythia8/RunIISummer19UL17NanoAODv2-106X_mc2017_realistic_v8-v1/NANOAODSIM/C65780EE-BD19-3446-9360-1DD8EA182745_skimjec_3.root']
>>> outfname     = './pico_etau_49.root'
>>> branchsel    = '/afs/cern.ch/work/l/lvigilan/TauWork/CMSSW_10_6_17_patch1/python/TauFW/PicoProducer/processors/keep_and_drop_skim.txt'
>>> json         = None
>>> prefetch     = False
>>> cwd          = /pool/condor/dir_19727
--------------------------------------------------------------------------------

   ################
   #  ModuleETau  #
   ################

Loading PileupWeightTool for '/afs/cern.ch/work/l/lvigilan/TauWork/CMSSW_10_6_17_patch1/src/TauFW/PicoProducer/data/pileup/Data_PileUp_UL2017_69p2.root' and '/afs/cern.ch/work/l/lvigilan/TauWork/CMSSW_10_6_17_patch1/src/TauFW/PicoProducer/data/pileup/MC_PileUp_UL2017_Summer19.root'
Loading BTagWeightTool for DeepCSV (medium WP)...
>>> BTagTool: [1m[33mWarning! [0m[33mHistogram 'etau/eff_DeepCSV_udsg_medium' does not exist in /afs/cern.ch/work/l/lvigilan/TauWork/CMSSW_10_6_17_patch1/src/TauFW/PicoProducer/data/btag/DeepCSV_2017_12Apr2017_eff.root! Reverting to default efficiency histogram...[0m
>>> BTagTool: [1m[33mWarning! [0m[33mHistogram 'etau/eff_DeepCSV_c_medium' does not exist in /afs/cern.ch/work/l/lvigilan/TauWork/CMSSW_10_6_17_patch1/src/TauFW/PicoProducer/data/btag/DeepCSV_2017_12Apr2017_eff.root! Reverting to default efficiency histogram...[0m
>>> BTagTool: [1m[33mWarning! [0m[33mHistogram 'etau/eff_DeepCSV_b_medium' does not exist in /afs/cern.ch/work/l/lvigilan/TauWork/CMSSW_10_6_17_patch1/src/TauFW/PicoProducer/data/btag/DeepCSV_2017_12Apr2017_eff.root! Reverting to default efficiency histogram...[0m
>>> BTagTool: [1m[33mWarning! [0m[33mMade use of default efficiency histograms! The b tag weights from this module should be regarded as placeholders only,
and should NOT be used for analyses. B (mis)tag efficiencies in MC are analysis dependent. Please create your own
efficiency histogram with data/btag/getBTagEfficiencies.py after running all MC samples with BTagWeightTool.[0m
Loading TreeProducerETau for './pico_etau_49.root'
--------------------------------------------------------------------------------
>>> filename     = './pico_etau_49.root'
>>> year         = 2017
>>> dtype        = 'mc'
>>> channel      = 'etau'
>>> ismc         = True
>>> isdata       = False
>>> isembed      = False
>>> tes          = 1.0
>>> tessys       = None
>>> fes          = None
>>> ltf          = None
>>> jtf          = 1.0
>>> dotoppt      = True
>>> dozpt        = False
>>> dojec        = True
>>> dojecsys     = True
>>> dotight      = False
>>> useT1        = True
>>> jetCutPt     = 30
>>> bjetCutEta   = 2.7
>>> tauwp        = 0
>>> eleCutPt     = 36
>>> eleCutEta    = 2.1
>>> tauCutPt     = 20
>>> tauCutEta    = 2.3
>>> ZpeekReso    = 0.1
Pre-select 201750 entries out of 201750 (100.00%)
Processed    10000/  201750 entries,  4.96% (elapsed time    15.3s, curr speed    0.654 kHz, avg speed    0.654 kHz), accepted      985/   10001 events ( 9.85%)
Processed    20000/  201750 entries,  9.91% (elapsed time    27.1s, curr speed    0.848 kHz, avg speed    0.739 kHz), accepted     1943/   20001 events ( 9.71%)
Processed    30000/  201750 entries, 14.87% (elapsed time    37.9s, curr speed    0.922 kHz, avg speed    0.791 kHz), accepted     2880/   30001 events ( 9.60%)
Processed    40000/  201750 entries, 19.83% (elapsed time    48.0s, curr speed    0.996 kHz, avg speed    0.834 kHz), accepted     3846/   40001 events ( 9.61%)
Processed    50000/  201750 entries, 24.78% (elapsed time    59.4s, curr speed    0.875 kHz, avg speed    0.842 kHz), accepted     4895/   50001 events ( 9.79%)
Processed    60000/  201750 entries, 29.74% (elapsed time    68.8s, curr speed    1.066 kHz, avg speed    0.872 kHz), accepted     5866/   60001 events ( 9.78%)
Processed    70000/  201750 entries, 34.70% (elapsed time    77.8s, curr speed    1.107 kHz, avg speed    0.900 kHz), accepted     6836/   70001 events ( 9.77%)
Processed    80000/  201750 entries, 39.65% (elapsed time    87.0s, curr speed    1.087 kHz, avg speed    0.919 kHz), accepted     7819/   80001 events ( 9.77%)
Processed    90000/  201750 entries, 44.61% (elapsed time    95.8s, curr speed    1.136 kHz, avg speed    0.939 kHz), accepted     8797/   90001 events ( 9.77%)
Processed   100000/  201750 entries, 49.57% (elapsed time   105.7s, curr speed    1.011 kHz, avg speed    0.946 kHz), accepted     9804/  100001 events ( 9.80%)
Processed   110000/  201750 entries, 54.52% (elapsed time   114.9s, curr speed    1.089 kHz, avg speed    0.958 kHz), accepted    10795/  110001 events ( 9.81%)
Processed   120000/  201750 entries, 59.48% (elapsed time   124.4s, curr speed    1.053 kHz, avg speed    0.965 kHz), accepted    11763/  120001 events ( 9.80%)
Processed   130000/  201750 entries, 64.44% (elapsed time   134.8s, curr speed    0.962 kHz, avg speed    0.965 kHz), accepted    12707/  130001 events ( 9.77%)
Processed   140000/  201750 entries, 69.39% (elapsed time   144.7s, curr speed    1.004 kHz, avg speed    0.967 kHz), accepted    13680/  140001 events ( 9.77%)
Processed   150000/  201750 entries, 74.35% (elapsed time   153.9s, curr speed    1.096 kHz, avg speed    0.975 kHz), accepted    14674/  150001 events ( 9.78%)
Processed   160000/  201750 entries, 79.31% (elapsed time   162.7s, curr speed    1.132 kHz, avg speed    0.983 kHz), accepted    15642/  160001 events ( 9.78%)
Processed   170000/  201750 entries, 84.26% (elapsed time   171.6s, curr speed    1.125 kHz, avg speed    0.991 kHz), accepted    16639/  170001 events ( 9.79%)
Processed   180000/  201750 entries, 89.22% (elapsed time   180.5s, curr speed    1.126 kHz, avg speed    0.997 kHz), accepted    17694/  180001 events ( 9.83%)
Processed   190000/  201750 entries, 94.18% (elapsed time   189.8s, curr speed    1.075 kHz, avg speed    1.001 kHz), accepted    18699/  190001 events ( 9.84%)
Processed   200000/  201750 entries, 99.13% (elapsed time   199.3s, curr speed    1.044 kHz, avg speed    1.003 kHz), accepted    19648/  200001 events ( 9.82%)
Processed 201750 preselected entries from /eos/cms/store/group/phys_tau/TauFW/nano/UL2017/TTTo2L2Nu_TuneCP5_13TeV-powheg-pythia8/RunIISummer19UL17NanoAODv2-106X_mc2017_realistic_v8-v1/NANOAODSIM/C5A54AE0-1C46-0E4D-BB3D-10044CFF4073_skimjec_3.root (201750 entries). Finally selected 19815 entries
Pre-select 240450 entries out of 240450 (100.00%)
Processed    10000/  240450 entries,  4.16% (elapsed time    19.2s, curr speed    0.520 kHz, avg speed    0.520 kHz), accepted      983/   10001 events ( 9.83%)
Processed    20000/  240450 entries,  8.32% (elapsed time    30.7s, curr speed    0.872 kHz, avg speed    0.652 kHz), accepted     1988/   20001 events ( 9.94%)
Processed    30000/  240450 entries, 12.48% (elapsed time    39.4s, curr speed    1.149 kHz, avg speed    0.762 kHz), accepted     2947/   30001 events ( 9.82%)
Processed    40000/  240450 entries, 16.64% (elapsed time    48.4s, curr speed    1.115 kHz, avg speed    0.827 kHz), accepted     3932/   40001 events ( 9.83%)
Processed    50000/  240450 entries, 20.79% (elapsed time    57.3s, curr speed    1.121 kHz, avg speed    0.873 kHz), accepted     4917/   50001 events ( 9.83%)
Processed    60000/  240450 entries, 24.95% (elapsed time    65.7s, curr speed    1.186 kHz, avg speed    0.913 kHz), accepted     5888/   60001 events ( 9.81%)
Processed    70000/  240450 entries, 29.11% (elapsed time    75.5s, curr speed    1.024 kHz, avg speed    0.927 kHz), accepted     6932/   70001 events ( 9.90%)
Processed    80000/  240450 entries, 33.27% (elapsed time    84.0s, curr speed    1.170 kHz, avg speed    0.952 kHz), accepted     7876/   80001 events ( 9.84%)
Processed    90000/  240450 entries, 37.43% (elapsed time    93.6s, curr speed    1.044 kHz, avg speed    0.962 kHz), accepted     8855/   90001 events ( 9.84%)
Processed   100000/  240450 entries, 41.59% (elapsed time   103.5s, curr speed    1.014 kHz, avg speed    0.967 kHz), accepted     9826/  100001 events ( 9.83%)
Processed   110000/  240450 entries, 45.75% (elapsed time   111.7s, curr speed    1.218 kHz, avg speed    0.985 kHz), accepted    10824/  110001 events ( 9.84%)
Processed   120000/  240450 entries, 49.91% (elapsed time   121.6s, curr speed    1.009 kHz, avg speed    0.987 kHz), accepted    11826/  120001 events ( 9.85%)
Processed   130000/  240450 entries, 54.07% (elapsed time   130.5s, curr speed    1.123 kHz, avg speed    0.996 kHz), accepted    12808/  130001 events ( 9.85%)
Processed   140000/  240450 entries, 58.22% (elapsed time   140.2s, curr speed    1.026 kHz, avg speed    0.998 kHz), accepted    13791/  140001 events ( 9.85%)
Processed   150000/  240450 entries, 62.38% (elapsed time   148.9s, curr speed    1.149 kHz, avg speed    1.007 kHz), accepted    14783/  150001 events ( 9.86%)
Processed   160000/  240450 entries, 66.54% (elapsed time   158.5s, curr speed    1.048 kHz, avg speed    1.010 kHz), accepted    15769/  160001 events ( 9.86%)
Processed   170000/  240450 entries, 70.70% (elapsed time   168.2s, curr speed    1.027 kHz, avg speed    1.011 kHz), accepted    16755/  170001 events ( 9.86%)
Processed   180000/  240450 entries, 74.86% (elapsed time   176.8s, curr speed    1.162 kHz, avg speed    1.018 kHz), accepted    17790/  180001 events ( 9.88%)
Processed   190000/  240450 entries, 79.02% (elapsed time   185.2s, curr speed    1.198 kHz, avg speed    1.026 kHz), accepted    18719/  190001 events ( 9.85%)
Processed   200000/  240450 entries, 83.18% (elapsed time   194.2s, curr speed    1.105 kHz, avg speed    1.030 kHz), accepted    19698/  200001 events ( 9.85%)
Processed   210000/  240450 entries, 87.34% (elapsed time   202.8s, curr speed    1.170 kHz, avg speed    1.036 kHz), accepted    20685/  210001 events ( 9.85%)
Processed   220000/  240450 entries, 91.50% (elapsed time   211.3s, curr speed    1.172 kHz, avg speed    1.041 kHz), accepted    21665/  220001 events ( 9.85%)
Processed   230000/  240450 entries, 95.65% (elapsed time   219.6s, curr speed    1.209 kHz, avg speed    1.048 kHz), accepted    22650/  230001 events ( 9.85%)
Processed   240000/  240450 entries, 99.81% (elapsed time   228.3s, curr speed    1.143 kHz, avg speed    1.051 kHz), accepted    23657/  240001 events ( 9.86%)
Processed 240450 preselected entries from /eos/cms/store/group/phys_tau/TauFW/nano/UL2017/TTTo2L2Nu_TuneCP5_13TeV-powheg-pythia8/RunIISummer19UL17NanoAODv2-106X_mc2017_realistic_v8-v1/NANOAODSIM/C65780EE-BD19-3446-9360-1DD8EA182745_skimjec_0.root (240450 entries). Finally selected 23698 entries
Pre-select 240450 entries out of 240450 (100.00%)
Processed    10000/  240450 entries,  4.16% (elapsed time    13.6s, curr speed    0.736 kHz, avg speed    0.736 kHz), accepted      938/   10001 events ( 9.38%)
Processed    20000/  240450 entries,  8.32% (elapsed time    21.4s, curr speed    1.274 kHz, avg speed    0.933 kHz), accepted     1890/   20001 events ( 9.45%)
Processed    30000/  240450 entries, 12.48% (elapsed time    30.4s, curr speed    1.112 kHz, avg speed    0.986 kHz), accepted     2847/   30001 events ( 9.49%)
Processed    40000/  240450 entries, 16.64% (elapsed time    39.1s, curr speed    1.147 kHz, avg speed    1.022 kHz), accepted     3804/   40001 events ( 9.51%)
Processed    50000/  240450 entries, 20.79% (elapsed time    48.0s, curr speed    1.132 kHz, avg speed    1.042 kHz), accepted     4791/   50001 events ( 9.58%)
Processed    60000/  240450 entries, 24.95% (elapsed time    57.3s, curr speed    1.070 kHz, avg speed    1.047 kHz), accepted     5771/   60001 events ( 9.62%)
Processed    70000/  240450 entries, 29.11% (elapsed time    67.0s, curr speed    1.034 kHz, avg speed    1.045 kHz), accepted     6786/   70001 events ( 9.69%)
Processed    80000/  240450 entries, 33.27% (elapsed time    76.7s, curr speed    1.026 kHz, avg speed    1.043 kHz), accepted     7724/   80001 events ( 9.65%)
Processed    90000/  240450 entries, 37.43% (elapsed time    86.6s, curr speed    1.016 kHz, avg speed    1.040 kHz), accepted     8637/   90001 events ( 9.60%)
Processed   100000/  240450 entries, 41.59% (elapsed time    95.4s, curr speed    1.133 kHz, avg speed    1.048 kHz), accepted     9618/  100001 events ( 9.62%)
Processed   110000/  240450 entries, 45.75% (elapsed time   103.4s, curr speed    1.252 kHz, avg speed    1.064 kHz), accepted    10599/  110001 events ( 9.64%)
Processed   120000/  240450 entries, 49.91% (elapsed time   112.1s, curr speed    1.144 kHz, avg speed    1.070 kHz), accepted    11566/  120001 events ( 9.64%)
Processed   130000/  240450 entries, 54.07% (elapsed time   122.2s, curr speed    0.989 kHz, avg speed    1.063 kHz), accepted    12594/  130001 events ( 9.69%)
Processed   140000/  240450 entries, 58.22% (elapsed time   130.7s, curr speed    1.188 kHz, avg speed    1.071 kHz), accepted    13541/  140001 events ( 9.67%)
Processed   150000/  240450 entries, 62.38% (elapsed time   141.2s, curr speed    0.945 kHz, avg speed    1.062 kHz), accepted    14580/  150001 events ( 9.72%)
Processed   160000/  240450 entries, 66.54% (elapsed time   150.7s, curr speed    1.056 kHz, avg speed    1.062 kHz), accepted    15555/  160001 events ( 9.72%)
Processed   170000/  240450 entries, 70.70% (elapsed time   160.3s, curr speed    1.044 kHz, avg speed    1.061 kHz), accepted    16523/  170001 events ( 9.72%)
Processed   180000/  240450 entries, 74.86% (elapsed time   170.8s, curr speed    0.954 kHz, avg speed    1.054 kHz), accepted    17481/  180001 events ( 9.71%)
Processed   190000/  240450 entries, 79.02% (elapsed time   180.0s, curr speed    1.085 kHz, avg speed    1.056 kHz), accepted    18431/  190001 events ( 9.70%)
Processed   200000/  240450 entries, 83.18% (elapsed time   189.4s, curr speed    1.062 kHz, avg speed    1.056 kHz), accepted    19411/  200001 events ( 9.71%)
Processed   210000/  240450 entries, 87.34% (elapsed time   198.0s, curr speed    1.166 kHz, avg speed    1.061 kHz), accepted    20360/  210001 events ( 9.70%)
Processed   220000/  240450 entries, 91.50% (elapsed time   207.2s, curr speed    1.079 kHz, avg speed    1.062 kHz), accepted    21345/  220001 events ( 9.70%)
Processed   230000/  240450 entries, 95.65% (elapsed time   216.6s, curr speed    1.071 kHz, avg speed    1.062 kHz), accepted    22334/  230001 events ( 9.71%)
Processed   240000/  240450 entries, 99.81% (elapsed time   225.1s, curr speed    1.174 kHz, avg speed    1.066 kHz), accepted    23355/  240001 events ( 9.73%)
Processed 240450 preselected entries from /eos/cms/store/group/phys_tau/TauFW/nano/UL2017/TTTo2L2Nu_TuneCP5_13TeV-powheg-pythia8/RunIISummer19UL17NanoAODv2-106X_mc2017_realistic_v8-v1/NANOAODSIM/C65780EE-BD19-3446-9360-1DD8EA182745_skimjec_1.root (240450 entries). Finally selected 23390 entries
Pre-select 240450 entries out of 240450 (100.00%)
Processed    10000/  240450 entries,  4.16% (elapsed time    16.9s, curr speed    0.593 kHz, avg speed    0.593 kHz), accepted     1002/   10001 events (10.02%)
Processed    20000/  240450 entries,  8.32% (elapsed time    25.7s, curr speed    1.130 kHz, avg speed    0.778 kHz), accepted     1990/   20001 events ( 9.95%)
Processed    30000/  240450 entries, 12.48% (elapsed time    39.1s, curr speed    0.746 kHz, avg speed    0.767 kHz), accepted     2972/   30001 events ( 9.91%)
Processed    40000/  240450 entries, 16.64% (elapsed time    53.9s, curr speed    0.675 kHz, avg speed    0.742 kHz), accepted     3989/   40001 events ( 9.97%)
Processed    50000/  240450 entries, 20.79% (elapsed time    66.4s, curr speed    0.800 kHz, avg speed    0.753 kHz), accepted     4938/   50001 events ( 9.88%)
Processed    60000/  240450 entries, 24.95% (elapsed time    75.7s, curr speed    1.074 kHz, avg speed    0.792 kHz), accepted     5933/   60001 events ( 9.89%)
Processed    70000/  240450 entries, 29.11% (elapsed time    85.1s, curr speed    1.065 kHz, avg speed    0.822 kHz), accepted     6907/   70001 events ( 9.87%)
Processed    80000/  240450 entries, 33.27% (elapsed time    93.7s, curr speed    1.161 kHz, avg speed    0.854 kHz), accepted     7868/   80001 events ( 9.83%)
Processed    90000/  240450 entries, 37.43% (elapsed time   103.4s, curr speed    1.032 kHz, avg speed    0.870 kHz), accepted     8822/   90001 events ( 9.80%)
Processed   100000/  240450 entries, 41.59% (elapsed time   113.4s, curr speed    1.003 kHz, avg speed    0.882 kHz), accepted     9799/  100001 events ( 9.80%)
Processed   110000/  240450 entries, 45.75% (elapsed time   122.8s, curr speed    1.066 kHz, avg speed    0.896 kHz), accepted    10756/  110001 events ( 9.78%)
Processed   120000/  240450 entries, 49.91% (elapsed time   133.2s, curr speed    0.956 kHz, avg speed    0.901 kHz), accepted    11720/  120001 events ( 9.77%)
Processed   130000/  240450 entries, 54.07% (elapsed time   144.4s, curr speed    0.893 kHz, avg speed    0.900 kHz), accepted    12696/  130001 events ( 9.77%)
Processed   140000/  240450 entries, 58.22% (elapsed time   156.1s, curr speed    0.858 kHz, avg speed    0.897 kHz), accepted    13663/  140001 events ( 9.76%)
Processed   150000/  240450 entries, 62.38% (elapsed time   168.5s, curr speed    0.805 kHz, avg speed    0.890 kHz), accepted    14647/  150001 events ( 9.76%)
Processed   160000/  240450 entries, 66.54% (elapsed time   179.7s, curr speed    0.895 kHz, avg speed    0.890 kHz), accepted    15591/  160001 events ( 9.74%)
Processed   170000/  240450 entries, 70.70% (elapsed time   190.4s, curr speed    0.932 kHz, avg speed    0.893 kHz), accepted    16541/  170001 events ( 9.73%)
Processed   180000/  240450 entries, 74.86% (elapsed time   202.4s, curr speed    0.831 kHz, avg speed    0.889 kHz), accepted    17556/  180001 events ( 9.75%)
Processed   190000/  240450 entries, 79.02% (elapsed time   213.5s, curr speed    0.902 kHz, avg speed    0.890 kHz), accepted    18530/  190001 events ( 9.75%)
Processed   200000/  240450 entries, 83.18% (elapsed time   223.5s, curr speed    1.007 kHz, avg speed    0.895 kHz), accepted    19496/  200001 events ( 9.75%)
Processed   210000/  240450 entries, 87.34% (elapsed time   233.7s, curr speed    0.973 kHz, avg speed    0.898 kHz), accepted    20429/  210001 events ( 9.73%)
Processed   220000/  240450 entries, 91.50% (elapsed time   244.7s, curr speed    0.911 kHz, avg speed    0.899 kHz), accepted    21388/  220001 events ( 9.72%)
Processed   230000/  240450 entries, 95.65% (elapsed time   254.4s, curr speed    1.031 kHz, avg speed    0.904 kHz), accepted    22325/  230001 events ( 9.71%)
Processed   240000/  240450 entries, 99.81% (elapsed time   264.4s, curr speed    1.004 kHz, avg speed    0.908 kHz), accepted    23342/  240001 events ( 9.73%)
Processed 240450 preselected entries from /eos/cms/store/group/phys_tau/TauFW/nano/UL2017/TTTo2L2Nu_TuneCP5_13TeV-powheg-pythia8/RunIISummer19UL17NanoAODv2-106X_mc2017_realistic_v8-v1/NANOAODSIM/C65780EE-BD19-3446-9360-1DD8EA182745_skimjec_2.root (240450 entries). Finally selected 23381 entries
Pre-select 240450 entries out of 240450 (100.00%)
Processed    10000/  240450 entries,  4.16% (elapsed time    17.6s, curr speed    0.567 kHz, avg speed    0.567 kHz), accepted     1003/   10001 events (10.03%)
Processed    20000/  240450 entries,  8.32% (elapsed time    26.5s, curr speed    1.123 kHz, avg speed    0.753 kHz), accepted     1999/   20001 events ( 9.99%)
Processed    30000/  240450 entries, 12.48% (elapsed time    41.0s, curr speed    0.694 kHz, avg speed    0.732 kHz), accepted     2950/   30001 events ( 9.83%)
Processed    40000/  240450 entries, 16.64% (elapsed time    48.9s, curr speed    1.255 kHz, avg speed    0.818 kHz), accepted     3907/   40001 events ( 9.77%)
Processed    50000/  240450 entries, 20.79% (elapsed time    59.1s, curr speed    0.980 kHz, avg speed    0.846 kHz), accepted     4922/   50001 events ( 9.84%)
Processed    60000/  240450 entries, 24.95% (elapsed time    69.8s, curr speed    0.935 kHz, avg speed    0.859 kHz), accepted     5921/   60001 events ( 9.87%)
Processed    70000/  240450 entries, 29.11% (elapsed time    80.4s, curr speed    0.949 kHz, avg speed    0.871 kHz), accepted     6887/   70001 events ( 9.84%)
Processed    80000/  240450 entries, 33.27% (elapsed time    90.3s, curr speed    1.004 kHz, avg speed    0.886 kHz), accepted     7826/   80001 events ( 9.78%)
Processed    90000/  240450 entries, 37.43% (elapsed time   101.0s, curr speed    0.937 kHz, avg speed    0.891 kHz), accepted     8806/   90001 events ( 9.78%)
Processed   100000/  240450 entries, 41.59% (elapsed time   110.3s, curr speed    1.075 kHz, avg speed    0.907 kHz), accepted     9744/  100001 events ( 9.74%)
Processed   110000/  240450 entries, 45.75% (elapsed time   120.1s, curr speed    1.021 kHz, avg speed    0.916 kHz), accepted    10759/  110001 events ( 9.78%)
Processed   120000/  240450 entries, 49.91% (elapsed time   129.3s, curr speed    1.082 kHz, avg speed    0.928 kHz), accepted    11723/  120001 events ( 9.77%)
Processed   130000/  240450 entries, 54.07% (elapsed time   137.9s, curr speed    1.163 kHz, avg speed    0.943 kHz), accepted    12689/  130001 events ( 9.76%)
Processed   140000/  240450 entries, 58.22% (elapsed time   146.3s, curr speed    1.191 kHz, avg speed    0.957 kHz), accepted    13651/  140001 events ( 9.75%)
Processed   150000/  240450 entries, 62.38% (elapsed time   156.0s, curr speed    1.035 kHz, avg speed    0.962 kHz), accepted    14592/  150001 events ( 9.73%)
Processed   160000/  240450 entries, 66.54% (elapsed time   164.6s, curr speed    1.168 kHz, avg speed    0.972 kHz), accepted    15599/  160001 events ( 9.75%)
Processed   170000/  240450 entries, 70.70% (elapsed time   173.4s, curr speed    1.136 kHz, avg speed    0.981 kHz), accepted    16568/  170001 events ( 9.75%)
Processed   180000/  240450 entries, 74.86% (elapsed time   180.9s, curr speed    1.322 kHz, avg speed    0.995 kHz), accepted    17512/  180001 events ( 9.73%)
Processed   190000/  240450 entries, 79.02% (elapsed time   189.7s, curr speed    1.145 kHz, avg speed    1.002 kHz), accepted    18464/  190001 events ( 9.72%)
Processed   200000/  240450 entries, 83.18% (elapsed time   197.9s, curr speed    1.215 kHz, avg speed    1.011 kHz), accepted    19436/  200001 events ( 9.72%)
Processed   210000/  240450 entries, 87.34% (elapsed time   206.5s, curr speed    1.163 kHz, avg speed    1.017 kHz), accepted    20416/  210001 events ( 9.72%)
Processed   220000/  240450 entries, 91.50% (elapsed time   215.9s, curr speed    1.061 kHz, avg speed    1.019 kHz), accepted    21418/  220001 events ( 9.74%)
Processed   230000/  240450 entries, 95.65% (elapsed time   224.7s, curr speed    1.141 kHz, avg speed    1.024 kHz), accepted    22391/  230001 events ( 9.74%)
Processed   240000/  240450 entries, 99.81% (elapsed time   232.9s, curr speed    1.217 kHz, avg speed    1.031 kHz), accepted    23345/  240001 events ( 9.73%)
Processed 240450 preselected entries from /eos/cms/store/group/phys_tau/TauFW/nano/UL2017/TTTo2L2Nu_TuneCP5_13TeV-powheg-pythia8/RunIISummer19UL17NanoAODv2-106X_mc2017_realistic_v8-v1/NANOAODSIM/C65780EE-BD19-3446-9360-1DD8EA182745_skimjec_3.root (240450 entries). Finally selected 23372 entries
Total time 1155.1 sec. to process 1163550 events. Rate = 1007.3 Hz.
>>> cwd          = /pool/condor/dir_19727
>>> ls           = ['.job.ad', 'pico_etau_49.root', 'x509_voms', 'condor_exec.exe', '_condor_stdout', 'tmp', '.machine.ad', '.chirp.config', 'var', '.update.ad', 'lvigilan.cc']
>>> getstorage('/eos/home-l/lvigilan/output_ETauFR_UL17_RUN1/UL2017/etau/TTTo2L2Nu'), <EOS("/eos/home-l/lvigilan/output_ETauFR_UL17_RUN1/UL2017/etau/TTTo2L2Nu") at 0x2b7ac0395490>
>>> Executing: 'cp ./pico_etau_49.root /eos/home-l/lvigilan/output_ETauFR_UL17_RUN1/UL2017/etau/TTTo2L2Nu'
>>> Removing './pico_etau_49.root'...
>>> picojob.py done after 1171.8 seconds

Job complete at Mon Jun  7 19:14:23 CEST 2021
Took 19 minutes 32 seconds040 (2367591.049.000) 06/07 19:14:24 Started transferring output files
...
040 (2367591.049.000) 06/07 19:14:24 Finished transferring output files
...
005 (2367591.049.000) 06/07 19:14:24 Job terminated.
	(1) Normal termination (return value 0)
		Usr 0 00:12:34, Sys 0 00:00:28  -  Run Remote Usage
		Usr 0 00:00:00, Sys 0 00:00:00  -  Run Local Usage
		Usr 0 00:12:34, Sys 0 00:00:28  -  Total Remote Usage
		Usr 0 00:00:00, Sys 0 00:00:00  -  Total Local Usage
	36179  -  Run Bytes Sent By Job
	9930  -  Run Bytes Received By Job
	36179  -  Total Bytes Sent By Job
	9930  -  Total Bytes Received By Job
	Partitionable Resources :    Usage  Request Allocated 
	   Cpus                 :     0.67        1         1 
	   Disk (KB)            : 15568           1    276914 
	   Memory (MB)          :   278        2000      2000 

	Job terminated of its own accord at 2021-06-07T17:14:23Z.
...
