Could not find platform independent libraries <prefix>
Could not find platform dependent libraries <exec_prefix>
Consider setting $PYTHONHOME to <prefix>[:<exec_prefix>]
ImportError: No module named site
Job start at Mon Jun  7 23:00:43 CEST 2021
Running job on machine Linux b7s13n0304.cern.ch 3.10.0-1160.21.1.el7.x86_64 #1 SMP Tue Mar 16 18:28:22 UTC 2021 x86_64 x86_64 x86_64 GNU/Linux, host b7s13n0304.cern.ch
============================================================
$PWD=/pool/condor/dir_8553
$JOBID=2367872
$TASKID=2
$HOSTNAME=b7s13n0304.cern.ch
$TASKCMD=/afs/cern.ch/work/l/lvigilan/TauWork/CMSSW_10_6_17_patch1/src/TauFW/PicoProducer/python/processors/picojob.py -y UL2017 -d 'mc' -c etau -M ETauFakeRate.ModuleETau --copydir /eos/home-l/lvigilan/output_ETauFR_UL17_RUN1/UL2017/etau/TTTo2L2Nu -t _etau_EES0p99_2 --opt 'ees=0.99' 'useT1=True' 'toppt=True' -i /eos/cms/store/group/phys_tau/TauFW/nano/UL2017/TTTo2L2Nu_TuneCP5_13TeV-powheg-pythia8/RunIISummer19UL17NanoAODv2-106X_mc2017_realistic_v8-v1/NANOAODSIM/17A593BF-ECFF-8246-9005-12820F908EA5_skimjec_0.root /eos/cms/store/group/phys_tau/TauFW/nano/UL2017/TTTo2L2Nu_TuneCP5_13TeV-powheg-pythia8/RunIISummer19UL17NanoAODv2-106X_mc2017_realistic_v8-v1/NANOAODSIM/17A593BF-ECFF-8246-9005-12820F908EA5_skimjec_1.root /eos/cms/store/group/phys_tau/TauFW/nano/UL2017/TTTo2L2Nu_TuneCP5_13TeV-powheg-pythia8/RunIISummer19UL17NanoAODv2-106X_mc2017_realistic_v8-v1/NANOAODSIM/17A593BF-ECFF-8246-9005-12820F908EA5_skimjec_2.root /eos/cms/store/group/phys_tau/TauFW/nano/UL2017/TTTo2L2Nu_TuneCP5_13TeV-powheg-pythia8/RunIISummer19UL17NanoAODv2-106X_mc2017_realistic_v8-v1/NANOAODSIM/17A593BF-ECFF-8246-9005-12820F908EA5_skimjec_3.root /eos/cms/store/group/phys_tau/TauFW/nano/UL2017/TTTo2L2Nu_TuneCP5_13TeV-powheg-pythia8/RunIISummer19UL17NanoAODv2-106X_mc2017_realistic_v8-v1/NANOAODSIM/195A17B7-B997-2C40-8F1F-26FDC5C42DF5_skimjec_0.root
$WORKDIR=/pool/condor/dir_8553
>>> cd /afs/cern.ch/work/l/lvigilan/TauWork/CMSSW_10_6_17_patch1/src
>>> eval `scramv1 runtime -sh`
>>> cd /pool/condor/dir_8553
$PWD=/pool/condor/dir_8553
>>> /afs/cern.ch/work/l/lvigilan/TauWork/CMSSW_10_6_17_patch1/src/TauFW/PicoProducer/python/processors/picojob.py -y UL2017 -d 'mc' -c etau -M ETauFakeRate.ModuleETau --copydir /eos/home-l/lvigilan/output_ETauFR_UL17_RUN1/UL2017/etau/TTTo2L2Nu -t _etau_EES0p99_2 --opt 'ees=0.99' 'useT1=True' 'toppt=True' -i /eos/cms/store/group/phys_tau/TauFW/nano/UL2017/TTTo2L2Nu_TuneCP5_13TeV-powheg-pythia8/RunIISummer19UL17NanoAODv2-106X_mc2017_realistic_v8-v1/NANOAODSIM/17A593BF-ECFF-8246-9005-12820F908EA5_skimjec_0.root /eos/cms/store/group/phys_tau/TauFW/nano/UL2017/TTTo2L2Nu_TuneCP5_13TeV-powheg-pythia8/RunIISummer19UL17NanoAODv2-106X_mc2017_realistic_v8-v1/NANOAODSIM/17A593BF-ECFF-8246-9005-12820F908EA5_skimjec_1.root /eos/cms/store/group/phys_tau/TauFW/nano/UL2017/TTTo2L2Nu_TuneCP5_13TeV-powheg-pythia8/RunIISummer19UL17NanoAODv2-106X_mc2017_realistic_v8-v1/NANOAODSIM/17A593BF-ECFF-8246-9005-12820F908EA5_skimjec_2.root /eos/cms/store/group/phys_tau/TauFW/nano/UL2017/TTTo2L2Nu_TuneCP5_13TeV-powheg-pythia8/RunIISummer19UL17NanoAODv2-106X_mc2017_realistic_v8-v1/NANOAODSIM/17A593BF-ECFF-8246-9005-12820F908EA5_skimjec_3.root /eos/cms/store/group/phys_tau/TauFW/nano/UL2017/TTTo2L2Nu_TuneCP5_13TeV-powheg-pythia8/RunIISummer19UL17NanoAODv2-106X_mc2017_realistic_v8-v1/NANOAODSIM/195A17B7-B997-2C40-8F1F-26FDC5C42DF5_skimjec_0.root
Error in <TGClient::TGClient>: can't open display "localhost:13.0", switching to batch mode...
 In case you run from a remote ssh session, reconnect with ssh -Y
--------------------------------------------------------------------------------
>>> era          = 'UL2017'
>>> year         = 2017
>>> channel      = 'etau'
>>> modname      = 'ETauFakeRate.ModuleETau'
>>> dtype        = 'mc'
>>> kwargs       = {'dtype': 'mc', 'ees': 0.99, 'toppt': True, 'useT1': True, 'verb': 0, 'era': 'UL2017', 'year': 2017}
>>> firstevt     = 0
>>> maxevts      = None
>>> outdir       = '.'
>>> copydir      = '/eos/home-l/lvigilan/output_ETauFR_UL17_RUN1/UL2017/etau/TTTo2L2Nu'
>>> infiles      = ['/eos/cms/store/group/phys_tau/TauFW/nano/UL2017/TTTo2L2Nu_TuneCP5_13TeV-powheg-pythia8/RunIISummer19UL17NanoAODv2-106X_mc2017_realistic_v8-v1/NANOAODSIM/17A593BF-ECFF-8246-9005-12820F908EA5_skimjec_0.root', '/eos/cms/store/group/phys_tau/TauFW/nano/UL2017/TTTo2L2Nu_TuneCP5_13TeV-powheg-pythia8/RunIISummer19UL17NanoAODv2-106X_mc2017_realistic_v8-v1/NANOAODSIM/17A593BF-ECFF-8246-9005-12820F908EA5_skimjec_1.root', '/eos/cms/store/group/phys_tau/TauFW/nano/UL2017/TTTo2L2Nu_TuneCP5_13TeV-powheg-pythia8/RunIISummer19UL17NanoAODv2-106X_mc2017_realistic_v8-v1/NANOAODSIM/17A593BF-ECFF-8246-9005-12820F908EA5_skimjec_2.root', '/eos/cms/store/group/phys_tau/TauFW/nano/UL2017/TTTo2L2Nu_TuneCP5_13TeV-powheg-pythia8/RunIISummer19UL17NanoAODv2-106X_mc2017_realistic_v8-v1/NANOAODSIM/17A593BF-ECFF-8246-9005-12820F908EA5_skimjec_3.root', '/eos/cms/store/group/phys_tau/TauFW/nano/UL2017/TTTo2L2Nu_TuneCP5_13TeV-powheg-pythia8/RunIISummer19UL17NanoAODv2-106X_mc2017_realistic_v8-v1/NANOAODSIM/195A17B7-B997-2C40-8F1F-26FDC5C42DF5_skimjec_0.root']
>>> outfname     = './pico_etau_EES0p99_2.root'
>>> branchsel    = '/afs/cern.ch/work/l/lvigilan/TauWork/CMSSW_10_6_17_patch1/python/TauFW/PicoProducer/processors/keep_and_drop_skim.txt'
>>> json         = None
>>> prefetch     = False
>>> cwd          = /pool/condor/dir_8553
--------------------------------------------------------------------------------

   ################
   #  ModuleETau  #
   ################

Loading PileupWeightTool for '/afs/cern.ch/work/l/lvigilan/TauWork/CMSSW_10_6_17_patch1/src/TauFW/PicoProducer/data/pileup/Data_PileUp_UL2017_69p2.root' and '/afs/cern.ch/work/l/lvigilan/TauWork/CMSSW_10_6_17_patch1/src/TauFW/PicoProducer/data/pileup/MC_PileUp_UL2017_Summer19.root'
Loading BTagWeightTool for DeepCSV (medium WP)...
>>> BTagTool: [1m[33mWarning! [0m[33mHistogram 'etau/eff_DeepCSV_udsg_medium' does not exist in /afs/cern.ch/work/l/lvigilan/TauWork/CMSSW_10_6_17_patch1/src/TauFW/PicoProducer/data/btag/DeepCSV_2017_12Apr2017_eff.root! Reverting to default efficiency histogram...[0m
>>> BTagTool: [1m[33mWarning! [0m[33mHistogram 'etau/eff_DeepCSV_c_medium' does not exist in /afs/cern.ch/work/l/lvigilan/TauWork/CMSSW_10_6_17_patch1/src/TauFW/PicoProducer/data/btag/DeepCSV_2017_12Apr2017_eff.root! Reverting to default efficiency histogram...[0m
>>> BTagTool: [1m[33mWarning! [0m[33mHistogram 'etau/eff_DeepCSV_b_medium' does not exist in /afs/cern.ch/work/l/lvigilan/TauWork/CMSSW_10_6_17_patch1/src/TauFW/PicoProducer/data/btag/DeepCSV_2017_12Apr2017_eff.root! Reverting to default efficiency histogram...[0m
>>> BTagTool: [1m[33mWarning! [0m[33mMade use of default efficiency histograms! The b tag weights from this module should be regarded as placeholders only,
and should NOT be used for analyses. B (mis)tag efficiencies in MC are analysis dependent. Please create your own
efficiency histogram with data/btag/getBTagEfficiencies.py after running all MC samples with BTagWeightTool.[0m
Loading TreeProducerETau for './pico_etau_EES0p99_2.root'
--------------------------------------------------------------------------------
>>> filename     = './pico_etau_EES0p99_2.root'
>>> year         = 2017
>>> dtype        = 'mc'
>>> channel      = 'etau'
>>> ismc         = True
>>> isdata       = False
>>> isembed      = False
>>> tes          = 1.0
>>> tessys       = None
>>> fes          = None
>>> ltf          = None
>>> jtf          = 1.0
>>> dotoppt      = True
>>> dozpt        = False
>>> dojec        = True
>>> dojecsys     = True
>>> dotight      = False
>>> useT1        = True
>>> jetCutPt     = 30
>>> bjetCutEta   = 2.7
>>> tauwp        = 0
>>> eleCutPt     = 36
>>> eleCutEta    = 2.1
>>> tauCutPt     = 20
>>> tauCutEta    = 2.3
>>> ZpeekReso    = 0.1
Pre-select 188825 entries out of 188825 (100.00%)
Processed    10000/  188825 entries,  5.30% (elapsed time    17.1s, curr speed    0.586 kHz, avg speed    0.586 kHz), accepted     1005/   10001 events (10.05%)
Processed    20000/  188825 entries, 10.59% (elapsed time    27.4s, curr speed    0.967 kHz, avg speed    0.730 kHz), accepted     2011/   20001 events (10.05%)
Processed    30000/  188825 entries, 15.89% (elapsed time    36.8s, curr speed    1.062 kHz, avg speed    0.815 kHz), accepted     2993/   30001 events ( 9.98%)
Processed    40000/  188825 entries, 21.18% (elapsed time    44.3s, curr speed    1.339 kHz, avg speed    0.903 kHz), accepted     3934/   40001 events ( 9.83%)
Processed    50000/  188825 entries, 26.48% (elapsed time    55.6s, curr speed    0.886 kHz, avg speed    0.900 kHz), accepted     4899/   50001 events ( 9.80%)
Processed    60000/  188825 entries, 31.78% (elapsed time    65.4s, curr speed    1.020 kHz, avg speed    0.918 kHz), accepted     5881/   60001 events ( 9.80%)
Processed    70000/  188825 entries, 37.07% (elapsed time    76.1s, curr speed    0.935 kHz, avg speed    0.920 kHz), accepted     6797/   70001 events ( 9.71%)
Processed    80000/  188825 entries, 42.37% (elapsed time    84.2s, curr speed    1.224 kHz, avg speed    0.950 kHz), accepted     7756/   80001 events ( 9.69%)
Processed    90000/  188825 entries, 47.66% (elapsed time    93.9s, curr speed    1.032 kHz, avg speed    0.958 kHz), accepted     8702/   90001 events ( 9.67%)
Processed   100000/  188825 entries, 52.96% (elapsed time   102.8s, curr speed    1.133 kHz, avg speed    0.973 kHz), accepted     9648/  100001 events ( 9.65%)
Processed   110000/  188825 entries, 58.25% (elapsed time   110.1s, curr speed    1.357 kHz, avg speed    0.999 kHz), accepted    10646/  110001 events ( 9.68%)
Processed   120000/  188825 entries, 63.55% (elapsed time   119.0s, curr speed    1.134 kHz, avg speed    1.009 kHz), accepted    11616/  120001 events ( 9.68%)
Processed   130000/  188825 entries, 68.85% (elapsed time   127.2s, curr speed    1.207 kHz, avg speed    1.022 kHz), accepted    12553/  130001 events ( 9.66%)
Processed   140000/  188825 entries, 74.14% (elapsed time   136.2s, curr speed    1.121 kHz, avg speed    1.028 kHz), accepted    13486/  140001 events ( 9.63%)
Processed   150000/  188825 entries, 79.44% (elapsed time   145.5s, curr speed    1.070 kHz, avg speed    1.031 kHz), accepted    14493/  150001 events ( 9.66%)
Processed   160000/  188825 entries, 84.73% (elapsed time   155.1s, curr speed    1.043 kHz, avg speed    1.032 kHz), accepted    15449/  160001 events ( 9.66%)
Processed   170000/  188825 entries, 90.03% (elapsed time   163.8s, curr speed    1.154 kHz, avg speed    1.038 kHz), accepted    16403/  170001 events ( 9.65%)
Processed   180000/  188825 entries, 95.33% (elapsed time   174.3s, curr speed    0.950 kHz, avg speed    1.033 kHz), accepted    17384/  180001 events ( 9.66%)
Processed 188825 preselected entries from /eos/cms/store/group/phys_tau/TauFW/nano/UL2017/TTTo2L2Nu_TuneCP5_13TeV-powheg-pythia8/RunIISummer19UL17NanoAODv2-106X_mc2017_realistic_v8-v1/NANOAODSIM/17A593BF-ECFF-8246-9005-12820F908EA5_skimjec_0.root (188825 entries). Finally selected 18262 entries
Pre-select 188825 entries out of 188825 (100.00%)
Processed    10000/  188825 entries,  5.30% (elapsed time    14.8s, curr speed    0.676 kHz, avg speed    0.676 kHz), accepted     1010/   10001 events (10.10%)
Processed    20000/  188825 entries, 10.59% (elapsed time    22.7s, curr speed    1.266 kHz, avg speed    0.882 kHz), accepted     1950/   20001 events ( 9.75%)
Processed    30000/  188825 entries, 15.89% (elapsed time    32.0s, curr speed    1.079 kHz, avg speed    0.939 kHz), accepted     2895/   30001 events ( 9.65%)
Processed    40000/  188825 entries, 21.18% (elapsed time    41.0s, curr speed    1.102 kHz, avg speed    0.975 kHz), accepted     3864/   40001 events ( 9.66%)
Processed    50000/  188825 entries, 26.48% (elapsed time    50.8s, curr speed    1.023 kHz, avg speed    0.984 kHz), accepted     4883/   50001 events ( 9.77%)
Processed    60000/  188825 entries, 31.78% (elapsed time    60.1s, curr speed    1.080 kHz, avg speed    0.999 kHz), accepted     5892/   60001 events ( 9.82%)
Processed    70000/  188825 entries, 37.07% (elapsed time    69.7s, curr speed    1.041 kHz, avg speed    1.005 kHz), accepted     6839/   70001 events ( 9.77%)
Processed    80000/  188825 entries, 42.37% (elapsed time    79.1s, curr speed    1.065 kHz, avg speed    1.012 kHz), accepted     7828/   80001 events ( 9.78%)
Processed    90000/  188825 entries, 47.66% (elapsed time    87.6s, curr speed    1.176 kHz, avg speed    1.028 kHz), accepted     8774/   90001 events ( 9.75%)
Processed   100000/  188825 entries, 52.96% (elapsed time    96.8s, curr speed    1.089 kHz, avg speed    1.034 kHz), accepted     9755/  100001 events ( 9.75%)
Processed   110000/  188825 entries, 58.25% (elapsed time   105.2s, curr speed    1.186 kHz, avg speed    1.046 kHz), accepted    10773/  110001 events ( 9.79%)
Processed   120000/  188825 entries, 63.55% (elapsed time   115.1s, curr speed    1.007 kHz, avg speed    1.042 kHz), accepted    11756/  120001 events ( 9.80%)
Processed   130000/  188825 entries, 68.85% (elapsed time   123.8s, curr speed    1.150 kHz, avg speed    1.050 kHz), accepted    12728/  130001 events ( 9.79%)
Processed   140000/  188825 entries, 74.14% (elapsed time   131.9s, curr speed    1.243 kHz, avg speed    1.062 kHz), accepted    13692/  140001 events ( 9.78%)
Processed   150000/  188825 entries, 79.44% (elapsed time   140.5s, curr speed    1.163 kHz, avg speed    1.068 kHz), accepted    14624/  150001 events ( 9.75%)
Processed   160000/  188825 entries, 84.73% (elapsed time   148.3s, curr speed    1.280 kHz, avg speed    1.079 kHz), accepted    15593/  160001 events ( 9.75%)
Processed   170000/  188825 entries, 90.03% (elapsed time   155.9s, curr speed    1.303 kHz, avg speed    1.090 kHz), accepted    16520/  170001 events ( 9.72%)
Processed   180000/  188825 entries, 95.33% (elapsed time   164.2s, curr speed    1.206 kHz, avg speed    1.096 kHz), accepted    17510/  180001 events ( 9.73%)
Processed 188825 preselected entries from /eos/cms/store/group/phys_tau/TauFW/nano/UL2017/TTTo2L2Nu_TuneCP5_13TeV-powheg-pythia8/RunIISummer19UL17NanoAODv2-106X_mc2017_realistic_v8-v1/NANOAODSIM/17A593BF-ECFF-8246-9005-12820F908EA5_skimjec_1.root (188825 entries). Finally selected 18388 entries
Pre-select 188825 entries out of 188825 (100.00%)
Processed    10000/  188825 entries,  5.30% (elapsed time    12.8s, curr speed    0.784 kHz, avg speed    0.784 kHz), accepted      918/   10001 events ( 9.18%)
Processed    20000/  188825 entries, 10.59% (elapsed time    24.5s, curr speed    0.851 kHz, avg speed    0.816 kHz), accepted     1857/   20001 events ( 9.28%)
Processed    30000/  188825 entries, 15.89% (elapsed time    33.0s, curr speed    1.182 kHz, avg speed    0.910 kHz), accepted     2838/   30001 events ( 9.46%)
Processed    40000/  188825 entries, 21.18% (elapsed time    42.2s, curr speed    1.079 kHz, avg speed    0.947 kHz), accepted     3811/   40001 events ( 9.53%)
Processed    50000/  188825 entries, 26.48% (elapsed time    51.3s, curr speed    1.107 kHz, avg speed    0.975 kHz), accepted     4784/   50001 events ( 9.57%)
Processed    60000/  188825 entries, 31.78% (elapsed time    60.9s, curr speed    1.033 kHz, avg speed    0.985 kHz), accepted     5769/   60001 events ( 9.61%)
Processed    70000/  188825 entries, 37.07% (elapsed time    70.6s, curr speed    1.034 kHz, avg speed    0.991 kHz), accepted     6672/   70001 events ( 9.53%)
Processed    80000/  188825 entries, 42.37% (elapsed time    78.5s, curr speed    1.264 kHz, avg speed    1.019 kHz), accepted     7635/   80001 events ( 9.54%)
Processed    90000/  188825 entries, 47.66% (elapsed time    88.5s, curr speed    0.999 kHz, avg speed    1.017 kHz), accepted     8609/   90001 events ( 9.57%)
Processed   100000/  188825 entries, 52.96% (elapsed time   101.0s, curr speed    0.801 kHz, avg speed    0.990 kHz), accepted     9588/  100001 events ( 9.59%)
Processed   110000/  188825 entries, 58.25% (elapsed time   108.9s, curr speed    1.262 kHz, avg speed    1.010 kHz), accepted    10531/  110001 events ( 9.57%)
Processed   120000/  188825 entries, 63.55% (elapsed time   117.4s, curr speed    1.186 kHz, avg speed    1.022 kHz), accepted    11458/  120001 events ( 9.55%)
Processed   130000/  188825 entries, 68.85% (elapsed time   125.5s, curr speed    1.228 kHz, avg speed    1.036 kHz), accepted    12429/  130001 events ( 9.56%)
Processed   140000/  188825 entries, 74.14% (elapsed time   133.3s, curr speed    1.280 kHz, avg speed    1.050 kHz), accepted    13395/  140001 events ( 9.57%)
Processed   150000/  188825 entries, 79.44% (elapsed time   140.6s, curr speed    1.367 kHz, avg speed    1.067 kHz), accepted    14350/  150001 events ( 9.57%)
Processed   160000/  188825 entries, 84.73% (elapsed time   148.1s, curr speed    1.344 kHz, avg speed    1.080 kHz), accepted    15253/  160001 events ( 9.53%)
Processed   170000/  188825 entries, 90.03% (elapsed time   155.6s, curr speed    1.323 kHz, avg speed    1.092 kHz), accepted    16231/  170001 events ( 9.55%)
Processed   180000/  188825 entries, 95.33% (elapsed time   162.8s, curr speed    1.398 kHz, avg speed    1.106 kHz), accepted    17228/  180001 events ( 9.57%)
Processed 188825 preselected entries from /eos/cms/store/group/phys_tau/TauFW/nano/UL2017/TTTo2L2Nu_TuneCP5_13TeV-powheg-pythia8/RunIISummer19UL17NanoAODv2-106X_mc2017_realistic_v8-v1/NANOAODSIM/17A593BF-ECFF-8246-9005-12820F908EA5_skimjec_2.root (188825 entries). Finally selected 18089 entries
Pre-select 188825 entries out of 188825 (100.00%)
Processed    10000/  188825 entries,  5.30% (elapsed time    13.5s, curr speed    0.742 kHz, avg speed    0.742 kHz), accepted     1038/   10001 events (10.38%)
Processed    20000/  188825 entries, 10.59% (elapsed time    24.4s, curr speed    0.917 kHz, avg speed    0.820 kHz), accepted     2031/   20001 events (10.15%)
Processed    30000/  188825 entries, 15.89% (elapsed time    34.1s, curr speed    1.026 kHz, avg speed    0.879 kHz), accepted     3000/   30001 events (10.00%)
Processed    40000/  188825 entries, 21.18% (elapsed time    43.7s, curr speed    1.046 kHz, avg speed    0.916 kHz), accepted     3924/   40001 events ( 9.81%)
Processed    50000/  188825 entries, 26.48% (elapsed time    54.5s, curr speed    0.925 kHz, avg speed    0.918 kHz), accepted     4954/   50001 events ( 9.91%)
Processed    60000/  188825 entries, 31.78% (elapsed time    64.4s, curr speed    1.012 kHz, avg speed    0.932 kHz), accepted     5909/   60001 events ( 9.85%)
Processed    70000/  188825 entries, 37.07% (elapsed time    73.7s, curr speed    1.072 kHz, avg speed    0.950 kHz), accepted     6876/   70001 events ( 9.82%)
Processed    80000/  188825 entries, 42.37% (elapsed time    82.7s, curr speed    1.113 kHz, avg speed    0.967 kHz), accepted     7813/   80001 events ( 9.77%)
Processed    90000/  188825 entries, 47.66% (elapsed time    92.1s, curr speed    1.058 kHz, avg speed    0.977 kHz), accepted     8790/   90001 events ( 9.77%)
Processed   100000/  188825 entries, 52.96% (elapsed time   102.4s, curr speed    0.977 kHz, avg speed    0.977 kHz), accepted     9744/  100001 events ( 9.74%)
Processed   110000/  188825 entries, 58.25% (elapsed time   114.8s, curr speed    0.806 kHz, avg speed    0.958 kHz), accepted    10658/  110001 events ( 9.69%)
Processed   120000/  188825 entries, 63.55% (elapsed time   124.3s, curr speed    1.052 kHz, avg speed    0.965 kHz), accepted    11636/  120001 events ( 9.70%)
Processed   130000/  188825 entries, 68.85% (elapsed time   135.0s, curr speed    0.932 kHz, avg speed    0.963 kHz), accepted    12643/  130001 events ( 9.73%)
Processed   140000/  188825 entries, 74.14% (elapsed time   145.4s, curr speed    0.960 kHz, avg speed    0.963 kHz), accepted    13561/  140001 events ( 9.69%)
Processed   150000/  188825 entries, 79.44% (elapsed time   154.9s, curr speed    1.052 kHz, avg speed    0.968 kHz), accepted    14532/  150001 events ( 9.69%)
Processed   160000/  188825 entries, 84.73% (elapsed time   165.2s, curr speed    0.977 kHz, avg speed    0.969 kHz), accepted    15475/  160001 events ( 9.67%)
Processed   170000/  188825 entries, 90.03% (elapsed time   174.3s, curr speed    1.096 kHz, avg speed    0.975 kHz), accepted    16442/  170001 events ( 9.67%)
Processed   180000/  188825 entries, 95.33% (elapsed time   183.1s, curr speed    1.134 kHz, avg speed    0.983 kHz), accepted    17365/  180001 events ( 9.65%)
Processed 188825 preselected entries from /eos/cms/store/group/phys_tau/TauFW/nano/UL2017/TTTo2L2Nu_TuneCP5_13TeV-powheg-pythia8/RunIISummer19UL17NanoAODv2-106X_mc2017_realistic_v8-v1/NANOAODSIM/17A593BF-ECFF-8246-9005-12820F908EA5_skimjec_3.root (188825 entries). Finally selected 18205 entries
Pre-select 240450 entries out of 240450 (100.00%)
Processed    10000/  240450 entries,  4.16% (elapsed time    14.8s, curr speed    0.676 kHz, avg speed    0.676 kHz), accepted      993/   10001 events ( 9.93%)
Processed    20000/  240450 entries,  8.32% (elapsed time    24.0s, curr speed    1.081 kHz, avg speed    0.832 kHz), accepted     1972/   20001 events ( 9.86%)
Processed    30000/  240450 entries, 12.48% (elapsed time    35.0s, curr speed    0.910 kHz, avg speed    0.856 kHz), accepted     2933/   30001 events ( 9.78%)
Processed    40000/  240450 entries, 16.64% (elapsed time    44.0s, curr speed    1.119 kHz, avg speed    0.910 kHz), accepted     3929/   40001 events ( 9.82%)
Processed    50000/  240450 entries, 20.79% (elapsed time    52.9s, curr speed    1.120 kHz, avg speed    0.945 kHz), accepted     4866/   50001 events ( 9.73%)
Processed    60000/  240450 entries, 24.95% (elapsed time    61.9s, curr speed    1.115 kHz, avg speed    0.970 kHz), accepted     5830/   60001 events ( 9.72%)
Processed    70000/  240450 entries, 29.11% (elapsed time    70.9s, curr speed    1.108 kHz, avg speed    0.987 kHz), accepted     6797/   70001 events ( 9.71%)
Processed    80000/  240450 entries, 33.27% (elapsed time    79.4s, curr speed    1.183 kHz, avg speed    1.008 kHz), accepted     7819/   80001 events ( 9.77%)
Processed    90000/  240450 entries, 37.43% (elapsed time    87.8s, curr speed    1.184 kHz, avg speed    1.025 kHz), accepted     8815/   90001 events ( 9.79%)
Processed   100000/  240450 entries, 41.59% (elapsed time    95.7s, curr speed    1.260 kHz, avg speed    1.044 kHz), accepted     9776/  100001 events ( 9.78%)
Processed   110000/  240450 entries, 45.75% (elapsed time   104.4s, curr speed    1.150 kHz, avg speed    1.053 kHz), accepted    10727/  110001 events ( 9.75%)
Processed   120000/  240450 entries, 49.91% (elapsed time   112.5s, curr speed    1.236 kHz, avg speed    1.066 kHz), accepted    11645/  120001 events ( 9.70%)
Processed   130000/  240450 entries, 54.07% (elapsed time   121.0s, curr speed    1.177 kHz, avg speed    1.074 kHz), accepted    12606/  130001 events ( 9.70%)
Processed   140000/  240450 entries, 58.22% (elapsed time   129.4s, curr speed    1.187 kHz, avg speed    1.082 kHz), accepted    13542/  140001 events ( 9.67%)
Processed   150000/  240450 entries, 62.38% (elapsed time   137.3s, curr speed    1.272 kHz, avg speed    1.092 kHz), accepted    14480/  150001 events ( 9.65%)
Processed   160000/  240450 entries, 66.54% (elapsed time   145.8s, curr speed    1.172 kHz, avg speed    1.097 kHz), accepted    15458/  160001 events ( 9.66%)
Processed   170000/  240450 entries, 70.70% (elapsed time   154.5s, curr speed    1.160 kHz, avg speed    1.101 kHz), accepted    16398/  170001 events ( 9.65%)
Processed   180000/  240450 entries, 74.86% (elapsed time   162.9s, curr speed    1.181 kHz, avg speed    1.105 kHz), accepted    17395/  180001 events ( 9.66%)
Processed   190000/  240450 entries, 79.02% (elapsed time   170.7s, curr speed    1.289 kHz, avg speed    1.113 kHz), accepted    18370/  190001 events ( 9.67%)
Processed   200000/  240450 entries, 83.18% (elapsed time   178.2s, curr speed    1.338 kHz, avg speed    1.123 kHz), accepted    19240/  200001 events ( 9.62%)
Processed   210000/  240450 entries, 87.34% (elapsed time   186.4s, curr speed    1.214 kHz, avg speed    1.127 kHz), accepted    20217/  210001 events ( 9.63%)
Processed   220000/  240450 entries, 91.50% (elapsed time   194.3s, curr speed    1.263 kHz, avg speed    1.132 kHz), accepted    21146/  220001 events ( 9.61%)
Processed   230000/  240450 entries, 95.65% (elapsed time   203.0s, curr speed    1.144 kHz, avg speed    1.133 kHz), accepted    22146/  230001 events ( 9.63%)
Processed   240000/  240450 entries, 99.81% (elapsed time   212.3s, curr speed    1.081 kHz, avg speed    1.130 kHz), accepted    23132/  240001 events ( 9.64%)
Processed 240450 preselected entries from /eos/cms/store/group/phys_tau/TauFW/nano/UL2017/TTTo2L2Nu_TuneCP5_13TeV-powheg-pythia8/RunIISummer19UL17NanoAODv2-106X_mc2017_realistic_v8-v1/NANOAODSIM/195A17B7-B997-2C40-8F1F-26FDC5C42DF5_skimjec_0.root (240450 entries). Finally selected 23185 entries
Total time 929.5 sec. to process 995750 events. Rate = 1071.2 Hz.
>>> cwd          = /pool/condor/dir_8553
>>> ls           = ['.chirp.config', 'condor_exec.exe', 'lvigilan.cc', 'x509_voms', '_condor_stdout', '.machine.ad', '.update.ad', '.job.ad', 'var', 'tmp', 'pico_etau_EES0p99_2.root']
>>> getstorage('/eos/home-l/lvigilan/output_ETauFR_UL17_RUN1/UL2017/etau/TTTo2L2Nu'), <EOS("/eos/home-l/lvigilan/output_ETauFR_UL17_RUN1/UL2017/etau/TTTo2L2Nu") at 0x2b9e3c626d50>
>>> Executing: 'cp ./pico_etau_EES0p99_2.root /eos/home-l/lvigilan/output_ETauFR_UL17_RUN1/UL2017/etau/TTTo2L2Nu'
>>> Removing './pico_etau_EES0p99_2.root'...
>>> picojob.py done after 967.1 seconds

Job complete at Mon Jun  7 23:16:54 CEST 2021
Took 16 minutes 11 seconds040 (2367872.002.000) 06/07 23:40:55 Finished transferring output files
...
005 (2367872.002.000) 06/07 23:40:55 Job terminated.
	(1) Normal termination (return value 0)
		Usr 0 00:10:18, Sys 0 00:00:19  -  Run Remote Usage
		Usr 0 00:00:00, Sys 0 00:00:00  -  Run Local Usage
		Usr 0 00:10:18, Sys 0 00:00:19  -  Total Remote Usage
		Usr 0 00:00:00, Sys 0 00:00:00  -  Total Local Usage
	33040  -  Run Bytes Sent By Job
	9898  -  Run Bytes Received By Job
	33040  -  Total Bytes Sent By Job
	9898  -  Total Bytes Received By Job
	Partitionable Resources :    Usage  Request Allocated 
	   Cpus                 :        0        1         1 
	   Disk (KB)            :    17168        1    274016 
	   Memory (MB)          :      279     2000      2000 

	Job terminated of its own accord at 2021-06-07T21:16:54Z.
...
