Could not find platform independent libraries <prefix>
Could not find platform dependent libraries <exec_prefix>
Consider setting $PYTHONHOME to <prefix>[:<exec_prefix>]
ImportError: No module named site
Job start at Thu Jan 21 18:34:50 CET 2021
Running job on machine Linux b7g23n6801.cern.ch 3.10.0-1127.19.1.el7.x86_64 #1 SMP Tue Aug 25 17:23:54 UTC 2020 x86_64 x86_64 x86_64 GNU/Linux, host b7g23n6801.cern.ch
============================================================
$PWD=/pool/condor/dir_19678
$JOBID=1772908
$TASKID=7
$HOSTNAME=b7g23n6801.cern.ch
$TASKCMD=/afs/cern.ch/work/l/lvigilan/TauWork/CMSSW_10_6_17_patch1/src/TauFW/PicoProducer/python/processors/picojob.py -y UL2017 -d 'mc' -c etau -M ModuleETau --copydir /eos/home-l/lvigilan/output_UL2017/UL2017/etau/W1JetsToLNu -t _etau_7 --opt 'jec=False' -i root://cms-xrd-global.cern.ch//store/mc/RunIIFall17NanoAODv6/W1JetsToLNu_TuneCP5_13TeV-madgraphMLM-pythia8/NANOAODSIM/PU2017_12Apr2018_Nano25Oct2019_102X_mc2017_realistic_v7-v1/70000/EA87D3C1-5040-E04E-8685-094DEBB855DF.root root://cms-xrd-global.cern.ch//store/mc/RunIIFall17NanoAODv6/W1JetsToLNu_TuneCP5_13TeV-madgraphMLM-pythia8/NANOAODSIM/PU2017_12Apr2018_Nano25Oct2019_102X_mc2017_realistic_v7-v1/70000/FED391AC-F2D6-0945-AA39-13CADABAEBA0.root root://cms-xrd-global.cern.ch//store/mc/RunIIFall17NanoAODv6/W1JetsToLNu_TuneCP5_13TeV-madgraphMLM-pythia8/NANOAODSIM/PU2017_12Apr2018_Nano25Oct2019_102X_mc2017_realistic_v7-v1/70000/FF908572-F577-A841-A3A4-FA99E04A2A97.root
$WORKDIR=/pool/condor/dir_19678
>>> cd /afs/cern.ch/work/l/lvigilan/TauWork/CMSSW_10_6_17_patch1/src
>>> eval `scramv1 runtime -sh`
>>> cd /pool/condor/dir_19678
$PWD=/pool/condor/dir_19678
>>> /afs/cern.ch/work/l/lvigilan/TauWork/CMSSW_10_6_17_patch1/src/TauFW/PicoProducer/python/processors/picojob.py -y UL2017 -d 'mc' -c etau -M ModuleETau --copydir /eos/home-l/lvigilan/output_UL2017/UL2017/etau/W1JetsToLNu -t _etau_7 --opt 'jec=False' -i root://cms-xrd-global.cern.ch//store/mc/RunIIFall17NanoAODv6/W1JetsToLNu_TuneCP5_13TeV-madgraphMLM-pythia8/NANOAODSIM/PU2017_12Apr2018_Nano25Oct2019_102X_mc2017_realistic_v7-v1/70000/EA87D3C1-5040-E04E-8685-094DEBB855DF.root root://cms-xrd-global.cern.ch//store/mc/RunIIFall17NanoAODv6/W1JetsToLNu_TuneCP5_13TeV-madgraphMLM-pythia8/NANOAODSIM/PU2017_12Apr2018_Nano25Oct2019_102X_mc2017_realistic_v7-v1/70000/FED391AC-F2D6-0945-AA39-13CADABAEBA0.root root://cms-xrd-global.cern.ch//store/mc/RunIIFall17NanoAODv6/W1JetsToLNu_TuneCP5_13TeV-madgraphMLM-pythia8/NANOAODSIM/PU2017_12Apr2018_Nano25Oct2019_102X_mc2017_realistic_v7-v1/70000/FF908572-F577-A841-A3A4-FA99E04A2A97.root
Error in <TGClient::TGClient>: can't open display "localhost:24.0", switching to batch mode...
 In case you run from a remote ssh session, reconnect with ssh -Y
--------------------------------------------------------------------------------
>>> era          = 'UL2017'
>>> year         = 2017
>>> channel      = 'etau'
>>> modname      = 'ModuleETau'
>>> dtype        = 'mc'
>>> kwargs       = {'dtype': 'mc', 'verb': 0, 'era': 'UL2017', 'jec': False, 'year': 2017}
>>> maxevts      = None
>>> outdir       = '.'
>>> copydir      = '/eos/home-l/lvigilan/output_UL2017/UL2017/etau/W1JetsToLNu'
>>> infiles      = ['root://cms-xrd-global.cern.ch//store/mc/RunIIFall17NanoAODv6/W1JetsToLNu_TuneCP5_13TeV-madgraphMLM-pythia8/NANOAODSIM/PU2017_12Apr2018_Nano25Oct2019_102X_mc2017_realistic_v7-v1/70000/EA87D3C1-5040-E04E-8685-094DEBB855DF.root', 'root://cms-xrd-global.cern.ch//store/mc/RunIIFall17NanoAODv6/W1JetsToLNu_TuneCP5_13TeV-madgraphMLM-pythia8/NANOAODSIM/PU2017_12Apr2018_Nano25Oct2019_102X_mc2017_realistic_v7-v1/70000/FED391AC-F2D6-0945-AA39-13CADABAEBA0.root', 'root://cms-xrd-global.cern.ch//store/mc/RunIIFall17NanoAODv6/W1JetsToLNu_TuneCP5_13TeV-madgraphMLM-pythia8/NANOAODSIM/PU2017_12Apr2018_Nano25Oct2019_102X_mc2017_realistic_v7-v1/70000/FF908572-F577-A841-A3A4-FA99E04A2A97.root']
>>> outfname     = './pico_etau_etau_7.root'
>>> branchsel    = '/afs/cern.ch/work/l/lvigilan/TauWork/CMSSW_10_6_17_patch1/python/TauFW/PicoProducer/processors/keep_and_drop_skim.txt'
>>> json         = None
>>> prefetch     = False
>>> cwd          = /pool/condor/dir_19678
--------------------------------------------------------------------------------

   ################
   #  ModuleETau  #
   ################

Loading PileupWeightTool for '/afs/cern.ch/work/l/lvigilan/TauWork/CMSSW_10_6_17_patch1/src/TauFW/PicoProducer/data/pileup/Data_PileUp_UL2017_69p2.root' and '/afs/cern.ch/work/l/lvigilan/TauWork/CMSSW_10_6_17_patch1/src/TauFW/PicoProducer/data/pileup/MC_PileUp_UL2017_Summer19.root'
Loading BTagWeightTool for DeepCSV (medium WP)...
>>> BTagTool: [1m[33mWarning! [0m[33mHistogram 'etau/eff_DeepCSV_udsg_medium' does not exist in /afs/cern.ch/work/l/lvigilan/TauWork/CMSSW_10_6_17_patch1/src/TauFW/PicoProducer/data/btag/DeepCSV_2017_12Apr2017_eff.root! Reverting to default efficiency histogram...[0m
>>> BTagTool: [1m[33mWarning! [0m[33mHistogram 'etau/eff_DeepCSV_c_medium' does not exist in /afs/cern.ch/work/l/lvigilan/TauWork/CMSSW_10_6_17_patch1/src/TauFW/PicoProducer/data/btag/DeepCSV_2017_12Apr2017_eff.root! Reverting to default efficiency histogram...[0m
>>> BTagTool: [1m[33mWarning! [0m[33mHistogram 'etau/eff_DeepCSV_b_medium' does not exist in /afs/cern.ch/work/l/lvigilan/TauWork/CMSSW_10_6_17_patch1/src/TauFW/PicoProducer/data/btag/DeepCSV_2017_12Apr2017_eff.root! Reverting to default efficiency histogram...[0m
>>> BTagTool: [1m[33mWarning! [0m[33mMade use of default efficiency histograms! The b tag weights from this module should be regarded as placeholders only,
and should NOT be used for analyses. B (mis)tag efficiencies in MC are analysis dependent. Please create your own
efficiency histogram with data/btag/getBTagEfficiencies.py after running all MC samples with BTagWeightTool.[0m
Loading TreeProducerETau for './pico_etau_etau_7.root'
--------------------------------------------------------------------------------
>>> filename     = './pico_etau_etau_7.root'
>>> year         = 2017
>>> dtype        = 'mc'
>>> channel      = 'etau'
>>> ismc         = True
>>> isdata       = False
>>> isembed      = False
>>> tes          = 1.0
>>> tessys       = None
>>> ltf          = 1.0
>>> jtf          = 1.0
>>> dotoppt      = False
>>> dozpt        = False
>>> dojec        = False
>>> dojecsys     = False
>>> dotight      = False
>>> jetCutPt     = 30
>>> bjetCutEta   = 2.7
>>> tauwp        = 0
>>> eleCutPt     = 36
>>> eleCutEta    = 2.1
>>> tauCutPt     = 20
>>> tauCutEta    = 2.3
Pre-select 2196620 entries out of 2196620 (100.00%)
Processed    10000/ 2196620 entries,  0.46% (elapsed time     4.7s, curr speed    2.125 kHz, avg speed    2.125 kHz), accepted        4/   10001 events ( 0.04%)
Processed    20000/ 2196620 entries,  0.91% (elapsed time     7.5s, curr speed    3.554 kHz, avg speed    2.660 kHz), accepted        7/   20001 events ( 0.03%)
Processed    30000/ 2196620 entries,  1.37% (elapsed time    10.1s, curr speed    3.802 kHz, avg speed    2.956 kHz), accepted        9/   30001 events ( 0.03%)
Processed    40000/ 2196620 entries,  1.82% (elapsed time    13.0s, curr speed    3.504 kHz, avg speed    3.076 kHz), accepted       11/   40001 events ( 0.03%)
Processed    50000/ 2196620 entries,  2.28% (elapsed time    15.3s, curr speed    4.329 kHz, avg speed    3.265 kHz), accepted       12/   50001 events ( 0.02%)
Processed    60000/ 2196620 entries,  2.73% (elapsed time    18.1s, curr speed    3.579 kHz, avg speed    3.314 kHz), accepted       14/   60001 events ( 0.02%)
Processed    70000/ 2196620 entries,  3.19% (elapsed time    20.8s, curr speed    3.678 kHz, avg speed    3.361 kHz), accepted       15/   70001 events ( 0.02%)
Processed    80000/ 2196620 entries,  3.64% (elapsed time    24.6s, curr speed    2.672 kHz, avg speed    3.256 kHz), accepted       23/   80001 events ( 0.03%)
Processed    90000/ 2196620 entries,  4.10% (elapsed time    27.4s, curr speed    3.587 kHz, avg speed    3.290 kHz), accepted       26/   90001 events ( 0.03%)
Processed   100000/ 2196620 entries,  4.55% (elapsed time    30.4s, curr speed    3.279 kHz, avg speed    3.289 kHz), accepted       29/  100001 events ( 0.03%)
Processed   110000/ 2196620 entries,  5.01% (elapsed time    32.8s, curr speed    4.132 kHz, avg speed    3.351 kHz), accepted       31/  110001 events ( 0.03%)
Processed   120000/ 2196620 entries,  5.46% (elapsed time    35.4s, curr speed    3.854 kHz, avg speed    3.388 kHz), accepted       32/  120001 events ( 0.03%)
Processed   130000/ 2196620 entries,  5.92% (elapsed time    38.5s, curr speed    3.301 kHz, avg speed    3.381 kHz), accepted       34/  130001 events ( 0.03%)
Processed   140000/ 2196620 entries,  6.37% (elapsed time    40.5s, curr speed    4.921 kHz, avg speed    3.458 kHz), accepted       35/  140001 events ( 0.02%)
Processed   150000/ 2196620 entries,  6.83% (elapsed time    42.9s, curr speed    4.214 kHz, avg speed    3.500 kHz), accepted       37/  150001 events ( 0.02%)
Processed   160000/ 2196620 entries,  7.28% (elapsed time    46.6s, curr speed    2.658 kHz, avg speed    3.432 kHz), accepted       40/  160001 events ( 0.02%)
Processed   170000/ 2196620 entries,  7.74% (elapsed time    48.4s, curr speed    5.612 kHz, avg speed    3.512 kHz), accepted       40/  170001 events ( 0.02%)
Processed   180000/ 2196620 entries,  8.19% (elapsed time    50.9s, curr speed    4.074 kHz, avg speed    3.539 kHz), accepted       43/  180001 events ( 0.02%)
Processed   190000/ 2196620 entries,  8.65% (elapsed time    53.9s, curr speed    3.237 kHz, avg speed    3.522 kHz), accepted       46/  190001 events ( 0.02%)
Processed   200000/ 2196620 entries,  9.10% (elapsed time    56.4s, curr speed    4.141 kHz, avg speed    3.549 kHz), accepted       47/  200001 events ( 0.02%)
Processed   210000/ 2196620 entries,  9.56% (elapsed time    59.3s, curr speed    3.402 kHz, avg speed    3.541 kHz), accepted       51/  210001 events ( 0.02%)
Processed   220000/ 2196620 entries, 10.02% (elapsed time    62.3s, curr speed    3.296 kHz, avg speed    3.529 kHz), accepted       53/  220001 events ( 0.02%)
Processed   230000/ 2196620 entries, 10.47% (elapsed time    65.2s, curr speed    3.498 kHz, avg speed    3.528 kHz), accepted       62/  230001 events ( 0.03%)
Processed   240000/ 2196620 entries, 10.93% (elapsed time    67.8s, curr speed    3.859 kHz, avg speed    3.541 kHz), accepted       66/  240001 events ( 0.03%)
Processed   250000/ 2196620 entries, 11.38% (elapsed time    70.6s, curr speed    3.543 kHz, avg speed    3.541 kHz), accepted       70/  250001 events ( 0.03%)
Processed   260000/ 2196620 entries, 11.84% (elapsed time    72.7s, curr speed    4.698 kHz, avg speed    3.575 kHz), accepted       71/  260001 events ( 0.03%)
Processed   270000/ 2196620 entries, 12.29% (elapsed time    75.1s, curr speed    4.270 kHz, avg speed    3.596 kHz), accepted       74/  270001 events ( 0.03%)
Processed   280000/ 2196620 entries, 12.75% (elapsed time    77.7s, curr speed    3.838 kHz, avg speed    3.604 kHz), accepted       77/  280001 events ( 0.03%)
Processed   290000/ 2196620 entries, 13.20% (elapsed time    81.3s, curr speed    2.770 kHz, avg speed    3.567 kHz), accepted       81/  290001 events ( 0.03%)
Processed   300000/ 2196620 entries, 13.66% (elapsed time    83.5s, curr speed    4.543 kHz, avg speed    3.593 kHz), accepted       83/  300001 events ( 0.03%)
Processed   310000/ 2196620 entries, 14.11% (elapsed time    86.3s, curr speed    3.588 kHz, avg speed    3.593 kHz), accepted       85/  310001 events ( 0.03%)
Processed   320000/ 2196620 entries, 14.57% (elapsed time    90.2s, curr speed    2.553 kHz, avg speed    3.548 kHz), accepted       88/  320001 events ( 0.03%)
Processed   330000/ 2196620 entries, 15.02% (elapsed time    92.8s, curr speed    3.773 kHz, avg speed    3.554 kHz), accepted       94/  330001 events ( 0.03%)
Processed   340000/ 2196620 entries, 15.48% (elapsed time    95.7s, curr speed    3.543 kHz, avg speed    3.554 kHz), accepted       98/  340001 events ( 0.03%)
Processed   350000/ 2196620 entries, 15.93% (elapsed time    98.4s, curr speed    3.679 kHz, avg speed    3.557 kHz), accepted       99/  350001 events ( 0.03%)
Processed   360000/ 2196620 entries, 16.39% (elapsed time   100.7s, curr speed    4.284 kHz, avg speed    3.574 kHz), accepted      102/  360001 events ( 0.03%)
Processed   370000/ 2196620 entries, 16.84% (elapsed time   103.6s, curr speed    3.420 kHz, avg speed    3.570 kHz), accepted      107/  370001 events ( 0.03%)
Processed   380000/ 2196620 entries, 17.30% (elapsed time   107.3s, curr speed    2.752 kHz, avg speed    3.542 kHz), accepted      109/  380001 events ( 0.03%)
Processed   390000/ 2196620 entries, 17.75% (elapsed time   109.5s, curr speed    4.583 kHz, avg speed    3.563 kHz), accepted      112/  390001 events ( 0.03%)
Processed   400000/ 2196620 entries, 18.21% (elapsed time   112.2s, curr speed    3.643 kHz, avg speed    3.565 kHz), accepted      117/  400001 events ( 0.03%)
Processed   410000/ 2196620 entries, 18.67% (elapsed time   115.4s, curr speed    3.094 kHz, avg speed    3.552 kHz), accepted      120/  410001 events ( 0.03%)
Processed   420000/ 2196620 entries, 19.12% (elapsed time   117.9s, curr speed    4.123 kHz, avg speed    3.563 kHz), accepted      122/  420001 events ( 0.03%)
Processed   430000/ 2196620 entries, 19.58% (elapsed time   120.3s, curr speed    4.039 kHz, avg speed    3.573 kHz), accepted      123/  430001 events ( 0.03%)
Processed   440000/ 2196620 entries, 20.03% (elapsed time   124.0s, curr speed    2.756 kHz, avg speed    3.549 kHz), accepted      128/  440001 events ( 0.03%)
Processed   450000/ 2196620 entries, 20.49% (elapsed time   126.3s, curr speed    4.275 kHz, avg speed    3.563 kHz), accepted      130/  450001 events ( 0.03%)
Processed   460000/ 2196620 entries, 20.94% (elapsed time   129.0s, curr speed    3.658 kHz, avg speed    3.565 kHz), accepted      134/  460001 events ( 0.03%)
Processed   470000/ 2196620 entries, 21.40% (elapsed time   133.1s, curr speed    2.481 kHz, avg speed    3.532 kHz), accepted      138/  470001 events ( 0.03%)
Processed   480000/ 2196620 entries, 21.85% (elapsed time   135.5s, curr speed    4.163 kHz, avg speed    3.543 kHz), accepted      142/  480001 events ( 0.03%)
Processed   490000/ 2196620 entries, 22.31% (elapsed time   137.8s, curr speed    4.292 kHz, avg speed    3.556 kHz), accepted      145/  490001 events ( 0.03%)
Processed   500000/ 2196620 entries, 22.76% (elapsed time   141.0s, curr speed    3.173 kHz, avg speed    3.547 kHz), accepted      147/  500001 events ( 0.03%)
Processed   510000/ 2196620 entries, 23.22% (elapsed time   143.7s, curr speed    3.597 kHz, avg speed    3.548 kHz), accepted      150/  510001 events ( 0.03%)
Processed   520000/ 2196620 entries, 23.67% (elapsed time   146.1s, curr speed    4.207 kHz, avg speed    3.559 kHz), accepted      153/  520001 events ( 0.03%)
Processed   530000/ 2196620 entries, 24.13% (elapsed time   148.4s, curr speed    4.430 kHz, avg speed    3.572 kHz), accepted      154/  530001 events ( 0.03%)
Processed   540000/ 2196620 entries, 24.58% (elapsed time   151.4s, curr speed    3.259 kHz, avg speed    3.566 kHz), accepted      160/  540001 events ( 0.03%)
Processed   550000/ 2196620 entries, 25.04% (elapsed time   153.9s, curr speed    4.044 kHz, avg speed    3.574 kHz), accepted      167/  550001 events ( 0.03%)
Processed   560000/ 2196620 entries, 25.49% (elapsed time   156.6s, curr speed    3.704 kHz, avg speed    3.576 kHz), accepted      170/  560001 events ( 0.03%)
Processed   570000/ 2196620 entries, 25.95% (elapsed time   160.0s, curr speed    2.913 kHz, avg speed    3.562 kHz), accepted      175/  570001 events ( 0.03%)
Processed   580000/ 2196620 entries, 26.40% (elapsed time   162.5s, curr speed    4.105 kHz, avg speed    3.570 kHz), accepted      179/  580001 events ( 0.03%)
Processed   590000/ 2196620 entries, 26.86% (elapsed time   165.4s, curr speed    3.430 kHz, avg speed    3.567 kHz), accepted      184/  590001 events ( 0.03%)
Processed   600000/ 2196620 entries, 27.31% (elapsed time   169.0s, curr speed    2.797 kHz, avg speed    3.551 kHz), accepted      187/  600001 events ( 0.03%)
Processed   610000/ 2196620 entries, 27.77% (elapsed time   171.4s, curr speed    4.104 kHz, avg speed    3.559 kHz), accepted      189/  610001 events ( 0.03%)
Processed   620000/ 2196620 entries, 28.23% (elapsed time   174.1s, curr speed    3.748 kHz, avg speed    3.562 kHz), accepted      193/  620001 events ( 0.03%)
Processed   630000/ 2196620 entries, 28.68% (elapsed time   178.0s, curr speed    2.565 kHz, avg speed    3.540 kHz), accepted      196/  630001 events ( 0.03%)
Processed   640000/ 2196620 entries, 29.14% (elapsed time   179.9s, curr speed    5.298 kHz, avg speed    3.558 kHz), accepted      200/  640001 events ( 0.03%)
Processed   650000/ 2196620 entries, 29.59% (elapsed time   182.4s, curr speed    3.866 kHz, avg speed    3.563 kHz), accepted      201/  650001 events ( 0.03%)
Processed   660000/ 2196620 entries, 30.05% (elapsed time   186.0s, curr speed    2.815 kHz, avg speed    3.548 kHz), accepted      205/  660001 events ( 0.03%)
Processed   670000/ 2196620 entries, 30.50% (elapsed time   187.5s, curr speed    6.593 kHz, avg speed    3.573 kHz), accepted      205/  670001 events ( 0.03%)
Processed   680000/ 2196620 entries, 30.96% (elapsed time   190.9s, curr speed    2.988 kHz, avg speed    3.563 kHz), accepted      208/  680001 events ( 0.03%)
Processed   690000/ 2196620 entries, 31.41% (elapsed time   193.5s, curr speed    3.725 kHz, avg speed    3.565 kHz), accepted      211/  690001 events ( 0.03%)
Processed   700000/ 2196620 entries, 31.87% (elapsed time   196.5s, curr speed    3.433 kHz, avg speed    3.563 kHz), accepted      214/  700001 events ( 0.03%)
Processed   710000/ 2196620 entries, 32.32% (elapsed time   198.9s, curr speed    4.033 kHz, avg speed    3.569 kHz), accepted      219/  710001 events ( 0.03%)
Processed   720000/ 2196620 entries, 32.78% (elapsed time   201.4s, curr speed    3.984 kHz, avg speed    3.574 kHz), accepted      221/  720001 events ( 0.03%)
Processed   730000/ 2196620 entries, 33.23% (elapsed time   204.8s, curr speed    2.960 kHz, avg speed    3.564 kHz), accepted      225/  730001 events ( 0.03%)
Processed   740000/ 2196620 entries, 33.69% (elapsed time   206.5s, curr speed    6.067 kHz, avg speed    3.584 kHz), accepted      226/  740001 events ( 0.03%)
Processed   750000/ 2196620 entries, 34.14% (elapsed time   209.3s, curr speed    3.548 kHz, avg speed    3.583 kHz), accepted      227/  750001 events ( 0.03%)
Processed   760000/ 2196620 entries, 34.60% (elapsed time   212.6s, curr speed    3.027 kHz, avg speed    3.575 kHz), accepted      233/  760001 events ( 0.03%)
Processed   770000/ 2196620 entries, 35.05% (elapsed time   214.9s, curr speed    4.368 kHz, avg speed    3.583 kHz), accepted      234/  770001 events ( 0.03%)
Processed   780000/ 2196620 entries, 35.51% (elapsed time   217.8s, curr speed    3.401 kHz, avg speed    3.581 kHz), accepted      235/  780001 events ( 0.03%)
Processed   790000/ 2196620 entries, 35.96% (elapsed time   221.1s, curr speed    3.034 kHz, avg speed    3.573 kHz), accepted      239/  790001 events ( 0.03%)
Processed   800000/ 2196620 entries, 36.42% (elapsed time   223.0s, curr speed    5.233 kHz, avg speed    3.587 kHz), accepted      243/  800001 events ( 0.03%)
Processed   810000/ 2196620 entries, 36.87% (elapsed time   226.7s, curr speed    2.706 kHz, avg speed    3.573 kHz), accepted      246/  810001 events ( 0.03%)
Processed   820000/ 2196620 entries, 37.33% (elapsed time   229.6s, curr speed    3.484 kHz, avg speed    3.571 kHz), accepted      249/  820001 events ( 0.03%)
Processed   830000/ 2196620 entries, 37.79% (elapsed time   232.3s, curr speed    3.764 kHz, avg speed    3.574 kHz), accepted      252/  830001 events ( 0.03%)
Processed   840000/ 2196620 entries, 38.24% (elapsed time   235.6s, curr speed    3.002 kHz, avg speed    3.566 kHz), accepted      257/  840001 events ( 0.03%)
Processed   850000/ 2196620 entries, 38.70% (elapsed time   239.2s, curr speed    2.738 kHz, avg speed    3.553 kHz), accepted      263/  850001 events ( 0.03%)
Processed   860000/ 2196620 entries, 39.15% (elapsed time   241.9s, curr speed    3.808 kHz, avg speed    3.556 kHz), accepted      265/  860001 events ( 0.03%)
Processed   870000/ 2196620 entries, 39.61% (elapsed time   244.3s, curr speed    4.143 kHz, avg speed    3.561 kHz), accepted      267/  870001 events ( 0.03%)
Processed   880000/ 2196620 entries, 40.06% (elapsed time   246.9s, curr speed    3.770 kHz, avg speed    3.564 kHz), accepted      269/  880001 events ( 0.03%)
Processed   890000/ 2196620 entries, 40.52% (elapsed time   250.0s, curr speed    3.261 kHz, avg speed    3.560 kHz), accepted      272/  890001 events ( 0.03%)
Processed   900000/ 2196620 entries, 40.97% (elapsed time   252.8s, curr speed    3.608 kHz, avg speed    3.561 kHz), accepted      277/  900001 events ( 0.03%)
Processed   910000/ 2196620 entries, 41.43% (elapsed time   256.3s, curr speed    2.861 kHz, avg speed    3.551 kHz), accepted      282/  910001 events ( 0.03%)
Processed   920000/ 2196620 entries, 41.88% (elapsed time   258.7s, curr speed    4.041 kHz, avg speed    3.556 kHz), accepted      288/  920001 events ( 0.03%)
Processed   930000/ 2196620 entries, 42.34% (elapsed time   261.2s, curr speed    4.137 kHz, avg speed    3.561 kHz), accepted      290/  930001 events ( 0.03%)
Processed   940000/ 2196620 entries, 42.79% (elapsed time   264.9s, curr speed    2.654 kHz, avg speed    3.548 kHz), accepted      296/  940001 events ( 0.03%)
Processed   950000/ 2196620 entries, 43.25% (elapsed time   267.3s, curr speed    4.263 kHz, avg speed    3.554 kHz), accepted      300/  950001 events ( 0.03%)
Processed   960000/ 2196620 entries, 43.70% (elapsed time   270.0s, curr speed    3.622 kHz, avg speed    3.555 kHz), accepted      303/  960001 events ( 0.03%)
Processed   970000/ 2196620 entries, 44.16% (elapsed time   272.6s, curr speed    3.838 kHz, avg speed    3.558 kHz), accepted      306/  970001 events ( 0.03%)
Processed   980000/ 2196620 entries, 44.61% (elapsed time   275.7s, curr speed    3.285 kHz, avg speed    3.555 kHz), accepted      312/  980001 events ( 0.03%)
Processed   990000/ 2196620 entries, 45.07% (elapsed time   277.4s, curr speed    5.929 kHz, avg speed    3.569 kHz), accepted      313/  990001 events ( 0.03%)
Processed  1000000/ 2196620 entries, 45.52% (elapsed time   280.0s, curr speed    3.827 kHz, avg speed    3.572 kHz), accepted      316/ 1000001 events ( 0.03%)
Processed  1010000/ 2196620 entries, 45.98% (elapsed time   282.4s, curr speed    4.170 kHz, avg speed    3.577 kHz), accepted      317/ 1010001 events ( 0.03%)
Processed  1020000/ 2196620 entries, 46.43% (elapsed time   285.0s, curr speed    3.858 kHz, avg speed    3.579 kHz), accepted      318/ 1020001 events ( 0.03%)
Processed  1030000/ 2196620 entries, 46.89% (elapsed time   289.3s, curr speed    2.335 kHz, avg speed    3.561 kHz), accepted      323/ 1030001 events ( 0.03%)
Processed  1040000/ 2196620 entries, 47.35% (elapsed time   291.9s, curr speed    3.750 kHz, avg speed    3.563 kHz), accepted      326/ 1040001 events ( 0.03%)
Processed  1050000/ 2196620 entries, 47.80% (elapsed time   294.3s, curr speed    4.261 kHz, avg speed    3.568 kHz), accepted      329/ 1050001 events ( 0.03%)
Processed  1060000/ 2196620 entries, 48.26% (elapsed time   298.5s, curr speed    2.380 kHz, avg speed    3.551 kHz), accepted      333/ 1060001 events ( 0.03%)
Processed  1070000/ 2196620 entries, 48.71% (elapsed time   301.2s, curr speed    3.624 kHz, avg speed    3.552 kHz), accepted      340/ 1070001 events ( 0.03%)
Processed  1080000/ 2196620 entries, 49.17% (elapsed time   304.0s, curr speed    3.545 kHz, avg speed    3.552 kHz), accepted      343/ 1080001 events ( 0.03%)
Processed  1090000/ 2196620 entries, 49.62% (elapsed time   307.5s, curr speed    2.880 kHz, avg speed    3.544 kHz), accepted      347/ 1090001 events ( 0.03%)
Processed  1100000/ 2196620 entries, 50.08% (elapsed time   310.3s, curr speed    3.600 kHz, avg speed    3.545 kHz), accepted      350/ 1100001 events ( 0.03%)
Processed  1110000/ 2196620 entries, 50.53% (elapsed time   313.2s, curr speed    3.389 kHz, avg speed    3.544 kHz), accepted      356/ 1110001 events ( 0.03%)
Processed  1120000/ 2196620 entries, 50.99% (elapsed time   316.5s, curr speed    3.119 kHz, avg speed    3.539 kHz), accepted      360/ 1120001 events ( 0.03%)
Processed  1130000/ 2196620 entries, 51.44% (elapsed time   319.2s, curr speed    3.691 kHz, avg speed    3.540 kHz), accepted      361/ 1130001 events ( 0.03%)
Processed  1140000/ 2196620 entries, 51.90% (elapsed time   322.7s, curr speed    2.847 kHz, avg speed    3.533 kHz), accepted      365/ 1140001 events ( 0.03%)
Processed  1150000/ 2196620 entries, 52.35% (elapsed time   324.6s, curr speed    5.290 kHz, avg speed    3.543 kHz), accepted      365/ 1150001 events ( 0.03%)
Processed  1160000/ 2196620 entries, 52.81% (elapsed time   327.4s, curr speed    3.479 kHz, avg speed    3.543 kHz), accepted      368/ 1160001 events ( 0.03%)
Processed  1170000/ 2196620 entries, 53.26% (elapsed time   329.9s, curr speed    4.004 kHz, avg speed    3.546 kHz), accepted      369/ 1170001 events ( 0.03%)
Processed  1180000/ 2196620 entries, 53.72% (elapsed time   332.5s, curr speed    3.895 kHz, avg speed    3.549 kHz), accepted      373/ 1180001 events ( 0.03%)
Processed  1190000/ 2196620 entries, 54.17% (elapsed time   336.6s, curr speed    2.445 kHz, avg speed    3.535 kHz), accepted      380/ 1190001 events ( 0.03%)
Processed  1200000/ 2196620 entries, 54.63% (elapsed time   339.2s, curr speed    3.821 kHz, avg speed    3.538 kHz), accepted      381/ 1200001 events ( 0.03%)
Processed  1210000/ 2196620 entries, 55.08% (elapsed time   342.2s, curr speed    3.392 kHz, avg speed    3.536 kHz), accepted      383/ 1210001 events ( 0.03%)
Processed  1220000/ 2196620 entries, 55.54% (elapsed time   345.9s, curr speed    2.667 kHz, avg speed    3.527 kHz), accepted      388/ 1220001 events ( 0.03%)
Processed  1230000/ 2196620 entries, 56.00% (elapsed time   347.4s, curr speed    6.750 kHz, avg speed    3.541 kHz), accepted      390/ 1230001 events ( 0.03%)
Processed  1240000/ 2196620 entries, 56.45% (elapsed time   350.2s, curr speed    3.575 kHz, avg speed    3.541 kHz), accepted      393/ 1240001 events ( 0.03%)
Processed  1250000/ 2196620 entries, 56.91% (elapsed time   352.9s, curr speed    3.634 kHz, avg speed    3.542 kHz), accepted      394/ 1250001 events ( 0.03%)
Processed  1260000/ 2196620 entries, 57.36% (elapsed time   354.7s, curr speed    5.770 kHz, avg speed    3.553 kHz), accepted      396/ 1260001 events ( 0.03%)
Processed  1270000/ 2196620 entries, 57.82% (elapsed time   357.3s, curr speed    3.840 kHz, avg speed    3.555 kHz), accepted      398/ 1270001 events ( 0.03%)
Processed  1280000/ 2196620 entries, 58.27% (elapsed time   361.1s, curr speed    2.595 kHz, avg speed    3.544 kHz), accepted      401/ 1280001 events ( 0.03%)
Processed  1290000/ 2196620 entries, 58.73% (elapsed time   364.4s, curr speed    3.028 kHz, avg speed    3.540 kHz), accepted      409/ 1290001 events ( 0.03%)
Processed  1300000/ 2196620 entries, 59.18% (elapsed time   366.7s, curr speed    4.323 kHz, avg speed    3.545 kHz), accepted      415/ 1300001 events ( 0.03%)
Processed  1310000/ 2196620 entries, 59.64% (elapsed time   369.6s, curr speed    3.523 kHz, avg speed    3.544 kHz), accepted      416/ 1310001 events ( 0.03%)
Processed  1320000/ 2196620 entries, 60.09% (elapsed time   372.3s, curr speed    3.638 kHz, avg speed    3.545 kHz), accepted      419/ 1320001 events ( 0.03%)
Processed  1330000/ 2196620 entries, 60.55% (elapsed time   374.6s, curr speed    4.393 kHz, avg speed    3.550 kHz), accepted      421/ 1330001 events ( 0.03%)
Processed  1340000/ 2196620 entries, 61.00% (elapsed time   378.0s, curr speed    2.916 kHz, avg speed    3.545 kHz), accepted      426/ 1340001 events ( 0.03%)
Processed  1350000/ 2196620 entries, 61.46% (elapsed time   381.2s, curr speed    3.137 kHz, avg speed    3.541 kHz), accepted      429/ 1350001 events ( 0.03%)
Processed  1360000/ 2196620 entries, 61.91% (elapsed time   383.7s, curr speed    4.001 kHz, avg speed    3.544 kHz), accepted      430/ 1360001 events ( 0.03%)
Processed  1370000/ 2196620 entries, 62.37% (elapsed time   387.0s, curr speed    3.098 kHz, avg speed    3.540 kHz), accepted      435/ 1370001 events ( 0.03%)
Processed  1380000/ 2196620 entries, 62.82% (elapsed time   389.6s, curr speed    3.766 kHz, avg speed    3.542 kHz), accepted      437/ 1380001 events ( 0.03%)
Processed  1390000/ 2196620 entries, 63.28% (elapsed time   392.1s, curr speed    4.097 kHz, avg speed    3.545 kHz), accepted      440/ 1390001 events ( 0.03%)
Processed  1400000/ 2196620 entries, 63.73% (elapsed time   394.9s, curr speed    3.457 kHz, avg speed    3.545 kHz), accepted      444/ 1400001 events ( 0.03%)
Processed  1410000/ 2196620 entries, 64.19% (elapsed time   398.1s, curr speed    3.172 kHz, avg speed    3.542 kHz), accepted      449/ 1410001 events ( 0.03%)
Processed  1420000/ 2196620 entries, 64.64% (elapsed time   400.4s, curr speed    4.435 kHz, avg speed    3.547 kHz), accepted      451/ 1420001 events ( 0.03%)
Processed  1430000/ 2196620 entries, 65.10% (elapsed time   403.6s, curr speed    3.081 kHz, avg speed    3.543 kHz), accepted      454/ 1430001 events ( 0.03%)
Processed  1440000/ 2196620 entries, 65.56% (elapsed time   405.6s, curr speed    4.876 kHz, avg speed    3.550 kHz), accepted      455/ 1440001 events ( 0.03%)
Processed  1450000/ 2196620 entries, 66.01% (elapsed time   407.7s, curr speed    4.865 kHz, avg speed    3.556 kHz), accepted      456/ 1450001 events ( 0.03%)
Processed  1460000/ 2196620 entries, 66.47% (elapsed time   410.5s, curr speed    3.626 kHz, avg speed    3.557 kHz), accepted      458/ 1460001 events ( 0.03%)
Processed  1470000/ 2196620 entries, 66.92% (elapsed time   413.3s, curr speed    3.481 kHz, avg speed    3.556 kHz), accepted      463/ 1470001 events ( 0.03%)
Processed  1480000/ 2196620 entries, 67.38% (elapsed time   416.5s, curr speed    3.211 kHz, avg speed    3.554 kHz), accepted      466/ 1480001 events ( 0.03%)
Processed  1490000/ 2196620 entries, 67.83% (elapsed time   419.5s, curr speed    3.228 kHz, avg speed    3.551 kHz), accepted      471/ 1490001 events ( 0.03%)
Processed  1500000/ 2196620 entries, 68.29% (elapsed time   422.3s, curr speed    3.647 kHz, avg speed    3.552 kHz), accepted      472/ 1500001 events ( 0.03%)
Processed  1510000/ 2196620 entries, 68.74% (elapsed time   425.7s, curr speed    2.974 kHz, avg speed    3.548 kHz), accepted      476/ 1510001 events ( 0.03%)
Processed  1520000/ 2196620 entries, 69.20% (elapsed time   428.2s, curr speed    3.905 kHz, avg speed    3.550 kHz), accepted      478/ 1520001 events ( 0.03%)
Processed  1530000/ 2196620 entries, 69.65% (elapsed time   431.6s, curr speed    2.993 kHz, avg speed    3.545 kHz), accepted      481/ 1530001 events ( 0.03%)
Processed  1540000/ 2196620 entries, 70.11% (elapsed time   434.8s, curr speed    3.128 kHz, avg speed    3.542 kHz), accepted      487/ 1540001 events ( 0.03%)
Processed  1550000/ 2196620 entries, 70.56% (elapsed time   437.8s, curr speed    3.293 kHz, avg speed    3.541 kHz), accepted      490/ 1550001 events ( 0.03%)
Processed  1560000/ 2196620 entries, 71.02% (elapsed time   441.0s, curr speed    3.099 kHz, avg speed    3.537 kHz), accepted      492/ 1560001 events ( 0.03%)
Processed  1570000/ 2196620 entries, 71.47% (elapsed time   444.6s, curr speed    2.776 kHz, avg speed    3.531 kHz), accepted      500/ 1570001 events ( 0.03%)
Processed  1580000/ 2196620 entries, 71.93% (elapsed time   447.0s, curr speed    4.109 kHz, avg speed    3.534 kHz), accepted      503/ 1580001 events ( 0.03%)
Processed  1590000/ 2196620 entries, 72.38% (elapsed time   450.3s, curr speed    3.077 kHz, avg speed    3.531 kHz), accepted      506/ 1590001 events ( 0.03%)
Processed  1600000/ 2196620 entries, 72.84% (elapsed time   453.8s, curr speed    2.866 kHz, avg speed    3.526 kHz), accepted      512/ 1600001 events ( 0.03%)
Processed  1610000/ 2196620 entries, 73.29% (elapsed time   456.0s, curr speed    4.500 kHz, avg speed    3.531 kHz), accepted      514/ 1610001 events ( 0.03%)
Processed  1620000/ 2196620 entries, 73.75% (elapsed time   459.2s, curr speed    3.158 kHz, avg speed    3.528 kHz), accepted      516/ 1620001 events ( 0.03%)
Processed  1630000/ 2196620 entries, 74.20% (elapsed time   461.5s, curr speed    4.278 kHz, avg speed    3.532 kHz), accepted      518/ 1630001 events ( 0.03%)
Processed  1640000/ 2196620 entries, 74.66% (elapsed time   464.4s, curr speed    3.458 kHz, avg speed    3.531 kHz), accepted      523/ 1640001 events ( 0.03%)
Processed  1650000/ 2196620 entries, 75.12% (elapsed time   467.2s, curr speed    3.629 kHz, avg speed    3.532 kHz), accepted      526/ 1650001 events ( 0.03%)
Processed  1660000/ 2196620 entries, 75.57% (elapsed time   469.7s, curr speed    3.988 kHz, avg speed    3.534 kHz), accepted      530/ 1660001 events ( 0.03%)
Processed  1670000/ 2196620 entries, 76.03% (elapsed time   472.0s, curr speed    4.385 kHz, avg speed    3.539 kHz), accepted      532/ 1670001 events ( 0.03%)
Processed  1680000/ 2196620 entries, 76.48% (elapsed time   475.4s, curr speed    2.894 kHz, avg speed    3.534 kHz), accepted      535/ 1680001 events ( 0.03%)
Processed  1690000/ 2196620 entries, 76.94% (elapsed time   478.9s, curr speed    2.827 kHz, avg speed    3.529 kHz), accepted      538/ 1690001 events ( 0.03%)
Processed  1700000/ 2196620 entries, 77.39% (elapsed time   481.4s, curr speed    4.146 kHz, avg speed    3.532 kHz), accepted      541/ 1700001 events ( 0.03%)
Processed  1710000/ 2196620 entries, 77.85% (elapsed time   484.5s, curr speed    3.177 kHz, avg speed    3.529 kHz), accepted      546/ 1710001 events ( 0.03%)
Processed  1720000/ 2196620 entries, 78.30% (elapsed time   487.1s, curr speed    3.803 kHz, avg speed    3.531 kHz), accepted      550/ 1720001 events ( 0.03%)
Processed  1730000/ 2196620 entries, 78.76% (elapsed time   490.3s, curr speed    3.108 kHz, avg speed    3.528 kHz), accepted      554/ 1730001 events ( 0.03%)
Processed  1740000/ 2196620 entries, 79.21% (elapsed time   493.4s, curr speed    3.234 kHz, avg speed    3.526 kHz), accepted      557/ 1740001 events ( 0.03%)
Processed  1750000/ 2196620 entries, 79.67% (elapsed time   496.0s, curr speed    3.868 kHz, avg speed    3.528 kHz), accepted      558/ 1750001 events ( 0.03%)
Processed  1760000/ 2196620 entries, 80.12% (elapsed time   499.1s, curr speed    3.257 kHz, avg speed    3.526 kHz), accepted      563/ 1760001 events ( 0.03%)
Processed  1770000/ 2196620 entries, 80.58% (elapsed time   502.4s, curr speed    3.022 kHz, avg speed    3.523 kHz), accepted      567/ 1770001 events ( 0.03%)
Processed  1780000/ 2196620 entries, 81.03% (elapsed time   505.9s, curr speed    2.827 kHz, avg speed    3.518 kHz), accepted      572/ 1780001 events ( 0.03%)
Processed  1790000/ 2196620 entries, 81.49% (elapsed time   508.7s, curr speed    3.591 kHz, avg speed    3.519 kHz), accepted      575/ 1790001 events ( 0.03%)
Processed  1800000/ 2196620 entries, 81.94% (elapsed time   510.5s, curr speed    5.683 kHz, avg speed    3.526 kHz), accepted      575/ 1800001 events ( 0.03%)
Processed  1810000/ 2196620 entries, 82.40% (elapsed time   514.2s, curr speed    2.666 kHz, avg speed    3.520 kHz), accepted      578/ 1810001 events ( 0.03%)
Processed  1820000/ 2196620 entries, 82.85% (elapsed time   516.0s, curr speed    5.745 kHz, avg speed    3.527 kHz), accepted      578/ 1820001 events ( 0.03%)
Processed  1830000/ 2196620 entries, 83.31% (elapsed time   519.5s, curr speed    2.827 kHz, avg speed    3.523 kHz), accepted      583/ 1830001 events ( 0.03%)
Processed  1840000/ 2196620 entries, 83.77% (elapsed time   523.2s, curr speed    2.706 kHz, avg speed    3.517 kHz), accepted      585/ 1840001 events ( 0.03%)
Processed  1850000/ 2196620 entries, 84.22% (elapsed time   525.9s, curr speed    3.712 kHz, avg speed    3.518 kHz), accepted      590/ 1850001 events ( 0.03%)
Processed  1860000/ 2196620 entries, 84.68% (elapsed time   528.2s, curr speed    4.375 kHz, avg speed    3.521 kHz), accepted      598/ 1860001 events ( 0.03%)
Processed  1870000/ 2196620 entries, 85.13% (elapsed time   531.2s, curr speed    3.352 kHz, avg speed    3.521 kHz), accepted      601/ 1870001 events ( 0.03%)
Processed  1880000/ 2196620 entries, 85.59% (elapsed time   533.9s, curr speed    3.728 kHz, avg speed    3.522 kHz), accepted      603/ 1880001 events ( 0.03%)
Processed  1890000/ 2196620 entries, 86.04% (elapsed time   536.1s, curr speed    4.500 kHz, avg speed    3.526 kHz), accepted      604/ 1890001 events ( 0.03%)
Processed  1900000/ 2196620 entries, 86.50% (elapsed time   540.0s, curr speed    2.569 kHz, avg speed    3.519 kHz), accepted      607/ 1900001 events ( 0.03%)
Processed  1910000/ 2196620 entries, 86.95% (elapsed time   542.6s, curr speed    3.837 kHz, avg speed    3.520 kHz), accepted      614/ 1910001 events ( 0.03%)
Processed  1920000/ 2196620 entries, 87.41% (elapsed time   545.0s, curr speed    4.189 kHz, avg speed    3.523 kHz), accepted      616/ 1920001 events ( 0.03%)
Processed  1930000/ 2196620 entries, 87.86% (elapsed time   548.7s, curr speed    2.643 kHz, avg speed    3.517 kHz), accepted      621/ 1930001 events ( 0.03%)
Processed  1940000/ 2196620 entries, 88.32% (elapsed time   552.2s, curr speed    2.911 kHz, avg speed    3.513 kHz), accepted      626/ 1940001 events ( 0.03%)
Processed  1950000/ 2196620 entries, 88.77% (elapsed time   555.0s, curr speed    3.549 kHz, avg speed    3.514 kHz), accepted      634/ 1950001 events ( 0.03%)
Processed  1960000/ 2196620 entries, 89.23% (elapsed time   557.7s, curr speed    3.684 kHz, avg speed    3.514 kHz), accepted      637/ 1960001 events ( 0.03%)
Processed  1970000/ 2196620 entries, 89.68% (elapsed time   560.5s, curr speed    3.592 kHz, avg speed    3.515 kHz), accepted      641/ 1970001 events ( 0.03%)
Processed  1980000/ 2196620 entries, 90.14% (elapsed time   563.8s, curr speed    3.057 kHz, avg speed    3.512 kHz), accepted      643/ 1980001 events ( 0.03%)
Processed  1990000/ 2196620 entries, 90.59% (elapsed time   566.6s, curr speed    3.489 kHz, avg speed    3.512 kHz), accepted      646/ 1990001 events ( 0.03%)
Processed  2000000/ 2196620 entries, 91.05% (elapsed time   569.8s, curr speed    3.121 kHz, avg speed    3.510 kHz), accepted      647/ 2000001 events ( 0.03%)
Processed  2010000/ 2196620 entries, 91.50% (elapsed time   572.4s, curr speed    3.950 kHz, avg speed    3.512 kHz), accepted      649/ 2010001 events ( 0.03%)
Processed  2020000/ 2196620 entries, 91.96% (elapsed time   576.0s, curr speed    2.788 kHz, avg speed    3.507 kHz), accepted      651/ 2020001 events ( 0.03%)
Processed  2030000/ 2196620 entries, 92.41% (elapsed time   579.4s, curr speed    2.912 kHz, avg speed    3.504 kHz), accepted      654/ 2030001 events ( 0.03%)
Processed  2040000/ 2196620 entries, 92.87% (elapsed time   581.8s, curr speed    4.109 kHz, avg speed    3.506 kHz), accepted      655/ 2040001 events ( 0.03%)
Processed  2050000/ 2196620 entries, 93.33% (elapsed time   585.2s, curr speed    2.947 kHz, avg speed    3.503 kHz), accepted      658/ 2050001 events ( 0.03%)
Processed  2060000/ 2196620 entries, 93.78% (elapsed time   589.5s, curr speed    2.355 kHz, avg speed    3.495 kHz), accepted      664/ 2060001 events ( 0.03%)
Processed  2070000/ 2196620 entries, 94.24% (elapsed time   591.5s, curr speed    5.000 kHz, avg speed    3.500 kHz), accepted      669/ 2070001 events ( 0.03%)
Processed  2080000/ 2196620 entries, 94.69% (elapsed time   595.9s, curr speed    2.236 kHz, avg speed    3.490 kHz), accepted      675/ 2080001 events ( 0.03%)
Processed  2090000/ 2196620 entries, 95.15% (elapsed time   599.3s, curr speed    2.950 kHz, avg speed    3.487 kHz), accepted      682/ 2090001 events ( 0.03%)
Processed  2100000/ 2196620 entries, 95.60% (elapsed time   602.1s, curr speed    3.672 kHz, avg speed    3.488 kHz), accepted      683/ 2100001 events ( 0.03%)
Processed  2110000/ 2196620 entries, 96.06% (elapsed time   604.8s, curr speed    3.663 kHz, avg speed    3.489 kHz), accepted      686/ 2110001 events ( 0.03%)
Processed  2120000/ 2196620 entries, 96.51% (elapsed time   608.3s, curr speed    2.812 kHz, avg speed    3.485 kHz), accepted      688/ 2120001 events ( 0.03%)
Processed  2130000/ 2196620 entries, 96.97% (elapsed time   610.8s, curr speed    4.026 kHz, avg speed    3.487 kHz), accepted      692/ 2130001 events ( 0.03%)
Processed  2140000/ 2196620 entries, 97.42% (elapsed time   614.4s, curr speed    2.806 kHz, avg speed    3.483 kHz), accepted      697/ 2140001 events ( 0.03%)
Processed  2150000/ 2196620 entries, 97.88% (elapsed time   617.4s, curr speed    3.353 kHz, avg speed    3.483 kHz), accepted      698/ 2150001 events ( 0.03%)
Processed  2160000/ 2196620 entries, 98.33% (elapsed time   621.0s, curr speed    2.774 kHz, avg speed    3.478 kHz), accepted      702/ 2160001 events ( 0.03%)
Processed  2170000/ 2196620 entries, 98.79% (elapsed time   622.9s, curr speed    5.173 kHz, avg speed    3.484 kHz), accepted      705/ 2170001 events ( 0.03%)
Processed  2180000/ 2196620 entries, 99.24% (elapsed time   627.3s, curr speed    2.271 kHz, avg speed    3.475 kHz), accepted      708/ 2180001 events ( 0.03%)
Processed  2190000/ 2196620 entries, 99.70% (elapsed time   631.1s, curr speed    2.664 kHz, avg speed    3.470 kHz), accepted      711/ 2190001 events ( 0.03%)
Processed 2196620 preselected entries from root://cms-xrd-global.cern.ch//store/mc/RunIIFall17NanoAODv6/W1JetsToLNu_TuneCP5_13TeV-madgraphMLM-pythia8/NANOAODSIM/PU2017_12Apr2018_Nano25Oct2019_102X_mc2017_realistic_v7-v1/70000/EA87D3C1-5040-E04E-8685-094DEBB855DF.root (2196620 entries). Finally selected 713 entries
Pre-select 1339425 entries out of 1339425 (100.00%)
Processed    10000/ 1339425 entries,  0.75% (elapsed time     5.0s, curr speed    1.990 kHz, avg speed    1.990 kHz), accepted        3/   10001 events ( 0.03%)
Processed    20000/ 1339425 entries,  1.49% (elapsed time     7.5s, curr speed    3.983 kHz, avg speed    2.654 kHz), accepted        6/   20001 events ( 0.03%)
Processed    30000/ 1339425 entries,  2.24% (elapsed time    11.3s, curr speed    2.626 kHz, avg speed    2.645 kHz), accepted       10/   30001 events ( 0.03%)
Processed    40000/ 1339425 entries,  2.99% (elapsed time    13.3s, curr speed    5.181 kHz, avg speed    3.014 kHz), accepted       10/   40001 events ( 0.02%)
Processed    50000/ 1339425 entries,  3.73% (elapsed time    16.7s, curr speed    2.899 kHz, avg speed    2.990 kHz), accepted       14/   50001 events ( 0.03%)
Processed    60000/ 1339425 entries,  4.48% (elapsed time    19.8s, curr speed    3.277 kHz, avg speed    3.034 kHz), accepted       19/   60001 events ( 0.03%)
Processed    70000/ 1339425 entries,  5.23% (elapsed time    23.6s, curr speed    2.584 kHz, avg speed    2.961 kHz), accepted       24/   70001 events ( 0.03%)
Processed    80000/ 1339425 entries,  5.97% (elapsed time    26.2s, curr speed    3.963 kHz, avg speed    3.057 kHz), accepted       25/   80001 events ( 0.03%)
Processed    90000/ 1339425 entries,  6.72% (elapsed time    29.1s, curr speed    3.434 kHz, avg speed    3.095 kHz), accepted       27/   90001 events ( 0.03%)
Processed   100000/ 1339425 entries,  7.47% (elapsed time    33.8s, curr speed    2.125 kHz, avg speed    2.960 kHz), accepted       35/  100001 events ( 0.03%)
Processed   110000/ 1339425 entries,  8.21% (elapsed time    36.3s, curr speed    3.903 kHz, avg speed    3.027 kHz), accepted       37/  110001 events ( 0.03%)
Processed   120000/ 1339425 entries,  8.96% (elapsed time    39.2s, curr speed    3.559 kHz, avg speed    3.065 kHz), accepted       40/  120001 events ( 0.03%)
Processed   130000/ 1339425 entries,  9.71% (elapsed time    42.3s, curr speed    3.148 kHz, avg speed    3.071 kHz), accepted       41/  130001 events ( 0.03%)
Processed   140000/ 1339425 entries, 10.45% (elapsed time    45.2s, curr speed    3.540 kHz, avg speed    3.100 kHz), accepted       44/  140001 events ( 0.03%)
Processed   150000/ 1339425 entries, 11.20% (elapsed time    48.3s, curr speed    3.174 kHz, avg speed    3.105 kHz), accepted       48/  150001 events ( 0.03%)
Processed   160000/ 1339425 entries, 11.95% (elapsed time    52.1s, curr speed    2.653 kHz, avg speed    3.072 kHz), accepted       52/  160001 events ( 0.03%)
Processed   170000/ 1339425 entries, 12.69% (elapsed time    55.5s, curr speed    2.887 kHz, avg speed    3.061 kHz), accepted       58/  170001 events ( 0.03%)
Processed   180000/ 1339425 entries, 13.44% (elapsed time    58.3s, curr speed    3.596 kHz, avg speed    3.086 kHz), accepted       64/  180001 events ( 0.04%)
Processed   190000/ 1339425 entries, 14.19% (elapsed time    61.8s, curr speed    2.870 kHz, avg speed    3.074 kHz), accepted       65/  190001 events ( 0.03%)
Processed   200000/ 1339425 entries, 14.93% (elapsed time    64.4s, curr speed    3.784 kHz, avg speed    3.103 kHz), accepted       70/  200001 events ( 0.03%)
Processed   210000/ 1339425 entries, 15.68% (elapsed time    66.0s, curr speed    6.654 kHz, avg speed    3.184 kHz), accepted       70/  210001 events ( 0.03%)
Processed   220000/ 1339425 entries, 16.42% (elapsed time    70.3s, curr speed    2.317 kHz, avg speed    3.131 kHz), accepted       75/  220001 events ( 0.03%)
Processed   230000/ 1339425 entries, 17.17% (elapsed time    73.7s, curr speed    2.872 kHz, avg speed    3.119 kHz), accepted       80/  230001 events ( 0.03%)
Processed   240000/ 1339425 entries, 17.92% (elapsed time    76.4s, curr speed    3.725 kHz, avg speed    3.140 kHz), accepted       83/  240001 events ( 0.03%)
Processed   250000/ 1339425 entries, 18.66% (elapsed time    79.8s, curr speed    2.957 kHz, avg speed    3.132 kHz), accepted       91/  250001 events ( 0.04%)
Processed   260000/ 1339425 entries, 19.41% (elapsed time    83.0s, curr speed    3.109 kHz, avg speed    3.131 kHz), accepted       94/  260001 events ( 0.04%)
Processed   270000/ 1339425 entries, 20.16% (elapsed time    84.7s, curr speed    6.030 kHz, avg speed    3.188 kHz), accepted       94/  270001 events ( 0.03%)
Processed   280000/ 1339425 entries, 20.90% (elapsed time    88.0s, curr speed    3.059 kHz, avg speed    3.183 kHz), accepted       96/  280001 events ( 0.03%)
Processed   290000/ 1339425 entries, 21.65% (elapsed time    91.3s, curr speed    3.000 kHz, avg speed    3.177 kHz), accepted       99/  290001 events ( 0.03%)
Processed   300000/ 1339425 entries, 22.40% (elapsed time    94.8s, curr speed    2.845 kHz, avg speed    3.164 kHz), accepted      101/  300001 events ( 0.03%)
Processed   310000/ 1339425 entries, 23.14% (elapsed time    98.1s, curr speed    3.080 kHz, avg speed    3.162 kHz), accepted      105/  310001 events ( 0.03%)
Processed   320000/ 1339425 entries, 23.89% (elapsed time   101.3s, curr speed    3.095 kHz, avg speed    3.159 kHz), accepted      109/  320001 events ( 0.03%)
Processed   330000/ 1339425 entries, 24.64% (elapsed time   104.8s, curr speed    2.826 kHz, avg speed    3.148 kHz), accepted      115/  330001 events ( 0.03%)
Processed   340000/ 1339425 entries, 25.38% (elapsed time   107.2s, curr speed    4.255 kHz, avg speed    3.172 kHz), accepted      116/  340001 events ( 0.03%)
Processed   350000/ 1339425 entries, 26.13% (elapsed time   110.0s, curr speed    3.518 kHz, avg speed    3.181 kHz), accepted      117/  350001 events ( 0.03%)
Processed   360000/ 1339425 entries, 26.88% (elapsed time   112.5s, curr speed    4.070 kHz, avg speed    3.201 kHz), accepted      118/  360001 events ( 0.03%)
Processed   370000/ 1339425 entries, 27.62% (elapsed time   115.1s, curr speed    3.858 kHz, avg speed    3.216 kHz), accepted      120/  370001 events ( 0.03%)
Processed   380000/ 1339425 entries, 28.37% (elapsed time   119.0s, curr speed    2.551 kHz, avg speed    3.194 kHz), accepted      126/  380001 events ( 0.03%)
Processed   390000/ 1339425 entries, 29.12% (elapsed time   121.9s, curr speed    3.389 kHz, avg speed    3.198 kHz), accepted      129/  390001 events ( 0.03%)
Processed   400000/ 1339425 entries, 29.86% (elapsed time   125.1s, curr speed    3.190 kHz, avg speed    3.198 kHz), accepted      135/  400001 events ( 0.03%)
Processed   410000/ 1339425 entries, 30.61% (elapsed time   128.3s, curr speed    3.096 kHz, avg speed    3.196 kHz), accepted      141/  410001 events ( 0.03%)
Processed   420000/ 1339425 entries, 31.36% (elapsed time   132.0s, curr speed    2.675 kHz, avg speed    3.181 kHz), accepted      144/  420001 events ( 0.03%)
Processed   430000/ 1339425 entries, 32.10% (elapsed time   134.5s, curr speed    3.987 kHz, avg speed    3.196 kHz), accepted      146/  430001 events ( 0.03%)
Processed   440000/ 1339425 entries, 32.85% (elapsed time   137.1s, curr speed    3.859 kHz, avg speed    3.208 kHz), accepted      146/  440001 events ( 0.03%)
Processed   450000/ 1339425 entries, 33.60% (elapsed time   140.0s, curr speed    3.466 kHz, avg speed    3.214 kHz), accepted      150/  450001 events ( 0.03%)
Processed   460000/ 1339425 entries, 34.34% (elapsed time   142.8s, curr speed    3.577 kHz, avg speed    3.221 kHz), accepted      152/  460001 events ( 0.03%)
Processed   470000/ 1339425 entries, 35.09% (elapsed time   146.2s, curr speed    2.967 kHz, avg speed    3.215 kHz), accepted      154/  470001 events ( 0.03%)
Processed   480000/ 1339425 entries, 35.84% (elapsed time   150.0s, curr speed    2.635 kHz, avg speed    3.200 kHz), accepted      158/  480001 events ( 0.03%)
Processed   490000/ 1339425 entries, 36.58% (elapsed time   153.0s, curr speed    3.329 kHz, avg speed    3.203 kHz), accepted      162/  490001 events ( 0.03%)
Processed   500000/ 1339425 entries, 37.33% (elapsed time   155.9s, curr speed    3.486 kHz, avg speed    3.208 kHz), accepted      164/  500001 events ( 0.03%)
Processed   510000/ 1339425 entries, 38.08% (elapsed time   159.5s, curr speed    2.777 kHz, avg speed    3.198 kHz), accepted      166/  510001 events ( 0.03%)
Processed   520000/ 1339425 entries, 38.82% (elapsed time   162.1s, curr speed    3.721 kHz, avg speed    3.207 kHz), accepted      168/  520001 events ( 0.03%)
Processed   530000/ 1339425 entries, 39.57% (elapsed time   164.8s, curr speed    3.796 kHz, avg speed    3.216 kHz), accepted      172/  530001 events ( 0.03%)
Processed   540000/ 1339425 entries, 40.32% (elapsed time   167.6s, curr speed    3.607 kHz, avg speed    3.223 kHz), accepted      174/  540001 events ( 0.03%)
Processed   550000/ 1339425 entries, 41.06% (elapsed time   170.1s, curr speed    3.875 kHz, avg speed    3.233 kHz), accepted      177/  550001 events ( 0.03%)
Processed   560000/ 1339425 entries, 41.81% (elapsed time   173.3s, curr speed    3.145 kHz, avg speed    3.231 kHz), accepted      181/  560001 events ( 0.03%)
Processed   570000/ 1339425 entries, 42.56% (elapsed time   176.7s, curr speed    2.988 kHz, avg speed    3.227 kHz), accepted      189/  570001 events ( 0.03%)
Processed   580000/ 1339425 entries, 43.30% (elapsed time   179.9s, curr speed    3.107 kHz, avg speed    3.224 kHz), accepted      193/  580001 events ( 0.03%)
Processed   590000/ 1339425 entries, 44.05% (elapsed time   182.8s, curr speed    3.366 kHz, avg speed    3.227 kHz), accepted      197/  590001 events ( 0.03%)
Processed   600000/ 1339425 entries, 44.80% (elapsed time   186.3s, curr speed    2.880 kHz, avg speed    3.220 kHz), accepted      200/  600001 events ( 0.03%)
Processed   610000/ 1339425 entries, 45.54% (elapsed time   188.2s, curr speed    5.205 kHz, avg speed    3.241 kHz), accepted      202/  610001 events ( 0.03%)
Processed   620000/ 1339425 entries, 46.29% (elapsed time   191.0s, curr speed    3.622 kHz, avg speed    3.246 kHz), accepted      203/  620001 events ( 0.03%)
Processed   630000/ 1339425 entries, 47.04% (elapsed time   194.4s, curr speed    2.926 kHz, avg speed    3.240 kHz), accepted      205/  630001 events ( 0.03%)
Processed   640000/ 1339425 entries, 47.78% (elapsed time   197.6s, curr speed    3.175 kHz, avg speed    3.239 kHz), accepted      210/  640001 events ( 0.03%)
Processed   650000/ 1339425 entries, 48.53% (elapsed time   199.1s, curr speed    6.529 kHz, avg speed    3.265 kHz), accepted      211/  650001 events ( 0.03%)
Processed   660000/ 1339425 entries, 49.27% (elapsed time   203.0s, curr speed    2.584 kHz, avg speed    3.252 kHz), accepted      214/  660001 events ( 0.03%)
Processed   670000/ 1339425 entries, 50.02% (elapsed time   205.2s, curr speed    4.556 kHz, avg speed    3.266 kHz), accepted      215/  670001 events ( 0.03%)
Processed   680000/ 1339425 entries, 50.77% (elapsed time   208.7s, curr speed    2.854 kHz, avg speed    3.259 kHz), accepted      220/  680001 events ( 0.03%)
Processed   690000/ 1339425 entries, 51.51% (elapsed time   212.3s, curr speed    2.747 kHz, avg speed    3.250 kHz), accepted      227/  690001 events ( 0.03%)
Processed   700000/ 1339425 entries, 52.26% (elapsed time   215.6s, curr speed    3.079 kHz, avg speed    3.247 kHz), accepted      230/  700001 events ( 0.03%)
Processed   710000/ 1339425 entries, 53.01% (elapsed time   219.1s, curr speed    2.799 kHz, avg speed    3.240 kHz), accepted      236/  710001 events ( 0.03%)
Processed   720000/ 1339425 entries, 53.75% (elapsed time   222.7s, curr speed    2.832 kHz, avg speed    3.234 kHz), accepted      239/  720001 events ( 0.03%)
Processed   730000/ 1339425 entries, 54.50% (elapsed time   226.4s, curr speed    2.642 kHz, avg speed    3.224 kHz), accepted      243/  730001 events ( 0.03%)
Processed   740000/ 1339425 entries, 55.25% (elapsed time   228.3s, curr speed    5.429 kHz, avg speed    3.242 kHz), accepted      246/  740001 events ( 0.03%)
Processed   750000/ 1339425 entries, 55.99% (elapsed time   231.2s, curr speed    3.432 kHz, avg speed    3.244 kHz), accepted      248/  750001 events ( 0.03%)
Processed   760000/ 1339425 entries, 56.74% (elapsed time   235.3s, curr speed    2.412 kHz, avg speed    3.229 kHz), accepted      253/  760001 events ( 0.03%)
Processed   770000/ 1339425 entries, 57.49% (elapsed time   237.5s, curr speed    4.751 kHz, avg speed    3.243 kHz), accepted      256/  770001 events ( 0.03%)
Processed   780000/ 1339425 entries, 58.23% (elapsed time   240.5s, curr speed    3.322 kHz, avg speed    3.244 kHz), accepted      264/  780001 events ( 0.03%)
Processed   790000/ 1339425 entries, 58.98% (elapsed time   244.3s, curr speed    2.586 kHz, avg speed    3.233 kHz), accepted      269/  790001 events ( 0.03%)
Processed   800000/ 1339425 entries, 59.73% (elapsed time   246.6s, curr speed    4.421 kHz, avg speed    3.244 kHz), accepted      272/  800001 events ( 0.03%)
Processed   810000/ 1339425 entries, 60.47% (elapsed time   249.9s, curr speed    3.044 kHz, avg speed    3.242 kHz), accepted      277/  810001 events ( 0.03%)
Processed   820000/ 1339425 entries, 61.22% (elapsed time   254.6s, curr speed    2.134 kHz, avg speed    3.221 kHz), accepted      283/  820001 events ( 0.03%)
Processed   830000/ 1339425 entries, 61.97% (elapsed time   257.7s, curr speed    3.233 kHz, avg speed    3.221 kHz), accepted      289/  830001 events ( 0.03%)
Processed   840000/ 1339425 entries, 62.71% (elapsed time   260.8s, curr speed    3.183 kHz, avg speed    3.221 kHz), accepted      292/  840001 events ( 0.03%)
Processed   850000/ 1339425 entries, 63.46% (elapsed time   264.0s, curr speed    3.105 kHz, avg speed    3.219 kHz), accepted      295/  850001 events ( 0.03%)
Processed   860000/ 1339425 entries, 64.21% (elapsed time   267.5s, curr speed    2.885 kHz, avg speed    3.215 kHz), accepted      301/  860001 events ( 0.03%)
Processed   870000/ 1339425 entries, 64.95% (elapsed time   270.3s, curr speed    3.574 kHz, avg speed    3.219 kHz), accepted      302/  870001 events ( 0.03%)
Processed   880000/ 1339425 entries, 65.70% (elapsed time   273.6s, curr speed    3.059 kHz, avg speed    3.217 kHz), accepted      305/  880001 events ( 0.03%)
Processed   890000/ 1339425 entries, 66.45% (elapsed time   276.2s, curr speed    3.719 kHz, avg speed    3.222 kHz), accepted      307/  890001 events ( 0.03%)
Processed   900000/ 1339425 entries, 67.19% (elapsed time   280.0s, curr speed    2.689 kHz, avg speed    3.215 kHz), accepted      310/  900001 events ( 0.03%)
Processed   910000/ 1339425 entries, 67.94% (elapsed time   282.8s, curr speed    3.482 kHz, avg speed    3.217 kHz), accepted      313/  910001 events ( 0.03%)
Processed   920000/ 1339425 entries, 68.69% (elapsed time   284.7s, curr speed    5.257 kHz, avg speed    3.231 kHz), accepted      313/  920001 events ( 0.03%)
Processed   930000/ 1339425 entries, 69.43% (elapsed time   287.5s, curr speed    3.572 kHz, avg speed    3.234 kHz), accepted      317/  930001 events ( 0.03%)
Processed   940000/ 1339425 entries, 70.18% (elapsed time   290.9s, curr speed    2.997 kHz, avg speed    3.232 kHz), accepted      321/  940001 events ( 0.03%)
Processed   950000/ 1339425 entries, 70.93% (elapsed time   293.3s, curr speed    4.199 kHz, avg speed    3.240 kHz), accepted      323/  950001 events ( 0.03%)
Processed   960000/ 1339425 entries, 71.67% (elapsed time   296.1s, curr speed    3.473 kHz, avg speed    3.242 kHz), accepted      326/  960001 events ( 0.03%)
Processed   970000/ 1339425 entries, 72.42% (elapsed time   299.0s, curr speed    3.524 kHz, avg speed    3.244 kHz), accepted      330/  970001 events ( 0.03%)
Processed   980000/ 1339425 entries, 73.17% (elapsed time   302.8s, curr speed    2.584 kHz, avg speed    3.236 kHz), accepted      334/  980001 events ( 0.03%)
Processed   990000/ 1339425 entries, 73.91% (elapsed time   304.7s, curr speed    5.314 kHz, avg speed    3.249 kHz), accepted      334/  990001 events ( 0.03%)
Processed  1000000/ 1339425 entries, 74.66% (elapsed time   308.7s, curr speed    2.538 kHz, avg speed    3.240 kHz), accepted      338/ 1000001 events ( 0.03%)
Processed  1010000/ 1339425 entries, 75.41% (elapsed time   311.9s, curr speed    3.054 kHz, avg speed    3.238 kHz), accepted      345/ 1010001 events ( 0.03%)
Processed  1020000/ 1339425 entries, 76.15% (elapsed time   314.4s, curr speed    3.982 kHz, avg speed    3.244 kHz), accepted      346/ 1020001 events ( 0.03%)
Processed  1030000/ 1339425 entries, 76.90% (elapsed time   317.9s, curr speed    2.859 kHz, avg speed    3.240 kHz), accepted      348/ 1030001 events ( 0.03%)
Processed  1040000/ 1339425 entries, 77.65% (elapsed time   321.8s, curr speed    2.625 kHz, avg speed    3.232 kHz), accepted      352/ 1040001 events ( 0.03%)
Processed  1050000/ 1339425 entries, 78.39% (elapsed time   323.3s, curr speed    6.485 kHz, avg speed    3.248 kHz), accepted      355/ 1050001 events ( 0.03%)
Processed  1060000/ 1339425 entries, 79.14% (elapsed time   325.1s, curr speed    5.534 kHz, avg speed    3.261 kHz), accepted      355/ 1060001 events ( 0.03%)
Processed  1070000/ 1339425 entries, 79.89% (elapsed time   327.3s, curr speed    4.607 kHz, avg speed    3.269 kHz), accepted      355/ 1070001 events ( 0.03%)
Processed  1080000/ 1339425 entries, 80.63% (elapsed time   330.9s, curr speed    2.768 kHz, avg speed    3.264 kHz), accepted      366/ 1080001 events ( 0.03%)
Processed  1090000/ 1339425 entries, 81.38% (elapsed time   333.6s, curr speed    3.654 kHz, avg speed    3.267 kHz), accepted      374/ 1090001 events ( 0.03%)
Processed  1100000/ 1339425 entries, 82.12% (elapsed time   336.4s, curr speed    3.572 kHz, avg speed    3.270 kHz), accepted      375/ 1100001 events ( 0.03%)
Processed  1110000/ 1339425 entries, 82.87% (elapsed time   339.8s, curr speed    2.969 kHz, avg speed    3.267 kHz), accepted      379/ 1110001 events ( 0.03%)
Processed  1120000/ 1339425 entries, 83.62% (elapsed time   342.8s, curr speed    3.350 kHz, avg speed    3.267 kHz), accepted      382/ 1120001 events ( 0.03%)
Processed  1130000/ 1339425 entries, 84.36% (elapsed time   347.7s, curr speed    2.021 kHz, avg speed    3.250 kHz), accepted      385/ 1130001 events ( 0.03%)
Processed  1140000/ 1339425 entries, 85.11% (elapsed time   350.6s, curr speed    3.454 kHz, avg speed    3.251 kHz), accepted      389/ 1140001 events ( 0.03%)
Processed  1150000/ 1339425 entries, 85.86% (elapsed time   353.1s, curr speed    3.989 kHz, avg speed    3.257 kHz), accepted      391/ 1150001 events ( 0.03%)
Processed  1160000/ 1339425 entries, 86.60% (elapsed time   357.0s, curr speed    2.549 kHz, avg speed    3.249 kHz), accepted      395/ 1160001 events ( 0.03%)
Processed  1170000/ 1339425 entries, 87.35% (elapsed time   359.0s, curr speed    5.020 kHz, avg speed    3.259 kHz), accepted      395/ 1170001 events ( 0.03%)
Processed  1180000/ 1339425 entries, 88.10% (elapsed time   362.0s, curr speed    3.411 kHz, avg speed    3.260 kHz), accepted      396/ 1180001 events ( 0.03%)
Processed  1190000/ 1339425 entries, 88.84% (elapsed time   365.1s, curr speed    3.196 kHz, avg speed    3.259 kHz), accepted      399/ 1190001 events ( 0.03%)
Processed  1200000/ 1339425 entries, 89.59% (elapsed time   368.5s, curr speed    2.953 kHz, avg speed    3.257 kHz), accepted      404/ 1200001 events ( 0.03%)
Processed  1210000/ 1339425 entries, 90.34% (elapsed time   371.1s, curr speed    3.816 kHz, avg speed    3.261 kHz), accepted      406/ 1210001 events ( 0.03%)
Processed  1220000/ 1339425 entries, 91.08% (elapsed time   374.4s, curr speed    3.016 kHz, avg speed    3.258 kHz), accepted      409/ 1220001 events ( 0.03%)
Processed  1230000/ 1339425 entries, 91.83% (elapsed time   378.5s, curr speed    2.440 kHz, avg speed    3.250 kHz), accepted      412/ 1230001 events ( 0.03%)
Processed  1240000/ 1339425 entries, 92.58% (elapsed time   381.0s, curr speed    3.992 kHz, avg speed    3.254 kHz), accepted      416/ 1240001 events ( 0.03%)
Processed  1250000/ 1339425 entries, 93.32% (elapsed time   384.0s, curr speed    3.306 kHz, avg speed    3.255 kHz), accepted      424/ 1250001 events ( 0.03%)
Processed  1260000/ 1339425 entries, 94.07% (elapsed time   386.3s, curr speed    4.544 kHz, avg speed    3.262 kHz), accepted      424/ 1260001 events ( 0.03%)
Processed  1270000/ 1339425 entries, 94.82% (elapsed time   388.0s, curr speed    5.661 kHz, avg speed    3.273 kHz), accepted      424/ 1270001 events ( 0.03%)
Processed  1280000/ 1339425 entries, 95.56% (elapsed time   391.8s, curr speed    2.613 kHz, avg speed    3.267 kHz), accepted      427/ 1280001 events ( 0.03%)
Processed  1290000/ 1339425 entries, 96.31% (elapsed time   395.1s, curr speed    3.075 kHz, avg speed    3.265 kHz), accepted      430/ 1290001 events ( 0.03%)
Processed  1300000/ 1339425 entries, 97.06% (elapsed time   399.1s, curr speed    2.505 kHz, avg speed    3.257 kHz), accepted      434/ 1300001 events ( 0.03%)
Processed  1310000/ 1339425 entries, 97.80% (elapsed time   401.8s, curr speed    3.746 kHz, avg speed    3.261 kHz), accepted      436/ 1310001 events ( 0.03%)
Processed  1320000/ 1339425 entries, 98.55% (elapsed time   405.3s, curr speed    2.796 kHz, avg speed    3.257 kHz), accepted      439/ 1320001 events ( 0.03%)
Processed  1330000/ 1339425 entries, 99.30% (elapsed time   408.7s, curr speed    3.014 kHz, avg speed    3.255 kHz), accepted      443/ 1330001 events ( 0.03%)
Processed 1339425 preselected entries from root://cms-xrd-global.cern.ch//store/mc/RunIIFall17NanoAODv6/W1JetsToLNu_TuneCP5_13TeV-madgraphMLM-pythia8/NANOAODSIM/PU2017_12Apr2018_Nano25Oct2019_102X_mc2017_realistic_v7-v1/70000/FED391AC-F2D6-0945-AA39-13CADABAEBA0.root (1339425 entries). Finally selected 449 entries
Pre-select 1694261 entries out of 1694261 (100.00%)
Processed    10000/ 1694261 entries,  0.59% (elapsed time     5.3s, curr speed    1.886 kHz, avg speed    1.886 kHz), accepted        2/   10001 events ( 0.02%)
Processed    20000/ 1694261 entries,  1.18% (elapsed time     7.6s, curr speed    4.391 kHz, avg speed    2.638 kHz), accepted        4/   20001 events ( 0.02%)
Processed    30000/ 1694261 entries,  1.77% (elapsed time    10.3s, curr speed    3.671 kHz, avg speed    2.911 kHz), accepted        6/   30001 events ( 0.02%)
Processed    40000/ 1694261 entries,  2.36% (elapsed time    13.6s, curr speed    3.022 kHz, avg speed    2.938 kHz), accepted       11/   40001 events ( 0.03%)
Processed    50000/ 1694261 entries,  2.95% (elapsed time    16.6s, curr speed    3.394 kHz, avg speed    3.019 kHz), accepted       17/   50001 events ( 0.03%)
Processed    60000/ 1694261 entries,  3.54% (elapsed time    18.9s, curr speed    4.294 kHz, avg speed    3.176 kHz), accepted       18/   60001 events ( 0.03%)
Processed    70000/ 1694261 entries,  4.13% (elapsed time    22.9s, curr speed    2.486 kHz, avg speed    3.055 kHz), accepted       22/   70001 events ( 0.03%)
Processed    80000/ 1694261 entries,  4.72% (elapsed time    25.6s, curr speed    3.720 kHz, avg speed    3.125 kHz), accepted       25/   80001 events ( 0.03%)
Processed    90000/ 1694261 entries,  5.31% (elapsed time    28.1s, curr speed    3.983 kHz, avg speed    3.202 kHz), accepted       27/   90001 events ( 0.03%)
Processed   100000/ 1694261 entries,  5.90% (elapsed time    31.0s, curr speed    3.482 kHz, avg speed    3.228 kHz), accepted       30/  100001 events ( 0.03%)
Processed   110000/ 1694261 entries,  6.49% (elapsed time    34.2s, curr speed    3.081 kHz, avg speed    3.214 kHz), accepted       32/  110001 events ( 0.03%)
Processed   120000/ 1694261 entries,  7.08% (elapsed time    37.2s, curr speed    3.355 kHz, avg speed    3.225 kHz), accepted       36/  120001 events ( 0.03%)
Processed   130000/ 1694261 entries,  7.67% (elapsed time    39.2s, curr speed    4.944 kHz, avg speed    3.314 kHz), accepted       36/  130001 events ( 0.03%)
Processed   140000/ 1694261 entries,  8.26% (elapsed time    43.1s, curr speed    2.586 kHz, avg speed    3.248 kHz), accepted       45/  140001 events ( 0.03%)
Processed   150000/ 1694261 entries,  8.85% (elapsed time    46.4s, curr speed    3.005 kHz, avg speed    3.231 kHz), accepted       47/  150001 events ( 0.03%)
Processed   160000/ 1694261 entries,  9.44% (elapsed time    48.6s, curr speed    4.540 kHz, avg speed    3.290 kHz), accepted       48/  160001 events ( 0.03%)
Processed   170000/ 1694261 entries, 10.03% (elapsed time    51.9s, curr speed    3.086 kHz, avg speed    3.277 kHz), accepted       54/  170001 events ( 0.03%)
Processed   180000/ 1694261 entries, 10.62% (elapsed time    53.8s, curr speed    5.063 kHz, avg speed    3.343 kHz), accepted       55/  180001 events ( 0.03%)
Processed   190000/ 1694261 entries, 11.21% (elapsed time    57.5s, curr speed    2.721 kHz, avg speed    3.303 kHz), accepted       60/  190001 events ( 0.03%)
Processed   200000/ 1694261 entries, 11.80% (elapsed time    60.0s, curr speed    4.070 kHz, avg speed    3.335 kHz), accepted       62/  200001 events ( 0.03%)
Processed   210000/ 1694261 entries, 12.39% (elapsed time    63.0s, curr speed    3.333 kHz, avg speed    3.334 kHz), accepted       64/  210001 events ( 0.03%)
Processed   220000/ 1694261 entries, 12.99% (elapsed time    66.6s, curr speed    2.736 kHz, avg speed    3.302 kHz), accepted       66/  220001 events ( 0.03%)
Processed   230000/ 1694261 entries, 13.58% (elapsed time    68.3s, curr speed    6.103 kHz, avg speed    3.369 kHz), accepted       66/  230001 events ( 0.03%)
Processed   240000/ 1694261 entries, 14.17% (elapsed time    72.6s, curr speed    2.309 kHz, avg speed    3.306 kHz), accepted       69/  240001 events ( 0.03%)
Processed   250000/ 1694261 entries, 14.76% (elapsed time    76.7s, curr speed    2.425 kHz, avg speed    3.258 kHz), accepted       74/  250001 events ( 0.03%)
Processed   260000/ 1694261 entries, 15.35% (elapsed time    79.9s, curr speed    3.131 kHz, avg speed    3.253 kHz), accepted       77/  260001 events ( 0.03%)
Processed   270000/ 1694261 entries, 15.94% (elapsed time    83.1s, curr speed    3.121 kHz, avg speed    3.248 kHz), accepted       80/  270001 events ( 0.03%)
Processed   280000/ 1694261 entries, 16.53% (elapsed time    86.4s, curr speed    3.016 kHz, avg speed    3.239 kHz), accepted       81/  280001 events ( 0.03%)
Processed   290000/ 1694261 entries, 17.12% (elapsed time    89.9s, curr speed    2.870 kHz, avg speed    3.225 kHz), accepted       83/  290001 events ( 0.03%)
Processed   300000/ 1694261 entries, 17.71% (elapsed time    92.6s, curr speed    3.740 kHz, avg speed    3.240 kHz), accepted       86/  300001 events ( 0.03%)
Processed   310000/ 1694261 entries, 18.30% (elapsed time    96.3s, curr speed    2.725 kHz, avg speed    3.220 kHz), accepted       89/  310001 events ( 0.03%)
Processed   320000/ 1694261 entries, 18.89% (elapsed time    99.1s, curr speed    3.557 kHz, avg speed    3.230 kHz), accepted       91/  320001 events ( 0.03%)
Processed   330000/ 1694261 entries, 19.48% (elapsed time   103.0s, curr speed    2.527 kHz, avg speed    3.203 kHz), accepted       95/  330001 events ( 0.03%)
Processed   340000/ 1694261 entries, 20.07% (elapsed time   107.3s, curr speed    2.364 kHz, avg speed    3.170 kHz), accepted       99/  340001 events ( 0.03%)
Processed   350000/ 1694261 entries, 20.66% (elapsed time   111.1s, curr speed    2.594 kHz, avg speed    3.150 kHz), accepted      102/  350001 events ( 0.03%)
Processed   360000/ 1694261 entries, 21.25% (elapsed time   114.2s, curr speed    3.290 kHz, avg speed    3.153 kHz), accepted      106/  360001 events ( 0.03%)
Processed   370000/ 1694261 entries, 21.84% (elapsed time   117.4s, curr speed    3.107 kHz, avg speed    3.152 kHz), accepted      108/  370001 events ( 0.03%)
Processed   380000/ 1694261 entries, 22.43% (elapsed time   121.1s, curr speed    2.688 kHz, avg speed    3.138 kHz), accepted      114/  380001 events ( 0.03%)
Processed   390000/ 1694261 entries, 23.02% (elapsed time   123.0s, curr speed    5.241 kHz, avg speed    3.170 kHz), accepted      114/  390001 events ( 0.03%)
Processed   400000/ 1694261 entries, 23.61% (elapsed time   126.9s, curr speed    2.570 kHz, avg speed    3.152 kHz), accepted      117/  400001 events ( 0.03%)
Processed   410000/ 1694261 entries, 24.20% (elapsed time   129.6s, curr speed    3.697 kHz, avg speed    3.163 kHz), accepted      119/  410001 events ( 0.03%)
Processed   420000/ 1694261 entries, 24.79% (elapsed time   133.0s, curr speed    2.918 kHz, avg speed    3.157 kHz), accepted      122/  420001 events ( 0.03%)
Processed   430000/ 1694261 entries, 25.38% (elapsed time   137.3s, curr speed    2.372 kHz, avg speed    3.133 kHz), accepted      127/  430001 events ( 0.03%)
Processed   440000/ 1694261 entries, 25.97% (elapsed time   140.3s, curr speed    3.227 kHz, avg speed    3.135 kHz), accepted      130/  440001 events ( 0.03%)
Processed   450000/ 1694261 entries, 26.56% (elapsed time   142.9s, curr speed    3.869 kHz, avg speed    3.148 kHz), accepted      132/  450001 events ( 0.03%)
Processed   460000/ 1694261 entries, 27.15% (elapsed time   146.7s, curr speed    2.640 kHz, avg speed    3.135 kHz), accepted      138/  460001 events ( 0.03%)
Processed   470000/ 1694261 entries, 27.74% (elapsed time   148.6s, curr speed    5.331 kHz, avg speed    3.163 kHz), accepted      138/  470001 events ( 0.03%)
Processed   480000/ 1694261 entries, 28.33% (elapsed time   151.8s, curr speed    3.082 kHz, avg speed    3.161 kHz), accepted      145/  480001 events ( 0.03%)
Processed   490000/ 1694261 entries, 28.92% (elapsed time   154.3s, curr speed    4.119 kHz, avg speed    3.176 kHz), accepted      145/  490001 events ( 0.03%)
Processed   500000/ 1694261 entries, 29.51% (elapsed time   157.5s, curr speed    3.096 kHz, avg speed    3.175 kHz), accepted      147/  500001 events ( 0.03%)
Processed   510000/ 1694261 entries, 30.10% (elapsed time   159.9s, curr speed    4.087 kHz, avg speed    3.189 kHz), accepted      149/  510001 events ( 0.03%)
Processed   520000/ 1694261 entries, 30.69% (elapsed time   163.6s, curr speed    2.738 kHz, avg speed    3.178 kHz), accepted      153/  520001 events ( 0.03%)
Processed   530000/ 1694261 entries, 31.28% (elapsed time   166.2s, curr speed    3.821 kHz, avg speed    3.189 kHz), accepted      156/  530001 events ( 0.03%)
Processed   540000/ 1694261 entries, 31.87% (elapsed time   169.6s, curr speed    2.917 kHz, avg speed    3.183 kHz), accepted      159/  540001 events ( 0.03%)
Processed   550000/ 1694261 entries, 32.46% (elapsed time   173.2s, curr speed    2.803 kHz, avg speed    3.175 kHz), accepted      162/  550001 events ( 0.03%)
Processed   560000/ 1694261 entries, 33.05% (elapsed time   176.0s, curr speed    3.567 kHz, avg speed    3.182 kHz), accepted      163/  560001 events ( 0.03%)
Processed   570000/ 1694261 entries, 33.64% (elapsed time   178.6s, curr speed    3.934 kHz, avg speed    3.192 kHz), accepted      165/  570001 events ( 0.03%)
Processed   580000/ 1694261 entries, 34.23% (elapsed time   182.5s, curr speed    2.561 kHz, avg speed    3.179 kHz), accepted      170/  580001 events ( 0.03%)
Processed   590000/ 1694261 entries, 34.82% (elapsed time   186.6s, curr speed    2.391 kHz, avg speed    3.161 kHz), accepted      174/  590001 events ( 0.03%)
Processed   600000/ 1694261 entries, 35.41% (elapsed time   190.0s, curr speed    3.021 kHz, avg speed    3.159 kHz), accepted      176/  600001 events ( 0.03%)
Processed   610000/ 1694261 entries, 36.00% (elapsed time   193.7s, curr speed    2.691 kHz, avg speed    3.150 kHz), accepted      181/  610001 events ( 0.03%)
Processed   620000/ 1694261 entries, 36.59% (elapsed time   197.0s, curr speed    2.980 kHz, avg speed    3.147 kHz), accepted      184/  620001 events ( 0.03%)
Processed   630000/ 1694261 entries, 37.18% (elapsed time   199.7s, curr speed    3.675 kHz, avg speed    3.154 kHz), accepted      185/  630001 events ( 0.03%)
Processed   640000/ 1694261 entries, 37.77% (elapsed time   203.1s, curr speed    2.953 kHz, avg speed    3.151 kHz), accepted      187/  640001 events ( 0.03%)
Processed   650000/ 1694261 entries, 38.36% (elapsed time   206.2s, curr speed    3.239 kHz, avg speed    3.152 kHz), accepted      189/  650001 events ( 0.03%)
Processed   660000/ 1694261 entries, 38.96% (elapsed time   209.4s, curr speed    3.184 kHz, avg speed    3.152 kHz), accepted      195/  660001 events ( 0.03%)
Processed   670000/ 1694261 entries, 39.55% (elapsed time   212.0s, curr speed    3.851 kHz, avg speed    3.161 kHz), accepted      197/  670001 events ( 0.03%)
Processed   680000/ 1694261 entries, 40.14% (elapsed time   214.7s, curr speed    3.632 kHz, avg speed    3.167 kHz), accepted      198/  680001 events ( 0.03%)
Processed   690000/ 1694261 entries, 40.73% (elapsed time   218.1s, curr speed    2.939 kHz, avg speed    3.163 kHz), accepted      201/  690001 events ( 0.03%)
Processed   700000/ 1694261 entries, 41.32% (elapsed time   221.4s, curr speed    3.038 kHz, avg speed    3.162 kHz), accepted      203/  700001 events ( 0.03%)
Processed   710000/ 1694261 entries, 41.91% (elapsed time   224.9s, curr speed    2.891 kHz, avg speed    3.157 kHz), accepted      206/  710001 events ( 0.03%)
Processed   720000/ 1694261 entries, 42.50% (elapsed time   227.7s, curr speed    3.524 kHz, avg speed    3.162 kHz), accepted      207/  720001 events ( 0.03%)
Processed   730000/ 1694261 entries, 43.09% (elapsed time   231.6s, curr speed    2.586 kHz, avg speed    3.152 kHz), accepted      210/  730001 events ( 0.03%)
Processed   740000/ 1694261 entries, 43.68% (elapsed time   235.4s, curr speed    2.638 kHz, avg speed    3.144 kHz), accepted      213/  740001 events ( 0.03%)
Processed   750000/ 1694261 entries, 44.27% (elapsed time   237.7s, curr speed    4.218 kHz, avg speed    3.155 kHz), accepted      218/  750001 events ( 0.03%)
Processed   760000/ 1694261 entries, 44.86% (elapsed time   241.0s, curr speed    3.060 kHz, avg speed    3.154 kHz), accepted      222/  760001 events ( 0.03%)
Processed   770000/ 1694261 entries, 45.45% (elapsed time   244.6s, curr speed    2.778 kHz, avg speed    3.148 kHz), accepted      227/  770001 events ( 0.03%)
Processed   780000/ 1694261 entries, 46.04% (elapsed time   248.0s, curr speed    2.931 kHz, avg speed    3.145 kHz), accepted      230/  780001 events ( 0.03%)
Processed   790000/ 1694261 entries, 46.63% (elapsed time   250.8s, curr speed    3.531 kHz, avg speed    3.149 kHz), accepted      234/  790001 events ( 0.03%)
Processed   800000/ 1694261 entries, 47.22% (elapsed time   254.8s, curr speed    2.534 kHz, avg speed    3.140 kHz), accepted      238/  800001 events ( 0.03%)
Processed   810000/ 1694261 entries, 47.81% (elapsed time   257.6s, curr speed    3.535 kHz, avg speed    3.144 kHz), accepted      243/  810001 events ( 0.03%)
Processed   820000/ 1694261 entries, 48.40% (elapsed time   260.6s, curr speed    3.337 kHz, avg speed    3.146 kHz), accepted      248/  820001 events ( 0.03%)
Processed   830000/ 1694261 entries, 48.99% (elapsed time   264.4s, curr speed    2.615 kHz, avg speed    3.139 kHz), accepted      252/  830001 events ( 0.03%)
Processed   840000/ 1694261 entries, 49.58% (elapsed time   267.1s, curr speed    3.751 kHz, avg speed    3.145 kHz), accepted      256/  840001 events ( 0.03%)
Processed   850000/ 1694261 entries, 50.17% (elapsed time   269.6s, curr speed    3.992 kHz, avg speed    3.153 kHz), accepted      260/  850001 events ( 0.03%)
Processed   860000/ 1694261 entries, 50.76% (elapsed time   272.9s, curr speed    3.083 kHz, avg speed    3.152 kHz), accepted      263/  860001 events ( 0.03%)
Processed   870000/ 1694261 entries, 51.35% (elapsed time   275.4s, curr speed    3.965 kHz, avg speed    3.159 kHz), accepted      267/  870001 events ( 0.03%)
Processed   880000/ 1694261 entries, 51.94% (elapsed time   279.9s, curr speed    2.203 kHz, avg speed    3.144 kHz), accepted      274/  880001 events ( 0.03%)
Processed   890000/ 1694261 entries, 52.53% (elapsed time   283.3s, curr speed    2.989 kHz, avg speed    3.142 kHz), accepted      276/  890001 events ( 0.03%)
Processed   900000/ 1694261 entries, 53.12% (elapsed time   287.1s, curr speed    2.615 kHz, avg speed    3.135 kHz), accepted      286/  900001 events ( 0.03%)
Processed   910000/ 1694261 entries, 53.71% (elapsed time   290.3s, curr speed    3.100 kHz, avg speed    3.135 kHz), accepted      293/  910001 events ( 0.03%)
Processed   920000/ 1694261 entries, 54.30% (elapsed time   293.4s, curr speed    3.269 kHz, avg speed    3.136 kHz), accepted      296/  920001 events ( 0.03%)
Processed   930000/ 1694261 entries, 54.89% (elapsed time   295.8s, curr speed    4.070 kHz, avg speed    3.144 kHz), accepted      297/  930001 events ( 0.03%)
Processed   940000/ 1694261 entries, 55.48% (elapsed time   299.6s, curr speed    2.620 kHz, avg speed    3.137 kHz), accepted      306/  940001 events ( 0.03%)
Processed   950000/ 1694261 entries, 56.07% (elapsed time   303.9s, curr speed    2.375 kHz, avg speed    3.126 kHz), accepted      310/  950001 events ( 0.03%)
Processed   960000/ 1694261 entries, 56.66% (elapsed time   306.9s, curr speed    3.302 kHz, avg speed    3.128 kHz), accepted      313/  960001 events ( 0.03%)
Processed   970000/ 1694261 entries, 57.25% (elapsed time   309.7s, curr speed    3.613 kHz, avg speed    3.133 kHz), accepted      316/  970001 events ( 0.03%)
Processed   980000/ 1694261 entries, 57.84% (elapsed time   313.4s, curr speed    2.693 kHz, avg speed    3.127 kHz), accepted      320/  980001 events ( 0.03%)
Processed   990000/ 1694261 entries, 58.43% (elapsed time   316.0s, curr speed    3.867 kHz, avg speed    3.133 kHz), accepted      328/  990001 events ( 0.03%)
Processed  1000000/ 1694261 entries, 59.02% (elapsed time   318.8s, curr speed    3.456 kHz, avg speed    3.136 kHz), accepted      332/ 1000001 events ( 0.03%)
Processed  1010000/ 1694261 entries, 59.61% (elapsed time   322.4s, curr speed    2.795 kHz, avg speed    3.133 kHz), accepted      334/ 1010001 events ( 0.03%)
Processed  1020000/ 1694261 entries, 60.20% (elapsed time   326.1s, curr speed    2.713 kHz, avg speed    3.128 kHz), accepted      337/ 1020001 events ( 0.03%)
Processed  1030000/ 1694261 entries, 60.79% (elapsed time   328.8s, curr speed    3.695 kHz, avg speed    3.132 kHz), accepted      342/ 1030001 events ( 0.03%)
Processed  1040000/ 1694261 entries, 61.38% (elapsed time   332.5s, curr speed    2.749 kHz, avg speed    3.128 kHz), accepted      346/ 1040001 events ( 0.03%)
Processed  1050000/ 1694261 entries, 61.97% (elapsed time   335.5s, curr speed    3.279 kHz, avg speed    3.130 kHz), accepted      351/ 1050001 events ( 0.03%)
Processed  1060000/ 1694261 entries, 62.56% (elapsed time   338.2s, curr speed    3.750 kHz, avg speed    3.135 kHz), accepted      352/ 1060001 events ( 0.03%)
Processed  1070000/ 1694261 entries, 63.15% (elapsed time   341.8s, curr speed    2.788 kHz, avg speed    3.131 kHz), accepted      358/ 1070001 events ( 0.03%)
Processed  1080000/ 1694261 entries, 63.74% (elapsed time   344.3s, curr speed    3.915 kHz, avg speed    3.137 kHz), accepted      360/ 1080001 events ( 0.03%)
Processed  1090000/ 1694261 entries, 64.33% (elapsed time   347.4s, curr speed    3.221 kHz, avg speed    3.137 kHz), accepted      364/ 1090001 events ( 0.03%)
Processed  1100000/ 1694261 entries, 64.93% (elapsed time   352.8s, curr speed    1.866 kHz, avg speed    3.118 kHz), accepted      370/ 1100001 events ( 0.03%)
Processed  1110000/ 1694261 entries, 65.52% (elapsed time   355.2s, curr speed    4.056 kHz, avg speed    3.125 kHz), accepted      372/ 1110001 events ( 0.03%)
Processed  1120000/ 1694261 entries, 66.11% (elapsed time   358.5s, curr speed    3.094 kHz, avg speed    3.124 kHz), accepted      374/ 1120001 events ( 0.03%)
Processed  1130000/ 1694261 entries, 66.70% (elapsed time   361.6s, curr speed    3.217 kHz, avg speed    3.125 kHz), accepted      375/ 1130001 events ( 0.03%)
Processed  1140000/ 1694261 entries, 67.29% (elapsed time   364.5s, curr speed    3.420 kHz, avg speed    3.128 kHz), accepted      378/ 1140001 events ( 0.03%)
Processed  1150000/ 1694261 entries, 67.88% (elapsed time   366.8s, curr speed    4.421 kHz, avg speed    3.136 kHz), accepted      381/ 1150001 events ( 0.03%)
Processed  1160000/ 1694261 entries, 68.47% (elapsed time   371.5s, curr speed    2.107 kHz, avg speed    3.122 kHz), accepted      386/ 1160001 events ( 0.03%)
Processed  1170000/ 1694261 entries, 69.06% (elapsed time   375.1s, curr speed    2.765 kHz, avg speed    3.119 kHz), accepted      389/ 1170001 events ( 0.03%)
Processed  1180000/ 1694261 entries, 69.65% (elapsed time   379.0s, curr speed    2.580 kHz, avg speed    3.113 kHz), accepted      393/ 1180001 events ( 0.03%)
Processed  1190000/ 1694261 entries, 70.24% (elapsed time   382.7s, curr speed    2.697 kHz, avg speed    3.109 kHz), accepted      395/ 1190001 events ( 0.03%)
Processed  1200000/ 1694261 entries, 70.83% (elapsed time   386.5s, curr speed    2.658 kHz, avg speed    3.105 kHz), accepted      400/ 1200001 events ( 0.03%)
Processed  1210000/ 1694261 entries, 71.42% (elapsed time   389.0s, curr speed    3.956 kHz, avg speed    3.110 kHz), accepted      403/ 1210001 events ( 0.03%)
Processed  1220000/ 1694261 entries, 72.01% (elapsed time   392.4s, curr speed    2.908 kHz, avg speed    3.109 kHz), accepted      407/ 1220001 events ( 0.03%)
Processed  1230000/ 1694261 entries, 72.60% (elapsed time   395.2s, curr speed    3.666 kHz, avg speed    3.113 kHz), accepted      412/ 1230001 events ( 0.03%)
Processed  1240000/ 1694261 entries, 73.19% (elapsed time   397.8s, curr speed    3.851 kHz, avg speed    3.117 kHz), accepted      414/ 1240001 events ( 0.03%)
Processed  1250000/ 1694261 entries, 73.78% (elapsed time   400.9s, curr speed    3.203 kHz, avg speed    3.118 kHz), accepted      415/ 1250001 events ( 0.03%)
Processed  1260000/ 1694261 entries, 74.37% (elapsed time   404.7s, curr speed    2.630 kHz, avg speed    3.113 kHz), accepted      418/ 1260001 events ( 0.03%)
Processed  1270000/ 1694261 entries, 74.96% (elapsed time   406.4s, curr speed    5.853 kHz, avg speed    3.125 kHz), accepted      418/ 1270001 events ( 0.03%)
Processed  1280000/ 1694261 entries, 75.55% (elapsed time   410.4s, curr speed    2.525 kHz, avg speed    3.119 kHz), accepted      422/ 1280001 events ( 0.03%)
Processed  1290000/ 1694261 entries, 76.14% (elapsed time   413.0s, curr speed    3.845 kHz, avg speed    3.124 kHz), accepted      423/ 1290001 events ( 0.03%)
Processed  1300000/ 1694261 entries, 76.73% (elapsed time   416.2s, curr speed    3.056 kHz, avg speed    3.123 kHz), accepted      425/ 1300001 events ( 0.03%)
Processed  1310000/ 1694261 entries, 77.32% (elapsed time   419.9s, curr speed    2.710 kHz, avg speed    3.120 kHz), accepted      431/ 1310001 events ( 0.03%)
Processed  1320000/ 1694261 entries, 77.91% (elapsed time   423.8s, curr speed    2.572 kHz, avg speed    3.115 kHz), accepted      434/ 1320001 events ( 0.03%)
Processed  1330000/ 1694261 entries, 78.50% (elapsed time   426.4s, curr speed    3.936 kHz, avg speed    3.119 kHz), accepted      441/ 1330001 events ( 0.03%)
Processed  1340000/ 1694261 entries, 79.09% (elapsed time   428.4s, curr speed    4.829 kHz, avg speed    3.128 kHz), accepted      441/ 1340001 events ( 0.03%)
Processed  1350000/ 1694261 entries, 79.68% (elapsed time   431.3s, curr speed    3.519 kHz, avg speed    3.130 kHz), accepted      442/ 1350001 events ( 0.03%)
Processed  1360000/ 1694261 entries, 80.27% (elapsed time   433.7s, curr speed    4.039 kHz, avg speed    3.135 kHz), accepted      448/ 1360001 events ( 0.03%)
Processed  1370000/ 1694261 entries, 80.86% (elapsed time   435.7s, curr speed    5.006 kHz, avg speed    3.144 kHz), accepted      448/ 1370001 events ( 0.03%)
Processed  1380000/ 1694261 entries, 81.45% (elapsed time   439.3s, curr speed    2.825 kHz, avg speed    3.142 kHz), accepted      449/ 1380001 events ( 0.03%)
Processed  1390000/ 1694261 entries, 82.04% (elapsed time   442.4s, curr speed    3.217 kHz, avg speed    3.142 kHz), accepted      451/ 1390001 events ( 0.03%)
Processed  1400000/ 1694261 entries, 82.63% (elapsed time   446.0s, curr speed    2.743 kHz, avg speed    3.139 kHz), accepted      455/ 1400001 events ( 0.03%)
Processed  1410000/ 1694261 entries, 83.22% (elapsed time   450.0s, curr speed    2.541 kHz, avg speed    3.134 kHz), accepted      457/ 1410001 events ( 0.03%)
Processed  1420000/ 1694261 entries, 83.81% (elapsed time   451.7s, curr speed    5.768 kHz, avg speed    3.144 kHz), accepted      457/ 1420001 events ( 0.03%)
Processed  1430000/ 1694261 entries, 84.40% (elapsed time   456.0s, curr speed    2.354 kHz, avg speed    3.136 kHz), accepted      463/ 1430001 events ( 0.03%)
Processed  1440000/ 1694261 entries, 84.99% (elapsed time   458.9s, curr speed    3.339 kHz, avg speed    3.138 kHz), accepted      467/ 1440001 events ( 0.03%)
Processed  1450000/ 1694261 entries, 85.58% (elapsed time   462.4s, curr speed    2.878 kHz, avg speed    3.136 kHz), accepted      470/ 1450001 events ( 0.03%)
Processed  1460000/ 1694261 entries, 86.17% (elapsed time   465.9s, curr speed    2.846 kHz, avg speed    3.133 kHz), accepted      474/ 1460001 events ( 0.03%)
Processed  1470000/ 1694261 entries, 86.76% (elapsed time   470.5s, curr speed    2.178 kHz, avg speed    3.124 kHz), accepted      478/ 1470001 events ( 0.03%)
Processed  1480000/ 1694261 entries, 87.35% (elapsed time   474.1s, curr speed    2.825 kHz, avg speed    3.122 kHz), accepted      481/ 1480001 events ( 0.03%)
Processed  1490000/ 1694261 entries, 87.94% (elapsed time   478.1s, curr speed    2.502 kHz, avg speed    3.117 kHz), accepted      486/ 1490001 events ( 0.03%)
Processed  1500000/ 1694261 entries, 88.53% (elapsed time   480.9s, curr speed    3.487 kHz, avg speed    3.119 kHz), accepted      489/ 1500001 events ( 0.03%)
Processed  1510000/ 1694261 entries, 89.12% (elapsed time   484.1s, curr speed    3.179 kHz, avg speed    3.119 kHz), accepted      495/ 1510001 events ( 0.03%)
Processed  1520000/ 1694261 entries, 89.71% (elapsed time   486.9s, curr speed    3.553 kHz, avg speed    3.122 kHz), accepted      497/ 1520001 events ( 0.03%)
Processed  1530000/ 1694261 entries, 90.30% (elapsed time   489.1s, curr speed    4.593 kHz, avg speed    3.128 kHz), accepted      497/ 1530001 events ( 0.03%)
Processed  1540000/ 1694261 entries, 90.90% (elapsed time   492.5s, curr speed    2.894 kHz, avg speed    3.127 kHz), accepted      500/ 1540001 events ( 0.03%)
Processed  1550000/ 1694261 entries, 91.49% (elapsed time   495.3s, curr speed    3.567 kHz, avg speed    3.129 kHz), accepted      503/ 1550001 events ( 0.03%)
Processed  1560000/ 1694261 entries, 92.08% (elapsed time   498.5s, curr speed    3.120 kHz, avg speed    3.129 kHz), accepted      506/ 1560001 events ( 0.03%)
Processed  1570000/ 1694261 entries, 92.67% (elapsed time   501.6s, curr speed    3.297 kHz, avg speed    3.130 kHz), accepted      510/ 1570001 events ( 0.03%)
Processed  1580000/ 1694261 entries, 93.26% (elapsed time   504.7s, curr speed    3.226 kHz, avg speed    3.131 kHz), accepted      515/ 1580001 events ( 0.03%)
Processed  1590000/ 1694261 entries, 93.85% (elapsed time   509.5s, curr speed    2.053 kHz, avg speed    3.120 kHz), accepted      520/ 1590001 events ( 0.03%)
Processed  1600000/ 1694261 entries, 94.44% (elapsed time   513.2s, curr speed    2.715 kHz, avg speed    3.118 kHz), accepted      524/ 1600001 events ( 0.03%)
Processed  1610000/ 1694261 entries, 95.03% (elapsed time   516.5s, curr speed    3.042 kHz, avg speed    3.117 kHz), accepted      527/ 1610001 events ( 0.03%)
Processed  1620000/ 1694261 entries, 95.62% (elapsed time   520.9s, curr speed    2.295 kHz, avg speed    3.110 kHz), accepted      530/ 1620001 events ( 0.03%)
Processed  1630000/ 1694261 entries, 96.21% (elapsed time   523.3s, curr speed    4.096 kHz, avg speed    3.115 kHz), accepted      531/ 1630001 events ( 0.03%)
Processed  1640000/ 1694261 entries, 96.80% (elapsed time   526.3s, curr speed    3.292 kHz, avg speed    3.116 kHz), accepted      535/ 1640001 events ( 0.03%)
Processed  1650000/ 1694261 entries, 97.39% (elapsed time   529.9s, curr speed    2.775 kHz, avg speed    3.114 kHz), accepted      538/ 1650001 events ( 0.03%)
Processed  1660000/ 1694261 entries, 97.98% (elapsed time   532.5s, curr speed    3.932 kHz, avg speed    3.117 kHz), accepted      539/ 1660001 events ( 0.03%)
Processed  1670000/ 1694261 entries, 98.57% (elapsed time   535.5s, curr speed    3.307 kHz, avg speed    3.119 kHz), accepted      544/ 1670001 events ( 0.03%)
Processed  1680000/ 1694261 entries, 99.16% (elapsed time   539.4s, curr speed    2.553 kHz, avg speed    3.114 kHz), accepted      547/ 1680001 events ( 0.03%)
Processed  1690000/ 1694261 entries, 99.75% (elapsed time   542.4s, curr speed    3.316 kHz, avg speed    3.116 kHz), accepted      549/ 1690001 events ( 0.03%)
Processed 1694261 preselected entries from root://cms-xrd-global.cern.ch//store/mc/RunIIFall17NanoAODv6/W1JetsToLNu_TuneCP5_13TeV-madgraphMLM-pythia8/NANOAODSIM/PU2017_12Apr2018_Nano25Oct2019_102X_mc2017_realistic_v7-v1/70000/FF908572-F577-A841-A3A4-FA99E04A2A97.root (1694261 entries). Finally selected 550 entries
Total time 1592.4 sec. to process 5230306 events. Rate = 3284.6 Hz.
>>> cwd          = /pool/condor/dir_19678
>>> ls           = ['condor_exec.exe', '_condor_stdout', 'var', 'x509_voms', '.update.ad', '.chirp.config', '.machine.ad', 'lvigilan.cc', 'tmp', '.job.ad', 'pico_etau_etau_7.root']
>>> getstorage('/eos/home-l/lvigilan/output_UL2017/UL2017/etau/W1JetsToLNu'), <EOS("/eos/home-l/lvigilan/output_UL2017/UL2017/etau/W1JetsToLNu") at 0x2b71e8e7ce90>
>>> Executing: 'cp ./pico_etau_etau_7.root /eos/home-l/lvigilan/output_UL2017/UL2017/etau/W1JetsToLNu'
>>> Removing './pico_etau_etau_7.root'...
>>> picojob.py done after 1618.1 seconds

Job complete at Thu Jan 21 19:01:51 CET 2021
Took 27 minutes 1 seconds040 (1772908.007.000) 01/21 19:01:51 Finished transferring output files
...
005 (1772908.007.000) 01/21 19:01:51 Job terminated.
	(1) Normal termination (return value 0)
		Usr 0 00:10:26, Sys 0 00:00:43  -  Run Remote Usage
		Usr 0 00:00:00, Sys 0 00:00:00  -  Run Local Usage
		Usr 0 00:10:26, Sys 0 00:00:43  -  Total Remote Usage
		Usr 0 00:00:00, Sys 0 00:00:00  -  Total Local Usage
	97001  -  Run Bytes Sent By Job
	9906  -  Run Bytes Received By Job
	97001  -  Total Bytes Sent By Job
	9906  -  Total Bytes Received By Job
	Partitionable Resources :    Usage  Request Allocated 
	   Cpus                 :     0.43        1         1 
	   Disk (KB)            :   163           1    355102 
	   Memory (MB)          :   370        2000      2000 
...
