Could not find platform independent libraries <prefix>
Could not find platform dependent libraries <exec_prefix>
Consider setting $PYTHONHOME to <prefix>[:<exec_prefix>]
ImportError: No module named site
Job start at Tue Jun  8 10:14:36 CEST 2021
Running job on machine Linux b7g52n5453.cern.ch 3.10.0-1160.24.1.el7.x86_64 #1 SMP Thu Apr 8 19:51:47 UTC 2021 x86_64 x86_64 x86_64 GNU/Linux, host b7g52n5453.cern.ch
============================================================
$PWD=/pool/condor/dir_25218
$JOBID=2368945
$TASKID=14
$HOSTNAME=b7g52n5453.cern.ch
$TASKCMD=/afs/cern.ch/work/l/lvigilan/TauWork/CMSSW_10_6_17_patch1/src/TauFW/PicoProducer/python/processors/picojob.py -y UL2017 -d 'mc' -c etau -M ETauFakeRate.ModuleETau --copydir /eos/home-l/lvigilan/output_ETauFR_UL17_RUN1/UL2017/etau/W3JetsToLNu -t _etau_EES1p01_14 --opt 'ees=1.01' 'useT1=True' -i /eos/cms/store/group/phys_tau/TauFW/nano/UL2017/W3JetsToLNu_TuneCP5_13TeV-madgraphMLM-pythia8/RunIISummer19UL17NanoAODv2-106X_mc2017_realistic_v8-v1/NANOAODSIM/E21445BB-63A4-F148-93D2-EC2FA47FAA41_skimjec_3.root /eos/cms/store/group/phys_tau/TauFW/nano/UL2017/W3JetsToLNu_TuneCP5_13TeV-madgraphMLM-pythia8/RunIISummer19UL17NanoAODv2-106X_mc2017_realistic_v8-v1/NANOAODSIM/E4C68BC8-80A3-3A47-A009-DE1737BB1394_skimjec_0.root /eos/cms/store/group/phys_tau/TauFW/nano/UL2017/W3JetsToLNu_TuneCP5_13TeV-madgraphMLM-pythia8/RunIISummer19UL17NanoAODv2-106X_mc2017_realistic_v8-v1/NANOAODSIM/E4C68BC8-80A3-3A47-A009-DE1737BB1394_skimjec_1.root /eos/cms/store/group/phys_tau/TauFW/nano/UL2017/W3JetsToLNu_TuneCP5_13TeV-madgraphMLM-pythia8/RunIISummer19UL17NanoAODv2-106X_mc2017_realistic_v8-v1/NANOAODSIM/E4C68BC8-80A3-3A47-A009-DE1737BB1394_skimjec_2.root /eos/cms/store/group/phys_tau/TauFW/nano/UL2017/W3JetsToLNu_TuneCP5_13TeV-madgraphMLM-pythia8/RunIISummer19UL17NanoAODv2-106X_mc2017_realistic_v8-v1/NANOAODSIM/E4C68BC8-80A3-3A47-A009-DE1737BB1394_skimjec_3.root
$WORKDIR=/pool/condor/dir_25218
>>> cd /afs/cern.ch/work/l/lvigilan/TauWork/CMSSW_10_6_17_patch1/src
>>> eval `scramv1 runtime -sh`
>>> cd /pool/condor/dir_25218
$PWD=/pool/condor/dir_25218
>>> /afs/cern.ch/work/l/lvigilan/TauWork/CMSSW_10_6_17_patch1/src/TauFW/PicoProducer/python/processors/picojob.py -y UL2017 -d 'mc' -c etau -M ETauFakeRate.ModuleETau --copydir /eos/home-l/lvigilan/output_ETauFR_UL17_RUN1/UL2017/etau/W3JetsToLNu -t _etau_EES1p01_14 --opt 'ees=1.01' 'useT1=True' -i /eos/cms/store/group/phys_tau/TauFW/nano/UL2017/W3JetsToLNu_TuneCP5_13TeV-madgraphMLM-pythia8/RunIISummer19UL17NanoAODv2-106X_mc2017_realistic_v8-v1/NANOAODSIM/E21445BB-63A4-F148-93D2-EC2FA47FAA41_skimjec_3.root /eos/cms/store/group/phys_tau/TauFW/nano/UL2017/W3JetsToLNu_TuneCP5_13TeV-madgraphMLM-pythia8/RunIISummer19UL17NanoAODv2-106X_mc2017_realistic_v8-v1/NANOAODSIM/E4C68BC8-80A3-3A47-A009-DE1737BB1394_skimjec_0.root /eos/cms/store/group/phys_tau/TauFW/nano/UL2017/W3JetsToLNu_TuneCP5_13TeV-madgraphMLM-pythia8/RunIISummer19UL17NanoAODv2-106X_mc2017_realistic_v8-v1/NANOAODSIM/E4C68BC8-80A3-3A47-A009-DE1737BB1394_skimjec_1.root /eos/cms/store/group/phys_tau/TauFW/nano/UL2017/W3JetsToLNu_TuneCP5_13TeV-madgraphMLM-pythia8/RunIISummer19UL17NanoAODv2-106X_mc2017_realistic_v8-v1/NANOAODSIM/E4C68BC8-80A3-3A47-A009-DE1737BB1394_skimjec_2.root /eos/cms/store/group/phys_tau/TauFW/nano/UL2017/W3JetsToLNu_TuneCP5_13TeV-madgraphMLM-pythia8/RunIISummer19UL17NanoAODv2-106X_mc2017_realistic_v8-v1/NANOAODSIM/E4C68BC8-80A3-3A47-A009-DE1737BB1394_skimjec_3.root
Error in <TGClient::TGClient>: can't open display "localhost:21.0", switching to batch mode...
 In case you run from a remote ssh session, reconnect with ssh -Y
--------------------------------------------------------------------------------
>>> era          = 'UL2017'
>>> year         = 2017
>>> channel      = 'etau'
>>> modname      = 'ETauFakeRate.ModuleETau'
>>> dtype        = 'mc'
>>> kwargs       = {'dtype': 'mc', 'ees': 1.01, 'useT1': True, 'verb': 0, 'era': 'UL2017', 'year': 2017}
>>> firstevt     = 0
>>> maxevts      = None
>>> outdir       = '.'
>>> copydir      = '/eos/home-l/lvigilan/output_ETauFR_UL17_RUN1/UL2017/etau/W3JetsToLNu'
>>> infiles      = ['/eos/cms/store/group/phys_tau/TauFW/nano/UL2017/W3JetsToLNu_TuneCP5_13TeV-madgraphMLM-pythia8/RunIISummer19UL17NanoAODv2-106X_mc2017_realistic_v8-v1/NANOAODSIM/E21445BB-63A4-F148-93D2-EC2FA47FAA41_skimjec_3.root', '/eos/cms/store/group/phys_tau/TauFW/nano/UL2017/W3JetsToLNu_TuneCP5_13TeV-madgraphMLM-pythia8/RunIISummer19UL17NanoAODv2-106X_mc2017_realistic_v8-v1/NANOAODSIM/E4C68BC8-80A3-3A47-A009-DE1737BB1394_skimjec_0.root', '/eos/cms/store/group/phys_tau/TauFW/nano/UL2017/W3JetsToLNu_TuneCP5_13TeV-madgraphMLM-pythia8/RunIISummer19UL17NanoAODv2-106X_mc2017_realistic_v8-v1/NANOAODSIM/E4C68BC8-80A3-3A47-A009-DE1737BB1394_skimjec_1.root', '/eos/cms/store/group/phys_tau/TauFW/nano/UL2017/W3JetsToLNu_TuneCP5_13TeV-madgraphMLM-pythia8/RunIISummer19UL17NanoAODv2-106X_mc2017_realistic_v8-v1/NANOAODSIM/E4C68BC8-80A3-3A47-A009-DE1737BB1394_skimjec_2.root', '/eos/cms/store/group/phys_tau/TauFW/nano/UL2017/W3JetsToLNu_TuneCP5_13TeV-madgraphMLM-pythia8/RunIISummer19UL17NanoAODv2-106X_mc2017_realistic_v8-v1/NANOAODSIM/E4C68BC8-80A3-3A47-A009-DE1737BB1394_skimjec_3.root']
>>> outfname     = './pico_etau_EES1p01_14.root'
>>> branchsel    = '/afs/cern.ch/work/l/lvigilan/TauWork/CMSSW_10_6_17_patch1/python/TauFW/PicoProducer/processors/keep_and_drop_skim.txt'
>>> json         = None
>>> prefetch     = False
>>> cwd          = /pool/condor/dir_25218
--------------------------------------------------------------------------------

   ################
   #  ModuleETau  #
   ################

Loading PileupWeightTool for '/afs/cern.ch/work/l/lvigilan/TauWork/CMSSW_10_6_17_patch1/src/TauFW/PicoProducer/data/pileup/Data_PileUp_UL2017_69p2.root' and '/afs/cern.ch/work/l/lvigilan/TauWork/CMSSW_10_6_17_patch1/src/TauFW/PicoProducer/data/pileup/MC_PileUp_UL2017_Summer19.root'
Loading BTagWeightTool for DeepCSV (medium WP)...
>>> BTagTool: [1m[33mWarning! [0m[33mHistogram 'etau/eff_DeepCSV_udsg_medium' does not exist in /afs/cern.ch/work/l/lvigilan/TauWork/CMSSW_10_6_17_patch1/src/TauFW/PicoProducer/data/btag/DeepCSV_2017_12Apr2017_eff.root! Reverting to default efficiency histogram...[0m
>>> BTagTool: [1m[33mWarning! [0m[33mHistogram 'etau/eff_DeepCSV_c_medium' does not exist in /afs/cern.ch/work/l/lvigilan/TauWork/CMSSW_10_6_17_patch1/src/TauFW/PicoProducer/data/btag/DeepCSV_2017_12Apr2017_eff.root! Reverting to default efficiency histogram...[0m
>>> BTagTool: [1m[33mWarning! [0m[33mHistogram 'etau/eff_DeepCSV_b_medium' does not exist in /afs/cern.ch/work/l/lvigilan/TauWork/CMSSW_10_6_17_patch1/src/TauFW/PicoProducer/data/btag/DeepCSV_2017_12Apr2017_eff.root! Reverting to default efficiency histogram...[0m
>>> BTagTool: [1m[33mWarning! [0m[33mMade use of default efficiency histograms! The b tag weights from this module should be regarded as placeholders only,
and should NOT be used for analyses. B (mis)tag efficiencies in MC are analysis dependent. Please create your own
efficiency histogram with data/btag/getBTagEfficiencies.py after running all MC samples with BTagWeightTool.[0m
Loading TreeProducerETau for './pico_etau_EES1p01_14.root'
--------------------------------------------------------------------------------
>>> filename     = './pico_etau_EES1p01_14.root'
>>> year         = 2017
>>> dtype        = 'mc'
>>> channel      = 'etau'
>>> ismc         = True
>>> isdata       = False
>>> isembed      = False
>>> tes          = 1.0
>>> tessys       = None
>>> fes          = None
>>> ltf          = None
>>> jtf          = 1.0
>>> dotoppt      = False
>>> dozpt        = False
>>> dojec        = True
>>> dojecsys     = True
>>> dotight      = False
>>> useT1        = True
>>> jetCutPt     = 30
>>> bjetCutEta   = 2.7
>>> tauwp        = 0
>>> eleCutPt     = 36
>>> eleCutEta    = 2.1
>>> tauCutPt     = 20
>>> tauCutEta    = 2.3
>>> ZpeekReso    = 0.1
Pre-select 240618 entries out of 240618 (100.00%)
Processed    10000/  240618 entries,  4.16% (elapsed time     5.3s, curr speed    1.872 kHz, avg speed    1.872 kHz), accepted      135/   10001 events ( 1.35%)
Processed    20000/  240618 entries,  8.31% (elapsed time     8.1s, curr speed    3.674 kHz, avg speed    2.480 kHz), accepted      240/   20001 events ( 1.20%)
Processed    30000/  240618 entries, 12.47% (elapsed time    10.4s, curr speed    4.203 kHz, avg speed    2.872 kHz), accepted      342/   30001 events ( 1.14%)
Processed    40000/  240618 entries, 16.62% (elapsed time    12.5s, curr speed    4.790 kHz, avg speed    3.192 kHz), accepted      463/   40001 events ( 1.16%)
Processed    50000/  240618 entries, 20.78% (elapsed time    14.6s, curr speed    4.739 kHz, avg speed    3.415 kHz), accepted      586/   50001 events ( 1.17%)
Processed    60000/  240618 entries, 24.94% (elapsed time    17.0s, curr speed    4.275 kHz, avg speed    3.533 kHz), accepted      739/   60001 events ( 1.23%)
Processed    70000/  240618 entries, 29.09% (elapsed time    20.1s, curr speed    3.243 kHz, avg speed    3.489 kHz), accepted      877/   70001 events ( 1.25%)
Processed    80000/  240618 entries, 33.25% (elapsed time    23.9s, curr speed    2.582 kHz, avg speed    3.342 kHz), accepted      986/   80001 events ( 1.23%)
Processed    90000/  240618 entries, 37.40% (elapsed time    26.7s, curr speed    3.623 kHz, avg speed    3.371 kHz), accepted     1105/   90001 events ( 1.23%)
Processed   100000/  240618 entries, 41.56% (elapsed time    30.0s, curr speed    2.996 kHz, avg speed    3.329 kHz), accepted     1220/  100001 events ( 1.22%)
Processed   110000/  240618 entries, 45.72% (elapsed time    32.1s, curr speed    4.742 kHz, avg speed    3.422 kHz), accepted     1312/  110001 events ( 1.19%)
Processed   120000/  240618 entries, 49.87% (elapsed time    34.3s, curr speed    4.736 kHz, avg speed    3.503 kHz), accepted     1410/  120001 events ( 1.17%)
Processed   130000/  240618 entries, 54.03% (elapsed time    36.6s, curr speed    4.219 kHz, avg speed    3.549 kHz), accepted     1530/  130001 events ( 1.18%)
Processed   140000/  240618 entries, 58.18% (elapsed time    39.2s, curr speed    3.896 kHz, avg speed    3.572 kHz), accepted     1633/  140001 events ( 1.17%)
Processed   150000/  240618 entries, 62.34% (elapsed time    41.6s, curr speed    4.206 kHz, avg speed    3.608 kHz), accepted     1737/  150001 events ( 1.16%)
Processed   160000/  240618 entries, 66.50% (elapsed time    44.2s, curr speed    3.872 kHz, avg speed    3.624 kHz), accepted     1867/  160001 events ( 1.17%)
Processed   170000/  240618 entries, 70.65% (elapsed time    46.6s, curr speed    4.097 kHz, avg speed    3.649 kHz), accepted     1976/  170001 events ( 1.16%)
Processed   180000/  240618 entries, 74.81% (elapsed time    49.2s, curr speed    3.816 kHz, avg speed    3.658 kHz), accepted     2105/  180001 events ( 1.17%)
Processed   190000/  240618 entries, 78.96% (elapsed time    51.6s, curr speed    4.189 kHz, avg speed    3.682 kHz), accepted     2209/  190001 events ( 1.16%)
Processed   200000/  240618 entries, 83.12% (elapsed time    54.4s, curr speed    3.605 kHz, avg speed    3.678 kHz), accepted     2308/  200001 events ( 1.15%)
Processed   210000/  240618 entries, 87.28% (elapsed time    57.4s, curr speed    3.288 kHz, avg speed    3.658 kHz), accepted     2436/  210001 events ( 1.16%)
Processed   220000/  240618 entries, 91.43% (elapsed time    59.9s, curr speed    4.092 kHz, avg speed    3.675 kHz), accepted     2555/  220001 events ( 1.16%)
Processed   230000/  240618 entries, 95.59% (elapsed time    62.4s, curr speed    3.957 kHz, avg speed    3.687 kHz), accepted     2671/  230001 events ( 1.16%)
Processed   240000/  240618 entries, 99.74% (elapsed time    64.9s, curr speed    3.935 kHz, avg speed    3.696 kHz), accepted     2794/  240001 events ( 1.16%)
Processed 240618 preselected entries from /eos/cms/store/group/phys_tau/TauFW/nano/UL2017/W3JetsToLNu_TuneCP5_13TeV-madgraphMLM-pythia8/RunIISummer19UL17NanoAODv2-106X_mc2017_realistic_v8-v1/NANOAODSIM/E21445BB-63A4-F148-93D2-EC2FA47FAA41_skimjec_3.root (240618 entries). Finally selected 2800 entries
Pre-select 240485 entries out of 240485 (100.00%)
Processed    10000/  240485 entries,  4.16% (elapsed time     5.3s, curr speed    1.899 kHz, avg speed    1.899 kHz), accepted      108/   10001 events ( 1.08%)
Processed    20000/  240485 entries,  8.32% (elapsed time    10.4s, curr speed    1.957 kHz, avg speed    1.927 kHz), accepted      241/   20001 events ( 1.20%)
Processed    30000/  240485 entries, 12.47% (elapsed time    13.0s, curr speed    3.760 kHz, avg speed    2.301 kHz), accepted      362/   30001 events ( 1.21%)
Processed    40000/  240485 entries, 16.63% (elapsed time    15.3s, curr speed    4.457 kHz, avg speed    2.618 kHz), accepted      469/   40001 events ( 1.17%)
Processed    50000/  240485 entries, 20.79% (elapsed time    17.9s, curr speed    3.786 kHz, avg speed    2.790 kHz), accepted      562/   50001 events ( 1.12%)
Processed    60000/  240485 entries, 24.95% (elapsed time    20.4s, curr speed    4.110 kHz, avg speed    2.948 kHz), accepted      666/   60001 events ( 1.11%)
Processed    70000/  240485 entries, 29.11% (elapsed time    22.7s, curr speed    4.181 kHz, avg speed    3.077 kHz), accepted      782/   70001 events ( 1.12%)
Processed    80000/  240485 entries, 33.27% (elapsed time    24.9s, curr speed    4.547 kHz, avg speed    3.207 kHz), accepted      877/   80001 events ( 1.10%)
Processed    90000/  240485 entries, 37.42% (elapsed time    27.0s, curr speed    4.943 kHz, avg speed    3.337 kHz), accepted      983/   90001 events ( 1.09%)
Processed   100000/  240485 entries, 41.58% (elapsed time    29.9s, curr speed    3.391 kHz, avg speed    3.343 kHz), accepted     1110/  100001 events ( 1.11%)
Processed   110000/  240485 entries, 45.74% (elapsed time    32.4s, curr speed    4.022 kHz, avg speed    3.395 kHz), accepted     1222/  110001 events ( 1.11%)
Processed   120000/  240485 entries, 49.90% (elapsed time    35.3s, curr speed    3.433 kHz, avg speed    3.398 kHz), accepted     1368/  120001 events ( 1.14%)
Processed   130000/  240485 entries, 54.06% (elapsed time    37.5s, curr speed    4.668 kHz, avg speed    3.471 kHz), accepted     1486/  130001 events ( 1.14%)
Processed   140000/  240485 entries, 58.22% (elapsed time    40.0s, curr speed    3.985 kHz, avg speed    3.503 kHz), accepted     1607/  140001 events ( 1.15%)
Processed   150000/  240485 entries, 62.37% (elapsed time    43.4s, curr speed    2.885 kHz, avg speed    3.454 kHz), accepted     1709/  150001 events ( 1.14%)
Processed   160000/  240485 entries, 66.53% (elapsed time    46.4s, curr speed    3.367 kHz, avg speed    3.448 kHz), accepted     1824/  160001 events ( 1.14%)
Processed   170000/  240485 entries, 70.69% (elapsed time    49.1s, curr speed    3.749 kHz, avg speed    3.464 kHz), accepted     1943/  170001 events ( 1.14%)
Processed   180000/  240485 entries, 74.85% (elapsed time    51.6s, curr speed    3.917 kHz, avg speed    3.487 kHz), accepted     2066/  180001 events ( 1.15%)
Processed   190000/  240485 entries, 79.01% (elapsed time    54.4s, curr speed    3.607 kHz, avg speed    3.493 kHz), accepted     2168/  190001 events ( 1.14%)
Processed   200000/  240485 entries, 83.17% (elapsed time    56.8s, curr speed    4.147 kHz, avg speed    3.521 kHz), accepted     2270/  200001 events ( 1.13%)
Processed   210000/  240485 entries, 87.32% (elapsed time    59.3s, curr speed    3.991 kHz, avg speed    3.540 kHz), accepted     2385/  210001 events ( 1.14%)
Processed   220000/  240485 entries, 91.48% (elapsed time    61.9s, curr speed    3.796 kHz, avg speed    3.551 kHz), accepted     2495/  220001 events ( 1.13%)
Processed   230000/  240485 entries, 95.64% (elapsed time    64.4s, curr speed    4.121 kHz, avg speed    3.573 kHz), accepted     2612/  230001 events ( 1.14%)
Processed   240000/  240485 entries, 99.80% (elapsed time    66.2s, curr speed    5.389 kHz, avg speed    3.624 kHz), accepted     2718/  240001 events ( 1.13%)
Processed 240485 preselected entries from /eos/cms/store/group/phys_tau/TauFW/nano/UL2017/W3JetsToLNu_TuneCP5_13TeV-madgraphMLM-pythia8/RunIISummer19UL17NanoAODv2-106X_mc2017_realistic_v8-v1/NANOAODSIM/E4C68BC8-80A3-3A47-A009-DE1737BB1394_skimjec_0.root (240485 entries). Finally selected 2724 entries
Pre-select 240485 entries out of 240485 (100.00%)
Processed    10000/  240485 entries,  4.16% (elapsed time     5.1s, curr speed    1.960 kHz, avg speed    1.960 kHz), accepted      115/   10001 events ( 1.15%)
Processed    20000/  240485 entries,  8.32% (elapsed time     8.5s, curr speed    2.959 kHz, avg speed    2.358 kHz), accepted      229/   20001 events ( 1.14%)
Processed    30000/  240485 entries, 12.47% (elapsed time    10.9s, curr speed    4.218 kHz, avg speed    2.764 kHz), accepted      345/   30001 events ( 1.15%)
Processed    40000/  240485 entries, 16.63% (elapsed time    12.8s, curr speed    5.097 kHz, avg speed    3.121 kHz), accepted      468/   40001 events ( 1.17%)
Processed    50000/  240485 entries, 20.79% (elapsed time    14.9s, curr speed    4.813 kHz, avg speed    3.357 kHz), accepted      573/   50001 events ( 1.15%)
Processed    60000/  240485 entries, 24.95% (elapsed time    17.2s, curr speed    4.358 kHz, avg speed    3.491 kHz), accepted      680/   60001 events ( 1.13%)
Processed    70000/  240485 entries, 29.11% (elapsed time    19.7s, curr speed    4.029 kHz, avg speed    3.559 kHz), accepted      791/   70001 events ( 1.13%)
Processed    80000/  240485 entries, 33.27% (elapsed time    23.0s, curr speed    3.032 kHz, avg speed    3.483 kHz), accepted      889/   80001 events ( 1.11%)
Processed    90000/  240485 entries, 37.42% (elapsed time    25.1s, curr speed    4.598 kHz, avg speed    3.580 kHz), accepted     1027/   90001 events ( 1.14%)
Processed   100000/  240485 entries, 41.58% (elapsed time    27.4s, curr speed    4.455 kHz, avg speed    3.651 kHz), accepted     1124/  100001 events ( 1.12%)
Processed   110000/  240485 entries, 45.74% (elapsed time    29.6s, curr speed    4.469 kHz, avg speed    3.713 kHz), accepted     1230/  110001 events ( 1.12%)
Processed   120000/  240485 entries, 49.90% (elapsed time    31.9s, curr speed    4.477 kHz, avg speed    3.767 kHz), accepted     1355/  120001 events ( 1.13%)
Processed   130000/  240485 entries, 54.06% (elapsed time    33.9s, curr speed    5.007 kHz, avg speed    3.840 kHz), accepted     1479/  130001 events ( 1.14%)
Processed   140000/  240485 entries, 58.22% (elapsed time    36.1s, curr speed    4.396 kHz, avg speed    3.875 kHz), accepted     1600/  140001 events ( 1.14%)
Processed   150000/  240485 entries, 62.37% (elapsed time    38.3s, curr speed    4.701 kHz, avg speed    3.921 kHz), accepted     1721/  150001 events ( 1.15%)
Processed   160000/  240485 entries, 66.53% (elapsed time    40.5s, curr speed    4.445 kHz, avg speed    3.950 kHz), accepted     1848/  160001 events ( 1.15%)
Processed   170000/  240485 entries, 70.69% (elapsed time    42.5s, curr speed    4.990 kHz, avg speed    3.999 kHz), accepted     1959/  170001 events ( 1.15%)
Processed   180000/  240485 entries, 74.85% (elapsed time    44.6s, curr speed    4.704 kHz, avg speed    4.032 kHz), accepted     2059/  180001 events ( 1.14%)
Processed   190000/  240485 entries, 79.01% (elapsed time    46.9s, curr speed    4.429 kHz, avg speed    4.052 kHz), accepted     2181/  190001 events ( 1.15%)
Processed   200000/  240485 entries, 83.17% (elapsed time    49.2s, curr speed    4.269 kHz, avg speed    4.062 kHz), accepted     2284/  200001 events ( 1.14%)
Processed   210000/  240485 entries, 87.32% (elapsed time    51.4s, curr speed    4.600 kHz, avg speed    4.085 kHz), accepted     2400/  210001 events ( 1.14%)
Processed   220000/  240485 entries, 91.48% (elapsed time    53.9s, curr speed    4.098 kHz, avg speed    4.085 kHz), accepted     2535/  220001 events ( 1.15%)
Processed   230000/  240485 entries, 95.64% (elapsed time    55.9s, curr speed    4.808 kHz, avg speed    4.112 kHz), accepted     2643/  230001 events ( 1.15%)
Processed   240000/  240485 entries, 99.80% (elapsed time    58.2s, curr speed    4.448 kHz, avg speed    4.125 kHz), accepted     2764/  240001 events ( 1.15%)
Processed 240485 preselected entries from /eos/cms/store/group/phys_tau/TauFW/nano/UL2017/W3JetsToLNu_TuneCP5_13TeV-madgraphMLM-pythia8/RunIISummer19UL17NanoAODv2-106X_mc2017_realistic_v8-v1/NANOAODSIM/E4C68BC8-80A3-3A47-A009-DE1737BB1394_skimjec_1.root (240485 entries). Finally selected 2769 entries
Pre-select 240485 entries out of 240485 (100.00%)
Processed    10000/  240485 entries,  4.16% (elapsed time     5.2s, curr speed    1.938 kHz, avg speed    1.938 kHz), accepted      117/   10001 events ( 1.17%)
Processed    20000/  240485 entries,  8.32% (elapsed time     8.2s, curr speed    3.257 kHz, avg speed    2.430 kHz), accepted      230/   20001 events ( 1.15%)
Processed    30000/  240485 entries, 12.47% (elapsed time    10.4s, curr speed    4.557 kHz, avg speed    2.878 kHz), accepted      331/   30001 events ( 1.10%)
Processed    40000/  240485 entries, 16.63% (elapsed time    12.4s, curr speed    5.020 kHz, avg speed    3.222 kHz), accepted      424/   40001 events ( 1.06%)
Processed    50000/  240485 entries, 20.79% (elapsed time    15.0s, curr speed    3.809 kHz, avg speed    3.324 kHz), accepted      540/   50001 events ( 1.08%)
Processed    60000/  240485 entries, 24.95% (elapsed time    17.6s, curr speed    3.873 kHz, avg speed    3.405 kHz), accepted      655/   60001 events ( 1.09%)
Processed    70000/  240485 entries, 29.11% (elapsed time    20.1s, curr speed    4.057 kHz, avg speed    3.485 kHz), accepted      764/   70001 events ( 1.09%)
Processed    80000/  240485 entries, 33.27% (elapsed time    22.6s, curr speed    4.009 kHz, avg speed    3.543 kHz), accepted      869/   80001 events ( 1.09%)
Processed    90000/  240485 entries, 37.42% (elapsed time    24.8s, curr speed    4.493 kHz, avg speed    3.628 kHz), accepted      970/   90001 events ( 1.08%)
Processed   100000/  240485 entries, 41.58% (elapsed time    27.0s, curr speed    4.567 kHz, avg speed    3.704 kHz), accepted     1083/  100001 events ( 1.08%)
Processed   110000/  240485 entries, 45.74% (elapsed time    29.1s, curr speed    4.782 kHz, avg speed    3.782 kHz), accepted     1197/  110001 events ( 1.09%)
Processed   120000/  240485 entries, 49.90% (elapsed time    30.9s, curr speed    5.406 kHz, avg speed    3.879 kHz), accepted     1295/  120001 events ( 1.08%)
Processed   130000/  240485 entries, 54.06% (elapsed time    33.0s, curr speed    4.966 kHz, avg speed    3.945 kHz), accepted     1412/  130001 events ( 1.09%)
Processed   140000/  240485 entries, 58.22% (elapsed time    35.2s, curr speed    4.527 kHz, avg speed    3.982 kHz), accepted     1539/  140001 events ( 1.10%)
Processed   150000/  240485 entries, 62.37% (elapsed time    37.2s, curr speed    4.953 kHz, avg speed    4.034 kHz), accepted     1654/  150001 events ( 1.10%)
Processed   160000/  240485 entries, 66.53% (elapsed time    39.3s, curr speed    4.641 kHz, avg speed    4.068 kHz), accepted     1772/  160001 events ( 1.11%)
Processed   170000/  240485 entries, 70.69% (elapsed time    41.5s, curr speed    4.667 kHz, avg speed    4.099 kHz), accepted     1877/  170001 events ( 1.10%)
Processed   180000/  240485 entries, 74.85% (elapsed time    44.3s, curr speed    3.523 kHz, avg speed    4.062 kHz), accepted     1978/  180001 events ( 1.10%)
Processed   190000/  240485 entries, 79.01% (elapsed time    46.6s, curr speed    4.394 kHz, avg speed    4.078 kHz), accepted     2093/  190001 events ( 1.10%)
Processed   200000/  240485 entries, 83.17% (elapsed time    49.4s, curr speed    3.534 kHz, avg speed    4.047 kHz), accepted     2207/  200001 events ( 1.10%)
Processed   210000/  240485 entries, 87.32% (elapsed time    51.9s, curr speed    4.057 kHz, avg speed    4.047 kHz), accepted     2320/  210001 events ( 1.10%)
Processed   220000/  240485 entries, 91.48% (elapsed time    54.4s, curr speed    3.932 kHz, avg speed    4.042 kHz), accepted     2431/  220001 events ( 1.10%)
Processed   230000/  240485 entries, 95.64% (elapsed time    57.0s, curr speed    3.845 kHz, avg speed    4.033 kHz), accepted     2532/  230001 events ( 1.10%)
Processed   240000/  240485 entries, 99.80% (elapsed time    59.5s, curr speed    4.038 kHz, avg speed    4.033 kHz), accepted     2653/  240001 events ( 1.11%)
Processed 240485 preselected entries from /eos/cms/store/group/phys_tau/TauFW/nano/UL2017/W3JetsToLNu_TuneCP5_13TeV-madgraphMLM-pythia8/RunIISummer19UL17NanoAODv2-106X_mc2017_realistic_v8-v1/NANOAODSIM/E4C68BC8-80A3-3A47-A009-DE1737BB1394_skimjec_2.root (240485 entries). Finally selected 2666 entries
Pre-select 240485 entries out of 240485 (100.00%)
Processed    10000/  240485 entries,  4.16% (elapsed time     7.1s, curr speed    1.407 kHz, avg speed    1.407 kHz), accepted      127/   10001 events ( 1.27%)
Processed    20000/  240485 entries,  8.32% (elapsed time    12.6s, curr speed    1.815 kHz, avg speed    1.585 kHz), accepted      225/   20001 events ( 1.12%)
Processed    30000/  240485 entries, 12.47% (elapsed time    17.1s, curr speed    2.225 kHz, avg speed    1.753 kHz), accepted      329/   30001 events ( 1.10%)
Processed    40000/  240485 entries, 16.63% (elapsed time    19.5s, curr speed    4.144 kHz, avg speed    2.049 kHz), accepted      450/   40001 events ( 1.12%)
Processed    50000/  240485 entries, 20.79% (elapsed time    22.3s, curr speed    3.596 kHz, avg speed    2.242 kHz), accepted      559/   50001 events ( 1.12%)
Processed    60000/  240485 entries, 24.95% (elapsed time    24.7s, curr speed    4.113 kHz, avg speed    2.426 kHz), accepted      676/   60001 events ( 1.13%)
Processed    70000/  240485 entries, 29.11% (elapsed time    27.0s, curr speed    4.335 kHz, avg speed    2.589 kHz), accepted      781/   70001 events ( 1.12%)
Processed    80000/  240485 entries, 33.27% (elapsed time    29.4s, curr speed    4.285 kHz, avg speed    2.723 kHz), accepted      896/   80001 events ( 1.12%)
Processed    90000/  240485 entries, 37.42% (elapsed time    32.2s, curr speed    3.518 kHz, avg speed    2.794 kHz), accepted     1001/   90001 events ( 1.11%)
Processed   100000/  240485 entries, 41.58% (elapsed time    35.8s, curr speed    2.805 kHz, avg speed    2.795 kHz), accepted     1117/  100001 events ( 1.12%)
Processed   110000/  240485 entries, 45.74% (elapsed time    38.4s, curr speed    3.846 kHz, avg speed    2.866 kHz), accepted     1246/  110001 events ( 1.13%)
Processed   120000/  240485 entries, 49.90% (elapsed time    41.0s, curr speed    3.759 kHz, avg speed    2.924 kHz), accepted     1375/  120001 events ( 1.15%)
Processed   130000/  240485 entries, 54.06% (elapsed time    44.0s, curr speed    3.428 kHz, avg speed    2.957 kHz), accepted     1501/  130001 events ( 1.15%)
Processed   140000/  240485 entries, 58.22% (elapsed time    46.8s, curr speed    3.521 kHz, avg speed    2.991 kHz), accepted     1623/  140001 events ( 1.16%)
Processed   150000/  240485 entries, 62.37% (elapsed time    49.8s, curr speed    3.348 kHz, avg speed    3.013 kHz), accepted     1747/  150001 events ( 1.16%)
Processed   160000/  240485 entries, 66.53% (elapsed time    62.8s, curr speed    0.769 kHz, avg speed    2.548 kHz), accepted     1836/  160001 events ( 1.15%)
Processed   170000/  240485 entries, 70.69% (elapsed time    69.9s, curr speed    1.405 kHz, avg speed    2.432 kHz), accepted     1941/  170001 events ( 1.14%)
Processed   180000/  240485 entries, 74.85% (elapsed time    73.4s, curr speed    2.883 kHz, avg speed    2.453 kHz), accepted     2037/  180001 events ( 1.13%)
Processed   190000/  240485 entries, 79.01% (elapsed time    75.7s, curr speed    4.278 kHz, avg speed    2.509 kHz), accepted     2156/  190001 events ( 1.13%)
Processed   200000/  240485 entries, 83.17% (elapsed time    78.3s, curr speed    3.901 kHz, avg speed    2.555 kHz), accepted     2259/  200001 events ( 1.13%)
Processed   210000/  240485 entries, 87.32% (elapsed time    80.6s, curr speed    4.307 kHz, avg speed    2.605 kHz), accepted     2366/  210001 events ( 1.13%)
Processed   220000/  240485 entries, 91.48% (elapsed time    83.1s, curr speed    4.024 kHz, avg speed    2.648 kHz), accepted     2477/  220001 events ( 1.13%)
Processed   230000/  240485 entries, 95.64% (elapsed time    85.4s, curr speed    4.371 kHz, avg speed    2.694 kHz), accepted     2584/  230001 events ( 1.12%)
Processed   240000/  240485 entries, 99.80% (elapsed time    87.9s, curr speed    4.020 kHz, avg speed    2.732 kHz), accepted     2711/  240001 events ( 1.13%)
Processed 240485 preselected entries from /eos/cms/store/group/phys_tau/TauFW/nano/UL2017/W3JetsToLNu_TuneCP5_13TeV-madgraphMLM-pythia8/RunIISummer19UL17NanoAODv2-106X_mc2017_realistic_v8-v1/NANOAODSIM/E4C68BC8-80A3-3A47-A009-DE1737BB1394_skimjec_3.root (240485 entries). Finally selected 2722 entries
Total time 339.5 sec. to process 1202558 events. Rate = 3542.4 Hz.
>>> cwd          = /pool/condor/dir_25218
>>> ls           = ['tmp', 'x509_voms', '_condor_stdout', '.chirp.config', 'lvigilan.cc', 'condor_exec.exe', '.machine.ad', 'pico_etau_EES1p01_14.root', '.job.ad', 'var']
>>> getstorage('/eos/home-l/lvigilan/output_ETauFR_UL17_RUN1/UL2017/etau/W3JetsToLNu'), <EOS("/eos/home-l/lvigilan/output_ETauFR_UL17_RUN1/UL2017/etau/W3JetsToLNu") at 0x2b0f53b26a50>
>>> Executing: 'cp ./pico_etau_EES1p01_14.root /eos/home-l/lvigilan/output_ETauFR_UL17_RUN1/UL2017/etau/W3JetsToLNu'
>>> Removing './pico_etau_EES1p01_14.root'...
>>> picojob.py done after 371.8 seconds

Job complete at Tue Jun  8 10:20:50 CEST 2021
Took 6 minutes 14 seconds040 (2368945.014.000) 06/08 10:20:51 Finished transferring output files
...
005 (2368945.014.000) 06/08 10:20:51 Job terminated.
	(1) Normal termination (return value 0)
		Usr 0 00:03:42, Sys 0 00:00:09  -  Run Remote Usage
		Usr 0 00:00:00, Sys 0 00:00:00  -  Run Local Usage
		Usr 0 00:03:42, Sys 0 00:00:09  -  Total Remote Usage
		Usr 0 00:00:00, Sys 0 00:00:00  -  Total Local Usage
	37011  -  Run Bytes Sent By Job
	9926  -  Run Bytes Received By Job
	37011  -  Total Bytes Sent By Job
	9926  -  Total Bytes Received By Job
	Partitionable Resources :    Usage  Request Allocated 
	   Cpus                 :                 1         1 
	   Disk (KB)            :     1470        1    236863 
	   Memory (MB)          :      284     2000      2000 

	Job terminated of its own accord at 2021-06-08T08:20:50Z.
...
