Could not find platform independent libraries <prefix>
Could not find platform dependent libraries <exec_prefix>
Consider setting $PYTHONHOME to <prefix>[:<exec_prefix>]
ImportError: No module named site
Job start at Mon Jun  7 23:03:38 CEST 2021
Running job on machine Linux b7s13n4771.cern.ch 3.10.0-1160.21.1.el7.x86_64 #1 SMP Tue Mar 16 18:28:22 UTC 2021 x86_64 x86_64 x86_64 GNU/Linux, host b7s13n4771.cern.ch
============================================================
$PWD=/pool/condor/dir_14688
$JOBID=2367878
$TASKID=5
$HOSTNAME=b7s13n4771.cern.ch
$TASKCMD=/afs/cern.ch/work/l/lvigilan/TauWork/CMSSW_10_6_17_patch1/src/TauFW/PicoProducer/python/processors/picojob.py -y UL2017 -d 'mc' -c etau -M ETauFakeRate.ModuleETau --copydir /eos/home-l/lvigilan/output_ETauFR_UL17_RUN1/UL2017/etau/W3JetsToLNu -t _etau_EES0p99_5 --opt 'ees=0.99' 'useT1=True' -i /eos/cms/store/group/phys_tau/TauFW/nano/UL2017/W3JetsToLNu_TuneCP5_13TeV-madgraphMLM-pythia8/RunIISummer19UL17NanoAODv2-106X_mc2017_realistic_v8-v1/NANOAODSIM/5A10368B-692F-E64B-9C5B-5A5470444800_skimjec_1.root /eos/cms/store/group/phys_tau/TauFW/nano/UL2017/W3JetsToLNu_TuneCP5_13TeV-madgraphMLM-pythia8/RunIISummer19UL17NanoAODv2-106X_mc2017_realistic_v8-v1/NANOAODSIM/5A10368B-692F-E64B-9C5B-5A5470444800_skimjec_2.root /eos/cms/store/group/phys_tau/TauFW/nano/UL2017/W3JetsToLNu_TuneCP5_13TeV-madgraphMLM-pythia8/RunIISummer19UL17NanoAODv2-106X_mc2017_realistic_v8-v1/NANOAODSIM/5A10368B-692F-E64B-9C5B-5A5470444800_skimjec_3.root /eos/cms/store/group/phys_tau/TauFW/nano/UL2017/W3JetsToLNu_TuneCP5_13TeV-madgraphMLM-pythia8/RunIISummer19UL17NanoAODv2-106X_mc2017_realistic_v8-v1/NANOAODSIM/811069BA-56EB-4343-8465-D6B179025CA1_skimjec_0.root /eos/cms/store/group/phys_tau/TauFW/nano/UL2017/W3JetsToLNu_TuneCP5_13TeV-madgraphMLM-pythia8/RunIISummer19UL17NanoAODv2-106X_mc2017_realistic_v8-v1/NANOAODSIM/811069BA-56EB-4343-8465-D6B179025CA1_skimjec_1.root
$WORKDIR=/pool/condor/dir_14688
>>> cd /afs/cern.ch/work/l/lvigilan/TauWork/CMSSW_10_6_17_patch1/src
>>> eval `scramv1 runtime -sh`
>>> cd /pool/condor/dir_14688
$PWD=/pool/condor/dir_14688
>>> /afs/cern.ch/work/l/lvigilan/TauWork/CMSSW_10_6_17_patch1/src/TauFW/PicoProducer/python/processors/picojob.py -y UL2017 -d 'mc' -c etau -M ETauFakeRate.ModuleETau --copydir /eos/home-l/lvigilan/output_ETauFR_UL17_RUN1/UL2017/etau/W3JetsToLNu -t _etau_EES0p99_5 --opt 'ees=0.99' 'useT1=True' -i /eos/cms/store/group/phys_tau/TauFW/nano/UL2017/W3JetsToLNu_TuneCP5_13TeV-madgraphMLM-pythia8/RunIISummer19UL17NanoAODv2-106X_mc2017_realistic_v8-v1/NANOAODSIM/5A10368B-692F-E64B-9C5B-5A5470444800_skimjec_1.root /eos/cms/store/group/phys_tau/TauFW/nano/UL2017/W3JetsToLNu_TuneCP5_13TeV-madgraphMLM-pythia8/RunIISummer19UL17NanoAODv2-106X_mc2017_realistic_v8-v1/NANOAODSIM/5A10368B-692F-E64B-9C5B-5A5470444800_skimjec_2.root /eos/cms/store/group/phys_tau/TauFW/nano/UL2017/W3JetsToLNu_TuneCP5_13TeV-madgraphMLM-pythia8/RunIISummer19UL17NanoAODv2-106X_mc2017_realistic_v8-v1/NANOAODSIM/5A10368B-692F-E64B-9C5B-5A5470444800_skimjec_3.root /eos/cms/store/group/phys_tau/TauFW/nano/UL2017/W3JetsToLNu_TuneCP5_13TeV-madgraphMLM-pythia8/RunIISummer19UL17NanoAODv2-106X_mc2017_realistic_v8-v1/NANOAODSIM/811069BA-56EB-4343-8465-D6B179025CA1_skimjec_0.root /eos/cms/store/group/phys_tau/TauFW/nano/UL2017/W3JetsToLNu_TuneCP5_13TeV-madgraphMLM-pythia8/RunIISummer19UL17NanoAODv2-106X_mc2017_realistic_v8-v1/NANOAODSIM/811069BA-56EB-4343-8465-D6B179025CA1_skimjec_1.root
Error in <TGClient::TGClient>: can't open display "localhost:13.0", switching to batch mode...
 In case you run from a remote ssh session, reconnect with ssh -Y
--------------------------------------------------------------------------------
>>> era          = 'UL2017'
>>> year         = 2017
>>> channel      = 'etau'
>>> modname      = 'ETauFakeRate.ModuleETau'
>>> dtype        = 'mc'
>>> kwargs       = {'dtype': 'mc', 'ees': 0.99, 'useT1': True, 'verb': 0, 'era': 'UL2017', 'year': 2017}
>>> firstevt     = 0
>>> maxevts      = None
>>> outdir       = '.'
>>> copydir      = '/eos/home-l/lvigilan/output_ETauFR_UL17_RUN1/UL2017/etau/W3JetsToLNu'
>>> infiles      = ['/eos/cms/store/group/phys_tau/TauFW/nano/UL2017/W3JetsToLNu_TuneCP5_13TeV-madgraphMLM-pythia8/RunIISummer19UL17NanoAODv2-106X_mc2017_realistic_v8-v1/NANOAODSIM/5A10368B-692F-E64B-9C5B-5A5470444800_skimjec_1.root', '/eos/cms/store/group/phys_tau/TauFW/nano/UL2017/W3JetsToLNu_TuneCP5_13TeV-madgraphMLM-pythia8/RunIISummer19UL17NanoAODv2-106X_mc2017_realistic_v8-v1/NANOAODSIM/5A10368B-692F-E64B-9C5B-5A5470444800_skimjec_2.root', '/eos/cms/store/group/phys_tau/TauFW/nano/UL2017/W3JetsToLNu_TuneCP5_13TeV-madgraphMLM-pythia8/RunIISummer19UL17NanoAODv2-106X_mc2017_realistic_v8-v1/NANOAODSIM/5A10368B-692F-E64B-9C5B-5A5470444800_skimjec_3.root', '/eos/cms/store/group/phys_tau/TauFW/nano/UL2017/W3JetsToLNu_TuneCP5_13TeV-madgraphMLM-pythia8/RunIISummer19UL17NanoAODv2-106X_mc2017_realistic_v8-v1/NANOAODSIM/811069BA-56EB-4343-8465-D6B179025CA1_skimjec_0.root', '/eos/cms/store/group/phys_tau/TauFW/nano/UL2017/W3JetsToLNu_TuneCP5_13TeV-madgraphMLM-pythia8/RunIISummer19UL17NanoAODv2-106X_mc2017_realistic_v8-v1/NANOAODSIM/811069BA-56EB-4343-8465-D6B179025CA1_skimjec_1.root']
>>> outfname     = './pico_etau_EES0p99_5.root'
>>> branchsel    = '/afs/cern.ch/work/l/lvigilan/TauWork/CMSSW_10_6_17_patch1/python/TauFW/PicoProducer/processors/keep_and_drop_skim.txt'
>>> json         = None
>>> prefetch     = False
>>> cwd          = /pool/condor/dir_14688
--------------------------------------------------------------------------------

   ################
   #  ModuleETau  #
   ################

Loading PileupWeightTool for '/afs/cern.ch/work/l/lvigilan/TauWork/CMSSW_10_6_17_patch1/src/TauFW/PicoProducer/data/pileup/Data_PileUp_UL2017_69p2.root' and '/afs/cern.ch/work/l/lvigilan/TauWork/CMSSW_10_6_17_patch1/src/TauFW/PicoProducer/data/pileup/MC_PileUp_UL2017_Summer19.root'
Loading BTagWeightTool for DeepCSV (medium WP)...
>>> BTagTool: [1m[33mWarning! [0m[33mHistogram 'etau/eff_DeepCSV_udsg_medium' does not exist in /afs/cern.ch/work/l/lvigilan/TauWork/CMSSW_10_6_17_patch1/src/TauFW/PicoProducer/data/btag/DeepCSV_2017_12Apr2017_eff.root! Reverting to default efficiency histogram...[0m
>>> BTagTool: [1m[33mWarning! [0m[33mHistogram 'etau/eff_DeepCSV_c_medium' does not exist in /afs/cern.ch/work/l/lvigilan/TauWork/CMSSW_10_6_17_patch1/src/TauFW/PicoProducer/data/btag/DeepCSV_2017_12Apr2017_eff.root! Reverting to default efficiency histogram...[0m
>>> BTagTool: [1m[33mWarning! [0m[33mHistogram 'etau/eff_DeepCSV_b_medium' does not exist in /afs/cern.ch/work/l/lvigilan/TauWork/CMSSW_10_6_17_patch1/src/TauFW/PicoProducer/data/btag/DeepCSV_2017_12Apr2017_eff.root! Reverting to default efficiency histogram...[0m
>>> BTagTool: [1m[33mWarning! [0m[33mMade use of default efficiency histograms! The b tag weights from this module should be regarded as placeholders only,
and should NOT be used for analyses. B (mis)tag efficiencies in MC are analysis dependent. Please create your own
efficiency histogram with data/btag/getBTagEfficiencies.py after running all MC samples with BTagWeightTool.[0m
Loading TreeProducerETau for './pico_etau_EES0p99_5.root'
--------------------------------------------------------------------------------
>>> filename     = './pico_etau_EES0p99_5.root'
>>> year         = 2017
>>> dtype        = 'mc'
>>> channel      = 'etau'
>>> ismc         = True
>>> isdata       = False
>>> isembed      = False
>>> tes          = 1.0
>>> tessys       = None
>>> fes          = None
>>> ltf          = None
>>> jtf          = 1.0
>>> dotoppt      = False
>>> dozpt        = False
>>> dojec        = True
>>> dojecsys     = True
>>> dotight      = False
>>> useT1        = True
>>> jetCutPt     = 30
>>> bjetCutEta   = 2.7
>>> tauwp        = 0
>>> eleCutPt     = 36
>>> eleCutEta    = 2.1
>>> tauCutPt     = 20
>>> tauCutEta    = 2.3
>>> ZpeekReso    = 0.1
Pre-select 220455 entries out of 220455 (100.00%)
Processed    10000/  220455 entries,  4.54% (elapsed time     6.1s, curr speed    1.647 kHz, avg speed    1.647 kHz), accepted      103/   10001 events ( 1.03%)
Processed    20000/  220455 entries,  9.07% (elapsed time     8.4s, curr speed    4.259 kHz, avg speed    2.376 kHz), accepted      211/   20001 events ( 1.05%)
Processed    30000/  220455 entries, 13.61% (elapsed time    10.4s, curr speed    5.126 kHz, avg speed    2.893 kHz), accepted      314/   30001 events ( 1.05%)
Processed    40000/  220455 entries, 18.14% (elapsed time    12.5s, curr speed    4.660 kHz, avg speed    3.196 kHz), accepted      441/   40001 events ( 1.10%)
Processed    50000/  220455 entries, 22.68% (elapsed time    14.4s, curr speed    5.173 kHz, avg speed    3.461 kHz), accepted      552/   50001 events ( 1.10%)
Processed    60000/  220455 entries, 27.22% (elapsed time    16.5s, curr speed    4.790 kHz, avg speed    3.628 kHz), accepted      659/   60001 events ( 1.10%)
Processed    70000/  220455 entries, 31.75% (elapsed time    19.4s, curr speed    3.488 kHz, avg speed    3.608 kHz), accepted      764/   70001 events ( 1.09%)
Processed    80000/  220455 entries, 36.29% (elapsed time    21.5s, curr speed    4.803 kHz, avg speed    3.724 kHz), accepted      862/   80001 events ( 1.08%)
Processed    90000/  220455 entries, 40.82% (elapsed time    23.4s, curr speed    5.302 kHz, avg speed    3.851 kHz), accepted      966/   90001 events ( 1.07%)
Processed   100000/  220455 entries, 45.36% (elapsed time    25.7s, curr speed    4.263 kHz, avg speed    3.889 kHz), accepted     1084/  100001 events ( 1.08%)
Processed   110000/  220455 entries, 49.90% (elapsed time    28.0s, curr speed    4.407 kHz, avg speed    3.931 kHz), accepted     1186/  110001 events ( 1.08%)
Processed   120000/  220455 entries, 54.43% (elapsed time    30.0s, curr speed    4.959 kHz, avg speed    4.000 kHz), accepted     1289/  120001 events ( 1.07%)
Processed   130000/  220455 entries, 58.97% (elapsed time    32.2s, curr speed    4.648 kHz, avg speed    4.043 kHz), accepted     1417/  130001 events ( 1.09%)
Processed   140000/  220455 entries, 63.51% (elapsed time    34.6s, curr speed    4.172 kHz, avg speed    4.052 kHz), accepted     1523/  140001 events ( 1.09%)
Processed   150000/  220455 entries, 68.04% (elapsed time    37.0s, curr speed    4.002 kHz, avg speed    4.049 kHz), accepted     1633/  150001 events ( 1.09%)
Processed   160000/  220455 entries, 72.58% (elapsed time    39.4s, curr speed    4.247 kHz, avg speed    4.061 kHz), accepted     1737/  160001 events ( 1.09%)
Processed   170000/  220455 entries, 77.11% (elapsed time    41.8s, curr speed    4.239 kHz, avg speed    4.071 kHz), accepted     1838/  170001 events ( 1.08%)
Processed   180000/  220455 entries, 81.65% (elapsed time    44.4s, curr speed    3.790 kHz, avg speed    4.054 kHz), accepted     1949/  180001 events ( 1.08%)
Processed   190000/  220455 entries, 86.19% (elapsed time    46.8s, curr speed    4.086 kHz, avg speed    4.056 kHz), accepted     2067/  190001 events ( 1.09%)
Processed   200000/  220455 entries, 90.72% (elapsed time    48.9s, curr speed    4.800 kHz, avg speed    4.087 kHz), accepted     2170/  200001 events ( 1.08%)
Processed   210000/  220455 entries, 95.26% (elapsed time    50.9s, curr speed    5.213 kHz, avg speed    4.130 kHz), accepted     2292/  210001 events ( 1.09%)
Processed   220000/  220455 entries, 99.79% (elapsed time    53.1s, curr speed    4.463 kHz, avg speed    4.144 kHz), accepted     2416/  220001 events ( 1.10%)
Processed 220455 preselected entries from /eos/cms/store/group/phys_tau/TauFW/nano/UL2017/W3JetsToLNu_TuneCP5_13TeV-madgraphMLM-pythia8/RunIISummer19UL17NanoAODv2-106X_mc2017_realistic_v8-v1/NANOAODSIM/5A10368B-692F-E64B-9C5B-5A5470444800_skimjec_1.root (220455 entries). Finally selected 2418 entries
Pre-select 220455 entries out of 220455 (100.00%)
Processed    10000/  220455 entries,  4.54% (elapsed time     5.4s, curr speed    1.845 kHz, avg speed    1.845 kHz), accepted      112/   10001 events ( 1.12%)
Processed    20000/  220455 entries,  9.07% (elapsed time     8.8s, curr speed    2.919 kHz, avg speed    2.261 kHz), accepted      234/   20001 events ( 1.17%)
Processed    30000/  220455 entries, 13.61% (elapsed time    11.1s, curr speed    4.463 kHz, avg speed    2.706 kHz), accepted      334/   30001 events ( 1.11%)
Processed    40000/  220455 entries, 18.14% (elapsed time    13.2s, curr speed    4.693 kHz, avg speed    3.026 kHz), accepted      448/   40001 events ( 1.12%)
Processed    50000/  220455 entries, 22.68% (elapsed time    16.0s, curr speed    3.617 kHz, avg speed    3.129 kHz), accepted      573/   50001 events ( 1.15%)
Processed    60000/  220455 entries, 27.22% (elapsed time    18.7s, curr speed    3.677 kHz, avg speed    3.208 kHz), accepted      687/   60001 events ( 1.14%)
Processed    70000/  220455 entries, 31.75% (elapsed time    21.1s, curr speed    4.227 kHz, avg speed    3.323 kHz), accepted      795/   70001 events ( 1.14%)
Processed    80000/  220455 entries, 36.29% (elapsed time    23.6s, curr speed    3.905 kHz, avg speed    3.386 kHz), accepted      891/   80001 events ( 1.11%)
Processed    90000/  220455 entries, 40.82% (elapsed time    26.0s, curr speed    4.252 kHz, avg speed    3.464 kHz), accepted     1006/   90001 events ( 1.12%)
Processed   100000/  220455 entries, 45.36% (elapsed time    28.4s, curr speed    4.123 kHz, avg speed    3.520 kHz), accepted     1112/  100001 events ( 1.11%)
Processed   110000/  220455 entries, 49.90% (elapsed time    30.5s, curr speed    4.816 kHz, avg speed    3.609 kHz), accepted     1243/  110001 events ( 1.13%)
Processed   120000/  220455 entries, 54.43% (elapsed time    33.0s, curr speed    3.963 kHz, avg speed    3.636 kHz), accepted     1348/  120001 events ( 1.12%)
Processed   130000/  220455 entries, 58.97% (elapsed time    35.6s, curr speed    3.838 kHz, avg speed    3.651 kHz), accepted     1469/  130001 events ( 1.13%)
Processed   140000/  220455 entries, 63.51% (elapsed time    38.3s, curr speed    3.733 kHz, avg speed    3.656 kHz), accepted     1591/  140001 events ( 1.14%)
Processed   150000/  220455 entries, 68.04% (elapsed time    40.3s, curr speed    4.961 kHz, avg speed    3.722 kHz), accepted     1685/  150001 events ( 1.12%)
Processed   160000/  220455 entries, 72.58% (elapsed time    42.9s, curr speed    3.836 kHz, avg speed    3.729 kHz), accepted     1783/  160001 events ( 1.11%)
Processed   170000/  220455 entries, 77.11% (elapsed time    46.6s, curr speed    2.737 kHz, avg speed    3.651 kHz), accepted     1892/  170001 events ( 1.11%)
Processed   180000/  220455 entries, 81.65% (elapsed time    49.0s, curr speed    4.096 kHz, avg speed    3.673 kHz), accepted     2006/  180001 events ( 1.11%)
Processed   190000/  220455 entries, 86.19% (elapsed time    51.2s, curr speed    4.490 kHz, avg speed    3.708 kHz), accepted     2121/  190001 events ( 1.12%)
Processed   200000/  220455 entries, 90.72% (elapsed time    54.3s, curr speed    3.245 kHz, avg speed    3.682 kHz), accepted     2253/  200001 events ( 1.13%)
Processed   210000/  220455 entries, 95.26% (elapsed time    56.9s, curr speed    3.914 kHz, avg speed    3.693 kHz), accepted     2376/  210001 events ( 1.13%)
Processed   220000/  220455 entries, 99.79% (elapsed time    59.5s, curr speed    3.739 kHz, avg speed    3.695 kHz), accepted     2476/  220001 events ( 1.13%)
Processed 220455 preselected entries from /eos/cms/store/group/phys_tau/TauFW/nano/UL2017/W3JetsToLNu_TuneCP5_13TeV-madgraphMLM-pythia8/RunIISummer19UL17NanoAODv2-106X_mc2017_realistic_v8-v1/NANOAODSIM/5A10368B-692F-E64B-9C5B-5A5470444800_skimjec_2.root (220455 entries). Finally selected 2482 entries
Pre-select 220454 entries out of 220454 (100.00%)
Processed    10000/  220454 entries,  4.54% (elapsed time     5.5s, curr speed    1.823 kHz, avg speed    1.823 kHz), accepted      109/   10001 events ( 1.09%)
Processed    20000/  220454 entries,  9.07% (elapsed time     8.8s, curr speed    3.014 kHz, avg speed    2.272 kHz), accepted      227/   20001 events ( 1.13%)
Processed    30000/  220454 entries, 13.61% (elapsed time    11.1s, curr speed    4.359 kHz, avg speed    2.703 kHz), accepted      340/   30001 events ( 1.13%)
Processed    40000/  220454 entries, 18.14% (elapsed time    13.6s, curr speed    4.014 kHz, avg speed    2.944 kHz), accepted      448/   40001 events ( 1.12%)
Processed    50000/  220454 entries, 22.68% (elapsed time    16.1s, curr speed    3.918 kHz, avg speed    3.098 kHz), accepted      571/   50001 events ( 1.14%)
Processed    60000/  220454 entries, 27.22% (elapsed time    18.6s, curr speed    4.084 kHz, avg speed    3.228 kHz), accepted      693/   60001 events ( 1.15%)
Processed    70000/  220454 entries, 31.75% (elapsed time    20.6s, curr speed    4.918 kHz, avg speed    3.394 kHz), accepted      795/   70001 events ( 1.14%)
Processed    80000/  220454 entries, 36.29% (elapsed time    23.0s, curr speed    4.140 kHz, avg speed    3.472 kHz), accepted      910/   80001 events ( 1.14%)
Processed    90000/  220454 entries, 40.82% (elapsed time    25.4s, curr speed    4.163 kHz, avg speed    3.538 kHz), accepted     1014/   90001 events ( 1.13%)
Processed   100000/  220454 entries, 45.36% (elapsed time    28.2s, curr speed    3.615 kHz, avg speed    3.545 kHz), accepted     1130/  100001 events ( 1.13%)
Processed   110000/  220454 entries, 49.90% (elapsed time    30.4s, curr speed    4.466 kHz, avg speed    3.613 kHz), accepted     1247/  110001 events ( 1.13%)
Processed   120000/  220454 entries, 54.43% (elapsed time    33.9s, curr speed    2.886 kHz, avg speed    3.539 kHz), accepted     1362/  120001 events ( 1.13%)
Processed   130000/  220454 entries, 58.97% (elapsed time    36.0s, curr speed    4.804 kHz, avg speed    3.612 kHz), accepted     1471/  130001 events ( 1.13%)
Processed   140000/  220454 entries, 63.51% (elapsed time    38.3s, curr speed    4.259 kHz, avg speed    3.652 kHz), accepted     1591/  140001 events ( 1.14%)
Processed   150000/  220454 entries, 68.04% (elapsed time    41.0s, curr speed    3.758 kHz, avg speed    3.658 kHz), accepted     1710/  150001 events ( 1.14%)
Processed   160000/  220454 entries, 72.58% (elapsed time    44.5s, curr speed    2.865 kHz, avg speed    3.596 kHz), accepted     1849/  160001 events ( 1.16%)
Processed   170000/  220454 entries, 77.11% (elapsed time    48.4s, curr speed    2.592 kHz, avg speed    3.516 kHz), accepted     1963/  170001 events ( 1.15%)
Processed   180000/  220454 entries, 81.65% (elapsed time    51.2s, curr speed    3.549 kHz, avg speed    3.518 kHz), accepted     2066/  180001 events ( 1.15%)
Processed   190000/  220454 entries, 86.19% (elapsed time    53.6s, curr speed    4.070 kHz, avg speed    3.543 kHz), accepted     2179/  190001 events ( 1.15%)
Processed   200000/  220454 entries, 90.72% (elapsed time    56.9s, curr speed    3.057 kHz, avg speed    3.515 kHz), accepted     2294/  200001 events ( 1.15%)
Processed   210000/  220454 entries, 95.26% (elapsed time    59.5s, curr speed    3.776 kHz, avg speed    3.527 kHz), accepted     2407/  210001 events ( 1.15%)
Processed   220000/  220454 entries, 99.79% (elapsed time    61.6s, curr speed    4.788 kHz, avg speed    3.570 kHz), accepted     2497/  220001 events ( 1.13%)
Processed 220454 preselected entries from /eos/cms/store/group/phys_tau/TauFW/nano/UL2017/W3JetsToLNu_TuneCP5_13TeV-madgraphMLM-pythia8/RunIISummer19UL17NanoAODv2-106X_mc2017_realistic_v8-v1/NANOAODSIM/5A10368B-692F-E64B-9C5B-5A5470444800_skimjec_3.root (220454 entries). Finally selected 2504 entries
Pre-select 247241 entries out of 247241 (100.00%)
Processed    10000/  247241 entries,  4.04% (elapsed time     5.5s, curr speed    1.820 kHz, avg speed    1.820 kHz), accepted      113/   10001 events ( 1.13%)
Processed    20000/  247241 entries,  8.09% (elapsed time     8.7s, curr speed    3.112 kHz, avg speed    2.297 kHz), accepted      222/   20001 events ( 1.11%)
Processed    30000/  247241 entries, 12.13% (elapsed time    11.8s, curr speed    3.241 kHz, avg speed    2.544 kHz), accepted      341/   30001 events ( 1.14%)
Processed    40000/  247241 entries, 16.18% (elapsed time    14.2s, curr speed    4.085 kHz, avg speed    2.809 kHz), accepted      454/   40001 events ( 1.13%)
Processed    50000/  247241 entries, 20.22% (elapsed time    17.5s, curr speed    3.072 kHz, avg speed    2.858 kHz), accepted      577/   50001 events ( 1.15%)
Processed    60000/  247241 entries, 24.27% (elapsed time    20.4s, curr speed    3.396 kHz, avg speed    2.935 kHz), accepted      698/   60001 events ( 1.16%)
Processed    70000/  247241 entries, 28.31% (elapsed time    23.1s, curr speed    3.764 kHz, avg speed    3.030 kHz), accepted      817/   70001 events ( 1.17%)
Processed    80000/  247241 entries, 32.36% (elapsed time    25.9s, curr speed    3.564 kHz, avg speed    3.088 kHz), accepted      941/   80001 events ( 1.18%)
Processed    90000/  247241 entries, 36.40% (elapsed time    28.3s, curr speed    4.130 kHz, avg speed    3.177 kHz), accepted     1066/   90001 events ( 1.18%)
Processed   100000/  247241 entries, 40.45% (elapsed time    30.9s, curr speed    3.827 kHz, avg speed    3.232 kHz), accepted     1191/  100001 events ( 1.19%)
Processed   110000/  247241 entries, 44.49% (elapsed time    33.2s, curr speed    4.493 kHz, avg speed    3.317 kHz), accepted     1311/  110001 events ( 1.19%)
Processed   120000/  247241 entries, 48.54% (elapsed time    36.2s, curr speed    3.286 kHz, avg speed    3.314 kHz), accepted     1416/  120001 events ( 1.18%)
Processed   130000/  247241 entries, 52.58% (elapsed time    38.5s, curr speed    4.368 kHz, avg speed    3.377 kHz), accepted     1528/  130001 events ( 1.18%)
Processed   140000/  247241 entries, 56.62% (elapsed time    41.1s, curr speed    3.915 kHz, avg speed    3.410 kHz), accepted     1632/  140001 events ( 1.17%)
Processed   150000/  247241 entries, 60.67% (elapsed time    43.6s, curr speed    3.954 kHz, avg speed    3.442 kHz), accepted     1735/  150001 events ( 1.16%)
Processed   160000/  247241 entries, 64.71% (elapsed time    46.1s, curr speed    3.995 kHz, avg speed    3.472 kHz), accepted     1849/  160001 events ( 1.16%)
Processed   170000/  247241 entries, 68.76% (elapsed time    49.0s, curr speed    3.428 kHz, avg speed    3.469 kHz), accepted     1978/  170001 events ( 1.16%)
Processed   180000/  247241 entries, 72.80% (elapsed time    51.2s, curr speed    4.549 kHz, avg speed    3.516 kHz), accepted     2097/  180001 events ( 1.16%)
Processed   190000/  247241 entries, 76.85% (elapsed time    53.5s, curr speed    4.405 kHz, avg speed    3.553 kHz), accepted     2181/  190001 events ( 1.15%)
Processed   200000/  247241 entries, 80.89% (elapsed time    56.6s, curr speed    3.201 kHz, avg speed    3.534 kHz), accepted     2273/  200001 events ( 1.14%)
Processed   210000/  247241 entries, 84.94% (elapsed time    59.2s, curr speed    3.884 kHz, avg speed    3.549 kHz), accepted     2384/  210001 events ( 1.14%)
Processed   220000/  247241 entries, 88.98% (elapsed time    61.6s, curr speed    4.064 kHz, avg speed    3.570 kHz), accepted     2499/  220001 events ( 1.14%)
Processed   230000/  247241 entries, 93.03% (elapsed time    64.3s, curr speed    3.761 kHz, avg speed    3.578 kHz), accepted     2613/  230001 events ( 1.14%)
Processed   240000/  247241 entries, 97.07% (elapsed time    66.7s, curr speed    4.069 kHz, avg speed    3.596 kHz), accepted     2732/  240001 events ( 1.14%)
Processed 247241 preselected entries from /eos/cms/store/group/phys_tau/TauFW/nano/UL2017/W3JetsToLNu_TuneCP5_13TeV-madgraphMLM-pythia8/RunIISummer19UL17NanoAODv2-106X_mc2017_realistic_v8-v1/NANOAODSIM/811069BA-56EB-4343-8465-D6B179025CA1_skimjec_0.root (247241 entries). Finally selected 2809 entries
Pre-select 247241 entries out of 247241 (100.00%)
Processed    10000/  247241 entries,  4.04% (elapsed time     6.3s, curr speed    1.581 kHz, avg speed    1.581 kHz), accepted      139/   10001 events ( 1.39%)
Processed    20000/  247241 entries,  8.09% (elapsed time    11.3s, curr speed    1.999 kHz, avg speed    1.766 kHz), accepted      269/   20001 events ( 1.34%)
Processed    30000/  247241 entries, 12.13% (elapsed time    13.7s, curr speed    4.281 kHz, avg speed    2.196 kHz), accepted      367/   30001 events ( 1.22%)
Processed    40000/  247241 entries, 16.18% (elapsed time    15.9s, curr speed    4.484 kHz, avg speed    2.517 kHz), accepted      472/   40001 events ( 1.18%)
Processed    50000/  247241 entries, 20.22% (elapsed time    18.4s, curr speed    3.975 kHz, avg speed    2.716 kHz), accepted      598/   50001 events ( 1.20%)
Processed    60000/  247241 entries, 24.27% (elapsed time    21.8s, curr speed    2.976 kHz, avg speed    2.756 kHz), accepted      695/   60001 events ( 1.16%)
Processed    70000/  247241 entries, 28.31% (elapsed time    24.1s, curr speed    4.325 kHz, avg speed    2.907 kHz), accepted      796/   70001 events ( 1.14%)
Processed    80000/  247241 entries, 32.36% (elapsed time    26.6s, curr speed    3.956 kHz, avg speed    3.006 kHz), accepted      911/   80001 events ( 1.14%)
Processed    90000/  247241 entries, 36.40% (elapsed time    30.3s, curr speed    2.737 kHz, avg speed    2.974 kHz), accepted     1018/   90001 events ( 1.13%)
Processed   100000/  247241 entries, 40.45% (elapsed time    32.6s, curr speed    4.212 kHz, avg speed    3.064 kHz), accepted     1125/  100001 events ( 1.12%)
Processed   110000/  247241 entries, 44.49% (elapsed time    34.9s, curr speed    4.391 kHz, avg speed    3.150 kHz), accepted     1265/  110001 events ( 1.15%)
Processed   120000/  247241 entries, 48.54% (elapsed time    38.0s, curr speed    3.209 kHz, avg speed    3.155 kHz), accepted     1390/  120001 events ( 1.16%)
Processed   130000/  247241 entries, 52.58% (elapsed time    40.6s, curr speed    3.827 kHz, avg speed    3.198 kHz), accepted     1518/  130001 events ( 1.17%)
Processed   140000/  247241 entries, 56.62% (elapsed time    44.4s, curr speed    2.643 kHz, avg speed    3.151 kHz), accepted     1626/  140001 events ( 1.16%)
Processed   150000/  247241 entries, 60.67% (elapsed time    46.7s, curr speed    4.377 kHz, avg speed    3.211 kHz), accepted     1740/  150001 events ( 1.16%)
Processed   160000/  247241 entries, 64.71% (elapsed time    49.1s, curr speed    4.112 kHz, avg speed    3.256 kHz), accepted     1851/  160001 events ( 1.16%)
Processed   170000/  247241 entries, 68.76% (elapsed time    51.6s, curr speed    4.129 kHz, avg speed    3.297 kHz), accepted     1957/  170001 events ( 1.15%)
Processed   180000/  247241 entries, 72.80% (elapsed time    54.0s, curr speed    4.035 kHz, avg speed    3.331 kHz), accepted     2077/  180001 events ( 1.15%)
Processed   190000/  247241 entries, 76.85% (elapsed time    56.3s, curr speed    4.490 kHz, avg speed    3.376 kHz), accepted     2181/  190001 events ( 1.15%)
Processed   200000/  247241 entries, 80.89% (elapsed time    59.0s, curr speed    3.615 kHz, avg speed    3.388 kHz), accepted     2269/  200001 events ( 1.13%)
Processed   210000/  247241 entries, 84.94% (elapsed time    62.1s, curr speed    3.286 kHz, avg speed    3.383 kHz), accepted     2374/  210001 events ( 1.13%)
Processed   220000/  247241 entries, 88.98% (elapsed time    64.8s, curr speed    3.707 kHz, avg speed    3.396 kHz), accepted     2492/  220001 events ( 1.13%)
Processed   230000/  247241 entries, 93.03% (elapsed time    67.1s, curr speed    4.304 kHz, avg speed    3.428 kHz), accepted     2600/  230001 events ( 1.13%)
Processed   240000/  247241 entries, 97.07% (elapsed time    70.1s, curr speed    3.384 kHz, avg speed    3.426 kHz), accepted     2692/  240001 events ( 1.12%)
Processed 247241 preselected entries from /eos/cms/store/group/phys_tau/TauFW/nano/UL2017/W3JetsToLNu_TuneCP5_13TeV-madgraphMLM-pythia8/RunIISummer19UL17NanoAODv2-106X_mc2017_realistic_v8-v1/NANOAODSIM/811069BA-56EB-4343-8465-D6B179025CA1_skimjec_1.root (247241 entries). Finally selected 2777 entries
Total time 317.1 sec. to process 1155846 events. Rate = 3644.6 Hz.
>>> cwd          = /pool/condor/dir_14688
>>> ls           = ['x509_voms', 'tmp', 'condor_exec.exe', 'lvigilan.cc', '.job.ad', '.machine.ad', '.chirp.config', 'pico_etau_EES0p99_5.root', 'var', '_condor_stdout']
>>> getstorage('/eos/home-l/lvigilan/output_ETauFR_UL17_RUN1/UL2017/etau/W3JetsToLNu'), <EOS("/eos/home-l/lvigilan/output_ETauFR_UL17_RUN1/UL2017/etau/W3JetsToLNu") at 0x2b7eca74bb90>
>>> Executing: 'cp ./pico_etau_EES0p99_5.root /eos/home-l/lvigilan/output_ETauFR_UL17_RUN1/UL2017/etau/W3JetsToLNu'
>>> Removing './pico_etau_EES0p99_5.root'...
>>> picojob.py done after 389.9 seconds

Job complete at Mon Jun  7 23:10:17 CEST 2021
Took 6 minutes 39 seconds040 (2367878.005.000) 06/07 23:10:31 Finished transferring output files
...
005 (2367878.005.000) 06/07 23:10:31 Job terminated.
	(1) Normal termination (return value 0)
		Usr 0 00:03:11, Sys 0 00:00:07  -  Run Remote Usage
		Usr 0 00:00:00, Sys 0 00:00:00  -  Run Local Usage
		Usr 0 00:03:11, Sys 0 00:00:07  -  Total Remote Usage
		Usr 0 00:00:00, Sys 0 00:00:00  -  Total Local Usage
	36037  -  Run Bytes Sent By Job
	9898  -  Run Bytes Received By Job
	36037  -  Total Bytes Sent By Job
	9898  -  Total Bytes Received By Job
	Partitionable Resources :    Usage  Request Allocated 
	   Cpus                 :                 1         1 
	   Disk (KB)            :     1468        1    153908 
	   Memory (MB)          :      283     2000      2000 

	Job terminated of its own accord at 2021-06-07T21:10:17Z.
...
