Could not find platform independent libraries <prefix>
Could not find platform dependent libraries <exec_prefix>
Consider setting $PYTHONHOME to <prefix>[:<exec_prefix>]
ImportError: No module named site
Job start at Fri Nov 27 19:25:45 CET 2020
Running job on machine Linux b7s06n0177.cern.ch 3.10.0-1127.19.1.el7.x86_64 #1 SMP Tue Aug 25 17:23:54 UTC 2020 x86_64 x86_64 x86_64 GNU/Linux, host b7s06n0177.cern.ch
============================================================
$PWD=/pool/condor/dir_18122
$JOBID=1566412
$TASKID=0
$HOSTNAME=b7s06n0177.cern.ch
$TASKCMD=/afs/cern.ch/work/l/lvigilan/TauWork/CMSSW_10_6_17_patch1/src/TauFW/PicoProducer/python/processors/picojob.py -y 2017 -d 'mc' -c etau -M ModuleETau --copydir /eos/home-l/lvigilan/output_2017ReReco18/2017/etau/DY2JetsToLL_M-50 -t _etau_0 --opt 'jec=False' 'zpt=True' -i root://cms-xrd-global.cern.ch//store/mc/RunIIFall17NanoAODv6/DY2JetsToLL_M-50_TuneCP5_13TeV-madgraphMLM-pythia8/NANOAODSIM/PU2017_12Apr2018_Nano25Oct2019_102X_mc2017_realistic_v7-v1/70000/6BC08A56-8478-8049-B780-CFF46CACE02F.root root://cms-xrd-global.cern.ch//store/mc/RunIIFall17NanoAODv6/DY2JetsToLL_M-50_TuneCP5_13TeV-madgraphMLM-pythia8/NANOAODSIM/PU2017_12Apr2018_Nano25Oct2019_102X_mc2017_realistic_v7-v1/70000/7B36ED31-A929-CC4F-8B54-B97FC0697E25.root root://cms-xrd-global.cern.ch//store/mc/RunIIFall17NanoAODv6/DY2JetsToLL_M-50_TuneCP5_13TeV-madgraphMLM-pythia8/NANOAODSIM/PU2017_12Apr2018_Nano25Oct2019_new_pmx_102X_mc2017_realistic_v7_ext1-v1/100000/13C672B7-5A82-2E46-9E36-CE842D30A8CC.root root://cms-xrd-global.cern.ch//store/mc/RunIIFall17NanoAODv6/DY2JetsToLL_M-50_TuneCP5_13TeV-madgraphMLM-pythia8/NANOAODSIM/PU2017_12Apr2018_Nano25Oct2019_new_pmx_102X_mc2017_realistic_v7_ext1-v1/100000/156BDF03-D63B-7844-9EAA-2B70AC81432E.root root://cms-xrd-global.cern.ch//store/mc/RunIIFall17NanoAODv6/DY2JetsToLL_M-50_TuneCP5_13TeV-madgraphMLM-pythia8/NANOAODSIM/PU2017_12Apr2018_Nano25Oct2019_new_pmx_102X_mc2017_realistic_v7_ext1-v1/100000/27787D27-ECAE-4A46-AA94-BEE47AE6E5E0.root
$WORKDIR=/pool/condor/dir_18122
>>> cd /afs/cern.ch/work/l/lvigilan/TauWork/CMSSW_10_6_17_patch1/src
>>> eval `scramv1 runtime -sh`
>>> cd /pool/condor/dir_18122
$PWD=/pool/condor/dir_18122
>>> /afs/cern.ch/work/l/lvigilan/TauWork/CMSSW_10_6_17_patch1/src/TauFW/PicoProducer/python/processors/picojob.py -y 2017 -d 'mc' -c etau -M ModuleETau --copydir /eos/home-l/lvigilan/output_2017ReReco18/2017/etau/DY2JetsToLL_M-50 -t _etau_0 --opt 'jec=False' 'zpt=True' -i root://cms-xrd-global.cern.ch//store/mc/RunIIFall17NanoAODv6/DY2JetsToLL_M-50_TuneCP5_13TeV-madgraphMLM-pythia8/NANOAODSIM/PU2017_12Apr2018_Nano25Oct2019_102X_mc2017_realistic_v7-v1/70000/6BC08A56-8478-8049-B780-CFF46CACE02F.root root://cms-xrd-global.cern.ch//store/mc/RunIIFall17NanoAODv6/DY2JetsToLL_M-50_TuneCP5_13TeV-madgraphMLM-pythia8/NANOAODSIM/PU2017_12Apr2018_Nano25Oct2019_102X_mc2017_realistic_v7-v1/70000/7B36ED31-A929-CC4F-8B54-B97FC0697E25.root root://cms-xrd-global.cern.ch//store/mc/RunIIFall17NanoAODv6/DY2JetsToLL_M-50_TuneCP5_13TeV-madgraphMLM-pythia8/NANOAODSIM/PU2017_12Apr2018_Nano25Oct2019_new_pmx_102X_mc2017_realistic_v7_ext1-v1/100000/13C672B7-5A82-2E46-9E36-CE842D30A8CC.root root://cms-xrd-global.cern.ch//store/mc/RunIIFall17NanoAODv6/DY2JetsToLL_M-50_TuneCP5_13TeV-madgraphMLM-pythia8/NANOAODSIM/PU2017_12Apr2018_Nano25Oct2019_new_pmx_102X_mc2017_realistic_v7_ext1-v1/100000/156BDF03-D63B-7844-9EAA-2B70AC81432E.root root://cms-xrd-global.cern.ch//store/mc/RunIIFall17NanoAODv6/DY2JetsToLL_M-50_TuneCP5_13TeV-madgraphMLM-pythia8/NANOAODSIM/PU2017_12Apr2018_Nano25Oct2019_new_pmx_102X_mc2017_realistic_v7_ext1-v1/100000/27787D27-ECAE-4A46-AA94-BEE47AE6E5E0.root
Error in <TGClient::TGClient>: can't open display "localhost:14.0", switching to batch mode...
 In case you run from a remote ssh session, reconnect with ssh -Y
--------------------------------------------------------------------------------
>>> era          = '2017'
>>> year         = 2017
>>> channel      = 'etau'
>>> modname      = 'ModuleETau'
>>> dtype        = 'mc'
>>> kwargs       = {'dtype': 'mc', 'zpt': True, 'jec': False, 'verb': 0, 'era': '2017', 'year': 2017}
>>> maxevts      = None
>>> outdir       = '.'
>>> copydir      = '/eos/home-l/lvigilan/output_2017ReReco18/2017/etau/DY2JetsToLL_M-50'
>>> infiles      = ['root://cms-xrd-global.cern.ch//store/mc/RunIIFall17NanoAODv6/DY2JetsToLL_M-50_TuneCP5_13TeV-madgraphMLM-pythia8/NANOAODSIM/PU2017_12Apr2018_Nano25Oct2019_102X_mc2017_realistic_v7-v1/70000/6BC08A56-8478-8049-B780-CFF46CACE02F.root', 'root://cms-xrd-global.cern.ch//store/mc/RunIIFall17NanoAODv6/DY2JetsToLL_M-50_TuneCP5_13TeV-madgraphMLM-pythia8/NANOAODSIM/PU2017_12Apr2018_Nano25Oct2019_102X_mc2017_realistic_v7-v1/70000/7B36ED31-A929-CC4F-8B54-B97FC0697E25.root', 'root://cms-xrd-global.cern.ch//store/mc/RunIIFall17NanoAODv6/DY2JetsToLL_M-50_TuneCP5_13TeV-madgraphMLM-pythia8/NANOAODSIM/PU2017_12Apr2018_Nano25Oct2019_new_pmx_102X_mc2017_realistic_v7_ext1-v1/100000/13C672B7-5A82-2E46-9E36-CE842D30A8CC.root', 'root://cms-xrd-global.cern.ch//store/mc/RunIIFall17NanoAODv6/DY2JetsToLL_M-50_TuneCP5_13TeV-madgraphMLM-pythia8/NANOAODSIM/PU2017_12Apr2018_Nano25Oct2019_new_pmx_102X_mc2017_realistic_v7_ext1-v1/100000/156BDF03-D63B-7844-9EAA-2B70AC81432E.root', 'root://cms-xrd-global.cern.ch//store/mc/RunIIFall17NanoAODv6/DY2JetsToLL_M-50_TuneCP5_13TeV-madgraphMLM-pythia8/NANOAODSIM/PU2017_12Apr2018_Nano25Oct2019_new_pmx_102X_mc2017_realistic_v7_ext1-v1/100000/27787D27-ECAE-4A46-AA94-BEE47AE6E5E0.root']
>>> outfname     = './pico_etau_etau_0.root'
>>> branchsel    = '/afs/cern.ch/work/l/lvigilan/TauWork/CMSSW_10_6_17_patch1/python/TauFW/PicoProducer/processors/keep_and_drop_skim.txt'
>>> json         = None
>>> prefetch     = False
>>> cwd          = /pool/condor/dir_18122
--------------------------------------------------------------------------------

   ################
   #  ModuleETau  #
   ################

Loading PileupWeightTool for '/afs/cern.ch/work/l/lvigilan/TauWork/CMSSW_10_6_17_patch1/src/TauFW/PicoProducer/data/pileup/Data_PileUp_2017_69p2.root' and '/afs/cern.ch/work/l/lvigilan/TauWork/CMSSW_10_6_17_patch1/src/TauFW/PicoProducer/data/pileup/MC_PileUp_2017_Winter17_V2_new_pmx.root'
Loading BTagWeightTool for DeepCSV (medium WP)...
>>> BTagTool: [1m[33mWarning! [0m[33mHistogram 'etau/eff_DeepCSV_udsg_medium' does not exist in /afs/cern.ch/work/l/lvigilan/TauWork/CMSSW_10_6_17_patch1/src/TauFW/PicoProducer/data/btag/DeepCSV_2017_12Apr2017_eff.root! Reverting to default efficiency histogram...[0m
>>> BTagTool: [1m[33mWarning! [0m[33mHistogram 'etau/eff_DeepCSV_c_medium' does not exist in /afs/cern.ch/work/l/lvigilan/TauWork/CMSSW_10_6_17_patch1/src/TauFW/PicoProducer/data/btag/DeepCSV_2017_12Apr2017_eff.root! Reverting to default efficiency histogram...[0m
>>> BTagTool: [1m[33mWarning! [0m[33mHistogram 'etau/eff_DeepCSV_b_medium' does not exist in /afs/cern.ch/work/l/lvigilan/TauWork/CMSSW_10_6_17_patch1/src/TauFW/PicoProducer/data/btag/DeepCSV_2017_12Apr2017_eff.root! Reverting to default efficiency histogram...[0m
>>> BTagTool: [1m[33mWarning! [0m[33mMade use of default efficiency histograms! The b tag weights from this module should be regarded as placeholders only,
and should NOT be used for analyses. B (mis)tag efficiencies in MC are analysis dependent. Please create your own
efficiency histogram with data/btag/getBTagEfficiencies.py after running all MC samples with BTagWeightTool.[0m
Loading TreeProducerETau for './pico_etau_etau_0.root'
--------------------------------------------------------------------------------
>>> filename     = './pico_etau_etau_0.root'
>>> year         = 2017
>>> dtype        = 'mc'
>>> channel      = 'etau'
>>> ismc         = True
>>> isdata       = False
>>> isembed      = False
>>> tes          = None
>>> tessys       = None
>>> ltf          = 1.0
>>> jtf          = 1.0
>>> dotoppt      = False
>>> dozpt        = True
>>> dojec        = False
>>> dojecsys     = False
>>> dotight      = False
>>> jetCutPt     = 30
>>> bjetCutEta   = 2.7
>>> tauwp        = 0
>>> eleCutPt     = 36
>>> eleCutEta    = 2.1
>>> tauCutPt     = 20
>>> tauCutEta    = 2.3
Pre-select 7131 entries out of 7131 (100.00%)
Processed 7131 preselected entries from root://cms-xrd-global.cern.ch//store/mc/RunIIFall17NanoAODv6/DY2JetsToLL_M-50_TuneCP5_13TeV-madgraphMLM-pythia8/NANOAODSIM/PU2017_12Apr2018_Nano25Oct2019_102X_mc2017_realistic_v7-v1/70000/6BC08A56-8478-8049-B780-CFF46CACE02F.root (7131 entries). Finally selected 35 entries
Pre-select 81764 entries out of 81764 (100.00%)
Processed    10000/   81764 entries, 12.23% (elapsed time    16.7s, curr speed    0.600 kHz, avg speed    0.600 kHz), accepted       61/   10001 events ( 0.61%)
Processed    20000/   81764 entries, 24.46% (elapsed time    28.8s, curr speed    0.827 kHz, avg speed    0.695 kHz), accepted      110/   20001 events ( 0.55%)
Processed    30000/   81764 entries, 36.69% (elapsed time    40.7s, curr speed    0.835 kHz, avg speed    0.736 kHz), accepted      156/   30001 events ( 0.52%)
Processed    40000/   81764 entries, 48.92% (elapsed time    49.6s, curr speed    1.134 kHz, avg speed    0.807 kHz), accepted      204/   40001 events ( 0.51%)
Processed    50000/   81764 entries, 61.15% (elapsed time    60.4s, curr speed    0.921 kHz, avg speed    0.827 kHz), accepted      251/   50001 events ( 0.50%)
Processed    60000/   81764 entries, 73.38% (elapsed time    71.8s, curr speed    0.880 kHz, avg speed    0.836 kHz), accepted      303/   60001 events ( 0.50%)
Processed    70000/   81764 entries, 85.61% (elapsed time    80.7s, curr speed    1.123 kHz, avg speed    0.867 kHz), accepted      362/   70001 events ( 0.52%)
Processed    80000/   81764 entries, 97.84% (elapsed time    91.5s, curr speed    0.923 kHz, avg speed    0.874 kHz), accepted      434/   80001 events ( 0.54%)
Processed 81764 preselected entries from root://cms-xrd-global.cern.ch//store/mc/RunIIFall17NanoAODv6/DY2JetsToLL_M-50_TuneCP5_13TeV-madgraphMLM-pythia8/NANOAODSIM/PU2017_12Apr2018_Nano25Oct2019_102X_mc2017_realistic_v7-v1/70000/7B36ED31-A929-CC4F-8B54-B97FC0697E25.root (81764 entries). Finally selected 445 entries
Pre-select 514439 entries out of 514439 (100.00%)
Processed    10000/  514439 entries,  1.94% (elapsed time     7.3s, curr speed    1.368 kHz, avg speed    1.368 kHz), accepted       60/   10001 events ( 0.60%)
Processed    20000/  514439 entries,  3.89% (elapsed time    10.9s, curr speed    2.787 kHz, avg speed    1.835 kHz), accepted       96/   20001 events ( 0.48%)
Processed    30000/  514439 entries,  5.83% (elapsed time    14.6s, curr speed    2.715 kHz, avg speed    2.057 kHz), accepted      152/   30001 events ( 0.51%)
Processed    40000/  514439 entries,  7.78% (elapsed time    17.9s, curr speed    3.031 kHz, avg speed    2.237 kHz), accepted      206/   40001 events ( 0.51%)
Processed    50000/  514439 entries,  9.72% (elapsed time    21.4s, curr speed    2.826 kHz, avg speed    2.334 kHz), accepted      257/   50001 events ( 0.51%)
Processed    60000/  514439 entries, 11.66% (elapsed time    25.2s, curr speed    2.647 kHz, avg speed    2.381 kHz), accepted      314/   60001 events ( 0.52%)
Processed    70000/  514439 entries, 13.61% (elapsed time    28.3s, curr speed    3.257 kHz, avg speed    2.476 kHz), accepted      363/   70001 events ( 0.52%)
Processed    80000/  514439 entries, 15.55% (elapsed time    32.2s, curr speed    2.569 kHz, avg speed    2.488 kHz), accepted      417/   80001 events ( 0.52%)
Processed    90000/  514439 entries, 17.49% (elapsed time    36.1s, curr speed    2.508 kHz, avg speed    2.490 kHz), accepted      473/   90001 events ( 0.53%)
Processed   100000/  514439 entries, 19.44% (elapsed time    39.6s, curr speed    2.903 kHz, avg speed    2.526 kHz), accepted      525/  100001 events ( 0.52%)
Processed   110000/  514439 entries, 21.38% (elapsed time    43.8s, curr speed    2.362 kHz, avg speed    2.510 kHz), accepted      590/  110001 events ( 0.54%)
Processed   120000/  514439 entries, 23.33% (elapsed time    48.0s, curr speed    2.425 kHz, avg speed    2.503 kHz), accepted      631/  120001 events ( 0.53%)
Processed   130000/  514439 entries, 25.27% (elapsed time    51.6s, curr speed    2.762 kHz, avg speed    2.521 kHz), accepted      685/  130001 events ( 0.53%)
Processed   140000/  514439 entries, 27.21% (elapsed time    55.1s, curr speed    2.807 kHz, avg speed    2.539 kHz), accepted      742/  140001 events ( 0.53%)
Processed   150000/  514439 entries, 29.16% (elapsed time    58.7s, curr speed    2.796 kHz, avg speed    2.555 kHz), accepted      798/  150001 events ( 0.53%)
Processed   160000/  514439 entries, 31.10% (elapsed time    62.3s, curr speed    2.760 kHz, avg speed    2.567 kHz), accepted      844/  160001 events ( 0.53%)
Processed   170000/  514439 entries, 33.05% (elapsed time    65.8s, curr speed    2.886 kHz, avg speed    2.584 kHz), accepted      901/  170001 events ( 0.53%)
Processed   180000/  514439 entries, 34.99% (elapsed time    70.2s, curr speed    2.287 kHz, avg speed    2.565 kHz), accepted      966/  180001 events ( 0.54%)
Processed   190000/  514439 entries, 36.93% (elapsed time    74.4s, curr speed    2.351 kHz, avg speed    2.553 kHz), accepted     1020/  190001 events ( 0.54%)
Processed   200000/  514439 entries, 38.88% (elapsed time    77.9s, curr speed    2.890 kHz, avg speed    2.568 kHz), accepted     1083/  200001 events ( 0.54%)
Processed   210000/  514439 entries, 40.82% (elapsed time    81.6s, curr speed    2.662 kHz, avg speed    2.572 kHz), accepted     1129/  210001 events ( 0.54%)
Processed   220000/  514439 entries, 42.77% (elapsed time    85.4s, curr speed    2.688 kHz, avg speed    2.577 kHz), accepted     1190/  220001 events ( 0.54%)
Processed   230000/  514439 entries, 44.71% (elapsed time    89.1s, curr speed    2.670 kHz, avg speed    2.581 kHz), accepted     1238/  230001 events ( 0.54%)
Processed   240000/  514439 entries, 46.65% (elapsed time    92.5s, curr speed    2.912 kHz, avg speed    2.593 kHz), accepted     1295/  240001 events ( 0.54%)
Processed   250000/  514439 entries, 48.60% (elapsed time    96.4s, curr speed    2.601 kHz, avg speed    2.594 kHz), accepted     1356/  250001 events ( 0.54%)
Processed   260000/  514439 entries, 50.54% (elapsed time   101.9s, curr speed    1.831 kHz, avg speed    2.553 kHz), accepted     1420/  260001 events ( 0.55%)
Processed   270000/  514439 entries, 52.48% (elapsed time   106.0s, curr speed    2.422 kHz, avg speed    2.548 kHz), accepted     1482/  270001 events ( 0.55%)
Processed   280000/  514439 entries, 54.43% (elapsed time   109.4s, curr speed    2.942 kHz, avg speed    2.560 kHz), accepted     1539/  280001 events ( 0.55%)
Processed   290000/  514439 entries, 56.37% (elapsed time   113.4s, curr speed    2.517 kHz, avg speed    2.558 kHz), accepted     1596/  290001 events ( 0.55%)
Processed   300000/  514439 entries, 58.32% (elapsed time   117.0s, curr speed    2.712 kHz, avg speed    2.563 kHz), accepted     1648/  300001 events ( 0.55%)
Processed   310000/  514439 entries, 60.26% (elapsed time   121.1s, curr speed    2.486 kHz, avg speed    2.561 kHz), accepted     1700/  310001 events ( 0.55%)
Processed   320000/  514439 entries, 62.20% (elapsed time   125.2s, curr speed    2.431 kHz, avg speed    2.556 kHz), accepted     1763/  320001 events ( 0.55%)
Processed   330000/  514439 entries, 64.15% (elapsed time   129.2s, curr speed    2.496 kHz, avg speed    2.555 kHz), accepted     1822/  330001 events ( 0.55%)
Processed   340000/  514439 entries, 66.09% (elapsed time   132.8s, curr speed    2.730 kHz, avg speed    2.559 kHz), accepted     1870/  340001 events ( 0.55%)
Processed   350000/  514439 entries, 68.04% (elapsed time   136.7s, curr speed    2.603 kHz, avg speed    2.561 kHz), accepted     1930/  350001 events ( 0.55%)
Processed   360000/  514439 entries, 69.98% (elapsed time   140.7s, curr speed    2.466 kHz, avg speed    2.558 kHz), accepted     1984/  360001 events ( 0.55%)
Processed   370000/  514439 entries, 71.92% (elapsed time   144.3s, curr speed    2.829 kHz, avg speed    2.565 kHz), accepted     2040/  370001 events ( 0.55%)
Processed   380000/  514439 entries, 73.87% (elapsed time   148.2s, curr speed    2.528 kHz, avg speed    2.564 kHz), accepted     2112/  380001 events ( 0.56%)
Processed   390000/  514439 entries, 75.81% (elapsed time   152.1s, curr speed    2.600 kHz, avg speed    2.564 kHz), accepted     2152/  390001 events ( 0.55%)
Processed   400000/  514439 entries, 77.75% (elapsed time   155.2s, curr speed    3.230 kHz, avg speed    2.578 kHz), accepted     2204/  400001 events ( 0.55%)
Processed   410000/  514439 entries, 79.70% (elapsed time   158.7s, curr speed    2.839 kHz, avg speed    2.584 kHz), accepted     2265/  410001 events ( 0.55%)
Processed   420000/  514439 entries, 81.64% (elapsed time   163.2s, curr speed    2.243 kHz, avg speed    2.574 kHz), accepted     2308/  420001 events ( 0.55%)
Processed   430000/  514439 entries, 83.59% (elapsed time   167.0s, curr speed    2.618 kHz, avg speed    2.575 kHz), accepted     2350/  430001 events ( 0.55%)
Processed   440000/  514439 entries, 85.53% (elapsed time   170.4s, curr speed    2.921 kHz, avg speed    2.582 kHz), accepted     2409/  440001 events ( 0.55%)
Processed   450000/  514439 entries, 87.47% (elapsed time   173.8s, curr speed    2.953 kHz, avg speed    2.589 kHz), accepted     2458/  450001 events ( 0.55%)
Processed   460000/  514439 entries, 89.42% (elapsed time   177.4s, curr speed    2.747 kHz, avg speed    2.593 kHz), accepted     2513/  460001 events ( 0.55%)
Processed   470000/  514439 entries, 91.36% (elapsed time   180.9s, curr speed    2.916 kHz, avg speed    2.599 kHz), accepted     2567/  470001 events ( 0.55%)
Processed   480000/  514439 entries, 93.31% (elapsed time   185.0s, curr speed    2.424 kHz, avg speed    2.595 kHz), accepted     2625/  480001 events ( 0.55%)
Processed   490000/  514439 entries, 95.25% (elapsed time   189.3s, curr speed    2.338 kHz, avg speed    2.589 kHz), accepted     2688/  490001 events ( 0.55%)
Processed   500000/  514439 entries, 97.19% (elapsed time   193.0s, curr speed    2.657 kHz, avg speed    2.590 kHz), accepted     2738/  500001 events ( 0.55%)
Processed   510000/  514439 entries, 99.14% (elapsed time   197.5s, curr speed    2.241 kHz, avg speed    2.582 kHz), accepted     2807/  510001 events ( 0.55%)
Processed 514439 preselected entries from root://cms-xrd-global.cern.ch//store/mc/RunIIFall17NanoAODv6/DY2JetsToLL_M-50_TuneCP5_13TeV-madgraphMLM-pythia8/NANOAODSIM/PU2017_12Apr2018_Nano25Oct2019_new_pmx_102X_mc2017_realistic_v7_ext1-v1/100000/13C672B7-5A82-2E46-9E36-CE842D30A8CC.root (514439 entries). Finally selected 2837 entries
Pre-select 1433375 entries out of 1433375 (100.00%)
Processed    10000/ 1433375 entries,  0.70% (elapsed time     6.9s, curr speed    1.460 kHz, avg speed    1.460 kHz), accepted       65/   10001 events ( 0.65%)
Processed    20000/ 1433375 entries,  1.40% (elapsed time    11.2s, curr speed    2.322 kHz, avg speed    1.793 kHz), accepted      121/   20001 events ( 0.60%)
Processed    30000/ 1433375 entries,  2.09% (elapsed time    15.0s, curr speed    2.605 kHz, avg speed    2.000 kHz), accepted      184/   30001 events ( 0.61%)
Processed    40000/ 1433375 entries,  2.79% (elapsed time    18.3s, curr speed    3.025 kHz, avg speed    2.186 kHz), accepted      245/   40001 events ( 0.61%)
Processed    50000/ 1433375 entries,  3.49% (elapsed time    22.5s, curr speed    2.395 kHz, avg speed    2.224 kHz), accepted      293/   50001 events ( 0.59%)
Processed    60000/ 1433375 entries,  4.19% (elapsed time    27.0s, curr speed    2.209 kHz, avg speed    2.222 kHz), accepted      348/   60001 events ( 0.58%)
Processed    70000/ 1433375 entries,  4.88% (elapsed time    30.6s, curr speed    2.797 kHz, avg speed    2.289 kHz), accepted      395/   70001 events ( 0.56%)
Processed    80000/ 1433375 entries,  5.58% (elapsed time    34.4s, curr speed    2.604 kHz, avg speed    2.324 kHz), accepted      444/   80001 events ( 0.55%)
Processed    90000/ 1433375 entries,  6.28% (elapsed time    38.4s, curr speed    2.491 kHz, avg speed    2.342 kHz), accepted      495/   90001 events ( 0.55%)
Processed   100000/ 1433375 entries,  6.98% (elapsed time    42.8s, curr speed    2.297 kHz, avg speed    2.337 kHz), accepted      551/  100001 events ( 0.55%)
Processed   110000/ 1433375 entries,  7.67% (elapsed time    46.4s, curr speed    2.784 kHz, avg speed    2.372 kHz), accepted      617/  110001 events ( 0.56%)
Processed   120000/ 1433375 entries,  8.37% (elapsed time    50.5s, curr speed    2.444 kHz, avg speed    2.378 kHz), accepted      673/  120001 events ( 0.56%)
Processed   130000/ 1433375 entries,  9.07% (elapsed time    54.7s, curr speed    2.361 kHz, avg speed    2.376 kHz), accepted      727/  130001 events ( 0.56%)
Processed   140000/ 1433375 entries,  9.77% (elapsed time    58.0s, curr speed    2.998 kHz, avg speed    2.412 kHz), accepted      791/  140001 events ( 0.56%)
Processed   150000/ 1433375 entries, 10.46% (elapsed time    61.5s, curr speed    2.911 kHz, avg speed    2.440 kHz), accepted      854/  150001 events ( 0.57%)
Processed   160000/ 1433375 entries, 11.16% (elapsed time    65.1s, curr speed    2.790 kHz, avg speed    2.459 kHz), accepted      908/  160001 events ( 0.57%)
Processed   170000/ 1433375 entries, 11.86% (elapsed time    68.5s, curr speed    2.877 kHz, avg speed    2.480 kHz), accepted      970/  170001 events ( 0.57%)
Processed   180000/ 1433375 entries, 12.56% (elapsed time    72.0s, curr speed    2.883 kHz, avg speed    2.500 kHz), accepted     1016/  180001 events ( 0.56%)
Processed   190000/ 1433375 entries, 13.26% (elapsed time    76.0s, curr speed    2.525 kHz, avg speed    2.501 kHz), accepted     1083/  190001 events ( 0.57%)
Processed   200000/ 1433375 entries, 13.95% (elapsed time    80.0s, curr speed    2.502 kHz, avg speed    2.501 kHz), accepted     1162/  200001 events ( 0.58%)
Processed   210000/ 1433375 entries, 14.65% (elapsed time    83.3s, curr speed    2.953 kHz, avg speed    2.520 kHz), accepted     1213/  210001 events ( 0.58%)
Processed   220000/ 1433375 entries, 15.35% (elapsed time    87.4s, curr speed    2.462 kHz, avg speed    2.517 kHz), accepted     1258/  220001 events ( 0.57%)
Processed   230000/ 1433375 entries, 16.05% (elapsed time    91.1s, curr speed    2.725 kHz, avg speed    2.525 kHz), accepted     1308/  230001 events ( 0.57%)
Processed   240000/ 1433375 entries, 16.74% (elapsed time    94.3s, curr speed    3.140 kHz, avg speed    2.546 kHz), accepted     1358/  240001 events ( 0.57%)
Processed   250000/ 1433375 entries, 17.44% (elapsed time    98.0s, curr speed    2.664 kHz, avg speed    2.551 kHz), accepted     1412/  250001 events ( 0.56%)
Processed   260000/ 1433375 entries, 18.14% (elapsed time   101.6s, curr speed    2.794 kHz, avg speed    2.559 kHz), accepted     1461/  260001 events ( 0.56%)
Processed   270000/ 1433375 entries, 18.84% (elapsed time   105.1s, curr speed    2.834 kHz, avg speed    2.568 kHz), accepted     1521/  270001 events ( 0.56%)
Processed   280000/ 1433375 entries, 19.53% (elapsed time   108.2s, curr speed    3.305 kHz, avg speed    2.589 kHz), accepted     1582/  280001 events ( 0.56%)
Processed   290000/ 1433375 entries, 20.23% (elapsed time   112.4s, curr speed    2.329 kHz, avg speed    2.579 kHz), accepted     1645/  290001 events ( 0.57%)
Processed   300000/ 1433375 entries, 20.93% (elapsed time   116.4s, curr speed    2.506 kHz, avg speed    2.577 kHz), accepted     1691/  300001 events ( 0.56%)
Processed   310000/ 1433375 entries, 21.63% (elapsed time   120.0s, curr speed    2.771 kHz, avg speed    2.582 kHz), accepted     1749/  310001 events ( 0.56%)
Processed   320000/ 1433375 entries, 22.32% (elapsed time   124.1s, curr speed    2.456 kHz, avg speed    2.578 kHz), accepted     1811/  320001 events ( 0.57%)
Processed   330000/ 1433375 entries, 23.02% (elapsed time   127.8s, curr speed    2.680 kHz, avg speed    2.581 kHz), accepted     1866/  330001 events ( 0.57%)
Processed   340000/ 1433375 entries, 23.72% (elapsed time   131.8s, curr speed    2.542 kHz, avg speed    2.580 kHz), accepted     1929/  340001 events ( 0.57%)
Processed   350000/ 1433375 entries, 24.42% (elapsed time   135.1s, curr speed    3.042 kHz, avg speed    2.591 kHz), accepted     1998/  350001 events ( 0.57%)
Processed   360000/ 1433375 entries, 25.12% (elapsed time   138.7s, curr speed    2.782 kHz, avg speed    2.596 kHz), accepted     2047/  360001 events ( 0.57%)
Processed   370000/ 1433375 entries, 25.81% (elapsed time   142.7s, curr speed    2.483 kHz, avg speed    2.593 kHz), accepted     2094/  370001 events ( 0.57%)
Processed   380000/ 1433375 entries, 26.51% (elapsed time   146.5s, curr speed    2.648 kHz, avg speed    2.594 kHz), accepted     2144/  380001 events ( 0.56%)
Processed   390000/ 1433375 entries, 27.21% (elapsed time   150.9s, curr speed    2.239 kHz, avg speed    2.584 kHz), accepted     2202/  390001 events ( 0.56%)
Processed   400000/ 1433375 entries, 27.91% (elapsed time   155.5s, curr speed    2.183 kHz, avg speed    2.572 kHz), accepted     2268/  400001 events ( 0.57%)
Processed   410000/ 1433375 entries, 28.60% (elapsed time   159.2s, curr speed    2.719 kHz, avg speed    2.576 kHz), accepted     2322/  410001 events ( 0.57%)
Processed   420000/ 1433375 entries, 29.30% (elapsed time   163.1s, curr speed    2.555 kHz, avg speed    2.575 kHz), accepted     2374/  420001 events ( 0.57%)
Processed   430000/ 1433375 entries, 30.00% (elapsed time   166.7s, curr speed    2.749 kHz, avg speed    2.579 kHz), accepted     2423/  430001 events ( 0.56%)
Processed   440000/ 1433375 entries, 30.70% (elapsed time   170.2s, curr speed    2.898 kHz, avg speed    2.585 kHz), accepted     2481/  440001 events ( 0.56%)
Processed   450000/ 1433375 entries, 31.39% (elapsed time   173.6s, curr speed    2.977 kHz, avg speed    2.593 kHz), accepted     2543/  450001 events ( 0.57%)
Processed   460000/ 1433375 entries, 32.09% (elapsed time   177.9s, curr speed    2.285 kHz, avg speed    2.585 kHz), accepted     2603/  460001 events ( 0.57%)
Processed   470000/ 1433375 entries, 32.79% (elapsed time   181.8s, curr speed    2.589 kHz, avg speed    2.585 kHz), accepted     2672/  470001 events ( 0.57%)
Processed   480000/ 1433375 entries, 33.49% (elapsed time   185.6s, curr speed    2.622 kHz, avg speed    2.586 kHz), accepted     2734/  480001 events ( 0.57%)
Processed   490000/ 1433375 entries, 34.19% (elapsed time   189.6s, curr speed    2.497 kHz, avg speed    2.584 kHz), accepted     2795/  490001 events ( 0.57%)
Processed   500000/ 1433375 entries, 34.88% (elapsed time   193.2s, curr speed    2.787 kHz, avg speed    2.588 kHz), accepted     2847/  500001 events ( 0.57%)
Processed   510000/ 1433375 entries, 35.58% (elapsed time   197.1s, curr speed    2.581 kHz, avg speed    2.588 kHz), accepted     2904/  510001 events ( 0.57%)
Processed   520000/ 1433375 entries, 36.28% (elapsed time   200.9s, curr speed    2.608 kHz, avg speed    2.588 kHz), accepted     2954/  520001 events ( 0.57%)
Processed   530000/ 1433375 entries, 36.98% (elapsed time   205.0s, curr speed    2.462 kHz, avg speed    2.586 kHz), accepted     3012/  530001 events ( 0.57%)
Processed   540000/ 1433375 entries, 37.67% (elapsed time   209.1s, curr speed    2.432 kHz, avg speed    2.583 kHz), accepted     3064/  540001 events ( 0.57%)
Processed   550000/ 1433375 entries, 38.37% (elapsed time   212.9s, curr speed    2.595 kHz, avg speed    2.583 kHz), accepted     3111/  550001 events ( 0.57%)
Processed   560000/ 1433375 entries, 39.07% (elapsed time   217.0s, curr speed    2.462 kHz, avg speed    2.581 kHz), accepted     3163/  560001 events ( 0.56%)
Processed   570000/ 1433375 entries, 39.77% (elapsed time   221.0s, curr speed    2.489 kHz, avg speed    2.579 kHz), accepted     3227/  570001 events ( 0.57%)
Processed   580000/ 1433375 entries, 40.46% (elapsed time   224.7s, curr speed    2.720 kHz, avg speed    2.581 kHz), accepted     3283/  580001 events ( 0.57%)
Processed   590000/ 1433375 entries, 41.16% (elapsed time   229.0s, curr speed    2.314 kHz, avg speed    2.576 kHz), accepted     3348/  590001 events ( 0.57%)
Processed   600000/ 1433375 entries, 41.86% (elapsed time   233.0s, curr speed    2.528 kHz, avg speed    2.575 kHz), accepted     3415/  600001 events ( 0.57%)
Processed   610000/ 1433375 entries, 42.56% (elapsed time   236.8s, curr speed    2.622 kHz, avg speed    2.576 kHz), accepted     3481/  610001 events ( 0.57%)
Processed   620000/ 1433375 entries, 43.25% (elapsed time   240.8s, curr speed    2.480 kHz, avg speed    2.575 kHz), accepted     3550/  620001 events ( 0.57%)
Processed   630000/ 1433375 entries, 43.95% (elapsed time   245.3s, curr speed    2.243 kHz, avg speed    2.569 kHz), accepted     3616/  630001 events ( 0.57%)
Processed   640000/ 1433375 entries, 44.65% (elapsed time   249.3s, curr speed    2.499 kHz, avg speed    2.567 kHz), accepted     3669/  640001 events ( 0.57%)
Processed   650000/ 1433375 entries, 45.35% (elapsed time   252.5s, curr speed    3.108 kHz, avg speed    2.574 kHz), accepted     3727/  650001 events ( 0.57%)
Processed   660000/ 1433375 entries, 46.05% (elapsed time   256.3s, curr speed    2.627 kHz, avg speed    2.575 kHz), accepted     3778/  660001 events ( 0.57%)
Processed   670000/ 1433375 entries, 46.74% (elapsed time   260.2s, curr speed    2.566 kHz, avg speed    2.575 kHz), accepted     3841/  670001 events ( 0.57%)
Processed   680000/ 1433375 entries, 47.44% (elapsed time   264.2s, curr speed    2.470 kHz, avg speed    2.573 kHz), accepted     3904/  680001 events ( 0.57%)
Processed   690000/ 1433375 entries, 48.14% (elapsed time   267.6s, curr speed    3.005 kHz, avg speed    2.579 kHz), accepted     3960/  690001 events ( 0.57%)
Processed   700000/ 1433375 entries, 48.84% (elapsed time   271.5s, curr speed    2.572 kHz, avg speed    2.579 kHz), accepted     4002/  700001 events ( 0.57%)
Processed   710000/ 1433375 entries, 49.53% (elapsed time   275.2s, curr speed    2.680 kHz, avg speed    2.580 kHz), accepted     4054/  710001 events ( 0.57%)
Processed   720000/ 1433375 entries, 50.23% (elapsed time   279.0s, curr speed    2.622 kHz, avg speed    2.581 kHz), accepted     4108/  720001 events ( 0.57%)
Processed   730000/ 1433375 entries, 50.93% (elapsed time   282.8s, curr speed    2.650 kHz, avg speed    2.581 kHz), accepted     4161/  730001 events ( 0.57%)
Processed   740000/ 1433375 entries, 51.63% (elapsed time   286.7s, curr speed    2.548 kHz, avg speed    2.581 kHz), accepted     4217/  740001 events ( 0.57%)
Processed   750000/ 1433375 entries, 52.32% (elapsed time   289.9s, curr speed    3.177 kHz, avg speed    2.587 kHz), accepted     4275/  750001 events ( 0.57%)
Processed   760000/ 1433375 entries, 53.02% (elapsed time   293.9s, curr speed    2.470 kHz, avg speed    2.586 kHz), accepted     4335/  760001 events ( 0.57%)
Processed   770000/ 1433375 entries, 53.72% (elapsed time   298.1s, curr speed    2.369 kHz, avg speed    2.583 kHz), accepted     4379/  770001 events ( 0.57%)
Processed   780000/ 1433375 entries, 54.42% (elapsed time   301.8s, curr speed    2.691 kHz, avg speed    2.584 kHz), accepted     4425/  780001 events ( 0.57%)
Processed   790000/ 1433375 entries, 55.11% (elapsed time   305.6s, curr speed    2.689 kHz, avg speed    2.585 kHz), accepted     4465/  790001 events ( 0.57%)
Processed   800000/ 1433375 entries, 55.81% (elapsed time   309.7s, curr speed    2.428 kHz, avg speed    2.583 kHz), accepted     4519/  800001 events ( 0.56%)
Processed   810000/ 1433375 entries, 56.51% (elapsed time   314.2s, curr speed    2.213 kHz, avg speed    2.578 kHz), accepted     4580/  810001 events ( 0.57%)
Processed   820000/ 1433375 entries, 57.21% (elapsed time   317.7s, curr speed    2.884 kHz, avg speed    2.581 kHz), accepted     4638/  820001 events ( 0.57%)
Processed   830000/ 1433375 entries, 57.91% (elapsed time   321.1s, curr speed    2.885 kHz, avg speed    2.585 kHz), accepted     4702/  830001 events ( 0.57%)
Processed   840000/ 1433375 entries, 58.60% (elapsed time   325.5s, curr speed    2.297 kHz, avg speed    2.581 kHz), accepted     4751/  840001 events ( 0.57%)
Processed   850000/ 1433375 entries, 59.30% (elapsed time   329.5s, curr speed    2.476 kHz, avg speed    2.580 kHz), accepted     4815/  850001 events ( 0.57%)
Processed   860000/ 1433375 entries, 60.00% (elapsed time   333.4s, curr speed    2.602 kHz, avg speed    2.580 kHz), accepted     4865/  860001 events ( 0.57%)
Processed   870000/ 1433375 entries, 60.70% (elapsed time   336.9s, curr speed    2.850 kHz, avg speed    2.583 kHz), accepted     4913/  870001 events ( 0.56%)
Processed   880000/ 1433375 entries, 61.39% (elapsed time   341.2s, curr speed    2.288 kHz, avg speed    2.579 kHz), accepted     4970/  880001 events ( 0.56%)
Processed   890000/ 1433375 entries, 62.09% (elapsed time   344.5s, curr speed    3.095 kHz, avg speed    2.584 kHz), accepted     5014/  890001 events ( 0.56%)
Processed   900000/ 1433375 entries, 62.79% (elapsed time   347.9s, curr speed    2.895 kHz, avg speed    2.587 kHz), accepted     5087/  900001 events ( 0.57%)
Processed   910000/ 1433375 entries, 63.49% (elapsed time   351.5s, curr speed    2.762 kHz, avg speed    2.589 kHz), accepted     5145/  910001 events ( 0.57%)
Processed   920000/ 1433375 entries, 64.18% (elapsed time   355.4s, curr speed    2.597 kHz, avg speed    2.589 kHz), accepted     5212/  920001 events ( 0.57%)
Processed   930000/ 1433375 entries, 64.88% (elapsed time   359.1s, curr speed    2.686 kHz, avg speed    2.590 kHz), accepted     5270/  930001 events ( 0.57%)
Processed   940000/ 1433375 entries, 65.58% (elapsed time   363.0s, curr speed    2.592 kHz, avg speed    2.590 kHz), accepted     5306/  940001 events ( 0.56%)
Processed   950000/ 1433375 entries, 66.28% (elapsed time   367.1s, curr speed    2.452 kHz, avg speed    2.588 kHz), accepted     5356/  950001 events ( 0.56%)
Processed   960000/ 1433375 entries, 66.97% (elapsed time   370.2s, curr speed    3.188 kHz, avg speed    2.593 kHz), accepted     5424/  960001 events ( 0.56%)
Processed   970000/ 1433375 entries, 67.67% (elapsed time   373.9s, curr speed    2.688 kHz, avg speed    2.594 kHz), accepted     5483/  970001 events ( 0.57%)
Processed   980000/ 1433375 entries, 68.37% (elapsed time   377.8s, curr speed    2.585 kHz, avg speed    2.594 kHz), accepted     5530/  980001 events ( 0.56%)
Processed   990000/ 1433375 entries, 69.07% (elapsed time   380.6s, curr speed    3.535 kHz, avg speed    2.601 kHz), accepted     5574/  990001 events ( 0.56%)
Processed  1000000/ 1433375 entries, 69.77% (elapsed time   384.1s, curr speed    2.910 kHz, avg speed    2.604 kHz), accepted     5621/ 1000001 events ( 0.56%)
Processed  1010000/ 1433375 entries, 70.46% (elapsed time   388.6s, curr speed    2.195 kHz, avg speed    2.599 kHz), accepted     5678/ 1010001 events ( 0.56%)
Processed  1020000/ 1433375 entries, 71.16% (elapsed time   392.7s, curr speed    2.423 kHz, avg speed    2.597 kHz), accepted     5739/ 1020001 events ( 0.56%)
Processed  1030000/ 1433375 entries, 71.86% (elapsed time   395.7s, curr speed    3.369 kHz, avg speed    2.603 kHz), accepted     5783/ 1030001 events ( 0.56%)
Processed  1040000/ 1433375 entries, 72.56% (elapsed time   399.5s, curr speed    2.613 kHz, avg speed    2.603 kHz), accepted     5838/ 1040001 events ( 0.56%)
Processed  1050000/ 1433375 entries, 73.25% (elapsed time   403.4s, curr speed    2.569 kHz, avg speed    2.603 kHz), accepted     5890/ 1050001 events ( 0.56%)
Processed  1060000/ 1433375 entries, 73.95% (elapsed time   406.7s, curr speed    3.029 kHz, avg speed    2.606 kHz), accepted     5937/ 1060001 events ( 0.56%)
Processed  1070000/ 1433375 entries, 74.65% (elapsed time   410.3s, curr speed    2.828 kHz, avg speed    2.608 kHz), accepted     5998/ 1070001 events ( 0.56%)
Processed  1080000/ 1433375 entries, 75.35% (elapsed time   414.2s, curr speed    2.568 kHz, avg speed    2.608 kHz), accepted     6053/ 1080001 events ( 0.56%)
Processed  1090000/ 1433375 entries, 76.04% (elapsed time   418.1s, curr speed    2.548 kHz, avg speed    2.607 kHz), accepted     6102/ 1090001 events ( 0.56%)
Processed  1100000/ 1433375 entries, 76.74% (elapsed time   421.9s, curr speed    2.593 kHz, avg speed    2.607 kHz), accepted     6150/ 1100001 events ( 0.56%)
Processed  1110000/ 1433375 entries, 77.44% (elapsed time   425.7s, curr speed    2.636 kHz, avg speed    2.607 kHz), accepted     6207/ 1110001 events ( 0.56%)
Processed  1120000/ 1433375 entries, 78.14% (elapsed time   429.9s, curr speed    2.374 kHz, avg speed    2.605 kHz), accepted     6264/ 1120001 events ( 0.56%)
Processed  1130000/ 1433375 entries, 78.83% (elapsed time   433.6s, curr speed    2.725 kHz, avg speed    2.606 kHz), accepted     6320/ 1130001 events ( 0.56%)
Processed  1140000/ 1433375 entries, 79.53% (elapsed time   437.3s, curr speed    2.677 kHz, avg speed    2.607 kHz), accepted     6363/ 1140001 events ( 0.56%)
Processed  1150000/ 1433375 entries, 80.23% (elapsed time   441.1s, curr speed    2.652 kHz, avg speed    2.607 kHz), accepted     6423/ 1150001 events ( 0.56%)
Processed  1160000/ 1433375 entries, 80.93% (elapsed time   444.6s, curr speed    2.858 kHz, avg speed    2.609 kHz), accepted     6478/ 1160001 events ( 0.56%)
Processed  1170000/ 1433375 entries, 81.63% (elapsed time   448.2s, curr speed    2.792 kHz, avg speed    2.610 kHz), accepted     6538/ 1170001 events ( 0.56%)
Processed  1180000/ 1433375 entries, 82.32% (elapsed time   452.2s, curr speed    2.501 kHz, avg speed    2.609 kHz), accepted     6584/ 1180001 events ( 0.56%)
Processed  1190000/ 1433375 entries, 83.02% (elapsed time   456.3s, curr speed    2.428 kHz, avg speed    2.608 kHz), accepted     6632/ 1190001 events ( 0.56%)
Processed  1200000/ 1433375 entries, 83.72% (elapsed time   459.9s, curr speed    2.760 kHz, avg speed    2.609 kHz), accepted     6691/ 1200001 events ( 0.56%)
Processed  1210000/ 1433375 entries, 84.42% (elapsed time   464.1s, curr speed    2.398 kHz, avg speed    2.607 kHz), accepted     6736/ 1210001 events ( 0.56%)
Processed  1220000/ 1433375 entries, 85.11% (elapsed time   467.8s, curr speed    2.713 kHz, avg speed    2.608 kHz), accepted     6790/ 1220001 events ( 0.56%)
Processed  1230000/ 1433375 entries, 85.81% (elapsed time   471.0s, curr speed    3.152 kHz, avg speed    2.612 kHz), accepted     6850/ 1230001 events ( 0.56%)
Processed  1240000/ 1433375 entries, 86.51% (elapsed time   474.7s, curr speed    2.665 kHz, avg speed    2.612 kHz), accepted     6906/ 1240001 events ( 0.56%)
Processed  1250000/ 1433375 entries, 87.21% (elapsed time   478.6s, curr speed    2.581 kHz, avg speed    2.612 kHz), accepted     6970/ 1250001 events ( 0.56%)
Processed  1260000/ 1433375 entries, 87.90% (elapsed time   482.2s, curr speed    2.738 kHz, avg speed    2.613 kHz), accepted     7029/ 1260001 events ( 0.56%)
Processed  1270000/ 1433375 entries, 88.60% (elapsed time   485.5s, curr speed    3.074 kHz, avg speed    2.616 kHz), accepted     7086/ 1270001 events ( 0.56%)
Processed  1280000/ 1433375 entries, 89.30% (elapsed time   489.8s, curr speed    2.344 kHz, avg speed    2.614 kHz), accepted     7139/ 1280001 events ( 0.56%)
Processed  1290000/ 1433375 entries, 90.00% (elapsed time   493.4s, curr speed    2.717 kHz, avg speed    2.614 kHz), accepted     7187/ 1290001 events ( 0.56%)
Processed  1300000/ 1433375 entries, 90.70% (elapsed time   496.8s, curr speed    2.945 kHz, avg speed    2.617 kHz), accepted     7252/ 1300001 events ( 0.56%)
Processed  1310000/ 1433375 entries, 91.39% (elapsed time   501.9s, curr speed    1.992 kHz, avg speed    2.610 kHz), accepted     7310/ 1310001 events ( 0.56%)
Processed  1320000/ 1433375 entries, 92.09% (elapsed time   506.0s, curr speed    2.436 kHz, avg speed    2.609 kHz), accepted     7367/ 1320001 events ( 0.56%)
Processed  1330000/ 1433375 entries, 92.79% (elapsed time   509.4s, curr speed    2.921 kHz, avg speed    2.611 kHz), accepted     7425/ 1330001 events ( 0.56%)
Processed  1340000/ 1433375 entries, 93.49% (elapsed time   513.6s, curr speed    2.359 kHz, avg speed    2.609 kHz), accepted     7469/ 1340001 events ( 0.56%)
Processed  1350000/ 1433375 entries, 94.18% (elapsed time   517.7s, curr speed    2.476 kHz, avg speed    2.608 kHz), accepted     7524/ 1350001 events ( 0.56%)
Processed  1360000/ 1433375 entries, 94.88% (elapsed time   522.0s, curr speed    2.289 kHz, avg speed    2.605 kHz), accepted     7579/ 1360001 events ( 0.56%)
Processed  1370000/ 1433375 entries, 95.58% (elapsed time   525.8s, curr speed    2.678 kHz, avg speed    2.606 kHz), accepted     7633/ 1370001 events ( 0.56%)
Processed  1380000/ 1433375 entries, 96.28% (elapsed time   530.0s, curr speed    2.362 kHz, avg speed    2.604 kHz), accepted     7691/ 1380001 events ( 0.56%)
Processed  1390000/ 1433375 entries, 96.97% (elapsed time   534.2s, curr speed    2.364 kHz, avg speed    2.602 kHz), accepted     7752/ 1390001 events ( 0.56%)
Processed  1400000/ 1433375 entries, 97.67% (elapsed time   537.5s, curr speed    3.016 kHz, avg speed    2.604 kHz), accepted     7803/ 1400001 events ( 0.56%)
Processed  1410000/ 1433375 entries, 98.37% (elapsed time   541.7s, curr speed    2.396 kHz, avg speed    2.603 kHz), accepted     7854/ 1410001 events ( 0.56%)
Processed  1420000/ 1433375 entries, 99.07% (elapsed time   545.8s, curr speed    2.447 kHz, avg speed    2.602 kHz), accepted     7910/ 1420001 events ( 0.56%)
Processed  1430000/ 1433375 entries, 99.76% (elapsed time   549.8s, curr speed    2.515 kHz, avg speed    2.601 kHz), accepted     7967/ 1430001 events ( 0.56%)
Processed 1433375 preselected entries from root://cms-xrd-global.cern.ch//store/mc/RunIIFall17NanoAODv6/DY2JetsToLL_M-50_TuneCP5_13TeV-madgraphMLM-pythia8/NANOAODSIM/PU2017_12Apr2018_Nano25Oct2019_new_pmx_102X_mc2017_realistic_v7_ext1-v1/100000/156BDF03-D63B-7844-9EAA-2B70AC81432E.root (1433375 entries). Finally selected 7988 entries
Pre-select 1526033 entries out of 1526033 (100.00%)
Processed    10000/ 1526033 entries,  0.66% (elapsed time     7.4s, curr speed    1.345 kHz, avg speed    1.345 kHz), accepted       59/   10001 events ( 0.59%)
Processed    20000/ 1526033 entries,  1.31% (elapsed time    13.0s, curr speed    1.785 kHz, avg speed    1.535 kHz), accepted      120/   20001 events ( 0.60%)
Processed    30000/ 1526033 entries,  1.97% (elapsed time    18.3s, curr speed    1.900 kHz, avg speed    1.640 kHz), accepted      172/   30001 events ( 0.57%)
Processed    40000/ 1526033 entries,  2.62% (elapsed time    22.4s, curr speed    2.411 kHz, avg speed    1.782 kHz), accepted      225/   40001 events ( 0.56%)
Processed    50000/ 1526033 entries,  3.28% (elapsed time    28.3s, curr speed    1.704 kHz, avg speed    1.766 kHz), accepted      277/   50001 events ( 0.55%)
Processed    60000/ 1526033 entries,  3.93% (elapsed time    35.3s, curr speed    1.439 kHz, avg speed    1.702 kHz), accepted      336/   60001 events ( 0.56%)
Processed    70000/ 1526033 entries,  4.59% (elapsed time    38.7s, curr speed    2.914 kHz, avg speed    1.809 kHz), accepted      388/   70001 events ( 0.55%)
Processed    80000/ 1526033 entries,  5.24% (elapsed time    43.4s, curr speed    2.109 kHz, avg speed    1.842 kHz), accepted      442/   80001 events ( 0.55%)
Processed    90000/ 1526033 entries,  5.90% (elapsed time    47.5s, curr speed    2.449 kHz, avg speed    1.894 kHz), accepted      489/   90001 events ( 0.54%)
Processed   100000/ 1526033 entries,  6.55% (elapsed time    51.6s, curr speed    2.478 kHz, avg speed    1.940 kHz), accepted      548/  100001 events ( 0.55%)
Processed   110000/ 1526033 entries,  7.21% (elapsed time    56.4s, curr speed    2.065 kHz, avg speed    1.950 kHz), accepted      615/  110001 events ( 0.56%)
Processed   120000/ 1526033 entries,  7.86% (elapsed time    67.0s, curr speed    0.942 kHz, avg speed    1.791 kHz), accepted      663/  120001 events ( 0.55%)
Processed   130000/ 1526033 entries,  8.52% (elapsed time    72.0s, curr speed    2.009 kHz, avg speed    1.806 kHz), accepted      712/  130001 events ( 0.55%)
Processed   140000/ 1526033 entries,  9.17% (elapsed time    76.2s, curr speed    2.402 kHz, avg speed    1.838 kHz), accepted      764/  140001 events ( 0.55%)
Processed   150000/ 1526033 entries,  9.83% (elapsed time    81.8s, curr speed    1.774 kHz, avg speed    1.834 kHz), accepted      822/  150001 events ( 0.55%)
Processed   160000/ 1526033 entries, 10.48% (elapsed time    87.0s, curr speed    1.905 kHz, avg speed    1.838 kHz), accepted      885/  160001 events ( 0.55%)
Processed   170000/ 1526033 entries, 11.14% (elapsed time    93.7s, curr speed    1.497 kHz, avg speed    1.814 kHz), accepted      935/  170001 events ( 0.55%)
Processed   180000/ 1526033 entries, 11.80% (elapsed time    97.1s, curr speed    2.983 kHz, avg speed    1.854 kHz), accepted      985/  180001 events ( 0.55%)
Processed   190000/ 1526033 entries, 12.45% (elapsed time   103.7s, curr speed    1.505 kHz, avg speed    1.832 kHz), accepted     1036/  190001 events ( 0.55%)
Processed   200000/ 1526033 entries, 13.11% (elapsed time   108.2s, curr speed    2.234 kHz, avg speed    1.849 kHz), accepted     1071/  200001 events ( 0.54%)
Processed   210000/ 1526033 entries, 13.76% (elapsed time   112.0s, curr speed    2.617 kHz, avg speed    1.875 kHz), accepted     1129/  210001 events ( 0.54%)
Processed   220000/ 1526033 entries, 14.42% (elapsed time   116.5s, curr speed    2.228 kHz, avg speed    1.888 kHz), accepted     1184/  220001 events ( 0.54%)
Processed   230000/ 1526033 entries, 15.07% (elapsed time   122.8s, curr speed    1.588 kHz, avg speed    1.873 kHz), accepted     1240/  230001 events ( 0.54%)
Processed   240000/ 1526033 entries, 15.73% (elapsed time   127.6s, curr speed    2.100 kHz, avg speed    1.881 kHz), accepted     1304/  240001 events ( 0.54%)
Processed   250000/ 1526033 entries, 16.38% (elapsed time   131.5s, curr speed    2.545 kHz, avg speed    1.901 kHz), accepted     1360/  250001 events ( 0.54%)
Processed   260000/ 1526033 entries, 17.04% (elapsed time   136.2s, curr speed    2.139 kHz, avg speed    1.909 kHz), accepted     1399/  260001 events ( 0.54%)
Processed   270000/ 1526033 entries, 17.69% (elapsed time   140.3s, curr speed    2.402 kHz, avg speed    1.924 kHz), accepted     1458/  270001 events ( 0.54%)
Processed   280000/ 1526033 entries, 18.35% (elapsed time   144.3s, curr speed    2.549 kHz, avg speed    1.941 kHz), accepted     1516/  280001 events ( 0.54%)
Processed   290000/ 1526033 entries, 19.00% (elapsed time   151.9s, curr speed    1.315 kHz, avg speed    1.910 kHz), accepted     1581/  290001 events ( 0.55%)
Processed   300000/ 1526033 entries, 19.66% (elapsed time   157.8s, curr speed    1.678 kHz, avg speed    1.901 kHz), accepted     1638/  300001 events ( 0.55%)
Processed   310000/ 1526033 entries, 20.31% (elapsed time   161.5s, curr speed    2.723 kHz, avg speed    1.920 kHz), accepted     1694/  310001 events ( 0.55%)
Processed   320000/ 1526033 entries, 20.97% (elapsed time   165.7s, curr speed    2.369 kHz, avg speed    1.931 kHz), accepted     1747/  320001 events ( 0.55%)
Processed   330000/ 1526033 entries, 21.62% (elapsed time   170.2s, curr speed    2.227 kHz, avg speed    1.939 kHz), accepted     1813/  330001 events ( 0.55%)
Processed   340000/ 1526033 entries, 22.28% (elapsed time   174.4s, curr speed    2.375 kHz, avg speed    1.949 kHz), accepted     1867/  340001 events ( 0.55%)
Processed   350000/ 1526033 entries, 22.94% (elapsed time   181.7s, curr speed    1.377 kHz, avg speed    1.927 kHz), accepted     1928/  350001 events ( 0.55%)
Processed   360000/ 1526033 entries, 23.59% (elapsed time   186.2s, curr speed    2.193 kHz, avg speed    1.933 kHz), accepted     1980/  360001 events ( 0.55%)
Processed   370000/ 1526033 entries, 24.25% (elapsed time   190.9s, curr speed    2.123 kHz, avg speed    1.938 kHz), accepted     2048/  370001 events ( 0.55%)
Processed   380000/ 1526033 entries, 24.90% (elapsed time   194.3s, curr speed    2.962 kHz, avg speed    1.956 kHz), accepted     2112/  380001 events ( 0.56%)
Processed   390000/ 1526033 entries, 25.56% (elapsed time   198.1s, curr speed    2.655 kHz, avg speed    1.969 kHz), accepted     2165/  390001 events ( 0.56%)
Processed   400000/ 1526033 entries, 26.21% (elapsed time   202.1s, curr speed    2.475 kHz, avg speed    1.979 kHz), accepted     2237/  400001 events ( 0.56%)
Processed   410000/ 1526033 entries, 26.87% (elapsed time   208.4s, curr speed    1.590 kHz, avg speed    1.967 kHz), accepted     2294/  410001 events ( 0.56%)
Processed   420000/ 1526033 entries, 27.52% (elapsed time   213.6s, curr speed    1.939 kHz, avg speed    1.967 kHz), accepted     2347/  420001 events ( 0.56%)
Processed   430000/ 1526033 entries, 28.18% (elapsed time   222.3s, curr speed    1.146 kHz, avg speed    1.934 kHz), accepted     2401/  430001 events ( 0.56%)
Processed   440000/ 1526033 entries, 28.83% (elapsed time   229.0s, curr speed    1.494 kHz, avg speed    1.921 kHz), accepted     2456/  440001 events ( 0.56%)
Processed   450000/ 1526033 entries, 29.49% (elapsed time   232.1s, curr speed    3.230 kHz, avg speed    1.939 kHz), accepted     2508/  450001 events ( 0.56%)
Processed   460000/ 1526033 entries, 30.14% (elapsed time   236.4s, curr speed    2.344 kHz, avg speed    1.946 kHz), accepted     2580/  460001 events ( 0.56%)
Processed   470000/ 1526033 entries, 30.80% (elapsed time   243.3s, curr speed    1.448 kHz, avg speed    1.932 kHz), accepted     2640/  470001 events ( 0.56%)
Processed   480000/ 1526033 entries, 31.45% (elapsed time   247.0s, curr speed    2.698 kHz, avg speed    1.944 kHz), accepted     2692/  480001 events ( 0.56%)
Processed   490000/ 1526033 entries, 32.11% (elapsed time   251.5s, curr speed    2.187 kHz, avg speed    1.948 kHz), accepted     2772/  490001 events ( 0.57%)
Processed   500000/ 1526033 entries, 32.76% (elapsed time   261.6s, curr speed    0.990 kHz, avg speed    1.911 kHz), accepted     2829/  500001 events ( 0.57%)
Processed   510000/ 1526033 entries, 33.42% (elapsed time   266.5s, curr speed    2.079 kHz, avg speed    1.914 kHz), accepted     2882/  510001 events ( 0.57%)
Processed   520000/ 1526033 entries, 34.08% (elapsed time   270.4s, curr speed    2.556 kHz, avg speed    1.923 kHz), accepted     2941/  520001 events ( 0.57%)
Processed   530000/ 1526033 entries, 34.73% (elapsed time   273.9s, curr speed    2.796 kHz, avg speed    1.935 kHz), accepted     2994/  530001 events ( 0.56%)
Processed   540000/ 1526033 entries, 35.39% (elapsed time   278.4s, curr speed    2.232 kHz, avg speed    1.940 kHz), accepted     3049/  540001 events ( 0.56%)
Processed   550000/ 1526033 entries, 36.04% (elapsed time   282.6s, curr speed    2.368 kHz, avg speed    1.946 kHz), accepted     3097/  550001 events ( 0.56%)
Processed   560000/ 1526033 entries, 36.70% (elapsed time   289.0s, curr speed    1.563 kHz, avg speed    1.937 kHz), accepted     3156/  560001 events ( 0.56%)
Processed   570000/ 1526033 entries, 37.35% (elapsed time   292.9s, curr speed    2.563 kHz, avg speed    1.946 kHz), accepted     3207/  570001 events ( 0.56%)
Processed   580000/ 1526033 entries, 38.01% (elapsed time   297.8s, curr speed    2.056 kHz, avg speed    1.948 kHz), accepted     3249/  580001 events ( 0.56%)
Processed   590000/ 1526033 entries, 38.66% (elapsed time   301.7s, curr speed    2.577 kHz, avg speed    1.956 kHz), accepted     3300/  590001 events ( 0.56%)
Processed   600000/ 1526033 entries, 39.32% (elapsed time   306.1s, curr speed    2.280 kHz, avg speed    1.960 kHz), accepted     3351/  600001 events ( 0.56%)
Processed   610000/ 1526033 entries, 39.97% (elapsed time   310.3s, curr speed    2.380 kHz, avg speed    1.966 kHz), accepted     3407/  610001 events ( 0.56%)
Processed   620000/ 1526033 entries, 40.63% (elapsed time   317.0s, curr speed    1.492 kHz, avg speed    1.956 kHz), accepted     3458/  620001 events ( 0.56%)
Processed   630000/ 1526033 entries, 41.28% (elapsed time   321.8s, curr speed    2.069 kHz, avg speed    1.958 kHz), accepted     3504/  630001 events ( 0.56%)
Processed   640000/ 1526033 entries, 41.94% (elapsed time   326.5s, curr speed    2.119 kHz, avg speed    1.960 kHz), accepted     3564/  640001 events ( 0.56%)
Processed   650000/ 1526033 entries, 42.59% (elapsed time   330.4s, curr speed    2.575 kHz, avg speed    1.967 kHz), accepted     3621/  650001 events ( 0.56%)
Processed   660000/ 1526033 entries, 43.25% (elapsed time   335.3s, curr speed    2.056 kHz, avg speed    1.969 kHz), accepted     3683/  660001 events ( 0.56%)
Processed   670000/ 1526033 entries, 43.90% (elapsed time   340.0s, curr speed    2.119 kHz, avg speed    1.971 kHz), accepted     3752/  670001 events ( 0.56%)
Processed   680000/ 1526033 entries, 44.56% (elapsed time   345.2s, curr speed    1.931 kHz, avg speed    1.970 kHz), accepted     3806/  680001 events ( 0.56%)
Processed   690000/ 1526033 entries, 45.22% (elapsed time   348.5s, curr speed    3.043 kHz, avg speed    1.980 kHz), accepted     3851/  690001 events ( 0.56%)
Processed   700000/ 1526033 entries, 45.87% (elapsed time   353.5s, curr speed    1.971 kHz, avg speed    1.980 kHz), accepted     3904/  700001 events ( 0.56%)
Processed   710000/ 1526033 entries, 46.53% (elapsed time   358.0s, curr speed    2.224 kHz, avg speed    1.983 kHz), accepted     3961/  710001 events ( 0.56%)
Processed   720000/ 1526033 entries, 47.18% (elapsed time   361.6s, curr speed    2.775 kHz, avg speed    1.991 kHz), accepted     4008/  720001 events ( 0.56%)
Processed   730000/ 1526033 entries, 47.84% (elapsed time   365.8s, curr speed    2.410 kHz, avg speed    1.996 kHz), accepted     4072/  730001 events ( 0.56%)
Processed   740000/ 1526033 entries, 48.49% (elapsed time   370.4s, curr speed    2.188 kHz, avg speed    1.998 kHz), accepted     4138/  740001 events ( 0.56%)
Processed   750000/ 1526033 entries, 49.15% (elapsed time   376.5s, curr speed    1.637 kHz, avg speed    1.992 kHz), accepted     4196/  750001 events ( 0.56%)
Processed   760000/ 1526033 entries, 49.80% (elapsed time   379.8s, curr speed    2.961 kHz, avg speed    2.001 kHz), accepted     4254/  760001 events ( 0.56%)
Processed   770000/ 1526033 entries, 50.46% (elapsed time   384.5s, curr speed    2.138 kHz, avg speed    2.003 kHz), accepted     4308/  770001 events ( 0.56%)
Processed   780000/ 1526033 entries, 51.11% (elapsed time   388.9s, curr speed    2.274 kHz, avg speed    2.006 kHz), accepted     4356/  780001 events ( 0.56%)
Processed   790000/ 1526033 entries, 51.77% (elapsed time   392.8s, curr speed    2.563 kHz, avg speed    2.011 kHz), accepted     4410/  790001 events ( 0.56%)
Processed   800000/ 1526033 entries, 52.42% (elapsed time   396.5s, curr speed    2.706 kHz, avg speed    2.018 kHz), accepted     4456/  800001 events ( 0.56%)
Processed   810000/ 1526033 entries, 53.08% (elapsed time   400.3s, curr speed    2.637 kHz, avg speed    2.023 kHz), accepted     4516/  810001 events ( 0.56%)
Processed   820000/ 1526033 entries, 53.73% (elapsed time   406.5s, curr speed    1.616 kHz, avg speed    2.017 kHz), accepted     4574/  820001 events ( 0.56%)
Processed   830000/ 1526033 entries, 54.39% (elapsed time   410.5s, curr speed    2.497 kHz, avg speed    2.022 kHz), accepted     4645/  830001 events ( 0.56%)
Processed   840000/ 1526033 entries, 55.04% (elapsed time   414.9s, curr speed    2.286 kHz, avg speed    2.025 kHz), accepted     4704/  840001 events ( 0.56%)
Processed   850000/ 1526033 entries, 55.70% (elapsed time   418.7s, curr speed    2.582 kHz, avg speed    2.030 kHz), accepted     4749/  850001 events ( 0.56%)
Processed   860000/ 1526033 entries, 56.36% (elapsed time   421.8s, curr speed    3.276 kHz, avg speed    2.039 kHz), accepted     4810/  860001 events ( 0.56%)
Processed   870000/ 1526033 entries, 57.01% (elapsed time   426.0s, curr speed    2.396 kHz, avg speed    2.042 kHz), accepted     4869/  870001 events ( 0.56%)
Processed   880000/ 1526033 entries, 57.67% (elapsed time   429.7s, curr speed    2.692 kHz, avg speed    2.048 kHz), accepted     4931/  880001 events ( 0.56%)
Processed   890000/ 1526033 entries, 58.32% (elapsed time   437.1s, curr speed    1.344 kHz, avg speed    2.036 kHz), accepted     4982/  890001 events ( 0.56%)
Processed   900000/ 1526033 entries, 58.98% (elapsed time   440.9s, curr speed    2.680 kHz, avg speed    2.041 kHz), accepted     5030/  900001 events ( 0.56%)
Processed   910000/ 1526033 entries, 59.63% (elapsed time   447.2s, curr speed    1.586 kHz, avg speed    2.035 kHz), accepted     5093/  910001 events ( 0.56%)
Processed   920000/ 1526033 entries, 60.29% (elapsed time   451.3s, curr speed    2.436 kHz, avg speed    2.039 kHz), accepted     5142/  920001 events ( 0.56%)
Processed   930000/ 1526033 entries, 60.94% (elapsed time   454.7s, curr speed    2.926 kHz, avg speed    2.045 kHz), accepted     5201/  930001 events ( 0.56%)
Processed   940000/ 1526033 entries, 61.60% (elapsed time   458.3s, curr speed    2.780 kHz, avg speed    2.051 kHz), accepted     5248/  940001 events ( 0.56%)
Processed   950000/ 1526033 entries, 62.25% (elapsed time   463.0s, curr speed    2.098 kHz, avg speed    2.052 kHz), accepted     5312/  950001 events ( 0.56%)
Processed   960000/ 1526033 entries, 62.91% (elapsed time   468.0s, curr speed    2.004 kHz, avg speed    2.051 kHz), accepted     5370/  960001 events ( 0.56%)
Processed   970000/ 1526033 entries, 63.56% (elapsed time   471.9s, curr speed    2.606 kHz, avg speed    2.056 kHz), accepted     5443/  970001 events ( 0.56%)
Processed   980000/ 1526033 entries, 64.22% (elapsed time   476.6s, curr speed    2.113 kHz, avg speed    2.056 kHz), accepted     5501/  980001 events ( 0.56%)
Processed   990000/ 1526033 entries, 64.87% (elapsed time   480.5s, curr speed    2.584 kHz, avg speed    2.060 kHz), accepted     5566/  990001 events ( 0.56%)
Processed  1000000/ 1526033 entries, 65.53% (elapsed time   485.0s, curr speed    2.227 kHz, avg speed    2.062 kHz), accepted     5612/ 1000001 events ( 0.56%)
Processed  1010000/ 1526033 entries, 66.18% (elapsed time   490.1s, curr speed    1.962 kHz, avg speed    2.061 kHz), accepted     5673/ 1010001 events ( 0.56%)
Processed  1020000/ 1526033 entries, 66.84% (elapsed time   494.4s, curr speed    2.288 kHz, avg speed    2.063 kHz), accepted     5732/ 1020001 events ( 0.56%)
Processed  1030000/ 1526033 entries, 67.50% (elapsed time   498.6s, curr speed    2.377 kHz, avg speed    2.066 kHz), accepted     5800/ 1030001 events ( 0.56%)
Processed  1040000/ 1526033 entries, 68.15% (elapsed time   502.8s, curr speed    2.393 kHz, avg speed    2.068 kHz), accepted     5859/ 1040001 events ( 0.56%)
Processed  1050000/ 1526033 entries, 68.81% (elapsed time   513.9s, curr speed    0.905 kHz, avg speed    2.043 kHz), accepted     5912/ 1050001 events ( 0.56%)
Processed  1060000/ 1526033 entries, 69.46% (elapsed time   519.1s, curr speed    1.915 kHz, avg speed    2.042 kHz), accepted     5967/ 1060001 events ( 0.56%)
Processed  1070000/ 1526033 entries, 70.12% (elapsed time   523.2s, curr speed    2.459 kHz, avg speed    2.045 kHz), accepted     6032/ 1070001 events ( 0.56%)
Processed  1080000/ 1526033 entries, 70.77% (elapsed time   527.6s, curr speed    2.231 kHz, avg speed    2.047 kHz), accepted     6087/ 1080001 events ( 0.56%)
Processed  1090000/ 1526033 entries, 71.43% (elapsed time   532.0s, curr speed    2.270 kHz, avg speed    2.049 kHz), accepted     6138/ 1090001 events ( 0.56%)
Processed  1100000/ 1526033 entries, 72.08% (elapsed time   535.6s, curr speed    2.825 kHz, avg speed    2.054 kHz), accepted     6195/ 1100001 events ( 0.56%)
Processed  1110000/ 1526033 entries, 72.74% (elapsed time   543.1s, curr speed    1.325 kHz, avg speed    2.044 kHz), accepted     6251/ 1110001 events ( 0.56%)
Processed  1120000/ 1526033 entries, 73.39% (elapsed time   547.4s, curr speed    2.351 kHz, avg speed    2.046 kHz), accepted     6301/ 1120001 events ( 0.56%)
Processed  1130000/ 1526033 entries, 74.05% (elapsed time   551.7s, curr speed    2.326 kHz, avg speed    2.048 kHz), accepted     6357/ 1130001 events ( 0.56%)
Processed  1140000/ 1526033 entries, 74.70% (elapsed time   556.5s, curr speed    2.074 kHz, avg speed    2.048 kHz), accepted     6412/ 1140001 events ( 0.56%)
Processed  1150000/ 1526033 entries, 75.36% (elapsed time   560.9s, curr speed    2.252 kHz, avg speed    2.050 kHz), accepted     6484/ 1150001 events ( 0.56%)
Processed  1160000/ 1526033 entries, 76.01% (elapsed time   565.8s, curr speed    2.051 kHz, avg speed    2.050 kHz), accepted     6539/ 1160001 events ( 0.56%)
Processed  1170000/ 1526033 entries, 76.67% (elapsed time   570.0s, curr speed    2.407 kHz, avg speed    2.053 kHz), accepted     6590/ 1170001 events ( 0.56%)
Processed  1180000/ 1526033 entries, 77.32% (elapsed time   575.5s, curr speed    1.798 kHz, avg speed    2.050 kHz), accepted     6643/ 1180001 events ( 0.56%)
Processed  1190000/ 1526033 entries, 77.98% (elapsed time   580.4s, curr speed    2.045 kHz, avg speed    2.050 kHz), accepted     6705/ 1190001 events ( 0.56%)
Processed  1200000/ 1526033 entries, 78.64% (elapsed time   584.1s, curr speed    2.720 kHz, avg speed    2.054 kHz), accepted     6756/ 1200001 events ( 0.56%)
Processed  1210000/ 1526033 entries, 79.29% (elapsed time   588.7s, curr speed    2.196 kHz, avg speed    2.056 kHz), accepted     6808/ 1210001 events ( 0.56%)
Processed  1220000/ 1526033 entries, 79.95% (elapsed time   593.1s, curr speed    2.228 kHz, avg speed    2.057 kHz), accepted     6871/ 1220001 events ( 0.56%)
Processed  1230000/ 1526033 entries, 80.60% (elapsed time   599.4s, curr speed    1.611 kHz, avg speed    2.052 kHz), accepted     6918/ 1230001 events ( 0.56%)
Processed  1240000/ 1526033 entries, 81.26% (elapsed time   607.2s, curr speed    1.270 kHz, avg speed    2.042 kHz), accepted     6966/ 1240001 events ( 0.56%)
Processed  1250000/ 1526033 entries, 81.91% (elapsed time   612.9s, curr speed    1.774 kHz, avg speed    2.040 kHz), accepted     7025/ 1250001 events ( 0.56%)
Processed  1260000/ 1526033 entries, 82.57% (elapsed time   616.4s, curr speed    2.825 kHz, avg speed    2.044 kHz), accepted     7079/ 1260001 events ( 0.56%)
Processed  1270000/ 1526033 entries, 83.22% (elapsed time   620.1s, curr speed    2.699 kHz, avg speed    2.048 kHz), accepted     7131/ 1270001 events ( 0.56%)
Processed  1280000/ 1526033 entries, 83.88% (elapsed time   624.7s, curr speed    2.194 kHz, avg speed    2.049 kHz), accepted     7183/ 1280001 events ( 0.56%)
Processed  1290000/ 1526033 entries, 84.53% (elapsed time   630.5s, curr speed    1.716 kHz, avg speed    2.046 kHz), accepted     7229/ 1290001 events ( 0.56%)
Processed  1300000/ 1526033 entries, 85.19% (elapsed time   634.7s, curr speed    2.373 kHz, avg speed    2.048 kHz), accepted     7290/ 1300001 events ( 0.56%)
Processed  1310000/ 1526033 entries, 85.84% (elapsed time   639.6s, curr speed    2.028 kHz, avg speed    2.048 kHz), accepted     7349/ 1310001 events ( 0.56%)
Processed  1320000/ 1526033 entries, 86.50% (elapsed time   643.9s, curr speed    2.321 kHz, avg speed    2.050 kHz), accepted     7404/ 1320001 events ( 0.56%)
Processed  1330000/ 1526033 entries, 87.15% (elapsed time   648.1s, curr speed    2.379 kHz, avg speed    2.052 kHz), accepted     7462/ 1330001 events ( 0.56%)
Processed  1340000/ 1526033 entries, 87.81% (elapsed time   652.0s, curr speed    2.624 kHz, avg speed    2.055 kHz), accepted     7512/ 1340001 events ( 0.56%)
Processed  1350000/ 1526033 entries, 88.46% (elapsed time   655.9s, curr speed    2.564 kHz, avg speed    2.058 kHz), accepted     7569/ 1350001 events ( 0.56%)
Processed  1360000/ 1526033 entries, 89.12% (elapsed time   661.7s, curr speed    1.720 kHz, avg speed    2.055 kHz), accepted     7621/ 1360001 events ( 0.56%)
Processed  1370000/ 1526033 entries, 89.78% (elapsed time   671.8s, curr speed    0.983 kHz, avg speed    2.039 kHz), accepted     7688/ 1370001 events ( 0.56%)
Processed  1380000/ 1526033 entries, 90.43% (elapsed time   675.9s, curr speed    2.472 kHz, avg speed    2.042 kHz), accepted     7748/ 1380001 events ( 0.56%)
Processed  1390000/ 1526033 entries, 91.09% (elapsed time   679.7s, curr speed    2.602 kHz, avg speed    2.045 kHz), accepted     7801/ 1390001 events ( 0.56%)
Processed  1400000/ 1526033 entries, 91.74% (elapsed time   683.6s, curr speed    2.572 kHz, avg speed    2.048 kHz), accepted     7856/ 1400001 events ( 0.56%)
Processed  1410000/ 1526033 entries, 92.40% (elapsed time   687.1s, curr speed    2.859 kHz, avg speed    2.052 kHz), accepted     7897/ 1410001 events ( 0.56%)
Processed  1420000/ 1526033 entries, 93.05% (elapsed time   694.8s, curr speed    1.296 kHz, avg speed    2.044 kHz), accepted     7962/ 1420001 events ( 0.56%)
Processed  1430000/ 1526033 entries, 93.71% (elapsed time   699.4s, curr speed    2.170 kHz, avg speed    2.045 kHz), accepted     8025/ 1430001 events ( 0.56%)
Processed  1440000/ 1526033 entries, 94.36% (elapsed time   703.6s, curr speed    2.428 kHz, avg speed    2.047 kHz), accepted     8067/ 1440001 events ( 0.56%)
Processed  1450000/ 1526033 entries, 95.02% (elapsed time   708.3s, curr speed    2.097 kHz, avg speed    2.047 kHz), accepted     8122/ 1450001 events ( 0.56%)
Processed  1460000/ 1526033 entries, 95.67% (elapsed time   712.8s, curr speed    2.208 kHz, avg speed    2.048 kHz), accepted     8183/ 1460001 events ( 0.56%)
Processed  1470000/ 1526033 entries, 96.33% (elapsed time   722.0s, curr speed    1.098 kHz, avg speed    2.036 kHz), accepted     8239/ 1470001 events ( 0.56%)
Processed  1480000/ 1526033 entries, 96.98% (elapsed time   729.1s, curr speed    1.390 kHz, avg speed    2.030 kHz), accepted     8295/ 1480001 events ( 0.56%)
Processed  1490000/ 1526033 entries, 97.64% (elapsed time   733.3s, curr speed    2.398 kHz, avg speed    2.032 kHz), accepted     8363/ 1490001 events ( 0.56%)
Processed  1500000/ 1526033 entries, 98.29% (elapsed time   737.2s, curr speed    2.571 kHz, avg speed    2.035 kHz), accepted     8429/ 1500001 events ( 0.56%)
Processed  1510000/ 1526033 entries, 98.95% (elapsed time   740.9s, curr speed    2.686 kHz, avg speed    2.038 kHz), accepted     8485/ 1510001 events ( 0.56%)
Processed  1520000/ 1526033 entries, 99.60% (elapsed time   744.8s, curr speed    2.572 kHz, avg speed    2.041 kHz), accepted     8548/ 1520001 events ( 0.56%)
Processed 1526033 preselected entries from root://cms-xrd-global.cern.ch//store/mc/RunIIFall17NanoAODv6/DY2JetsToLL_M-50_TuneCP5_13TeV-madgraphMLM-pythia8/NANOAODSIM/PU2017_12Apr2018_Nano25Oct2019_new_pmx_102X_mc2017_realistic_v7_ext1-v1/100000/27787D27-ECAE-4A46-AA94-BEE47AE6E5E0.root (1526033 entries). Finally selected 8578 entries
Total time 1610.1 sec. to process 3562742 events. Rate = 2212.8 Hz.
>>> cwd          = /pool/condor/dir_18122
>>> ls           = ['lvigilan.cc', '.chirp.config', 'pico_etau_etau_0.root', '_condor_stdout', '.update.ad', 'condor_exec.exe', '.machine.ad', '.job.ad', 'tmp', 'var', 'x509_voms']
>>> getstorage('/eos/home-l/lvigilan/output_2017ReReco18/2017/etau/DY2JetsToLL_M-50'), <EOS("/eos/home-l/lvigilan/output_2017ReReco18/2017/etau/DY2JetsToLL_M-50") at 0x2aea889c1310>
>>> Executing: 'cp ./pico_etau_etau_0.root /eos/home-l/lvigilan/output_2017ReReco18/2017/etau/DY2JetsToLL_M-50'
>>> Removing './pico_etau_etau_0.root'...
>>> picojob.py done after 1651.6 seconds

Job complete at Fri Nov 27 19:53:21 CET 2020
Took 27 minutes 36 seconds040 (1566412.000.000) 11/27 19:53:21 Finished transferring output files
...
005 (1566412.000.000) 11/27 19:53:21 Job terminated.
	(1) Normal termination (return value 0)
		Usr 0 00:16:40, Sys 0 00:00:53  -  Run Remote Usage
		Usr 0 00:00:00, Sys 0 00:00:00  -  Run Local Usage
		Usr 0 00:16:40, Sys 0 00:00:53  -  Total Remote Usage
		Usr 0 00:00:00, Sys 0 00:00:00  -  Total Local Usage
	74671  -  Run Bytes Sent By Job
	9873  -  Run Bytes Received By Job
	74671  -  Total Bytes Sent By Job
	9873  -  Total Bytes Received By Job
	Partitionable Resources :    Usage  Request Allocated 
	   Cpus                 :     0.38        1         1 
	   Disk (KB)            :   142           1    204312 
	   Memory (MB)          :   369        2000      2000 
...
