Could not find platform independent libraries <prefix>
Could not find platform dependent libraries <exec_prefix>
Consider setting $PYTHONHOME to <prefix>[:<exec_prefix>]
ImportError: No module named site
Job start at Thu Jan 21 10:55:03 CET 2021
Running job on machine Linux b7s12n0029.cern.ch 3.10.0-1160.6.1.el7.x86_64 #1 SMP Tue Nov 17 13:59:11 UTC 2020 x86_64 x86_64 x86_64 GNU/Linux, host b7s12n0029.cern.ch
============================================================
$PWD=/pool/condor/dir_12741
$JOBID=1772039
$TASKID=35
$HOSTNAME=b7s12n0029.cern.ch
$TASKCMD=/afs/cern.ch/work/l/lvigilan/TauWork/CMSSW_10_6_17_patch1/src/TauFW/PicoProducer/python/processors/picojob.py -y 2017 -d 'mc' -c etau -M ModuleETau --copydir /eos/home-l/lvigilan/output_UL2017/2017/etau/WJetsToLNu -t _etau_35 -i root://cms-xrd-global.cern.ch//store/mc/RunIISummer19UL17NanoAOD/WJetsToLNu_TuneCP5_13TeV-madgraphMLM-pythia8/NANOAODSIM/106X_mc2017_realistic_v6-v2/100000/E0839F5F-B76A-BA43-B34B-0057D02C1444.root root://cms-xrd-global.cern.ch//store/mc/RunIISummer19UL17NanoAOD/WJetsToLNu_TuneCP5_13TeV-madgraphMLM-pythia8/NANOAODSIM/106X_mc2017_realistic_v6-v2/100000/E1E50D79-E919-CA4B-8983-0C2B51813E46.root root://cms-xrd-global.cern.ch//store/mc/RunIISummer19UL17NanoAOD/WJetsToLNu_TuneCP5_13TeV-madgraphMLM-pythia8/NANOAODSIM/106X_mc2017_realistic_v6-v2/100000/E1E629FE-C07A-6B48-875D-AA8A51328772.root root://cms-xrd-global.cern.ch//store/mc/RunIISummer19UL17NanoAOD/WJetsToLNu_TuneCP5_13TeV-madgraphMLM-pythia8/NANOAODSIM/106X_mc2017_realistic_v6-v2/100000/E2905C74-4445-E245-BB0E-12CB265345CA.root root://cms-xrd-global.cern.ch//store/mc/RunIISummer19UL17NanoAOD/WJetsToLNu_TuneCP5_13TeV-madgraphMLM-pythia8/NANOAODSIM/106X_mc2017_realistic_v6-v2/100000/E31B5A8B-F436-C247-94A8-92C49D8AC859.root
$WORKDIR=/pool/condor/dir_12741
>>> cd /afs/cern.ch/work/l/lvigilan/TauWork/CMSSW_10_6_17_patch1/src
>>> eval `scramv1 runtime -sh`
>>> cd /pool/condor/dir_12741
$PWD=/pool/condor/dir_12741
>>> /afs/cern.ch/work/l/lvigilan/TauWork/CMSSW_10_6_17_patch1/src/TauFW/PicoProducer/python/processors/picojob.py -y 2017 -d 'mc' -c etau -M ModuleETau --copydir /eos/home-l/lvigilan/output_UL2017/2017/etau/WJetsToLNu -t _etau_35 -i root://cms-xrd-global.cern.ch//store/mc/RunIISummer19UL17NanoAOD/WJetsToLNu_TuneCP5_13TeV-madgraphMLM-pythia8/NANOAODSIM/106X_mc2017_realistic_v6-v2/100000/E0839F5F-B76A-BA43-B34B-0057D02C1444.root root://cms-xrd-global.cern.ch//store/mc/RunIISummer19UL17NanoAOD/WJetsToLNu_TuneCP5_13TeV-madgraphMLM-pythia8/NANOAODSIM/106X_mc2017_realistic_v6-v2/100000/E1E50D79-E919-CA4B-8983-0C2B51813E46.root root://cms-xrd-global.cern.ch//store/mc/RunIISummer19UL17NanoAOD/WJetsToLNu_TuneCP5_13TeV-madgraphMLM-pythia8/NANOAODSIM/106X_mc2017_realistic_v6-v2/100000/E1E629FE-C07A-6B48-875D-AA8A51328772.root root://cms-xrd-global.cern.ch//store/mc/RunIISummer19UL17NanoAOD/WJetsToLNu_TuneCP5_13TeV-madgraphMLM-pythia8/NANOAODSIM/106X_mc2017_realistic_v6-v2/100000/E2905C74-4445-E245-BB0E-12CB265345CA.root root://cms-xrd-global.cern.ch//store/mc/RunIISummer19UL17NanoAOD/WJetsToLNu_TuneCP5_13TeV-madgraphMLM-pythia8/NANOAODSIM/106X_mc2017_realistic_v6-v2/100000/E31B5A8B-F436-C247-94A8-92C49D8AC859.root
Error in <TGClient::TGClient>: can't open display "localhost:38.0", switching to batch mode...
 In case you run from a remote ssh session, reconnect with ssh -Y
--------------------------------------------------------------------------------
>>> era          = '2017'
>>> year         = 2017
>>> channel      = 'etau'
>>> modname      = 'ModuleETau'
>>> dtype        = 'mc'
>>> kwargs       = {'dtype': 'mc', 'verb': 0, 'era': '2017', 'year': 2017}
>>> maxevts      = None
>>> outdir       = '.'
>>> copydir      = '/eos/home-l/lvigilan/output_UL2017/2017/etau/WJetsToLNu'
>>> infiles      = ['root://cms-xrd-global.cern.ch//store/mc/RunIISummer19UL17NanoAOD/WJetsToLNu_TuneCP5_13TeV-madgraphMLM-pythia8/NANOAODSIM/106X_mc2017_realistic_v6-v2/100000/E0839F5F-B76A-BA43-B34B-0057D02C1444.root', 'root://cms-xrd-global.cern.ch//store/mc/RunIISummer19UL17NanoAOD/WJetsToLNu_TuneCP5_13TeV-madgraphMLM-pythia8/NANOAODSIM/106X_mc2017_realistic_v6-v2/100000/E1E50D79-E919-CA4B-8983-0C2B51813E46.root', 'root://cms-xrd-global.cern.ch//store/mc/RunIISummer19UL17NanoAOD/WJetsToLNu_TuneCP5_13TeV-madgraphMLM-pythia8/NANOAODSIM/106X_mc2017_realistic_v6-v2/100000/E1E629FE-C07A-6B48-875D-AA8A51328772.root', 'root://cms-xrd-global.cern.ch//store/mc/RunIISummer19UL17NanoAOD/WJetsToLNu_TuneCP5_13TeV-madgraphMLM-pythia8/NANOAODSIM/106X_mc2017_realistic_v6-v2/100000/E2905C74-4445-E245-BB0E-12CB265345CA.root', 'root://cms-xrd-global.cern.ch//store/mc/RunIISummer19UL17NanoAOD/WJetsToLNu_TuneCP5_13TeV-madgraphMLM-pythia8/NANOAODSIM/106X_mc2017_realistic_v6-v2/100000/E31B5A8B-F436-C247-94A8-92C49D8AC859.root']
>>> outfname     = './pico_etau_etau_35.root'
>>> branchsel    = '/afs/cern.ch/work/l/lvigilan/TauWork/CMSSW_10_6_17_patch1/python/TauFW/PicoProducer/processors/keep_and_drop_skim.txt'
>>> json         = None
>>> prefetch     = False
>>> cwd          = /pool/condor/dir_12741
--------------------------------------------------------------------------------

   ################
   #  ModuleETau  #
   ################

Loading PileupWeightTool for '/afs/cern.ch/work/l/lvigilan/TauWork/CMSSW_10_6_17_patch1/src/TauFW/PicoProducer/data/pileup/Data_PileUp_2017_69p2.root' and '/afs/cern.ch/work/l/lvigilan/TauWork/CMSSW_10_6_17_patch1/src/TauFW/PicoProducer/data/pileup/MC_PileUp_2017_Winter17_V2_new_pmx.root'
Loading BTagWeightTool for DeepCSV (medium WP)...
>>> BTagTool: [1m[33mWarning! [0m[33mHistogram 'etau/eff_DeepCSV_udsg_medium' does not exist in /afs/cern.ch/work/l/lvigilan/TauWork/CMSSW_10_6_17_patch1/src/TauFW/PicoProducer/data/btag/DeepCSV_2017_12Apr2017_eff.root! Reverting to default efficiency histogram...[0m
>>> BTagTool: [1m[33mWarning! [0m[33mHistogram 'etau/eff_DeepCSV_c_medium' does not exist in /afs/cern.ch/work/l/lvigilan/TauWork/CMSSW_10_6_17_patch1/src/TauFW/PicoProducer/data/btag/DeepCSV_2017_12Apr2017_eff.root! Reverting to default efficiency histogram...[0m
>>> BTagTool: [1m[33mWarning! [0m[33mHistogram 'etau/eff_DeepCSV_b_medium' does not exist in /afs/cern.ch/work/l/lvigilan/TauWork/CMSSW_10_6_17_patch1/src/TauFW/PicoProducer/data/btag/DeepCSV_2017_12Apr2017_eff.root! Reverting to default efficiency histogram...[0m
>>> BTagTool: [1m[33mWarning! [0m[33mMade use of default efficiency histograms! The b tag weights from this module should be regarded as placeholders only,
and should NOT be used for analyses. B (mis)tag efficiencies in MC are analysis dependent. Please create your own
efficiency histogram with data/btag/getBTagEfficiencies.py after running all MC samples with BTagWeightTool.[0m
Loading TreeProducerETau for './pico_etau_etau_35.root'
--------------------------------------------------------------------------------
>>> filename     = './pico_etau_etau_35.root'
>>> year         = 2017
>>> dtype        = 'mc'
>>> channel      = 'etau'
>>> ismc         = True
>>> isdata       = False
>>> isembed      = False
>>> tes          = None
>>> tessys       = None
>>> ltf          = 1.0
>>> jtf          = 1.0
>>> dotoppt      = False
>>> dozpt        = False
>>> dojec        = True
>>> dojecsys     = True
>>> dotight      = False
>>> jetCutPt     = 30
>>> bjetCutEta   = 2.7
>>> tauwp        = 0
>>> eleCutPt     = 36
>>> eleCutEta    = 2.1
>>> tauCutPt     = 20
>>> tauCutEta    = 2.3
Pre-select 417383 entries out of 417383 (100.00%)
Processed    10000/  417383 entries,  2.40% (elapsed time     4.8s, curr speed    2.074 kHz, avg speed    2.074 kHz), accepted        0/   10001 events ( 0.00%)
Processed    20000/  417383 entries,  4.79% (elapsed time     7.1s, curr speed    4.393 kHz, avg speed    2.818 kHz), accepted        0/   20001 events ( 0.00%)
Processed    30000/  417383 entries,  7.19% (elapsed time     9.2s, curr speed    4.678 kHz, avg speed    3.248 kHz), accepted        0/   30001 events ( 0.00%)
Processed    40000/  417383 entries,  9.58% (elapsed time    11.5s, curr speed    4.361 kHz, avg speed    3.470 kHz), accepted        0/   40001 events ( 0.00%)
Traceback (most recent call last):
  File "/afs/cern.ch/work/l/lvigilan/TauWork/CMSSW_10_6_17_patch1/src/TauFW/PicoProducer/python/processors/picojob.py", line 111, in <module>
    p.run()
  File "/afs/cern.ch/work/l/lvigilan/TauWork/CMSSW_10_6_17_patch1/python/PhysicsTools/NanoAODTools/postprocessing/framework/postprocessor.py", line 234, in run
    eventRange=eventRange, maxEvents=self.maxEntries
  File "/afs/cern.ch/work/l/lvigilan/TauWork/CMSSW_10_6_17_patch1/python/PhysicsTools/NanoAODTools/postprocessing/framework/eventloop.py", line 82, in eventLoop
    ret = m.analyze(e)
  File "/afs/cern.ch/work/l/lvigilan/TauWork/CMSSW_10_6_17_patch1/python/TauFW/PicoProducer/analysis/ModuleETau.py", line 177, in analyze
    self.fillEventBranches(event)
  File "/afs/cern.ch/work/l/lvigilan/TauWork/CMSSW_10_6_17_patch1/python/TauFW/PicoProducer/analysis/ModuleTauPair.py", line 148, in fillEventBranches
    self.out.metfilter[0]       = self.filter(event)
  File "<string>", line 1, in <lambda>
  File "/afs/cern.ch/work/l/lvigilan/TauWork/CMSSW_10_6_17_patch1/python/PhysicsTools/NanoAODTools/postprocessing/framework/datamodel.py", line 18, in __getattr__
    return self._tree.readBranch(name)
  File "/afs/cern.ch/work/l/lvigilan/TauWork/CMSSW_10_6_17_patch1/python/PhysicsTools/NanoAODTools/postprocessing/framework/treeReaderArrayTools.py", line 76, in readBranch
    raise RuntimeError("Unknown branch %s" % branchName)
RuntimeError: Unknown branch Flag_ecalBadCalibFilterV2

Job complete at Thu Jan 21 10:55:48 CET 2021
Took 0 minutes 45 seconds040 (1772039.035.000) 01/21 10:55:49 Finished transferring output files
...
005 (1772039.035.000) 01/21 10:55:50 Job terminated.
	(1) Normal termination (return value 0)
		Usr 0 00:00:23, Sys 0 00:00:01  -  Run Remote Usage
		Usr 0 00:00:00, Sys 0 00:00:00  -  Run Local Usage
		Usr 0 00:00:23, Sys 0 00:00:01  -  Total Remote Usage
		Usr 0 00:00:00, Sys 0 00:00:00  -  Total Local Usage
	10171  -  Run Bytes Sent By Job
	9881  -  Run Bytes Received By Job
	10171  -  Total Bytes Sent By Job
	9881  -  Total Bytes Received By Job
	Partitionable Resources :    Usage  Request Allocated 
	   Cpus                 :                 1         1 
	   Disk (KB)            :       73        1    275723 
	   Memory (MB)          :      113     2000      2000 

	Job terminated of its own accord at 2021-01-21T09:55:48Z.
...
