Could not find platform independent libraries <prefix>
Could not find platform dependent libraries <exec_prefix>
Consider setting $PYTHONHOME to <prefix>[:<exec_prefix>]
ImportError: No module named site
Job start at Tue Dec 29 12:47:54 CET 2020
Running job on machine Linux b7g42n0486.cern.ch 3.10.0-957.10.1.el7.x86_64 #1 SMP Mon Mar 18 15:06:45 UTC 2019 x86_64 x86_64 x86_64 GNU/Linux, host b7g42n0486.cern.ch
============================================================
$PWD=/pool/condor/dir_20348
$JOBID=1631436
$TASKID=1
$HOSTNAME=b7g42n0486.cern.ch
$TASKCMD=/afs/cern.ch/work/l/lvigilan/TauWork/CMSSW_10_6_17_patch1/src/TauFW/PicoProducer/python/processors/picojob.py -y 2016 -d 'mc' -c etau -M ModuleETau --copydir /eos/home-l/lvigilan/output_2017ReReco18/2016/etau/W4JetsToLNu -t _etau_1 --opt 'jec=False' -i root://cms-xrd-global.cern.ch//store/mc/RunIISummer16NanoAODv6/W4JetsToLNu_TuneCUETP8M1_13TeV-madgraphMLM-pythia8/NANOAODSIM/PUMoriond17_Nano25Oct2019_102X_mcRun2_asymptotic_v7-v1/280000/9775E044-3B4C-F24F-8324-67AE55650178.root root://cms-xrd-global.cern.ch//store/mc/RunIISummer16NanoAODv6/W4JetsToLNu_TuneCUETP8M1_13TeV-madgraphMLM-pythia8/NANOAODSIM/PUMoriond17_Nano25Oct2019_102X_mcRun2_asymptotic_v7-v1/280000/D23340E6-71D2-3F49-9736-36FF8B35E7FB.root root://cms-xrd-global.cern.ch//store/mc/RunIISummer16NanoAODv6/W4JetsToLNu_TuneCUETP8M1_13TeV-madgraphMLM-pythia8/NANOAODSIM/PUMoriond17_Nano25Oct2019_102X_mcRun2_asymptotic_v7-v1/280000/DC3DCD20-41A7-FA4D-8575-7CEF34D968E3.root root://cms-xrd-global.cern.ch//store/mc/RunIISummer16NanoAODv6/W4JetsToLNu_TuneCUETP8M1_13TeV-madgraphMLM-pythia8/NANOAODSIM/PUMoriond17_Nano25Oct2019_102X_mcRun2_asymptotic_v7_ext1-v1/270000/12B39084-F970-E44E-9FC8-8DB98043C38F.root root://cms-xrd-global.cern.ch//store/mc/RunIISummer16NanoAODv6/W4JetsToLNu_TuneCUETP8M1_13TeV-madgraphMLM-pythia8/NANOAODSIM/PUMoriond17_Nano25Oct2019_102X_mcRun2_asymptotic_v7_ext1-v1/270000/3C3C536D-7FFB-6E4F-B82A-EDE66C7BD4F6.root
$WORKDIR=/pool/condor/dir_20348
>>> cd /afs/cern.ch/work/l/lvigilan/TauWork/CMSSW_10_6_17_patch1/src
>>> eval `scramv1 runtime -sh`
>>> cd /pool/condor/dir_20348
$PWD=/pool/condor/dir_20348
>>> /afs/cern.ch/work/l/lvigilan/TauWork/CMSSW_10_6_17_patch1/src/TauFW/PicoProducer/python/processors/picojob.py -y 2016 -d 'mc' -c etau -M ModuleETau --copydir /eos/home-l/lvigilan/output_2017ReReco18/2016/etau/W4JetsToLNu -t _etau_1 --opt 'jec=False' -i root://cms-xrd-global.cern.ch//store/mc/RunIISummer16NanoAODv6/W4JetsToLNu_TuneCUETP8M1_13TeV-madgraphMLM-pythia8/NANOAODSIM/PUMoriond17_Nano25Oct2019_102X_mcRun2_asymptotic_v7-v1/280000/9775E044-3B4C-F24F-8324-67AE55650178.root root://cms-xrd-global.cern.ch//store/mc/RunIISummer16NanoAODv6/W4JetsToLNu_TuneCUETP8M1_13TeV-madgraphMLM-pythia8/NANOAODSIM/PUMoriond17_Nano25Oct2019_102X_mcRun2_asymptotic_v7-v1/280000/D23340E6-71D2-3F49-9736-36FF8B35E7FB.root root://cms-xrd-global.cern.ch//store/mc/RunIISummer16NanoAODv6/W4JetsToLNu_TuneCUETP8M1_13TeV-madgraphMLM-pythia8/NANOAODSIM/PUMoriond17_Nano25Oct2019_102X_mcRun2_asymptotic_v7-v1/280000/DC3DCD20-41A7-FA4D-8575-7CEF34D968E3.root root://cms-xrd-global.cern.ch//store/mc/RunIISummer16NanoAODv6/W4JetsToLNu_TuneCUETP8M1_13TeV-madgraphMLM-pythia8/NANOAODSIM/PUMoriond17_Nano25Oct2019_102X_mcRun2_asymptotic_v7_ext1-v1/270000/12B39084-F970-E44E-9FC8-8DB98043C38F.root root://cms-xrd-global.cern.ch//store/mc/RunIISummer16NanoAODv6/W4JetsToLNu_TuneCUETP8M1_13TeV-madgraphMLM-pythia8/NANOAODSIM/PUMoriond17_Nano25Oct2019_102X_mcRun2_asymptotic_v7_ext1-v1/270000/3C3C536D-7FFB-6E4F-B82A-EDE66C7BD4F6.root
Error in <TGClient::TGClient>: can't open display "localhost:39.0", switching to batch mode...
 In case you run from a remote ssh session, reconnect with ssh -Y
--------------------------------------------------------------------------------
>>> era          = '2016'
>>> year         = 2016
>>> channel      = 'etau'
>>> modname      = 'ModuleETau'
>>> dtype        = 'mc'
>>> kwargs       = {'dtype': 'mc', 'verb': 0, 'era': '2016', 'jec': False, 'year': 2016}
>>> maxevts      = None
>>> outdir       = '.'
>>> copydir      = '/eos/home-l/lvigilan/output_2017ReReco18/2016/etau/W4JetsToLNu'
>>> infiles      = ['root://cms-xrd-global.cern.ch//store/mc/RunIISummer16NanoAODv6/W4JetsToLNu_TuneCUETP8M1_13TeV-madgraphMLM-pythia8/NANOAODSIM/PUMoriond17_Nano25Oct2019_102X_mcRun2_asymptotic_v7-v1/280000/9775E044-3B4C-F24F-8324-67AE55650178.root', 'root://cms-xrd-global.cern.ch//store/mc/RunIISummer16NanoAODv6/W4JetsToLNu_TuneCUETP8M1_13TeV-madgraphMLM-pythia8/NANOAODSIM/PUMoriond17_Nano25Oct2019_102X_mcRun2_asymptotic_v7-v1/280000/D23340E6-71D2-3F49-9736-36FF8B35E7FB.root', 'root://cms-xrd-global.cern.ch//store/mc/RunIISummer16NanoAODv6/W4JetsToLNu_TuneCUETP8M1_13TeV-madgraphMLM-pythia8/NANOAODSIM/PUMoriond17_Nano25Oct2019_102X_mcRun2_asymptotic_v7-v1/280000/DC3DCD20-41A7-FA4D-8575-7CEF34D968E3.root', 'root://cms-xrd-global.cern.ch//store/mc/RunIISummer16NanoAODv6/W4JetsToLNu_TuneCUETP8M1_13TeV-madgraphMLM-pythia8/NANOAODSIM/PUMoriond17_Nano25Oct2019_102X_mcRun2_asymptotic_v7_ext1-v1/270000/12B39084-F970-E44E-9FC8-8DB98043C38F.root', 'root://cms-xrd-global.cern.ch//store/mc/RunIISummer16NanoAODv6/W4JetsToLNu_TuneCUETP8M1_13TeV-madgraphMLM-pythia8/NANOAODSIM/PUMoriond17_Nano25Oct2019_102X_mcRun2_asymptotic_v7_ext1-v1/270000/3C3C536D-7FFB-6E4F-B82A-EDE66C7BD4F6.root']
>>> outfname     = './pico_etau_etau_1.root'
>>> branchsel    = '/afs/cern.ch/work/l/lvigilan/TauWork/CMSSW_10_6_17_patch1/python/TauFW/PicoProducer/processors/keep_and_drop_skim.txt'
>>> json         = None
>>> prefetch     = False
>>> cwd          = /pool/condor/dir_20348
--------------------------------------------------------------------------------

   ################
   #  ModuleETau  #
   ################

Loading PileupWeightTool for '/afs/cern.ch/work/l/lvigilan/TauWork/CMSSW_10_6_17_patch1/src/TauFW/PicoProducer/data/pileup/Data_PileUp_2016_69p2.root' and '/afs/cern.ch/work/l/lvigilan/TauWork/CMSSW_10_6_17_patch1/src/TauFW/PicoProducer/data/pileup/MC_PileUp_2016_Moriond17.root'
Loading BTagWeightTool for DeepCSV (medium WP)...
>>> BTagTool: [1m[33mWarning! [0m[33mHistogram 'etau/eff_DeepCSV_udsg_medium' does not exist in /afs/cern.ch/work/l/lvigilan/TauWork/CMSSW_10_6_17_patch1/src/TauFW/PicoProducer/data/btag/DeepCSV_2016_Moriond17_eff.root! Reverting to default efficiency histogram...[0m
>>> BTagTool: [1m[33mWarning! [0m[33mHistogram 'etau/eff_DeepCSV_c_medium' does not exist in /afs/cern.ch/work/l/lvigilan/TauWork/CMSSW_10_6_17_patch1/src/TauFW/PicoProducer/data/btag/DeepCSV_2016_Moriond17_eff.root! Reverting to default efficiency histogram...[0m
>>> BTagTool: [1m[33mWarning! [0m[33mHistogram 'etau/eff_DeepCSV_b_medium' does not exist in /afs/cern.ch/work/l/lvigilan/TauWork/CMSSW_10_6_17_patch1/src/TauFW/PicoProducer/data/btag/DeepCSV_2016_Moriond17_eff.root! Reverting to default efficiency histogram...[0m
>>> BTagTool: [1m[33mWarning! [0m[33mMade use of default efficiency histograms! The b tag weights from this module should be regarded as placeholders only,
and should NOT be used for analyses. B (mis)tag efficiencies in MC are analysis dependent. Please create your own
efficiency histogram with data/btag/getBTagEfficiencies.py after running all MC samples with BTagWeightTool.[0m
Loading TreeProducerETau for './pico_etau_etau_1.root'
--------------------------------------------------------------------------------
>>> filename     = './pico_etau_etau_1.root'
>>> year         = 2016
>>> dtype        = 'mc'
>>> channel      = 'etau'
>>> ismc         = True
>>> isdata       = False
>>> isembed      = False
>>> tes          = None
>>> tessys       = None
>>> ltf          = 1.0
>>> jtf          = 1.0
>>> dotoppt      = False
>>> dozpt        = False
>>> dojec        = False
>>> dojecsys     = False
>>> dotight      = False
>>> jetCutPt     = 30
>>> bjetCutEta   = 2.7
>>> tauwp        = 0
>>> eleCutPt     = 26
>>> eleCutEta    = 2.1
>>> tauCutPt     = 20
>>> tauCutEta    = 2.3
Pre-select 1076921 entries out of 1076921 (100.00%)
Processed    10000/ 1076921 entries,  0.93% (elapsed time     6.9s, curr speed    1.450 kHz, avg speed    1.450 kHz), accepted       16/   10001 events ( 0.16%)
Processed    20000/ 1076921 entries,  1.86% (elapsed time    10.8s, curr speed    2.541 kHz, avg speed    1.846 kHz), accepted       19/   20001 events ( 0.09%)
Processed    30000/ 1076921 entries,  2.79% (elapsed time    14.7s, curr speed    2.606 kHz, avg speed    2.045 kHz), accepted       25/   30001 events ( 0.08%)
Processed    40000/ 1076921 entries,  3.71% (elapsed time    18.7s, curr speed    2.454 kHz, avg speed    2.134 kHz), accepted       35/   40001 events ( 0.09%)
Processed    50000/ 1076921 entries,  4.64% (elapsed time    23.8s, curr speed    1.979 kHz, avg speed    2.101 kHz), accepted       41/   50001 events ( 0.08%)
Processed    60000/ 1076921 entries,  5.57% (elapsed time    27.1s, curr speed    3.029 kHz, avg speed    2.214 kHz), accepted       46/   60001 events ( 0.08%)
Processed    70000/ 1076921 entries,  6.50% (elapsed time    30.9s, curr speed    2.629 kHz, avg speed    2.265 kHz), accepted       58/   70001 events ( 0.08%)
Processed    80000/ 1076921 entries,  7.43% (elapsed time    34.7s, curr speed    2.647 kHz, avg speed    2.307 kHz), accepted       60/   80001 events ( 0.07%)
Processed    90000/ 1076921 entries,  8.36% (elapsed time    38.5s, curr speed    2.639 kHz, avg speed    2.340 kHz), accepted       69/   90001 events ( 0.08%)
Processed   100000/ 1076921 entries,  9.29% (elapsed time    42.1s, curr speed    2.781 kHz, avg speed    2.377 kHz), accepted       76/  100001 events ( 0.08%)
Processed   110000/ 1076921 entries, 10.21% (elapsed time    45.1s, curr speed    3.317 kHz, avg speed    2.440 kHz), accepted       81/  110001 events ( 0.07%)
Processed   120000/ 1076921 entries, 11.14% (elapsed time    49.4s, curr speed    2.324 kHz, avg speed    2.430 kHz), accepted       92/  120001 events ( 0.08%)
Processed   130000/ 1076921 entries, 12.07% (elapsed time    53.5s, curr speed    2.438 kHz, avg speed    2.431 kHz), accepted       96/  130001 events ( 0.07%)
Processed   140000/ 1076921 entries, 13.00% (elapsed time    58.2s, curr speed    2.123 kHz, avg speed    2.406 kHz), accepted      107/  140001 events ( 0.08%)
Processed   150000/ 1076921 entries, 13.93% (elapsed time    61.4s, curr speed    3.133 kHz, avg speed    2.444 kHz), accepted      118/  150001 events ( 0.08%)
Processed   160000/ 1076921 entries, 14.86% (elapsed time    65.2s, curr speed    2.594 kHz, avg speed    2.452 kHz), accepted      124/  160001 events ( 0.08%)
Processed   170000/ 1076921 entries, 15.79% (elapsed time    68.9s, curr speed    2.750 kHz, avg speed    2.468 kHz), accepted      132/  170001 events ( 0.08%)
Processed   180000/ 1076921 entries, 16.71% (elapsed time    72.5s, curr speed    2.748 kHz, avg speed    2.482 kHz), accepted      134/  180001 events ( 0.07%)
Processed   190000/ 1076921 entries, 17.64% (elapsed time    75.7s, curr speed    3.178 kHz, avg speed    2.511 kHz), accepted      140/  190001 events ( 0.07%)
Processed   200000/ 1076921 entries, 18.57% (elapsed time    79.9s, curr speed    2.354 kHz, avg speed    2.503 kHz), accepted      147/  200001 events ( 0.07%)
Processed   210000/ 1076921 entries, 19.50% (elapsed time    82.6s, curr speed    3.669 kHz, avg speed    2.541 kHz), accepted      153/  210001 events ( 0.07%)
Processed   220000/ 1076921 entries, 20.43% (elapsed time    86.7s, curr speed    2.444 kHz, avg speed    2.537 kHz), accepted      157/  220001 events ( 0.07%)
Processed   230000/ 1076921 entries, 21.36% (elapsed time    90.2s, curr speed    2.920 kHz, avg speed    2.551 kHz), accepted      164/  230001 events ( 0.07%)
Processed   240000/ 1076921 entries, 22.29% (elapsed time    93.7s, curr speed    2.812 kHz, avg speed    2.561 kHz), accepted      173/  240001 events ( 0.07%)
Processed   250000/ 1076921 entries, 23.21% (elapsed time    96.5s, curr speed    3.620 kHz, avg speed    2.591 kHz), accepted      180/  250001 events ( 0.07%)
Processed   260000/ 1076921 entries, 24.14% (elapsed time   100.1s, curr speed    2.756 kHz, avg speed    2.597 kHz), accepted      193/  260001 events ( 0.07%)
Processed   270000/ 1076921 entries, 25.07% (elapsed time   103.6s, curr speed    2.875 kHz, avg speed    2.607 kHz), accepted      197/  270001 events ( 0.07%)
Processed   280000/ 1076921 entries, 26.00% (elapsed time   107.8s, curr speed    2.352 kHz, avg speed    2.597 kHz), accepted      203/  280001 events ( 0.07%)
Processed   290000/ 1076921 entries, 26.93% (elapsed time   111.6s, curr speed    2.672 kHz, avg speed    2.599 kHz), accepted      210/  290001 events ( 0.07%)
Processed   300000/ 1076921 entries, 27.86% (elapsed time   114.2s, curr speed    3.773 kHz, avg speed    2.626 kHz), accepted      219/  300001 events ( 0.07%)
Processed   310000/ 1076921 entries, 28.79% (elapsed time   117.7s, curr speed    2.884 kHz, avg speed    2.634 kHz), accepted      223/  310001 events ( 0.07%)
Processed   320000/ 1076921 entries, 29.71% (elapsed time   121.9s, curr speed    2.360 kHz, avg speed    2.624 kHz), accepted      230/  320001 events ( 0.07%)
Processed   330000/ 1076921 entries, 30.64% (elapsed time   125.5s, curr speed    2.763 kHz, avg speed    2.628 kHz), accepted      236/  330001 events ( 0.07%)
Processed   340000/ 1076921 entries, 31.57% (elapsed time   128.2s, curr speed    3.703 kHz, avg speed    2.651 kHz), accepted      242/  340001 events ( 0.07%)
Processed   350000/ 1076921 entries, 32.50% (elapsed time   132.4s, curr speed    2.390 kHz, avg speed    2.643 kHz), accepted      251/  350001 events ( 0.07%)
Processed   360000/ 1076921 entries, 33.43% (elapsed time   135.4s, curr speed    3.329 kHz, avg speed    2.658 kHz), accepted      260/  360001 events ( 0.07%)
Processed   370000/ 1076921 entries, 34.36% (elapsed time   138.2s, curr speed    3.617 kHz, avg speed    2.677 kHz), accepted      262/  370001 events ( 0.07%)
Processed   380000/ 1076921 entries, 35.29% (elapsed time   141.7s, curr speed    2.861 kHz, avg speed    2.682 kHz), accepted      268/  380001 events ( 0.07%)
Processed   390000/ 1076921 entries, 36.21% (elapsed time   146.1s, curr speed    2.252 kHz, avg speed    2.669 kHz), accepted      276/  390001 events ( 0.07%)
Processed   400000/ 1076921 entries, 37.14% (elapsed time   150.0s, curr speed    2.608 kHz, avg speed    2.667 kHz), accepted      285/  400001 events ( 0.07%)
Processed   410000/ 1076921 entries, 38.07% (elapsed time   154.0s, curr speed    2.508 kHz, avg speed    2.663 kHz), accepted      296/  410001 events ( 0.07%)
Processed   420000/ 1076921 entries, 39.00% (elapsed time   157.6s, curr speed    2.784 kHz, avg speed    2.666 kHz), accepted      305/  420001 events ( 0.07%)
Processed   430000/ 1076921 entries, 39.93% (elapsed time   160.7s, curr speed    3.216 kHz, avg speed    2.676 kHz), accepted      310/  430001 events ( 0.07%)
Processed   440000/ 1076921 entries, 40.86% (elapsed time   165.3s, curr speed    2.170 kHz, avg speed    2.662 kHz), accepted      318/  440001 events ( 0.07%)
Processed   450000/ 1076921 entries, 41.79% (elapsed time   168.9s, curr speed    2.750 kHz, avg speed    2.664 kHz), accepted      324/  450001 events ( 0.07%)
Processed   460000/ 1076921 entries, 42.71% (elapsed time   172.6s, curr speed    2.708 kHz, avg speed    2.665 kHz), accepted      328/  460001 events ( 0.07%)
Processed   470000/ 1076921 entries, 43.64% (elapsed time   176.1s, curr speed    2.821 kHz, avg speed    2.668 kHz), accepted      333/  470001 events ( 0.07%)
Processed   480000/ 1076921 entries, 44.57% (elapsed time   180.0s, curr speed    2.626 kHz, avg speed    2.667 kHz), accepted      338/  480001 events ( 0.07%)
Processed   490000/ 1076921 entries, 45.50% (elapsed time   183.6s, curr speed    2.774 kHz, avg speed    2.669 kHz), accepted      341/  490001 events ( 0.07%)
Processed   500000/ 1076921 entries, 46.43% (elapsed time   187.5s, curr speed    2.551 kHz, avg speed    2.667 kHz), accepted      351/  500001 events ( 0.07%)
Processed   510000/ 1076921 entries, 47.36% (elapsed time   191.4s, curr speed    2.519 kHz, avg speed    2.664 kHz), accepted      356/  510001 events ( 0.07%)
Processed   520000/ 1076921 entries, 48.29% (elapsed time   195.2s, curr speed    2.655 kHz, avg speed    2.664 kHz), accepted      361/  520001 events ( 0.07%)
Processed   530000/ 1076921 entries, 49.21% (elapsed time   199.0s, curr speed    2.670 kHz, avg speed    2.664 kHz), accepted      371/  530001 events ( 0.07%)
Processed   540000/ 1076921 entries, 50.14% (elapsed time   202.3s, curr speed    3.011 kHz, avg speed    2.670 kHz), accepted      376/  540001 events ( 0.07%)
Processed   550000/ 1076921 entries, 51.07% (elapsed time   205.6s, curr speed    2.995 kHz, avg speed    2.675 kHz), accepted      383/  550001 events ( 0.07%)
Processed   560000/ 1076921 entries, 52.00% (elapsed time   208.9s, curr speed    3.028 kHz, avg speed    2.680 kHz), accepted      394/  560001 events ( 0.07%)
Processed   570000/ 1076921 entries, 52.93% (elapsed time   211.5s, curr speed    3.830 kHz, avg speed    2.695 kHz), accepted      399/  570001 events ( 0.07%)
Processed   580000/ 1076921 entries, 53.86% (elapsed time   214.2s, curr speed    3.788 kHz, avg speed    2.708 kHz), accepted      400/  580001 events ( 0.07%)
Processed   590000/ 1076921 entries, 54.79% (elapsed time   217.5s, curr speed    3.040 kHz, avg speed    2.713 kHz), accepted      405/  590001 events ( 0.07%)
Processed   600000/ 1076921 entries, 55.71% (elapsed time   220.8s, curr speed    2.965 kHz, avg speed    2.717 kHz), accepted      410/  600001 events ( 0.07%)
Processed   610000/ 1076921 entries, 56.64% (elapsed time   223.5s, curr speed    3.685 kHz, avg speed    2.729 kHz), accepted      419/  610001 events ( 0.07%)
Processed   620000/ 1076921 entries, 57.57% (elapsed time   226.9s, curr speed    3.022 kHz, avg speed    2.733 kHz), accepted      423/  620001 events ( 0.07%)
Processed   630000/ 1076921 entries, 58.50% (elapsed time   230.3s, curr speed    2.927 kHz, avg speed    2.736 kHz), accepted      431/  630001 events ( 0.07%)
Processed   640000/ 1076921 entries, 59.43% (elapsed time   232.9s, curr speed    3.792 kHz, avg speed    2.748 kHz), accepted      436/  640001 events ( 0.07%)
Processed   650000/ 1076921 entries, 60.36% (elapsed time   236.3s, curr speed    2.974 kHz, avg speed    2.751 kHz), accepted      447/  650001 events ( 0.07%)
Processed   660000/ 1076921 entries, 61.29% (elapsed time   239.7s, curr speed    2.939 kHz, avg speed    2.754 kHz), accepted      454/  660001 events ( 0.07%)
Processed   670000/ 1076921 entries, 62.21% (elapsed time   243.2s, curr speed    2.857 kHz, avg speed    2.755 kHz), accepted      457/  670001 events ( 0.07%)
Processed   680000/ 1076921 entries, 63.14% (elapsed time   246.5s, curr speed    2.971 kHz, avg speed    2.758 kHz), accepted      466/  680001 events ( 0.07%)
Processed   690000/ 1076921 entries, 64.07% (elapsed time   249.4s, curr speed    3.552 kHz, avg speed    2.767 kHz), accepted      475/  690001 events ( 0.07%)
Processed   700000/ 1076921 entries, 65.00% (elapsed time   253.6s, curr speed    2.371 kHz, avg speed    2.761 kHz), accepted      480/  700001 events ( 0.07%)
Processed   710000/ 1076921 entries, 65.93% (elapsed time   257.3s, curr speed    2.692 kHz, avg speed    2.760 kHz), accepted      488/  710001 events ( 0.07%)
Processed   720000/ 1076921 entries, 66.86% (elapsed time   259.6s, curr speed    4.325 kHz, avg speed    2.773 kHz), accepted      490/  720001 events ( 0.07%)
Processed   730000/ 1076921 entries, 67.79% (elapsed time   263.1s, curr speed    2.879 kHz, avg speed    2.775 kHz), accepted      493/  730001 events ( 0.07%)
Processed   740000/ 1076921 entries, 68.71% (elapsed time   267.2s, curr speed    2.427 kHz, avg speed    2.770 kHz), accepted      498/  740001 events ( 0.07%)
Processed   750000/ 1076921 entries, 69.64% (elapsed time   271.2s, curr speed    2.494 kHz, avg speed    2.765 kHz), accepted      504/  750001 events ( 0.07%)
Processed   760000/ 1076921 entries, 70.57% (elapsed time   274.6s, curr speed    2.919 kHz, avg speed    2.767 kHz), accepted      510/  760001 events ( 0.07%)
Processed   770000/ 1076921 entries, 71.50% (elapsed time   277.9s, curr speed    3.094 kHz, avg speed    2.771 kHz), accepted      518/  770001 events ( 0.07%)
Processed   780000/ 1076921 entries, 72.43% (elapsed time   281.2s, curr speed    3.022 kHz, avg speed    2.774 kHz), accepted      523/  780001 events ( 0.07%)
Processed   790000/ 1076921 entries, 73.36% (elapsed time   283.8s, curr speed    3.856 kHz, avg speed    2.784 kHz), accepted      529/  790001 events ( 0.07%)
Processed   800000/ 1076921 entries, 74.29% (elapsed time   287.9s, curr speed    2.416 kHz, avg speed    2.779 kHz), accepted      536/  800001 events ( 0.07%)
Processed   810000/ 1076921 entries, 75.21% (elapsed time   291.6s, curr speed    2.682 kHz, avg speed    2.777 kHz), accepted      544/  810001 events ( 0.07%)
Processed   820000/ 1076921 entries, 76.14% (elapsed time   293.7s, curr speed    4.929 kHz, avg speed    2.792 kHz), accepted      546/  820001 events ( 0.07%)
Processed   830000/ 1076921 entries, 77.07% (elapsed time   298.3s, curr speed    2.149 kHz, avg speed    2.782 kHz), accepted      558/  830001 events ( 0.07%)
Processed   840000/ 1076921 entries, 78.00% (elapsed time   302.0s, curr speed    2.699 kHz, avg speed    2.781 kHz), accepted      564/  840001 events ( 0.07%)
Processed   850000/ 1076921 entries, 78.93% (elapsed time   305.8s, curr speed    2.660 kHz, avg speed    2.780 kHz), accepted      575/  850001 events ( 0.07%)
Processed   860000/ 1076921 entries, 79.86% (elapsed time   309.4s, curr speed    2.728 kHz, avg speed    2.779 kHz), accepted      582/  860001 events ( 0.07%)
Processed   870000/ 1076921 entries, 80.79% (elapsed time   313.1s, curr speed    2.712 kHz, avg speed    2.778 kHz), accepted      588/  870001 events ( 0.07%)
Processed   880000/ 1076921 entries, 81.71% (elapsed time   316.7s, curr speed    2.792 kHz, avg speed    2.779 kHz), accepted      594/  880001 events ( 0.07%)
Processed   890000/ 1076921 entries, 82.64% (elapsed time   319.8s, curr speed    3.202 kHz, avg speed    2.783 kHz), accepted      602/  890001 events ( 0.07%)
Processed   900000/ 1076921 entries, 83.57% (elapsed time   323.7s, curr speed    2.575 kHz, avg speed    2.780 kHz), accepted      605/  900001 events ( 0.07%)
Processed   910000/ 1076921 entries, 84.50% (elapsed time   327.3s, curr speed    2.765 kHz, avg speed    2.780 kHz), accepted      614/  910001 events ( 0.07%)
Processed   920000/ 1076921 entries, 85.43% (elapsed time   330.8s, curr speed    2.892 kHz, avg speed    2.781 kHz), accepted      619/  920001 events ( 0.07%)
Processed   930000/ 1076921 entries, 86.36% (elapsed time   334.4s, curr speed    2.738 kHz, avg speed    2.781 kHz), accepted      629/  930001 events ( 0.07%)
Processed   940000/ 1076921 entries, 87.29% (elapsed time   337.4s, curr speed    3.390 kHz, avg speed    2.786 kHz), accepted      631/  940001 events ( 0.07%)
Processed   950000/ 1076921 entries, 88.21% (elapsed time   342.0s, curr speed    2.152 kHz, avg speed    2.777 kHz), accepted      643/  950001 events ( 0.07%)
Processed   960000/ 1076921 entries, 89.14% (elapsed time   346.0s, curr speed    2.520 kHz, avg speed    2.774 kHz), accepted      649/  960001 events ( 0.07%)
Processed   970000/ 1076921 entries, 90.07% (elapsed time   349.9s, curr speed    2.600 kHz, avg speed    2.773 kHz), accepted      658/  970001 events ( 0.07%)
Processed   980000/ 1076921 entries, 91.00% (elapsed time   353.2s, curr speed    2.986 kHz, avg speed    2.775 kHz), accepted      663/  980001 events ( 0.07%)
Processed   990000/ 1076921 entries, 91.93% (elapsed time   357.8s, curr speed    2.196 kHz, avg speed    2.767 kHz), accepted      670/  990001 events ( 0.07%)
Processed  1000000/ 1076921 entries, 92.86% (elapsed time   361.2s, curr speed    2.888 kHz, avg speed    2.768 kHz), accepted      675/ 1000001 events ( 0.07%)
Processed  1010000/ 1076921 entries, 93.79% (elapsed time   364.9s, curr speed    2.695 kHz, avg speed    2.768 kHz), accepted      685/ 1010001 events ( 0.07%)
Processed  1020000/ 1076921 entries, 94.71% (elapsed time   368.8s, curr speed    2.593 kHz, avg speed    2.766 kHz), accepted      695/ 1020001 events ( 0.07%)
Processed  1030000/ 1076921 entries, 95.64% (elapsed time   372.1s, curr speed    3.013 kHz, avg speed    2.768 kHz), accepted      701/ 1030001 events ( 0.07%)
Processed  1040000/ 1076921 entries, 96.57% (elapsed time   375.4s, curr speed    3.019 kHz, avg speed    2.770 kHz), accepted      705/ 1040001 events ( 0.07%)
Processed  1050000/ 1076921 entries, 97.50% (elapsed time   378.1s, curr speed    3.750 kHz, avg speed    2.777 kHz), accepted      708/ 1050001 events ( 0.07%)
Processed  1060000/ 1076921 entries, 98.43% (elapsed time   381.3s, curr speed    3.116 kHz, avg speed    2.780 kHz), accepted      713/ 1060001 events ( 0.07%)
Processed  1070000/ 1076921 entries, 99.36% (elapsed time   384.6s, curr speed    3.067 kHz, avg speed    2.782 kHz), accepted      718/ 1070001 events ( 0.07%)
Processed 1076921 preselected entries from root://cms-xrd-global.cern.ch//store/mc/RunIISummer16NanoAODv6/W4JetsToLNu_TuneCUETP8M1_13TeV-madgraphMLM-pythia8/NANOAODSIM/PUMoriond17_Nano25Oct2019_102X_mcRun2_asymptotic_v7-v1/280000/9775E044-3B4C-F24F-8324-67AE55650178.root (1076921 entries). Finally selected 721 entries
Pre-select 1653323 entries out of 1653323 (100.00%)
Processed    10000/ 1653323 entries,  0.60% (elapsed time   117.2s, curr speed    0.085 kHz, avg speed    0.085 kHz), accepted        7/   10001 events ( 0.07%)
Processed    20000/ 1653323 entries,  1.21% (elapsed time   202.0s, curr speed    0.118 kHz, avg speed    0.099 kHz), accepted        9/   20001 events ( 0.04%)
Processed    30000/ 1653323 entries,  1.81% (elapsed time   267.2s, curr speed    0.153 kHz, avg speed    0.112 kHz), accepted       16/   30001 events ( 0.05%)
Processed    40000/ 1653323 entries,  2.42% (elapsed time   334.9s, curr speed    0.148 kHz, avg speed    0.119 kHz), accepted       21/   40001 events ( 0.05%)
Processed    50000/ 1653323 entries,  3.02% (elapsed time   386.6s, curr speed    0.193 kHz, avg speed    0.129 kHz), accepted       27/   50001 events ( 0.05%)
Processed    60000/ 1653323 entries,  3.63% (elapsed time   450.9s, curr speed    0.156 kHz, avg speed    0.133 kHz), accepted       33/   60001 events ( 0.05%)
Processed    70000/ 1653323 entries,  4.23% (elapsed time   508.6s, curr speed    0.173 kHz, avg speed    0.138 kHz), accepted       38/   70001 events ( 0.05%)
Processed    80000/ 1653323 entries,  4.84% (elapsed time   553.4s, curr speed    0.223 kHz, avg speed    0.145 kHz), accepted       41/   80001 events ( 0.05%)
Processed    90000/ 1653323 entries,  5.44% (elapsed time   607.3s, curr speed    0.186 kHz, avg speed    0.148 kHz), accepted       44/   90001 events ( 0.05%)
Processed   100000/ 1653323 entries,  6.05% (elapsed time   676.4s, curr speed    0.145 kHz, avg speed    0.148 kHz), accepted       54/  100001 events ( 0.05%)
Processed   110000/ 1653323 entries,  6.65% (elapsed time   711.7s, curr speed    0.283 kHz, avg speed    0.155 kHz), accepted       60/  110001 events ( 0.05%)
Processed   120000/ 1653323 entries,  7.26% (elapsed time   753.6s, curr speed    0.238 kHz, avg speed    0.159 kHz), accepted       69/  120001 events ( 0.06%)
Processed   130000/ 1653323 entries,  7.86% (elapsed time   798.5s, curr speed    0.223 kHz, avg speed    0.163 kHz), accepted       78/  130001 events ( 0.06%)
Processed   140000/ 1653323 entries,  8.47% (elapsed time   831.4s, curr speed    0.304 kHz, avg speed    0.168 kHz), accepted       88/  140001 events ( 0.06%)
Processed   150000/ 1653323 entries,  9.07% (elapsed time   873.2s, curr speed    0.239 kHz, avg speed    0.172 kHz), accepted       98/  150001 events ( 0.07%)
Processed   160000/ 1653323 entries,  9.68% (elapsed time   900.8s, curr speed    0.362 kHz, avg speed    0.178 kHz), accepted      100/  160001 events ( 0.06%)
Processed   170000/ 1653323 entries, 10.28% (elapsed time   940.6s, curr speed    0.252 kHz, avg speed    0.181 kHz), accepted      109/  170001 events ( 0.06%)
Processed   180000/ 1653323 entries, 10.89% (elapsed time   977.8s, curr speed    0.269 kHz, avg speed    0.184 kHz), accepted      117/  180001 events ( 0.06%)
Processed   190000/ 1653323 entries, 11.49% (elapsed time   998.8s, curr speed    0.477 kHz, avg speed    0.190 kHz), accepted      123/  190001 events ( 0.06%)
Processed   200000/ 1653323 entries, 12.10% (elapsed time  1018.9s, curr speed    0.498 kHz, avg speed    0.196 kHz), accepted      128/  200001 events ( 0.06%)
Processed   210000/ 1653323 entries, 12.70% (elapsed time  1035.5s, curr speed    0.601 kHz, avg speed    0.203 kHz), accepted      134/  210001 events ( 0.06%)
Processed   220000/ 1653323 entries, 13.31% (elapsed time  1062.8s, curr speed    0.366 kHz, avg speed    0.207 kHz), accepted      139/  220001 events ( 0.06%)
Processed   230000/ 1653323 entries, 13.91% (elapsed time  1089.5s, curr speed    0.374 kHz, avg speed    0.211 kHz), accepted      144/  230001 events ( 0.06%)
Processed   240000/ 1653323 entries, 14.52% (elapsed time  1114.2s, curr speed    0.405 kHz, avg speed    0.215 kHz), accepted      152/  240001 events ( 0.06%)
Processed   250000/ 1653323 entries, 15.12% (elapsed time  1138.2s, curr speed    0.417 kHz, avg speed    0.220 kHz), accepted      159/  250001 events ( 0.06%)
Processed   260000/ 1653323 entries, 15.73% (elapsed time  1154.4s, curr speed    0.615 kHz, avg speed    0.225 kHz), accepted      166/  260001 events ( 0.06%)
Processed   270000/ 1653323 entries, 16.33% (elapsed time  1179.7s, curr speed    0.395 kHz, avg speed    0.229 kHz), accepted      173/  270001 events ( 0.06%)
Processed   280000/ 1653323 entries, 16.94% (elapsed time  1199.2s, curr speed    0.515 kHz, avg speed    0.233 kHz), accepted      186/  280001 events ( 0.07%)
Processed   290000/ 1653323 entries, 17.54% (elapsed time  1220.1s, curr speed    0.478 kHz, avg speed    0.238 kHz), accepted      189/  290001 events ( 0.07%)
Processed   300000/ 1653323 entries, 18.15% (elapsed time  1236.9s, curr speed    0.594 kHz, avg speed    0.243 kHz), accepted      198/  300001 events ( 0.07%)
Processed   310000/ 1653323 entries, 18.75% (elapsed time  1252.6s, curr speed    0.635 kHz, avg speed    0.247 kHz), accepted      208/  310001 events ( 0.07%)
Processed   320000/ 1653323 entries, 19.35% (elapsed time  1278.4s, curr speed    0.389 kHz, avg speed    0.250 kHz), accepted      215/  320001 events ( 0.07%)
Processed   330000/ 1653323 entries, 19.96% (elapsed time  1303.2s, curr speed    0.402 kHz, avg speed    0.253 kHz), accepted      222/  330001 events ( 0.07%)
Processed   340000/ 1653323 entries, 20.56% (elapsed time  1316.0s, curr speed    0.782 kHz, avg speed    0.258 kHz), accepted      227/  340001 events ( 0.07%)
Processed   350000/ 1653323 entries, 21.17% (elapsed time  1333.2s, curr speed    0.584 kHz, avg speed    0.263 kHz), accepted      230/  350001 events ( 0.07%)
Processed   360000/ 1653323 entries, 21.77% (elapsed time  1348.8s, curr speed    0.638 kHz, avg speed    0.267 kHz), accepted      236/  360001 events ( 0.07%)
Processed   370000/ 1653323 entries, 22.38% (elapsed time  1365.6s, curr speed    0.597 kHz, avg speed    0.271 kHz), accepted      247/  370001 events ( 0.07%)
Processed   380000/ 1653323 entries, 22.98% (elapsed time  1376.9s, curr speed    0.883 kHz, avg speed    0.276 kHz), accepted      249/  380001 events ( 0.07%)
Processed   390000/ 1653323 entries, 23.59% (elapsed time  1388.0s, curr speed    0.900 kHz, avg speed    0.281 kHz), accepted      256/  390001 events ( 0.07%)
Processed   400000/ 1653323 entries, 24.19% (elapsed time  1399.4s, curr speed    0.878 kHz, avg speed    0.286 kHz), accepted      261/  400001 events ( 0.07%)
Processed   410000/ 1653323 entries, 24.80% (elapsed time  1413.8s, curr speed    0.693 kHz, avg speed    0.290 kHz), accepted      263/  410001 events ( 0.06%)
Processed   420000/ 1653323 entries, 25.40% (elapsed time  1431.8s, curr speed    0.557 kHz, avg speed    0.293 kHz), accepted      271/  420001 events ( 0.06%)
Processed   430000/ 1653323 entries, 26.01% (elapsed time  1443.2s, curr speed    0.879 kHz, avg speed    0.298 kHz), accepted      274/  430001 events ( 0.06%)
Processed   440000/ 1653323 entries, 26.61% (elapsed time  1454.7s, curr speed    0.867 kHz, avg speed    0.302 kHz), accepted      280/  440001 events ( 0.06%)
Processed   450000/ 1653323 entries, 27.22% (elapsed time  1476.5s, curr speed    0.459 kHz, avg speed    0.305 kHz), accepted      284/  450001 events ( 0.06%)
Processed   460000/ 1653323 entries, 27.82% (elapsed time  1491.2s, curr speed    0.680 kHz, avg speed    0.308 kHz), accepted      292/  460001 events ( 0.06%)
Processed   470000/ 1653323 entries, 28.43% (elapsed time  1511.0s, curr speed    0.506 kHz, avg speed    0.311 kHz), accepted      301/  470001 events ( 0.06%)
Processed   480000/ 1653323 entries, 29.03% (elapsed time  1537.5s, curr speed    0.378 kHz, avg speed    0.312 kHz), accepted      308/  480001 events ( 0.06%)
Processed   490000/ 1653323 entries, 29.64% (elapsed time  1550.6s, curr speed    0.763 kHz, avg speed    0.316 kHz), accepted      316/  490001 events ( 0.06%)
Processed   500000/ 1653323 entries, 30.24% (elapsed time  1560.4s, curr speed    1.019 kHz, avg speed    0.320 kHz), accepted      324/  500001 events ( 0.06%)
Processed   510000/ 1653323 entries, 30.85% (elapsed time  1568.8s, curr speed    1.185 kHz, avg speed    0.325 kHz), accepted      331/  510001 events ( 0.06%)
Processed   520000/ 1653323 entries, 31.45% (elapsed time  1576.6s, curr speed    1.287 kHz, avg speed    0.330 kHz), accepted      337/  520001 events ( 0.06%)
Processed   530000/ 1653323 entries, 32.06% (elapsed time  1585.9s, curr speed    1.077 kHz, avg speed    0.334 kHz), accepted      346/  530001 events ( 0.07%)
Processed   540000/ 1653323 entries, 32.66% (elapsed time  1592.4s, curr speed    1.539 kHz, avg speed    0.339 kHz), accepted      354/  540001 events ( 0.07%)
Processed   550000/ 1653323 entries, 33.27% (elapsed time  1598.8s, curr speed    1.550 kHz, avg speed    0.344 kHz), accepted      357/  550001 events ( 0.06%)
Processed   560000/ 1653323 entries, 33.87% (elapsed time  1604.7s, curr speed    1.711 kHz, avg speed    0.349 kHz), accepted      365/  560001 events ( 0.07%)
Processed   570000/ 1653323 entries, 34.48% (elapsed time  1610.4s, curr speed    1.729 kHz, avg speed    0.354 kHz), accepted      367/  570001 events ( 0.06%)
Processed   580000/ 1653323 entries, 35.08% (elapsed time  1617.1s, curr speed    1.495 kHz, avg speed    0.359 kHz), accepted      373/  580001 events ( 0.06%)
Processed   590000/ 1653323 entries, 35.69% (elapsed time  1626.3s, curr speed    1.096 kHz, avg speed    0.363 kHz), accepted      381/  590001 events ( 0.06%)
Processed   600000/ 1653323 entries, 36.29% (elapsed time  1639.9s, curr speed    0.732 kHz, avg speed    0.366 kHz), accepted      386/  600001 events ( 0.06%)
Processed   610000/ 1653323 entries, 36.90% (elapsed time  1649.4s, curr speed    1.051 kHz, avg speed    0.370 kHz), accepted      399/  610001 events ( 0.07%)
Processed   620000/ 1653323 entries, 37.50% (elapsed time  1655.8s, curr speed    1.565 kHz, avg speed    0.374 kHz), accepted      411/  620001 events ( 0.07%)
Processed   630000/ 1653323 entries, 38.11% (elapsed time  1665.6s, curr speed    1.019 kHz, avg speed    0.378 kHz), accepted      422/  630001 events ( 0.07%)
Processed   640000/ 1653323 entries, 38.71% (elapsed time  1672.8s, curr speed    1.391 kHz, avg speed    0.383 kHz), accepted      430/  640001 events ( 0.07%)
Processed   650000/ 1653323 entries, 39.31% (elapsed time  1679.9s, curr speed    1.414 kHz, avg speed    0.387 kHz), accepted      438/  650001 events ( 0.07%)
Processed   660000/ 1653323 entries, 39.92% (elapsed time  1690.6s, curr speed    0.937 kHz, avg speed    0.390 kHz), accepted      448/  660001 events ( 0.07%)
Processed   670000/ 1653323 entries, 40.52% (elapsed time  1699.3s, curr speed    1.141 kHz, avg speed    0.394 kHz), accepted      453/  670001 events ( 0.07%)
Processed   680000/ 1653323 entries, 41.13% (elapsed time  1706.0s, curr speed    1.491 kHz, avg speed    0.399 kHz), accepted      458/  680001 events ( 0.07%)
Processed   690000/ 1653323 entries, 41.73% (elapsed time  1714.8s, curr speed    1.139 kHz, avg speed    0.402 kHz), accepted      464/  690001 events ( 0.07%)
Processed   700000/ 1653323 entries, 42.34% (elapsed time  1720.4s, curr speed    1.808 kHz, avg speed    0.407 kHz), accepted      471/  700001 events ( 0.07%)
Processed   710000/ 1653323 entries, 42.94% (elapsed time  1729.2s, curr speed    1.129 kHz, avg speed    0.411 kHz), accepted      478/  710001 events ( 0.07%)
Processed   720000/ 1653323 entries, 43.55% (elapsed time  1740.8s, curr speed    0.860 kHz, avg speed    0.414 kHz), accepted      489/  720001 events ( 0.07%)
Processed   730000/ 1653323 entries, 44.15% (elapsed time  1744.4s, curr speed    2.807 kHz, avg speed    0.418 kHz), accepted      495/  730001 events ( 0.07%)
Processed   740000/ 1653323 entries, 44.76% (elapsed time  1751.3s, curr speed    1.453 kHz, avg speed    0.423 kHz), accepted      500/  740001 events ( 0.07%)
Processed   750000/ 1653323 entries, 45.36% (elapsed time  1757.9s, curr speed    1.517 kHz, avg speed    0.427 kHz), accepted      508/  750001 events ( 0.07%)
Processed   760000/ 1653323 entries, 45.97% (elapsed time  1764.9s, curr speed    1.432 kHz, avg speed    0.431 kHz), accepted      513/  760001 events ( 0.07%)
Processed   770000/ 1653323 entries, 46.57% (elapsed time  1771.5s, curr speed    1.497 kHz, avg speed    0.435 kHz), accepted      519/  770001 events ( 0.07%)
Processed   780000/ 1653323 entries, 47.18% (elapsed time  1778.4s, curr speed    1.453 kHz, avg speed    0.439 kHz), accepted      523/  780001 events ( 0.07%)
Processed   790000/ 1653323 entries, 47.78% (elapsed time  1786.7s, curr speed    1.214 kHz, avg speed    0.442 kHz), accepted      534/  790001 events ( 0.07%)
Processed   800000/ 1653323 entries, 48.39% (elapsed time  1791.5s, curr speed    2.074 kHz, avg speed    0.447 kHz), accepted      537/  800001 events ( 0.07%)
Processed   810000/ 1653323 entries, 48.99% (elapsed time  1802.1s, curr speed    0.939 kHz, avg speed    0.449 kHz), accepted      542/  810001 events ( 0.07%)
Processed   820000/ 1653323 entries, 49.60% (elapsed time  1808.5s, curr speed    1.579 kHz, avg speed    0.453 kHz), accepted      549/  820001 events ( 0.07%)
Processed   830000/ 1653323 entries, 50.20% (elapsed time  1812.8s, curr speed    2.333 kHz, avg speed    0.458 kHz), accepted      557/  830001 events ( 0.07%)
Processed   840000/ 1653323 entries, 50.81% (elapsed time  1821.6s, curr speed    1.129 kHz, avg speed    0.461 kHz), accepted      561/  840001 events ( 0.07%)
Processed   850000/ 1653323 entries, 51.41% (elapsed time  1826.3s, curr speed    2.156 kHz, avg speed    0.465 kHz), accepted      565/  850001 events ( 0.07%)
Processed   860000/ 1653323 entries, 52.02% (elapsed time  1832.3s, curr speed    1.653 kHz, avg speed    0.469 kHz), accepted      572/  860001 events ( 0.07%)
Processed   870000/ 1653323 entries, 52.62% (elapsed time  1839.4s, curr speed    1.404 kHz, avg speed    0.473 kHz), accepted      577/  870001 events ( 0.07%)
Processed   880000/ 1653323 entries, 53.23% (elapsed time  1846.0s, curr speed    1.514 kHz, avg speed    0.477 kHz), accepted      584/  880001 events ( 0.07%)
Processed   890000/ 1653323 entries, 53.83% (elapsed time  1852.7s, curr speed    1.496 kHz, avg speed    0.480 kHz), accepted      592/  890001 events ( 0.07%)
Processed   900000/ 1653323 entries, 54.44% (elapsed time  1858.5s, curr speed    1.728 kHz, avg speed    0.484 kHz), accepted      600/  900001 events ( 0.07%)
Processed   910000/ 1653323 entries, 55.04% (elapsed time  1864.5s, curr speed    1.676 kHz, avg speed    0.488 kHz), accepted      604/  910001 events ( 0.07%)
Processed   920000/ 1653323 entries, 55.65% (elapsed time  1870.6s, curr speed    1.620 kHz, avg speed    0.492 kHz), accepted      607/  920001 events ( 0.07%)
Processed   930000/ 1653323 entries, 56.25% (elapsed time  1875.2s, curr speed    2.189 kHz, avg speed    0.496 kHz), accepted      613/  930001 events ( 0.07%)
Processed   940000/ 1653323 entries, 56.86% (elapsed time  1881.1s, curr speed    1.711 kHz, avg speed    0.500 kHz), accepted      621/  940001 events ( 0.07%)
Processed   950000/ 1653323 entries, 57.46% (elapsed time  1887.2s, curr speed    1.629 kHz, avg speed    0.503 kHz), accepted      632/  950001 events ( 0.07%)
Processed   960000/ 1653323 entries, 58.06% (elapsed time  1894.1s, curr speed    1.445 kHz, avg speed    0.507 kHz), accepted      637/  960001 events ( 0.07%)
Processed   970000/ 1653323 entries, 58.67% (elapsed time  1901.6s, curr speed    1.334 kHz, avg speed    0.510 kHz), accepted      644/  970001 events ( 0.07%)
Processed   980000/ 1653323 entries, 59.27% (elapsed time  1910.1s, curr speed    1.178 kHz, avg speed    0.513 kHz), accepted      649/  980001 events ( 0.07%)
Processed   990000/ 1653323 entries, 59.88% (elapsed time  1916.0s, curr speed    1.682 kHz, avg speed    0.517 kHz), accepted      655/  990001 events ( 0.07%)
Processed  1000000/ 1653323 entries, 60.48% (elapsed time  1921.5s, curr speed    1.840 kHz, avg speed    0.520 kHz), accepted      664/ 1000001 events ( 0.07%)
Processed  1010000/ 1653323 entries, 61.09% (elapsed time  1928.2s, curr speed    1.497 kHz, avg speed    0.524 kHz), accepted      669/ 1010001 events ( 0.07%)
Processed  1020000/ 1653323 entries, 61.69% (elapsed time  1933.7s, curr speed    1.799 kHz, avg speed    0.527 kHz), accepted      673/ 1020001 events ( 0.07%)
Processed  1030000/ 1653323 entries, 62.30% (elapsed time  1939.1s, curr speed    1.862 kHz, avg speed    0.531 kHz), accepted      679/ 1030001 events ( 0.07%)
Processed  1040000/ 1653323 entries, 62.90% (elapsed time  1945.3s, curr speed    1.618 kHz, avg speed    0.535 kHz), accepted      686/ 1040001 events ( 0.07%)
Processed  1050000/ 1653323 entries, 63.51% (elapsed time  1950.4s, curr speed    1.954 kHz, avg speed    0.538 kHz), accepted      689/ 1050001 events ( 0.07%)
Processed  1060000/ 1653323 entries, 64.11% (elapsed time  1956.0s, curr speed    1.781 kHz, avg speed    0.542 kHz), accepted      693/ 1060001 events ( 0.07%)
Processed  1070000/ 1653323 entries, 64.72% (elapsed time  1961.6s, curr speed    1.794 kHz, avg speed    0.545 kHz), accepted      701/ 1070001 events ( 0.07%)
Processed  1080000/ 1653323 entries, 65.32% (elapsed time  1966.4s, curr speed    2.066 kHz, avg speed    0.549 kHz), accepted      707/ 1080001 events ( 0.07%)
Processed  1090000/ 1653323 entries, 65.93% (elapsed time  1971.7s, curr speed    1.893 kHz, avg speed    0.553 kHz), accepted      714/ 1090001 events ( 0.07%)
Processed  1100000/ 1653323 entries, 66.53% (elapsed time  1977.3s, curr speed    1.780 kHz, avg speed    0.556 kHz), accepted      725/ 1100001 events ( 0.07%)
Processed  1110000/ 1653323 entries, 67.14% (elapsed time  1982.7s, curr speed    1.870 kHz, avg speed    0.560 kHz), accepted      729/ 1110001 events ( 0.07%)
Processed  1120000/ 1653323 entries, 67.74% (elapsed time  1991.8s, curr speed    1.099 kHz, avg speed    0.562 kHz), accepted      736/ 1120001 events ( 0.07%)
Processed  1130000/ 1653323 entries, 68.35% (elapsed time  2000.4s, curr speed    1.160 kHz, avg speed    0.565 kHz), accepted      739/ 1130001 events ( 0.07%)
Processed  1140000/ 1653323 entries, 68.95% (elapsed time  2004.8s, curr speed    2.291 kHz, avg speed    0.569 kHz), accepted      745/ 1140001 events ( 0.07%)
Processed  1150000/ 1653323 entries, 69.56% (elapsed time  2010.4s, curr speed    1.774 kHz, avg speed    0.572 kHz), accepted      754/ 1150001 events ( 0.07%)
Processed  1160000/ 1653323 entries, 70.16% (elapsed time  2017.3s, curr speed    1.441 kHz, avg speed    0.575 kHz), accepted      762/ 1160001 events ( 0.07%)
Processed  1170000/ 1653323 entries, 70.77% (elapsed time  2022.7s, curr speed    1.877 kHz, avg speed    0.578 kHz), accepted      767/ 1170001 events ( 0.07%)
Processed  1180000/ 1653323 entries, 71.37% (elapsed time  2031.4s, curr speed    1.147 kHz, avg speed    0.581 kHz), accepted      772/ 1180001 events ( 0.07%)
Processed  1190000/ 1653323 entries, 71.98% (elapsed time  2037.2s, curr speed    1.726 kHz, avg speed    0.584 kHz), accepted      776/ 1190001 events ( 0.07%)
Processed  1200000/ 1653323 entries, 72.58% (elapsed time  2041.6s, curr speed    2.255 kHz, avg speed    0.588 kHz), accepted      782/ 1200001 events ( 0.07%)
Processed  1210000/ 1653323 entries, 73.19% (elapsed time  2045.5s, curr speed    2.558 kHz, avg speed    0.592 kHz), accepted      783/ 1210001 events ( 0.06%)
Processed  1220000/ 1653323 entries, 73.79% (elapsed time  2051.2s, curr speed    1.747 kHz, avg speed    0.595 kHz), accepted      786/ 1220001 events ( 0.06%)
Processed  1230000/ 1653323 entries, 74.40% (elapsed time  2056.7s, curr speed    1.832 kHz, avg speed    0.598 kHz), accepted      793/ 1230001 events ( 0.06%)
Processed  1240000/ 1653323 entries, 75.00% (elapsed time  2061.7s, curr speed    1.989 kHz, avg speed    0.601 kHz), accepted      802/ 1240001 events ( 0.06%)
Processed  1250000/ 1653323 entries, 75.61% (elapsed time  2068.2s, curr speed    1.546 kHz, avg speed    0.604 kHz), accepted      809/ 1250001 events ( 0.06%)
Processed  1260000/ 1653323 entries, 76.21% (elapsed time  2078.6s, curr speed    0.960 kHz, avg speed    0.606 kHz), accepted      818/ 1260001 events ( 0.06%)
Processed  1270000/ 1653323 entries, 76.81% (elapsed time  2085.4s, curr speed    1.464 kHz, avg speed    0.609 kHz), accepted      824/ 1270001 events ( 0.06%)
Processed  1280000/ 1653323 entries, 77.42% (elapsed time  2091.1s, curr speed    1.767 kHz, avg speed    0.612 kHz), accepted      831/ 1280001 events ( 0.06%)
Processed  1290000/ 1653323 entries, 78.02% (elapsed time  2095.8s, curr speed    2.113 kHz, avg speed    0.616 kHz), accepted      836/ 1290001 events ( 0.06%)
Processed  1300000/ 1653323 entries, 78.63% (elapsed time  2099.5s, curr speed    2.743 kHz, avg speed    0.619 kHz), accepted      837/ 1300001 events ( 0.06%)
Processed  1310000/ 1653323 entries, 79.23% (elapsed time  2105.6s, curr speed    1.624 kHz, avg speed    0.622 kHz), accepted      842/ 1310001 events ( 0.06%)
Processed  1320000/ 1653323 entries, 79.84% (elapsed time  2110.4s, curr speed    2.081 kHz, avg speed    0.625 kHz), accepted      847/ 1320001 events ( 0.06%)
Processed  1330000/ 1653323 entries, 80.44% (elapsed time  2117.5s, curr speed    1.422 kHz, avg speed    0.628 kHz), accepted      857/ 1330001 events ( 0.06%)
Processed  1340000/ 1653323 entries, 81.05% (elapsed time  2121.9s, curr speed    2.239 kHz, avg speed    0.631 kHz), accepted      866/ 1340001 events ( 0.06%)
Processed  1350000/ 1653323 entries, 81.65% (elapsed time  2128.0s, curr speed    1.640 kHz, avg speed    0.634 kHz), accepted      872/ 1350001 events ( 0.06%)
Processed  1360000/ 1653323 entries, 82.26% (elapsed time  2134.5s, curr speed    1.556 kHz, avg speed    0.637 kHz), accepted      874/ 1360001 events ( 0.06%)
Processed  1370000/ 1653323 entries, 82.86% (elapsed time  2140.6s, curr speed    1.642 kHz, avg speed    0.640 kHz), accepted      880/ 1370001 events ( 0.06%)
Processed  1380000/ 1653323 entries, 83.47% (elapsed time  2147.7s, curr speed    1.406 kHz, avg speed    0.643 kHz), accepted      892/ 1380001 events ( 0.06%)
Processed  1390000/ 1653323 entries, 84.07% (elapsed time  2152.9s, curr speed    1.918 kHz, avg speed    0.646 kHz), accepted      903/ 1390001 events ( 0.06%)
Processed  1400000/ 1653323 entries, 84.68% (elapsed time  2157.0s, curr speed    2.407 kHz, avg speed    0.649 kHz), accepted      905/ 1400001 events ( 0.06%)
Processed  1410000/ 1653323 entries, 85.28% (elapsed time  2161.3s, curr speed    2.324 kHz, avg speed    0.652 kHz), accepted      909/ 1410001 events ( 0.06%)
Processed  1420000/ 1653323 entries, 85.89% (elapsed time  2165.4s, curr speed    2.483 kHz, avg speed    0.656 kHz), accepted      910/ 1420001 events ( 0.06%)
Processed  1430000/ 1653323 entries, 86.49% (elapsed time  2171.7s, curr speed    1.569 kHz, avg speed    0.658 kHz), accepted      915/ 1430001 events ( 0.06%)
Processed  1440000/ 1653323 entries, 87.10% (elapsed time  2181.2s, curr speed    1.054 kHz, avg speed    0.660 kHz), accepted      921/ 1440001 events ( 0.06%)
Processed  1450000/ 1653323 entries, 87.70% (elapsed time  2186.8s, curr speed    1.796 kHz, avg speed    0.663 kHz), accepted      930/ 1450001 events ( 0.06%)
Processed  1460000/ 1653323 entries, 88.31% (elapsed time  2191.7s, curr speed    2.044 kHz, avg speed    0.666 kHz), accepted      935/ 1460001 events ( 0.06%)
Processed  1470000/ 1653323 entries, 88.91% (elapsed time  2197.5s, curr speed    1.725 kHz, avg speed    0.669 kHz), accepted      947/ 1470001 events ( 0.06%)
Processed  1480000/ 1653323 entries, 89.52% (elapsed time  2203.6s, curr speed    1.624 kHz, avg speed    0.672 kHz), accepted      956/ 1480001 events ( 0.06%)
Processed  1490000/ 1653323 entries, 90.12% (elapsed time  2208.3s, curr speed    2.129 kHz, avg speed    0.675 kHz), accepted      966/ 1490001 events ( 0.06%)
Processed  1500000/ 1653323 entries, 90.73% (elapsed time  2212.7s, curr speed    2.308 kHz, avg speed    0.678 kHz), accepted      969/ 1500001 events ( 0.06%)
Processed  1510000/ 1653323 entries, 91.33% (elapsed time  2218.5s, curr speed    1.708 kHz, avg speed    0.681 kHz), accepted      977/ 1510001 events ( 0.06%)
Processed  1520000/ 1653323 entries, 91.94% (elapsed time  2223.0s, curr speed    2.253 kHz, avg speed    0.684 kHz), accepted      983/ 1520001 events ( 0.06%)
Processed  1530000/ 1653323 entries, 92.54% (elapsed time  2228.8s, curr speed    1.723 kHz, avg speed    0.686 kHz), accepted      991/ 1530001 events ( 0.06%)
Processed  1540000/ 1653323 entries, 93.15% (elapsed time  2233.9s, curr speed    1.936 kHz, avg speed    0.689 kHz), accepted      994/ 1540001 events ( 0.06%)
Processed  1550000/ 1653323 entries, 93.75% (elapsed time  2239.7s, curr speed    1.726 kHz, avg speed    0.692 kHz), accepted      999/ 1550001 events ( 0.06%)
Processed  1560000/ 1653323 entries, 94.36% (elapsed time  2245.5s, curr speed    1.743 kHz, avg speed    0.695 kHz), accepted     1010/ 1560001 events ( 0.06%)
Processed  1570000/ 1653323 entries, 94.96% (elapsed time  2251.2s, curr speed    1.739 kHz, avg speed    0.697 kHz), accepted     1013/ 1570001 events ( 0.06%)
Processed  1580000/ 1653323 entries, 95.57% (elapsed time  2255.9s, curr speed    2.143 kHz, avg speed    0.700 kHz), accepted     1018/ 1580001 events ( 0.06%)
Processed  1590000/ 1653323 entries, 96.17% (elapsed time  2261.9s, curr speed    1.652 kHz, avg speed    0.703 kHz), accepted     1029/ 1590001 events ( 0.06%)
Processed  1600000/ 1653323 entries, 96.77% (elapsed time  2266.9s, curr speed    2.030 kHz, avg speed    0.706 kHz), accepted     1034/ 1600001 events ( 0.06%)
Processed  1610000/ 1653323 entries, 97.38% (elapsed time  2272.7s, curr speed    1.715 kHz, avg speed    0.708 kHz), accepted     1041/ 1610001 events ( 0.06%)
Processed  1620000/ 1653323 entries, 97.98% (elapsed time  2277.6s, curr speed    2.040 kHz, avg speed    0.711 kHz), accepted     1050/ 1620001 events ( 0.06%)
Processed  1630000/ 1653323 entries, 98.59% (elapsed time  2283.0s, curr speed    1.841 kHz, avg speed    0.714 kHz), accepted     1054/ 1630001 events ( 0.06%)
Processed  1640000/ 1653323 entries, 99.19% (elapsed time  2289.5s, curr speed    1.542 kHz, avg speed    0.716 kHz), accepted     1060/ 1640001 events ( 0.06%)
Processed  1650000/ 1653323 entries, 99.80% (elapsed time  2294.2s, curr speed    2.125 kHz, avg speed    0.719 kHz), accepted     1064/ 1650001 events ( 0.06%)
Processed 1653323 preselected entries from root://cms-xrd-global.cern.ch//store/mc/RunIISummer16NanoAODv6/W4JetsToLNu_TuneCUETP8M1_13TeV-madgraphMLM-pythia8/NANOAODSIM/PUMoriond17_Nano25Oct2019_102X_mcRun2_asymptotic_v7-v1/280000/D23340E6-71D2-3F49-9736-36FF8B35E7FB.root (1653323 entries). Finally selected 1068 entries
Pre-select 56650 entries out of 56650 (100.00%)
Processed    10000/   56650 entries, 17.65% (elapsed time   181.0s, curr speed    0.055 kHz, avg speed    0.055 kHz), accepted        5/   10001 events ( 0.05%)
Processed    20000/   56650 entries, 35.30% (elapsed time   313.0s, curr speed    0.076 kHz, avg speed    0.064 kHz), accepted       13/   20001 events ( 0.06%)
Processed    30000/   56650 entries, 52.96% (elapsed time   433.0s, curr speed    0.083 kHz, avg speed    0.069 kHz), accepted       21/   30001 events ( 0.07%)
Processed    40000/   56650 entries, 70.61% (elapsed time   589.1s, curr speed    0.064 kHz, avg speed    0.068 kHz), accepted       29/   40001 events ( 0.07%)
Processed    50000/   56650 entries, 88.26% (elapsed time   765.2s, curr speed    0.057 kHz, avg speed    0.065 kHz), accepted       37/   50001 events ( 0.07%)
Processed 56650 preselected entries from root://cms-xrd-global.cern.ch//store/mc/RunIISummer16NanoAODv6/W4JetsToLNu_TuneCUETP8M1_13TeV-madgraphMLM-pythia8/NANOAODSIM/PUMoriond17_Nano25Oct2019_102X_mcRun2_asymptotic_v7-v1/280000/DC3DCD20-41A7-FA4D-8575-7CEF34D968E3.root (56650 entries). Finally selected 41 entries
Pre-select 797166 entries out of 797166 (100.00%)
Processed    10000/  797166 entries,  1.25% (elapsed time    16.3s, curr speed    0.613 kHz, avg speed    0.613 kHz), accepted        6/   10001 events ( 0.06%)
Processed    20000/  797166 entries,  2.51% (elapsed time    27.5s, curr speed    0.898 kHz, avg speed    0.729 kHz), accepted       12/   20001 events ( 0.06%)
Processed    30000/  797166 entries,  3.76% (elapsed time    35.6s, curr speed    1.221 kHz, avg speed    0.842 kHz), accepted       18/   30001 events ( 0.06%)
Processed    40000/  797166 entries,  5.02% (elapsed time    48.3s, curr speed    0.789 kHz, avg speed    0.828 kHz), accepted       27/   40001 events ( 0.07%)
Processed    50000/  797166 entries,  6.27% (elapsed time    56.1s, curr speed    1.285 kHz, avg speed    0.891 kHz), accepted       34/   50001 events ( 0.07%)
Processed    60000/  797166 entries,  7.53% (elapsed time    64.6s, curr speed    1.177 kHz, avg speed    0.929 kHz), accepted       37/   60001 events ( 0.06%)
Processed    70000/  797166 entries,  8.78% (elapsed time    75.1s, curr speed    0.953 kHz, avg speed    0.932 kHz), accepted       45/   70001 events ( 0.06%)
Processed    80000/  797166 entries, 10.04% (elapsed time    88.4s, curr speed    0.751 kHz, avg speed    0.905 kHz), accepted       53/   80001 events ( 0.07%)
Processed    90000/  797166 entries, 11.29% (elapsed time    96.7s, curr speed    1.201 kHz, avg speed    0.931 kHz), accepted       62/   90001 events ( 0.07%)
Processed   100000/  797166 entries, 12.54% (elapsed time   107.5s, curr speed    0.931 kHz, avg speed    0.931 kHz), accepted       71/  100001 events ( 0.07%)
Processed   110000/  797166 entries, 13.80% (elapsed time   117.9s, curr speed    0.955 kHz, avg speed    0.933 kHz), accepted       73/  110001 events ( 0.07%)
Processed   120000/  797166 entries, 15.05% (elapsed time   130.6s, curr speed    0.788 kHz, avg speed    0.919 kHz), accepted       81/  120001 events ( 0.07%)
Processed   130000/  797166 entries, 16.31% (elapsed time   141.5s, curr speed    0.915 kHz, avg speed    0.919 kHz), accepted       87/  130001 events ( 0.07%)
Processed   140000/  797166 entries, 17.56% (elapsed time   153.1s, curr speed    0.866 kHz, avg speed    0.915 kHz), accepted       93/  140001 events ( 0.07%)
Processed   150000/  797166 entries, 18.82% (elapsed time   163.3s, curr speed    0.983 kHz, avg speed    0.919 kHz), accepted       99/  150001 events ( 0.07%)
Processed   160000/  797166 entries, 20.07% (elapsed time   172.1s, curr speed    1.128 kHz, avg speed    0.930 kHz), accepted      105/  160001 events ( 0.07%)
Processed   170000/  797166 entries, 21.33% (elapsed time   185.6s, curr speed    0.745 kHz, avg speed    0.916 kHz), accepted      115/  170001 events ( 0.07%)
Processed   180000/  797166 entries, 22.58% (elapsed time   196.0s, curr speed    0.957 kHz, avg speed    0.918 kHz), accepted      120/  180001 events ( 0.07%)
Processed   190000/  797166 entries, 23.83% (elapsed time   204.4s, curr speed    1.190 kHz, avg speed    0.930 kHz), accepted      128/  190001 events ( 0.07%)
Processed   200000/  797166 entries, 25.09% (elapsed time   218.2s, curr speed    0.726 kHz, avg speed    0.917 kHz), accepted      141/  200001 events ( 0.07%)
Processed   210000/  797166 entries, 26.34% (elapsed time   228.8s, curr speed    0.940 kHz, avg speed    0.918 kHz), accepted      148/  210001 events ( 0.07%)
Processed   220000/  797166 entries, 27.60% (elapsed time   239.6s, curr speed    0.922 kHz, avg speed    0.918 kHz), accepted      155/  220001 events ( 0.07%)
Processed   230000/  797166 entries, 28.85% (elapsed time   250.2s, curr speed    0.945 kHz, avg speed    0.919 kHz), accepted      162/  230001 events ( 0.07%)
Processed   240000/  797166 entries, 30.11% (elapsed time   260.6s, curr speed    0.961 kHz, avg speed    0.921 kHz), accepted      169/  240001 events ( 0.07%)
Processed   250000/  797166 entries, 31.36% (elapsed time   270.9s, curr speed    0.970 kHz, avg speed    0.923 kHz), accepted      173/  250001 events ( 0.07%)
Processed   260000/  797166 entries, 32.62% (elapsed time   278.6s, curr speed    1.299 kHz, avg speed    0.933 kHz), accepted      178/  260001 events ( 0.07%)
Processed   270000/  797166 entries, 33.87% (elapsed time   290.5s, curr speed    0.846 kHz, avg speed    0.930 kHz), accepted      189/  270001 events ( 0.07%)
Processed   280000/  797166 entries, 35.12% (elapsed time   301.1s, curr speed    0.944 kHz, avg speed    0.930 kHz), accepted      195/  280001 events ( 0.07%)
Processed   290000/  797166 entries, 36.38% (elapsed time   312.0s, curr speed    0.916 kHz, avg speed    0.930 kHz), accepted      203/  290001 events ( 0.07%)
Processed   300000/  797166 entries, 37.63% (elapsed time   323.0s, curr speed    0.906 kHz, avg speed    0.929 kHz), accepted      206/  300001 events ( 0.07%)
Processed   310000/  797166 entries, 38.89% (elapsed time   333.7s, curr speed    0.937 kHz, avg speed    0.929 kHz), accepted      212/  310001 events ( 0.07%)
Processed   320000/  797166 entries, 40.14% (elapsed time   344.9s, curr speed    0.890 kHz, avg speed    0.928 kHz), accepted      223/  320001 events ( 0.07%)
Processed   330000/  797166 entries, 41.40% (elapsed time   355.2s, curr speed    0.970 kHz, avg speed    0.929 kHz), accepted      231/  330001 events ( 0.07%)
Processed   340000/  797166 entries, 42.65% (elapsed time   365.6s, curr speed    0.964 kHz, avg speed    0.930 kHz), accepted      233/  340001 events ( 0.07%)
Processed   350000/  797166 entries, 43.91% (elapsed time   376.5s, curr speed    0.924 kHz, avg speed    0.930 kHz), accepted      239/  350001 events ( 0.07%)
Processed   360000/  797166 entries, 45.16% (elapsed time   387.0s, curr speed    0.945 kHz, avg speed    0.930 kHz), accepted      246/  360001 events ( 0.07%)
Processed   370000/  797166 entries, 46.41% (elapsed time   397.3s, curr speed    0.974 kHz, avg speed    0.931 kHz), accepted      252/  370001 events ( 0.07%)
Processed   380000/  797166 entries, 47.67% (elapsed time   408.5s, curr speed    0.896 kHz, avg speed    0.930 kHz), accepted      259/  380001 events ( 0.07%)
Processed   390000/  797166 entries, 48.92% (elapsed time   420.3s, curr speed    0.848 kHz, avg speed    0.928 kHz), accepted      262/  390001 events ( 0.07%)
Processed   400000/  797166 entries, 50.18% (elapsed time   427.9s, curr speed    1.306 kHz, avg speed    0.935 kHz), accepted      263/  400001 events ( 0.07%)
Processed   410000/  797166 entries, 51.43% (elapsed time   441.1s, curr speed    0.758 kHz, avg speed    0.929 kHz), accepted      269/  410001 events ( 0.07%)
Processed   420000/  797166 entries, 52.69% (elapsed time   450.0s, curr speed    1.131 kHz, avg speed    0.933 kHz), accepted      274/  420001 events ( 0.07%)
Processed   430000/  797166 entries, 53.94% (elapsed time   463.0s, curr speed    0.769 kHz, avg speed    0.929 kHz), accepted      287/  430001 events ( 0.07%)
Processed   440000/  797166 entries, 55.20% (elapsed time   470.7s, curr speed    1.299 kHz, avg speed    0.935 kHz), accepted      290/  440001 events ( 0.07%)
Processed   450000/  797166 entries, 56.45% (elapsed time   484.6s, curr speed    0.719 kHz, avg speed    0.929 kHz), accepted      296/  450001 events ( 0.07%)
Processed   460000/  797166 entries, 57.70% (elapsed time   495.1s, curr speed    0.951 kHz, avg speed    0.929 kHz), accepted      305/  460001 events ( 0.07%)
Processed   470000/  797166 entries, 58.96% (elapsed time   505.5s, curr speed    0.963 kHz, avg speed    0.930 kHz), accepted      309/  470001 events ( 0.07%)
Processed   480000/  797166 entries, 60.21% (elapsed time   516.0s, curr speed    0.947 kHz, avg speed    0.930 kHz), accepted      316/  480001 events ( 0.07%)
Processed   490000/  797166 entries, 61.47% (elapsed time   523.8s, curr speed    1.281 kHz, avg speed    0.935 kHz), accepted      320/  490001 events ( 0.07%)
Processed   500000/  797166 entries, 62.72% (elapsed time   536.8s, curr speed    0.775 kHz, avg speed    0.932 kHz), accepted      327/  500001 events ( 0.07%)
Processed   510000/  797166 entries, 63.98% (elapsed time   547.0s, curr speed    0.977 kHz, avg speed    0.932 kHz), accepted      331/  510001 events ( 0.06%)
Processed   520000/  797166 entries, 65.23% (elapsed time   558.0s, curr speed    0.905 kHz, avg speed    0.932 kHz), accepted      339/  520001 events ( 0.07%)
Processed   530000/  797166 entries, 66.49% (elapsed time   566.7s, curr speed    1.157 kHz, avg speed    0.935 kHz), accepted      346/  530001 events ( 0.07%)
Processed   540000/  797166 entries, 67.74% (elapsed time   580.2s, curr speed    0.739 kHz, avg speed    0.931 kHz), accepted      353/  540001 events ( 0.07%)
Processed   550000/  797166 entries, 68.99% (elapsed time   590.5s, curr speed    0.967 kHz, avg speed    0.931 kHz), accepted      358/  550001 events ( 0.07%)
Processed   560000/  797166 entries, 70.25% (elapsed time   599.0s, curr speed    1.184 kHz, avg speed    0.935 kHz), accepted      363/  560001 events ( 0.06%)
Processed   570000/  797166 entries, 71.50% (elapsed time   612.5s, curr speed    0.742 kHz, avg speed    0.931 kHz), accepted      370/  570001 events ( 0.06%)
Processed   580000/  797166 entries, 72.76% (elapsed time   623.7s, curr speed    0.889 kHz, avg speed    0.930 kHz), accepted      378/  580001 events ( 0.07%)
Processed   590000/  797166 entries, 74.01% (elapsed time   634.4s, curr speed    0.934 kHz, avg speed    0.930 kHz), accepted      385/  590001 events ( 0.07%)
Processed   600000/  797166 entries, 75.27% (elapsed time   642.5s, curr speed    1.235 kHz, avg speed    0.934 kHz), accepted      393/  600001 events ( 0.07%)
Processed   610000/  797166 entries, 76.52% (elapsed time   653.3s, curr speed    0.930 kHz, avg speed    0.934 kHz), accepted      397/  610001 events ( 0.07%)
Processed   620000/  797166 entries, 77.78% (elapsed time   663.5s, curr speed    0.976 kHz, avg speed    0.934 kHz), accepted      401/  620001 events ( 0.06%)
Processed   630000/  797166 entries, 79.03% (elapsed time   674.1s, curr speed    0.946 kHz, avg speed    0.935 kHz), accepted      411/  630001 events ( 0.07%)
Processed   640000/  797166 entries, 80.28% (elapsed time   684.5s, curr speed    0.962 kHz, avg speed    0.935 kHz), accepted      415/  640001 events ( 0.06%)
Processed   650000/  797166 entries, 81.54% (elapsed time   695.2s, curr speed    0.937 kHz, avg speed    0.935 kHz), accepted      423/  650001 events ( 0.07%)
Processed   660000/  797166 entries, 82.79% (elapsed time   703.2s, curr speed    1.243 kHz, avg speed    0.939 kHz), accepted      427/  660001 events ( 0.06%)
Processed   670000/  797166 entries, 84.05% (elapsed time   713.5s, curr speed    0.972 kHz, avg speed    0.939 kHz), accepted      432/  670001 events ( 0.06%)
Processed   680000/  797166 entries, 85.30% (elapsed time   724.2s, curr speed    0.934 kHz, avg speed    0.939 kHz), accepted      444/  680001 events ( 0.07%)
Processed   690000/  797166 entries, 86.56% (elapsed time   732.4s, curr speed    1.226 kHz, avg speed    0.942 kHz), accepted      450/  690001 events ( 0.07%)
Processed   700000/  797166 entries, 87.81% (elapsed time   743.5s, curr speed    0.900 kHz, avg speed    0.942 kHz), accepted      457/  700001 events ( 0.07%)
Processed   710000/  797166 entries, 89.07% (elapsed time   753.6s, curr speed    0.983 kHz, avg speed    0.942 kHz), accepted      465/  710001 events ( 0.07%)
Processed   720000/  797166 entries, 90.32% (elapsed time   764.6s, curr speed    0.915 kHz, avg speed    0.942 kHz), accepted      470/  720001 events ( 0.07%)
Processed   730000/  797166 entries, 91.57% (elapsed time   776.4s, curr speed    0.846 kHz, avg speed    0.940 kHz), accepted      477/  730001 events ( 0.07%)
Processed   740000/  797166 entries, 92.83% (elapsed time   787.2s, curr speed    0.927 kHz, avg speed    0.940 kHz), accepted      483/  740001 events ( 0.07%)
Processed   750000/  797166 entries, 94.08% (elapsed time   797.5s, curr speed    0.973 kHz, avg speed    0.940 kHz), accepted      488/  750001 events ( 0.07%)
Processed   760000/  797166 entries, 95.34% (elapsed time   808.4s, curr speed    0.911 kHz, avg speed    0.940 kHz), accepted      494/  760001 events ( 0.06%)
Processed   770000/  797166 entries, 96.59% (elapsed time   819.5s, curr speed    0.903 kHz, avg speed    0.940 kHz), accepted      499/  770001 events ( 0.06%)
Processed   780000/  797166 entries, 97.85% (elapsed time   830.1s, curr speed    0.947 kHz, avg speed    0.940 kHz), accepted      510/  780001 events ( 0.07%)
Processed   790000/  797166 entries, 99.10% (elapsed time   840.7s, curr speed    0.939 kHz, avg speed    0.940 kHz), accepted      515/  790001 events ( 0.07%)
Processed 797166 preselected entries from root://cms-xrd-global.cern.ch//store/mc/RunIISummer16NanoAODv6/W4JetsToLNu_TuneCUETP8M1_13TeV-madgraphMLM-pythia8/NANOAODSIM/PUMoriond17_Nano25Oct2019_102X_mcRun2_asymptotic_v7_ext1-v1/270000/12B39084-F970-E44E-9FC8-8DB98043C38F.root (797166 entries). Finally selected 519 entries
Pre-select 1202962 entries out of 1202962 (100.00%)
Processed    10000/ 1202962 entries,  0.83% (elapsed time     4.8s, curr speed    2.074 kHz, avg speed    2.074 kHz), accepted       12/   10001 events ( 0.12%)
Processed    20000/ 1202962 entries,  1.66% (elapsed time     7.5s, curr speed    3.803 kHz, avg speed    2.684 kHz), accepted       16/   20001 events ( 0.08%)
Processed    30000/ 1202962 entries,  2.49% (elapsed time    10.5s, curr speed    3.324 kHz, avg speed    2.868 kHz), accepted       26/   30001 events ( 0.09%)
Processed    40000/ 1202962 entries,  3.33% (elapsed time    14.1s, curr speed    2.780 kHz, avg speed    2.845 kHz), accepted       31/   40001 events ( 0.08%)
Processed    50000/ 1202962 entries,  4.16% (elapsed time    16.1s, curr speed    4.893 kHz, avg speed    3.105 kHz), accepted       36/   50001 events ( 0.07%)
Processed    60000/ 1202962 entries,  4.99% (elapsed time    18.1s, curr speed    4.916 kHz, avg speed    3.308 kHz), accepted       49/   60001 events ( 0.08%)
Processed    70000/ 1202962 entries,  5.82% (elapsed time    20.2s, curr speed    4.861 kHz, avg speed    3.467 kHz), accepted       58/   70001 events ( 0.08%)
Processed    80000/ 1202962 entries,  6.65% (elapsed time    22.2s, curr speed    4.920 kHz, avg speed    3.600 kHz), accepted       65/   80001 events ( 0.08%)
Processed    90000/ 1202962 entries,  7.48% (elapsed time    24.1s, curr speed    5.216 kHz, avg speed    3.728 kHz), accepted       70/   90001 events ( 0.08%)
Processed   100000/ 1202962 entries,  8.31% (elapsed time    26.2s, curr speed    4.853 kHz, avg speed    3.816 kHz), accepted       78/  100001 events ( 0.08%)
Processed   110000/ 1202962 entries,  9.14% (elapsed time    28.1s, curr speed    5.193 kHz, avg speed    3.911 kHz), accepted       85/  110001 events ( 0.08%)
Processed   120000/ 1202962 entries,  9.98% (elapsed time    30.1s, curr speed    5.041 kHz, avg speed    3.985 kHz), accepted       89/  120001 events ( 0.07%)
Processed   130000/ 1202962 entries, 10.81% (elapsed time    31.8s, curr speed    6.100 kHz, avg speed    4.094 kHz), accepted       94/  130001 events ( 0.07%)
Processed   140000/ 1202962 entries, 11.64% (elapsed time    34.2s, curr speed    4.030 kHz, avg speed    4.090 kHz), accepted      104/  140001 events ( 0.07%)
Processed   150000/ 1202962 entries, 12.47% (elapsed time    37.8s, curr speed    2.821 kHz, avg speed    3.971 kHz), accepted      114/  150001 events ( 0.08%)
Processed   160000/ 1202962 entries, 13.30% (elapsed time    40.2s, curr speed    4.137 kHz, avg speed    3.981 kHz), accepted      117/  160001 events ( 0.07%)
Processed   170000/ 1202962 entries, 14.13% (elapsed time    43.0s, curr speed    3.623 kHz, avg speed    3.958 kHz), accepted      122/  170001 events ( 0.07%)
Processed   180000/ 1202962 entries, 14.96% (elapsed time    45.7s, curr speed    3.644 kHz, avg speed    3.939 kHz), accepted      125/  180001 events ( 0.07%)
Processed   190000/ 1202962 entries, 15.79% (elapsed time    48.7s, curr speed    3.356 kHz, avg speed    3.903 kHz), accepted      128/  190001 events ( 0.07%)
Processed   200000/ 1202962 entries, 16.63% (elapsed time    50.4s, curr speed    5.833 kHz, avg speed    3.969 kHz), accepted      131/  200001 events ( 0.07%)
Processed   210000/ 1202962 entries, 17.46% (elapsed time    52.3s, curr speed    5.365 kHz, avg speed    4.019 kHz), accepted      137/  210001 events ( 0.07%)
Processed   220000/ 1202962 entries, 18.29% (elapsed time    53.9s, curr speed    6.125 kHz, avg speed    4.082 kHz), accepted      143/  220001 events ( 0.06%)
Processed   230000/ 1202962 entries, 19.12% (elapsed time    55.4s, curr speed    6.790 kHz, avg speed    4.154 kHz), accepted      149/  230001 events ( 0.06%)
Processed   240000/ 1202962 entries, 19.95% (elapsed time    57.4s, curr speed    4.991 kHz, avg speed    4.184 kHz), accepted      157/  240001 events ( 0.07%)
Processed   250000/ 1202962 entries, 20.78% (elapsed time    58.7s, curr speed    7.593 kHz, avg speed    4.260 kHz), accepted      168/  250001 events ( 0.07%)
Processed   260000/ 1202962 entries, 21.61% (elapsed time    60.4s, curr speed    5.807 kHz, avg speed    4.304 kHz), accepted      174/  260001 events ( 0.07%)
Processed   270000/ 1202962 entries, 22.44% (elapsed time    62.2s, curr speed    5.680 kHz, avg speed    4.343 kHz), accepted      185/  270001 events ( 0.07%)
Processed   280000/ 1202962 entries, 23.28% (elapsed time    65.2s, curr speed    3.264 kHz, avg speed    4.293 kHz), accepted      194/  280001 events ( 0.07%)
Processed   290000/ 1202962 entries, 24.11% (elapsed time    69.1s, curr speed    2.574 kHz, avg speed    4.196 kHz), accepted      204/  290001 events ( 0.07%)
Processed   300000/ 1202962 entries, 24.94% (elapsed time    71.8s, curr speed    3.676 kHz, avg speed    4.176 kHz), accepted      210/  300001 events ( 0.07%)
Processed   310000/ 1202962 entries, 25.77% (elapsed time    74.2s, curr speed    4.195 kHz, avg speed    4.177 kHz), accepted      214/  310001 events ( 0.07%)
Processed   320000/ 1202962 entries, 26.60% (elapsed time    77.0s, curr speed    3.546 kHz, avg speed    4.154 kHz), accepted      217/  320001 events ( 0.07%)
Processed   330000/ 1202962 entries, 27.43% (elapsed time    78.9s, curr speed    5.424 kHz, avg speed    4.183 kHz), accepted      222/  330001 events ( 0.07%)
Processed   340000/ 1202962 entries, 28.26% (elapsed time    80.6s, curr speed    5.763 kHz, avg speed    4.217 kHz), accepted      232/  340001 events ( 0.07%)
Processed   350000/ 1202962 entries, 29.09% (elapsed time    82.4s, curr speed    5.498 kHz, avg speed    4.246 kHz), accepted      238/  350001 events ( 0.07%)
Processed   360000/ 1202962 entries, 29.93% (elapsed time    84.3s, curr speed    5.334 kHz, avg speed    4.270 kHz), accepted      240/  360001 events ( 0.07%)
Processed   370000/ 1202962 entries, 30.76% (elapsed time    86.4s, curr speed    4.729 kHz, avg speed    4.281 kHz), accepted      251/  370001 events ( 0.07%)
Processed   380000/ 1202962 entries, 31.59% (elapsed time    88.0s, curr speed    6.461 kHz, avg speed    4.319 kHz), accepted      260/  380001 events ( 0.07%)
Processed   390000/ 1202962 entries, 32.42% (elapsed time    90.5s, curr speed    3.887 kHz, avg speed    4.307 kHz), accepted      267/  390001 events ( 0.07%)
Processed   400000/ 1202962 entries, 33.25% (elapsed time    92.3s, curr speed    5.823 kHz, avg speed    4.335 kHz), accepted      270/  400001 events ( 0.07%)
Processed   410000/ 1202962 entries, 34.08% (elapsed time    95.9s, curr speed    2.736 kHz, avg speed    4.274 kHz), accepted      277/  410001 events ( 0.07%)
Processed   420000/ 1202962 entries, 34.91% (elapsed time    99.5s, curr speed    2.799 kHz, avg speed    4.221 kHz), accepted      289/  420001 events ( 0.07%)
Processed   430000/ 1202962 entries, 35.75% (elapsed time   104.0s, curr speed    2.200 kHz, avg speed    4.133 kHz), accepted      292/  430001 events ( 0.07%)
Processed   440000/ 1202962 entries, 36.58% (elapsed time   107.0s, curr speed    3.411 kHz, avg speed    4.113 kHz), accepted      300/  440001 events ( 0.07%)
Processed   450000/ 1202962 entries, 37.41% (elapsed time   110.1s, curr speed    3.231 kHz, avg speed    4.089 kHz), accepted      305/  450001 events ( 0.07%)
Processed   460000/ 1202962 entries, 38.24% (elapsed time   112.5s, curr speed    4.183 kHz, avg speed    4.091 kHz), accepted      310/  460001 events ( 0.07%)
Processed   470000/ 1202962 entries, 39.07% (elapsed time   114.3s, curr speed    5.477 kHz, avg speed    4.113 kHz), accepted      318/  470001 events ( 0.07%)
Processed   480000/ 1202962 entries, 39.90% (elapsed time   115.8s, curr speed    6.799 kHz, avg speed    4.147 kHz), accepted      325/  480001 events ( 0.07%)
Processed   490000/ 1202962 entries, 40.73% (elapsed time   118.0s, curr speed    4.542 kHz, avg speed    4.154 kHz), accepted      330/  490001 events ( 0.07%)
Processed   500000/ 1202962 entries, 41.56% (elapsed time   120.3s, curr speed    4.241 kHz, avg speed    4.156 kHz), accepted      338/  500001 events ( 0.07%)
Processed   510000/ 1202962 entries, 42.40% (elapsed time   122.3s, curr speed    4.992 kHz, avg speed    4.170 kHz), accepted      345/  510001 events ( 0.07%)
Processed   520000/ 1202962 entries, 43.23% (elapsed time   126.9s, curr speed    2.201 kHz, avg speed    4.099 kHz), accepted      350/  520001 events ( 0.07%)
Processed   530000/ 1202962 entries, 44.06% (elapsed time   130.7s, curr speed    2.588 kHz, avg speed    4.054 kHz), accepted      353/  530001 events ( 0.07%)
Processed   540000/ 1202962 entries, 44.89% (elapsed time   135.3s, curr speed    2.208 kHz, avg speed    3.993 kHz), accepted      359/  540001 events ( 0.07%)
Processed   550000/ 1202962 entries, 45.72% (elapsed time   138.7s, curr speed    2.932 kHz, avg speed    3.967 kHz), accepted      365/  550001 events ( 0.07%)
Processed   560000/ 1202962 entries, 46.55% (elapsed time   140.3s, curr speed    6.133 kHz, avg speed    3.992 kHz), accepted      370/  560001 events ( 0.07%)
Processed   570000/ 1202962 entries, 47.38% (elapsed time   142.6s, curr speed    4.288 kHz, avg speed    3.997 kHz), accepted      377/  570001 events ( 0.07%)
Processed   580000/ 1202962 entries, 48.21% (elapsed time   144.6s, curr speed    5.133 kHz, avg speed    4.012 kHz), accepted      382/  580001 events ( 0.07%)
Processed   590000/ 1202962 entries, 49.05% (elapsed time   146.7s, curr speed    4.716 kHz, avg speed    4.022 kHz), accepted      390/  590001 events ( 0.07%)
Processed   600000/ 1202962 entries, 49.88% (elapsed time   149.6s, curr speed    3.444 kHz, avg speed    4.011 kHz), accepted      400/  600001 events ( 0.07%)
Processed   610000/ 1202962 entries, 50.71% (elapsed time   151.6s, curr speed    4.955 kHz, avg speed    4.023 kHz), accepted      408/  610001 events ( 0.07%)
Processed   620000/ 1202962 entries, 51.54% (elapsed time   156.2s, curr speed    2.175 kHz, avg speed    3.969 kHz), accepted      414/  620001 events ( 0.07%)
Processed   630000/ 1202962 entries, 52.37% (elapsed time   158.7s, curr speed    4.052 kHz, avg speed    3.970 kHz), accepted      417/  630001 events ( 0.07%)
Processed   640000/ 1202962 entries, 53.20% (elapsed time   162.9s, curr speed    2.395 kHz, avg speed    3.930 kHz), accepted      428/  640001 events ( 0.07%)
Processed   650000/ 1202962 entries, 54.03% (elapsed time   167.5s, curr speed    2.175 kHz, avg speed    3.882 kHz), accepted      433/  650001 events ( 0.07%)
Processed   660000/ 1202962 entries, 54.86% (elapsed time   169.2s, curr speed    5.622 kHz, avg speed    3.900 kHz), accepted      437/  660001 events ( 0.07%)
Processed   670000/ 1202962 entries, 55.70% (elapsed time   171.0s, curr speed    5.530 kHz, avg speed    3.917 kHz), accepted      440/  670001 events ( 0.07%)
Processed   680000/ 1202962 entries, 56.53% (elapsed time   172.3s, curr speed    7.659 kHz, avg speed    3.946 kHz), accepted      446/  680001 events ( 0.07%)
Processed   690000/ 1202962 entries, 57.36% (elapsed time   174.1s, curr speed    5.623 kHz, avg speed    3.963 kHz), accepted      454/  690001 events ( 0.07%)
Processed   700000/ 1202962 entries, 58.19% (elapsed time   176.2s, curr speed    4.741 kHz, avg speed    3.972 kHz), accepted      458/  700001 events ( 0.07%)
Processed   710000/ 1202962 entries, 59.02% (elapsed time   177.9s, curr speed    5.852 kHz, avg speed    3.990 kHz), accepted      466/  710001 events ( 0.07%)
Processed   720000/ 1202962 entries, 59.85% (elapsed time   179.5s, curr speed    6.255 kHz, avg speed    4.010 kHz), accepted      466/  720001 events ( 0.06%)
Processed   730000/ 1202962 entries, 60.68% (elapsed time   182.3s, curr speed    3.621 kHz, avg speed    4.004 kHz), accepted      474/  730001 events ( 0.06%)
Processed   740000/ 1202962 entries, 61.51% (elapsed time   185.7s, curr speed    2.952 kHz, avg speed    3.985 kHz), accepted      479/  740001 events ( 0.06%)
Processed   750000/ 1202962 entries, 62.35% (elapsed time   192.1s, curr speed    1.572 kHz, avg speed    3.905 kHz), accepted      487/  750001 events ( 0.06%)
Processed   760000/ 1202962 entries, 63.18% (elapsed time   195.7s, curr speed    2.751 kHz, avg speed    3.884 kHz), accepted      493/  760001 events ( 0.06%)
Processed   770000/ 1202962 entries, 64.01% (elapsed time   198.7s, curr speed    3.357 kHz, avg speed    3.876 kHz), accepted      502/  770001 events ( 0.07%)
Processed   780000/ 1202962 entries, 64.84% (elapsed time   200.4s, curr speed    5.794 kHz, avg speed    3.892 kHz), accepted      509/  780001 events ( 0.07%)
Processed   790000/ 1202962 entries, 65.67% (elapsed time   201.9s, curr speed    6.737 kHz, avg speed    3.913 kHz), accepted      516/  790001 events ( 0.07%)
Processed   800000/ 1202962 entries, 66.50% (elapsed time   203.7s, curr speed    5.536 kHz, avg speed    3.928 kHz), accepted      525/  800001 events ( 0.07%)
Processed   810000/ 1202962 entries, 67.33% (elapsed time   205.6s, curr speed    5.231 kHz, avg speed    3.940 kHz), accepted      528/  810001 events ( 0.07%)
Processed   820000/ 1202962 entries, 68.17% (elapsed time   207.8s, curr speed    4.627 kHz, avg speed    3.947 kHz), accepted      540/  820001 events ( 0.07%)
Processed   830000/ 1202962 entries, 69.00% (elapsed time   209.7s, curr speed    5.207 kHz, avg speed    3.959 kHz), accepted      546/  830001 events ( 0.07%)
Processed   840000/ 1202962 entries, 69.83% (elapsed time   212.1s, curr speed    4.100 kHz, avg speed    3.960 kHz), accepted      553/  840001 events ( 0.07%)
Processed   850000/ 1202962 entries, 70.66% (elapsed time   215.2s, curr speed    3.265 kHz, avg speed    3.950 kHz), accepted      558/  850001 events ( 0.07%)
Processed   860000/ 1202962 entries, 71.49% (elapsed time   218.8s, curr speed    2.760 kHz, avg speed    3.931 kHz), accepted      566/  860001 events ( 0.07%)
Processed   870000/ 1202962 entries, 72.32% (elapsed time   224.8s, curr speed    1.676 kHz, avg speed    3.871 kHz), accepted      571/  870001 events ( 0.07%)
Processed   880000/ 1202962 entries, 73.15% (elapsed time   228.8s, curr speed    2.480 kHz, avg speed    3.846 kHz), accepted      577/  880001 events ( 0.07%)
Processed   890000/ 1202962 entries, 73.98% (elapsed time   230.5s, curr speed    5.816 kHz, avg speed    3.861 kHz), accepted      585/  890001 events ( 0.07%)
Processed   900000/ 1202962 entries, 74.82% (elapsed time   232.3s, curr speed    5.558 kHz, avg speed    3.874 kHz), accepted      592/  900001 events ( 0.07%)
Processed   910000/ 1202962 entries, 75.65% (elapsed time   233.9s, curr speed    6.264 kHz, avg speed    3.890 kHz), accepted      595/  910001 events ( 0.07%)
Processed   920000/ 1202962 entries, 76.48% (elapsed time   236.1s, curr speed    4.581 kHz, avg speed    3.897 kHz), accepted      600/  920001 events ( 0.07%)
Processed   930000/ 1202962 entries, 77.31% (elapsed time   237.6s, curr speed    6.640 kHz, avg speed    3.914 kHz), accepted      607/  930001 events ( 0.07%)
Processed   940000/ 1202962 entries, 78.14% (elapsed time   239.6s, curr speed    4.999 kHz, avg speed    3.923 kHz), accepted      613/  940001 events ( 0.07%)
Processed   950000/ 1202962 entries, 78.97% (elapsed time   241.3s, curr speed    5.950 kHz, avg speed    3.937 kHz), accepted      619/  950001 events ( 0.07%)
Processed   960000/ 1202962 entries, 79.80% (elapsed time   244.2s, curr speed    3.453 kHz, avg speed    3.932 kHz), accepted      624/  960001 events ( 0.06%)
Processed   970000/ 1202962 entries, 80.63% (elapsed time   247.9s, curr speed    2.711 kHz, avg speed    3.913 kHz), accepted      630/  970001 events ( 0.06%)
Processed   980000/ 1202962 entries, 81.47% (elapsed time   252.3s, curr speed    2.271 kHz, avg speed    3.885 kHz), accepted      638/  980001 events ( 0.07%)
Processed   990000/ 1202962 entries, 82.30% (elapsed time   256.3s, curr speed    2.467 kHz, avg speed    3.862 kHz), accepted      651/  990001 events ( 0.07%)
Processed  1000000/ 1202962 entries, 83.13% (elapsed time   261.7s, curr speed    1.853 kHz, avg speed    3.821 kHz), accepted      657/ 1000001 events ( 0.07%)
Processed  1010000/ 1202962 entries, 83.96% (elapsed time   263.9s, curr speed    4.542 kHz, avg speed    3.827 kHz), accepted      662/ 1010001 events ( 0.07%)
Processed  1020000/ 1202962 entries, 84.79% (elapsed time   265.9s, curr speed    4.945 kHz, avg speed    3.835 kHz), accepted      666/ 1020001 events ( 0.07%)
Processed  1030000/ 1202962 entries, 85.62% (elapsed time   267.9s, curr speed    5.011 kHz, avg speed    3.844 kHz), accepted      673/ 1030001 events ( 0.07%)
Processed  1040000/ 1202962 entries, 86.45% (elapsed time   270.4s, curr speed    4.030 kHz, avg speed    3.846 kHz), accepted      681/ 1040001 events ( 0.07%)
Processed  1050000/ 1202962 entries, 87.28% (elapsed time   274.4s, curr speed    2.526 kHz, avg speed    3.827 kHz), accepted      686/ 1050001 events ( 0.07%)
Processed  1060000/ 1202962 entries, 88.12% (elapsed time   277.8s, curr speed    2.902 kHz, avg speed    3.815 kHz), accepted      695/ 1060001 events ( 0.07%)
Processed  1070000/ 1202962 entries, 88.95% (elapsed time   282.6s, curr speed    2.083 kHz, avg speed    3.786 kHz), accepted      702/ 1070001 events ( 0.07%)
Processed  1080000/ 1202962 entries, 89.78% (elapsed time   285.4s, curr speed    3.609 kHz, avg speed    3.784 kHz), accepted      705/ 1080001 events ( 0.07%)
Processed  1090000/ 1202962 entries, 90.61% (elapsed time   288.9s, curr speed    2.857 kHz, avg speed    3.773 kHz), accepted      715/ 1090001 events ( 0.07%)
Processed  1100000/ 1202962 entries, 91.44% (elapsed time   290.6s, curr speed    6.045 kHz, avg speed    3.786 kHz), accepted      726/ 1100001 events ( 0.07%)
Processed  1110000/ 1202962 entries, 92.27% (elapsed time   292.5s, curr speed    5.174 kHz, avg speed    3.795 kHz), accepted      733/ 1110001 events ( 0.07%)
Processed  1120000/ 1202962 entries, 93.10% (elapsed time   294.0s, curr speed    6.670 kHz, avg speed    3.810 kHz), accepted      739/ 1120001 events ( 0.07%)
Processed  1130000/ 1202962 entries, 93.93% (elapsed time   296.0s, curr speed    4.988 kHz, avg speed    3.818 kHz), accepted      743/ 1130001 events ( 0.07%)
Processed  1140000/ 1202962 entries, 94.77% (elapsed time   297.8s, curr speed    5.537 kHz, avg speed    3.828 kHz), accepted      749/ 1140001 events ( 0.07%)
Processed  1150000/ 1202962 entries, 95.60% (elapsed time   299.4s, curr speed    6.067 kHz, avg speed    3.840 kHz), accepted      751/ 1150001 events ( 0.07%)
Processed  1160000/ 1202962 entries, 96.43% (elapsed time   301.3s, curr speed    5.339 kHz, avg speed    3.850 kHz), accepted      757/ 1160001 events ( 0.07%)
Processed  1170000/ 1202962 entries, 97.26% (elapsed time   304.4s, curr speed    3.283 kHz, avg speed    3.844 kHz), accepted      762/ 1170001 events ( 0.07%)
Processed  1180000/ 1202962 entries, 98.09% (elapsed time   309.1s, curr speed    2.133 kHz, avg speed    3.818 kHz), accepted      766/ 1180001 events ( 0.06%)
Processed  1190000/ 1202962 entries, 98.92% (elapsed time   312.3s, curr speed    3.093 kHz, avg speed    3.811 kHz), accepted      775/ 1190001 events ( 0.07%)
Processed  1200000/ 1202962 entries, 99.75% (elapsed time   315.0s, curr speed    3.714 kHz, avg speed    3.810 kHz), accepted      780/ 1200001 events ( 0.06%)
Processed 1202962 preselected entries from root://cms-xrd-global.cern.ch//store/mc/RunIISummer16NanoAODv6/W4JetsToLNu_TuneCUETP8M1_13TeV-madgraphMLM-pythia8/NANOAODSIM/PUMoriond17_Nano25Oct2019_102X_mcRun2_asymptotic_v7_ext1-v1/270000/3C3C536D-7FFB-6E4F-B82A-EDE66C7BD4F6.root (1202962 entries). Finally selected 780 entries
Total time 4703.8 sec. to process 4787022 events. Rate = 1017.7 Hz.
>>> cwd          = /pool/condor/dir_20348
>>> ls           = ['var', '.update.ad', 'lvigilan.cc', '.chirp.config', '_condor_stdout', 'condor_exec.exe', 'tmp', '.machine.ad', 'x509_voms', '.job.ad', 'pico_etau_etau_1.root']
>>> getstorage('/eos/home-l/lvigilan/output_2017ReReco18/2016/etau/W4JetsToLNu'), <EOS("/eos/home-l/lvigilan/output_2017ReReco18/2016/etau/W4JetsToLNu") at 0x2ba3ec107290>
>>> Executing: 'cp ./pico_etau_etau_1.root /eos/home-l/lvigilan/output_2017ReReco18/2016/etau/W4JetsToLNu'
>>> Removing './pico_etau_etau_1.root'...
>>> picojob.py done after 4771.9 seconds

Job complete at Tue Dec 29 14:07:30 CET 2020
Took 79 minutes 36 seconds040 (1631436.001.000) 12/29 14:07:31 Finished transferring output files
...
005 (1631436.001.000) 12/29 14:07:31 Job terminated.
	(1) Normal termination (return value 0)
		Usr 0 00:10:37, Sys 0 00:00:38  -  Run Remote Usage
		Usr 0 00:00:00, Sys 0 00:00:00  -  Run Local Usage
		Usr 0 00:10:37, Sys 0 00:00:38  -  Total Remote Usage
		Usr 0 00:00:00, Sys 0 00:00:00  -  Total Local Usage
	94172  -  Run Bytes Sent By Job
	9873  -  Run Bytes Received By Job
	94172  -  Total Bytes Sent By Job
	9873  -  Total Bytes Received By Job
	Partitionable Resources :    Usage  Request Allocated 
	   Cpus                 :     0.40        1         1 
	   Disk (KB)            :   162           1    283211 
	   Memory (MB)          :   296        2000      2000 
...
