Could not find platform independent libraries <prefix>
Could not find platform dependent libraries <exec_prefix>
Consider setting $PYTHONHOME to <prefix>[:<exec_prefix>]
ImportError: No module named site
Job start at Mon Jun  7 23:03:12 CEST 2021
Running job on machine Linux b7s14n8202.cern.ch 3.10.0-1160.21.1.el7.x86_64 #1 SMP Tue Mar 16 18:28:22 UTC 2021 x86_64 x86_64 x86_64 GNU/Linux, host b7s14n8202.cern.ch
============================================================
$PWD=/pool/condor/dir_21602
$JOBID=2367876
$TASKID=2
$HOSTNAME=b7s14n8202.cern.ch
$TASKCMD=/afs/cern.ch/work/l/lvigilan/TauWork/CMSSW_10_6_17_patch1/src/TauFW/PicoProducer/python/processors/picojob.py -y UL2017 -d 'mc' -c etau -M ETauFakeRate.ModuleETau --copydir /eos/home-l/lvigilan/output_ETauFR_UL17_RUN1/UL2017/etau/W1JetsToLNu -t _etau_EES0p99_2 --opt 'ees=0.99' 'useT1=True' -i /eos/cms/store/group/phys_tau/TauFW/nano/UL2017/W1JetsToLNu_TuneCP5_13TeV-madgraphMLM-pythia8/RunIISummer19UL17NanoAODv2-106X_mc2017_realistic_v8-v1/NANOAODSIM/0BCEE57A-D074-C34F-9757-98C921CE2584_skimjec_3.root /eos/cms/store/group/phys_tau/TauFW/nano/UL2017/W1JetsToLNu_TuneCP5_13TeV-madgraphMLM-pythia8/RunIISummer19UL17NanoAODv2-106X_mc2017_realistic_v8-v1/NANOAODSIM/0BCEE57A-D074-C34F-9757-98C921CE2584_skimjec_4.root /eos/cms/store/group/phys_tau/TauFW/nano/UL2017/W1JetsToLNu_TuneCP5_13TeV-madgraphMLM-pythia8/RunIISummer19UL17NanoAODv2-106X_mc2017_realistic_v8-v1/NANOAODSIM/1416DA7D-0452-E748-AFE7-EB59B45CF8DE_skimjec_0.root /eos/cms/store/group/phys_tau/TauFW/nano/UL2017/W1JetsToLNu_TuneCP5_13TeV-madgraphMLM-pythia8/RunIISummer19UL17NanoAODv2-106X_mc2017_realistic_v8-v1/NANOAODSIM/1416DA7D-0452-E748-AFE7-EB59B45CF8DE_skimjec_1.root /eos/cms/store/group/phys_tau/TauFW/nano/UL2017/W1JetsToLNu_TuneCP5_13TeV-madgraphMLM-pythia8/RunIISummer19UL17NanoAODv2-106X_mc2017_realistic_v8-v1/NANOAODSIM/1416DA7D-0452-E748-AFE7-EB59B45CF8DE_skimjec_2.root
$WORKDIR=/pool/condor/dir_21602
>>> cd /afs/cern.ch/work/l/lvigilan/TauWork/CMSSW_10_6_17_patch1/src
>>> eval `scramv1 runtime -sh`
>>> cd /pool/condor/dir_21602
$PWD=/pool/condor/dir_21602
>>> /afs/cern.ch/work/l/lvigilan/TauWork/CMSSW_10_6_17_patch1/src/TauFW/PicoProducer/python/processors/picojob.py -y UL2017 -d 'mc' -c etau -M ETauFakeRate.ModuleETau --copydir /eos/home-l/lvigilan/output_ETauFR_UL17_RUN1/UL2017/etau/W1JetsToLNu -t _etau_EES0p99_2 --opt 'ees=0.99' 'useT1=True' -i /eos/cms/store/group/phys_tau/TauFW/nano/UL2017/W1JetsToLNu_TuneCP5_13TeV-madgraphMLM-pythia8/RunIISummer19UL17NanoAODv2-106X_mc2017_realistic_v8-v1/NANOAODSIM/0BCEE57A-D074-C34F-9757-98C921CE2584_skimjec_3.root /eos/cms/store/group/phys_tau/TauFW/nano/UL2017/W1JetsToLNu_TuneCP5_13TeV-madgraphMLM-pythia8/RunIISummer19UL17NanoAODv2-106X_mc2017_realistic_v8-v1/NANOAODSIM/0BCEE57A-D074-C34F-9757-98C921CE2584_skimjec_4.root /eos/cms/store/group/phys_tau/TauFW/nano/UL2017/W1JetsToLNu_TuneCP5_13TeV-madgraphMLM-pythia8/RunIISummer19UL17NanoAODv2-106X_mc2017_realistic_v8-v1/NANOAODSIM/1416DA7D-0452-E748-AFE7-EB59B45CF8DE_skimjec_0.root /eos/cms/store/group/phys_tau/TauFW/nano/UL2017/W1JetsToLNu_TuneCP5_13TeV-madgraphMLM-pythia8/RunIISummer19UL17NanoAODv2-106X_mc2017_realistic_v8-v1/NANOAODSIM/1416DA7D-0452-E748-AFE7-EB59B45CF8DE_skimjec_1.root /eos/cms/store/group/phys_tau/TauFW/nano/UL2017/W1JetsToLNu_TuneCP5_13TeV-madgraphMLM-pythia8/RunIISummer19UL17NanoAODv2-106X_mc2017_realistic_v8-v1/NANOAODSIM/1416DA7D-0452-E748-AFE7-EB59B45CF8DE_skimjec_2.root
Error in <TGClient::TGClient>: can't open display "localhost:13.0", switching to batch mode...
 In case you run from a remote ssh session, reconnect with ssh -Y
--------------------------------------------------------------------------------
>>> era          = 'UL2017'
>>> year         = 2017
>>> channel      = 'etau'
>>> modname      = 'ETauFakeRate.ModuleETau'
>>> dtype        = 'mc'
>>> kwargs       = {'dtype': 'mc', 'ees': 0.99, 'useT1': True, 'verb': 0, 'era': 'UL2017', 'year': 2017}
>>> firstevt     = 0
>>> maxevts      = None
>>> outdir       = '.'
>>> copydir      = '/eos/home-l/lvigilan/output_ETauFR_UL17_RUN1/UL2017/etau/W1JetsToLNu'
>>> infiles      = ['/eos/cms/store/group/phys_tau/TauFW/nano/UL2017/W1JetsToLNu_TuneCP5_13TeV-madgraphMLM-pythia8/RunIISummer19UL17NanoAODv2-106X_mc2017_realistic_v8-v1/NANOAODSIM/0BCEE57A-D074-C34F-9757-98C921CE2584_skimjec_3.root', '/eos/cms/store/group/phys_tau/TauFW/nano/UL2017/W1JetsToLNu_TuneCP5_13TeV-madgraphMLM-pythia8/RunIISummer19UL17NanoAODv2-106X_mc2017_realistic_v8-v1/NANOAODSIM/0BCEE57A-D074-C34F-9757-98C921CE2584_skimjec_4.root', '/eos/cms/store/group/phys_tau/TauFW/nano/UL2017/W1JetsToLNu_TuneCP5_13TeV-madgraphMLM-pythia8/RunIISummer19UL17NanoAODv2-106X_mc2017_realistic_v8-v1/NANOAODSIM/1416DA7D-0452-E748-AFE7-EB59B45CF8DE_skimjec_0.root', '/eos/cms/store/group/phys_tau/TauFW/nano/UL2017/W1JetsToLNu_TuneCP5_13TeV-madgraphMLM-pythia8/RunIISummer19UL17NanoAODv2-106X_mc2017_realistic_v8-v1/NANOAODSIM/1416DA7D-0452-E748-AFE7-EB59B45CF8DE_skimjec_1.root', '/eos/cms/store/group/phys_tau/TauFW/nano/UL2017/W1JetsToLNu_TuneCP5_13TeV-madgraphMLM-pythia8/RunIISummer19UL17NanoAODv2-106X_mc2017_realistic_v8-v1/NANOAODSIM/1416DA7D-0452-E748-AFE7-EB59B45CF8DE_skimjec_2.root']
>>> outfname     = './pico_etau_EES0p99_2.root'
>>> branchsel    = '/afs/cern.ch/work/l/lvigilan/TauWork/CMSSW_10_6_17_patch1/python/TauFW/PicoProducer/processors/keep_and_drop_skim.txt'
>>> json         = None
>>> prefetch     = False
>>> cwd          = /pool/condor/dir_21602
--------------------------------------------------------------------------------

   ################
   #  ModuleETau  #
   ################

Loading PileupWeightTool for '/afs/cern.ch/work/l/lvigilan/TauWork/CMSSW_10_6_17_patch1/src/TauFW/PicoProducer/data/pileup/Data_PileUp_UL2017_69p2.root' and '/afs/cern.ch/work/l/lvigilan/TauWork/CMSSW_10_6_17_patch1/src/TauFW/PicoProducer/data/pileup/MC_PileUp_UL2017_Summer19.root'
Loading BTagWeightTool for DeepCSV (medium WP)...
>>> BTagTool: [1m[33mWarning! [0m[33mHistogram 'etau/eff_DeepCSV_udsg_medium' does not exist in /afs/cern.ch/work/l/lvigilan/TauWork/CMSSW_10_6_17_patch1/src/TauFW/PicoProducer/data/btag/DeepCSV_2017_12Apr2017_eff.root! Reverting to default efficiency histogram...[0m
>>> BTagTool: [1m[33mWarning! [0m[33mHistogram 'etau/eff_DeepCSV_c_medium' does not exist in /afs/cern.ch/work/l/lvigilan/TauWork/CMSSW_10_6_17_patch1/src/TauFW/PicoProducer/data/btag/DeepCSV_2017_12Apr2017_eff.root! Reverting to default efficiency histogram...[0m
>>> BTagTool: [1m[33mWarning! [0m[33mHistogram 'etau/eff_DeepCSV_b_medium' does not exist in /afs/cern.ch/work/l/lvigilan/TauWork/CMSSW_10_6_17_patch1/src/TauFW/PicoProducer/data/btag/DeepCSV_2017_12Apr2017_eff.root! Reverting to default efficiency histogram...[0m
>>> BTagTool: [1m[33mWarning! [0m[33mMade use of default efficiency histograms! The b tag weights from this module should be regarded as placeholders only,
and should NOT be used for analyses. B (mis)tag efficiencies in MC are analysis dependent. Please create your own
efficiency histogram with data/btag/getBTagEfficiencies.py after running all MC samples with BTagWeightTool.[0m
Loading TreeProducerETau for './pico_etau_EES0p99_2.root'
--------------------------------------------------------------------------------
>>> filename     = './pico_etau_EES0p99_2.root'
>>> year         = 2017
>>> dtype        = 'mc'
>>> channel      = 'etau'
>>> ismc         = True
>>> isdata       = False
>>> isembed      = False
>>> tes          = 1.0
>>> tessys       = None
>>> fes          = None
>>> ltf          = None
>>> jtf          = 1.0
>>> dotoppt      = False
>>> dozpt        = False
>>> dojec        = True
>>> dojecsys     = True
>>> dotight      = False
>>> useT1        = True
>>> jetCutPt     = 30
>>> bjetCutEta   = 2.7
>>> tauwp        = 0
>>> eleCutPt     = 36
>>> eleCutEta    = 2.1
>>> tauCutPt     = 20
>>> tauCutEta    = 2.3
>>> ZpeekReso    = 0.1
Pre-select 224665 entries out of 224665 (100.00%)
Processed    10000/  224665 entries,  4.45% (elapsed time     4.9s, curr speed    2.042 kHz, avg speed    2.042 kHz), accepted       42/   10001 events ( 0.42%)
Processed    20000/  224665 entries,  8.90% (elapsed time     6.9s, curr speed    4.880 kHz, avg speed    2.880 kHz), accepted       77/   20001 events ( 0.38%)
Processed    30000/  224665 entries, 13.35% (elapsed time     8.0s, curr speed    9.207 kHz, avg speed    3.735 kHz), accepted      114/   30001 events ( 0.38%)
Processed    40000/  224665 entries, 17.80% (elapsed time     9.0s, curr speed   10.369 kHz, avg speed    4.447 kHz), accepted      152/   40001 events ( 0.38%)
Processed    50000/  224665 entries, 22.26% (elapsed time    10.2s, curr speed    8.265 kHz, avg speed    4.899 kHz), accepted      195/   50001 events ( 0.39%)
Processed    60000/  224665 entries, 26.71% (elapsed time    11.0s, curr speed   12.206 kHz, avg speed    5.442 kHz), accepted      224/   60001 events ( 0.37%)
Processed    70000/  224665 entries, 31.16% (elapsed time    12.1s, curr speed    9.672 kHz, avg speed    5.805 kHz), accepted      263/   70001 events ( 0.38%)
Processed    80000/  224665 entries, 35.61% (elapsed time    13.7s, curr speed    6.215 kHz, avg speed    5.853 kHz), accepted      298/   80001 events ( 0.37%)
Processed    90000/  224665 entries, 40.06% (elapsed time    14.7s, curr speed    9.342 kHz, avg speed    6.107 kHz), accepted      338/   90001 events ( 0.38%)
Processed   100000/  224665 entries, 44.51% (elapsed time    15.6s, curr speed   11.596 kHz, avg speed    6.410 kHz), accepted      374/  100001 events ( 0.37%)
Processed   110000/  224665 entries, 48.96% (elapsed time    16.7s, curr speed    8.979 kHz, avg speed    6.581 kHz), accepted      413/  110001 events ( 0.38%)
Processed   120000/  224665 entries, 53.41% (elapsed time    18.0s, curr speed    7.760 kHz, avg speed    6.666 kHz), accepted      450/  120001 events ( 0.37%)
Processed   130000/  224665 entries, 57.86% (elapsed time    19.3s, curr speed    7.841 kHz, avg speed    6.743 kHz), accepted      493/  130001 events ( 0.38%)
Processed   140000/  224665 entries, 62.32% (elapsed time    20.6s, curr speed    7.499 kHz, avg speed    6.792 kHz), accepted      537/  140001 events ( 0.38%)
Processed   150000/  224665 entries, 66.77% (elapsed time    21.9s, curr speed    7.492 kHz, avg speed    6.835 kHz), accepted      575/  150001 events ( 0.38%)
Processed   160000/  224665 entries, 71.22% (elapsed time    23.2s, curr speed    7.743 kHz, avg speed    6.885 kHz), accepted      621/  160001 events ( 0.39%)
Processed   170000/  224665 entries, 75.67% (elapsed time    24.0s, curr speed   12.661 kHz, avg speed    7.075 kHz), accepted      647/  170001 events ( 0.38%)
Processed   180000/  224665 entries, 80.12% (elapsed time    25.1s, curr speed    9.221 kHz, avg speed    7.168 kHz), accepted      697/  180001 events ( 0.39%)
Processed   190000/  224665 entries, 84.57% (elapsed time    26.3s, curr speed    8.470 kHz, avg speed    7.226 kHz), accepted      743/  190001 events ( 0.39%)
Processed   200000/  224665 entries, 89.02% (elapsed time    27.4s, curr speed    8.765 kHz, avg speed    7.290 kHz), accepted      778/  200001 events ( 0.39%)
Processed   210000/  224665 entries, 93.47% (elapsed time    28.6s, curr speed    8.896 kHz, avg speed    7.354 kHz), accepted      813/  210001 events ( 0.39%)
Processed   220000/  224665 entries, 97.92% (elapsed time    29.6s, curr speed    9.386 kHz, avg speed    7.427 kHz), accepted      853/  220001 events ( 0.39%)
Processed 224665 preselected entries from /eos/cms/store/group/phys_tau/TauFW/nano/UL2017/W1JetsToLNu_TuneCP5_13TeV-madgraphMLM-pythia8/RunIISummer19UL17NanoAODv2-106X_mc2017_realistic_v8-v1/NANOAODSIM/0BCEE57A-D074-C34F-9757-98C921CE2584_skimjec_3.root (224665 entries). Finally selected 871 entries
Pre-select 224661 entries out of 224661 (100.00%)
Processed    10000/  224661 entries,  4.45% (elapsed time     2.9s, curr speed    3.468 kHz, avg speed    3.468 kHz), accepted       36/   10001 events ( 0.36%)
Processed    20000/  224661 entries,  8.90% (elapsed time     4.2s, curr speed    7.542 kHz, avg speed    4.752 kHz), accepted       71/   20001 events ( 0.35%)
Processed    30000/  224661 entries, 13.35% (elapsed time     5.3s, curr speed    9.524 kHz, avg speed    5.704 kHz), accepted      112/   30001 events ( 0.37%)
Processed    40000/  224661 entries, 17.80% (elapsed time     6.4s, curr speed    8.443 kHz, avg speed    6.208 kHz), accepted      150/   40001 events ( 0.37%)
Processed    50000/  224661 entries, 22.26% (elapsed time     7.7s, curr speed    8.229 kHz, avg speed    6.529 kHz), accepted      185/   50001 events ( 0.37%)
Processed    60000/  224661 entries, 26.71% (elapsed time     8.7s, curr speed    9.516 kHz, avg speed    6.889 kHz), accepted      215/   60001 events ( 0.36%)
Processed    70000/  224661 entries, 31.16% (elapsed time     9.8s, curr speed    9.130 kHz, avg speed    7.139 kHz), accepted      266/   70001 events ( 0.38%)
Processed    80000/  224661 entries, 35.61% (elapsed time    10.9s, curr speed    9.264 kHz, avg speed    7.350 kHz), accepted      309/   80001 events ( 0.39%)
Processed    90000/  224661 entries, 40.06% (elapsed time    12.0s, curr speed    8.984 kHz, avg speed    7.502 kHz), accepted      345/   90001 events ( 0.38%)
Processed   100000/  224661 entries, 44.51% (elapsed time    13.0s, curr speed   10.099 kHz, avg speed    7.700 kHz), accepted      381/  100001 events ( 0.38%)
Processed   110000/  224661 entries, 48.96% (elapsed time    14.4s, curr speed    7.136 kHz, avg speed    7.645 kHz), accepted      412/  110001 events ( 0.37%)
Processed   120000/  224661 entries, 53.41% (elapsed time    15.3s, curr speed   10.907 kHz, avg speed    7.840 kHz), accepted      453/  120001 events ( 0.38%)
Processed   130000/  224661 entries, 57.86% (elapsed time    16.8s, curr speed    6.792 kHz, avg speed    7.748 kHz), accepted      495/  130001 events ( 0.38%)
Processed   140000/  224661 entries, 62.32% (elapsed time    17.9s, curr speed    8.537 kHz, avg speed    7.800 kHz), accepted      529/  140001 events ( 0.38%)
Processed   150000/  224661 entries, 66.77% (elapsed time    19.0s, curr speed    9.369 kHz, avg speed    7.888 kHz), accepted      555/  150001 events ( 0.37%)
Processed   160000/  224661 entries, 71.22% (elapsed time    20.1s, curr speed    9.492 kHz, avg speed    7.972 kHz), accepted      592/  160001 events ( 0.37%)
Processed   170000/  224661 entries, 75.67% (elapsed time    21.3s, curr speed    8.184 kHz, avg speed    7.984 kHz), accepted      627/  170001 events ( 0.37%)
Processed   180000/  224661 entries, 80.12% (elapsed time    22.6s, curr speed    7.931 kHz, avg speed    7.981 kHz), accepted      662/  180001 events ( 0.37%)
Processed   190000/  224661 entries, 84.57% (elapsed time    23.6s, curr speed    9.119 kHz, avg speed    8.034 kHz), accepted      699/  190001 events ( 0.37%)
Processed   200000/  224661 entries, 89.02% (elapsed time    24.8s, curr speed    8.820 kHz, avg speed    8.070 kHz), accepted      729/  200001 events ( 0.36%)
Processed   210000/  224661 entries, 93.47% (elapsed time    25.9s, curr speed    8.606 kHz, avg speed    8.094 kHz), accepted      753/  210001 events ( 0.36%)
Processed   220000/  224661 entries, 97.93% (elapsed time    27.2s, curr speed    8.175 kHz, avg speed    8.098 kHz), accepted      786/  220001 events ( 0.36%)
Processed 224661 preselected entries from /eos/cms/store/group/phys_tau/TauFW/nano/UL2017/W1JetsToLNu_TuneCP5_13TeV-madgraphMLM-pythia8/RunIISummer19UL17NanoAODv2-106X_mc2017_realistic_v8-v1/NANOAODSIM/0BCEE57A-D074-C34F-9757-98C921CE2584_skimjec_4.root (224661 entries). Finally selected 799 entries
Pre-select 221520 entries out of 221520 (100.00%)
Processed    10000/  221520 entries,  4.51% (elapsed time     3.0s, curr speed    3.351 kHz, avg speed    3.351 kHz), accepted       39/   10001 events ( 0.39%)
Processed    20000/  221520 entries,  9.03% (elapsed time     4.7s, curr speed    5.806 kHz, avg speed    4.249 kHz), accepted       81/   20001 events ( 0.40%)
Processed    30000/  221520 entries, 13.54% (elapsed time     6.1s, curr speed    7.211 kHz, avg speed    4.923 kHz), accepted      120/   30001 events ( 0.40%)
Processed    40000/  221520 entries, 18.06% (elapsed time     7.2s, curr speed    8.921 kHz, avg speed    5.544 kHz), accepted      157/   40001 events ( 0.39%)
Processed    50000/  221520 entries, 22.57% (elapsed time     8.4s, curr speed    8.419 kHz, avg speed    5.951 kHz), accepted      197/   50001 events ( 0.39%)
Processed    60000/  221520 entries, 27.09% (elapsed time     9.4s, curr speed   10.067 kHz, avg speed    6.386 kHz), accepted      236/   60001 events ( 0.39%)
Processed    70000/  221520 entries, 31.60% (elapsed time    10.3s, curr speed   10.863 kHz, avg speed    6.785 kHz), accepted      268/   70001 events ( 0.38%)
Processed    80000/  221520 entries, 36.11% (elapsed time    11.3s, curr speed    9.711 kHz, avg speed    7.051 kHz), accepted      305/   80001 events ( 0.38%)
Processed    90000/  221520 entries, 40.63% (elapsed time    12.4s, curr speed    9.572 kHz, avg speed    7.263 kHz), accepted      347/   90001 events ( 0.39%)
Processed   100000/  221520 entries, 45.14% (elapsed time    13.3s, curr speed   11.466 kHz, avg speed    7.540 kHz), accepted      386/  100001 events ( 0.39%)
Processed   110000/  221520 entries, 49.66% (elapsed time    14.5s, curr speed    8.105 kHz, avg speed    7.588 kHz), accepted      419/  110001 events ( 0.38%)
Processed   120000/  221520 entries, 54.17% (elapsed time    15.7s, curr speed    8.593 kHz, avg speed    7.663 kHz), accepted      449/  120001 events ( 0.37%)
Processed   130000/  221520 entries, 58.69% (elapsed time    16.8s, curr speed    8.563 kHz, avg speed    7.725 kHz), accepted      490/  130001 events ( 0.38%)
Processed   140000/  221520 entries, 63.20% (elapsed time    17.7s, curr speed   11.317 kHz, avg speed    7.904 kHz), accepted      536/  140001 events ( 0.38%)
Processed   150000/  221520 entries, 67.71% (elapsed time    18.6s, curr speed   11.019 kHz, avg speed    8.056 kHz), accepted      563/  150001 events ( 0.38%)
Processed   160000/  221520 entries, 72.23% (elapsed time    19.6s, curr speed   10.134 kHz, avg speed    8.161 kHz), accepted      598/  160001 events ( 0.37%)
Processed   170000/  221520 entries, 76.74% (elapsed time    20.7s, curr speed    9.573 kHz, avg speed    8.232 kHz), accepted      648/  170001 events ( 0.38%)
Processed   180000/  221520 entries, 81.26% (elapsed time    21.7s, curr speed    9.280 kHz, avg speed    8.284 kHz), accepted      685/  180001 events ( 0.38%)
Processed   190000/  221520 entries, 85.77% (elapsed time    22.7s, curr speed   10.625 kHz, avg speed    8.381 kHz), accepted      720/  190001 events ( 0.38%)
Processed   200000/  221520 entries, 90.29% (elapsed time    23.7s, curr speed    9.744 kHz, avg speed    8.440 kHz), accepted      752/  200001 events ( 0.38%)
Processed   210000/  221520 entries, 94.80% (elapsed time    24.9s, curr speed    8.346 kHz, avg speed    8.436 kHz), accepted      784/  210001 events ( 0.37%)
Processed   220000/  221520 entries, 99.31% (elapsed time    25.9s, curr speed   10.144 kHz, avg speed    8.501 kHz), accepted      816/  220001 events ( 0.37%)
Processed 221520 preselected entries from /eos/cms/store/group/phys_tau/TauFW/nano/UL2017/W1JetsToLNu_TuneCP5_13TeV-madgraphMLM-pythia8/RunIISummer19UL17NanoAODv2-106X_mc2017_realistic_v8-v1/NANOAODSIM/1416DA7D-0452-E748-AFE7-EB59B45CF8DE_skimjec_0.root (221520 entries). Finally selected 821 entries
Pre-select 221520 entries out of 221520 (100.00%)
Processed    10000/  221520 entries,  4.51% (elapsed time     2.9s, curr speed    3.475 kHz, avg speed    3.475 kHz), accepted       30/   10001 events ( 0.30%)
Processed    20000/  221520 entries,  9.03% (elapsed time     4.4s, curr speed    6.784 kHz, avg speed    4.596 kHz), accepted       77/   20001 events ( 0.38%)
Processed    30000/  221520 entries, 13.54% (elapsed time     5.6s, curr speed    8.044 kHz, avg speed    5.362 kHz), accepted      109/   30001 events ( 0.36%)
Processed    40000/  221520 entries, 18.06% (elapsed time     6.9s, curr speed    7.707 kHz, avg speed    5.804 kHz), accepted      147/   40001 events ( 0.37%)
Processed    50000/  221520 entries, 22.57% (elapsed time     8.1s, curr speed    8.629 kHz, avg speed    6.210 kHz), accepted      173/   50001 events ( 0.35%)
Processed    60000/  221520 entries, 27.09% (elapsed time     9.0s, curr speed   10.552 kHz, avg speed    6.668 kHz), accepted      217/   60001 events ( 0.36%)
Processed    70000/  221520 entries, 31.60% (elapsed time     9.9s, curr speed   11.163 kHz, avg speed    7.075 kHz), accepted      259/   70001 events ( 0.37%)
Processed    80000/  221520 entries, 36.11% (elapsed time    11.0s, curr speed    8.999 kHz, avg speed    7.269 kHz), accepted      288/   80001 events ( 0.36%)
Processed    90000/  221520 entries, 40.63% (elapsed time    12.2s, curr speed    8.736 kHz, avg speed    7.407 kHz), accepted      320/   90001 events ( 0.36%)
Processed   100000/  221520 entries, 45.14% (elapsed time    13.2s, curr speed    9.634 kHz, avg speed    7.582 kHz), accepted      357/  100001 events ( 0.36%)
Processed   110000/  221520 entries, 49.66% (elapsed time    14.3s, curr speed    9.003 kHz, avg speed    7.693 kHz), accepted      401/  110001 events ( 0.36%)
Processed   120000/  221520 entries, 54.17% (elapsed time    15.4s, curr speed    9.180 kHz, avg speed    7.798 kHz), accepted      452/  120001 events ( 0.38%)
Processed   130000/  221520 entries, 58.69% (elapsed time    16.5s, curr speed    8.636 kHz, avg speed    7.857 kHz), accepted      484/  130001 events ( 0.37%)
Processed   140000/  221520 entries, 63.20% (elapsed time    17.5s, curr speed   10.497 kHz, avg speed    8.000 kHz), accepted      522/  140001 events ( 0.37%)
Processed   150000/  221520 entries, 67.71% (elapsed time    18.7s, curr speed    8.139 kHz, avg speed    8.009 kHz), accepted      556/  150001 events ( 0.37%)
Processed   160000/  221520 entries, 72.23% (elapsed time    19.9s, curr speed    8.750 kHz, avg speed    8.052 kHz), accepted      597/  160001 events ( 0.37%)
Processed   170000/  221520 entries, 76.74% (elapsed time    20.9s, curr speed    9.401 kHz, avg speed    8.121 kHz), accepted      632/  170001 events ( 0.37%)
Processed   180000/  221520 entries, 81.26% (elapsed time    22.0s, curr speed    9.689 kHz, avg speed    8.194 kHz), accepted      671/  180001 events ( 0.37%)
Processed   190000/  221520 entries, 85.77% (elapsed time    23.1s, curr speed    8.692 kHz, avg speed    8.219 kHz), accepted      712/  190001 events ( 0.37%)
Processed   200000/  221520 entries, 90.29% (elapsed time    24.6s, curr speed    6.801 kHz, avg speed    8.134 kHz), accepted      745/  200001 events ( 0.37%)
Processed   210000/  221520 entries, 94.80% (elapsed time    25.8s, curr speed    8.484 kHz, avg speed    8.150 kHz), accepted      781/  210001 events ( 0.37%)
Processed   220000/  221520 entries, 99.31% (elapsed time    26.9s, curr speed    8.577 kHz, avg speed    8.169 kHz), accepted      820/  220001 events ( 0.37%)
Processed 221520 preselected entries from /eos/cms/store/group/phys_tau/TauFW/nano/UL2017/W1JetsToLNu_TuneCP5_13TeV-madgraphMLM-pythia8/RunIISummer19UL17NanoAODv2-106X_mc2017_realistic_v8-v1/NANOAODSIM/1416DA7D-0452-E748-AFE7-EB59B45CF8DE_skimjec_1.root (221520 entries). Finally selected 825 entries
Pre-select 221520 entries out of 221520 (100.00%)
Processed    10000/  221520 entries,  4.51% (elapsed time     3.1s, curr speed    3.218 kHz, avg speed    3.218 kHz), accepted       39/   10001 events ( 0.39%)
Processed    20000/  221520 entries,  9.03% (elapsed time     5.0s, curr speed    5.392 kHz, avg speed    4.030 kHz), accepted       67/   20001 events ( 0.33%)
Processed    30000/  221520 entries, 13.54% (elapsed time     6.2s, curr speed    8.288 kHz, avg speed    4.863 kHz), accepted      111/   30001 events ( 0.37%)
Processed    40000/  221520 entries, 18.06% (elapsed time     7.4s, curr speed    8.304 kHz, avg speed    5.425 kHz), accepted      147/   40001 events ( 0.37%)
Processed    50000/  221520 entries, 22.57% (elapsed time     8.6s, curr speed    8.347 kHz, avg speed    5.833 kHz), accepted      184/   50001 events ( 0.37%)
Processed    60000/  221520 entries, 27.09% (elapsed time     9.8s, curr speed    8.080 kHz, avg speed    6.117 kHz), accepted      212/   60001 events ( 0.35%)
Processed    70000/  221520 entries, 31.60% (elapsed time    10.8s, curr speed    9.791 kHz, avg speed    6.463 kHz), accepted      243/   70001 events ( 0.35%)
Processed    80000/  221520 entries, 36.11% (elapsed time    11.9s, curr speed    8.993 kHz, avg speed    6.699 kHz), accepted      278/   80001 events ( 0.35%)
Processed    90000/  221520 entries, 40.63% (elapsed time    13.1s, curr speed    9.007 kHz, avg speed    6.895 kHz), accepted      319/   90001 events ( 0.35%)
Processed   100000/  221520 entries, 45.14% (elapsed time    14.1s, curr speed    9.667 kHz, avg speed    7.099 kHz), accepted      347/  100001 events ( 0.35%)
Processed   110000/  221520 entries, 49.66% (elapsed time    15.3s, curr speed    7.963 kHz, avg speed    7.170 kHz), accepted      380/  110001 events ( 0.35%)
Processed   120000/  221520 entries, 54.17% (elapsed time    16.7s, curr speed    7.356 kHz, avg speed    7.185 kHz), accepted      409/  120001 events ( 0.34%)
Processed   130000/  221520 entries, 58.69% (elapsed time    18.0s, curr speed    7.651 kHz, avg speed    7.219 kHz), accepted      448/  130001 events ( 0.34%)
Processed   140000/  221520 entries, 63.20% (elapsed time    19.3s, curr speed    8.008 kHz, avg speed    7.270 kHz), accepted      487/  140001 events ( 0.35%)
Processed   150000/  221520 entries, 67.71% (elapsed time    20.4s, curr speed    8.801 kHz, avg speed    7.355 kHz), accepted      531/  150001 events ( 0.35%)
Processed   160000/  221520 entries, 72.23% (elapsed time    21.5s, curr speed    9.050 kHz, avg speed    7.442 kHz), accepted      555/  160001 events ( 0.35%)
Processed   170000/  221520 entries, 76.74% (elapsed time    22.8s, curr speed    7.642 kHz, avg speed    7.454 kHz), accepted      591/  170001 events ( 0.35%)
Processed   180000/  221520 entries, 81.26% (elapsed time    23.9s, curr speed    9.109 kHz, avg speed    7.530 kHz), accepted      615/  180001 events ( 0.34%)
Processed   190000/  221520 entries, 85.77% (elapsed time    25.0s, curr speed    8.938 kHz, avg speed    7.593 kHz), accepted      652/  190001 events ( 0.34%)
Processed   200000/  221520 entries, 90.29% (elapsed time    26.2s, curr speed    8.409 kHz, avg speed    7.630 kHz), accepted      692/  200001 events ( 0.35%)
Processed   210000/  221520 entries, 94.80% (elapsed time    27.4s, curr speed    8.419 kHz, avg speed    7.664 kHz), accepted      735/  210001 events ( 0.35%)
Processed   220000/  221520 entries, 99.31% (elapsed time    28.6s, curr speed    8.467 kHz, avg speed    7.697 kHz), accepted      761/  220001 events ( 0.35%)
Processed 221520 preselected entries from /eos/cms/store/group/phys_tau/TauFW/nano/UL2017/W1JetsToLNu_TuneCP5_13TeV-madgraphMLM-pythia8/RunIISummer19UL17NanoAODv2-106X_mc2017_realistic_v8-v1/NANOAODSIM/1416DA7D-0452-E748-AFE7-EB59B45CF8DE_skimjec_2.root (221520 entries). Finally selected 766 entries
Total time 141.5 sec. to process 1113886 events. Rate = 7872.7 Hz.
>>> cwd          = /pool/condor/dir_21602
>>> ls           = ['var', 'pico_etau_EES0p99_2.root', '.machine.ad', 'x509_voms', '.update.ad', '.chirp.config', 'tmp', 'condor_exec.exe', 'lvigilan.cc', '.job.ad', '_condor_stdout']
>>> getstorage('/eos/home-l/lvigilan/output_ETauFR_UL17_RUN1/UL2017/etau/W1JetsToLNu'), <EOS("/eos/home-l/lvigilan/output_ETauFR_UL17_RUN1/UL2017/etau/W1JetsToLNu") at 0x2b253965b950>
>>> Executing: 'cp ./pico_etau_EES0p99_2.root /eos/home-l/lvigilan/output_ETauFR_UL17_RUN1/UL2017/etau/W1JetsToLNu'
>>> Removing './pico_etau_EES0p99_2.root'...
>>> picojob.py done after 165.8 seconds

Job complete at Mon Jun  7 23:05:59 CEST 2021
Took 2 minutes 47 seconds040 (2367876.002.000) 06/07 23:05:59 Finished transferring output files
...
005 (2367876.002.000) 06/07 23:06:00 Job terminated.
	(1) Normal termination (return value 0)
		Usr 0 00:02:08, Sys 0 00:00:06  -  Run Remote Usage
		Usr 0 00:00:00, Sys 0 00:00:00  -  Run Local Usage
		Usr 0 00:02:08, Sys 0 00:00:06  -  Total Remote Usage
		Usr 0 00:00:00, Sys 0 00:00:00  -  Total Local Usage
	35402  -  Run Bytes Sent By Job
	9898  -  Run Bytes Received By Job
	35402  -  Total Bytes Sent By Job
	9898  -  Total Bytes Received By Job
	Partitionable Resources :    Usage  Request Allocated 
	   Cpus                 :     0.77        1         1 
	   Disk (KB)            :   103           1    154025 
	   Memory (MB)          :   117        2000      2000 

	Job terminated of its own accord at 2021-06-07T21:05:59Z.
...
