Could not find platform independent libraries <prefix>
Could not find platform dependent libraries <exec_prefix>
Consider setting $PYTHONHOME to <prefix>[:<exec_prefix>]
ImportError: No module named site
Job start at Tue Jun  8 10:15:06 CEST 2021
Running job on machine Linux b7s12n9437.cern.ch 3.10.0-1160.21.1.el7.x86_64 #1 SMP Tue Mar 16 18:28:22 UTC 2021 x86_64 x86_64 x86_64 GNU/Linux, host b7s12n9437.cern.ch
============================================================
$PWD=/pool/condor/dir_16008
$JOBID=2368952
$TASKID=2
$HOSTNAME=b7s12n9437.cern.ch
$TASKCMD=/afs/cern.ch/work/l/lvigilan/TauWork/CMSSW_10_6_17_patch1/src/TauFW/PicoProducer/python/processors/picojob.py -y UL2017 -d 'mc' -c etau -M ETauFakeRate.ModuleETau --copydir /eos/home-l/lvigilan/output_ETauFR_UL17_RUN1/UL2017/etau/WZ -t _etau_EES1p01_2 --opt 'ees=1.01' 'useT1=True' -i /eos/cms/store/group/phys_tau/TauFW/nano/UL2017/WZ_TuneCP5_13TeV-pythia8/RunIISummer20UL17NanoAODv2-106X_mc2017_realistic_v8-v1/NANOAODSIM/28F67BA5-225F-3B4F-AEEF-C290489A59F3_skimjec_1.root /eos/cms/store/group/phys_tau/TauFW/nano/UL2017/WZ_TuneCP5_13TeV-pythia8/RunIISummer20UL17NanoAODv2-106X_mc2017_realistic_v8-v1/NANOAODSIM/2AD1AA4A-BA67-E447-8713-CA3884B0AAA9_skimjec_0.root /eos/cms/store/group/phys_tau/TauFW/nano/UL2017/WZ_TuneCP5_13TeV-pythia8/RunIISummer20UL17NanoAODv2-106X_mc2017_realistic_v8-v1/NANOAODSIM/2AD1AA4A-BA67-E447-8713-CA3884B0AAA9_skimjec_1.root /eos/cms/store/group/phys_tau/TauFW/nano/UL2017/WZ_TuneCP5_13TeV-pythia8/RunIISummer20UL17NanoAODv2-106X_mc2017_realistic_v8-v1/NANOAODSIM/2AD1AA4A-BA67-E447-8713-CA3884B0AAA9_skimjec_2.root /eos/cms/store/group/phys_tau/TauFW/nano/UL2017/WZ_TuneCP5_13TeV-pythia8/RunIISummer20UL17NanoAODv2-106X_mc2017_realistic_v8-v1/NANOAODSIM/2AD1AA4A-BA67-E447-8713-CA3884B0AAA9_skimjec_3.root
$WORKDIR=/pool/condor/dir_16008
>>> cd /afs/cern.ch/work/l/lvigilan/TauWork/CMSSW_10_6_17_patch1/src
>>> eval `scramv1 runtime -sh`
>>> cd /pool/condor/dir_16008
$PWD=/pool/condor/dir_16008
>>> /afs/cern.ch/work/l/lvigilan/TauWork/CMSSW_10_6_17_patch1/src/TauFW/PicoProducer/python/processors/picojob.py -y UL2017 -d 'mc' -c etau -M ETauFakeRate.ModuleETau --copydir /eos/home-l/lvigilan/output_ETauFR_UL17_RUN1/UL2017/etau/WZ -t _etau_EES1p01_2 --opt 'ees=1.01' 'useT1=True' -i /eos/cms/store/group/phys_tau/TauFW/nano/UL2017/WZ_TuneCP5_13TeV-pythia8/RunIISummer20UL17NanoAODv2-106X_mc2017_realistic_v8-v1/NANOAODSIM/28F67BA5-225F-3B4F-AEEF-C290489A59F3_skimjec_1.root /eos/cms/store/group/phys_tau/TauFW/nano/UL2017/WZ_TuneCP5_13TeV-pythia8/RunIISummer20UL17NanoAODv2-106X_mc2017_realistic_v8-v1/NANOAODSIM/2AD1AA4A-BA67-E447-8713-CA3884B0AAA9_skimjec_0.root /eos/cms/store/group/phys_tau/TauFW/nano/UL2017/WZ_TuneCP5_13TeV-pythia8/RunIISummer20UL17NanoAODv2-106X_mc2017_realistic_v8-v1/NANOAODSIM/2AD1AA4A-BA67-E447-8713-CA3884B0AAA9_skimjec_1.root /eos/cms/store/group/phys_tau/TauFW/nano/UL2017/WZ_TuneCP5_13TeV-pythia8/RunIISummer20UL17NanoAODv2-106X_mc2017_realistic_v8-v1/NANOAODSIM/2AD1AA4A-BA67-E447-8713-CA3884B0AAA9_skimjec_2.root /eos/cms/store/group/phys_tau/TauFW/nano/UL2017/WZ_TuneCP5_13TeV-pythia8/RunIISummer20UL17NanoAODv2-106X_mc2017_realistic_v8-v1/NANOAODSIM/2AD1AA4A-BA67-E447-8713-CA3884B0AAA9_skimjec_3.root
Error in <TGClient::TGClient>: can't open display "localhost:21.0", switching to batch mode...
 In case you run from a remote ssh session, reconnect with ssh -Y
--------------------------------------------------------------------------------
>>> era          = 'UL2017'
>>> year         = 2017
>>> channel      = 'etau'
>>> modname      = 'ETauFakeRate.ModuleETau'
>>> dtype        = 'mc'
>>> kwargs       = {'dtype': 'mc', 'ees': 1.01, 'useT1': True, 'verb': 0, 'era': 'UL2017', 'year': 2017}
>>> firstevt     = 0
>>> maxevts      = None
>>> outdir       = '.'
>>> copydir      = '/eos/home-l/lvigilan/output_ETauFR_UL17_RUN1/UL2017/etau/WZ'
>>> infiles      = ['/eos/cms/store/group/phys_tau/TauFW/nano/UL2017/WZ_TuneCP5_13TeV-pythia8/RunIISummer20UL17NanoAODv2-106X_mc2017_realistic_v8-v1/NANOAODSIM/28F67BA5-225F-3B4F-AEEF-C290489A59F3_skimjec_1.root', '/eos/cms/store/group/phys_tau/TauFW/nano/UL2017/WZ_TuneCP5_13TeV-pythia8/RunIISummer20UL17NanoAODv2-106X_mc2017_realistic_v8-v1/NANOAODSIM/2AD1AA4A-BA67-E447-8713-CA3884B0AAA9_skimjec_0.root', '/eos/cms/store/group/phys_tau/TauFW/nano/UL2017/WZ_TuneCP5_13TeV-pythia8/RunIISummer20UL17NanoAODv2-106X_mc2017_realistic_v8-v1/NANOAODSIM/2AD1AA4A-BA67-E447-8713-CA3884B0AAA9_skimjec_1.root', '/eos/cms/store/group/phys_tau/TauFW/nano/UL2017/WZ_TuneCP5_13TeV-pythia8/RunIISummer20UL17NanoAODv2-106X_mc2017_realistic_v8-v1/NANOAODSIM/2AD1AA4A-BA67-E447-8713-CA3884B0AAA9_skimjec_2.root', '/eos/cms/store/group/phys_tau/TauFW/nano/UL2017/WZ_TuneCP5_13TeV-pythia8/RunIISummer20UL17NanoAODv2-106X_mc2017_realistic_v8-v1/NANOAODSIM/2AD1AA4A-BA67-E447-8713-CA3884B0AAA9_skimjec_3.root']
>>> outfname     = './pico_etau_EES1p01_2.root'
>>> branchsel    = '/afs/cern.ch/work/l/lvigilan/TauWork/CMSSW_10_6_17_patch1/python/TauFW/PicoProducer/processors/keep_and_drop_skim.txt'
>>> json         = None
>>> prefetch     = False
>>> cwd          = /pool/condor/dir_16008
--------------------------------------------------------------------------------

   ################
   #  ModuleETau  #
   ################

Loading PileupWeightTool for '/afs/cern.ch/work/l/lvigilan/TauWork/CMSSW_10_6_17_patch1/src/TauFW/PicoProducer/data/pileup/Data_PileUp_UL2017_69p2.root' and '/afs/cern.ch/work/l/lvigilan/TauWork/CMSSW_10_6_17_patch1/src/TauFW/PicoProducer/data/pileup/MC_PileUp_UL2017_Summer19.root'
Loading BTagWeightTool for DeepCSV (medium WP)...
>>> BTagTool: [1m[33mWarning! [0m[33mHistogram 'etau/eff_DeepCSV_udsg_medium' does not exist in /afs/cern.ch/work/l/lvigilan/TauWork/CMSSW_10_6_17_patch1/src/TauFW/PicoProducer/data/btag/DeepCSV_2017_12Apr2017_eff.root! Reverting to default efficiency histogram...[0m
>>> BTagTool: [1m[33mWarning! [0m[33mHistogram 'etau/eff_DeepCSV_c_medium' does not exist in /afs/cern.ch/work/l/lvigilan/TauWork/CMSSW_10_6_17_patch1/src/TauFW/PicoProducer/data/btag/DeepCSV_2017_12Apr2017_eff.root! Reverting to default efficiency histogram...[0m
>>> BTagTool: [1m[33mWarning! [0m[33mHistogram 'etau/eff_DeepCSV_b_medium' does not exist in /afs/cern.ch/work/l/lvigilan/TauWork/CMSSW_10_6_17_patch1/src/TauFW/PicoProducer/data/btag/DeepCSV_2017_12Apr2017_eff.root! Reverting to default efficiency histogram...[0m
>>> BTagTool: [1m[33mWarning! [0m[33mMade use of default efficiency histograms! The b tag weights from this module should be regarded as placeholders only,
and should NOT be used for analyses. B (mis)tag efficiencies in MC are analysis dependent. Please create your own
efficiency histogram with data/btag/getBTagEfficiencies.py after running all MC samples with BTagWeightTool.[0m
Loading TreeProducerETau for './pico_etau_EES1p01_2.root'
--------------------------------------------------------------------------------
>>> filename     = './pico_etau_EES1p01_2.root'
>>> year         = 2017
>>> dtype        = 'mc'
>>> channel      = 'etau'
>>> ismc         = True
>>> isdata       = False
>>> isembed      = False
>>> tes          = 1.0
>>> tessys       = None
>>> fes          = None
>>> ltf          = None
>>> jtf          = 1.0
>>> dotoppt      = False
>>> dozpt        = False
>>> dojec        = True
>>> dojecsys     = True
>>> dotight      = False
>>> useT1        = True
>>> jetCutPt     = 30
>>> bjetCutEta   = 2.7
>>> tauwp        = 0
>>> eleCutPt     = 36
>>> eleCutEta    = 2.1
>>> tauCutPt     = 20
>>> tauCutEta    = 2.3
>>> ZpeekReso    = 0.1
Pre-select 165000 entries out of 165000 (100.00%)
Processed    10000/  165000 entries,  6.06% (elapsed time     4.0s, curr speed    2.529 kHz, avg speed    2.529 kHz), accepted      152/   10001 events ( 1.52%)
Processed    20000/  165000 entries, 12.12% (elapsed time     5.2s, curr speed    8.096 kHz, avg speed    3.854 kHz), accepted      296/   20001 events ( 1.48%)
Processed    30000/  165000 entries, 18.18% (elapsed time     6.5s, curr speed    7.856 kHz, avg speed    4.642 kHz), accepted      469/   30001 events ( 1.56%)
Processed    40000/  165000 entries, 24.24% (elapsed time     7.7s, curr speed    8.115 kHz, avg speed    5.198 kHz), accepted      647/   40001 events ( 1.62%)
Processed    50000/  165000 entries, 30.30% (elapsed time     8.8s, curr speed    9.130 kHz, avg speed    5.688 kHz), accepted      814/   50001 events ( 1.63%)
Processed    60000/  165000 entries, 36.36% (elapsed time    10.0s, curr speed    8.217 kHz, avg speed    5.996 kHz), accepted      988/   60001 events ( 1.65%)
Processed    70000/  165000 entries, 42.42% (elapsed time    11.1s, curr speed    8.754 kHz, avg speed    6.278 kHz), accepted     1154/   70001 events ( 1.65%)
Processed    80000/  165000 entries, 48.48% (elapsed time    12.4s, curr speed    8.010 kHz, avg speed    6.453 kHz), accepted     1330/   80001 events ( 1.66%)
Processed    90000/  165000 entries, 54.55% (elapsed time    13.6s, curr speed    8.360 kHz, avg speed    6.620 kHz), accepted     1478/   90001 events ( 1.64%)
Processed   100000/  165000 entries, 60.61% (elapsed time    14.8s, curr speed    8.372 kHz, avg speed    6.762 kHz), accepted     1645/  100001 events ( 1.64%)
Processed   110000/  165000 entries, 66.67% (elapsed time    16.1s, curr speed    7.646 kHz, avg speed    6.834 kHz), accepted     1802/  110001 events ( 1.64%)
Processed   120000/  165000 entries, 72.73% (elapsed time    17.5s, curr speed    6.989 kHz, avg speed    6.846 kHz), accepted     1958/  120001 events ( 1.63%)
Processed   130000/  165000 entries, 78.79% (elapsed time    18.9s, curr speed    7.455 kHz, avg speed    6.890 kHz), accepted     2142/  130001 events ( 1.65%)
Processed   140000/  165000 entries, 84.85% (elapsed time    20.1s, curr speed    7.884 kHz, avg speed    6.952 kHz), accepted     2321/  140001 events ( 1.66%)
Processed   150000/  165000 entries, 90.91% (elapsed time    21.3s, curr speed    8.828 kHz, avg speed    7.052 kHz), accepted     2499/  150001 events ( 1.67%)
Processed   160000/  165000 entries, 96.97% (elapsed time    22.6s, curr speed    7.487 kHz, avg speed    7.078 kHz), accepted     2683/  160001 events ( 1.68%)
Processed 165000 preselected entries from /eos/cms/store/group/phys_tau/TauFW/nano/UL2017/WZ_TuneCP5_13TeV-pythia8/RunIISummer20UL17NanoAODv2-106X_mc2017_realistic_v8-v1/NANOAODSIM/28F67BA5-225F-3B4F-AEEF-C290489A59F3_skimjec_1.root (165000 entries). Finally selected 2743 entries
Pre-select 247000 entries out of 247000 (100.00%)
Processed    10000/  247000 entries,  4.05% (elapsed time     4.3s, curr speed    2.346 kHz, avg speed    2.346 kHz), accepted      158/   10001 events ( 1.58%)
Processed    20000/  247000 entries,  8.10% (elapsed time     5.5s, curr speed    8.417 kHz, avg speed    3.669 kHz), accepted      343/   20001 events ( 1.71%)
Processed    30000/  247000 entries, 12.15% (elapsed time     6.8s, curr speed    7.529 kHz, avg speed    4.425 kHz), accepted      530/   30001 events ( 1.77%)
Processed    40000/  247000 entries, 16.19% (elapsed time     7.9s, curr speed    9.050 kHz, avg speed    5.073 kHz), accepted      684/   40001 events ( 1.71%)
Processed    50000/  247000 entries, 20.24% (elapsed time     8.9s, curr speed    9.477 kHz, avg speed    5.593 kHz), accepted      853/   50001 events ( 1.71%)
Processed    60000/  247000 entries, 24.29% (elapsed time    10.1s, curr speed    8.425 kHz, avg speed    5.925 kHz), accepted     1020/   60001 events ( 1.70%)
Processed    70000/  247000 entries, 28.34% (elapsed time    11.2s, curr speed    9.349 kHz, avg speed    6.252 kHz), accepted     1203/   70001 events ( 1.72%)
Processed    80000/  247000 entries, 32.39% (elapsed time    12.3s, curr speed    8.868 kHz, avg speed    6.491 kHz), accepted     1371/   80001 events ( 1.71%)
Processed    90000/  247000 entries, 36.44% (elapsed time    14.3s, curr speed    5.149 kHz, avg speed    6.309 kHz), accepted     1547/   90001 events ( 1.72%)
Processed   100000/  247000 entries, 40.49% (elapsed time    15.3s, curr speed    9.341 kHz, avg speed    6.520 kHz), accepted     1708/  100001 events ( 1.71%)
Processed   110000/  247000 entries, 44.53% (elapsed time    16.4s, curr speed    9.124 kHz, avg speed    6.694 kHz), accepted     1893/  110001 events ( 1.72%)
Processed   120000/  247000 entries, 48.58% (elapsed time    17.5s, curr speed    9.062 kHz, avg speed    6.843 kHz), accepted     2052/  120001 events ( 1.71%)
Processed   130000/  247000 entries, 52.63% (elapsed time    18.6s, curr speed    9.090 kHz, avg speed    6.976 kHz), accepted     2210/  130001 events ( 1.70%)
Processed   140000/  247000 entries, 56.68% (elapsed time    19.8s, curr speed    8.818 kHz, avg speed    7.081 kHz), accepted     2371/  140001 events ( 1.69%)
Processed   150000/  247000 entries, 60.73% (elapsed time    21.0s, curr speed    8.416 kHz, avg speed    7.157 kHz), accepted     2544/  150001 events ( 1.70%)
Processed   160000/  247000 entries, 64.78% (elapsed time    22.1s, curr speed    8.657 kHz, avg speed    7.235 kHz), accepted     2710/  160001 events ( 1.69%)
Processed   170000/  247000 entries, 68.83% (elapsed time    23.2s, curr speed    9.351 kHz, avg speed    7.333 kHz), accepted     2869/  170001 events ( 1.69%)
Processed   180000/  247000 entries, 72.87% (elapsed time    24.3s, curr speed    8.856 kHz, avg speed    7.404 kHz), accepted     3040/  180001 events ( 1.69%)
Processed   190000/  247000 entries, 76.92% (elapsed time    25.5s, curr speed    8.344 kHz, avg speed    7.448 kHz), accepted     3232/  190001 events ( 1.70%)
Processed   200000/  247000 entries, 80.97% (elapsed time    26.6s, curr speed    9.036 kHz, avg speed    7.514 kHz), accepted     3373/  200001 events ( 1.69%)
Processed   210000/  247000 entries, 85.02% (elapsed time    27.7s, curr speed    8.833 kHz, avg speed    7.568 kHz), accepted     3544/  210001 events ( 1.69%)
Processed   220000/  247000 entries, 89.07% (elapsed time    28.9s, curr speed    8.892 kHz, avg speed    7.619 kHz), accepted     3699/  220001 events ( 1.68%)
Processed   230000/  247000 entries, 93.12% (elapsed time    30.1s, curr speed    8.144 kHz, avg speed    7.641 kHz), accepted     3864/  230001 events ( 1.68%)
Processed   240000/  247000 entries, 97.17% (elapsed time    31.2s, curr speed    8.732 kHz, avg speed    7.681 kHz), accepted     4037/  240001 events ( 1.68%)
Processed 247000 preselected entries from /eos/cms/store/group/phys_tau/TauFW/nano/UL2017/WZ_TuneCP5_13TeV-pythia8/RunIISummer20UL17NanoAODv2-106X_mc2017_realistic_v8-v1/NANOAODSIM/2AD1AA4A-BA67-E447-8713-CA3884B0AAA9_skimjec_0.root (247000 entries). Finally selected 4163 entries
Pre-select 247000 entries out of 247000 (100.00%)
Processed    10000/  247000 entries,  4.05% (elapsed time     3.8s, curr speed    2.630 kHz, avg speed    2.630 kHz), accepted      182/   10001 events ( 1.82%)
Processed    20000/  247000 entries,  8.10% (elapsed time     5.1s, curr speed    7.587 kHz, avg speed    3.906 kHz), accepted      344/   20001 events ( 1.72%)
Processed    30000/  247000 entries, 12.15% (elapsed time     6.4s, curr speed    7.739 kHz, avg speed    4.678 kHz), accepted      511/   30001 events ( 1.70%)
Processed    40000/  247000 entries, 16.19% (elapsed time     7.7s, curr speed    7.679 kHz, avg speed    5.185 kHz), accepted      713/   40001 events ( 1.78%)
Processed    50000/  247000 entries, 20.24% (elapsed time     9.0s, curr speed    8.093 kHz, avg speed    5.586 kHz), accepted      881/   50001 events ( 1.76%)
Processed    60000/  247000 entries, 24.29% (elapsed time    10.2s, curr speed    8.319 kHz, avg speed    5.910 kHz), accepted     1034/   60001 events ( 1.72%)
Processed    70000/  247000 entries, 28.34% (elapsed time    11.3s, curr speed    8.561 kHz, avg speed    6.183 kHz), accepted     1185/   70001 events ( 1.69%)
Processed    80000/  247000 entries, 32.39% (elapsed time    12.5s, curr speed    8.461 kHz, avg speed    6.399 kHz), accepted     1347/   80001 events ( 1.68%)
Processed    90000/  247000 entries, 36.44% (elapsed time    13.8s, curr speed    7.512 kHz, avg speed    6.506 kHz), accepted     1509/   90001 events ( 1.68%)
Processed   100000/  247000 entries, 40.49% (elapsed time    15.2s, curr speed    7.494 kHz, avg speed    6.593 kHz), accepted     1699/  100001 events ( 1.70%)
Processed   110000/  247000 entries, 44.53% (elapsed time    16.4s, curr speed    8.198 kHz, avg speed    6.712 kHz), accepted     1883/  110001 events ( 1.71%)
Processed   120000/  247000 entries, 48.58% (elapsed time    17.7s, curr speed    7.625 kHz, avg speed    6.780 kHz), accepted     2088/  120001 events ( 1.74%)
Processed   130000/  247000 entries, 52.63% (elapsed time    19.0s, curr speed    7.610 kHz, avg speed    6.837 kHz), accepted     2275/  130001 events ( 1.75%)
Processed   140000/  247000 entries, 56.68% (elapsed time    20.5s, curr speed    6.620 kHz, avg speed    6.821 kHz), accepted     2462/  140001 events ( 1.76%)
Processed   150000/  247000 entries, 60.73% (elapsed time    22.0s, curr speed    6.871 kHz, avg speed    6.825 kHz), accepted     2634/  150001 events ( 1.76%)
Processed   160000/  247000 entries, 64.78% (elapsed time    23.3s, curr speed    7.306 kHz, avg speed    6.853 kHz), accepted     2792/  160001 events ( 1.74%)
Processed   170000/  247000 entries, 68.83% (elapsed time    24.8s, curr speed    6.876 kHz, avg speed    6.854 kHz), accepted     2983/  170001 events ( 1.75%)
Processed   180000/  247000 entries, 72.87% (elapsed time    26.7s, curr speed    5.172 kHz, avg speed    6.732 kHz), accepted     3168/  180001 events ( 1.76%)
Processed   190000/  247000 entries, 76.92% (elapsed time    28.0s, curr speed    7.864 kHz, avg speed    6.784 kHz), accepted     3353/  190001 events ( 1.76%)
Processed   200000/  247000 entries, 80.97% (elapsed time    29.2s, curr speed    8.530 kHz, avg speed    6.854 kHz), accepted     3525/  200001 events ( 1.76%)
Processed   210000/  247000 entries, 85.02% (elapsed time    30.5s, curr speed    7.818 kHz, avg speed    6.894 kHz), accepted     3714/  210001 events ( 1.77%)
Processed   220000/  247000 entries, 89.07% (elapsed time    31.7s, curr speed    8.039 kHz, avg speed    6.939 kHz), accepted     3901/  220001 events ( 1.77%)
Processed   230000/  247000 entries, 93.12% (elapsed time    32.9s, curr speed    8.715 kHz, avg speed    7.001 kHz), accepted     4047/  230001 events ( 1.76%)
Processed   240000/  247000 entries, 97.17% (elapsed time    34.2s, curr speed    7.401 kHz, avg speed    7.017 kHz), accepted     4249/  240001 events ( 1.77%)
Processed 247000 preselected entries from /eos/cms/store/group/phys_tau/TauFW/nano/UL2017/WZ_TuneCP5_13TeV-pythia8/RunIISummer20UL17NanoAODv2-106X_mc2017_realistic_v8-v1/NANOAODSIM/2AD1AA4A-BA67-E447-8713-CA3884B0AAA9_skimjec_1.root (247000 entries). Finally selected 4353 entries
Pre-select 247000 entries out of 247000 (100.00%)
Processed    10000/  247000 entries,  4.05% (elapsed time     3.8s, curr speed    2.607 kHz, avg speed    2.607 kHz), accepted      201/   10001 events ( 2.01%)
Processed    20000/  247000 entries,  8.10% (elapsed time     5.0s, curr speed    8.424 kHz, avg speed    3.982 kHz), accepted      352/   20001 events ( 1.76%)
Processed    30000/  247000 entries, 12.15% (elapsed time     6.2s, curr speed    8.404 kHz, avg speed    4.829 kHz), accepted      504/   30001 events ( 1.68%)
Processed    40000/  247000 entries, 16.19% (elapsed time     7.4s, curr speed    8.604 kHz, avg speed    5.424 kHz), accepted      655/   40001 events ( 1.64%)
Processed    50000/  247000 entries, 20.24% (elapsed time     8.5s, curr speed    8.530 kHz, avg speed    5.850 kHz), accepted      811/   50001 events ( 1.62%)
Processed    60000/  247000 entries, 24.29% (elapsed time     9.8s, curr speed    7.684 kHz, avg speed    6.093 kHz), accepted      989/   60001 events ( 1.65%)
Processed    70000/  247000 entries, 28.34% (elapsed time    11.0s, curr speed    8.760 kHz, avg speed    6.370 kHz), accepted     1173/   70001 events ( 1.68%)
Processed    80000/  247000 entries, 32.39% (elapsed time    12.5s, curr speed    6.641 kHz, avg speed    6.402 kHz), accepted     1337/   80001 events ( 1.67%)
Processed    90000/  247000 entries, 36.44% (elapsed time    13.8s, curr speed    7.739 kHz, avg speed    6.528 kHz), accepted     1529/   90001 events ( 1.70%)
Processed   100000/  247000 entries, 40.49% (elapsed time    15.1s, curr speed    7.382 kHz, avg speed    6.604 kHz), accepted     1706/  100001 events ( 1.71%)
Processed   110000/  247000 entries, 44.53% (elapsed time    16.3s, curr speed    8.986 kHz, avg speed    6.767 kHz), accepted     1868/  110001 events ( 1.70%)
Processed   120000/  247000 entries, 48.58% (elapsed time    17.5s, curr speed    7.872 kHz, avg speed    6.847 kHz), accepted     2029/  120001 events ( 1.69%)
Processed   130000/  247000 entries, 52.63% (elapsed time    18.8s, curr speed    7.926 kHz, avg speed    6.920 kHz), accepted     2197/  130001 events ( 1.69%)
Processed   140000/  247000 entries, 56.68% (elapsed time    19.9s, curr speed    9.135 kHz, avg speed    7.042 kHz), accepted     2377/  140001 events ( 1.70%)
Processed   150000/  247000 entries, 60.73% (elapsed time    21.1s, curr speed    8.296 kHz, avg speed    7.113 kHz), accepted     2545/  150001 events ( 1.70%)
Processed   160000/  247000 entries, 64.78% (elapsed time    22.2s, curr speed    9.128 kHz, avg speed    7.213 kHz), accepted     2705/  160001 events ( 1.69%)
Processed   170000/  247000 entries, 68.83% (elapsed time    23.3s, curr speed    9.062 kHz, avg speed    7.300 kHz), accepted     2855/  170001 events ( 1.68%)
Processed   180000/  247000 entries, 72.87% (elapsed time    24.5s, curr speed    8.421 kHz, avg speed    7.355 kHz), accepted     3032/  180001 events ( 1.68%)
Processed   190000/  247000 entries, 76.92% (elapsed time    25.7s, curr speed    8.236 kHz, avg speed    7.396 kHz), accepted     3221/  190001 events ( 1.70%)
Processed   200000/  247000 entries, 80.97% (elapsed time    26.8s, curr speed    8.749 kHz, avg speed    7.454 kHz), accepted     3395/  200001 events ( 1.70%)
Processed   210000/  247000 entries, 85.02% (elapsed time    28.1s, curr speed    8.111 kHz, avg speed    7.483 kHz), accepted     3566/  210001 events ( 1.70%)
Processed   220000/  247000 entries, 89.07% (elapsed time    29.2s, curr speed    8.457 kHz, avg speed    7.522 kHz), accepted     3719/  220001 events ( 1.69%)
Processed   230000/  247000 entries, 93.12% (elapsed time    30.6s, curr speed    7.630 kHz, avg speed    7.527 kHz), accepted     3881/  230001 events ( 1.69%)
Processed   240000/  247000 entries, 97.17% (elapsed time    31.8s, curr speed    7.795 kHz, avg speed    7.538 kHz), accepted     4053/  240001 events ( 1.69%)
Processed 247000 preselected entries from /eos/cms/store/group/phys_tau/TauFW/nano/UL2017/WZ_TuneCP5_13TeV-pythia8/RunIISummer20UL17NanoAODv2-106X_mc2017_realistic_v8-v1/NANOAODSIM/2AD1AA4A-BA67-E447-8713-CA3884B0AAA9_skimjec_2.root (247000 entries). Finally selected 4168 entries
Pre-select 247000 entries out of 247000 (100.00%)
Processed    10000/  247000 entries,  4.05% (elapsed time     3.6s, curr speed    2.746 kHz, avg speed    2.746 kHz), accepted      160/   10001 events ( 1.60%)
Processed    20000/  247000 entries,  8.10% (elapsed time     4.9s, curr speed    7.693 kHz, avg speed    4.047 kHz), accepted      335/   20001 events ( 1.67%)
Processed    30000/  247000 entries, 12.15% (elapsed time     6.3s, curr speed    7.394 kHz, avg speed    4.766 kHz), accepted      508/   30001 events ( 1.69%)
Processed    40000/  247000 entries, 16.19% (elapsed time     7.7s, curr speed    6.989 kHz, avg speed    5.178 kHz), accepted      683/   40001 events ( 1.71%)
Processed    50000/  247000 entries, 20.24% (elapsed time     8.9s, curr speed    8.250 kHz, avg speed    5.595 kHz), accepted      839/   50001 events ( 1.68%)
Processed    60000/  247000 entries, 24.29% (elapsed time    10.3s, curr speed    7.379 kHz, avg speed    5.830 kHz), accepted      991/   60001 events ( 1.65%)
Processed    70000/  247000 entries, 28.34% (elapsed time    11.4s, curr speed    8.864 kHz, avg speed    6.129 kHz), accepted     1137/   70001 events ( 1.62%)
Processed    80000/  247000 entries, 32.39% (elapsed time    13.0s, curr speed    6.464 kHz, avg speed    6.169 kHz), accepted     1337/   80001 events ( 1.67%)
Processed    90000/  247000 entries, 36.44% (elapsed time    14.3s, curr speed    7.749 kHz, avg speed    6.312 kHz), accepted     1513/   90001 events ( 1.68%)
Processed   100000/  247000 entries, 40.49% (elapsed time    15.8s, curr speed    6.629 kHz, avg speed    6.343 kHz), accepted     1691/  100001 events ( 1.69%)
Processed   110000/  247000 entries, 44.53% (elapsed time    18.3s, curr speed    3.913 kHz, avg speed    6.004 kHz), accepted     1859/  110001 events ( 1.69%)
Processed   120000/  247000 entries, 48.58% (elapsed time    20.1s, curr speed    5.662 kHz, avg speed    5.974 kHz), accepted     2021/  120001 events ( 1.68%)
Processed   130000/  247000 entries, 52.63% (elapsed time    22.7s, curr speed    3.781 kHz, avg speed    5.719 kHz), accepted     2191/  130001 events ( 1.69%)
Processed   140000/  247000 entries, 56.68% (elapsed time    24.0s, curr speed    8.125 kHz, avg speed    5.842 kHz), accepted     2352/  140001 events ( 1.68%)
Processed   150000/  247000 entries, 60.73% (elapsed time    25.2s, curr speed    8.020 kHz, avg speed    5.950 kHz), accepted     2541/  150001 events ( 1.69%)
Processed   160000/  247000 entries, 64.78% (elapsed time    26.4s, curr speed    8.655 kHz, avg speed    6.068 kHz), accepted     2706/  160001 events ( 1.69%)
Processed   170000/  247000 entries, 68.83% (elapsed time    27.5s, curr speed    8.827 kHz, avg speed    6.182 kHz), accepted     2874/  170001 events ( 1.69%)
Processed   180000/  247000 entries, 72.87% (elapsed time    28.7s, curr speed    8.434 kHz, avg speed    6.275 kHz), accepted     3048/  180001 events ( 1.69%)
Processed   190000/  247000 entries, 76.92% (elapsed time    29.8s, curr speed    9.351 kHz, avg speed    6.386 kHz), accepted     3204/  190001 events ( 1.69%)
Processed   200000/  247000 entries, 80.97% (elapsed time    31.0s, curr speed    7.999 kHz, avg speed    6.451 kHz), accepted     3383/  200001 events ( 1.69%)
Processed   210000/  247000 entries, 85.02% (elapsed time    32.1s, curr speed    9.164 kHz, avg speed    6.543 kHz), accepted     3537/  210001 events ( 1.68%)
Processed   220000/  247000 entries, 89.07% (elapsed time    33.3s, curr speed    8.600 kHz, avg speed    6.615 kHz), accepted     3724/  220001 events ( 1.69%)
Processed   230000/  247000 entries, 93.12% (elapsed time    34.6s, curr speed    7.714 kHz, avg speed    6.656 kHz), accepted     3888/  230001 events ( 1.69%)
Processed   240000/  247000 entries, 97.17% (elapsed time    35.7s, curr speed    8.588 kHz, avg speed    6.719 kHz), accepted     4079/  240001 events ( 1.70%)
Processed 247000 preselected entries from /eos/cms/store/group/phys_tau/TauFW/nano/UL2017/WZ_TuneCP5_13TeV-pythia8/RunIISummer20UL17NanoAODv2-106X_mc2017_realistic_v8-v1/NANOAODSIM/2AD1AA4A-BA67-E447-8713-CA3884B0AAA9_skimjec_3.root (247000 entries). Finally selected 4183 entries
Total time 160.4 sec. to process 1153000 events. Rate = 7187.3 Hz.
>>> cwd          = /pool/condor/dir_16008
>>> ls           = ['x509_voms', 'tmp', '_condor_stdout', 'condor_exec.exe', '.job.ad', 'var', 'lvigilan.cc', '.machine.ad', '.chirp.config', 'pico_etau_EES1p01_2.root']
>>> getstorage('/eos/home-l/lvigilan/output_ETauFR_UL17_RUN1/UL2017/etau/WZ'), <EOS("/eos/home-l/lvigilan/output_ETauFR_UL17_RUN1/UL2017/etau/WZ") at 0x2ba7ba35cd50>
>>> Executing: 'cp ./pico_etau_EES1p01_2.root /eos/home-l/lvigilan/output_ETauFR_UL17_RUN1/UL2017/etau/WZ'
>>> Removing './pico_etau_EES1p01_2.root'...
>>> picojob.py done after 177.3 seconds

Job complete at Tue Jun  8 10:18:05 CEST 2021
Took 2 minutes 59 seconds040 (2368952.002.000) 06/08 10:18:05 Finished transferring output files
...
005 (2368952.002.000) 06/08 10:18:05 Job terminated.
	(1) Normal termination (return value 0)
		Usr 0 00:02:22, Sys 0 00:00:05  -  Run Remote Usage
		Usr 0 00:00:00, Sys 0 00:00:00  -  Run Local Usage
		Usr 0 00:02:22, Sys 0 00:00:05  -  Total Remote Usage
		Usr 0 00:00:00, Sys 0 00:00:00  -  Total Local Usage
	35241  -  Run Bytes Sent By Job
	9926  -  Run Bytes Received By Job
	35241  -  Total Bytes Sent By Job
	9926  -  Total Bytes Received By Job
	Partitionable Resources :    Usage  Request Allocated 
	   Cpus                 :                 1         1 
	   Disk (KB)            :       96        1    289473 
	   Memory (MB)          :      184     2000      2000 

	Job terminated of its own accord at 2021-06-08T08:18:05Z.
...
