Could not find platform independent libraries <prefix>
Could not find platform dependent libraries <exec_prefix>
Consider setting $PYTHONHOME to <prefix>[:<exec_prefix>]
ImportError: No module named site
Job start at Fri Nov 20 19:28:02 CET 2020
Running job on machine Linux b7g23n1327.cern.ch 3.10.0-1127.19.1.el7.x86_64 #1 SMP Tue Aug 25 17:23:54 UTC 2020 x86_64 x86_64 x86_64 GNU/Linux, host b7g23n1327.cern.ch
============================================================
$PWD=/pool/condor/dir_28222
$JOBID=1562280
$TASKID=45
$HOSTNAME=b7g23n1327.cern.ch
$TASKCMD=/afs/cern.ch/work/l/lvigilan/TauWork/CMSSW_10_6_17_patch1/src/TauFW/PicoProducer/python/processors/skimjob.py -y 2017 -d 'mc' -t _skim --copydir /eos/user/l/lvigilan/samples/nano/2017/W1JetsToLNu_TuneCP5_13TeV-madgraphMLM-pythia8/RunIISummer19UL17NanoAOD-106X_mc2017_realistic_v6-v2/NANOAODSIM -p --preselect 'HLT_Ele35_WPTight_Gsf_v == 1 && Electron_pt > 35 && Electron_eta < 2.1 && Tau_pt > 20 && Tau_eta < 2.3 && Electron_pfRelIso03_all < 0.5 && Tau_idDeepTau2017v2p1VSmu >= 1 && Tau_idDeepTau2017v2p1VSjet >= 16' -i root://cms-xrd-global.cern.ch//store/mc/RunIISummer19UL17NanoAOD/W1JetsToLNu_TuneCP5_13TeV-madgraphMLM-pythia8/NANOAODSIM/106X_mc2017_realistic_v6-v2/70000/0911EA67-8DB7-144F-8BEE-0EAEC2B425AD.root
$WORKDIR=/pool/condor/dir_28222
>>> cd /afs/cern.ch/work/l/lvigilan/TauWork/CMSSW_10_6_17_patch1/src
>>> eval `scramv1 runtime -sh`
>>> cd /pool/condor/dir_28222
$PWD=/pool/condor/dir_28222
>>> /afs/cern.ch/work/l/lvigilan/TauWork/CMSSW_10_6_17_patch1/src/TauFW/PicoProducer/python/processors/skimjob.py -y 2017 -d 'mc' -t _skim --copydir /eos/user/l/lvigilan/samples/nano/2017/W1JetsToLNu_TuneCP5_13TeV-madgraphMLM-pythia8/RunIISummer19UL17NanoAOD-106X_mc2017_realistic_v6-v2/NANOAODSIM -p --preselect 'HLT_Ele35_WPTight_Gsf_v == 1 && Electron_pt > 35 && Electron_eta < 2.1 && Tau_pt > 20 && Tau_eta < 2.3 && Electron_pfRelIso03_all < 0.5 && Tau_idDeepTau2017v2p1VSmu >= 1 && Tau_idDeepTau2017v2p1VSjet >= 16' -i root://cms-xrd-global.cern.ch//store/mc/RunIISummer19UL17NanoAOD/W1JetsToLNu_TuneCP5_13TeV-madgraphMLM-pythia8/NANOAODSIM/106X_mc2017_realistic_v6-v2/70000/0911EA67-8DB7-144F-8BEE-0EAEC2B425AD.root
Error in <TGClient::TGClient>: can't open display "localhost:33.0", switching to batch mode...
 In case you run from a remote ssh session, reconnect with ssh -Y
Error in <TTreeFormula::Compile>:  Bad numerical expression : "HLT_Ele35_WPTight_Gsf_v"
Info in <TSelectorDraw::AbortProcess>: Variable compilation failed: {,HLT_Ele35_WPTight_Gsf_v == 1 && Electron_pt > 35 && Electron_eta < 2.1 && Tau_pt > 20 && Tau_eta < 2.3 && Electron_pfRelIso03_all < 0.5 && Tau_idDeepTau2017v2p1VSmu >= 1 && Tau_idDeepTau2017v2p1VSjet >= 16}
--------------------------------------------------------------------------------
>>> era          = '2017'
>>> year         = 2017
>>> period       = ''
>>> dtype        = 'mc'
>>> maxevts      = None
>>> tag          = '_skim'
>>> postfix      = '_skim'
>>> outdir       = '.'
>>> outfiles     = './*_skim.root'
>>> copydir      = '/eos/user/l/lvigilan/samples/nano/2017/W1JetsToLNu_TuneCP5_13TeV-madgraphMLM-pythia8/RunIISummer19UL17NanoAOD-106X_mc2017_realistic_v6-v2/NANOAODSIM'
>>> infiles      = ['root://cms-xrd-global.cern.ch//store/mc/RunIISummer19UL17NanoAOD/W1JetsToLNu_TuneCP5_13TeV-madgraphMLM-pythia8/NANOAODSIM/106X_mc2017_realistic_v6-v2/70000/0911EA67-8DB7-144F-8BEE-0EAEC2B425AD.root']
>>> branchsel    = '/afs/cern.ch/work/l/lvigilan/TauWork/CMSSW_10_6_17_patch1/python/TauFW/PicoProducer/processors/keep_and_drop_skim.txt'
>>> json         = None
>>> modules      = []
>>> prefetch     = True
>>> doJEC        = False
>>> doJECSys     = False
>>> cwd          = /pool/condor/dir_28222
>>> preselection = HLT_Ele35_WPTight_Gsf_v == 1 && Electron_pt > 35 && Electron_eta < 2.1 && Tau_pt > 20 && Tau_eta < 2.3 && Electron_pfRelIso03_all < 0.5 && Tau_idDeepTau2017v2p1VSmu >= 1 && Tau_idDeepTau2017v2p1VSjet >= 16
--------------------------------------------------------------------------------
Will write selected trees to .
Filename root://cms-xrd-global.cern.ch//store/mc/RunIISummer19UL17NanoAOD/W1JetsToLNu_TuneCP5_13TeV-madgraphMLM-pythia8/NANOAODSIM/106X_mc2017_realistic_v6-v2/70000/0911EA67-8DB7-144F-8BEE-0EAEC2B425AD.root is remote, will do a copy to local path /pool/condor/dir_28222/tmp/0911EA67-8DB7-144F-8BEE-0EAEC2B425AD-eecb91ccdd717c8.root
Time used for transferring the file locally: 126.77 s
Pre-select 0 entries out of 16559 (0.00%)
Selected 0 / 16559 entries from root://cms-xrd-global.cern.ch//store/mc/RunIISummer19UL17NanoAOD/W1JetsToLNu_TuneCP5_13TeV-madgraphMLM-pythia8/NANOAODSIM/106X_mc2017_realistic_v6-v2/70000/0911EA67-8DB7-144F-8BEE-0EAEC2B425AD.root (0.00%)
Done ./0911EA67-8DB7-144F-8BEE-0EAEC2B425AD_skim.root
Total time 128.3 sec. to process 16559 events. Rate = 129.0 Hz.
>>> getstorage('/eos/user/l/lvigilan/samples/nano/2017/W1JetsToLNu_TuneCP5_13TeV-madgraphMLM-pythia8/RunIISummer19UL17NanoAOD-106X_mc2017_realistic_v6-v2/NANOAODSIM'), <EOS("/eos/user/l/lvigilan/samples/nano/2017/W1JetsToLNu_TuneCP5_13TeV-madgraphMLM-pythia8/RunIISummer19UL17NanoAOD-106X_mc2017_realistic_v6-v2/NANOAODSIM") at 0x2b2d5f63be50>
>>> Executing: 'cp ./*_skim.root /eos/user/l/lvigilan/samples/nano/2017/W1JetsToLNu_TuneCP5_13TeV-madgraphMLM-pythia8/RunIISummer19UL17NanoAOD-106X_mc2017_realistic_v6-v2/NANOAODSIM'
>>> Removing ./*_skim.root...
>>> skimjob.py done after 132.0 seconds

Job complete at Fri Nov 20 19:30:15 CET 2020
Took 2 minutes 13 seconds040 (1562280.045.000) 11/20 19:30:15 Finished transferring output files
...
005 (1562280.045.000) 11/20 19:30:15 Job terminated.
	(1) Normal termination (return value 0)
		Usr 0 00:00:02, Sys 0 00:00:01  -  Run Remote Usage
		Usr 0 00:00:00, Sys 0 00:00:00  -  Run Local Usage
		Usr 0 00:00:02, Sys 0 00:00:01  -  Total Remote Usage
		Usr 0 00:00:00, Sys 0 00:00:00  -  Total Local Usage
	36210  -  Run Bytes Sent By Job
	9881  -  Run Bytes Received By Job
	36210  -  Total Bytes Sent By Job
	9881  -  Total Bytes Received By Job
	Partitionable Resources :    Usage  Request Allocated 
	   Cpus                 :     0.00        1         1 
	   Disk (KB)            :   105           1    353519 
	   Memory (MB)          :    89        2000      2000 
...
