Could not find platform independent libraries <prefix>
Could not find platform dependent libraries <exec_prefix>
Consider setting $PYTHONHOME to <prefix>[:<exec_prefix>]
ImportError: No module named site
Job start at Fri Nov 20 19:42:22 CET 2020
Running job on machine Linux b7s10n4276.cern.ch 3.10.0-1127.19.1.el7.x86_64 #1 SMP Tue Aug 25 17:23:54 UTC 2020 x86_64 x86_64 x86_64 GNU/Linux, host b7s10n4276.cern.ch
============================================================
$PWD=/pool/condor/dir_440
$JOBID=1562280
$TASKID=139
$HOSTNAME=b7s10n4276.cern.ch
$TASKCMD=/afs/cern.ch/work/l/lvigilan/TauWork/CMSSW_10_6_17_patch1/src/TauFW/PicoProducer/python/processors/skimjob.py -y 2017 -d 'mc' -t _skim --copydir /eos/user/l/lvigilan/samples/nano/2017/W1JetsToLNu_TuneCP5_13TeV-madgraphMLM-pythia8/RunIISummer19UL17NanoAOD-106X_mc2017_realistic_v6-v2/NANOAODSIM -p --preselect 'HLT_Ele35_WPTight_Gsf_v == 1 && Electron_pt > 35 && Electron_eta < 2.1 && Tau_pt > 20 && Tau_eta < 2.3 && Electron_pfRelIso03_all < 0.5 && Tau_idDeepTau2017v2p1VSmu >= 1 && Tau_idDeepTau2017v2p1VSjet >= 16' -i root://cms-xrd-global.cern.ch//store/mc/RunIISummer19UL17NanoAOD/W1JetsToLNu_TuneCP5_13TeV-madgraphMLM-pythia8/NANOAODSIM/106X_mc2017_realistic_v6-v2/70000/7D7025A0-424E-BE4C-A516-4A01D91CA4F9.root
$WORKDIR=/pool/condor/dir_440
>>> cd /afs/cern.ch/work/l/lvigilan/TauWork/CMSSW_10_6_17_patch1/src
>>> eval `scramv1 runtime -sh`
>>> cd /pool/condor/dir_440
$PWD=/pool/condor/dir_440
>>> /afs/cern.ch/work/l/lvigilan/TauWork/CMSSW_10_6_17_patch1/src/TauFW/PicoProducer/python/processors/skimjob.py -y 2017 -d 'mc' -t _skim --copydir /eos/user/l/lvigilan/samples/nano/2017/W1JetsToLNu_TuneCP5_13TeV-madgraphMLM-pythia8/RunIISummer19UL17NanoAOD-106X_mc2017_realistic_v6-v2/NANOAODSIM -p --preselect 'HLT_Ele35_WPTight_Gsf_v == 1 && Electron_pt > 35 && Electron_eta < 2.1 && Tau_pt > 20 && Tau_eta < 2.3 && Electron_pfRelIso03_all < 0.5 && Tau_idDeepTau2017v2p1VSmu >= 1 && Tau_idDeepTau2017v2p1VSjet >= 16' -i root://cms-xrd-global.cern.ch//store/mc/RunIISummer19UL17NanoAOD/W1JetsToLNu_TuneCP5_13TeV-madgraphMLM-pythia8/NANOAODSIM/106X_mc2017_realistic_v6-v2/70000/7D7025A0-424E-BE4C-A516-4A01D91CA4F9.root
Error in <TGClient::TGClient>: can't open display "localhost:33.0", switching to batch mode...
 In case you run from a remote ssh session, reconnect with ssh -Y
Error in <TTreeFormula::Compile>:  Bad numerical expression : "HLT_Ele35_WPTight_Gsf_v"
Info in <TSelectorDraw::AbortProcess>: Variable compilation failed: {,HLT_Ele35_WPTight_Gsf_v == 1 && Electron_pt > 35 && Electron_eta < 2.1 && Tau_pt > 20 && Tau_eta < 2.3 && Electron_pfRelIso03_all < 0.5 && Tau_idDeepTau2017v2p1VSmu >= 1 && Tau_idDeepTau2017v2p1VSjet >= 16}
--------------------------------------------------------------------------------
>>> era          = '2017'
>>> year         = 2017
>>> period       = ''
>>> dtype        = 'mc'
>>> maxevts      = None
>>> tag          = '_skim'
>>> postfix      = '_skim'
>>> outdir       = '.'
>>> outfiles     = './*_skim.root'
>>> copydir      = '/eos/user/l/lvigilan/samples/nano/2017/W1JetsToLNu_TuneCP5_13TeV-madgraphMLM-pythia8/RunIISummer19UL17NanoAOD-106X_mc2017_realistic_v6-v2/NANOAODSIM'
>>> infiles      = ['root://cms-xrd-global.cern.ch//store/mc/RunIISummer19UL17NanoAOD/W1JetsToLNu_TuneCP5_13TeV-madgraphMLM-pythia8/NANOAODSIM/106X_mc2017_realistic_v6-v2/70000/7D7025A0-424E-BE4C-A516-4A01D91CA4F9.root']
>>> branchsel    = '/afs/cern.ch/work/l/lvigilan/TauWork/CMSSW_10_6_17_patch1/python/TauFW/PicoProducer/processors/keep_and_drop_skim.txt'
>>> json         = None
>>> modules      = []
>>> prefetch     = True
>>> doJEC        = False
>>> doJECSys     = False
>>> cwd          = /pool/condor/dir_440
>>> preselection = HLT_Ele35_WPTight_Gsf_v == 1 && Electron_pt > 35 && Electron_eta < 2.1 && Tau_pt > 20 && Tau_eta < 2.3 && Electron_pfRelIso03_all < 0.5 && Tau_idDeepTau2017v2p1VSmu >= 1 && Tau_idDeepTau2017v2p1VSjet >= 16
--------------------------------------------------------------------------------
Will write selected trees to .
Filename root://cms-xrd-global.cern.ch//store/mc/RunIISummer19UL17NanoAOD/W1JetsToLNu_TuneCP5_13TeV-madgraphMLM-pythia8/NANOAODSIM/106X_mc2017_realistic_v6-v2/70000/7D7025A0-424E-BE4C-A516-4A01D91CA4F9.root is remote, will do a copy to local path /pool/condor/dir_440/tmp/7D7025A0-424E-BE4C-A516-4A01D91CA4F9-5e0ffbb789eab28.root
Time used for transferring the file locally: 79.65 s
Pre-select 0 entries out of 344202 (0.00%)
Selected 0 / 344202 entries from root://cms-xrd-global.cern.ch//store/mc/RunIISummer19UL17NanoAOD/W1JetsToLNu_TuneCP5_13TeV-madgraphMLM-pythia8/NANOAODSIM/106X_mc2017_realistic_v6-v2/70000/7D7025A0-424E-BE4C-A516-4A01D91CA4F9.root (0.00%)
Done ./7D7025A0-424E-BE4C-A516-4A01D91CA4F9_skim.root
Total time 80.8 sec. to process 344202 events. Rate = 4260.6 Hz.
>>> getstorage('/eos/user/l/lvigilan/samples/nano/2017/W1JetsToLNu_TuneCP5_13TeV-madgraphMLM-pythia8/RunIISummer19UL17NanoAOD-106X_mc2017_realistic_v6-v2/NANOAODSIM'), <EOS("/eos/user/l/lvigilan/samples/nano/2017/W1JetsToLNu_TuneCP5_13TeV-madgraphMLM-pythia8/RunIISummer19UL17NanoAOD-106X_mc2017_realistic_v6-v2/NANOAODSIM") at 0x2abf0c536e50>
>>> Executing: 'cp ./*_skim.root /eos/user/l/lvigilan/samples/nano/2017/W1JetsToLNu_TuneCP5_13TeV-madgraphMLM-pythia8/RunIISummer19UL17NanoAOD-106X_mc2017_realistic_v6-v2/NANOAODSIM'
>>> Removing ./*_skim.root...
>>> skimjob.py done after 83.0 seconds

Job complete at Fri Nov 20 19:43:45 CET 2020
Took 1 minutes 23 seconds040 (1562280.139.000) 11/20 19:43:46 Finished transferring output files
...
005 (1562280.139.000) 11/20 19:43:46 Job terminated.
	(1) Normal termination (return value 0)
		Usr 0 00:00:02, Sys 0 00:00:02  -  Run Remote Usage
		Usr 0 00:00:00, Sys 0 00:00:00  -  Run Local Usage
		Usr 0 00:00:02, Sys 0 00:00:02  -  Total Remote Usage
		Usr 0 00:00:00, Sys 0 00:00:00  -  Total Local Usage
	39140  -  Run Bytes Sent By Job
	9881  -  Run Bytes Received By Job
	39140  -  Total Bytes Sent By Job
	9881  -  Total Bytes Received By Job
	Partitionable Resources :    Usage  Request Allocated 
	   Cpus                 :        0        1         1 
	   Disk (KB)            :      107        1    294379 
	   Memory (MB)          :      192     2000      2000 
...
