Could not find platform independent libraries <prefix>
Could not find platform dependent libraries <exec_prefix>
Consider setting $PYTHONHOME to <prefix>[:<exec_prefix>]
ImportError: No module named site
Job start at Tue Dec 29 12:45:24 CET 2020
Running job on machine Linux b7g41n2831.cern.ch 3.10.0-1127.19.1.el7.x86_64 #1 SMP Tue Aug 25 17:23:54 UTC 2020 x86_64 x86_64 x86_64 GNU/Linux, host b7g41n2831.cern.ch
============================================================
$PWD=/pool/condor/dir_23038
$JOBID=1631408
$TASKID=39
$HOSTNAME=b7g41n2831.cern.ch
$TASKCMD=/afs/cern.ch/work/l/lvigilan/TauWork/CMSSW_10_6_17_patch1/src/TauFW/PicoProducer/python/processors/picojob.py -y 2018 -d 'mc' -c etau -M ModuleETau --copydir /eos/home-l/lvigilan/output_2017ReReco18/2018/etau/TTToSemiLeptonic -t _etau_39 --opt 'jec=False' 'toppt=True' -i root://cms-xrd-global.cern.ch//store/mc/RunIIAutumn18NanoAODv6/TTToSemiLeptonic_TuneCP5_13TeV-powheg-pythia8/NANOAODSIM/Nano25Oct2019_102X_upgrade2018_realistic_v20_ext3-v1/260000/C39E48DF-BC88-204B-AB29-60B70F94BFAF.root root://cms-xrd-global.cern.ch//store/mc/RunIIAutumn18NanoAODv6/TTToSemiLeptonic_TuneCP5_13TeV-powheg-pythia8/NANOAODSIM/Nano25Oct2019_102X_upgrade2018_realistic_v20_ext3-v1/260000/C4CBECB7-ED24-E643-AA0F-0F86D3D5BA6B.root root://cms-xrd-global.cern.ch//store/mc/RunIIAutumn18NanoAODv6/TTToSemiLeptonic_TuneCP5_13TeV-powheg-pythia8/NANOAODSIM/Nano25Oct2019_102X_upgrade2018_realistic_v20_ext3-v1/260000/C54D0F51-1231-1945-85EC-629AFEFA9184.root root://cms-xrd-global.cern.ch//store/mc/RunIIAutumn18NanoAODv6/TTToSemiLeptonic_TuneCP5_13TeV-powheg-pythia8/NANOAODSIM/Nano25Oct2019_102X_upgrade2018_realistic_v20_ext3-v1/260000/C65C939B-D43E-B246-B4E4-D6EF5669B6FB.root root://cms-xrd-global.cern.ch//store/mc/RunIIAutumn18NanoAODv6/TTToSemiLeptonic_TuneCP5_13TeV-powheg-pythia8/NANOAODSIM/Nano25Oct2019_102X_upgrade2018_realistic_v20_ext3-v1/260000/C7F0A669-295B-9A45-BAF3-2AA717DEB0FB.root
$WORKDIR=/pool/condor/dir_23038
>>> cd /afs/cern.ch/work/l/lvigilan/TauWork/CMSSW_10_6_17_patch1/src
>>> eval `scramv1 runtime -sh`
>>> cd /pool/condor/dir_23038
$PWD=/pool/condor/dir_23038
>>> /afs/cern.ch/work/l/lvigilan/TauWork/CMSSW_10_6_17_patch1/src/TauFW/PicoProducer/python/processors/picojob.py -y 2018 -d 'mc' -c etau -M ModuleETau --copydir /eos/home-l/lvigilan/output_2017ReReco18/2018/etau/TTToSemiLeptonic -t _etau_39 --opt 'jec=False' 'toppt=True' -i root://cms-xrd-global.cern.ch//store/mc/RunIIAutumn18NanoAODv6/TTToSemiLeptonic_TuneCP5_13TeV-powheg-pythia8/NANOAODSIM/Nano25Oct2019_102X_upgrade2018_realistic_v20_ext3-v1/260000/C39E48DF-BC88-204B-AB29-60B70F94BFAF.root root://cms-xrd-global.cern.ch//store/mc/RunIIAutumn18NanoAODv6/TTToSemiLeptonic_TuneCP5_13TeV-powheg-pythia8/NANOAODSIM/Nano25Oct2019_102X_upgrade2018_realistic_v20_ext3-v1/260000/C4CBECB7-ED24-E643-AA0F-0F86D3D5BA6B.root root://cms-xrd-global.cern.ch//store/mc/RunIIAutumn18NanoAODv6/TTToSemiLeptonic_TuneCP5_13TeV-powheg-pythia8/NANOAODSIM/Nano25Oct2019_102X_upgrade2018_realistic_v20_ext3-v1/260000/C54D0F51-1231-1945-85EC-629AFEFA9184.root root://cms-xrd-global.cern.ch//store/mc/RunIIAutumn18NanoAODv6/TTToSemiLeptonic_TuneCP5_13TeV-powheg-pythia8/NANOAODSIM/Nano25Oct2019_102X_upgrade2018_realistic_v20_ext3-v1/260000/C65C939B-D43E-B246-B4E4-D6EF5669B6FB.root root://cms-xrd-global.cern.ch//store/mc/RunIIAutumn18NanoAODv6/TTToSemiLeptonic_TuneCP5_13TeV-powheg-pythia8/NANOAODSIM/Nano25Oct2019_102X_upgrade2018_realistic_v20_ext3-v1/260000/C7F0A669-295B-9A45-BAF3-2AA717DEB0FB.root
Error in <TGClient::TGClient>: can't open display "localhost:39.0", switching to batch mode...
 In case you run from a remote ssh session, reconnect with ssh -Y
--------------------------------------------------------------------------------
>>> era          = '2018'
>>> year         = 2018
>>> channel      = 'etau'
>>> modname      = 'ModuleETau'
>>> dtype        = 'mc'
>>> kwargs       = {'dtype': 'mc', 'toppt': True, 'jec': False, 'verb': 0, 'era': '2018', 'year': 2018}
>>> maxevts      = None
>>> outdir       = '.'
>>> copydir      = '/eos/home-l/lvigilan/output_2017ReReco18/2018/etau/TTToSemiLeptonic'
>>> infiles      = ['root://cms-xrd-global.cern.ch//store/mc/RunIIAutumn18NanoAODv6/TTToSemiLeptonic_TuneCP5_13TeV-powheg-pythia8/NANOAODSIM/Nano25Oct2019_102X_upgrade2018_realistic_v20_ext3-v1/260000/C39E48DF-BC88-204B-AB29-60B70F94BFAF.root', 'root://cms-xrd-global.cern.ch//store/mc/RunIIAutumn18NanoAODv6/TTToSemiLeptonic_TuneCP5_13TeV-powheg-pythia8/NANOAODSIM/Nano25Oct2019_102X_upgrade2018_realistic_v20_ext3-v1/260000/C4CBECB7-ED24-E643-AA0F-0F86D3D5BA6B.root', 'root://cms-xrd-global.cern.ch//store/mc/RunIIAutumn18NanoAODv6/TTToSemiLeptonic_TuneCP5_13TeV-powheg-pythia8/NANOAODSIM/Nano25Oct2019_102X_upgrade2018_realistic_v20_ext3-v1/260000/C54D0F51-1231-1945-85EC-629AFEFA9184.root', 'root://cms-xrd-global.cern.ch//store/mc/RunIIAutumn18NanoAODv6/TTToSemiLeptonic_TuneCP5_13TeV-powheg-pythia8/NANOAODSIM/Nano25Oct2019_102X_upgrade2018_realistic_v20_ext3-v1/260000/C65C939B-D43E-B246-B4E4-D6EF5669B6FB.root', 'root://cms-xrd-global.cern.ch//store/mc/RunIIAutumn18NanoAODv6/TTToSemiLeptonic_TuneCP5_13TeV-powheg-pythia8/NANOAODSIM/Nano25Oct2019_102X_upgrade2018_realistic_v20_ext3-v1/260000/C7F0A669-295B-9A45-BAF3-2AA717DEB0FB.root']
>>> outfname     = './pico_etau_etau_39.root'
>>> branchsel    = '/afs/cern.ch/work/l/lvigilan/TauWork/CMSSW_10_6_17_patch1/python/TauFW/PicoProducer/processors/keep_and_drop_skim.txt'
>>> json         = None
>>> prefetch     = False
>>> cwd          = /pool/condor/dir_23038
--------------------------------------------------------------------------------

   ################
   #  ModuleETau  #
   ################

Loading PileupWeightTool for '/afs/cern.ch/work/l/lvigilan/TauWork/CMSSW_10_6_17_patch1/src/TauFW/PicoProducer/data/pileup/Data_PileUp_2018_69p2.root' and '/afs/cern.ch/work/l/lvigilan/TauWork/CMSSW_10_6_17_patch1/src/TauFW/PicoProducer/data/pileup/MC_PileUp_2018_Autumn18.root'
Loading BTagWeightTool for DeepCSV (medium WP)...
>>> BTagTool: [1m[33mWarning! [0m[33mHistogram 'etau/eff_DeepCSV_udsg_medium' does not exist in /afs/cern.ch/work/l/lvigilan/TauWork/CMSSW_10_6_17_patch1/src/TauFW/PicoProducer/data/btag/DeepCSV_2018_Autumn18_eff.root! Reverting to default efficiency histogram...[0m
>>> BTagTool: [1m[33mWarning! [0m[33mHistogram 'etau/eff_DeepCSV_c_medium' does not exist in /afs/cern.ch/work/l/lvigilan/TauWork/CMSSW_10_6_17_patch1/src/TauFW/PicoProducer/data/btag/DeepCSV_2018_Autumn18_eff.root! Reverting to default efficiency histogram...[0m
>>> BTagTool: [1m[33mWarning! [0m[33mHistogram 'etau/eff_DeepCSV_b_medium' does not exist in /afs/cern.ch/work/l/lvigilan/TauWork/CMSSW_10_6_17_patch1/src/TauFW/PicoProducer/data/btag/DeepCSV_2018_Autumn18_eff.root! Reverting to default efficiency histogram...[0m
>>> BTagTool: [1m[33mWarning! [0m[33mMade use of default efficiency histograms! The b tag weights from this module should be regarded as placeholders only,
and should NOT be used for analyses. B (mis)tag efficiencies in MC are analysis dependent. Please create your own
efficiency histogram with data/btag/getBTagEfficiencies.py after running all MC samples with BTagWeightTool.[0m
Loading TreeProducerETau for './pico_etau_etau_39.root'
--------------------------------------------------------------------------------
>>> filename     = './pico_etau_etau_39.root'
>>> year         = 2018
>>> dtype        = 'mc'
>>> channel      = 'etau'
>>> ismc         = True
>>> isdata       = False
>>> isembed      = False
>>> tes          = None
>>> tessys       = None
>>> ltf          = 1.0
>>> jtf          = 1.0
>>> dotoppt      = True
>>> dozpt        = False
>>> dojec        = False
>>> dojecsys     = False
>>> dotight      = False
>>> jetCutPt     = 30
>>> bjetCutEta   = 2.7
>>> tauwp        = 0
>>> eleCutPt     = 33
>>> eleCutEta    = 2.1
>>> tauCutPt     = 20
>>> tauCutEta    = 2.3
Pre-select 850000 entries out of 850000 (100.00%)
Processed    10000/  850000 entries,  1.18% (elapsed time    19.8s, curr speed    0.504 kHz, avg speed    0.504 kHz), accepted       16/   10001 events ( 0.16%)
Processed    20000/  850000 entries,  2.35% (elapsed time    30.8s, curr speed    0.913 kHz, avg speed    0.649 kHz), accepted       37/   20001 events ( 0.18%)
Processed    30000/  850000 entries,  3.53% (elapsed time    42.4s, curr speed    0.861 kHz, avg speed    0.707 kHz), accepted       49/   30001 events ( 0.16%)
Processed    40000/  850000 entries,  4.71% (elapsed time    57.2s, curr speed    0.677 kHz, avg speed    0.700 kHz), accepted       66/   40001 events ( 0.16%)
Processed    50000/  850000 entries,  5.88% (elapsed time    68.4s, curr speed    0.890 kHz, avg speed    0.731 kHz), accepted       85/   50001 events ( 0.17%)
Processed    60000/  850000 entries,  7.06% (elapsed time    79.3s, curr speed    0.922 kHz, avg speed    0.757 kHz), accepted       93/   60001 events ( 0.15%)
Processed    70000/  850000 entries,  8.24% (elapsed time    90.6s, curr speed    0.885 kHz, avg speed    0.773 kHz), accepted      108/   70001 events ( 0.15%)
Processed    80000/  850000 entries,  9.41% (elapsed time   106.2s, curr speed    0.639 kHz, avg speed    0.753 kHz), accepted      123/   80001 events ( 0.15%)
Processed    90000/  850000 entries, 10.59% (elapsed time   116.9s, curr speed    0.932 kHz, avg speed    0.770 kHz), accepted      136/   90001 events ( 0.15%)
Processed   100000/  850000 entries, 11.76% (elapsed time   128.7s, curr speed    0.847 kHz, avg speed    0.777 kHz), accepted      156/  100001 events ( 0.16%)
Processed   110000/  850000 entries, 12.94% (elapsed time   139.3s, curr speed    0.943 kHz, avg speed    0.789 kHz), accepted      165/  110001 events ( 0.15%)
Processed   120000/  850000 entries, 14.12% (elapsed time   153.5s, curr speed    0.705 kHz, avg speed    0.782 kHz), accepted      181/  120001 events ( 0.15%)
Processed   130000/  850000 entries, 15.29% (elapsed time   164.6s, curr speed    0.901 kHz, avg speed    0.790 kHz), accepted      193/  130001 events ( 0.15%)
Processed   140000/  850000 entries, 16.47% (elapsed time   175.7s, curr speed    0.900 kHz, avg speed    0.797 kHz), accepted      209/  140001 events ( 0.15%)
Processed   150000/  850000 entries, 17.65% (elapsed time   191.3s, curr speed    0.643 kHz, avg speed    0.784 kHz), accepted      230/  150001 events ( 0.15%)
Processed   160000/  850000 entries, 18.82% (elapsed time   202.6s, curr speed    0.884 kHz, avg speed    0.790 kHz), accepted      248/  160001 events ( 0.15%)
Processed   170000/  850000 entries, 20.00% (elapsed time   213.6s, curr speed    0.912 kHz, avg speed    0.796 kHz), accepted      260/  170001 events ( 0.15%)
Processed   180000/  850000 entries, 21.18% (elapsed time   224.4s, curr speed    0.926 kHz, avg speed    0.802 kHz), accepted      273/  180001 events ( 0.15%)
Processed   190000/  850000 entries, 22.35% (elapsed time   239.7s, curr speed    0.654 kHz, avg speed    0.793 kHz), accepted      284/  190001 events ( 0.15%)
Processed   200000/  850000 entries, 23.53% (elapsed time   250.9s, curr speed    0.886 kHz, avg speed    0.797 kHz), accepted      301/  200001 events ( 0.15%)
Processed   210000/  850000 entries, 24.71% (elapsed time   262.5s, curr speed    0.865 kHz, avg speed    0.800 kHz), accepted      312/  210001 events ( 0.15%)
Processed   220000/  850000 entries, 25.88% (elapsed time   274.9s, curr speed    0.805 kHz, avg speed    0.800 kHz), accepted      325/  220001 events ( 0.15%)
Processed   230000/  850000 entries, 27.06% (elapsed time   292.1s, curr speed    0.584 kHz, avg speed    0.788 kHz), accepted      341/  230001 events ( 0.15%)
Processed   240000/  850000 entries, 28.24% (elapsed time   303.1s, curr speed    0.907 kHz, avg speed    0.792 kHz), accepted      352/  240001 events ( 0.15%)
Processed   250000/  850000 entries, 29.41% (elapsed time   314.8s, curr speed    0.851 kHz, avg speed    0.794 kHz), accepted      371/  250001 events ( 0.15%)
Processed   260000/  850000 entries, 30.59% (elapsed time   330.4s, curr speed    0.643 kHz, avg speed    0.787 kHz), accepted      384/  260001 events ( 0.15%)
Processed   270000/  850000 entries, 31.76% (elapsed time   340.4s, curr speed    0.999 kHz, avg speed    0.793 kHz), accepted      396/  270001 events ( 0.15%)
Processed   280000/  850000 entries, 32.94% (elapsed time   351.4s, curr speed    0.909 kHz, avg speed    0.797 kHz), accepted      407/  280001 events ( 0.15%)
Processed   290000/  850000 entries, 34.12% (elapsed time   363.6s, curr speed    0.821 kHz, avg speed    0.798 kHz), accepted      435/  290001 events ( 0.15%)
Processed   300000/  850000 entries, 35.29% (elapsed time   379.4s, curr speed    0.632 kHz, avg speed    0.791 kHz), accepted      453/  300001 events ( 0.15%)
Processed   310000/  850000 entries, 36.47% (elapsed time   390.4s, curr speed    0.913 kHz, avg speed    0.794 kHz), accepted      465/  310001 events ( 0.15%)
Processed   320000/  850000 entries, 37.65% (elapsed time   401.4s, curr speed    0.910 kHz, avg speed    0.797 kHz), accepted      476/  320001 events ( 0.15%)
Processed   330000/  850000 entries, 38.82% (elapsed time   412.9s, curr speed    0.866 kHz, avg speed    0.799 kHz), accepted      490/  330001 events ( 0.15%)
Processed   340000/  850000 entries, 40.00% (elapsed time   429.0s, curr speed    0.623 kHz, avg speed    0.793 kHz), accepted      513/  340001 events ( 0.15%)
Processed   350000/  850000 entries, 41.18% (elapsed time   440.7s, curr speed    0.852 kHz, avg speed    0.794 kHz), accepted      532/  350001 events ( 0.15%)
Processed   360000/  850000 entries, 42.35% (elapsed time   452.1s, curr speed    0.876 kHz, avg speed    0.796 kHz), accepted      550/  360001 events ( 0.15%)
Processed   370000/  850000 entries, 43.53% (elapsed time   464.9s, curr speed    0.786 kHz, avg speed    0.796 kHz), accepted      563/  370001 events ( 0.15%)
Processed   380000/  850000 entries, 44.71% (elapsed time   478.6s, curr speed    0.726 kHz, avg speed    0.794 kHz), accepted      578/  380001 events ( 0.15%)
Processed   390000/  850000 entries, 45.88% (elapsed time   490.1s, curr speed    0.870 kHz, avg speed    0.796 kHz), accepted      595/  390001 events ( 0.15%)
Processed   400000/  850000 entries, 47.06% (elapsed time   500.8s, curr speed    0.939 kHz, avg speed    0.799 kHz), accepted      609/  400001 events ( 0.15%)
Processed   410000/  850000 entries, 48.24% (elapsed time   516.4s, curr speed    0.641 kHz, avg speed    0.794 kHz), accepted      626/  410001 events ( 0.15%)
Processed   420000/  850000 entries, 49.41% (elapsed time   527.4s, curr speed    0.911 kHz, avg speed    0.796 kHz), accepted      640/  420001 events ( 0.15%)
Processed   430000/  850000 entries, 50.59% (elapsed time   540.2s, curr speed    0.777 kHz, avg speed    0.796 kHz), accepted      660/  430001 events ( 0.15%)
Processed   440000/  850000 entries, 51.76% (elapsed time   553.4s, curr speed    0.762 kHz, avg speed    0.795 kHz), accepted      679/  440001 events ( 0.15%)
Processed   450000/  850000 entries, 52.94% (elapsed time   568.5s, curr speed    0.659 kHz, avg speed    0.792 kHz), accepted      695/  450001 events ( 0.15%)
Processed   460000/  850000 entries, 54.12% (elapsed time   581.9s, curr speed    0.750 kHz, avg speed    0.791 kHz), accepted      709/  460001 events ( 0.15%)
Processed   470000/  850000 entries, 55.29% (elapsed time   593.2s, curr speed    0.886 kHz, avg speed    0.792 kHz), accepted      725/  470001 events ( 0.15%)
Processed   480000/  850000 entries, 56.47% (elapsed time   607.4s, curr speed    0.703 kHz, avg speed    0.790 kHz), accepted      747/  480001 events ( 0.16%)
Processed   490000/  850000 entries, 57.65% (elapsed time   621.6s, curr speed    0.703 kHz, avg speed    0.788 kHz), accepted      763/  490001 events ( 0.16%)
Processed   500000/  850000 entries, 58.82% (elapsed time   633.3s, curr speed    0.857 kHz, avg speed    0.790 kHz), accepted      775/  500001 events ( 0.15%)
Processed   510000/  850000 entries, 60.00% (elapsed time   644.7s, curr speed    0.871 kHz, avg speed    0.791 kHz), accepted      789/  510001 events ( 0.15%)
Processed   520000/  850000 entries, 61.18% (elapsed time   659.5s, curr speed    0.678 kHz, avg speed    0.788 kHz), accepted      803/  520001 events ( 0.15%)
Processed   530000/  850000 entries, 62.35% (elapsed time   671.0s, curr speed    0.866 kHz, avg speed    0.790 kHz), accepted      818/  530001 events ( 0.15%)
Processed   540000/  850000 entries, 63.53% (elapsed time   681.7s, curr speed    0.937 kHz, avg speed    0.792 kHz), accepted      828/  540001 events ( 0.15%)
Processed   550000/  850000 entries, 64.71% (elapsed time   692.8s, curr speed    0.900 kHz, avg speed    0.794 kHz), accepted      839/  550001 events ( 0.15%)
Processed   560000/  850000 entries, 65.88% (elapsed time   709.3s, curr speed    0.606 kHz, avg speed    0.789 kHz), accepted      855/  560001 events ( 0.15%)
Processed   570000/  850000 entries, 67.06% (elapsed time   720.5s, curr speed    0.893 kHz, avg speed    0.791 kHz), accepted      871/  570001 events ( 0.15%)
Processed   580000/  850000 entries, 68.24% (elapsed time   732.1s, curr speed    0.861 kHz, avg speed    0.792 kHz), accepted      888/  580001 events ( 0.15%)
Processed   590000/  850000 entries, 69.41% (elapsed time   744.1s, curr speed    0.834 kHz, avg speed    0.793 kHz), accepted      904/  590001 events ( 0.15%)
Processed   600000/  850000 entries, 70.59% (elapsed time   756.8s, curr speed    0.791 kHz, avg speed    0.793 kHz), accepted      917/  600001 events ( 0.15%)
Processed   610000/  850000 entries, 71.76% (elapsed time   771.8s, curr speed    0.666 kHz, avg speed    0.790 kHz), accepted      931/  610001 events ( 0.15%)
Processed   620000/  850000 entries, 72.94% (elapsed time   782.9s, curr speed    0.899 kHz, avg speed    0.792 kHz), accepted      948/  620001 events ( 0.15%)
Processed   630000/  850000 entries, 74.12% (elapsed time   795.3s, curr speed    0.807 kHz, avg speed    0.792 kHz), accepted      963/  630001 events ( 0.15%)
Processed   640000/  850000 entries, 75.29% (elapsed time   808.7s, curr speed    0.746 kHz, avg speed    0.791 kHz), accepted      978/  640001 events ( 0.15%)
Processed   650000/  850000 entries, 76.47% (elapsed time   819.3s, curr speed    0.939 kHz, avg speed    0.793 kHz), accepted      998/  650001 events ( 0.15%)
Processed   660000/  850000 entries, 77.65% (elapsed time   829.8s, curr speed    0.952 kHz, avg speed    0.795 kHz), accepted     1008/  660001 events ( 0.15%)
Processed   670000/  850000 entries, 78.82% (elapsed time   842.4s, curr speed    0.800 kHz, avg speed    0.795 kHz), accepted     1020/  670001 events ( 0.15%)
Processed   680000/  850000 entries, 80.00% (elapsed time   855.8s, curr speed    0.742 kHz, avg speed    0.795 kHz), accepted     1037/  680001 events ( 0.15%)
Processed   690000/  850000 entries, 81.18% (elapsed time   865.9s, curr speed    0.993 kHz, avg speed    0.797 kHz), accepted     1048/  690001 events ( 0.15%)
Processed   700000/  850000 entries, 82.35% (elapsed time   877.6s, curr speed    0.855 kHz, avg speed    0.798 kHz), accepted     1065/  700001 events ( 0.15%)
Processed   710000/  850000 entries, 83.53% (elapsed time   890.9s, curr speed    0.751 kHz, avg speed    0.797 kHz), accepted     1075/  710001 events ( 0.15%)
Processed   720000/  850000 entries, 84.71% (elapsed time   901.7s, curr speed    0.924 kHz, avg speed    0.798 kHz), accepted     1091/  720001 events ( 0.15%)
Processed   730000/  850000 entries, 85.88% (elapsed time   913.8s, curr speed    0.825 kHz, avg speed    0.799 kHz), accepted     1113/  730001 events ( 0.15%)
Processed   740000/  850000 entries, 87.06% (elapsed time   929.4s, curr speed    0.641 kHz, avg speed    0.796 kHz), accepted     1129/  740001 events ( 0.15%)
Processed   750000/  850000 entries, 88.24% (elapsed time   939.0s, curr speed    1.045 kHz, avg speed    0.799 kHz), accepted     1149/  750001 events ( 0.15%)
Processed   760000/  850000 entries, 89.41% (elapsed time   953.2s, curr speed    0.705 kHz, avg speed    0.797 kHz), accepted     1161/  760001 events ( 0.15%)
Processed   770000/  850000 entries, 90.59% (elapsed time   964.5s, curr speed    0.882 kHz, avg speed    0.798 kHz), accepted     1174/  770001 events ( 0.15%)
Processed   780000/  850000 entries, 91.76% (elapsed time   980.4s, curr speed    0.630 kHz, avg speed    0.796 kHz), accepted     1191/  780001 events ( 0.15%)
Processed   790000/  850000 entries, 92.94% (elapsed time   992.6s, curr speed    0.820 kHz, avg speed    0.796 kHz), accepted     1202/  790001 events ( 0.15%)
Processed   800000/  850000 entries, 94.12% (elapsed time  1004.5s, curr speed    0.839 kHz, avg speed    0.796 kHz), accepted     1215/  800001 events ( 0.15%)
Processed   810000/  850000 entries, 95.29% (elapsed time  1016.1s, curr speed    0.863 kHz, avg speed    0.797 kHz), accepted     1230/  810001 events ( 0.15%)
Processed   820000/  850000 entries, 96.47% (elapsed time  1029.8s, curr speed    0.730 kHz, avg speed    0.796 kHz), accepted     1246/  820001 events ( 0.15%)
Processed   830000/  850000 entries, 97.65% (elapsed time  1040.7s, curr speed    0.921 kHz, avg speed    0.798 kHz), accepted     1256/  830001 events ( 0.15%)
Processed   840000/  850000 entries, 98.82% (elapsed time  1050.7s, curr speed    1.001 kHz, avg speed    0.800 kHz), accepted     1267/  840001 events ( 0.15%)
Processed 850000 preselected entries from root://cms-xrd-global.cern.ch//store/mc/RunIIAutumn18NanoAODv6/TTToSemiLeptonic_TuneCP5_13TeV-powheg-pythia8/NANOAODSIM/Nano25Oct2019_102X_upgrade2018_realistic_v20_ext3-v1/260000/C39E48DF-BC88-204B-AB29-60B70F94BFAF.root (850000 entries). Finally selected 1286 entries
Pre-select 856000 entries out of 856000 (100.00%)
Processed    10000/  856000 entries,  1.17% (elapsed time    16.0s, curr speed    0.624 kHz, avg speed    0.624 kHz), accepted       14/   10001 events ( 0.14%)
Processed    20000/  856000 entries,  2.34% (elapsed time    28.9s, curr speed    0.779 kHz, avg speed    0.693 kHz), accepted       33/   20001 events ( 0.16%)
Processed    30000/  856000 entries,  3.50% (elapsed time    40.7s, curr speed    0.847 kHz, avg speed    0.737 kHz), accepted       54/   30001 events ( 0.18%)
Processed    40000/  856000 entries,  4.67% (elapsed time    54.7s, curr speed    0.715 kHz, avg speed    0.732 kHz), accepted       70/   40001 events ( 0.17%)
Processed    50000/  856000 entries,  5.84% (elapsed time    65.8s, curr speed    0.896 kHz, avg speed    0.759 kHz), accepted       96/   50001 events ( 0.19%)
Processed    60000/  856000 entries,  7.01% (elapsed time    76.8s, curr speed    0.916 kHz, avg speed    0.782 kHz), accepted      112/   60001 events ( 0.19%)
Processed    70000/  856000 entries,  8.18% (elapsed time    87.6s, curr speed    0.922 kHz, avg speed    0.799 kHz), accepted      127/   70001 events ( 0.18%)
Processed    80000/  856000 entries,  9.35% (elapsed time    99.9s, curr speed    0.812 kHz, avg speed    0.801 kHz), accepted      142/   80001 events ( 0.18%)
Processed    90000/  856000 entries, 10.51% (elapsed time   112.5s, curr speed    0.794 kHz, avg speed    0.800 kHz), accepted      153/   90001 events ( 0.17%)
Processed   100000/  856000 entries, 11.68% (elapsed time   123.2s, curr speed    0.932 kHz, avg speed    0.812 kHz), accepted      175/  100001 events ( 0.17%)
Processed   110000/  856000 entries, 12.85% (elapsed time   135.8s, curr speed    0.797 kHz, avg speed    0.810 kHz), accepted      183/  110001 events ( 0.17%)
Processed   120000/  856000 entries, 14.02% (elapsed time   149.3s, curr speed    0.740 kHz, avg speed    0.804 kHz), accepted      196/  120001 events ( 0.16%)
Processed   130000/  856000 entries, 15.19% (elapsed time   160.3s, curr speed    0.908 kHz, avg speed    0.811 kHz), accepted      211/  130001 events ( 0.16%)
Processed   140000/  856000 entries, 16.36% (elapsed time   171.0s, curr speed    0.931 kHz, avg speed    0.818 kHz), accepted      228/  140001 events ( 0.16%)
Processed   150000/  856000 entries, 17.52% (elapsed time   183.8s, curr speed    0.784 kHz, avg speed    0.816 kHz), accepted      248/  150001 events ( 0.17%)
Processed   160000/  856000 entries, 18.69% (elapsed time   197.0s, curr speed    0.756 kHz, avg speed    0.812 kHz), accepted      261/  160001 events ( 0.16%)
Processed   170000/  856000 entries, 19.86% (elapsed time   208.2s, curr speed    0.897 kHz, avg speed    0.817 kHz), accepted      279/  170001 events ( 0.16%)
Processed   180000/  856000 entries, 21.03% (elapsed time   220.7s, curr speed    0.798 kHz, avg speed    0.816 kHz), accepted      291/  180001 events ( 0.16%)
Processed   190000/  856000 entries, 22.20% (elapsed time   234.0s, curr speed    0.753 kHz, avg speed    0.812 kHz), accepted      308/  190001 events ( 0.16%)
Processed   200000/  856000 entries, 23.36% (elapsed time   244.6s, curr speed    0.942 kHz, avg speed    0.818 kHz), accepted      334/  200001 events ( 0.17%)
Processed   210000/  856000 entries, 24.53% (elapsed time   255.5s, curr speed    0.920 kHz, avg speed    0.822 kHz), accepted      351/  210001 events ( 0.17%)
Processed   220000/  856000 entries, 25.70% (elapsed time   271.7s, curr speed    0.617 kHz, avg speed    0.810 kHz), accepted      366/  220001 events ( 0.17%)
Processed   230000/  856000 entries, 26.87% (elapsed time   283.3s, curr speed    0.858 kHz, avg speed    0.812 kHz), accepted      380/  230001 events ( 0.17%)
Processed   240000/  856000 entries, 28.04% (elapsed time   294.6s, curr speed    0.884 kHz, avg speed    0.815 kHz), accepted      389/  240001 events ( 0.16%)
Processed   250000/  856000 entries, 29.21% (elapsed time   306.4s, curr speed    0.851 kHz, avg speed    0.816 kHz), accepted      400/  250001 events ( 0.16%)
Processed   260000/  856000 entries, 30.37% (elapsed time   318.6s, curr speed    0.819 kHz, avg speed    0.816 kHz), accepted      409/  260001 events ( 0.16%)
Processed   270000/  856000 entries, 31.54% (elapsed time   331.9s, curr speed    0.749 kHz, avg speed    0.813 kHz), accepted      423/  270001 events ( 0.16%)
Processed   280000/  856000 entries, 32.71% (elapsed time   343.0s, curr speed    0.908 kHz, avg speed    0.816 kHz), accepted      436/  280001 events ( 0.16%)
Processed   290000/  856000 entries, 33.88% (elapsed time   358.4s, curr speed    0.647 kHz, avg speed    0.809 kHz), accepted      450/  290001 events ( 0.16%)
Processed   300000/  856000 entries, 35.05% (elapsed time   369.3s, curr speed    0.918 kHz, avg speed    0.812 kHz), accepted      461/  300001 events ( 0.15%)
Processed   310000/  856000 entries, 36.21% (elapsed time   380.7s, curr speed    0.879 kHz, avg speed    0.814 kHz), accepted      472/  310001 events ( 0.15%)
Processed   320000/  856000 entries, 37.38% (elapsed time   391.7s, curr speed    0.903 kHz, avg speed    0.817 kHz), accepted      484/  320001 events ( 0.15%)
Processed   330000/  856000 entries, 38.55% (elapsed time   405.9s, curr speed    0.707 kHz, avg speed    0.813 kHz), accepted      495/  330001 events ( 0.15%)
Processed   340000/  856000 entries, 39.72% (elapsed time   415.0s, curr speed    1.099 kHz, avg speed    0.819 kHz), accepted      507/  340001 events ( 0.15%)
Processed   350000/  856000 entries, 40.89% (elapsed time   429.2s, curr speed    0.701 kHz, avg speed    0.815 kHz), accepted      521/  350001 events ( 0.15%)
Processed   360000/  856000 entries, 42.06% (elapsed time   442.4s, curr speed    0.759 kHz, avg speed    0.814 kHz), accepted      540/  360001 events ( 0.15%)
Processed   370000/  856000 entries, 43.22% (elapsed time   455.1s, curr speed    0.787 kHz, avg speed    0.813 kHz), accepted      556/  370001 events ( 0.15%)
Processed   380000/  856000 entries, 44.39% (elapsed time   465.7s, curr speed    0.947 kHz, avg speed    0.816 kHz), accepted      569/  380001 events ( 0.15%)
Processed   390000/  856000 entries, 45.56% (elapsed time   475.6s, curr speed    1.006 kHz, avg speed    0.820 kHz), accepted      575/  390001 events ( 0.15%)
Processed   400000/  856000 entries, 46.73% (elapsed time   488.3s, curr speed    0.785 kHz, avg speed    0.819 kHz), accepted      585/  400001 events ( 0.15%)
Processed   410000/  856000 entries, 47.90% (elapsed time   502.7s, curr speed    0.697 kHz, avg speed    0.816 kHz), accepted      605/  410001 events ( 0.15%)
Processed   420000/  856000 entries, 49.07% (elapsed time   514.2s, curr speed    0.871 kHz, avg speed    0.817 kHz), accepted      627/  420001 events ( 0.15%)
Processed   430000/  856000 entries, 50.23% (elapsed time   526.5s, curr speed    0.814 kHz, avg speed    0.817 kHz), accepted      652/  430001 events ( 0.15%)
Processed   440000/  856000 entries, 51.40% (elapsed time   540.7s, curr speed    0.702 kHz, avg speed    0.814 kHz), accepted      673/  440001 events ( 0.15%)
Processed   450000/  856000 entries, 52.57% (elapsed time   551.9s, curr speed    0.890 kHz, avg speed    0.815 kHz), accepted      689/  450001 events ( 0.15%)
Processed   460000/  856000 entries, 53.74% (elapsed time   563.4s, curr speed    0.875 kHz, avg speed    0.817 kHz), accepted      705/  460001 events ( 0.15%)
Processed   470000/  856000 entries, 54.91% (elapsed time   577.2s, curr speed    0.721 kHz, avg speed    0.814 kHz), accepted      718/  470001 events ( 0.15%)
Processed   480000/  856000 entries, 56.07% (elapsed time   590.9s, curr speed    0.733 kHz, avg speed    0.812 kHz), accepted      730/  480001 events ( 0.15%)
Processed   490000/  856000 entries, 57.24% (elapsed time   602.1s, curr speed    0.894 kHz, avg speed    0.814 kHz), accepted      755/  490001 events ( 0.15%)
Processed   500000/  856000 entries, 58.41% (elapsed time   613.3s, curr speed    0.889 kHz, avg speed    0.815 kHz), accepted      772/  500001 events ( 0.15%)
Processed   510000/  856000 entries, 59.58% (elapsed time   626.4s, curr speed    0.762 kHz, avg speed    0.814 kHz), accepted      790/  510001 events ( 0.15%)
Processed   520000/  856000 entries, 60.75% (elapsed time   640.6s, curr speed    0.708 kHz, avg speed    0.812 kHz), accepted      808/  520001 events ( 0.16%)
Processed   530000/  856000 entries, 61.92% (elapsed time   652.3s, curr speed    0.848 kHz, avg speed    0.812 kHz), accepted      827/  530001 events ( 0.16%)
Processed   540000/  856000 entries, 63.08% (elapsed time   665.7s, curr speed    0.750 kHz, avg speed    0.811 kHz), accepted      841/  540001 events ( 0.16%)
Processed   550000/  856000 entries, 64.25% (elapsed time   679.8s, curr speed    0.707 kHz, avg speed    0.809 kHz), accepted      866/  550001 events ( 0.16%)
Processed   560000/  856000 entries, 65.42% (elapsed time   690.8s, curr speed    0.915 kHz, avg speed    0.811 kHz), accepted      878/  560001 events ( 0.16%)
Processed   570000/  856000 entries, 66.59% (elapsed time   701.1s, curr speed    0.963 kHz, avg speed    0.813 kHz), accepted      890/  570001 events ( 0.16%)
Processed   580000/  856000 entries, 67.76% (elapsed time   714.2s, curr speed    0.767 kHz, avg speed    0.812 kHz), accepted      907/  580001 events ( 0.16%)
Processed   590000/  856000 entries, 68.93% (elapsed time   727.7s, curr speed    0.739 kHz, avg speed    0.811 kHz), accepted      933/  590001 events ( 0.16%)
Processed   600000/  856000 entries, 70.09% (elapsed time   738.5s, curr speed    0.929 kHz, avg speed    0.812 kHz), accepted      944/  600001 events ( 0.16%)
Processed   610000/  856000 entries, 71.26% (elapsed time   751.0s, curr speed    0.798 kHz, avg speed    0.812 kHz), accepted      957/  610001 events ( 0.16%)
Processed   620000/  856000 entries, 72.43% (elapsed time   765.9s, curr speed    0.670 kHz, avg speed    0.809 kHz), accepted      974/  620001 events ( 0.16%)
Processed   630000/  856000 entries, 73.60% (elapsed time   777.1s, curr speed    0.891 kHz, avg speed    0.811 kHz), accepted      988/  630001 events ( 0.16%)
Processed   640000/  856000 entries, 74.77% (elapsed time   788.0s, curr speed    0.918 kHz, avg speed    0.812 kHz), accepted     1010/  640001 events ( 0.16%)
Processed   650000/  856000 entries, 75.93% (elapsed time   800.5s, curr speed    0.804 kHz, avg speed    0.812 kHz), accepted     1024/  650001 events ( 0.16%)
Processed   660000/  856000 entries, 77.10% (elapsed time   813.8s, curr speed    0.751 kHz, avg speed    0.811 kHz), accepted     1040/  660001 events ( 0.16%)
Processed   670000/  856000 entries, 78.27% (elapsed time   825.8s, curr speed    0.830 kHz, avg speed    0.811 kHz), accepted     1057/  670001 events ( 0.16%)
Processed   680000/  856000 entries, 79.44% (elapsed time   837.4s, curr speed    0.868 kHz, avg speed    0.812 kHz), accepted     1076/  680001 events ( 0.16%)
Processed   690000/  856000 entries, 80.61% (elapsed time   850.9s, curr speed    0.738 kHz, avg speed    0.811 kHz), accepted     1095/  690001 events ( 0.16%)
Processed   700000/  856000 entries, 81.78% (elapsed time   864.1s, curr speed    0.757 kHz, avg speed    0.810 kHz), accepted     1110/  700001 events ( 0.16%)
Processed   710000/  856000 entries, 82.94% (elapsed time   874.2s, curr speed    0.991 kHz, avg speed    0.812 kHz), accepted     1116/  710001 events ( 0.16%)
Processed   720000/  856000 entries, 84.11% (elapsed time   886.3s, curr speed    0.827 kHz, avg speed    0.812 kHz), accepted     1133/  720001 events ( 0.16%)
Processed   730000/  856000 entries, 85.28% (elapsed time   899.5s, curr speed    0.760 kHz, avg speed    0.812 kHz), accepted     1149/  730001 events ( 0.16%)
Processed   740000/  856000 entries, 86.45% (elapsed time   910.1s, curr speed    0.941 kHz, avg speed    0.813 kHz), accepted     1168/  740001 events ( 0.16%)
Processed   750000/  856000 entries, 87.62% (elapsed time   920.2s, curr speed    0.993 kHz, avg speed    0.815 kHz), accepted     1178/  750001 events ( 0.16%)
Processed   760000/  856000 entries, 88.79% (elapsed time   934.8s, curr speed    0.685 kHz, avg speed    0.813 kHz), accepted     1191/  760001 events ( 0.16%)
Processed   770000/  856000 entries, 89.95% (elapsed time   945.5s, curr speed    0.933 kHz, avg speed    0.814 kHz), accepted     1209/  770001 events ( 0.16%)
Processed   780000/  856000 entries, 91.12% (elapsed time   956.7s, curr speed    0.894 kHz, avg speed    0.815 kHz), accepted     1226/  780001 events ( 0.16%)
Processed   790000/  856000 entries, 92.29% (elapsed time   967.3s, curr speed    0.944 kHz, avg speed    0.817 kHz), accepted     1236/  790001 events ( 0.16%)
Processed   800000/  856000 entries, 93.46% (elapsed time   981.4s, curr speed    0.707 kHz, avg speed    0.815 kHz), accepted     1258/  800001 events ( 0.16%)
Processed   810000/  856000 entries, 94.63% (elapsed time   991.6s, curr speed    0.976 kHz, avg speed    0.817 kHz), accepted     1274/  810001 events ( 0.16%)
Processed   820000/  856000 entries, 95.79% (elapsed time  1002.1s, curr speed    0.956 kHz, avg speed    0.818 kHz), accepted     1292/  820001 events ( 0.16%)
Processed   830000/  856000 entries, 96.96% (elapsed time  1016.0s, curr speed    0.718 kHz, avg speed    0.817 kHz), accepted     1309/  830001 events ( 0.16%)
Processed   840000/  856000 entries, 98.13% (elapsed time  1026.2s, curr speed    0.981 kHz, avg speed    0.819 kHz), accepted     1323/  840001 events ( 0.16%)
Processed   850000/  856000 entries, 99.30% (elapsed time  1036.8s, curr speed    0.948 kHz, avg speed    0.820 kHz), accepted     1343/  850001 events ( 0.16%)
Processed 856000 preselected entries from root://cms-xrd-global.cern.ch//store/mc/RunIIAutumn18NanoAODv6/TTToSemiLeptonic_TuneCP5_13TeV-powheg-pythia8/NANOAODSIM/Nano25Oct2019_102X_upgrade2018_realistic_v20_ext3-v1/260000/C4CBECB7-ED24-E643-AA0F-0F86D3D5BA6B.root (856000 entries). Finally selected 1354 entries
Pre-select 1152000 entries out of 1152000 (100.00%)
Processed    10000/ 1152000 entries,  0.87% (elapsed time    15.2s, curr speed    0.657 kHz, avg speed    0.657 kHz), accepted       20/   10001 events ( 0.20%)
Processed    20000/ 1152000 entries,  1.74% (elapsed time    24.7s, curr speed    1.050 kHz, avg speed    0.808 kHz), accepted       32/   20001 events ( 0.16%)
Processed    30000/ 1152000 entries,  2.60% (elapsed time    34.3s, curr speed    1.042 kHz, avg speed    0.874 kHz), accepted       51/   30001 events ( 0.17%)
Processed    40000/ 1152000 entries,  3.47% (elapsed time    47.1s, curr speed    0.781 kHz, avg speed    0.849 kHz), accepted       64/   40001 events ( 0.16%)
Processed    50000/ 1152000 entries,  4.34% (elapsed time    56.5s, curr speed    1.072 kHz, avg speed    0.885 kHz), accepted       80/   50001 events ( 0.16%)
Processed    60000/ 1152000 entries,  5.21% (elapsed time    67.2s, curr speed    0.933 kHz, avg speed    0.893 kHz), accepted      105/   60001 events ( 0.17%)
Processed    70000/ 1152000 entries,  6.08% (elapsed time    77.8s, curr speed    0.946 kHz, avg speed    0.900 kHz), accepted      125/   70001 events ( 0.18%)
Processed    80000/ 1152000 entries,  6.94% (elapsed time    89.7s, curr speed    0.839 kHz, avg speed    0.892 kHz), accepted      142/   80001 events ( 0.18%)
Processed    90000/ 1152000 entries,  7.81% (elapsed time   102.4s, curr speed    0.785 kHz, avg speed    0.879 kHz), accepted      158/   90001 events ( 0.18%)
Processed   100000/ 1152000 entries,  8.68% (elapsed time   112.7s, curr speed    0.974 kHz, avg speed    0.887 kHz), accepted      179/  100001 events ( 0.18%)
Processed   110000/ 1152000 entries,  9.55% (elapsed time   123.8s, curr speed    0.904 kHz, avg speed    0.889 kHz), accepted      199/  110001 events ( 0.18%)
Processed   120000/ 1152000 entries, 10.42% (elapsed time   137.5s, curr speed    0.729 kHz, avg speed    0.873 kHz), accepted      215/  120001 events ( 0.18%)
Processed   130000/ 1152000 entries, 11.28% (elapsed time   147.9s, curr speed    0.955 kHz, avg speed    0.879 kHz), accepted      234/  130001 events ( 0.18%)
Processed   140000/ 1152000 entries, 12.15% (elapsed time   158.1s, curr speed    0.980 kHz, avg speed    0.885 kHz), accepted      254/  140001 events ( 0.18%)
Processed   150000/ 1152000 entries, 13.02% (elapsed time   168.9s, curr speed    0.932 kHz, avg speed    0.888 kHz), accepted      270/  150001 events ( 0.18%)
Processed   160000/ 1152000 entries, 13.89% (elapsed time   180.9s, curr speed    0.829 kHz, avg speed    0.884 kHz), accepted      291/  160001 events ( 0.18%)
Processed   170000/ 1152000 entries, 14.76% (elapsed time   190.7s, curr speed    1.025 kHz, avg speed    0.891 kHz), accepted      312/  170001 events ( 0.18%)
Processed   180000/ 1152000 entries, 15.62% (elapsed time   201.4s, curr speed    0.934 kHz, avg speed    0.894 kHz), accepted      326/  180001 events ( 0.18%)
Processed   190000/ 1152000 entries, 16.49% (elapsed time   215.5s, curr speed    0.707 kHz, avg speed    0.881 kHz), accepted      340/  190001 events ( 0.18%)
Processed   200000/ 1152000 entries, 17.36% (elapsed time   225.2s, curr speed    1.039 kHz, avg speed    0.888 kHz), accepted      359/  200001 events ( 0.18%)
Processed   210000/ 1152000 entries, 18.23% (elapsed time   235.8s, curr speed    0.938 kHz, avg speed    0.890 kHz), accepted      381/  210001 events ( 0.18%)
Processed   220000/ 1152000 entries, 19.10% (elapsed time   246.3s, curr speed    0.959 kHz, avg speed    0.893 kHz), accepted      393/  220001 events ( 0.18%)
Processed   230000/ 1152000 entries, 19.97% (elapsed time   260.8s, curr speed    0.689 kHz, avg speed    0.882 kHz), accepted      415/  230001 events ( 0.18%)
Processed   240000/ 1152000 entries, 20.83% (elapsed time   270.5s, curr speed    1.030 kHz, avg speed    0.887 kHz), accepted      439/  240001 events ( 0.18%)
Processed   250000/ 1152000 entries, 21.70% (elapsed time   280.3s, curr speed    1.023 kHz, avg speed    0.892 kHz), accepted      453/  250001 events ( 0.18%)
Processed   260000/ 1152000 entries, 22.57% (elapsed time   293.4s, curr speed    0.761 kHz, avg speed    0.886 kHz), accepted      460/  260001 events ( 0.18%)
Processed   270000/ 1152000 entries, 23.44% (elapsed time   303.6s, curr speed    0.977 kHz, avg speed    0.889 kHz), accepted      483/  270001 events ( 0.18%)
Processed   280000/ 1152000 entries, 24.31% (elapsed time   314.8s, curr speed    0.894 kHz, avg speed    0.889 kHz), accepted      500/  280001 events ( 0.18%)
Processed   290000/ 1152000 entries, 25.17% (elapsed time   324.7s, curr speed    1.010 kHz, avg speed    0.893 kHz), accepted      514/  290001 events ( 0.18%)
Processed   300000/ 1152000 entries, 26.04% (elapsed time   336.8s, curr speed    0.830 kHz, avg speed    0.891 kHz), accepted      530/  300001 events ( 0.18%)
Processed   310000/ 1152000 entries, 26.91% (elapsed time   348.4s, curr speed    0.858 kHz, avg speed    0.890 kHz), accepted      539/  310001 events ( 0.17%)
Processed   320000/ 1152000 entries, 27.78% (elapsed time   357.7s, curr speed    1.073 kHz, avg speed    0.895 kHz), accepted      550/  320001 events ( 0.17%)
Processed   330000/ 1152000 entries, 28.65% (elapsed time   368.2s, curr speed    0.956 kHz, avg speed    0.896 kHz), accepted      571/  330001 events ( 0.17%)
Processed   340000/ 1152000 entries, 29.51% (elapsed time   379.9s, curr speed    0.856 kHz, avg speed    0.895 kHz), accepted      585/  340001 events ( 0.17%)
Processed   350000/ 1152000 entries, 30.38% (elapsed time   392.0s, curr speed    0.825 kHz, avg speed    0.893 kHz), accepted      598/  350001 events ( 0.17%)
Processed   360000/ 1152000 entries, 31.25% (elapsed time   401.8s, curr speed    1.017 kHz, avg speed    0.896 kHz), accepted      611/  360001 events ( 0.17%)
Processed   370000/ 1152000 entries, 32.12% (elapsed time   413.9s, curr speed    0.832 kHz, avg speed    0.894 kHz), accepted      637/  370001 events ( 0.17%)
Processed   380000/ 1152000 entries, 32.99% (elapsed time   426.4s, curr speed    0.796 kHz, avg speed    0.891 kHz), accepted      651/  380001 events ( 0.17%)
Processed   390000/ 1152000 entries, 33.85% (elapsed time   436.5s, curr speed    0.990 kHz, avg speed    0.893 kHz), accepted      663/  390001 events ( 0.17%)
Processed   400000/ 1152000 entries, 34.72% (elapsed time   447.4s, curr speed    0.922 kHz, avg speed    0.894 kHz), accepted      684/  400001 events ( 0.17%)
Processed   410000/ 1152000 entries, 35.59% (elapsed time   461.9s, curr speed    0.688 kHz, avg speed    0.888 kHz), accepted      703/  410001 events ( 0.17%)
Processed   420000/ 1152000 entries, 36.46% (elapsed time   472.0s, curr speed    0.986 kHz, avg speed    0.890 kHz), accepted      718/  420001 events ( 0.17%)
Processed   430000/ 1152000 entries, 37.33% (elapsed time   481.8s, curr speed    1.022 kHz, avg speed    0.892 kHz), accepted      733/  430001 events ( 0.17%)
Processed   440000/ 1152000 entries, 38.19% (elapsed time   492.2s, curr speed    0.968 kHz, avg speed    0.894 kHz), accepted      760/  440001 events ( 0.17%)
Processed   450000/ 1152000 entries, 39.06% (elapsed time   503.4s, curr speed    0.892 kHz, avg speed    0.894 kHz), accepted      767/  450001 events ( 0.17%)
Processed   460000/ 1152000 entries, 39.93% (elapsed time   515.5s, curr speed    0.827 kHz, avg speed    0.892 kHz), accepted      780/  460001 events ( 0.17%)
Processed   470000/ 1152000 entries, 40.80% (elapsed time   525.4s, curr speed    1.005 kHz, avg speed    0.895 kHz), accepted      792/  470001 events ( 0.17%)
Processed   480000/ 1152000 entries, 41.67% (elapsed time   536.9s, curr speed    0.874 kHz, avg speed    0.894 kHz), accepted      818/  480001 events ( 0.17%)
Processed   490000/ 1152000 entries, 42.53% (elapsed time   550.0s, curr speed    0.758 kHz, avg speed    0.891 kHz), accepted      838/  490001 events ( 0.17%)
Processed   500000/ 1152000 entries, 43.40% (elapsed time   560.8s, curr speed    0.931 kHz, avg speed    0.892 kHz), accepted      858/  500001 events ( 0.17%)
Processed   510000/ 1152000 entries, 44.27% (elapsed time   571.9s, curr speed    0.896 kHz, avg speed    0.892 kHz), accepted      879/  510001 events ( 0.17%)
Processed   520000/ 1152000 entries, 45.14% (elapsed time   585.9s, curr speed    0.715 kHz, avg speed    0.887 kHz), accepted      895/  520001 events ( 0.17%)
Processed   530000/ 1152000 entries, 46.01% (elapsed time   596.5s, curr speed    0.950 kHz, avg speed    0.889 kHz), accepted      911/  530001 events ( 0.17%)
Processed   540000/ 1152000 entries, 46.88% (elapsed time   607.0s, curr speed    0.952 kHz, avg speed    0.890 kHz), accepted      926/  540001 events ( 0.17%)
Processed   550000/ 1152000 entries, 47.74% (elapsed time   617.0s, curr speed    0.992 kHz, avg speed    0.891 kHz), accepted      940/  550001 events ( 0.17%)
Processed   560000/ 1152000 entries, 48.61% (elapsed time   629.0s, curr speed    0.839 kHz, avg speed    0.890 kHz), accepted      957/  560001 events ( 0.17%)
Processed   570000/ 1152000 entries, 49.48% (elapsed time   642.0s, curr speed    0.770 kHz, avg speed    0.888 kHz), accepted      972/  570001 events ( 0.17%)
Processed   580000/ 1152000 entries, 50.35% (elapsed time   652.0s, curr speed    0.997 kHz, avg speed    0.890 kHz), accepted      986/  580001 events ( 0.17%)
Processed   590000/ 1152000 entries, 51.22% (elapsed time   662.5s, curr speed    0.954 kHz, avg speed    0.891 kHz), accepted     1002/  590001 events ( 0.17%)
Processed   600000/ 1152000 entries, 52.08% (elapsed time   675.8s, curr speed    0.751 kHz, avg speed    0.888 kHz), accepted     1015/  600001 events ( 0.17%)
Processed   610000/ 1152000 entries, 52.95% (elapsed time   686.2s, curr speed    0.959 kHz, avg speed    0.889 kHz), accepted     1029/  610001 events ( 0.17%)
Processed   620000/ 1152000 entries, 53.82% (elapsed time   696.3s, curr speed    0.998 kHz, avg speed    0.890 kHz), accepted     1045/  620001 events ( 0.17%)
Processed   630000/ 1152000 entries, 54.69% (elapsed time   707.7s, curr speed    0.874 kHz, avg speed    0.890 kHz), accepted     1056/  630001 events ( 0.17%)
Processed   640000/ 1152000 entries, 55.56% (elapsed time   719.8s, curr speed    0.828 kHz, avg speed    0.889 kHz), accepted     1080/  640001 events ( 0.17%)
Processed   650000/ 1152000 entries, 56.42% (elapsed time   731.5s, curr speed    0.851 kHz, avg speed    0.889 kHz), accepted     1103/  650001 events ( 0.17%)
Processed   660000/ 1152000 entries, 57.29% (elapsed time   742.3s, curr speed    0.925 kHz, avg speed    0.889 kHz), accepted     1118/  660001 events ( 0.17%)
Processed   670000/ 1152000 entries, 58.16% (elapsed time   756.7s, curr speed    0.695 kHz, avg speed    0.885 kHz), accepted     1145/  670001 events ( 0.17%)
Processed   680000/ 1152000 entries, 59.03% (elapsed time   766.6s, curr speed    1.017 kHz, avg speed    0.887 kHz), accepted     1157/  680001 events ( 0.17%)
Processed   690000/ 1152000 entries, 59.90% (elapsed time   776.3s, curr speed    1.023 kHz, avg speed    0.889 kHz), accepted     1169/  690001 events ( 0.17%)
Processed   700000/ 1152000 entries, 60.76% (elapsed time   786.4s, curr speed    0.990 kHz, avg speed    0.890 kHz), accepted     1188/  700001 events ( 0.17%)
Processed   710000/ 1152000 entries, 61.63% (elapsed time   800.8s, curr speed    0.695 kHz, avg speed    0.887 kHz), accepted     1200/  710001 events ( 0.17%)
Processed   720000/ 1152000 entries, 62.50% (elapsed time   811.1s, curr speed    0.971 kHz, avg speed    0.888 kHz), accepted     1216/  720001 events ( 0.17%)
Processed   730000/ 1152000 entries, 63.37% (elapsed time   821.3s, curr speed    0.984 kHz, avg speed    0.889 kHz), accepted     1237/  730001 events ( 0.17%)
Processed   740000/ 1152000 entries, 64.24% (elapsed time   832.8s, curr speed    0.867 kHz, avg speed    0.889 kHz), accepted     1247/  740001 events ( 0.17%)
Processed   750000/ 1152000 entries, 65.10% (elapsed time   844.7s, curr speed    0.841 kHz, avg speed    0.888 kHz), accepted     1260/  750001 events ( 0.17%)
Processed   760000/ 1152000 entries, 65.97% (elapsed time   854.1s, curr speed    1.065 kHz, avg speed    0.890 kHz), accepted     1267/  760001 events ( 0.17%)
Processed   770000/ 1152000 entries, 66.84% (elapsed time   864.8s, curr speed    0.933 kHz, avg speed    0.890 kHz), accepted     1283/  770001 events ( 0.17%)
Processed   780000/ 1152000 entries, 67.71% (elapsed time   876.5s, curr speed    0.859 kHz, avg speed    0.890 kHz), accepted     1296/  780001 events ( 0.17%)
Processed   790000/ 1152000 entries, 68.58% (elapsed time   888.9s, curr speed    0.802 kHz, avg speed    0.889 kHz), accepted     1312/  790001 events ( 0.17%)
Processed   800000/ 1152000 entries, 69.44% (elapsed time   898.1s, curr speed    1.095 kHz, avg speed    0.891 kHz), accepted     1327/  800001 events ( 0.17%)
Processed   810000/ 1152000 entries, 70.31% (elapsed time   909.0s, curr speed    0.917 kHz, avg speed    0.891 kHz), accepted     1352/  810001 events ( 0.17%)
Processed   820000/ 1152000 entries, 71.18% (elapsed time   920.5s, curr speed    0.865 kHz, avg speed    0.891 kHz), accepted     1372/  820001 events ( 0.17%)
Processed   830000/ 1152000 entries, 72.05% (elapsed time   932.4s, curr speed    0.846 kHz, avg speed    0.890 kHz), accepted     1390/  830001 events ( 0.17%)
Processed   840000/ 1152000 entries, 72.92% (elapsed time   942.6s, curr speed    0.976 kHz, avg speed    0.891 kHz), accepted     1410/  840001 events ( 0.17%)
Processed   850000/ 1152000 entries, 73.78% (elapsed time   953.8s, curr speed    0.895 kHz, avg speed    0.891 kHz), accepted     1425/  850001 events ( 0.17%)
Processed   860000/ 1152000 entries, 74.65% (elapsed time   964.1s, curr speed    0.972 kHz, avg speed    0.892 kHz), accepted     1442/  860001 events ( 0.17%)
Processed   870000/ 1152000 entries, 75.52% (elapsed time   976.3s, curr speed    0.816 kHz, avg speed    0.891 kHz), accepted     1457/  870001 events ( 0.17%)
Processed   880000/ 1152000 entries, 76.39% (elapsed time   986.6s, curr speed    0.972 kHz, avg speed    0.892 kHz), accepted     1471/  880001 events ( 0.17%)
Processed   890000/ 1152000 entries, 77.26% (elapsed time   997.6s, curr speed    0.907 kHz, avg speed    0.892 kHz), accepted     1485/  890001 events ( 0.17%)
Processed   900000/ 1152000 entries, 78.12% (elapsed time  1009.4s, curr speed    0.851 kHz, avg speed    0.892 kHz), accepted     1499/  900001 events ( 0.17%)
Processed   910000/ 1152000 entries, 78.99% (elapsed time  1019.1s, curr speed    1.027 kHz, avg speed    0.893 kHz), accepted     1513/  910001 events ( 0.17%)
Processed   920000/ 1152000 entries, 79.86% (elapsed time  1029.6s, curr speed    0.953 kHz, avg speed    0.894 kHz), accepted     1529/  920001 events ( 0.17%)
Processed   930000/ 1152000 entries, 80.73% (elapsed time  1043.0s, curr speed    0.747 kHz, avg speed    0.892 kHz), accepted     1536/  930001 events ( 0.17%)
Processed   940000/ 1152000 entries, 81.60% (elapsed time  1054.1s, curr speed    0.903 kHz, avg speed    0.892 kHz), accepted     1552/  940001 events ( 0.17%)
Processed   950000/ 1152000 entries, 82.47% (elapsed time  1064.1s, curr speed    0.999 kHz, avg speed    0.893 kHz), accepted     1566/  950001 events ( 0.16%)
Processed   960000/ 1152000 entries, 83.33% (elapsed time  1074.6s, curr speed    0.948 kHz, avg speed    0.893 kHz), accepted     1586/  960001 events ( 0.17%)
Processed   970000/ 1152000 entries, 84.20% (elapsed time  1089.0s, curr speed    0.696 kHz, avg speed    0.891 kHz), accepted     1603/  970001 events ( 0.17%)
Processed   980000/ 1152000 entries, 85.07% (elapsed time  1099.3s, curr speed    0.976 kHz, avg speed    0.892 kHz), accepted     1624/  980001 events ( 0.17%)
Processed   990000/ 1152000 entries, 85.94% (elapsed time  1109.9s, curr speed    0.938 kHz, avg speed    0.892 kHz), accepted     1649/  990001 events ( 0.17%)
Processed  1000000/ 1152000 entries, 86.81% (elapsed time  1120.6s, curr speed    0.937 kHz, avg speed    0.892 kHz), accepted     1660/ 1000001 events ( 0.17%)
Processed  1010000/ 1152000 entries, 87.67% (elapsed time  1133.2s, curr speed    0.790 kHz, avg speed    0.891 kHz), accepted     1672/ 1010001 events ( 0.17%)
Processed  1020000/ 1152000 entries, 88.54% (elapsed time  1143.0s, curr speed    1.031 kHz, avg speed    0.892 kHz), accepted     1686/ 1020001 events ( 0.17%)
Processed  1030000/ 1152000 entries, 89.41% (elapsed time  1153.4s, curr speed    0.958 kHz, avg speed    0.893 kHz), accepted     1700/ 1030001 events ( 0.17%)
Processed  1040000/ 1152000 entries, 90.28% (elapsed time  1167.3s, curr speed    0.716 kHz, avg speed    0.891 kHz), accepted     1715/ 1040001 events ( 0.16%)
Processed  1050000/ 1152000 entries, 91.15% (elapsed time  1177.8s, curr speed    0.957 kHz, avg speed    0.891 kHz), accepted     1732/ 1050001 events ( 0.16%)
Processed  1060000/ 1152000 entries, 92.01% (elapsed time  1187.6s, curr speed    1.018 kHz, avg speed    0.893 kHz), accepted     1746/ 1060001 events ( 0.16%)
Processed  1070000/ 1152000 entries, 92.88% (elapsed time  1198.6s, curr speed    0.912 kHz, avg speed    0.893 kHz), accepted     1762/ 1070001 events ( 0.16%)
Processed  1080000/ 1152000 entries, 93.75% (elapsed time  1212.7s, curr speed    0.707 kHz, avg speed    0.891 kHz), accepted     1782/ 1080001 events ( 0.16%)
Processed  1090000/ 1152000 entries, 94.62% (elapsed time  1222.9s, curr speed    0.988 kHz, avg speed    0.891 kHz), accepted     1805/ 1090001 events ( 0.17%)
Processed  1100000/ 1152000 entries, 95.49% (elapsed time  1233.4s, curr speed    0.952 kHz, avg speed    0.892 kHz), accepted     1826/ 1100001 events ( 0.17%)
Processed  1110000/ 1152000 entries, 96.35% (elapsed time  1245.2s, curr speed    0.844 kHz, avg speed    0.891 kHz), accepted     1849/ 1110001 events ( 0.17%)
Processed  1120000/ 1152000 entries, 97.22% (elapsed time  1257.3s, curr speed    0.825 kHz, avg speed    0.891 kHz), accepted     1866/ 1120001 events ( 0.17%)
Processed  1130000/ 1152000 entries, 98.09% (elapsed time  1268.5s, curr speed    0.893 kHz, avg speed    0.891 kHz), accepted     1887/ 1130001 events ( 0.17%)
Processed  1140000/ 1152000 entries, 98.96% (elapsed time  1278.8s, curr speed    0.976 kHz, avg speed    0.891 kHz), accepted     1902/ 1140001 events ( 0.17%)
Processed  1150000/ 1152000 entries, 99.83% (elapsed time  1290.6s, curr speed    0.843 kHz, avg speed    0.891 kHz), accepted     1920/ 1150001 events ( 0.17%)
Processed 1152000 preselected entries from root://cms-xrd-global.cern.ch//store/mc/RunIIAutumn18NanoAODv6/TTToSemiLeptonic_TuneCP5_13TeV-powheg-pythia8/NANOAODSIM/Nano25Oct2019_102X_upgrade2018_realistic_v20_ext3-v1/260000/C54D0F51-1231-1945-85EC-629AFEFA9184.root (1152000 entries). Finally selected 1922 entries
Pre-select 1056000 entries out of 1056000 (100.00%)
Processed    10000/ 1056000 entries,  0.95% (elapsed time    14.6s, curr speed    0.686 kHz, avg speed    0.686 kHz), accepted       13/   10001 events ( 0.13%)
Processed    20000/ 1056000 entries,  1.89% (elapsed time    24.4s, curr speed    1.018 kHz, avg speed    0.819 kHz), accepted       27/   20001 events ( 0.13%)
Processed    30000/ 1056000 entries,  2.84% (elapsed time    33.6s, curr speed    1.083 kHz, avg speed    0.892 kHz), accepted       45/   30001 events ( 0.15%)
Processed    40000/ 1056000 entries,  3.79% (elapsed time    47.2s, curr speed    0.741 kHz, avg speed    0.848 kHz), accepted       60/   40001 events ( 0.15%)
Processed    50000/ 1056000 entries,  4.73% (elapsed time    56.4s, curr speed    1.076 kHz, avg speed    0.886 kHz), accepted       75/   50001 events ( 0.15%)
Processed    60000/ 1056000 entries,  5.68% (elapsed time    66.3s, curr speed    1.016 kHz, avg speed    0.905 kHz), accepted       86/   60001 events ( 0.14%)
Processed    70000/ 1056000 entries,  6.63% (elapsed time    76.9s, curr speed    0.943 kHz, avg speed    0.910 kHz), accepted      100/   70001 events ( 0.14%)
Processed    80000/ 1056000 entries,  7.58% (elapsed time    89.8s, curr speed    0.773 kHz, avg speed    0.891 kHz), accepted      113/   80001 events ( 0.14%)
Processed    90000/ 1056000 entries,  8.52% (elapsed time   100.4s, curr speed    0.942 kHz, avg speed    0.896 kHz), accepted      127/   90001 events ( 0.14%)
Processed   100000/ 1056000 entries,  9.47% (elapsed time   110.0s, curr speed    1.048 kHz, avg speed    0.909 kHz), accepted      142/  100001 events ( 0.14%)
Processed   110000/ 1056000 entries, 10.42% (elapsed time   122.2s, curr speed    0.817 kHz, avg speed    0.900 kHz), accepted      162/  110001 events ( 0.15%)
Processed   120000/ 1056000 entries, 11.36% (elapsed time   134.3s, curr speed    0.831 kHz, avg speed    0.894 kHz), accepted      186/  120001 events ( 0.15%)
Processed   130000/ 1056000 entries, 12.31% (elapsed time   144.9s, curr speed    0.937 kHz, avg speed    0.897 kHz), accepted      204/  130001 events ( 0.16%)
Processed   140000/ 1056000 entries, 13.26% (elapsed time   155.1s, curr speed    0.982 kHz, avg speed    0.903 kHz), accepted      222/  140001 events ( 0.16%)
Processed   150000/ 1056000 entries, 14.20% (elapsed time   168.7s, curr speed    0.738 kHz, avg speed    0.889 kHz), accepted      236/  150001 events ( 0.16%)
Processed   160000/ 1056000 entries, 15.15% (elapsed time   178.4s, curr speed    1.023 kHz, avg speed    0.897 kHz), accepted      252/  160001 events ( 0.16%)
Processed   170000/ 1056000 entries, 16.10% (elapsed time   188.3s, curr speed    1.015 kHz, avg speed    0.903 kHz), accepted      270/  170001 events ( 0.16%)
Processed   180000/ 1056000 entries, 17.05% (elapsed time   199.8s, curr speed    0.869 kHz, avg speed    0.901 kHz), accepted      286/  180001 events ( 0.16%)
Processed   190000/ 1056000 entries, 17.99% (elapsed time   212.4s, curr speed    0.794 kHz, avg speed    0.895 kHz), accepted      304/  190001 events ( 0.16%)
Processed   200000/ 1056000 entries, 18.94% (elapsed time   222.3s, curr speed    1.011 kHz, avg speed    0.900 kHz), accepted      318/  200001 events ( 0.16%)
Processed   210000/ 1056000 entries, 19.89% (elapsed time   232.0s, curr speed    1.030 kHz, avg speed    0.905 kHz), accepted      330/  210001 events ( 0.16%)
Processed   220000/ 1056000 entries, 20.83% (elapsed time   246.1s, curr speed    0.710 kHz, avg speed    0.894 kHz), accepted      351/  220001 events ( 0.16%)
Processed   230000/ 1056000 entries, 21.78% (elapsed time   256.2s, curr speed    0.988 kHz, avg speed    0.898 kHz), accepted      374/  230001 events ( 0.16%)
Processed   240000/ 1056000 entries, 22.73% (elapsed time   265.5s, curr speed    1.069 kHz, avg speed    0.904 kHz), accepted      383/  240001 events ( 0.16%)
Processed   250000/ 1056000 entries, 23.67% (elapsed time   275.7s, curr speed    0.988 kHz, avg speed    0.907 kHz), accepted      397/  250001 events ( 0.16%)
Processed   260000/ 1056000 entries, 24.62% (elapsed time   288.3s, curr speed    0.793 kHz, avg speed    0.902 kHz), accepted      409/  260001 events ( 0.16%)
Processed   270000/ 1056000 entries, 25.57% (elapsed time   298.6s, curr speed    0.966 kHz, avg speed    0.904 kHz), accepted      425/  270001 events ( 0.16%)
Processed   280000/ 1056000 entries, 26.52% (elapsed time   308.3s, curr speed    1.028 kHz, avg speed    0.908 kHz), accepted      447/  280001 events ( 0.16%)
Processed   290000/ 1056000 entries, 27.46% (elapsed time   322.2s, curr speed    0.722 kHz, avg speed    0.900 kHz), accepted      468/  290001 events ( 0.16%)
Processed   300000/ 1056000 entries, 28.41% (elapsed time   331.9s, curr speed    1.034 kHz, avg speed    0.904 kHz), accepted      487/  300001 events ( 0.16%)
Processed   310000/ 1056000 entries, 29.36% (elapsed time   342.1s, curr speed    0.980 kHz, avg speed    0.906 kHz), accepted      502/  310001 events ( 0.16%)
Processed   320000/ 1056000 entries, 30.30% (elapsed time   352.1s, curr speed    0.994 kHz, avg speed    0.909 kHz), accepted      516/  320001 events ( 0.16%)
Processed   330000/ 1056000 entries, 31.25% (elapsed time   364.1s, curr speed    0.836 kHz, avg speed    0.906 kHz), accepted      532/  330001 events ( 0.16%)
Processed   340000/ 1056000 entries, 32.20% (elapsed time   374.0s, curr speed    1.008 kHz, avg speed    0.909 kHz), accepted      545/  340001 events ( 0.16%)
Processed   350000/ 1056000 entries, 33.14% (elapsed time   384.2s, curr speed    0.983 kHz, avg speed    0.911 kHz), accepted      559/  350001 events ( 0.16%)
Processed   360000/ 1056000 entries, 34.09% (elapsed time   395.6s, curr speed    0.874 kHz, avg speed    0.910 kHz), accepted      576/  360001 events ( 0.16%)
Processed   370000/ 1056000 entries, 35.04% (elapsed time   407.4s, curr speed    0.850 kHz, avg speed    0.908 kHz), accepted      589/  370001 events ( 0.16%)
Processed   380000/ 1056000 entries, 35.98% (elapsed time   417.9s, curr speed    0.952 kHz, avg speed    0.909 kHz), accepted      608/  380001 events ( 0.16%)
Processed   390000/ 1056000 entries, 36.93% (elapsed time   428.2s, curr speed    0.973 kHz, avg speed    0.911 kHz), accepted      623/  390001 events ( 0.16%)
Processed   400000/ 1056000 entries, 37.88% (elapsed time   440.1s, curr speed    0.839 kHz, avg speed    0.909 kHz), accepted      636/  400001 events ( 0.16%)
Processed   410000/ 1056000 entries, 38.83% (elapsed time   453.1s, curr speed    0.767 kHz, avg speed    0.905 kHz), accepted      655/  410001 events ( 0.16%)
Processed   420000/ 1056000 entries, 39.77% (elapsed time   463.3s, curr speed    0.984 kHz, avg speed    0.907 kHz), accepted      667/  420001 events ( 0.16%)
Processed   430000/ 1056000 entries, 40.72% (elapsed time   474.9s, curr speed    0.860 kHz, avg speed    0.905 kHz), accepted      685/  430001 events ( 0.16%)
Processed   440000/ 1056000 entries, 41.67% (elapsed time   487.7s, curr speed    0.780 kHz, avg speed    0.902 kHz), accepted      699/  440001 events ( 0.16%)
Processed   450000/ 1056000 entries, 42.61% (elapsed time   498.9s, curr speed    0.895 kHz, avg speed    0.902 kHz), accepted      718/  450001 events ( 0.16%)
Processed   460000/ 1056000 entries, 43.56% (elapsed time   509.4s, curr speed    0.952 kHz, avg speed    0.903 kHz), accepted      738/  460001 events ( 0.16%)
Processed   470000/ 1056000 entries, 44.51% (elapsed time   524.2s, curr speed    0.676 kHz, avg speed    0.897 kHz), accepted      751/  470001 events ( 0.16%)
Processed   480000/ 1056000 entries, 45.45% (elapsed time   535.4s, curr speed    0.896 kHz, avg speed    0.897 kHz), accepted      768/  480001 events ( 0.16%)
Processed   490000/ 1056000 entries, 46.40% (elapsed time   546.1s, curr speed    0.927 kHz, avg speed    0.897 kHz), accepted      786/  490001 events ( 0.16%)
Processed   500000/ 1056000 entries, 47.35% (elapsed time   557.2s, curr speed    0.906 kHz, avg speed    0.897 kHz), accepted      808/  500001 events ( 0.16%)
Processed   510000/ 1056000 entries, 48.30% (elapsed time   569.9s, curr speed    0.787 kHz, avg speed    0.895 kHz), accepted      820/  510001 events ( 0.16%)
Processed   520000/ 1056000 entries, 49.24% (elapsed time   580.6s, curr speed    0.936 kHz, avg speed    0.896 kHz), accepted      835/  520001 events ( 0.16%)
Processed   530000/ 1056000 entries, 50.19% (elapsed time   591.2s, curr speed    0.942 kHz, avg speed    0.896 kHz), accepted      850/  530001 events ( 0.16%)
Processed   540000/ 1056000 entries, 51.14% (elapsed time   605.8s, curr speed    0.685 kHz, avg speed    0.891 kHz), accepted      867/  540001 events ( 0.16%)
Processed   550000/ 1056000 entries, 52.08% (elapsed time   615.6s, curr speed    1.023 kHz, avg speed    0.893 kHz), accepted      881/  550001 events ( 0.16%)
Processed   560000/ 1056000 entries, 53.03% (elapsed time   625.3s, curr speed    1.024 kHz, avg speed    0.896 kHz), accepted      893/  560001 events ( 0.16%)
Processed   570000/ 1056000 entries, 53.98% (elapsed time   635.5s, curr speed    0.984 kHz, avg speed    0.897 kHz), accepted      910/  570001 events ( 0.16%)
Processed   580000/ 1056000 entries, 54.92% (elapsed time   649.1s, curr speed    0.733 kHz, avg speed    0.893 kHz), accepted      925/  580001 events ( 0.16%)
Processed   590000/ 1056000 entries, 55.87% (elapsed time   659.6s, curr speed    0.955 kHz, avg speed    0.894 kHz), accepted      939/  590001 events ( 0.16%)
Processed   600000/ 1056000 entries, 56.82% (elapsed time   669.8s, curr speed    0.987 kHz, avg speed    0.896 kHz), accepted      951/  600001 events ( 0.16%)
Processed   610000/ 1056000 entries, 57.77% (elapsed time   683.8s, curr speed    0.713 kHz, avg speed    0.892 kHz), accepted      965/  610001 events ( 0.16%)
Processed   620000/ 1056000 entries, 58.71% (elapsed time   693.7s, curr speed    1.007 kHz, avg speed    0.894 kHz), accepted      982/  620001 events ( 0.16%)
Processed   630000/ 1056000 entries, 59.66% (elapsed time   704.3s, curr speed    0.941 kHz, avg speed    0.894 kHz), accepted      995/  630001 events ( 0.16%)
Processed   640000/ 1056000 entries, 60.61% (elapsed time   715.1s, curr speed    0.931 kHz, avg speed    0.895 kHz), accepted     1009/  640001 events ( 0.16%)
Processed   650000/ 1056000 entries, 61.55% (elapsed time   730.3s, curr speed    0.658 kHz, avg speed    0.890 kHz), accepted     1024/  650001 events ( 0.16%)
Processed   660000/ 1056000 entries, 62.50% (elapsed time   741.3s, curr speed    0.910 kHz, avg speed    0.890 kHz), accepted     1041/  660001 events ( 0.16%)
Processed   670000/ 1056000 entries, 63.45% (elapsed time   751.4s, curr speed    0.984 kHz, avg speed    0.892 kHz), accepted     1050/  670001 events ( 0.16%)
Processed   680000/ 1056000 entries, 64.39% (elapsed time   763.3s, curr speed    0.845 kHz, avg speed    0.891 kHz), accepted     1072/  680001 events ( 0.16%)
Processed   690000/ 1056000 entries, 65.34% (elapsed time   776.4s, curr speed    0.760 kHz, avg speed    0.889 kHz), accepted     1092/  690001 events ( 0.16%)
Processed   700000/ 1056000 entries, 66.29% (elapsed time   786.7s, curr speed    0.972 kHz, avg speed    0.890 kHz), accepted     1108/  700001 events ( 0.16%)
Processed   710000/ 1056000 entries, 67.23% (elapsed time   797.0s, curr speed    0.973 kHz, avg speed    0.891 kHz), accepted     1129/  710001 events ( 0.16%)
Processed   720000/ 1056000 entries, 68.18% (elapsed time   809.9s, curr speed    0.772 kHz, avg speed    0.889 kHz), accepted     1142/  720001 events ( 0.16%)
Processed   730000/ 1056000 entries, 69.13% (elapsed time   822.3s, curr speed    0.808 kHz, avg speed    0.888 kHz), accepted     1161/  730001 events ( 0.16%)
Processed   740000/ 1056000 entries, 70.08% (elapsed time   832.9s, curr speed    0.941 kHz, avg speed    0.888 kHz), accepted     1176/  740001 events ( 0.16%)
Processed   750000/ 1056000 entries, 71.02% (elapsed time   844.8s, curr speed    0.846 kHz, avg speed    0.888 kHz), accepted     1196/  750001 events ( 0.16%)
Processed   760000/ 1056000 entries, 71.97% (elapsed time   858.9s, curr speed    0.708 kHz, avg speed    0.885 kHz), accepted     1218/  760001 events ( 0.16%)
Processed   770000/ 1056000 entries, 72.92% (elapsed time   870.1s, curr speed    0.890 kHz, avg speed    0.885 kHz), accepted     1238/  770001 events ( 0.16%)
Processed   780000/ 1056000 entries, 73.86% (elapsed time   881.6s, curr speed    0.871 kHz, avg speed    0.885 kHz), accepted     1248/  780001 events ( 0.16%)
Processed   790000/ 1056000 entries, 74.81% (elapsed time   895.1s, curr speed    0.743 kHz, avg speed    0.883 kHz), accepted     1263/  790001 events ( 0.16%)
Processed   800000/ 1056000 entries, 75.76% (elapsed time   909.3s, curr speed    0.701 kHz, avg speed    0.880 kHz), accepted     1282/  800001 events ( 0.16%)
Processed   810000/ 1056000 entries, 76.70% (elapsed time   919.7s, curr speed    0.968 kHz, avg speed    0.881 kHz), accepted     1300/  810001 events ( 0.16%)
Processed   820000/ 1056000 entries, 77.65% (elapsed time   930.2s, curr speed    0.947 kHz, avg speed    0.882 kHz), accepted     1313/  820001 events ( 0.16%)
Processed   830000/ 1056000 entries, 78.60% (elapsed time   944.2s, curr speed    0.716 kHz, avg speed    0.879 kHz), accepted     1327/  830001 events ( 0.16%)
Processed   840000/ 1056000 entries, 79.55% (elapsed time   954.6s, curr speed    0.963 kHz, avg speed    0.880 kHz), accepted     1348/  840001 events ( 0.16%)
Processed   850000/ 1056000 entries, 80.49% (elapsed time   965.3s, curr speed    0.927 kHz, avg speed    0.881 kHz), accepted     1360/  850001 events ( 0.16%)
Processed   860000/ 1056000 entries, 81.44% (elapsed time   977.9s, curr speed    0.794 kHz, avg speed    0.879 kHz), accepted     1382/  860001 events ( 0.16%)
Processed   870000/ 1056000 entries, 82.39% (elapsed time   990.6s, curr speed    0.791 kHz, avg speed    0.878 kHz), accepted     1401/  870001 events ( 0.16%)
Processed   880000/ 1056000 entries, 83.33% (elapsed time  1001.4s, curr speed    0.923 kHz, avg speed    0.879 kHz), accepted     1424/  880001 events ( 0.16%)
Processed   890000/ 1056000 entries, 84.28% (elapsed time  1012.2s, curr speed    0.932 kHz, avg speed    0.879 kHz), accepted     1443/  890001 events ( 0.16%)
Processed   900000/ 1056000 entries, 85.23% (elapsed time  1026.3s, curr speed    0.708 kHz, avg speed    0.877 kHz), accepted     1457/  900001 events ( 0.16%)
Processed   910000/ 1056000 entries, 86.17% (elapsed time  1037.0s, curr speed    0.933 kHz, avg speed    0.878 kHz), accepted     1470/  910001 events ( 0.16%)
Processed   920000/ 1056000 entries, 87.12% (elapsed time  1047.5s, curr speed    0.953 kHz, avg speed    0.878 kHz), accepted     1490/  920001 events ( 0.16%)
Processed   930000/ 1056000 entries, 88.07% (elapsed time  1059.5s, curr speed    0.832 kHz, avg speed    0.878 kHz), accepted     1503/  930001 events ( 0.16%)
Processed   940000/ 1056000 entries, 89.02% (elapsed time  1073.0s, curr speed    0.740 kHz, avg speed    0.876 kHz), accepted     1518/  940001 events ( 0.16%)
Processed   950000/ 1056000 entries, 89.96% (elapsed time  1083.8s, curr speed    0.930 kHz, avg speed    0.877 kHz), accepted     1528/  950001 events ( 0.16%)
Processed   960000/ 1056000 entries, 90.91% (elapsed time  1094.8s, curr speed    0.908 kHz, avg speed    0.877 kHz), accepted     1545/  960001 events ( 0.16%)
Processed   970000/ 1056000 entries, 91.86% (elapsed time  1109.3s, curr speed    0.689 kHz, avg speed    0.874 kHz), accepted     1558/  970001 events ( 0.16%)
Processed   980000/ 1056000 entries, 92.80% (elapsed time  1120.2s, curr speed    0.919 kHz, avg speed    0.875 kHz), accepted     1576/  980001 events ( 0.16%)
Processed   990000/ 1056000 entries, 93.75% (elapsed time  1130.9s, curr speed    0.932 kHz, avg speed    0.875 kHz), accepted     1596/  990001 events ( 0.16%)
Processed  1000000/ 1056000 entries, 94.70% (elapsed time  1141.5s, curr speed    0.947 kHz, avg speed    0.876 kHz), accepted     1610/ 1000001 events ( 0.16%)
Processed  1010000/ 1056000 entries, 95.64% (elapsed time  1156.2s, curr speed    0.680 kHz, avg speed    0.874 kHz), accepted     1628/ 1010001 events ( 0.16%)
Processed  1020000/ 1056000 entries, 96.59% (elapsed time  1166.6s, curr speed    0.956 kHz, avg speed    0.874 kHz), accepted     1644/ 1020001 events ( 0.16%)
Processed  1030000/ 1056000 entries, 97.54% (elapsed time  1177.1s, curr speed    0.958 kHz, avg speed    0.875 kHz), accepted     1668/ 1030001 events ( 0.16%)
Processed  1040000/ 1056000 entries, 98.48% (elapsed time  1189.9s, curr speed    0.779 kHz, avg speed    0.874 kHz), accepted     1683/ 1040001 events ( 0.16%)
Processed  1050000/ 1056000 entries, 99.43% (elapsed time  1203.7s, curr speed    0.727 kHz, avg speed    0.872 kHz), accepted     1701/ 1050001 events ( 0.16%)
Processed 1056000 preselected entries from root://cms-xrd-global.cern.ch//store/mc/RunIIAutumn18NanoAODv6/TTToSemiLeptonic_TuneCP5_13TeV-powheg-pythia8/NANOAODSIM/Nano25Oct2019_102X_upgrade2018_realistic_v20_ext3-v1/260000/C65C939B-D43E-B246-B4E4-D6EF5669B6FB.root (1056000 entries). Finally selected 1710 entries
Pre-select 1248000 entries out of 1248000 (100.00%)
Processed    10000/ 1248000 entries,  0.80% (elapsed time    19.1s, curr speed    0.525 kHz, avg speed    0.525 kHz), accepted       23/   10001 events ( 0.23%)
Processed    20000/ 1248000 entries,  1.60% (elapsed time    30.0s, curr speed    0.915 kHz, avg speed    0.667 kHz), accepted       43/   20001 events ( 0.21%)
Processed    30000/ 1248000 entries,  2.40% (elapsed time    40.9s, curr speed    0.916 kHz, avg speed    0.733 kHz), accepted       61/   30001 events ( 0.20%)
Processed    40000/ 1248000 entries,  3.21% (elapsed time    53.3s, curr speed    0.808 kHz, avg speed    0.751 kHz), accepted       76/   40001 events ( 0.19%)
Processed    50000/ 1248000 entries,  4.01% (elapsed time    65.7s, curr speed    0.805 kHz, avg speed    0.761 kHz), accepted       87/   50001 events ( 0.17%)
Processed    60000/ 1248000 entries,  4.81% (elapsed time    75.7s, curr speed    1.003 kHz, avg speed    0.793 kHz), accepted       98/   60001 events ( 0.16%)
Processed    70000/ 1248000 entries,  5.61% (elapsed time    86.3s, curr speed    0.938 kHz, avg speed    0.811 kHz), accepted      116/   70001 events ( 0.17%)
Processed    80000/ 1248000 entries,  6.41% (elapsed time    98.0s, curr speed    0.860 kHz, avg speed    0.817 kHz), accepted      133/   80001 events ( 0.17%)
Processed    90000/ 1248000 entries,  7.21% (elapsed time   110.9s, curr speed    0.771 kHz, avg speed    0.811 kHz), accepted      151/   90001 events ( 0.17%)
Processed   100000/ 1248000 entries,  8.01% (elapsed time   121.7s, curr speed    0.933 kHz, avg speed    0.822 kHz), accepted      162/  100001 events ( 0.16%)
Processed   110000/ 1248000 entries,  8.81% (elapsed time   134.1s, curr speed    0.803 kHz, avg speed    0.820 kHz), accepted      173/  110001 events ( 0.16%)
Processed   120000/ 1248000 entries,  9.62% (elapsed time   146.9s, curr speed    0.781 kHz, avg speed    0.817 kHz), accepted      192/  120001 events ( 0.16%)
Processed   130000/ 1248000 entries, 10.42% (elapsed time   157.6s, curr speed    0.933 kHz, avg speed    0.825 kHz), accepted      205/  130001 events ( 0.16%)
Processed   140000/ 1248000 entries, 11.22% (elapsed time   169.4s, curr speed    0.847 kHz, avg speed    0.826 kHz), accepted      222/  140001 events ( 0.16%)
Processed   150000/ 1248000 entries, 12.02% (elapsed time   183.5s, curr speed    0.710 kHz, avg speed    0.817 kHz), accepted      239/  150001 events ( 0.16%)
Processed   160000/ 1248000 entries, 12.82% (elapsed time   193.7s, curr speed    0.986 kHz, avg speed    0.826 kHz), accepted      249/  160001 events ( 0.16%)
Processed   170000/ 1248000 entries, 13.62% (elapsed time   204.2s, curr speed    0.947 kHz, avg speed    0.832 kHz), accepted      262/  170001 events ( 0.15%)
Processed   180000/ 1248000 entries, 14.42% (elapsed time   219.0s, curr speed    0.676 kHz, avg speed    0.822 kHz), accepted      276/  180001 events ( 0.15%)
Processed   190000/ 1248000 entries, 15.22% (elapsed time   230.0s, curr speed    0.910 kHz, avg speed    0.826 kHz), accepted      286/  190001 events ( 0.15%)
Processed   200000/ 1248000 entries, 16.03% (elapsed time   240.8s, curr speed    0.924 kHz, avg speed    0.830 kHz), accepted      304/  200001 events ( 0.15%)
Processed   210000/ 1248000 entries, 16.83% (elapsed time   252.1s, curr speed    0.885 kHz, avg speed    0.833 kHz), accepted      320/  210001 events ( 0.15%)
Processed   220000/ 1248000 entries, 17.63% (elapsed time   266.1s, curr speed    0.717 kHz, avg speed    0.827 kHz), accepted      342/  220001 events ( 0.16%)
Processed   230000/ 1248000 entries, 18.43% (elapsed time   276.7s, curr speed    0.943 kHz, avg speed    0.831 kHz), accepted      355/  230001 events ( 0.15%)
Processed   240000/ 1248000 entries, 19.23% (elapsed time   287.7s, curr speed    0.908 kHz, avg speed    0.834 kHz), accepted      369/  240001 events ( 0.15%)
Processed   250000/ 1248000 entries, 20.03% (elapsed time   300.2s, curr speed    0.803 kHz, avg speed    0.833 kHz), accepted      384/  250001 events ( 0.15%)
Processed   260000/ 1248000 entries, 20.83% (elapsed time   313.8s, curr speed    0.734 kHz, avg speed    0.829 kHz), accepted      405/  260001 events ( 0.16%)
Processed   270000/ 1248000 entries, 21.63% (elapsed time   324.8s, curr speed    0.913 kHz, avg speed    0.831 kHz), accepted      419/  270001 events ( 0.16%)
Processed   280000/ 1248000 entries, 22.44% (elapsed time   333.3s, curr speed    1.164 kHz, avg speed    0.840 kHz), accepted      428/  280001 events ( 0.15%)
Processed   290000/ 1248000 entries, 23.24% (elapsed time   347.3s, curr speed    0.718 kHz, avg speed    0.835 kHz), accepted      441/  290001 events ( 0.15%)
Processed   300000/ 1248000 entries, 24.04% (elapsed time   357.1s, curr speed    1.012 kHz, avg speed    0.840 kHz), accepted      452/  300001 events ( 0.15%)
Processed   310000/ 1248000 entries, 24.84% (elapsed time   367.9s, curr speed    0.927 kHz, avg speed    0.843 kHz), accepted      464/  310001 events ( 0.15%)
Processed   320000/ 1248000 entries, 25.64% (elapsed time   379.5s, curr speed    0.868 kHz, avg speed    0.843 kHz), accepted      478/  320001 events ( 0.15%)
Processed   330000/ 1248000 entries, 26.44% (elapsed time   392.1s, curr speed    0.792 kHz, avg speed    0.842 kHz), accepted      496/  330001 events ( 0.15%)
Processed   340000/ 1248000 entries, 27.24% (elapsed time   403.3s, curr speed    0.891 kHz, avg speed    0.843 kHz), accepted      514/  340001 events ( 0.15%)
Processed   350000/ 1248000 entries, 28.04% (elapsed time   415.3s, curr speed    0.835 kHz, avg speed    0.843 kHz), accepted      526/  350001 events ( 0.15%)
Processed   360000/ 1248000 entries, 28.85% (elapsed time   430.0s, curr speed    0.680 kHz, avg speed    0.837 kHz), accepted      538/  360001 events ( 0.15%)
Processed   370000/ 1248000 entries, 29.65% (elapsed time   440.7s, curr speed    0.934 kHz, avg speed    0.840 kHz), accepted      556/  370001 events ( 0.15%)
Processed   380000/ 1248000 entries, 30.45% (elapsed time   451.6s, curr speed    0.917 kHz, avg speed    0.841 kHz), accepted      573/  380001 events ( 0.15%)
Processed   390000/ 1248000 entries, 31.25% (elapsed time   464.6s, curr speed    0.771 kHz, avg speed    0.840 kHz), accepted      590/  390001 events ( 0.15%)
Processed   400000/ 1248000 entries, 32.05% (elapsed time   477.5s, curr speed    0.771 kHz, avg speed    0.838 kHz), accepted      612/  400001 events ( 0.15%)
Processed   410000/ 1248000 entries, 32.85% (elapsed time   488.0s, curr speed    0.950 kHz, avg speed    0.840 kHz), accepted      625/  410001 events ( 0.15%)
Processed   420000/ 1248000 entries, 33.65% (elapsed time   499.2s, curr speed    0.895 kHz, avg speed    0.841 kHz), accepted      632/  420001 events ( 0.15%)
Processed   430000/ 1248000 entries, 34.46% (elapsed time   513.9s, curr speed    0.680 kHz, avg speed    0.837 kHz), accepted      651/  430001 events ( 0.15%)
Processed   440000/ 1248000 entries, 35.26% (elapsed time   523.0s, curr speed    1.107 kHz, avg speed    0.841 kHz), accepted      660/  440001 events ( 0.15%)
Processed   450000/ 1248000 entries, 36.06% (elapsed time   534.2s, curr speed    0.891 kHz, avg speed    0.842 kHz), accepted      677/  450001 events ( 0.15%)
Processed   460000/ 1248000 entries, 36.86% (elapsed time   548.5s, curr speed    0.700 kHz, avg speed    0.839 kHz), accepted      697/  460001 events ( 0.15%)
Processed   470000/ 1248000 entries, 37.66% (elapsed time   561.9s, curr speed    0.744 kHz, avg speed    0.836 kHz), accepted      712/  470001 events ( 0.15%)
Processed   480000/ 1248000 entries, 38.46% (elapsed time   572.7s, curr speed    0.927 kHz, avg speed    0.838 kHz), accepted      722/  480001 events ( 0.15%)
Processed   490000/ 1248000 entries, 39.26% (elapsed time   585.5s, curr speed    0.781 kHz, avg speed    0.837 kHz), accepted      734/  490001 events ( 0.15%)
Processed   500000/ 1248000 entries, 40.06% (elapsed time   599.9s, curr speed    0.692 kHz, avg speed    0.833 kHz), accepted      750/  500001 events ( 0.15%)
Processed   510000/ 1248000 entries, 40.87% (elapsed time   611.1s, curr speed    0.898 kHz, avg speed    0.835 kHz), accepted      771/  510001 events ( 0.15%)
Processed   520000/ 1248000 entries, 41.67% (elapsed time   621.9s, curr speed    0.920 kHz, avg speed    0.836 kHz), accepted      784/  520001 events ( 0.15%)
Processed   530000/ 1248000 entries, 42.47% (elapsed time   635.9s, curr speed    0.714 kHz, avg speed    0.833 kHz), accepted      793/  530001 events ( 0.15%)
Processed   540000/ 1248000 entries, 43.27% (elapsed time   647.3s, curr speed    0.883 kHz, avg speed    0.834 kHz), accepted      809/  540001 events ( 0.15%)
Processed   550000/ 1248000 entries, 44.07% (elapsed time   658.6s, curr speed    0.884 kHz, avg speed    0.835 kHz), accepted      823/  550001 events ( 0.15%)
Processed   560000/ 1248000 entries, 44.87% (elapsed time   670.5s, curr speed    0.842 kHz, avg speed    0.835 kHz), accepted      839/  560001 events ( 0.15%)
Processed   570000/ 1248000 entries, 45.67% (elapsed time   684.8s, curr speed    0.699 kHz, avg speed    0.832 kHz), accepted      859/  570001 events ( 0.15%)
Processed   580000/ 1248000 entries, 46.47% (elapsed time   694.9s, curr speed    0.991 kHz, avg speed    0.835 kHz), accepted      871/  580001 events ( 0.15%)
Processed   590000/ 1248000 entries, 47.28% (elapsed time   705.0s, curr speed    0.981 kHz, avg speed    0.837 kHz), accepted      888/  590001 events ( 0.15%)
Processed   600000/ 1248000 entries, 48.08% (elapsed time   719.9s, curr speed    0.672 kHz, avg speed    0.833 kHz), accepted      906/  600001 events ( 0.15%)
Processed   610000/ 1248000 entries, 48.88% (elapsed time   729.7s, curr speed    1.021 kHz, avg speed    0.836 kHz), accepted      911/  610001 events ( 0.15%)
Processed   620000/ 1248000 entries, 49.68% (elapsed time   740.2s, curr speed    0.950 kHz, avg speed    0.838 kHz), accepted      925/  620001 events ( 0.15%)
Processed   630000/ 1248000 entries, 50.48% (elapsed time   751.2s, curr speed    0.913 kHz, avg speed    0.839 kHz), accepted      938/  630001 events ( 0.15%)
Processed   640000/ 1248000 entries, 51.28% (elapsed time   765.2s, curr speed    0.714 kHz, avg speed    0.836 kHz), accepted      953/  640001 events ( 0.15%)
Processed   650000/ 1248000 entries, 52.08% (elapsed time   776.3s, curr speed    0.904 kHz, avg speed    0.837 kHz), accepted      978/  650001 events ( 0.15%)
Processed   660000/ 1248000 entries, 52.88% (elapsed time   786.8s, curr speed    0.949 kHz, avg speed    0.839 kHz), accepted      995/  660001 events ( 0.15%)
Processed   670000/ 1248000 entries, 53.69% (elapsed time   799.1s, curr speed    0.812 kHz, avg speed    0.838 kHz), accepted     1008/  670001 events ( 0.15%)
Processed   680000/ 1248000 entries, 54.49% (elapsed time   811.7s, curr speed    0.792 kHz, avg speed    0.838 kHz), accepted     1027/  680001 events ( 0.15%)
Processed   690000/ 1248000 entries, 55.29% (elapsed time   823.1s, curr speed    0.876 kHz, avg speed    0.838 kHz), accepted     1043/  690001 events ( 0.15%)
Processed   700000/ 1248000 entries, 56.09% (elapsed time   835.2s, curr speed    0.830 kHz, avg speed    0.838 kHz), accepted     1056/  700001 events ( 0.15%)
Processed   710000/ 1248000 entries, 56.89% (elapsed time   848.8s, curr speed    0.733 kHz, avg speed    0.836 kHz), accepted     1076/  710001 events ( 0.15%)
Processed   720000/ 1248000 entries, 57.69% (elapsed time   859.5s, curr speed    0.941 kHz, avg speed    0.838 kHz), accepted     1089/  720001 events ( 0.15%)
Processed   730000/ 1248000 entries, 58.49% (elapsed time   870.5s, curr speed    0.907 kHz, avg speed    0.839 kHz), accepted     1110/  730001 events ( 0.15%)
Processed   740000/ 1248000 entries, 59.29% (elapsed time   882.1s, curr speed    0.859 kHz, avg speed    0.839 kHz), accepted     1127/  740001 events ( 0.15%)
Processed   750000/ 1248000 entries, 60.10% (elapsed time   891.8s, curr speed    1.029 kHz, avg speed    0.841 kHz), accepted     1132/  750001 events ( 0.15%)
Processed   760000/ 1248000 entries, 60.90% (elapsed time   905.0s, curr speed    0.760 kHz, avg speed    0.840 kHz), accepted     1148/  760001 events ( 0.15%)
Processed   770000/ 1248000 entries, 61.70% (elapsed time   916.5s, curr speed    0.870 kHz, avg speed    0.840 kHz), accepted     1158/  770001 events ( 0.15%)
Processed   780000/ 1248000 entries, 62.50% (elapsed time   929.7s, curr speed    0.759 kHz, avg speed    0.839 kHz), accepted     1169/  780001 events ( 0.15%)
Processed   790000/ 1248000 entries, 63.30% (elapsed time   940.7s, curr speed    0.908 kHz, avg speed    0.840 kHz), accepted     1185/  790001 events ( 0.15%)
Processed   800000/ 1248000 entries, 64.10% (elapsed time   951.5s, curr speed    0.921 kHz, avg speed    0.841 kHz), accepted     1199/  800001 events ( 0.15%)
Processed   810000/ 1248000 entries, 64.90% (elapsed time   964.2s, curr speed    0.792 kHz, avg speed    0.840 kHz), accepted     1217/  810001 events ( 0.15%)
Processed   820000/ 1248000 entries, 65.71% (elapsed time   978.3s, curr speed    0.707 kHz, avg speed    0.838 kHz), accepted     1234/  820001 events ( 0.15%)
Processed   830000/ 1248000 entries, 66.51% (elapsed time   989.2s, curr speed    0.915 kHz, avg speed    0.839 kHz), accepted     1250/  830001 events ( 0.15%)
Processed   840000/ 1248000 entries, 67.31% (elapsed time  1001.6s, curr speed    0.808 kHz, avg speed    0.839 kHz), accepted     1270/  840001 events ( 0.15%)
Processed   850000/ 1248000 entries, 68.11% (elapsed time  1015.6s, curr speed    0.715 kHz, avg speed    0.837 kHz), accepted     1288/  850001 events ( 0.15%)
Processed   860000/ 1248000 entries, 68.91% (elapsed time  1026.3s, curr speed    0.937 kHz, avg speed    0.838 kHz), accepted     1309/  860001 events ( 0.15%)
Processed   870000/ 1248000 entries, 69.71% (elapsed time  1037.5s, curr speed    0.893 kHz, avg speed    0.839 kHz), accepted     1330/  870001 events ( 0.15%)
Processed   880000/ 1248000 entries, 70.51% (elapsed time  1050.7s, curr speed    0.758 kHz, avg speed    0.838 kHz), accepted     1352/  880001 events ( 0.15%)
Processed   890000/ 1248000 entries, 71.31% (elapsed time  1064.3s, curr speed    0.734 kHz, avg speed    0.836 kHz), accepted     1371/  890001 events ( 0.15%)
Processed   900000/ 1248000 entries, 72.12% (elapsed time  1074.7s, curr speed    0.958 kHz, avg speed    0.837 kHz), accepted     1385/  900001 events ( 0.15%)
Processed   910000/ 1248000 entries, 72.92% (elapsed time  1086.2s, curr speed    0.871 kHz, avg speed    0.838 kHz), accepted     1404/  910001 events ( 0.15%)
Processed   920000/ 1248000 entries, 73.72% (elapsed time  1101.2s, curr speed    0.667 kHz, avg speed    0.835 kHz), accepted     1429/  920001 events ( 0.16%)
Processed   930000/ 1248000 entries, 74.52% (elapsed time  1111.6s, curr speed    0.963 kHz, avg speed    0.837 kHz), accepted     1444/  930001 events ( 0.16%)
Processed   940000/ 1248000 entries, 75.32% (elapsed time  1123.0s, curr speed    0.877 kHz, avg speed    0.837 kHz), accepted     1456/  940001 events ( 0.15%)
Processed   950000/ 1248000 entries, 76.12% (elapsed time  1138.0s, curr speed    0.666 kHz, avg speed    0.835 kHz), accepted     1474/  950001 events ( 0.16%)
Processed   960000/ 1248000 entries, 76.92% (elapsed time  1148.9s, curr speed    0.923 kHz, avg speed    0.836 kHz), accepted     1486/  960001 events ( 0.15%)
Processed   970000/ 1248000 entries, 77.72% (elapsed time  1159.6s, curr speed    0.934 kHz, avg speed    0.837 kHz), accepted     1501/  970001 events ( 0.15%)
Processed   980000/ 1248000 entries, 78.53% (elapsed time  1170.4s, curr speed    0.921 kHz, avg speed    0.837 kHz), accepted     1511/  980001 events ( 0.15%)
Processed   990000/ 1248000 entries, 79.33% (elapsed time  1183.8s, curr speed    0.746 kHz, avg speed    0.836 kHz), accepted     1523/  990001 events ( 0.15%)
Processed  1000000/ 1248000 entries, 80.13% (elapsed time  1195.2s, curr speed    0.879 kHz, avg speed    0.837 kHz), accepted     1538/ 1000001 events ( 0.15%)
Processed  1010000/ 1248000 entries, 80.93% (elapsed time  1206.7s, curr speed    0.871 kHz, avg speed    0.837 kHz), accepted     1554/ 1010001 events ( 0.15%)
Processed  1020000/ 1248000 entries, 81.73% (elapsed time  1218.9s, curr speed    0.817 kHz, avg speed    0.837 kHz), accepted     1563/ 1020001 events ( 0.15%)
Processed  1030000/ 1248000 entries, 82.53% (elapsed time  1232.1s, curr speed    0.760 kHz, avg speed    0.836 kHz), accepted     1572/ 1030001 events ( 0.15%)
Processed  1040000/ 1248000 entries, 83.33% (elapsed time  1242.8s, curr speed    0.929 kHz, avg speed    0.837 kHz), accepted     1582/ 1040001 events ( 0.15%)
Processed  1050000/ 1248000 entries, 84.13% (elapsed time  1254.7s, curr speed    0.841 kHz, avg speed    0.837 kHz), accepted     1603/ 1050001 events ( 0.15%)
Processed  1060000/ 1248000 entries, 84.94% (elapsed time  1268.8s, curr speed    0.713 kHz, avg speed    0.835 kHz), accepted     1611/ 1060001 events ( 0.15%)
Processed  1070000/ 1248000 entries, 85.74% (elapsed time  1279.8s, curr speed    0.902 kHz, avg speed    0.836 kHz), accepted     1626/ 1070001 events ( 0.15%)
Processed  1080000/ 1248000 entries, 86.54% (elapsed time  1290.8s, curr speed    0.914 kHz, avg speed    0.837 kHz), accepted     1651/ 1080001 events ( 0.15%)
Processed  1090000/ 1248000 entries, 87.34% (elapsed time  1304.0s, curr speed    0.754 kHz, avg speed    0.836 kHz), accepted     1665/ 1090001 events ( 0.15%)
Processed  1100000/ 1248000 entries, 88.14% (elapsed time  1316.9s, curr speed    0.778 kHz, avg speed    0.835 kHz), accepted     1680/ 1100001 events ( 0.15%)
Processed  1110000/ 1248000 entries, 88.94% (elapsed time  1328.2s, curr speed    0.885 kHz, avg speed    0.836 kHz), accepted     1701/ 1110001 events ( 0.15%)
Processed  1120000/ 1248000 entries, 89.74% (elapsed time  1339.0s, curr speed    0.926 kHz, avg speed    0.836 kHz), accepted     1718/ 1120001 events ( 0.15%)
Processed  1130000/ 1248000 entries, 90.54% (elapsed time  1352.7s, curr speed    0.729 kHz, avg speed    0.835 kHz), accepted     1730/ 1130001 events ( 0.15%)
Processed  1140000/ 1248000 entries, 91.35% (elapsed time  1362.8s, curr speed    0.987 kHz, avg speed    0.836 kHz), accepted     1745/ 1140001 events ( 0.15%)
Processed  1150000/ 1248000 entries, 92.15% (elapsed time  1373.7s, curr speed    0.917 kHz, avg speed    0.837 kHz), accepted     1763/ 1150001 events ( 0.15%)
Processed  1160000/ 1248000 entries, 92.95% (elapsed time  1385.1s, curr speed    0.879 kHz, avg speed    0.837 kHz), accepted     1769/ 1160001 events ( 0.15%)
Processed  1170000/ 1248000 entries, 93.75% (elapsed time  1398.2s, curr speed    0.766 kHz, avg speed    0.837 kHz), accepted     1792/ 1170001 events ( 0.15%)
Processed  1180000/ 1248000 entries, 94.55% (elapsed time  1408.6s, curr speed    0.960 kHz, avg speed    0.838 kHz), accepted     1809/ 1180001 events ( 0.15%)
Processed  1190000/ 1248000 entries, 95.35% (elapsed time  1419.4s, curr speed    0.923 kHz, avg speed    0.838 kHz), accepted     1827/ 1190001 events ( 0.15%)
Processed  1200000/ 1248000 entries, 96.15% (elapsed time  1433.2s, curr speed    0.724 kHz, avg speed    0.837 kHz), accepted     1845/ 1200001 events ( 0.15%)
Processed  1210000/ 1248000 entries, 96.96% (elapsed time  1443.3s, curr speed    0.993 kHz, avg speed    0.838 kHz), accepted     1863/ 1210001 events ( 0.15%)
Processed  1220000/ 1248000 entries, 97.76% (elapsed time  1453.4s, curr speed    0.993 kHz, avg speed    0.839 kHz), accepted     1876/ 1220001 events ( 0.15%)
Processed  1230000/ 1248000 entries, 98.56% (elapsed time  1465.7s, curr speed    0.811 kHz, avg speed    0.839 kHz), accepted     1890/ 1230001 events ( 0.15%)
Processed  1240000/ 1248000 entries, 99.36% (elapsed time  1479.1s, curr speed    0.744 kHz, avg speed    0.838 kHz), accepted     1903/ 1240001 events ( 0.15%)
Processed 1248000 preselected entries from root://cms-xrd-global.cern.ch//store/mc/RunIIAutumn18NanoAODv6/TTToSemiLeptonic_TuneCP5_13TeV-powheg-pythia8/NANOAODSIM/Nano25Oct2019_102X_upgrade2018_realistic_v20_ext3-v1/260000/C7F0A669-295B-9A45-BAF3-2AA717DEB0FB.root (1248000 entries). Finally selected 1913 entries
Total time 6111.5 sec. to process 5162000 events. Rate = 844.6 Hz.
>>> cwd          = /pool/condor/dir_23038
>>> ls           = ['var', 'pico_etau_etau_39.root', 'lvigilan.cc', 'condor_exec.exe', '_condor_stdout', '.update.ad', '.machine.ad', '.job.ad', 'tmp', '.chirp.config', 'x509_voms']
>>> getstorage('/eos/home-l/lvigilan/output_2017ReReco18/2018/etau/TTToSemiLeptonic'), <EOS("/eos/home-l/lvigilan/output_2017ReReco18/2018/etau/TTToSemiLeptonic") at 0x2b8f538a5550>
>>> Executing: 'cp ./pico_etau_etau_39.root /eos/home-l/lvigilan/output_2017ReReco18/2018/etau/TTToSemiLeptonic'
>>> Removing './pico_etau_etau_39.root'...
>>> picojob.py done after 6211.8 seconds

Job complete at Tue Dec 29 14:28:58 CET 2020
Took 103 minutes 34 seconds040 (1631408.039.000) 12/29 14:30:41 Finished transferring output files
...
005 (1631408.039.000) 12/29 14:30:41 Job terminated.
	(1) Normal termination (return value 0)
		Usr 0 00:15:08, Sys 0 00:00:46  -  Run Remote Usage
		Usr 0 00:00:00, Sys 0 00:00:00  -  Run Local Usage
		Usr 0 00:15:08, Sys 0 00:00:46  -  Total Remote Usage
		Usr 0 00:00:00, Sys 0 00:00:00  -  Total Local Usage
	97846  -  Run Bytes Sent By Job
	9873  -  Run Bytes Received By Job
	97846  -  Total Bytes Sent By Job
	9873  -  Total Bytes Received By Job
	Partitionable Resources :    Usage  Request Allocated 
	   Cpus                 :     0.15        1         1 
	   Disk (KB)            :   165           1    337883 
	   Memory (MB)          :   357        2000      2000 
...
