000 (1631408.005.000) 12/29 12:15:23 Job submitted from host: <188.185.70.244:9618?addrs=188.185.70.244-9618+[2001-1458-d00-7--100-2ee]-9618&alias=bigbird10.cern.ch&noUDP&sock=schedd_1929_b647_195>
...
040 (1631408.005.000) 12/29 12:45:29 Started transferring input files
	Transferring to host: <188.184.138.13:9618?addrs=188.184.138.13-9618+[2001-1458-301-45--100-6]-9618&noUDP&sock=31529_c85b_151189>
...
040 (1631408.005.000) 12/29 12:45:29 Finished transferring input files
...
001 (1631408.005.000) 12/29 12:45:30 Job executing on host: <188.184.138.13:9618?addrs=188.184.138.13-9618+[2001-1458-301-45--100-6]-9618&noUDP&sock=5594_98e1_3>
...
006 (1631408.005.000) 12/29 12:45:39 Image size of job updated: 5996
	4  -  MemoryUsage of job (MB)
	3828  -  ResidentSetSize of job (KB)
...
006 (1631408.005.000) 12/29 12:50:40 Image size of job updated: 389844
	303  -  MemoryUsage of job (MB)
	309496  -  ResidentSetSize of job (KB)
...
006 (1631408.005.000) 12/29 12:55:41 Image size of job updated: 390452
	303  -  MemoryUsage of job (MB)
	310104  -  ResidentSetSize of job (KB)
...
006 (1631408.005.000) 12/29 13:00:41 Image size of job updated: 427752
	340  -  MemoryUsage of job (MB)
	347176  -  ResidentSetSize of job (KB)
...
006 (1631408.005.000) 12/29 13:05:42 Image size of job updated: 427912
	340  -  MemoryUsage of job (MB)
	347336  -  ResidentSetSize of job (KB)
...
006 (1631408.005.000) 12/29 13:10:43 Image size of job updated: 428216
	340  -  MemoryUsage of job (MB)
	347640  -  ResidentSetSize of job (KB)
...
006 (1631408.005.000) 12/29 13:20:30 Image size of job updated: 428216
	340  -  MemoryUsage of job (MB)
	347988  -  ResidentSetSize of job (KB)
...
006 (1631408.005.000) 12/29 13:34:50 Image size of job updated: 428216
	341  -  MemoryUsage of job (MB)
	348400  -  ResidentSetSize of job (KB)
...
006 (1631408.005.000) 12/29 13:46:19 Image size of job updated: 428216
	341  -  MemoryUsage of job (MB)
	348580  -  ResidentSetSize of job (KB)
...
006 (1631408.005.000) 12/29 13:53:12 Image size of job updated: 428216
	341  -  MemoryUsage of job (MB)
	348596  -  ResidentSetSize of job (KB)
...
006 (1631408.005.000) 12/29 13:58:13 Image size of job updated: 428216
	341  -  MemoryUsage of job (MB)
	348624  -  ResidentSetSize of job (KB)
...
006 (1631408.005.000) 12/29 14:03:13 Image size of job updated: 428216
	341  -  MemoryUsage of job (MB)
	348652  -  ResidentSetSize of job (KB)
...
006 (1631408.005.000) 12/29 14:08:13 Image size of job updated: 428216
	341  -  MemoryUsage of job (MB)
	348688  -  ResidentSetSize of job (KB)
...
006 (1631408.005.000) 12/29 14:13:14 Image size of job updated: 428216
	341  -  MemoryUsage of job (MB)
	348720  -  ResidentSetSize of job (KB)
...
006 (1631408.005.000) 12/29 14:18:15 Image size of job updated: 428216
	341  -  MemoryUsage of job (MB)
	348804  -  ResidentSetSize of job (KB)
...
006 (1631408.005.000) 12/29 14:23:15 Image size of job updated: 428216
	341  -  MemoryUsage of job (MB)
	348820  -  ResidentSetSize of job (KB)
...
006 (1631408.005.000) 12/29 14:28:15 Image size of job updated: 428216
	341  -  MemoryUsage of job (MB)
	348828  -  ResidentSetSize of job (KB)
...
006 (1631408.005.000) 12/29 14:33:16 Image size of job updated: 428216
	341  -  MemoryUsage of job (MB)
	348832  -  ResidentSetSize of job (KB)
...
006 (1631408.005.000) 12/29 14:38:17 Image size of job updated: 428216
	341  -  MemoryUsage of job (MB)
	348844  -  ResidentSetSize of job (KB)
...
006 (1631408.005.000) 12/29 14:43:17 Image size of job updated: 428216
	341  -  MemoryUsage of job (MB)
	348876  -  ResidentSetSize of job (KB)
...
006 (1631408.005.000) 12/29 14:48:17 Image size of job updated: 428216
	341  -  MemoryUsage of job (MB)
	348888  -  ResidentSetSize of job (KB)
...
006 (1631408.005.000) 12/29 14:53:18 Image size of job updated: 428216
	341  -  MemoryUsage of job (MB)
	348896  -  ResidentSetSize of job (KB)
...
006 (1631408.005.000) 12/29 14:58:19 Image size of job updated: 428216
	341  -  MemoryUsage of job (MB)
	348944  -  ResidentSetSize of job (KB)
...
006 (1631408.005.000) 12/29 15:03:19 Image size of job updated: 428216
	341  -  MemoryUsage of job (MB)
	348956  -  ResidentSetSize of job (KB)
...
006 (1631408.005.000) 12/29 15:11:30 Image size of job updated: 428216
	341  -  MemoryUsage of job (MB)
	348968  -  ResidentSetSize of job (KB)
...
006 (1631408.005.000) 12/29 15:21:05 Image size of job updated: 428216
	341  -  MemoryUsage of job (MB)
	349056  -  ResidentSetSize of job (KB)
...
006 (1631408.005.000) 12/29 15:28:44 Image size of job updated: 428216
	341  -  MemoryUsage of job (MB)
	349092  -  ResidentSetSize of job (KB)
...
006 (1631408.005.000) 12/29 15:33:45 Image size of job updated: 428216
	341  -  MemoryUsage of job (MB)
	349116  -  ResidentSetSize of job (KB)
...
006 (1631408.005.000) 12/29 15:38:45 Image size of job updated: 428216
	342  -  MemoryUsage of job (MB)
	349200  -  ResidentSetSize of job (KB)
...
006 (1631408.005.000) 12/29 15:44:50 Image size of job updated: 428216
	342  -  MemoryUsage of job (MB)
	349216  -  ResidentSetSize of job (KB)
...
006 (1631408.005.000) 12/29 15:49:05 Image size of job updated: 428216
	342  -  MemoryUsage of job (MB)
	349228  -  ResidentSetSize of job (KB)
...
006 (1631408.005.000) 12/29 15:54:06 Image size of job updated: 428216
	342  -  MemoryUsage of job (MB)
	349268  -  ResidentSetSize of job (KB)
...
006 (1631408.005.000) 12/29 15:59:06 Image size of job updated: 428216
	342  -  MemoryUsage of job (MB)
	349340  -  ResidentSetSize of job (KB)
...
006 (1631408.005.000) 12/29 16:04:07 Image size of job updated: 428216
	342  -  MemoryUsage of job (MB)
	349364  -  ResidentSetSize of job (KB)
...
006 (1631408.005.000) 12/29 16:09:08 Image size of job updated: 428216
	342  -  MemoryUsage of job (MB)
	349388  -  ResidentSetSize of job (KB)
...
006 (1631408.005.000) 12/29 16:14:08 Image size of job updated: 428216
	342  -  MemoryUsage of job (MB)
	349408  -  ResidentSetSize of job (KB)
...
006 (1631408.005.000) 12/29 16:19:08 Image size of job updated: 428216
	361  -  MemoryUsage of job (MB)
	368792  -  ResidentSetSize of job (KB)
...
006 (1631408.005.000) 12/29 16:24:09 Image size of job updated: 428216
	361  -  MemoryUsage of job (MB)
	369204  -  ResidentSetSize of job (KB)
...
006 (1631408.005.000) 12/29 16:29:09 Image size of job updated: 428216
	361  -  MemoryUsage of job (MB)
	369528  -  ResidentSetSize of job (KB)
...
006 (1631408.005.000) 12/29 16:34:09 Image size of job updated: 428216
	362  -  MemoryUsage of job (MB)
	369904  -  ResidentSetSize of job (KB)
...
006 (1631408.005.000) 12/29 16:39:10 Image size of job updated: 428216
	370  -  MemoryUsage of job (MB)
	378056  -  ResidentSetSize of job (KB)
...
006 (1631408.005.000) 12/29 16:44:11 Image size of job updated: 428216
	370  -  MemoryUsage of job (MB)
	378184  -  ResidentSetSize of job (KB)
...
006 (1631408.005.000) 12/29 16:49:11 Image size of job updated: 428216
	370  -  MemoryUsage of job (MB)
	378252  -  ResidentSetSize of job (KB)
...
006 (1631408.005.000) 12/29 16:54:12 Image size of job updated: 428216
	376  -  MemoryUsage of job (MB)
	384716  -  ResidentSetSize of job (KB)
...
006 (1631408.005.000) 12/29 16:59:13 Image size of job updated: 428216
	376  -  MemoryUsage of job (MB)
	384732  -  ResidentSetSize of job (KB)
...
006 (1631408.005.000) 12/29 17:04:13 Image size of job updated: 428216
	379  -  MemoryUsage of job (MB)
	387200  -  ResidentSetSize of job (KB)
...
006 (1631408.005.000) 12/29 17:09:13 Image size of job updated: 428216
	379  -  MemoryUsage of job (MB)
	387428  -  ResidentSetSize of job (KB)
...
006 (1631408.005.000) 12/29 17:14:14 Image size of job updated: 428216
	379  -  MemoryUsage of job (MB)
	387464  -  ResidentSetSize of job (KB)
...
006 (1631408.005.000) 12/29 17:19:15 Image size of job updated: 428216
	379  -  MemoryUsage of job (MB)
	387480  -  ResidentSetSize of job (KB)
...
006 (1631408.005.000) 12/29 17:24:15 Image size of job updated: 428216
	379  -  MemoryUsage of job (MB)
	387524  -  ResidentSetSize of job (KB)
...
006 (1631408.005.000) 12/29 17:39:16 Image size of job updated: 428216
	379  -  MemoryUsage of job (MB)
	387528  -  ResidentSetSize of job (KB)
...
006 (1631408.005.000) 12/29 18:09:19 Image size of job updated: 428216
	379  -  MemoryUsage of job (MB)
	387532  -  ResidentSetSize of job (KB)
...
040 (1631408.005.000) 12/29 18:19:10 Started transferring output files
...
040 (1631408.005.000) 12/29 18:19:10 Finished transferring output files
...
009 (1631408.005.000) 12/29 18:19:10 Job was aborted by the user.
	Job removed by SYSTEM_PERIODIC_REMOVE due to wall time exceeded allowed max.
...
