Could not find platform independent libraries <prefix>
Could not find platform dependent libraries <exec_prefix>
Consider setting $PYTHONHOME to <prefix>[:<exec_prefix>]
ImportError: No module named site
Job start at Wed Feb 10 16:27:40 CET 2021
Running job on machine Linux b7g24n0534.cern.ch 3.10.0-1127.18.2.el7.x86_64 #1 SMP Sun Jul 26 15:27:06 UTC 2020 x86_64 x86_64 x86_64 GNU/Linux, host b7g24n0534.cern.ch
============================================================
$PWD=/pool/condor/dir_30288
$JOBID=1897857
$TASKID=0
$HOSTNAME=b7g24n0534.cern.ch
$TASKCMD=/afs/cern.ch/work/l/lvigilan/TauWork/CMSSW_10_6_17_patch1/src/TauFW/PicoProducer/python/processors/picojob.py -y 2016 -d 'mc' -c etau -M ModuleETau --copydir /eos/home-l/lvigilan/output_ETauFR/2016/etau/WJetsToLNu -t _etau_1 --opt 'jec=False' -i root://cms-xrd-global.cern.ch//store/mc/RunIISummer16NanoAODv6/WJetsToLNu_TuneCUETP8M1_13TeV-madgraphMLM-pythia8/NANOAODSIM/PUMoriond17_Nano25Oct2019_102X_mcRun2_asymptotic_v7-v1/270000/6D3C1247-E10B-A146-BFD5-966C2DC0DEDE.root root://cms-xrd-global.cern.ch//store/mc/RunIISummer16NanoAODv6/WJetsToLNu_TuneCUETP8M1_13TeV-madgraphMLM-pythia8/NANOAODSIM/PUMoriond17_Nano25Oct2019_102X_mcRun2_asymptotic_v7-v1/270000/7042C6D3-F365-744F-8985-CC9FF02325AC.root root://cms-xrd-global.cern.ch//store/mc/RunIISummer16NanoAODv6/WJetsToLNu_TuneCUETP8M1_13TeV-madgraphMLM-pythia8/NANOAODSIM/PUMoriond17_Nano25Oct2019_102X_mcRun2_asymptotic_v7-v1/270000/7F05D1B1-AA65-9B43-83B4-1EA4751C669D.root root://cms-xrd-global.cern.ch//store/mc/RunIISummer16NanoAODv6/WJetsToLNu_TuneCUETP8M1_13TeV-madgraphMLM-pythia8/NANOAODSIM/PUMoriond17_Nano25Oct2019_102X_mcRun2_asymptotic_v7-v1/270000/80E24A84-EBF6-BD4E-B575-3E5A2CD2B296.root root://cms-xrd-global.cern.ch//store/mc/RunIISummer16NanoAODv6/WJetsToLNu_TuneCUETP8M1_13TeV-madgraphMLM-pythia8/NANOAODSIM/PUMoriond17_Nano25Oct2019_102X_mcRun2_asymptotic_v7-v1/270000/8C8E516C-96C7-7244-9979-06D100F9AE67.root
$WORKDIR=/pool/condor/dir_30288
>>> cd /afs/cern.ch/work/l/lvigilan/TauWork/CMSSW_10_6_17_patch1/src
>>> eval `scramv1 runtime -sh`
>>> cd /pool/condor/dir_30288
$PWD=/pool/condor/dir_30288
>>> /afs/cern.ch/work/l/lvigilan/TauWork/CMSSW_10_6_17_patch1/src/TauFW/PicoProducer/python/processors/picojob.py -y 2016 -d 'mc' -c etau -M ModuleETau --copydir /eos/home-l/lvigilan/output_ETauFR/2016/etau/WJetsToLNu -t _etau_1 --opt 'jec=False' -i root://cms-xrd-global.cern.ch//store/mc/RunIISummer16NanoAODv6/WJetsToLNu_TuneCUETP8M1_13TeV-madgraphMLM-pythia8/NANOAODSIM/PUMoriond17_Nano25Oct2019_102X_mcRun2_asymptotic_v7-v1/270000/6D3C1247-E10B-A146-BFD5-966C2DC0DEDE.root root://cms-xrd-global.cern.ch//store/mc/RunIISummer16NanoAODv6/WJetsToLNu_TuneCUETP8M1_13TeV-madgraphMLM-pythia8/NANOAODSIM/PUMoriond17_Nano25Oct2019_102X_mcRun2_asymptotic_v7-v1/270000/7042C6D3-F365-744F-8985-CC9FF02325AC.root root://cms-xrd-global.cern.ch//store/mc/RunIISummer16NanoAODv6/WJetsToLNu_TuneCUETP8M1_13TeV-madgraphMLM-pythia8/NANOAODSIM/PUMoriond17_Nano25Oct2019_102X_mcRun2_asymptotic_v7-v1/270000/7F05D1B1-AA65-9B43-83B4-1EA4751C669D.root root://cms-xrd-global.cern.ch//store/mc/RunIISummer16NanoAODv6/WJetsToLNu_TuneCUETP8M1_13TeV-madgraphMLM-pythia8/NANOAODSIM/PUMoriond17_Nano25Oct2019_102X_mcRun2_asymptotic_v7-v1/270000/80E24A84-EBF6-BD4E-B575-3E5A2CD2B296.root root://cms-xrd-global.cern.ch//store/mc/RunIISummer16NanoAODv6/WJetsToLNu_TuneCUETP8M1_13TeV-madgraphMLM-pythia8/NANOAODSIM/PUMoriond17_Nano25Oct2019_102X_mcRun2_asymptotic_v7-v1/270000/8C8E516C-96C7-7244-9979-06D100F9AE67.root
Error in <TGClient::TGClient>: can't open display "localhost:34.0", switching to batch mode...
 In case you run from a remote ssh session, reconnect with ssh -Y
--------------------------------------------------------------------------------
>>> era          = '2016'
>>> year         = 2016
>>> channel      = 'etau'
>>> modname      = 'ModuleETau'
>>> dtype        = 'mc'
>>> kwargs       = {'dtype': 'mc', 'verb': 0, 'era': '2016', 'jec': False, 'year': 2016}
>>> maxevts      = None
>>> outdir       = '.'
>>> copydir      = '/eos/home-l/lvigilan/output_ETauFR/2016/etau/WJetsToLNu'
>>> infiles      = ['root://cms-xrd-global.cern.ch//store/mc/RunIISummer16NanoAODv6/WJetsToLNu_TuneCUETP8M1_13TeV-madgraphMLM-pythia8/NANOAODSIM/PUMoriond17_Nano25Oct2019_102X_mcRun2_asymptotic_v7-v1/270000/6D3C1247-E10B-A146-BFD5-966C2DC0DEDE.root', 'root://cms-xrd-global.cern.ch//store/mc/RunIISummer16NanoAODv6/WJetsToLNu_TuneCUETP8M1_13TeV-madgraphMLM-pythia8/NANOAODSIM/PUMoriond17_Nano25Oct2019_102X_mcRun2_asymptotic_v7-v1/270000/7042C6D3-F365-744F-8985-CC9FF02325AC.root', 'root://cms-xrd-global.cern.ch//store/mc/RunIISummer16NanoAODv6/WJetsToLNu_TuneCUETP8M1_13TeV-madgraphMLM-pythia8/NANOAODSIM/PUMoriond17_Nano25Oct2019_102X_mcRun2_asymptotic_v7-v1/270000/7F05D1B1-AA65-9B43-83B4-1EA4751C669D.root', 'root://cms-xrd-global.cern.ch//store/mc/RunIISummer16NanoAODv6/WJetsToLNu_TuneCUETP8M1_13TeV-madgraphMLM-pythia8/NANOAODSIM/PUMoriond17_Nano25Oct2019_102X_mcRun2_asymptotic_v7-v1/270000/80E24A84-EBF6-BD4E-B575-3E5A2CD2B296.root', 'root://cms-xrd-global.cern.ch//store/mc/RunIISummer16NanoAODv6/WJetsToLNu_TuneCUETP8M1_13TeV-madgraphMLM-pythia8/NANOAODSIM/PUMoriond17_Nano25Oct2019_102X_mcRun2_asymptotic_v7-v1/270000/8C8E516C-96C7-7244-9979-06D100F9AE67.root']
>>> outfname     = './pico_etau_etau_1.root'
>>> branchsel    = '/afs/cern.ch/work/l/lvigilan/TauWork/CMSSW_10_6_17_patch1/python/TauFW/PicoProducer/processors/keep_and_drop_skim.txt'
>>> json         = None
>>> prefetch     = False
>>> cwd          = /pool/condor/dir_30288
--------------------------------------------------------------------------------

   ################
   #  ModuleETau  #
   ################

Loading PileupWeightTool for '/afs/cern.ch/work/l/lvigilan/TauWork/CMSSW_10_6_17_patch1/src/TauFW/PicoProducer/data/pileup/Data_PileUp_2016_69p2.root' and '/afs/cern.ch/work/l/lvigilan/TauWork/CMSSW_10_6_17_patch1/src/TauFW/PicoProducer/data/pileup/MC_PileUp_2016_Moriond17.root'
Loading BTagWeightTool for DeepCSV (medium WP)...
>>> BTagTool: [1m[33mWarning! [0m[33mHistogram 'etau/eff_DeepCSV_udsg_medium' does not exist in /afs/cern.ch/work/l/lvigilan/TauWork/CMSSW_10_6_17_patch1/src/TauFW/PicoProducer/data/btag/DeepCSV_2016_Moriond17_eff.root! Reverting to default efficiency histogram...[0m
>>> BTagTool: [1m[33mWarning! [0m[33mHistogram 'etau/eff_DeepCSV_c_medium' does not exist in /afs/cern.ch/work/l/lvigilan/TauWork/CMSSW_10_6_17_patch1/src/TauFW/PicoProducer/data/btag/DeepCSV_2016_Moriond17_eff.root! Reverting to default efficiency histogram...[0m
>>> BTagTool: [1m[33mWarning! [0m[33mHistogram 'etau/eff_DeepCSV_b_medium' does not exist in /afs/cern.ch/work/l/lvigilan/TauWork/CMSSW_10_6_17_patch1/src/TauFW/PicoProducer/data/btag/DeepCSV_2016_Moriond17_eff.root! Reverting to default efficiency histogram...[0m
>>> BTagTool: [1m[33mWarning! [0m[33mMade use of default efficiency histograms! The b tag weights from this module should be regarded as placeholders only,
and should NOT be used for analyses. B (mis)tag efficiencies in MC are analysis dependent. Please create your own
efficiency histogram with data/btag/getBTagEfficiencies.py after running all MC samples with BTagWeightTool.[0m
Loading TreeProducerETau for './pico_etau_etau_1.root'
--------------------------------------------------------------------------------
>>> filename     = './pico_etau_etau_1.root'
>>> year         = 2016
>>> dtype        = 'mc'
>>> channel      = 'etau'
>>> ismc         = True
>>> isdata       = False
>>> isembed      = False
>>> tes          = None
>>> tessys       = None
>>> ltf          = 1.0
>>> jtf          = 1.0
>>> dotoppt      = False
>>> dozpt        = False
>>> dojec        = False
>>> dojecsys     = False
>>> dotight      = FalseError in <TNetXNGFile::Open>: [ERROR] Server responded with an error: [3010] Unable to open /store/mc/RunIISummer16NanoAODv6/WJetsToLNu_TuneCUETP8M1_13TeV-madgraphMLM-pythia8/NANOAODSIM/PUMoriond17_Nano25Oct2019_102X_mcRun2_asymptotic_v7-v1/270000/6D3C1247-E10B-A146-BFD5-966C2DC0DEDE.root; permission denied


>>> jetCutPt     = 30
>>> bjetCutEta   = 2.7
>>> tauwp        = 0
>>> eleCutPt     = 26
>>> eleCutEta    = 2.1
>>> tauCutPt     = 20
>>> tauCutEta    = 2.3
Traceback (most recent call last):
  File "/afs/cern.ch/work/l/lvigilan/TauWork/CMSSW_10_6_17_patch1/src/TauFW/PicoProducer/python/processors/picojob.py", line 111, in <module>
    p.run()
  File "/afs/cern.ch/work/l/lvigilan/TauWork/CMSSW_10_6_17_patch1/python/PhysicsTools/NanoAODTools/postprocessing/framework/postprocessor.py", line 163, in run
    inTree = inFile.Get("Events")
ReferenceError: attempt to access a null-pointer

Job complete at Wed Feb 10 16:27:59 CET 2021
Took 0 minutes 19 seconds040 (1897857.000.000) 02/10 16:27:59 Finished transferring output files
...
005 (1897857.000.000) 02/10 16:28:00 Job terminated.
	(1) Normal termination (return value 0)
		Usr 0 00:00:04, Sys 0 00:00:01  -  Run Remote Usage
		Usr 0 00:00:00, Sys 0 00:00:00  -  Run Local Usage
		Usr 0 00:00:04, Sys 0 00:00:01  -  Total Remote Usage
		Usr 0 00:00:00, Sys 0 00:00:00  -  Total Local Usage
	9214  -  Run Bytes Sent By Job
	9873  -  Run Bytes Received By Job
	9214  -  Total Bytes Sent By Job
	9873  -  Total Bytes Received By Job
	Partitionable Resources :    Usage  Request Allocated 
	   Cpus                 :                 1         1 
	   Disk (KB)            :       73        1    239959 
	   Memory (MB)          :       52     2000      2000 
...
