Could not find platform independent libraries <prefix>
Could not find platform dependent libraries <exec_prefix>
Consider setting $PYTHONHOME to <prefix>[:<exec_prefix>]
ImportError: No module named site
Job start at Tue Dec 29 15:57:02 CET 2020
Running job on machine Linux b7s10n0617.cern.ch 3.10.0-1127.19.1.el7.x86_64 #1 SMP Tue Aug 25 17:23:54 UTC 2020 x86_64 x86_64 x86_64 GNU/Linux, host b7s10n0617.cern.ch
============================================================
$PWD=/pool/condor/dir_12018
$JOBID=1631409
$TASKID=16
$HOSTNAME=b7s10n0617.cern.ch
$TASKCMD=/afs/cern.ch/work/l/lvigilan/TauWork/CMSSW_10_6_17_patch1/src/TauFW/PicoProducer/python/processors/picojob.py -y 2018 -d 'mc' -c etau -M ModuleETau --copydir /eos/home-l/lvigilan/output_2017ReReco18/2018/etau/TTToHadronic -t _etau_16 --opt 'jec=False' 'toppt=True' -i root://cms-xrd-global.cern.ch//store/mc/RunIIAutumn18NanoAODv6/TTToHadronic_TuneCP5_13TeV-powheg-pythia8/NANOAODSIM/Nano25Oct2019_102X_upgrade2018_realistic_v20-v3/40000/FB398682-E623-E14C-85B1-68AD6DD71B30.root root://cms-xrd-global.cern.ch//store/mc/RunIIAutumn18NanoAODv6/TTToHadronic_TuneCP5_13TeV-powheg-pythia8/NANOAODSIM/Nano25Oct2019_102X_upgrade2018_realistic_v20-v3/40000/FB5D52FB-B1DB-824C-BF33-2B69F68A3737.root root://cms-xrd-global.cern.ch//store/mc/RunIIAutumn18NanoAODv6/TTToHadronic_TuneCP5_13TeV-powheg-pythia8/NANOAODSIM/Nano25Oct2019_102X_upgrade2018_realistic_v20-v3/60000/01A6EDE4-B4AA-4147-A961-7D59E94C681E.root root://cms-xrd-global.cern.ch//store/mc/RunIIAutumn18NanoAODv6/TTToHadronic_TuneCP5_13TeV-powheg-pythia8/NANOAODSIM/Nano25Oct2019_102X_upgrade2018_realistic_v20-v3/60000/07772A83-28E1-4944-A6F6-7FD3376D18BA.root root://cms-xrd-global.cern.ch//store/mc/RunIIAutumn18NanoAODv6/TTToHadronic_TuneCP5_13TeV-powheg-pythia8/NANOAODSIM/Nano25Oct2019_102X_upgrade2018_realistic_v20-v3/60000/08B988B8-57E3-D242-8A04-08DB0219DA75.root
$WORKDIR=/pool/condor/dir_12018
>>> cd /afs/cern.ch/work/l/lvigilan/TauWork/CMSSW_10_6_17_patch1/src
>>> eval `scramv1 runtime -sh`
>>> cd /pool/condor/dir_12018
$PWD=/pool/condor/dir_12018
>>> /afs/cern.ch/work/l/lvigilan/TauWork/CMSSW_10_6_17_patch1/src/TauFW/PicoProducer/python/processors/picojob.py -y 2018 -d 'mc' -c etau -M ModuleETau --copydir /eos/home-l/lvigilan/output_2017ReReco18/2018/etau/TTToHadronic -t _etau_16 --opt 'jec=False' 'toppt=True' -i root://cms-xrd-global.cern.ch//store/mc/RunIIAutumn18NanoAODv6/TTToHadronic_TuneCP5_13TeV-powheg-pythia8/NANOAODSIM/Nano25Oct2019_102X_upgrade2018_realistic_v20-v3/40000/FB398682-E623-E14C-85B1-68AD6DD71B30.root root://cms-xrd-global.cern.ch//store/mc/RunIIAutumn18NanoAODv6/TTToHadronic_TuneCP5_13TeV-powheg-pythia8/NANOAODSIM/Nano25Oct2019_102X_upgrade2018_realistic_v20-v3/40000/FB5D52FB-B1DB-824C-BF33-2B69F68A3737.root root://cms-xrd-global.cern.ch//store/mc/RunIIAutumn18NanoAODv6/TTToHadronic_TuneCP5_13TeV-powheg-pythia8/NANOAODSIM/Nano25Oct2019_102X_upgrade2018_realistic_v20-v3/60000/01A6EDE4-B4AA-4147-A961-7D59E94C681E.root root://cms-xrd-global.cern.ch//store/mc/RunIIAutumn18NanoAODv6/TTToHadronic_TuneCP5_13TeV-powheg-pythia8/NANOAODSIM/Nano25Oct2019_102X_upgrade2018_realistic_v20-v3/60000/07772A83-28E1-4944-A6F6-7FD3376D18BA.root root://cms-xrd-global.cern.ch//store/mc/RunIIAutumn18NanoAODv6/TTToHadronic_TuneCP5_13TeV-powheg-pythia8/NANOAODSIM/Nano25Oct2019_102X_upgrade2018_realistic_v20-v3/60000/08B988B8-57E3-D242-8A04-08DB0219DA75.root
Error in <TGClient::TGClient>: can't open display "localhost:39.0", switching to batch mode...
 In case you run from a remote ssh session, reconnect with ssh -Y
--------------------------------------------------------------------------------
>>> era          = '2018'
>>> year         = 2018
>>> channel      = 'etau'
>>> modname      = 'ModuleETau'
>>> dtype        = 'mc'
>>> kwargs       = {'dtype': 'mc', 'toppt': True, 'jec': False, 'verb': 0, 'era': '2018', 'year': 2018}
>>> maxevts      = None
>>> outdir       = '.'
>>> copydir      = '/eos/home-l/lvigilan/output_2017ReReco18/2018/etau/TTToHadronic'
>>> infiles      = ['root://cms-xrd-global.cern.ch//store/mc/RunIIAutumn18NanoAODv6/TTToHadronic_TuneCP5_13TeV-powheg-pythia8/NANOAODSIM/Nano25Oct2019_102X_upgrade2018_realistic_v20-v3/40000/FB398682-E623-E14C-85B1-68AD6DD71B30.root', 'root://cms-xrd-global.cern.ch//store/mc/RunIIAutumn18NanoAODv6/TTToHadronic_TuneCP5_13TeV-powheg-pythia8/NANOAODSIM/Nano25Oct2019_102X_upgrade2018_realistic_v20-v3/40000/FB5D52FB-B1DB-824C-BF33-2B69F68A3737.root', 'root://cms-xrd-global.cern.ch//store/mc/RunIIAutumn18NanoAODv6/TTToHadronic_TuneCP5_13TeV-powheg-pythia8/NANOAODSIM/Nano25Oct2019_102X_upgrade2018_realistic_v20-v3/60000/01A6EDE4-B4AA-4147-A961-7D59E94C681E.root', 'root://cms-xrd-global.cern.ch//store/mc/RunIIAutumn18NanoAODv6/TTToHadronic_TuneCP5_13TeV-powheg-pythia8/NANOAODSIM/Nano25Oct2019_102X_upgrade2018_realistic_v20-v3/60000/07772A83-28E1-4944-A6F6-7FD3376D18BA.root', 'root://cms-xrd-global.cern.ch//store/mc/RunIIAutumn18NanoAODv6/TTToHadronic_TuneCP5_13TeV-powheg-pythia8/NANOAODSIM/Nano25Oct2019_102X_upgrade2018_realistic_v20-v3/60000/08B988B8-57E3-D242-8A04-08DB0219DA75.root']
>>> outfname     = './pico_etau_etau_16.root'
>>> branchsel    = '/afs/cern.ch/work/l/lvigilan/TauWork/CMSSW_10_6_17_patch1/python/TauFW/PicoProducer/processors/keep_and_drop_skim.txt'
>>> json         = None
>>> prefetch     = False
>>> cwd          = /pool/condor/dir_12018
--------------------------------------------------------------------------------

   ################
   #  ModuleETau  #
   ################

Loading PileupWeightTool for '/afs/cern.ch/work/l/lvigilan/TauWork/CMSSW_10_6_17_patch1/src/TauFW/PicoProducer/data/pileup/Data_PileUp_2018_69p2.root' and '/afs/cern.ch/work/l/lvigilan/TauWork/CMSSW_10_6_17_patch1/src/TauFW/PicoProducer/data/pileup/MC_PileUp_2018_Autumn18.root'
Loading BTagWeightTool for DeepCSV (medium WP)...
>>> BTagTool: [1m[33mWarning! [0m[33mHistogram 'etau/eff_DeepCSV_udsg_medium' does not exist in /afs/cern.ch/work/l/lvigilan/TauWork/CMSSW_10_6_17_patch1/src/TauFW/PicoProducer/data/btag/DeepCSV_2018_Autumn18_eff.root! Reverting to default efficiency histogram...[0m
>>> BTagTool: [1m[33mWarning! [0m[33mHistogram 'etau/eff_DeepCSV_c_medium' does not exist in /afs/cern.ch/work/l/lvigilan/TauWork/CMSSW_10_6_17_patch1/src/TauFW/PicoProducer/data/btag/DeepCSV_2018_Autumn18_eff.root! Reverting to default efficiency histogram...[0m
>>> BTagTool: [1m[33mWarning! [0m[33mHistogram 'etau/eff_DeepCSV_b_medium' does not exist in /afs/cern.ch/work/l/lvigilan/TauWork/CMSSW_10_6_17_patch1/src/TauFW/PicoProducer/data/btag/DeepCSV_2018_Autumn18_eff.root! Reverting to default efficiency histogram...[0m
>>> BTagTool: [1m[33mWarning! [0m[33mMade use of default efficiency histograms! The b tag weights from this module should be regarded as placeholders only,
and should NOT be used for analyses. B (mis)tag efficiencies in MC are analysis dependent. Please create your own
efficiency histogram with data/btag/getBTagEfficiencies.py after running all MC samples with BTagWeightTool.[0m
Loading TreeProducerETau for './pico_etau_etau_16.root'
--------------------------------------------------------------------------------
>>> filename     = './pico_etau_etau_16.root'
>>> year         = 2018
>>> dtype        = 'mc'
>>> channel      = 'etau'
>>> ismc         = True
>>> isdata       = False
>>> isembed      = False
>>> tes          = None
>>> tessys       = None
>>> ltf          = 1.0
>>> jtf          = 1.0
>>> dotoppt      = True
>>> dozpt        = False
>>> dojec        = False
>>> dojecsys     = False
>>> dotight      = False
>>> jetCutPt     = 30
>>> bjetCutEta   = 2.7
>>> tauwp        = 0
>>> eleCutPt     = 33
>>> eleCutEta    = 2.1
>>> tauCutPt     = 20
>>> tauCutEta    = 2.3
Pre-select 1152000 entries out of 1152000 (100.00%)
Processed    10000/ 1152000 entries,  0.87% (elapsed time     2.8s, curr speed    3.629 kHz, avg speed    3.629 kHz), accepted        0/   10001 events ( 0.00%)
Processed    20000/ 1152000 entries,  1.74% (elapsed time     5.4s, curr speed    3.803 kHz, avg speed    3.714 kHz), accepted        0/   20001 events ( 0.00%)
Processed    30000/ 1152000 entries,  2.60% (elapsed time     7.4s, curr speed    4.862 kHz, avg speed    4.031 kHz), accepted        0/   30001 events ( 0.00%)
Processed    40000/ 1152000 entries,  3.47% (elapsed time    10.2s, curr speed    3.583 kHz, avg speed    3.909 kHz), accepted        0/   40001 events ( 0.00%)
Processed    50000/ 1152000 entries,  4.34% (elapsed time    13.6s, curr speed    2.950 kHz, avg speed    3.670 kHz), accepted        0/   50001 events ( 0.00%)
Processed    60000/ 1152000 entries,  5.21% (elapsed time    15.6s, curr speed    5.183 kHz, avg speed    3.858 kHz), accepted        0/   60001 events ( 0.00%)
Processed    70000/ 1152000 entries,  6.08% (elapsed time    17.5s, curr speed    5.151 kHz, avg speed    4.002 kHz), accepted        0/   70001 events ( 0.00%)
Processed    80000/ 1152000 entries,  6.94% (elapsed time    21.2s, curr speed    2.734 kHz, avg speed    3.782 kHz), accepted        0/   80001 events ( 0.00%)
Processed    90000/ 1152000 entries,  7.81% (elapsed time    23.5s, curr speed    4.189 kHz, avg speed    3.824 kHz), accepted        0/   90001 events ( 0.00%)
Processed   100000/ 1152000 entries,  8.68% (elapsed time    27.9s, curr speed    2.273 kHz, avg speed    3.579 kHz), accepted        0/  100001 events ( 0.00%)
Processed   110000/ 1152000 entries,  9.55% (elapsed time    31.5s, curr speed    2.788 kHz, avg speed    3.489 kHz), accepted        0/  110001 events ( 0.00%)
Processed   120000/ 1152000 entries, 10.42% (elapsed time    35.6s, curr speed    2.469 kHz, avg speed    3.373 kHz), accepted        0/  120001 events ( 0.00%)
Processed   130000/ 1152000 entries, 11.28% (elapsed time    38.6s, curr speed    3.343 kHz, avg speed    3.371 kHz), accepted        0/  130001 events ( 0.00%)
Processed   140000/ 1152000 entries, 12.15% (elapsed time    42.4s, curr speed    2.619 kHz, avg speed    3.303 kHz), accepted        0/  140001 events ( 0.00%)
Processed   150000/ 1152000 entries, 13.02% (elapsed time    44.7s, curr speed    4.370 kHz, avg speed    3.358 kHz), accepted        0/  150001 events ( 0.00%)
Processed   160000/ 1152000 entries, 13.89% (elapsed time    47.8s, curr speed    3.166 kHz, avg speed    3.345 kHz), accepted        0/  160001 events ( 0.00%)
Processed   170000/ 1152000 entries, 14.76% (elapsed time    51.5s, curr speed    2.727 kHz, avg speed    3.301 kHz), accepted        0/  170001 events ( 0.00%)
Processed   180000/ 1152000 entries, 15.62% (elapsed time    55.2s, curr speed    2.716 kHz, avg speed    3.262 kHz), accepted        0/  180001 events ( 0.00%)
Processed   190000/ 1152000 entries, 16.49% (elapsed time    57.4s, curr speed    4.445 kHz, avg speed    3.308 kHz), accepted        0/  190001 events ( 0.00%)
Processed   200000/ 1152000 entries, 17.36% (elapsed time    60.6s, curr speed    3.186 kHz, avg speed    3.302 kHz), accepted        0/  200001 events ( 0.00%)
Processed   210000/ 1152000 entries, 18.23% (elapsed time    63.2s, curr speed    3.764 kHz, avg speed    3.322 kHz), accepted        0/  210001 events ( 0.00%)
Processed   220000/ 1152000 entries, 19.10% (elapsed time    65.0s, curr speed    5.759 kHz, avg speed    3.387 kHz), accepted        0/  220001 events ( 0.00%)
Processed   230000/ 1152000 entries, 19.97% (elapsed time    68.0s, curr speed    3.244 kHz, avg speed    3.380 kHz), accepted        0/  230001 events ( 0.00%)
Processed   240000/ 1152000 entries, 20.83% (elapsed time    71.5s, curr speed    2.855 kHz, avg speed    3.355 kHz), accepted        0/  240001 events ( 0.00%)
Processed   250000/ 1152000 entries, 21.70% (elapsed time    72.7s, curr speed    8.488 kHz, avg speed    3.438 kHz), accepted        0/  250001 events ( 0.00%)
Processed   260000/ 1152000 entries, 22.57% (elapsed time    76.9s, curr speed    2.382 kHz, avg speed    3.380 kHz), accepted        0/  260001 events ( 0.00%)
Processed   270000/ 1152000 entries, 23.44% (elapsed time    79.6s, curr speed    3.680 kHz, avg speed    3.390 kHz), accepted        0/  270001 events ( 0.00%)
Processed   280000/ 1152000 entries, 24.31% (elapsed time    82.2s, curr speed    3.883 kHz, avg speed    3.406 kHz), accepted        0/  280001 events ( 0.00%)
Processed   290000/ 1152000 entries, 25.17% (elapsed time    85.2s, curr speed    3.368 kHz, avg speed    3.404 kHz), accepted        0/  290001 events ( 0.00%)
Processed   300000/ 1152000 entries, 26.04% (elapsed time    87.3s, curr speed    4.631 kHz, avg speed    3.435 kHz), accepted        0/  300001 events ( 0.00%)
Processed   310000/ 1152000 entries, 26.91% (elapsed time    90.3s, curr speed    3.390 kHz, avg speed    3.433 kHz), accepted        0/  310001 events ( 0.00%)
Processed   320000/ 1152000 entries, 27.78% (elapsed time    99.8s, curr speed    1.049 kHz, avg speed    3.205 kHz), accepted        2/  320001 events ( 0.00%)
Processed   330000/ 1152000 entries, 28.65% (elapsed time   104.0s, curr speed    2.410 kHz, avg speed    3.174 kHz), accepted        2/  330001 events ( 0.00%)
Processed   340000/ 1152000 entries, 29.51% (elapsed time   106.4s, curr speed    4.215 kHz, avg speed    3.197 kHz), accepted        2/  340001 events ( 0.00%)
Processed   350000/ 1152000 entries, 30.38% (elapsed time   109.7s, curr speed    2.999 kHz, avg speed    3.191 kHz), accepted        2/  350001 events ( 0.00%)
Processed   360000/ 1152000 entries, 31.25% (elapsed time   112.8s, curr speed    3.242 kHz, avg speed    3.192 kHz), accepted        2/  360001 events ( 0.00%)
Processed   370000/ 1152000 entries, 32.12% (elapsed time   116.4s, curr speed    2.745 kHz, avg speed    3.178 kHz), accepted        2/  370001 events ( 0.00%)
Processed   380000/ 1152000 entries, 32.99% (elapsed time   119.4s, curr speed    3.403 kHz, avg speed    3.184 kHz), accepted        2/  380001 events ( 0.00%)
Processed   390000/ 1152000 entries, 33.85% (elapsed time   122.3s, curr speed    3.351 kHz, avg speed    3.188 kHz), accepted        2/  390001 events ( 0.00%)
Processed   400000/ 1152000 entries, 34.72% (elapsed time   123.5s, curr speed    8.808 kHz, avg speed    3.240 kHz), accepted        2/  400001 events ( 0.00%)
Processed   410000/ 1152000 entries, 35.59% (elapsed time   126.4s, curr speed    3.380 kHz, avg speed    3.243 kHz), accepted        2/  410001 events ( 0.00%)
Processed   420000/ 1152000 entries, 36.46% (elapsed time   129.4s, curr speed    3.324 kHz, avg speed    3.245 kHz), accepted        2/  420001 events ( 0.00%)
Processed   430000/ 1152000 entries, 37.33% (elapsed time   131.9s, curr speed    4.107 kHz, avg speed    3.261 kHz), accepted        2/  430001 events ( 0.00%)
Processed   440000/ 1152000 entries, 38.19% (elapsed time   134.1s, curr speed    4.479 kHz, avg speed    3.281 kHz), accepted        2/  440001 events ( 0.00%)
Processed   450000/ 1152000 entries, 39.06% (elapsed time   137.2s, curr speed    3.199 kHz, avg speed    3.279 kHz), accepted        2/  450001 events ( 0.00%)
Processed   460000/ 1152000 entries, 39.93% (elapsed time   139.5s, curr speed    4.452 kHz, avg speed    3.298 kHz), accepted        2/  460001 events ( 0.00%)
Processed   470000/ 1152000 entries, 40.80% (elapsed time   142.1s, curr speed    3.861 kHz, avg speed    3.308 kHz), accepted        2/  470001 events ( 0.00%)
Processed   480000/ 1152000 entries, 41.67% (elapsed time   148.5s, curr speed    1.559 kHz, avg speed    3.233 kHz), accepted        3/  480001 events ( 0.00%)
Processed   490000/ 1152000 entries, 42.53% (elapsed time   150.6s, curr speed    4.633 kHz, avg speed    3.253 kHz), accepted        3/  490001 events ( 0.00%)
Processed   500000/ 1152000 entries, 43.40% (elapsed time   153.6s, curr speed    3.411 kHz, avg speed    3.256 kHz), accepted        3/  500001 events ( 0.00%)
Processed   510000/ 1152000 entries, 44.27% (elapsed time   157.4s, curr speed    2.647 kHz, avg speed    3.241 kHz), accepted        3/  510001 events ( 0.00%)
Processed   520000/ 1152000 entries, 45.14% (elapsed time   159.0s, curr speed    6.105 kHz, avg speed    3.271 kHz), accepted        3/  520001 events ( 0.00%)
Processed   530000/ 1152000 entries, 46.01% (elapsed time   162.1s, curr speed    3.266 kHz, avg speed    3.271 kHz), accepted        3/  530001 events ( 0.00%)
Processed   540000/ 1152000 entries, 46.88% (elapsed time   164.9s, curr speed    3.512 kHz, avg speed    3.275 kHz), accepted        3/  540001 events ( 0.00%)
Processed   550000/ 1152000 entries, 47.74% (elapsed time   168.3s, curr speed    2.952 kHz, avg speed    3.268 kHz), accepted        3/  550001 events ( 0.00%)
Processed   560000/ 1152000 entries, 48.61% (elapsed time   171.3s, curr speed    3.295 kHz, avg speed    3.269 kHz), accepted        3/  560001 events ( 0.00%)
Processed   570000/ 1152000 entries, 49.48% (elapsed time   174.4s, curr speed    3.252 kHz, avg speed    3.268 kHz), accepted        3/  570001 events ( 0.00%)
Processed   580000/ 1152000 entries, 50.35% (elapsed time   178.4s, curr speed    2.520 kHz, avg speed    3.252 kHz), accepted        3/  580001 events ( 0.00%)
Processed   590000/ 1152000 entries, 51.22% (elapsed time   180.7s, curr speed    4.320 kHz, avg speed    3.265 kHz), accepted        3/  590001 events ( 0.00%)
Processed   600000/ 1152000 entries, 52.08% (elapsed time   182.5s, curr speed    5.609 kHz, avg speed    3.288 kHz), accepted        3/  600001 events ( 0.00%)
Processed   610000/ 1152000 entries, 52.95% (elapsed time   184.8s, curr speed    4.223 kHz, avg speed    3.300 kHz), accepted        3/  610001 events ( 0.00%)
Processed   620000/ 1152000 entries, 53.82% (elapsed time   188.5s, curr speed    2.749 kHz, avg speed    3.290 kHz), accepted        3/  620001 events ( 0.00%)
Processed   630000/ 1152000 entries, 54.69% (elapsed time   191.0s, curr speed    3.932 kHz, avg speed    3.298 kHz), accepted        3/  630001 events ( 0.00%)
Processed   640000/ 1152000 entries, 55.56% (elapsed time   193.3s, curr speed    4.286 kHz, avg speed    3.310 kHz), accepted        3/  640001 events ( 0.00%)
Processed   650000/ 1152000 entries, 56.42% (elapsed time   196.4s, curr speed    3.282 kHz, avg speed    3.310 kHz), accepted        3/  650001 events ( 0.00%)
Processed   660000/ 1152000 entries, 57.29% (elapsed time   199.6s, curr speed    3.074 kHz, avg speed    3.306 kHz), accepted        3/  660001 events ( 0.00%)
Processed   670000/ 1152000 entries, 58.16% (elapsed time   202.5s, curr speed    3.531 kHz, avg speed    3.309 kHz), accepted        3/  670001 events ( 0.00%)
Processed   680000/ 1152000 entries, 59.03% (elapsed time   204.8s, curr speed    4.228 kHz, avg speed    3.320 kHz), accepted        3/  680001 events ( 0.00%)
Processed   690000/ 1152000 entries, 59.90% (elapsed time   206.7s, curr speed    5.298 kHz, avg speed    3.338 kHz), accepted        3/  690001 events ( 0.00%)
Processed   700000/ 1152000 entries, 60.76% (elapsed time   209.5s, curr speed    3.566 kHz, avg speed    3.341 kHz), accepted        3/  700001 events ( 0.00%)
Processed   710000/ 1152000 entries, 61.63% (elapsed time   211.5s, curr speed    4.972 kHz, avg speed    3.356 kHz), accepted        3/  710001 events ( 0.00%)
Processed   720000/ 1152000 entries, 62.50% (elapsed time   212.8s, curr speed    8.054 kHz, avg speed    3.384 kHz), accepted        3/  720001 events ( 0.00%)
Processed   730000/ 1152000 entries, 63.37% (elapsed time   215.5s, curr speed    3.746 kHz, avg speed    3.388 kHz), accepted        3/  730001 events ( 0.00%)
Processed   740000/ 1152000 entries, 64.24% (elapsed time   218.8s, curr speed    3.004 kHz, avg speed    3.382 kHz), accepted        3/  740001 events ( 0.00%)
Processed   750000/ 1152000 entries, 65.10% (elapsed time   220.6s, curr speed    5.467 kHz, avg speed    3.400 kHz), accepted        3/  750001 events ( 0.00%)
Processed   760000/ 1152000 entries, 65.97% (elapsed time   226.9s, curr speed    1.584 kHz, avg speed    3.349 kHz), accepted        4/  760001 events ( 0.00%)
Processed   770000/ 1152000 entries, 66.84% (elapsed time   230.0s, curr speed    3.305 kHz, avg speed    3.348 kHz), accepted        4/  770001 events ( 0.00%)
Processed   780000/ 1152000 entries, 67.71% (elapsed time   233.5s, curr speed    2.826 kHz, avg speed    3.341 kHz), accepted        4/  780001 events ( 0.00%)
Processed   790000/ 1152000 entries, 68.58% (elapsed time   235.1s, curr speed    6.378 kHz, avg speed    3.361 kHz), accepted        4/  790001 events ( 0.00%)
Processed   800000/ 1152000 entries, 69.44% (elapsed time   238.9s, curr speed    2.617 kHz, avg speed    3.349 kHz), accepted        4/  800001 events ( 0.00%)
Processed   810000/ 1152000 entries, 70.31% (elapsed time   241.9s, curr speed    3.323 kHz, avg speed    3.349 kHz), accepted        4/  810001 events ( 0.00%)
Processed   820000/ 1152000 entries, 71.18% (elapsed time   244.0s, curr speed    4.711 kHz, avg speed    3.360 kHz), accepted        4/  820001 events ( 0.00%)
Processed   830000/ 1152000 entries, 72.05% (elapsed time   246.2s, curr speed    4.620 kHz, avg speed    3.372 kHz), accepted        4/  830001 events ( 0.00%)
Processed   840000/ 1152000 entries, 72.92% (elapsed time   248.5s, curr speed    4.391 kHz, avg speed    3.381 kHz), accepted        4/  840001 events ( 0.00%)
Processed   850000/ 1152000 entries, 73.78% (elapsed time   251.5s, curr speed    3.237 kHz, avg speed    3.379 kHz), accepted        4/  850001 events ( 0.00%)
Processed   860000/ 1152000 entries, 74.65% (elapsed time   253.5s, curr speed    5.206 kHz, avg speed    3.393 kHz), accepted        4/  860001 events ( 0.00%)
Processed   870000/ 1152000 entries, 75.52% (elapsed time   257.4s, curr speed    2.544 kHz, avg speed    3.380 kHz), accepted        4/  870001 events ( 0.00%)
Processed   880000/ 1152000 entries, 76.39% (elapsed time   259.2s, curr speed    5.595 kHz, avg speed    3.395 kHz), accepted        4/  880001 events ( 0.00%)
Processed   890000/ 1152000 entries, 77.26% (elapsed time   261.7s, curr speed    3.923 kHz, avg speed    3.400 kHz), accepted        4/  890001 events ( 0.00%)
Processed   900000/ 1152000 entries, 78.12% (elapsed time   265.6s, curr speed    2.563 kHz, avg speed    3.388 kHz), accepted        4/  900001 events ( 0.00%)
Processed   910000/ 1152000 entries, 78.99% (elapsed time   267.4s, curr speed    5.649 kHz, avg speed    3.403 kHz), accepted        4/  910001 events ( 0.00%)
Processed   920000/ 1152000 entries, 79.86% (elapsed time   270.6s, curr speed    3.143 kHz, avg speed    3.400 kHz), accepted        4/  920001 events ( 0.00%)
Processed   930000/ 1152000 entries, 80.73% (elapsed time   273.6s, curr speed    3.273 kHz, avg speed    3.399 kHz), accepted        4/  930001 events ( 0.00%)
Processed   940000/ 1152000 entries, 81.60% (elapsed time   276.9s, curr speed    3.099 kHz, avg speed    3.395 kHz), accepted        4/  940001 events ( 0.00%)
Processed   950000/ 1152000 entries, 82.47% (elapsed time   279.8s, curr speed    3.423 kHz, avg speed    3.395 kHz), accepted        4/  950001 events ( 0.00%)
Processed   960000/ 1152000 entries, 83.33% (elapsed time   285.8s, curr speed    1.658 kHz, avg speed    3.359 kHz), accepted        5/  960001 events ( 0.00%)
Processed   970000/ 1152000 entries, 84.20% (elapsed time   288.1s, curr speed    4.420 kHz, avg speed    3.367 kHz), accepted        5/  970001 events ( 0.00%)
Processed   980000/ 1152000 entries, 85.07% (elapsed time   291.5s, curr speed    2.965 kHz, avg speed    3.362 kHz), accepted        5/  980001 events ( 0.00%)
Processed   990000/ 1152000 entries, 85.94% (elapsed time   294.4s, curr speed    3.380 kHz, avg speed    3.363 kHz), accepted        5/  990001 events ( 0.00%)
Processed  1000000/ 1152000 entries, 86.81% (elapsed time   296.7s, curr speed    4.443 kHz, avg speed    3.371 kHz), accepted        5/ 1000001 events ( 0.00%)
Processed  1010000/ 1152000 entries, 87.67% (elapsed time   300.1s, curr speed    2.899 kHz, avg speed    3.365 kHz), accepted        5/ 1010001 events ( 0.00%)
Processed  1020000/ 1152000 entries, 88.54% (elapsed time   303.0s, curr speed    3.441 kHz, avg speed    3.366 kHz), accepted        5/ 1020001 events ( 0.00%)
Processed  1030000/ 1152000 entries, 89.41% (elapsed time   304.5s, curr speed    6.795 kHz, avg speed    3.383 kHz), accepted        5/ 1030001 events ( 0.00%)
Processed  1040000/ 1152000 entries, 90.28% (elapsed time   307.7s, curr speed    3.115 kHz, avg speed    3.380 kHz), accepted        5/ 1040001 events ( 0.00%)
Processed  1050000/ 1152000 entries, 91.15% (elapsed time   310.2s, curr speed    3.976 kHz, avg speed    3.385 kHz), accepted        5/ 1050001 events ( 0.00%)
Processed  1060000/ 1152000 entries, 92.01% (elapsed time   315.5s, curr speed    1.877 kHz, avg speed    3.359 kHz), accepted        5/ 1060001 events ( 0.00%)
Processed  1070000/ 1152000 entries, 92.88% (elapsed time   318.0s, curr speed    4.002 kHz, avg speed    3.364 kHz), accepted        5/ 1070001 events ( 0.00%)
Processed  1080000/ 1152000 entries, 93.75% (elapsed time   320.6s, curr speed    3.869 kHz, avg speed    3.368 kHz), accepted        5/ 1080001 events ( 0.00%)
Processed  1090000/ 1152000 entries, 94.62% (elapsed time   323.6s, curr speed    3.360 kHz, avg speed    3.368 kHz), accepted        5/ 1090001 events ( 0.00%)
Processed  1100000/ 1152000 entries, 95.49% (elapsed time   326.9s, curr speed    3.001 kHz, avg speed    3.365 kHz), accepted        5/ 1100001 events ( 0.00%)
Processed  1110000/ 1152000 entries, 96.35% (elapsed time   329.2s, curr speed    4.361 kHz, avg speed    3.371 kHz), accepted        5/ 1110001 events ( 0.00%)
Processed  1120000/ 1152000 entries, 97.22% (elapsed time   333.4s, curr speed    2.377 kHz, avg speed    3.359 kHz), accepted        5/ 1120001 events ( 0.00%)
Processed  1130000/ 1152000 entries, 98.09% (elapsed time   335.8s, curr speed    4.322 kHz, avg speed    3.366 kHz), accepted        5/ 1130001 events ( 0.00%)
Processed  1140000/ 1152000 entries, 98.96% (elapsed time   338.4s, curr speed    3.717 kHz, avg speed    3.368 kHz), accepted        5/ 1140001 events ( 0.00%)
Processed  1150000/ 1152000 entries, 99.83% (elapsed time   342.3s, curr speed    2.570 kHz, avg speed    3.359 kHz), accepted        5/ 1150001 events ( 0.00%)
Processed 1152000 preselected entries from root://cms-xrd-global.cern.ch//store/mc/RunIIAutumn18NanoAODv6/TTToHadronic_TuneCP5_13TeV-powheg-pythia8/NANOAODSIM/Nano25Oct2019_102X_upgrade2018_realistic_v20-v3/40000/FB398682-E623-E14C-85B1-68AD6DD71B30.root (1152000 entries). Finally selected 5 entries
Pre-select 1056000 entries out of 1056000 (100.00%)
Processed    10000/ 1056000 entries,  0.95% (elapsed time     4.1s, curr speed    2.433 kHz, avg speed    2.433 kHz), accepted        0/   10001 events ( 0.00%)
Processed    20000/ 1056000 entries,  1.89% (elapsed time     5.1s, curr speed   10.147 kHz, avg speed    3.925 kHz), accepted        0/   20001 events ( 0.00%)
Processed    30000/ 1056000 entries,  2.84% (elapsed time     8.1s, curr speed    3.364 kHz, avg speed    3.719 kHz), accepted        0/   30001 events ( 0.00%)
Processed    40000/ 1056000 entries,  3.79% (elapsed time    10.4s, curr speed    4.297 kHz, avg speed    3.848 kHz), accepted        0/   40001 events ( 0.00%)
Processed    50000/ 1056000 entries,  4.73% (elapsed time    14.2s, curr speed    2.662 kHz, avg speed    3.533 kHz), accepted        0/   50001 events ( 0.00%)
Processed    60000/ 1056000 entries,  5.68% (elapsed time    15.8s, curr speed    6.218 kHz, avg speed    3.807 kHz), accepted        0/   60001 events ( 0.00%)
Processed    70000/ 1056000 entries,  6.63% (elapsed time    18.1s, curr speed    4.209 kHz, avg speed    3.860 kHz), accepted        0/   70001 events ( 0.00%)
Processed    80000/ 1056000 entries,  7.58% (elapsed time    25.3s, curr speed    1.396 kHz, avg speed    3.162 kHz), accepted        1/   80001 events ( 0.00%)
Processed    90000/ 1056000 entries,  8.52% (elapsed time    28.4s, curr speed    3.247 kHz, avg speed    3.171 kHz), accepted        1/   90001 events ( 0.00%)
Processed   100000/ 1056000 entries,  9.47% (elapsed time    30.9s, curr speed    3.890 kHz, avg speed    3.231 kHz), accepted        1/  100001 events ( 0.00%)
Processed   110000/ 1056000 entries, 10.42% (elapsed time    32.8s, curr speed    5.480 kHz, avg speed    3.356 kHz), accepted        1/  110001 events ( 0.00%)
Processed   120000/ 1056000 entries, 11.36% (elapsed time    36.1s, curr speed    3.035 kHz, avg speed    3.327 kHz), accepted        1/  120001 events ( 0.00%)
Processed   130000/ 1056000 entries, 12.31% (elapsed time    42.6s, curr speed    1.527 kHz, avg speed    3.050 kHz), accepted        2/  130001 events ( 0.00%)
Processed   140000/ 1056000 entries, 13.26% (elapsed time    44.7s, curr speed    4.830 kHz, avg speed    3.133 kHz), accepted        2/  140001 events ( 0.00%)
Processed   150000/ 1056000 entries, 14.20% (elapsed time    47.1s, curr speed    4.066 kHz, avg speed    3.181 kHz), accepted        2/  150001 events ( 0.00%)
Processed   160000/ 1056000 entries, 15.15% (elapsed time    49.2s, curr speed    4.816 kHz, avg speed    3.250 kHz), accepted        2/  160001 events ( 0.00%)
Processed   170000/ 1056000 entries, 16.10% (elapsed time    52.6s, curr speed    2.991 kHz, avg speed    3.234 kHz), accepted        2/  170001 events ( 0.00%)
Processed   180000/ 1056000 entries, 17.05% (elapsed time    54.1s, curr speed    6.723 kHz, avg speed    3.330 kHz), accepted        2/  180001 events ( 0.00%)
Processed   190000/ 1056000 entries, 17.99% (elapsed time    57.1s, curr speed    3.238 kHz, avg speed    3.325 kHz), accepted        2/  190001 events ( 0.00%)
Processed   200000/ 1056000 entries, 18.94% (elapsed time    60.0s, curr speed    3.457 kHz, avg speed    3.331 kHz), accepted        2/  200001 events ( 0.00%)
Processed   210000/ 1056000 entries, 19.89% (elapsed time    62.5s, curr speed    3.993 kHz, avg speed    3.358 kHz), accepted        2/  210001 events ( 0.00%)
Processed   220000/ 1056000 entries, 20.83% (elapsed time    66.1s, curr speed    2.829 kHz, avg speed    3.330 kHz), accepted        2/  220001 events ( 0.00%)
Processed   230000/ 1056000 entries, 21.78% (elapsed time    68.7s, curr speed    3.850 kHz, avg speed    3.349 kHz), accepted        2/  230001 events ( 0.00%)
Processed   240000/ 1056000 entries, 22.73% (elapsed time    70.0s, curr speed    7.298 kHz, avg speed    3.426 kHz), accepted        2/  240001 events ( 0.00%)
Processed   250000/ 1056000 entries, 23.67% (elapsed time    72.3s, curr speed    4.352 kHz, avg speed    3.456 kHz), accepted        2/  250001 events ( 0.00%)
Processed   260000/ 1056000 entries, 24.62% (elapsed time    74.2s, curr speed    5.515 kHz, avg speed    3.506 kHz), accepted        2/  260001 events ( 0.00%)
Processed   270000/ 1056000 entries, 25.57% (elapsed time    77.0s, curr speed    3.484 kHz, avg speed    3.505 kHz), accepted        2/  270001 events ( 0.00%)
Processed   280000/ 1056000 entries, 26.52% (elapsed time    79.9s, curr speed    3.532 kHz, avg speed    3.506 kHz), accepted        2/  280001 events ( 0.00%)
Processed   290000/ 1056000 entries, 27.46% (elapsed time    83.4s, curr speed    2.784 kHz, avg speed    3.475 kHz), accepted        2/  290001 events ( 0.00%)
Processed   300000/ 1056000 entries, 28.41% (elapsed time    85.1s, curr speed    5.959 kHz, avg speed    3.524 kHz), accepted        2/  300001 events ( 0.00%)
Processed   310000/ 1056000 entries, 29.36% (elapsed time    88.9s, curr speed    2.629 kHz, avg speed    3.486 kHz), accepted        2/  310001 events ( 0.00%)
Processed   320000/ 1056000 entries, 30.30% (elapsed time    91.9s, curr speed    3.401 kHz, avg speed    3.483 kHz), accepted        2/  320001 events ( 0.00%)
Processed   330000/ 1056000 entries, 31.25% (elapsed time    94.7s, curr speed    3.544 kHz, avg speed    3.485 kHz), accepted        2/  330001 events ( 0.00%)
Processed   340000/ 1056000 entries, 32.20% (elapsed time    98.4s, curr speed    2.697 kHz, avg speed    3.455 kHz), accepted        2/  340001 events ( 0.00%)
Processed   350000/ 1056000 entries, 33.14% (elapsed time   101.2s, curr speed    3.509 kHz, avg speed    3.457 kHz), accepted        2/  350001 events ( 0.00%)
Processed   360000/ 1056000 entries, 34.09% (elapsed time   102.7s, curr speed    6.702 kHz, avg speed    3.504 kHz), accepted        2/  360001 events ( 0.00%)
Processed   370000/ 1056000 entries, 35.04% (elapsed time   104.4s, curr speed    6.092 kHz, avg speed    3.545 kHz), accepted        2/  370001 events ( 0.00%)
Processed   380000/ 1056000 entries, 35.98% (elapsed time   108.7s, curr speed    2.319 kHz, avg speed    3.496 kHz), accepted        2/  380001 events ( 0.00%)
Processed   390000/ 1056000 entries, 36.93% (elapsed time   110.8s, curr speed    4.704 kHz, avg speed    3.519 kHz), accepted        2/  390001 events ( 0.00%)
Processed   400000/ 1056000 entries, 37.88% (elapsed time   113.8s, curr speed    3.410 kHz, avg speed    3.516 kHz), accepted        2/  400001 events ( 0.00%)
Processed   410000/ 1056000 entries, 38.83% (elapsed time   117.0s, curr speed    3.108 kHz, avg speed    3.505 kHz), accepted        2/  410001 events ( 0.00%)
Processed   420000/ 1056000 entries, 39.77% (elapsed time   121.0s, curr speed    2.463 kHz, avg speed    3.470 kHz), accepted        2/  420001 events ( 0.00%)
Processed   430000/ 1056000 entries, 40.72% (elapsed time   124.1s, curr speed    3.293 kHz, avg speed    3.466 kHz), accepted        2/  430001 events ( 0.00%)
Processed   440000/ 1056000 entries, 41.67% (elapsed time   127.1s, curr speed    3.281 kHz, avg speed    3.461 kHz), accepted        2/  440001 events ( 0.00%)
Processed   450000/ 1056000 entries, 42.61% (elapsed time   133.1s, curr speed    1.672 kHz, avg speed    3.381 kHz), accepted        3/  450001 events ( 0.00%)
Processed   460000/ 1056000 entries, 43.56% (elapsed time   135.3s, curr speed    4.588 kHz, avg speed    3.400 kHz), accepted        3/  460001 events ( 0.00%)
Processed   470000/ 1056000 entries, 44.51% (elapsed time   137.7s, curr speed    4.088 kHz, avg speed    3.413 kHz), accepted        3/  470001 events ( 0.00%)
Processed   480000/ 1056000 entries, 45.45% (elapsed time   138.9s, curr speed    8.247 kHz, avg speed    3.455 kHz), accepted        3/  480001 events ( 0.00%)
Processed   490000/ 1056000 entries, 46.40% (elapsed time   140.5s, curr speed    6.542 kHz, avg speed    3.488 kHz), accepted        3/  490001 events ( 0.00%)
Processed   500000/ 1056000 entries, 47.35% (elapsed time   142.7s, curr speed    4.510 kHz, avg speed    3.504 kHz), accepted        3/  500001 events ( 0.00%)
Processed   510000/ 1056000 entries, 48.30% (elapsed time   145.5s, curr speed    3.605 kHz, avg speed    3.506 kHz), accepted        3/  510001 events ( 0.00%)
Processed   520000/ 1056000 entries, 49.24% (elapsed time   149.5s, curr speed    2.455 kHz, avg speed    3.478 kHz), accepted        3/  520001 events ( 0.00%)
Processed   530000/ 1056000 entries, 50.19% (elapsed time   153.0s, curr speed    2.889 kHz, avg speed    3.464 kHz), accepted        3/  530001 events ( 0.00%)
Processed   540000/ 1056000 entries, 51.14% (elapsed time   155.5s, curr speed    3.982 kHz, avg speed    3.473 kHz), accepted        3/  540001 events ( 0.00%)
Processed   550000/ 1056000 entries, 52.08% (elapsed time   157.6s, curr speed    4.813 kHz, avg speed    3.490 kHz), accepted        3/  550001 events ( 0.00%)
Processed   560000/ 1056000 entries, 53.03% (elapsed time   159.3s, curr speed    5.829 kHz, avg speed    3.516 kHz), accepted        3/  560001 events ( 0.00%)
Processed   570000/ 1056000 entries, 53.98% (elapsed time   163.3s, curr speed    2.479 kHz, avg speed    3.490 kHz), accepted        3/  570001 events ( 0.00%)
Processed   580000/ 1056000 entries, 54.92% (elapsed time   165.6s, curr speed    4.396 kHz, avg speed    3.502 kHz), accepted        3/  580001 events ( 0.00%)
Processed   590000/ 1056000 entries, 55.87% (elapsed time   168.3s, curr speed    3.656 kHz, avg speed    3.505 kHz), accepted        3/  590001 events ( 0.00%)
Processed   600000/ 1056000 entries, 56.82% (elapsed time   169.4s, curr speed    9.111 kHz, avg speed    3.541 kHz), accepted        3/  600001 events ( 0.00%)
Processed   610000/ 1056000 entries, 57.77% (elapsed time   172.3s, curr speed    3.539 kHz, avg speed    3.541 kHz), accepted        3/  610001 events ( 0.00%)
Processed   620000/ 1056000 entries, 58.71% (elapsed time   176.3s, curr speed    2.455 kHz, avg speed    3.516 kHz), accepted        3/  620001 events ( 0.00%)
Processed   630000/ 1056000 entries, 59.66% (elapsed time   178.8s, curr speed    4.043 kHz, avg speed    3.523 kHz), accepted        3/  630001 events ( 0.00%)
Processed   640000/ 1056000 entries, 60.61% (elapsed time   180.2s, curr speed    6.937 kHz, avg speed    3.551 kHz), accepted        3/  640001 events ( 0.00%)
Processed   650000/ 1056000 entries, 61.55% (elapsed time   182.8s, curr speed    3.932 kHz, avg speed    3.556 kHz), accepted        3/  650001 events ( 0.00%)
Processed   660000/ 1056000 entries, 62.50% (elapsed time   184.6s, curr speed    5.389 kHz, avg speed    3.574 kHz), accepted        3/  660001 events ( 0.00%)
Processed   670000/ 1056000 entries, 63.45% (elapsed time   188.3s, curr speed    2.706 kHz, avg speed    3.557 kHz), accepted        3/  670001 events ( 0.00%)
Processed   680000/ 1056000 entries, 64.39% (elapsed time   192.4s, curr speed    2.438 kHz, avg speed    3.534 kHz), accepted        3/  680001 events ( 0.00%)
Processed   690000/ 1056000 entries, 65.34% (elapsed time   194.9s, curr speed    4.086 kHz, avg speed    3.540 kHz), accepted        3/  690001 events ( 0.00%)
Processed   700000/ 1056000 entries, 66.29% (elapsed time   196.9s, curr speed    4.959 kHz, avg speed    3.555 kHz), accepted        3/  700001 events ( 0.00%)
Processed   710000/ 1056000 entries, 67.23% (elapsed time   204.1s, curr speed    1.390 kHz, avg speed    3.479 kHz), accepted        4/  710001 events ( 0.00%)
Processed   720000/ 1056000 entries, 68.18% (elapsed time   207.1s, curr speed    3.390 kHz, avg speed    3.477 kHz), accepted        4/  720001 events ( 0.00%)
Processed   730000/ 1056000 entries, 69.13% (elapsed time   209.3s, curr speed    4.430 kHz, avg speed    3.488 kHz), accepted        4/  730001 events ( 0.00%)
Processed   740000/ 1056000 entries, 70.08% (elapsed time   212.1s, curr speed    3.564 kHz, avg speed    3.489 kHz), accepted        4/  740001 events ( 0.00%)
Processed   750000/ 1056000 entries, 71.02% (elapsed time   214.4s, curr speed    4.389 kHz, avg speed    3.498 kHz), accepted        4/  750001 events ( 0.00%)
Processed   760000/ 1056000 entries, 71.97% (elapsed time   216.6s, curr speed    4.558 kHz, avg speed    3.509 kHz), accepted        4/  760001 events ( 0.00%)
Processed   770000/ 1056000 entries, 72.92% (elapsed time   218.7s, curr speed    4.679 kHz, avg speed    3.520 kHz), accepted        4/  770001 events ( 0.00%)
Processed   780000/ 1056000 entries, 73.86% (elapsed time   222.1s, curr speed    3.005 kHz, avg speed    3.513 kHz), accepted        4/  780001 events ( 0.00%)
Processed   790000/ 1056000 entries, 74.81% (elapsed time   226.1s, curr speed    2.500 kHz, avg speed    3.495 kHz), accepted        4/  790001 events ( 0.00%)
Processed   800000/ 1056000 entries, 75.76% (elapsed time   227.0s, curr speed   10.211 kHz, avg speed    3.524 kHz), accepted        4/  800001 events ( 0.00%)
Processed   810000/ 1056000 entries, 76.70% (elapsed time   230.8s, curr speed    2.638 kHz, avg speed    3.509 kHz), accepted        4/  810001 events ( 0.00%)
Processed   820000/ 1056000 entries, 77.65% (elapsed time   234.4s, curr speed    2.785 kHz, avg speed    3.498 kHz), accepted        4/  820001 events ( 0.00%)
Processed   830000/ 1056000 entries, 78.60% (elapsed time   238.0s, curr speed    2.816 kHz, avg speed    3.488 kHz), accepted        4/  830001 events ( 0.00%)
Processed   840000/ 1056000 entries, 79.55% (elapsed time   240.9s, curr speed    3.430 kHz, avg speed    3.487 kHz), accepted        4/  840001 events ( 0.00%)
Processed   850000/ 1056000 entries, 80.49% (elapsed time   243.7s, curr speed    3.516 kHz, avg speed    3.488 kHz), accepted        4/  850001 events ( 0.00%)
Processed   860000/ 1056000 entries, 81.44% (elapsed time   247.7s, curr speed    2.491 kHz, avg speed    3.471 kHz), accepted        4/  860001 events ( 0.00%)
Processed   870000/ 1056000 entries, 82.39% (elapsed time   250.4s, curr speed    3.709 kHz, avg speed    3.474 kHz), accepted        4/  870001 events ( 0.00%)
Processed   880000/ 1056000 entries, 83.33% (elapsed time   256.2s, curr speed    1.745 kHz, avg speed    3.435 kHz), accepted        4/  880001 events ( 0.00%)
Processed   890000/ 1056000 entries, 84.28% (elapsed time   260.7s, curr speed    2.191 kHz, avg speed    3.414 kHz), accepted        4/  890001 events ( 0.00%)
Processed   900000/ 1056000 entries, 85.23% (elapsed time   266.2s, curr speed    1.828 kHz, avg speed    3.381 kHz), accepted        4/  900001 events ( 0.00%)
Processed   910000/ 1056000 entries, 86.17% (elapsed time   270.0s, curr speed    2.607 kHz, avg speed    3.370 kHz), accepted        4/  910001 events ( 0.00%)
Processed   920000/ 1056000 entries, 87.12% (elapsed time   276.2s, curr speed    1.622 kHz, avg speed    3.331 kHz), accepted        4/  920001 events ( 0.00%)
Processed   930000/ 1056000 entries, 88.07% (elapsed time   280.1s, curr speed    2.555 kHz, avg speed    3.320 kHz), accepted        4/  930001 events ( 0.00%)
Processed   940000/ 1056000 entries, 89.02% (elapsed time   282.8s, curr speed    3.707 kHz, avg speed    3.324 kHz), accepted        4/  940001 events ( 0.00%)
Processed   950000/ 1056000 entries, 89.96% (elapsed time   283.5s, curr speed   13.882 kHz, avg speed    3.351 kHz), accepted        4/  950001 events ( 0.00%)
Processed   960000/ 1056000 entries, 90.91% (elapsed time   285.5s, curr speed    4.983 kHz, avg speed    3.362 kHz), accepted        4/  960001 events ( 0.00%)
Processed   970000/ 1056000 entries, 91.86% (elapsed time   288.7s, curr speed    3.202 kHz, avg speed    3.360 kHz), accepted        4/  970001 events ( 0.00%)
Processed   980000/ 1056000 entries, 92.80% (elapsed time   291.0s, curr speed    4.239 kHz, avg speed    3.367 kHz), accepted        4/  980001 events ( 0.00%)
Processed   990000/ 1056000 entries, 93.75% (elapsed time   294.8s, curr speed    2.672 kHz, avg speed    3.359 kHz), accepted        4/  990001 events ( 0.00%)
Processed  1000000/ 1056000 entries, 94.70% (elapsed time   297.8s, curr speed    3.297 kHz, avg speed    3.358 kHz), accepted        4/ 1000001 events ( 0.00%)
Processed  1010000/ 1056000 entries, 95.64% (elapsed time   301.2s, curr speed    2.967 kHz, avg speed    3.354 kHz), accepted        4/ 1010001 events ( 0.00%)
Processed  1020000/ 1056000 entries, 96.59% (elapsed time   304.1s, curr speed    3.404 kHz, avg speed    3.354 kHz), accepted        4/ 1020001 events ( 0.00%)
Processed  1030000/ 1056000 entries, 97.54% (elapsed time   308.2s, curr speed    2.456 kHz, avg speed    3.342 kHz), accepted        4/ 1030001 events ( 0.00%)
Processed  1040000/ 1056000 entries, 98.48% (elapsed time   310.1s, curr speed    5.076 kHz, avg speed    3.353 kHz), accepted        4/ 1040001 events ( 0.00%)
Processed  1050000/ 1056000 entries, 99.43% (elapsed time   313.6s, curr speed    2.876 kHz, avg speed    3.348 kHz), accepted        4/ 1050001 events ( 0.00%)
Processed 1056000 preselected entries from root://cms-xrd-global.cern.ch//store/mc/RunIIAutumn18NanoAODv6/TTToHadronic_TuneCP5_13TeV-powheg-pythia8/NANOAODSIM/Nano25Oct2019_102X_upgrade2018_realistic_v20-v3/40000/FB5D52FB-B1DB-824C-BF33-2B69F68A3737.root (1056000 entries). Finally selected 4 entries
Pre-select 1536000 entries out of 1536000 (100.00%)
Processed    10000/ 1536000 entries,  0.65% (elapsed time    23.6s, curr speed    0.424 kHz, avg speed    0.424 kHz), accepted        0/   10001 events ( 0.00%)
Processed    20000/ 1536000 entries,  1.30% (elapsed time    37.7s, curr speed    0.710 kHz, avg speed    0.531 kHz), accepted        0/   20001 events ( 0.00%)
Processed    30000/ 1536000 entries,  1.95% (elapsed time    58.6s, curr speed    0.477 kHz, avg speed    0.512 kHz), accepted        0/   30001 events ( 0.00%)
Processed    40000/ 1536000 entries,  2.60% (elapsed time    78.6s, curr speed    0.500 kHz, avg speed    0.509 kHz), accepted        0/   40001 events ( 0.00%)
Processed    50000/ 1536000 entries,  3.26% (elapsed time   111.6s, curr speed    0.303 kHz, avg speed    0.448 kHz), accepted        0/   50001 events ( 0.00%)
Processed    60000/ 1536000 entries,  3.91% (elapsed time   118.7s, curr speed    1.403 kHz, avg speed    0.506 kHz), accepted        0/   60001 events ( 0.00%)
Processed    70000/ 1536000 entries,  4.56% (elapsed time   133.7s, curr speed    0.668 kHz, avg speed    0.524 kHz), accepted        0/   70001 events ( 0.00%)
Processed    80000/ 1536000 entries,  5.21% (elapsed time   155.6s, curr speed    0.455 kHz, avg speed    0.514 kHz), accepted        0/   80001 events ( 0.00%)
Processed    90000/ 1536000 entries,  5.86% (elapsed time   175.7s, curr speed    0.499 kHz, avg speed    0.512 kHz), accepted        0/   90001 events ( 0.00%)
Processed   100000/ 1536000 entries,  6.51% (elapsed time   199.6s, curr speed    0.418 kHz, avg speed    0.501 kHz), accepted        0/  100001 events ( 0.00%)
Processed   110000/ 1536000 entries,  7.16% (elapsed time   218.7s, curr speed    0.523 kHz, avg speed    0.503 kHz), accepted        0/  110001 events ( 0.00%)
Processed   120000/ 1536000 entries,  7.81% (elapsed time   241.8s, curr speed    0.434 kHz, avg speed    0.496 kHz), accepted        0/  120001 events ( 0.00%)
Processed   130000/ 1536000 entries,  8.46% (elapsed time   261.8s, curr speed    0.499 kHz, avg speed    0.497 kHz), accepted        0/  130001 events ( 0.00%)
Processed   140000/ 1536000 entries,  9.11% (elapsed time   274.7s, curr speed    0.772 kHz, avg speed    0.510 kHz), accepted        0/  140001 events ( 0.00%)
Processed   150000/ 1536000 entries,  9.77% (elapsed time   288.7s, curr speed    0.717 kHz, avg speed    0.520 kHz), accepted        0/  150001 events ( 0.00%)
Processed   160000/ 1536000 entries, 10.42% (elapsed time   320.7s, curr speed    0.313 kHz, avg speed    0.499 kHz), accepted        0/  160001 events ( 0.00%)
Processed   170000/ 1536000 entries, 11.07% (elapsed time   334.7s, curr speed    0.712 kHz, avg speed    0.508 kHz), accepted        0/  170001 events ( 0.00%)
Processed   180000/ 1536000 entries, 11.72% (elapsed time   345.8s, curr speed    0.902 kHz, avg speed    0.521 kHz), accepted        0/  180001 events ( 0.00%)
Processed   190000/ 1536000 entries, 12.37% (elapsed time   361.8s, curr speed    0.625 kHz, avg speed    0.525 kHz), accepted        0/  190001 events ( 0.00%)
Processed   200000/ 1536000 entries, 13.02% (elapsed time   379.8s, curr speed    0.555 kHz, avg speed    0.527 kHz), accepted        0/  200001 events ( 0.00%)
Processed   210000/ 1536000 entries, 13.67% (elapsed time   382.8s, curr speed    3.350 kHz, avg speed    0.549 kHz), accepted        0/  210001 events ( 0.00%)
Processed   220000/ 1536000 entries, 14.32% (elapsed time   384.3s, curr speed    6.460 kHz, avg speed    0.572 kHz), accepted        0/  220001 events ( 0.00%)
Processed   230000/ 1536000 entries, 14.97% (elapsed time   387.5s, curr speed    3.161 kHz, avg speed    0.594 kHz), accepted        0/  230001 events ( 0.00%)
Processed   240000/ 1536000 entries, 15.62% (elapsed time   389.2s, curr speed    5.825 kHz, avg speed    0.617 kHz), accepted        0/  240001 events ( 0.00%)
Processed   250000/ 1536000 entries, 16.28% (elapsed time   391.7s, curr speed    4.000 kHz, avg speed    0.638 kHz), accepted        0/  250001 events ( 0.00%)
Processed   260000/ 1536000 entries, 16.93% (elapsed time   393.4s, curr speed    5.842 kHz, avg speed    0.661 kHz), accepted        0/  260001 events ( 0.00%)
Processed   270000/ 1536000 entries, 17.58% (elapsed time   396.4s, curr speed    3.375 kHz, avg speed    0.681 kHz), accepted        0/  270001 events ( 0.00%)
Processed   280000/ 1536000 entries, 18.23% (elapsed time   397.7s, curr speed    7.683 kHz, avg speed    0.704 kHz), accepted        0/  280001 events ( 0.00%)
Processed   290000/ 1536000 entries, 18.88% (elapsed time   401.9s, curr speed    2.391 kHz, avg speed    0.722 kHz), accepted        0/  290001 events ( 0.00%)
Processed   300000/ 1536000 entries, 19.53% (elapsed time   403.4s, curr speed    6.606 kHz, avg speed    0.744 kHz), accepted        0/  300001 events ( 0.00%)
Processed   310000/ 1536000 entries, 20.18% (elapsed time   405.0s, curr speed    6.178 kHz, avg speed    0.765 kHz), accepted        0/  310001 events ( 0.00%)
Processed   320000/ 1536000 entries, 20.83% (elapsed time   407.2s, curr speed    4.577 kHz, avg speed    0.786 kHz), accepted        0/  320001 events ( 0.00%)
Processed   330000/ 1536000 entries, 21.48% (elapsed time   408.8s, curr speed    6.020 kHz, avg speed    0.807 kHz), accepted        0/  330001 events ( 0.00%)
Processed   340000/ 1536000 entries, 22.14% (elapsed time   410.3s, curr speed    6.866 kHz, avg speed    0.829 kHz), accepted        0/  340001 events ( 0.00%)
Processed   350000/ 1536000 entries, 22.79% (elapsed time   412.2s, curr speed    5.164 kHz, avg speed    0.849 kHz), accepted        0/  350001 events ( 0.00%)
Processed   360000/ 1536000 entries, 23.44% (elapsed time   414.2s, curr speed    5.134 kHz, avg speed    0.869 kHz), accepted        0/  360001 events ( 0.00%)
Processed   370000/ 1536000 entries, 24.09% (elapsed time   416.2s, curr speed    5.012 kHz, avg speed    0.889 kHz), accepted        0/  370001 events ( 0.00%)
Processed   380000/ 1536000 entries, 24.74% (elapsed time   417.5s, curr speed    7.492 kHz, avg speed    0.910 kHz), accepted        0/  380001 events ( 0.00%)
Processed   390000/ 1536000 entries, 25.39% (elapsed time   419.9s, curr speed    4.229 kHz, avg speed    0.929 kHz), accepted        0/  390001 events ( 0.00%)
Processed   400000/ 1536000 entries, 26.04% (elapsed time   422.5s, curr speed    3.785 kHz, avg speed    0.947 kHz), accepted        0/  400001 events ( 0.00%)
Processed   410000/ 1536000 entries, 26.69% (elapsed time   425.1s, curr speed    3.828 kHz, avg speed    0.964 kHz), accepted        0/  410001 events ( 0.00%)
Processed   420000/ 1536000 entries, 27.34% (elapsed time   427.4s, curr speed    4.473 kHz, avg speed    0.983 kHz), accepted        0/  420001 events ( 0.00%)
Processed   430000/ 1536000 entries, 27.99% (elapsed time   430.0s, curr speed    3.737 kHz, avg speed    1.000 kHz), accepted        0/  430001 events ( 0.00%)
Processed   440000/ 1536000 entries, 28.65% (elapsed time   431.2s, curr speed    8.812 kHz, avg speed    1.020 kHz), accepted        0/  440001 events ( 0.00%)
Processed   450000/ 1536000 entries, 29.30% (elapsed time   434.8s, curr speed    2.765 kHz, avg speed    1.035 kHz), accepted        0/  450001 events ( 0.00%)
Processed   460000/ 1536000 entries, 29.95% (elapsed time   436.6s, curr speed    5.597 kHz, avg speed    1.054 kHz), accepted        0/  460001 events ( 0.00%)
Processed   470000/ 1536000 entries, 30.60% (elapsed time   437.6s, curr speed    9.714 kHz, avg speed    1.074 kHz), accepted        0/  470001 events ( 0.00%)
Processed   480000/ 1536000 entries, 31.25% (elapsed time   439.0s, curr speed    7.197 kHz, avg speed    1.093 kHz), accepted        0/  480001 events ( 0.00%)
Processed   490000/ 1536000 entries, 31.90% (elapsed time   442.7s, curr speed    2.676 kHz, avg speed    1.107 kHz), accepted        0/  490001 events ( 0.00%)
Processed   500000/ 1536000 entries, 32.55% (elapsed time   445.2s, curr speed    4.107 kHz, avg speed    1.123 kHz), accepted        0/  500001 events ( 0.00%)
Processed   510000/ 1536000 entries, 33.20% (elapsed time   447.7s, curr speed    3.926 kHz, avg speed    1.139 kHz), accepted        0/  510001 events ( 0.00%)
Processed   520000/ 1536000 entries, 33.85% (elapsed time   449.8s, curr speed    4.776 kHz, avg speed    1.156 kHz), accepted        0/  520001 events ( 0.00%)
Processed   530000/ 1536000 entries, 34.51% (elapsed time   451.2s, curr speed    7.347 kHz, avg speed    1.175 kHz), accepted        0/  530001 events ( 0.00%)
Processed   540000/ 1536000 entries, 35.16% (elapsed time   455.1s, curr speed    2.578 kHz, avg speed    1.187 kHz), accepted        0/  540001 events ( 0.00%)
Processed   550000/ 1536000 entries, 35.81% (elapsed time   456.8s, curr speed    5.807 kHz, avg speed    1.204 kHz), accepted        0/  550001 events ( 0.00%)
Processed   560000/ 1536000 entries, 36.46% (elapsed time   458.4s, curr speed    6.233 kHz, avg speed    1.222 kHz), accepted        0/  560001 events ( 0.00%)
Processed   570000/ 1536000 entries, 37.11% (elapsed time   462.6s, curr speed    2.349 kHz, avg speed    1.232 kHz), accepted        0/  570001 events ( 0.00%)
Processed   580000/ 1536000 entries, 37.76% (elapsed time   465.3s, curr speed    3.698 kHz, avg speed    1.246 kHz), accepted        0/  580001 events ( 0.00%)
Processed   590000/ 1536000 entries, 38.41% (elapsed time   467.8s, curr speed    4.054 kHz, avg speed    1.261 kHz), accepted        0/  590001 events ( 0.00%)
Processed   600000/ 1536000 entries, 39.06% (elapsed time   470.5s, curr speed    3.697 kHz, avg speed    1.275 kHz), accepted        0/  600001 events ( 0.00%)
Processed   610000/ 1536000 entries, 39.71% (elapsed time   472.7s, curr speed    4.585 kHz, avg speed    1.290 kHz), accepted        0/  610001 events ( 0.00%)
Processed   620000/ 1536000 entries, 40.36% (elapsed time   475.4s, curr speed    3.710 kHz, avg speed    1.304 kHz), accepted        0/  620001 events ( 0.00%)
Processed   630000/ 1536000 entries, 41.02% (elapsed time   477.6s, curr speed    4.564 kHz, avg speed    1.319 kHz), accepted        0/  630001 events ( 0.00%)
Processed   640000/ 1536000 entries, 41.67% (elapsed time   480.3s, curr speed    3.679 kHz, avg speed    1.333 kHz), accepted        0/  640001 events ( 0.00%)
Processed   650000/ 1536000 entries, 42.32% (elapsed time   481.2s, curr speed   10.538 kHz, avg speed    1.351 kHz), accepted        0/  650001 events ( 0.00%)
Processed   660000/ 1536000 entries, 42.97% (elapsed time   483.9s, curr speed    3.842 kHz, avg speed    1.364 kHz), accepted        0/  660001 events ( 0.00%)
Processed   670000/ 1536000 entries, 43.62% (elapsed time   485.5s, curr speed    6.096 kHz, avg speed    1.380 kHz), accepted        0/  670001 events ( 0.00%)
Processed   680000/ 1536000 entries, 44.27% (elapsed time   487.9s, curr speed    4.147 kHz, avg speed    1.394 kHz), accepted        0/  680001 events ( 0.00%)
Processed   690000/ 1536000 entries, 44.92% (elapsed time   490.1s, curr speed    4.464 kHz, avg speed    1.408 kHz), accepted        0/  690001 events ( 0.00%)
Processed   700000/ 1536000 entries, 45.57% (elapsed time   492.1s, curr speed    5.024 kHz, avg speed    1.422 kHz), accepted        0/  700001 events ( 0.00%)
Processed   710000/ 1536000 entries, 46.22% (elapsed time   499.1s, curr speed    1.428 kHz, avg speed    1.422 kHz), accepted        1/  710001 events ( 0.00%)
Processed   720000/ 1536000 entries, 46.88% (elapsed time   500.7s, curr speed    6.548 kHz, avg speed    1.438 kHz), accepted        1/  720001 events ( 0.00%)
Processed   730000/ 1536000 entries, 47.53% (elapsed time   504.3s, curr speed    2.759 kHz, avg speed    1.448 kHz), accepted        1/  730001 events ( 0.00%)
Processed   740000/ 1536000 entries, 48.18% (elapsed time   505.5s, curr speed    8.420 kHz, avg speed    1.464 kHz), accepted        1/  740001 events ( 0.00%)
Processed   750000/ 1536000 entries, 48.83% (elapsed time   509.3s, curr speed    2.613 kHz, avg speed    1.473 kHz), accepted        1/  750001 events ( 0.00%)
Processed   760000/ 1536000 entries, 49.48% (elapsed time   512.0s, curr speed    3.742 kHz, avg speed    1.484 kHz), accepted        1/  760001 events ( 0.00%)
Processed   770000/ 1536000 entries, 50.13% (elapsed time   517.2s, curr speed    1.923 kHz, avg speed    1.489 kHz), accepted        2/  770001 events ( 0.00%)
Processed   780000/ 1536000 entries, 50.78% (elapsed time   517.8s, curr speed   16.634 kHz, avg speed    1.506 kHz), accepted        2/  780001 events ( 0.00%)
Processed   790000/ 1536000 entries, 51.43% (elapsed time   522.9s, curr speed    1.962 kHz, avg speed    1.511 kHz), accepted        2/  790001 events ( 0.00%)
Processed   800000/ 1536000 entries, 52.08% (elapsed time   535.0s, curr speed    0.827 kHz, avg speed    1.495 kHz), accepted        2/  800001 events ( 0.00%)
Processed   810000/ 1536000 entries, 52.73% (elapsed time   562.8s, curr speed    0.360 kHz, avg speed    1.439 kHz), accepted        2/  810001 events ( 0.00%)
Processed   820000/ 1536000 entries, 53.39% (elapsed time   578.8s, curr speed    0.625 kHz, avg speed    1.417 kHz), accepted        2/  820001 events ( 0.00%)
Processed   830000/ 1536000 entries, 54.04% (elapsed time   582.9s, curr speed    2.400 kHz, avg speed    1.424 kHz), accepted        2/  830001 events ( 0.00%)
Processed   840000/ 1536000 entries, 54.69% (elapsed time   601.7s, curr speed    0.532 kHz, avg speed    1.396 kHz), accepted        2/  840001 events ( 0.00%)
Processed   850000/ 1536000 entries, 55.34% (elapsed time   615.9s, curr speed    0.707 kHz, avg speed    1.380 kHz), accepted        2/  850001 events ( 0.00%)
Processed   860000/ 1536000 entries, 55.99% (elapsed time   630.8s, curr speed    0.669 kHz, avg speed    1.363 kHz), accepted        2/  860001 events ( 0.00%)
Processed   870000/ 1536000 entries, 56.64% (elapsed time   648.9s, curr speed    0.554 kHz, avg speed    1.341 kHz), accepted        2/  870001 events ( 0.00%)
Processed   880000/ 1536000 entries, 57.29% (elapsed time   673.1s, curr speed    0.414 kHz, avg speed    1.307 kHz), accepted        2/  880001 events ( 0.00%)
Processed   890000/ 1536000 entries, 57.94% (elapsed time   697.1s, curr speed    0.416 kHz, avg speed    1.277 kHz), accepted        2/  890001 events ( 0.00%)
Processed   900000/ 1536000 entries, 58.59% (elapsed time   707.2s, curr speed    0.987 kHz, avg speed    1.273 kHz), accepted        2/  900001 events ( 0.00%)
Processed   910000/ 1536000 entries, 59.24% (elapsed time   715.0s, curr speed    1.274 kHz, avg speed    1.273 kHz), accepted        2/  910001 events ( 0.00%)
Processed   920000/ 1536000 entries, 59.90% (elapsed time   731.8s, curr speed    0.595 kHz, avg speed    1.257 kHz), accepted        2/  920001 events ( 0.00%)
Processed   930000/ 1536000 entries, 60.55% (elapsed time   747.8s, curr speed    0.627 kHz, avg speed    1.244 kHz), accepted        2/  930001 events ( 0.00%)
Processed   940000/ 1536000 entries, 61.20% (elapsed time   766.9s, curr speed    0.524 kHz, avg speed    1.226 kHz), accepted        2/  940001 events ( 0.00%)
Processed   950000/ 1536000 entries, 61.85% (elapsed time   785.9s, curr speed    0.525 kHz, avg speed    1.209 kHz), accepted        2/  950001 events ( 0.00%)
Processed   960000/ 1536000 entries, 62.50% (elapsed time   813.9s, curr speed    0.357 kHz, avg speed    1.179 kHz), accepted        2/  960001 events ( 0.00%)
Processed   970000/ 1536000 entries, 63.15% (elapsed time   826.9s, curr speed    0.772 kHz, avg speed    1.173 kHz), accepted        2/  970001 events ( 0.00%)
Processed   980000/ 1536000 entries, 63.80% (elapsed time   839.0s, curr speed    0.825 kHz, avg speed    1.168 kHz), accepted        2/  980001 events ( 0.00%)
Processed   990000/ 1536000 entries, 64.45% (elapsed time   845.9s, curr speed    1.442 kHz, avg speed    1.170 kHz), accepted        2/  990001 events ( 0.00%)
Processed  1000000/ 1536000 entries, 65.10% (elapsed time   853.9s, curr speed    1.250 kHz, avg speed    1.171 kHz), accepted        2/ 1000001 events ( 0.00%)
Processed  1010000/ 1536000 entries, 65.76% (elapsed time   865.9s, curr speed    0.834 kHz, avg speed    1.166 kHz), accepted        2/ 1010001 events ( 0.00%)
Processed  1020000/ 1536000 entries, 66.41% (elapsed time   878.0s, curr speed    0.827 kHz, avg speed    1.162 kHz), accepted        2/ 1020001 events ( 0.00%)
Processed  1030000/ 1536000 entries, 67.06% (elapsed time   898.8s, curr speed    0.480 kHz, avg speed    1.146 kHz), accepted        2/ 1030001 events ( 0.00%)
Processed  1040000/ 1536000 entries, 67.71% (elapsed time   915.9s, curr speed    0.585 kHz, avg speed    1.135 kHz), accepted        2/ 1040001 events ( 0.00%)
Processed  1050000/ 1536000 entries, 68.36% (elapsed time   929.1s, curr speed    0.760 kHz, avg speed    1.130 kHz), accepted        2/ 1050001 events ( 0.00%)
Processed  1060000/ 1536000 entries, 69.01% (elapsed time   943.0s, curr speed    0.717 kHz, avg speed    1.124 kHz), accepted        2/ 1060001 events ( 0.00%)
Processed  1070000/ 1536000 entries, 69.66% (elapsed time   958.9s, curr speed    0.630 kHz, avg speed    1.116 kHz), accepted        2/ 1070001 events ( 0.00%)
Processed  1080000/ 1536000 entries, 70.31% (elapsed time   968.0s, curr speed    1.098 kHz, avg speed    1.116 kHz), accepted        2/ 1080001 events ( 0.00%)
Processed  1090000/ 1536000 entries, 70.96% (elapsed time   987.0s, curr speed    0.527 kHz, avg speed    1.104 kHz), accepted        2/ 1090001 events ( 0.00%)
Processed  1100000/ 1536000 entries, 71.61% (elapsed time  1001.0s, curr speed    0.714 kHz, avg speed    1.099 kHz), accepted        2/ 1100001 events ( 0.00%)
Processed  1110000/ 1536000 entries, 72.27% (elapsed time  1016.0s, curr speed    0.666 kHz, avg speed    1.093 kHz), accepted        2/ 1110001 events ( 0.00%)
Processed  1120000/ 1536000 entries, 72.92% (elapsed time  1034.0s, curr speed    0.555 kHz, avg speed    1.083 kHz), accepted        2/ 1120001 events ( 0.00%)
Processed  1130000/ 1536000 entries, 73.57% (elapsed time  1046.9s, curr speed    0.774 kHz, avg speed    1.079 kHz), accepted        2/ 1130001 events ( 0.00%)
Processed  1140000/ 1536000 entries, 74.22% (elapsed time  1057.1s, curr speed    0.980 kHz, avg speed    1.078 kHz), accepted        2/ 1140001 events ( 0.00%)
Processed  1150000/ 1536000 entries, 74.87% (elapsed time  1076.0s, curr speed    0.532 kHz, avg speed    1.069 kHz), accepted        2/ 1150001 events ( 0.00%)
Processed  1160000/ 1536000 entries, 75.52% (elapsed time  1094.0s, curr speed    0.555 kHz, avg speed    1.060 kHz), accepted        2/ 1160001 events ( 0.00%)
Processed  1170000/ 1536000 entries, 76.17% (elapsed time  1112.9s, curr speed    0.527 kHz, avg speed    1.051 kHz), accepted        2/ 1170001 events ( 0.00%)
Processed  1180000/ 1536000 entries, 76.82% (elapsed time  1126.1s, curr speed    0.762 kHz, avg speed    1.048 kHz), accepted        2/ 1180001 events ( 0.00%)
Processed  1190000/ 1536000 entries, 77.47% (elapsed time  1157.1s, curr speed    0.323 kHz, avg speed    1.028 kHz), accepted        2/ 1190001 events ( 0.00%)
Processed  1200000/ 1536000 entries, 78.12% (elapsed time  1169.1s, curr speed    0.830 kHz, avg speed    1.026 kHz), accepted        2/ 1200001 events ( 0.00%)
Processed  1210000/ 1536000 entries, 78.78% (elapsed time  1182.1s, curr speed    0.769 kHz, avg speed    1.024 kHz), accepted        2/ 1210001 events ( 0.00%)
Processed  1220000/ 1536000 entries, 79.43% (elapsed time  1202.1s, curr speed    0.501 kHz, avg speed    1.015 kHz), accepted        2/ 1220001 events ( 0.00%)
Processed  1230000/ 1536000 entries, 80.08% (elapsed time  1216.1s, curr speed    0.714 kHz, avg speed    1.011 kHz), accepted        2/ 1230001 events ( 0.00%)
Processed  1240000/ 1536000 entries, 80.73% (elapsed time  1236.1s, curr speed    0.500 kHz, avg speed    1.003 kHz), accepted        2/ 1240001 events ( 0.00%)
Processed  1250000/ 1536000 entries, 81.38% (elapsed time  1261.2s, curr speed    0.399 kHz, avg speed    0.991 kHz), accepted        2/ 1250001 events ( 0.00%)
Processed  1260000/ 1536000 entries, 82.03% (elapsed time  1276.0s, curr speed    0.674 kHz, avg speed    0.987 kHz), accepted        2/ 1260001 events ( 0.00%)
Processed  1270000/ 1536000 entries, 82.68% (elapsed time  1294.1s, curr speed    0.552 kHz, avg speed    0.981 kHz), accepted        2/ 1270001 events ( 0.00%)
Processed  1280000/ 1536000 entries, 83.33% (elapsed time  1308.1s, curr speed    0.715 kHz, avg speed    0.978 kHz), accepted        2/ 1280001 events ( 0.00%)
Processed  1290000/ 1536000 entries, 83.98% (elapsed time  1312.2s, curr speed    2.476 kHz, avg speed    0.983 kHz), accepted        2/ 1290001 events ( 0.00%)
Processed  1300000/ 1536000 entries, 84.64% (elapsed time  1330.2s, curr speed    0.556 kHz, avg speed    0.977 kHz), accepted        2/ 1300001 events ( 0.00%)
Processed  1310000/ 1536000 entries, 85.29% (elapsed time  1349.2s, curr speed    0.524 kHz, avg speed    0.971 kHz), accepted        2/ 1310001 events ( 0.00%)
Processed  1320000/ 1536000 entries, 85.94% (elapsed time  1366.2s, curr speed    0.589 kHz, avg speed    0.966 kHz), accepted        2/ 1320001 events ( 0.00%)
Processed  1330000/ 1536000 entries, 86.59% (elapsed time  1383.2s, curr speed    0.588 kHz, avg speed    0.962 kHz), accepted        2/ 1330001 events ( 0.00%)
Processed  1340000/ 1536000 entries, 87.24% (elapsed time  1399.2s, curr speed    0.625 kHz, avg speed    0.958 kHz), accepted        2/ 1340001 events ( 0.00%)
Processed  1350000/ 1536000 entries, 87.89% (elapsed time  1408.2s, curr speed    1.109 kHz, avg speed    0.959 kHz), accepted        2/ 1350001 events ( 0.00%)
Processed  1360000/ 1536000 entries, 88.54% (elapsed time  1424.2s, curr speed    0.625 kHz, avg speed    0.955 kHz), accepted        2/ 1360001 events ( 0.00%)
Processed  1370000/ 1536000 entries, 89.19% (elapsed time  1439.5s, curr speed    0.657 kHz, avg speed    0.952 kHz), accepted        2/ 1370001 events ( 0.00%)
Processed  1380000/ 1536000 entries, 89.84% (elapsed time  1458.3s, curr speed    0.532 kHz, avg speed    0.946 kHz), accepted        2/ 1380001 events ( 0.00%)
Processed  1390000/ 1536000 entries, 90.49% (elapsed time  1473.2s, curr speed    0.671 kHz, avg speed    0.944 kHz), accepted        2/ 1390001 events ( 0.00%)
Processed  1400000/ 1536000 entries, 91.15% (elapsed time  1492.2s, curr speed    0.524 kHz, avg speed    0.938 kHz), accepted        2/ 1400001 events ( 0.00%)
Processed  1410000/ 1536000 entries, 91.80% (elapsed time  1513.3s, curr speed    0.476 kHz, avg speed    0.932 kHz), accepted        2/ 1410001 events ( 0.00%)
Processed  1420000/ 1536000 entries, 92.45% (elapsed time  1531.3s, curr speed    0.554 kHz, avg speed    0.927 kHz), accepted        2/ 1420001 events ( 0.00%)
Processed  1430000/ 1536000 entries, 93.10% (elapsed time  1537.2s, curr speed    1.711 kHz, avg speed    0.930 kHz), accepted        2/ 1430001 events ( 0.00%)
Processed  1440000/ 1536000 entries, 93.75% (elapsed time  1553.4s, curr speed    0.618 kHz, avg speed    0.927 kHz), accepted        2/ 1440001 events ( 0.00%)
Processed  1450000/ 1536000 entries, 94.40% (elapsed time  1570.2s, curr speed    0.593 kHz, avg speed    0.923 kHz), accepted        2/ 1450001 events ( 0.00%)
Processed  1460000/ 1536000 entries, 95.05% (elapsed time  1588.3s, curr speed    0.555 kHz, avg speed    0.919 kHz), accepted        2/ 1460001 events ( 0.00%)
Processed  1470000/ 1536000 entries, 95.70% (elapsed time  1608.3s, curr speed    0.499 kHz, avg speed    0.914 kHz), accepted        2/ 1470001 events ( 0.00%)
Processed  1480000/ 1536000 entries, 96.35% (elapsed time  1618.5s, curr speed    0.977 kHz, avg speed    0.914 kHz), accepted        2/ 1480001 events ( 0.00%)
Processed  1490000/ 1536000 entries, 97.01% (elapsed time  1634.3s, curr speed    0.633 kHz, avg speed    0.912 kHz), accepted        2/ 1490001 events ( 0.00%)
Processed  1500000/ 1536000 entries, 97.66% (elapsed time  1651.3s, curr speed    0.589 kHz, avg speed    0.908 kHz), accepted        2/ 1500001 events ( 0.00%)
Processed  1510000/ 1536000 entries, 98.31% (elapsed time  1679.3s, curr speed    0.357 kHz, avg speed    0.899 kHz), accepted        2/ 1510001 events ( 0.00%)
Processed  1520000/ 1536000 entries, 98.96% (elapsed time  1690.5s, curr speed    0.894 kHz, avg speed    0.899 kHz), accepted        2/ 1520001 events ( 0.00%)
Processed  1530000/ 1536000 entries, 99.61% (elapsed time  1711.3s, curr speed    0.480 kHz, avg speed    0.894 kHz), accepted        2/ 1530001 events ( 0.00%)
Processed 1536000 preselected entries from root://cms-xrd-global.cern.ch//store/mc/RunIIAutumn18NanoAODv6/TTToHadronic_TuneCP5_13TeV-powheg-pythia8/NANOAODSIM/Nano25Oct2019_102X_upgrade2018_realistic_v20-v3/60000/01A6EDE4-B4AA-4147-A961-7D59E94C681E.root (1536000 entries). Finally selected 2 entries
Pre-select 864000 entries out of 864000 (100.00%)
Processed    10000/  864000 entries,  1.16% (elapsed time    15.7s, curr speed    0.637 kHz, avg speed    0.637 kHz), accepted        0/   10001 events ( 0.00%)
Processed    20000/  864000 entries,  2.31% (elapsed time    58.6s, curr speed    0.233 kHz, avg speed    0.341 kHz), accepted        1/   20001 events ( 0.00%)
Processed    30000/  864000 entries,  3.47% (elapsed time    65.8s, curr speed    1.394 kHz, avg speed    0.456 kHz), accepted        1/   30001 events ( 0.00%)
Processed    40000/  864000 entries,  4.63% (elapsed time    84.7s, curr speed    0.528 kHz, avg speed    0.472 kHz), accepted        1/   40001 events ( 0.00%)
Processed    50000/  864000 entries,  5.79% (elapsed time   102.7s, curr speed    0.556 kHz, avg speed    0.487 kHz), accepted        1/   50001 events ( 0.00%)
Processed    60000/  864000 entries,  6.94% (elapsed time   120.8s, curr speed    0.554 kHz, avg speed    0.497 kHz), accepted        1/   60001 events ( 0.00%)
Processed    70000/  864000 entries,  8.10% (elapsed time   136.9s, curr speed    0.620 kHz, avg speed    0.511 kHz), accepted        1/   70001 events ( 0.00%)
Processed    80000/  864000 entries,  9.26% (elapsed time   144.8s, curr speed    1.273 kHz, avg speed    0.553 kHz), accepted        1/   80001 events ( 0.00%)
Processed    90000/  864000 entries, 10.42% (elapsed time   163.7s, curr speed    0.527 kHz, avg speed    0.550 kHz), accepted        1/   90001 events ( 0.00%)
Processed   100000/  864000 entries, 11.57% (elapsed time   189.7s, curr speed    0.385 kHz, avg speed    0.527 kHz), accepted        1/  100001 events ( 0.00%)
Processed   110000/  864000 entries, 12.73% (elapsed time   206.8s, curr speed    0.585 kHz, avg speed    0.532 kHz), accepted        1/  110001 events ( 0.00%)
Processed   120000/  864000 entries, 13.89% (elapsed time   232.7s, curr speed    0.386 kHz, avg speed    0.516 kHz), accepted        1/  120001 events ( 0.00%)
Processed   130000/  864000 entries, 15.05% (elapsed time   252.8s, curr speed    0.498 kHz, avg speed    0.514 kHz), accepted        1/  130001 events ( 0.00%)
Processed   140000/  864000 entries, 16.20% (elapsed time   261.9s, curr speed    1.098 kHz, avg speed    0.535 kHz), accepted        1/  140001 events ( 0.00%)
Processed   150000/  864000 entries, 17.36% (elapsed time   285.8s, curr speed    0.419 kHz, avg speed    0.525 kHz), accepted        1/  150001 events ( 0.00%)
Processed   160000/  864000 entries, 18.52% (elapsed time   309.9s, curr speed    0.414 kHz, avg speed    0.516 kHz), accepted        1/  160001 events ( 0.00%)
Processed   170000/  864000 entries, 19.68% (elapsed time   331.9s, curr speed    0.456 kHz, avg speed    0.512 kHz), accepted        1/  170001 events ( 0.00%)
Processed   180000/  864000 entries, 20.83% (elapsed time   340.9s, curr speed    1.103 kHz, avg speed    0.528 kHz), accepted        1/  180001 events ( 0.00%)
Processed   190000/  864000 entries, 21.99% (elapsed time   360.8s, curr speed    0.503 kHz, avg speed    0.527 kHz), accepted        1/  190001 events ( 0.00%)
Processed   200000/  864000 entries, 23.15% (elapsed time   378.9s, curr speed    0.553 kHz, avg speed    0.528 kHz), accepted        1/  200001 events ( 0.00%)
Processed   210000/  864000 entries, 24.31% (elapsed time   396.9s, curr speed    0.557 kHz, avg speed    0.529 kHz), accepted        1/  210001 events ( 0.00%)
Processed   220000/  864000 entries, 25.46% (elapsed time   427.9s, curr speed    0.322 kHz, avg speed    0.514 kHz), accepted        2/  220001 events ( 0.00%)
Processed   230000/  864000 entries, 26.62% (elapsed time   459.0s, curr speed    0.321 kHz, avg speed    0.501 kHz), accepted        3/  230001 events ( 0.00%)
Processed   240000/  864000 entries, 27.78% (elapsed time   473.9s, curr speed    0.674 kHz, avg speed    0.506 kHz), accepted        3/  240001 events ( 0.00%)
Processed   250000/  864000 entries, 28.94% (elapsed time   485.9s, curr speed    0.832 kHz, avg speed    0.515 kHz), accepted        3/  250001 events ( 0.00%)
Processed   260000/  864000 entries, 30.09% (elapsed time   494.9s, curr speed    1.114 kHz, avg speed    0.525 kHz), accepted        3/  260001 events ( 0.00%)
Processed   270000/  864000 entries, 31.25% (elapsed time   507.9s, curr speed    0.765 kHz, avg speed    0.532 kHz), accepted        3/  270001 events ( 0.00%)
Processed   280000/  864000 entries, 32.41% (elapsed time   526.1s, curr speed    0.550 kHz, avg speed    0.532 kHz), accepted        3/  280001 events ( 0.00%)
Processed   290000/  864000 entries, 33.56% (elapsed time   560.1s, curr speed    0.294 kHz, avg speed    0.518 kHz), accepted        4/  290001 events ( 0.00%)
Processed   300000/  864000 entries, 34.72% (elapsed time   574.0s, curr speed    0.720 kHz, avg speed    0.523 kHz), accepted        4/  300001 events ( 0.00%)
Processed   310000/  864000 entries, 35.88% (elapsed time   598.0s, curr speed    0.416 kHz, avg speed    0.518 kHz), accepted        4/  310001 events ( 0.00%)
Processed   320000/  864000 entries, 37.04% (elapsed time   619.0s, curr speed    0.476 kHz, avg speed    0.517 kHz), accepted        5/  320001 events ( 0.00%)
Processed   330000/  864000 entries, 38.19% (elapsed time   633.0s, curr speed    0.717 kHz, avg speed    0.521 kHz), accepted        5/  330001 events ( 0.00%)
Processed   340000/  864000 entries, 39.35% (elapsed time   643.0s, curr speed    0.993 kHz, avg speed    0.529 kHz), accepted        5/  340001 events ( 0.00%)
Processed   350000/  864000 entries, 40.51% (elapsed time   662.0s, curr speed    0.528 kHz, avg speed    0.529 kHz), accepted        5/  350001 events ( 0.00%)
Processed   360000/  864000 entries, 41.67% (elapsed time   681.1s, curr speed    0.523 kHz, avg speed    0.529 kHz), accepted        5/  360001 events ( 0.00%)
Processed   370000/  864000 entries, 42.82% (elapsed time   690.0s, curr speed    1.129 kHz, avg speed    0.536 kHz), accepted        5/  370001 events ( 0.00%)
Processed   380000/  864000 entries, 43.98% (elapsed time   709.9s, curr speed    0.501 kHz, avg speed    0.535 kHz), accepted        5/  380001 events ( 0.00%)
Processed   390000/  864000 entries, 45.14% (elapsed time   725.1s, curr speed    0.660 kHz, avg speed    0.538 kHz), accepted        5/  390001 events ( 0.00%)
Processed   400000/  864000 entries, 46.30% (elapsed time   742.3s, curr speed    0.580 kHz, avg speed    0.539 kHz), accepted        5/  400001 events ( 0.00%)
Processed   410000/  864000 entries, 47.45% (elapsed time   758.0s, curr speed    0.637 kHz, avg speed    0.541 kHz), accepted        5/  410001 events ( 0.00%)
Processed   420000/  864000 entries, 48.61% (elapsed time   771.0s, curr speed    0.770 kHz, avg speed    0.545 kHz), accepted        5/  420001 events ( 0.00%)
Processed   430000/  864000 entries, 49.77% (elapsed time   782.1s, curr speed    0.902 kHz, avg speed    0.550 kHz), accepted        5/  430001 events ( 0.00%)
Processed   440000/  864000 entries, 50.93% (elapsed time   809.4s, curr speed    0.367 kHz, avg speed    0.544 kHz), accepted        6/  440001 events ( 0.00%)
Processed   450000/  864000 entries, 52.08% (elapsed time   821.1s, curr speed    0.852 kHz, avg speed    0.548 kHz), accepted        6/  450001 events ( 0.00%)
Processed   460000/  864000 entries, 53.24% (elapsed time   830.1s, curr speed    1.115 kHz, avg speed    0.554 kHz), accepted        6/  460001 events ( 0.00%)
Processed   470000/  864000 entries, 54.40% (elapsed time   840.3s, curr speed    0.982 kHz, avg speed    0.559 kHz), accepted        6/  470001 events ( 0.00%)
Processed   480000/  864000 entries, 55.56% (elapsed time   847.1s, curr speed    1.469 kHz, avg speed    0.567 kHz), accepted        6/  480001 events ( 0.00%)
Processed   490000/  864000 entries, 56.71% (elapsed time   859.2s, curr speed    0.821 kHz, avg speed    0.570 kHz), accepted        6/  490001 events ( 0.00%)
Processed   500000/  864000 entries, 57.87% (elapsed time   866.2s, curr speed    1.440 kHz, avg speed    0.577 kHz), accepted        6/  500001 events ( 0.00%)
Processed   510000/  864000 entries, 59.03% (elapsed time   908.3s, curr speed    0.238 kHz, avg speed    0.562 kHz), accepted        7/  510001 events ( 0.00%)
Processed   520000/  864000 entries, 60.19% (elapsed time   920.3s, curr speed    0.833 kHz, avg speed    0.565 kHz), accepted        7/  520001 events ( 0.00%)
Processed   530000/  864000 entries, 61.34% (elapsed time   936.1s, curr speed    0.631 kHz, avg speed    0.566 kHz), accepted        7/  530001 events ( 0.00%)
Processed   540000/  864000 entries, 62.50% (elapsed time   946.3s, curr speed    0.986 kHz, avg speed    0.571 kHz), accepted        7/  540001 events ( 0.00%)
Processed   550000/  864000 entries, 63.66% (elapsed time   971.2s, curr speed    0.402 kHz, avg speed    0.566 kHz), accepted        7/  550001 events ( 0.00%)
Processed   560000/  864000 entries, 64.81% (elapsed time   987.1s, curr speed    0.627 kHz, avg speed    0.567 kHz), accepted        7/  560001 events ( 0.00%)
Processed   570000/  864000 entries, 65.97% (elapsed time  1007.2s, curr speed    0.498 kHz, avg speed    0.566 kHz), accepted        7/  570001 events ( 0.00%)
Processed   580000/  864000 entries, 67.13% (elapsed time  1018.5s, curr speed    0.885 kHz, avg speed    0.569 kHz), accepted        7/  580001 events ( 0.00%)
Processed   590000/  864000 entries, 68.29% (elapsed time  1036.2s, curr speed    0.563 kHz, avg speed    0.569 kHz), accepted        7/  590001 events ( 0.00%)
Processed   600000/  864000 entries, 69.44% (elapsed time  1050.3s, curr speed    0.713 kHz, avg speed    0.571 kHz), accepted        7/  600001 events ( 0.00%)
Processed   610000/  864000 entries, 70.60% (elapsed time  1061.2s, curr speed    0.918 kHz, avg speed    0.575 kHz), accepted        7/  610001 events ( 0.00%)
Processed   620000/  864000 entries, 71.76% (elapsed time  1081.3s, curr speed    0.496 kHz, avg speed    0.573 kHz), accepted        7/  620001 events ( 0.00%)
Processed   630000/  864000 entries, 72.92% (elapsed time  1100.3s, curr speed    0.528 kHz, avg speed    0.573 kHz), accepted        7/  630001 events ( 0.00%)
Processed   640000/  864000 entries, 74.07% (elapsed time  1121.2s, curr speed    0.478 kHz, avg speed    0.571 kHz), accepted        7/  640001 events ( 0.00%)
Processed   650000/  864000 entries, 75.23% (elapsed time  1129.3s, curr speed    1.230 kHz, avg speed    0.576 kHz), accepted        7/  650001 events ( 0.00%)
Processed   660000/  864000 entries, 76.39% (elapsed time  1153.3s, curr speed    0.417 kHz, avg speed    0.572 kHz), accepted        7/  660001 events ( 0.00%)
Processed   670000/  864000 entries, 77.55% (elapsed time  1192.2s, curr speed    0.257 kHz, avg speed    0.562 kHz), accepted        8/  670001 events ( 0.00%)
Processed   680000/  864000 entries, 78.70% (elapsed time  1209.2s, curr speed    0.589 kHz, avg speed    0.562 kHz), accepted        8/  680001 events ( 0.00%)
Processed   690000/  864000 entries, 79.86% (elapsed time  1220.4s, curr speed    0.893 kHz, avg speed    0.565 kHz), accepted        8/  690001 events ( 0.00%)
Processed   700000/  864000 entries, 81.02% (elapsed time  1228.4s, curr speed    1.254 kHz, avg speed    0.570 kHz), accepted        8/  700001 events ( 0.00%)
Processed   710000/  864000 entries, 82.18% (elapsed time  1250.4s, curr speed    0.454 kHz, avg speed    0.568 kHz), accepted        8/  710001 events ( 0.00%)
Processed   720000/  864000 entries, 83.33% (elapsed time  1267.3s, curr speed    0.592 kHz, avg speed    0.568 kHz), accepted        8/  720001 events ( 0.00%)
Processed   730000/  864000 entries, 84.49% (elapsed time  1286.3s, curr speed    0.526 kHz, avg speed    0.568 kHz), accepted        8/  730001 events ( 0.00%)
Processed   740000/  864000 entries, 85.65% (elapsed time  1300.5s, curr speed    0.702 kHz, avg speed    0.569 kHz), accepted        8/  740001 events ( 0.00%)
Processed   750000/  864000 entries, 86.81% (elapsed time  1311.4s, curr speed    0.918 kHz, avg speed    0.572 kHz), accepted        8/  750001 events ( 0.00%)
Processed   760000/  864000 entries, 87.96% (elapsed time  1328.3s, curr speed    0.593 kHz, avg speed    0.572 kHz), accepted        8/  760001 events ( 0.00%)
Processed   770000/  864000 entries, 89.12% (elapsed time  1342.4s, curr speed    0.709 kHz, avg speed    0.574 kHz), accepted        8/  770001 events ( 0.00%)
Processed   780000/  864000 entries, 90.28% (elapsed time  1361.4s, curr speed    0.527 kHz, avg speed    0.573 kHz), accepted        8/  780001 events ( 0.00%)
Processed   790000/  864000 entries, 91.44% (elapsed time  1373.7s, curr speed    0.815 kHz, avg speed    0.575 kHz), accepted        8/  790001 events ( 0.00%)
Processed   800000/  864000 entries, 92.59% (elapsed time  1392.4s, curr speed    0.533 kHz, avg speed    0.575 kHz), accepted        8/  800001 events ( 0.00%)
Processed   810000/  864000 entries, 93.75% (elapsed time  1411.4s, curr speed    0.527 kHz, avg speed    0.574 kHz), accepted        8/  810001 events ( 0.00%)
Processed   820000/  864000 entries, 94.91% (elapsed time  1421.6s, curr speed    0.982 kHz, avg speed    0.577 kHz), accepted        8/  820001 events ( 0.00%)
Processed   830000/  864000 entries, 96.06% (elapsed time  1437.5s, curr speed    0.627 kHz, avg speed    0.577 kHz), accepted        8/  830001 events ( 0.00%)
Processed   840000/  864000 entries, 97.22% (elapsed time  1445.5s, curr speed    1.254 kHz, avg speed    0.581 kHz), accepted        8/  840001 events ( 0.00%)
Processed   850000/  864000 entries, 98.38% (elapsed time  1465.5s, curr speed    0.501 kHz, avg speed    0.580 kHz), accepted        8/  850001 events ( 0.00%)
Processed   860000/  864000 entries, 99.54% (elapsed time  1483.5s, curr speed    0.554 kHz, avg speed    0.580 kHz), accepted        8/  860001 events ( 0.00%)
Processed 864000 preselected entries from root://cms-xrd-global.cern.ch//store/mc/RunIIAutumn18NanoAODv6/TTToHadronic_TuneCP5_13TeV-powheg-pythia8/NANOAODSIM/Nano25Oct2019_102X_upgrade2018_realistic_v20-v3/60000/07772A83-28E1-4944-A6F6-7FD3376D18BA.root (864000 entries). Finally selected 8 entries
Pre-select 384000 entries out of 384000 (100.00%)
Processed    10000/  384000 entries,  2.60% (elapsed time    40.8s, curr speed    0.245 kHz, avg speed    0.245 kHz), accepted        0/   10001 events ( 0.00%)
Processed    20000/  384000 entries,  5.21% (elapsed time    65.9s, curr speed    0.399 kHz, avg speed    0.303 kHz), accepted        0/   20001 events ( 0.00%)
Processed    30000/  384000 entries,  7.81% (elapsed time    84.9s, curr speed    0.526 kHz, avg speed    0.353 kHz), accepted        0/   30001 events ( 0.00%)
Processed    40000/  384000 entries, 10.42% (elapsed time   104.0s, curr speed    0.525 kHz, avg speed    0.385 kHz), accepted        0/   40001 events ( 0.00%)
Processed    50000/  384000 entries, 13.02% (elapsed time   115.9s, curr speed    0.842 kHz, avg speed    0.432 kHz), accepted        0/   50001 events ( 0.00%)
Processed    60000/  384000 entries, 15.62% (elapsed time   129.9s, curr speed    0.710 kHz, avg speed    0.462 kHz), accepted        0/   60001 events ( 0.00%)
Processed    70000/  384000 entries, 18.23% (elapsed time   163.9s, curr speed    0.294 kHz, avg speed    0.427 kHz), accepted        0/   70001 events ( 0.00%)
Processed    80000/  384000 entries, 20.83% (elapsed time   181.1s, curr speed    0.581 kHz, avg speed    0.442 kHz), accepted        0/   80001 events ( 0.00%)
Processed    90000/  384000 entries, 23.44% (elapsed time   237.9s, curr speed    0.176 kHz, avg speed    0.378 kHz), accepted        1/   90001 events ( 0.00%)
Processed   100000/  384000 entries, 26.04% (elapsed time   249.9s, curr speed    0.832 kHz, avg speed    0.400 kHz), accepted        1/  100001 events ( 0.00%)
Processed   110000/  384000 entries, 28.65% (elapsed time   270.1s, curr speed    0.497 kHz, avg speed    0.407 kHz), accepted        1/  110001 events ( 0.00%)
Processed   120000/  384000 entries, 31.25% (elapsed time   277.1s, curr speed    1.416 kHz, avg speed    0.433 kHz), accepted        1/  120001 events ( 0.00%)
Processed   130000/  384000 entries, 33.85% (elapsed time   293.0s, curr speed    0.631 kHz, avg speed    0.444 kHz), accepted        1/  130001 events ( 0.00%)
Processed   140000/  384000 entries, 36.46% (elapsed time   308.0s, curr speed    0.666 kHz, avg speed    0.455 kHz), accepted        1/  140001 events ( 0.00%)
Processed   150000/  384000 entries, 39.06% (elapsed time   319.8s, curr speed    0.848 kHz, avg speed    0.469 kHz), accepted        1/  150001 events ( 0.00%)
Processed   160000/  384000 entries, 41.67% (elapsed time   338.2s, curr speed    0.545 kHz, avg speed    0.473 kHz), accepted        1/  160001 events ( 0.00%)
Processed   170000/  384000 entries, 44.27% (elapsed time   386.1s, curr speed    0.209 kHz, avg speed    0.440 kHz), accepted        1/  170001 events ( 0.00%)
Processed   180000/  384000 entries, 46.88% (elapsed time   403.1s, curr speed    0.586 kHz, avg speed    0.446 kHz), accepted        1/  180001 events ( 0.00%)
Processed   190000/  384000 entries, 49.48% (elapsed time   412.1s, curr speed    1.114 kHz, avg speed    0.461 kHz), accepted        1/  190001 events ( 0.00%)
Processed   200000/  384000 entries, 52.08% (elapsed time   423.1s, curr speed    0.906 kHz, avg speed    0.473 kHz), accepted        1/  200001 events ( 0.00%)
Processed   210000/  384000 entries, 54.69% (elapsed time   440.2s, curr speed    0.587 kHz, avg speed    0.477 kHz), accepted        1/  210001 events ( 0.00%)
Processed   220000/  384000 entries, 57.29% (elapsed time   478.5s, curr speed    0.261 kHz, avg speed    0.460 kHz), accepted        2/  220001 events ( 0.00%)
Processed   230000/  384000 entries, 59.90% (elapsed time   498.2s, curr speed    0.509 kHz, avg speed    0.462 kHz), accepted        2/  230001 events ( 0.00%)
Processed   240000/  384000 entries, 62.50% (elapsed time   512.1s, curr speed    0.716 kHz, avg speed    0.469 kHz), accepted        2/  240001 events ( 0.00%)
Processed   250000/  384000 entries, 65.10% (elapsed time   517.5s, curr speed    1.860 kHz, avg speed    0.483 kHz), accepted        2/  250001 events ( 0.00%)
Processed   260000/  384000 entries, 67.71% (elapsed time   543.1s, curr speed    0.391 kHz, avg speed    0.479 kHz), accepted        2/  260001 events ( 0.00%)
Processed   270000/  384000 entries, 70.31% (elapsed time   560.3s, curr speed    0.580 kHz, avg speed    0.482 kHz), accepted        2/  270001 events ( 0.00%)
Processed   280000/  384000 entries, 72.92% (elapsed time   570.2s, curr speed    1.016 kHz, avg speed    0.491 kHz), accepted        2/  280001 events ( 0.00%)
Processed   290000/  384000 entries, 75.52% (elapsed time   589.2s, curr speed    0.525 kHz, avg speed    0.492 kHz), accepted        2/  290001 events ( 0.00%)
Processed   300000/  384000 entries, 78.12% (elapsed time   600.2s, curr speed    0.912 kHz, avg speed    0.500 kHz), accepted        2/  300001 events ( 0.00%)
Processed   310000/  384000 entries, 80.73% (elapsed time   609.2s, curr speed    1.106 kHz, avg speed    0.509 kHz), accepted        2/  310001 events ( 0.00%)
Processed   320000/  384000 entries, 83.33% (elapsed time   622.3s, curr speed    0.762 kHz, avg speed    0.514 kHz), accepted        2/  320001 events ( 0.00%)
Processed   330000/  384000 entries, 85.94% (elapsed time   652.3s, curr speed    0.334 kHz, avg speed    0.506 kHz), accepted        2/  330001 events ( 0.00%)
Processed   340000/  384000 entries, 88.54% (elapsed time   683.2s, curr speed    0.323 kHz, avg speed    0.498 kHz), accepted        2/  340001 events ( 0.00%)
Processed   350000/  384000 entries, 91.15% (elapsed time   699.2s, curr speed    0.625 kHz, avg speed    0.501 kHz), accepted        2/  350001 events ( 0.00%)
Processed   360000/  384000 entries, 93.75% (elapsed time   717.2s, curr speed    0.555 kHz, avg speed    0.502 kHz), accepted        2/  360001 events ( 0.00%)
Processed   370000/  384000 entries, 96.35% (elapsed time   732.3s, curr speed    0.665 kHz, avg speed    0.505 kHz), accepted        2/  370001 events ( 0.00%)
Processed   380000/  384000 entries, 98.96% (elapsed time   739.4s, curr speed    1.399 kHz, avg speed    0.514 kHz), accepted        2/  380001 events ( 0.00%)
Processed 384000 preselected entries from root://cms-xrd-global.cern.ch//store/mc/RunIIAutumn18NanoAODv6/TTToHadronic_TuneCP5_13TeV-powheg-pythia8/NANOAODSIM/Nano25Oct2019_102X_upgrade2018_realistic_v20-v3/60000/08B988B8-57E3-D242-8A04-08DB0219DA75.root (384000 entries). Finally selected 2 entries
Total time 4644.4 sec. to process 4992000 events. Rate = 1074.8 Hz.
>>> cwd          = /pool/condor/dir_12018
>>> ls           = ['.update.ad', '.chirp.config', 'lvigilan.cc', 'condor_exec.exe', 'var', 'pico_etau_etau_16.root', 'tmp', '.job.ad', 'x509_voms', '_condor_stdout', '.machine.ad']
>>> getstorage('/eos/home-l/lvigilan/output_2017ReReco18/2018/etau/TTToHadronic'), <EOS("/eos/home-l/lvigilan/output_2017ReReco18/2018/etau/TTToHadronic") at 0x2aefcab4e550>
>>> Executing: 'cp ./pico_etau_etau_16.root /eos/home-l/lvigilan/output_2017ReReco18/2018/etau/TTToHadronic'
>>> Removing './pico_etau_etau_16.root'...
>>> picojob.py done after 4670.3 seconds

Job complete at Tue Dec 29 17:14:55 CET 2020
Took 77 minutes 53 seconds040 (1631409.016.000) 12/29 17:14:55 Finished transferring output files
...
005 (1631409.016.000) 12/29 17:14:55 Job terminated.
	(1) Normal termination (return value 0)
		Usr 0 00:04:19, Sys 0 00:00:17  -  Run Remote Usage
		Usr 0 00:00:00, Sys 0 00:00:00  -  Run Local Usage
		Usr 0 00:04:19, Sys 0 00:00:17  -  Total Remote Usage
		Usr 0 00:00:00, Sys 0 00:00:00  -  Total Local Usage
	95031  -  Run Bytes Sent By Job
	9873  -  Run Bytes Received By Job
	95031  -  Total Bytes Sent By Job
	19746  -  Total Bytes Received By Job
	Partitionable Resources :    Usage  Request Allocated 
	   Cpus                 :     0.05        1         1 
	   Disk (KB)            :   163         150    279094 
	   Memory (MB)          :   347        2000      2000 
...
