Could not find platform independent libraries <prefix>
Could not find platform dependent libraries <exec_prefix>
Consider setting $PYTHONHOME to <prefix>[:<exec_prefix>]
ImportError: No module named site
Job start at Tue Jun  8 10:16:41 CEST 2021
Running job on machine Linux b7s14n0669.cern.ch 3.10.0-1160.11.1.el7.x86_64 #1 SMP Fri Dec 18 16:34:56 UTC 2020 x86_64 x86_64 x86_64 GNU/Linux, host b7s14n0669.cern.ch
============================================================
$PWD=/pool/condor/dir_25055
$JOBID=2368957
$TASKID=33
$HOSTNAME=b7s14n0669.cern.ch
$TASKCMD=/afs/cern.ch/work/l/lvigilan/TauWork/CMSSW_10_6_17_patch1/src/TauFW/PicoProducer/python/processors/picojob.py -y UL2017 -d 'data' -c etau -M ETauFakeRate.ModuleETau --copydir /eos/home-l/lvigilan/output_ETauFR_UL17_RUN1/UL2017/etau/SingleElectron_Run2017E -t _etau_EES1p01_33 --opt 'ees=1.01' 'useT1=False' -i /eos/cms/store/group/phys_tau/TauFW/nano/UL2017/SingleElectron/Run2017E-UL2017_MiniAODv1_NanoAODv2-v2/NANOAOD/6AFFFC3A-D124-1847-8C15-712358C47790_skimjec_3.root /eos/cms/store/group/phys_tau/TauFW/nano/UL2017/SingleElectron/Run2017E-UL2017_MiniAODv1_NanoAODv2-v2/NANOAOD/6AFFFC3A-D124-1847-8C15-712358C47790_skimjec_4.root /eos/cms/store/group/phys_tau/TauFW/nano/UL2017/SingleElectron/Run2017E-UL2017_MiniAODv1_NanoAODv2-v2/NANOAOD/6AFFFC3A-D124-1847-8C15-712358C47790_skimjec_5.root /eos/cms/store/group/phys_tau/TauFW/nano/UL2017/SingleElectron/Run2017E-UL2017_MiniAODv1_NanoAODv2-v2/NANOAOD/6AFFFC3A-D124-1847-8C15-712358C47790_skimjec_6.root /eos/cms/store/group/phys_tau/TauFW/nano/UL2017/SingleElectron/Run2017E-UL2017_MiniAODv1_NanoAODv2-v2/NANOAOD/6AFFFC3A-D124-1847-8C15-712358C47790_skimjec_7.root
$WORKDIR=/pool/condor/dir_25055
>>> cd /afs/cern.ch/work/l/lvigilan/TauWork/CMSSW_10_6_17_patch1/src
>>> eval `scramv1 runtime -sh`
>>> cd /pool/condor/dir_25055
$PWD=/pool/condor/dir_25055
>>> /afs/cern.ch/work/l/lvigilan/TauWork/CMSSW_10_6_17_patch1/src/TauFW/PicoProducer/python/processors/picojob.py -y UL2017 -d 'data' -c etau -M ETauFakeRate.ModuleETau --copydir /eos/home-l/lvigilan/output_ETauFR_UL17_RUN1/UL2017/etau/SingleElectron_Run2017E -t _etau_EES1p01_33 --opt 'ees=1.01' 'useT1=False' -i /eos/cms/store/group/phys_tau/TauFW/nano/UL2017/SingleElectron/Run2017E-UL2017_MiniAODv1_NanoAODv2-v2/NANOAOD/6AFFFC3A-D124-1847-8C15-712358C47790_skimjec_3.root /eos/cms/store/group/phys_tau/TauFW/nano/UL2017/SingleElectron/Run2017E-UL2017_MiniAODv1_NanoAODv2-v2/NANOAOD/6AFFFC3A-D124-1847-8C15-712358C47790_skimjec_4.root /eos/cms/store/group/phys_tau/TauFW/nano/UL2017/SingleElectron/Run2017E-UL2017_MiniAODv1_NanoAODv2-v2/NANOAOD/6AFFFC3A-D124-1847-8C15-712358C47790_skimjec_5.root /eos/cms/store/group/phys_tau/TauFW/nano/UL2017/SingleElectron/Run2017E-UL2017_MiniAODv1_NanoAODv2-v2/NANOAOD/6AFFFC3A-D124-1847-8C15-712358C47790_skimjec_6.root /eos/cms/store/group/phys_tau/TauFW/nano/UL2017/SingleElectron/Run2017E-UL2017_MiniAODv1_NanoAODv2-v2/NANOAOD/6AFFFC3A-D124-1847-8C15-712358C47790_skimjec_7.root
Error in <TGClient::TGClient>: can't open display "localhost:21.0", switching to batch mode...
 In case you run from a remote ssh session, reconnect with ssh -Y
--------------------------------------------------------------------------------
>>> era          = 'UL2017'
>>> year         = 2017
>>> channel      = 'etau'
>>> modname      = 'ETauFakeRate.ModuleETau'
>>> dtype        = 'data'
>>> kwargs       = {'dtype': 'data', 'ees': 1.01, 'useT1': False, 'verb': 0, 'era': 'UL2017', 'year': 2017}
>>> firstevt     = 0
>>> maxevts      = None
>>> outdir       = '.'
>>> copydir      = '/eos/home-l/lvigilan/output_ETauFR_UL17_RUN1/UL2017/etau/SingleElectron_Run2017E'
>>> infiles      = ['/eos/cms/store/group/phys_tau/TauFW/nano/UL2017/SingleElectron/Run2017E-UL2017_MiniAODv1_NanoAODv2-v2/NANOAOD/6AFFFC3A-D124-1847-8C15-712358C47790_skimjec_3.root', '/eos/cms/store/group/phys_tau/TauFW/nano/UL2017/SingleElectron/Run2017E-UL2017_MiniAODv1_NanoAODv2-v2/NANOAOD/6AFFFC3A-D124-1847-8C15-712358C47790_skimjec_4.root', '/eos/cms/store/group/phys_tau/TauFW/nano/UL2017/SingleElectron/Run2017E-UL2017_MiniAODv1_NanoAODv2-v2/NANOAOD/6AFFFC3A-D124-1847-8C15-712358C47790_skimjec_5.root', '/eos/cms/store/group/phys_tau/TauFW/nano/UL2017/SingleElectron/Run2017E-UL2017_MiniAODv1_NanoAODv2-v2/NANOAOD/6AFFFC3A-D124-1847-8C15-712358C47790_skimjec_6.root', '/eos/cms/store/group/phys_tau/TauFW/nano/UL2017/SingleElectron/Run2017E-UL2017_MiniAODv1_NanoAODv2-v2/NANOAOD/6AFFFC3A-D124-1847-8C15-712358C47790_skimjec_7.root']
>>> outfname     = './pico_etau_EES1p01_33.root'
>>> branchsel    = '/afs/cern.ch/work/l/lvigilan/TauWork/CMSSW_10_6_17_patch1/python/TauFW/PicoProducer/processors/keep_and_drop_skim.txt'
>>> json         = '/afs/cern.ch/work/l/lvigilan/TauWork/CMSSW_10_6_17_patch1/src/TauFW/PicoProducer/data/json/2017/Cert_294927-306462_13TeV_PromptReco_Collisions17_JSON.txt'
>>> prefetch     = False
>>> cwd          = /pool/condor/dir_25055
--------------------------------------------------------------------------------

   ################
   #  ModuleETau  #
   ################

Loading TreeProducerETau for './pico_etau_EES1p01_33.root'
--------------------------------------------------------------------------------
>>> filename     = './pico_etau_EES1p01_33.root'
>>> year         = 2017
>>> dtype        = 'data'
>>> channel      = 'etau'
>>> ismc         = False
>>> isdata       = True
>>> isembed      = False
>>> tes          = None
>>> tessys       = None
>>> fes          = None
>>> ltf          = None
>>> jtf          = 1.0
>>> dotoppt      = False
>>> dozpt        = False
>>> dojec        = False
>>> dojecsys     = False
>>> dotight      = False
>>> useT1        = False
>>> jetCutPt     = 30
>>> bjetCutEta   = 2.7
>>> tauwp        = 0
>>> eleCutPt     = 36
>>> eleCutEta    = 2.1
>>> tauCutPt     = 20
>>> tauCutEta    = 2.3
>>> ZpeekReso    = 0.0
Pre-select 228294 entries out of 228294 (100.00%)
Processed    10000/  228294 entries,  4.38% (elapsed time     4.8s, curr speed    2.069 kHz, avg speed    2.069 kHz), accepted      579/   10001 events ( 5.79%)
Processed    20000/  228294 entries,  8.76% (elapsed time     7.5s, curr speed    3.772 kHz, avg speed    2.672 kHz), accepted     1180/   20001 events ( 5.90%)
Processed    30000/  228294 entries, 13.14% (elapsed time     9.9s, curr speed    4.062 kHz, avg speed    3.016 kHz), accepted     1774/   30001 events ( 5.91%)
Processed    40000/  228294 entries, 17.52% (elapsed time    12.0s, curr speed    4.892 kHz, avg speed    3.336 kHz), accepted     2323/   40001 events ( 5.81%)
Processed    50000/  228294 entries, 21.90% (elapsed time    14.7s, curr speed    3.757 kHz, avg speed    3.413 kHz), accepted     2896/   50001 events ( 5.79%)
Processed    60000/  228294 entries, 26.28% (elapsed time    17.0s, curr speed    4.184 kHz, avg speed    3.521 kHz), accepted     3469/   60001 events ( 5.78%)
Processed    70000/  228294 entries, 30.66% (elapsed time    19.6s, curr speed    3.952 kHz, avg speed    3.576 kHz), accepted     4018/   70001 events ( 5.74%)
Processed    80000/  228294 entries, 35.04% (elapsed time    22.5s, curr speed    3.473 kHz, avg speed    3.563 kHz), accepted     4611/   80001 events ( 5.76%)
Processed    90000/  228294 entries, 39.42% (elapsed time    24.9s, curr speed    4.132 kHz, avg speed    3.619 kHz), accepted     5190/   90001 events ( 5.77%)
Processed   100000/  228294 entries, 43.80% (elapsed time    26.8s, curr speed    5.230 kHz, avg speed    3.734 kHz), accepted     5737/  100001 events ( 5.74%)
Processed   110000/  228294 entries, 48.18% (elapsed time    28.7s, curr speed    5.117 kHz, avg speed    3.828 kHz), accepted     6317/  110001 events ( 5.74%)
Processed   120000/  228294 entries, 52.56% (elapsed time    31.0s, curr speed    4.326 kHz, avg speed    3.865 kHz), accepted     6912/  120001 events ( 5.76%)
Processed   130000/  228294 entries, 56.94% (elapsed time    32.9s, curr speed    5.325 kHz, avg speed    3.948 kHz), accepted     7538/  130001 events ( 5.80%)
Processed   140000/  228294 entries, 61.32% (elapsed time    34.9s, curr speed    5.141 kHz, avg speed    4.015 kHz), accepted     8121/  140001 events ( 5.80%)
Processed   150000/  228294 entries, 65.70% (elapsed time    37.0s, curr speed    4.702 kHz, avg speed    4.054 kHz), accepted     8738/  150001 events ( 5.83%)
Processed   160000/  228294 entries, 70.09% (elapsed time    39.2s, curr speed    4.458 kHz, avg speed    4.077 kHz), accepted     9356/  160001 events ( 5.85%)
Processed   170000/  228294 entries, 74.47% (elapsed time    41.3s, curr speed    4.892 kHz, avg speed    4.118 kHz), accepted     9934/  170001 events ( 5.84%)
Processed   180000/  228294 entries, 78.85% (elapsed time    43.2s, curr speed    5.179 kHz, avg speed    4.165 kHz), accepted    10469/  180001 events ( 5.82%)
Processed   190000/  228294 entries, 83.23% (elapsed time    45.2s, curr speed    5.030 kHz, avg speed    4.203 kHz), accepted    11024/  190001 events ( 5.80%)
Processed   200000/  228294 entries, 87.61% (elapsed time    47.2s, curr speed    5.138 kHz, avg speed    4.242 kHz), accepted    11518/  200001 events ( 5.76%)
Processed   210000/  228294 entries, 91.99% (elapsed time    49.1s, curr speed    5.041 kHz, avg speed    4.274 kHz), accepted    12073/  210001 events ( 5.75%)
Processed   220000/  228294 entries, 96.37% (elapsed time    51.3s, curr speed    4.686 kHz, avg speed    4.291 kHz), accepted    12576/  220001 events ( 5.72%)
Processed 228294 preselected entries from /eos/cms/store/group/phys_tau/TauFW/nano/UL2017/SingleElectron/Run2017E-UL2017_MiniAODv1_NanoAODv2-v2/NANOAOD/6AFFFC3A-D124-1847-8C15-712358C47790_skimjec_3.root (228294 entries). Finally selected 13034 entries
Pre-select 228294 entries out of 228294 (100.00%)
Processed    10000/  228294 entries,  4.38% (elapsed time     2.8s, curr speed    3.632 kHz, avg speed    3.632 kHz), accepted      559/   10001 events ( 5.59%)
Processed    20000/  228294 entries,  8.76% (elapsed time     4.7s, curr speed    5.080 kHz, avg speed    4.236 kHz), accepted     1075/   20001 events ( 5.37%)
Processed    30000/  228294 entries, 13.14% (elapsed time     6.6s, curr speed    5.448 kHz, avg speed    4.575 kHz), accepted     1627/   30001 events ( 5.42%)
Processed    40000/  228294 entries, 17.52% (elapsed time     8.4s, curr speed    5.439 kHz, avg speed    4.764 kHz), accepted     2166/   40001 events ( 5.41%)
Processed    50000/  228294 entries, 21.90% (elapsed time    10.4s, curr speed    4.933 kHz, avg speed    4.797 kHz), accepted     2717/   50001 events ( 5.43%)
Processed    60000/  228294 entries, 26.28% (elapsed time    12.6s, curr speed    4.697 kHz, avg speed    4.780 kHz), accepted     3223/   60001 events ( 5.37%)
Processed    70000/  228294 entries, 30.66% (elapsed time    14.7s, curr speed    4.627 kHz, avg speed    4.758 kHz), accepted     3788/   70001 events ( 5.41%)
Processed    80000/  228294 entries, 35.04% (elapsed time    16.8s, curr speed    4.768 kHz, avg speed    4.759 kHz), accepted     4336/   80001 events ( 5.42%)
Processed    90000/  228294 entries, 39.42% (elapsed time    19.1s, curr speed    4.465 kHz, avg speed    4.724 kHz), accepted     4878/   90001 events ( 5.42%)
Processed   100000/  228294 entries, 43.80% (elapsed time    21.4s, curr speed    4.309 kHz, avg speed    4.679 kHz), accepted     5425/  100001 events ( 5.42%)
Processed   110000/  228294 entries, 48.18% (elapsed time    23.6s, curr speed    4.435 kHz, avg speed    4.656 kHz), accepted     5951/  110001 events ( 5.41%)
Processed   120000/  228294 entries, 52.56% (elapsed time    26.0s, curr speed    4.292 kHz, avg speed    4.623 kHz), accepted     6524/  120001 events ( 5.44%)
Processed   130000/  228294 entries, 56.94% (elapsed time    28.2s, curr speed    4.514 kHz, avg speed    4.615 kHz), accepted     7025/  130001 events ( 5.40%)
Processed   140000/  228294 entries, 61.32% (elapsed time    30.4s, curr speed    4.537 kHz, avg speed    4.609 kHz), accepted     7525/  140001 events ( 5.37%)
Processed   150000/  228294 entries, 65.70% (elapsed time    32.7s, curr speed    4.253 kHz, avg speed    4.583 kHz), accepted     8103/  150001 events ( 5.40%)
Processed   160000/  228294 entries, 70.09% (elapsed time    35.1s, curr speed    4.296 kHz, avg speed    4.564 kHz), accepted     8623/  160001 events ( 5.39%)
Processed   170000/  228294 entries, 74.47% (elapsed time    37.3s, curr speed    4.447 kHz, avg speed    4.557 kHz), accepted     9138/  170001 events ( 5.38%)
Processed   180000/  228294 entries, 78.85% (elapsed time    39.4s, curr speed    4.789 kHz, avg speed    4.570 kHz), accepted     9683/  180001 events ( 5.38%)
Processed   190000/  228294 entries, 83.23% (elapsed time    41.6s, curr speed    4.581 kHz, avg speed    4.570 kHz), accepted    10244/  190001 events ( 5.39%)
Processed   200000/  228294 entries, 87.61% (elapsed time    43.8s, curr speed    4.583 kHz, avg speed    4.571 kHz), accepted    10807/  200001 events ( 5.40%)
Processed   210000/  228294 entries, 91.99% (elapsed time    45.6s, curr speed    5.337 kHz, avg speed    4.602 kHz), accepted    11285/  210001 events ( 5.37%)
Processed   220000/  228294 entries, 96.37% (elapsed time    47.8s, curr speed    4.550 kHz, avg speed    4.600 kHz), accepted    11807/  220001 events ( 5.37%)
Processed 228294 preselected entries from /eos/cms/store/group/phys_tau/TauFW/nano/UL2017/SingleElectron/Run2017E-UL2017_MiniAODv1_NanoAODv2-v2/NANOAOD/6AFFFC3A-D124-1847-8C15-712358C47790_skimjec_4.root (228294 entries). Finally selected 12238 entries
Pre-select 227673 entries out of 227673 (100.00%)
Processed    10000/  227673 entries,  4.39% (elapsed time     3.1s, curr speed    3.215 kHz, avg speed    3.215 kHz), accepted      558/   10001 events ( 5.58%)
Processed    20000/  227673 entries,  8.78% (elapsed time     5.5s, curr speed    4.118 kHz, avg speed    3.611 kHz), accepted     1140/   20001 events ( 5.70%)
Processed    30000/  227673 entries, 13.18% (elapsed time     7.7s, curr speed    4.731 kHz, avg speed    3.920 kHz), accepted     1755/   30001 events ( 5.85%)
Processed    40000/  227673 entries, 17.57% (elapsed time    10.0s, curr speed    4.352 kHz, avg speed    4.020 kHz), accepted     2311/   40001 events ( 5.78%)
Processed    50000/  227673 entries, 21.96% (elapsed time    12.1s, curr speed    4.588 kHz, avg speed    4.122 kHz), accepted     2886/   50001 events ( 5.77%)
Processed    60000/  227673 entries, 26.35% (elapsed time    14.6s, curr speed    4.013 kHz, avg speed    4.103 kHz), accepted     3481/   60001 events ( 5.80%)
Processed    70000/  227673 entries, 30.75% (elapsed time    16.8s, curr speed    4.510 kHz, avg speed    4.157 kHz), accepted     4028/   70001 events ( 5.75%)
Processed    80000/  227673 entries, 35.14% (elapsed time    18.9s, curr speed    4.774 kHz, avg speed    4.225 kHz), accepted     4609/   80001 events ( 5.76%)
Processed    90000/  227673 entries, 39.53% (elapsed time    21.1s, curr speed    4.707 kHz, avg speed    4.274 kHz), accepted     5226/   90001 events ( 5.81%)
Processed   100000/  227673 entries, 43.92% (elapsed time    23.5s, curr speed    4.175 kHz, avg speed    4.264 kHz), accepted     5918/  100001 events ( 5.92%)
Processed   110000/  227673 entries, 48.31% (elapsed time    25.9s, curr speed    4.080 kHz, avg speed    4.246 kHz), accepted     6518/  110001 events ( 5.93%)
Processed   120000/  227673 entries, 52.71% (elapsed time    28.4s, curr speed    4.033 kHz, avg speed    4.228 kHz), accepted     7195/  120001 events ( 6.00%)
Processed   130000/  227673 entries, 57.10% (elapsed time    30.5s, curr speed    4.714 kHz, avg speed    4.262 kHz), accepted     7843/  130001 events ( 6.03%)
Processed   140000/  227673 entries, 61.49% (elapsed time    32.8s, curr speed    4.295 kHz, avg speed    4.264 kHz), accepted     8484/  140001 events ( 6.06%)
Processed   150000/  227673 entries, 65.88% (elapsed time    35.0s, curr speed    4.595 kHz, avg speed    4.285 kHz), accepted     9103/  150001 events ( 6.07%)
Processed   160000/  227673 entries, 70.28% (elapsed time    37.1s, curr speed    4.760 kHz, avg speed    4.311 kHz), accepted     9668/  160001 events ( 6.04%)
Processed   170000/  227673 entries, 74.67% (elapsed time    39.0s, curr speed    5.388 kHz, avg speed    4.363 kHz), accepted    10144/  170001 events ( 5.97%)
Processed   180000/  227673 entries, 79.06% (elapsed time    40.9s, curr speed    5.069 kHz, avg speed    4.397 kHz), accepted    10614/  180001 events ( 5.90%)
Processed   190000/  227673 entries, 83.45% (elapsed time    42.7s, curr speed    5.606 kHz, avg speed    4.447 kHz), accepted    11149/  190001 events ( 5.87%)
Processed   200000/  227673 entries, 87.85% (elapsed time    44.5s, curr speed    5.650 kHz, avg speed    4.495 kHz), accepted    11638/  200001 events ( 5.82%)
Processed   210000/  227673 entries, 92.24% (elapsed time    46.4s, curr speed    5.142 kHz, avg speed    4.522 kHz), accepted    12165/  210001 events ( 5.79%)
Processed   220000/  227673 entries, 96.63% (elapsed time    48.4s, curr speed    4.990 kHz, avg speed    4.542 kHz), accepted    12746/  220001 events ( 5.79%)
Processed 227673 preselected entries from /eos/cms/store/group/phys_tau/TauFW/nano/UL2017/SingleElectron/Run2017E-UL2017_MiniAODv1_NanoAODv2-v2/NANOAOD/6AFFFC3A-D124-1847-8C15-712358C47790_skimjec_5.root (227673 entries). Finally selected 13218 entries
Pre-select 228294 entries out of 228294 (100.00%)
Processed    10000/  228294 entries,  4.38% (elapsed time     4.0s, curr speed    2.485 kHz, avg speed    2.485 kHz), accepted      670/   10001 events ( 6.70%)
Processed    20000/  228294 entries,  8.76% (elapsed time     6.5s, curr speed    4.040 kHz, avg speed    3.077 kHz), accepted     1292/   20001 events ( 6.46%)
Processed    30000/  228294 entries, 13.14% (elapsed time     8.8s, curr speed    4.381 kHz, avg speed    3.416 kHz), accepted     1926/   30001 events ( 6.42%)
Processed    40000/  228294 entries, 17.52% (elapsed time    11.8s, curr speed    3.361 kHz, avg speed    3.402 kHz), accepted     2545/   40001 events ( 6.36%)
Processed    50000/  228294 entries, 21.90% (elapsed time    13.8s, curr speed    4.824 kHz, avg speed    3.615 kHz), accepted     3153/   50001 events ( 6.31%)
Processed    60000/  228294 entries, 26.28% (elapsed time    16.3s, curr speed    4.040 kHz, avg speed    3.680 kHz), accepted     3790/   60001 events ( 6.32%)
Processed    70000/  228294 entries, 30.66% (elapsed time    18.6s, curr speed    4.317 kHz, avg speed    3.759 kHz), accepted     4445/   70001 events ( 6.35%)
Processed    80000/  228294 entries, 35.04% (elapsed time    21.8s, curr speed    3.114 kHz, avg speed    3.664 kHz), accepted     5075/   80001 events ( 6.34%)
Processed    90000/  228294 entries, 39.42% (elapsed time    24.2s, curr speed    4.279 kHz, avg speed    3.723 kHz), accepted     5779/   90001 events ( 6.42%)
Processed   100000/  228294 entries, 43.80% (elapsed time    26.6s, curr speed    4.066 kHz, avg speed    3.755 kHz), accepted     6383/  100001 events ( 6.38%)
Processed   110000/  228294 entries, 48.18% (elapsed time    28.8s, curr speed    4.601 kHz, avg speed    3.819 kHz), accepted     7078/  110001 events ( 6.43%)
Processed   120000/  228294 entries, 52.56% (elapsed time    31.1s, curr speed    4.347 kHz, avg speed    3.858 kHz), accepted     7686/  120001 events ( 6.40%)
Processed   130000/  228294 entries, 56.94% (elapsed time    33.4s, curr speed    4.280 kHz, avg speed    3.887 kHz), accepted     8342/  130001 events ( 6.42%)
Processed   140000/  228294 entries, 61.32% (elapsed time    35.8s, curr speed    4.208 kHz, avg speed    3.909 kHz), accepted     8969/  140001 events ( 6.41%)
Processed   150000/  228294 entries, 65.70% (elapsed time    38.3s, curr speed    4.110 kHz, avg speed    3.921 kHz), accepted     9567/  150001 events ( 6.38%)
Processed   160000/  228294 entries, 70.09% (elapsed time    40.7s, curr speed    4.066 kHz, avg speed    3.930 kHz), accepted    10224/  160001 events ( 6.39%)
Processed   170000/  228294 entries, 74.47% (elapsed time    43.3s, curr speed    3.936 kHz, avg speed    3.931 kHz), accepted    10853/  170001 events ( 6.38%)
Processed   180000/  228294 entries, 78.85% (elapsed time    45.6s, curr speed    4.322 kHz, avg speed    3.950 kHz), accepted    11428/  180001 events ( 6.35%)
Processed   190000/  228294 entries, 83.23% (elapsed time    47.7s, curr speed    4.721 kHz, avg speed    3.985 kHz), accepted    11982/  190001 events ( 6.31%)
Processed   200000/  228294 entries, 87.61% (elapsed time    49.6s, curr speed    5.329 kHz, avg speed    4.036 kHz), accepted    12500/  200001 events ( 6.25%)
Processed   210000/  228294 entries, 91.99% (elapsed time    51.4s, curr speed    5.361 kHz, avg speed    4.084 kHz), accepted    13062/  210001 events ( 6.22%)
Processed   220000/  228294 entries, 96.37% (elapsed time    53.2s, curr speed    5.557 kHz, avg speed    4.133 kHz), accepted    13595/  220001 events ( 6.18%)
Processed 228294 preselected entries from /eos/cms/store/group/phys_tau/TauFW/nano/UL2017/SingleElectron/Run2017E-UL2017_MiniAODv1_NanoAODv2-v2/NANOAOD/6AFFFC3A-D124-1847-8C15-712358C47790_skimjec_6.root (228294 entries). Finally selected 14042 entries
Pre-select 228291 entries out of 228291 (100.00%)
Processed    10000/  228291 entries,  4.38% (elapsed time    11.0s, curr speed    0.913 kHz, avg speed    0.913 kHz), accepted      524/   10001 events ( 5.24%)
Processed    20000/  228291 entries,  8.76% (elapsed time    13.1s, curr speed    4.640 kHz, avg speed    1.525 kHz), accepted     1063/   20001 events ( 5.31%)
Processed    30000/  228291 entries, 13.14% (elapsed time    14.8s, curr speed    6.017 kHz, avg speed    2.030 kHz), accepted     1587/   30001 events ( 5.29%)
Processed    40000/  228291 entries, 17.52% (elapsed time    16.9s, curr speed    4.736 kHz, avg speed    2.369 kHz), accepted     2099/   40001 events ( 5.25%)
Processed    50000/  228291 entries, 21.90% (elapsed time    18.8s, curr speed    5.199 kHz, avg speed    2.658 kHz), accepted     2602/   50001 events ( 5.20%)
Processed    60000/  228291 entries, 26.28% (elapsed time    20.7s, curr speed    5.322 kHz, avg speed    2.900 kHz), accepted     3143/   60001 events ( 5.24%)
Processed    70000/  228291 entries, 30.66% (elapsed time    22.5s, curr speed    5.557 kHz, avg speed    3.113 kHz), accepted     3699/   70001 events ( 5.28%)
Processed    80000/  228291 entries, 35.04% (elapsed time    24.5s, curr speed    4.965 kHz, avg speed    3.265 kHz), accepted     4246/   80001 events ( 5.31%)
Processed    90000/  228291 entries, 39.42% (elapsed time    26.6s, curr speed    4.875 kHz, avg speed    3.389 kHz), accepted     4765/   90001 events ( 5.29%)
Processed   100000/  228291 entries, 43.80% (elapsed time    28.6s, curr speed    4.992 kHz, avg speed    3.502 kHz), accepted     5311/  100001 events ( 5.31%)
Processed   110000/  228291 entries, 48.18% (elapsed time    30.8s, curr speed    4.424 kHz, avg speed    3.569 kHz), accepted     5875/  110001 events ( 5.34%)
Processed   120000/  228291 entries, 52.56% (elapsed time    33.0s, curr speed    4.651 kHz, avg speed    3.640 kHz), accepted     6422/  120001 events ( 5.35%)
Processed   130000/  228291 entries, 56.94% (elapsed time    35.2s, curr speed    4.494 kHz, avg speed    3.694 kHz), accepted     6999/  130001 events ( 5.38%)
Processed   140000/  228291 entries, 61.33% (elapsed time    37.1s, curr speed    5.268 kHz, avg speed    3.774 kHz), accepted     7515/  140001 events ( 5.37%)
Processed   150000/  228291 entries, 65.71% (elapsed time    39.2s, curr speed    4.713 kHz, avg speed    3.825 kHz), accepted     8057/  150001 events ( 5.37%)
Processed   160000/  228291 entries, 70.09% (elapsed time    41.0s, curr speed    5.538 kHz, avg speed    3.901 kHz), accepted     8608/  160001 events ( 5.38%)
Processed   170000/  228291 entries, 74.47% (elapsed time    42.8s, curr speed    5.485 kHz, avg speed    3.968 kHz), accepted     9175/  170001 events ( 5.40%)
Processed   180000/  228291 entries, 78.85% (elapsed time    44.8s, curr speed    5.040 kHz, avg speed    4.015 kHz), accepted     9689/  180001 events ( 5.38%)
Processed   190000/  228291 entries, 83.23% (elapsed time    46.8s, curr speed    5.151 kHz, avg speed    4.063 kHz), accepted    10248/  190001 events ( 5.39%)
Processed   200000/  228291 entries, 87.61% (elapsed time    48.6s, curr speed    5.388 kHz, avg speed    4.113 kHz), accepted    10798/  200001 events ( 5.40%)
Processed   210000/  228291 entries, 91.99% (elapsed time    50.8s, curr speed    4.629 kHz, avg speed    4.135 kHz), accepted    11366/  210001 events ( 5.41%)
Processed   220000/  228291 entries, 96.37% (elapsed time    52.7s, curr speed    5.149 kHz, avg speed    4.173 kHz), accepted    11894/  220001 events ( 5.41%)
Processed 228291 preselected entries from /eos/cms/store/group/phys_tau/TauFW/nano/UL2017/SingleElectron/Run2017E-UL2017_MiniAODv1_NanoAODv2-v2/NANOAOD/6AFFFC3A-D124-1847-8C15-712358C47790_skimjec_7.root (228291 entries). Finally selected 12338 entries
Total time 298.3 sec. to process 1140846 events. Rate = 3824.1 Hz.
>>> cwd          = /pool/condor/dir_25055
>>> ls           = ['.update.ad', '.machine.ad', 'lvigilan.cc', 'condor_exec.exe', 'pico_etau_EES1p01_33.root', '.chirp.config', 'x509_voms', '.job.ad', 'tmp', '_condor_stdout', 'var']
>>> getstorage('/eos/home-l/lvigilan/output_ETauFR_UL17_RUN1/UL2017/etau/SingleElectron_Run2017E'), <EOS("/eos/home-l/lvigilan/output_ETauFR_UL17_RUN1/UL2017/etau/SingleElectron_Run2017E") at 0x2abef7588910>
>>> Executing: 'cp ./pico_etau_EES1p01_33.root /eos/home-l/lvigilan/output_ETauFR_UL17_RUN1/UL2017/etau/SingleElectron_Run2017E'
>>> Removing './pico_etau_EES1p01_33.root'...
>>> picojob.py done after 303.1 seconds

Job complete at Tue Jun  8 10:21:45 CEST 2021
Took 5 minutes 4 seconds040 (2368957.033.000) 06/08 10:21:45 Started transferring output files
...
040 (2368957.033.000) 06/08 10:21:46 Finished transferring output files
...
005 (2368957.033.000) 06/08 10:21:46 Job terminated.
	(1) Normal termination (return value 0)
		Usr 0 00:04:06, Sys 0 00:00:08  -  Run Remote Usage
		Usr 0 00:00:00, Sys 0 00:00:00  -  Run Local Usage
		Usr 0 00:04:06, Sys 0 00:00:08  -  Total Remote Usage
		Usr 0 00:00:00, Sys 0 00:00:00  -  Total Local Usage
	33127  -  Run Bytes Sent By Job
	9926  -  Run Bytes Received By Job
	33127  -  Total Bytes Sent By Job
	9926  -  Total Bytes Received By Job
	Partitionable Resources :    Usage  Request Allocated 
	   Cpus                 :     0.92        1         1 
	   Disk (KB)            :   101           1    284439 
	   Memory (MB)          :   163        2000      2000 

	Job terminated of its own accord at 2021-06-08T08:21:45Z.
...
