Could not find platform independent libraries <prefix>
Could not find platform dependent libraries <exec_prefix>
Consider setting $PYTHONHOME to <prefix>[:<exec_prefix>]
ImportError: No module named site
Job start at Mon Jun  7 23:05:40 CEST 2021
Running job on machine Linux b7g44n2513.cern.ch 3.10.0-1160.24.1.el7.x86_64 #1 SMP Thu Apr 8 19:51:47 UTC 2021 x86_64 x86_64 x86_64 GNU/Linux, host b7g44n2513.cern.ch
============================================================
$PWD=/pool/condor/dir_6438
$JOBID=2367901
$TASKID=35
$HOSTNAME=b7g44n2513.cern.ch
$TASKCMD=/afs/cern.ch/work/l/lvigilan/TauWork/CMSSW_10_6_17_patch1/src/TauFW/PicoProducer/python/processors/picojob.py -y UL2017 -d 'data' -c etau -M ETauFakeRate.ModuleETau --copydir /eos/home-l/lvigilan/output_ETauFR_UL17_RUN1/UL2017/etau/SingleElectron_Run2017E -t _etau_EES0p99_35 --opt 'ees=0.99' 'useT1=False' -i /eos/cms/store/group/phys_tau/TauFW/nano/UL2017/SingleElectron/Run2017E-UL2017_MiniAODv1_NanoAODv2-v2/NANOAOD/6B18B306-FC32-D045-BE4A-D5838F71B340_skimjec_5.root /eos/cms/store/group/phys_tau/TauFW/nano/UL2017/SingleElectron/Run2017E-UL2017_MiniAODv1_NanoAODv2-v2/NANOAOD/71AAECDF-DDA4-194A-BA19-9CF38F755CB1_skimjec_0.root /eos/cms/store/group/phys_tau/TauFW/nano/UL2017/SingleElectron/Run2017E-UL2017_MiniAODv1_NanoAODv2-v2/NANOAOD/71AAECDF-DDA4-194A-BA19-9CF38F755CB1_skimjec_1.root /eos/cms/store/group/phys_tau/TauFW/nano/UL2017/SingleElectron/Run2017E-UL2017_MiniAODv1_NanoAODv2-v2/NANOAOD/71AAECDF-DDA4-194A-BA19-9CF38F755CB1_skimjec_2.root /eos/cms/store/group/phys_tau/TauFW/nano/UL2017/SingleElectron/Run2017E-UL2017_MiniAODv1_NanoAODv2-v2/NANOAOD/71AAECDF-DDA4-194A-BA19-9CF38F755CB1_skimjec_3.root
$WORKDIR=/pool/condor/dir_6438
>>> cd /afs/cern.ch/work/l/lvigilan/TauWork/CMSSW_10_6_17_patch1/src
>>> eval `scramv1 runtime -sh`
>>> cd /pool/condor/dir_6438
$PWD=/pool/condor/dir_6438
>>> /afs/cern.ch/work/l/lvigilan/TauWork/CMSSW_10_6_17_patch1/src/TauFW/PicoProducer/python/processors/picojob.py -y UL2017 -d 'data' -c etau -M ETauFakeRate.ModuleETau --copydir /eos/home-l/lvigilan/output_ETauFR_UL17_RUN1/UL2017/etau/SingleElectron_Run2017E -t _etau_EES0p99_35 --opt 'ees=0.99' 'useT1=False' -i /eos/cms/store/group/phys_tau/TauFW/nano/UL2017/SingleElectron/Run2017E-UL2017_MiniAODv1_NanoAODv2-v2/NANOAOD/6B18B306-FC32-D045-BE4A-D5838F71B340_skimjec_5.root /eos/cms/store/group/phys_tau/TauFW/nano/UL2017/SingleElectron/Run2017E-UL2017_MiniAODv1_NanoAODv2-v2/NANOAOD/71AAECDF-DDA4-194A-BA19-9CF38F755CB1_skimjec_0.root /eos/cms/store/group/phys_tau/TauFW/nano/UL2017/SingleElectron/Run2017E-UL2017_MiniAODv1_NanoAODv2-v2/NANOAOD/71AAECDF-DDA4-194A-BA19-9CF38F755CB1_skimjec_1.root /eos/cms/store/group/phys_tau/TauFW/nano/UL2017/SingleElectron/Run2017E-UL2017_MiniAODv1_NanoAODv2-v2/NANOAOD/71AAECDF-DDA4-194A-BA19-9CF38F755CB1_skimjec_2.root /eos/cms/store/group/phys_tau/TauFW/nano/UL2017/SingleElectron/Run2017E-UL2017_MiniAODv1_NanoAODv2-v2/NANOAOD/71AAECDF-DDA4-194A-BA19-9CF38F755CB1_skimjec_3.root
Error in <TGClient::TGClient>: can't open display "localhost:13.0", switching to batch mode...
 In case you run from a remote ssh session, reconnect with ssh -Y
--------------------------------------------------------------------------------
>>> era          = 'UL2017'
>>> year         = 2017
>>> channel      = 'etau'
>>> modname      = 'ETauFakeRate.ModuleETau'
>>> dtype        = 'data'
>>> kwargs       = {'dtype': 'data', 'ees': 0.99, 'useT1': False, 'verb': 0, 'era': 'UL2017', 'year': 2017}
>>> firstevt     = 0
>>> maxevts      = None
>>> outdir       = '.'
>>> copydir      = '/eos/home-l/lvigilan/output_ETauFR_UL17_RUN1/UL2017/etau/SingleElectron_Run2017E'
>>> infiles      = ['/eos/cms/store/group/phys_tau/TauFW/nano/UL2017/SingleElectron/Run2017E-UL2017_MiniAODv1_NanoAODv2-v2/NANOAOD/6B18B306-FC32-D045-BE4A-D5838F71B340_skimjec_5.root', '/eos/cms/store/group/phys_tau/TauFW/nano/UL2017/SingleElectron/Run2017E-UL2017_MiniAODv1_NanoAODv2-v2/NANOAOD/71AAECDF-DDA4-194A-BA19-9CF38F755CB1_skimjec_0.root', '/eos/cms/store/group/phys_tau/TauFW/nano/UL2017/SingleElectron/Run2017E-UL2017_MiniAODv1_NanoAODv2-v2/NANOAOD/71AAECDF-DDA4-194A-BA19-9CF38F755CB1_skimjec_1.root', '/eos/cms/store/group/phys_tau/TauFW/nano/UL2017/SingleElectron/Run2017E-UL2017_MiniAODv1_NanoAODv2-v2/NANOAOD/71AAECDF-DDA4-194A-BA19-9CF38F755CB1_skimjec_2.root', '/eos/cms/store/group/phys_tau/TauFW/nano/UL2017/SingleElectron/Run2017E-UL2017_MiniAODv1_NanoAODv2-v2/NANOAOD/71AAECDF-DDA4-194A-BA19-9CF38F755CB1_skimjec_3.root']
>>> outfname     = './pico_etau_EES0p99_35.root'
>>> branchsel    = '/afs/cern.ch/work/l/lvigilan/TauWork/CMSSW_10_6_17_patch1/python/TauFW/PicoProducer/processors/keep_and_drop_skim.txt'
>>> json         = '/afs/cern.ch/work/l/lvigilan/TauWork/CMSSW_10_6_17_patch1/src/TauFW/PicoProducer/data/json/2017/Cert_294927-306462_13TeV_PromptReco_Collisions17_JSON.txt'
>>> prefetch     = False
>>> cwd          = /pool/condor/dir_6438
--------------------------------------------------------------------------------

   ################
   #  ModuleETau  #
   ################

Loading TreeProducerETau for './pico_etau_EES0p99_35.root'
--------------------------------------------------------------------------------
>>> filename     = './pico_etau_EES0p99_35.root'
>>> year         = 2017
>>> dtype        = 'data'
>>> channel      = 'etau'
>>> ismc         = False
>>> isdata       = True
>>> isembed      = False
>>> tes          = None
>>> tessys       = None
>>> fes          = None
>>> ltf          = None
>>> jtf          = 1.0
>>> dotoppt      = False
>>> dozpt        = False
>>> dojec        = False
>>> dojecsys     = False
>>> dotight      = False
>>> useT1        = False
>>> jetCutPt     = 30
>>> bjetCutEta   = 2.7
>>> tauwp        = 0
>>> eleCutPt     = 36
>>> eleCutEta    = 2.1
>>> tauCutPt     = 20
>>> tauCutEta    = 2.3
>>> ZpeekReso    = 0.0
Pre-select 209071 entries out of 209071 (100.00%)
Processed    10000/  209071 entries,  4.78% (elapsed time    15.6s, curr speed    0.639 kHz, avg speed    0.639 kHz), accepted      624/   10001 events ( 6.24%)
Processed    20000/  209071 entries,  9.57% (elapsed time    24.1s, curr speed    1.184 kHz, avg speed    0.830 kHz), accepted     1250/   20001 events ( 6.25%)
Processed    30000/  209071 entries, 14.35% (elapsed time    30.3s, curr speed    1.621 kHz, avg speed    0.991 kHz), accepted     1873/   30001 events ( 6.24%)
Processed    40000/  209071 entries, 19.13% (elapsed time    39.9s, curr speed    1.032 kHz, avg speed    1.001 kHz), accepted     2515/   40001 events ( 6.29%)
Processed    50000/  209071 entries, 23.92% (elapsed time    49.1s, curr speed    1.091 kHz, avg speed    1.018 kHz), accepted     3219/   50001 events ( 6.44%)
Processed    60000/  209071 entries, 28.70% (elapsed time    56.9s, curr speed    1.283 kHz, avg speed    1.054 kHz), accepted     3735/   60001 events ( 6.22%)
Processed    70000/  209071 entries, 33.48% (elapsed time    64.1s, curr speed    1.396 kHz, avg speed    1.093 kHz), accepted     4284/   70001 events ( 6.12%)
Processed    80000/  209071 entries, 38.26% (elapsed time    71.3s, curr speed    1.390 kHz, avg speed    1.123 kHz), accepted     4809/   80001 events ( 6.01%)
Processed    90000/  209071 entries, 43.05% (elapsed time    80.5s, curr speed    1.083 kHz, avg speed    1.118 kHz), accepted     5327/   90001 events ( 5.92%)
Processed   100000/  209071 entries, 47.83% (elapsed time    87.1s, curr speed    1.505 kHz, avg speed    1.148 kHz), accepted     5873/  100001 events ( 5.87%)
Processed   110000/  209071 entries, 52.61% (elapsed time    93.7s, curr speed    1.533 kHz, avg speed    1.174 kHz), accepted     6426/  110001 events ( 5.84%)
Processed   120000/  209071 entries, 57.40% (elapsed time   100.8s, curr speed    1.404 kHz, avg speed    1.191 kHz), accepted     6984/  120001 events ( 5.82%)
Processed   130000/  209071 entries, 62.18% (elapsed time   107.1s, curr speed    1.580 kHz, avg speed    1.214 kHz), accepted     7513/  130001 events ( 5.78%)
Processed   140000/  209071 entries, 66.96% (elapsed time   116.5s, curr speed    1.065 kHz, avg speed    1.202 kHz), accepted     8081/  140001 events ( 5.77%)
Processed   150000/  209071 entries, 71.75% (elapsed time   123.4s, curr speed    1.457 kHz, avg speed    1.216 kHz), accepted     8673/  150001 events ( 5.78%)
Processed   160000/  209071 entries, 76.53% (elapsed time   129.0s, curr speed    1.763 kHz, avg speed    1.240 kHz), accepted     9235/  160001 events ( 5.77%)
Processed   170000/  209071 entries, 81.31% (elapsed time   135.3s, curr speed    1.594 kHz, avg speed    1.256 kHz), accepted     9826/  170001 events ( 5.78%)
Processed   180000/  209071 entries, 86.10% (elapsed time   141.3s, curr speed    1.663 kHz, avg speed    1.274 kHz), accepted    10387/  180001 events ( 5.77%)
Processed   190000/  209071 entries, 90.88% (elapsed time   148.5s, curr speed    1.401 kHz, avg speed    1.280 kHz), accepted    10934/  190001 events ( 5.75%)
Processed   200000/  209071 entries, 95.66% (elapsed time   153.4s, curr speed    2.013 kHz, avg speed    1.304 kHz), accepted    11475/  200001 events ( 5.74%)
Processed 209071 preselected entries from /eos/cms/store/group/phys_tau/TauFW/nano/UL2017/SingleElectron/Run2017E-UL2017_MiniAODv1_NanoAODv2-v2/NANOAOD/6B18B306-FC32-D045-BE4A-D5838F71B340_skimjec_5.root (209071 entries). Finally selected 12015 entries
Pre-select 241364 entries out of 241364 (100.00%)
Processed    10000/  241364 entries,  4.14% (elapsed time    10.0s, curr speed    0.996 kHz, avg speed    0.996 kHz), accepted      499/   10001 events ( 4.99%)
Processed    20000/  241364 entries,  8.29% (elapsed time    14.5s, curr speed    2.259 kHz, avg speed    1.383 kHz), accepted     1063/   20001 events ( 5.31%)
Processed    30000/  241364 entries, 12.43% (elapsed time    17.4s, curr speed    3.408 kHz, avg speed    1.724 kHz), accepted     1578/   30001 events ( 5.26%)
Processed    40000/  241364 entries, 16.57% (elapsed time    22.7s, curr speed    1.878 kHz, avg speed    1.760 kHz), accepted     2219/   40001 events ( 5.55%)
Processed    50000/  241364 entries, 20.72% (elapsed time    29.1s, curr speed    1.577 kHz, avg speed    1.720 kHz), accepted     2771/   50001 events ( 5.54%)
Processed    60000/  241364 entries, 24.86% (elapsed time    33.3s, curr speed    2.358 kHz, avg speed    1.801 kHz), accepted     3344/   60001 events ( 5.57%)
Processed    70000/  241364 entries, 29.00% (elapsed time    37.8s, curr speed    2.204 kHz, avg speed    1.850 kHz), accepted     3984/   70001 events ( 5.69%)
Processed    80000/  241364 entries, 33.14% (elapsed time    43.2s, curr speed    1.856 kHz, avg speed    1.851 kHz), accepted     4602/   80001 events ( 5.75%)
Processed    90000/  241364 entries, 37.29% (elapsed time    48.9s, curr speed    1.773 kHz, avg speed    1.842 kHz), accepted     5228/   90001 events ( 5.81%)
Processed   100000/  241364 entries, 41.43% (elapsed time    54.9s, curr speed    1.665 kHz, avg speed    1.822 kHz), accepted     5900/  100001 events ( 5.90%)
Processed   110000/  241364 entries, 45.57% (elapsed time    61.0s, curr speed    1.637 kHz, avg speed    1.804 kHz), accepted     6540/  110001 events ( 5.95%)
Processed   120000/  241364 entries, 49.72% (elapsed time    67.2s, curr speed    1.620 kHz, avg speed    1.787 kHz), accepted     7136/  120001 events ( 5.95%)
Processed   130000/  241364 entries, 53.86% (elapsed time    72.8s, curr speed    1.779 kHz, avg speed    1.786 kHz), accepted     7768/  130001 events ( 5.98%)
Processed   140000/  241364 entries, 58.00% (elapsed time    80.1s, curr speed    1.357 kHz, avg speed    1.747 kHz), accepted     8432/  140001 events ( 6.02%)
Processed   150000/  241364 entries, 62.15% (elapsed time    87.7s, curr speed    1.319 kHz, avg speed    1.710 kHz), accepted     9080/  150001 events ( 6.05%)
Processed   160000/  241364 entries, 66.29% (elapsed time    93.0s, curr speed    1.886 kHz, avg speed    1.720 kHz), accepted     9701/  160001 events ( 6.06%)
Processed   170000/  241364 entries, 70.43% (elapsed time    97.9s, curr speed    2.060 kHz, avg speed    1.737 kHz), accepted    10249/  170001 events ( 6.03%)
Processed   180000/  241364 entries, 74.58% (elapsed time   103.1s, curr speed    1.904 kHz, avg speed    1.745 kHz), accepted    10807/  180001 events ( 6.00%)
Processed   190000/  241364 entries, 78.72% (elapsed time   108.5s, curr speed    1.863 kHz, avg speed    1.751 kHz), accepted    11372/  190001 events ( 5.99%)
Processed   200000/  241364 entries, 82.86% (elapsed time   113.5s, curr speed    1.984 kHz, avg speed    1.761 kHz), accepted    11892/  200001 events ( 5.95%)
Processed   210000/  241364 entries, 87.01% (elapsed time   118.1s, curr speed    2.198 kHz, avg speed    1.778 kHz), accepted    12425/  210001 events ( 5.92%)
Processed   220000/  241364 entries, 91.15% (elapsed time   123.9s, curr speed    1.736 kHz, avg speed    1.776 kHz), accepted    12968/  220001 events ( 5.89%)
Processed   230000/  241364 entries, 95.29% (elapsed time   128.3s, curr speed    2.256 kHz, avg speed    1.793 kHz), accepted    13520/  230001 events ( 5.88%)
Processed   240000/  241364 entries, 99.43% (elapsed time   132.5s, curr speed    2.346 kHz, avg speed    1.811 kHz), accepted    14062/  240001 events ( 5.86%)
Processed 241364 preselected entries from /eos/cms/store/group/phys_tau/TauFW/nano/UL2017/SingleElectron/Run2017E-UL2017_MiniAODv1_NanoAODv2-v2/NANOAOD/71AAECDF-DDA4-194A-BA19-9CF38F755CB1_skimjec_0.root (241364 entries). Finally selected 14124 entries
Pre-select 236230 entries out of 236230 (100.00%)
Processed    10000/  236230 entries,  4.23% (elapsed time     7.6s, curr speed    1.312 kHz, avg speed    1.312 kHz), accepted      575/   10001 events ( 5.75%)
Processed    20000/  236230 entries,  8.47% (elapsed time    12.9s, curr speed    1.886 kHz, avg speed    1.547 kHz), accepted     1124/   20001 events ( 5.62%)
Processed    30000/  236230 entries, 12.70% (elapsed time    17.2s, curr speed    2.366 kHz, avg speed    1.749 kHz), accepted     1676/   30001 events ( 5.59%)
Processed    40000/  236230 entries, 16.93% (elapsed time    20.7s, curr speed    2.783 kHz, avg speed    1.928 kHz), accepted     2205/   40001 events ( 5.51%)
Processed    50000/  236230 entries, 21.17% (elapsed time    25.0s, curr speed    2.330 kHz, avg speed    1.997 kHz), accepted     2765/   50001 events ( 5.53%)
Processed    60000/  236230 entries, 25.40% (elapsed time    28.7s, curr speed    2.720 kHz, avg speed    2.090 kHz), accepted     3316/   60001 events ( 5.53%)
Processed    70000/  236230 entries, 29.63% (elapsed time    33.3s, curr speed    2.168 kHz, avg speed    2.100 kHz), accepted     3866/   70001 events ( 5.52%)
Processed    80000/  236230 entries, 33.87% (elapsed time    37.1s, curr speed    2.673 kHz, avg speed    2.158 kHz), accepted     4424/   80001 events ( 5.53%)
Processed    90000/  236230 entries, 38.10% (elapsed time    40.9s, curr speed    2.606 kHz, avg speed    2.200 kHz), accepted     4980/   90001 events ( 5.53%)
Processed   100000/  236230 entries, 42.33% (elapsed time    45.0s, curr speed    2.432 kHz, avg speed    2.221 kHz), accepted     5511/  100001 events ( 5.51%)
Processed   110000/  236230 entries, 46.56% (elapsed time    49.3s, curr speed    2.343 kHz, avg speed    2.232 kHz), accepted     6028/  110001 events ( 5.48%)
Processed   120000/  236230 entries, 50.80% (elapsed time    53.3s, curr speed    2.506 kHz, avg speed    2.253 kHz), accepted     6595/  120001 events ( 5.50%)
Processed   130000/  236230 entries, 55.03% (elapsed time    57.2s, curr speed    2.523 kHz, avg speed    2.271 kHz), accepted     7134/  130001 events ( 5.49%)
Processed   140000/  236230 entries, 59.26% (elapsed time    61.5s, curr speed    2.343 kHz, avg speed    2.276 kHz), accepted     7670/  140001 events ( 5.48%)
Processed   150000/  236230 entries, 63.50% (elapsed time    65.3s, curr speed    2.625 kHz, avg speed    2.297 kHz), accepted     8210/  150001 events ( 5.47%)
Processed   160000/  236230 entries, 67.73% (elapsed time    69.2s, curr speed    2.592 kHz, avg speed    2.313 kHz), accepted     8777/  160001 events ( 5.49%)
Processed   170000/  236230 entries, 71.96% (elapsed time    73.2s, curr speed    2.511 kHz, avg speed    2.324 kHz), accepted     9356/  170001 events ( 5.50%)
Processed   180000/  236230 entries, 76.20% (elapsed time    76.3s, curr speed    3.164 kHz, avg speed    2.359 kHz), accepted     9916/  180001 events ( 5.51%)
Processed   190000/  236230 entries, 80.43% (elapsed time    80.1s, curr speed    2.676 kHz, avg speed    2.373 kHz), accepted    10447/  190001 events ( 5.50%)
Processed   200000/  236230 entries, 84.66% (elapsed time    84.0s, curr speed    2.530 kHz, avg speed    2.381 kHz), accepted    10981/  200001 events ( 5.49%)
Processed   210000/  236230 entries, 88.90% (elapsed time    87.6s, curr speed    2.779 kHz, avg speed    2.397 kHz), accepted    11510/  210001 events ( 5.48%)
Processed   220000/  236230 entries, 93.13% (elapsed time    93.0s, curr speed    1.863 kHz, avg speed    2.366 kHz), accepted    12163/  220001 events ( 5.53%)
Processed   230000/  236230 entries, 97.36% (elapsed time    97.2s, curr speed    2.346 kHz, avg speed    2.365 kHz), accepted    12819/  230001 events ( 5.57%)
Processed 236230 preselected entries from /eos/cms/store/group/phys_tau/TauFW/nano/UL2017/SingleElectron/Run2017E-UL2017_MiniAODv1_NanoAODv2-v2/NANOAOD/71AAECDF-DDA4-194A-BA19-9CF38F755CB1_skimjec_1.root (236230 entries). Finally selected 13202 entries
Pre-select 241364 entries out of 241364 (100.00%)
Processed    10000/  241364 entries,  4.14% (elapsed time     5.9s, curr speed    1.696 kHz, avg speed    1.696 kHz), accepted      624/   10001 events ( 6.24%)
Processed    20000/  241364 entries,  8.29% (elapsed time    11.2s, curr speed    1.884 kHz, avg speed    1.785 kHz), accepted     1266/   20001 events ( 6.33%)
Processed    30000/  241364 entries, 12.43% (elapsed time    16.2s, curr speed    1.983 kHz, avg speed    1.846 kHz), accepted     1934/   30001 events ( 6.45%)
Processed    40000/  241364 entries, 16.57% (elapsed time    21.7s, curr speed    1.820 kHz, avg speed    1.840 kHz), accepted     2617/   40001 events ( 6.54%)
Processed    50000/  241364 entries, 20.72% (elapsed time    26.2s, curr speed    2.267 kHz, avg speed    1.912 kHz), accepted     3243/   50001 events ( 6.49%)
Processed    60000/  241364 entries, 24.86% (elapsed time    29.5s, curr speed    2.970 kHz, avg speed    2.032 kHz), accepted     3870/   60001 events ( 6.45%)
Processed    70000/  241364 entries, 29.00% (elapsed time    33.4s, curr speed    2.557 kHz, avg speed    2.094 kHz), accepted     4502/   70001 events ( 6.43%)
Processed    80000/  241364 entries, 33.14% (elapsed time    37.6s, curr speed    2.409 kHz, avg speed    2.129 kHz), accepted     5146/   80001 events ( 6.43%)
Processed    90000/  241364 entries, 37.29% (elapsed time    41.3s, curr speed    2.719 kHz, avg speed    2.181 kHz), accepted     5815/   90001 events ( 6.46%)
Processed   100000/  241364 entries, 41.43% (elapsed time    45.2s, curr speed    2.547 kHz, avg speed    2.213 kHz), accepted     6441/  100001 events ( 6.44%)
Processed   110000/  241364 entries, 45.57% (elapsed time    48.5s, curr speed    3.054 kHz, avg speed    2.270 kHz), accepted     6976/  110001 events ( 6.34%)
Processed   120000/  241364 entries, 49.72% (elapsed time    51.9s, curr speed    2.932 kHz, avg speed    2.313 kHz), accepted     7474/  120001 events ( 6.23%)
Processed   130000/  241364 entries, 53.86% (elapsed time    55.7s, curr speed    2.595 kHz, avg speed    2.333 kHz), accepted     8034/  130001 events ( 6.18%)
Processed   140000/  241364 entries, 58.00% (elapsed time    59.4s, curr speed    2.734 kHz, avg speed    2.357 kHz), accepted     8607/  140001 events ( 6.15%)
Processed   150000/  241364 entries, 62.15% (elapsed time    62.9s, curr speed    2.839 kHz, avg speed    2.384 kHz), accepted     9182/  150001 events ( 6.12%)
Processed   160000/  241364 entries, 66.29% (elapsed time    67.2s, curr speed    2.305 kHz, avg speed    2.379 kHz), accepted     9706/  160001 events ( 6.07%)
Processed   170000/  241364 entries, 70.43% (elapsed time    71.1s, curr speed    2.623 kHz, avg speed    2.392 kHz), accepted    10291/  170001 events ( 6.05%)
Processed   180000/  241364 entries, 74.58% (elapsed time    74.4s, curr speed    3.022 kHz, avg speed    2.420 kHz), accepted    10808/  180001 events ( 6.00%)
Processed   190000/  241364 entries, 78.72% (elapsed time    77.5s, curr speed    3.186 kHz, avg speed    2.451 kHz), accepted    11372/  190001 events ( 5.99%)
Processed   200000/  241364 entries, 82.86% (elapsed time    81.4s, curr speed    2.594 kHz, avg speed    2.458 kHz), accepted    11974/  200001 events ( 5.99%)
Processed   210000/  241364 entries, 87.01% (elapsed time    84.3s, curr speed    3.431 kHz, avg speed    2.492 kHz), accepted    12547/  210001 events ( 5.97%)
Processed   220000/  241364 entries, 91.15% (elapsed time    86.9s, curr speed    3.772 kHz, avg speed    2.531 kHz), accepted    13072/  220001 events ( 5.94%)
Processed   230000/  241364 entries, 95.29% (elapsed time    89.8s, curr speed    3.431 kHz, avg speed    2.560 kHz), accepted    13594/  230001 events ( 5.91%)
Processed   240000/  241364 entries, 99.43% (elapsed time    92.8s, curr speed    3.369 kHz, avg speed    2.586 kHz), accepted    14142/  240001 events ( 5.89%)
Processed 241364 preselected entries from /eos/cms/store/group/phys_tau/TauFW/nano/UL2017/SingleElectron/Run2017E-UL2017_MiniAODv1_NanoAODv2-v2/NANOAOD/71AAECDF-DDA4-194A-BA19-9CF38F755CB1_skimjec_2.root (241364 entries). Finally selected 14209 entries
Pre-select 241364 entries out of 241364 (100.00%)
Processed    10000/  241364 entries,  4.14% (elapsed time     5.1s, curr speed    1.965 kHz, avg speed    1.965 kHz), accepted      491/   10001 events ( 4.91%)
Processed    20000/  241364 entries,  8.29% (elapsed time     8.4s, curr speed    3.044 kHz, avg speed    2.388 kHz), accepted     1028/   20001 events ( 5.14%)
Processed    30000/  241364 entries, 12.43% (elapsed time    11.7s, curr speed    3.009 kHz, avg speed    2.565 kHz), accepted     1626/   30001 events ( 5.42%)
Processed    40000/  241364 entries, 16.57% (elapsed time    14.6s, curr speed    3.410 kHz, avg speed    2.734 kHz), accepted     2197/   40001 events ( 5.49%)
Processed    50000/  241364 entries, 20.72% (elapsed time    17.8s, curr speed    3.125 kHz, avg speed    2.804 kHz), accepted     2763/   50001 events ( 5.53%)
Processed    60000/  241364 entries, 24.86% (elapsed time    21.3s, curr speed    2.857 kHz, avg speed    2.813 kHz), accepted     3315/   60001 events ( 5.52%)
Processed    70000/  241364 entries, 29.00% (elapsed time    24.9s, curr speed    2.833 kHz, avg speed    2.816 kHz), accepted     3890/   70001 events ( 5.56%)
Processed    80000/  241364 entries, 33.14% (elapsed time    28.9s, curr speed    2.469 kHz, avg speed    2.767 kHz), accepted     4404/   80001 events ( 5.50%)
Processed    90000/  241364 entries, 37.29% (elapsed time    32.5s, curr speed    2.780 kHz, avg speed    2.768 kHz), accepted     5009/   90001 events ( 5.57%)
Processed   100000/  241364 entries, 41.43% (elapsed time    36.0s, curr speed    2.882 kHz, avg speed    2.779 kHz), accepted     5576/  100001 events ( 5.58%)
Processed   110000/  241364 entries, 45.57% (elapsed time    39.4s, curr speed    2.881 kHz, avg speed    2.788 kHz), accepted     6152/  110001 events ( 5.59%)
Processed   120000/  241364 entries, 49.72% (elapsed time    42.7s, curr speed    3.037 kHz, avg speed    2.808 kHz), accepted     6713/  120001 events ( 5.59%)
Processed   130000/  241364 entries, 53.86% (elapsed time    45.8s, curr speed    3.265 kHz, avg speed    2.838 kHz), accepted     7284/  130001 events ( 5.60%)
Processed   140000/  241364 entries, 58.00% (elapsed time    48.7s, curr speed    3.447 kHz, avg speed    2.874 kHz), accepted     7836/  140001 events ( 5.60%)
Processed   150000/  241364 entries, 62.15% (elapsed time    51.9s, curr speed    3.096 kHz, avg speed    2.888 kHz), accepted     8404/  150001 events ( 5.60%)
Processed   160000/  241364 entries, 66.29% (elapsed time    55.3s, curr speed    2.997 kHz, avg speed    2.895 kHz), accepted     8965/  160001 events ( 5.60%)
Processed   170000/  241364 entries, 70.43% (elapsed time    58.7s, curr speed    2.900 kHz, avg speed    2.895 kHz), accepted     9523/  170001 events ( 5.60%)
Processed   180000/  241364 entries, 74.58% (elapsed time    62.7s, curr speed    2.539 kHz, avg speed    2.873 kHz), accepted    10092/  180001 events ( 5.61%)
Processed   190000/  241364 entries, 78.72% (elapsed time    65.7s, curr speed    3.274 kHz, avg speed    2.891 kHz), accepted    10642/  190001 events ( 5.60%)
Processed   200000/  241364 entries, 82.86% (elapsed time    68.9s, curr speed    3.161 kHz, avg speed    2.904 kHz), accepted    11213/  200001 events ( 5.61%)
Processed   210000/  241364 entries, 87.01% (elapsed time    72.5s, curr speed    2.790 kHz, avg speed    2.898 kHz), accepted    11732/  210001 events ( 5.59%)
Processed   220000/  241364 entries, 91.15% (elapsed time    75.6s, curr speed    3.218 kHz, avg speed    2.911 kHz), accepted    12297/  220001 events ( 5.59%)
Processed   230000/  241364 entries, 95.29% (elapsed time    78.8s, curr speed    3.118 kHz, avg speed    2.920 kHz), accepted    12840/  230001 events ( 5.58%)
Processed   240000/  241364 entries, 99.43% (elapsed time    81.8s, curr speed    3.262 kHz, avg speed    2.933 kHz), accepted    13417/  240001 events ( 5.59%)
Processed 241364 preselected entries from /eos/cms/store/group/phys_tau/TauFW/nano/UL2017/SingleElectron/Run2017E-UL2017_MiniAODv1_NanoAODv2-v2/NANOAOD/71AAECDF-DDA4-194A-BA19-9CF38F755CB1_skimjec_3.root (241364 entries). Finally selected 13485 entries
Total time 641.4 sec. to process 1169393 events. Rate = 1823.3 Hz.
>>> cwd          = /pool/condor/dir_6438
>>> ls           = ['condor_exec.exe', 'pico_etau_EES0p99_35.root', 'x509_voms', 'lvigilan.cc', '.job.ad', '.machine.ad', '.chirp.config', '_condor_stdout', 'var', 'tmp', '.update.ad']
>>> getstorage('/eos/home-l/lvigilan/output_ETauFR_UL17_RUN1/UL2017/etau/SingleElectron_Run2017E'), <EOS("/eos/home-l/lvigilan/output_ETauFR_UL17_RUN1/UL2017/etau/SingleElectron_Run2017E") at 0x2abe1bac89d0>
>>> Executing: 'cp ./pico_etau_EES0p99_35.root /eos/home-l/lvigilan/output_ETauFR_UL17_RUN1/UL2017/etau/SingleElectron_Run2017E'
>>> Removing './pico_etau_EES0p99_35.root'...
>>> picojob.py done after 689.9 seconds

Job complete at Mon Jun  7 23:17:23 CEST 2021
Took 11 minutes 43 seconds040 (2367901.035.000) 06/07 23:40:08 Finished transferring output files
...
005 (2367901.035.000) 06/07 23:40:09 Job terminated.
	(1) Normal termination (return value 0)
		Usr 0 00:07:52, Sys 0 00:00:25  -  Run Remote Usage
		Usr 0 00:00:00, Sys 0 00:00:00  -  Run Local Usage
		Usr 0 00:07:52, Sys 0 00:00:25  -  Total Remote Usage
		Usr 0 00:00:00, Sys 0 00:00:00  -  Total Local Usage
	33927  -  Run Bytes Sent By Job
	9898  -  Run Bytes Received By Job
	33927  -  Total Bytes Sent By Job
	9898  -  Total Bytes Received By Job
	Partitionable Resources :    Usage  Request Allocated 
	   Cpus                 :        0        1         1 
	   Disk (KB)            :     6316        1    163684 
	   Memory (MB)          :      197     2000      2000 

	Job terminated of its own accord at 2021-06-07T21:17:23Z.
...
