Could not find platform independent libraries <prefix>
Could not find platform dependent libraries <exec_prefix>
Consider setting $PYTHONHOME to <prefix>[:<exec_prefix>]
ImportError: No module named site
Job start at Tue Jun  8 10:16:56 CEST 2021
Running job on machine Linux b7s10n3105.cern.ch 3.10.0-1160.25.1.el7.x86_64 #1 SMP Wed Apr 28 21:49:45 UTC 2021 x86_64 x86_64 x86_64 GNU/Linux, host b7s10n3105.cern.ch
============================================================
$PWD=/pool/condor/dir_25263
$JOBID=2368957
$TASKID=77
$HOSTNAME=b7s10n3105.cern.ch
$TASKCMD=/afs/cern.ch/work/l/lvigilan/TauWork/CMSSW_10_6_17_patch1/src/TauFW/PicoProducer/python/processors/picojob.py -y UL2017 -d 'data' -c etau -M ETauFakeRate.ModuleETau --copydir /eos/home-l/lvigilan/output_ETauFR_UL17_RUN1/UL2017/etau/SingleElectron_Run2017E -t _etau_EES1p01_77 --opt 'ees=1.01' 'useT1=False' -i /eos/cms/store/group/phys_tau/TauFW/nano/UL2017/SingleElectron/Run2017E-UL2017_MiniAODv1_NanoAODv2-v2/NANOAOD/E425E4C1-3783-9C45-8CE3-40E52F4AD35F_skimjec_0.root /eos/cms/store/group/phys_tau/TauFW/nano/UL2017/SingleElectron/Run2017E-UL2017_MiniAODv1_NanoAODv2-v2/NANOAOD/E425E4C1-3783-9C45-8CE3-40E52F4AD35F_skimjec_1.root /eos/cms/store/group/phys_tau/TauFW/nano/UL2017/SingleElectron/Run2017E-UL2017_MiniAODv1_NanoAODv2-v2/NANOAOD/E425E4C1-3783-9C45-8CE3-40E52F4AD35F_skimjec_2.root /eos/cms/store/group/phys_tau/TauFW/nano/UL2017/SingleElectron/Run2017E-UL2017_MiniAODv1_NanoAODv2-v2/NANOAOD/E425E4C1-3783-9C45-8CE3-40E52F4AD35F_skimjec_3.root /eos/cms/store/group/phys_tau/TauFW/nano/UL2017/SingleElectron/Run2017E-UL2017_MiniAODv1_NanoAODv2-v2/NANOAOD/E425E4C1-3783-9C45-8CE3-40E52F4AD35F_skimjec_4.root
$WORKDIR=/pool/condor/dir_25263
>>> cd /afs/cern.ch/work/l/lvigilan/TauWork/CMSSW_10_6_17_patch1/src
>>> eval `scramv1 runtime -sh`
>>> cd /pool/condor/dir_25263
$PWD=/pool/condor/dir_25263
>>> /afs/cern.ch/work/l/lvigilan/TauWork/CMSSW_10_6_17_patch1/src/TauFW/PicoProducer/python/processors/picojob.py -y UL2017 -d 'data' -c etau -M ETauFakeRate.ModuleETau --copydir /eos/home-l/lvigilan/output_ETauFR_UL17_RUN1/UL2017/etau/SingleElectron_Run2017E -t _etau_EES1p01_77 --opt 'ees=1.01' 'useT1=False' -i /eos/cms/store/group/phys_tau/TauFW/nano/UL2017/SingleElectron/Run2017E-UL2017_MiniAODv1_NanoAODv2-v2/NANOAOD/E425E4C1-3783-9C45-8CE3-40E52F4AD35F_skimjec_0.root /eos/cms/store/group/phys_tau/TauFW/nano/UL2017/SingleElectron/Run2017E-UL2017_MiniAODv1_NanoAODv2-v2/NANOAOD/E425E4C1-3783-9C45-8CE3-40E52F4AD35F_skimjec_1.root /eos/cms/store/group/phys_tau/TauFW/nano/UL2017/SingleElectron/Run2017E-UL2017_MiniAODv1_NanoAODv2-v2/NANOAOD/E425E4C1-3783-9C45-8CE3-40E52F4AD35F_skimjec_2.root /eos/cms/store/group/phys_tau/TauFW/nano/UL2017/SingleElectron/Run2017E-UL2017_MiniAODv1_NanoAODv2-v2/NANOAOD/E425E4C1-3783-9C45-8CE3-40E52F4AD35F_skimjec_3.root /eos/cms/store/group/phys_tau/TauFW/nano/UL2017/SingleElectron/Run2017E-UL2017_MiniAODv1_NanoAODv2-v2/NANOAOD/E425E4C1-3783-9C45-8CE3-40E52F4AD35F_skimjec_4.root
Error in <TGClient::TGClient>: can't open display "localhost:21.0", switching to batch mode...
 In case you run from a remote ssh session, reconnect with ssh -Y
--------------------------------------------------------------------------------
>>> era          = 'UL2017'
>>> year         = 2017
>>> channel      = 'etau'
>>> modname      = 'ETauFakeRate.ModuleETau'
>>> dtype        = 'data'
>>> kwargs       = {'dtype': 'data', 'ees': 1.01, 'useT1': False, 'verb': 0, 'era': 'UL2017', 'year': 2017}
>>> firstevt     = 0
>>> maxevts      = None
>>> outdir       = '.'
>>> copydir      = '/eos/home-l/lvigilan/output_ETauFR_UL17_RUN1/UL2017/etau/SingleElectron_Run2017E'
>>> infiles      = ['/eos/cms/store/group/phys_tau/TauFW/nano/UL2017/SingleElectron/Run2017E-UL2017_MiniAODv1_NanoAODv2-v2/NANOAOD/E425E4C1-3783-9C45-8CE3-40E52F4AD35F_skimjec_0.root', '/eos/cms/store/group/phys_tau/TauFW/nano/UL2017/SingleElectron/Run2017E-UL2017_MiniAODv1_NanoAODv2-v2/NANOAOD/E425E4C1-3783-9C45-8CE3-40E52F4AD35F_skimjec_1.root', '/eos/cms/store/group/phys_tau/TauFW/nano/UL2017/SingleElectron/Run2017E-UL2017_MiniAODv1_NanoAODv2-v2/NANOAOD/E425E4C1-3783-9C45-8CE3-40E52F4AD35F_skimjec_2.root', '/eos/cms/store/group/phys_tau/TauFW/nano/UL2017/SingleElectron/Run2017E-UL2017_MiniAODv1_NanoAODv2-v2/NANOAOD/E425E4C1-3783-9C45-8CE3-40E52F4AD35F_skimjec_3.root', '/eos/cms/store/group/phys_tau/TauFW/nano/UL2017/SingleElectron/Run2017E-UL2017_MiniAODv1_NanoAODv2-v2/NANOAOD/E425E4C1-3783-9C45-8CE3-40E52F4AD35F_skimjec_4.root']
>>> outfname     = './pico_etau_EES1p01_77.root'
>>> branchsel    = '/afs/cern.ch/work/l/lvigilan/TauWork/CMSSW_10_6_17_patch1/python/TauFW/PicoProducer/processors/keep_and_drop_skim.txt'
>>> json         = '/afs/cern.ch/work/l/lvigilan/TauWork/CMSSW_10_6_17_patch1/src/TauFW/PicoProducer/data/json/2017/Cert_294927-306462_13TeV_PromptReco_Collisions17_JSON.txt'
>>> prefetch     = False
>>> cwd          = /pool/condor/dir_25263
--------------------------------------------------------------------------------

   ################
   #  ModuleETau  #
   ################

Loading TreeProducerETau for './pico_etau_EES1p01_77.root'
--------------------------------------------------------------------------------
>>> filename     = './pico_etau_EES1p01_77.root'
>>> year         = 2017
>>> dtype        = 'data'
>>> channel      = 'etau'
>>> ismc         = False
>>> isdata       = True
>>> isembed      = False
>>> tes          = None
>>> tessys       = None
>>> fes          = None
>>> ltf          = None
>>> jtf          = 1.0
>>> dotoppt      = False
>>> dozpt        = False
>>> dojec        = False
>>> dojecsys     = False
>>> dotight      = False
>>> useT1        = False
>>> jetCutPt     = 30
>>> bjetCutEta   = 2.7
>>> tauwp        = 0
>>> eleCutPt     = 36
>>> eleCutEta    = 2.1
>>> tauCutPt     = 20
>>> tauCutEta    = 2.3
>>> ZpeekReso    = 0.0
Pre-select 218720 entries out of 218720 (100.00%)
Processed    10000/  218720 entries,  4.57% (elapsed time     3.7s, curr speed    2.721 kHz, avg speed    2.721 kHz), accepted      561/   10001 events ( 5.61%)
Processed    20000/  218720 entries,  9.14% (elapsed time     5.6s, curr speed    5.270 kHz, avg speed    3.589 kHz), accepted     1136/   20001 events ( 5.68%)
Processed    30000/  218720 entries, 13.72% (elapsed time     7.9s, curr speed    4.366 kHz, avg speed    3.815 kHz), accepted     1673/   30001 events ( 5.58%)
Processed    40000/  218720 entries, 18.29% (elapsed time     9.6s, curr speed    5.750 kHz, avg speed    4.166 kHz), accepted     2262/   40001 events ( 5.65%)
Processed    50000/  218720 entries, 22.86% (elapsed time    11.3s, curr speed    5.848 kHz, avg speed    4.420 kHz), accepted     2797/   50001 events ( 5.59%)
Processed    60000/  218720 entries, 27.43% (elapsed time    12.9s, curr speed    6.285 kHz, avg speed    4.650 kHz), accepted     3330/   60001 events ( 5.55%)
Processed    70000/  218720 entries, 32.00% (elapsed time    14.6s, curr speed    5.946 kHz, avg speed    4.799 kHz), accepted     3830/   70001 events ( 5.47%)
Processed    80000/  218720 entries, 36.58% (elapsed time    16.2s, curr speed    6.164 kHz, avg speed    4.936 kHz), accepted     4381/   80001 events ( 5.48%)
Processed    90000/  218720 entries, 41.15% (elapsed time    18.0s, curr speed    5.722 kHz, avg speed    5.012 kHz), accepted     4929/   90001 events ( 5.48%)
Processed   100000/  218720 entries, 45.72% (elapsed time    19.7s, curr speed    5.854 kHz, avg speed    5.086 kHz), accepted     5543/  100001 events ( 5.54%)
Processed   110000/  218720 entries, 50.29% (elapsed time    21.4s, curr speed    5.709 kHz, avg speed    5.136 kHz), accepted     6154/  110001 events ( 5.59%)
Processed   120000/  218720 entries, 54.86% (elapsed time    23.1s, curr speed    5.865 kHz, avg speed    5.190 kHz), accepted     6751/  120001 events ( 5.63%)
Processed   130000/  218720 entries, 59.44% (elapsed time    24.9s, curr speed    5.768 kHz, avg speed    5.231 kHz), accepted     7351/  130001 events ( 5.65%)
Processed   140000/  218720 entries, 64.01% (elapsed time    26.8s, curr speed    5.241 kHz, avg speed    5.231 kHz), accepted     7950/  140001 events ( 5.68%)
Processed   150000/  218720 entries, 68.58% (elapsed time    28.7s, curr speed    5.270 kHz, avg speed    5.234 kHz), accepted     8547/  150001 events ( 5.70%)
Processed   160000/  218720 entries, 73.15% (elapsed time    30.4s, curr speed    5.790 kHz, avg speed    5.265 kHz), accepted     9120/  160001 events ( 5.70%)
Processed   170000/  218720 entries, 77.72% (elapsed time    32.0s, curr speed    6.378 kHz, avg speed    5.320 kHz), accepted     9620/  170001 events ( 5.66%)
Processed   180000/  218720 entries, 82.30% (elapsed time    33.6s, curr speed    6.053 kHz, avg speed    5.356 kHz), accepted    10097/  180001 events ( 5.61%)
Processed   190000/  218720 entries, 86.87% (elapsed time    35.3s, curr speed    5.980 kHz, avg speed    5.386 kHz), accepted    10607/  190001 events ( 5.58%)
Processed   200000/  218720 entries, 91.44% (elapsed time    37.0s, curr speed    5.913 kHz, avg speed    5.410 kHz), accepted    11136/  200001 events ( 5.57%)
Processed   210000/  218720 entries, 96.01% (elapsed time    38.7s, curr speed    5.683 kHz, avg speed    5.422 kHz), accepted    11645/  210001 events ( 5.55%)
Processed 218720 preselected entries from /eos/cms/store/group/phys_tau/TauFW/nano/UL2017/SingleElectron/Run2017E-UL2017_MiniAODv1_NanoAODv2-v2/NANOAOD/E425E4C1-3783-9C45-8CE3-40E52F4AD35F_skimjec_0.root (218720 entries). Finally selected 12128 entries
Pre-select 206800 entries out of 206800 (100.00%)
Processed    10000/  206800 entries,  4.84% (elapsed time     2.6s, curr speed    3.781 kHz, avg speed    3.781 kHz), accepted      525/   10001 events ( 5.25%)
Processed    20000/  206800 entries,  9.67% (elapsed time     4.4s, curr speed    5.686 kHz, avg speed    4.542 kHz), accepted     1075/   20001 events ( 5.37%)
Processed    30000/  206800 entries, 14.51% (elapsed time     6.1s, curr speed    5.783 kHz, avg speed    4.892 kHz), accepted     1646/   30001 events ( 5.49%)
Processed    40000/  206800 entries, 19.34% (elapsed time     7.8s, curr speed    5.839 kHz, avg speed    5.099 kHz), accepted     2158/   40001 events ( 5.39%)
Processed    50000/  206800 entries, 24.18% (elapsed time     9.6s, curr speed    5.753 kHz, avg speed    5.217 kHz), accepted     2688/   50001 events ( 5.38%)
Processed    60000/  206800 entries, 29.01% (elapsed time    11.3s, curr speed    5.781 kHz, avg speed    5.304 kHz), accepted     3193/   60001 events ( 5.32%)
Processed    70000/  206800 entries, 33.85% (elapsed time    13.3s, curr speed    4.963 kHz, avg speed    5.252 kHz), accepted     3741/   70001 events ( 5.34%)
Processed    80000/  206800 entries, 38.68% (elapsed time    15.2s, curr speed    5.339 kHz, avg speed    5.263 kHz), accepted     4321/   80001 events ( 5.40%)
Processed    90000/  206800 entries, 43.52% (elapsed time    16.9s, curr speed    6.020 kHz, avg speed    5.337 kHz), accepted     4857/   90001 events ( 5.40%)
Processed   100000/  206800 entries, 48.36% (elapsed time    18.5s, curr speed    6.126 kHz, avg speed    5.407 kHz), accepted     5362/  100001 events ( 5.36%)
Processed   110000/  206800 entries, 53.19% (elapsed time    20.2s, curr speed    5.702 kHz, avg speed    5.433 kHz), accepted     5914/  110001 events ( 5.38%)
Processed   120000/  206800 entries, 58.03% (elapsed time    22.0s, curr speed    5.728 kHz, avg speed    5.456 kHz), accepted     6461/  120001 events ( 5.38%)
Processed   130000/  206800 entries, 62.86% (elapsed time    24.0s, curr speed    5.078 kHz, avg speed    5.425 kHz), accepted     6984/  130001 events ( 5.37%)
Processed   140000/  206800 entries, 67.70% (elapsed time    25.8s, curr speed    5.377 kHz, avg speed    5.421 kHz), accepted     7590/  140001 events ( 5.42%)
Processed   150000/  206800 entries, 72.53% (elapsed time    27.6s, curr speed    5.561 kHz, avg speed    5.431 kHz), accepted     8127/  150001 events ( 5.42%)
Processed   160000/  206800 entries, 77.37% (elapsed time    29.5s, curr speed    5.236 kHz, avg speed    5.418 kHz), accepted     8624/  160001 events ( 5.39%)
Processed   170000/  206800 entries, 82.21% (elapsed time    31.6s, curr speed    4.878 kHz, avg speed    5.383 kHz), accepted     9186/  170001 events ( 5.40%)
Processed   180000/  206800 entries, 87.04% (elapsed time    33.5s, curr speed    5.155 kHz, avg speed    5.370 kHz), accepted     9758/  180001 events ( 5.42%)
Processed   190000/  206800 entries, 91.88% (elapsed time    35.4s, curr speed    5.330 kHz, avg speed    5.368 kHz), accepted    10300/  190001 events ( 5.42%)
Processed   200000/  206800 entries, 96.71% (elapsed time    37.1s, curr speed    5.765 kHz, avg speed    5.386 kHz), accepted    10861/  200001 events ( 5.43%)
Processed 206800 preselected entries from /eos/cms/store/group/phys_tau/TauFW/nano/UL2017/SingleElectron/Run2017E-UL2017_MiniAODv1_NanoAODv2-v2/NANOAOD/E425E4C1-3783-9C45-8CE3-40E52F4AD35F_skimjec_1.root (206800 entries). Finally selected 11289 entries
Pre-select 221643 entries out of 221643 (100.00%)
Processed    10000/  221643 entries,  4.51% (elapsed time     3.1s, curr speed    3.177 kHz, avg speed    3.177 kHz), accepted      642/   10001 events ( 6.42%)
Processed    20000/  221643 entries,  9.02% (elapsed time     4.8s, curr speed    5.978 kHz, avg speed    4.149 kHz), accepted     1138/   20001 events ( 5.69%)
Processed    30000/  221643 entries, 13.54% (elapsed time     6.6s, curr speed    5.575 kHz, avg speed    4.535 kHz), accepted     1706/   30001 events ( 5.69%)
Processed    40000/  221643 entries, 18.05% (elapsed time     8.3s, curr speed    6.082 kHz, avg speed    4.843 kHz), accepted     2231/   40001 events ( 5.58%)
Processed    50000/  221643 entries, 22.56% (elapsed time    10.0s, curr speed    5.727 kHz, avg speed    4.997 kHz), accepted     2788/   50001 events ( 5.58%)
Processed    60000/  221643 entries, 27.07% (elapsed time    11.6s, curr speed    6.114 kHz, avg speed    5.154 kHz), accepted     3329/   60001 events ( 5.55%)
Processed    70000/  221643 entries, 31.58% (elapsed time    13.5s, curr speed    5.458 kHz, avg speed    5.196 kHz), accepted     3897/   70001 events ( 5.57%)
Processed    80000/  221643 entries, 36.09% (elapsed time    15.2s, curr speed    5.730 kHz, avg speed    5.257 kHz), accepted     4426/   80001 events ( 5.53%)
Processed    90000/  221643 entries, 40.61% (elapsed time    16.9s, curr speed    5.816 kHz, avg speed    5.314 kHz), accepted     5002/   90001 events ( 5.56%)
Processed   100000/  221643 entries, 45.12% (elapsed time    18.6s, curr speed    5.870 kHz, avg speed    5.364 kHz), accepted     5598/  100001 events ( 5.60%)
Processed   110000/  221643 entries, 49.63% (elapsed time    20.4s, curr speed    5.784 kHz, avg speed    5.400 kHz), accepted     6202/  110001 events ( 5.64%)
Processed   120000/  221643 entries, 54.14% (elapsed time    22.2s, curr speed    5.546 kHz, avg speed    5.412 kHz), accepted     6762/  120001 events ( 5.63%)
Processed   130000/  221643 entries, 58.65% (elapsed time    24.0s, curr speed    5.381 kHz, avg speed    5.410 kHz), accepted     7341/  130001 events ( 5.65%)
Processed   140000/  221643 entries, 63.16% (elapsed time    26.0s, curr speed    5.147 kHz, avg speed    5.390 kHz), accepted     7932/  140001 events ( 5.67%)
Processed   150000/  221643 entries, 67.68% (elapsed time    27.8s, curr speed    5.581 kHz, avg speed    5.402 kHz), accepted     8497/  150001 events ( 5.66%)
Processed   160000/  221643 entries, 72.19% (elapsed time    29.6s, curr speed    5.551 kHz, avg speed    5.411 kHz), accepted     9043/  160001 events ( 5.65%)
Processed   170000/  221643 entries, 76.70% (elapsed time    31.4s, curr speed    5.529 kHz, avg speed    5.418 kHz), accepted     9605/  170001 events ( 5.65%)
Processed   180000/  221643 entries, 81.21% (elapsed time    33.1s, curr speed    5.814 kHz, avg speed    5.439 kHz), accepted    10135/  180001 events ( 5.63%)
Processed   190000/  221643 entries, 85.72% (elapsed time    34.7s, curr speed    6.110 kHz, avg speed    5.470 kHz), accepted    10631/  190001 events ( 5.60%)
Processed   200000/  221643 entries, 90.24% (elapsed time    36.4s, curr speed    6.157 kHz, avg speed    5.501 kHz), accepted    11147/  200001 events ( 5.57%)
Processed   210000/  221643 entries, 94.75% (elapsed time    38.1s, curr speed    5.900 kHz, avg speed    5.519 kHz), accepted    11652/  210001 events ( 5.55%)
Processed   220000/  221643 entries, 99.26% (elapsed time    39.7s, curr speed    6.163 kHz, avg speed    5.545 kHz), accepted    12164/  220001 events ( 5.53%)
Processed 221643 preselected entries from /eos/cms/store/group/phys_tau/TauFW/nano/UL2017/SingleElectron/Run2017E-UL2017_MiniAODv1_NanoAODv2-v2/NANOAOD/E425E4C1-3783-9C45-8CE3-40E52F4AD35F_skimjec_2.root (221643 entries). Finally selected 12234 entries
Pre-select 206825 entries out of 206825 (100.00%)
Processed    10000/  206825 entries,  4.84% (elapsed time     2.4s, curr speed    4.207 kHz, avg speed    4.207 kHz), accepted      518/   10001 events ( 5.18%)
Processed    20000/  206825 entries,  9.67% (elapsed time     4.3s, curr speed    5.280 kHz, avg speed    4.683 kHz), accepted     1134/   20001 events ( 5.67%)
Processed    30000/  206825 entries, 14.51% (elapsed time     6.4s, curr speed    4.595 kHz, avg speed    4.653 kHz), accepted     1771/   30001 events ( 5.90%)
Processed    40000/  206825 entries, 19.34% (elapsed time     8.3s, curr speed    5.481 kHz, avg speed    4.836 kHz), accepted     2310/   40001 events ( 5.77%)
Processed    50000/  206825 entries, 24.18% (elapsed time     9.9s, curr speed    6.230 kHz, avg speed    5.062 kHz), accepted     2814/   50001 events ( 5.63%)
Processed    60000/  206825 entries, 29.01% (elapsed time    11.5s, curr speed    6.115 kHz, avg speed    5.212 kHz), accepted     3337/   60001 events ( 5.56%)
Processed    70000/  206825 entries, 33.85% (elapsed time    13.2s, curr speed    6.008 kHz, avg speed    5.313 kHz), accepted     3863/   70001 events ( 5.52%)
Processed    80000/  206825 entries, 38.68% (elapsed time    15.2s, curr speed    4.872 kHz, avg speed    5.253 kHz), accepted     4505/   80001 events ( 5.63%)
Processed    90000/  206825 entries, 43.52% (elapsed time    17.0s, curr speed    5.658 kHz, avg speed    5.295 kHz), accepted     5049/   90001 events ( 5.61%)
Processed   100000/  206825 entries, 48.35% (elapsed time    18.9s, curr speed    5.371 kHz, avg speed    5.303 kHz), accepted     5632/  100001 events ( 5.63%)
Processed   110000/  206825 entries, 53.19% (elapsed time    20.9s, curr speed    4.831 kHz, avg speed    5.256 kHz), accepted     6277/  110001 events ( 5.71%)
Processed   120000/  206825 entries, 58.02% (elapsed time    22.8s, curr speed    5.316 kHz, avg speed    5.261 kHz), accepted     6923/  120001 events ( 5.77%)
Processed   130000/  206825 entries, 62.86% (elapsed time    24.4s, curr speed    6.201 kHz, avg speed    5.323 kHz), accepted     7472/  130001 events ( 5.75%)
Processed   140000/  206825 entries, 67.69% (elapsed time    26.2s, curr speed    5.479 kHz, avg speed    5.334 kHz), accepted     8022/  140001 events ( 5.73%)
Processed   150000/  206825 entries, 72.53% (elapsed time    28.1s, curr speed    5.431 kHz, avg speed    5.340 kHz), accepted     8644/  150001 events ( 5.76%)
Processed   160000/  206825 entries, 77.36% (elapsed time    29.7s, curr speed    6.246 kHz, avg speed    5.389 kHz), accepted     9151/  160001 events ( 5.72%)
Processed   170000/  206825 entries, 82.20% (elapsed time    31.3s, curr speed    6.297 kHz, avg speed    5.435 kHz), accepted     9651/  170001 events ( 5.68%)
Processed   180000/  206825 entries, 87.03% (elapsed time    33.1s, curr speed    5.552 kHz, avg speed    5.442 kHz), accepted    10189/  180001 events ( 5.66%)
Processed   190000/  206825 entries, 91.87% (elapsed time    34.7s, curr speed    5.984 kHz, avg speed    5.468 kHz), accepted    10753/  190001 events ( 5.66%)
Processed   200000/  206825 entries, 96.70% (elapsed time    36.4s, curr speed    6.058 kHz, avg speed    5.494 kHz), accepted    11309/  200001 events ( 5.65%)
Processed 206825 preselected entries from /eos/cms/store/group/phys_tau/TauFW/nano/UL2017/SingleElectron/Run2017E-UL2017_MiniAODv1_NanoAODv2-v2/NANOAOD/E425E4C1-3783-9C45-8CE3-40E52F4AD35F_skimjec_3.root (206825 entries). Finally selected 11677 entries
Pre-select 221643 entries out of 221643 (100.00%)
Processed    10000/  221643 entries,  4.51% (elapsed time     2.8s, curr speed    3.597 kHz, avg speed    3.597 kHz), accepted      538/   10001 events ( 5.38%)
Processed    20000/  221643 entries,  9.02% (elapsed time     4.5s, curr speed    5.790 kHz, avg speed    4.437 kHz), accepted     1080/   20001 events ( 5.40%)
Processed    30000/  221643 entries, 13.54% (elapsed time     6.2s, curr speed    5.907 kHz, avg speed    4.838 kHz), accepted     1653/   30001 events ( 5.51%)
Processed    40000/  221643 entries, 18.05% (elapsed time     8.0s, curr speed    5.658 kHz, avg speed    5.020 kHz), accepted     2229/   40001 events ( 5.57%)
Processed    50000/  221643 entries, 22.56% (elapsed time     9.9s, curr speed    5.190 kHz, avg speed    5.053 kHz), accepted     2870/   50001 events ( 5.74%)
Processed    60000/  221643 entries, 27.07% (elapsed time    11.8s, curr speed    5.347 kHz, avg speed    5.100 kHz), accepted     3489/   60001 events ( 5.81%)
Processed    70000/  221643 entries, 31.58% (elapsed time    13.7s, curr speed    5.075 kHz, avg speed    5.096 kHz), accepted     4092/   70001 events ( 5.85%)
Processed    80000/  221643 entries, 36.09% (elapsed time    15.9s, curr speed    4.671 kHz, avg speed    5.039 kHz), accepted     4674/   80001 events ( 5.84%)
Processed    90000/  221643 entries, 40.61% (elapsed time    17.6s, curr speed    5.775 kHz, avg speed    5.111 kHz), accepted     5196/   90001 events ( 5.77%)
Processed   100000/  221643 entries, 45.12% (elapsed time    19.2s, curr speed    6.145 kHz, avg speed    5.199 kHz), accepted     5727/  100001 events ( 5.73%)
Processed   110000/  221643 entries, 49.63% (elapsed time    21.0s, curr speed    5.729 kHz, avg speed    5.243 kHz), accepted     6324/  110001 events ( 5.75%)
Processed   120000/  221643 entries, 54.14% (elapsed time    22.9s, curr speed    5.118 kHz, avg speed    5.232 kHz), accepted     6946/  120001 events ( 5.79%)
Processed   130000/  221643 entries, 58.65% (elapsed time    25.0s, curr speed    4.799 kHz, avg speed    5.196 kHz), accepted     7690/  130001 events ( 5.92%)
Processed   140000/  221643 entries, 63.16% (elapsed time    27.3s, curr speed    4.420 kHz, avg speed    5.132 kHz), accepted     8417/  140001 events ( 6.01%)
Processed   150000/  221643 entries, 67.68% (elapsed time    29.3s, curr speed    5.009 kHz, avg speed    5.124 kHz), accepted     9064/  150001 events ( 6.04%)
Processed   160000/  221643 entries, 72.19% (elapsed time    31.3s, curr speed    4.899 kHz, avg speed    5.109 kHz), accepted     9739/  160001 events ( 6.09%)
Processed   170000/  221643 entries, 76.70% (elapsed time    33.0s, curr speed    6.031 kHz, avg speed    5.155 kHz), accepted    10308/  170001 events ( 6.06%)
Processed   180000/  221643 entries, 81.21% (elapsed time    34.7s, curr speed    5.801 kHz, avg speed    5.187 kHz), accepted    10837/  180001 events ( 6.02%)
Processed   190000/  221643 entries, 85.72% (elapsed time    36.4s, curr speed    5.911 kHz, avg speed    5.221 kHz), accepted    11412/  190001 events ( 6.01%)
Processed   200000/  221643 entries, 90.24% (elapsed time    38.3s, curr speed    5.291 kHz, avg speed    5.224 kHz), accepted    11979/  200001 events ( 5.99%)
Processed   210000/  221643 entries, 94.75% (elapsed time    40.0s, curr speed    5.817 kHz, avg speed    5.250 kHz), accepted    12538/  210001 events ( 5.97%)
Processed   220000/  221643 entries, 99.26% (elapsed time    41.6s, curr speed    6.176 kHz, avg speed    5.286 kHz), accepted    13059/  220001 events ( 5.94%)
Processed 221643 preselected entries from /eos/cms/store/group/phys_tau/TauFW/nano/UL2017/SingleElectron/Run2017E-UL2017_MiniAODv1_NanoAODv2-v2/NANOAOD/E425E4C1-3783-9C45-8CE3-40E52F4AD35F_skimjec_4.root (221643 entries). Finally selected 13159 entries
Total time 218.3 sec. to process 1075631 events. Rate = 4927.4 Hz.
>>> cwd          = /pool/condor/dir_25263
>>> ls           = ['_condor_stdout', '.update.ad', 'pico_etau_EES1p01_77.root', 'lvigilan.cc', '.machine.ad', 'var', 'condor_exec.exe', 'tmp', 'x509_voms', '.chirp.config', '.job.ad']
>>> getstorage('/eos/home-l/lvigilan/output_ETauFR_UL17_RUN1/UL2017/etau/SingleElectron_Run2017E'), <EOS("/eos/home-l/lvigilan/output_ETauFR_UL17_RUN1/UL2017/etau/SingleElectron_Run2017E") at 0x2ae9ec280910>
>>> Executing: 'cp ./pico_etau_EES1p01_77.root /eos/home-l/lvigilan/output_ETauFR_UL17_RUN1/UL2017/etau/SingleElectron_Run2017E'
>>> Removing './pico_etau_EES1p01_77.root'...
>>> picojob.py done after 223.2 seconds

Job complete at Tue Jun  8 10:20:40 CEST 2021
Took 3 minutes 44 seconds040 (2368957.077.000) 06/08 10:20:40 Finished transferring output files
...
005 (2368957.077.000) 06/08 10:20:41 Job terminated.
	(1) Normal termination (return value 0)
		Usr 0 00:03:19, Sys 0 00:00:08  -  Run Remote Usage
		Usr 0 00:00:00, Sys 0 00:00:00  -  Run Local Usage
		Usr 0 00:03:19, Sys 0 00:00:08  -  Total Remote Usage
		Usr 0 00:00:00, Sys 0 00:00:00  -  Total Local Usage
	32323  -  Run Bytes Sent By Job
	9926  -  Run Bytes Received By Job
	32323  -  Total Bytes Sent By Job
	9926  -  Total Bytes Received By Job
	Partitionable Resources :    Usage  Request Allocated 
	   Cpus                 :     0.97        1         1 
	   Disk (KB)            :   100           1    291357 
	   Memory (MB)          :   162        2000      2000 

	Job terminated of its own accord at 2021-06-08T08:20:40Z.
...
