Could not find platform independent libraries <prefix>
Could not find platform dependent libraries <exec_prefix>
Consider setting $PYTHONHOME to <prefix>[:<exec_prefix>]
ImportError: No module named site
Job start at Mon Jun  7 23:05:49 CEST 2021
Running job on machine Linux b7g28n0295.cern.ch 3.10.0-1160.24.1.el7.x86_64 #1 SMP Thu Apr 8 19:51:47 UTC 2021 x86_64 x86_64 x86_64 GNU/Linux, host b7g28n0295.cern.ch
============================================================
$PWD=/pool/condor/dir_17486
$JOBID=2367901
$TASKID=71
$HOSTNAME=b7g28n0295.cern.ch
$TASKCMD=/afs/cern.ch/work/l/lvigilan/TauWork/CMSSW_10_6_17_patch1/src/TauFW/PicoProducer/python/processors/picojob.py -y UL2017 -d 'data' -c etau -M ETauFakeRate.ModuleETau --copydir /eos/home-l/lvigilan/output_ETauFR_UL17_RUN1/UL2017/etau/SingleElectron_Run2017E -t _etau_EES0p99_71 --opt 'ees=0.99' 'useT1=False' -i /eos/cms/store/group/phys_tau/TauFW/nano/UL2017/SingleElectron/Run2017E-UL2017_MiniAODv1_NanoAODv2-v2/NANOAOD/DB466F6E-6398-AC43-9BE4-5AF76ED0E7A9_skimjec_1.root /eos/cms/store/group/phys_tau/TauFW/nano/UL2017/SingleElectron/Run2017E-UL2017_MiniAODv1_NanoAODv2-v2/NANOAOD/DB466F6E-6398-AC43-9BE4-5AF76ED0E7A9_skimjec_2.root /eos/cms/store/group/phys_tau/TauFW/nano/UL2017/SingleElectron/Run2017E-UL2017_MiniAODv1_NanoAODv2-v2/NANOAOD/DB466F6E-6398-AC43-9BE4-5AF76ED0E7A9_skimjec_3.root /eos/cms/store/group/phys_tau/TauFW/nano/UL2017/SingleElectron/Run2017E-UL2017_MiniAODv1_NanoAODv2-v2/NANOAOD/DB466F6E-6398-AC43-9BE4-5AF76ED0E7A9_skimjec_4.root /eos/cms/store/group/phys_tau/TauFW/nano/UL2017/SingleElectron/Run2017E-UL2017_MiniAODv1_NanoAODv2-v2/NANOAOD/DC102BCC-EC20-1149-91A2-45692C7B1B98_skimjec_0.root
$WORKDIR=/pool/condor/dir_17486
>>> cd /afs/cern.ch/work/l/lvigilan/TauWork/CMSSW_10_6_17_patch1/src
>>> eval `scramv1 runtime -sh`
>>> cd /pool/condor/dir_17486
$PWD=/pool/condor/dir_17486
>>> /afs/cern.ch/work/l/lvigilan/TauWork/CMSSW_10_6_17_patch1/src/TauFW/PicoProducer/python/processors/picojob.py -y UL2017 -d 'data' -c etau -M ETauFakeRate.ModuleETau --copydir /eos/home-l/lvigilan/output_ETauFR_UL17_RUN1/UL2017/etau/SingleElectron_Run2017E -t _etau_EES0p99_71 --opt 'ees=0.99' 'useT1=False' -i /eos/cms/store/group/phys_tau/TauFW/nano/UL2017/SingleElectron/Run2017E-UL2017_MiniAODv1_NanoAODv2-v2/NANOAOD/DB466F6E-6398-AC43-9BE4-5AF76ED0E7A9_skimjec_1.root /eos/cms/store/group/phys_tau/TauFW/nano/UL2017/SingleElectron/Run2017E-UL2017_MiniAODv1_NanoAODv2-v2/NANOAOD/DB466F6E-6398-AC43-9BE4-5AF76ED0E7A9_skimjec_2.root /eos/cms/store/group/phys_tau/TauFW/nano/UL2017/SingleElectron/Run2017E-UL2017_MiniAODv1_NanoAODv2-v2/NANOAOD/DB466F6E-6398-AC43-9BE4-5AF76ED0E7A9_skimjec_3.root /eos/cms/store/group/phys_tau/TauFW/nano/UL2017/SingleElectron/Run2017E-UL2017_MiniAODv1_NanoAODv2-v2/NANOAOD/DB466F6E-6398-AC43-9BE4-5AF76ED0E7A9_skimjec_4.root /eos/cms/store/group/phys_tau/TauFW/nano/UL2017/SingleElectron/Run2017E-UL2017_MiniAODv1_NanoAODv2-v2/NANOAOD/DC102BCC-EC20-1149-91A2-45692C7B1B98_skimjec_0.root
Error in <TGClient::TGClient>: can't open display "localhost:13.0", switching to batch mode...
 In case you run from a remote ssh session, reconnect with ssh -Y
--------------------------------------------------------------------------------
>>> era          = 'UL2017'
>>> year         = 2017
>>> channel      = 'etau'
>>> modname      = 'ETauFakeRate.ModuleETau'
>>> dtype        = 'data'
>>> kwargs       = {'dtype': 'data', 'ees': 0.99, 'useT1': False, 'verb': 0, 'era': 'UL2017', 'year': 2017}
>>> firstevt     = 0
>>> maxevts      = None
>>> outdir       = '.'
>>> copydir      = '/eos/home-l/lvigilan/output_ETauFR_UL17_RUN1/UL2017/etau/SingleElectron_Run2017E'
>>> infiles      = ['/eos/cms/store/group/phys_tau/TauFW/nano/UL2017/SingleElectron/Run2017E-UL2017_MiniAODv1_NanoAODv2-v2/NANOAOD/DB466F6E-6398-AC43-9BE4-5AF76ED0E7A9_skimjec_1.root', '/eos/cms/store/group/phys_tau/TauFW/nano/UL2017/SingleElectron/Run2017E-UL2017_MiniAODv1_NanoAODv2-v2/NANOAOD/DB466F6E-6398-AC43-9BE4-5AF76ED0E7A9_skimjec_2.root', '/eos/cms/store/group/phys_tau/TauFW/nano/UL2017/SingleElectron/Run2017E-UL2017_MiniAODv1_NanoAODv2-v2/NANOAOD/DB466F6E-6398-AC43-9BE4-5AF76ED0E7A9_skimjec_3.root', '/eos/cms/store/group/phys_tau/TauFW/nano/UL2017/SingleElectron/Run2017E-UL2017_MiniAODv1_NanoAODv2-v2/NANOAOD/DB466F6E-6398-AC43-9BE4-5AF76ED0E7A9_skimjec_4.root', '/eos/cms/store/group/phys_tau/TauFW/nano/UL2017/SingleElectron/Run2017E-UL2017_MiniAODv1_NanoAODv2-v2/NANOAOD/DC102BCC-EC20-1149-91A2-45692C7B1B98_skimjec_0.root']
>>> outfname     = './pico_etau_EES0p99_71.root'
>>> branchsel    = '/afs/cern.ch/work/l/lvigilan/TauWork/CMSSW_10_6_17_patch1/python/TauFW/PicoProducer/processors/keep_and_drop_skim.txt'
>>> json         = '/afs/cern.ch/work/l/lvigilan/TauWork/CMSSW_10_6_17_patch1/src/TauFW/PicoProducer/data/json/2017/Cert_294927-306462_13TeV_PromptReco_Collisions17_JSON.txt'
>>> prefetch     = False
>>> cwd          = /pool/condor/dir_17486
--------------------------------------------------------------------------------

   ################
   #  ModuleETau  #
   ################

Loading TreeProducerETau for './pico_etau_EES0p99_71.root'
--------------------------------------------------------------------------------
>>> filename     = './pico_etau_EES0p99_71.root'
>>> year         = 2017
>>> dtype        = 'data'
>>> channel      = 'etau'
>>> ismc         = False
>>> isdata       = True
>>> isembed      = False
>>> tes          = None
>>> tessys       = None
>>> fes          = None
>>> ltf          = None
>>> jtf          = 1.0
>>> dotoppt      = False
>>> dozpt        = False
>>> dojec        = False
>>> dojecsys     = False
>>> dotight      = False
>>> useT1        = False
>>> jetCutPt     = 30
>>> bjetCutEta   = 2.7
>>> tauwp        = 0
>>> eleCutPt     = 36
>>> eleCutEta    = 2.1
>>> tauCutPt     = 20
>>> tauCutEta    = 2.3
>>> ZpeekReso    = 0.0
Pre-select 240582 entries out of 240582 (100.00%)
Processed    10000/  240582 entries,  4.16% (elapsed time     6.1s, curr speed    1.640 kHz, avg speed    1.640 kHz), accepted      499/   10001 events ( 4.99%)
Processed    20000/  240582 entries,  8.31% (elapsed time     9.7s, curr speed    2.810 kHz, avg speed    2.071 kHz), accepted     1083/   20001 events ( 5.41%)
Processed    30000/  240582 entries, 12.47% (elapsed time    13.6s, curr speed    2.563 kHz, avg speed    2.213 kHz), accepted     1638/   30001 events ( 5.46%)
Processed    40000/  240582 entries, 16.63% (elapsed time    17.6s, curr speed    2.450 kHz, avg speed    2.267 kHz), accepted     2162/   40001 events ( 5.40%)
Processed    50000/  240582 entries, 20.78% (elapsed time    21.5s, curr speed    2.573 kHz, avg speed    2.322 kHz), accepted     2700/   50001 events ( 5.40%)
Processed    60000/  240582 entries, 24.94% (elapsed time    25.6s, curr speed    2.469 kHz, avg speed    2.346 kHz), accepted     3281/   60001 events ( 5.47%)
Processed    70000/  240582 entries, 29.10% (elapsed time    29.2s, curr speed    2.757 kHz, avg speed    2.397 kHz), accepted     3795/   70001 events ( 5.42%)
Processed    80000/  240582 entries, 33.25% (elapsed time    33.1s, curr speed    2.590 kHz, avg speed    2.419 kHz), accepted     4329/   80001 events ( 5.41%)
Processed    90000/  240582 entries, 37.41% (elapsed time    36.6s, curr speed    2.853 kHz, avg speed    2.461 kHz), accepted     4902/   90001 events ( 5.45%)
Processed   100000/  240582 entries, 41.57% (elapsed time    40.3s, curr speed    2.703 kHz, avg speed    2.483 kHz), accepted     5469/  100001 events ( 5.47%)
Processed   110000/  240582 entries, 45.72% (elapsed time    43.7s, curr speed    2.897 kHz, avg speed    2.516 kHz), accepted     5992/  110001 events ( 5.45%)
Processed   120000/  240582 entries, 49.88% (elapsed time    47.7s, curr speed    2.512 kHz, avg speed    2.515 kHz), accepted     6607/  120001 events ( 5.51%)
Processed   130000/  240582 entries, 54.04% (elapsed time    51.2s, curr speed    2.882 kHz, avg speed    2.540 kHz), accepted     7178/  130001 events ( 5.52%)
Processed   140000/  240582 entries, 58.19% (elapsed time    54.9s, curr speed    2.675 kHz, avg speed    2.549 kHz), accepted     7717/  140001 events ( 5.51%)
Processed   150000/  240582 entries, 62.35% (elapsed time    58.9s, curr speed    2.497 kHz, avg speed    2.546 kHz), accepted     8250/  150001 events ( 5.50%)
Processed   160000/  240582 entries, 66.51% (elapsed time    62.8s, curr speed    2.574 kHz, avg speed    2.548 kHz), accepted     8808/  160001 events ( 5.50%)
Processed   170000/  240582 entries, 70.66% (elapsed time    66.3s, curr speed    2.835 kHz, avg speed    2.563 kHz), accepted     9343/  170001 events ( 5.50%)
Processed   180000/  240582 entries, 74.82% (elapsed time    70.4s, curr speed    2.479 kHz, avg speed    2.558 kHz), accepted     9893/  180001 events ( 5.50%)
Processed   190000/  240582 entries, 78.98% (elapsed time    74.2s, curr speed    2.599 kHz, avg speed    2.560 kHz), accepted    10462/  190001 events ( 5.51%)
Processed   200000/  240582 entries, 83.13% (elapsed time    77.9s, curr speed    2.684 kHz, avg speed    2.566 kHz), accepted    11003/  200001 events ( 5.50%)
Processed   210000/  240582 entries, 87.29% (elapsed time    81.8s, curr speed    2.568 kHz, avg speed    2.566 kHz), accepted    11492/  210001 events ( 5.47%)
Processed   220000/  240582 entries, 91.44% (elapsed time    85.6s, curr speed    2.660 kHz, avg speed    2.570 kHz), accepted    12015/  220001 events ( 5.46%)
Processed   230000/  240582 entries, 95.60% (elapsed time    89.5s, curr speed    2.582 kHz, avg speed    2.571 kHz), accepted    12573/  230001 events ( 5.47%)
Processed   240000/  240582 entries, 99.76% (elapsed time    93.2s, curr speed    2.711 kHz, avg speed    2.576 kHz), accepted    13105/  240001 events ( 5.46%)
Processed 240582 preselected entries from /eos/cms/store/group/phys_tau/TauFW/nano/UL2017/SingleElectron/Run2017E-UL2017_MiniAODv1_NanoAODv2-v2/NANOAOD/DB466F6E-6398-AC43-9BE4-5AF76ED0E7A9_skimjec_1.root (240582 entries). Finally selected 13148 entries
Pre-select 240582 entries out of 240582 (100.00%)
Processed    10000/  240582 entries,  4.16% (elapsed time     7.9s, curr speed    1.265 kHz, avg speed    1.265 kHz), accepted      548/   10001 events ( 5.48%)
Processed    20000/  240582 entries,  8.31% (elapsed time    11.8s, curr speed    2.546 kHz, avg speed    1.690 kHz), accepted     1130/   20001 events ( 5.65%)
Processed    30000/  240582 entries, 12.47% (elapsed time    15.9s, curr speed    2.433 kHz, avg speed    1.882 kHz), accepted     1653/   30001 events ( 5.51%)
Processed    40000/  240582 entries, 16.63% (elapsed time    19.9s, curr speed    2.525 kHz, avg speed    2.010 kHz), accepted     2123/   40001 events ( 5.31%)
Processed    50000/  240582 entries, 20.78% (elapsed time    24.1s, curr speed    2.383 kHz, avg speed    2.075 kHz), accepted     2671/   50001 events ( 5.34%)
Processed    60000/  240582 entries, 24.94% (elapsed time    28.3s, curr speed    2.362 kHz, avg speed    2.118 kHz), accepted     3210/   60001 events ( 5.35%)
Processed    70000/  240582 entries, 29.10% (elapsed time    32.3s, curr speed    2.550 kHz, avg speed    2.170 kHz), accepted     3754/   70001 events ( 5.36%)
Processed    80000/  240582 entries, 33.25% (elapsed time    36.5s, curr speed    2.368 kHz, avg speed    2.193 kHz), accepted     4318/   80001 events ( 5.40%)
Processed    90000/  240582 entries, 37.41% (elapsed time    40.8s, curr speed    2.334 kHz, avg speed    2.208 kHz), accepted     4888/   90001 events ( 5.43%)
Processed   100000/  240582 entries, 41.57% (elapsed time    44.6s, curr speed    2.617 kHz, avg speed    2.243 kHz), accepted     5438/  100001 events ( 5.44%)
Processed   110000/  240582 entries, 45.72% (elapsed time    48.1s, curr speed    2.883 kHz, avg speed    2.289 kHz), accepted     5943/  110001 events ( 5.40%)
Processed   120000/  240582 entries, 49.88% (elapsed time    54.2s, curr speed    1.630 kHz, avg speed    2.214 kHz), accepted     6485/  120001 events ( 5.40%)
Processed   130000/  240582 entries, 54.04% (elapsed time    57.8s, curr speed    2.799 kHz, avg speed    2.251 kHz), accepted     6976/  130001 events ( 5.37%)
Processed   140000/  240582 entries, 58.19% (elapsed time    61.5s, curr speed    2.671 kHz, avg speed    2.276 kHz), accepted     7481/  140001 events ( 5.34%)
Processed   150000/  240582 entries, 62.35% (elapsed time    65.6s, curr speed    2.445 kHz, avg speed    2.287 kHz), accepted     8002/  150001 events ( 5.33%)
Processed   160000/  240582 entries, 66.51% (elapsed time    69.1s, curr speed    2.895 kHz, avg speed    2.317 kHz), accepted     8510/  160001 events ( 5.32%)
Processed   170000/  240582 entries, 70.66% (elapsed time    72.8s, curr speed    2.683 kHz, avg speed    2.336 kHz), accepted     9051/  170001 events ( 5.32%)
Processed   180000/  240582 entries, 74.82% (elapsed time    76.3s, curr speed    2.821 kHz, avg speed    2.358 kHz), accepted     9545/  180001 events ( 5.30%)
Processed   190000/  240582 entries, 78.98% (elapsed time    80.2s, curr speed    2.575 kHz, avg speed    2.369 kHz), accepted    10025/  190001 events ( 5.28%)
Processed   200000/  240582 entries, 83.13% (elapsed time    83.9s, curr speed    2.678 kHz, avg speed    2.383 kHz), accepted    10539/  200001 events ( 5.27%)
Processed   210000/  240582 entries, 87.29% (elapsed time    88.0s, curr speed    2.458 kHz, avg speed    2.386 kHz), accepted    11085/  210001 events ( 5.28%)
Processed   220000/  240582 entries, 91.44% (elapsed time    92.1s, curr speed    2.467 kHz, avg speed    2.390 kHz), accepted    11715/  220001 events ( 5.32%)
Processed   230000/  240582 entries, 95.60% (elapsed time    95.7s, curr speed    2.733 kHz, avg speed    2.403 kHz), accepted    12264/  230001 events ( 5.33%)
Processed   240000/  240582 entries, 99.76% (elapsed time    99.5s, curr speed    2.620 kHz, avg speed    2.411 kHz), accepted    12789/  240001 events ( 5.33%)
Processed 240582 preselected entries from /eos/cms/store/group/phys_tau/TauFW/nano/UL2017/SingleElectron/Run2017E-UL2017_MiniAODv1_NanoAODv2-v2/NANOAOD/DB466F6E-6398-AC43-9BE4-5AF76ED0E7A9_skimjec_2.root (240582 entries). Finally selected 12813 entries
Pre-select 240371 entries out of 240371 (100.00%)
Processed    10000/  240371 entries,  4.16% (elapsed time     5.8s, curr speed    1.729 kHz, avg speed    1.729 kHz), accepted      547/   10001 events ( 5.47%)
Processed    20000/  240371 entries,  8.32% (elapsed time     9.5s, curr speed    2.695 kHz, avg speed    2.106 kHz), accepted     1099/   20001 events ( 5.49%)
Processed    30000/  240371 entries, 12.48% (elapsed time    12.8s, curr speed    2.982 kHz, avg speed    2.335 kHz), accepted     1633/   30001 events ( 5.44%)
Processed    40000/  240371 entries, 16.64% (elapsed time    16.2s, curr speed    2.960 kHz, avg speed    2.465 kHz), accepted     2152/   40001 events ( 5.38%)
Processed    50000/  240371 entries, 20.80% (elapsed time    20.0s, curr speed    2.623 kHz, avg speed    2.495 kHz), accepted     2734/   50001 events ( 5.47%)
Processed    60000/  240371 entries, 24.96% (elapsed time    24.2s, curr speed    2.401 kHz, avg speed    2.479 kHz), accepted     3257/   60001 events ( 5.43%)
Processed    70000/  240371 entries, 29.12% (elapsed time    28.1s, curr speed    2.577 kHz, avg speed    2.493 kHz), accepted     3782/   70001 events ( 5.40%)
Processed    80000/  240371 entries, 33.28% (elapsed time    33.0s, curr speed    2.015 kHz, avg speed    2.421 kHz), accepted     4389/   80001 events ( 5.49%)
Processed    90000/  240371 entries, 37.44% (elapsed time    37.6s, curr speed    2.198 kHz, avg speed    2.394 kHz), accepted     5051/   90001 events ( 5.61%)
Processed   100000/  240371 entries, 41.60% (elapsed time    42.6s, curr speed    1.997 kHz, avg speed    2.347 kHz), accepted     5713/  100001 events ( 5.71%)
Processed   110000/  240371 entries, 45.76% (elapsed time    47.2s, curr speed    2.192 kHz, avg speed    2.332 kHz), accepted     6319/  110001 events ( 5.74%)
Processed   120000/  240371 entries, 49.92% (elapsed time    51.9s, curr speed    2.098 kHz, avg speed    2.311 kHz), accepted     6925/  120001 events ( 5.77%)
Processed   130000/  240371 entries, 54.08% (elapsed time    56.2s, curr speed    2.320 kHz, avg speed    2.311 kHz), accepted     7473/  130001 events ( 5.75%)
Processed   140000/  240371 entries, 58.24% (elapsed time    61.2s, curr speed    2.020 kHz, avg speed    2.288 kHz), accepted     8114/  140001 events ( 5.80%)
Processed   150000/  240371 entries, 62.40% (elapsed time    65.5s, curr speed    2.321 kHz, avg speed    2.290 kHz), accepted     8646/  150001 events ( 5.76%)
Processed   160000/  240371 entries, 66.56% (elapsed time    69.2s, curr speed    2.694 kHz, avg speed    2.312 kHz), accepted     9196/  160001 events ( 5.75%)
Processed   170000/  240371 entries, 70.72% (elapsed time    73.2s, curr speed    2.502 kHz, avg speed    2.322 kHz), accepted     9726/  170001 events ( 5.72%)
Processed   180000/  240371 entries, 74.88% (elapsed time    76.8s, curr speed    2.751 kHz, avg speed    2.342 kHz), accepted    10270/  180001 events ( 5.71%)
Processed   190000/  240371 entries, 79.04% (elapsed time    80.6s, curr speed    2.652 kHz, avg speed    2.357 kHz), accepted    10777/  190001 events ( 5.67%)
Processed   200000/  240371 entries, 83.20% (elapsed time    84.5s, curr speed    2.556 kHz, avg speed    2.366 kHz), accepted    11308/  200001 events ( 5.65%)
Processed   210000/  240371 entries, 87.36% (elapsed time    88.5s, curr speed    2.525 kHz, avg speed    2.373 kHz), accepted    11863/  210001 events ( 5.65%)
Processed   220000/  240371 entries, 91.53% (elapsed time    92.4s, curr speed    2.574 kHz, avg speed    2.382 kHz), accepted    12401/  220001 events ( 5.64%)
Processed   230000/  240371 entries, 95.69% (elapsed time    96.7s, curr speed    2.298 kHz, avg speed    2.378 kHz), accepted    12959/  230001 events ( 5.63%)
Processed   240000/  240371 entries, 99.85% (elapsed time   100.3s, curr speed    2.815 kHz, avg speed    2.393 kHz), accepted    13501/  240001 events ( 5.63%)
Processed 240371 preselected entries from /eos/cms/store/group/phys_tau/TauFW/nano/UL2017/SingleElectron/Run2017E-UL2017_MiniAODv1_NanoAODv2-v2/NANOAOD/DB466F6E-6398-AC43-9BE4-5AF76ED0E7A9_skimjec_3.root (240371 entries). Finally selected 13520 entries
Pre-select 232622 entries out of 232622 (100.00%)
Processed    10000/  232622 entries,  4.30% (elapsed time     6.1s, curr speed    1.640 kHz, avg speed    1.640 kHz), accepted      557/   10001 events ( 5.57%)
Processed    20000/  232622 entries,  8.60% (elapsed time    10.1s, curr speed    2.470 kHz, avg speed    1.971 kHz), accepted     1086/   20001 events ( 5.43%)
Processed    30000/  232622 entries, 12.90% (elapsed time    14.0s, curr speed    2.582 kHz, avg speed    2.140 kHz), accepted     1648/   30001 events ( 5.49%)
Processed    40000/  232622 entries, 17.20% (elapsed time    18.2s, curr speed    2.365 kHz, avg speed    2.192 kHz), accepted     2261/   40001 events ( 5.65%)
Processed    50000/  232622 entries, 21.49% (elapsed time    22.5s, curr speed    2.362 kHz, avg speed    2.224 kHz), accepted     2872/   50001 events ( 5.74%)
Processed    60000/  232622 entries, 25.79% (elapsed time    27.2s, curr speed    2.126 kHz, avg speed    2.207 kHz), accepted     3494/   60001 events ( 5.82%)
Processed    70000/  232622 entries, 30.09% (elapsed time    31.3s, curr speed    2.428 kHz, avg speed    2.236 kHz), accepted     4100/   70001 events ( 5.86%)
Processed    80000/  232622 entries, 34.39% (elapsed time    35.4s, curr speed    2.457 kHz, avg speed    2.261 kHz), accepted     4608/   80001 events ( 5.76%)
Processed    90000/  232622 entries, 38.69% (elapsed time    39.2s, curr speed    2.592 kHz, avg speed    2.294 kHz), accepted     5101/   90001 events ( 5.67%)
Processed   100000/  232622 entries, 42.99% (elapsed time    43.0s, curr speed    2.666 kHz, avg speed    2.326 kHz), accepted     5589/  100001 events ( 5.59%)
Processed   110000/  232622 entries, 47.29% (elapsed time    46.5s, curr speed    2.848 kHz, avg speed    2.366 kHz), accepted     6087/  110001 events ( 5.53%)
Processed   120000/  232622 entries, 51.59% (elapsed time    51.2s, curr speed    2.132 kHz, avg speed    2.344 kHz), accepted     6743/  120001 events ( 5.62%)
Processed   130000/  232622 entries, 55.88% (elapsed time    56.3s, curr speed    1.959 kHz, avg speed    2.309 kHz), accepted     7335/  130001 events ( 5.64%)
Processed   140000/  232622 entries, 60.18% (elapsed time    60.9s, curr speed    2.190 kHz, avg speed    2.301 kHz), accepted     7995/  140001 events ( 5.71%)
Processed   150000/  232622 entries, 64.48% (elapsed time    65.2s, curr speed    2.306 kHz, avg speed    2.301 kHz), accepted     8648/  150001 events ( 5.77%)
Processed   160000/  232622 entries, 68.78% (elapsed time    70.2s, curr speed    1.982 kHz, avg speed    2.278 kHz), accepted     9302/  160001 events ( 5.81%)
Processed   170000/  232622 entries, 73.08% (elapsed time    74.6s, curr speed    2.284 kHz, avg speed    2.278 kHz), accepted     9918/  170001 events ( 5.83%)
Processed   180000/  232622 entries, 77.38% (elapsed time    78.8s, curr speed    2.417 kHz, avg speed    2.286 kHz), accepted    10450/  180001 events ( 5.81%)
Processed   190000/  232622 entries, 81.68% (elapsed time    82.9s, curr speed    2.433 kHz, avg speed    2.293 kHz), accepted    11031/  190001 events ( 5.81%)
Processed   200000/  232622 entries, 85.98% (elapsed time    87.0s, curr speed    2.437 kHz, avg speed    2.300 kHz), accepted    11581/  200001 events ( 5.79%)
Processed   210000/  232622 entries, 90.28% (elapsed time    91.5s, curr speed    2.198 kHz, avg speed    2.295 kHz), accepted    12234/  210001 events ( 5.83%)
Processed   220000/  232622 entries, 94.57% (elapsed time    95.8s, curr speed    2.314 kHz, avg speed    2.295 kHz), accepted    12876/  220001 events ( 5.85%)
Processed   230000/  232622 entries, 98.87% (elapsed time   100.5s, curr speed    2.159 kHz, avg speed    2.289 kHz), accepted    13490/  230001 events ( 5.87%)
Processed 232622 preselected entries from /eos/cms/store/group/phys_tau/TauFW/nano/UL2017/SingleElectron/Run2017E-UL2017_MiniAODv1_NanoAODv2-v2/NANOAOD/DB466F6E-6398-AC43-9BE4-5AF76ED0E7A9_skimjec_4.root (232622 entries). Finally selected 13666 entries
Pre-select 215182 entries out of 215182 (100.00%)
Processed    10000/  215182 entries,  4.65% (elapsed time     5.6s, curr speed    1.778 kHz, avg speed    1.778 kHz), accepted      594/   10001 events ( 5.94%)
Processed    20000/  215182 entries,  9.29% (elapsed time     9.4s, curr speed    2.621 kHz, avg speed    2.119 kHz), accepted     1162/   20001 events ( 5.81%)
Processed    30000/  215182 entries, 13.94% (elapsed time    13.2s, curr speed    2.660 kHz, avg speed    2.273 kHz), accepted     1692/   30001 events ( 5.64%)
Processed    40000/  215182 entries, 18.59% (elapsed time    17.0s, curr speed    2.617 kHz, avg speed    2.350 kHz), accepted     2299/   40001 events ( 5.75%)
Processed    50000/  215182 entries, 23.24% (elapsed time    20.7s, curr speed    2.698 kHz, avg speed    2.412 kHz), accepted     2867/   50001 events ( 5.73%)
Processed    60000/  215182 entries, 27.88% (elapsed time    24.6s, curr speed    2.589 kHz, avg speed    2.440 kHz), accepted     3465/   60001 events ( 5.77%)
Processed    70000/  215182 entries, 32.53% (elapsed time    28.2s, curr speed    2.761 kHz, avg speed    2.481 kHz), accepted     4007/   70001 events ( 5.72%)
Processed    80000/  215182 entries, 37.18% (elapsed time    32.2s, curr speed    2.535 kHz, avg speed    2.488 kHz), accepted     4625/   80001 events ( 5.78%)
Processed    90000/  215182 entries, 41.83% (elapsed time    35.7s, curr speed    2.822 kHz, avg speed    2.521 kHz), accepted     5156/   90001 events ( 5.73%)
Processed   100000/  215182 entries, 46.47% (elapsed time    39.6s, curr speed    2.589 kHz, avg speed    2.528 kHz), accepted     5686/  100001 events ( 5.69%)
Processed   110000/  215182 entries, 51.12% (elapsed time    43.6s, curr speed    2.473 kHz, avg speed    2.523 kHz), accepted     6200/  110001 events ( 5.64%)
Processed   120000/  215182 entries, 55.77% (elapsed time    47.7s, curr speed    2.451 kHz, avg speed    2.516 kHz), accepted     6766/  120001 events ( 5.64%)
Processed   130000/  215182 entries, 60.41% (elapsed time    51.3s, curr speed    2.774 kHz, avg speed    2.535 kHz), accepted     7306/  130001 events ( 5.62%)
Processed   140000/  215182 entries, 65.06% (elapsed time    55.7s, curr speed    2.291 kHz, avg speed    2.515 kHz), accepted     7847/  140001 events ( 5.60%)
Processed   150000/  215182 entries, 69.71% (elapsed time    59.1s, curr speed    2.881 kHz, avg speed    2.537 kHz), accepted     8375/  150001 events ( 5.58%)
Processed   160000/  215182 entries, 74.36% (elapsed time    63.1s, curr speed    2.496 kHz, avg speed    2.534 kHz), accepted     8901/  160001 events ( 5.56%)
Processed   170000/  215182 entries, 79.00% (elapsed time    67.2s, curr speed    2.463 kHz, avg speed    2.530 kHz), accepted     9438/  170001 events ( 5.55%)
Processed   180000/  215182 entries, 83.65% (elapsed time    71.4s, curr speed    2.405 kHz, avg speed    2.523 kHz), accepted    10002/  180001 events ( 5.56%)
Processed   190000/  215182 entries, 88.30% (elapsed time    75.2s, curr speed    2.617 kHz, avg speed    2.527 kHz), accepted    10562/  190001 events ( 5.56%)
Processed   200000/  215182 entries, 92.94% (elapsed time    80.2s, curr speed    1.983 kHz, avg speed    2.493 kHz), accepted    11121/  200001 events ( 5.56%)
Processed   210000/  215182 entries, 97.59% (elapsed time    84.3s, curr speed    2.449 kHz, avg speed    2.491 kHz), accepted    11679/  210001 events ( 5.56%)
Processed 215182 preselected entries from /eos/cms/store/group/phys_tau/TauFW/nano/UL2017/SingleElectron/Run2017E-UL2017_MiniAODv1_NanoAODv2-v2/NANOAOD/DC102BCC-EC20-1149-91A2-45692C7B1B98_skimjec_0.root (215182 entries). Finally selected 11987 entries
Total time 539.8 sec. to process 1169339 events. Rate = 2166.4 Hz.
>>> cwd          = /pool/condor/dir_17486
>>> ls           = ['.machine.ad', '_condor_stdout', 'x509_voms', '.chirp.config', 'tmp', '.update.ad', 'pico_etau_EES0p99_71.root', 'lvigilan.cc', '.job.ad', 'condor_exec.exe', 'var']
>>> getstorage('/eos/home-l/lvigilan/output_ETauFR_UL17_RUN1/UL2017/etau/SingleElectron_Run2017E'), <EOS("/eos/home-l/lvigilan/output_ETauFR_UL17_RUN1/UL2017/etau/SingleElectron_Run2017E") at 0x2b0fd19cfa10>
>>> Executing: 'cp ./pico_etau_EES0p99_71.root /eos/home-l/lvigilan/output_ETauFR_UL17_RUN1/UL2017/etau/SingleElectron_Run2017E'
>>> Removing './pico_etau_EES0p99_71.root'...
>>> picojob.py done after 558.9 seconds

Job complete at Mon Jun  7 23:15:13 CEST 2021
Took 9 minutes 24 seconds040 (2367901.071.000) 06/07 23:47:49 Finished transferring output files
...
005 (2367901.071.000) 06/07 23:47:49 Job terminated.
	(1) Normal termination (return value 0)
		Usr 0 00:07:25, Sys 0 00:00:18  -  Run Remote Usage
		Usr 0 00:00:00, Sys 0 00:00:00  -  Run Local Usage
		Usr 0 00:07:25, Sys 0 00:00:18  -  Total Remote Usage
		Usr 0 00:00:00, Sys 0 00:00:00  -  Total Local Usage
	34093  -  Run Bytes Sent By Job
	9898  -  Run Bytes Received By Job
	34093  -  Total Bytes Sent By Job
	9898  -  Total Bytes Received By Job
	Partitionable Resources :    Usage  Request Allocated 
	   Cpus                 :        0        1         1 
	   Disk (KB)            :     4246        1    169045 
	   Memory (MB)          :      195     2000      2000 

	Job terminated of its own accord at 2021-06-07T21:15:13Z.
...
