Could not find platform independent libraries <prefix>
Could not find platform dependent libraries <exec_prefix>
Consider setting $PYTHONHOME to <prefix>[:<exec_prefix>]
ImportError: No module named site
Job start at Mon Jun  7 23:05:54 CEST 2021
Running job on machine Linux b7s12n6760.cern.ch 3.10.0-1160.21.1.el7.x86_64 #1 SMP Tue Mar 16 18:28:22 UTC 2021 x86_64 x86_64 x86_64 GNU/Linux, host b7s12n6760.cern.ch
============================================================
$PWD=/pool/condor/dir_29979
$JOBID=2367901
$TASKID=23
$HOSTNAME=b7s12n6760.cern.ch
$TASKCMD=/afs/cern.ch/work/l/lvigilan/TauWork/CMSSW_10_6_17_patch1/src/TauFW/PicoProducer/python/processors/picojob.py -y UL2017 -d 'data' -c etau -M ETauFakeRate.ModuleETau --copydir /eos/home-l/lvigilan/output_ETauFR_UL17_RUN1/UL2017/etau/SingleElectron_Run2017E -t _etau_EES0p99_23 --opt 'ees=0.99' 'useT1=False' -i /eos/cms/store/group/phys_tau/TauFW/nano/UL2017/SingleElectron/Run2017E-UL2017_MiniAODv1_NanoAODv2-v2/NANOAOD/434F192E-907E-014C-9742-2CF6C8D2DA4C_skimjec_0.root /eos/cms/store/group/phys_tau/TauFW/nano/UL2017/SingleElectron/Run2017E-UL2017_MiniAODv1_NanoAODv2-v2/NANOAOD/434F192E-907E-014C-9742-2CF6C8D2DA4C_skimjec_1.root /eos/cms/store/group/phys_tau/TauFW/nano/UL2017/SingleElectron/Run2017E-UL2017_MiniAODv1_NanoAODv2-v2/NANOAOD/434F192E-907E-014C-9742-2CF6C8D2DA4C_skimjec_2.root /eos/cms/store/group/phys_tau/TauFW/nano/UL2017/SingleElectron/Run2017E-UL2017_MiniAODv1_NanoAODv2-v2/NANOAOD/434F192E-907E-014C-9742-2CF6C8D2DA4C_skimjec_3.root /eos/cms/store/group/phys_tau/TauFW/nano/UL2017/SingleElectron/Run2017E-UL2017_MiniAODv1_NanoAODv2-v2/NANOAOD/434F192E-907E-014C-9742-2CF6C8D2DA4C_skimjec_4.root
$WORKDIR=/pool/condor/dir_29979
>>> cd /afs/cern.ch/work/l/lvigilan/TauWork/CMSSW_10_6_17_patch1/src
>>> eval `scramv1 runtime -sh`
>>> cd /pool/condor/dir_29979
$PWD=/pool/condor/dir_29979
>>> /afs/cern.ch/work/l/lvigilan/TauWork/CMSSW_10_6_17_patch1/src/TauFW/PicoProducer/python/processors/picojob.py -y UL2017 -d 'data' -c etau -M ETauFakeRate.ModuleETau --copydir /eos/home-l/lvigilan/output_ETauFR_UL17_RUN1/UL2017/etau/SingleElectron_Run2017E -t _etau_EES0p99_23 --opt 'ees=0.99' 'useT1=False' -i /eos/cms/store/group/phys_tau/TauFW/nano/UL2017/SingleElectron/Run2017E-UL2017_MiniAODv1_NanoAODv2-v2/NANOAOD/434F192E-907E-014C-9742-2CF6C8D2DA4C_skimjec_0.root /eos/cms/store/group/phys_tau/TauFW/nano/UL2017/SingleElectron/Run2017E-UL2017_MiniAODv1_NanoAODv2-v2/NANOAOD/434F192E-907E-014C-9742-2CF6C8D2DA4C_skimjec_1.root /eos/cms/store/group/phys_tau/TauFW/nano/UL2017/SingleElectron/Run2017E-UL2017_MiniAODv1_NanoAODv2-v2/NANOAOD/434F192E-907E-014C-9742-2CF6C8D2DA4C_skimjec_2.root /eos/cms/store/group/phys_tau/TauFW/nano/UL2017/SingleElectron/Run2017E-UL2017_MiniAODv1_NanoAODv2-v2/NANOAOD/434F192E-907E-014C-9742-2CF6C8D2DA4C_skimjec_3.root /eos/cms/store/group/phys_tau/TauFW/nano/UL2017/SingleElectron/Run2017E-UL2017_MiniAODv1_NanoAODv2-v2/NANOAOD/434F192E-907E-014C-9742-2CF6C8D2DA4C_skimjec_4.root
Error in <TGClient::TGClient>: can't open display "localhost:13.0", switching to batch mode...
 In case you run from a remote ssh session, reconnect with ssh -Y
--------------------------------------------------------------------------------
>>> era          = 'UL2017'
>>> year         = 2017
>>> channel      = 'etau'
>>> modname      = 'ETauFakeRate.ModuleETau'
>>> dtype        = 'data'
>>> kwargs       = {'dtype': 'data', 'ees': 0.99, 'useT1': False, 'verb': 0, 'era': 'UL2017', 'year': 2017}
>>> firstevt     = 0
>>> maxevts      = None
>>> outdir       = '.'
>>> copydir      = '/eos/home-l/lvigilan/output_ETauFR_UL17_RUN1/UL2017/etau/SingleElectron_Run2017E'
>>> infiles      = ['/eos/cms/store/group/phys_tau/TauFW/nano/UL2017/SingleElectron/Run2017E-UL2017_MiniAODv1_NanoAODv2-v2/NANOAOD/434F192E-907E-014C-9742-2CF6C8D2DA4C_skimjec_0.root', '/eos/cms/store/group/phys_tau/TauFW/nano/UL2017/SingleElectron/Run2017E-UL2017_MiniAODv1_NanoAODv2-v2/NANOAOD/434F192E-907E-014C-9742-2CF6C8D2DA4C_skimjec_1.root', '/eos/cms/store/group/phys_tau/TauFW/nano/UL2017/SingleElectron/Run2017E-UL2017_MiniAODv1_NanoAODv2-v2/NANOAOD/434F192E-907E-014C-9742-2CF6C8D2DA4C_skimjec_2.root', '/eos/cms/store/group/phys_tau/TauFW/nano/UL2017/SingleElectron/Run2017E-UL2017_MiniAODv1_NanoAODv2-v2/NANOAOD/434F192E-907E-014C-9742-2CF6C8D2DA4C_skimjec_3.root', '/eos/cms/store/group/phys_tau/TauFW/nano/UL2017/SingleElectron/Run2017E-UL2017_MiniAODv1_NanoAODv2-v2/NANOAOD/434F192E-907E-014C-9742-2CF6C8D2DA4C_skimjec_4.root']
>>> outfname     = './pico_etau_EES0p99_23.root'
>>> branchsel    = '/afs/cern.ch/work/l/lvigilan/TauWork/CMSSW_10_6_17_patch1/python/TauFW/PicoProducer/processors/keep_and_drop_skim.txt'
>>> json         = '/afs/cern.ch/work/l/lvigilan/TauWork/CMSSW_10_6_17_patch1/src/TauFW/PicoProducer/data/json/2017/Cert_294927-306462_13TeV_PromptReco_Collisions17_JSON.txt'
>>> prefetch     = False
>>> cwd          = /pool/condor/dir_29979
--------------------------------------------------------------------------------

   ################
   #  ModuleETau  #
   ################

Loading TreeProducerETau for './pico_etau_EES0p99_23.root'
--------------------------------------------------------------------------------
>>> filename     = './pico_etau_EES0p99_23.root'
>>> year         = 2017
>>> dtype        = 'data'
>>> channel      = 'etau'
>>> ismc         = False
>>> isdata       = True
>>> isembed      = False
>>> tes          = None
>>> tessys       = None
>>> fes          = None
>>> ltf          = None
>>> jtf          = 1.0
>>> dotoppt      = False
>>> dozpt        = False
>>> dojec        = False
>>> dojecsys     = False
>>> dotight      = False
>>> useT1        = False
>>> jetCutPt     = 30
>>> bjetCutEta   = 2.7
>>> tauwp        = 0
>>> eleCutPt     = 36
>>> eleCutEta    = 2.1
>>> tauCutPt     = 20
>>> tauCutEta    = 2.3
>>> ZpeekReso    = 0.0
Pre-select 171138 entries out of 171138 (100.00%)
Processed    10000/  171138 entries,  5.84% (elapsed time     4.3s, curr speed    2.301 kHz, avg speed    2.301 kHz), accepted      529/   10001 events ( 5.29%)
Processed    20000/  171138 entries, 11.69% (elapsed time     7.2s, curr speed    3.459 kHz, avg speed    2.764 kHz), accepted     1069/   20001 events ( 5.34%)
Processed    30000/  171138 entries, 17.53% (elapsed time     9.8s, curr speed    3.932 kHz, avg speed    3.068 kHz), accepted     1618/   30001 events ( 5.39%)
Processed    40000/  171138 entries, 23.37% (elapsed time    12.9s, curr speed    3.245 kHz, avg speed    3.110 kHz), accepted     2158/   40001 events ( 5.39%)
Processed    50000/  171138 entries, 29.22% (elapsed time    15.8s, curr speed    3.418 kHz, avg speed    3.167 kHz), accepted     2693/   50001 events ( 5.39%)
Processed    60000/  171138 entries, 35.06% (elapsed time    19.2s, curr speed    2.905 kHz, avg speed    3.120 kHz), accepted     3279/   60001 events ( 5.46%)
Processed    70000/  171138 entries, 40.90% (elapsed time    22.5s, curr speed    3.037 kHz, avg speed    3.108 kHz), accepted     3942/   70001 events ( 5.63%)
Processed    80000/  171138 entries, 46.75% (elapsed time    25.6s, curr speed    3.262 kHz, avg speed    3.127 kHz), accepted     4548/   80001 events ( 5.68%)
Processed    90000/  171138 entries, 52.59% (elapsed time    28.4s, curr speed    3.546 kHz, avg speed    3.168 kHz), accepted     5165/   90001 events ( 5.74%)
Processed   100000/  171138 entries, 58.43% (elapsed time    31.1s, curr speed    3.743 kHz, avg speed    3.218 kHz), accepted     5710/  100001 events ( 5.71%)
Processed   110000/  171138 entries, 64.28% (elapsed time    33.9s, curr speed    3.589 kHz, avg speed    3.248 kHz), accepted     6232/  110001 events ( 5.67%)
Processed   120000/  171138 entries, 70.12% (elapsed time    36.8s, curr speed    3.448 kHz, avg speed    3.264 kHz), accepted     6767/  120001 events ( 5.64%)
Processed   130000/  171138 entries, 75.96% (elapsed time    39.4s, curr speed    3.754 kHz, avg speed    3.297 kHz), accepted     7339/  130001 events ( 5.65%)
Processed   140000/  171138 entries, 81.81% (elapsed time    42.3s, curr speed    3.523 kHz, avg speed    3.312 kHz), accepted     7926/  140001 events ( 5.66%)
Processed   150000/  171138 entries, 87.65% (elapsed time    45.1s, curr speed    3.530 kHz, avg speed    3.326 kHz), accepted     8492/  150001 events ( 5.66%)
Processed   160000/  171138 entries, 93.49% (elapsed time    47.9s, curr speed    3.596 kHz, avg speed    3.342 kHz), accepted     9025/  160001 events ( 5.64%)
Processed   170000/  171138 entries, 99.34% (elapsed time    50.4s, curr speed    3.981 kHz, avg speed    3.373 kHz), accepted     9568/  170001 events ( 5.63%)
Processed 171138 preselected entries from /eos/cms/store/group/phys_tau/TauFW/nano/UL2017/SingleElectron/Run2017E-UL2017_MiniAODv1_NanoAODv2-v2/NANOAOD/434F192E-907E-014C-9742-2CF6C8D2DA4C_skimjec_0.root (171138 entries). Finally selected 9640 entries
Pre-select 215219 entries out of 215219 (100.00%)
Processed    10000/  215219 entries,  4.65% (elapsed time     3.2s, curr speed    3.163 kHz, avg speed    3.163 kHz), accepted      540/   10001 events ( 5.40%)
Processed    20000/  215219 entries,  9.29% (elapsed time     5.6s, curr speed    4.084 kHz, avg speed    3.565 kHz), accepted     1073/   20001 events ( 5.36%)
Processed    30000/  215219 entries, 13.94% (elapsed time     8.3s, curr speed    3.722 kHz, avg speed    3.616 kHz), accepted     1601/   30001 events ( 5.34%)
Processed    40000/  215219 entries, 18.59% (elapsed time    11.0s, curr speed    3.650 kHz, avg speed    3.624 kHz), accepted     2159/   40001 events ( 5.40%)
Processed    50000/  215219 entries, 23.23% (elapsed time    13.4s, curr speed    4.166 kHz, avg speed    3.721 kHz), accepted     2717/   50001 events ( 5.43%)
Processed    60000/  215219 entries, 27.88% (elapsed time    16.1s, curr speed    3.716 kHz, avg speed    3.720 kHz), accepted     3233/   60001 events ( 5.39%)
Processed    70000/  215219 entries, 32.53% (elapsed time    19.0s, curr speed    3.515 kHz, avg speed    3.689 kHz), accepted     3783/   70001 events ( 5.40%)
Processed    80000/  215219 entries, 37.17% (elapsed time    21.6s, curr speed    3.761 kHz, avg speed    3.698 kHz), accepted     4303/   80001 events ( 5.38%)
Processed    90000/  215219 entries, 41.82% (elapsed time    24.0s, curr speed    4.146 kHz, avg speed    3.743 kHz), accepted     4859/   90001 events ( 5.40%)
Processed   100000/  215219 entries, 46.46% (elapsed time    26.7s, curr speed    3.745 kHz, avg speed    3.743 kHz), accepted     5399/  100001 events ( 5.40%)
Processed   110000/  215219 entries, 51.11% (elapsed time    29.0s, curr speed    4.282 kHz, avg speed    3.787 kHz), accepted     5970/  110001 events ( 5.43%)
Processed   120000/  215219 entries, 55.76% (elapsed time    32.2s, curr speed    3.189 kHz, avg speed    3.728 kHz), accepted     6541/  120001 events ( 5.45%)
Processed   130000/  215219 entries, 60.40% (elapsed time    34.7s, curr speed    3.902 kHz, avg speed    3.741 kHz), accepted     7082/  130001 events ( 5.45%)
Processed   140000/  215219 entries, 65.05% (elapsed time    37.4s, curr speed    3.725 kHz, avg speed    3.740 kHz), accepted     7656/  140001 events ( 5.47%)
Processed   150000/  215219 entries, 69.70% (elapsed time    40.2s, curr speed    3.608 kHz, avg speed    3.731 kHz), accepted     8244/  150001 events ( 5.50%)
Processed   160000/  215219 entries, 74.34% (elapsed time    43.2s, curr speed    3.351 kHz, avg speed    3.705 kHz), accepted     8883/  160001 events ( 5.55%)
Processed   170000/  215219 entries, 78.99% (elapsed time    45.7s, curr speed    4.028 kHz, avg speed    3.722 kHz), accepted     9467/  170001 events ( 5.57%)
Processed   180000/  215219 entries, 83.64% (elapsed time    48.5s, curr speed    3.498 kHz, avg speed    3.709 kHz), accepted    10013/  180001 events ( 5.56%)
Processed   190000/  215219 entries, 88.28% (elapsed time    51.1s, curr speed    3.856 kHz, avg speed    3.717 kHz), accepted    10549/  190001 events ( 5.55%)
Processed   200000/  215219 entries, 92.93% (elapsed time    54.5s, curr speed    2.956 kHz, avg speed    3.669 kHz), accepted    11118/  200001 events ( 5.56%)
Processed   210000/  215219 entries, 97.58% (elapsed time    57.0s, curr speed    4.040 kHz, avg speed    3.685 kHz), accepted    11648/  210001 events ( 5.55%)
Processed 215219 preselected entries from /eos/cms/store/group/phys_tau/TauFW/nano/UL2017/SingleElectron/Run2017E-UL2017_MiniAODv1_NanoAODv2-v2/NANOAOD/434F192E-907E-014C-9742-2CF6C8D2DA4C_skimjec_1.root (215219 entries). Finally selected 11935 entries
Pre-select 215219 entries out of 215219 (100.00%)
Processed    10000/  215219 entries,  4.65% (elapsed time     3.9s, curr speed    2.582 kHz, avg speed    2.582 kHz), accepted      586/   10001 events ( 5.86%)
Processed    20000/  215219 entries,  9.29% (elapsed time     6.8s, curr speed    3.465 kHz, avg speed    2.959 kHz), accepted     1162/   20001 events ( 5.81%)
Processed    30000/  215219 entries, 13.94% (elapsed time     9.1s, curr speed    4.217 kHz, avg speed    3.286 kHz), accepted     1706/   30001 events ( 5.69%)
Processed    40000/  215219 entries, 18.59% (elapsed time    11.3s, curr speed    4.645 kHz, avg speed    3.545 kHz), accepted     2256/   40001 events ( 5.64%)
Processed    50000/  215219 entries, 23.23% (elapsed time    13.8s, curr speed    4.004 kHz, avg speed    3.628 kHz), accepted     2828/   50001 events ( 5.66%)
Processed    60000/  215219 entries, 27.88% (elapsed time    16.6s, curr speed    3.532 kHz, avg speed    3.612 kHz), accepted     3373/   60001 events ( 5.62%)
Processed    70000/  215219 entries, 32.53% (elapsed time    19.0s, curr speed    4.173 kHz, avg speed    3.682 kHz), accepted     3913/   70001 events ( 5.59%)
Processed    80000/  215219 entries, 37.17% (elapsed time    22.2s, curr speed    3.151 kHz, avg speed    3.606 kHz), accepted     4511/   80001 events ( 5.64%)
Processed    90000/  215219 entries, 41.82% (elapsed time    25.0s, curr speed    3.533 kHz, avg speed    3.598 kHz), accepted     5090/   90001 events ( 5.66%)
Processed   100000/  215219 entries, 46.46% (elapsed time    27.6s, curr speed    3.877 kHz, avg speed    3.624 kHz), accepted     5621/  100001 events ( 5.62%)
Processed   110000/  215219 entries, 51.11% (elapsed time    29.9s, curr speed    4.321 kHz, avg speed    3.678 kHz), accepted     6148/  110001 events ( 5.59%)
Processed   120000/  215219 entries, 55.76% (elapsed time    32.5s, curr speed    3.852 kHz, avg speed    3.692 kHz), accepted     6636/  120001 events ( 5.53%)
Processed   130000/  215219 entries, 60.40% (elapsed time    35.4s, curr speed    3.407 kHz, avg speed    3.668 kHz), accepted     7183/  130001 events ( 5.53%)
Processed   140000/  215219 entries, 65.05% (elapsed time    38.3s, curr speed    3.549 kHz, avg speed    3.660 kHz), accepted     7719/  140001 events ( 5.51%)
Processed   150000/  215219 entries, 69.70% (elapsed time    40.8s, curr speed    3.893 kHz, avg speed    3.674 kHz), accepted     8268/  150001 events ( 5.51%)
Processed   160000/  215219 entries, 74.34% (elapsed time    43.2s, curr speed    4.216 kHz, avg speed    3.704 kHz), accepted     8816/  160001 events ( 5.51%)
Processed   170000/  215219 entries, 78.99% (elapsed time    45.7s, curr speed    3.984 kHz, avg speed    3.719 kHz), accepted     9314/  170001 events ( 5.48%)
Processed   180000/  215219 entries, 83.64% (elapsed time    48.3s, curr speed    3.798 kHz, avg speed    3.724 kHz), accepted     9844/  180001 events ( 5.47%)
Processed   190000/  215219 entries, 88.28% (elapsed time    51.2s, curr speed    3.522 kHz, avg speed    3.712 kHz), accepted    10439/  190001 events ( 5.49%)
Processed   200000/  215219 entries, 92.93% (elapsed time    54.0s, curr speed    3.513 kHz, avg speed    3.702 kHz), accepted    10964/  200001 events ( 5.48%)
Processed   210000/  215219 entries, 97.58% (elapsed time    56.6s, curr speed    3.878 kHz, avg speed    3.710 kHz), accepted    11521/  210001 events ( 5.49%)
Processed 215219 preselected entries from /eos/cms/store/group/phys_tau/TauFW/nano/UL2017/SingleElectron/Run2017E-UL2017_MiniAODv1_NanoAODv2-v2/NANOAOD/434F192E-907E-014C-9742-2CF6C8D2DA4C_skimjec_2.root (215219 entries). Finally selected 11799 entries
Pre-select 207486 entries out of 207486 (100.00%)
Processed    10000/  207486 entries,  4.82% (elapsed time     3.9s, curr speed    2.550 kHz, avg speed    2.550 kHz), accepted      575/   10001 events ( 5.75%)
Processed    20000/  207486 entries,  9.64% (elapsed time     6.3s, curr speed    4.143 kHz, avg speed    3.157 kHz), accepted     1127/   20001 events ( 5.63%)
Processed    30000/  207486 entries, 14.46% (elapsed time     8.9s, curr speed    3.856 kHz, avg speed    3.360 kHz), accepted     1673/   30001 events ( 5.58%)
Processed    40000/  207486 entries, 19.28% (elapsed time    11.9s, curr speed    3.341 kHz, avg speed    3.355 kHz), accepted     2225/   40001 events ( 5.56%)
Processed    50000/  207486 entries, 24.10% (elapsed time    14.7s, curr speed    3.655 kHz, avg speed    3.411 kHz), accepted     2743/   50001 events ( 5.49%)
Processed    60000/  207486 entries, 28.92% (elapsed time    17.5s, curr speed    3.505 kHz, avg speed    3.426 kHz), accepted     3312/   60001 events ( 5.52%)
Processed    70000/  207486 entries, 33.74% (elapsed time    20.5s, curr speed    3.350 kHz, avg speed    3.415 kHz), accepted     3863/   70001 events ( 5.52%)
Processed    80000/  207486 entries, 38.56% (elapsed time    23.2s, curr speed    3.724 kHz, avg speed    3.451 kHz), accepted     4402/   80001 events ( 5.50%)
Processed    90000/  207486 entries, 43.38% (elapsed time    25.5s, curr speed    4.282 kHz, avg speed    3.527 kHz), accepted     4940/   90001 events ( 5.49%)
Processed   100000/  207486 entries, 48.20% (elapsed time    28.1s, curr speed    3.931 kHz, avg speed    3.564 kHz), accepted     5473/  100001 events ( 5.47%)
Processed   110000/  207486 entries, 53.02% (elapsed time    30.6s, curr speed    3.885 kHz, avg speed    3.591 kHz), accepted     5993/  110001 events ( 5.45%)
Processed   120000/  207486 entries, 57.84% (elapsed time    33.4s, curr speed    3.664 kHz, avg speed    3.597 kHz), accepted     6513/  120001 events ( 5.43%)
Processed   130000/  207486 entries, 62.65% (elapsed time    35.9s, curr speed    3.906 kHz, avg speed    3.619 kHz), accepted     7137/  130001 events ( 5.49%)
Processed   140000/  207486 entries, 67.47% (elapsed time    38.4s, curr speed    4.009 kHz, avg speed    3.644 kHz), accepted     7703/  140001 events ( 5.50%)
Processed   150000/  207486 entries, 72.29% (elapsed time    40.8s, curr speed    4.259 kHz, avg speed    3.679 kHz), accepted     8239/  150001 events ( 5.49%)
Processed   160000/  207486 entries, 77.11% (elapsed time    43.4s, curr speed    3.770 kHz, avg speed    3.685 kHz), accepted     8763/  160001 events ( 5.48%)
Processed   170000/  207486 entries, 81.93% (elapsed time    46.2s, curr speed    3.558 kHz, avg speed    3.677 kHz), accepted     9330/  170001 events ( 5.49%)
Processed   180000/  207486 entries, 86.75% (elapsed time    48.9s, curr speed    3.734 kHz, avg speed    3.680 kHz), accepted     9868/  180001 events ( 5.48%)
Processed   190000/  207486 entries, 91.57% (elapsed time    51.2s, curr speed    4.330 kHz, avg speed    3.710 kHz), accepted    10373/  190001 events ( 5.46%)
Processed   200000/  207486 entries, 96.39% (elapsed time    53.7s, curr speed    3.987 kHz, avg speed    3.723 kHz), accepted    10899/  200001 events ( 5.45%)
Processed 207486 preselected entries from /eos/cms/store/group/phys_tau/TauFW/nano/UL2017/SingleElectron/Run2017E-UL2017_MiniAODv1_NanoAODv2-v2/NANOAOD/434F192E-907E-014C-9742-2CF6C8D2DA4C_skimjec_3.root (207486 entries). Finally selected 11368 entries
Pre-select 215215 entries out of 215215 (100.00%)
Processed    10000/  215215 entries,  4.65% (elapsed time     3.4s, curr speed    2.974 kHz, avg speed    2.974 kHz), accepted      588/   10001 events ( 5.88%)
Processed    20000/  215215 entries,  9.29% (elapsed time     5.8s, curr speed    4.032 kHz, avg speed    3.423 kHz), accepted     1117/   20001 events ( 5.58%)
Processed    30000/  215215 entries, 13.94% (elapsed time     8.1s, curr speed    4.417 kHz, avg speed    3.701 kHz), accepted     1654/   30001 events ( 5.51%)
Processed    40000/  215215 entries, 18.59% (elapsed time    10.8s, curr speed    3.759 kHz, avg speed    3.715 kHz), accepted     2208/   40001 events ( 5.52%)
Processed    50000/  215215 entries, 23.23% (elapsed time    13.4s, curr speed    3.841 kHz, avg speed    3.740 kHz), accepted     2731/   50001 events ( 5.46%)
Processed    60000/  215215 entries, 27.88% (elapsed time    16.5s, curr speed    3.240 kHz, avg speed    3.646 kHz), accepted     3259/   60001 events ( 5.43%)
Processed    70000/  215215 entries, 32.53% (elapsed time    18.6s, curr speed    4.768 kHz, avg speed    3.773 kHz), accepted     3818/   70001 events ( 5.45%)
Processed    80000/  215215 entries, 37.17% (elapsed time    21.1s, curr speed    3.889 kHz, avg speed    3.787 kHz), accepted     4356/   80001 events ( 5.44%)
Processed    90000/  215215 entries, 41.82% (elapsed time    24.0s, curr speed    3.435 kHz, avg speed    3.744 kHz), accepted     5010/   90001 events ( 5.57%)
Processed   100000/  215215 entries, 46.47% (elapsed time    26.7s, curr speed    3.810 kHz, avg speed    3.751 kHz), accepted     5559/  100001 events ( 5.56%)
Processed   110000/  215215 entries, 51.11% (elapsed time    28.8s, curr speed    4.640 kHz, avg speed    3.817 kHz), accepted     6056/  110001 events ( 5.51%)
Processed   120000/  215215 entries, 55.76% (elapsed time    31.5s, curr speed    3.758 kHz, avg speed    3.812 kHz), accepted     6644/  120001 events ( 5.54%)
Processed   130000/  215215 entries, 60.40% (elapsed time    33.9s, curr speed    4.131 kHz, avg speed    3.835 kHz), accepted     7171/  130001 events ( 5.52%)
Processed   140000/  215215 entries, 65.05% (elapsed time    36.7s, curr speed    3.574 kHz, avg speed    3.815 kHz), accepted     7734/  140001 events ( 5.52%)
Processed   150000/  215215 entries, 69.70% (elapsed time    39.0s, curr speed    4.285 kHz, avg speed    3.843 kHz), accepted     8257/  150001 events ( 5.50%)
Processed   160000/  215215 entries, 74.34% (elapsed time    41.4s, curr speed    4.288 kHz, avg speed    3.868 kHz), accepted     8796/  160001 events ( 5.50%)
Processed   170000/  215215 entries, 78.99% (elapsed time    43.2s, curr speed    5.333 kHz, avg speed    3.932 kHz), accepted     9334/  170001 events ( 5.49%)
Processed   180000/  215215 entries, 83.64% (elapsed time    45.7s, curr speed    4.013 kHz, avg speed    3.936 kHz), accepted     9904/  180001 events ( 5.50%)
Processed   190000/  215215 entries, 88.28% (elapsed time    48.1s, curr speed    4.301 kHz, avg speed    3.954 kHz), accepted    10466/  190001 events ( 5.51%)
Processed   200000/  215215 entries, 92.93% (elapsed time    50.3s, curr speed    4.461 kHz, avg speed    3.976 kHz), accepted    11000/  200001 events ( 5.50%)
Processed   210000/  215215 entries, 97.58% (elapsed time    52.7s, curr speed    4.091 kHz, avg speed    3.982 kHz), accepted    11506/  210001 events ( 5.48%)
Processed 215215 preselected entries from /eos/cms/store/group/phys_tau/TauFW/nano/UL2017/SingleElectron/Run2017E-UL2017_MiniAODv1_NanoAODv2-v2/NANOAOD/434F192E-907E-014C-9742-2CF6C8D2DA4C_skimjec_4.root (215215 entries). Finally selected 11794 entries
Total time 312.0 sec. to process 1024277 events. Rate = 3283.0 Hz.
>>> cwd          = /pool/condor/dir_29979
>>> ls           = ['condor_exec.exe', 'tmp', 'var', '.machine.ad', 'lvigilan.cc', 'x509_voms', '.job.ad', 'pico_etau_EES0p99_23.root', '_condor_stdout', '.chirp.config']
>>> getstorage('/eos/home-l/lvigilan/output_ETauFR_UL17_RUN1/UL2017/etau/SingleElectron_Run2017E'), <EOS("/eos/home-l/lvigilan/output_ETauFR_UL17_RUN1/UL2017/etau/SingleElectron_Run2017E") at 0x2b9c1e1b7990>
>>> Executing: 'cp ./pico_etau_EES0p99_23.root /eos/home-l/lvigilan/output_ETauFR_UL17_RUN1/UL2017/etau/SingleElectron_Run2017E'
>>> Removing './pico_etau_EES0p99_23.root'...
>>> picojob.py done after 317.6 seconds

Job complete at Mon Jun  7 23:11:13 CEST 2021
Took 5 minutes 19 seconds040 (2367901.023.000) 06/07 23:24:27 Started transferring output files
...
040 (2367901.023.000) 06/07 23:24:27 Finished transferring output files
...
005 (2367901.023.000) 06/07 23:24:28 Job terminated.
	(1) Normal termination (return value 0)
		Usr 0 00:04:26, Sys 0 00:00:09  -  Run Remote Usage
		Usr 0 00:00:00, Sys 0 00:00:00  -  Run Local Usage
		Usr 0 00:04:26, Sys 0 00:00:09  -  Total Remote Usage
		Usr 0 00:00:00, Sys 0 00:00:00  -  Total Local Usage
	31503  -  Run Bytes Sent By Job
	9898  -  Run Bytes Received By Job
	31503  -  Total Bytes Sent By Job
	9898  -  Total Bytes Received By Job
	Partitionable Resources :    Usage  Request Allocated 
	   Cpus                 :        0        1         1 
	   Disk (KB)            :     6293        1    265183 
	   Memory (MB)          :      200     2000      2000 

	Job terminated of its own accord at 2021-06-07T21:11:13Z.
...
