Could not find platform independent libraries <prefix>
Could not find platform dependent libraries <exec_prefix>
Consider setting $PYTHONHOME to <prefix>[:<exec_prefix>]
ImportError: No module named site
Job start at Mon Jun  7 23:05:43 CEST 2021
Running job on machine Linux b7g28n0522.cern.ch 3.10.0-1160.24.1.el7.x86_64 #1 SMP Thu Apr 8 19:51:47 UTC 2021 x86_64 x86_64 x86_64 GNU/Linux, host b7g28n0522.cern.ch
============================================================
$PWD=/pool/condor/dir_27590
$JOBID=2367901
$TASKID=45
$HOSTNAME=b7g28n0522.cern.ch
$TASKCMD=/afs/cern.ch/work/l/lvigilan/TauWork/CMSSW_10_6_17_patch1/src/TauFW/PicoProducer/python/processors/picojob.py -y UL2017 -d 'data' -c etau -M ETauFakeRate.ModuleETau --copydir /eos/home-l/lvigilan/output_ETauFR_UL17_RUN1/UL2017/etau/SingleElectron_Run2017E -t _etau_EES0p99_45 --opt 'ees=0.99' 'useT1=False' -i /eos/cms/store/group/phys_tau/TauFW/nano/UL2017/SingleElectron/Run2017E-UL2017_MiniAODv1_NanoAODv2-v2/NANOAOD/8AC01EDB-AFEC-4F41-AC06-E6C74A224AE3_skimjec_4.root /eos/cms/store/group/phys_tau/TauFW/nano/UL2017/SingleElectron/Run2017E-UL2017_MiniAODv1_NanoAODv2-v2/NANOAOD/8AC01EDB-AFEC-4F41-AC06-E6C74A224AE3_skimjec_5.root /eos/cms/store/group/phys_tau/TauFW/nano/UL2017/SingleElectron/Run2017E-UL2017_MiniAODv1_NanoAODv2-v2/NANOAOD/8E904E6E-C4C2-CD4A-9742-AFC31819765E_skimjec_0.root /eos/cms/store/group/phys_tau/TauFW/nano/UL2017/SingleElectron/Run2017E-UL2017_MiniAODv1_NanoAODv2-v2/NANOAOD/8E904E6E-C4C2-CD4A-9742-AFC31819765E_skimjec_1.root /eos/cms/store/group/phys_tau/TauFW/nano/UL2017/SingleElectron/Run2017E-UL2017_MiniAODv1_NanoAODv2-v2/NANOAOD/8E904E6E-C4C2-CD4A-9742-AFC31819765E_skimjec_2.root
$WORKDIR=/pool/condor/dir_27590
>>> cd /afs/cern.ch/work/l/lvigilan/TauWork/CMSSW_10_6_17_patch1/src
>>> eval `scramv1 runtime -sh`
>>> cd /pool/condor/dir_27590
$PWD=/pool/condor/dir_27590
>>> /afs/cern.ch/work/l/lvigilan/TauWork/CMSSW_10_6_17_patch1/src/TauFW/PicoProducer/python/processors/picojob.py -y UL2017 -d 'data' -c etau -M ETauFakeRate.ModuleETau --copydir /eos/home-l/lvigilan/output_ETauFR_UL17_RUN1/UL2017/etau/SingleElectron_Run2017E -t _etau_EES0p99_45 --opt 'ees=0.99' 'useT1=False' -i /eos/cms/store/group/phys_tau/TauFW/nano/UL2017/SingleElectron/Run2017E-UL2017_MiniAODv1_NanoAODv2-v2/NANOAOD/8AC01EDB-AFEC-4F41-AC06-E6C74A224AE3_skimjec_4.root /eos/cms/store/group/phys_tau/TauFW/nano/UL2017/SingleElectron/Run2017E-UL2017_MiniAODv1_NanoAODv2-v2/NANOAOD/8AC01EDB-AFEC-4F41-AC06-E6C74A224AE3_skimjec_5.root /eos/cms/store/group/phys_tau/TauFW/nano/UL2017/SingleElectron/Run2017E-UL2017_MiniAODv1_NanoAODv2-v2/NANOAOD/8E904E6E-C4C2-CD4A-9742-AFC31819765E_skimjec_0.root /eos/cms/store/group/phys_tau/TauFW/nano/UL2017/SingleElectron/Run2017E-UL2017_MiniAODv1_NanoAODv2-v2/NANOAOD/8E904E6E-C4C2-CD4A-9742-AFC31819765E_skimjec_1.root /eos/cms/store/group/phys_tau/TauFW/nano/UL2017/SingleElectron/Run2017E-UL2017_MiniAODv1_NanoAODv2-v2/NANOAOD/8E904E6E-C4C2-CD4A-9742-AFC31819765E_skimjec_2.root
Error in <TGClient::TGClient>: can't open display "localhost:13.0", switching to batch mode...
 In case you run from a remote ssh session, reconnect with ssh -Y
--------------------------------------------------------------------------------
>>> era          = 'UL2017'
>>> year         = 2017
>>> channel      = 'etau'
>>> modname      = 'ETauFakeRate.ModuleETau'
>>> dtype        = 'data'
>>> kwargs       = {'dtype': 'data', 'ees': 0.99, 'useT1': False, 'verb': 0, 'era': 'UL2017', 'year': 2017}
>>> firstevt     = 0
>>> maxevts      = None
>>> outdir       = '.'
>>> copydir      = '/eos/home-l/lvigilan/output_ETauFR_UL17_RUN1/UL2017/etau/SingleElectron_Run2017E'
>>> infiles      = ['/eos/cms/store/group/phys_tau/TauFW/nano/UL2017/SingleElectron/Run2017E-UL2017_MiniAODv1_NanoAODv2-v2/NANOAOD/8AC01EDB-AFEC-4F41-AC06-E6C74A224AE3_skimjec_4.root', '/eos/cms/store/group/phys_tau/TauFW/nano/UL2017/SingleElectron/Run2017E-UL2017_MiniAODv1_NanoAODv2-v2/NANOAOD/8AC01EDB-AFEC-4F41-AC06-E6C74A224AE3_skimjec_5.root', '/eos/cms/store/group/phys_tau/TauFW/nano/UL2017/SingleElectron/Run2017E-UL2017_MiniAODv1_NanoAODv2-v2/NANOAOD/8E904E6E-C4C2-CD4A-9742-AFC31819765E_skimjec_0.root', '/eos/cms/store/group/phys_tau/TauFW/nano/UL2017/SingleElectron/Run2017E-UL2017_MiniAODv1_NanoAODv2-v2/NANOAOD/8E904E6E-C4C2-CD4A-9742-AFC31819765E_skimjec_1.root', '/eos/cms/store/group/phys_tau/TauFW/nano/UL2017/SingleElectron/Run2017E-UL2017_MiniAODv1_NanoAODv2-v2/NANOAOD/8E904E6E-C4C2-CD4A-9742-AFC31819765E_skimjec_2.root']
>>> outfname     = './pico_etau_EES0p99_45.root'
>>> branchsel    = '/afs/cern.ch/work/l/lvigilan/TauWork/CMSSW_10_6_17_patch1/python/TauFW/PicoProducer/processors/keep_and_drop_skim.txt'
>>> json         = '/afs/cern.ch/work/l/lvigilan/TauWork/CMSSW_10_6_17_patch1/src/TauFW/PicoProducer/data/json/2017/Cert_294927-306462_13TeV_PromptReco_Collisions17_JSON.txt'
>>> prefetch     = False
>>> cwd          = /pool/condor/dir_27590
--------------------------------------------------------------------------------

   ################
   #  ModuleETau  #
   ################

Loading TreeProducerETau for './pico_etau_EES0p99_45.root'
--------------------------------------------------------------------------------
>>> filename     = './pico_etau_EES0p99_45.root'
>>> year         = 2017
>>> dtype        = 'data'
>>> channel      = 'etau'
>>> ismc         = False
>>> isdata       = True
>>> isembed      = False
>>> tes          = None
>>> tessys       = None
>>> fes          = None
>>> ltf          = None
>>> jtf          = 1.0
>>> dotoppt      = False
>>> dozpt        = False
>>> dojec        = False
>>> dojecsys     = False
>>> dotight      = False
>>> useT1        = False
>>> jetCutPt     = 30
>>> bjetCutEta   = 2.7
>>> tauwp        = 0
>>> eleCutPt     = 36
>>> eleCutEta    = 2.1
>>> tauCutPt     = 20
>>> tauCutEta    = 2.3
>>> ZpeekReso    = 0.0
Pre-select 220387 entries out of 220387 (100.00%)
Processed    10000/  220387 entries,  4.54% (elapsed time     6.6s, curr speed    1.508 kHz, avg speed    1.508 kHz), accepted      530/   10001 events ( 5.30%)
Processed    20000/  220387 entries,  9.07% (elapsed time    10.6s, curr speed    2.497 kHz, avg speed    1.880 kHz), accepted     1077/   20001 events ( 5.38%)
Processed    30000/  220387 entries, 13.61% (elapsed time    14.5s, curr speed    2.582 kHz, avg speed    2.068 kHz), accepted     1619/   30001 events ( 5.40%)
Processed    40000/  220387 entries, 18.15% (elapsed time    18.1s, curr speed    2.818 kHz, avg speed    2.215 kHz), accepted     2145/   40001 events ( 5.36%)
Processed    50000/  220387 entries, 22.69% (elapsed time    21.8s, curr speed    2.696 kHz, avg speed    2.297 kHz), accepted     2676/   50001 events ( 5.35%)
Processed    60000/  220387 entries, 27.22% (elapsed time    26.3s, curr speed    2.224 kHz, avg speed    2.285 kHz), accepted     3349/   60001 events ( 5.58%)
Processed    70000/  220387 entries, 31.76% (elapsed time    30.0s, curr speed    2.666 kHz, avg speed    2.332 kHz), accepted     3903/   70001 events ( 5.58%)
Processed    80000/  220387 entries, 36.30% (elapsed time    34.1s, curr speed    2.452 kHz, avg speed    2.347 kHz), accepted     4475/   80001 events ( 5.59%)
Processed    90000/  220387 entries, 40.84% (elapsed time    37.9s, curr speed    2.596 kHz, avg speed    2.372 kHz), accepted     5081/   90001 events ( 5.65%)
Processed   100000/  220387 entries, 45.37% (elapsed time    42.5s, curr speed    2.174 kHz, avg speed    2.351 kHz), accepted     5670/  100001 events ( 5.67%)
Processed   110000/  220387 entries, 49.91% (elapsed time    46.7s, curr speed    2.434 kHz, avg speed    2.358 kHz), accepted     6260/  110001 events ( 5.69%)
Processed   120000/  220387 entries, 54.45% (elapsed time    51.0s, curr speed    2.311 kHz, avg speed    2.354 kHz), accepted     6880/  120001 events ( 5.73%)
Processed   130000/  220387 entries, 58.99% (elapsed time    55.6s, curr speed    2.158 kHz, avg speed    2.338 kHz), accepted     7514/  130001 events ( 5.78%)
Processed   140000/  220387 entries, 63.52% (elapsed time    60.0s, curr speed    2.255 kHz, avg speed    2.331 kHz), accepted     8142/  140001 events ( 5.82%)
Processed   150000/  220387 entries, 68.06% (elapsed time    63.5s, curr speed    2.869 kHz, avg speed    2.361 kHz), accepted     8674/  150001 events ( 5.78%)
Processed   160000/  220387 entries, 72.60% (elapsed time    67.5s, curr speed    2.493 kHz, avg speed    2.369 kHz), accepted     9218/  160001 events ( 5.76%)
Processed   170000/  220387 entries, 77.14% (elapsed time    71.0s, curr speed    2.933 kHz, avg speed    2.396 kHz), accepted     9703/  170001 events ( 5.71%)
Processed   180000/  220387 entries, 81.67% (elapsed time    74.9s, curr speed    2.557 kHz, avg speed    2.404 kHz), accepted    10283/  180001 events ( 5.71%)
Processed   190000/  220387 entries, 86.21% (elapsed time    78.3s, curr speed    2.902 kHz, avg speed    2.426 kHz), accepted    10820/  190001 events ( 5.69%)
Processed   200000/  220387 entries, 90.75% (elapsed time    82.6s, curr speed    2.311 kHz, avg speed    2.420 kHz), accepted    11350/  200001 events ( 5.67%)
Processed   210000/  220387 entries, 95.29% (elapsed time    86.0s, curr speed    2.982 kHz, avg speed    2.442 kHz), accepted    11875/  210001 events ( 5.65%)
Processed   220000/  220387 entries, 99.82% (elapsed time    89.7s, curr speed    2.685 kHz, avg speed    2.452 kHz), accepted    12416/  220001 events ( 5.64%)
Processed 220387 preselected entries from /eos/cms/store/group/phys_tau/TauFW/nano/UL2017/SingleElectron/Run2017E-UL2017_MiniAODv1_NanoAODv2-v2/NANOAOD/8AC01EDB-AFEC-4F41-AC06-E6C74A224AE3_skimjec_4.root (220387 entries). Finally selected 12441 entries
Pre-select 217405 entries out of 217405 (100.00%)
Processed    10000/  217405 entries,  4.60% (elapsed time     6.5s, curr speed    1.550 kHz, avg speed    1.550 kHz), accepted      660/   10001 events ( 6.60%)
Processed    20000/  217405 entries,  9.20% (elapsed time    11.7s, curr speed    1.906 kHz, avg speed    1.710 kHz), accepted     1228/   20001 events ( 6.14%)
Processed    30000/  217405 entries, 13.80% (elapsed time    15.0s, curr speed    3.018 kHz, avg speed    1.998 kHz), accepted     1731/   30001 events ( 5.77%)
Processed    40000/  217405 entries, 18.40% (elapsed time    23.3s, curr speed    1.203 kHz, avg speed    1.715 kHz), accepted     2246/   40001 events ( 5.61%)
Processed    50000/  217405 entries, 23.00% (elapsed time    27.6s, curr speed    2.340 kHz, avg speed    1.812 kHz), accepted     2802/   50001 events ( 5.60%)
Processed    60000/  217405 entries, 27.60% (elapsed time    32.3s, curr speed    2.128 kHz, avg speed    1.858 kHz), accepted     3468/   60001 events ( 5.78%)
Processed    70000/  217405 entries, 32.20% (elapsed time    37.0s, curr speed    2.148 kHz, avg speed    1.894 kHz), accepted     4117/   70001 events ( 5.88%)
Processed    80000/  217405 entries, 36.80% (elapsed time    41.0s, curr speed    2.442 kHz, avg speed    1.949 kHz), accepted     4706/   80001 events ( 5.88%)
Processed    90000/  217405 entries, 41.40% (elapsed time    44.6s, curr speed    2.834 kHz, avg speed    2.019 kHz), accepted     5259/   90001 events ( 5.84%)
Processed   100000/  217405 entries, 46.00% (elapsed time    49.3s, curr speed    2.137 kHz, avg speed    2.030 kHz), accepted     5819/  100001 events ( 5.82%)
Processed   110000/  217405 entries, 50.60% (elapsed time    53.3s, curr speed    2.451 kHz, avg speed    2.063 kHz), accepted     6312/  110001 events ( 5.74%)
Processed   120000/  217405 entries, 55.20% (elapsed time    57.5s, curr speed    2.418 kHz, avg speed    2.088 kHz), accepted     6857/  120001 events ( 5.71%)
Processed   130000/  217405 entries, 59.80% (elapsed time    61.8s, curr speed    2.310 kHz, avg speed    2.104 kHz), accepted     7473/  130001 events ( 5.75%)
Processed   140000/  217405 entries, 64.40% (elapsed time    66.9s, curr speed    1.969 kHz, avg speed    2.093 kHz), accepted     8085/  140001 events ( 5.77%)
Processed   150000/  217405 entries, 69.00% (elapsed time    72.2s, curr speed    1.864 kHz, avg speed    2.076 kHz), accepted     8706/  150001 events ( 5.80%)
Processed   160000/  217405 entries, 73.60% (elapsed time    77.6s, curr speed    1.877 kHz, avg speed    2.063 kHz), accepted     9346/  160001 events ( 5.84%)
Processed   170000/  217405 entries, 78.20% (elapsed time    81.5s, curr speed    2.557 kHz, avg speed    2.086 kHz), accepted     9958/  170001 events ( 5.86%)
Processed   180000/  217405 entries, 82.79% (elapsed time    86.2s, curr speed    2.111 kHz, avg speed    2.088 kHz), accepted    10580/  180001 events ( 5.88%)
Processed   190000/  217405 entries, 87.39% (elapsed time    90.6s, curr speed    2.298 kHz, avg speed    2.098 kHz), accepted    11183/  190001 events ( 5.89%)
Processed   200000/  217405 entries, 91.99% (elapsed time    94.6s, curr speed    2.472 kHz, avg speed    2.114 kHz), accepted    11765/  200001 events ( 5.88%)
Processed   210000/  217405 entries, 96.59% (elapsed time    98.7s, curr speed    2.448 kHz, avg speed    2.128 kHz), accepted    12318/  210001 events ( 5.87%)
Processed 217405 preselected entries from /eos/cms/store/group/phys_tau/TauFW/nano/UL2017/SingleElectron/Run2017E-UL2017_MiniAODv1_NanoAODv2-v2/NANOAOD/8AC01EDB-AFEC-4F41-AC06-E6C74A224AE3_skimjec_5.root (217405 entries). Finally selected 12698 entries
Pre-select 224293 entries out of 224293 (100.00%)
Processed    10000/  224293 entries,  4.46% (elapsed time     8.4s, curr speed    1.187 kHz, avg speed    1.187 kHz), accepted      678/   10001 events ( 6.78%)
Processed    20000/  224293 entries,  8.92% (elapsed time    12.7s, curr speed    2.320 kHz, avg speed    1.571 kHz), accepted     1267/   20001 events ( 6.33%)
Processed    30000/  224293 entries, 13.38% (elapsed time    16.5s, curr speed    2.678 kHz, avg speed    1.822 kHz), accepted     1814/   30001 events ( 6.05%)
Processed    40000/  224293 entries, 17.83% (elapsed time    20.8s, curr speed    2.300 kHz, avg speed    1.921 kHz), accepted     2389/   40001 events ( 5.97%)
Processed    50000/  224293 entries, 22.29% (elapsed time    24.9s, curr speed    2.444 kHz, avg speed    2.007 kHz), accepted     2947/   50001 events ( 5.89%)
Processed    60000/  224293 entries, 26.75% (elapsed time    28.6s, curr speed    2.698 kHz, avg speed    2.097 kHz), accepted     3493/   60001 events ( 5.82%)
Processed    70000/  224293 entries, 31.21% (elapsed time    33.0s, curr speed    2.257 kHz, avg speed    2.118 kHz), accepted     4076/   70001 events ( 5.82%)
Processed    80000/  224293 entries, 35.67% (elapsed time    37.9s, curr speed    2.079 kHz, avg speed    2.113 kHz), accepted     4686/   80001 events ( 5.86%)
Processed    90000/  224293 entries, 40.13% (elapsed time    42.9s, curr speed    1.968 kHz, avg speed    2.096 kHz), accepted     5334/   90001 events ( 5.93%)
Processed   100000/  224293 entries, 44.58% (elapsed time    47.6s, curr speed    2.147 kHz, avg speed    2.101 kHz), accepted     5972/  100001 events ( 5.97%)
Processed   110000/  224293 entries, 49.04% (elapsed time    51.9s, curr speed    2.341 kHz, avg speed    2.121 kHz), accepted     6618/  110001 events ( 6.02%)
Processed   120000/  224293 entries, 53.50% (elapsed time    56.4s, curr speed    2.200 kHz, avg speed    2.127 kHz), accepted     7222/  120001 events ( 6.02%)
Processed   130000/  224293 entries, 57.96% (elapsed time    60.7s, curr speed    2.322 kHz, avg speed    2.141 kHz), accepted     7789/  130001 events ( 5.99%)
Processed   140000/  224293 entries, 62.42% (elapsed time    65.1s, curr speed    2.266 kHz, avg speed    2.150 kHz), accepted     8459/  140001 events ( 6.04%)
Processed   150000/  224293 entries, 66.88% (elapsed time    69.3s, curr speed    2.420 kHz, avg speed    2.166 kHz), accepted     9073/  150001 events ( 6.05%)
Processed   160000/  224293 entries, 71.34% (elapsed time    73.7s, curr speed    2.237 kHz, avg speed    2.170 kHz), accepted     9580/  160001 events ( 5.99%)
Processed   170000/  224293 entries, 75.79% (elapsed time    77.3s, curr speed    2.802 kHz, avg speed    2.199 kHz), accepted    10135/  170001 events ( 5.96%)
Processed   180000/  224293 entries, 80.25% (elapsed time    81.4s, curr speed    2.417 kHz, avg speed    2.210 kHz), accepted    10650/  180001 events ( 5.92%)
Processed   190000/  224293 entries, 84.71% (elapsed time    85.5s, curr speed    2.492 kHz, avg speed    2.223 kHz), accepted    11240/  190001 events ( 5.92%)
Processed   200000/  224293 entries, 89.17% (elapsed time    89.8s, curr speed    2.292 kHz, avg speed    2.227 kHz), accepted    11795/  200001 events ( 5.90%)
Processed   210000/  224293 entries, 93.63% (elapsed time    93.5s, curr speed    2.724 kHz, avg speed    2.246 kHz), accepted    12369/  210001 events ( 5.89%)
Processed   220000/  224293 entries, 98.09% (elapsed time    97.7s, curr speed    2.390 kHz, avg speed    2.253 kHz), accepted    12925/  220001 events ( 5.87%)
Processed 224293 preselected entries from /eos/cms/store/group/phys_tau/TauFW/nano/UL2017/SingleElectron/Run2017E-UL2017_MiniAODv1_NanoAODv2-v2/NANOAOD/8E904E6E-C4C2-CD4A-9742-AFC31819765E_skimjec_0.root (224293 entries). Finally selected 13152 entries
Pre-select 224293 entries out of 224293 (100.00%)
Processed    10000/  224293 entries,  4.46% (elapsed time     5.4s, curr speed    1.846 kHz, avg speed    1.846 kHz), accepted      510/   10001 events ( 5.10%)
Processed    20000/  224293 entries,  8.92% (elapsed time     9.2s, curr speed    2.625 kHz, avg speed    2.168 kHz), accepted     1021/   20001 events ( 5.10%)
Processed    30000/  224293 entries, 13.38% (elapsed time    12.7s, curr speed    2.866 kHz, avg speed    2.360 kHz), accepted     1528/   30001 events ( 5.09%)
Processed    40000/  224293 entries, 17.83% (elapsed time    16.7s, curr speed    2.528 kHz, avg speed    2.400 kHz), accepted     2077/   40001 events ( 5.19%)
Processed    50000/  224293 entries, 22.29% (elapsed time    20.1s, curr speed    2.884 kHz, avg speed    2.483 kHz), accepted     2571/   50001 events ( 5.14%)
Processed    60000/  224293 entries, 26.75% (elapsed time    24.2s, curr speed    2.459 kHz, avg speed    2.479 kHz), accepted     3115/   60001 events ( 5.19%)
Processed    70000/  224293 entries, 31.21% (elapsed time    27.9s, curr speed    2.673 kHz, avg speed    2.505 kHz), accepted     3632/   70001 events ( 5.19%)
Processed    80000/  224293 entries, 35.67% (elapsed time    32.6s, curr speed    2.155 kHz, avg speed    2.455 kHz), accepted     4195/   80001 events ( 5.24%)
Processed    90000/  224293 entries, 40.13% (elapsed time    36.0s, curr speed    2.956 kHz, avg speed    2.502 kHz), accepted     4726/   90001 events ( 5.25%)
Processed   100000/  224293 entries, 44.58% (elapsed time    39.7s, curr speed    2.692 kHz, avg speed    2.520 kHz), accepted     5233/  100001 events ( 5.23%)
Processed   110000/  224293 entries, 49.04% (elapsed time    43.1s, curr speed    2.897 kHz, avg speed    2.550 kHz), accepted     5738/  110001 events ( 5.22%)
Processed   120000/  224293 entries, 53.50% (elapsed time    46.6s, curr speed    2.894 kHz, avg speed    2.576 kHz), accepted     6260/  120001 events ( 5.22%)
Processed   130000/  224293 entries, 57.96% (elapsed time    50.2s, curr speed    2.794 kHz, avg speed    2.591 kHz), accepted     6756/  130001 events ( 5.20%)
Processed   140000/  224293 entries, 62.42% (elapsed time    53.8s, curr speed    2.717 kHz, avg speed    2.600 kHz), accepted     7270/  140001 events ( 5.19%)
Processed   150000/  224293 entries, 66.88% (elapsed time    57.6s, curr speed    2.677 kHz, avg speed    2.605 kHz), accepted     7825/  150001 events ( 5.22%)
Processed   160000/  224293 entries, 71.34% (elapsed time    61.3s, curr speed    2.657 kHz, avg speed    2.608 kHz), accepted     8354/  160001 events ( 5.22%)
Processed   170000/  224293 entries, 75.79% (elapsed time    64.7s, curr speed    3.028 kHz, avg speed    2.630 kHz), accepted     8899/  170001 events ( 5.23%)
Processed   180000/  224293 entries, 80.25% (elapsed time    68.7s, curr speed    2.447 kHz, avg speed    2.619 kHz), accepted     9429/  180001 events ( 5.24%)
Processed   190000/  224293 entries, 84.71% (elapsed time    72.6s, curr speed    2.617 kHz, avg speed    2.619 kHz), accepted     9978/  190001 events ( 5.25%)
Processed   200000/  224293 entries, 89.17% (elapsed time    76.0s, curr speed    2.915 kHz, avg speed    2.632 kHz), accepted    10464/  200001 events ( 5.23%)
Processed   210000/  224293 entries, 93.63% (elapsed time    79.6s, curr speed    2.766 kHz, avg speed    2.638 kHz), accepted    10956/  210001 events ( 5.22%)
Processed   220000/  224293 entries, 98.09% (elapsed time    83.5s, curr speed    2.543 kHz, avg speed    2.634 kHz), accepted    11478/  220001 events ( 5.22%)
Processed 224293 preselected entries from /eos/cms/store/group/phys_tau/TauFW/nano/UL2017/SingleElectron/Run2017E-UL2017_MiniAODv1_NanoAODv2-v2/NANOAOD/8E904E6E-C4C2-CD4A-9742-AFC31819765E_skimjec_1.root (224293 entries). Finally selected 11715 entries
Pre-select 224293 entries out of 224293 (100.00%)
Processed    10000/  224293 entries,  4.46% (elapsed time     5.3s, curr speed    1.891 kHz, avg speed    1.891 kHz), accepted      520/   10001 events ( 5.20%)
Processed    20000/  224293 entries,  8.92% (elapsed time     9.2s, curr speed    2.551 kHz, avg speed    2.172 kHz), accepted     1042/   20001 events ( 5.21%)
Processed    30000/  224293 entries, 13.38% (elapsed time    12.8s, curr speed    2.798 kHz, avg speed    2.347 kHz), accepted     1516/   30001 events ( 5.05%)
Processed    40000/  224293 entries, 17.83% (elapsed time    16.6s, curr speed    2.627 kHz, avg speed    2.411 kHz), accepted     2024/   40001 events ( 5.06%)
Processed    50000/  224293 entries, 22.29% (elapsed time    20.2s, curr speed    2.734 kHz, avg speed    2.469 kHz), accepted     2552/   50001 events ( 5.10%)
Processed    60000/  224293 entries, 26.75% (elapsed time    23.7s, curr speed    2.913 kHz, avg speed    2.534 kHz), accepted     3135/   60001 events ( 5.22%)
Processed    70000/  224293 entries, 31.21% (elapsed time    27.2s, curr speed    2.816 kHz, avg speed    2.571 kHz), accepted     3653/   70001 events ( 5.22%)
Processed    80000/  224293 entries, 35.67% (elapsed time    31.1s, curr speed    2.593 kHz, avg speed    2.573 kHz), accepted     4177/   80001 events ( 5.22%)
Processed    90000/  224293 entries, 40.13% (elapsed time    35.1s, curr speed    2.509 kHz, avg speed    2.566 kHz), accepted     4759/   90001 events ( 5.29%)
Processed   100000/  224293 entries, 44.58% (elapsed time    38.5s, curr speed    2.926 kHz, avg speed    2.598 kHz), accepted     5286/  100001 events ( 5.29%)
Processed   110000/  224293 entries, 49.04% (elapsed time    42.4s, curr speed    2.564 kHz, avg speed    2.595 kHz), accepted     5831/  110001 events ( 5.30%)
Processed   120000/  224293 entries, 53.50% (elapsed time    46.4s, curr speed    2.496 kHz, avg speed    2.586 kHz), accepted     6430/  120001 events ( 5.36%)
Processed   130000/  224293 entries, 57.96% (elapsed time    50.6s, curr speed    2.380 kHz, avg speed    2.569 kHz), accepted     6979/  130001 events ( 5.37%)
Processed   140000/  224293 entries, 62.42% (elapsed time    54.0s, curr speed    2.901 kHz, avg speed    2.590 kHz), accepted     7525/  140001 events ( 5.37%)
Processed   150000/  224293 entries, 66.88% (elapsed time    58.0s, curr speed    2.533 kHz, avg speed    2.586 kHz), accepted     8088/  150001 events ( 5.39%)
Processed   160000/  224293 entries, 71.34% (elapsed time    61.5s, curr speed    2.882 kHz, avg speed    2.603 kHz), accepted     8596/  160001 events ( 5.37%)
Processed   170000/  224293 entries, 75.79% (elapsed time    66.0s, curr speed    2.227 kHz, avg speed    2.577 kHz), accepted     9187/  170001 events ( 5.40%)
Processed   180000/  224293 entries, 80.25% (elapsed time    70.8s, curr speed    2.083 kHz, avg speed    2.544 kHz), accepted     9793/  180001 events ( 5.44%)
Processed   190000/  224293 entries, 84.71% (elapsed time    75.0s, curr speed    2.378 kHz, avg speed    2.535 kHz), accepted    10393/  190001 events ( 5.47%)
Processed   200000/  224293 entries, 89.17% (elapsed time    78.7s, curr speed    2.642 kHz, avg speed    2.540 kHz), accepted    10923/  200001 events ( 5.46%)
Processed   210000/  224293 entries, 93.63% (elapsed time    82.7s, curr speed    2.531 kHz, avg speed    2.539 kHz), accepted    11525/  210001 events ( 5.49%)
Processed   220000/  224293 entries, 98.09% (elapsed time    87.1s, curr speed    2.266 kHz, avg speed    2.525 kHz), accepted    12139/  220001 events ( 5.52%)
Processed 224293 preselected entries from /eos/cms/store/group/phys_tau/TauFW/nano/UL2017/SingleElectron/Run2017E-UL2017_MiniAODv1_NanoAODv2-v2/NANOAOD/8E904E6E-C4C2-CD4A-9742-AFC31819765E_skimjec_2.root (224293 entries). Finally selected 12427 entries
Total time 519.1 sec. to process 1110671 events. Rate = 2139.5 Hz.
>>> cwd          = /pool/condor/dir_27590
>>> ls           = ['.chirp.config', 'lvigilan.cc', '_condor_stdout', 'tmp', '.update.ad', '.job.ad', 'pico_etau_EES0p99_45.root', 'condor_exec.exe', 'var', '.machine.ad', 'x509_voms']
>>> getstorage('/eos/home-l/lvigilan/output_ETauFR_UL17_RUN1/UL2017/etau/SingleElectron_Run2017E'), <EOS("/eos/home-l/lvigilan/output_ETauFR_UL17_RUN1/UL2017/etau/SingleElectron_Run2017E") at 0x2af95e34b910>
>>> Executing: 'cp ./pico_etau_EES0p99_45.root /eos/home-l/lvigilan/output_ETauFR_UL17_RUN1/UL2017/etau/SingleElectron_Run2017E'
>>> Removing './pico_etau_EES0p99_45.root'...
>>> picojob.py done after 549.2 seconds

Job complete at Mon Jun  7 23:14:59 CEST 2021
Took 9 minutes 16 seconds040 (2367901.045.000) 06/07 23:47:47 Finished transferring output files
...
005 (2367901.045.000) 06/07 23:47:48 Job terminated.
	(1) Normal termination (return value 0)
		Usr 0 00:06:54, Sys 0 00:00:16  -  Run Remote Usage
		Usr 0 00:00:00, Sys 0 00:00:00  -  Run Local Usage
		Usr 0 00:06:54, Sys 0 00:00:16  -  Total Remote Usage
		Usr 0 00:00:00, Sys 0 00:00:00  -  Total Local Usage
	32966  -  Run Bytes Sent By Job
	9898  -  Run Bytes Received By Job
	32966  -  Total Bytes Sent By Job
	9898  -  Total Bytes Received By Job
	Partitionable Resources :    Usage  Request Allocated 
	   Cpus                 :        0        1         1 
	   Disk (KB)            :     3180        1    123026 
	   Memory (MB)          :      194     2000      2000 

	Job terminated of its own accord at 2021-06-07T21:14:59Z.
...
