Could not find platform independent libraries <prefix>
Could not find platform dependent libraries <exec_prefix>
Consider setting $PYTHONHOME to <prefix>[:<exec_prefix>]
ImportError: No module named site
Job start at Tue Jun  8 10:16:39 CEST 2021
Running job on machine Linux b7g24n0307.cern.ch 3.10.0-1160.21.1.el7.x86_64 #1 SMP Tue Mar 16 18:28:22 UTC 2021 x86_64 x86_64 x86_64 GNU/Linux, host b7g24n0307.cern.ch
============================================================
$PWD=/pool/condor/dir_7045
$JOBID=2368957
$TASKID=25
$HOSTNAME=b7g24n0307.cern.ch
$TASKCMD=/afs/cern.ch/work/l/lvigilan/TauWork/CMSSW_10_6_17_patch1/src/TauFW/PicoProducer/python/processors/picojob.py -y UL2017 -d 'data' -c etau -M ETauFakeRate.ModuleETau --copydir /eos/home-l/lvigilan/output_ETauFR_UL17_RUN1/UL2017/etau/SingleElectron_Run2017E -t _etau_EES1p01_25 --opt 'ees=1.01' 'useT1=False' -i /eos/cms/store/group/phys_tau/TauFW/nano/UL2017/SingleElectron/Run2017E-UL2017_MiniAODv1_NanoAODv2-v2/NANOAOD/436D2EF6-08CA-2241-9279-85D7F1930BCC_skimjec_5.root /eos/cms/store/group/phys_tau/TauFW/nano/UL2017/SingleElectron/Run2017E-UL2017_MiniAODv1_NanoAODv2-v2/NANOAOD/436D2EF6-08CA-2241-9279-85D7F1930BCC_skimjec_6.root /eos/cms/store/group/phys_tau/TauFW/nano/UL2017/SingleElectron/Run2017E-UL2017_MiniAODv1_NanoAODv2-v2/NANOAOD/48830938-84C7-FA48-BDDE-4226CA80312C_skimjec_0.root /eos/cms/store/group/phys_tau/TauFW/nano/UL2017/SingleElectron/Run2017E-UL2017_MiniAODv1_NanoAODv2-v2/NANOAOD/48830938-84C7-FA48-BDDE-4226CA80312C_skimjec_1.root /eos/cms/store/group/phys_tau/TauFW/nano/UL2017/SingleElectron/Run2017E-UL2017_MiniAODv1_NanoAODv2-v2/NANOAOD/48830938-84C7-FA48-BDDE-4226CA80312C_skimjec_2.root
$WORKDIR=/pool/condor/dir_7045
>>> cd /afs/cern.ch/work/l/lvigilan/TauWork/CMSSW_10_6_17_patch1/src
>>> eval `scramv1 runtime -sh`
>>> cd /pool/condor/dir_7045
$PWD=/pool/condor/dir_7045
>>> /afs/cern.ch/work/l/lvigilan/TauWork/CMSSW_10_6_17_patch1/src/TauFW/PicoProducer/python/processors/picojob.py -y UL2017 -d 'data' -c etau -M ETauFakeRate.ModuleETau --copydir /eos/home-l/lvigilan/output_ETauFR_UL17_RUN1/UL2017/etau/SingleElectron_Run2017E -t _etau_EES1p01_25 --opt 'ees=1.01' 'useT1=False' -i /eos/cms/store/group/phys_tau/TauFW/nano/UL2017/SingleElectron/Run2017E-UL2017_MiniAODv1_NanoAODv2-v2/NANOAOD/436D2EF6-08CA-2241-9279-85D7F1930BCC_skimjec_5.root /eos/cms/store/group/phys_tau/TauFW/nano/UL2017/SingleElectron/Run2017E-UL2017_MiniAODv1_NanoAODv2-v2/NANOAOD/436D2EF6-08CA-2241-9279-85D7F1930BCC_skimjec_6.root /eos/cms/store/group/phys_tau/TauFW/nano/UL2017/SingleElectron/Run2017E-UL2017_MiniAODv1_NanoAODv2-v2/NANOAOD/48830938-84C7-FA48-BDDE-4226CA80312C_skimjec_0.root /eos/cms/store/group/phys_tau/TauFW/nano/UL2017/SingleElectron/Run2017E-UL2017_MiniAODv1_NanoAODv2-v2/NANOAOD/48830938-84C7-FA48-BDDE-4226CA80312C_skimjec_1.root /eos/cms/store/group/phys_tau/TauFW/nano/UL2017/SingleElectron/Run2017E-UL2017_MiniAODv1_NanoAODv2-v2/NANOAOD/48830938-84C7-FA48-BDDE-4226CA80312C_skimjec_2.root
Error in <TGClient::TGClient>: can't open display "localhost:21.0", switching to batch mode...
 In case you run from a remote ssh session, reconnect with ssh -Y
--------------------------------------------------------------------------------
>>> era          = 'UL2017'
>>> year         = 2017
>>> channel      = 'etau'
>>> modname      = 'ETauFakeRate.ModuleETau'
>>> dtype        = 'data'
>>> kwargs       = {'dtype': 'data', 'ees': 1.01, 'useT1': False, 'verb': 0, 'era': 'UL2017', 'year': 2017}
>>> firstevt     = 0
>>> maxevts      = None
>>> outdir       = '.'
>>> copydir      = '/eos/home-l/lvigilan/output_ETauFR_UL17_RUN1/UL2017/etau/SingleElectron_Run2017E'
>>> infiles      = ['/eos/cms/store/group/phys_tau/TauFW/nano/UL2017/SingleElectron/Run2017E-UL2017_MiniAODv1_NanoAODv2-v2/NANOAOD/436D2EF6-08CA-2241-9279-85D7F1930BCC_skimjec_5.root', '/eos/cms/store/group/phys_tau/TauFW/nano/UL2017/SingleElectron/Run2017E-UL2017_MiniAODv1_NanoAODv2-v2/NANOAOD/436D2EF6-08CA-2241-9279-85D7F1930BCC_skimjec_6.root', '/eos/cms/store/group/phys_tau/TauFW/nano/UL2017/SingleElectron/Run2017E-UL2017_MiniAODv1_NanoAODv2-v2/NANOAOD/48830938-84C7-FA48-BDDE-4226CA80312C_skimjec_0.root', '/eos/cms/store/group/phys_tau/TauFW/nano/UL2017/SingleElectron/Run2017E-UL2017_MiniAODv1_NanoAODv2-v2/NANOAOD/48830938-84C7-FA48-BDDE-4226CA80312C_skimjec_1.root', '/eos/cms/store/group/phys_tau/TauFW/nano/UL2017/SingleElectron/Run2017E-UL2017_MiniAODv1_NanoAODv2-v2/NANOAOD/48830938-84C7-FA48-BDDE-4226CA80312C_skimjec_2.root']
>>> outfname     = './pico_etau_EES1p01_25.root'
>>> branchsel    = '/afs/cern.ch/work/l/lvigilan/TauWork/CMSSW_10_6_17_patch1/python/TauFW/PicoProducer/processors/keep_and_drop_skim.txt'
>>> json         = '/afs/cern.ch/work/l/lvigilan/TauWork/CMSSW_10_6_17_patch1/src/TauFW/PicoProducer/data/json/2017/Cert_294927-306462_13TeV_PromptReco_Collisions17_JSON.txt'
>>> prefetch     = False
>>> cwd          = /pool/condor/dir_7045
--------------------------------------------------------------------------------

   ################
   #  ModuleETau  #
   ################

Loading TreeProducerETau for './pico_etau_EES1p01_25.root'
--------------------------------------------------------------------------------
>>> filename     = './pico_etau_EES1p01_25.root'
>>> year         = 2017
>>> dtype        = 'data'
>>> channel      = 'etau'
>>> ismc         = False
>>> isdata       = True
>>> isembed      = False
>>> tes          = None
>>> tessys       = None
>>> fes          = None
>>> ltf          = None
>>> jtf          = 1.0
>>> dotoppt      = False
>>> dozpt        = False
>>> dojec        = False
>>> dojecsys     = False
>>> dotight      = False
>>> useT1        = False
>>> jetCutPt     = 30
>>> bjetCutEta   = 2.7
>>> tauwp        = 0
>>> eleCutPt     = 36
>>> eleCutEta    = 2.1
>>> tauCutPt     = 20
>>> tauCutEta    = 2.3
>>> ZpeekReso    = 0.0
Pre-select 243516 entries out of 243516 (100.00%)
Processed    10000/  243516 entries,  4.11% (elapsed time     5.7s, curr speed    1.745 kHz, avg speed    1.745 kHz), accepted      601/   10001 events ( 6.01%)
Processed    20000/  243516 entries,  8.21% (elapsed time     9.6s, curr speed    2.576 kHz, avg speed    2.080 kHz), accepted     1124/   20001 events ( 5.62%)
Processed    30000/  243516 entries, 12.32% (elapsed time    12.6s, curr speed    3.312 kHz, avg speed    2.375 kHz), accepted     1666/   30001 events ( 5.55%)
Processed    40000/  243516 entries, 16.43% (elapsed time    16.0s, curr speed    2.991 kHz, avg speed    2.504 kHz), accepted     2215/   40001 events ( 5.54%)
Processed    50000/  243516 entries, 20.53% (elapsed time    19.5s, curr speed    2.874 kHz, avg speed    2.570 kHz), accepted     2767/   50001 events ( 5.53%)
Processed    60000/  243516 entries, 24.64% (elapsed time    22.7s, curr speed    3.059 kHz, avg speed    2.640 kHz), accepted     3296/   60001 events ( 5.49%)
Processed    70000/  243516 entries, 28.75% (elapsed time    26.2s, curr speed    2.855 kHz, avg speed    2.669 kHz), accepted     3827/   70001 events ( 5.47%)
Processed    80000/  243516 entries, 32.85% (elapsed time    30.3s, curr speed    2.448 kHz, avg speed    2.639 kHz), accepted     4354/   80001 events ( 5.44%)
Processed    90000/  243516 entries, 36.96% (elapsed time    34.3s, curr speed    2.513 kHz, avg speed    2.625 kHz), accepted     4958/   90001 events ( 5.51%)
Processed   100000/  243516 entries, 41.07% (elapsed time    37.8s, curr speed    2.839 kHz, avg speed    2.645 kHz), accepted     5593/  100001 events ( 5.59%)
Processed   110000/  243516 entries, 45.17% (elapsed time    41.7s, curr speed    2.564 kHz, avg speed    2.637 kHz), accepted     6232/  110001 events ( 5.67%)
Processed   120000/  243516 entries, 49.28% (elapsed time    44.9s, curr speed    3.175 kHz, avg speed    2.675 kHz), accepted     6755/  120001 events ( 5.63%)
Processed   130000/  243516 entries, 53.38% (elapsed time    47.8s, curr speed    3.395 kHz, avg speed    2.719 kHz), accepted     7356/  130001 events ( 5.66%)
Processed   140000/  243516 entries, 57.49% (elapsed time    50.7s, curr speed    3.485 kHz, avg speed    2.762 kHz), accepted     7915/  140001 events ( 5.65%)
Processed   150000/  243516 entries, 61.60% (elapsed time    54.4s, curr speed    2.678 kHz, avg speed    2.757 kHz), accepted     8514/  150001 events ( 5.68%)
Processed   160000/  243516 entries, 65.70% (elapsed time    57.6s, curr speed    3.137 kHz, avg speed    2.778 kHz), accepted     9140/  160001 events ( 5.71%)
Processed   170000/  243516 entries, 69.81% (elapsed time    61.3s, curr speed    2.723 kHz, avg speed    2.775 kHz), accepted     9786/  170001 events ( 5.76%)
Processed   180000/  243516 entries, 73.92% (elapsed time    64.0s, curr speed    3.623 kHz, avg speed    2.811 kHz), accepted    10372/  180001 events ( 5.76%)
Processed   190000/  243516 entries, 78.02% (elapsed time    67.4s, curr speed    2.951 kHz, avg speed    2.818 kHz), accepted    10982/  190001 events ( 5.78%)
Processed   200000/  243516 entries, 82.13% (elapsed time    70.9s, curr speed    2.906 kHz, avg speed    2.822 kHz), accepted    11576/  200001 events ( 5.79%)
Processed   210000/  243516 entries, 86.24% (elapsed time    74.1s, curr speed    3.060 kHz, avg speed    2.833 kHz), accepted    12270/  210001 events ( 5.84%)
Processed   220000/  243516 entries, 90.34% (elapsed time    77.2s, curr speed    3.311 kHz, avg speed    2.852 kHz), accepted    12848/  220001 events ( 5.84%)
Processed   230000/  243516 entries, 94.45% (elapsed time    80.6s, curr speed    2.883 kHz, avg speed    2.853 kHz), accepted    13477/  230001 events ( 5.86%)
Processed   240000/  243516 entries, 98.56% (elapsed time    84.3s, curr speed    2.698 kHz, avg speed    2.846 kHz), accepted    14124/  240001 events ( 5.88%)
Processed 243516 preselected entries from /eos/cms/store/group/phys_tau/TauFW/nano/UL2017/SingleElectron/Run2017E-UL2017_MiniAODv1_NanoAODv2-v2/NANOAOD/436D2EF6-08CA-2241-9279-85D7F1930BCC_skimjec_5.root (243516 entries). Finally selected 14357 entries
Pre-select 243513 entries out of 243513 (100.00%)
Processed    10000/  243513 entries,  4.11% (elapsed time     6.3s, curr speed    1.600 kHz, avg speed    1.600 kHz), accepted      659/   10001 events ( 6.59%)
Processed    20000/  243513 entries,  8.21% (elapsed time     9.7s, curr speed    2.924 kHz, avg speed    2.068 kHz), accepted     1249/   20001 events ( 6.24%)
Processed    30000/  243513 entries, 12.32% (elapsed time    13.5s, curr speed    2.581 kHz, avg speed    2.215 kHz), accepted     1888/   30001 events ( 6.29%)
Processed    40000/  243513 entries, 16.43% (elapsed time    17.0s, curr speed    2.910 kHz, avg speed    2.355 kHz), accepted     2524/   40001 events ( 6.31%)
Processed    50000/  243513 entries, 20.53% (elapsed time    20.9s, curr speed    2.561 kHz, avg speed    2.394 kHz), accepted     3216/   50001 events ( 6.43%)
Processed    60000/  243513 entries, 24.64% (elapsed time    24.5s, curr speed    2.733 kHz, avg speed    2.444 kHz), accepted     3811/   60001 events ( 6.35%)
Processed    70000/  243513 entries, 28.75% (elapsed time    27.8s, curr speed    3.032 kHz, avg speed    2.514 kHz), accepted     4452/   70001 events ( 6.36%)
Processed    80000/  243513 entries, 32.85% (elapsed time    31.3s, curr speed    2.919 kHz, avg speed    2.558 kHz), accepted     5052/   80001 events ( 6.31%)
Processed    90000/  243513 entries, 36.96% (elapsed time    34.6s, curr speed    3.023 kHz, avg speed    2.603 kHz), accepted     5568/   90001 events ( 6.19%)
Processed   100000/  243513 entries, 41.07% (elapsed time    37.8s, curr speed    3.063 kHz, avg speed    2.643 kHz), accepted     6082/  100001 events ( 6.08%)
Processed   110000/  243513 entries, 45.17% (elapsed time    40.9s, curr speed    3.219 kHz, avg speed    2.686 kHz), accepted     6580/  110001 events ( 5.98%)
Processed   120000/  243513 entries, 49.28% (elapsed time    43.9s, curr speed    3.384 kHz, avg speed    2.733 kHz), accepted     7093/  120001 events ( 5.91%)
Processed   130000/  243513 entries, 53.39% (elapsed time    46.4s, curr speed    3.926 kHz, avg speed    2.799 kHz), accepted     7643/  130001 events ( 5.88%)
Processed   140000/  243513 entries, 57.49% (elapsed time    49.7s, curr speed    3.081 kHz, avg speed    2.817 kHz), accepted     8233/  140001 events ( 5.88%)
Processed   150000/  243513 entries, 61.60% (elapsed time    52.6s, curr speed    3.450 kHz, avg speed    2.852 kHz), accepted     8804/  150001 events ( 5.87%)
Processed   160000/  243513 entries, 65.70% (elapsed time    55.7s, curr speed    3.230 kHz, avg speed    2.873 kHz), accepted     9317/  160001 events ( 5.82%)
Processed   170000/  243513 entries, 69.81% (elapsed time    58.8s, curr speed    3.208 kHz, avg speed    2.891 kHz), accepted     9856/  170001 events ( 5.80%)
Processed   180000/  243513 entries, 73.92% (elapsed time    62.4s, curr speed    2.782 kHz, avg speed    2.885 kHz), accepted    10427/  180001 events ( 5.79%)
Processed   190000/  243513 entries, 78.02% (elapsed time    66.4s, curr speed    2.523 kHz, avg speed    2.863 kHz), accepted    11037/  190001 events ( 5.81%)
Processed   200000/  243513 entries, 82.13% (elapsed time    70.4s, curr speed    2.453 kHz, avg speed    2.839 kHz), accepted    11708/  200001 events ( 5.85%)
Processed   210000/  243513 entries, 86.24% (elapsed time    73.8s, curr speed    2.989 kHz, avg speed    2.846 kHz), accepted    12282/  210001 events ( 5.85%)
Processed   220000/  243513 entries, 90.34% (elapsed time    76.6s, curr speed    3.532 kHz, avg speed    2.871 kHz), accepted    12798/  220001 events ( 5.82%)
Processed   230000/  243513 entries, 94.45% (elapsed time    79.8s, curr speed    3.128 kHz, avg speed    2.882 kHz), accepted    13346/  230001 events ( 5.80%)
Processed   240000/  243513 entries, 98.56% (elapsed time    83.0s, curr speed    3.162 kHz, avg speed    2.892 kHz), accepted    13892/  240001 events ( 5.79%)
Processed 243513 preselected entries from /eos/cms/store/group/phys_tau/TauFW/nano/UL2017/SingleElectron/Run2017E-UL2017_MiniAODv1_NanoAODv2-v2/NANOAOD/436D2EF6-08CA-2241-9279-85D7F1930BCC_skimjec_6.root (243513 entries). Finally selected 14115 entries
Pre-select 223721 entries out of 223721 (100.00%)
Processed    10000/  223721 entries,  4.47% (elapsed time     5.7s, curr speed    1.754 kHz, avg speed    1.754 kHz), accepted      576/   10001 events ( 5.76%)
Processed    20000/  223721 entries,  8.94% (elapsed time    10.1s, curr speed    2.289 kHz, avg speed    1.986 kHz), accepted     1130/   20001 events ( 5.65%)
Processed    30000/  223721 entries, 13.41% (elapsed time    13.9s, curr speed    2.620 kHz, avg speed    2.160 kHz), accepted     1676/   30001 events ( 5.59%)
Processed    40000/  223721 entries, 17.88% (elapsed time    18.3s, curr speed    2.241 kHz, avg speed    2.180 kHz), accepted     2230/   40001 events ( 5.57%)
Processed    50000/  223721 entries, 22.35% (elapsed time    21.7s, curr speed    2.964 kHz, avg speed    2.302 kHz), accepted     2813/   50001 events ( 5.63%)
Processed    60000/  223721 entries, 26.82% (elapsed time    25.1s, curr speed    2.948 kHz, avg speed    2.389 kHz), accepted     3396/   60001 events ( 5.66%)
Processed    70000/  223721 entries, 31.29% (elapsed time    28.4s, curr speed    3.052 kHz, avg speed    2.466 kHz), accepted     3965/   70001 events ( 5.66%)
Processed    80000/  223721 entries, 35.76% (elapsed time    31.6s, curr speed    3.150 kHz, avg speed    2.534 kHz), accepted     4528/   80001 events ( 5.66%)
Processed    90000/  223721 entries, 40.23% (elapsed time    34.9s, curr speed    3.011 kHz, avg speed    2.580 kHz), accepted     5097/   90001 events ( 5.66%)
Processed   100000/  223721 entries, 44.70% (elapsed time    38.2s, curr speed    3.059 kHz, avg speed    2.621 kHz), accepted     5654/  100001 events ( 5.65%)
Processed   110000/  223721 entries, 49.17% (elapsed time    41.4s, curr speed    3.116 kHz, avg speed    2.659 kHz), accepted     6248/  110001 events ( 5.68%)
Processed   120000/  223721 entries, 53.64% (elapsed time    44.6s, curr speed    3.131 kHz, avg speed    2.693 kHz), accepted     6818/  120001 events ( 5.68%)
Processed   130000/  223721 entries, 58.11% (elapsed time    47.6s, curr speed    3.326 kHz, avg speed    2.733 kHz), accepted     7369/  130001 events ( 5.67%)
Processed   140000/  223721 entries, 62.58% (elapsed time    50.4s, curr speed    3.571 kHz, avg speed    2.780 kHz), accepted     7942/  140001 events ( 5.67%)
Processed   150000/  223721 entries, 67.05% (elapsed time    53.2s, curr speed    3.471 kHz, avg speed    2.817 kHz), accepted     8522/  150001 events ( 5.68%)
Processed   160000/  223721 entries, 71.52% (elapsed time    55.8s, curr speed    3.851 kHz, avg speed    2.865 kHz), accepted     9095/  160001 events ( 5.68%)
Processed   170000/  223721 entries, 75.99% (elapsed time    58.6s, curr speed    3.570 kHz, avg speed    2.899 kHz), accepted     9631/  170001 events ( 5.67%)
Processed   180000/  223721 entries, 80.46% (elapsed time    61.5s, curr speed    3.532 kHz, avg speed    2.928 kHz), accepted    10207/  180001 events ( 5.67%)
Processed   190000/  223721 entries, 84.93% (elapsed time    64.5s, curr speed    3.330 kHz, avg speed    2.947 kHz), accepted    10768/  190001 events ( 5.67%)
Processed   200000/  223721 entries, 89.40% (elapsed time    66.8s, curr speed    4.374 kHz, avg speed    2.995 kHz), accepted    11270/  200001 events ( 5.63%)
Processed   210000/  223721 entries, 93.87% (elapsed time    69.3s, curr speed    3.932 kHz, avg speed    3.030 kHz), accepted    11805/  210001 events ( 5.62%)
Processed   220000/  223721 entries, 98.34% (elapsed time    72.0s, curr speed    3.735 kHz, avg speed    3.056 kHz), accepted    12380/  220001 events ( 5.63%)
Processed 223721 preselected entries from /eos/cms/store/group/phys_tau/TauFW/nano/UL2017/SingleElectron/Run2017E-UL2017_MiniAODv1_NanoAODv2-v2/NANOAOD/48830938-84C7-FA48-BDDE-4226CA80312C_skimjec_0.root (223721 entries). Finally selected 12580 entries
Pre-select 237356 entries out of 237356 (100.00%)
Processed    10000/  237356 entries,  4.21% (elapsed time     5.0s, curr speed    2.010 kHz, avg speed    2.010 kHz), accepted      661/   10001 events ( 6.61%)
Processed    20000/  237356 entries,  8.43% (elapsed time     8.1s, curr speed    3.195 kHz, avg speed    2.468 kHz), accepted     1297/   20001 events ( 6.48%)
Processed    30000/  237356 entries, 12.64% (elapsed time    10.9s, curr speed    3.520 kHz, avg speed    2.741 kHz), accepted     1867/   30001 events ( 6.22%)
Processed    40000/  237356 entries, 16.85% (elapsed time    14.8s, curr speed    2.624 kHz, avg speed    2.711 kHz), accepted     2383/   40001 events ( 5.96%)
Processed    50000/  237356 entries, 21.07% (elapsed time    17.6s, curr speed    3.458 kHz, avg speed    2.833 kHz), accepted     2928/   50001 events ( 5.86%)
Processed    60000/  237356 entries, 25.28% (elapsed time    20.8s, curr speed    3.174 kHz, avg speed    2.885 kHz), accepted     3487/   60001 events ( 5.81%)
Processed    70000/  237356 entries, 29.49% (elapsed time    23.7s, curr speed    3.413 kHz, avg speed    2.950 kHz), accepted     4047/   70001 events ( 5.78%)
Processed    80000/  237356 entries, 33.70% (elapsed time    26.5s, curr speed    3.625 kHz, avg speed    3.020 kHz), accepted     4606/   80001 events ( 5.76%)
Processed    90000/  237356 entries, 37.92% (elapsed time    30.0s, curr speed    2.857 kHz, avg speed    3.001 kHz), accepted     5227/   90001 events ( 5.81%)
Processed   100000/  237356 entries, 42.13% (elapsed time    32.8s, curr speed    3.605 kHz, avg speed    3.052 kHz), accepted     5796/  100001 events ( 5.80%)
Processed   110000/  237356 entries, 46.34% (elapsed time    35.5s, curr speed    3.695 kHz, avg speed    3.101 kHz), accepted     6324/  110001 events ( 5.75%)
Processed   120000/  237356 entries, 50.56% (elapsed time    38.7s, curr speed    3.108 kHz, avg speed    3.102 kHz), accepted     6920/  120001 events ( 5.77%)
Processed   130000/  237356 entries, 54.77% (elapsed time    41.4s, curr speed    3.626 kHz, avg speed    3.137 kHz), accepted     7491/  130001 events ( 5.76%)
Processed   140000/  237356 entries, 58.98% (elapsed time    44.1s, curr speed    3.831 kHz, avg speed    3.178 kHz), accepted     8052/  140001 events ( 5.75%)
Processed   150000/  237356 entries, 63.20% (elapsed time    47.1s, curr speed    3.237 kHz, avg speed    3.182 kHz), accepted     8646/  150001 events ( 5.76%)
Processed   160000/  237356 entries, 67.41% (elapsed time    49.8s, curr speed    3.821 kHz, avg speed    3.215 kHz), accepted     9204/  160001 events ( 5.75%)
Processed   170000/  237356 entries, 71.62% (elapsed time    52.5s, curr speed    3.674 kHz, avg speed    3.239 kHz), accepted     9724/  170001 events ( 5.72%)
Processed   180000/  237356 entries, 75.84% (elapsed time    55.4s, curr speed    3.407 kHz, avg speed    3.248 kHz), accepted    10294/  180001 events ( 5.72%)
Processed   190000/  237356 entries, 80.05% (elapsed time    58.0s, curr speed    3.888 kHz, avg speed    3.276 kHz), accepted    10849/  190001 events ( 5.71%)
Processed   200000/  237356 entries, 84.26% (elapsed time    60.6s, curr speed    3.863 kHz, avg speed    3.302 kHz), accepted    11364/  200001 events ( 5.68%)
Processed   210000/  237356 entries, 88.47% (elapsed time    63.0s, curr speed    4.106 kHz, avg speed    3.333 kHz), accepted    11933/  210001 events ( 5.68%)
Processed   220000/  237356 entries, 92.69% (elapsed time    65.5s, curr speed    4.022 kHz, avg speed    3.359 kHz), accepted    12470/  220001 events ( 5.67%)
Processed   230000/  237356 entries, 96.90% (elapsed time    68.3s, curr speed    3.535 kHz, avg speed    3.366 kHz), accepted    13053/  230001 events ( 5.68%)
Processed 237356 preselected entries from /eos/cms/store/group/phys_tau/TauFW/nano/UL2017/SingleElectron/Run2017E-UL2017_MiniAODv1_NanoAODv2-v2/NANOAOD/48830938-84C7-FA48-BDDE-4226CA80312C_skimjec_1.root (237356 entries). Finally selected 13464 entries
Pre-select 222812 entries out of 222812 (100.00%)
Processed    10000/  222812 entries,  4.49% (elapsed time     3.9s, curr speed    2.573 kHz, avg speed    2.573 kHz), accepted      574/   10001 events ( 5.74%)
Processed    20000/  222812 entries,  8.98% (elapsed time     6.3s, curr speed    4.229 kHz, avg speed    3.200 kHz), accepted     1078/   20001 events ( 5.39%)
Processed    30000/  222812 entries, 13.46% (elapsed time     9.4s, curr speed    3.196 kHz, avg speed    3.198 kHz), accepted     1642/   30001 events ( 5.47%)
Processed    40000/  222812 entries, 17.95% (elapsed time    12.2s, curr speed    3.516 kHz, avg speed    3.272 kHz), accepted     2159/   40001 events ( 5.40%)
Processed    50000/  222812 entries, 22.44% (elapsed time    14.7s, curr speed    4.015 kHz, avg speed    3.398 kHz), accepted     2670/   50001 events ( 5.34%)
Processed    60000/  222812 entries, 26.93% (elapsed time    17.5s, curr speed    3.620 kHz, avg speed    3.433 kHz), accepted     3191/   60001 events ( 5.32%)
Processed    70000/  222812 entries, 31.42% (elapsed time    21.0s, curr speed    2.800 kHz, avg speed    3.326 kHz), accepted     3746/   70001 events ( 5.35%)
Processed    80000/  222812 entries, 35.90% (elapsed time    24.0s, curr speed    3.362 kHz, avg speed    3.330 kHz), accepted     4297/   80001 events ( 5.37%)
Processed    90000/  222812 entries, 40.39% (elapsed time    26.8s, curr speed    3.626 kHz, avg speed    3.361 kHz), accepted     4857/   90001 events ( 5.40%)
Processed   100000/  222812 entries, 44.88% (elapsed time    29.5s, curr speed    3.675 kHz, avg speed    3.390 kHz), accepted     5410/  100001 events ( 5.41%)
Processed   110000/  222812 entries, 49.37% (elapsed time    32.2s, curr speed    3.770 kHz, avg speed    3.421 kHz), accepted     5975/  110001 events ( 5.43%)
Processed   120000/  222812 entries, 53.86% (elapsed time    35.1s, curr speed    3.381 kHz, avg speed    3.418 kHz), accepted     6509/  120001 events ( 5.42%)
Processed   130000/  222812 entries, 58.35% (elapsed time    37.7s, curr speed    3.852 kHz, avg speed    3.448 kHz), accepted     7065/  130001 events ( 5.43%)
Processed   140000/  222812 entries, 62.83% (elapsed time    40.9s, curr speed    3.152 kHz, avg speed    3.425 kHz), accepted     7635/  140001 events ( 5.45%)
Processed   150000/  222812 entries, 67.32% (elapsed time    43.8s, curr speed    3.417 kHz, avg speed    3.424 kHz), accepted     8150/  150001 events ( 5.43%)
Processed   160000/  222812 entries, 71.81% (elapsed time    46.3s, curr speed    4.070 kHz, avg speed    3.458 kHz), accepted     8697/  160001 events ( 5.44%)
Processed   170000/  222812 entries, 76.30% (elapsed time    49.3s, curr speed    3.307 kHz, avg speed    3.449 kHz), accepted     9275/  170001 events ( 5.46%)
Processed   180000/  222812 entries, 80.79% (elapsed time    52.0s, curr speed    3.750 kHz, avg speed    3.464 kHz), accepted     9824/  180001 events ( 5.46%)
Processed   190000/  222812 entries, 85.27% (elapsed time    54.5s, curr speed    3.984 kHz, avg speed    3.488 kHz), accepted    10377/  190001 events ( 5.46%)
Processed   200000/  222812 entries, 89.76% (elapsed time    57.3s, curr speed    3.520 kHz, avg speed    3.490 kHz), accepted    10929/  200001 events ( 5.46%)
Processed   210000/  222812 entries, 94.25% (elapsed time    60.0s, curr speed    3.677 kHz, avg speed    3.498 kHz), accepted    11499/  210001 events ( 5.48%)
Processed   220000/  222812 entries, 98.74% (elapsed time    62.8s, curr speed    3.633 kHz, avg speed    3.504 kHz), accepted    12060/  220001 events ( 5.48%)
Processed 222812 preselected entries from /eos/cms/store/group/phys_tau/TauFW/nano/UL2017/SingleElectron/Run2017E-UL2017_MiniAODv1_NanoAODv2-v2/NANOAOD/48830938-84C7-FA48-BDDE-4226CA80312C_skimjec_2.root (222812 entries). Finally selected 12198 entries
Total time 427.9 sec. to process 1170918 events. Rate = 2736.3 Hz.
>>> cwd          = /pool/condor/dir_7045
>>> ls           = ['pico_etau_EES1p01_25.root', 'var', '.update.ad', '_condor_stdout', 'condor_exec.exe', '.machine.ad', '.chirp.config', 'x509_voms', '.job.ad', 'tmp', 'lvigilan.cc']
>>> getstorage('/eos/home-l/lvigilan/output_ETauFR_UL17_RUN1/UL2017/etau/SingleElectron_Run2017E'), <EOS("/eos/home-l/lvigilan/output_ETauFR_UL17_RUN1/UL2017/etau/SingleElectron_Run2017E") at 0x2b4e9171b950>
>>> Executing: 'cp ./pico_etau_EES1p01_25.root /eos/home-l/lvigilan/output_ETauFR_UL17_RUN1/UL2017/etau/SingleElectron_Run2017E'
>>> Removing './pico_etau_EES1p01_25.root'...
>>> picojob.py done after 433.8 seconds

Job complete at Tue Jun  8 10:23:54 CEST 2021
Took 7 minutes 15 seconds040 (2368957.025.000) 06/08 10:23:54 Started transferring output files
...
040 (2368957.025.000) 06/08 10:23:54 Finished transferring output files
...
005 (2368957.025.000) 06/08 10:23:54 Job terminated.
	(1) Normal termination (return value 0)
		Usr 0 00:05:57, Sys 0 00:00:15  -  Run Remote Usage
		Usr 0 00:00:00, Sys 0 00:00:00  -  Run Local Usage
		Usr 0 00:05:57, Sys 0 00:00:15  -  Total Remote Usage
		Usr 0 00:00:00, Sys 0 00:00:00  -  Total Local Usage
	33927  -  Run Bytes Sent By Job
	9926  -  Run Bytes Received By Job
	33927  -  Total Bytes Sent By Job
	9926  -  Total Bytes Received By Job
	Partitionable Resources :    Usage  Request Allocated 
	   Cpus                 :     0.93        1         1 
	   Disk (KB)            :  5287           1    302544 
	   Memory (MB)          :   199        2000      2000 

	Job terminated of its own accord at 2021-06-08T08:23:54Z.
...
