Could not find platform independent libraries <prefix>
Could not find platform dependent libraries <exec_prefix>
Consider setting $PYTHONHOME to <prefix>[:<exec_prefix>]
ImportError: No module named site
Job start at Mon Jun  7 23:00:26 CEST 2021
Running job on machine Linux b7s14n3703.cern.ch 3.10.0-1160.24.1.el7.x86_64 #1 SMP Thu Apr 8 19:51:47 UTC 2021 x86_64 x86_64 x86_64 GNU/Linux, host b7s14n3703.cern.ch
============================================================
$PWD=/pool/condor/dir_3530
$JOBID=2367868
$TASKID=16
$HOSTNAME=b7s14n3703.cern.ch
$TASKCMD=/afs/cern.ch/work/l/lvigilan/TauWork/CMSSW_10_6_17_patch1/src/TauFW/PicoProducer/python/processors/picojob.py -y UL2017 -d 'mc' -c etau -M ETauFakeRate.ModuleETau --copydir /eos/home-l/lvigilan/output_ETauFR_UL17_RUN1/UL2017/etau/DY2JetsToLL_M-50 -t _etau_EES0p99_16 --opt 'ees=0.99' 'useT1=True' 'zpt=True' -i /eos/cms/store/group/phys_tau/TauFW/nano/UL2017/DY2JetsToLL_M-50_TuneCP5_13TeV-madgraphMLM-pythia8/RunIISummer19UL17NanoAODv2-106X_mc2017_realistic_v8-v1/NANOAODSIM/8FCE9693-4312-2D4F-8A57-AC4F94F3B2E6_skimjec_1.root /eos/cms/store/group/phys_tau/TauFW/nano/UL2017/DY2JetsToLL_M-50_TuneCP5_13TeV-madgraphMLM-pythia8/RunIISummer19UL17NanoAODv2-106X_mc2017_realistic_v8-v1/NANOAODSIM/8FCE9693-4312-2D4F-8A57-AC4F94F3B2E6_skimjec_2.root /eos/cms/store/group/phys_tau/TauFW/nano/UL2017/DY2JetsToLL_M-50_TuneCP5_13TeV-madgraphMLM-pythia8/RunIISummer19UL17NanoAODv2-106X_mc2017_realistic_v8-v1/NANOAODSIM/8FCE9693-4312-2D4F-8A57-AC4F94F3B2E6_skimjec_3.root /eos/cms/store/group/phys_tau/TauFW/nano/UL2017/DY2JetsToLL_M-50_TuneCP5_13TeV-madgraphMLM-pythia8/RunIISummer19UL17NanoAODv2-106X_mc2017_realistic_v8-v1/NANOAODSIM/91825CE3-B76F-1144-B5DC-94BC06179B53_skimjec_0.root /eos/cms/store/group/phys_tau/TauFW/nano/UL2017/DY2JetsToLL_M-50_TuneCP5_13TeV-madgraphMLM-pythia8/RunIISummer19UL17NanoAODv2-106X_mc2017_realistic_v8-v1/NANOAODSIM/91825CE3-B76F-1144-B5DC-94BC06179B53_skimjec_1.root
$WORKDIR=/pool/condor/dir_3530
>>> cd /afs/cern.ch/work/l/lvigilan/TauWork/CMSSW_10_6_17_patch1/src
>>> eval `scramv1 runtime -sh`
>>> cd /pool/condor/dir_3530
$PWD=/pool/condor/dir_3530
>>> /afs/cern.ch/work/l/lvigilan/TauWork/CMSSW_10_6_17_patch1/src/TauFW/PicoProducer/python/processors/picojob.py -y UL2017 -d 'mc' -c etau -M ETauFakeRate.ModuleETau --copydir /eos/home-l/lvigilan/output_ETauFR_UL17_RUN1/UL2017/etau/DY2JetsToLL_M-50 -t _etau_EES0p99_16 --opt 'ees=0.99' 'useT1=True' 'zpt=True' -i /eos/cms/store/group/phys_tau/TauFW/nano/UL2017/DY2JetsToLL_M-50_TuneCP5_13TeV-madgraphMLM-pythia8/RunIISummer19UL17NanoAODv2-106X_mc2017_realistic_v8-v1/NANOAODSIM/8FCE9693-4312-2D4F-8A57-AC4F94F3B2E6_skimjec_1.root /eos/cms/store/group/phys_tau/TauFW/nano/UL2017/DY2JetsToLL_M-50_TuneCP5_13TeV-madgraphMLM-pythia8/RunIISummer19UL17NanoAODv2-106X_mc2017_realistic_v8-v1/NANOAODSIM/8FCE9693-4312-2D4F-8A57-AC4F94F3B2E6_skimjec_2.root /eos/cms/store/group/phys_tau/TauFW/nano/UL2017/DY2JetsToLL_M-50_TuneCP5_13TeV-madgraphMLM-pythia8/RunIISummer19UL17NanoAODv2-106X_mc2017_realistic_v8-v1/NANOAODSIM/8FCE9693-4312-2D4F-8A57-AC4F94F3B2E6_skimjec_3.root /eos/cms/store/group/phys_tau/TauFW/nano/UL2017/DY2JetsToLL_M-50_TuneCP5_13TeV-madgraphMLM-pythia8/RunIISummer19UL17NanoAODv2-106X_mc2017_realistic_v8-v1/NANOAODSIM/91825CE3-B76F-1144-B5DC-94BC06179B53_skimjec_0.root /eos/cms/store/group/phys_tau/TauFW/nano/UL2017/DY2JetsToLL_M-50_TuneCP5_13TeV-madgraphMLM-pythia8/RunIISummer19UL17NanoAODv2-106X_mc2017_realistic_v8-v1/NANOAODSIM/91825CE3-B76F-1144-B5DC-94BC06179B53_skimjec_1.root
Error in <TGClient::TGClient>: can't open display "localhost:13.0", switching to batch mode...
 In case you run from a remote ssh session, reconnect with ssh -Y
--------------------------------------------------------------------------------
>>> era          = 'UL2017'
>>> year         = 2017
>>> channel      = 'etau'
>>> modname      = 'ETauFakeRate.ModuleETau'
>>> dtype        = 'mc'
>>> kwargs       = {'dtype': 'mc', 'zpt': True, 'ees': 0.99, 'useT1': True, 'verb': 0, 'era': 'UL2017', 'year': 2017}
>>> firstevt     = 0
>>> maxevts      = None
>>> outdir       = '.'
>>> copydir      = '/eos/home-l/lvigilan/output_ETauFR_UL17_RUN1/UL2017/etau/DY2JetsToLL_M-50'
>>> infiles      = ['/eos/cms/store/group/phys_tau/TauFW/nano/UL2017/DY2JetsToLL_M-50_TuneCP5_13TeV-madgraphMLM-pythia8/RunIISummer19UL17NanoAODv2-106X_mc2017_realistic_v8-v1/NANOAODSIM/8FCE9693-4312-2D4F-8A57-AC4F94F3B2E6_skimjec_1.root', '/eos/cms/store/group/phys_tau/TauFW/nano/UL2017/DY2JetsToLL_M-50_TuneCP5_13TeV-madgraphMLM-pythia8/RunIISummer19UL17NanoAODv2-106X_mc2017_realistic_v8-v1/NANOAODSIM/8FCE9693-4312-2D4F-8A57-AC4F94F3B2E6_skimjec_2.root', '/eos/cms/store/group/phys_tau/TauFW/nano/UL2017/DY2JetsToLL_M-50_TuneCP5_13TeV-madgraphMLM-pythia8/RunIISummer19UL17NanoAODv2-106X_mc2017_realistic_v8-v1/NANOAODSIM/8FCE9693-4312-2D4F-8A57-AC4F94F3B2E6_skimjec_3.root', '/eos/cms/store/group/phys_tau/TauFW/nano/UL2017/DY2JetsToLL_M-50_TuneCP5_13TeV-madgraphMLM-pythia8/RunIISummer19UL17NanoAODv2-106X_mc2017_realistic_v8-v1/NANOAODSIM/91825CE3-B76F-1144-B5DC-94BC06179B53_skimjec_0.root', '/eos/cms/store/group/phys_tau/TauFW/nano/UL2017/DY2JetsToLL_M-50_TuneCP5_13TeV-madgraphMLM-pythia8/RunIISummer19UL17NanoAODv2-106X_mc2017_realistic_v8-v1/NANOAODSIM/91825CE3-B76F-1144-B5DC-94BC06179B53_skimjec_1.root']
>>> outfname     = './pico_etau_EES0p99_16.root'
>>> branchsel    = '/afs/cern.ch/work/l/lvigilan/TauWork/CMSSW_10_6_17_patch1/python/TauFW/PicoProducer/processors/keep_and_drop_skim.txt'
>>> json         = None
>>> prefetch     = False
>>> cwd          = /pool/condor/dir_3530
--------------------------------------------------------------------------------

   ################
   #  ModuleETau  #
   ################

Loading PileupWeightTool for '/afs/cern.ch/work/l/lvigilan/TauWork/CMSSW_10_6_17_patch1/src/TauFW/PicoProducer/data/pileup/Data_PileUp_UL2017_69p2.root' and '/afs/cern.ch/work/l/lvigilan/TauWork/CMSSW_10_6_17_patch1/src/TauFW/PicoProducer/data/pileup/MC_PileUp_UL2017_Summer19.root'
Loading BTagWeightTool for DeepCSV (medium WP)...
>>> BTagTool: [1m[33mWarning! [0m[33mHistogram 'etau/eff_DeepCSV_udsg_medium' does not exist in /afs/cern.ch/work/l/lvigilan/TauWork/CMSSW_10_6_17_patch1/src/TauFW/PicoProducer/data/btag/DeepCSV_2017_12Apr2017_eff.root! Reverting to default efficiency histogram...[0m
>>> BTagTool: [1m[33mWarning! [0m[33mHistogram 'etau/eff_DeepCSV_c_medium' does not exist in /afs/cern.ch/work/l/lvigilan/TauWork/CMSSW_10_6_17_patch1/src/TauFW/PicoProducer/data/btag/DeepCSV_2017_12Apr2017_eff.root! Reverting to default efficiency histogram...[0m
>>> BTagTool: [1m[33mWarning! [0m[33mHistogram 'etau/eff_DeepCSV_b_medium' does not exist in /afs/cern.ch/work/l/lvigilan/TauWork/CMSSW_10_6_17_patch1/src/TauFW/PicoProducer/data/btag/DeepCSV_2017_12Apr2017_eff.root! Reverting to default efficiency histogram...[0m
>>> BTagTool: [1m[33mWarning! [0m[33mMade use of default efficiency histograms! The b tag weights from this module should be regarded as placeholders only,
and should NOT be used for analyses. B (mis)tag efficiencies in MC are analysis dependent. Please create your own
efficiency histogram with data/btag/getBTagEfficiencies.py after running all MC samples with BTagWeightTool.[0m
Loading TreeProducerETau for './pico_etau_EES0p99_16.root'
--------------------------------------------------------------------------------
>>> filename     = './pico_etau_EES0p99_16.root'
>>> year         = 2017
>>> dtype        = 'mc'
>>> channel      = 'etau'
>>> ismc         = True
>>> isdata       = False
>>> isembed      = False
>>> tes          = 1.0
>>> tessys       = None
>>> fes          = None
>>> ltf          = None
>>> jtf          = 1.0
>>> dotoppt      = False
>>> dozpt        = True
>>> dojec        = True
>>> dojecsys     = True
>>> dotight      = False
>>> useT1        = True
>>> jetCutPt     = 30
>>> bjetCutEta   = 2.7
>>> tauwp        = 0
>>> eleCutPt     = 36
>>> eleCutEta    = 2.1
>>> tauCutPt     = 20
>>> tauCutEta    = 2.3
>>> ZpeekReso    = 0.1
Pre-select 240379 entries out of 240379 (100.00%)
Processed    10000/  240379 entries,  4.16% (elapsed time     6.4s, curr speed    1.567 kHz, avg speed    1.567 kHz), accepted     1032/   10001 events (10.32%)
Processed    20000/  240379 entries,  8.32% (elapsed time     9.7s, curr speed    3.053 kHz, avg speed    2.071 kHz), accepted     2048/   20001 events (10.24%)
Processed    30000/  240379 entries, 12.48% (elapsed time    13.2s, curr speed    2.812 kHz, avg speed    2.271 kHz), accepted     3075/   30001 events (10.25%)
Processed    40000/  240379 entries, 16.64% (elapsed time    16.9s, curr speed    2.702 kHz, avg speed    2.365 kHz), accepted     4131/   40001 events (10.33%)
Processed    50000/  240379 entries, 20.80% (elapsed time    20.4s, curr speed    2.860 kHz, avg speed    2.450 kHz), accepted     5181/   50001 events (10.36%)
Processed    60000/  240379 entries, 24.96% (elapsed time    23.9s, curr speed    2.830 kHz, avg speed    2.506 kHz), accepted     6207/   60001 events (10.34%)
Processed    70000/  240379 entries, 29.12% (elapsed time    27.2s, curr speed    3.071 kHz, avg speed    2.574 kHz), accepted     7170/   70001 events (10.24%)
Processed    80000/  240379 entries, 33.28% (elapsed time    30.5s, curr speed    3.027 kHz, avg speed    2.623 kHz), accepted     8142/   80001 events (10.18%)
Processed    90000/  240379 entries, 37.44% (elapsed time    34.0s, curr speed    2.899 kHz, avg speed    2.651 kHz), accepted     9135/   90001 events (10.15%)
Processed   100000/  240379 entries, 41.60% (elapsed time    37.9s, curr speed    2.516 kHz, avg speed    2.637 kHz), accepted    10134/  100001 events (10.13%)
Processed   110000/  240379 entries, 45.76% (elapsed time    42.4s, curr speed    2.238 kHz, avg speed    2.595 kHz), accepted    11135/  110001 events (10.12%)
Processed   120000/  240379 entries, 49.92% (elapsed time    46.1s, curr speed    2.725 kHz, avg speed    2.605 kHz), accepted    12141/  120001 events (10.12%)
Processed   130000/  240379 entries, 54.08% (elapsed time    49.6s, curr speed    2.825 kHz, avg speed    2.621 kHz), accepted    13137/  130001 events (10.11%)
Processed   140000/  240379 entries, 58.24% (elapsed time    52.8s, curr speed    3.174 kHz, avg speed    2.654 kHz), accepted    14137/  140001 events (10.10%)
Processed   150000/  240379 entries, 62.40% (elapsed time    55.9s, curr speed    3.172 kHz, avg speed    2.683 kHz), accepted    15145/  150001 events (10.10%)
Processed   160000/  240379 entries, 66.56% (elapsed time    59.3s, curr speed    2.966 kHz, avg speed    2.699 kHz), accepted    16176/  160001 events (10.11%)
Processed   170000/  240379 entries, 70.72% (elapsed time    62.5s, curr speed    3.119 kHz, avg speed    2.721 kHz), accepted    17163/  170001 events (10.10%)
Processed   180000/  240379 entries, 74.88% (elapsed time    66.0s, curr speed    2.858 kHz, avg speed    2.728 kHz), accepted    18177/  180001 events (10.10%)
Processed   190000/  240379 entries, 79.04% (elapsed time    69.2s, curr speed    3.066 kHz, avg speed    2.744 kHz), accepted    19223/  190001 events (10.12%)
Processed   200000/  240379 entries, 83.20% (elapsed time    72.4s, curr speed    3.133 kHz, avg speed    2.761 kHz), accepted    20221/  200001 events (10.11%)
Processed   210000/  240379 entries, 87.36% (elapsed time    75.6s, curr speed    3.146 kHz, avg speed    2.777 kHz), accepted    21244/  210001 events (10.12%)
Processed   220000/  240379 entries, 91.52% (elapsed time    78.9s, curr speed    3.046 kHz, avg speed    2.788 kHz), accepted    22279/  220001 events (10.13%)
Processed   230000/  240379 entries, 95.68% (elapsed time    82.0s, curr speed    3.195 kHz, avg speed    2.804 kHz), accepted    23277/  230001 events (10.12%)
Processed   240000/  240379 entries, 99.84% (elapsed time    85.2s, curr speed    3.131 kHz, avg speed    2.816 kHz), accepted    24254/  240001 events (10.11%)
Processed 240379 preselected entries from /eos/cms/store/group/phys_tau/TauFW/nano/UL2017/DY2JetsToLL_M-50_TuneCP5_13TeV-madgraphMLM-pythia8/RunIISummer19UL17NanoAODv2-106X_mc2017_realistic_v8-v1/NANOAODSIM/8FCE9693-4312-2D4F-8A57-AC4F94F3B2E6_skimjec_1.root (240379 entries). Finally selected 24295 entries
Pre-select 240379 entries out of 240379 (100.00%)
Processed    10000/  240379 entries,  4.16% (elapsed time     6.4s, curr speed    1.552 kHz, avg speed    1.552 kHz), accepted     1049/   10001 events (10.49%)
Processed    20000/  240379 entries,  8.32% (elapsed time     9.8s, curr speed    2.937 kHz, avg speed    2.031 kHz), accepted     2054/   20001 events (10.27%)
Processed    30000/  240379 entries, 12.48% (elapsed time    13.2s, curr speed    2.971 kHz, avg speed    2.270 kHz), accepted     3070/   30001 events (10.23%)
Processed    40000/  240379 entries, 16.64% (elapsed time    17.4s, curr speed    2.404 kHz, avg speed    2.302 kHz), accepted     4078/   40001 events (10.19%)
Processed    50000/  240379 entries, 20.80% (elapsed time    22.0s, curr speed    2.173 kHz, avg speed    2.275 kHz), accepted     5102/   50001 events (10.20%)
Processed    60000/  240379 entries, 24.96% (elapsed time    26.5s, curr speed    2.206 kHz, avg speed    2.263 kHz), accepted     6078/   60001 events (10.13%)
Processed    70000/  240379 entries, 29.12% (elapsed time    29.7s, curr speed    3.174 kHz, avg speed    2.360 kHz), accepted     7069/   70001 events (10.10%)
Processed    80000/  240379 entries, 33.28% (elapsed time    33.0s, curr speed    3.010 kHz, avg speed    2.426 kHz), accepted     8101/   80001 events (10.13%)
Processed    90000/  240379 entries, 37.44% (elapsed time    36.1s, curr speed    3.241 kHz, avg speed    2.495 kHz), accepted     9071/   90001 events (10.08%)
Processed   100000/  240379 entries, 41.60% (elapsed time    39.3s, curr speed    3.071 kHz, avg speed    2.543 kHz), accepted    10021/  100001 events (10.02%)
Processed   110000/  240379 entries, 45.76% (elapsed time    42.6s, curr speed    3.073 kHz, avg speed    2.584 kHz), accepted    10996/  110001 events (10.00%)
Processed   120000/  240379 entries, 49.92% (elapsed time    46.0s, curr speed    2.962 kHz, avg speed    2.611 kHz), accepted    12042/  120001 events (10.03%)
Processed   130000/  240379 entries, 54.08% (elapsed time    49.2s, curr speed    3.053 kHz, avg speed    2.641 kHz), accepted    13047/  130001 events (10.04%)
Processed   140000/  240379 entries, 58.24% (elapsed time    52.5s, curr speed    3.058 kHz, avg speed    2.667 kHz), accepted    14022/  140001 events (10.02%)
Processed   150000/  240379 entries, 62.40% (elapsed time    55.9s, curr speed    2.948 kHz, avg speed    2.684 kHz), accepted    15079/  150001 events (10.05%)
Processed   160000/  240379 entries, 66.56% (elapsed time    59.2s, curr speed    3.061 kHz, avg speed    2.705 kHz), accepted    16075/  160001 events (10.05%)
Processed   170000/  240379 entries, 70.72% (elapsed time    62.6s, curr speed    2.926 kHz, avg speed    2.717 kHz), accepted    17156/  170001 events (10.09%)
Processed   180000/  240379 entries, 74.88% (elapsed time    66.1s, curr speed    2.846 kHz, avg speed    2.724 kHz), accepted    18220/  180001 events (10.12%)
Processed   190000/  240379 entries, 79.04% (elapsed time    69.4s, curr speed    3.061 kHz, avg speed    2.739 kHz), accepted    19234/  190001 events (10.12%)
Processed   200000/  240379 entries, 83.20% (elapsed time    72.9s, curr speed    2.852 kHz, avg speed    2.745 kHz), accepted    20253/  200001 events (10.13%)
Processed   210000/  240379 entries, 87.36% (elapsed time    76.2s, curr speed    3.036 kHz, avg speed    2.757 kHz), accepted    21260/  210001 events (10.12%)
Processed   220000/  240379 entries, 91.52% (elapsed time    79.5s, curr speed    2.983 kHz, avg speed    2.767 kHz), accepted    22266/  220001 events (10.12%)
Processed   230000/  240379 entries, 95.68% (elapsed time    82.9s, curr speed    2.972 kHz, avg speed    2.775 kHz), accepted    23262/  230001 events (10.11%)
Processed   240000/  240379 entries, 99.84% (elapsed time    86.3s, curr speed    2.961 kHz, avg speed    2.783 kHz), accepted    24323/  240001 events (10.13%)
Processed 240379 preselected entries from /eos/cms/store/group/phys_tau/TauFW/nano/UL2017/DY2JetsToLL_M-50_TuneCP5_13TeV-madgraphMLM-pythia8/RunIISummer19UL17NanoAODv2-106X_mc2017_realistic_v8-v1/NANOAODSIM/8FCE9693-4312-2D4F-8A57-AC4F94F3B2E6_skimjec_2.root (240379 entries). Finally selected 24356 entries
Pre-select 240379 entries out of 240379 (100.00%)
Processed    10000/  240379 entries,  4.16% (elapsed time     6.9s, curr speed    1.457 kHz, avg speed    1.457 kHz), accepted     1026/   10001 events (10.26%)
Processed    20000/  240379 entries,  8.32% (elapsed time    11.7s, curr speed    2.079 kHz, avg speed    1.713 kHz), accepted     2040/   20001 events (10.20%)
Processed    30000/  240379 entries, 12.48% (elapsed time    15.3s, curr speed    2.749 kHz, avg speed    1.959 kHz), accepted     3082/   30001 events (10.27%)
Processed    40000/  240379 entries, 16.64% (elapsed time    18.9s, curr speed    2.822 kHz, avg speed    2.121 kHz), accepted     4129/   40001 events (10.32%)
Processed    50000/  240379 entries, 20.80% (elapsed time    22.2s, curr speed    3.021 kHz, avg speed    2.256 kHz), accepted     5104/   50001 events (10.21%)
Processed    60000/  240379 entries, 24.96% (elapsed time    25.7s, curr speed    2.854 kHz, avg speed    2.337 kHz), accepted     6126/   60001 events (10.21%)
Processed    70000/  240379 entries, 29.12% (elapsed time    28.9s, curr speed    3.090 kHz, avg speed    2.421 kHz), accepted     7131/   70001 events (10.19%)
Processed    80000/  240379 entries, 33.28% (elapsed time    32.4s, curr speed    2.843 kHz, avg speed    2.467 kHz), accepted     8185/   80001 events (10.23%)
Processed    90000/  240379 entries, 37.44% (elapsed time    35.9s, curr speed    2.861 kHz, avg speed    2.505 kHz), accepted     9220/   90001 events (10.24%)
Processed   100000/  240379 entries, 41.60% (elapsed time    39.5s, curr speed    2.779 kHz, avg speed    2.530 kHz), accepted    10262/  100001 events (10.26%)
Processed   110000/  240379 entries, 45.76% (elapsed time    42.8s, curr speed    3.053 kHz, avg speed    2.570 kHz), accepted    11275/  110001 events (10.25%)
Processed   120000/  240379 entries, 49.92% (elapsed time    46.3s, curr speed    2.855 kHz, avg speed    2.592 kHz), accepted    12331/  120001 events (10.28%)
Processed   130000/  240379 entries, 54.08% (elapsed time    49.7s, curr speed    2.970 kHz, avg speed    2.618 kHz), accepted    13374/  130001 events (10.29%)
Processed   140000/  240379 entries, 58.24% (elapsed time    53.1s, curr speed    2.904 kHz, avg speed    2.636 kHz), accepted    14393/  140001 events (10.28%)
Processed   150000/  240379 entries, 62.40% (elapsed time    56.5s, curr speed    2.975 kHz, avg speed    2.656 kHz), accepted    15422/  150001 events (10.28%)
Processed   160000/  240379 entries, 66.56% (elapsed time    59.8s, curr speed    2.966 kHz, avg speed    2.674 kHz), accepted    16450/  160001 events (10.28%)
Processed   170000/  240379 entries, 70.72% (elapsed time    63.3s, curr speed    2.883 kHz, avg speed    2.685 kHz), accepted    17431/  170001 events (10.25%)
Processed   180000/  240379 entries, 74.88% (elapsed time    66.6s, curr speed    3.010 kHz, avg speed    2.701 kHz), accepted    18459/  180001 events (10.25%)
Processed   190000/  240379 entries, 79.04% (elapsed time    70.0s, curr speed    2.957 kHz, avg speed    2.714 kHz), accepted    19530/  190001 events (10.28%)
Processed   200000/  240379 entries, 83.20% (elapsed time    73.3s, curr speed    3.087 kHz, avg speed    2.730 kHz), accepted    20489/  200001 events (10.24%)
Processed   210000/  240379 entries, 87.36% (elapsed time    76.4s, curr speed    3.150 kHz, avg speed    2.748 kHz), accepted    21515/  210001 events (10.25%)
Processed   220000/  240379 entries, 91.52% (elapsed time    79.8s, curr speed    2.952 kHz, avg speed    2.756 kHz), accepted    22581/  220001 events (10.26%)
Processed   230000/  240379 entries, 95.68% (elapsed time    83.2s, curr speed    2.955 kHz, avg speed    2.764 kHz), accepted    23629/  230001 events (10.27%)
Processed   240000/  240379 entries, 99.84% (elapsed time    86.6s, curr speed    2.953 kHz, avg speed    2.772 kHz), accepted    24658/  240001 events (10.27%)
Processed 240379 preselected entries from /eos/cms/store/group/phys_tau/TauFW/nano/UL2017/DY2JetsToLL_M-50_TuneCP5_13TeV-madgraphMLM-pythia8/RunIISummer19UL17NanoAODv2-106X_mc2017_realistic_v8-v1/NANOAODSIM/8FCE9693-4312-2D4F-8A57-AC4F94F3B2E6_skimjec_3.root (240379 entries). Finally selected 24701 entries
Pre-select 240469 entries out of 240469 (100.00%)
Processed    10000/  240469 entries,  4.16% (elapsed time     5.3s, curr speed    1.891 kHz, avg speed    1.891 kHz), accepted      971/   10001 events ( 9.71%)
Processed    20000/  240469 entries,  8.32% (elapsed time     8.6s, curr speed    3.010 kHz, avg speed    2.323 kHz), accepted     1969/   20001 events ( 9.84%)
Processed    30000/  240469 entries, 12.48% (elapsed time    12.2s, curr speed    2.809 kHz, avg speed    2.465 kHz), accepted     3000/   30001 events (10.00%)
Processed    40000/  240469 entries, 16.63% (elapsed time    15.6s, curr speed    2.946 kHz, avg speed    2.570 kHz), accepted     4015/   40001 events (10.04%)
Processed    50000/  240469 entries, 20.79% (elapsed time    18.9s, curr speed    2.975 kHz, avg speed    2.642 kHz), accepted     5034/   50001 events (10.07%)
Processed    60000/  240469 entries, 24.95% (elapsed time    22.4s, curr speed    2.849 kHz, avg speed    2.674 kHz), accepted     6113/   60001 events (10.19%)
Processed    70000/  240469 entries, 29.11% (elapsed time    26.3s, curr speed    2.613 kHz, avg speed    2.665 kHz), accepted     7194/   70001 events (10.28%)
Processed    80000/  240469 entries, 33.27% (elapsed time    29.9s, curr speed    2.768 kHz, avg speed    2.678 kHz), accepted     8270/   80001 events (10.34%)
Processed    90000/  240469 entries, 37.43% (elapsed time    33.2s, curr speed    2.990 kHz, avg speed    2.709 kHz), accepted     9306/   90001 events (10.34%)
Processed   100000/  240469 entries, 41.59% (elapsed time    36.5s, curr speed    3.076 kHz, avg speed    2.742 kHz), accepted    10296/  100001 events (10.30%)
Processed   110000/  240469 entries, 45.74% (elapsed time    39.8s, curr speed    3.006 kHz, avg speed    2.764 kHz), accepted    11325/  110001 events (10.30%)
Processed   120000/  240469 entries, 49.90% (elapsed time    43.2s, curr speed    2.966 kHz, avg speed    2.780 kHz), accepted    12331/  120001 events (10.28%)
Processed   130000/  240469 entries, 54.06% (elapsed time    46.4s, curr speed    3.099 kHz, avg speed    2.802 kHz), accepted    13294/  130001 events (10.23%)
Processed   140000/  240469 entries, 58.22% (elapsed time    49.6s, curr speed    3.116 kHz, avg speed    2.822 kHz), accepted    14321/  140001 events (10.23%)
Processed   150000/  240469 entries, 62.38% (elapsed time    53.0s, curr speed    2.951 kHz, avg speed    2.831 kHz), accepted    15307/  150001 events (10.20%)
Processed   160000/  240469 entries, 66.54% (elapsed time    56.2s, curr speed    3.120 kHz, avg speed    2.847 kHz), accepted    16300/  160001 events (10.19%)
Processed   170000/  240469 entries, 70.70% (elapsed time    59.5s, curr speed    3.002 kHz, avg speed    2.856 kHz), accepted    17320/  170001 events (10.19%)
Processed   180000/  240469 entries, 74.85% (elapsed time    62.9s, curr speed    2.939 kHz, avg speed    2.860 kHz), accepted    18357/  180001 events (10.20%)
Processed   190000/  240469 entries, 79.01% (elapsed time    66.3s, curr speed    3.001 kHz, avg speed    2.867 kHz), accepted    19398/  190001 events (10.21%)
Processed   200000/  240469 entries, 83.17% (elapsed time    69.7s, curr speed    2.943 kHz, avg speed    2.871 kHz), accepted    20400/  200001 events (10.20%)
Processed   210000/  240469 entries, 87.33% (elapsed time    73.1s, curr speed    2.871 kHz, avg speed    2.871 kHz), accepted    21454/  210001 events (10.22%)
Processed   220000/  240469 entries, 91.49% (elapsed time    76.9s, curr speed    2.668 kHz, avg speed    2.861 kHz), accepted    22485/  220001 events (10.22%)
Processed   230000/  240469 entries, 95.65% (elapsed time    80.3s, curr speed    2.942 kHz, avg speed    2.865 kHz), accepted    23503/  230001 events (10.22%)
Processed   240000/  240469 entries, 99.80% (elapsed time    83.6s, curr speed    2.978 kHz, avg speed    2.869 kHz), accepted    24513/  240001 events (10.21%)
Processed 240469 preselected entries from /eos/cms/store/group/phys_tau/TauFW/nano/UL2017/DY2JetsToLL_M-50_TuneCP5_13TeV-madgraphMLM-pythia8/RunIISummer19UL17NanoAODv2-106X_mc2017_realistic_v8-v1/NANOAODSIM/91825CE3-B76F-1144-B5DC-94BC06179B53_skimjec_0.root (240469 entries). Finally selected 24559 entries
Pre-select 240469 entries out of 240469 (100.00%)
Processed    10000/  240469 entries,  4.16% (elapsed time     6.2s, curr speed    1.610 kHz, avg speed    1.610 kHz), accepted      988/   10001 events ( 9.88%)
Processed    20000/  240469 entries,  8.32% (elapsed time     9.6s, curr speed    2.974 kHz, avg speed    2.089 kHz), accepted     2005/   20001 events (10.02%)
Processed    30000/  240469 entries, 12.48% (elapsed time    13.4s, curr speed    2.639 kHz, avg speed    2.245 kHz), accepted     3104/   30001 events (10.35%)
Processed    40000/  240469 entries, 16.63% (elapsed time    16.9s, curr speed    2.837 kHz, avg speed    2.369 kHz), accepted     4142/   40001 events (10.35%)
Processed    50000/  240469 entries, 20.79% (elapsed time    20.3s, curr speed    2.948 kHz, avg speed    2.466 kHz), accepted     5160/   50001 events (10.32%)
Processed    60000/  240469 entries, 24.95% (elapsed time    23.9s, curr speed    2.745 kHz, avg speed    2.508 kHz), accepted     6193/   60001 events (10.32%)
Processed    70000/  240469 entries, 29.11% (elapsed time    27.2s, curr speed    3.073 kHz, avg speed    2.576 kHz), accepted     7160/   70001 events (10.23%)
Processed    80000/  240469 entries, 33.27% (elapsed time    30.8s, curr speed    2.757 kHz, avg speed    2.597 kHz), accepted     8229/   80001 events (10.29%)
Processed    90000/  240469 entries, 37.43% (elapsed time    34.2s, curr speed    2.935 kHz, avg speed    2.631 kHz), accepted     9252/   90001 events (10.28%)
Processed   100000/  240469 entries, 41.59% (elapsed time    37.9s, curr speed    2.725 kHz, avg speed    2.640 kHz), accepted    10301/  100001 events (10.30%)
Processed   110000/  240469 entries, 45.74% (elapsed time    41.4s, curr speed    2.850 kHz, avg speed    2.658 kHz), accepted    11281/  110001 events (10.26%)
Processed   120000/  240469 entries, 49.90% (elapsed time    44.7s, curr speed    3.037 kHz, avg speed    2.686 kHz), accepted    12256/  120001 events (10.21%)
Processed   130000/  240469 entries, 54.06% (elapsed time    48.0s, curr speed    2.981 kHz, avg speed    2.706 kHz), accepted    13261/  130001 events (10.20%)
Processed   140000/  240469 entries, 58.22% (elapsed time    51.5s, curr speed    2.899 kHz, avg speed    2.719 kHz), accepted    14237/  140001 events (10.17%)
Processed   150000/  240469 entries, 62.38% (elapsed time    55.1s, curr speed    2.745 kHz, avg speed    2.721 kHz), accepted    15208/  150001 events (10.14%)
Processed   160000/  240469 entries, 66.54% (elapsed time    58.9s, curr speed    2.684 kHz, avg speed    2.719 kHz), accepted    16237/  160001 events (10.15%)
Processed   170000/  240469 entries, 70.70% (elapsed time    62.7s, curr speed    2.592 kHz, avg speed    2.711 kHz), accepted    17274/  170001 events (10.16%)
Processed   180000/  240469 entries, 74.85% (elapsed time    66.3s, curr speed    2.805 kHz, avg speed    2.716 kHz), accepted    18253/  180001 events (10.14%)
Processed   190000/  240469 entries, 79.01% (elapsed time    70.1s, curr speed    2.602 kHz, avg speed    2.710 kHz), accepted    19256/  190001 events (10.13%)
Processed   200000/  240469 entries, 83.17% (elapsed time    73.6s, curr speed    2.894 kHz, avg speed    2.718 kHz), accepted    20234/  200001 events (10.12%)
Processed   210000/  240469 entries, 87.33% (elapsed time    77.0s, curr speed    2.915 kHz, avg speed    2.727 kHz), accepted    21236/  210001 events (10.11%)
Processed   220000/  240469 entries, 91.49% (elapsed time    80.5s, curr speed    2.846 kHz, avg speed    2.732 kHz), accepted    22213/  220001 events (10.10%)
Processed   230000/  240469 entries, 95.65% (elapsed time    84.0s, curr speed    2.836 kHz, avg speed    2.737 kHz), accepted    23239/  230001 events (10.10%)
Processed   240000/  240469 entries, 99.80% (elapsed time    87.5s, curr speed    2.910 kHz, avg speed    2.743 kHz), accepted    24302/  240001 events (10.13%)
Processed 240469 preselected entries from /eos/cms/store/group/phys_tau/TauFW/nano/UL2017/DY2JetsToLL_M-50_TuneCP5_13TeV-madgraphMLM-pythia8/RunIISummer19UL17NanoAODv2-106X_mc2017_realistic_v8-v1/NANOAODSIM/91825CE3-B76F-1144-B5DC-94BC06179B53_skimjec_1.root (240469 entries). Finally selected 24340 entries
Total time 431.1 sec. to process 1202075 events. Rate = 2788.7 Hz.
>>> cwd          = /pool/condor/dir_3530
>>> ls           = ['var', 'x509_voms', 'condor_exec.exe', '.machine.ad', '_condor_stdout', '.job.ad', '.chirp.config', 'lvigilan.cc', 'pico_etau_EES0p99_16.root', 'tmp']
>>> getstorage('/eos/home-l/lvigilan/output_ETauFR_UL17_RUN1/UL2017/etau/DY2JetsToLL_M-50'), <EOS("/eos/home-l/lvigilan/output_ETauFR_UL17_RUN1/UL2017/etau/DY2JetsToLL_M-50") at 0x2afe824cfd50>
>>> Executing: 'cp ./pico_etau_EES0p99_16.root /eos/home-l/lvigilan/output_ETauFR_UL17_RUN1/UL2017/etau/DY2JetsToLL_M-50'
>>> Removing './pico_etau_EES0p99_16.root'...
>>> picojob.py done after 448.7 seconds

Job complete at Mon Jun  7 23:07:56 CEST 2021
Took 7 minutes 30 seconds040 (2367868.016.000) 06/07 23:07:56 Finished transferring output files
...
005 (2367868.016.000) 06/07 23:07:56 Job terminated.
	(1) Normal termination (return value 0)
		Usr 0 00:06:32, Sys 0 00:00:12  -  Run Remote Usage
		Usr 0 00:00:00, Sys 0 00:00:00  -  Run Local Usage
		Usr 0 00:06:32, Sys 0 00:00:12  -  Total Remote Usage
		Usr 0 00:00:00, Sys 0 00:00:00  -  Total Local Usage
	37174  -  Run Bytes Sent By Job
	9898  -  Run Bytes Received By Job
	37174  -  Total Bytes Sent By Job
	9898  -  Total Bytes Received By Job
	Partitionable Resources :    Usage  Request Allocated 
	   Cpus                 :                 1         1 
	   Disk (KB)            :    14233        1    278553 
	   Memory (MB)          :      280     2000      2000 

	Job terminated of its own accord at 2021-06-07T21:07:56Z.
...
