Could not find platform independent libraries <prefix>
Could not find platform dependent libraries <exec_prefix>
Consider setting $PYTHONHOME to <prefix>[:<exec_prefix>]
ImportError: No module named site
Job start at Mon Jun  7 18:54:19 CEST 2021
Running job on machine Linux b7s12n4244.cern.ch 3.10.0-1160.21.1.el7.x86_64 #1 SMP Tue Mar 16 18:28:22 UTC 2021 x86_64 x86_64 x86_64 GNU/Linux, host b7s12n4244.cern.ch
============================================================
$PWD=/pool/condor/dir_9792
$JOBID=2367587
$TASKID=19
$HOSTNAME=b7s12n4244.cern.ch
$TASKCMD=/afs/cern.ch/work/l/lvigilan/TauWork/CMSSW_10_6_17_patch1/src/TauFW/PicoProducer/python/processors/picojob.py -y UL2017 -d 'mc' -c etau -M ETauFakeRate.ModuleETau --copydir /eos/home-l/lvigilan/output_ETauFR_UL17_RUN1/UL2017/etau/DY2JetsToLL_M-50 -t _etau_19 --opt 'useT1=True' 'zpt=True' -i /eos/cms/store/group/phys_tau/TauFW/nano/UL2017/DY2JetsToLL_M-50_TuneCP5_13TeV-madgraphMLM-pythia8/RunIISummer19UL17NanoAODv2-106X_mc2017_realistic_v8-v1/NANOAODSIM/96637352-ED67-A845-8BBA-862D5102607A_skimjec_6.root /eos/cms/store/group/phys_tau/TauFW/nano/UL2017/DY2JetsToLL_M-50_TuneCP5_13TeV-madgraphMLM-pythia8/RunIISummer19UL17NanoAODv2-106X_mc2017_realistic_v8-v1/NANOAODSIM/9C847B05-7CC8-2343-8A79-DEBF687E6E40_skimjec_0.root /eos/cms/store/group/phys_tau/TauFW/nano/UL2017/DY2JetsToLL_M-50_TuneCP5_13TeV-madgraphMLM-pythia8/RunIISummer19UL17NanoAODv2-106X_mc2017_realistic_v8-v1/NANOAODSIM/9C847B05-7CC8-2343-8A79-DEBF687E6E40_skimjec_1.root /eos/cms/store/group/phys_tau/TauFW/nano/UL2017/DY2JetsToLL_M-50_TuneCP5_13TeV-madgraphMLM-pythia8/RunIISummer19UL17NanoAODv2-106X_mc2017_realistic_v8-v1/NANOAODSIM/9C847B05-7CC8-2343-8A79-DEBF687E6E40_skimjec_2.root /eos/cms/store/group/phys_tau/TauFW/nano/UL2017/DY2JetsToLL_M-50_TuneCP5_13TeV-madgraphMLM-pythia8/RunIISummer19UL17NanoAODv2-106X_mc2017_realistic_v8-v1/NANOAODSIM/9C847B05-7CC8-2343-8A79-DEBF687E6E40_skimjec_3.root
$WORKDIR=/pool/condor/dir_9792
>>> cd /afs/cern.ch/work/l/lvigilan/TauWork/CMSSW_10_6_17_patch1/src
>>> eval `scramv1 runtime -sh`
>>> cd /pool/condor/dir_9792
$PWD=/pool/condor/dir_9792
>>> /afs/cern.ch/work/l/lvigilan/TauWork/CMSSW_10_6_17_patch1/src/TauFW/PicoProducer/python/processors/picojob.py -y UL2017 -d 'mc' -c etau -M ETauFakeRate.ModuleETau --copydir /eos/home-l/lvigilan/output_ETauFR_UL17_RUN1/UL2017/etau/DY2JetsToLL_M-50 -t _etau_19 --opt 'useT1=True' 'zpt=True' -i /eos/cms/store/group/phys_tau/TauFW/nano/UL2017/DY2JetsToLL_M-50_TuneCP5_13TeV-madgraphMLM-pythia8/RunIISummer19UL17NanoAODv2-106X_mc2017_realistic_v8-v1/NANOAODSIM/96637352-ED67-A845-8BBA-862D5102607A_skimjec_6.root /eos/cms/store/group/phys_tau/TauFW/nano/UL2017/DY2JetsToLL_M-50_TuneCP5_13TeV-madgraphMLM-pythia8/RunIISummer19UL17NanoAODv2-106X_mc2017_realistic_v8-v1/NANOAODSIM/9C847B05-7CC8-2343-8A79-DEBF687E6E40_skimjec_0.root /eos/cms/store/group/phys_tau/TauFW/nano/UL2017/DY2JetsToLL_M-50_TuneCP5_13TeV-madgraphMLM-pythia8/RunIISummer19UL17NanoAODv2-106X_mc2017_realistic_v8-v1/NANOAODSIM/9C847B05-7CC8-2343-8A79-DEBF687E6E40_skimjec_1.root /eos/cms/store/group/phys_tau/TauFW/nano/UL2017/DY2JetsToLL_M-50_TuneCP5_13TeV-madgraphMLM-pythia8/RunIISummer19UL17NanoAODv2-106X_mc2017_realistic_v8-v1/NANOAODSIM/9C847B05-7CC8-2343-8A79-DEBF687E6E40_skimjec_2.root /eos/cms/store/group/phys_tau/TauFW/nano/UL2017/DY2JetsToLL_M-50_TuneCP5_13TeV-madgraphMLM-pythia8/RunIISummer19UL17NanoAODv2-106X_mc2017_realistic_v8-v1/NANOAODSIM/9C847B05-7CC8-2343-8A79-DEBF687E6E40_skimjec_3.root
Error in <TGClient::TGClient>: can't open display "localhost:19.0", switching to batch mode...
 In case you run from a remote ssh session, reconnect with ssh -Y
--------------------------------------------------------------------------------
>>> era          = 'UL2017'
>>> year         = 2017
>>> channel      = 'etau'
>>> modname      = 'ETauFakeRate.ModuleETau'
>>> dtype        = 'mc'
>>> kwargs       = {'dtype': 'mc', 'zpt': True, 'useT1': True, 'verb': 0, 'era': 'UL2017', 'year': 2017}
>>> firstevt     = 0
>>> maxevts      = None
>>> outdir       = '.'
>>> copydir      = '/eos/home-l/lvigilan/output_ETauFR_UL17_RUN1/UL2017/etau/DY2JetsToLL_M-50'
>>> infiles      = ['/eos/cms/store/group/phys_tau/TauFW/nano/UL2017/DY2JetsToLL_M-50_TuneCP5_13TeV-madgraphMLM-pythia8/RunIISummer19UL17NanoAODv2-106X_mc2017_realistic_v8-v1/NANOAODSIM/96637352-ED67-A845-8BBA-862D5102607A_skimjec_6.root', '/eos/cms/store/group/phys_tau/TauFW/nano/UL2017/DY2JetsToLL_M-50_TuneCP5_13TeV-madgraphMLM-pythia8/RunIISummer19UL17NanoAODv2-106X_mc2017_realistic_v8-v1/NANOAODSIM/9C847B05-7CC8-2343-8A79-DEBF687E6E40_skimjec_0.root', '/eos/cms/store/group/phys_tau/TauFW/nano/UL2017/DY2JetsToLL_M-50_TuneCP5_13TeV-madgraphMLM-pythia8/RunIISummer19UL17NanoAODv2-106X_mc2017_realistic_v8-v1/NANOAODSIM/9C847B05-7CC8-2343-8A79-DEBF687E6E40_skimjec_1.root', '/eos/cms/store/group/phys_tau/TauFW/nano/UL2017/DY2JetsToLL_M-50_TuneCP5_13TeV-madgraphMLM-pythia8/RunIISummer19UL17NanoAODv2-106X_mc2017_realistic_v8-v1/NANOAODSIM/9C847B05-7CC8-2343-8A79-DEBF687E6E40_skimjec_2.root', '/eos/cms/store/group/phys_tau/TauFW/nano/UL2017/DY2JetsToLL_M-50_TuneCP5_13TeV-madgraphMLM-pythia8/RunIISummer19UL17NanoAODv2-106X_mc2017_realistic_v8-v1/NANOAODSIM/9C847B05-7CC8-2343-8A79-DEBF687E6E40_skimjec_3.root']
>>> outfname     = './pico_etau_19.root'
>>> branchsel    = '/afs/cern.ch/work/l/lvigilan/TauWork/CMSSW_10_6_17_patch1/python/TauFW/PicoProducer/processors/keep_and_drop_skim.txt'
>>> json         = None
>>> prefetch     = False
>>> cwd          = /pool/condor/dir_9792
--------------------------------------------------------------------------------

   ################
   #  ModuleETau  #
   ################

Loading PileupWeightTool for '/afs/cern.ch/work/l/lvigilan/TauWork/CMSSW_10_6_17_patch1/src/TauFW/PicoProducer/data/pileup/Data_PileUp_UL2017_69p2.root' and '/afs/cern.ch/work/l/lvigilan/TauWork/CMSSW_10_6_17_patch1/src/TauFW/PicoProducer/data/pileup/MC_PileUp_UL2017_Summer19.root'
Loading BTagWeightTool for DeepCSV (medium WP)...
>>> BTagTool: [1m[33mWarning! [0m[33mHistogram 'etau/eff_DeepCSV_udsg_medium' does not exist in /afs/cern.ch/work/l/lvigilan/TauWork/CMSSW_10_6_17_patch1/src/TauFW/PicoProducer/data/btag/DeepCSV_2017_12Apr2017_eff.root! Reverting to default efficiency histogram...[0m
>>> BTagTool: [1m[33mWarning! [0m[33mHistogram 'etau/eff_DeepCSV_c_medium' does not exist in /afs/cern.ch/work/l/lvigilan/TauWork/CMSSW_10_6_17_patch1/src/TauFW/PicoProducer/data/btag/DeepCSV_2017_12Apr2017_eff.root! Reverting to default efficiency histogram...[0m
>>> BTagTool: [1m[33mWarning! [0m[33mHistogram 'etau/eff_DeepCSV_b_medium' does not exist in /afs/cern.ch/work/l/lvigilan/TauWork/CMSSW_10_6_17_patch1/src/TauFW/PicoProducer/data/btag/DeepCSV_2017_12Apr2017_eff.root! Reverting to default efficiency histogram...[0m
>>> BTagTool: [1m[33mWarning! [0m[33mMade use of default efficiency histograms! The b tag weights from this module should be regarded as placeholders only,
and should NOT be used for analyses. B (mis)tag efficiencies in MC are analysis dependent. Please create your own
efficiency histogram with data/btag/getBTagEfficiencies.py after running all MC samples with BTagWeightTool.[0m
Loading TreeProducerETau for './pico_etau_19.root'
--------------------------------------------------------------------------------
>>> filename     = './pico_etau_19.root'
>>> year         = 2017
>>> dtype        = 'mc'
>>> channel      = 'etau'
>>> ismc         = True
>>> isdata       = False
>>> isembed      = False
>>> tes          = 1.0
>>> tessys       = None
>>> fes          = None
>>> ltf          = None
>>> jtf          = 1.0
>>> dotoppt      = False
>>> dozpt        = True
>>> dojec        = True
>>> dojecsys     = True
>>> dotight      = False
>>> useT1        = True
>>> jetCutPt     = 30
>>> bjetCutEta   = 2.7
>>> tauwp        = 0
>>> eleCutPt     = 36
>>> eleCutEta    = 2.1
>>> tauCutPt     = 20
>>> tauCutEta    = 2.3
>>> ZpeekReso    = 0.1
Pre-select 232415 entries out of 232415 (100.00%)
Processed    10000/  232415 entries,  4.30% (elapsed time    14.9s, curr speed    0.669 kHz, avg speed    0.669 kHz), accepted     1019/   10001 events (10.19%)
Processed    20000/  232415 entries,  8.61% (elapsed time    25.4s, curr speed    0.956 kHz, avg speed    0.787 kHz), accepted     2070/   20001 events (10.35%)
Processed    30000/  232415 entries, 12.91% (elapsed time    35.5s, curr speed    0.993 kHz, avg speed    0.846 kHz), accepted     3050/   30001 events (10.17%)
Processed    40000/  232415 entries, 17.21% (elapsed time    49.4s, curr speed    0.719 kHz, avg speed    0.810 kHz), accepted     4106/   40001 events (10.26%)
Processed    50000/  232415 entries, 21.51% (elapsed time    58.2s, curr speed    1.126 kHz, avg speed    0.858 kHz), accepted     5144/   50001 events (10.29%)
Processed    60000/  232415 entries, 25.82% (elapsed time    65.4s, curr speed    1.398 kHz, avg speed    0.917 kHz), accepted     6143/   60001 events (10.24%)
Processed    70000/  232415 entries, 30.12% (elapsed time    73.5s, curr speed    1.235 kHz, avg speed    0.952 kHz), accepted     7159/   70001 events (10.23%)
Processed    80000/  232415 entries, 34.42% (elapsed time    83.1s, curr speed    1.036 kHz, avg speed    0.962 kHz), accepted     8162/   80001 events (10.20%)
Processed    90000/  232415 entries, 38.72% (elapsed time    92.4s, curr speed    1.080 kHz, avg speed    0.974 kHz), accepted     9185/   90001 events (10.21%)
Processed   100000/  232415 entries, 43.03% (elapsed time   100.9s, curr speed    1.183 kHz, avg speed    0.991 kHz), accepted    10221/  100001 events (10.22%)
Processed   110000/  232415 entries, 47.33% (elapsed time   110.7s, curr speed    1.021 kHz, avg speed    0.994 kHz), accepted    11243/  110001 events (10.22%)
Processed   120000/  232415 entries, 51.63% (elapsed time   118.7s, curr speed    1.245 kHz, avg speed    1.011 kHz), accepted    12315/  120001 events (10.26%)
Processed   130000/  232415 entries, 55.93% (elapsed time   127.8s, curr speed    1.098 kHz, avg speed    1.017 kHz), accepted    13381/  130001 events (10.29%)
Processed   140000/  232415 entries, 60.24% (elapsed time   137.1s, curr speed    1.075 kHz, avg speed    1.021 kHz), accepted    14409/  140001 events (10.29%)
Processed   150000/  232415 entries, 64.54% (elapsed time   148.0s, curr speed    0.915 kHz, avg speed    1.013 kHz), accepted    15424/  150001 events (10.28%)
Processed   160000/  232415 entries, 68.84% (elapsed time   156.5s, curr speed    1.177 kHz, avg speed    1.022 kHz), accepted    16463/  160001 events (10.29%)
Processed   170000/  232415 entries, 73.15% (elapsed time   163.5s, curr speed    1.439 kHz, avg speed    1.040 kHz), accepted    17447/  170001 events (10.26%)
Processed   180000/  232415 entries, 77.45% (elapsed time   170.9s, curr speed    1.345 kHz, avg speed    1.053 kHz), accepted    18397/  180001 events (10.22%)
Processed   190000/  232415 entries, 81.75% (elapsed time   180.3s, curr speed    1.062 kHz, avg speed    1.054 kHz), accepted    19409/  190001 events (10.22%)
Processed   200000/  232415 entries, 86.05% (elapsed time   188.2s, curr speed    1.274 kHz, avg speed    1.063 kHz), accepted    20422/  200001 events (10.21%)
Processed   210000/  232415 entries, 90.36% (elapsed time   197.3s, curr speed    1.094 kHz, avg speed    1.064 kHz), accepted    21427/  210001 events (10.20%)
Processed   220000/  232415 entries, 94.66% (elapsed time   205.5s, curr speed    1.225 kHz, avg speed    1.071 kHz), accepted    22447/  220001 events (10.20%)
Processed   230000/  232415 entries, 98.96% (elapsed time   212.9s, curr speed    1.339 kHz, avg speed    1.080 kHz), accepted    23497/  230001 events (10.22%)
Processed 232415 preselected entries from /eos/cms/store/group/phys_tau/TauFW/nano/UL2017/DY2JetsToLL_M-50_TuneCP5_13TeV-madgraphMLM-pythia8/RunIISummer19UL17NanoAODv2-106X_mc2017_realistic_v8-v1/NANOAODSIM/96637352-ED67-A845-8BBA-862D5102607A_skimjec_6.root (232415 entries). Finally selected 23729 entries
Pre-select 237382 entries out of 237382 (100.00%)
Processed    10000/  237382 entries,  4.21% (elapsed time    14.8s, curr speed    0.674 kHz, avg speed    0.674 kHz), accepted      983/   10001 events ( 9.83%)
Processed    20000/  237382 entries,  8.43% (elapsed time    22.9s, curr speed    1.238 kHz, avg speed    0.873 kHz), accepted     1999/   20001 events ( 9.99%)
Processed    30000/  237382 entries, 12.64% (elapsed time    31.0s, curr speed    1.238 kHz, avg speed    0.968 kHz), accepted     3023/   30001 events (10.08%)
Processed    40000/  237382 entries, 16.85% (elapsed time    38.8s, curr speed    1.281 kHz, avg speed    1.031 kHz), accepted     4002/   40001 events (10.00%)
Processed    50000/  237382 entries, 21.06% (elapsed time    49.0s, curr speed    0.978 kHz, avg speed    1.020 kHz), accepted     5034/   50001 events (10.07%)
Processed    60000/  237382 entries, 25.28% (elapsed time    56.3s, curr speed    1.366 kHz, avg speed    1.065 kHz), accepted     6032/   60001 events (10.05%)
Processed    70000/  237382 entries, 29.49% (elapsed time    67.1s, curr speed    0.928 kHz, avg speed    1.043 kHz), accepted     7050/   70001 events (10.07%)
Processed    80000/  237382 entries, 33.70% (elapsed time    75.8s, curr speed    1.146 kHz, avg speed    1.055 kHz), accepted     8097/   80001 events (10.12%)
Processed    90000/  237382 entries, 37.91% (elapsed time    84.6s, curr speed    1.138 kHz, avg speed    1.063 kHz), accepted     9111/   90001 events (10.12%)
Processed   100000/  237382 entries, 42.13% (elapsed time    93.7s, curr speed    1.098 kHz, avg speed    1.067 kHz), accepted    10158/  100001 events (10.16%)
Processed   110000/  237382 entries, 46.34% (elapsed time   103.4s, curr speed    1.033 kHz, avg speed    1.064 kHz), accepted    11174/  110001 events (10.16%)
Processed   120000/  237382 entries, 50.55% (elapsed time   112.3s, curr speed    1.129 kHz, avg speed    1.069 kHz), accepted    12169/  120001 events (10.14%)
Processed   130000/  237382 entries, 54.76% (elapsed time   120.9s, curr speed    1.166 kHz, avg speed    1.076 kHz), accepted    13174/  130001 events (10.13%)
Processed   140000/  237382 entries, 58.98% (elapsed time   130.1s, curr speed    1.088 kHz, avg speed    1.076 kHz), accepted    14198/  140001 events (10.14%)
Processed   150000/  237382 entries, 63.19% (elapsed time   139.0s, curr speed    1.115 kHz, avg speed    1.079 kHz), accepted    15223/  150001 events (10.15%)
Processed   160000/  237382 entries, 67.40% (elapsed time   148.0s, curr speed    1.115 kHz, avg speed    1.081 kHz), accepted    16204/  160001 events (10.13%)
Processed   170000/  237382 entries, 71.61% (elapsed time   156.7s, curr speed    1.153 kHz, avg speed    1.085 kHz), accepted    17266/  170001 events (10.16%)
Processed   180000/  237382 entries, 75.83% (elapsed time   164.9s, curr speed    1.213 kHz, avg speed    1.092 kHz), accepted    18289/  180001 events (10.16%)
Processed   190000/  237382 entries, 80.04% (elapsed time   173.4s, curr speed    1.177 kHz, avg speed    1.096 kHz), accepted    19352/  190001 events (10.19%)
Processed   200000/  237382 entries, 84.25% (elapsed time   182.6s, curr speed    1.089 kHz, avg speed    1.095 kHz), accepted    20340/  200001 events (10.17%)
Processed   210000/  237382 entries, 88.47% (elapsed time   189.8s, curr speed    1.393 kHz, avg speed    1.107 kHz), accepted    21358/  210001 events (10.17%)
Processed   220000/  237382 entries, 92.68% (elapsed time   197.3s, curr speed    1.319 kHz, avg speed    1.115 kHz), accepted    22407/  220001 events (10.18%)
Processed   230000/  237382 entries, 96.89% (elapsed time   207.2s, curr speed    1.012 kHz, avg speed    1.110 kHz), accepted    23407/  230001 events (10.18%)
Processed 237382 preselected entries from /eos/cms/store/group/phys_tau/TauFW/nano/UL2017/DY2JetsToLL_M-50_TuneCP5_13TeV-madgraphMLM-pythia8/RunIISummer19UL17NanoAODv2-106X_mc2017_realistic_v8-v1/NANOAODSIM/9C847B05-7CC8-2343-8A79-DEBF687E6E40_skimjec_0.root (237382 entries). Finally selected 24156 entries
Pre-select 237382 entries out of 237382 (100.00%)
Processed    10000/  237382 entries,  4.21% (elapsed time    12.7s, curr speed    0.787 kHz, avg speed    0.787 kHz), accepted     1015/   10001 events (10.15%)
Processed    20000/  237382 entries,  8.43% (elapsed time    20.9s, curr speed    1.224 kHz, avg speed    0.958 kHz), accepted     2033/   20001 events (10.16%)
Processed    30000/  237382 entries, 12.64% (elapsed time    29.4s, curr speed    1.169 kHz, avg speed    1.020 kHz), accepted     3058/   30001 events (10.19%)
Processed    40000/  237382 entries, 16.85% (elapsed time    37.4s, curr speed    1.258 kHz, avg speed    1.070 kHz), accepted     4057/   40001 events (10.14%)
Processed    50000/  237382 entries, 21.06% (elapsed time    46.0s, curr speed    1.158 kHz, avg speed    1.087 kHz), accepted     5166/   50001 events (10.33%)
Processed    60000/  237382 entries, 25.28% (elapsed time    55.8s, curr speed    1.020 kHz, avg speed    1.075 kHz), accepted     6169/   60001 events (10.28%)
Processed    70000/  237382 entries, 29.49% (elapsed time    64.7s, curr speed    1.126 kHz, avg speed    1.082 kHz), accepted     7145/   70001 events (10.21%)
Processed    80000/  237382 entries, 33.70% (elapsed time    73.7s, curr speed    1.115 kHz, avg speed    1.086 kHz), accepted     8196/   80001 events (10.24%)
Processed    90000/  237382 entries, 37.91% (elapsed time    82.7s, curr speed    1.100 kHz, avg speed    1.088 kHz), accepted     9228/   90001 events (10.25%)
Processed   100000/  237382 entries, 42.13% (elapsed time    93.9s, curr speed    0.897 kHz, avg speed    1.065 kHz), accepted    10253/  100001 events (10.25%)
Processed   110000/  237382 entries, 46.34% (elapsed time   103.5s, curr speed    1.038 kHz, avg speed    1.062 kHz), accepted    11279/  110001 events (10.25%)
Processed   120000/  237382 entries, 50.55% (elapsed time   111.7s, curr speed    1.217 kHz, avg speed    1.074 kHz), accepted    12242/  120001 events (10.20%)
Processed   130000/  237382 entries, 54.76% (elapsed time   120.9s, curr speed    1.089 kHz, avg speed    1.075 kHz), accepted    13260/  130001 events (10.20%)
Processed   140000/  237382 entries, 58.98% (elapsed time   129.1s, curr speed    1.226 kHz, avg speed    1.085 kHz), accepted    14267/  140001 events (10.19%)
Processed   150000/  237382 entries, 63.19% (elapsed time   139.0s, curr speed    1.012 kHz, avg speed    1.079 kHz), accepted    15333/  150001 events (10.22%)
Processed   160000/  237382 entries, 67.40% (elapsed time   147.0s, curr speed    1.243 kHz, avg speed    1.088 kHz), accepted    16339/  160001 events (10.21%)
Processed   170000/  237382 entries, 71.61% (elapsed time   155.8s, curr speed    1.143 kHz, avg speed    1.091 kHz), accepted    17324/  170001 events (10.19%)
Processed   180000/  237382 entries, 75.83% (elapsed time   164.1s, curr speed    1.195 kHz, avg speed    1.097 kHz), accepted    18355/  180001 events (10.20%)
Processed   190000/  237382 entries, 80.04% (elapsed time   173.4s, curr speed    1.076 kHz, avg speed    1.096 kHz), accepted    19405/  190001 events (10.21%)
Processed   200000/  237382 entries, 84.25% (elapsed time   182.9s, curr speed    1.054 kHz, avg speed    1.093 kHz), accepted    20439/  200001 events (10.22%)
Processed   210000/  237382 entries, 88.47% (elapsed time   191.6s, curr speed    1.154 kHz, avg speed    1.096 kHz), accepted    21456/  210001 events (10.22%)
Processed   220000/  237382 entries, 92.68% (elapsed time   198.9s, curr speed    1.368 kHz, avg speed    1.106 kHz), accepted    22470/  220001 events (10.21%)
Processed   230000/  237382 entries, 96.89% (elapsed time   207.2s, curr speed    1.206 kHz, avg speed    1.110 kHz), accepted    23515/  230001 events (10.22%)
Processed 237382 preselected entries from /eos/cms/store/group/phys_tau/TauFW/nano/UL2017/DY2JetsToLL_M-50_TuneCP5_13TeV-madgraphMLM-pythia8/RunIISummer19UL17NanoAODv2-106X_mc2017_realistic_v8-v1/NANOAODSIM/9C847B05-7CC8-2343-8A79-DEBF687E6E40_skimjec_1.root (237382 entries). Finally selected 24236 entries
Pre-select 237382 entries out of 237382 (100.00%)
Processed    10000/  237382 entries,  4.21% (elapsed time    12.7s, curr speed    0.786 kHz, avg speed    0.786 kHz), accepted     1009/   10001 events (10.09%)
Processed    20000/  237382 entries,  8.43% (elapsed time    21.7s, curr speed    1.118 kHz, avg speed    0.923 kHz), accepted     2010/   20001 events (10.05%)
Processed    30000/  237382 entries, 12.64% (elapsed time    32.5s, curr speed    0.922 kHz, avg speed    0.923 kHz), accepted     3054/   30001 events (10.18%)
Processed    40000/  237382 entries, 16.85% (elapsed time    40.9s, curr speed    1.190 kHz, avg speed    0.978 kHz), accepted     4018/   40001 events (10.04%)
Processed    50000/  237382 entries, 21.06% (elapsed time    48.2s, curr speed    1.370 kHz, avg speed    1.037 kHz), accepted     5028/   50001 events (10.06%)
Processed    60000/  237382 entries, 25.28% (elapsed time    55.7s, curr speed    1.338 kHz, avg speed    1.077 kHz), accepted     6056/   60001 events (10.09%)
Processed    70000/  237382 entries, 29.49% (elapsed time    62.7s, curr speed    1.433 kHz, avg speed    1.117 kHz), accepted     7112/   70001 events (10.16%)
Processed    80000/  237382 entries, 33.70% (elapsed time    70.9s, curr speed    1.213 kHz, avg speed    1.128 kHz), accepted     8111/   80001 events (10.14%)
Processed    90000/  237382 entries, 37.91% (elapsed time    78.6s, curr speed    1.293 kHz, avg speed    1.144 kHz), accepted     9128/   90001 events (10.14%)
Processed   100000/  237382 entries, 42.13% (elapsed time    87.3s, curr speed    1.155 kHz, avg speed    1.145 kHz), accepted    10161/  100001 events (10.16%)
Processed   110000/  237382 entries, 46.34% (elapsed time    95.9s, curr speed    1.167 kHz, avg speed    1.147 kHz), accepted    11217/  110001 events (10.20%)
Processed   120000/  237382 entries, 50.55% (elapsed time   103.8s, curr speed    1.262 kHz, avg speed    1.156 kHz), accepted    12259/  120001 events (10.22%)
Processed   130000/  237382 entries, 54.76% (elapsed time   111.1s, curr speed    1.370 kHz, avg speed    1.170 kHz), accepted    13213/  130001 events (10.16%)
Processed   140000/  237382 entries, 58.98% (elapsed time   118.3s, curr speed    1.379 kHz, avg speed    1.183 kHz), accepted    14270/  140001 events (10.19%)
Processed   150000/  237382 entries, 63.19% (elapsed time   126.3s, curr speed    1.253 kHz, avg speed    1.187 kHz), accepted    15289/  150001 events (10.19%)
Processed   160000/  237382 entries, 67.40% (elapsed time   135.2s, curr speed    1.134 kHz, avg speed    1.184 kHz), accepted    16358/  160001 events (10.22%)
Processed   170000/  237382 entries, 71.61% (elapsed time   142.1s, curr speed    1.435 kHz, avg speed    1.196 kHz), accepted    17346/  170001 events (10.20%)
Processed   180000/  237382 entries, 75.83% (elapsed time   149.7s, curr speed    1.315 kHz, avg speed    1.202 kHz), accepted    18346/  180001 events (10.19%)
Processed   190000/  237382 entries, 80.04% (elapsed time   157.0s, curr speed    1.379 kHz, avg speed    1.210 kHz), accepted    19365/  190001 events (10.19%)
Processed   200000/  237382 entries, 84.25% (elapsed time   164.6s, curr speed    1.316 kHz, avg speed    1.215 kHz), accepted    20373/  200001 events (10.19%)
Processed   210000/  237382 entries, 88.47% (elapsed time   171.8s, curr speed    1.384 kHz, avg speed    1.222 kHz), accepted    21395/  210001 events (10.19%)
Processed   220000/  237382 entries, 92.68% (elapsed time   178.5s, curr speed    1.487 kHz, avg speed    1.232 kHz), accepted    22409/  220001 events (10.19%)
Processed   230000/  237382 entries, 96.89% (elapsed time   185.9s, curr speed    1.347 kHz, avg speed    1.237 kHz), accepted    23372/  230001 events (10.16%)
Processed 237382 preselected entries from /eos/cms/store/group/phys_tau/TauFW/nano/UL2017/DY2JetsToLL_M-50_TuneCP5_13TeV-madgraphMLM-pythia8/RunIISummer19UL17NanoAODv2-106X_mc2017_realistic_v8-v1/NANOAODSIM/9C847B05-7CC8-2343-8A79-DEBF687E6E40_skimjec_2.root (237382 entries). Finally selected 24133 entries
Pre-select 237382 entries out of 237382 (100.00%)
Processed    10000/  237382 entries,  4.21% (elapsed time    13.6s, curr speed    0.735 kHz, avg speed    0.735 kHz), accepted     1048/   10001 events (10.48%)
Processed    20000/  237382 entries,  8.43% (elapsed time    25.8s, curr speed    0.823 kHz, avg speed    0.776 kHz), accepted     2104/   20001 events (10.52%)
Processed    30000/  237382 entries, 12.64% (elapsed time    36.1s, curr speed    0.965 kHz, avg speed    0.830 kHz), accepted     3104/   30001 events (10.35%)
Processed    40000/  237382 entries, 16.85% (elapsed time    45.1s, curr speed    1.113 kHz, avg speed    0.887 kHz), accepted     4121/   40001 events (10.30%)
Processed    50000/  237382 entries, 21.06% (elapsed time    53.5s, curr speed    1.199 kHz, avg speed    0.935 kHz), accepted     5173/   50001 events (10.35%)
Processed    60000/  237382 entries, 25.28% (elapsed time    62.6s, curr speed    1.091 kHz, avg speed    0.958 kHz), accepted     6236/   60001 events (10.39%)
Processed    70000/  237382 entries, 29.49% (elapsed time    70.0s, curr speed    1.362 kHz, avg speed    1.001 kHz), accepted     7233/   70001 events (10.33%)
Processed    80000/  237382 entries, 33.70% (elapsed time    80.8s, curr speed    0.924 kHz, avg speed    0.990 kHz), accepted     8258/   80001 events (10.32%)
Processed    90000/  237382 entries, 37.91% (elapsed time    92.0s, curr speed    0.893 kHz, avg speed    0.978 kHz), accepted     9365/   90001 events (10.41%)
Processed   100000/  237382 entries, 42.13% (elapsed time   102.0s, curr speed    1.000 kHz, avg speed    0.981 kHz), accepted    10332/  100001 events (10.33%)
Processed   110000/  237382 entries, 46.34% (elapsed time   111.5s, curr speed    1.047 kHz, avg speed    0.986 kHz), accepted    11380/  110001 events (10.35%)
Processed   120000/  237382 entries, 50.55% (elapsed time   121.5s, curr speed    1.000 kHz, avg speed    0.987 kHz), accepted    12373/  120001 events (10.31%)
Processed   130000/  237382 entries, 54.76% (elapsed time   129.5s, curr speed    1.250 kHz, avg speed    1.004 kHz), accepted    13410/  130001 events (10.32%)
Processed   140000/  237382 entries, 58.98% (elapsed time   137.7s, curr speed    1.228 kHz, avg speed    1.017 kHz), accepted    14460/  140001 events (10.33%)
Processed   150000/  237382 entries, 63.19% (elapsed time   145.3s, curr speed    1.309 kHz, avg speed    1.032 kHz), accepted    15468/  150001 events (10.31%)
Processed   160000/  237382 entries, 67.40% (elapsed time   154.1s, curr speed    1.142 kHz, avg speed    1.038 kHz), accepted    16482/  160001 events (10.30%)
Processed   170000/  237382 entries, 71.61% (elapsed time   162.6s, curr speed    1.179 kHz, avg speed    1.046 kHz), accepted    17524/  170001 events (10.31%)
Processed   180000/  237382 entries, 75.83% (elapsed time   170.6s, curr speed    1.248 kHz, avg speed    1.055 kHz), accepted    18551/  180001 events (10.31%)
Processed   190000/  237382 entries, 80.04% (elapsed time   179.3s, curr speed    1.146 kHz, avg speed    1.060 kHz), accepted    19561/  190001 events (10.30%)
Processed   200000/  237382 entries, 84.25% (elapsed time   187.9s, curr speed    1.168 kHz, avg speed    1.065 kHz), accepted    20558/  200001 events (10.28%)
Processed   210000/  237382 entries, 88.47% (elapsed time   196.5s, curr speed    1.157 kHz, avg speed    1.069 kHz), accepted    21577/  210001 events (10.27%)
Processed   220000/  237382 entries, 92.68% (elapsed time   205.8s, curr speed    1.075 kHz, avg speed    1.069 kHz), accepted    22572/  220001 events (10.26%)
Processed   230000/  237382 entries, 96.89% (elapsed time   214.4s, curr speed    1.167 kHz, avg speed    1.073 kHz), accepted    23514/  230001 events (10.22%)
Processed 237382 preselected entries from /eos/cms/store/group/phys_tau/TauFW/nano/UL2017/DY2JetsToLL_M-50_TuneCP5_13TeV-madgraphMLM-pythia8/RunIISummer19UL17NanoAODv2-106X_mc2017_realistic_v8-v1/NANOAODSIM/9C847B05-7CC8-2343-8A79-DEBF687E6E40_skimjec_3.root (237382 entries). Finally selected 24307 entries
Total time 1056.4 sec. to process 1181943 events. Rate = 1118.9 Hz.
>>> cwd          = /pool/condor/dir_9792
>>> ls           = ['.update.ad', 'pico_etau_19.root', 'lvigilan.cc', 'condor_exec.exe', 'tmp', 'var', '_condor_stdout', 'x509_voms', '.job.ad', '.machine.ad', '.chirp.config']
>>> getstorage('/eos/home-l/lvigilan/output_ETauFR_UL17_RUN1/UL2017/etau/DY2JetsToLL_M-50'), <EOS("/eos/home-l/lvigilan/output_ETauFR_UL17_RUN1/UL2017/etau/DY2JetsToLL_M-50") at 0x2b66a01bfd10>
>>> Executing: 'cp ./pico_etau_19.root /eos/home-l/lvigilan/output_ETauFR_UL17_RUN1/UL2017/etau/DY2JetsToLL_M-50'
>>> Removing './pico_etau_19.root'...
>>> picojob.py done after 1080.7 seconds

Job complete at Mon Jun  7 19:12:21 CEST 2021
Took 18 minutes 2 seconds040 (2367587.019.000) 06/07 19:12:22 Finished transferring output files
...
005 (2367587.019.000) 06/07 19:12:22 Job terminated.
	(1) Normal termination (return value 0)
		Usr 0 00:11:33, Sys 0 00:00:21  -  Run Remote Usage
		Usr 0 00:00:00, Sys 0 00:00:00  -  Run Local Usage
		Usr 0 00:11:33, Sys 0 00:00:21  -  Total Remote Usage
		Usr 0 00:00:00, Sys 0 00:00:00  -  Total Local Usage
	36287  -  Run Bytes Sent By Job
	9930  -  Run Bytes Received By Job
	36287  -  Total Bytes Sent By Job
	9930  -  Total Bytes Received By Job
	Partitionable Resources :    Usage  Request Allocated 
	   Cpus                 :     0.62        1         1 
	   Disk (KB)            : 17033           1    271495 
	   Memory (MB)          :   280        2000      2000 

	Job terminated of its own accord at 2021-06-07T17:12:21Z.
...
