Could not find platform independent libraries <prefix>
Could not find platform dependent libraries <exec_prefix>
Consider setting $PYTHONHOME to <prefix>[:<exec_prefix>]
ImportError: No module named site
Job start at Mon Jun  7 18:54:19 CEST 2021
Running job on machine Linux b7s13n0903.cern.ch 3.10.0-1160.6.1.el7.x86_64 #1 SMP Tue Nov 17 13:59:11 UTC 2020 x86_64 x86_64 x86_64 GNU/Linux, host b7s13n0903.cern.ch
============================================================
$PWD=/pool/condor/dir_24399
$JOBID=2367587
$TASKID=16
$HOSTNAME=b7s13n0903.cern.ch
$TASKCMD=/afs/cern.ch/work/l/lvigilan/TauWork/CMSSW_10_6_17_patch1/src/TauFW/PicoProducer/python/processors/picojob.py -y UL2017 -d 'mc' -c etau -M ETauFakeRate.ModuleETau --copydir /eos/home-l/lvigilan/output_ETauFR_UL17_RUN1/UL2017/etau/DY2JetsToLL_M-50 -t _etau_16 --opt 'useT1=True' 'zpt=True' -i /eos/cms/store/group/phys_tau/TauFW/nano/UL2017/DY2JetsToLL_M-50_TuneCP5_13TeV-madgraphMLM-pythia8/RunIISummer19UL17NanoAODv2-106X_mc2017_realistic_v8-v1/NANOAODSIM/8FCE9693-4312-2D4F-8A57-AC4F94F3B2E6_skimjec_1.root /eos/cms/store/group/phys_tau/TauFW/nano/UL2017/DY2JetsToLL_M-50_TuneCP5_13TeV-madgraphMLM-pythia8/RunIISummer19UL17NanoAODv2-106X_mc2017_realistic_v8-v1/NANOAODSIM/8FCE9693-4312-2D4F-8A57-AC4F94F3B2E6_skimjec_2.root /eos/cms/store/group/phys_tau/TauFW/nano/UL2017/DY2JetsToLL_M-50_TuneCP5_13TeV-madgraphMLM-pythia8/RunIISummer19UL17NanoAODv2-106X_mc2017_realistic_v8-v1/NANOAODSIM/8FCE9693-4312-2D4F-8A57-AC4F94F3B2E6_skimjec_3.root /eos/cms/store/group/phys_tau/TauFW/nano/UL2017/DY2JetsToLL_M-50_TuneCP5_13TeV-madgraphMLM-pythia8/RunIISummer19UL17NanoAODv2-106X_mc2017_realistic_v8-v1/NANOAODSIM/91825CE3-B76F-1144-B5DC-94BC06179B53_skimjec_0.root /eos/cms/store/group/phys_tau/TauFW/nano/UL2017/DY2JetsToLL_M-50_TuneCP5_13TeV-madgraphMLM-pythia8/RunIISummer19UL17NanoAODv2-106X_mc2017_realistic_v8-v1/NANOAODSIM/91825CE3-B76F-1144-B5DC-94BC06179B53_skimjec_1.root
$WORKDIR=/pool/condor/dir_24399
>>> cd /afs/cern.ch/work/l/lvigilan/TauWork/CMSSW_10_6_17_patch1/src
>>> eval `scramv1 runtime -sh`
>>> cd /pool/condor/dir_24399
$PWD=/pool/condor/dir_24399
>>> /afs/cern.ch/work/l/lvigilan/TauWork/CMSSW_10_6_17_patch1/src/TauFW/PicoProducer/python/processors/picojob.py -y UL2017 -d 'mc' -c etau -M ETauFakeRate.ModuleETau --copydir /eos/home-l/lvigilan/output_ETauFR_UL17_RUN1/UL2017/etau/DY2JetsToLL_M-50 -t _etau_16 --opt 'useT1=True' 'zpt=True' -i /eos/cms/store/group/phys_tau/TauFW/nano/UL2017/DY2JetsToLL_M-50_TuneCP5_13TeV-madgraphMLM-pythia8/RunIISummer19UL17NanoAODv2-106X_mc2017_realistic_v8-v1/NANOAODSIM/8FCE9693-4312-2D4F-8A57-AC4F94F3B2E6_skimjec_1.root /eos/cms/store/group/phys_tau/TauFW/nano/UL2017/DY2JetsToLL_M-50_TuneCP5_13TeV-madgraphMLM-pythia8/RunIISummer19UL17NanoAODv2-106X_mc2017_realistic_v8-v1/NANOAODSIM/8FCE9693-4312-2D4F-8A57-AC4F94F3B2E6_skimjec_2.root /eos/cms/store/group/phys_tau/TauFW/nano/UL2017/DY2JetsToLL_M-50_TuneCP5_13TeV-madgraphMLM-pythia8/RunIISummer19UL17NanoAODv2-106X_mc2017_realistic_v8-v1/NANOAODSIM/8FCE9693-4312-2D4F-8A57-AC4F94F3B2E6_skimjec_3.root /eos/cms/store/group/phys_tau/TauFW/nano/UL2017/DY2JetsToLL_M-50_TuneCP5_13TeV-madgraphMLM-pythia8/RunIISummer19UL17NanoAODv2-106X_mc2017_realistic_v8-v1/NANOAODSIM/91825CE3-B76F-1144-B5DC-94BC06179B53_skimjec_0.root /eos/cms/store/group/phys_tau/TauFW/nano/UL2017/DY2JetsToLL_M-50_TuneCP5_13TeV-madgraphMLM-pythia8/RunIISummer19UL17NanoAODv2-106X_mc2017_realistic_v8-v1/NANOAODSIM/91825CE3-B76F-1144-B5DC-94BC06179B53_skimjec_1.root
Error in <TGClient::TGClient>: can't open display "localhost:19.0", switching to batch mode...
 In case you run from a remote ssh session, reconnect with ssh -Y
--------------------------------------------------------------------------------
>>> era          = 'UL2017'
>>> year         = 2017
>>> channel      = 'etau'
>>> modname      = 'ETauFakeRate.ModuleETau'
>>> dtype        = 'mc'
>>> kwargs       = {'dtype': 'mc', 'zpt': True, 'useT1': True, 'verb': 0, 'era': 'UL2017', 'year': 2017}
>>> firstevt     = 0
>>> maxevts      = None
>>> outdir       = '.'
>>> copydir      = '/eos/home-l/lvigilan/output_ETauFR_UL17_RUN1/UL2017/etau/DY2JetsToLL_M-50'
>>> infiles      = ['/eos/cms/store/group/phys_tau/TauFW/nano/UL2017/DY2JetsToLL_M-50_TuneCP5_13TeV-madgraphMLM-pythia8/RunIISummer19UL17NanoAODv2-106X_mc2017_realistic_v8-v1/NANOAODSIM/8FCE9693-4312-2D4F-8A57-AC4F94F3B2E6_skimjec_1.root', '/eos/cms/store/group/phys_tau/TauFW/nano/UL2017/DY2JetsToLL_M-50_TuneCP5_13TeV-madgraphMLM-pythia8/RunIISummer19UL17NanoAODv2-106X_mc2017_realistic_v8-v1/NANOAODSIM/8FCE9693-4312-2D4F-8A57-AC4F94F3B2E6_skimjec_2.root', '/eos/cms/store/group/phys_tau/TauFW/nano/UL2017/DY2JetsToLL_M-50_TuneCP5_13TeV-madgraphMLM-pythia8/RunIISummer19UL17NanoAODv2-106X_mc2017_realistic_v8-v1/NANOAODSIM/8FCE9693-4312-2D4F-8A57-AC4F94F3B2E6_skimjec_3.root', '/eos/cms/store/group/phys_tau/TauFW/nano/UL2017/DY2JetsToLL_M-50_TuneCP5_13TeV-madgraphMLM-pythia8/RunIISummer19UL17NanoAODv2-106X_mc2017_realistic_v8-v1/NANOAODSIM/91825CE3-B76F-1144-B5DC-94BC06179B53_skimjec_0.root', '/eos/cms/store/group/phys_tau/TauFW/nano/UL2017/DY2JetsToLL_M-50_TuneCP5_13TeV-madgraphMLM-pythia8/RunIISummer19UL17NanoAODv2-106X_mc2017_realistic_v8-v1/NANOAODSIM/91825CE3-B76F-1144-B5DC-94BC06179B53_skimjec_1.root']
>>> outfname     = './pico_etau_16.root'
>>> branchsel    = '/afs/cern.ch/work/l/lvigilan/TauWork/CMSSW_10_6_17_patch1/python/TauFW/PicoProducer/processors/keep_and_drop_skim.txt'
>>> json         = None
>>> prefetch     = False
>>> cwd          = /pool/condor/dir_24399
--------------------------------------------------------------------------------

   ################
   #  ModuleETau  #
   ################

Loading PileupWeightTool for '/afs/cern.ch/work/l/lvigilan/TauWork/CMSSW_10_6_17_patch1/src/TauFW/PicoProducer/data/pileup/Data_PileUp_UL2017_69p2.root' and '/afs/cern.ch/work/l/lvigilan/TauWork/CMSSW_10_6_17_patch1/src/TauFW/PicoProducer/data/pileup/MC_PileUp_UL2017_Summer19.root'
Loading BTagWeightTool for DeepCSV (medium WP)...
>>> BTagTool: [1m[33mWarning! [0m[33mHistogram 'etau/eff_DeepCSV_udsg_medium' does not exist in /afs/cern.ch/work/l/lvigilan/TauWork/CMSSW_10_6_17_patch1/src/TauFW/PicoProducer/data/btag/DeepCSV_2017_12Apr2017_eff.root! Reverting to default efficiency histogram...[0m
>>> BTagTool: [1m[33mWarning! [0m[33mHistogram 'etau/eff_DeepCSV_c_medium' does not exist in /afs/cern.ch/work/l/lvigilan/TauWork/CMSSW_10_6_17_patch1/src/TauFW/PicoProducer/data/btag/DeepCSV_2017_12Apr2017_eff.root! Reverting to default efficiency histogram...[0m
>>> BTagTool: [1m[33mWarning! [0m[33mHistogram 'etau/eff_DeepCSV_b_medium' does not exist in /afs/cern.ch/work/l/lvigilan/TauWork/CMSSW_10_6_17_patch1/src/TauFW/PicoProducer/data/btag/DeepCSV_2017_12Apr2017_eff.root! Reverting to default efficiency histogram...[0m
>>> BTagTool: [1m[33mWarning! [0m[33mMade use of default efficiency histograms! The b tag weights from this module should be regarded as placeholders only,
and should NOT be used for analyses. B (mis)tag efficiencies in MC are analysis dependent. Please create your own
efficiency histogram with data/btag/getBTagEfficiencies.py after running all MC samples with BTagWeightTool.[0m
Loading TreeProducerETau for './pico_etau_16.root'
--------------------------------------------------------------------------------
>>> filename     = './pico_etau_16.root'
>>> year         = 2017
>>> dtype        = 'mc'
>>> channel      = 'etau'
>>> ismc         = True
>>> isdata       = False
>>> isembed      = False
>>> tes          = 1.0
>>> tessys       = None
>>> fes          = None
>>> ltf          = None
>>> jtf          = 1.0
>>> dotoppt      = False
>>> dozpt        = True
>>> dojec        = True
>>> dojecsys     = True
>>> dotight      = False
>>> useT1        = True
>>> jetCutPt     = 30
>>> bjetCutEta   = 2.7
>>> tauwp        = 0
>>> eleCutPt     = 36
>>> eleCutEta    = 2.1
>>> tauCutPt     = 20
>>> tauCutEta    = 2.3
>>> ZpeekReso    = 0.1
Pre-select 240379 entries out of 240379 (100.00%)
Processed    10000/  240379 entries,  4.16% (elapsed time     7.2s, curr speed    1.387 kHz, avg speed    1.387 kHz), accepted     1041/   10001 events (10.41%)
Processed    20000/  240379 entries,  8.32% (elapsed time    10.9s, curr speed    2.734 kHz, avg speed    1.840 kHz), accepted     2062/   20001 events (10.31%)
Processed    30000/  240379 entries, 12.48% (elapsed time    15.1s, curr speed    2.386 kHz, avg speed    1.992 kHz), accepted     3098/   30001 events (10.33%)
Processed    40000/  240379 entries, 16.64% (elapsed time    18.8s, curr speed    2.703 kHz, avg speed    2.132 kHz), accepted     4163/   40001 events (10.41%)
Processed    50000/  240379 entries, 20.80% (elapsed time    23.5s, curr speed    2.124 kHz, avg speed    2.131 kHz), accepted     5223/   50001 events (10.45%)
Processed    60000/  240379 entries, 24.96% (elapsed time    27.2s, curr speed    2.694 kHz, avg speed    2.208 kHz), accepted     6255/   60001 events (10.42%)
Processed    70000/  240379 entries, 29.12% (elapsed time    30.7s, curr speed    2.832 kHz, avg speed    2.279 kHz), accepted     7224/   70001 events (10.32%)
Processed    80000/  240379 entries, 33.28% (elapsed time    34.3s, curr speed    2.824 kHz, avg speed    2.336 kHz), accepted     8213/   80001 events (10.27%)
Processed    90000/  240379 entries, 37.44% (elapsed time    38.1s, curr speed    2.623 kHz, avg speed    2.365 kHz), accepted     9213/   90001 events (10.24%)
Processed   100000/  240379 entries, 41.60% (elapsed time    42.3s, curr speed    2.358 kHz, avg speed    2.364 kHz), accepted    10218/  100001 events (10.22%)
Processed   110000/  240379 entries, 45.76% (elapsed time    47.3s, curr speed    2.016 kHz, avg speed    2.327 kHz), accepted    11229/  110001 events (10.21%)
Processed   120000/  240379 entries, 49.92% (elapsed time    51.4s, curr speed    2.408 kHz, avg speed    2.334 kHz), accepted    12244/  120001 events (10.20%)
Processed   130000/  240379 entries, 54.08% (elapsed time    55.5s, curr speed    2.428 kHz, avg speed    2.341 kHz), accepted    13249/  130001 events (10.19%)
Processed   140000/  240379 entries, 58.24% (elapsed time    59.2s, curr speed    2.699 kHz, avg speed    2.363 kHz), accepted    14254/  140001 events (10.18%)
Processed   150000/  240379 entries, 62.40% (elapsed time    62.8s, curr speed    2.850 kHz, avg speed    2.390 kHz), accepted    15268/  150001 events (10.18%)
Processed   160000/  240379 entries, 66.56% (elapsed time    66.4s, curr speed    2.778 kHz, avg speed    2.411 kHz), accepted    16306/  160001 events (10.19%)
Processed   170000/  240379 entries, 70.72% (elapsed time    69.7s, curr speed    3.013 kHz, avg speed    2.440 kHz), accepted    17301/  170001 events (10.18%)
Processed   180000/  240379 entries, 74.88% (elapsed time    73.2s, curr speed    2.795 kHz, avg speed    2.457 kHz), accepted    18327/  180001 events (10.18%)
Processed   190000/  240379 entries, 79.04% (elapsed time    76.8s, curr speed    2.816 kHz, avg speed    2.474 kHz), accepted    19379/  190001 events (10.20%)
Processed   200000/  240379 entries, 83.20% (elapsed time    80.2s, curr speed    2.972 kHz, avg speed    2.495 kHz), accepted    20387/  200001 events (10.19%)
Processed   210000/  240379 entries, 87.36% (elapsed time    83.6s, curr speed    2.885 kHz, avg speed    2.511 kHz), accepted    21416/  210001 events (10.20%)
Processed   220000/  240379 entries, 91.52% (elapsed time    87.2s, curr speed    2.812 kHz, avg speed    2.523 kHz), accepted    22457/  220001 events (10.21%)
Processed   230000/  240379 entries, 95.68% (elapsed time    90.7s, curr speed    2.849 kHz, avg speed    2.536 kHz), accepted    23458/  230001 events (10.20%)
Processed   240000/  240379 entries, 99.84% (elapsed time    93.9s, curr speed    3.120 kHz, avg speed    2.556 kHz), accepted    24440/  240001 events (10.18%)
Processed 240379 preselected entries from /eos/cms/store/group/phys_tau/TauFW/nano/UL2017/DY2JetsToLL_M-50_TuneCP5_13TeV-madgraphMLM-pythia8/RunIISummer19UL17NanoAODv2-106X_mc2017_realistic_v8-v1/NANOAODSIM/8FCE9693-4312-2D4F-8A57-AC4F94F3B2E6_skimjec_1.root (240379 entries). Finally selected 24482 entries
Pre-select 240379 entries out of 240379 (100.00%)
Processed    10000/  240379 entries,  4.16% (elapsed time     6.2s, curr speed    1.610 kHz, avg speed    1.610 kHz), accepted     1056/   10001 events (10.56%)
Processed    20000/  240379 entries,  8.32% (elapsed time     9.7s, curr speed    2.850 kHz, avg speed    2.057 kHz), accepted     2069/   20001 events (10.34%)
Processed    30000/  240379 entries, 12.48% (elapsed time    13.2s, curr speed    2.903 kHz, avg speed    2.279 kHz), accepted     3092/   30001 events (10.31%)
Processed    40000/  240379 entries, 16.64% (elapsed time    17.5s, curr speed    2.322 kHz, avg speed    2.289 kHz), accepted     4105/   40001 events (10.26%)
Processed    50000/  240379 entries, 20.80% (elapsed time    22.6s, curr speed    1.953 kHz, avg speed    2.213 kHz), accepted     5137/   50001 events (10.27%)
Processed    60000/  240379 entries, 24.96% (elapsed time    27.1s, curr speed    2.224 kHz, avg speed    2.215 kHz), accepted     6119/   60001 events (10.20%)
Processed    70000/  240379 entries, 29.12% (elapsed time    30.6s, curr speed    2.844 kHz, avg speed    2.287 kHz), accepted     7127/   70001 events (10.18%)
Processed    80000/  240379 entries, 33.28% (elapsed time    34.2s, curr speed    2.772 kHz, avg speed    2.338 kHz), accepted     8164/   80001 events (10.20%)
Processed    90000/  240379 entries, 37.44% (elapsed time    38.0s, curr speed    2.656 kHz, avg speed    2.370 kHz), accepted     9143/   90001 events (10.16%)
Processed   100000/  240379 entries, 41.60% (elapsed time    41.3s, curr speed    2.976 kHz, avg speed    2.419 kHz), accepted    10100/  100001 events (10.10%)
Processed   110000/  240379 entries, 45.76% (elapsed time    44.9s, curr speed    2.773 kHz, avg speed    2.448 kHz), accepted    11085/  110001 events (10.08%)
Processed   120000/  240379 entries, 49.92% (elapsed time    48.4s, curr speed    2.898 kHz, avg speed    2.480 kHz), accepted    12138/  120001 events (10.11%)
Processed   130000/  240379 entries, 54.08% (elapsed time    52.0s, curr speed    2.796 kHz, avg speed    2.501 kHz), accepted    13153/  130001 events (10.12%)
Processed   140000/  240379 entries, 58.24% (elapsed time    55.4s, curr speed    2.951 kHz, avg speed    2.529 kHz), accepted    14136/  140001 events (10.10%)
Processed   150000/  240379 entries, 62.40% (elapsed time    59.0s, curr speed    2.737 kHz, avg speed    2.542 kHz), accepted    15203/  150001 events (10.14%)
Processed   160000/  240379 entries, 66.56% (elapsed time    62.8s, curr speed    2.636 kHz, avg speed    2.548 kHz), accepted    16206/  160001 events (10.13%)
Processed   170000/  240379 entries, 70.72% (elapsed time    66.8s, curr speed    2.494 kHz, avg speed    2.544 kHz), accepted    17292/  170001 events (10.17%)
Processed   180000/  240379 entries, 74.88% (elapsed time    70.7s, curr speed    2.543 kHz, avg speed    2.544 kHz), accepted    18362/  180001 events (10.20%)
Processed   190000/  240379 entries, 79.04% (elapsed time    74.6s, curr speed    2.616 kHz, avg speed    2.548 kHz), accepted    19383/  190001 events (10.20%)
Processed   200000/  240379 entries, 83.20% (elapsed time    78.1s, curr speed    2.804 kHz, avg speed    2.560 kHz), accepted    20412/  200001 events (10.21%)
Processed   210000/  240379 entries, 87.36% (elapsed time    81.5s, curr speed    2.935 kHz, avg speed    2.575 kHz), accepted    21425/  210001 events (10.20%)
Processed   220000/  240379 entries, 91.52% (elapsed time    85.0s, curr speed    2.876 kHz, avg speed    2.588 kHz), accepted    22440/  220001 events (10.20%)
Processed   230000/  240379 entries, 95.68% (elapsed time    88.6s, curr speed    2.765 kHz, avg speed    2.595 kHz), accepted    23444/  230001 events (10.19%)
Processed   240000/  240379 entries, 99.84% (elapsed time    92.4s, curr speed    2.668 kHz, avg speed    2.598 kHz), accepted    24523/  240001 events (10.22%)
Processed 240379 preselected entries from /eos/cms/store/group/phys_tau/TauFW/nano/UL2017/DY2JetsToLL_M-50_TuneCP5_13TeV-madgraphMLM-pythia8/RunIISummer19UL17NanoAODv2-106X_mc2017_realistic_v8-v1/NANOAODSIM/8FCE9693-4312-2D4F-8A57-AC4F94F3B2E6_skimjec_2.root (240379 entries). Finally selected 24556 entries
Pre-select 240379 entries out of 240379 (100.00%)
Processed    10000/  240379 entries,  4.16% (elapsed time     7.3s, curr speed    1.366 kHz, avg speed    1.366 kHz), accepted     1029/   10001 events (10.29%)
Processed    20000/  240379 entries,  8.32% (elapsed time    12.0s, curr speed    2.143 kHz, avg speed    1.669 kHz), accepted     2053/   20001 events (10.26%)
Processed    30000/  240379 entries, 12.48% (elapsed time    15.7s, curr speed    2.711 kHz, avg speed    1.914 kHz), accepted     3108/   30001 events (10.36%)
Processed    40000/  240379 entries, 16.64% (elapsed time    19.8s, curr speed    2.443 kHz, avg speed    2.024 kHz), accepted     4163/   40001 events (10.41%)
Processed    50000/  240379 entries, 20.80% (elapsed time    23.4s, curr speed    2.765 kHz, avg speed    2.138 kHz), accepted     5145/   50001 events (10.29%)
Processed    60000/  240379 entries, 24.96% (elapsed time    28.2s, curr speed    2.062 kHz, avg speed    2.125 kHz), accepted     6172/   60001 events (10.29%)
Processed    70000/  240379 entries, 29.12% (elapsed time    31.8s, curr speed    2.819 kHz, avg speed    2.203 kHz), accepted     7184/   70001 events (10.26%)
Processed    80000/  240379 entries, 33.28% (elapsed time    36.2s, curr speed    2.240 kHz, avg speed    2.207 kHz), accepted     8246/   80001 events (10.31%)
Processed    90000/  240379 entries, 37.44% (elapsed time    39.8s, curr speed    2.795 kHz, avg speed    2.260 kHz), accepted     9288/   90001 events (10.32%)
Processed   100000/  240379 entries, 41.60% (elapsed time    43.7s, curr speed    2.577 kHz, avg speed    2.288 kHz), accepted    10336/  100001 events (10.34%)
Processed   110000/  240379 entries, 45.76% (elapsed time    48.1s, curr speed    2.296 kHz, avg speed    2.289 kHz), accepted    11361/  110001 events (10.33%)
Processed   120000/  240379 entries, 49.92% (elapsed time    51.8s, curr speed    2.663 kHz, avg speed    2.316 kHz), accepted    12428/  120001 events (10.36%)
Processed   130000/  240379 entries, 54.08% (elapsed time    55.2s, curr speed    2.916 kHz, avg speed    2.353 kHz), accepted    13474/  130001 events (10.36%)
Processed   140000/  240379 entries, 58.24% (elapsed time    59.5s, curr speed    2.350 kHz, avg speed    2.353 kHz), accepted    14501/  140001 events (10.36%)
Processed   150000/  240379 entries, 62.40% (elapsed time    63.9s, curr speed    2.297 kHz, avg speed    2.349 kHz), accepted    15539/  150001 events (10.36%)
Processed   160000/  240379 entries, 66.56% (elapsed time    67.6s, curr speed    2.691 kHz, avg speed    2.368 kHz), accepted    16575/  160001 events (10.36%)
Processed   170000/  240379 entries, 70.72% (elapsed time    71.1s, curr speed    2.848 kHz, avg speed    2.392 kHz), accepted    17560/  170001 events (10.33%)
Processed   180000/  240379 entries, 74.88% (elapsed time    74.6s, curr speed    2.802 kHz, avg speed    2.411 kHz), accepted    18597/  180001 events (10.33%)
Processed   190000/  240379 entries, 79.04% (elapsed time    78.6s, curr speed    2.524 kHz, avg speed    2.417 kHz), accepted    19673/  190001 events (10.35%)
Processed   200000/  240379 entries, 83.20% (elapsed time    82.3s, curr speed    2.710 kHz, avg speed    2.430 kHz), accepted    20640/  200001 events (10.32%)
Processed   210000/  240379 entries, 87.36% (elapsed time    85.9s, curr speed    2.764 kHz, avg speed    2.444 kHz), accepted    21669/  210001 events (10.32%)
Processed   220000/  240379 entries, 91.52% (elapsed time    89.7s, curr speed    2.650 kHz, avg speed    2.453 kHz), accepted    22739/  220001 events (10.34%)
Processed   230000/  240379 entries, 95.68% (elapsed time    93.7s, curr speed    2.496 kHz, avg speed    2.455 kHz), accepted    23792/  230001 events (10.34%)
Processed   240000/  240379 entries, 99.84% (elapsed time    97.0s, curr speed    3.015 kHz, avg speed    2.474 kHz), accepted    24830/  240001 events (10.35%)
Processed 240379 preselected entries from /eos/cms/store/group/phys_tau/TauFW/nano/UL2017/DY2JetsToLL_M-50_TuneCP5_13TeV-madgraphMLM-pythia8/RunIISummer19UL17NanoAODv2-106X_mc2017_realistic_v8-v1/NANOAODSIM/8FCE9693-4312-2D4F-8A57-AC4F94F3B2E6_skimjec_3.root (240379 entries). Finally selected 24873 entries
Pre-select 240469 entries out of 240469 (100.00%)
Processed    10000/  240469 entries,  4.16% (elapsed time     6.6s, curr speed    1.515 kHz, avg speed    1.515 kHz), accepted      976/   10001 events ( 9.76%)
Processed    20000/  240469 entries,  8.32% (elapsed time    10.2s, curr speed    2.745 kHz, avg speed    1.952 kHz), accepted     1980/   20001 events ( 9.90%)
Processed    30000/  240469 entries, 12.48% (elapsed time    14.5s, curr speed    2.329 kHz, avg speed    2.063 kHz), accepted     3023/   30001 events (10.08%)
Processed    40000/  240469 entries, 16.63% (elapsed time    18.2s, curr speed    2.750 kHz, avg speed    2.201 kHz), accepted     4049/   40001 events (10.12%)
Processed    50000/  240469 entries, 20.79% (elapsed time    21.7s, curr speed    2.845 kHz, avg speed    2.305 kHz), accepted     5076/   50001 events (10.15%)
Processed    60000/  240469 entries, 24.95% (elapsed time    25.4s, curr speed    2.694 kHz, avg speed    2.362 kHz), accepted     6169/   60001 events (10.28%)
Processed    70000/  240469 entries, 29.11% (elapsed time    29.2s, curr speed    2.609 kHz, avg speed    2.394 kHz), accepted     7257/   70001 events (10.37%)
Processed    80000/  240469 entries, 33.27% (elapsed time    33.2s, curr speed    2.498 kHz, avg speed    2.407 kHz), accepted     8340/   80001 events (10.42%)
Processed    90000/  240469 entries, 37.43% (elapsed time    36.9s, curr speed    2.709 kHz, avg speed    2.437 kHz), accepted     9384/   90001 events (10.43%)
Processed   100000/  240469 entries, 41.59% (elapsed time    40.4s, curr speed    2.880 kHz, avg speed    2.475 kHz), accepted    10383/  100001 events (10.38%)
Processed   110000/  240469 entries, 45.74% (elapsed time    45.4s, curr speed    2.000 kHz, avg speed    2.423 kHz), accepted    11421/  110001 events (10.38%)
Processed   120000/  240469 entries, 49.90% (elapsed time    49.1s, curr speed    2.705 kHz, avg speed    2.444 kHz), accepted    12436/  120001 events (10.36%)
Processed   130000/  240469 entries, 54.06% (elapsed time    52.6s, curr speed    2.893 kHz, avg speed    2.474 kHz), accepted    13409/  130001 events (10.31%)
Processed   140000/  240469 entries, 58.22% (elapsed time    56.3s, curr speed    2.673 kHz, avg speed    2.487 kHz), accepted    14446/  140001 events (10.32%)
Processed   150000/  240469 entries, 62.38% (elapsed time    59.8s, curr speed    2.879 kHz, avg speed    2.510 kHz), accepted    15439/  150001 events (10.29%)
Processed   160000/  240469 entries, 66.54% (elapsed time    63.5s, curr speed    2.657 kHz, avg speed    2.518 kHz), accepted    16440/  160001 events (10.27%)
Processed   170000/  240469 entries, 70.70% (elapsed time    67.1s, curr speed    2.828 kHz, avg speed    2.535 kHz), accepted    17470/  170001 events (10.28%)
Processed   180000/  240469 entries, 74.85% (elapsed time    70.7s, curr speed    2.744 kHz, avg speed    2.545 kHz), accepted    18511/  180001 events (10.28%)
Processed   190000/  240469 entries, 79.01% (elapsed time    74.2s, curr speed    2.861 kHz, avg speed    2.560 kHz), accepted    19556/  190001 events (10.29%)
Processed   200000/  240469 entries, 83.17% (elapsed time    77.6s, curr speed    2.937 kHz, avg speed    2.577 kHz), accepted    20567/  200001 events (10.28%)
Processed   210000/  240469 entries, 87.33% (elapsed time    81.1s, curr speed    2.898 kHz, avg speed    2.590 kHz), accepted    21627/  210001 events (10.30%)
Processed   220000/  240469 entries, 91.49% (elapsed time    84.8s, curr speed    2.662 kHz, avg speed    2.594 kHz), accepted    22664/  220001 events (10.30%)
Processed   230000/  240469 entries, 95.65% (elapsed time    88.6s, curr speed    2.654 kHz, avg speed    2.596 kHz), accepted    23692/  230001 events (10.30%)
Processed   240000/  240469 entries, 99.80% (elapsed time    92.0s, curr speed    2.943 kHz, avg speed    2.609 kHz), accepted    24703/  240001 events (10.29%)
Processed 240469 preselected entries from /eos/cms/store/group/phys_tau/TauFW/nano/UL2017/DY2JetsToLL_M-50_TuneCP5_13TeV-madgraphMLM-pythia8/RunIISummer19UL17NanoAODv2-106X_mc2017_realistic_v8-v1/NANOAODSIM/91825CE3-B76F-1144-B5DC-94BC06179B53_skimjec_0.root (240469 entries). Finally selected 24749 entries
Pre-select 240469 entries out of 240469 (100.00%)
Processed    10000/  240469 entries,  4.16% (elapsed time     6.4s, curr speed    1.558 kHz, avg speed    1.558 kHz), accepted      997/   10001 events ( 9.97%)
Processed    20000/  240469 entries,  8.32% (elapsed time     9.9s, curr speed    2.834 kHz, avg speed    2.011 kHz), accepted     2018/   20001 events (10.09%)
Processed    30000/  240469 entries, 12.48% (elapsed time    13.7s, curr speed    2.631 kHz, avg speed    2.182 kHz), accepted     3122/   30001 events (10.41%)
Processed    40000/  240469 entries, 16.63% (elapsed time    17.3s, curr speed    2.830 kHz, avg speed    2.315 kHz), accepted     4162/   40001 events (10.40%)
Processed    50000/  240469 entries, 20.79% (elapsed time    20.9s, curr speed    2.770 kHz, avg speed    2.393 kHz), accepted     5187/   50001 events (10.37%)
Processed    60000/  240469 entries, 24.95% (elapsed time    24.5s, curr speed    2.773 kHz, avg speed    2.449 kHz), accepted     6225/   60001 events (10.37%)
Processed    70000/  240469 entries, 29.11% (elapsed time    27.9s, curr speed    2.980 kHz, avg speed    2.513 kHz), accepted     7201/   70001 events (10.29%)
Processed    80000/  240469 entries, 33.27% (elapsed time    32.1s, curr speed    2.379 kHz, avg speed    2.496 kHz), accepted     8277/   80001 events (10.35%)
Processed    90000/  240469 entries, 37.43% (elapsed time    35.7s, curr speed    2.778 kHz, avg speed    2.524 kHz), accepted     9305/   90001 events (10.34%)
Processed   100000/  240469 entries, 41.59% (elapsed time    39.5s, curr speed    2.576 kHz, avg speed    2.529 kHz), accepted    10361/  100001 events (10.36%)
Processed   110000/  240469 entries, 45.74% (elapsed time    43.6s, curr speed    2.460 kHz, avg speed    2.523 kHz), accepted    11348/  110001 events (10.32%)
Processed   120000/  240469 entries, 49.90% (elapsed time    47.3s, curr speed    2.680 kHz, avg speed    2.535 kHz), accepted    12329/  120001 events (10.27%)
Processed   130000/  240469 entries, 54.06% (elapsed time    51.4s, curr speed    2.472 kHz, avg speed    2.530 kHz), accepted    13339/  130001 events (10.26%)
Processed   140000/  240469 entries, 58.22% (elapsed time    55.0s, curr speed    2.740 kHz, avg speed    2.544 kHz), accepted    14320/  140001 events (10.23%)
Processed   150000/  240469 entries, 62.38% (elapsed time    58.8s, curr speed    2.684 kHz, avg speed    2.553 kHz), accepted    15297/  150001 events (10.20%)
Processed   160000/  240469 entries, 66.54% (elapsed time    62.7s, curr speed    2.524 kHz, avg speed    2.551 kHz), accepted    16334/  160001 events (10.21%)
Processed   170000/  240469 entries, 70.70% (elapsed time    66.3s, curr speed    2.812 kHz, avg speed    2.565 kHz), accepted    17373/  170001 events (10.22%)
Processed   180000/  240469 entries, 74.85% (elapsed time    69.8s, curr speed    2.874 kHz, avg speed    2.581 kHz), accepted    18363/  180001 events (10.20%)
Processed   190000/  240469 entries, 79.01% (elapsed time    73.5s, curr speed    2.699 kHz, avg speed    2.587 kHz), accepted    19372/  190001 events (10.20%)
Processed   200000/  240469 entries, 83.17% (elapsed time    77.0s, curr speed    2.810 kHz, avg speed    2.597 kHz), accepted    20361/  200001 events (10.18%)
Processed   210000/  240469 entries, 87.33% (elapsed time    80.7s, curr speed    2.692 kHz, avg speed    2.601 kHz), accepted    21367/  210001 events (10.17%)
Processed   220000/  240469 entries, 91.49% (elapsed time    85.0s, curr speed    2.353 kHz, avg speed    2.589 kHz), accepted    22352/  220001 events (10.16%)
Processed   230000/  240469 entries, 95.65% (elapsed time    88.7s, curr speed    2.667 kHz, avg speed    2.592 kHz), accepted    23388/  230001 events (10.17%)
Processed   240000/  240469 entries, 99.80% (elapsed time    92.7s, curr speed    2.504 kHz, avg speed    2.588 kHz), accepted    24464/  240001 events (10.19%)
Processed 240469 preselected entries from /eos/cms/store/group/phys_tau/TauFW/nano/UL2017/DY2JetsToLL_M-50_TuneCP5_13TeV-madgraphMLM-pythia8/RunIISummer19UL17NanoAODv2-106X_mc2017_realistic_v8-v1/NANOAODSIM/91825CE3-B76F-1144-B5DC-94BC06179B53_skimjec_1.root (240469 entries). Finally selected 24502 entries
Total time 470.1 sec. to process 1202075 events. Rate = 2557.1 Hz.
>>> cwd          = /pool/condor/dir_24399
>>> ls           = ['var', '.machine.ad', '.job.ad', 'x509_voms', '_condor_stdout', 'lvigilan.cc', 'tmp', '.chirp.config', 'condor_exec.exe', 'pico_etau_16.root']
>>> getstorage('/eos/home-l/lvigilan/output_ETauFR_UL17_RUN1/UL2017/etau/DY2JetsToLL_M-50'), <EOS("/eos/home-l/lvigilan/output_ETauFR_UL17_RUN1/UL2017/etau/DY2JetsToLL_M-50") at 0x2b9123462d10>
>>> Executing: 'cp ./pico_etau_16.root /eos/home-l/lvigilan/output_ETauFR_UL17_RUN1/UL2017/etau/DY2JetsToLL_M-50'
>>> Removing './pico_etau_16.root'...
>>> picojob.py done after 484.5 seconds

Job complete at Mon Jun  7 19:02:24 CEST 2021
Took 8 minutes 5 seconds040 (2367587.016.000) 06/07 19:02:24 Finished transferring output files
...
005 (2367587.016.000) 06/07 19:02:24 Job terminated.
	(1) Normal termination (return value 0)
		Usr 0 00:07:01, Sys 0 00:00:13  -  Run Remote Usage
		Usr 0 00:00:00, Sys 0 00:00:00  -  Run Local Usage
		Usr 0 00:07:01, Sys 0 00:00:13  -  Total Remote Usage
		Usr 0 00:00:00, Sys 0 00:00:00  -  Total Local Usage
	37080  -  Run Bytes Sent By Job
	9930  -  Run Bytes Received By Job
	37080  -  Total Bytes Sent By Job
	9930  -  Total Bytes Received By Job
	Partitionable Resources :    Usage  Request Allocated 
	   Cpus                 :                 1         1 
	   Disk (KB)            :    12779        1    118970 
	   Memory (MB)          :      280     2000      2000 

	Job terminated of its own accord at 2021-06-07T17:02:24Z.
...
