Could not find platform independent libraries <prefix>
Could not find platform dependent libraries <exec_prefix>
Consider setting $PYTHONHOME to <prefix>[:<exec_prefix>]
ImportError: No module named site
Job start at Tue Jun  8 10:13:03 CEST 2021
Running job on machine Linux b7s14n9237.cern.ch 3.10.0-1160.24.1.el7.x86_64 #1 SMP Thu Apr 8 19:51:47 UTC 2021 x86_64 x86_64 x86_64 GNU/Linux, host b7s14n9237.cern.ch
============================================================
$PWD=/pool/condor/dir_22660
$JOBID=2368941
$TASKID=88
$HOSTNAME=b7s14n9237.cern.ch
$TASKCMD=/afs/cern.ch/work/l/lvigilan/TauWork/CMSSW_10_6_17_patch1/src/TauFW/PicoProducer/python/processors/picojob.py -y UL2017 -d 'mc' -c etau -M ETauFakeRate.ModuleETau --copydir /eos/home-l/lvigilan/output_ETauFR_UL17_RUN1/UL2017/etau/TTToHadronic -t _etau_EES1p01_88 --opt 'ees=1.01' 'useT1=True' 'toppt=True' -i /eos/cms/store/group/phys_tau/TauFW/nano/UL2017/TTToHadronic_TuneCP5_13TeV-powheg-pythia8/RunIISummer19UL17NanoAODv2-106X_mc2017_realistic_v8-v1/NANOAODSIM/B6B825D0-EF1E-964F-95D8-11301AEC3386_skimjec_1.root /eos/cms/store/group/phys_tau/TauFW/nano/UL2017/TTToHadronic_TuneCP5_13TeV-powheg-pythia8/RunIISummer19UL17NanoAODv2-106X_mc2017_realistic_v8-v1/NANOAODSIM/B6B825D0-EF1E-964F-95D8-11301AEC3386_skimjec_2.root /eos/cms/store/group/phys_tau/TauFW/nano/UL2017/TTToHadronic_TuneCP5_13TeV-powheg-pythia8/RunIISummer19UL17NanoAODv2-106X_mc2017_realistic_v8-v1/NANOAODSIM/B6B825D0-EF1E-964F-95D8-11301AEC3386_skimjec_3.root /eos/cms/store/group/phys_tau/TauFW/nano/UL2017/TTToHadronic_TuneCP5_13TeV-powheg-pythia8/RunIISummer19UL17NanoAODv2-106X_mc2017_realistic_v8-v1/NANOAODSIM/B6B825D0-EF1E-964F-95D8-11301AEC3386_skimjec_4.root /eos/cms/store/group/phys_tau/TauFW/nano/UL2017/TTToHadronic_TuneCP5_13TeV-powheg-pythia8/RunIISummer19UL17NanoAODv2-106X_mc2017_realistic_v8-v1/NANOAODSIM/B6B825D0-EF1E-964F-95D8-11301AEC3386_skimjec_5.root
$WORKDIR=/pool/condor/dir_22660
>>> cd /afs/cern.ch/work/l/lvigilan/TauWork/CMSSW_10_6_17_patch1/src
>>> eval `scramv1 runtime -sh`
>>> cd /pool/condor/dir_22660
$PWD=/pool/condor/dir_22660
>>> /afs/cern.ch/work/l/lvigilan/TauWork/CMSSW_10_6_17_patch1/src/TauFW/PicoProducer/python/processors/picojob.py -y UL2017 -d 'mc' -c etau -M ETauFakeRate.ModuleETau --copydir /eos/home-l/lvigilan/output_ETauFR_UL17_RUN1/UL2017/etau/TTToHadronic -t _etau_EES1p01_88 --opt 'ees=1.01' 'useT1=True' 'toppt=True' -i /eos/cms/store/group/phys_tau/TauFW/nano/UL2017/TTToHadronic_TuneCP5_13TeV-powheg-pythia8/RunIISummer19UL17NanoAODv2-106X_mc2017_realistic_v8-v1/NANOAODSIM/B6B825D0-EF1E-964F-95D8-11301AEC3386_skimjec_1.root /eos/cms/store/group/phys_tau/TauFW/nano/UL2017/TTToHadronic_TuneCP5_13TeV-powheg-pythia8/RunIISummer19UL17NanoAODv2-106X_mc2017_realistic_v8-v1/NANOAODSIM/B6B825D0-EF1E-964F-95D8-11301AEC3386_skimjec_2.root /eos/cms/store/group/phys_tau/TauFW/nano/UL2017/TTToHadronic_TuneCP5_13TeV-powheg-pythia8/RunIISummer19UL17NanoAODv2-106X_mc2017_realistic_v8-v1/NANOAODSIM/B6B825D0-EF1E-964F-95D8-11301AEC3386_skimjec_3.root /eos/cms/store/group/phys_tau/TauFW/nano/UL2017/TTToHadronic_TuneCP5_13TeV-powheg-pythia8/RunIISummer19UL17NanoAODv2-106X_mc2017_realistic_v8-v1/NANOAODSIM/B6B825D0-EF1E-964F-95D8-11301AEC3386_skimjec_4.root /eos/cms/store/group/phys_tau/TauFW/nano/UL2017/TTToHadronic_TuneCP5_13TeV-powheg-pythia8/RunIISummer19UL17NanoAODv2-106X_mc2017_realistic_v8-v1/NANOAODSIM/B6B825D0-EF1E-964F-95D8-11301AEC3386_skimjec_5.root
Error in <TGClient::TGClient>: can't open display "localhost:21.0", switching to batch mode...
 In case you run from a remote ssh session, reconnect with ssh -Y
--------------------------------------------------------------------------------
>>> era          = 'UL2017'
>>> year         = 2017
>>> channel      = 'etau'
>>> modname      = 'ETauFakeRate.ModuleETau'
>>> dtype        = 'mc'
>>> kwargs       = {'dtype': 'mc', 'ees': 1.01, 'toppt': True, 'useT1': True, 'verb': 0, 'era': 'UL2017', 'year': 2017}
>>> firstevt     = 0
>>> maxevts      = None
>>> outdir       = '.'
>>> copydir      = '/eos/home-l/lvigilan/output_ETauFR_UL17_RUN1/UL2017/etau/TTToHadronic'
>>> infiles      = ['/eos/cms/store/group/phys_tau/TauFW/nano/UL2017/TTToHadronic_TuneCP5_13TeV-powheg-pythia8/RunIISummer19UL17NanoAODv2-106X_mc2017_realistic_v8-v1/NANOAODSIM/B6B825D0-EF1E-964F-95D8-11301AEC3386_skimjec_1.root', '/eos/cms/store/group/phys_tau/TauFW/nano/UL2017/TTToHadronic_TuneCP5_13TeV-powheg-pythia8/RunIISummer19UL17NanoAODv2-106X_mc2017_realistic_v8-v1/NANOAODSIM/B6B825D0-EF1E-964F-95D8-11301AEC3386_skimjec_2.root', '/eos/cms/store/group/phys_tau/TauFW/nano/UL2017/TTToHadronic_TuneCP5_13TeV-powheg-pythia8/RunIISummer19UL17NanoAODv2-106X_mc2017_realistic_v8-v1/NANOAODSIM/B6B825D0-EF1E-964F-95D8-11301AEC3386_skimjec_3.root', '/eos/cms/store/group/phys_tau/TauFW/nano/UL2017/TTToHadronic_TuneCP5_13TeV-powheg-pythia8/RunIISummer19UL17NanoAODv2-106X_mc2017_realistic_v8-v1/NANOAODSIM/B6B825D0-EF1E-964F-95D8-11301AEC3386_skimjec_4.root', '/eos/cms/store/group/phys_tau/TauFW/nano/UL2017/TTToHadronic_TuneCP5_13TeV-powheg-pythia8/RunIISummer19UL17NanoAODv2-106X_mc2017_realistic_v8-v1/NANOAODSIM/B6B825D0-EF1E-964F-95D8-11301AEC3386_skimjec_5.root']
>>> outfname     = './pico_etau_EES1p01_88.root'
>>> branchsel    = '/afs/cern.ch/work/l/lvigilan/TauWork/CMSSW_10_6_17_patch1/python/TauFW/PicoProducer/processors/keep_and_drop_skim.txt'
>>> json         = None
>>> prefetch     = False
>>> cwd          = /pool/condor/dir_22660
--------------------------------------------------------------------------------

   ################
   #  ModuleETau  #
   ################

Loading PileupWeightTool for '/afs/cern.ch/work/l/lvigilan/TauWork/CMSSW_10_6_17_patch1/src/TauFW/PicoProducer/data/pileup/Data_PileUp_UL2017_69p2.root' and '/afs/cern.ch/work/l/lvigilan/TauWork/CMSSW_10_6_17_patch1/src/TauFW/PicoProducer/data/pileup/MC_PileUp_UL2017_Summer19.root'
Loading BTagWeightTool for DeepCSV (medium WP)...
>>> BTagTool: [1m[33mWarning! [0m[33mHistogram 'etau/eff_DeepCSV_udsg_medium' does not exist in /afs/cern.ch/work/l/lvigilan/TauWork/CMSSW_10_6_17_patch1/src/TauFW/PicoProducer/data/btag/DeepCSV_2017_12Apr2017_eff.root! Reverting to default efficiency histogram...[0m
>>> BTagTool: [1m[33mWarning! [0m[33mHistogram 'etau/eff_DeepCSV_c_medium' does not exist in /afs/cern.ch/work/l/lvigilan/TauWork/CMSSW_10_6_17_patch1/src/TauFW/PicoProducer/data/btag/DeepCSV_2017_12Apr2017_eff.root! Reverting to default efficiency histogram...[0m
>>> BTagTool: [1m[33mWarning! [0m[33mHistogram 'etau/eff_DeepCSV_b_medium' does not exist in /afs/cern.ch/work/l/lvigilan/TauWork/CMSSW_10_6_17_patch1/src/TauFW/PicoProducer/data/btag/DeepCSV_2017_12Apr2017_eff.root! Reverting to default efficiency histogram...[0m
>>> BTagTool: [1m[33mWarning! [0m[33mMade use of default efficiency histograms! The b tag weights from this module should be regarded as placeholders only,
and should NOT be used for analyses. B (mis)tag efficiencies in MC are analysis dependent. Please create your own
efficiency histogram with data/btag/getBTagEfficiencies.py after running all MC samples with BTagWeightTool.[0m
Loading TreeProducerETau for './pico_etau_EES1p01_88.root'
--------------------------------------------------------------------------------
>>> filename     = './pico_etau_EES1p01_88.root'
>>> year         = 2017
>>> dtype        = 'mc'
>>> channel      = 'etau'
>>> ismc         = True
>>> isdata       = False
>>> isembed      = False
>>> tes          = 1.0
>>> tessys       = None
>>> fes          = None
>>> ltf          = None
>>> jtf          = 1.0
>>> dotoppt      = True
>>> dozpt        = False
>>> dojec        = True
>>> dojecsys     = True
>>> dotight      = False
>>> useT1        = True
>>> jetCutPt     = 30
>>> bjetCutEta   = 2.7
>>> tauwp        = 0
>>> eleCutPt     = 36
>>> eleCutEta    = 2.1
>>> tauCutPt     = 20
>>> tauCutEta    = 2.3
>>> ZpeekReso    = 0.1
Pre-select 213734 entries out of 213734 (100.00%)
Processed    10000/  213734 entries,  4.68% (elapsed time     1.0s, curr speed   10.500 kHz, avg speed   10.500 kHz), accepted        0/   10001 events ( 0.00%)
Processed    20000/  213734 entries,  9.36% (elapsed time     1.5s, curr speed   18.041 kHz, avg speed   13.274 kHz), accepted        0/   20001 events ( 0.00%)
Processed    30000/  213734 entries, 14.04% (elapsed time     3.2s, curr speed    5.952 kHz, avg speed    9.414 kHz), accepted        1/   30001 events ( 0.00%)
Processed    40000/  213734 entries, 18.71% (elapsed time     7.4s, curr speed    2.375 kHz, avg speed    5.408 kHz), accepted        2/   40001 events ( 0.00%)
Processed    50000/  213734 entries, 23.39% (elapsed time     8.7s, curr speed    7.406 kHz, avg speed    5.716 kHz), accepted        3/   50001 events ( 0.01%)
Processed    60000/  213734 entries, 28.07% (elapsed time     9.6s, curr speed   12.198 kHz, avg speed    6.272 kHz), accepted        4/   60001 events ( 0.01%)
Processed    70000/  213734 entries, 32.75% (elapsed time    10.1s, curr speed   20.624 kHz, avg speed    6.964 kHz), accepted        5/   70001 events ( 0.01%)
Processed    80000/  213734 entries, 37.43% (elapsed time    10.4s, curr speed   29.031 kHz, avg speed    7.695 kHz), accepted        5/   80001 events ( 0.01%)
Processed    90000/  213734 entries, 42.11% (elapsed time    10.8s, curr speed   27.950 kHz, avg speed    8.369 kHz), accepted        5/   90001 events ( 0.01%)
Processed   100000/  213734 entries, 46.79% (elapsed time    11.1s, curr speed   26.095 kHz, avg speed    8.979 kHz), accepted        5/  100001 events ( 0.00%)
Processed   110000/  213734 entries, 51.47% (elapsed time    11.7s, curr speed   17.822 kHz, avg speed    9.403 kHz), accepted        6/  110001 events ( 0.01%)
Processed   120000/  213734 entries, 56.14% (elapsed time    12.1s, curr speed   24.816 kHz, avg speed    9.916 kHz), accepted        6/  120001 events ( 0.00%)
Processed   130000/  213734 entries, 60.82% (elapsed time    12.7s, curr speed   17.631 kHz, avg speed   10.262 kHz), accepted        7/  130001 events ( 0.01%)
Processed   140000/  213734 entries, 65.50% (elapsed time    13.4s, curr speed   13.314 kHz, avg speed   10.432 kHz), accepted        9/  140001 events ( 0.01%)
Processed   150000/  213734 entries, 70.18% (elapsed time    14.2s, curr speed   12.301 kHz, avg speed   10.539 kHz), accepted        9/  150001 events ( 0.01%)
Processed   160000/  213734 entries, 74.86% (elapsed time    14.6s, curr speed   28.294 kHz, avg speed   10.969 kHz), accepted        9/  160001 events ( 0.01%)
Processed   170000/  213734 entries, 79.54% (elapsed time    15.1s, curr speed   17.959 kHz, avg speed   11.226 kHz), accepted       10/  170001 events ( 0.01%)
Processed   180000/  213734 entries, 84.22% (elapsed time    15.8s, curr speed   14.641 kHz, avg speed   11.374 kHz), accepted       12/  180001 events ( 0.01%)
Processed   190000/  213734 entries, 88.90% (elapsed time    16.4s, curr speed   18.552 kHz, avg speed   11.610 kHz), accepted       14/  190001 events ( 0.01%)
Processed   200000/  213734 entries, 93.57% (elapsed time    16.7s, curr speed   26.737 kHz, avg speed   11.948 kHz), accepted       14/  200001 events ( 0.01%)
Processed   210000/  213734 entries, 98.25% (elapsed time    17.2s, curr speed   21.075 kHz, avg speed   12.200 kHz), accepted       14/  210001 events ( 0.01%)
Processed 213734 preselected entries from /eos/cms/store/group/phys_tau/TauFW/nano/UL2017/TTToHadronic_TuneCP5_13TeV-powheg-pythia8/RunIISummer19UL17NanoAODv2-106X_mc2017_realistic_v8-v1/NANOAODSIM/B6B825D0-EF1E-964F-95D8-11301AEC3386_skimjec_1.root (213734 entries). Finally selected 15 entries
Pre-select 213734 entries out of 213734 (100.00%)
Processed    10000/  213734 entries,  4.68% (elapsed time     1.7s, curr speed    5.745 kHz, avg speed    5.745 kHz), accepted        1/   10001 events ( 0.01%)
Processed    20000/  213734 entries,  9.36% (elapsed time     3.6s, curr speed    5.465 kHz, avg speed    5.602 kHz), accepted        2/   20001 events ( 0.01%)
Processed    30000/  213734 entries, 14.04% (elapsed time     4.3s, curr speed   13.365 kHz, avg speed    6.947 kHz), accepted        2/   30001 events ( 0.01%)
Processed    40000/  213734 entries, 18.71% (elapsed time     4.8s, curr speed   20.555 kHz, avg speed    8.324 kHz), accepted        2/   40001 events ( 0.00%)
Processed    50000/  213734 entries, 23.39% (elapsed time     5.3s, curr speed   20.977 kHz, avg speed    9.466 kHz), accepted        2/   50001 events ( 0.00%)
Processed    60000/  213734 entries, 28.07% (elapsed time     6.1s, curr speed   12.246 kHz, avg speed    9.839 kHz), accepted        2/   60001 events ( 0.00%)
Processed    70000/  213734 entries, 32.75% (elapsed time     6.8s, curr speed   13.678 kHz, avg speed   10.250 kHz), accepted        2/   70001 events ( 0.00%)
Processed    80000/  213734 entries, 37.43% (elapsed time     7.7s, curr speed   11.418 kHz, avg speed   10.383 kHz), accepted        4/   80001 events ( 0.00%)
Processed    90000/  213734 entries, 42.11% (elapsed time     8.2s, curr speed   22.294 kHz, avg speed   11.038 kHz), accepted        4/   90001 events ( 0.00%)
Processed   100000/  213734 entries, 46.79% (elapsed time     8.6s, curr speed   24.002 kHz, avg speed   11.668 kHz), accepted        4/  100001 events ( 0.00%)
Processed   110000/  213734 entries, 51.47% (elapsed time     9.4s, curr speed   11.749 kHz, avg speed   11.675 kHz), accepted        7/  110001 events ( 0.01%)
Processed   120000/  213734 entries, 56.14% (elapsed time    10.1s, curr speed   14.699 kHz, avg speed   11.879 kHz), accepted       10/  120001 events ( 0.01%)
Processed   130000/  213734 entries, 60.82% (elapsed time    10.5s, curr speed   26.688 kHz, avg speed   12.409 kHz), accepted       10/  130001 events ( 0.01%)
Processed   140000/  213734 entries, 65.50% (elapsed time    11.1s, curr speed   16.456 kHz, avg speed   12.631 kHz), accepted       11/  140001 events ( 0.01%)
Processed   150000/  213734 entries, 70.18% (elapsed time    11.6s, curr speed   19.825 kHz, avg speed   12.944 kHz), accepted       11/  150001 events ( 0.01%)
Processed   160000/  213734 entries, 74.86% (elapsed time    12.2s, curr speed   16.043 kHz, avg speed   13.102 kHz), accepted       12/  160001 events ( 0.01%)
Processed   170000/  213734 entries, 79.54% (elapsed time    12.7s, curr speed   19.602 kHz, avg speed   13.363 kHz), accepted       13/  170001 events ( 0.01%)
Processed   180000/  213734 entries, 84.22% (elapsed time    13.2s, curr speed   23.313 kHz, avg speed   13.687 kHz), accepted       13/  180001 events ( 0.01%)
Processed   190000/  213734 entries, 88.90% (elapsed time    13.5s, curr speed   26.094 kHz, avg speed   14.038 kHz), accepted       13/  190001 events ( 0.01%)
Processed   200000/  213734 entries, 93.57% (elapsed time    14.0s, curr speed   22.412 kHz, avg speed   14.306 kHz), accepted       13/  200001 events ( 0.01%)
Processed   210000/  213734 entries, 98.25% (elapsed time    14.4s, curr speed   23.518 kHz, avg speed   14.578 kHz), accepted       13/  210001 events ( 0.01%)
Processed 213734 preselected entries from /eos/cms/store/group/phys_tau/TauFW/nano/UL2017/TTToHadronic_TuneCP5_13TeV-powheg-pythia8/RunIISummer19UL17NanoAODv2-106X_mc2017_realistic_v8-v1/NANOAODSIM/B6B825D0-EF1E-964F-95D8-11301AEC3386_skimjec_2.root (213734 entries). Finally selected 13 entries
Pre-select 213734 entries out of 213734 (100.00%)
Processed    10000/  213734 entries,  4.68% (elapsed time     0.5s, curr speed   20.948 kHz, avg speed   20.948 kHz), accepted        0/   10001 events ( 0.00%)
Processed    20000/  213734 entries,  9.36% (elapsed time     3.4s, curr speed    3.411 kHz, avg speed    5.867 kHz), accepted        0/   20001 events ( 0.00%)
Processed    30000/  213734 entries, 14.04% (elapsed time     4.5s, curr speed    9.349 kHz, avg speed    6.698 kHz), accepted        1/   30001 events ( 0.00%)
Processed    40000/  213734 entries, 18.71% (elapsed time     4.9s, curr speed   24.562 kHz, avg speed    8.187 kHz), accepted        1/   40001 events ( 0.00%)
Processed    50000/  213734 entries, 23.39% (elapsed time     5.2s, curr speed   28.211 kHz, avg speed    9.541 kHz), accepted        1/   50001 events ( 0.00%)
Processed    60000/  213734 entries, 28.07% (elapsed time     5.6s, curr speed   27.481 kHz, avg speed   10.706 kHz), accepted        1/   60001 events ( 0.00%)
Processed    70000/  213734 entries, 32.75% (elapsed time     6.3s, curr speed   15.417 kHz, avg speed   11.195 kHz), accepted        3/   70001 events ( 0.00%)
Processed    80000/  213734 entries, 37.43% (elapsed time     6.6s, curr speed   31.024 kHz, avg speed   12.167 kHz), accepted        3/   80001 events ( 0.00%)
Processed    90000/  213734 entries, 42.11% (elapsed time     6.9s, curr speed   27.937 kHz, avg speed   12.981 kHz), accepted        3/   90001 events ( 0.00%)
Processed   100000/  213734 entries, 46.79% (elapsed time     7.6s, curr speed   15.646 kHz, avg speed   13.206 kHz), accepted        5/  100001 events ( 0.00%)
Processed   110000/  213734 entries, 51.47% (elapsed time     8.5s, curr speed   10.331 kHz, avg speed   12.880 kHz), accepted        7/  110001 events ( 0.01%)
Processed   120000/  213734 entries, 56.14% (elapsed time     9.0s, curr speed   21.042 kHz, avg speed   13.310 kHz), accepted        7/  120001 events ( 0.01%)
Processed   130000/  213734 entries, 60.82% (elapsed time     9.5s, curr speed   21.133 kHz, avg speed   13.701 kHz), accepted        8/  130001 events ( 0.01%)
Processed   140000/  213734 entries, 65.50% (elapsed time    10.3s, curr speed   12.387 kHz, avg speed   13.597 kHz), accepted       11/  140001 events ( 0.01%)
Processed   150000/  213734 entries, 70.18% (elapsed time    11.1s, curr speed   12.318 kHz, avg speed   13.504 kHz), accepted       12/  150001 events ( 0.01%)
Processed   160000/  213734 entries, 74.86% (elapsed time    11.5s, curr speed   27.223 kHz, avg speed   13.943 kHz), accepted       12/  160001 events ( 0.01%)
Processed   170000/  213734 entries, 79.54% (elapsed time    12.0s, curr speed   18.864 kHz, avg speed   14.160 kHz), accepted       13/  170001 events ( 0.01%)
Processed   180000/  213734 entries, 84.22% (elapsed time    12.7s, curr speed   13.794 kHz, avg speed   14.140 kHz), accepted       14/  180001 events ( 0.01%)
Processed   190000/  213734 entries, 88.90% (elapsed time    13.5s, curr speed   13.695 kHz, avg speed   14.116 kHz), accepted       15/  190001 events ( 0.01%)
Processed   200000/  213734 entries, 93.57% (elapsed time    13.9s, curr speed   23.360 kHz, avg speed   14.400 kHz), accepted       15/  200001 events ( 0.01%)
Processed   210000/  213734 entries, 98.25% (elapsed time    14.3s, curr speed   27.499 kHz, avg speed   14.735 kHz), accepted       15/  210001 events ( 0.01%)
Processed 213734 preselected entries from /eos/cms/store/group/phys_tau/TauFW/nano/UL2017/TTToHadronic_TuneCP5_13TeV-powheg-pythia8/RunIISummer19UL17NanoAODv2-106X_mc2017_realistic_v8-v1/NANOAODSIM/B6B825D0-EF1E-964F-95D8-11301AEC3386_skimjec_3.root (213734 entries). Finally selected 15 entries
Pre-select 213734 entries out of 213734 (100.00%)
Processed    10000/  213734 entries,  4.68% (elapsed time     3.8s, curr speed    2.658 kHz, avg speed    2.658 kHz), accepted        1/   10001 events ( 0.01%)
Processed    20000/  213734 entries,  9.36% (elapsed time     4.2s, curr speed   25.246 kHz, avg speed    4.809 kHz), accepted        1/   20001 events ( 0.00%)
Processed    30000/  213734 entries, 14.04% (elapsed time     4.6s, curr speed   24.634 kHz, avg speed    6.572 kHz), accepted        1/   30001 events ( 0.00%)
Processed    40000/  213734 entries, 18.71% (elapsed time     5.2s, curr speed   15.458 kHz, avg speed    7.675 kHz), accepted        3/   40001 events ( 0.01%)
Processed    50000/  213734 entries, 23.39% (elapsed time     5.6s, curr speed   27.680 kHz, avg speed    8.972 kHz), accepted        3/   50001 events ( 0.01%)
Processed    60000/  213734 entries, 28.07% (elapsed time     5.9s, curr speed   27.569 kHz, avg speed   10.109 kHz), accepted        3/   60001 events ( 0.00%)
Processed    70000/  213734 entries, 32.75% (elapsed time     6.6s, curr speed   16.153 kHz, avg speed   10.679 kHz), accepted        4/   70001 events ( 0.01%)
Processed    80000/  213734 entries, 37.43% (elapsed time     7.0s, curr speed   22.466 kHz, avg speed   11.429 kHz), accepted        5/   80001 events ( 0.01%)
Processed    90000/  213734 entries, 42.11% (elapsed time     7.5s, curr speed   20.447 kHz, avg speed   12.018 kHz), accepted        6/   90001 events ( 0.01%)
Processed   100000/  213734 entries, 46.79% (elapsed time     7.8s, curr speed   30.423 kHz, avg speed   12.792 kHz), accepted        6/  100001 events ( 0.01%)
Processed   110000/  213734 entries, 51.47% (elapsed time     8.6s, curr speed   12.718 kHz, avg speed   12.785 kHz), accepted        9/  110001 events ( 0.01%)
Processed   120000/  213734 entries, 56.14% (elapsed time     9.0s, curr speed   27.497 kHz, avg speed   13.382 kHz), accepted        9/  120001 events ( 0.01%)
Processed   130000/  213734 entries, 60.82% (elapsed time     9.4s, curr speed   20.752 kHz, avg speed   13.757 kHz), accepted       10/  130001 events ( 0.01%)
Processed   140000/  213734 entries, 65.50% (elapsed time    10.0s, curr speed   18.292 kHz, avg speed   14.005 kHz), accepted       11/  140001 events ( 0.01%)
Processed   150000/  213734 entries, 70.18% (elapsed time    10.4s, curr speed   27.270 kHz, avg speed   14.475 kHz), accepted       11/  150001 events ( 0.01%)
Processed   160000/  213734 entries, 74.86% (elapsed time    10.8s, curr speed   23.568 kHz, avg speed   14.833 kHz), accepted       11/  160001 events ( 0.01%)
Processed   170000/  213734 entries, 79.54% (elapsed time    11.8s, curr speed    9.582 kHz, avg speed   14.369 kHz), accepted       13/  170001 events ( 0.01%)
Processed   180000/  213734 entries, 84.22% (elapsed time    12.3s, curr speed   20.577 kHz, avg speed   14.614 kHz), accepted       13/  180001 events ( 0.01%)
Processed   190000/  213734 entries, 88.90% (elapsed time    12.7s, curr speed   29.813 kHz, avg speed   15.017 kHz), accepted       13/  190001 events ( 0.01%)
Processed   200000/  213734 entries, 93.57% (elapsed time    13.2s, curr speed   16.796 kHz, avg speed   15.097 kHz), accepted       15/  200001 events ( 0.01%)
Processed   210000/  213734 entries, 98.25% (elapsed time    13.9s, curr speed   15.737 kHz, avg speed   15.126 kHz), accepted       17/  210001 events ( 0.01%)
Processed 213734 preselected entries from /eos/cms/store/group/phys_tau/TauFW/nano/UL2017/TTToHadronic_TuneCP5_13TeV-powheg-pythia8/RunIISummer19UL17NanoAODv2-106X_mc2017_realistic_v8-v1/NANOAODSIM/B6B825D0-EF1E-964F-95D8-11301AEC3386_skimjec_4.root (213734 entries). Finally selected 17 entries
Pre-select 213730 entries out of 213730 (100.00%)
Processed    10000/  213730 entries,  4.68% (elapsed time     0.4s, curr speed   25.978 kHz, avg speed   25.978 kHz), accepted        0/   10001 events ( 0.00%)
Processed    20000/  213730 entries,  9.36% (elapsed time     0.8s, curr speed   24.547 kHz, avg speed   25.242 kHz), accepted        0/   20001 events ( 0.00%)
Processed    30000/  213730 entries, 14.04% (elapsed time     3.2s, curr speed    4.108 kHz, avg speed    9.297 kHz), accepted        0/   30001 events ( 0.00%)
Processed    40000/  213730 entries, 18.72% (elapsed time     5.2s, curr speed    5.147 kHz, avg speed    7.738 kHz), accepted        1/   40001 events ( 0.00%)
Processed    50000/  213730 entries, 23.39% (elapsed time     5.7s, curr speed   19.680 kHz, avg speed    8.806 kHz), accepted        2/   50001 events ( 0.00%)
Processed    60000/  213730 entries, 28.07% (elapsed time     6.1s, curr speed   21.247 kHz, avg speed    9.759 kHz), accepted        3/   60001 events ( 0.00%)
Processed    70000/  213730 entries, 32.75% (elapsed time     6.7s, curr speed   19.482 kHz, avg speed   10.508 kHz), accepted        5/   70001 events ( 0.01%)
Processed    80000/  213730 entries, 37.43% (elapsed time     7.3s, curr speed   16.727 kHz, avg speed   11.020 kHz), accepted        7/   80001 events ( 0.01%)
Processed    90000/  213730 entries, 42.11% (elapsed time     7.8s, curr speed   18.841 kHz, avg speed   11.553 kHz), accepted        8/   90001 events ( 0.01%)
Processed   100000/  213730 entries, 46.79% (elapsed time     8.3s, curr speed   20.546 kHz, avg speed   12.082 kHz), accepted        9/  100001 events ( 0.01%)
Processed   110000/  213730 entries, 51.47% (elapsed time     8.8s, curr speed   19.506 kHz, avg speed   12.515 kHz), accepted       10/  110001 events ( 0.01%)
Processed   120000/  213730 entries, 56.15% (elapsed time     9.3s, curr speed   21.131 kHz, avg speed   12.955 kHz), accepted       11/  120001 events ( 0.01%)
Processed   130000/  213730 entries, 60.82% (elapsed time     9.8s, curr speed   18.755 kHz, avg speed   13.271 kHz), accepted       12/  130001 events ( 0.01%)
Processed   140000/  213730 entries, 65.50% (elapsed time    10.1s, curr speed   30.408 kHz, avg speed   13.827 kHz), accepted       12/  140001 events ( 0.01%)
Processed   150000/  213730 entries, 70.18% (elapsed time    10.5s, curr speed   26.842 kHz, avg speed   14.289 kHz), accepted       12/  150001 events ( 0.01%)
Processed   160000/  213730 entries, 74.86% (elapsed time    10.9s, curr speed   26.898 kHz, avg speed   14.720 kHz), accepted       12/  160001 events ( 0.01%)
Processed   170000/  213730 entries, 79.54% (elapsed time    11.4s, curr speed   18.451 kHz, avg speed   14.898 kHz), accepted       13/  170001 events ( 0.01%)
Processed   180000/  213730 entries, 84.22% (elapsed time    12.0s, curr speed   16.327 kHz, avg speed   14.970 kHz), accepted       14/  180001 events ( 0.01%)
Processed   190000/  213730 entries, 88.90% (elapsed time    12.5s, curr speed   23.205 kHz, avg speed   15.255 kHz), accepted       14/  190001 events ( 0.01%)
Processed   200000/  213730 entries, 93.58% (elapsed time    13.1s, curr speed   16.137 kHz, avg speed   15.297 kHz), accepted       15/  200001 events ( 0.01%)
Processed   210000/  213730 entries, 98.25% (elapsed time    13.4s, curr speed   27.175 kHz, avg speed   15.622 kHz), accepted       15/  210001 events ( 0.01%)
Processed 213730 preselected entries from /eos/cms/store/group/phys_tau/TauFW/nano/UL2017/TTToHadronic_TuneCP5_13TeV-powheg-pythia8/RunIISummer19UL17NanoAODv2-106X_mc2017_realistic_v8-v1/NANOAODSIM/B6B825D0-EF1E-964F-95D8-11301AEC3386_skimjec_5.root (213730 entries). Finally selected 16 entries
Total time 75.6 sec. to process 1068666 events. Rate = 14126.5 Hz.
>>> cwd          = /pool/condor/dir_22660
>>> ls           = ['.chirp.config', '.job.ad', '.machine.ad', 'x509_voms', 'pico_etau_EES1p01_88.root', 'tmp', 'lvigilan.cc', 'var', 'condor_exec.exe', '_condor_stdout']
>>> getstorage('/eos/home-l/lvigilan/output_ETauFR_UL17_RUN1/UL2017/etau/TTToHadronic'), <EOS("/eos/home-l/lvigilan/output_ETauFR_UL17_RUN1/UL2017/etau/TTToHadronic") at 0x2b8d67536910>
>>> Executing: 'cp ./pico_etau_EES1p01_88.root /eos/home-l/lvigilan/output_ETauFR_UL17_RUN1/UL2017/etau/TTToHadronic'
>>> Removing './pico_etau_EES1p01_88.root'...
>>> picojob.py done after 91.1 seconds

Job complete at Tue Jun  8 10:14:36 CEST 2021
Took 1 minutes 33 seconds040 (2368941.088.000) 06/08 10:14:36 Started transferring output files
...
040 (2368941.088.000) 06/08 10:14:36 Finished transferring output files
...
005 (2368941.088.000) 06/08 10:14:36 Job terminated.
	(1) Normal termination (return value 0)
		Usr 0 00:00:57, Sys 0 00:00:03  -  Run Remote Usage
		Usr 0 00:00:00, Sys 0 00:00:00  -  Run Local Usage
		Usr 0 00:00:57, Sys 0 00:00:03  -  Total Remote Usage
		Usr 0 00:00:00, Sys 0 00:00:00  -  Total Local Usage
	34551  -  Run Bytes Sent By Job
	9926  -  Run Bytes Received By Job
	34551  -  Total Bytes Sent By Job
	9926  -  Total Bytes Received By Job
	Partitionable Resources :    Usage  Request Allocated 
	   Cpus                 :                 1         1 
	   Disk (KB)            :       95        1    192692 
	   Memory (MB)          :      119     2000      2000 

	Job terminated of its own accord at 2021-06-08T08:14:36Z.
...
