Could not find platform independent libraries <prefix>
Could not find platform dependent libraries <exec_prefix>
Consider setting $PYTHONHOME to <prefix>[:<exec_prefix>]
ImportError: No module named site
Job start at Tue Jun  8 10:13:11 CEST 2021
Running job on machine Linux b7s12n4683.cern.ch 3.10.0-1160.6.1.el7.x86_64 #1 SMP Tue Nov 17 13:59:11 UTC 2020 x86_64 x86_64 x86_64 GNU/Linux, host b7s12n4683.cern.ch
============================================================
$PWD=/pool/condor/dir_8728
$JOBID=2368941
$TASKID=62
$HOSTNAME=b7s12n4683.cern.ch
$TASKCMD=/afs/cern.ch/work/l/lvigilan/TauWork/CMSSW_10_6_17_patch1/src/TauFW/PicoProducer/python/processors/picojob.py -y UL2017 -d 'mc' -c etau -M ETauFakeRate.ModuleETau --copydir /eos/home-l/lvigilan/output_ETauFR_UL17_RUN1/UL2017/etau/TTToHadronic -t _etau_EES1p01_62 --opt 'ees=1.01' 'useT1=True' 'toppt=True' -i /eos/cms/store/group/phys_tau/TauFW/nano/UL2017/TTToHadronic_TuneCP5_13TeV-powheg-pythia8/RunIISummer19UL17NanoAODv2-106X_mc2017_realistic_v8-v1/NANOAODSIM/863A3329-784D-7144-A982-6FDD2CB02E87_skimjec_2.root /eos/cms/store/group/phys_tau/TauFW/nano/UL2017/TTToHadronic_TuneCP5_13TeV-powheg-pythia8/RunIISummer19UL17NanoAODv2-106X_mc2017_realistic_v8-v1/NANOAODSIM/863A3329-784D-7144-A982-6FDD2CB02E87_skimjec_3.root /eos/cms/store/group/phys_tau/TauFW/nano/UL2017/TTToHadronic_TuneCP5_13TeV-powheg-pythia8/RunIISummer19UL17NanoAODv2-106X_mc2017_realistic_v8-v1/NANOAODSIM/86DA3D9B-E65E-CF41-8C6B-59F3646ED46D_skimjec_0.root /eos/cms/store/group/phys_tau/TauFW/nano/UL2017/TTToHadronic_TuneCP5_13TeV-powheg-pythia8/RunIISummer19UL17NanoAODv2-106X_mc2017_realistic_v8-v1/NANOAODSIM/86DA3D9B-E65E-CF41-8C6B-59F3646ED46D_skimjec_1.root /eos/cms/store/group/phys_tau/TauFW/nano/UL2017/TTToHadronic_TuneCP5_13TeV-powheg-pythia8/RunIISummer19UL17NanoAODv2-106X_mc2017_realistic_v8-v1/NANOAODSIM/86DA3D9B-E65E-CF41-8C6B-59F3646ED46D_skimjec_2.root
$WORKDIR=/pool/condor/dir_8728
>>> cd /afs/cern.ch/work/l/lvigilan/TauWork/CMSSW_10_6_17_patch1/src
>>> eval `scramv1 runtime -sh`
>>> cd /pool/condor/dir_8728
$PWD=/pool/condor/dir_8728
>>> /afs/cern.ch/work/l/lvigilan/TauWork/CMSSW_10_6_17_patch1/src/TauFW/PicoProducer/python/processors/picojob.py -y UL2017 -d 'mc' -c etau -M ETauFakeRate.ModuleETau --copydir /eos/home-l/lvigilan/output_ETauFR_UL17_RUN1/UL2017/etau/TTToHadronic -t _etau_EES1p01_62 --opt 'ees=1.01' 'useT1=True' 'toppt=True' -i /eos/cms/store/group/phys_tau/TauFW/nano/UL2017/TTToHadronic_TuneCP5_13TeV-powheg-pythia8/RunIISummer19UL17NanoAODv2-106X_mc2017_realistic_v8-v1/NANOAODSIM/863A3329-784D-7144-A982-6FDD2CB02E87_skimjec_2.root /eos/cms/store/group/phys_tau/TauFW/nano/UL2017/TTToHadronic_TuneCP5_13TeV-powheg-pythia8/RunIISummer19UL17NanoAODv2-106X_mc2017_realistic_v8-v1/NANOAODSIM/863A3329-784D-7144-A982-6FDD2CB02E87_skimjec_3.root /eos/cms/store/group/phys_tau/TauFW/nano/UL2017/TTToHadronic_TuneCP5_13TeV-powheg-pythia8/RunIISummer19UL17NanoAODv2-106X_mc2017_realistic_v8-v1/NANOAODSIM/86DA3D9B-E65E-CF41-8C6B-59F3646ED46D_skimjec_0.root /eos/cms/store/group/phys_tau/TauFW/nano/UL2017/TTToHadronic_TuneCP5_13TeV-powheg-pythia8/RunIISummer19UL17NanoAODv2-106X_mc2017_realistic_v8-v1/NANOAODSIM/86DA3D9B-E65E-CF41-8C6B-59F3646ED46D_skimjec_1.root /eos/cms/store/group/phys_tau/TauFW/nano/UL2017/TTToHadronic_TuneCP5_13TeV-powheg-pythia8/RunIISummer19UL17NanoAODv2-106X_mc2017_realistic_v8-v1/NANOAODSIM/86DA3D9B-E65E-CF41-8C6B-59F3646ED46D_skimjec_2.root
Error in <TGClient::TGClient>: can't open display "localhost:21.0", switching to batch mode...
 In case you run from a remote ssh session, reconnect with ssh -Y
--------------------------------------------------------------------------------
>>> era          = 'UL2017'
>>> year         = 2017
>>> channel      = 'etau'
>>> modname      = 'ETauFakeRate.ModuleETau'
>>> dtype        = 'mc'
>>> kwargs       = {'dtype': 'mc', 'ees': 1.01, 'toppt': True, 'useT1': True, 'verb': 0, 'era': 'UL2017', 'year': 2017}
>>> firstevt     = 0
>>> maxevts      = None
>>> outdir       = '.'
>>> copydir      = '/eos/home-l/lvigilan/output_ETauFR_UL17_RUN1/UL2017/etau/TTToHadronic'
>>> infiles      = ['/eos/cms/store/group/phys_tau/TauFW/nano/UL2017/TTToHadronic_TuneCP5_13TeV-powheg-pythia8/RunIISummer19UL17NanoAODv2-106X_mc2017_realistic_v8-v1/NANOAODSIM/863A3329-784D-7144-A982-6FDD2CB02E87_skimjec_2.root', '/eos/cms/store/group/phys_tau/TauFW/nano/UL2017/TTToHadronic_TuneCP5_13TeV-powheg-pythia8/RunIISummer19UL17NanoAODv2-106X_mc2017_realistic_v8-v1/NANOAODSIM/863A3329-784D-7144-A982-6FDD2CB02E87_skimjec_3.root', '/eos/cms/store/group/phys_tau/TauFW/nano/UL2017/TTToHadronic_TuneCP5_13TeV-powheg-pythia8/RunIISummer19UL17NanoAODv2-106X_mc2017_realistic_v8-v1/NANOAODSIM/86DA3D9B-E65E-CF41-8C6B-59F3646ED46D_skimjec_0.root', '/eos/cms/store/group/phys_tau/TauFW/nano/UL2017/TTToHadronic_TuneCP5_13TeV-powheg-pythia8/RunIISummer19UL17NanoAODv2-106X_mc2017_realistic_v8-v1/NANOAODSIM/86DA3D9B-E65E-CF41-8C6B-59F3646ED46D_skimjec_1.root', '/eos/cms/store/group/phys_tau/TauFW/nano/UL2017/TTToHadronic_TuneCP5_13TeV-powheg-pythia8/RunIISummer19UL17NanoAODv2-106X_mc2017_realistic_v8-v1/NANOAODSIM/86DA3D9B-E65E-CF41-8C6B-59F3646ED46D_skimjec_2.root']
>>> outfname     = './pico_etau_EES1p01_62.root'
>>> branchsel    = '/afs/cern.ch/work/l/lvigilan/TauWork/CMSSW_10_6_17_patch1/python/TauFW/PicoProducer/processors/keep_and_drop_skim.txt'
>>> json         = None
>>> prefetch     = False
>>> cwd          = /pool/condor/dir_8728
--------------------------------------------------------------------------------

   ################
   #  ModuleETau  #
   ################

Loading PileupWeightTool for '/afs/cern.ch/work/l/lvigilan/TauWork/CMSSW_10_6_17_patch1/src/TauFW/PicoProducer/data/pileup/Data_PileUp_UL2017_69p2.root' and '/afs/cern.ch/work/l/lvigilan/TauWork/CMSSW_10_6_17_patch1/src/TauFW/PicoProducer/data/pileup/MC_PileUp_UL2017_Summer19.root'
Loading BTagWeightTool for DeepCSV (medium WP)...
>>> BTagTool: [1m[33mWarning! [0m[33mHistogram 'etau/eff_DeepCSV_udsg_medium' does not exist in /afs/cern.ch/work/l/lvigilan/TauWork/CMSSW_10_6_17_patch1/src/TauFW/PicoProducer/data/btag/DeepCSV_2017_12Apr2017_eff.root! Reverting to default efficiency histogram...[0m
>>> BTagTool: [1m[33mWarning! [0m[33mHistogram 'etau/eff_DeepCSV_c_medium' does not exist in /afs/cern.ch/work/l/lvigilan/TauWork/CMSSW_10_6_17_patch1/src/TauFW/PicoProducer/data/btag/DeepCSV_2017_12Apr2017_eff.root! Reverting to default efficiency histogram...[0m
>>> BTagTool: [1m[33mWarning! [0m[33mHistogram 'etau/eff_DeepCSV_b_medium' does not exist in /afs/cern.ch/work/l/lvigilan/TauWork/CMSSW_10_6_17_patch1/src/TauFW/PicoProducer/data/btag/DeepCSV_2017_12Apr2017_eff.root! Reverting to default efficiency histogram...[0m
>>> BTagTool: [1m[33mWarning! [0m[33mMade use of default efficiency histograms! The b tag weights from this module should be regarded as placeholders only,
and should NOT be used for analyses. B (mis)tag efficiencies in MC are analysis dependent. Please create your own
efficiency histogram with data/btag/getBTagEfficiencies.py after running all MC samples with BTagWeightTool.[0m
Loading TreeProducerETau for './pico_etau_EES1p01_62.root'
--------------------------------------------------------------------------------
>>> filename     = './pico_etau_EES1p01_62.root'
>>> year         = 2017
>>> dtype        = 'mc'
>>> channel      = 'etau'
>>> ismc         = True
>>> isdata       = False
>>> isembed      = False
>>> tes          = 1.0
>>> tessys       = None
>>> fes          = None
>>> ltf          = None
>>> jtf          = 1.0
>>> dotoppt      = True
>>> dozpt        = False
>>> dojec        = True
>>> dojecsys     = True
>>> dotight      = False
>>> useT1        = True
>>> jetCutPt     = 30
>>> bjetCutEta   = 2.7
>>> tauwp        = 0
>>> eleCutPt     = 36
>>> eleCutEta    = 2.1
>>> tauCutPt     = 20
>>> tauCutEta    = 2.3
>>> ZpeekReso    = 0.1
Pre-select 207550 entries out of 207550 (100.00%)
Processed    10000/  207550 entries,  4.82% (elapsed time     6.1s, curr speed    1.650 kHz, avg speed    1.650 kHz), accepted        0/   10001 events ( 0.00%)
Processed    20000/  207550 entries,  9.64% (elapsed time     7.5s, curr speed    6.762 kHz, avg speed    2.652 kHz), accepted        1/   20001 events ( 0.00%)
Processed    30000/  207550 entries, 14.45% (elapsed time     8.0s, curr speed   22.637 kHz, avg speed    3.758 kHz), accepted        1/   30001 events ( 0.00%)
Processed    40000/  207550 entries, 19.27% (elapsed time     8.3s, curr speed   28.222 kHz, avg speed    4.798 kHz), accepted        1/   40001 events ( 0.00%)
Processed    50000/  207550 entries, 24.09% (elapsed time     9.3s, curr speed   10.120 kHz, avg speed    5.362 kHz), accepted        4/   50001 events ( 0.01%)
Processed    60000/  207550 entries, 28.91% (elapsed time     9.8s, curr speed   21.943 kHz, avg speed    6.135 kHz), accepted        4/   60001 events ( 0.01%)
Processed    70000/  207550 entries, 33.73% (elapsed time    10.4s, curr speed   15.128 kHz, avg speed    6.704 kHz), accepted        5/   70001 events ( 0.01%)
Processed    80000/  207550 entries, 38.54% (elapsed time    11.0s, curr speed   18.102 kHz, avg speed    7.277 kHz), accepted        6/   80001 events ( 0.01%)
Processed    90000/  207550 entries, 43.36% (elapsed time    11.6s, curr speed   15.823 kHz, avg speed    7.741 kHz), accepted        7/   90001 events ( 0.01%)
Processed   100000/  207550 entries, 48.18% (elapsed time    12.1s, curr speed   21.580 kHz, avg speed    8.272 kHz), accepted        7/  100001 events ( 0.01%)
Processed   110000/  207550 entries, 53.00% (elapsed time    12.5s, curr speed   21.880 kHz, avg speed    8.767 kHz), accepted        7/  110001 events ( 0.01%)
Processed   120000/  207550 entries, 57.82% (elapsed time    13.1s, curr speed   19.789 kHz, avg speed    9.194 kHz), accepted        7/  120001 events ( 0.01%)
Processed   130000/  207550 entries, 62.64% (elapsed time    13.6s, curr speed   16.909 kHz, avg speed    9.529 kHz), accepted        7/  130001 events ( 0.01%)
Processed   140000/  207550 entries, 67.45% (elapsed time    14.3s, curr speed   15.619 kHz, avg speed    9.802 kHz), accepted        8/  140001 events ( 0.01%)
Processed   150000/  207550 entries, 72.27% (elapsed time    15.0s, curr speed   13.400 kHz, avg speed    9.980 kHz), accepted       10/  150001 events ( 0.01%)
Processed   160000/  207550 entries, 77.09% (elapsed time    16.0s, curr speed   10.465 kHz, avg speed   10.009 kHz), accepted       12/  160001 events ( 0.01%)
Processed   170000/  207550 entries, 81.91% (elapsed time    16.8s, curr speed   11.972 kHz, avg speed   10.107 kHz), accepted       14/  170001 events ( 0.01%)
Processed   180000/  207550 entries, 86.73% (elapsed time    17.4s, curr speed   18.475 kHz, avg speed   10.368 kHz), accepted       15/  180001 events ( 0.01%)
Processed   190000/  207550 entries, 91.54% (elapsed time    17.9s, curr speed   19.342 kHz, avg speed   10.627 kHz), accepted       15/  190001 events ( 0.01%)
Processed   200000/  207550 entries, 96.36% (elapsed time    18.6s, curr speed   13.049 kHz, avg speed   10.727 kHz), accepted       18/  200001 events ( 0.01%)
Processed 207550 preselected entries from /eos/cms/store/group/phys_tau/TauFW/nano/UL2017/TTToHadronic_TuneCP5_13TeV-powheg-pythia8/RunIISummer19UL17NanoAODv2-106X_mc2017_realistic_v8-v1/NANOAODSIM/863A3329-784D-7144-A982-6FDD2CB02E87_skimjec_2.root (207550 entries). Finally selected 20 entries
Pre-select 207550 entries out of 207550 (100.00%)
Processed    10000/  207550 entries,  4.82% (elapsed time     0.7s, curr speed   15.321 kHz, avg speed   15.321 kHz), accepted        0/   10001 events ( 0.00%)
Processed    20000/  207550 entries,  9.64% (elapsed time     1.1s, curr speed   24.083 kHz, avg speed   18.728 kHz), accepted        0/   20001 events ( 0.00%)
Processed    30000/  207550 entries, 14.45% (elapsed time     1.7s, curr speed   16.998 kHz, avg speed   18.113 kHz), accepted        0/   30001 events ( 0.00%)
Processed    40000/  207550 entries, 19.27% (elapsed time     3.2s, curr speed    6.344 kHz, avg speed   12.375 kHz), accepted        1/   40001 events ( 0.00%)
Processed    50000/  207550 entries, 24.09% (elapsed time     4.5s, curr speed    7.803 kHz, avg speed   11.077 kHz), accepted        3/   50001 events ( 0.01%)
Processed    60000/  207550 entries, 28.91% (elapsed time     5.5s, curr speed   10.583 kHz, avg speed   10.991 kHz), accepted        5/   60001 events ( 0.01%)
Processed    70000/  207550 entries, 33.73% (elapsed time     5.9s, curr speed   23.421 kHz, avg speed   11.893 kHz), accepted        5/   70001 events ( 0.01%)
Processed    80000/  207550 entries, 38.54% (elapsed time     6.5s, curr speed   16.415 kHz, avg speed   12.317 kHz), accepted        6/   80001 events ( 0.01%)
Processed    90000/  207550 entries, 43.36% (elapsed time     6.9s, curr speed   24.168 kHz, avg speed   13.027 kHz), accepted        6/   90001 events ( 0.01%)
Processed   100000/  207550 entries, 48.18% (elapsed time     7.5s, curr speed   16.814 kHz, avg speed   13.327 kHz), accepted        7/  100001 events ( 0.01%)
Processed   110000/  207550 entries, 53.00% (elapsed time     8.0s, curr speed   21.034 kHz, avg speed   13.786 kHz), accepted        7/  110001 events ( 0.01%)
Processed   120000/  207550 entries, 57.82% (elapsed time     8.4s, curr speed   21.484 kHz, avg speed   14.211 kHz), accepted        7/  120001 events ( 0.01%)
Processed   130000/  207550 entries, 62.64% (elapsed time     8.9s, curr speed   24.344 kHz, avg speed   14.681 kHz), accepted        7/  130001 events ( 0.01%)
Processed   140000/  207550 entries, 67.45% (elapsed time     9.5s, curr speed   15.366 kHz, avg speed   14.728 kHz), accepted        8/  140001 events ( 0.01%)
Processed   150000/  207550 entries, 72.27% (elapsed time     9.9s, curr speed   25.330 kHz, avg speed   15.150 kHz), accepted        8/  150001 events ( 0.01%)
Processed   160000/  207550 entries, 77.09% (elapsed time    10.5s, curr speed   17.751 kHz, avg speed   15.290 kHz), accepted        9/  160001 events ( 0.01%)
Processed   170000/  207550 entries, 81.91% (elapsed time    11.2s, curr speed   13.141 kHz, avg speed   15.145 kHz), accepted       11/  170001 events ( 0.01%)
Processed   180000/  207550 entries, 86.73% (elapsed time    11.6s, curr speed   25.512 kHz, avg speed   15.494 kHz), accepted       11/  180001 events ( 0.01%)
Processed   190000/  207550 entries, 91.54% (elapsed time    12.0s, curr speed   23.212 kHz, avg speed   15.770 kHz), accepted       11/  190001 events ( 0.01%)
Processed   200000/  207550 entries, 96.36% (elapsed time    12.6s, curr speed   16.981 kHz, avg speed   15.827 kHz), accepted       12/  200001 events ( 0.01%)
Processed 207550 preselected entries from /eos/cms/store/group/phys_tau/TauFW/nano/UL2017/TTToHadronic_TuneCP5_13TeV-powheg-pythia8/RunIISummer19UL17NanoAODv2-106X_mc2017_realistic_v8-v1/NANOAODSIM/863A3329-784D-7144-A982-6FDD2CB02E87_skimjec_3.root (207550 entries). Finally selected 12 entries
Pre-select 200375 entries out of 200375 (100.00%)
Processed    10000/  200375 entries,  4.99% (elapsed time     4.6s, curr speed    2.162 kHz, avg speed    2.162 kHz), accepted        1/   10001 events ( 0.01%)
Processed    20000/  200375 entries,  9.98% (elapsed time     5.0s, curr speed   27.789 kHz, avg speed    4.013 kHz), accepted        1/   20001 events ( 0.00%)
Processed    30000/  200375 entries, 14.97% (elapsed time     5.4s, curr speed   24.865 kHz, avg speed    5.569 kHz), accepted        1/   30001 events ( 0.00%)
Processed    40000/  200375 entries, 19.96% (elapsed time     6.1s, curr speed   14.629 kHz, avg speed    6.590 kHz), accepted        2/   40001 events ( 0.00%)
Processed    50000/  200375 entries, 24.95% (elapsed time     6.4s, curr speed   28.237 kHz, avg speed    7.783 kHz), accepted        2/   50001 events ( 0.00%)
Processed    60000/  200375 entries, 29.94% (elapsed time     6.8s, curr speed   28.147 kHz, avg speed    8.850 kHz), accepted        2/   60001 events ( 0.00%)
Processed    70000/  200375 entries, 34.93% (elapsed time     7.2s, curr speed   23.181 kHz, avg speed    9.707 kHz), accepted        2/   70001 events ( 0.00%)
Processed    80000/  200375 entries, 39.93% (elapsed time     7.7s, curr speed   22.001 kHz, avg speed   10.436 kHz), accepted        2/   80001 events ( 0.00%)
Processed    90000/  200375 entries, 44.92% (elapsed time     8.1s, curr speed   25.557 kHz, avg speed   11.171 kHz), accepted        2/   90001 events ( 0.00%)
Processed   100000/  200375 entries, 49.91% (elapsed time     8.5s, curr speed   21.305 kHz, avg speed   11.729 kHz), accepted        2/  100001 events ( 0.00%)
Processed   110000/  200375 entries, 54.90% (elapsed time     8.9s, curr speed   29.479 kHz, avg speed   12.408 kHz), accepted        2/  110001 events ( 0.00%)
Processed   120000/  200375 entries, 59.89% (elapsed time     9.5s, curr speed   16.081 kHz, avg speed   12.649 kHz), accepted        3/  120001 events ( 0.00%)
Processed   130000/  200375 entries, 64.88% (elapsed time    10.0s, curr speed   18.734 kHz, avg speed   12.973 kHz), accepted        4/  130001 events ( 0.00%)
Processed   140000/  200375 entries, 69.87% (elapsed time    10.4s, curr speed   28.354 kHz, avg speed   13.496 kHz), accepted        4/  140001 events ( 0.00%)
Processed   150000/  200375 entries, 74.86% (elapsed time    10.7s, curr speed   28.304 kHz, avg speed   13.983 kHz), accepted        4/  150001 events ( 0.00%)
Processed   160000/  200375 entries, 79.85% (elapsed time    11.4s, curr speed   15.651 kHz, avg speed   14.077 kHz), accepted        5/  160001 events ( 0.00%)
Processed   170000/  200375 entries, 84.84% (elapsed time    11.7s, curr speed   26.599 kHz, avg speed   14.478 kHz), accepted        5/  170001 events ( 0.00%)
Processed   180000/  200375 entries, 89.83% (elapsed time    12.3s, curr speed   18.422 kHz, avg speed   14.652 kHz), accepted        6/  180001 events ( 0.00%)
Processed   190000/  200375 entries, 94.82% (elapsed time    12.6s, curr speed   29.902 kHz, avg speed   15.057 kHz), accepted        6/  190001 events ( 0.00%)
Processed   200000/  200375 entries, 99.81% (elapsed time    13.0s, curr speed   24.369 kHz, avg speed   15.350 kHz), accepted        6/  200001 events ( 0.00%)
Processed 200375 preselected entries from /eos/cms/store/group/phys_tau/TauFW/nano/UL2017/TTToHadronic_TuneCP5_13TeV-powheg-pythia8/RunIISummer19UL17NanoAODv2-106X_mc2017_realistic_v8-v1/NANOAODSIM/86DA3D9B-E65E-CF41-8C6B-59F3646ED46D_skimjec_0.root (200375 entries). Finally selected 6 entries
Pre-select 200375 entries out of 200375 (100.00%)
Processed    10000/  200375 entries,  4.99% (elapsed time     2.6s, curr speed    3.857 kHz, avg speed    3.857 kHz), accepted        1/   10001 events ( 0.01%)
Processed    20000/  200375 entries,  9.98% (elapsed time     3.6s, curr speed    9.896 kHz, avg speed    5.550 kHz), accepted        1/   20001 events ( 0.00%)
Processed    30000/  200375 entries, 14.97% (elapsed time     4.1s, curr speed   20.768 kHz, avg speed    7.344 kHz), accepted        1/   30001 events ( 0.00%)
Processed    40000/  200375 entries, 19.96% (elapsed time     6.0s, curr speed    5.223 kHz, avg speed    6.667 kHz), accepted        2/   40001 events ( 0.00%)
Processed    50000/  200375 entries, 24.95% (elapsed time     6.5s, curr speed   21.632 kHz, avg speed    7.738 kHz), accepted        2/   50001 events ( 0.00%)
Processed    60000/  200375 entries, 29.94% (elapsed time     9.6s, curr speed    3.214 kHz, avg speed    6.268 kHz), accepted        3/   60001 events ( 0.00%)
Processed    70000/  200375 entries, 34.93% (elapsed time    10.1s, curr speed   18.116 kHz, avg speed    6.914 kHz), accepted        4/   70001 events ( 0.01%)
Processed    80000/  200375 entries, 39.93% (elapsed time    10.6s, curr speed   19.646 kHz, avg speed    7.523 kHz), accepted        5/   80001 events ( 0.01%)
Processed    90000/  200375 entries, 44.92% (elapsed time    11.2s, curr speed   18.085 kHz, avg speed    8.045 kHz), accepted        6/   90001 events ( 0.01%)
Processed   100000/  200375 entries, 49.91% (elapsed time    11.5s, curr speed   31.494 kHz, avg speed    8.692 kHz), accepted        6/  100001 events ( 0.01%)
Processed   110000/  200375 entries, 54.90% (elapsed time    11.8s, curr speed   30.205 kHz, avg speed    9.294 kHz), accepted        6/  110001 events ( 0.01%)
Processed   120000/  200375 entries, 59.89% (elapsed time    12.2s, curr speed   25.479 kHz, avg speed    9.813 kHz), accepted        6/  120001 events ( 0.00%)
Processed   130000/  200375 entries, 64.88% (elapsed time    12.7s, curr speed   23.339 kHz, avg speed   10.271 kHz), accepted        6/  130001 events ( 0.00%)
Processed   140000/  200375 entries, 69.87% (elapsed time    13.1s, curr speed   23.783 kHz, avg speed   10.706 kHz), accepted        6/  140001 events ( 0.00%)
Processed   150000/  200375 entries, 74.86% (elapsed time    13.5s, curr speed   23.665 kHz, avg speed   11.111 kHz), accepted        6/  150001 events ( 0.00%)
Processed   160000/  200375 entries, 79.85% (elapsed time    13.8s, curr speed   31.442 kHz, avg speed   11.579 kHz), accepted        6/  160001 events ( 0.00%)
Processed   170000/  200375 entries, 84.84% (elapsed time    14.3s, curr speed   20.366 kHz, avg speed   11.881 kHz), accepted        7/  170001 events ( 0.00%)
Processed   180000/  200375 entries, 89.83% (elapsed time    14.7s, curr speed   25.170 kHz, avg speed   12.240 kHz), accepted        7/  180001 events ( 0.00%)
Processed   190000/  200375 entries, 94.82% (elapsed time    15.3s, curr speed   16.157 kHz, avg speed   12.398 kHz), accepted        8/  190001 events ( 0.00%)
Processed   200000/  200375 entries, 99.81% (elapsed time    15.9s, curr speed   18.771 kHz, avg speed   12.612 kHz), accepted        9/  200001 events ( 0.00%)
Processed 200375 preselected entries from /eos/cms/store/group/phys_tau/TauFW/nano/UL2017/TTToHadronic_TuneCP5_13TeV-powheg-pythia8/RunIISummer19UL17NanoAODv2-106X_mc2017_realistic_v8-v1/NANOAODSIM/86DA3D9B-E65E-CF41-8C6B-59F3646ED46D_skimjec_1.root (200375 entries). Finally selected 9 entries
Pre-select 200375 entries out of 200375 (100.00%)
Processed    10000/  200375 entries,  4.99% (elapsed time     1.7s, curr speed    5.742 kHz, avg speed    5.742 kHz), accepted        0/   10001 events ( 0.00%)
Processed    20000/  200375 entries,  9.98% (elapsed time     4.6s, curr speed    3.506 kHz, avg speed    4.354 kHz), accepted        1/   20001 events ( 0.00%)
Processed    30000/  200375 entries, 14.97% (elapsed time     5.1s, curr speed   19.047 kHz, avg speed    5.861 kHz), accepted        2/   30001 events ( 0.01%)
Processed    40000/  200375 entries, 19.96% (elapsed time     5.6s, curr speed   20.094 kHz, avg speed    7.122 kHz), accepted        3/   40001 events ( 0.01%)
Processed    50000/  200375 entries, 24.95% (elapsed time     6.2s, curr speed   16.215 kHz, avg speed    8.022 kHz), accepted        4/   50001 events ( 0.01%)
Processed    60000/  200375 entries, 29.94% (elapsed time     6.6s, curr speed   27.885 kHz, avg speed    9.102 kHz), accepted        4/   60001 events ( 0.01%)
Processed    70000/  200375 entries, 34.93% (elapsed time     7.3s, curr speed   13.847 kHz, avg speed    9.571 kHz), accepted        6/   70001 events ( 0.01%)
Processed    80000/  200375 entries, 39.93% (elapsed time     7.8s, curr speed   20.913 kHz, avg speed   10.267 kHz), accepted        8/   80001 events ( 0.01%)
Processed    90000/  200375 entries, 44.92% (elapsed time     8.2s, curr speed   25.758 kHz, avg speed   11.002 kHz), accepted        8/   90001 events ( 0.01%)
Processed   100000/  200375 entries, 49.91% (elapsed time     8.9s, curr speed   13.370 kHz, avg speed   11.200 kHz), accepted       10/  100001 events ( 0.01%)
Processed   110000/  200375 entries, 54.90% (elapsed time     9.5s, curr speed   18.147 kHz, avg speed   11.604 kHz), accepted       11/  110001 events ( 0.01%)
Processed   120000/  200375 entries, 59.89% (elapsed time    10.0s, curr speed   19.785 kHz, avg speed   12.018 kHz), accepted       12/  120001 events ( 0.01%)
Processed   130000/  200375 entries, 64.88% (elapsed time    10.5s, curr speed   20.566 kHz, avg speed   12.415 kHz), accepted       13/  130001 events ( 0.01%)
Processed   140000/  200375 entries, 69.87% (elapsed time    10.8s, curr speed   28.446 kHz, avg speed   12.936 kHz), accepted       13/  140001 events ( 0.01%)
Processed   150000/  200375 entries, 74.86% (elapsed time    11.3s, curr speed   21.068 kHz, avg speed   13.278 kHz), accepted       13/  150001 events ( 0.01%)
Processed   160000/  200375 entries, 79.85% (elapsed time    12.0s, curr speed   15.112 kHz, avg speed   13.379 kHz), accepted       15/  160001 events ( 0.01%)
Processed   170000/  200375 entries, 84.84% (elapsed time    12.5s, curr speed   17.535 kHz, avg speed   13.568 kHz), accepted       16/  170001 events ( 0.01%)
Processed   180000/  200375 entries, 89.83% (elapsed time    13.1s, curr speed   18.082 kHz, avg speed   13.759 kHz), accepted       16/  180001 events ( 0.01%)
Processed   190000/  200375 entries, 94.82% (elapsed time    13.5s, curr speed   21.666 kHz, avg speed   14.029 kHz), accepted       16/  190001 events ( 0.01%)
Processed   200000/  200375 entries, 99.81% (elapsed time    14.0s, curr speed   24.365 kHz, avg speed   14.333 kHz), accepted       16/  200001 events ( 0.01%)
Processed 200375 preselected entries from /eos/cms/store/group/phys_tau/TauFW/nano/UL2017/TTToHadronic_TuneCP5_13TeV-powheg-pythia8/RunIISummer19UL17NanoAODv2-106X_mc2017_realistic_v8-v1/NANOAODSIM/86DA3D9B-E65E-CF41-8C6B-59F3646ED46D_skimjec_2.root (200375 entries). Finally selected 17 entries
Total time 77.4 sec. to process 1016225 events. Rate = 13136.6 Hz.
>>> cwd          = /pool/condor/dir_8728
>>> ls           = ['condor_exec.exe', '.chirp.config', '_condor_stdout', 'var', 'tmp', '.machine.ad', '.job.ad', 'lvigilan.cc', 'pico_etau_EES1p01_62.root', 'x509_voms']
>>> getstorage('/eos/home-l/lvigilan/output_ETauFR_UL17_RUN1/UL2017/etau/TTToHadronic'), <EOS("/eos/home-l/lvigilan/output_ETauFR_UL17_RUN1/UL2017/etau/TTToHadronic") at 0x2ab7f7531c10>
>>> Executing: 'cp ./pico_etau_EES1p01_62.root /eos/home-l/lvigilan/output_ETauFR_UL17_RUN1/UL2017/etau/TTToHadronic'
>>> Removing './pico_etau_EES1p01_62.root'...
>>> picojob.py done after 90.2 seconds

Job complete at Tue Jun  8 10:14:42 CEST 2021
Took 1 minutes 31 seconds040 (2368941.062.000) 06/08 10:14:43 Finished transferring output files
...
005 (2368941.062.000) 06/08 10:14:43 Job terminated.
	(1) Normal termination (return value 0)
		Usr 0 00:00:57, Sys 0 00:00:03  -  Run Remote Usage
		Usr 0 00:00:00, Sys 0 00:00:00  -  Run Local Usage
		Usr 0 00:00:57, Sys 0 00:00:03  -  Total Remote Usage
		Usr 0 00:00:00, Sys 0 00:00:00  -  Total Local Usage
	33738  -  Run Bytes Sent By Job
	9926  -  Run Bytes Received By Job
	33738  -  Total Bytes Sent By Job
	9926  -  Total Bytes Received By Job
	Partitionable Resources :    Usage  Request Allocated 
	   Cpus                 :                 1         1 
	   Disk (KB)            :       94        1    275741 
	   Memory (MB)          :      171     2000      2000 

	Job terminated of its own accord at 2021-06-08T08:14:42Z.
...
