Could not find platform independent libraries <prefix>
Could not find platform dependent libraries <exec_prefix>
Consider setting $PYTHONHOME to <prefix>[:<exec_prefix>]
ImportError: No module named site
Job start at Mon Jun  7 19:06:39 CEST 2021
Running job on machine Linux b7g23n1744.cern.ch 3.10.0-1160.24.1.el7.x86_64 #1 SMP Thu Apr 8 19:51:47 UTC 2021 x86_64 x86_64 x86_64 GNU/Linux, host b7g23n1744.cern.ch
============================================================
$PWD=/pool/condor/dir_30949
$JOBID=2367593
$TASKID=82
$HOSTNAME=b7g23n1744.cern.ch
$TASKCMD=/afs/cern.ch/work/l/lvigilan/TauWork/CMSSW_10_6_17_patch1/src/TauFW/PicoProducer/python/processors/picojob.py -y UL2017 -d 'mc' -c etau -M ETauFakeRate.ModuleETau --copydir /eos/home-l/lvigilan/output_ETauFR_UL17_RUN1/UL2017/etau/TTToHadronic -t _etau_82 --opt 'useT1=True' 'toppt=True' -i /eos/cms/store/group/phys_tau/TauFW/nano/UL2017/TTToHadronic_TuneCP5_13TeV-powheg-pythia8/RunIISummer19UL17NanoAODv2-106X_mc2017_realistic_v8-v1/NANOAODSIM/A6BD9880-388F-C545-A030-CA8DF1A7C6BF_skimjec_4.root /eos/cms/store/group/phys_tau/TauFW/nano/UL2017/TTToHadronic_TuneCP5_13TeV-powheg-pythia8/RunIISummer19UL17NanoAODv2-106X_mc2017_realistic_v8-v1/NANOAODSIM/A6BD9880-388F-C545-A030-CA8DF1A7C6BF_skimjec_5.root /eos/cms/store/group/phys_tau/TauFW/nano/UL2017/TTToHadronic_TuneCP5_13TeV-powheg-pythia8/RunIISummer19UL17NanoAODv2-106X_mc2017_realistic_v8-v1/NANOAODSIM/A9856F88-D653-F643-870D-F5090E6A9C4B_skimjec_0.root /eos/cms/store/group/phys_tau/TauFW/nano/UL2017/TTToHadronic_TuneCP5_13TeV-powheg-pythia8/RunIISummer19UL17NanoAODv2-106X_mc2017_realistic_v8-v1/NANOAODSIM/A9856F88-D653-F643-870D-F5090E6A9C4B_skimjec_1.root /eos/cms/store/group/phys_tau/TauFW/nano/UL2017/TTToHadronic_TuneCP5_13TeV-powheg-pythia8/RunIISummer19UL17NanoAODv2-106X_mc2017_realistic_v8-v1/NANOAODSIM/A9856F88-D653-F643-870D-F5090E6A9C4B_skimjec_2.root
$WORKDIR=/pool/condor/dir_30949
>>> cd /afs/cern.ch/work/l/lvigilan/TauWork/CMSSW_10_6_17_patch1/src
>>> eval `scramv1 runtime -sh`
>>> cd /pool/condor/dir_30949
$PWD=/pool/condor/dir_30949
>>> /afs/cern.ch/work/l/lvigilan/TauWork/CMSSW_10_6_17_patch1/src/TauFW/PicoProducer/python/processors/picojob.py -y UL2017 -d 'mc' -c etau -M ETauFakeRate.ModuleETau --copydir /eos/home-l/lvigilan/output_ETauFR_UL17_RUN1/UL2017/etau/TTToHadronic -t _etau_82 --opt 'useT1=True' 'toppt=True' -i /eos/cms/store/group/phys_tau/TauFW/nano/UL2017/TTToHadronic_TuneCP5_13TeV-powheg-pythia8/RunIISummer19UL17NanoAODv2-106X_mc2017_realistic_v8-v1/NANOAODSIM/A6BD9880-388F-C545-A030-CA8DF1A7C6BF_skimjec_4.root /eos/cms/store/group/phys_tau/TauFW/nano/UL2017/TTToHadronic_TuneCP5_13TeV-powheg-pythia8/RunIISummer19UL17NanoAODv2-106X_mc2017_realistic_v8-v1/NANOAODSIM/A6BD9880-388F-C545-A030-CA8DF1A7C6BF_skimjec_5.root /eos/cms/store/group/phys_tau/TauFW/nano/UL2017/TTToHadronic_TuneCP5_13TeV-powheg-pythia8/RunIISummer19UL17NanoAODv2-106X_mc2017_realistic_v8-v1/NANOAODSIM/A9856F88-D653-F643-870D-F5090E6A9C4B_skimjec_0.root /eos/cms/store/group/phys_tau/TauFW/nano/UL2017/TTToHadronic_TuneCP5_13TeV-powheg-pythia8/RunIISummer19UL17NanoAODv2-106X_mc2017_realistic_v8-v1/NANOAODSIM/A9856F88-D653-F643-870D-F5090E6A9C4B_skimjec_1.root /eos/cms/store/group/phys_tau/TauFW/nano/UL2017/TTToHadronic_TuneCP5_13TeV-powheg-pythia8/RunIISummer19UL17NanoAODv2-106X_mc2017_realistic_v8-v1/NANOAODSIM/A9856F88-D653-F643-870D-F5090E6A9C4B_skimjec_2.root
Error in <TGClient::TGClient>: can't open display "localhost:19.0", switching to batch mode...
 In case you run from a remote ssh session, reconnect with ssh -Y
--------------------------------------------------------------------------------
>>> era          = 'UL2017'
>>> year         = 2017
>>> channel      = 'etau'
>>> modname      = 'ETauFakeRate.ModuleETau'
>>> dtype        = 'mc'
>>> kwargs       = {'dtype': 'mc', 'toppt': True, 'useT1': True, 'verb': 0, 'era': 'UL2017', 'year': 2017}
>>> firstevt     = 0
>>> maxevts      = None
>>> outdir       = '.'
>>> copydir      = '/eos/home-l/lvigilan/output_ETauFR_UL17_RUN1/UL2017/etau/TTToHadronic'
>>> infiles      = ['/eos/cms/store/group/phys_tau/TauFW/nano/UL2017/TTToHadronic_TuneCP5_13TeV-powheg-pythia8/RunIISummer19UL17NanoAODv2-106X_mc2017_realistic_v8-v1/NANOAODSIM/A6BD9880-388F-C545-A030-CA8DF1A7C6BF_skimjec_4.root', '/eos/cms/store/group/phys_tau/TauFW/nano/UL2017/TTToHadronic_TuneCP5_13TeV-powheg-pythia8/RunIISummer19UL17NanoAODv2-106X_mc2017_realistic_v8-v1/NANOAODSIM/A6BD9880-388F-C545-A030-CA8DF1A7C6BF_skimjec_5.root', '/eos/cms/store/group/phys_tau/TauFW/nano/UL2017/TTToHadronic_TuneCP5_13TeV-powheg-pythia8/RunIISummer19UL17NanoAODv2-106X_mc2017_realistic_v8-v1/NANOAODSIM/A9856F88-D653-F643-870D-F5090E6A9C4B_skimjec_0.root', '/eos/cms/store/group/phys_tau/TauFW/nano/UL2017/TTToHadronic_TuneCP5_13TeV-powheg-pythia8/RunIISummer19UL17NanoAODv2-106X_mc2017_realistic_v8-v1/NANOAODSIM/A9856F88-D653-F643-870D-F5090E6A9C4B_skimjec_1.root', '/eos/cms/store/group/phys_tau/TauFW/nano/UL2017/TTToHadronic_TuneCP5_13TeV-powheg-pythia8/RunIISummer19UL17NanoAODv2-106X_mc2017_realistic_v8-v1/NANOAODSIM/A9856F88-D653-F643-870D-F5090E6A9C4B_skimjec_2.root']
>>> outfname     = './pico_etau_82.root'
>>> branchsel    = '/afs/cern.ch/work/l/lvigilan/TauWork/CMSSW_10_6_17_patch1/python/TauFW/PicoProducer/processors/keep_and_drop_skim.txt'
>>> json         = None
>>> prefetch     = False
>>> cwd          = /pool/condor/dir_30949
--------------------------------------------------------------------------------

   ################
   #  ModuleETau  #
   ################

Loading PileupWeightTool for '/afs/cern.ch/work/l/lvigilan/TauWork/CMSSW_10_6_17_patch1/src/TauFW/PicoProducer/data/pileup/Data_PileUp_UL2017_69p2.root' and '/afs/cern.ch/work/l/lvigilan/TauWork/CMSSW_10_6_17_patch1/src/TauFW/PicoProducer/data/pileup/MC_PileUp_UL2017_Summer19.root'
Loading BTagWeightTool for DeepCSV (medium WP)...
>>> BTagTool: [1m[33mWarning! [0m[33mHistogram 'etau/eff_DeepCSV_udsg_medium' does not exist in /afs/cern.ch/work/l/lvigilan/TauWork/CMSSW_10_6_17_patch1/src/TauFW/PicoProducer/data/btag/DeepCSV_2017_12Apr2017_eff.root! Reverting to default efficiency histogram...[0m
>>> BTagTool: [1m[33mWarning! [0m[33mHistogram 'etau/eff_DeepCSV_c_medium' does not exist in /afs/cern.ch/work/l/lvigilan/TauWork/CMSSW_10_6_17_patch1/src/TauFW/PicoProducer/data/btag/DeepCSV_2017_12Apr2017_eff.root! Reverting to default efficiency histogram...[0m
>>> BTagTool: [1m[33mWarning! [0m[33mHistogram 'etau/eff_DeepCSV_b_medium' does not exist in /afs/cern.ch/work/l/lvigilan/TauWork/CMSSW_10_6_17_patch1/src/TauFW/PicoProducer/data/btag/DeepCSV_2017_12Apr2017_eff.root! Reverting to default efficiency histogram...[0m
>>> BTagTool: [1m[33mWarning! [0m[33mMade use of default efficiency histograms! The b tag weights from this module should be regarded as placeholders only,
and should NOT be used for analyses. B (mis)tag efficiencies in MC are analysis dependent. Please create your own
efficiency histogram with data/btag/getBTagEfficiencies.py after running all MC samples with BTagWeightTool.[0m
Loading TreeProducerETau for './pico_etau_82.root'
--------------------------------------------------------------------------------
>>> filename     = './pico_etau_82.root'
>>> year         = 2017
>>> dtype        = 'mc'
>>> channel      = 'etau'
>>> ismc         = True
>>> isdata       = False
>>> isembed      = False
>>> tes          = 1.0
>>> tessys       = None
>>> fes          = None
>>> ltf          = None
>>> jtf          = 1.0
>>> dotoppt      = True
>>> dozpt        = False
>>> dojec        = True
>>> dojecsys     = True
>>> dotight      = False
>>> useT1        = True
>>> jetCutPt     = 30
>>> bjetCutEta   = 2.7
>>> tauwp        = 0
>>> eleCutPt     = 36
>>> eleCutEta    = 2.1
>>> tauCutPt     = 20
>>> tauCutEta    = 2.3
>>> ZpeekReso    = 0.1
Pre-select 227800 entries out of 227800 (100.00%)
Processed    10000/  227800 entries,  4.39% (elapsed time     6.7s, curr speed    1.485 kHz, avg speed    1.485 kHz), accepted        1/   10001 events ( 0.01%)
Processed    20000/  227800 entries,  8.78% (elapsed time     9.3s, curr speed    3.862 kHz, avg speed    2.145 kHz), accepted        2/   20001 events ( 0.01%)
Processed    30000/  227800 entries, 13.17% (elapsed time    10.0s, curr speed   14.021 kHz, avg speed    2.989 kHz), accepted        2/   30001 events ( 0.01%)
Processed    40000/  227800 entries, 17.56% (elapsed time    11.2s, curr speed    8.909 kHz, avg speed    3.584 kHz), accepted        3/   40001 events ( 0.01%)
Processed    50000/  227800 entries, 21.95% (elapsed time    12.1s, curr speed   10.512 kHz, avg speed    4.128 kHz), accepted        3/   50001 events ( 0.01%)
Processed    60000/  227800 entries, 26.34% (elapsed time    13.0s, curr speed   10.774 kHz, avg speed    4.602 kHz), accepted        3/   60001 events ( 0.00%)
Processed    70000/  227800 entries, 30.73% (elapsed time    13.8s, curr speed   13.312 kHz, avg speed    5.076 kHz), accepted        3/   70001 events ( 0.00%)
Processed    80000/  227800 entries, 35.12% (elapsed time    15.1s, curr speed    7.909 kHz, avg speed    5.314 kHz), accepted        4/   80001 events ( 0.00%)
Processed    90000/  227800 entries, 39.51% (elapsed time    16.2s, curr speed    8.574 kHz, avg speed    5.548 kHz), accepted        4/   90001 events ( 0.00%)
Processed   100000/  227800 entries, 43.90% (elapsed time    17.6s, curr speed    7.426 kHz, avg speed    5.692 kHz), accepted        5/  100001 events ( 0.00%)
Processed   110000/  227800 entries, 48.29% (elapsed time    18.4s, curr speed   11.821 kHz, avg speed    5.974 kHz), accepted        5/  110001 events ( 0.00%)
Processed   120000/  227800 entries, 52.68% (elapsed time    19.9s, curr speed    6.934 kHz, avg speed    6.044 kHz), accepted        7/  120001 events ( 0.01%)
Processed   130000/  227800 entries, 57.07% (elapsed time    21.1s, curr speed    7.751 kHz, avg speed    6.148 kHz), accepted        7/  130001 events ( 0.01%)
Processed   140000/  227800 entries, 61.46% (elapsed time    22.4s, curr speed    7.992 kHz, avg speed    6.251 kHz), accepted        8/  140001 events ( 0.01%)
Processed   150000/  227800 entries, 65.85% (elapsed time    23.5s, curr speed    8.842 kHz, avg speed    6.375 kHz), accepted        9/  150001 events ( 0.01%)
Processed   160000/  227800 entries, 70.24% (elapsed time    25.1s, curr speed    6.399 kHz, avg speed    6.377 kHz), accepted       10/  160001 events ( 0.01%)
Processed   170000/  227800 entries, 74.63% (elapsed time    25.9s, curr speed   11.955 kHz, avg speed    6.557 kHz), accepted       10/  170001 events ( 0.01%)
Processed   180000/  227800 entries, 79.02% (elapsed time    27.4s, curr speed    6.722 kHz, avg speed    6.566 kHz), accepted       11/  180001 events ( 0.01%)
Processed   190000/  227800 entries, 83.41% (elapsed time    28.5s, curr speed    9.414 kHz, avg speed    6.672 kHz), accepted       12/  190001 events ( 0.01%)
Processed   200000/  227800 entries, 87.80% (elapsed time    29.9s, curr speed    7.193 kHz, avg speed    6.696 kHz), accepted       15/  200001 events ( 0.01%)
Processed   210000/  227800 entries, 92.19% (elapsed time    31.2s, curr speed    7.670 kHz, avg speed    6.737 kHz), accepted       16/  210001 events ( 0.01%)
Processed   220000/  227800 entries, 96.58% (elapsed time    32.2s, curr speed    9.451 kHz, avg speed    6.826 kHz), accepted       16/  220001 events ( 0.01%)
Processed 227800 preselected entries from /eos/cms/store/group/phys_tau/TauFW/nano/UL2017/TTToHadronic_TuneCP5_13TeV-powheg-pythia8/RunIISummer19UL17NanoAODv2-106X_mc2017_realistic_v8-v1/NANOAODSIM/A6BD9880-388F-C545-A030-CA8DF1A7C6BF_skimjec_4.root (227800 entries). Finally selected 16 entries
Pre-select 227800 entries out of 227800 (100.00%)
Processed    10000/  227800 entries,  4.39% (elapsed time     3.6s, curr speed    2.799 kHz, avg speed    2.799 kHz), accepted        1/   10001 events ( 0.01%)
Processed    20000/  227800 entries,  8.78% (elapsed time     4.2s, curr speed   16.122 kHz, avg speed    4.770 kHz), accepted        1/   20001 events ( 0.00%)
Processed    30000/  227800 entries, 13.17% (elapsed time    10.4s, curr speed    1.607 kHz, avg speed    2.880 kHz), accepted        3/   30001 events ( 0.01%)
Processed    40000/  227800 entries, 17.56% (elapsed time    12.7s, curr speed    4.300 kHz, avg speed    3.139 kHz), accepted        3/   40001 events ( 0.01%)
Processed    50000/  227800 entries, 21.95% (elapsed time    17.6s, curr speed    2.076 kHz, avg speed    2.848 kHz), accepted        4/   50001 events ( 0.01%)
Processed    60000/  227800 entries, 26.34% (elapsed time    18.3s, curr speed   13.049 kHz, avg speed    3.274 kHz), accepted        4/   60001 events ( 0.01%)
Processed    70000/  227800 entries, 30.73% (elapsed time    21.5s, curr speed    3.195 kHz, avg speed    3.263 kHz), accepted        5/   70001 events ( 0.01%)
Processed    80000/  227800 entries, 35.12% (elapsed time    22.6s, curr speed    9.047 kHz, avg speed    3.546 kHz), accepted        6/   80001 events ( 0.01%)
Processed    90000/  227800 entries, 39.51% (elapsed time    23.9s, curr speed    7.376 kHz, avg speed    3.763 kHz), accepted        7/   90001 events ( 0.01%)
Processed   100000/  227800 entries, 43.90% (elapsed time    28.2s, curr speed    2.346 kHz, avg speed    3.549 kHz), accepted        8/  100001 events ( 0.01%)
Processed   110000/  227800 entries, 48.29% (elapsed time    29.0s, curr speed   11.900 kHz, avg speed    3.791 kHz), accepted        8/  110001 events ( 0.01%)
Processed   120000/  227800 entries, 52.68% (elapsed time    30.0s, curr speed   10.621 kHz, avg speed    4.005 kHz), accepted        8/  120001 events ( 0.01%)
Processed   130000/  227800 entries, 57.07% (elapsed time    31.1s, curr speed    8.792 kHz, avg speed    4.180 kHz), accepted        9/  130001 events ( 0.01%)
Processed   140000/  227800 entries, 61.46% (elapsed time    32.2s, curr speed    9.034 kHz, avg speed    4.347 kHz), accepted        9/  140001 events ( 0.01%)
Processed   150000/  227800 entries, 65.85% (elapsed time    33.7s, curr speed    6.521 kHz, avg speed    4.446 kHz), accepted       10/  150001 events ( 0.01%)
Processed   160000/  227800 entries, 70.24% (elapsed time    34.6s, curr speed   12.020 kHz, avg speed    4.628 kHz), accepted       10/  160001 events ( 0.01%)
Processed   170000/  227800 entries, 74.63% (elapsed time    35.8s, curr speed    8.207 kHz, avg speed    4.750 kHz), accepted       11/  170001 events ( 0.01%)
Processed   180000/  227800 entries, 79.02% (elapsed time    36.7s, curr speed   10.997 kHz, avg speed    4.905 kHz), accepted       11/  180001 events ( 0.01%)
Processed   190000/  227800 entries, 83.41% (elapsed time    37.8s, curr speed    9.097 kHz, avg speed    5.027 kHz), accepted       11/  190001 events ( 0.01%)
Processed   200000/  227800 entries, 87.80% (elapsed time    38.8s, curr speed   10.328 kHz, avg speed    5.159 kHz), accepted       11/  200001 events ( 0.01%)
Processed   210000/  227800 entries, 92.19% (elapsed time    40.1s, curr speed    7.337 kHz, avg speed    5.233 kHz), accepted       13/  210001 events ( 0.01%)
Processed   220000/  227800 entries, 96.58% (elapsed time    41.3s, curr speed    8.517 kHz, avg speed    5.327 kHz), accepted       14/  220001 events ( 0.01%)
Processed 227800 preselected entries from /eos/cms/store/group/phys_tau/TauFW/nano/UL2017/TTToHadronic_TuneCP5_13TeV-powheg-pythia8/RunIISummer19UL17NanoAODv2-106X_mc2017_realistic_v8-v1/NANOAODSIM/A6BD9880-388F-C545-A030-CA8DF1A7C6BF_skimjec_5.root (227800 entries). Finally selected 15 entries
Pre-select 213734 entries out of 213734 (100.00%)
Processed    10000/  213734 entries,  4.68% (elapsed time     0.9s, curr speed   11.275 kHz, avg speed   11.275 kHz), accepted        0/   10001 events ( 0.00%)
Processed    20000/  213734 entries,  9.36% (elapsed time     5.1s, curr speed    2.394 kHz, avg speed    3.950 kHz), accepted        0/   20001 events ( 0.00%)
Processed    30000/  213734 entries, 14.04% (elapsed time     5.8s, curr speed   13.466 kHz, avg speed    5.167 kHz), accepted        0/   30001 events ( 0.00%)
Processed    40000/  213734 entries, 18.71% (elapsed time     6.6s, curr speed   12.261 kHz, avg speed    6.041 kHz), accepted        0/   40001 events ( 0.00%)
Processed    50000/  213734 entries, 23.39% (elapsed time     7.4s, curr speed   12.775 kHz, avg speed    6.753 kHz), accepted        0/   50001 events ( 0.00%)
Processed    60000/  213734 entries, 28.07% (elapsed time     8.1s, curr speed   14.942 kHz, avg speed    7.432 kHz), accepted        0/   60001 events ( 0.00%)
Processed    70000/  213734 entries, 32.75% (elapsed time     8.9s, curr speed   11.545 kHz, avg speed    7.830 kHz), accepted        0/   70001 events ( 0.00%)
Processed    80000/  213734 entries, 37.43% (elapsed time    11.9s, curr speed    3.354 kHz, avg speed    6.711 kHz), accepted        1/   80001 events ( 0.00%)
Processed    90000/  213734 entries, 42.11% (elapsed time    12.9s, curr speed   10.433 kHz, avg speed    6.988 kHz), accepted        1/   90001 events ( 0.00%)
Processed   100000/  213734 entries, 46.79% (elapsed time    14.2s, curr speed    7.510 kHz, avg speed    7.037 kHz), accepted        2/  100001 events ( 0.00%)
Processed   110000/  213734 entries, 51.47% (elapsed time    15.4s, curr speed    8.119 kHz, avg speed    7.123 kHz), accepted        3/  110001 events ( 0.00%)
Processed   120000/  213734 entries, 56.14% (elapsed time    17.2s, curr speed    5.657 kHz, avg speed    6.972 kHz), accepted        3/  120001 events ( 0.00%)
Processed   130000/  213734 entries, 60.82% (elapsed time    18.2s, curr speed    9.931 kHz, avg speed    7.136 kHz), accepted        3/  130001 events ( 0.00%)
Processed   140000/  213734 entries, 65.50% (elapsed time    19.7s, curr speed    6.898 kHz, avg speed    7.118 kHz), accepted        5/  140001 events ( 0.00%)
Processed   150000/  213734 entries, 70.18% (elapsed time    21.3s, curr speed    6.071 kHz, avg speed    7.037 kHz), accepted        7/  150001 events ( 0.00%)
Processed   160000/  213734 entries, 74.86% (elapsed time    22.9s, curr speed    6.204 kHz, avg speed    6.979 kHz), accepted        7/  160001 events ( 0.00%)
Processed   170000/  213734 entries, 79.54% (elapsed time    23.9s, curr speed   10.451 kHz, avg speed    7.118 kHz), accepted        7/  170001 events ( 0.00%)
Processed   180000/  213734 entries, 84.22% (elapsed time    26.0s, curr speed    4.831 kHz, avg speed    6.936 kHz), accepted        8/  180001 events ( 0.00%)
Processed   190000/  213734 entries, 88.90% (elapsed time    28.2s, curr speed    4.372 kHz, avg speed    6.728 kHz), accepted        9/  190001 events ( 0.00%)
Processed   200000/  213734 entries, 93.57% (elapsed time    29.8s, curr speed    6.215 kHz, avg speed    6.700 kHz), accepted       10/  200001 events ( 0.00%)
Processed   210000/  213734 entries, 98.25% (elapsed time    30.9s, curr speed    9.653 kHz, avg speed    6.799 kHz), accepted       11/  210001 events ( 0.01%)
Processed 213734 preselected entries from /eos/cms/store/group/phys_tau/TauFW/nano/UL2017/TTToHadronic_TuneCP5_13TeV-powheg-pythia8/RunIISummer19UL17NanoAODv2-106X_mc2017_realistic_v8-v1/NANOAODSIM/A9856F88-D653-F643-870D-F5090E6A9C4B_skimjec_0.root (213734 entries). Finally selected 11 entries
Pre-select 213734 entries out of 213734 (100.00%)
Processed    10000/  213734 entries,  4.68% (elapsed time     1.8s, curr speed    5.527 kHz, avg speed    5.527 kHz), accepted        0/   10001 events ( 0.00%)
Processed    20000/  213734 entries,  9.36% (elapsed time     2.5s, curr speed   14.038 kHz, avg speed    7.932 kHz), accepted        0/   20001 events ( 0.00%)
Processed    30000/  213734 entries, 14.04% (elapsed time     6.2s, curr speed    2.731 kHz, avg speed    4.851 kHz), accepted        2/   30001 events ( 0.01%)
Processed    40000/  213734 entries, 18.71% (elapsed time     9.1s, curr speed    3.406 kHz, avg speed    4.386 kHz), accepted        7/   40001 events ( 0.02%)
Processed    50000/  213734 entries, 23.39% (elapsed time    10.7s, curr speed    6.440 kHz, avg speed    4.685 kHz), accepted        9/   50001 events ( 0.02%)
Processed    60000/  213734 entries, 28.07% (elapsed time    11.8s, curr speed    9.070 kHz, avg speed    5.095 kHz), accepted       10/   60001 events ( 0.02%)
Processed    70000/  213734 entries, 32.75% (elapsed time    13.0s, curr speed    8.141 kHz, avg speed    5.383 kHz), accepted       11/   70001 events ( 0.02%)
Processed    80000/  213734 entries, 37.43% (elapsed time    13.8s, curr speed   11.837 kHz, avg speed    5.777 kHz), accepted       11/   80001 events ( 0.01%)
Processed    90000/  213734 entries, 42.11% (elapsed time    14.5s, curr speed   14.808 kHz, avg speed    6.197 kHz), accepted       11/   90001 events ( 0.01%)
Processed   100000/  213734 entries, 46.79% (elapsed time    16.0s, curr speed    6.652 kHz, avg speed    6.240 kHz), accepted       13/  100001 events ( 0.01%)
Processed   110000/  213734 entries, 51.47% (elapsed time    16.9s, curr speed   11.199 kHz, avg speed    6.501 kHz), accepted       13/  110001 events ( 0.01%)
Processed   120000/  213734 entries, 56.14% (elapsed time    19.2s, curr speed    4.435 kHz, avg speed    6.258 kHz), accepted       14/  120001 events ( 0.01%)
Processed   130000/  213734 entries, 60.82% (elapsed time    20.2s, curr speed    9.315 kHz, avg speed    6.420 kHz), accepted       14/  130001 events ( 0.01%)
Processed   140000/  213734 entries, 65.50% (elapsed time    21.6s, curr speed    7.636 kHz, avg speed    6.494 kHz), accepted       16/  140001 events ( 0.01%)
Processed   150000/  213734 entries, 70.18% (elapsed time    22.3s, curr speed   13.187 kHz, avg speed    6.722 kHz), accepted       16/  150001 events ( 0.01%)
Processed   160000/  213734 entries, 74.86% (elapsed time    23.2s, curr speed   11.567 kHz, avg speed    6.902 kHz), accepted       16/  160001 events ( 0.01%)
Processed   170000/  213734 entries, 79.54% (elapsed time    24.2s, curr speed   10.089 kHz, avg speed    7.033 kHz), accepted       16/  170001 events ( 0.01%)
Processed   180000/  213734 entries, 84.22% (elapsed time    25.3s, curr speed    8.703 kHz, avg speed    7.109 kHz), accepted       16/  180001 events ( 0.01%)
Processed   190000/  213734 entries, 88.90% (elapsed time    26.8s, curr speed    6.990 kHz, avg speed    7.102 kHz), accepted       17/  190001 events ( 0.01%)
Processed   200000/  213734 entries, 93.57% (elapsed time    28.0s, curr speed    7.848 kHz, avg speed    7.136 kHz), accepted       17/  200001 events ( 0.01%)
Processed   210000/  213734 entries, 98.25% (elapsed time    29.1s, curr speed    9.390 kHz, avg speed    7.219 kHz), accepted       17/  210001 events ( 0.01%)
Processed 213734 preselected entries from /eos/cms/store/group/phys_tau/TauFW/nano/UL2017/TTToHadronic_TuneCP5_13TeV-powheg-pythia8/RunIISummer19UL17NanoAODv2-106X_mc2017_realistic_v8-v1/NANOAODSIM/A9856F88-D653-F643-870D-F5090E6A9C4B_skimjec_1.root (213734 entries). Finally selected 17 entries
Pre-select 213734 entries out of 213734 (100.00%)
Processed    10000/  213734 entries,  4.68% (elapsed time     1.2s, curr speed    8.500 kHz, avg speed    8.500 kHz), accepted        0/   10001 events ( 0.00%)
Processed    20000/  213734 entries,  9.36% (elapsed time     2.2s, curr speed    9.955 kHz, avg speed    9.170 kHz), accepted        0/   20001 events ( 0.00%)
Processed    30000/  213734 entries, 14.04% (elapsed time     9.8s, curr speed    1.312 kHz, avg speed    3.060 kHz), accepted        1/   30001 events ( 0.00%)
Processed    40000/  213734 entries, 18.71% (elapsed time    10.6s, curr speed   12.066 kHz, avg speed    3.762 kHz), accepted        1/   40001 events ( 0.00%)
Processed    50000/  213734 entries, 23.39% (elapsed time    11.5s, curr speed   11.908 kHz, avg speed    4.358 kHz), accepted        1/   50001 events ( 0.00%)
Processed    60000/  213734 entries, 28.07% (elapsed time    12.7s, curr speed    8.055 kHz, avg speed    4.719 kHz), accepted        3/   60001 events ( 0.00%)
Processed    70000/  213734 entries, 32.75% (elapsed time    13.6s, curr speed   11.507 kHz, avg speed    5.153 kHz), accepted        3/   70001 events ( 0.00%)
Processed    80000/  213734 entries, 37.43% (elapsed time    14.2s, curr speed   16.796 kHz, avg speed    5.642 kHz), accepted        3/   80001 events ( 0.00%)
Processed    90000/  213734 entries, 42.11% (elapsed time    15.2s, curr speed    9.962 kHz, avg speed    5.928 kHz), accepted        3/   90001 events ( 0.00%)
Processed   100000/  213734 entries, 46.79% (elapsed time    16.3s, curr speed    8.966 kHz, avg speed    6.136 kHz), accepted        4/  100001 events ( 0.00%)
Processed   110000/  213734 entries, 51.47% (elapsed time    17.5s, curr speed    8.289 kHz, avg speed    6.284 kHz), accepted        6/  110001 events ( 0.01%)
Processed   120000/  213734 entries, 56.14% (elapsed time    18.2s, curr speed   15.467 kHz, avg speed    6.611 kHz), accepted        6/  120001 events ( 0.00%)
Processed   130000/  213734 entries, 60.82% (elapsed time    19.0s, curr speed   11.723 kHz, avg speed    6.841 kHz), accepted        6/  130001 events ( 0.00%)
Processed   140000/  213734 entries, 65.50% (elapsed time    20.2s, curr speed    8.154 kHz, avg speed    6.920 kHz), accepted        7/  140001 events ( 0.00%)
Processed   150000/  213734 entries, 70.18% (elapsed time    21.2s, curr speed    9.941 kHz, avg speed    7.063 kHz), accepted        7/  150001 events ( 0.00%)
Processed   160000/  213734 entries, 74.86% (elapsed time    22.2s, curr speed   10.540 kHz, avg speed    7.212 kHz), accepted        7/  160001 events ( 0.00%)
Processed   170000/  213734 entries, 79.54% (elapsed time    23.2s, curr speed    9.406 kHz, avg speed    7.312 kHz), accepted        7/  170001 events ( 0.00%)
Processed   180000/  213734 entries, 84.22% (elapsed time    24.5s, curr speed    7.813 kHz, avg speed    7.338 kHz), accepted        7/  180001 events ( 0.00%)
Processed   190000/  213734 entries, 88.90% (elapsed time    26.1s, curr speed    6.202 kHz, avg speed    7.268 kHz), accepted        7/  190001 events ( 0.00%)
Processed   200000/  213734 entries, 93.57% (elapsed time    28.9s, curr speed    3.657 kHz, avg speed    6.926 kHz), accepted        8/  200001 events ( 0.00%)
Processed   210000/  213734 entries, 98.25% (elapsed time    30.0s, curr speed    9.104 kHz, avg speed    7.006 kHz), accepted        8/  210001 events ( 0.00%)
Processed 213734 preselected entries from /eos/cms/store/group/phys_tau/TauFW/nano/UL2017/TTToHadronic_TuneCP5_13TeV-powheg-pythia8/RunIISummer19UL17NanoAODv2-106X_mc2017_realistic_v8-v1/NANOAODSIM/A9856F88-D653-F643-870D-F5090E6A9C4B_skimjec_2.root (213734 entries). Finally selected 9 entries
Total time 170.0 sec. to process 1096802 events. Rate = 6453.5 Hz.
>>> cwd          = /pool/condor/dir_30949
>>> ls           = ['.machine.ad', 'pico_etau_82.root', 'lvigilan.cc', '.job.ad', 'x509_voms', 'tmp', '.chirp.config', '_condor_stdout', 'condor_exec.exe', 'var']
>>> getstorage('/eos/home-l/lvigilan/output_ETauFR_UL17_RUN1/UL2017/etau/TTToHadronic'), <EOS("/eos/home-l/lvigilan/output_ETauFR_UL17_RUN1/UL2017/etau/TTToHadronic") at 0x2b62ef829bd0>
>>> Executing: 'cp ./pico_etau_82.root /eos/home-l/lvigilan/output_ETauFR_UL17_RUN1/UL2017/etau/TTToHadronic'
>>> Removing './pico_etau_82.root'...
>>> picojob.py done after 194.1 seconds

Job complete at Mon Jun  7 19:09:55 CEST 2021
Took 3 minutes 16 seconds040 (2367593.082.000) 06/07 19:09:55 Finished transferring output files
...
005 (2367593.082.000) 06/07 19:09:55 Job terminated.
	(1) Normal termination (return value 0)
		Usr 0 00:01:50, Sys 0 00:00:07  -  Run Remote Usage
		Usr 0 00:00:00, Sys 0 00:00:00  -  Run Local Usage
		Usr 0 00:01:50, Sys 0 00:00:07  -  Total Remote Usage
		Usr 0 00:00:00, Sys 0 00:00:00  -  Total Local Usage
	34774  -  Run Bytes Sent By Job
	9930  -  Run Bytes Received By Job
	34774  -  Total Bytes Sent By Job
	9930  -  Total Bytes Received By Job
	Partitionable Resources :    Usage  Request Allocated 
	   Cpus                 :                 1         1 
	   Disk (KB)            :       96        1    347060 
	   Memory (MB)          :       91     2000      2000 

	Job terminated of its own accord at 2021-06-07T17:09:55Z.
...
