Could not find platform independent libraries <prefix>
Could not find platform dependent libraries <exec_prefix>
Consider setting $PYTHONHOME to <prefix>[:<exec_prefix>]
ImportError: No module named site
Job start at Tue Jun  8 10:13:30 CEST 2021
Running job on machine Linux b7g52n7137.cern.ch 3.10.0-1127.19.1.el7.x86_64 #1 SMP Tue Aug 25 17:23:54 UTC 2020 x86_64 x86_64 x86_64 GNU/Linux, host b7g52n7137.cern.ch
============================================================
$PWD=/pool/condor/dir_17552
$JOBID=2368941
$TASKID=117
$HOSTNAME=b7g52n7137.cern.ch
$TASKCMD=/afs/cern.ch/work/l/lvigilan/TauWork/CMSSW_10_6_17_patch1/src/TauFW/PicoProducer/python/processors/picojob.py -y UL2017 -d 'mc' -c etau -M ETauFakeRate.ModuleETau --copydir /eos/home-l/lvigilan/output_ETauFR_UL17_RUN1/UL2017/etau/TTToHadronic -t _etau_EES1p01_117 --opt 'ees=1.01' 'useT1=True' 'toppt=True' -i /eos/cms/store/group/phys_tau/TauFW/nano/UL2017/TTToHadronic_TuneCP5_13TeV-powheg-pythia8/RunIISummer19UL17NanoAODv2-106X_mc2017_realistic_v8-v1/NANOAODSIM/F77E7566-1B15-1147-BA5C-94FB90AA2936_skimjec_1.root /eos/cms/store/group/phys_tau/TauFW/nano/UL2017/TTToHadronic_TuneCP5_13TeV-powheg-pythia8/RunIISummer19UL17NanoAODv2-106X_mc2017_realistic_v8-v1/NANOAODSIM/F77E7566-1B15-1147-BA5C-94FB90AA2936_skimjec_2.root /eos/cms/store/group/phys_tau/TauFW/nano/UL2017/TTToHadronic_TuneCP5_13TeV-powheg-pythia8/RunIISummer19UL17NanoAODv2-106X_mc2017_realistic_v8-v1/NANOAODSIM/FA2C1CDD-E436-B74C-864F-9A1F4BB84740_skimjec_0.root /eos/cms/store/group/phys_tau/TauFW/nano/UL2017/TTToHadronic_TuneCP5_13TeV-powheg-pythia8/RunIISummer19UL17NanoAODv2-106X_mc2017_realistic_v8-v1/NANOAODSIM/FA2C1CDD-E436-B74C-864F-9A1F4BB84740_skimjec_1.root /eos/cms/store/group/phys_tau/TauFW/nano/UL2017/TTToHadronic_TuneCP5_13TeV-powheg-pythia8/RunIISummer19UL17NanoAODv2-106X_mc2017_realistic_v8-v1/NANOAODSIM/FA2C1CDD-E436-B74C-864F-9A1F4BB84740_skimjec_2.root
$WORKDIR=/pool/condor/dir_17552
>>> cd /afs/cern.ch/work/l/lvigilan/TauWork/CMSSW_10_6_17_patch1/src
>>> eval `scramv1 runtime -sh`
>>> cd /pool/condor/dir_17552
$PWD=/pool/condor/dir_17552
>>> /afs/cern.ch/work/l/lvigilan/TauWork/CMSSW_10_6_17_patch1/src/TauFW/PicoProducer/python/processors/picojob.py -y UL2017 -d 'mc' -c etau -M ETauFakeRate.ModuleETau --copydir /eos/home-l/lvigilan/output_ETauFR_UL17_RUN1/UL2017/etau/TTToHadronic -t _etau_EES1p01_117 --opt 'ees=1.01' 'useT1=True' 'toppt=True' -i /eos/cms/store/group/phys_tau/TauFW/nano/UL2017/TTToHadronic_TuneCP5_13TeV-powheg-pythia8/RunIISummer19UL17NanoAODv2-106X_mc2017_realistic_v8-v1/NANOAODSIM/F77E7566-1B15-1147-BA5C-94FB90AA2936_skimjec_1.root /eos/cms/store/group/phys_tau/TauFW/nano/UL2017/TTToHadronic_TuneCP5_13TeV-powheg-pythia8/RunIISummer19UL17NanoAODv2-106X_mc2017_realistic_v8-v1/NANOAODSIM/F77E7566-1B15-1147-BA5C-94FB90AA2936_skimjec_2.root /eos/cms/store/group/phys_tau/TauFW/nano/UL2017/TTToHadronic_TuneCP5_13TeV-powheg-pythia8/RunIISummer19UL17NanoAODv2-106X_mc2017_realistic_v8-v1/NANOAODSIM/FA2C1CDD-E436-B74C-864F-9A1F4BB84740_skimjec_0.root /eos/cms/store/group/phys_tau/TauFW/nano/UL2017/TTToHadronic_TuneCP5_13TeV-powheg-pythia8/RunIISummer19UL17NanoAODv2-106X_mc2017_realistic_v8-v1/NANOAODSIM/FA2C1CDD-E436-B74C-864F-9A1F4BB84740_skimjec_1.root /eos/cms/store/group/phys_tau/TauFW/nano/UL2017/TTToHadronic_TuneCP5_13TeV-powheg-pythia8/RunIISummer19UL17NanoAODv2-106X_mc2017_realistic_v8-v1/NANOAODSIM/FA2C1CDD-E436-B74C-864F-9A1F4BB84740_skimjec_2.root
Error in <TGClient::TGClient>: can't open display "localhost:21.0", switching to batch mode...
 In case you run from a remote ssh session, reconnect with ssh -Y
--------------------------------------------------------------------------------
>>> era          = 'UL2017'
>>> year         = 2017
>>> channel      = 'etau'
>>> modname      = 'ETauFakeRate.ModuleETau'
>>> dtype        = 'mc'
>>> kwargs       = {'dtype': 'mc', 'ees': 1.01, 'toppt': True, 'useT1': True, 'verb': 0, 'era': 'UL2017', 'year': 2017}
>>> firstevt     = 0
>>> maxevts      = None
>>> outdir       = '.'
>>> copydir      = '/eos/home-l/lvigilan/output_ETauFR_UL17_RUN1/UL2017/etau/TTToHadronic'
>>> infiles      = ['/eos/cms/store/group/phys_tau/TauFW/nano/UL2017/TTToHadronic_TuneCP5_13TeV-powheg-pythia8/RunIISummer19UL17NanoAODv2-106X_mc2017_realistic_v8-v1/NANOAODSIM/F77E7566-1B15-1147-BA5C-94FB90AA2936_skimjec_1.root', '/eos/cms/store/group/phys_tau/TauFW/nano/UL2017/TTToHadronic_TuneCP5_13TeV-powheg-pythia8/RunIISummer19UL17NanoAODv2-106X_mc2017_realistic_v8-v1/NANOAODSIM/F77E7566-1B15-1147-BA5C-94FB90AA2936_skimjec_2.root', '/eos/cms/store/group/phys_tau/TauFW/nano/UL2017/TTToHadronic_TuneCP5_13TeV-powheg-pythia8/RunIISummer19UL17NanoAODv2-106X_mc2017_realistic_v8-v1/NANOAODSIM/FA2C1CDD-E436-B74C-864F-9A1F4BB84740_skimjec_0.root', '/eos/cms/store/group/phys_tau/TauFW/nano/UL2017/TTToHadronic_TuneCP5_13TeV-powheg-pythia8/RunIISummer19UL17NanoAODv2-106X_mc2017_realistic_v8-v1/NANOAODSIM/FA2C1CDD-E436-B74C-864F-9A1F4BB84740_skimjec_1.root', '/eos/cms/store/group/phys_tau/TauFW/nano/UL2017/TTToHadronic_TuneCP5_13TeV-powheg-pythia8/RunIISummer19UL17NanoAODv2-106X_mc2017_realistic_v8-v1/NANOAODSIM/FA2C1CDD-E436-B74C-864F-9A1F4BB84740_skimjec_2.root']
>>> outfname     = './pico_etau_EES1p01_117.root'
>>> branchsel    = '/afs/cern.ch/work/l/lvigilan/TauWork/CMSSW_10_6_17_patch1/python/TauFW/PicoProducer/processors/keep_and_drop_skim.txt'
>>> json         = None
>>> prefetch     = False
>>> cwd          = /pool/condor/dir_17552
--------------------------------------------------------------------------------

   ################
   #  ModuleETau  #
   ################

Loading PileupWeightTool for '/afs/cern.ch/work/l/lvigilan/TauWork/CMSSW_10_6_17_patch1/src/TauFW/PicoProducer/data/pileup/Data_PileUp_UL2017_69p2.root' and '/afs/cern.ch/work/l/lvigilan/TauWork/CMSSW_10_6_17_patch1/src/TauFW/PicoProducer/data/pileup/MC_PileUp_UL2017_Summer19.root'
Loading BTagWeightTool for DeepCSV (medium WP)...
>>> BTagTool: [1m[33mWarning! [0m[33mHistogram 'etau/eff_DeepCSV_udsg_medium' does not exist in /afs/cern.ch/work/l/lvigilan/TauWork/CMSSW_10_6_17_patch1/src/TauFW/PicoProducer/data/btag/DeepCSV_2017_12Apr2017_eff.root! Reverting to default efficiency histogram...[0m
>>> BTagTool: [1m[33mWarning! [0m[33mHistogram 'etau/eff_DeepCSV_c_medium' does not exist in /afs/cern.ch/work/l/lvigilan/TauWork/CMSSW_10_6_17_patch1/src/TauFW/PicoProducer/data/btag/DeepCSV_2017_12Apr2017_eff.root! Reverting to default efficiency histogram...[0m
>>> BTagTool: [1m[33mWarning! [0m[33mHistogram 'etau/eff_DeepCSV_b_medium' does not exist in /afs/cern.ch/work/l/lvigilan/TauWork/CMSSW_10_6_17_patch1/src/TauFW/PicoProducer/data/btag/DeepCSV_2017_12Apr2017_eff.root! Reverting to default efficiency histogram...[0m
>>> BTagTool: [1m[33mWarning! [0m[33mMade use of default efficiency histograms! The b tag weights from this module should be regarded as placeholders only,
and should NOT be used for analyses. B (mis)tag efficiencies in MC are analysis dependent. Please create your own
efficiency histogram with data/btag/getBTagEfficiencies.py after running all MC samples with BTagWeightTool.[0m
Loading TreeProducerETau for './pico_etau_EES1p01_117.root'
--------------------------------------------------------------------------------
>>> filename     = './pico_etau_EES1p01_117.root'
>>> year         = 2017
>>> dtype        = 'mc'
>>> channel      = 'etau'
>>> ismc         = True
>>> isdata       = False
>>> isembed      = False
>>> tes          = 1.0
>>> tessys       = None
>>> fes          = None
>>> ltf          = None
>>> jtf          = 1.0
>>> dotoppt      = True
>>> dozpt        = False
>>> dojec        = True
>>> dojecsys     = True
>>> dotight      = False
>>> useT1        = True
>>> jetCutPt     = 30
>>> bjetCutEta   = 2.7
>>> tauwp        = 0
>>> eleCutPt     = 36
>>> eleCutEta    = 2.1
>>> tauCutPt     = 20
>>> tauCutEta    = 2.3
>>> ZpeekReso    = 0.1
Pre-select 213734 entries out of 213734 (100.00%)
Processed    10000/  213734 entries,  4.68% (elapsed time     1.1s, curr speed    9.498 kHz, avg speed    9.498 kHz), accepted        0/   10001 events ( 0.00%)
Processed    20000/  213734 entries,  9.36% (elapsed time     4.8s, curr speed    2.637 kHz, avg speed    4.128 kHz), accepted        0/   20001 events ( 0.00%)
Processed    30000/  213734 entries, 14.04% (elapsed time     5.7s, curr speed   11.058 kHz, avg speed    5.218 kHz), accepted        0/   30001 events ( 0.00%)
Processed    40000/  213734 entries, 18.71% (elapsed time     8.3s, curr speed    3.956 kHz, avg speed    4.833 kHz), accepted        2/   40001 events ( 0.00%)
Processed    50000/  213734 entries, 23.39% (elapsed time     8.7s, curr speed   22.679 kHz, avg speed    5.735 kHz), accepted        2/   50001 events ( 0.00%)
Processed    60000/  213734 entries, 28.07% (elapsed time    10.3s, curr speed    6.453 kHz, avg speed    5.844 kHz), accepted        4/   60001 events ( 0.01%)
Processed    70000/  213734 entries, 32.75% (elapsed time    10.8s, curr speed   17.928 kHz, avg speed    6.466 kHz), accepted        4/   70001 events ( 0.01%)
Processed    80000/  213734 entries, 37.43% (elapsed time    11.2s, curr speed   25.711 kHz, avg speed    7.134 kHz), accepted        4/   80001 events ( 0.00%)
Processed    90000/  213734 entries, 42.11% (elapsed time    11.6s, curr speed   25.709 kHz, avg speed    7.756 kHz), accepted        4/   90001 events ( 0.00%)
Processed   100000/  213734 entries, 46.79% (elapsed time    11.9s, curr speed   32.039 kHz, avg speed    8.392 kHz), accepted        4/  100001 events ( 0.00%)
Processed   110000/  213734 entries, 51.47% (elapsed time    12.3s, curr speed   26.345 kHz, avg speed    8.947 kHz), accepted        4/  110001 events ( 0.00%)
Processed   120000/  213734 entries, 56.14% (elapsed time    12.6s, curr speed   30.928 kHz, avg speed    9.510 kHz), accepted        4/  120001 events ( 0.00%)
Processed   130000/  213734 entries, 60.82% (elapsed time    13.2s, curr speed   16.253 kHz, avg speed    9.823 kHz), accepted        6/  130001 events ( 0.00%)
Processed   140000/  213734 entries, 65.50% (elapsed time    13.6s, curr speed   30.017 kHz, avg speed   10.319 kHz), accepted        6/  140001 events ( 0.00%)
Processed   150000/  213734 entries, 70.18% (elapsed time    14.0s, curr speed   24.088 kHz, avg speed   10.728 kHz), accepted        6/  150001 events ( 0.00%)
Processed   160000/  213734 entries, 74.86% (elapsed time    14.3s, curr speed   28.339 kHz, avg speed   11.162 kHz), accepted        6/  160001 events ( 0.00%)
Processed   170000/  213734 entries, 79.54% (elapsed time    14.7s, curr speed   25.442 kHz, avg speed   11.543 kHz), accepted        6/  170001 events ( 0.00%)
Processed   180000/  213734 entries, 84.22% (elapsed time    15.3s, curr speed   17.260 kHz, avg speed   11.759 kHz), accepted        7/  180001 events ( 0.00%)
Processed   190000/  213734 entries, 88.90% (elapsed time    15.9s, curr speed   18.045 kHz, avg speed   11.979 kHz), accepted        8/  190001 events ( 0.00%)
Processed   200000/  213734 entries, 93.57% (elapsed time    16.6s, curr speed   13.223 kHz, avg speed   12.035 kHz), accepted       10/  200001 events ( 0.00%)
Processed   210000/  213734 entries, 98.25% (elapsed time    17.0s, curr speed   27.395 kHz, avg speed   12.366 kHz), accepted       10/  210001 events ( 0.00%)
Processed 213734 preselected entries from /eos/cms/store/group/phys_tau/TauFW/nano/UL2017/TTToHadronic_TuneCP5_13TeV-powheg-pythia8/RunIISummer19UL17NanoAODv2-106X_mc2017_realistic_v8-v1/NANOAODSIM/F77E7566-1B15-1147-BA5C-94FB90AA2936_skimjec_1.root (213734 entries). Finally selected 10 entries
Pre-select 213732 entries out of 213732 (100.00%)
Processed    10000/  213732 entries,  4.68% (elapsed time     4.9s, curr speed    2.035 kHz, avg speed    2.035 kHz), accepted        1/   10001 events ( 0.01%)
Processed    20000/  213732 entries,  9.36% (elapsed time     5.6s, curr speed   13.944 kHz, avg speed    3.552 kHz), accepted        3/   20001 events ( 0.01%)
Processed    30000/  213732 entries, 14.04% (elapsed time     6.1s, curr speed   22.864 kHz, avg speed    4.944 kHz), accepted        3/   30001 events ( 0.01%)
Processed    40000/  213732 entries, 18.72% (elapsed time     6.8s, curr speed   13.224 kHz, avg speed    5.862 kHz), accepted        5/   40001 events ( 0.01%)
Processed    50000/  213732 entries, 23.39% (elapsed time     7.1s, curr speed   31.339 kHz, avg speed    7.000 kHz), accepted        5/   50001 events ( 0.01%)
Processed    60000/  213732 entries, 28.07% (elapsed time     7.7s, curr speed   18.687 kHz, avg speed    7.814 kHz), accepted        6/   60001 events ( 0.01%)
Processed    70000/  213732 entries, 32.75% (elapsed time     8.2s, curr speed   19.794 kHz, avg speed    8.554 kHz), accepted        7/   70001 events ( 0.01%)
Processed    80000/  213732 entries, 37.43% (elapsed time     8.6s, curr speed   25.087 kHz, avg speed    9.322 kHz), accepted        7/   80001 events ( 0.01%)
Processed    90000/  213732 entries, 42.11% (elapsed time     8.9s, curr speed   29.759 kHz, avg speed   10.092 kHz), accepted        7/   90001 events ( 0.01%)
Processed   100000/  213732 entries, 46.79% (elapsed time     9.3s, curr speed   26.234 kHz, avg speed   10.754 kHz), accepted        7/  100001 events ( 0.01%)
Processed   110000/  213732 entries, 51.47% (elapsed time     9.8s, curr speed   20.310 kHz, avg speed   11.234 kHz), accepted        8/  110001 events ( 0.01%)
Processed   120000/  213732 entries, 56.15% (elapsed time    10.1s, curr speed   30.423 kHz, avg speed   11.857 kHz), accepted        8/  120001 events ( 0.01%)
Processed   130000/  213732 entries, 60.82% (elapsed time    10.7s, curr speed   16.172 kHz, avg speed   12.106 kHz), accepted        9/  130001 events ( 0.01%)
Processed   140000/  213732 entries, 65.50% (elapsed time    11.3s, curr speed   17.881 kHz, avg speed   12.392 kHz), accepted       10/  140001 events ( 0.01%)
Processed   150000/  213732 entries, 70.18% (elapsed time    11.7s, curr speed   24.739 kHz, avg speed   12.818 kHz), accepted       10/  150001 events ( 0.01%)
Processed   160000/  213732 entries, 74.86% (elapsed time    12.4s, curr speed   14.496 kHz, avg speed   12.912 kHz), accepted       12/  160001 events ( 0.01%)
Processed   170000/  213732 entries, 79.54% (elapsed time    13.1s, curr speed   14.247 kHz, avg speed   12.983 kHz), accepted       14/  170001 events ( 0.01%)
Processed   180000/  213732 entries, 84.22% (elapsed time    13.7s, curr speed   15.510 kHz, avg speed   13.102 kHz), accepted       16/  180001 events ( 0.01%)
Processed   190000/  213732 entries, 88.90% (elapsed time    14.1s, curr speed   26.761 kHz, avg speed   13.463 kHz), accepted       16/  190001 events ( 0.01%)
Processed   200000/  213732 entries, 93.58% (elapsed time    14.6s, curr speed   18.669 kHz, avg speed   13.654 kHz), accepted       17/  200001 events ( 0.01%)
Processed   210000/  213732 entries, 98.25% (elapsed time    15.0s, curr speed   27.069 kHz, avg speed   13.984 kHz), accepted       17/  210001 events ( 0.01%)
Processed 213732 preselected entries from /eos/cms/store/group/phys_tau/TauFW/nano/UL2017/TTToHadronic_TuneCP5_13TeV-powheg-pythia8/RunIISummer19UL17NanoAODv2-106X_mc2017_realistic_v8-v1/NANOAODSIM/F77E7566-1B15-1147-BA5C-94FB90AA2936_skimjec_2.root (213732 entries). Finally selected 17 entries
Pre-select 188400 entries out of 188400 (100.00%)
Processed    10000/  188400 entries,  5.31% (elapsed time     4.1s, curr speed    2.438 kHz, avg speed    2.438 kHz), accepted        0/   10001 events ( 0.00%)
Processed    20000/  188400 entries, 10.62% (elapsed time     5.4s, curr speed    7.816 kHz, avg speed    3.717 kHz), accepted        1/   20001 events ( 0.00%)
Processed    30000/  188400 entries, 15.92% (elapsed time     5.9s, curr speed   21.186 kHz, avg speed    5.126 kHz), accepted        2/   30001 events ( 0.01%)
Processed    40000/  188400 entries, 21.23% (elapsed time     6.2s, curr speed   28.853 kHz, avg speed    6.453 kHz), accepted        2/   40001 events ( 0.00%)
Processed    50000/  188400 entries, 26.54% (elapsed time     6.7s, curr speed   21.058 kHz, avg speed    7.492 kHz), accepted        2/   50001 events ( 0.00%)
Processed    60000/  188400 entries, 31.85% (elapsed time     7.0s, curr speed   30.366 kHz, avg speed    8.568 kHz), accepted        2/   60001 events ( 0.00%)
Processed    70000/  188400 entries, 37.15% (elapsed time     7.4s, curr speed   24.172 kHz, avg speed    9.438 kHz), accepted        2/   70001 events ( 0.00%)
Processed    80000/  188400 entries, 42.46% (elapsed time     7.8s, curr speed   25.374 kHz, avg speed   10.242 kHz), accepted        2/   80001 events ( 0.00%)
Processed    90000/  188400 entries, 47.77% (elapsed time     8.3s, curr speed   22.703 kHz, avg speed   10.907 kHz), accepted        2/   90001 events ( 0.00%)
Processed   100000/  188400 entries, 53.08% (elapsed time     8.6s, curr speed   25.572 kHz, avg speed   11.571 kHz), accepted        2/  100001 events ( 0.00%)
Processed   110000/  188400 entries, 58.39% (elapsed time     9.2s, curr speed   16.557 kHz, avg speed   11.896 kHz), accepted        3/  110001 events ( 0.00%)
Processed   120000/  188400 entries, 63.69% (elapsed time     9.8s, curr speed   19.809 kHz, avg speed   12.306 kHz), accepted        4/  120001 events ( 0.00%)
Processed   130000/  188400 entries, 69.00% (elapsed time    10.1s, curr speed   30.240 kHz, avg speed   12.894 kHz), accepted        4/  130001 events ( 0.00%)
Processed   140000/  188400 entries, 74.31% (elapsed time    10.4s, curr speed   29.499 kHz, avg speed   13.434 kHz), accepted        4/  140001 events ( 0.00%)
Processed   150000/  188400 entries, 79.62% (elapsed time    10.9s, curr speed   20.001 kHz, avg speed   13.735 kHz), accepted        5/  150001 events ( 0.00%)
Processed   160000/  188400 entries, 84.93% (elapsed time    11.5s, curr speed   18.837 kHz, avg speed   13.972 kHz), accepted        6/  160001 events ( 0.00%)
Processed   170000/  188400 entries, 90.23% (elapsed time    12.0s, curr speed   19.852 kHz, avg speed   14.219 kHz), accepted        7/  170001 events ( 0.00%)
Processed   180000/  188400 entries, 95.54% (elapsed time    12.3s, curr speed   28.905 kHz, avg speed   14.632 kHz), accepted        7/  180001 events ( 0.00%)
Processed 188400 preselected entries from /eos/cms/store/group/phys_tau/TauFW/nano/UL2017/TTToHadronic_TuneCP5_13TeV-powheg-pythia8/RunIISummer19UL17NanoAODv2-106X_mc2017_realistic_v8-v1/NANOAODSIM/FA2C1CDD-E436-B74C-864F-9A1F4BB84740_skimjec_0.root (188400 entries). Finally selected 7 entries
Pre-select 188400 entries out of 188400 (100.00%)
Processed    10000/  188400 entries,  5.31% (elapsed time     2.1s, curr speed    4.665 kHz, avg speed    4.665 kHz), accepted        3/   10001 events ( 0.03%)
Processed    20000/  188400 entries, 10.62% (elapsed time     3.3s, curr speed    8.730 kHz, avg speed    6.081 kHz), accepted        5/   20001 events ( 0.02%)
Processed    30000/  188400 entries, 15.92% (elapsed time     3.7s, curr speed   26.709 kHz, avg speed    8.189 kHz), accepted        5/   30001 events ( 0.02%)
Processed    40000/  188400 entries, 21.23% (elapsed time     4.3s, curr speed   15.878 kHz, avg speed    9.317 kHz), accepted        6/   40001 events ( 0.01%)
Processed    50000/  188400 entries, 26.54% (elapsed time     4.7s, curr speed   24.015 kHz, avg speed   10.616 kHz), accepted        6/   50001 events ( 0.01%)
Processed    60000/  188400 entries, 31.85% (elapsed time     5.1s, curr speed   26.800 kHz, avg speed   11.804 kHz), accepted        6/   60001 events ( 0.01%)
Processed    70000/  188400 entries, 37.15% (elapsed time     5.5s, curr speed   24.877 kHz, avg speed   12.763 kHz), accepted        6/   70001 events ( 0.01%)
Processed    80000/  188400 entries, 42.46% (elapsed time     6.3s, curr speed   11.629 kHz, avg speed   12.609 kHz), accepted        8/   80001 events ( 0.01%)
Processed    90000/  188400 entries, 47.77% (elapsed time     6.9s, curr speed   17.576 kHz, avg speed   13.018 kHz), accepted        9/   90001 events ( 0.01%)
Processed   100000/  188400 entries, 53.08% (elapsed time     7.3s, curr speed   22.928 kHz, avg speed   13.606 kHz), accepted        9/  100001 events ( 0.01%)
Processed   110000/  188400 entries, 58.39% (elapsed time     7.7s, curr speed   27.723 kHz, avg speed   14.266 kHz), accepted        9/  110001 events ( 0.01%)
Processed   120000/  188400 entries, 63.69% (elapsed time     8.2s, curr speed   22.343 kHz, avg speed   14.709 kHz), accepted        9/  120001 events ( 0.01%)
Processed   130000/  188400 entries, 69.00% (elapsed time     8.8s, curr speed   16.076 kHz, avg speed   14.806 kHz), accepted       10/  130001 events ( 0.01%)
Processed   140000/  188400 entries, 74.31% (elapsed time     9.2s, curr speed   26.421 kHz, avg speed   15.286 kHz), accepted       10/  140001 events ( 0.01%)
Processed   150000/  188400 entries, 79.62% (elapsed time     9.8s, curr speed   16.836 kHz, avg speed   15.381 kHz), accepted       11/  150001 events ( 0.01%)
Processed   160000/  188400 entries, 84.93% (elapsed time    10.2s, curr speed   23.444 kHz, avg speed   15.718 kHz), accepted       11/  160001 events ( 0.01%)
Processed   170000/  188400 entries, 90.23% (elapsed time    10.6s, curr speed   25.032 kHz, avg speed   16.070 kHz), accepted       11/  170001 events ( 0.01%)
Processed   180000/  188400 entries, 95.54% (elapsed time    10.9s, curr speed   27.876 kHz, avg speed   16.457 kHz), accepted       11/  180001 events ( 0.01%)
Processed 188400 preselected entries from /eos/cms/store/group/phys_tau/TauFW/nano/UL2017/TTToHadronic_TuneCP5_13TeV-powheg-pythia8/RunIISummer19UL17NanoAODv2-106X_mc2017_realistic_v8-v1/NANOAODSIM/FA2C1CDD-E436-B74C-864F-9A1F4BB84740_skimjec_1.root (188400 entries). Finally selected 11 entries
Pre-select 188400 entries out of 188400 (100.00%)
Processed    10000/  188400 entries,  5.31% (elapsed time     0.6s, curr speed   18.031 kHz, avg speed   18.031 kHz), accepted        0/   10001 events ( 0.00%)
Processed    20000/  188400 entries, 10.62% (elapsed time     2.1s, curr speed    6.375 kHz, avg speed    9.419 kHz), accepted        1/   20001 events ( 0.00%)
Processed    30000/  188400 entries, 15.92% (elapsed time     2.7s, curr speed   16.804 kHz, avg speed   11.036 kHz), accepted        1/   30001 events ( 0.00%)
Processed    40000/  188400 entries, 21.23% (elapsed time     3.3s, curr speed   16.018 kHz, avg speed   11.966 kHz), accepted        1/   40001 events ( 0.00%)
Processed    50000/  188400 entries, 26.54% (elapsed time     3.8s, curr speed   22.273 kHz, avg speed   13.187 kHz), accepted        1/   50001 events ( 0.00%)
Processed    60000/  188400 entries, 31.85% (elapsed time     4.3s, curr speed   18.806 kHz, avg speed   13.878 kHz), accepted        1/   60001 events ( 0.00%)
Processed    70000/  188400 entries, 37.15% (elapsed time     5.1s, curr speed   12.625 kHz, avg speed   13.684 kHz), accepted        2/   70001 events ( 0.00%)
Processed    80000/  188400 entries, 42.46% (elapsed time     5.4s, curr speed   30.211 kHz, avg speed   14.688 kHz), accepted        2/   80001 events ( 0.00%)
Processed    90000/  188400 entries, 47.77% (elapsed time     6.0s, curr speed   18.010 kHz, avg speed   14.996 kHz), accepted        3/   90001 events ( 0.00%)
Processed   100000/  188400 entries, 53.08% (elapsed time     6.4s, curr speed   27.167 kHz, avg speed   15.699 kHz), accepted        3/  100001 events ( 0.00%)
Processed   110000/  188400 entries, 58.39% (elapsed time     6.9s, curr speed   17.625 kHz, avg speed   15.856 kHz), accepted        4/  110001 events ( 0.00%)
Processed   120000/  188400 entries, 63.69% (elapsed time     7.4s, curr speed   22.123 kHz, avg speed   16.240 kHz), accepted        4/  120001 events ( 0.00%)
Processed   130000/  188400 entries, 69.00% (elapsed time     7.8s, curr speed   23.841 kHz, avg speed   16.648 kHz), accepted        4/  130001 events ( 0.00%)
Processed   140000/  188400 entries, 74.31% (elapsed time     8.1s, curr speed   30.214 kHz, avg speed   17.200 kHz), accepted        4/  140001 events ( 0.00%)
Processed   150000/  188400 entries, 79.62% (elapsed time     8.6s, curr speed   21.403 kHz, avg speed   17.428 kHz), accepted        4/  150001 events ( 0.00%)
Processed   160000/  188400 entries, 84.93% (elapsed time     9.2s, curr speed   15.773 kHz, avg speed   17.314 kHz), accepted        6/  160001 events ( 0.00%)
Processed   170000/  188400 entries, 90.23% (elapsed time     9.7s, curr speed   22.215 kHz, avg speed   17.542 kHz), accepted        6/  170001 events ( 0.00%)
Processed   180000/  188400 entries, 95.54% (elapsed time    10.3s, curr speed   16.502 kHz, avg speed   17.481 kHz), accepted        7/  180001 events ( 0.00%)
Processed 188400 preselected entries from /eos/cms/store/group/phys_tau/TauFW/nano/UL2017/TTToHadronic_TuneCP5_13TeV-powheg-pythia8/RunIISummer19UL17NanoAODv2-106X_mc2017_realistic_v8-v1/NANOAODSIM/FA2C1CDD-E436-B74C-864F-9A1F4BB84740_skimjec_2.root (188400 entries). Finally selected 8 entries
Total time 68.6 sec. to process 992666 events. Rate = 14463.6 Hz.
>>> cwd          = /pool/condor/dir_17552
>>> ls           = ['lvigilan.cc', 'tmp', 'var', '.job.ad', 'condor_exec.exe', 'pico_etau_EES1p01_117.root', '.update.ad', '_condor_stdout', '.machine.ad', '.chirp.config', 'x509_voms']
>>> getstorage('/eos/home-l/lvigilan/output_ETauFR_UL17_RUN1/UL2017/etau/TTToHadronic'), <EOS("/eos/home-l/lvigilan/output_ETauFR_UL17_RUN1/UL2017/etau/TTToHadronic") at 0x2b4a93144990>
>>> Executing: 'cp ./pico_etau_EES1p01_117.root /eos/home-l/lvigilan/output_ETauFR_UL17_RUN1/UL2017/etau/TTToHadronic'
>>> Removing './pico_etau_EES1p01_117.root'...
>>> picojob.py done after 85.0 seconds

Job complete at Tue Jun  8 10:14:56 CEST 2021
Took 1 minutes 26 seconds040 (2368941.117.000) 06/08 10:14:57 Finished transferring output files
...
005 (2368941.117.000) 06/08 10:14:57 Job terminated.
	(1) Normal termination (return value 0)
		Usr 0 00:00:56, Sys 0 00:00:03  -  Run Remote Usage
		Usr 0 00:00:00, Sys 0 00:00:00  -  Run Local Usage
		Usr 0 00:00:56, Sys 0 00:00:03  -  Total Remote Usage
		Usr 0 00:00:00, Sys 0 00:00:00  -  Total Local Usage
	33123  -  Run Bytes Sent By Job
	9926  -  Run Bytes Received By Job
	33123  -  Total Bytes Sent By Job
	9926  -  Total Bytes Received By Job
	Partitionable Resources :    Usage  Request Allocated 
	   Cpus                 :        0        1         1 
	   Disk (KB)            :      101        1    293636 
	   Memory (MB)          :      155     2000      2000 

	Job terminated of its own accord at 2021-06-08T08:14:56Z.
...
