Could not find platform independent libraries <prefix>
Could not find platform dependent libraries <exec_prefix>
Consider setting $PYTHONHOME to <prefix>[:<exec_prefix>]
ImportError: No module named site
Job start at Mon Jun  7 19:06:28 CEST 2021
Running job on machine Linux b7g42n0687.cern.ch 3.10.0-1160.24.1.el7.x86_64 #1 SMP Thu Apr 8 19:51:47 UTC 2021 x86_64 x86_64 x86_64 GNU/Linux, host b7g42n0687.cern.ch
============================================================
$PWD=/pool/condor/dir_20269
$JOBID=2367593
$TASKID=68
$HOSTNAME=b7g42n0687.cern.ch
$TASKCMD=/afs/cern.ch/work/l/lvigilan/TauWork/CMSSW_10_6_17_patch1/src/TauFW/PicoProducer/python/processors/picojob.py -y UL2017 -d 'mc' -c etau -M ETauFakeRate.ModuleETau --copydir /eos/home-l/lvigilan/output_ETauFR_UL17_RUN1/UL2017/etau/TTToHadronic -t _etau_68 --opt 'useT1=True' 'toppt=True' -i /eos/cms/store/group/phys_tau/TauFW/nano/UL2017/TTToHadronic_TuneCP5_13TeV-powheg-pythia8/RunIISummer19UL17NanoAODv2-106X_mc2017_realistic_v8-v1/NANOAODSIM/9191BFC5-C018-054C-A4D7-94BF599DCF1F_skimjec_2.root /eos/cms/store/group/phys_tau/TauFW/nano/UL2017/TTToHadronic_TuneCP5_13TeV-powheg-pythia8/RunIISummer19UL17NanoAODv2-106X_mc2017_realistic_v8-v1/NANOAODSIM/9191BFC5-C018-054C-A4D7-94BF599DCF1F_skimjec_3.root /eos/cms/store/group/phys_tau/TauFW/nano/UL2017/TTToHadronic_TuneCP5_13TeV-powheg-pythia8/RunIISummer19UL17NanoAODv2-106X_mc2017_realistic_v8-v1/NANOAODSIM/9499CAF9-67CA-894A-A77E-5A1CA8C2E1FC_skimjec_0.root /eos/cms/store/group/phys_tau/TauFW/nano/UL2017/TTToHadronic_TuneCP5_13TeV-powheg-pythia8/RunIISummer19UL17NanoAODv2-106X_mc2017_realistic_v8-v1/NANOAODSIM/9499CAF9-67CA-894A-A77E-5A1CA8C2E1FC_skimjec_1.root /eos/cms/store/group/phys_tau/TauFW/nano/UL2017/TTToHadronic_TuneCP5_13TeV-powheg-pythia8/RunIISummer19UL17NanoAODv2-106X_mc2017_realistic_v8-v1/NANOAODSIM/9499CAF9-67CA-894A-A77E-5A1CA8C2E1FC_skimjec_2.root
$WORKDIR=/pool/condor/dir_20269
>>> cd /afs/cern.ch/work/l/lvigilan/TauWork/CMSSW_10_6_17_patch1/src
>>> eval `scramv1 runtime -sh`
>>> cd /pool/condor/dir_20269
$PWD=/pool/condor/dir_20269
>>> /afs/cern.ch/work/l/lvigilan/TauWork/CMSSW_10_6_17_patch1/src/TauFW/PicoProducer/python/processors/picojob.py -y UL2017 -d 'mc' -c etau -M ETauFakeRate.ModuleETau --copydir /eos/home-l/lvigilan/output_ETauFR_UL17_RUN1/UL2017/etau/TTToHadronic -t _etau_68 --opt 'useT1=True' 'toppt=True' -i /eos/cms/store/group/phys_tau/TauFW/nano/UL2017/TTToHadronic_TuneCP5_13TeV-powheg-pythia8/RunIISummer19UL17NanoAODv2-106X_mc2017_realistic_v8-v1/NANOAODSIM/9191BFC5-C018-054C-A4D7-94BF599DCF1F_skimjec_2.root /eos/cms/store/group/phys_tau/TauFW/nano/UL2017/TTToHadronic_TuneCP5_13TeV-powheg-pythia8/RunIISummer19UL17NanoAODv2-106X_mc2017_realistic_v8-v1/NANOAODSIM/9191BFC5-C018-054C-A4D7-94BF599DCF1F_skimjec_3.root /eos/cms/store/group/phys_tau/TauFW/nano/UL2017/TTToHadronic_TuneCP5_13TeV-powheg-pythia8/RunIISummer19UL17NanoAODv2-106X_mc2017_realistic_v8-v1/NANOAODSIM/9499CAF9-67CA-894A-A77E-5A1CA8C2E1FC_skimjec_0.root /eos/cms/store/group/phys_tau/TauFW/nano/UL2017/TTToHadronic_TuneCP5_13TeV-powheg-pythia8/RunIISummer19UL17NanoAODv2-106X_mc2017_realistic_v8-v1/NANOAODSIM/9499CAF9-67CA-894A-A77E-5A1CA8C2E1FC_skimjec_1.root /eos/cms/store/group/phys_tau/TauFW/nano/UL2017/TTToHadronic_TuneCP5_13TeV-powheg-pythia8/RunIISummer19UL17NanoAODv2-106X_mc2017_realistic_v8-v1/NANOAODSIM/9499CAF9-67CA-894A-A77E-5A1CA8C2E1FC_skimjec_2.root
Error in <TGClient::TGClient>: can't open display "localhost:19.0", switching to batch mode...
 In case you run from a remote ssh session, reconnect with ssh -Y
--------------------------------------------------------------------------------
>>> era          = 'UL2017'
>>> year         = 2017
>>> channel      = 'etau'
>>> modname      = 'ETauFakeRate.ModuleETau'
>>> dtype        = 'mc'
>>> kwargs       = {'dtype': 'mc', 'toppt': True, 'useT1': True, 'verb': 0, 'era': 'UL2017', 'year': 2017}
>>> firstevt     = 0
>>> maxevts      = None
>>> outdir       = '.'
>>> copydir      = '/eos/home-l/lvigilan/output_ETauFR_UL17_RUN1/UL2017/etau/TTToHadronic'
>>> infiles      = ['/eos/cms/store/group/phys_tau/TauFW/nano/UL2017/TTToHadronic_TuneCP5_13TeV-powheg-pythia8/RunIISummer19UL17NanoAODv2-106X_mc2017_realistic_v8-v1/NANOAODSIM/9191BFC5-C018-054C-A4D7-94BF599DCF1F_skimjec_2.root', '/eos/cms/store/group/phys_tau/TauFW/nano/UL2017/TTToHadronic_TuneCP5_13TeV-powheg-pythia8/RunIISummer19UL17NanoAODv2-106X_mc2017_realistic_v8-v1/NANOAODSIM/9191BFC5-C018-054C-A4D7-94BF599DCF1F_skimjec_3.root', '/eos/cms/store/group/phys_tau/TauFW/nano/UL2017/TTToHadronic_TuneCP5_13TeV-powheg-pythia8/RunIISummer19UL17NanoAODv2-106X_mc2017_realistic_v8-v1/NANOAODSIM/9499CAF9-67CA-894A-A77E-5A1CA8C2E1FC_skimjec_0.root', '/eos/cms/store/group/phys_tau/TauFW/nano/UL2017/TTToHadronic_TuneCP5_13TeV-powheg-pythia8/RunIISummer19UL17NanoAODv2-106X_mc2017_realistic_v8-v1/NANOAODSIM/9499CAF9-67CA-894A-A77E-5A1CA8C2E1FC_skimjec_1.root', '/eos/cms/store/group/phys_tau/TauFW/nano/UL2017/TTToHadronic_TuneCP5_13TeV-powheg-pythia8/RunIISummer19UL17NanoAODv2-106X_mc2017_realistic_v8-v1/NANOAODSIM/9499CAF9-67CA-894A-A77E-5A1CA8C2E1FC_skimjec_2.root']
>>> outfname     = './pico_etau_68.root'
>>> branchsel    = '/afs/cern.ch/work/l/lvigilan/TauWork/CMSSW_10_6_17_patch1/python/TauFW/PicoProducer/processors/keep_and_drop_skim.txt'
>>> json         = None
>>> prefetch     = False
>>> cwd          = /pool/condor/dir_20269
--------------------------------------------------------------------------------

   ################
   #  ModuleETau  #
   ################

Loading PileupWeightTool for '/afs/cern.ch/work/l/lvigilan/TauWork/CMSSW_10_6_17_patch1/src/TauFW/PicoProducer/data/pileup/Data_PileUp_UL2017_69p2.root' and '/afs/cern.ch/work/l/lvigilan/TauWork/CMSSW_10_6_17_patch1/src/TauFW/PicoProducer/data/pileup/MC_PileUp_UL2017_Summer19.root'
Loading BTagWeightTool for DeepCSV (medium WP)...
>>> BTagTool: [1m[33mWarning! [0m[33mHistogram 'etau/eff_DeepCSV_udsg_medium' does not exist in /afs/cern.ch/work/l/lvigilan/TauWork/CMSSW_10_6_17_patch1/src/TauFW/PicoProducer/data/btag/DeepCSV_2017_12Apr2017_eff.root! Reverting to default efficiency histogram...[0m
>>> BTagTool: [1m[33mWarning! [0m[33mHistogram 'etau/eff_DeepCSV_c_medium' does not exist in /afs/cern.ch/work/l/lvigilan/TauWork/CMSSW_10_6_17_patch1/src/TauFW/PicoProducer/data/btag/DeepCSV_2017_12Apr2017_eff.root! Reverting to default efficiency histogram...[0m
>>> BTagTool: [1m[33mWarning! [0m[33mHistogram 'etau/eff_DeepCSV_b_medium' does not exist in /afs/cern.ch/work/l/lvigilan/TauWork/CMSSW_10_6_17_patch1/src/TauFW/PicoProducer/data/btag/DeepCSV_2017_12Apr2017_eff.root! Reverting to default efficiency histogram...[0m
>>> BTagTool: [1m[33mWarning! [0m[33mMade use of default efficiency histograms! The b tag weights from this module should be regarded as placeholders only,
and should NOT be used for analyses. B (mis)tag efficiencies in MC are analysis dependent. Please create your own
efficiency histogram with data/btag/getBTagEfficiencies.py after running all MC samples with BTagWeightTool.[0m
Loading TreeProducerETau for './pico_etau_68.root'
--------------------------------------------------------------------------------
>>> filename     = './pico_etau_68.root'
>>> year         = 2017
>>> dtype        = 'mc'
>>> channel      = 'etau'
>>> ismc         = True
>>> isdata       = False
>>> isembed      = False
>>> tes          = 1.0
>>> tessys       = None
>>> fes          = None
>>> ltf          = None
>>> jtf          = 1.0
>>> dotoppt      = True
>>> dozpt        = False
>>> dojec        = True
>>> dojecsys     = True
>>> dotight      = False
>>> useT1        = True
>>> jetCutPt     = 30
>>> bjetCutEta   = 2.7
>>> tauwp        = 0
>>> eleCutPt     = 36
>>> eleCutEta    = 2.1
>>> tauCutPt     = 20
>>> tauCutEta    = 2.3
>>> ZpeekReso    = 0.1
Pre-select 195275 entries out of 195275 (100.00%)
Processed    10000/  195275 entries,  5.12% (elapsed time     5.6s, curr speed    1.777 kHz, avg speed    1.777 kHz), accepted        0/   10001 events ( 0.00%)
Processed    20000/  195275 entries, 10.24% (elapsed time    11.3s, curr speed    1.765 kHz, avg speed    1.771 kHz), accepted        1/   20001 events ( 0.00%)
Processed    30000/  195275 entries, 15.36% (elapsed time    12.2s, curr speed   10.985 kHz, avg speed    2.458 kHz), accepted        1/   30001 events ( 0.00%)
Processed    40000/  195275 entries, 20.48% (elapsed time    13.4s, curr speed    8.097 kHz, avg speed    2.977 kHz), accepted        2/   40001 events ( 0.00%)
Processed    50000/  195275 entries, 25.60% (elapsed time    15.1s, curr speed    5.885 kHz, avg speed    3.303 kHz), accepted        3/   50001 events ( 0.01%)
Processed    60000/  195275 entries, 30.73% (elapsed time    17.1s, curr speed    5.028 kHz, avg speed    3.503 kHz), accepted        4/   60001 events ( 0.01%)
Processed    70000/  195275 entries, 35.85% (elapsed time    18.4s, curr speed    7.919 kHz, avg speed    3.807 kHz), accepted        4/   70001 events ( 0.01%)
Processed    80000/  195275 entries, 40.97% (elapsed time    19.2s, curr speed   12.292 kHz, avg speed    4.166 kHz), accepted        4/   80001 events ( 0.00%)
Processed    90000/  195275 entries, 46.09% (elapsed time    20.8s, curr speed    6.166 kHz, avg speed    4.322 kHz), accepted        4/   90001 events ( 0.00%)
Processed   100000/  195275 entries, 51.21% (elapsed time    22.0s, curr speed    8.690 kHz, avg speed    4.551 kHz), accepted        4/  100001 events ( 0.00%)
Processed   110000/  195275 entries, 56.33% (elapsed time    22.9s, curr speed   11.052 kHz, avg speed    4.808 kHz), accepted        4/  110001 events ( 0.00%)
Processed   120000/  195275 entries, 61.45% (elapsed time    24.3s, curr speed    6.807 kHz, avg speed    4.928 kHz), accepted        5/  120001 events ( 0.00%)
Processed   130000/  195275 entries, 66.57% (elapsed time    26.8s, curr speed    4.099 kHz, avg speed    4.853 kHz), accepted        8/  130001 events ( 0.01%)
Processed   140000/  195275 entries, 71.69% (elapsed time    28.3s, curr speed    6.750 kHz, avg speed    4.952 kHz), accepted        9/  140001 events ( 0.01%)
Processed   150000/  195275 entries, 76.81% (elapsed time    29.1s, curr speed   11.792 kHz, avg speed    5.151 kHz), accepted        9/  150001 events ( 0.01%)
Processed   160000/  195275 entries, 81.94% (elapsed time    31.9s, curr speed    3.575 kHz, avg speed    5.013 kHz), accepted       11/  160001 events ( 0.01%)
Processed   170000/  195275 entries, 87.06% (elapsed time    33.6s, curr speed    5.876 kHz, avg speed    5.057 kHz), accepted       12/  170001 events ( 0.01%)
Processed   180000/  195275 entries, 92.18% (elapsed time    34.8s, curr speed    8.531 kHz, avg speed    5.174 kHz), accepted       12/  180001 events ( 0.01%)
Processed   190000/  195275 entries, 97.30% (elapsed time    36.9s, curr speed    4.823 kHz, avg speed    5.154 kHz), accepted       13/  190001 events ( 0.01%)
Processed 195275 preselected entries from /eos/cms/store/group/phys_tau/TauFW/nano/UL2017/TTToHadronic_TuneCP5_13TeV-powheg-pythia8/RunIISummer19UL17NanoAODv2-106X_mc2017_realistic_v8-v1/NANOAODSIM/9191BFC5-C018-054C-A4D7-94BF599DCF1F_skimjec_2.root (195275 entries). Finally selected 13 entries
Pre-select 195275 entries out of 195275 (100.00%)
Processed    10000/  195275 entries,  5.12% (elapsed time     3.4s, curr speed    2.942 kHz, avg speed    2.942 kHz), accepted        0/   10001 events ( 0.00%)
Processed    20000/  195275 entries, 10.24% (elapsed time     7.5s, curr speed    2.426 kHz, avg speed    2.660 kHz), accepted        1/   20001 events ( 0.00%)
Processed    30000/  195275 entries, 15.36% (elapsed time     9.5s, curr speed    4.953 kHz, avg speed    3.145 kHz), accepted        3/   30001 events ( 0.01%)
Processed    40000/  195275 entries, 20.48% (elapsed time    10.5s, curr speed   10.372 kHz, avg speed    3.808 kHz), accepted        3/   40001 events ( 0.01%)
Processed    50000/  195275 entries, 25.60% (elapsed time    11.7s, curr speed    8.086 kHz, avg speed    4.259 kHz), accepted        4/   50001 events ( 0.01%)
Processed    60000/  195275 entries, 30.73% (elapsed time    12.9s, curr speed    8.791 kHz, avg speed    4.659 kHz), accepted        4/   60001 events ( 0.01%)
Processed    70000/  195275 entries, 35.85% (elapsed time    14.0s, curr speed    9.041 kHz, avg speed    5.006 kHz), accepted        4/   70001 events ( 0.01%)
Processed    80000/  195275 entries, 40.97% (elapsed time    15.4s, curr speed    6.870 kHz, avg speed    5.182 kHz), accepted        5/   80001 events ( 0.01%)
Processed    90000/  195275 entries, 46.09% (elapsed time    17.5s, curr speed    4.823 kHz, avg speed    5.139 kHz), accepted        7/   90001 events ( 0.01%)
Processed   100000/  195275 entries, 51.21% (elapsed time    18.6s, curr speed    9.117 kHz, avg speed    5.373 kHz), accepted        7/  100001 events ( 0.01%)
Processed   110000/  195275 entries, 56.33% (elapsed time    20.5s, curr speed    5.276 kHz, avg speed    5.364 kHz), accepted        8/  110001 events ( 0.01%)
Processed   120000/  195275 entries, 61.45% (elapsed time    22.4s, curr speed    5.401 kHz, avg speed    5.367 kHz), accepted       10/  120001 events ( 0.01%)
Processed   130000/  195275 entries, 66.57% (elapsed time    23.4s, curr speed    9.273 kHz, avg speed    5.547 kHz), accepted       10/  130001 events ( 0.01%)
Processed   140000/  195275 entries, 71.69% (elapsed time    24.9s, curr speed    6.627 kHz, avg speed    5.613 kHz), accepted       11/  140001 events ( 0.01%)
Processed   150000/  195275 entries, 76.81% (elapsed time    26.8s, curr speed    5.463 kHz, avg speed    5.602 kHz), accepted       13/  150001 events ( 0.01%)
Processed   160000/  195275 entries, 81.94% (elapsed time    28.5s, curr speed    5.939 kHz, avg speed    5.622 kHz), accepted       15/  160001 events ( 0.01%)
Processed   170000/  195275 entries, 87.06% (elapsed time    29.7s, curr speed    8.281 kHz, avg speed    5.730 kHz), accepted       16/  170001 events ( 0.01%)
Processed   180000/  195275 entries, 92.18% (elapsed time    30.9s, curr speed    8.246 kHz, avg speed    5.829 kHz), accepted       17/  180001 events ( 0.01%)
Processed   190000/  195275 entries, 97.30% (elapsed time    32.5s, curr speed    6.282 kHz, avg speed    5.851 kHz), accepted       18/  190001 events ( 0.01%)
Processed 195275 preselected entries from /eos/cms/store/group/phys_tau/TauFW/nano/UL2017/TTToHadronic_TuneCP5_13TeV-powheg-pythia8/RunIISummer19UL17NanoAODv2-106X_mc2017_realistic_v8-v1/NANOAODSIM/9191BFC5-C018-054C-A4D7-94BF599DCF1F_skimjec_3.root (195275 entries). Finally selected 18 entries
Pre-select 213734 entries out of 213734 (100.00%)
Processed    10000/  213734 entries,  4.68% (elapsed time     1.9s, curr speed    5.264 kHz, avg speed    5.264 kHz), accepted        0/   10001 events ( 0.00%)
Processed    20000/  213734 entries,  9.36% (elapsed time     3.0s, curr speed    9.133 kHz, avg speed    6.679 kHz), accepted        0/   20001 events ( 0.00%)
Processed    30000/  213734 entries, 14.04% (elapsed time     7.4s, curr speed    2.287 kHz, avg speed    4.072 kHz), accepted        1/   30001 events ( 0.00%)
Processed    40000/  213734 entries, 18.71% (elapsed time     8.4s, curr speed    9.736 kHz, avg speed    4.765 kHz), accepted        1/   40001 events ( 0.00%)
Processed    50000/  213734 entries, 23.39% (elapsed time    10.7s, curr speed    4.290 kHz, avg speed    4.662 kHz), accepted        1/   50001 events ( 0.00%)
Processed    60000/  213734 entries, 28.07% (elapsed time    12.2s, curr speed    6.738 kHz, avg speed    4.914 kHz), accepted        1/   60001 events ( 0.00%)
Processed    70000/  213734 entries, 32.75% (elapsed time    15.4s, curr speed    3.133 kHz, avg speed    4.545 kHz), accepted        2/   70001 events ( 0.00%)
Processed    80000/  213734 entries, 37.43% (elapsed time    16.9s, curr speed    6.563 kHz, avg speed    4.727 kHz), accepted        4/   80001 events ( 0.00%)
Processed    90000/  213734 entries, 42.11% (elapsed time    17.9s, curr speed   10.206 kHz, avg speed    5.027 kHz), accepted        4/   90001 events ( 0.00%)
Processed   100000/  213734 entries, 46.79% (elapsed time    18.8s, curr speed   11.102 kHz, avg speed    5.318 kHz), accepted        4/  100001 events ( 0.00%)
Processed   110000/  213734 entries, 51.47% (elapsed time    19.7s, curr speed   11.715 kHz, avg speed    5.595 kHz), accepted        4/  110001 events ( 0.00%)
Processed   120000/  213734 entries, 56.14% (elapsed time    21.1s, curr speed    6.869 kHz, avg speed    5.683 kHz), accepted        5/  120001 events ( 0.00%)
Processed   130000/  213734 entries, 60.82% (elapsed time    22.7s, curr speed    6.341 kHz, avg speed    5.729 kHz), accepted        7/  130001 events ( 0.01%)
Processed   140000/  213734 entries, 65.50% (elapsed time    23.5s, curr speed   12.355 kHz, avg speed    5.957 kHz), accepted        7/  140001 events ( 0.00%)
Processed   150000/  213734 entries, 70.18% (elapsed time    24.2s, curr speed   14.778 kHz, avg speed    6.204 kHz), accepted        7/  150001 events ( 0.00%)
Processed   160000/  213734 entries, 74.86% (elapsed time    25.7s, curr speed    6.580 kHz, avg speed    6.226 kHz), accepted        8/  160001 events ( 0.00%)
Processed   170000/  213734 entries, 79.54% (elapsed time    26.5s, curr speed   12.949 kHz, avg speed    6.422 kHz), accepted        8/  170001 events ( 0.00%)
Processed   180000/  213734 entries, 84.22% (elapsed time    27.3s, curr speed   11.618 kHz, avg speed    6.586 kHz), accepted        8/  180001 events ( 0.00%)
Processed   190000/  213734 entries, 88.90% (elapsed time    28.5s, curr speed    8.741 kHz, avg speed    6.673 kHz), accepted        8/  190001 events ( 0.00%)
Processed   200000/  213734 entries, 93.57% (elapsed time    30.2s, curr speed    5.757 kHz, avg speed    6.620 kHz), accepted       10/  200001 events ( 0.00%)
Processed   210000/  213734 entries, 98.25% (elapsed time    31.7s, curr speed    6.762 kHz, avg speed    6.627 kHz), accepted       12/  210001 events ( 0.01%)
Processed 213734 preselected entries from /eos/cms/store/group/phys_tau/TauFW/nano/UL2017/TTToHadronic_TuneCP5_13TeV-powheg-pythia8/RunIISummer19UL17NanoAODv2-106X_mc2017_realistic_v8-v1/NANOAODSIM/9499CAF9-67CA-894A-A77E-5A1CA8C2E1FC_skimjec_0.root (213734 entries). Finally selected 12 entries
Pre-select 213734 entries out of 213734 (100.00%)
Processed    10000/  213734 entries,  4.68% (elapsed time     4.7s, curr speed    2.111 kHz, avg speed    2.111 kHz), accepted        0/   10001 events ( 0.00%)
Processed    20000/  213734 entries,  9.36% (elapsed time     5.4s, curr speed   14.656 kHz, avg speed    3.691 kHz), accepted        0/   20001 events ( 0.00%)
Processed    30000/  213734 entries, 14.04% (elapsed time     9.3s, curr speed    2.602 kHz, avg speed    3.239 kHz), accepted        2/   30001 events ( 0.01%)
Processed    40000/  213734 entries, 18.71% (elapsed time    10.8s, curr speed    6.416 kHz, avg speed    3.697 kHz), accepted        3/   40001 events ( 0.01%)
Processed    50000/  213734 entries, 23.39% (elapsed time    11.8s, curr speed   10.600 kHz, avg speed    4.250 kHz), accepted        3/   50001 events ( 0.01%)
Processed    60000/  213734 entries, 28.07% (elapsed time    13.6s, curr speed    5.330 kHz, avg speed    4.399 kHz), accepted        4/   60001 events ( 0.01%)
Processed    70000/  213734 entries, 32.75% (elapsed time    16.2s, curr speed    3.905 kHz, avg speed    4.321 kHz), accepted        6/   70001 events ( 0.01%)
Processed    80000/  213734 entries, 37.43% (elapsed time    17.4s, curr speed    8.020 kHz, avg speed    4.585 kHz), accepted        6/   80001 events ( 0.01%)
Processed    90000/  213734 entries, 42.11% (elapsed time    19.4s, curr speed    5.016 kHz, avg speed    4.629 kHz), accepted        9/   90001 events ( 0.01%)
Processed   100000/  213734 entries, 46.79% (elapsed time    21.1s, curr speed    6.000 kHz, avg speed    4.738 kHz), accepted       10/  100001 events ( 0.01%)
Processed   110000/  213734 entries, 51.47% (elapsed time    22.7s, curr speed    6.188 kHz, avg speed    4.841 kHz), accepted       12/  110001 events ( 0.01%)
Processed   120000/  213734 entries, 56.14% (elapsed time    23.8s, curr speed    9.168 kHz, avg speed    5.039 kHz), accepted       12/  120001 events ( 0.01%)
Processed   130000/  213734 entries, 60.82% (elapsed time    24.7s, curr speed   11.949 kHz, avg speed    5.273 kHz), accepted       12/  130001 events ( 0.01%)
Processed   140000/  213734 entries, 65.50% (elapsed time    26.0s, curr speed    7.269 kHz, avg speed    5.379 kHz), accepted       13/  140001 events ( 0.01%)
Processed   150000/  213734 entries, 70.18% (elapsed time    27.6s, curr speed    6.336 kHz, avg speed    5.434 kHz), accepted       14/  150001 events ( 0.01%)
Processed   160000/  213734 entries, 74.86% (elapsed time    28.7s, curr speed    8.791 kHz, avg speed    5.567 kHz), accepted       14/  160001 events ( 0.01%)
Processed   170000/  213734 entries, 79.54% (elapsed time    29.8s, curr speed    9.877 kHz, avg speed    5.713 kHz), accepted       14/  170001 events ( 0.01%)
Processed   180000/  213734 entries, 84.22% (elapsed time    31.8s, curr speed    4.863 kHz, avg speed    5.658 kHz), accepted       15/  180001 events ( 0.01%)
Processed   190000/  213734 entries, 88.90% (elapsed time    33.0s, curr speed    8.509 kHz, avg speed    5.760 kHz), accepted       15/  190001 events ( 0.01%)
Processed   200000/  213734 entries, 93.57% (elapsed time    35.7s, curr speed    3.656 kHz, avg speed    5.599 kHz), accepted       18/  200001 events ( 0.01%)
Processed   210000/  213734 entries, 98.25% (elapsed time    36.6s, curr speed   11.166 kHz, avg speed    5.735 kHz), accepted       18/  210001 events ( 0.01%)
Processed 213734 preselected entries from /eos/cms/store/group/phys_tau/TauFW/nano/UL2017/TTToHadronic_TuneCP5_13TeV-powheg-pythia8/RunIISummer19UL17NanoAODv2-106X_mc2017_realistic_v8-v1/NANOAODSIM/9499CAF9-67CA-894A-A77E-5A1CA8C2E1FC_skimjec_1.root (213734 entries). Finally selected 19 entries
Pre-select 213734 entries out of 213734 (100.00%)
Processed    10000/  213734 entries,  4.68% (elapsed time     4.8s, curr speed    2.066 kHz, avg speed    2.066 kHz), accepted        1/   10001 events ( 0.01%)
Processed    20000/  213734 entries,  9.36% (elapsed time     7.0s, curr speed    4.567 kHz, avg speed    2.845 kHz), accepted        2/   20001 events ( 0.01%)
Processed    30000/  213734 entries, 14.04% (elapsed time     8.3s, curr speed    7.964 kHz, avg speed    3.621 kHz), accepted        2/   30001 events ( 0.01%)
Processed    40000/  213734 entries, 18.71% (elapsed time     9.5s, curr speed    7.916 kHz, avg speed    4.189 kHz), accepted        2/   40001 events ( 0.00%)
Processed    50000/  213734 entries, 23.39% (elapsed time    11.1s, curr speed    6.630 kHz, avg speed    4.522 kHz), accepted        2/   50001 events ( 0.00%)
Processed    60000/  213734 entries, 28.07% (elapsed time    13.3s, curr speed    4.428 kHz, avg speed    4.506 kHz), accepted        3/   60001 events ( 0.00%)
Processed    70000/  213734 entries, 32.75% (elapsed time    14.1s, curr speed   12.183 kHz, avg speed    4.952 kHz), accepted        3/   70001 events ( 0.00%)
Processed    80000/  213734 entries, 37.43% (elapsed time    15.6s, curr speed    7.041 kHz, avg speed    5.143 kHz), accepted        4/   80001 events ( 0.00%)
Processed    90000/  213734 entries, 42.11% (elapsed time    16.5s, curr speed   11.126 kHz, avg speed    5.469 kHz), accepted        4/   90001 events ( 0.00%)
Processed   100000/  213734 entries, 46.79% (elapsed time    17.4s, curr speed   10.095 kHz, avg speed    5.732 kHz), accepted        4/  100001 events ( 0.00%)
Processed   110000/  213734 entries, 51.47% (elapsed time    19.2s, curr speed    5.801 kHz, avg speed    5.738 kHz), accepted        5/  110001 events ( 0.00%)
Processed   120000/  213734 entries, 56.14% (elapsed time    20.4s, curr speed    8.398 kHz, avg speed    5.894 kHz), accepted        6/  120001 events ( 0.00%)
Processed   130000/  213734 entries, 60.82% (elapsed time    21.5s, curr speed    9.095 kHz, avg speed    6.058 kHz), accepted        7/  130001 events ( 0.01%)
Processed   140000/  213734 entries, 65.50% (elapsed time    22.8s, curr speed    7.206 kHz, avg speed    6.128 kHz), accepted        8/  140001 events ( 0.01%)
Processed   150000/  213734 entries, 70.18% (elapsed time    23.9s, curr speed    9.900 kHz, avg speed    6.287 kHz), accepted        8/  150001 events ( 0.01%)
Processed   160000/  213734 entries, 74.86% (elapsed time    25.0s, curr speed    8.485 kHz, avg speed    6.391 kHz), accepted        8/  160001 events ( 0.00%)
Processed   170000/  213734 entries, 79.54% (elapsed time    26.4s, curr speed    7.436 kHz, avg speed    6.444 kHz), accepted        9/  170001 events ( 0.01%)
Processed   180000/  213734 entries, 84.22% (elapsed time    28.4s, curr speed    5.055 kHz, avg speed    6.347 kHz), accepted       11/  180001 events ( 0.01%)
Processed   190000/  213734 entries, 88.90% (elapsed time    30.8s, curr speed    4.051 kHz, avg speed    6.163 kHz), accepted       13/  190001 events ( 0.01%)
Processed   200000/  213734 entries, 93.57% (elapsed time    31.7s, curr speed   11.013 kHz, avg speed    6.302 kHz), accepted       13/  200001 events ( 0.01%)
Processed   210000/  213734 entries, 98.25% (elapsed time    33.5s, curr speed    5.539 kHz, avg speed    6.261 kHz), accepted       14/  210001 events ( 0.01%)
Processed 213734 preselected entries from /eos/cms/store/group/phys_tau/TauFW/nano/UL2017/TTToHadronic_TuneCP5_13TeV-powheg-pythia8/RunIISummer19UL17NanoAODv2-106X_mc2017_realistic_v8-v1/NANOAODSIM/9499CAF9-67CA-894A-A77E-5A1CA8C2E1FC_skimjec_2.root (213734 entries). Finally selected 14 entries
Total time 176.7 sec. to process 1031752 events. Rate = 5839.7 Hz.
>>> cwd          = /pool/condor/dir_20269
>>> ls           = ['tmp', '_condor_stdout', 'lvigilan.cc', 'var', '.machine.ad', '.job.ad', 'x509_voms', 'pico_etau_68.root', '.chirp.config', 'condor_exec.exe']
>>> getstorage('/eos/home-l/lvigilan/output_ETauFR_UL17_RUN1/UL2017/etau/TTToHadronic'), <EOS("/eos/home-l/lvigilan/output_ETauFR_UL17_RUN1/UL2017/etau/TTToHadronic") at 0x2ad8f6eade50>
>>> Executing: 'cp ./pico_etau_68.root /eos/home-l/lvigilan/output_ETauFR_UL17_RUN1/UL2017/etau/TTToHadronic'
>>> Removing './pico_etau_68.root'...
>>> picojob.py done after 213.2 seconds

Job complete at Mon Jun  7 19:10:05 CEST 2021
Took 3 minutes 37 seconds040 (2367593.068.000) 06/07 19:10:05 Started transferring output files
...
040 (2367593.068.000) 06/07 19:10:05 Finished transferring output files
...
005 (2367593.068.000) 06/07 19:10:05 Job terminated.
	(1) Normal termination (return value 0)
		Usr 0 00:01:47, Sys 0 00:00:06  -  Run Remote Usage
		Usr 0 00:00:00, Sys 0 00:00:00  -  Run Local Usage
		Usr 0 00:01:47, Sys 0 00:00:06  -  Total Remote Usage
		Usr 0 00:00:00, Sys 0 00:00:00  -  Total Local Usage
	33809  -  Run Bytes Sent By Job
	9930  -  Run Bytes Received By Job
	33809  -  Total Bytes Sent By Job
	9930  -  Total Bytes Received By Job
	Partitionable Resources :    Usage  Request Allocated 
	   Cpus                 :                 1         1 
	   Disk (KB)            :       95        1    299738 
	   Memory (MB)          :       34     2000      2000 

	Job terminated of its own accord at 2021-06-07T17:10:05Z.
...
