Could not find platform independent libraries <prefix>
Could not find platform dependent libraries <exec_prefix>
Consider setting $PYTHONHOME to <prefix>[:<exec_prefix>]
ImportError: No module named site
Job start at Mon Jun  7 19:06:12 CEST 2021
Running job on machine Linux b7g52n1040.cern.ch 3.10.0-1127.19.1.el7.x86_64 #1 SMP Tue Aug 25 17:23:54 UTC 2020 x86_64 x86_64 x86_64 GNU/Linux, host b7g52n1040.cern.ch
============================================================
$PWD=/pool/condor/dir_28351
$JOBID=2367593
$TASKID=62
$HOSTNAME=b7g52n1040.cern.ch
$TASKCMD=/afs/cern.ch/work/l/lvigilan/TauWork/CMSSW_10_6_17_patch1/src/TauFW/PicoProducer/python/processors/picojob.py -y UL2017 -d 'mc' -c etau -M ETauFakeRate.ModuleETau --copydir /eos/home-l/lvigilan/output_ETauFR_UL17_RUN1/UL2017/etau/TTToHadronic -t _etau_62 --opt 'useT1=True' 'toppt=True' -i /eos/cms/store/group/phys_tau/TauFW/nano/UL2017/TTToHadronic_TuneCP5_13TeV-powheg-pythia8/RunIISummer19UL17NanoAODv2-106X_mc2017_realistic_v8-v1/NANOAODSIM/863A3329-784D-7144-A982-6FDD2CB02E87_skimjec_2.root /eos/cms/store/group/phys_tau/TauFW/nano/UL2017/TTToHadronic_TuneCP5_13TeV-powheg-pythia8/RunIISummer19UL17NanoAODv2-106X_mc2017_realistic_v8-v1/NANOAODSIM/863A3329-784D-7144-A982-6FDD2CB02E87_skimjec_3.root /eos/cms/store/group/phys_tau/TauFW/nano/UL2017/TTToHadronic_TuneCP5_13TeV-powheg-pythia8/RunIISummer19UL17NanoAODv2-106X_mc2017_realistic_v8-v1/NANOAODSIM/86DA3D9B-E65E-CF41-8C6B-59F3646ED46D_skimjec_0.root /eos/cms/store/group/phys_tau/TauFW/nano/UL2017/TTToHadronic_TuneCP5_13TeV-powheg-pythia8/RunIISummer19UL17NanoAODv2-106X_mc2017_realistic_v8-v1/NANOAODSIM/86DA3D9B-E65E-CF41-8C6B-59F3646ED46D_skimjec_1.root /eos/cms/store/group/phys_tau/TauFW/nano/UL2017/TTToHadronic_TuneCP5_13TeV-powheg-pythia8/RunIISummer19UL17NanoAODv2-106X_mc2017_realistic_v8-v1/NANOAODSIM/86DA3D9B-E65E-CF41-8C6B-59F3646ED46D_skimjec_2.root
$WORKDIR=/pool/condor/dir_28351
>>> cd /afs/cern.ch/work/l/lvigilan/TauWork/CMSSW_10_6_17_patch1/src
>>> eval `scramv1 runtime -sh`
>>> cd /pool/condor/dir_28351
$PWD=/pool/condor/dir_28351
>>> /afs/cern.ch/work/l/lvigilan/TauWork/CMSSW_10_6_17_patch1/src/TauFW/PicoProducer/python/processors/picojob.py -y UL2017 -d 'mc' -c etau -M ETauFakeRate.ModuleETau --copydir /eos/home-l/lvigilan/output_ETauFR_UL17_RUN1/UL2017/etau/TTToHadronic -t _etau_62 --opt 'useT1=True' 'toppt=True' -i /eos/cms/store/group/phys_tau/TauFW/nano/UL2017/TTToHadronic_TuneCP5_13TeV-powheg-pythia8/RunIISummer19UL17NanoAODv2-106X_mc2017_realistic_v8-v1/NANOAODSIM/863A3329-784D-7144-A982-6FDD2CB02E87_skimjec_2.root /eos/cms/store/group/phys_tau/TauFW/nano/UL2017/TTToHadronic_TuneCP5_13TeV-powheg-pythia8/RunIISummer19UL17NanoAODv2-106X_mc2017_realistic_v8-v1/NANOAODSIM/863A3329-784D-7144-A982-6FDD2CB02E87_skimjec_3.root /eos/cms/store/group/phys_tau/TauFW/nano/UL2017/TTToHadronic_TuneCP5_13TeV-powheg-pythia8/RunIISummer19UL17NanoAODv2-106X_mc2017_realistic_v8-v1/NANOAODSIM/86DA3D9B-E65E-CF41-8C6B-59F3646ED46D_skimjec_0.root /eos/cms/store/group/phys_tau/TauFW/nano/UL2017/TTToHadronic_TuneCP5_13TeV-powheg-pythia8/RunIISummer19UL17NanoAODv2-106X_mc2017_realistic_v8-v1/NANOAODSIM/86DA3D9B-E65E-CF41-8C6B-59F3646ED46D_skimjec_1.root /eos/cms/store/group/phys_tau/TauFW/nano/UL2017/TTToHadronic_TuneCP5_13TeV-powheg-pythia8/RunIISummer19UL17NanoAODv2-106X_mc2017_realistic_v8-v1/NANOAODSIM/86DA3D9B-E65E-CF41-8C6B-59F3646ED46D_skimjec_2.root
Error in <TGClient::TGClient>: can't open display "localhost:19.0", switching to batch mode...
 In case you run from a remote ssh session, reconnect with ssh -Y
--------------------------------------------------------------------------------
>>> era          = 'UL2017'
>>> year         = 2017
>>> channel      = 'etau'
>>> modname      = 'ETauFakeRate.ModuleETau'
>>> dtype        = 'mc'
>>> kwargs       = {'dtype': 'mc', 'toppt': True, 'useT1': True, 'verb': 0, 'era': 'UL2017', 'year': 2017}
>>> firstevt     = 0
>>> maxevts      = None
>>> outdir       = '.'
>>> copydir      = '/eos/home-l/lvigilan/output_ETauFR_UL17_RUN1/UL2017/etau/TTToHadronic'
>>> infiles      = ['/eos/cms/store/group/phys_tau/TauFW/nano/UL2017/TTToHadronic_TuneCP5_13TeV-powheg-pythia8/RunIISummer19UL17NanoAODv2-106X_mc2017_realistic_v8-v1/NANOAODSIM/863A3329-784D-7144-A982-6FDD2CB02E87_skimjec_2.root', '/eos/cms/store/group/phys_tau/TauFW/nano/UL2017/TTToHadronic_TuneCP5_13TeV-powheg-pythia8/RunIISummer19UL17NanoAODv2-106X_mc2017_realistic_v8-v1/NANOAODSIM/863A3329-784D-7144-A982-6FDD2CB02E87_skimjec_3.root', '/eos/cms/store/group/phys_tau/TauFW/nano/UL2017/TTToHadronic_TuneCP5_13TeV-powheg-pythia8/RunIISummer19UL17NanoAODv2-106X_mc2017_realistic_v8-v1/NANOAODSIM/86DA3D9B-E65E-CF41-8C6B-59F3646ED46D_skimjec_0.root', '/eos/cms/store/group/phys_tau/TauFW/nano/UL2017/TTToHadronic_TuneCP5_13TeV-powheg-pythia8/RunIISummer19UL17NanoAODv2-106X_mc2017_realistic_v8-v1/NANOAODSIM/86DA3D9B-E65E-CF41-8C6B-59F3646ED46D_skimjec_1.root', '/eos/cms/store/group/phys_tau/TauFW/nano/UL2017/TTToHadronic_TuneCP5_13TeV-powheg-pythia8/RunIISummer19UL17NanoAODv2-106X_mc2017_realistic_v8-v1/NANOAODSIM/86DA3D9B-E65E-CF41-8C6B-59F3646ED46D_skimjec_2.root']
>>> outfname     = './pico_etau_62.root'
>>> branchsel    = '/afs/cern.ch/work/l/lvigilan/TauWork/CMSSW_10_6_17_patch1/python/TauFW/PicoProducer/processors/keep_and_drop_skim.txt'
>>> json         = None
>>> prefetch     = False
>>> cwd          = /pool/condor/dir_28351
--------------------------------------------------------------------------------

   ################
   #  ModuleETau  #
   ################

Loading PileupWeightTool for '/afs/cern.ch/work/l/lvigilan/TauWork/CMSSW_10_6_17_patch1/src/TauFW/PicoProducer/data/pileup/Data_PileUp_UL2017_69p2.root' and '/afs/cern.ch/work/l/lvigilan/TauWork/CMSSW_10_6_17_patch1/src/TauFW/PicoProducer/data/pileup/MC_PileUp_UL2017_Summer19.root'
Loading BTagWeightTool for DeepCSV (medium WP)...
>>> BTagTool: [1m[33mWarning! [0m[33mHistogram 'etau/eff_DeepCSV_udsg_medium' does not exist in /afs/cern.ch/work/l/lvigilan/TauWork/CMSSW_10_6_17_patch1/src/TauFW/PicoProducer/data/btag/DeepCSV_2017_12Apr2017_eff.root! Reverting to default efficiency histogram...[0m
>>> BTagTool: [1m[33mWarning! [0m[33mHistogram 'etau/eff_DeepCSV_c_medium' does not exist in /afs/cern.ch/work/l/lvigilan/TauWork/CMSSW_10_6_17_patch1/src/TauFW/PicoProducer/data/btag/DeepCSV_2017_12Apr2017_eff.root! Reverting to default efficiency histogram...[0m
>>> BTagTool: [1m[33mWarning! [0m[33mHistogram 'etau/eff_DeepCSV_b_medium' does not exist in /afs/cern.ch/work/l/lvigilan/TauWork/CMSSW_10_6_17_patch1/src/TauFW/PicoProducer/data/btag/DeepCSV_2017_12Apr2017_eff.root! Reverting to default efficiency histogram...[0m
>>> BTagTool: [1m[33mWarning! [0m[33mMade use of default efficiency histograms! The b tag weights from this module should be regarded as placeholders only,
and should NOT be used for analyses. B (mis)tag efficiencies in MC are analysis dependent. Please create your own
efficiency histogram with data/btag/getBTagEfficiencies.py after running all MC samples with BTagWeightTool.[0m
Loading TreeProducerETau for './pico_etau_62.root'
--------------------------------------------------------------------------------
>>> filename     = './pico_etau_62.root'
>>> year         = 2017
>>> dtype        = 'mc'
>>> channel      = 'etau'
>>> ismc         = True
>>> isdata       = False
>>> isembed      = False
>>> tes          = 1.0
>>> tessys       = None
>>> fes          = None
>>> ltf          = None
>>> jtf          = 1.0
>>> dotoppt      = True
>>> dozpt        = False
>>> dojec        = True
>>> dojecsys     = True
>>> dotight      = False
>>> useT1        = True
>>> jetCutPt     = 30
>>> bjetCutEta   = 2.7
>>> tauwp        = 0
>>> eleCutPt     = 36
>>> eleCutEta    = 2.1
>>> tauCutPt     = 20
>>> tauCutEta    = 2.3
>>> ZpeekReso    = 0.1
Pre-select 207550 entries out of 207550 (100.00%)
Processed    10000/  207550 entries,  4.82% (elapsed time     2.3s, curr speed    4.368 kHz, avg speed    4.368 kHz), accepted        0/   10001 events ( 0.00%)
Processed    20000/  207550 entries,  9.64% (elapsed time     7.0s, curr speed    2.101 kHz, avg speed    2.837 kHz), accepted        1/   20001 events ( 0.00%)
Processed    30000/  207550 entries, 14.45% (elapsed time     7.7s, curr speed   15.495 kHz, avg speed    3.899 kHz), accepted        1/   30001 events ( 0.00%)
Processed    40000/  207550 entries, 19.27% (elapsed time     8.2s, curr speed   18.610 kHz, avg speed    4.859 kHz), accepted        1/   40001 events ( 0.00%)
Processed    50000/  207550 entries, 24.09% (elapsed time    10.5s, curr speed    4.368 kHz, avg speed    4.752 kHz), accepted        4/   50001 events ( 0.01%)
Processed    60000/  207550 entries, 28.91% (elapsed time    11.5s, curr speed   10.752 kHz, avg speed    5.239 kHz), accepted        4/   60001 events ( 0.01%)
Processed    70000/  207550 entries, 33.73% (elapsed time    12.9s, curr speed    7.010 kHz, avg speed    5.435 kHz), accepted        5/   70001 events ( 0.01%)
Processed    80000/  207550 entries, 38.54% (elapsed time    14.1s, curr speed    8.117 kHz, avg speed    5.670 kHz), accepted        6/   80001 events ( 0.01%)
Processed    90000/  207550 entries, 43.36% (elapsed time    15.7s, curr speed    6.151 kHz, avg speed    5.719 kHz), accepted        7/   90001 events ( 0.01%)
Processed   100000/  207550 entries, 48.18% (elapsed time    16.7s, curr speed   10.021 kHz, avg speed    5.976 kHz), accepted        7/  100001 events ( 0.01%)
Processed   110000/  207550 entries, 53.00% (elapsed time    17.8s, curr speed    9.204 kHz, avg speed    6.173 kHz), accepted        7/  110001 events ( 0.01%)
Processed   120000/  207550 entries, 57.82% (elapsed time    19.1s, curr speed    7.850 kHz, avg speed    6.285 kHz), accepted        7/  120001 events ( 0.01%)
Processed   130000/  207550 entries, 62.64% (elapsed time    19.9s, curr speed   12.208 kHz, avg speed    6.528 kHz), accepted        7/  130001 events ( 0.01%)
Processed   140000/  207550 entries, 67.45% (elapsed time    21.2s, curr speed    7.724 kHz, avg speed    6.601 kHz), accepted        8/  140001 events ( 0.01%)
Processed   150000/  207550 entries, 72.27% (elapsed time    23.0s, curr speed    5.455 kHz, avg speed    6.510 kHz), accepted       10/  150001 events ( 0.01%)
Processed   160000/  207550 entries, 77.09% (elapsed time    25.1s, curr speed    4.927 kHz, avg speed    6.382 kHz), accepted       12/  160001 events ( 0.01%)
Processed   170000/  207550 entries, 81.91% (elapsed time    27.0s, curr speed    5.112 kHz, avg speed    6.290 kHz), accepted       14/  170001 events ( 0.01%)
Processed   180000/  207550 entries, 86.73% (elapsed time    28.0s, curr speed   10.297 kHz, avg speed    6.429 kHz), accepted       15/  180001 events ( 0.01%)
Processed   190000/  207550 entries, 91.54% (elapsed time    28.9s, curr speed   10.743 kHz, avg speed    6.568 kHz), accepted       15/  190001 events ( 0.01%)
Processed   200000/  207550 entries, 96.36% (elapsed time    30.5s, curr speed    6.284 kHz, avg speed    6.553 kHz), accepted       18/  200001 events ( 0.01%)
Processed 207550 preselected entries from /eos/cms/store/group/phys_tau/TauFW/nano/UL2017/TTToHadronic_TuneCP5_13TeV-powheg-pythia8/RunIISummer19UL17NanoAODv2-106X_mc2017_realistic_v8-v1/NANOAODSIM/863A3329-784D-7144-A982-6FDD2CB02E87_skimjec_2.root (207550 entries). Finally selected 20 entries
Pre-select 207550 entries out of 207550 (100.00%)
Processed    10000/  207550 entries,  4.82% (elapsed time     1.1s, curr speed    9.091 kHz, avg speed    9.091 kHz), accepted        0/   10001 events ( 0.00%)
Processed    20000/  207550 entries,  9.64% (elapsed time     2.0s, curr speed   10.654 kHz, avg speed    9.811 kHz), accepted        0/   20001 events ( 0.00%)
Processed    30000/  207550 entries, 14.45% (elapsed time     3.3s, curr speed    7.636 kHz, avg speed    8.960 kHz), accepted        0/   30001 events ( 0.00%)
Processed    40000/  207550 entries, 19.27% (elapsed time     6.1s, curr speed    3.691 kHz, avg speed    6.604 kHz), accepted        1/   40001 events ( 0.00%)
Processed    50000/  207550 entries, 24.09% (elapsed time     8.0s, curr speed    5.057 kHz, avg speed    6.223 kHz), accepted        3/   50001 events ( 0.01%)
Processed    60000/  207550 entries, 28.91% (elapsed time    10.0s, curr speed    4.963 kHz, avg speed    5.970 kHz), accepted        5/   60001 events ( 0.01%)
Processed    70000/  207550 entries, 33.73% (elapsed time    10.9s, curr speed   11.875 kHz, avg speed    6.427 kHz), accepted        5/   70001 events ( 0.01%)
Processed    80000/  207550 entries, 38.54% (elapsed time    12.1s, curr speed    8.307 kHz, avg speed    6.614 kHz), accepted        6/   80001 events ( 0.01%)
Processed    90000/  207550 entries, 43.36% (elapsed time    12.8s, curr speed   13.548 kHz, avg speed    7.013 kHz), accepted        6/   90001 events ( 0.01%)
Processed   100000/  207550 entries, 48.18% (elapsed time    13.8s, curr speed   10.012 kHz, avg speed    7.229 kHz), accepted        7/  100001 events ( 0.01%)
Processed   110000/  207550 entries, 53.00% (elapsed time    14.7s, curr speed   11.054 kHz, avg speed    7.464 kHz), accepted        7/  110001 events ( 0.01%)
Processed   120000/  207550 entries, 57.82% (elapsed time    15.7s, curr speed   10.178 kHz, avg speed    7.634 kHz), accepted        7/  120001 events ( 0.01%)
Processed   130000/  207550 entries, 62.64% (elapsed time    16.4s, curr speed   14.172 kHz, avg speed    7.915 kHz), accepted        7/  130001 events ( 0.01%)
Processed   140000/  207550 entries, 67.45% (elapsed time    17.7s, curr speed    7.610 kHz, avg speed    7.892 kHz), accepted        8/  140001 events ( 0.01%)
Processed   150000/  207550 entries, 72.27% (elapsed time    18.6s, curr speed   12.107 kHz, avg speed    8.080 kHz), accepted        8/  150001 events ( 0.01%)
Processed   160000/  207550 entries, 77.09% (elapsed time    19.6s, curr speed    9.555 kHz, avg speed    8.158 kHz), accepted        9/  160001 events ( 0.01%)
Processed   170000/  207550 entries, 81.91% (elapsed time    21.7s, curr speed    4.751 kHz, avg speed    7.828 kHz), accepted       11/  170001 events ( 0.01%)
Processed   180000/  207550 entries, 86.73% (elapsed time    22.6s, curr speed   11.615 kHz, avg speed    7.972 kHz), accepted       11/  180001 events ( 0.01%)
Processed   190000/  207550 entries, 91.54% (elapsed time    23.4s, curr speed   12.459 kHz, avg speed    8.127 kHz), accepted       11/  190001 events ( 0.01%)
Processed   200000/  207550 entries, 96.36% (elapsed time    24.5s, curr speed    8.868 kHz, avg speed    8.161 kHz), accepted       12/  200001 events ( 0.01%)
Processed 207550 preselected entries from /eos/cms/store/group/phys_tau/TauFW/nano/UL2017/TTToHadronic_TuneCP5_13TeV-powheg-pythia8/RunIISummer19UL17NanoAODv2-106X_mc2017_realistic_v8-v1/NANOAODSIM/863A3329-784D-7144-A982-6FDD2CB02E87_skimjec_3.root (207550 entries). Finally selected 12 entries
Pre-select 200375 entries out of 200375 (100.00%)
Processed    10000/  200375 entries,  4.99% (elapsed time     5.1s, curr speed    1.949 kHz, avg speed    1.949 kHz), accepted        1/   10001 events ( 0.01%)
Processed    20000/  200375 entries,  9.98% (elapsed time     5.7s, curr speed   18.870 kHz, avg speed    3.534 kHz), accepted        1/   20001 events ( 0.00%)
Processed    30000/  200375 entries, 14.97% (elapsed time     6.4s, curr speed   13.135 kHz, avg speed    4.672 kHz), accepted        1/   30001 events ( 0.00%)
Processed    40000/  200375 entries, 19.96% (elapsed time     8.0s, curr speed    6.518 kHz, avg speed    5.028 kHz), accepted        2/   40001 events ( 0.00%)
Processed    50000/  200375 entries, 24.95% (elapsed time     8.6s, curr speed   15.478 kHz, avg speed    5.813 kHz), accepted        2/   50001 events ( 0.00%)
Processed    60000/  200375 entries, 29.94% (elapsed time     9.2s, curr speed   17.929 kHz, avg speed    6.551 kHz), accepted        2/   60001 events ( 0.00%)
Processed    70000/  200375 entries, 34.93% (elapsed time     9.9s, curr speed   13.985 kHz, avg speed    7.089 kHz), accepted        2/   70001 events ( 0.00%)
Processed    80000/  200375 entries, 39.93% (elapsed time    10.7s, curr speed   11.684 kHz, avg speed    7.456 kHz), accepted        2/   80001 events ( 0.00%)
Processed    90000/  200375 entries, 44.92% (elapsed time    11.3s, curr speed   16.557 kHz, avg speed    7.941 kHz), accepted        2/   90001 events ( 0.00%)
Processed   100000/  200375 entries, 49.91% (elapsed time    12.2s, curr speed   11.541 kHz, avg speed    8.196 kHz), accepted        2/  100001 events ( 0.00%)
Processed   110000/  200375 entries, 54.90% (elapsed time    12.7s, curr speed   18.503 kHz, avg speed    8.633 kHz), accepted        2/  110001 events ( 0.00%)
Processed   120000/  200375 entries, 59.89% (elapsed time    13.9s, curr speed    8.621 kHz, avg speed    8.632 kHz), accepted        3/  120001 events ( 0.00%)
Processed   130000/  200375 entries, 64.88% (elapsed time    14.9s, curr speed    9.955 kHz, avg speed    8.722 kHz), accepted        4/  130001 events ( 0.00%)
Processed   140000/  200375 entries, 69.87% (elapsed time    15.5s, curr speed   16.304 kHz, avg speed    9.021 kHz), accepted        4/  140001 events ( 0.00%)
Processed   150000/  200375 entries, 74.86% (elapsed time    16.1s, curr speed   16.955 kHz, avg speed    9.312 kHz), accepted        4/  150001 events ( 0.00%)
Processed   160000/  200375 entries, 79.85% (elapsed time    17.3s, curr speed    8.400 kHz, avg speed    9.249 kHz), accepted        5/  160001 events ( 0.00%)
Processed   170000/  200375 entries, 84.84% (elapsed time    18.1s, curr speed   12.199 kHz, avg speed    9.382 kHz), accepted        5/  170001 events ( 0.00%)
Processed   180000/  200375 entries, 89.83% (elapsed time    19.2s, curr speed    9.589 kHz, avg speed    9.394 kHz), accepted        6/  180001 events ( 0.00%)
Processed   190000/  200375 entries, 94.82% (elapsed time    19.8s, curr speed   16.511 kHz, avg speed    9.612 kHz), accepted        6/  190001 events ( 0.00%)
Processed   200000/  200375 entries, 99.81% (elapsed time    20.4s, curr speed   15.364 kHz, avg speed    9.795 kHz), accepted        6/  200001 events ( 0.00%)
Processed 200375 preselected entries from /eos/cms/store/group/phys_tau/TauFW/nano/UL2017/TTToHadronic_TuneCP5_13TeV-powheg-pythia8/RunIISummer19UL17NanoAODv2-106X_mc2017_realistic_v8-v1/NANOAODSIM/86DA3D9B-E65E-CF41-8C6B-59F3646ED46D_skimjec_0.root (200375 entries). Finally selected 6 entries
Pre-select 200375 entries out of 200375 (100.00%)
Processed    10000/  200375 entries,  4.99% (elapsed time     3.2s, curr speed    3.097 kHz, avg speed    3.097 kHz), accepted        1/   10001 events ( 0.01%)
Processed    20000/  200375 entries,  9.98% (elapsed time     4.2s, curr speed   10.304 kHz, avg speed    4.763 kHz), accepted        1/   20001 events ( 0.00%)
Processed    30000/  200375 entries, 14.97% (elapsed time     4.8s, curr speed   16.186 kHz, avg speed    6.228 kHz), accepted        1/   30001 events ( 0.00%)
Processed    40000/  200375 entries, 19.96% (elapsed time     6.7s, curr speed    5.400 kHz, avg speed    5.998 kHz), accepted        2/   40001 events ( 0.00%)
Processed    50000/  200375 entries, 24.95% (elapsed time     7.4s, curr speed   13.703 kHz, avg speed    6.758 kHz), accepted        2/   50001 events ( 0.00%)
Processed    60000/  200375 entries, 29.94% (elapsed time     9.3s, curr speed    5.149 kHz, avg speed    6.423 kHz), accepted        3/   60001 events ( 0.00%)
Processed    70000/  200375 entries, 34.93% (elapsed time    10.5s, curr speed    8.750 kHz, avg speed    6.677 kHz), accepted        4/   70001 events ( 0.01%)
Processed    80000/  200375 entries, 39.93% (elapsed time    11.3s, curr speed   12.077 kHz, avg speed    7.072 kHz), accepted        5/   80001 events ( 0.01%)
Processed    90000/  200375 entries, 44.92% (elapsed time    12.3s, curr speed   10.345 kHz, avg speed    7.330 kHz), accepted        6/   90001 events ( 0.01%)
Processed   100000/  200375 entries, 49.91% (elapsed time    12.8s, curr speed   18.311 kHz, avg speed    7.797 kHz), accepted        6/  100001 events ( 0.01%)
Processed   110000/  200375 entries, 54.90% (elapsed time    13.4s, curr speed   16.296 kHz, avg speed    8.185 kHz), accepted        6/  110001 events ( 0.01%)
Processed   120000/  200375 entries, 59.89% (elapsed time    14.2s, curr speed   13.168 kHz, avg speed    8.452 kHz), accepted        6/  120001 events ( 0.00%)
Processed   130000/  200375 entries, 64.88% (elapsed time    14.9s, curr speed   13.628 kHz, avg speed    8.706 kHz), accepted        6/  130001 events ( 0.00%)
Processed   140000/  200375 entries, 69.87% (elapsed time    15.7s, curr speed   12.773 kHz, avg speed    8.909 kHz), accepted        6/  140001 events ( 0.00%)
Processed   150000/  200375 entries, 74.86% (elapsed time    16.5s, curr speed   13.596 kHz, avg speed    9.119 kHz), accepted        6/  150001 events ( 0.00%)
Processed   160000/  200375 entries, 79.85% (elapsed time    17.0s, curr speed   19.012 kHz, avg speed    9.425 kHz), accepted        6/  160001 events ( 0.00%)
Processed   170000/  200375 entries, 84.84% (elapsed time    17.9s, curr speed   11.346 kHz, avg speed    9.520 kHz), accepted        7/  170001 events ( 0.00%)
Processed   180000/  200375 entries, 89.83% (elapsed time    18.6s, curr speed   13.817 kHz, avg speed    9.687 kHz), accepted        7/  180001 events ( 0.00%)
Processed   190000/  200375 entries, 94.82% (elapsed time    19.8s, curr speed    8.340 kHz, avg speed    9.606 kHz), accepted        8/  190001 events ( 0.00%)
Processed   200000/  200375 entries, 99.81% (elapsed time    20.9s, curr speed    8.787 kHz, avg speed    9.561 kHz), accepted        9/  200001 events ( 0.00%)
Processed 200375 preselected entries from /eos/cms/store/group/phys_tau/TauFW/nano/UL2017/TTToHadronic_TuneCP5_13TeV-powheg-pythia8/RunIISummer19UL17NanoAODv2-106X_mc2017_realistic_v8-v1/NANOAODSIM/86DA3D9B-E65E-CF41-8C6B-59F3646ED46D_skimjec_1.root (200375 entries). Finally selected 9 entries
Pre-select 200375 entries out of 200375 (100.00%)
Processed    10000/  200375 entries,  4.99% (elapsed time     2.8s, curr speed    3.567 kHz, avg speed    3.567 kHz), accepted        0/   10001 events ( 0.00%)
Processed    20000/  200375 entries,  9.98% (elapsed time     6.5s, curr speed    2.689 kHz, avg speed    3.067 kHz), accepted        1/   20001 events ( 0.00%)
Processed    30000/  200375 entries, 14.97% (elapsed time     7.3s, curr speed   12.166 kHz, avg speed    4.085 kHz), accepted        2/   30001 events ( 0.01%)
Processed    40000/  200375 entries, 19.96% (elapsed time     8.3s, curr speed   10.427 kHz, avg speed    4.818 kHz), accepted        3/   40001 events ( 0.01%)
Processed    50000/  200375 entries, 24.95% (elapsed time     9.4s, curr speed    8.850 kHz, avg speed    5.301 kHz), accepted        4/   50001 events ( 0.01%)
Processed    60000/  200375 entries, 29.94% (elapsed time    10.1s, curr speed   14.918 kHz, avg speed    5.939 kHz), accepted        4/   60001 events ( 0.01%)
Processed    70000/  200375 entries, 34.93% (elapsed time    11.7s, curr speed    6.428 kHz, avg speed    6.004 kHz), accepted        6/   70001 events ( 0.01%)
Processed    80000/  200375 entries, 39.93% (elapsed time    12.5s, curr speed   12.256 kHz, avg speed    6.413 kHz), accepted        8/   80001 events ( 0.01%)
Processed    90000/  200375 entries, 44.92% (elapsed time    13.1s, curr speed   15.300 kHz, avg speed    6.856 kHz), accepted        8/   90001 events ( 0.01%)
Processed   100000/  200375 entries, 49.91% (elapsed time    14.3s, curr speed    8.741 kHz, avg speed    7.007 kHz), accepted       10/  100001 events ( 0.01%)
Processed   110000/  200375 entries, 54.90% (elapsed time    15.3s, curr speed    9.755 kHz, avg speed    7.191 kHz), accepted       11/  110001 events ( 0.01%)
Processed   120000/  200375 entries, 59.89% (elapsed time    16.4s, curr speed    9.260 kHz, avg speed    7.327 kHz), accepted       12/  120001 events ( 0.01%)
Processed   130000/  200375 entries, 64.88% (elapsed time    17.3s, curr speed   10.618 kHz, avg speed    7.506 kHz), accepted       13/  130001 events ( 0.01%)
Processed   140000/  200375 entries, 69.87% (elapsed time    18.0s, curr speed   14.961 kHz, avg speed    7.783 kHz), accepted       13/  140001 events ( 0.01%)
Processed   150000/  200375 entries, 74.86% (elapsed time    19.1s, curr speed    8.844 kHz, avg speed    7.846 kHz), accepted       13/  150001 events ( 0.01%)
Processed   160000/  200375 entries, 79.85% (elapsed time    20.2s, curr speed    9.034 kHz, avg speed    7.911 kHz), accepted       14/  160001 events ( 0.01%)
Processed   170000/  200375 entries, 84.84% (elapsed time    21.5s, curr speed    7.571 kHz, avg speed    7.890 kHz), accepted       15/  170001 events ( 0.01%)
Processed   180000/  200375 entries, 89.83% (elapsed time    23.0s, curr speed    6.972 kHz, avg speed    7.833 kHz), accepted       15/  180001 events ( 0.01%)
Processed   190000/  200375 entries, 94.82% (elapsed time    23.7s, curr speed   13.289 kHz, avg speed    8.006 kHz), accepted       15/  190001 events ( 0.01%)
Processed   200000/  200375 entries, 99.81% (elapsed time    24.5s, curr speed   13.090 kHz, avg speed    8.164 kHz), accepted       15/  200001 events ( 0.01%)
Processed 200375 preselected entries from /eos/cms/store/group/phys_tau/TauFW/nano/UL2017/TTToHadronic_TuneCP5_13TeV-powheg-pythia8/RunIISummer19UL17NanoAODv2-106X_mc2017_realistic_v8-v1/NANOAODSIM/86DA3D9B-E65E-CF41-8C6B-59F3646ED46D_skimjec_2.root (200375 entries). Finally selected 16 entries
Total time 125.0 sec. to process 1016225 events. Rate = 8130.3 Hz.
>>> cwd          = /pool/condor/dir_28351
>>> ls           = ['.machine.ad', 'lvigilan.cc', 'x509_voms', 'pico_etau_62.root', 'tmp', '.job.ad', '.chirp.config', 'condor_exec.exe', 'var', '_condor_stdout']
>>> getstorage('/eos/home-l/lvigilan/output_ETauFR_UL17_RUN1/UL2017/etau/TTToHadronic'), <EOS("/eos/home-l/lvigilan/output_ETauFR_UL17_RUN1/UL2017/etau/TTToHadronic") at 0x2ba45c55abd0>
>>> Executing: 'cp ./pico_etau_62.root /eos/home-l/lvigilan/output_ETauFR_UL17_RUN1/UL2017/etau/TTToHadronic'
>>> Removing './pico_etau_62.root'...
>>> picojob.py done after 146.1 seconds

Job complete at Mon Jun  7 19:08:40 CEST 2021
Took 2 minutes 28 seconds040 (2367593.062.000) 06/07 19:08:40 Finished transferring output files
...
005 (2367593.062.000) 06/07 19:08:40 Job terminated.
	(1) Normal termination (return value 0)
		Usr 0 00:01:22, Sys 0 00:00:04  -  Run Remote Usage
		Usr 0 00:00:00, Sys 0 00:00:00  -  Run Local Usage
		Usr 0 00:01:22, Sys 0 00:00:04  -  Total Remote Usage
		Usr 0 00:00:00, Sys 0 00:00:00  -  Total Local Usage
	33647  -  Run Bytes Sent By Job
	9930  -  Run Bytes Received By Job
	33647  -  Total Bytes Sent By Job
	9930  -  Total Bytes Received By Job
	Partitionable Resources :    Usage  Request Allocated 
	   Cpus                 :                 1         1 
	   Disk (KB)            :       95        1    270943 
	   Memory (MB)          :      120     2000      2000 

	Job terminated of its own accord at 2021-06-07T17:08:40Z.
...
