Could not find platform independent libraries <prefix>
Could not find platform dependent libraries <exec_prefix>
Consider setting $PYTHONHOME to <prefix>[:<exec_prefix>]
ImportError: No module named site
Job start at Tue Jun  8 10:13:06 CEST 2021
Running job on machine Linux b7s13n7528.cern.ch 3.10.0-1160.24.1.el7.x86_64 #1 SMP Thu Apr 8 19:51:47 UTC 2021 x86_64 x86_64 x86_64 GNU/Linux, host b7s13n7528.cern.ch
============================================================
$PWD=/pool/condor/dir_539
$JOBID=2368941
$TASKID=94
$HOSTNAME=b7s13n7528.cern.ch
$TASKCMD=/afs/cern.ch/work/l/lvigilan/TauWork/CMSSW_10_6_17_patch1/src/TauFW/PicoProducer/python/processors/picojob.py -y UL2017 -d 'mc' -c etau -M ETauFakeRate.ModuleETau --copydir /eos/home-l/lvigilan/output_ETauFR_UL17_RUN1/UL2017/etau/TTToHadronic -t _etau_EES1p01_94 --opt 'ees=1.01' 'useT1=True' 'toppt=True' -i /eos/cms/store/group/phys_tau/TauFW/nano/UL2017/TTToHadronic_TuneCP5_13TeV-powheg-pythia8/RunIISummer19UL17NanoAODv2-106X_mc2017_realistic_v8-v1/NANOAODSIM/B9EE69E6-15F8-1647-9DCB-D5CEB623705C_skimjec_1.root /eos/cms/store/group/phys_tau/TauFW/nano/UL2017/TTToHadronic_TuneCP5_13TeV-powheg-pythia8/RunIISummer19UL17NanoAODv2-106X_mc2017_realistic_v8-v1/NANOAODSIM/B9EE69E6-15F8-1647-9DCB-D5CEB623705C_skimjec_2.root /eos/cms/store/group/phys_tau/TauFW/nano/UL2017/TTToHadronic_TuneCP5_13TeV-powheg-pythia8/RunIISummer19UL17NanoAODv2-106X_mc2017_realistic_v8-v1/NANOAODSIM/B9EE69E6-15F8-1647-9DCB-D5CEB623705C_skimjec_3.root /eos/cms/store/group/phys_tau/TauFW/nano/UL2017/TTToHadronic_TuneCP5_13TeV-powheg-pythia8/RunIISummer19UL17NanoAODv2-106X_mc2017_realistic_v8-v1/NANOAODSIM/B9EE69E6-15F8-1647-9DCB-D5CEB623705C_skimjec_4.root /eos/cms/store/group/phys_tau/TauFW/nano/UL2017/TTToHadronic_TuneCP5_13TeV-powheg-pythia8/RunIISummer19UL17NanoAODv2-106X_mc2017_realistic_v8-v1/NANOAODSIM/B9EE69E6-15F8-1647-9DCB-D5CEB623705C_skimjec_5.root
$WORKDIR=/pool/condor/dir_539
>>> cd /afs/cern.ch/work/l/lvigilan/TauWork/CMSSW_10_6_17_patch1/src
>>> eval `scramv1 runtime -sh`
>>> cd /pool/condor/dir_539
$PWD=/pool/condor/dir_539
>>> /afs/cern.ch/work/l/lvigilan/TauWork/CMSSW_10_6_17_patch1/src/TauFW/PicoProducer/python/processors/picojob.py -y UL2017 -d 'mc' -c etau -M ETauFakeRate.ModuleETau --copydir /eos/home-l/lvigilan/output_ETauFR_UL17_RUN1/UL2017/etau/TTToHadronic -t _etau_EES1p01_94 --opt 'ees=1.01' 'useT1=True' 'toppt=True' -i /eos/cms/store/group/phys_tau/TauFW/nano/UL2017/TTToHadronic_TuneCP5_13TeV-powheg-pythia8/RunIISummer19UL17NanoAODv2-106X_mc2017_realistic_v8-v1/NANOAODSIM/B9EE69E6-15F8-1647-9DCB-D5CEB623705C_skimjec_1.root /eos/cms/store/group/phys_tau/TauFW/nano/UL2017/TTToHadronic_TuneCP5_13TeV-powheg-pythia8/RunIISummer19UL17NanoAODv2-106X_mc2017_realistic_v8-v1/NANOAODSIM/B9EE69E6-15F8-1647-9DCB-D5CEB623705C_skimjec_2.root /eos/cms/store/group/phys_tau/TauFW/nano/UL2017/TTToHadronic_TuneCP5_13TeV-powheg-pythia8/RunIISummer19UL17NanoAODv2-106X_mc2017_realistic_v8-v1/NANOAODSIM/B9EE69E6-15F8-1647-9DCB-D5CEB623705C_skimjec_3.root /eos/cms/store/group/phys_tau/TauFW/nano/UL2017/TTToHadronic_TuneCP5_13TeV-powheg-pythia8/RunIISummer19UL17NanoAODv2-106X_mc2017_realistic_v8-v1/NANOAODSIM/B9EE69E6-15F8-1647-9DCB-D5CEB623705C_skimjec_4.root /eos/cms/store/group/phys_tau/TauFW/nano/UL2017/TTToHadronic_TuneCP5_13TeV-powheg-pythia8/RunIISummer19UL17NanoAODv2-106X_mc2017_realistic_v8-v1/NANOAODSIM/B9EE69E6-15F8-1647-9DCB-D5CEB623705C_skimjec_5.root
Error in <TGClient::TGClient>: can't open display "localhost:21.0", switching to batch mode...
 In case you run from a remote ssh session, reconnect with ssh -Y
--------------------------------------------------------------------------------
>>> era          = 'UL2017'
>>> year         = 2017
>>> channel      = 'etau'
>>> modname      = 'ETauFakeRate.ModuleETau'
>>> dtype        = 'mc'
>>> kwargs       = {'dtype': 'mc', 'ees': 1.01, 'toppt': True, 'useT1': True, 'verb': 0, 'era': 'UL2017', 'year': 2017}
>>> firstevt     = 0
>>> maxevts      = None
>>> outdir       = '.'
>>> copydir      = '/eos/home-l/lvigilan/output_ETauFR_UL17_RUN1/UL2017/etau/TTToHadronic'
>>> infiles      = ['/eos/cms/store/group/phys_tau/TauFW/nano/UL2017/TTToHadronic_TuneCP5_13TeV-powheg-pythia8/RunIISummer19UL17NanoAODv2-106X_mc2017_realistic_v8-v1/NANOAODSIM/B9EE69E6-15F8-1647-9DCB-D5CEB623705C_skimjec_1.root', '/eos/cms/store/group/phys_tau/TauFW/nano/UL2017/TTToHadronic_TuneCP5_13TeV-powheg-pythia8/RunIISummer19UL17NanoAODv2-106X_mc2017_realistic_v8-v1/NANOAODSIM/B9EE69E6-15F8-1647-9DCB-D5CEB623705C_skimjec_2.root', '/eos/cms/store/group/phys_tau/TauFW/nano/UL2017/TTToHadronic_TuneCP5_13TeV-powheg-pythia8/RunIISummer19UL17NanoAODv2-106X_mc2017_realistic_v8-v1/NANOAODSIM/B9EE69E6-15F8-1647-9DCB-D5CEB623705C_skimjec_3.root', '/eos/cms/store/group/phys_tau/TauFW/nano/UL2017/TTToHadronic_TuneCP5_13TeV-powheg-pythia8/RunIISummer19UL17NanoAODv2-106X_mc2017_realistic_v8-v1/NANOAODSIM/B9EE69E6-15F8-1647-9DCB-D5CEB623705C_skimjec_4.root', '/eos/cms/store/group/phys_tau/TauFW/nano/UL2017/TTToHadronic_TuneCP5_13TeV-powheg-pythia8/RunIISummer19UL17NanoAODv2-106X_mc2017_realistic_v8-v1/NANOAODSIM/B9EE69E6-15F8-1647-9DCB-D5CEB623705C_skimjec_5.root']
>>> outfname     = './pico_etau_EES1p01_94.root'
>>> branchsel    = '/afs/cern.ch/work/l/lvigilan/TauWork/CMSSW_10_6_17_patch1/python/TauFW/PicoProducer/processors/keep_and_drop_skim.txt'
>>> json         = None
>>> prefetch     = False
>>> cwd          = /pool/condor/dir_539
--------------------------------------------------------------------------------

   ################
   #  ModuleETau  #
   ################

Loading PileupWeightTool for '/afs/cern.ch/work/l/lvigilan/TauWork/CMSSW_10_6_17_patch1/src/TauFW/PicoProducer/data/pileup/Data_PileUp_UL2017_69p2.root' and '/afs/cern.ch/work/l/lvigilan/TauWork/CMSSW_10_6_17_patch1/src/TauFW/PicoProducer/data/pileup/MC_PileUp_UL2017_Summer19.root'
Loading BTagWeightTool for DeepCSV (medium WP)...
>>> BTagTool: [1m[33mWarning! [0m[33mHistogram 'etau/eff_DeepCSV_udsg_medium' does not exist in /afs/cern.ch/work/l/lvigilan/TauWork/CMSSW_10_6_17_patch1/src/TauFW/PicoProducer/data/btag/DeepCSV_2017_12Apr2017_eff.root! Reverting to default efficiency histogram...[0m
>>> BTagTool: [1m[33mWarning! [0m[33mHistogram 'etau/eff_DeepCSV_c_medium' does not exist in /afs/cern.ch/work/l/lvigilan/TauWork/CMSSW_10_6_17_patch1/src/TauFW/PicoProducer/data/btag/DeepCSV_2017_12Apr2017_eff.root! Reverting to default efficiency histogram...[0m
>>> BTagTool: [1m[33mWarning! [0m[33mHistogram 'etau/eff_DeepCSV_b_medium' does not exist in /afs/cern.ch/work/l/lvigilan/TauWork/CMSSW_10_6_17_patch1/src/TauFW/PicoProducer/data/btag/DeepCSV_2017_12Apr2017_eff.root! Reverting to default efficiency histogram...[0m
>>> BTagTool: [1m[33mWarning! [0m[33mMade use of default efficiency histograms! The b tag weights from this module should be regarded as placeholders only,
and should NOT be used for analyses. B (mis)tag efficiencies in MC are analysis dependent. Please create your own
efficiency histogram with data/btag/getBTagEfficiencies.py after running all MC samples with BTagWeightTool.[0m
Loading TreeProducerETau for './pico_etau_EES1p01_94.root'
--------------------------------------------------------------------------------
>>> filename     = './pico_etau_EES1p01_94.root'
>>> year         = 2017
>>> dtype        = 'mc'
>>> channel      = 'etau'
>>> ismc         = True
>>> isdata       = False
>>> isembed      = False
>>> tes          = 1.0
>>> tessys       = None
>>> fes          = None
>>> ltf          = None
>>> jtf          = 1.0
>>> dotoppt      = True
>>> dozpt        = False
>>> dojec        = True
>>> dojecsys     = True
>>> dotight      = False
>>> useT1        = True
>>> jetCutPt     = 30
>>> bjetCutEta   = 2.7
>>> tauwp        = 0
>>> eleCutPt     = 36
>>> eleCutEta    = 2.1
>>> tauCutPt     = 20
>>> tauCutEta    = 2.3
>>> ZpeekReso    = 0.1
Pre-select 213734 entries out of 213734 (100.00%)
Processed    10000/  213734 entries,  4.68% (elapsed time     1.8s, curr speed    5.643 kHz, avg speed    5.643 kHz), accepted        0/   10001 events ( 0.00%)
Processed    20000/  213734 entries,  9.36% (elapsed time     3.8s, curr speed    4.879 kHz, avg speed    5.234 kHz), accepted        0/   20001 events ( 0.00%)
Processed    30000/  213734 entries, 14.04% (elapsed time     8.3s, curr speed    2.216 kHz, avg speed    3.600 kHz), accepted        0/   30001 events ( 0.00%)
Processed    40000/  213734 entries, 18.71% (elapsed time    10.0s, curr speed    5.972 kHz, avg speed    3.997 kHz), accepted        1/   40001 events ( 0.00%)
Processed    50000/  213734 entries, 23.39% (elapsed time    10.9s, curr speed   11.124 kHz, avg speed    4.584 kHz), accepted        3/   50001 events ( 0.01%)
Processed    60000/  213734 entries, 28.07% (elapsed time    11.7s, curr speed   12.383 kHz, avg speed    5.122 kHz), accepted        4/   60001 events ( 0.01%)
Processed    70000/  213734 entries, 32.75% (elapsed time    12.2s, curr speed   22.967 kHz, avg speed    5.761 kHz), accepted        4/   70001 events ( 0.01%)
Processed    80000/  213734 entries, 37.43% (elapsed time    12.6s, curr speed   24.574 kHz, avg speed    6.371 kHz), accepted        4/   80001 events ( 0.00%)
Processed    90000/  213734 entries, 42.11% (elapsed time    13.1s, curr speed   17.156 kHz, avg speed    6.849 kHz), accepted        5/   90001 events ( 0.01%)
Processed   100000/  213734 entries, 46.79% (elapsed time    13.8s, curr speed   14.168 kHz, avg speed    7.222 kHz), accepted        6/  100001 events ( 0.01%)
Processed   110000/  213734 entries, 51.47% (elapsed time    14.5s, curr speed   14.867 kHz, avg speed    7.577 kHz), accepted        7/  110001 events ( 0.01%)
Processed   120000/  213734 entries, 56.14% (elapsed time    15.2s, curr speed   15.256 kHz, avg speed    7.908 kHz), accepted        8/  120001 events ( 0.01%)
Processed   130000/  213734 entries, 60.82% (elapsed time    15.7s, curr speed   20.193 kHz, avg speed    8.297 kHz), accepted        8/  130001 events ( 0.01%)
Processed   140000/  213734 entries, 65.50% (elapsed time    16.2s, curr speed   18.530 kHz, avg speed    8.637 kHz), accepted        9/  140001 events ( 0.01%)
Processed   150000/  213734 entries, 70.18% (elapsed time    16.6s, curr speed   26.370 kHz, avg speed    9.043 kHz), accepted        9/  150001 events ( 0.01%)
Processed   160000/  213734 entries, 74.86% (elapsed time    17.1s, curr speed   21.334 kHz, avg speed    9.380 kHz), accepted        9/  160001 events ( 0.01%)
Processed   170000/  213734 entries, 79.54% (elapsed time    17.5s, curr speed   24.884 kHz, avg speed    9.737 kHz), accepted        9/  170001 events ( 0.01%)
Processed   180000/  213734 entries, 84.22% (elapsed time    17.9s, curr speed   23.186 kHz, avg speed   10.062 kHz), accepted        9/  180001 events ( 0.00%)
Processed   190000/  213734 entries, 88.90% (elapsed time    18.3s, curr speed   24.135 kHz, avg speed   10.380 kHz), accepted        9/  190001 events ( 0.00%)
Processed   200000/  213734 entries, 93.57% (elapsed time    18.9s, curr speed   16.997 kHz, avg speed   10.586 kHz), accepted       10/  200001 events ( 0.00%)
Processed   210000/  213734 entries, 98.25% (elapsed time    19.7s, curr speed   13.121 kHz, avg speed   10.684 kHz), accepted       14/  210001 events ( 0.01%)
Processed 213734 preselected entries from /eos/cms/store/group/phys_tau/TauFW/nano/UL2017/TTToHadronic_TuneCP5_13TeV-powheg-pythia8/RunIISummer19UL17NanoAODv2-106X_mc2017_realistic_v8-v1/NANOAODSIM/B9EE69E6-15F8-1647-9DCB-D5CEB623705C_skimjec_1.root (213734 entries). Finally selected 14 entries
Pre-select 213734 entries out of 213734 (100.00%)
Processed    10000/  213734 entries,  4.68% (elapsed time     0.9s, curr speed   11.332 kHz, avg speed   11.332 kHz), accepted        0/   10001 events ( 0.00%)
Processed    20000/  213734 entries,  9.36% (elapsed time     1.8s, curr speed   10.766 kHz, avg speed   11.042 kHz), accepted        0/   20001 events ( 0.00%)
Processed    30000/  213734 entries, 14.04% (elapsed time     3.4s, curr speed    6.245 kHz, avg speed    8.791 kHz), accepted        1/   30001 events ( 0.00%)
Processed    40000/  213734 entries, 18.71% (elapsed time     4.5s, curr speed    8.927 kHz, avg speed    8.825 kHz), accepted        2/   40001 events ( 0.00%)
Processed    50000/  213734 entries, 23.39% (elapsed time     5.0s, curr speed   21.295 kHz, avg speed    9.995 kHz), accepted        2/   50001 events ( 0.00%)
Processed    60000/  213734 entries, 28.07% (elapsed time     5.9s, curr speed   10.586 kHz, avg speed   10.089 kHz), accepted        3/   60001 events ( 0.00%)
Processed    70000/  213734 entries, 32.75% (elapsed time     6.5s, curr speed   19.201 kHz, avg speed   10.823 kHz), accepted        4/   70001 events ( 0.01%)
Processed    80000/  213734 entries, 37.43% (elapsed time     7.0s, curr speed   18.230 kHz, avg speed   11.402 kHz), accepted        4/   80001 events ( 0.00%)
Processed    90000/  213734 entries, 42.11% (elapsed time     7.5s, curr speed   21.250 kHz, avg speed   12.021 kHz), accepted        4/   90001 events ( 0.00%)
Processed   100000/  213734 entries, 46.79% (elapsed time     7.9s, curr speed   23.268 kHz, avg speed   12.632 kHz), accepted        4/  100001 events ( 0.00%)
Processed   110000/  213734 entries, 51.47% (elapsed time     8.7s, curr speed   12.372 kHz, avg speed   12.608 kHz), accepted        6/  110001 events ( 0.01%)
Processed   120000/  213734 entries, 56.14% (elapsed time     9.6s, curr speed   10.866 kHz, avg speed   12.441 kHz), accepted        8/  120001 events ( 0.01%)
Processed   130000/  213734 entries, 60.82% (elapsed time    10.3s, curr speed   14.885 kHz, avg speed   12.601 kHz), accepted       10/  130001 events ( 0.01%)
Processed   140000/  213734 entries, 65.50% (elapsed time    10.9s, curr speed   17.728 kHz, avg speed   12.866 kHz), accepted       10/  140001 events ( 0.01%)
Processed   150000/  213734 entries, 70.18% (elapsed time    11.3s, curr speed   26.740 kHz, avg speed   13.327 kHz), accepted       10/  150001 events ( 0.01%)
Processed   160000/  213734 entries, 74.86% (elapsed time    11.8s, curr speed   19.380 kHz, avg speed   13.593 kHz), accepted       10/  160001 events ( 0.01%)
Processed   170000/  213734 entries, 79.54% (elapsed time    12.3s, curr speed   19.485 kHz, avg speed   13.839 kHz), accepted       10/  170001 events ( 0.01%)
Processed   180000/  213734 entries, 84.22% (elapsed time    12.8s, curr speed   19.283 kHz, avg speed   14.059 kHz), accepted       10/  180001 events ( 0.01%)
Processed   190000/  213734 entries, 88.90% (elapsed time    13.2s, curr speed   25.577 kHz, avg speed   14.401 kHz), accepted       10/  190001 events ( 0.01%)
Processed   200000/  213734 entries, 93.57% (elapsed time    13.6s, curr speed   23.320 kHz, avg speed   14.681 kHz), accepted       10/  200001 events ( 0.00%)
Processed   210000/  213734 entries, 98.25% (elapsed time    14.5s, curr speed   11.774 kHz, avg speed   14.511 kHz), accepted       13/  210001 events ( 0.01%)
Processed 213734 preselected entries from /eos/cms/store/group/phys_tau/TauFW/nano/UL2017/TTToHadronic_TuneCP5_13TeV-powheg-pythia8/RunIISummer19UL17NanoAODv2-106X_mc2017_realistic_v8-v1/NANOAODSIM/B9EE69E6-15F8-1647-9DCB-D5CEB623705C_skimjec_2.root (213734 entries). Finally selected 13 entries
Pre-select 213734 entries out of 213734 (100.00%)
Processed    10000/  213734 entries,  4.68% (elapsed time     5.3s, curr speed    1.878 kHz, avg speed    1.878 kHz), accepted        0/   10001 events ( 0.00%)
Processed    20000/  213734 entries,  9.36% (elapsed time     6.7s, curr speed    7.415 kHz, avg speed    2.997 kHz), accepted        1/   20001 events ( 0.00%)
Processed    30000/  213734 entries, 14.04% (elapsed time     7.4s, curr speed   14.698 kHz, avg speed    4.079 kHz), accepted        3/   30001 events ( 0.01%)
Processed    40000/  213734 entries, 18.71% (elapsed time     8.2s, curr speed   11.209 kHz, avg speed    4.851 kHz), accepted        5/   40001 events ( 0.01%)
Processed    50000/  213734 entries, 23.39% (elapsed time     8.7s, curr speed   20.628 kHz, avg speed    5.727 kHz), accepted        5/   50001 events ( 0.01%)
Processed    60000/  213734 entries, 28.07% (elapsed time     9.5s, curr speed   12.487 kHz, avg speed    6.295 kHz), accepted        6/   60001 events ( 0.01%)
Processed    70000/  213734 entries, 32.75% (elapsed time    10.6s, curr speed    9.077 kHz, avg speed    6.583 kHz), accepted        6/   70001 events ( 0.01%)
Processed    80000/  213734 entries, 37.43% (elapsed time    11.0s, curr speed   28.736 kHz, avg speed    7.285 kHz), accepted        6/   80001 events ( 0.01%)
Processed    90000/  213734 entries, 42.11% (elapsed time    12.1s, curr speed    8.868 kHz, avg speed    7.432 kHz), accepted        7/   90001 events ( 0.01%)
Processed   100000/  213734 entries, 46.79% (elapsed time    12.6s, curr speed   18.935 kHz, avg speed    7.913 kHz), accepted        7/  100001 events ( 0.01%)
Processed   110000/  213734 entries, 51.47% (elapsed time    13.1s, curr speed   20.799 kHz, avg speed    8.385 kHz), accepted        7/  110001 events ( 0.01%)
Processed   120000/  213734 entries, 56.14% (elapsed time    13.7s, curr speed   16.111 kHz, avg speed    8.734 kHz), accepted        8/  120001 events ( 0.01%)
Processed   130000/  213734 entries, 60.82% (elapsed time    14.7s, curr speed   10.336 kHz, avg speed    8.840 kHz), accepted        9/  130001 events ( 0.01%)
Processed   140000/  213734 entries, 65.50% (elapsed time    15.2s, curr speed   18.457 kHz, avg speed    9.181 kHz), accepted        9/  140001 events ( 0.01%)
Processed   150000/  213734 entries, 70.18% (elapsed time    16.1s, curr speed   11.527 kHz, avg speed    9.308 kHz), accepted       11/  150001 events ( 0.01%)
Processed   160000/  213734 entries, 74.86% (elapsed time    16.7s, curr speed   16.418 kHz, avg speed    9.567 kHz), accepted       12/  160001 events ( 0.01%)
Processed   170000/  213734 entries, 79.54% (elapsed time    17.4s, curr speed   14.852 kHz, avg speed    9.771 kHz), accepted       14/  170001 events ( 0.01%)
Processed   180000/  213734 entries, 84.22% (elapsed time    17.8s, curr speed   27.427 kHz, avg speed   10.134 kHz), accepted       14/  180001 events ( 0.01%)
Processed   190000/  213734 entries, 88.90% (elapsed time    18.1s, curr speed   27.631 kHz, avg speed   10.483 kHz), accepted       14/  190001 events ( 0.01%)
Processed   200000/  213734 entries, 93.57% (elapsed time    18.7s, curr speed   16.680 kHz, avg speed   10.681 kHz), accepted       15/  200001 events ( 0.01%)
Processed   210000/  213734 entries, 98.25% (elapsed time    19.3s, curr speed   16.281 kHz, avg speed   10.859 kHz), accepted       15/  210001 events ( 0.01%)
Processed 213734 preselected entries from /eos/cms/store/group/phys_tau/TauFW/nano/UL2017/TTToHadronic_TuneCP5_13TeV-powheg-pythia8/RunIISummer19UL17NanoAODv2-106X_mc2017_realistic_v8-v1/NANOAODSIM/B9EE69E6-15F8-1647-9DCB-D5CEB623705C_skimjec_3.root (213734 entries). Finally selected 15 entries
Pre-select 213734 entries out of 213734 (100.00%)
Processed    10000/  213734 entries,  4.68% (elapsed time     0.6s, curr speed   17.491 kHz, avg speed   17.491 kHz), accepted        0/   10001 events ( 0.00%)
Processed    20000/  213734 entries,  9.36% (elapsed time     3.8s, curr speed    3.109 kHz, avg speed    5.279 kHz), accepted        3/   20001 events ( 0.01%)
Processed    30000/  213734 entries, 14.04% (elapsed time     4.5s, curr speed   13.466 kHz, avg speed    6.621 kHz), accepted        3/   30001 events ( 0.01%)
Processed    40000/  213734 entries, 18.71% (elapsed time     5.2s, curr speed   14.020 kHz, avg speed    7.627 kHz), accepted        3/   40001 events ( 0.01%)
Processed    50000/  213734 entries, 23.39% (elapsed time     6.3s, curr speed    9.345 kHz, avg speed    7.918 kHz), accepted        4/   50001 events ( 0.01%)
Processed    60000/  213734 entries, 28.07% (elapsed time     7.1s, curr speed   12.585 kHz, avg speed    8.440 kHz), accepted        5/   60001 events ( 0.01%)
Processed    70000/  213734 entries, 32.75% (elapsed time     7.7s, curr speed   16.328 kHz, avg speed    9.066 kHz), accepted        6/   70001 events ( 0.01%)
Processed    80000/  213734 entries, 37.43% (elapsed time     8.2s, curr speed   21.474 kHz, avg speed    9.771 kHz), accepted        6/   80001 events ( 0.01%)
Processed    90000/  213734 entries, 42.11% (elapsed time     9.1s, curr speed   11.406 kHz, avg speed    9.930 kHz), accepted        8/   90001 events ( 0.01%)
Processed   100000/  213734 entries, 46.79% (elapsed time     9.6s, curr speed   18.827 kHz, avg speed   10.422 kHz), accepted        9/  100001 events ( 0.01%)
Processed   110000/  213734 entries, 51.47% (elapsed time    10.0s, curr speed   24.116 kHz, avg speed   10.989 kHz), accepted        9/  110001 events ( 0.01%)
Processed   120000/  213734 entries, 56.14% (elapsed time    10.6s, curr speed   16.925 kHz, avg speed   11.320 kHz), accepted       10/  120001 events ( 0.01%)
Processed   130000/  213734 entries, 60.82% (elapsed time    11.2s, curr speed   17.817 kHz, avg speed   11.647 kHz), accepted       10/  130001 events ( 0.01%)
Processed   140000/  213734 entries, 65.50% (elapsed time    11.6s, curr speed   20.584 kHz, avg speed   12.020 kHz), accepted       10/  140001 events ( 0.01%)
Processed   150000/  213734 entries, 70.18% (elapsed time    12.3s, curr speed   14.646 kHz, avg speed   12.165 kHz), accepted       11/  150001 events ( 0.01%)
Processed   160000/  213734 entries, 74.86% (elapsed time    12.9s, curr speed   17.656 kHz, avg speed   12.406 kHz), accepted       12/  160001 events ( 0.01%)
Processed   170000/  213734 entries, 79.54% (elapsed time    13.6s, curr speed   14.799 kHz, avg speed   12.525 kHz), accepted       13/  170001 events ( 0.01%)
Processed   180000/  213734 entries, 84.22% (elapsed time    14.0s, curr speed   25.073 kHz, avg speed   12.883 kHz), accepted       13/  180001 events ( 0.01%)
Processed   190000/  213734 entries, 88.90% (elapsed time    14.5s, curr speed   17.474 kHz, avg speed   13.064 kHz), accepted       14/  190001 events ( 0.01%)
Processed   200000/  213734 entries, 93.57% (elapsed time    15.1s, curr speed   18.119 kHz, avg speed   13.249 kHz), accepted       14/  200001 events ( 0.01%)
Processed   210000/  213734 entries, 98.25% (elapsed time    15.6s, curr speed   21.396 kHz, avg speed   13.494 kHz), accepted       14/  210001 events ( 0.01%)
Processed 213734 preselected entries from /eos/cms/store/group/phys_tau/TauFW/nano/UL2017/TTToHadronic_TuneCP5_13TeV-powheg-pythia8/RunIISummer19UL17NanoAODv2-106X_mc2017_realistic_v8-v1/NANOAODSIM/B9EE69E6-15F8-1647-9DCB-D5CEB623705C_skimjec_4.root (213734 entries). Finally selected 14 entries
Pre-select 213730 entries out of 213730 (100.00%)
Processed    10000/  213730 entries,  4.68% (elapsed time     3.8s, curr speed    2.643 kHz, avg speed    2.643 kHz), accepted        0/   10001 events ( 0.00%)
Processed    20000/  213730 entries,  9.36% (elapsed time     4.2s, curr speed   24.223 kHz, avg speed    4.766 kHz), accepted        0/   20001 events ( 0.00%)
Processed    30000/  213730 entries, 14.04% (elapsed time     5.8s, curr speed    6.151 kHz, avg speed    5.153 kHz), accepted        1/   30001 events ( 0.00%)
Processed    40000/  213730 entries, 18.72% (elapsed time     6.4s, curr speed   17.447 kHz, avg speed    6.255 kHz), accepted        1/   40001 events ( 0.00%)
Processed    50000/  213730 entries, 23.39% (elapsed time     7.2s, curr speed   12.616 kHz, avg speed    6.956 kHz), accepted        2/   50001 events ( 0.00%)
Processed    60000/  213730 entries, 28.07% (elapsed time     7.7s, curr speed   19.060 kHz, avg speed    7.779 kHz), accepted        3/   60001 events ( 0.00%)
Processed    70000/  213730 entries, 32.75% (elapsed time     8.2s, curr speed   19.944 kHz, avg speed    8.522 kHz), accepted        3/   70001 events ( 0.00%)
Processed    80000/  213730 entries, 37.43% (elapsed time     8.9s, curr speed   15.020 kHz, avg speed    9.009 kHz), accepted        3/   80001 events ( 0.00%)
Processed    90000/  213730 entries, 42.11% (elapsed time     9.7s, curr speed   12.901 kHz, avg speed    9.322 kHz), accepted        4/   90001 events ( 0.00%)
Processed   100000/  213730 entries, 46.79% (elapsed time    10.4s, curr speed   14.297 kHz, avg speed    9.658 kHz), accepted        5/  100001 events ( 0.00%)
Processed   110000/  213730 entries, 51.47% (elapsed time    11.0s, curr speed   15.166 kHz, avg speed    9.987 kHz), accepted        6/  110001 events ( 0.01%)
Processed   120000/  213730 entries, 56.15% (elapsed time    11.8s, curr speed   12.855 kHz, avg speed   10.177 kHz), accepted        8/  120001 events ( 0.01%)
Processed   130000/  213730 entries, 60.82% (elapsed time    12.6s, curr speed   12.806 kHz, avg speed   10.340 kHz), accepted        9/  130001 events ( 0.01%)
Processed   140000/  213730 entries, 65.50% (elapsed time    13.0s, curr speed   24.049 kHz, avg speed   10.779 kHz), accepted        9/  140001 events ( 0.01%)
Processed   150000/  213730 entries, 70.18% (elapsed time    13.5s, curr speed   19.600 kHz, avg speed   11.112 kHz), accepted        9/  150001 events ( 0.01%)
Processed   160000/  213730 entries, 74.86% (elapsed time    14.3s, curr speed   11.762 kHz, avg speed   11.151 kHz), accepted       10/  160001 events ( 0.01%)
Processed   170000/  213730 entries, 79.54% (elapsed time    14.7s, curr speed   27.891 kHz, avg speed   11.559 kHz), accepted       10/  170001 events ( 0.01%)
Processed   180000/  213730 entries, 84.22% (elapsed time    15.5s, curr speed   12.841 kHz, avg speed   11.623 kHz), accepted       11/  180001 events ( 0.01%)
Processed   190000/  213730 entries, 88.90% (elapsed time    16.3s, curr speed   11.878 kHz, avg speed   11.636 kHz), accepted       14/  190001 events ( 0.01%)
Processed   200000/  213730 entries, 93.58% (elapsed time    16.7s, curr speed   24.781 kHz, avg speed   11.953 kHz), accepted       14/  200001 events ( 0.01%)
Processed   210000/  213730 entries, 98.25% (elapsed time    17.3s, curr speed   16.315 kHz, avg speed   12.108 kHz), accepted       15/  210001 events ( 0.01%)
Processed 213730 preselected entries from /eos/cms/store/group/phys_tau/TauFW/nano/UL2017/TTToHadronic_TuneCP5_13TeV-powheg-pythia8/RunIISummer19UL17NanoAODv2-106X_mc2017_realistic_v8-v1/NANOAODSIM/B9EE69E6-15F8-1647-9DCB-D5CEB623705C_skimjec_5.root (213730 entries). Finally selected 16 entries
Total time 90.1 sec. to process 1068666 events. Rate = 11859.3 Hz.
>>> cwd          = /pool/condor/dir_539
>>> ls           = ['x509_voms', '.job.ad', '_condor_stdout', '.machine.ad', 'lvigilan.cc', 'tmp', '.chirp.config', 'var', 'condor_exec.exe', 'pico_etau_EES1p01_94.root']
>>> getstorage('/eos/home-l/lvigilan/output_ETauFR_UL17_RUN1/UL2017/etau/TTToHadronic'), <EOS("/eos/home-l/lvigilan/output_ETauFR_UL17_RUN1/UL2017/etau/TTToHadronic") at 0x2b0732609c10>
>>> Executing: 'cp ./pico_etau_EES1p01_94.root /eos/home-l/lvigilan/output_ETauFR_UL17_RUN1/UL2017/etau/TTToHadronic'
>>> Removing './pico_etau_EES1p01_94.root'...
>>> picojob.py done after 111.0 seconds

Job complete at Tue Jun  8 10:14:59 CEST 2021
Took 1 minutes 53 seconds040 (2368941.094.000) 06/08 10:14:59 Finished transferring output files
...
005 (2368941.094.000) 06/08 10:14:59 Job terminated.
	(1) Normal termination (return value 0)
		Usr 0 00:01:08, Sys 0 00:00:04  -  Run Remote Usage
		Usr 0 00:00:00, Sys 0 00:00:00  -  Run Local Usage
		Usr 0 00:01:08, Sys 0 00:00:04  -  Total Remote Usage
		Usr 0 00:00:00, Sys 0 00:00:00  -  Total Local Usage
	34540  -  Run Bytes Sent By Job
	9926  -  Run Bytes Received By Job
	34540  -  Total Bytes Sent By Job
	9926  -  Total Bytes Received By Job
	Partitionable Resources :    Usage  Request Allocated 
	   Cpus                 :                 1         1 
	   Disk (KB)            :       95        1    271056 
	   Memory (MB)          :       45     2000      2000 

	Job terminated of its own accord at 2021-06-08T08:14:59Z.
...
