Could not find platform independent libraries <prefix>
Could not find platform dependent libraries <exec_prefix>
Consider setting $PYTHONHOME to <prefix>[:<exec_prefix>]
ImportError: No module named site
Job start at Mon Jun  7 19:05:33 CEST 2021
Running job on machine Linux b7s14n3080.cern.ch 3.10.0-1160.11.1.el7.x86_64 #1 SMP Fri Dec 18 16:34:56 UTC 2020 x86_64 x86_64 x86_64 GNU/Linux, host b7s14n3080.cern.ch
============================================================
$PWD=/pool/condor/dir_27501
$JOBID=2367593
$TASKID=38
$HOSTNAME=b7s14n3080.cern.ch
$TASKCMD=/afs/cern.ch/work/l/lvigilan/TauWork/CMSSW_10_6_17_patch1/src/TauFW/PicoProducer/python/processors/picojob.py -y UL2017 -d 'mc' -c etau -M ETauFakeRate.ModuleETau --copydir /eos/home-l/lvigilan/output_ETauFR_UL17_RUN1/UL2017/etau/TTToHadronic -t _etau_38 --opt 'useT1=True' 'toppt=True' -i /eos/cms/store/group/phys_tau/TauFW/nano/UL2017/TTToHadronic_TuneCP5_13TeV-powheg-pythia8/RunIISummer19UL17NanoAODv2-106X_mc2017_realistic_v8-v1/NANOAODSIM/485305CA-2992-A34B-89F6-299036770842_skimjec_0.root /eos/cms/store/group/phys_tau/TauFW/nano/UL2017/TTToHadronic_TuneCP5_13TeV-powheg-pythia8/RunIISummer19UL17NanoAODv2-106X_mc2017_realistic_v8-v1/NANOAODSIM/485305CA-2992-A34B-89F6-299036770842_skimjec_1.root /eos/cms/store/group/phys_tau/TauFW/nano/UL2017/TTToHadronic_TuneCP5_13TeV-powheg-pythia8/RunIISummer19UL17NanoAODv2-106X_mc2017_realistic_v8-v1/NANOAODSIM/485305CA-2992-A34B-89F6-299036770842_skimjec_2.root /eos/cms/store/group/phys_tau/TauFW/nano/UL2017/TTToHadronic_TuneCP5_13TeV-powheg-pythia8/RunIISummer19UL17NanoAODv2-106X_mc2017_realistic_v8-v1/NANOAODSIM/485305CA-2992-A34B-89F6-299036770842_skimjec_3.root /eos/cms/store/group/phys_tau/TauFW/nano/UL2017/TTToHadronic_TuneCP5_13TeV-powheg-pythia8/RunIISummer19UL17NanoAODv2-106X_mc2017_realistic_v8-v1/NANOAODSIM/485305CA-2992-A34B-89F6-299036770842_skimjec_4.root
$WORKDIR=/pool/condor/dir_27501
>>> cd /afs/cern.ch/work/l/lvigilan/TauWork/CMSSW_10_6_17_patch1/src
>>> eval `scramv1 runtime -sh`
>>> cd /pool/condor/dir_27501
$PWD=/pool/condor/dir_27501
>>> /afs/cern.ch/work/l/lvigilan/TauWork/CMSSW_10_6_17_patch1/src/TauFW/PicoProducer/python/processors/picojob.py -y UL2017 -d 'mc' -c etau -M ETauFakeRate.ModuleETau --copydir /eos/home-l/lvigilan/output_ETauFR_UL17_RUN1/UL2017/etau/TTToHadronic -t _etau_38 --opt 'useT1=True' 'toppt=True' -i /eos/cms/store/group/phys_tau/TauFW/nano/UL2017/TTToHadronic_TuneCP5_13TeV-powheg-pythia8/RunIISummer19UL17NanoAODv2-106X_mc2017_realistic_v8-v1/NANOAODSIM/485305CA-2992-A34B-89F6-299036770842_skimjec_0.root /eos/cms/store/group/phys_tau/TauFW/nano/UL2017/TTToHadronic_TuneCP5_13TeV-powheg-pythia8/RunIISummer19UL17NanoAODv2-106X_mc2017_realistic_v8-v1/NANOAODSIM/485305CA-2992-A34B-89F6-299036770842_skimjec_1.root /eos/cms/store/group/phys_tau/TauFW/nano/UL2017/TTToHadronic_TuneCP5_13TeV-powheg-pythia8/RunIISummer19UL17NanoAODv2-106X_mc2017_realistic_v8-v1/NANOAODSIM/485305CA-2992-A34B-89F6-299036770842_skimjec_2.root /eos/cms/store/group/phys_tau/TauFW/nano/UL2017/TTToHadronic_TuneCP5_13TeV-powheg-pythia8/RunIISummer19UL17NanoAODv2-106X_mc2017_realistic_v8-v1/NANOAODSIM/485305CA-2992-A34B-89F6-299036770842_skimjec_3.root /eos/cms/store/group/phys_tau/TauFW/nano/UL2017/TTToHadronic_TuneCP5_13TeV-powheg-pythia8/RunIISummer19UL17NanoAODv2-106X_mc2017_realistic_v8-v1/NANOAODSIM/485305CA-2992-A34B-89F6-299036770842_skimjec_4.root
Error in <TGClient::TGClient>: can't open display "localhost:19.0", switching to batch mode...
 In case you run from a remote ssh session, reconnect with ssh -Y
--------------------------------------------------------------------------------
>>> era          = 'UL2017'
>>> year         = 2017
>>> channel      = 'etau'
>>> modname      = 'ETauFakeRate.ModuleETau'
>>> dtype        = 'mc'
>>> kwargs       = {'dtype': 'mc', 'toppt': True, 'useT1': True, 'verb': 0, 'era': 'UL2017', 'year': 2017}
>>> firstevt     = 0
>>> maxevts      = None
>>> outdir       = '.'
>>> copydir      = '/eos/home-l/lvigilan/output_ETauFR_UL17_RUN1/UL2017/etau/TTToHadronic'
>>> infiles      = ['/eos/cms/store/group/phys_tau/TauFW/nano/UL2017/TTToHadronic_TuneCP5_13TeV-powheg-pythia8/RunIISummer19UL17NanoAODv2-106X_mc2017_realistic_v8-v1/NANOAODSIM/485305CA-2992-A34B-89F6-299036770842_skimjec_0.root', '/eos/cms/store/group/phys_tau/TauFW/nano/UL2017/TTToHadronic_TuneCP5_13TeV-powheg-pythia8/RunIISummer19UL17NanoAODv2-106X_mc2017_realistic_v8-v1/NANOAODSIM/485305CA-2992-A34B-89F6-299036770842_skimjec_1.root', '/eos/cms/store/group/phys_tau/TauFW/nano/UL2017/TTToHadronic_TuneCP5_13TeV-powheg-pythia8/RunIISummer19UL17NanoAODv2-106X_mc2017_realistic_v8-v1/NANOAODSIM/485305CA-2992-A34B-89F6-299036770842_skimjec_2.root', '/eos/cms/store/group/phys_tau/TauFW/nano/UL2017/TTToHadronic_TuneCP5_13TeV-powheg-pythia8/RunIISummer19UL17NanoAODv2-106X_mc2017_realistic_v8-v1/NANOAODSIM/485305CA-2992-A34B-89F6-299036770842_skimjec_3.root', '/eos/cms/store/group/phys_tau/TauFW/nano/UL2017/TTToHadronic_TuneCP5_13TeV-powheg-pythia8/RunIISummer19UL17NanoAODv2-106X_mc2017_realistic_v8-v1/NANOAODSIM/485305CA-2992-A34B-89F6-299036770842_skimjec_4.root']
>>> outfname     = './pico_etau_38.root'
>>> branchsel    = '/afs/cern.ch/work/l/lvigilan/TauWork/CMSSW_10_6_17_patch1/python/TauFW/PicoProducer/processors/keep_and_drop_skim.txt'
>>> json         = None
>>> prefetch     = False
>>> cwd          = /pool/condor/dir_27501
--------------------------------------------------------------------------------

   ################
   #  ModuleETau  #
   ################

Loading PileupWeightTool for '/afs/cern.ch/work/l/lvigilan/TauWork/CMSSW_10_6_17_patch1/src/TauFW/PicoProducer/data/pileup/Data_PileUp_UL2017_69p2.root' and '/afs/cern.ch/work/l/lvigilan/TauWork/CMSSW_10_6_17_patch1/src/TauFW/PicoProducer/data/pileup/MC_PileUp_UL2017_Summer19.root'
Loading BTagWeightTool for DeepCSV (medium WP)...
>>> BTagTool: [1m[33mWarning! [0m[33mHistogram 'etau/eff_DeepCSV_udsg_medium' does not exist in /afs/cern.ch/work/l/lvigilan/TauWork/CMSSW_10_6_17_patch1/src/TauFW/PicoProducer/data/btag/DeepCSV_2017_12Apr2017_eff.root! Reverting to default efficiency histogram...[0m
>>> BTagTool: [1m[33mWarning! [0m[33mHistogram 'etau/eff_DeepCSV_c_medium' does not exist in /afs/cern.ch/work/l/lvigilan/TauWork/CMSSW_10_6_17_patch1/src/TauFW/PicoProducer/data/btag/DeepCSV_2017_12Apr2017_eff.root! Reverting to default efficiency histogram...[0m
>>> BTagTool: [1m[33mWarning! [0m[33mHistogram 'etau/eff_DeepCSV_b_medium' does not exist in /afs/cern.ch/work/l/lvigilan/TauWork/CMSSW_10_6_17_patch1/src/TauFW/PicoProducer/data/btag/DeepCSV_2017_12Apr2017_eff.root! Reverting to default efficiency histogram...[0m
>>> BTagTool: [1m[33mWarning! [0m[33mMade use of default efficiency histograms! The b tag weights from this module should be regarded as placeholders only,
and should NOT be used for analyses. B (mis)tag efficiencies in MC are analysis dependent. Please create your own
efficiency histogram with data/btag/getBTagEfficiencies.py after running all MC samples with BTagWeightTool.[0m
Loading TreeProducerETau for './pico_etau_38.root'
--------------------------------------------------------------------------------
>>> filename     = './pico_etau_38.root'
>>> year         = 2017
>>> dtype        = 'mc'
>>> channel      = 'etau'
>>> ismc         = True
>>> isdata       = False
>>> isembed      = False
>>> tes          = 1.0
>>> tessys       = None
>>> fes          = None
>>> ltf          = None
>>> jtf          = 1.0
>>> dotoppt      = True
>>> dozpt        = False
>>> dojec        = True
>>> dojecsys     = True
>>> dotight      = False
>>> useT1        = True
>>> jetCutPt     = 30
>>> bjetCutEta   = 2.7
>>> tauwp        = 0
>>> eleCutPt     = 36
>>> eleCutEta    = 2.1
>>> tauCutPt     = 20
>>> tauCutEta    = 2.3
>>> ZpeekReso    = 0.1
Pre-select 213734 entries out of 213734 (100.00%)
Processed    10000/  213734 entries,  4.68% (elapsed time     3.5s, curr speed    2.862 kHz, avg speed    2.862 kHz), accepted        0/   10001 events ( 0.00%)
Processed    20000/  213734 entries,  9.36% (elapsed time     4.1s, curr speed   17.389 kHz, avg speed    4.915 kHz), accepted        0/   20001 events ( 0.00%)
Processed    30000/  213734 entries, 14.04% (elapsed time     5.9s, curr speed    5.417 kHz, avg speed    5.072 kHz), accepted        1/   30001 events ( 0.00%)
Processed    40000/  213734 entries, 18.71% (elapsed time     6.6s, curr speed   15.579 kHz, avg speed    6.101 kHz), accepted        1/   40001 events ( 0.00%)
Processed    50000/  213734 entries, 23.39% (elapsed time     7.0s, curr speed   25.359 kHz, avg speed    7.193 kHz), accepted        1/   50001 events ( 0.00%)
Processed    60000/  213734 entries, 28.07% (elapsed time     7.6s, curr speed   15.475 kHz, avg speed    7.898 kHz), accepted        1/   60001 events ( 0.00%)
Processed    70000/  213734 entries, 32.75% (elapsed time     8.6s, curr speed   10.373 kHz, avg speed    8.176 kHz), accepted        3/   70001 events ( 0.00%)
Processed    80000/  213734 entries, 37.43% (elapsed time     9.3s, curr speed   13.492 kHz, avg speed    8.600 kHz), accepted        4/   80001 events ( 0.00%)
Processed    90000/  213734 entries, 42.11% (elapsed time    10.2s, curr speed   11.411 kHz, avg speed    8.842 kHz), accepted        6/   90001 events ( 0.01%)
Processed   100000/  213734 entries, 46.79% (elapsed time    10.9s, curr speed   14.078 kHz, avg speed    9.184 kHz), accepted        7/  100001 events ( 0.01%)
Processed   110000/  213734 entries, 51.47% (elapsed time    11.3s, curr speed   21.990 kHz, avg speed    9.697 kHz), accepted        7/  110001 events ( 0.01%)
Processed   120000/  213734 entries, 56.14% (elapsed time    11.9s, curr speed   17.423 kHz, avg speed   10.069 kHz), accepted        7/  120001 events ( 0.01%)
Processed   130000/  213734 entries, 60.82% (elapsed time    12.6s, curr speed   13.879 kHz, avg speed   10.286 kHz), accepted        7/  130001 events ( 0.01%)
Processed   140000/  213734 entries, 65.50% (elapsed time    13.2s, curr speed   17.330 kHz, avg speed   10.594 kHz), accepted        7/  140001 events ( 0.00%)
Processed   150000/  213734 entries, 70.18% (elapsed time    13.8s, curr speed   18.253 kHz, avg speed   10.899 kHz), accepted        7/  150001 events ( 0.00%)
Processed   160000/  213734 entries, 74.86% (elapsed time    14.3s, curr speed   18.184 kHz, avg speed   11.179 kHz), accepted        7/  160001 events ( 0.00%)
Processed   170000/  213734 entries, 79.54% (elapsed time    15.3s, curr speed   10.313 kHz, avg speed   11.124 kHz), accepted        8/  170001 events ( 0.00%)
Processed   180000/  213734 entries, 84.22% (elapsed time    16.1s, curr speed   12.426 kHz, avg speed   11.189 kHz), accepted        9/  180001 events ( 0.00%)
Processed   190000/  213734 entries, 88.90% (elapsed time    17.2s, curr speed    8.803 kHz, avg speed   11.031 kHz), accepted       10/  190001 events ( 0.01%)
Processed   200000/  213734 entries, 93.57% (elapsed time    18.1s, curr speed   11.579 kHz, avg speed   11.058 kHz), accepted       10/  200001 events ( 0.00%)
Processed   210000/  213734 entries, 98.25% (elapsed time    18.8s, curr speed   13.151 kHz, avg speed   11.142 kHz), accepted       10/  210001 events ( 0.00%)
Processed 213734 preselected entries from /eos/cms/store/group/phys_tau/TauFW/nano/UL2017/TTToHadronic_TuneCP5_13TeV-powheg-pythia8/RunIISummer19UL17NanoAODv2-106X_mc2017_realistic_v8-v1/NANOAODSIM/485305CA-2992-A34B-89F6-299036770842_skimjec_0.root (213734 entries). Finally selected 11 entries
Pre-select 213734 entries out of 213734 (100.00%)
Processed    10000/  213734 entries,  4.68% (elapsed time     2.4s, curr speed    4.167 kHz, avg speed    4.167 kHz), accepted        1/   10001 events ( 0.01%)
Processed    20000/  213734 entries,  9.36% (elapsed time     3.7s, curr speed    7.846 kHz, avg speed    5.443 kHz), accepted        2/   20001 events ( 0.01%)
Processed    30000/  213734 entries, 14.04% (elapsed time     4.2s, curr speed   19.510 kHz, avg speed    7.165 kHz), accepted        2/   30001 events ( 0.01%)
Processed    40000/  213734 entries, 18.71% (elapsed time     5.6s, curr speed    6.910 kHz, avg speed    7.100 kHz), accepted        3/   40001 events ( 0.01%)
Processed    50000/  213734 entries, 23.39% (elapsed time     6.2s, curr speed   18.623 kHz, avg speed    8.102 kHz), accepted        3/   50001 events ( 0.01%)
Processed    60000/  213734 entries, 28.07% (elapsed time     7.4s, curr speed    8.225 kHz, avg speed    8.123 kHz), accepted        4/   60001 events ( 0.01%)
Processed    70000/  213734 entries, 32.75% (elapsed time     7.9s, curr speed   18.448 kHz, avg speed    8.828 kHz), accepted        4/   70001 events ( 0.01%)
Processed    80000/  213734 entries, 37.43% (elapsed time     8.6s, curr speed   15.730 kHz, avg speed    9.341 kHz), accepted        4/   80001 events ( 0.00%)
Processed    90000/  213734 entries, 42.11% (elapsed time     9.0s, curr speed   21.786 kHz, avg speed    9.974 kHz), accepted        4/   90001 events ( 0.00%)
Processed   100000/  213734 entries, 46.79% (elapsed time     9.9s, curr speed   11.202 kHz, avg speed   10.084 kHz), accepted        6/  100001 events ( 0.01%)
Processed   110000/  213734 entries, 51.47% (elapsed time    10.7s, curr speed   12.818 kHz, avg speed   10.284 kHz), accepted        7/  110001 events ( 0.01%)
Processed   120000/  213734 entries, 56.14% (elapsed time    11.5s, curr speed   13.212 kHz, avg speed   10.477 kHz), accepted        8/  120001 events ( 0.01%)
Processed   130000/  213734 entries, 60.82% (elapsed time    12.1s, curr speed   14.781 kHz, avg speed   10.717 kHz), accepted        9/  130001 events ( 0.01%)
Processed   140000/  213734 entries, 65.50% (elapsed time    12.7s, curr speed   16.697 kHz, avg speed   10.999 kHz), accepted       10/  140001 events ( 0.01%)
Processed   150000/  213734 entries, 70.18% (elapsed time    13.5s, curr speed   13.256 kHz, avg speed   11.125 kHz), accepted       12/  150001 events ( 0.01%)
Processed   160000/  213734 entries, 74.86% (elapsed time    14.0s, curr speed   19.803 kHz, avg speed   11.438 kHz), accepted       12/  160001 events ( 0.01%)
Processed   170000/  213734 entries, 79.54% (elapsed time    14.4s, curr speed   23.038 kHz, avg speed   11.787 kHz), accepted       12/  170001 events ( 0.01%)
Processed   180000/  213734 entries, 84.22% (elapsed time    14.8s, curr speed   24.334 kHz, avg speed   12.135 kHz), accepted       12/  180001 events ( 0.01%)
Processed   190000/  213734 entries, 88.90% (elapsed time    15.9s, curr speed    9.082 kHz, avg speed   11.924 kHz), accepted       15/  190001 events ( 0.01%)
Processed   200000/  213734 entries, 93.57% (elapsed time    16.5s, curr speed   16.854 kHz, avg speed   12.101 kHz), accepted       16/  200001 events ( 0.01%)
Processed   210000/  213734 entries, 98.25% (elapsed time    17.2s, curr speed   15.369 kHz, avg speed   12.225 kHz), accepted       16/  210001 events ( 0.01%)
Processed 213734 preselected entries from /eos/cms/store/group/phys_tau/TauFW/nano/UL2017/TTToHadronic_TuneCP5_13TeV-powheg-pythia8/RunIISummer19UL17NanoAODv2-106X_mc2017_realistic_v8-v1/NANOAODSIM/485305CA-2992-A34B-89F6-299036770842_skimjec_1.root (213734 entries). Finally selected 16 entries
Pre-select 213734 entries out of 213734 (100.00%)
Processed    10000/  213734 entries,  4.68% (elapsed time     5.3s, curr speed    1.885 kHz, avg speed    1.885 kHz), accepted        1/   10001 events ( 0.01%)
Processed    20000/  213734 entries,  9.36% (elapsed time     5.9s, curr speed   17.186 kHz, avg speed    3.397 kHz), accepted        1/   20001 events ( 0.00%)
Processed    30000/  213734 entries, 14.04% (elapsed time     6.7s, curr speed   11.851 kHz, avg speed    4.457 kHz), accepted        1/   30001 events ( 0.00%)
Processed    40000/  213734 entries, 18.71% (elapsed time     7.3s, curr speed   18.829 kHz, avg speed    5.508 kHz), accepted        1/   40001 events ( 0.00%)
Processed    50000/  213734 entries, 23.39% (elapsed time     8.0s, curr speed   13.644 kHz, avg speed    6.254 kHz), accepted        1/   50001 events ( 0.00%)
Processed    60000/  213734 entries, 28.07% (elapsed time     9.0s, curr speed    9.797 kHz, avg speed    6.655 kHz), accepted        1/   60001 events ( 0.00%)
Processed    70000/  213734 entries, 32.75% (elapsed time    10.4s, curr speed    7.067 kHz, avg speed    6.711 kHz), accepted        2/   70001 events ( 0.00%)
Processed    80000/  213734 entries, 37.43% (elapsed time    11.3s, curr speed   11.606 kHz, avg speed    7.084 kHz), accepted        2/   80001 events ( 0.00%)
Processed    90000/  213734 entries, 42.11% (elapsed time    11.9s, curr speed   16.470 kHz, avg speed    7.563 kHz), accepted        2/   90001 events ( 0.00%)
Processed   100000/  213734 entries, 46.79% (elapsed time    12.5s, curr speed   17.545 kHz, avg speed    8.019 kHz), accepted        2/  100001 events ( 0.00%)
Processed   110000/  213734 entries, 51.47% (elapsed time    13.1s, curr speed   14.888 kHz, avg speed    8.370 kHz), accepted        3/  110001 events ( 0.00%)
Processed   120000/  213734 entries, 56.14% (elapsed time    13.7s, curr speed   17.083 kHz, avg speed    8.742 kHz), accepted        3/  120001 events ( 0.00%)
Processed   130000/  213734 entries, 60.82% (elapsed time    14.7s, curr speed   10.063 kHz, avg speed    8.831 kHz), accepted        4/  130001 events ( 0.00%)
Processed   140000/  213734 entries, 65.50% (elapsed time    15.3s, curr speed   18.437 kHz, avg speed    9.172 kHz), accepted        4/  140001 events ( 0.00%)
Processed   150000/  213734 entries, 70.18% (elapsed time    15.9s, curr speed   15.135 kHz, avg speed    9.420 kHz), accepted        4/  150001 events ( 0.00%)
Processed   160000/  213734 entries, 74.86% (elapsed time    16.8s, curr speed   11.602 kHz, avg speed    9.532 kHz), accepted        6/  160001 events ( 0.00%)
Processed   170000/  213734 entries, 79.54% (elapsed time    17.6s, curr speed   13.080 kHz, avg speed    9.687 kHz), accepted        6/  170001 events ( 0.00%)
Processed   180000/  213734 entries, 84.22% (elapsed time    18.0s, curr speed   20.208 kHz, avg speed    9.975 kHz), accepted        6/  180001 events ( 0.00%)
Processed   190000/  213734 entries, 88.90% (elapsed time    18.9s, curr speed   11.728 kHz, avg speed   10.054 kHz), accepted        6/  190001 events ( 0.00%)
Processed   200000/  213734 entries, 93.57% (elapsed time    19.5s, curr speed   17.303 kHz, avg speed   10.269 kHz), accepted        6/  200001 events ( 0.00%)
Processed   210000/  213734 entries, 98.25% (elapsed time    20.1s, curr speed   16.854 kHz, avg speed   10.464 kHz), accepted        6/  210001 events ( 0.00%)
Processed 213734 preselected entries from /eos/cms/store/group/phys_tau/TauFW/nano/UL2017/TTToHadronic_TuneCP5_13TeV-powheg-pythia8/RunIISummer19UL17NanoAODv2-106X_mc2017_realistic_v8-v1/NANOAODSIM/485305CA-2992-A34B-89F6-299036770842_skimjec_2.root (213734 entries). Finally selected 6 entries
Pre-select 213734 entries out of 213734 (100.00%)
Processed    10000/  213734 entries,  4.68% (elapsed time     1.0s, curr speed    9.912 kHz, avg speed    9.912 kHz), accepted        0/   10001 events ( 0.00%)
Processed    20000/  213734 entries,  9.36% (elapsed time     1.8s, curr speed   12.366 kHz, avg speed   11.004 kHz), accepted        0/   20001 events ( 0.00%)
Processed    30000/  213734 entries, 14.04% (elapsed time     2.8s, curr speed   10.396 kHz, avg speed   10.793 kHz), accepted        0/   30001 events ( 0.00%)
Processed    40000/  213734 entries, 18.71% (elapsed time     3.5s, curr speed   13.584 kHz, avg speed   11.378 kHz), accepted        0/   40001 events ( 0.00%)
Processed    50000/  213734 entries, 23.39% (elapsed time     5.8s, curr speed    4.366 kHz, avg speed    8.612 kHz), accepted        2/   50001 events ( 0.00%)
Processed    60000/  213734 entries, 28.07% (elapsed time     7.3s, curr speed    6.755 kHz, avg speed    8.234 kHz), accepted        3/   60001 events ( 0.00%)
Processed    70000/  213734 entries, 32.75% (elapsed time     8.1s, curr speed   12.876 kHz, avg speed    8.682 kHz), accepted        3/   70001 events ( 0.00%)
Processed    80000/  213734 entries, 37.43% (elapsed time     9.0s, curr speed   10.932 kHz, avg speed    8.911 kHz), accepted        5/   80001 events ( 0.01%)
Processed    90000/  213734 entries, 42.11% (elapsed time     9.3s, curr speed   27.161 kHz, avg speed    9.630 kHz), accepted        5/   90001 events ( 0.01%)
Processed   100000/  213734 entries, 46.79% (elapsed time     9.7s, curr speed   25.266 kHz, avg speed   10.265 kHz), accepted        5/  100001 events ( 0.00%)
Processed   110000/  213734 entries, 51.47% (elapsed time    10.5s, curr speed   12.464 kHz, avg speed   10.432 kHz), accepted        6/  110001 events ( 0.01%)
Processed   120000/  213734 entries, 56.14% (elapsed time    11.3s, curr speed   14.096 kHz, avg speed   10.663 kHz), accepted        7/  120001 events ( 0.01%)
Processed   130000/  213734 entries, 60.82% (elapsed time    11.8s, curr speed   19.140 kHz, avg speed   11.039 kHz), accepted        7/  130001 events ( 0.01%)
Processed   140000/  213734 entries, 65.50% (elapsed time    12.3s, curr speed   17.627 kHz, avg speed   11.342 kHz), accepted        7/  140001 events ( 0.00%)
Processed   150000/  213734 entries, 70.18% (elapsed time    13.0s, curr speed   15.431 kHz, avg speed   11.546 kHz), accepted        8/  150001 events ( 0.01%)
Processed   160000/  213734 entries, 74.86% (elapsed time    13.8s, curr speed   12.952 kHz, avg speed   11.625 kHz), accepted        9/  160001 events ( 0.01%)
Processed   170000/  213734 entries, 79.54% (elapsed time    14.3s, curr speed   18.385 kHz, avg speed   11.882 kHz), accepted        9/  170001 events ( 0.01%)
Processed   180000/  213734 entries, 84.22% (elapsed time    15.5s, curr speed    8.670 kHz, avg speed   11.642 kHz), accepted       11/  180001 events ( 0.01%)
Processed   190000/  213734 entries, 88.90% (elapsed time    15.9s, curr speed   22.733 kHz, avg speed   11.949 kHz), accepted       11/  190001 events ( 0.01%)
Processed   200000/  213734 entries, 93.57% (elapsed time    16.8s, curr speed   11.422 kHz, avg speed   11.922 kHz), accepted       13/  200001 events ( 0.01%)
Processed   210000/  213734 entries, 98.25% (elapsed time    17.3s, curr speed   19.522 kHz, avg speed   12.147 kHz), accepted       13/  210001 events ( 0.01%)
Processed 213734 preselected entries from /eos/cms/store/group/phys_tau/TauFW/nano/UL2017/TTToHadronic_TuneCP5_13TeV-powheg-pythia8/RunIISummer19UL17NanoAODv2-106X_mc2017_realistic_v8-v1/NANOAODSIM/485305CA-2992-A34B-89F6-299036770842_skimjec_3.root (213734 entries). Finally selected 13 entries
Pre-select 213734 entries out of 213734 (100.00%)
Processed    10000/  213734 entries,  4.68% (elapsed time     2.4s, curr speed    4.164 kHz, avg speed    4.164 kHz), accepted        1/   10001 events ( 0.01%)
Processed    20000/  213734 entries,  9.36% (elapsed time     4.3s, curr speed    5.219 kHz, avg speed    4.632 kHz), accepted        3/   20001 events ( 0.01%)
Processed    30000/  213734 entries, 14.04% (elapsed time     5.1s, curr speed   13.504 kHz, avg speed    5.931 kHz), accepted        3/   30001 events ( 0.01%)
Processed    40000/  213734 entries, 18.71% (elapsed time     6.6s, curr speed    6.631 kHz, avg speed    6.092 kHz), accepted        6/   40001 events ( 0.01%)
Processed    50000/  213734 entries, 23.39% (elapsed time     7.2s, curr speed   16.556 kHz, avg speed    6.973 kHz), accepted        7/   50001 events ( 0.01%)
Processed    60000/  213734 entries, 28.07% (elapsed time     7.7s, curr speed   18.836 kHz, avg speed    7.791 kHz), accepted        7/   60001 events ( 0.01%)
Processed    70000/  213734 entries, 32.75% (elapsed time     8.4s, curr speed   13.507 kHz, avg speed    8.292 kHz), accepted        8/   70001 events ( 0.01%)
Processed    80000/  213734 entries, 37.43% (elapsed time     9.0s, curr speed   17.521 kHz, avg speed    8.877 kHz), accepted        9/   80001 events ( 0.01%)
Processed    90000/  213734 entries, 42.11% (elapsed time     9.6s, curr speed   17.705 kHz, avg speed    9.398 kHz), accepted        9/   90001 events ( 0.01%)
Processed   100000/  213734 entries, 46.79% (elapsed time    10.1s, curr speed   19.458 kHz, avg speed    9.910 kHz), accepted        9/  100001 events ( 0.01%)
Processed   110000/  213734 entries, 51.47% (elapsed time    10.8s, curr speed   13.783 kHz, avg speed   10.170 kHz), accepted       10/  110001 events ( 0.01%)
Processed   120000/  213734 entries, 56.14% (elapsed time    11.3s, curr speed   22.033 kHz, avg speed   10.648 kHz), accepted       10/  120001 events ( 0.01%)
Processed   130000/  213734 entries, 60.82% (elapsed time    12.1s, curr speed   12.371 kHz, avg speed   10.763 kHz), accepted       11/  130001 events ( 0.01%)
Processed   140000/  213734 entries, 65.50% (elapsed time    12.8s, curr speed   13.487 kHz, avg speed   10.920 kHz), accepted       12/  140001 events ( 0.01%)
Processed   150000/  213734 entries, 70.18% (elapsed time    13.3s, curr speed   20.669 kHz, avg speed   11.275 kHz), accepted       12/  150001 events ( 0.01%)
Processed   160000/  213734 entries, 74.86% (elapsed time    14.4s, curr speed    9.049 kHz, avg speed   11.104 kHz), accepted       14/  160001 events ( 0.01%)
Processed   170000/  213734 entries, 79.54% (elapsed time    15.0s, curr speed   18.188 kHz, avg speed   11.365 kHz), accepted       14/  170001 events ( 0.01%)
Processed   180000/  213734 entries, 84.22% (elapsed time    15.8s, curr speed   12.636 kHz, avg speed   11.428 kHz), accepted       15/  180001 events ( 0.01%)
Processed   190000/  213734 entries, 88.90% (elapsed time    16.4s, curr speed   15.864 kHz, avg speed   11.599 kHz), accepted       15/  190001 events ( 0.01%)
Processed   200000/  213734 entries, 93.57% (elapsed time    17.0s, curr speed   15.917 kHz, avg speed   11.759 kHz), accepted       16/  200001 events ( 0.01%)
Processed   210000/  213734 entries, 98.25% (elapsed time    17.7s, curr speed   14.340 kHz, avg speed   11.860 kHz), accepted       18/  210001 events ( 0.01%)
Processed 213734 preselected entries from /eos/cms/store/group/phys_tau/TauFW/nano/UL2017/TTToHadronic_TuneCP5_13TeV-powheg-pythia8/RunIISummer19UL17NanoAODv2-106X_mc2017_realistic_v8-v1/NANOAODSIM/485305CA-2992-A34B-89F6-299036770842_skimjec_4.root (213734 entries). Finally selected 18 entries
Total time 93.8 sec. to process 1068670 events. Rate = 11390.1 Hz.
>>> cwd          = /pool/condor/dir_27501
>>> ls           = ['var', 'condor_exec.exe', 'tmp', '.job.ad', '.chirp.config', 'pico_etau_38.root', '.machine.ad', 'x509_voms', '_condor_stdout', 'lvigilan.cc']
>>> getstorage('/eos/home-l/lvigilan/output_ETauFR_UL17_RUN1/UL2017/etau/TTToHadronic'), <EOS("/eos/home-l/lvigilan/output_ETauFR_UL17_RUN1/UL2017/etau/TTToHadronic") at 0x2b0f60842990>
>>> Executing: 'cp ./pico_etau_38.root /eos/home-l/lvigilan/output_ETauFR_UL17_RUN1/UL2017/etau/TTToHadronic'
>>> Removing './pico_etau_38.root'...
>>> picojob.py done after 111.8 seconds

Job complete at Mon Jun  7 19:07:26 CEST 2021
Took 1 minutes 53 seconds040 (2367593.038.000) 06/07 19:07:26 Finished transferring output files
...
005 (2367593.038.000) 06/07 19:07:26 Job terminated.
	(1) Normal termination (return value 0)
		Usr 0 00:01:18, Sys 0 00:00:03  -  Run Remote Usage
		Usr 0 00:00:00, Sys 0 00:00:00  -  Run Local Usage
		Usr 0 00:01:18, Sys 0 00:00:03  -  Total Remote Usage
		Usr 0 00:00:00, Sys 0 00:00:00  -  Total Local Usage
	34453  -  Run Bytes Sent By Job
	9930  -  Run Bytes Received By Job
	34453  -  Total Bytes Sent By Job
	9930  -  Total Bytes Received By Job
	Partitionable Resources :    Usage  Request Allocated 
	   Cpus                 :                 1         1 
	   Disk (KB)            :       96        1    280263 
	   Memory (MB)          :      173     2000      2000 

	Job terminated of its own accord at 2021-06-07T17:07:26Z.
...
