Could not find platform independent libraries <prefix>
Could not find platform dependent libraries <exec_prefix>
Consider setting $PYTHONHOME to <prefix>[:<exec_prefix>]
ImportError: No module named site
Job start at Fri Nov 20 23:04:17 CET 2020
Running job on machine Linux b7g52n3845.cern.ch 3.10.0-1160.2.2.el7.x86_64 #1 SMP Tue Oct 20 16:53:08 UTC 2020 x86_64 x86_64 x86_64 GNU/Linux, host b7g52n3845.cern.ch
============================================================
$PWD=/pool/condor/dir_30011
$JOBID=1562291
$TASKID=30
$HOSTNAME=b7g52n3845.cern.ch
$TASKCMD=/afs/cern.ch/work/l/lvigilan/TauWork/CMSSW_10_6_17_patch1/src/TauFW/PicoProducer/python/processors/skimjob.py -y 2017 -d 'data' -t _skim --copydir /eos/user/l/lvigilan/samples/nano/2017/SingleElectron/Run2017E-UL2017_02Dec2019-v1/NANOAOD -p --preselect 'HLT_Ele35_WPTight_Gsf_v == 1 && Electron_pt > 35 && Electron_eta < 2.1 && Tau_pt > 20 && Tau_eta < 2.3 && Electron_pfRelIso03_all < 0.5 && Tau_idDeepTau2017v2p1VSmu >= 1 && Tau_idDeepTau2017v2p1VSjet >= 16' -i root://cms-xrd-global.cern.ch//store/data/Run2017E/SingleElectron/NANOAOD/UL2017_02Dec2019-v1/100000/E86B6B56-447E-EA42-B1C1-955F146850E8.root
$WORKDIR=/pool/condor/dir_30011
>>> cd /afs/cern.ch/work/l/lvigilan/TauWork/CMSSW_10_6_17_patch1/src
>>> eval `scramv1 runtime -sh`
>>> cd /pool/condor/dir_30011
$PWD=/pool/condor/dir_30011
>>> /afs/cern.ch/work/l/lvigilan/TauWork/CMSSW_10_6_17_patch1/src/TauFW/PicoProducer/python/processors/skimjob.py -y 2017 -d 'data' -t _skim --copydir /eos/user/l/lvigilan/samples/nano/2017/SingleElectron/Run2017E-UL2017_02Dec2019-v1/NANOAOD -p --preselect 'HLT_Ele35_WPTight_Gsf_v == 1 && Electron_pt > 35 && Electron_eta < 2.1 && Tau_pt > 20 && Tau_eta < 2.3 && Electron_pfRelIso03_all < 0.5 && Tau_idDeepTau2017v2p1VSmu >= 1 && Tau_idDeepTau2017v2p1VSjet >= 16' -i root://cms-xrd-global.cern.ch//store/data/Run2017E/SingleElectron/NANOAOD/UL2017_02Dec2019-v1/100000/E86B6B56-447E-EA42-B1C1-955F146850E8.root
Error in <TGClient::TGClient>: can't open display "localhost:33.0", switching to batch mode...
 In case you run from a remote ssh session, reconnect with ssh -Y
Error in <TTreeFormula::Compile>:  Bad numerical expression : "HLT_Ele35_WPTight_Gsf_v"
Info in <TSelectorDraw::AbortProcess>: Variable compilation failed: {,(HLT_Ele35_WPTight_Gsf_v == 1 && Electron_pt > 35 && Electron_eta < 2.1 && Tau_pt > 20 && Tau_eta < 2.3 && Electron_pfRelIso03_all < 0.5 && Tau_idDeepTau2017v2p1VSmu >= 1 && Tau_idDeepTau2017v2p1VSjet >= 16) && (297050 <= run && run <= 306460)}
TTree::SetBranchStatus:0: RuntimeWarning: No branch name is matching wildcard -> *Dressed*
TTree::SetBranchStatus:0: RuntimeWarning: No branch name is matching wildcard -> *HTXS*
--------------------------------------------------------------------------------
>>> era          = '2017'
>>> year         = 2017
>>> period       = 'E'
>>> dtype        = 'data'
>>> maxevts      = None
>>> tag          = '_skim'
>>> postfix      = '_skim'
>>> outdir       = '.'
>>> outfiles     = './*_skim.root'
>>> copydir      = '/eos/user/l/lvigilan/samples/nano/2017/SingleElectron/Run2017E-UL2017_02Dec2019-v1/NANOAOD'
>>> infiles      = ['root://cms-xrd-global.cern.ch//store/data/Run2017E/SingleElectron/NANOAOD/UL2017_02Dec2019-v1/100000/E86B6B56-447E-EA42-B1C1-955F146850E8.root']
>>> branchsel    = '/afs/cern.ch/work/l/lvigilan/TauWork/CMSSW_10_6_17_patch1/python/TauFW/PicoProducer/processors/keep_and_drop_skim.txt'
>>> json         = '/afs/cern.ch/work/l/lvigilan/TauWork/CMSSW_10_6_17_patch1/src/TauFW/PicoProducer/data/json/2017/Cert_294927-306462_13TeV_PromptReco_Collisions17_JSON.txt'
>>> modules      = []
>>> prefetch     = True
>>> doJEC        = False
>>> doJECSys     = False
>>> cwd          = /pool/condor/dir_30011
>>> preselection = HLT_Ele35_WPTight_Gsf_v == 1 && Electron_pt > 35 && Electron_eta < 2.1 && Tau_pt > 20 && Tau_eta < 2.3 && Electron_pfRelIso03_all < 0.5 && Tau_idDeepTau2017v2p1VSmu >= 1 && Tau_idDeepTau2017v2p1VSjet >= 16
--------------------------------------------------------------------------------
Will write selected trees to .
Filename root://cms-xrd-global.cern.ch//store/data/Run2017E/SingleElectron/NANOAOD/UL2017_02Dec2019-v1/100000/E86B6B56-447E-EA42-B1C1-955F146850E8.root is remote, will do a copy to local path /pool/condor/dir_30011/tmp/E86B6B56-447E-EA42-B1C1-955F146850E8-a4989037287b3df1.root
Time used for transferring the file locally: 165.65 s
Pre-select 0 entries out of 143952 (0.00%)
Selected 0 / 143952 entries from root://cms-xrd-global.cern.ch//store/data/Run2017E/SingleElectron/NANOAOD/UL2017_02Dec2019-v1/100000/E86B6B56-447E-EA42-B1C1-955F146850E8.root (0.00%)
Done ./E86B6B56-447E-EA42-B1C1-955F146850E8_skim.root
Total time 167.0 sec. to process 143952 events. Rate = 862.0 Hz.
>>> getstorage('/eos/user/l/lvigilan/samples/nano/2017/SingleElectron/Run2017E-UL2017_02Dec2019-v1/NANOAOD'), <EOS("/eos/user/l/lvigilan/samples/nano/2017/SingleElectron/Run2017E-UL2017_02Dec2019-v1/NANOAOD") at 0x2af0791b6dd0>
>>> Executing: 'cp ./*_skim.root /eos/user/l/lvigilan/samples/nano/2017/SingleElectron/Run2017E-UL2017_02Dec2019-v1/NANOAOD'
>>> Removing ./*_skim.root...
>>> skimjob.py done after 171.2 seconds

Job complete at Fri Nov 20 23:07:10 CET 2020
Took 2 minutes 53 seconds040 (1562291.030.000) 11/20 23:07:10 Finished transferring output files
...
005 (1562291.030.000) 11/20 23:07:10 Job terminated.
	(1) Normal termination (return value 0)
		Usr 0 00:00:02, Sys 0 00:00:01  -  Run Remote Usage
		Usr 0 00:00:00, Sys 0 00:00:00  -  Run Local Usage
		Usr 0 00:00:02, Sys 0 00:00:01  -  Total Remote Usage
		Usr 0 00:00:00, Sys 0 00:00:00  -  Total Local Usage
	30785  -  Run Bytes Sent By Job
	9881  -  Run Bytes Received By Job
	30785  -  Total Bytes Sent By Job
	9881  -  Total Bytes Received By Job
	Partitionable Resources :    Usage  Request Allocated 
	   Cpus                 :        0        1         1 
	   Disk (KB)            :       99        1    267153 
	   Memory (MB)          :       90     2000      2000 
...
