000 (1596989.000.000) 12/08 18:21:20 Job submitted from host: <188.185.70.244:9618?addrs=188.185.70.244-9618+[2001-1458-d00-7--100-2ee]-9618&alias=bigbird10.cern.ch&noUDP&sock=schedd_1929_b647_134>
...
040 (1596989.000.000) 12/08 18:58:31 Started transferring input files
	Transferring to host: <128.142.71.79:9618?addrs=128.142.71.79-9618&noUDP&sock=3260_b6fe_51509>
...
040 (1596989.000.000) 12/08 18:58:31 Finished transferring input files
...
001 (1596989.000.000) 12/08 18:58:32 Job executing on host: <128.142.71.79:9618?addrs=128.142.71.79-9618&noUDP&sock=2158_c977_3>
...
006 (1596989.000.000) 12/08 18:58:40 Image size of job updated: 104600
	80  -  MemoryUsage of job (MB)
	81312  -  ResidentSetSize of job (KB)
...
006 (1596989.000.000) 12/08 19:03:40 Image size of job updated: 345524
	306  -  MemoryUsage of job (MB)
	313064  -  ResidentSetSize of job (KB)
...
006 (1596989.000.000) 12/08 19:08:40 Image size of job updated: 345760
	306  -  MemoryUsage of job (MB)
	313276  -  ResidentSetSize of job (KB)
...
006 (1596989.000.000) 12/08 19:13:41 Image size of job updated: 346268
	307  -  MemoryUsage of job (MB)
	313784  -  ResidentSetSize of job (KB)
...
006 (1596989.000.000) 12/08 19:18:41 Image size of job updated: 346272
	307  -  MemoryUsage of job (MB)
	313788  -  ResidentSetSize of job (KB)
...
006 (1596989.000.000) 12/08 19:23:41 Image size of job updated: 359820
	320  -  MemoryUsage of job (MB)
	327164  -  ResidentSetSize of job (KB)
...
006 (1596989.000.000) 12/08 19:53:45 Image size of job updated: 600348
	517  -  MemoryUsage of job (MB)
	528908  -  ResidentSetSize of job (KB)
...
006 (1596989.000.000) 12/08 20:13:47 Image size of job updated: 600388
	517  -  MemoryUsage of job (MB)
	528908  -  ResidentSetSize of job (KB)
...
040 (1596989.000.000) 12/09 00:31:53 Started transferring output files
...
040 (1596989.000.000) 12/09 00:31:54 Finished transferring output files
...
009 (1596989.000.000) 12/09 00:31:54 Job was aborted by the user.
	Job removed by SYSTEM_PERIODIC_REMOVE due to wall time exceeded allowed max.
...
