Could not find platform independent libraries <prefix>
Could not find platform dependent libraries <exec_prefix>
Consider setting $PYTHONHOME to <prefix>[:<exec_prefix>]
ImportError: No module named site
Job start at Wed Dec  2 16:48:29 CET 2020
Running job on machine Linux b7g23n4742.cern.ch 3.10.0-1127.19.1.el7.x86_64 #1 SMP Tue Aug 25 17:23:54 UTC 2020 x86_64 x86_64 x86_64 GNU/Linux, host b7g23n4742.cern.ch
============================================================
$PWD=/pool/condor/dir_9976
$JOBID=1580848
$TASKID=5
$HOSTNAME=b7g23n4742.cern.ch
$TASKCMD=/afs/cern.ch/work/l/lvigilan/TauWork/CMSSW_10_6_17_patch1/src/TauFW/PicoProducer/python/processors/picojob.py -y 2017 -d 'mc' -c etau -M ModuleETau --copydir /eos/home-l/lvigilan/output_2017ReReco18/2017/etau/ST_t-channel_antitop -t _etau_5 --opt 'jec=False' -i root://cms-xrd-global.cern.ch//store/mc/RunIIFall17NanoAODv6/ST_t-channel_antitop_4f_InclusiveDecays_TuneCP5_PSweights_13TeV-powheg-pythia8/NANOAODSIM/PU2017_12Apr2018_Nano25Oct2019_102X_mc2017_realistic_v7-v1/260000/AADD53F8-C6B2-7440-AC92-59F90BABC3CA.root root://cms-xrd-global.cern.ch//store/mc/RunIIFall17NanoAODv6/ST_t-channel_antitop_4f_InclusiveDecays_TuneCP5_PSweights_13TeV-powheg-pythia8/NANOAODSIM/PU2017_12Apr2018_Nano25Oct2019_102X_mc2017_realistic_v7-v1/260000/B24D96E3-FFC4-4544-B3F0-D7E599850926.root root://cms-xrd-global.cern.ch//store/mc/RunIIFall17NanoAODv6/ST_t-channel_antitop_4f_InclusiveDecays_TuneCP5_PSweights_13TeV-powheg-pythia8/NANOAODSIM/PU2017_12Apr2018_Nano25Oct2019_102X_mc2017_realistic_v7-v1/260000/B73A7DF2-FFA9-504A-BFCF-BCF483249BBB.root root://cms-xrd-global.cern.ch//store/mc/RunIIFall17NanoAODv6/ST_t-channel_antitop_4f_InclusiveDecays_TuneCP5_PSweights_13TeV-powheg-pythia8/NANOAODSIM/PU2017_12Apr2018_Nano25Oct2019_102X_mc2017_realistic_v7-v1/260000/DA8C4D2A-B60E-2B45-9D4B-05A44E08E7AF.root root://cms-xrd-global.cern.ch//store/mc/RunIIFall17NanoAODv6/ST_t-channel_antitop_4f_InclusiveDecays_TuneCP5_PSweights_13TeV-powheg-pythia8/NANOAODSIM/PU2017_12Apr2018_Nano25Oct2019_102X_mc2017_realistic_v7-v1/260000/DAEDC39E-6D79-E948-92F6-B078EE9B82BF.root
$WORKDIR=/pool/condor/dir_9976
>>> cd /afs/cern.ch/work/l/lvigilan/TauWork/CMSSW_10_6_17_patch1/src
>>> eval `scramv1 runtime -sh`
>>> cd /pool/condor/dir_9976
$PWD=/pool/condor/dir_9976
>>> /afs/cern.ch/work/l/lvigilan/TauWork/CMSSW_10_6_17_patch1/src/TauFW/PicoProducer/python/processors/picojob.py -y 2017 -d 'mc' -c etau -M ModuleETau --copydir /eos/home-l/lvigilan/output_2017ReReco18/2017/etau/ST_t-channel_antitop -t _etau_5 --opt 'jec=False' -i root://cms-xrd-global.cern.ch//store/mc/RunIIFall17NanoAODv6/ST_t-channel_antitop_4f_InclusiveDecays_TuneCP5_PSweights_13TeV-powheg-pythia8/NANOAODSIM/PU2017_12Apr2018_Nano25Oct2019_102X_mc2017_realistic_v7-v1/260000/AADD53F8-C6B2-7440-AC92-59F90BABC3CA.root root://cms-xrd-global.cern.ch//store/mc/RunIIFall17NanoAODv6/ST_t-channel_antitop_4f_InclusiveDecays_TuneCP5_PSweights_13TeV-powheg-pythia8/NANOAODSIM/PU2017_12Apr2018_Nano25Oct2019_102X_mc2017_realistic_v7-v1/260000/B24D96E3-FFC4-4544-B3F0-D7E599850926.root root://cms-xrd-global.cern.ch//store/mc/RunIIFall17NanoAODv6/ST_t-channel_antitop_4f_InclusiveDecays_TuneCP5_PSweights_13TeV-powheg-pythia8/NANOAODSIM/PU2017_12Apr2018_Nano25Oct2019_102X_mc2017_realistic_v7-v1/260000/B73A7DF2-FFA9-504A-BFCF-BCF483249BBB.root root://cms-xrd-global.cern.ch//store/mc/RunIIFall17NanoAODv6/ST_t-channel_antitop_4f_InclusiveDecays_TuneCP5_PSweights_13TeV-powheg-pythia8/NANOAODSIM/PU2017_12Apr2018_Nano25Oct2019_102X_mc2017_realistic_v7-v1/260000/DA8C4D2A-B60E-2B45-9D4B-05A44E08E7AF.root root://cms-xrd-global.cern.ch//store/mc/RunIIFall17NanoAODv6/ST_t-channel_antitop_4f_InclusiveDecays_TuneCP5_PSweights_13TeV-powheg-pythia8/NANOAODSIM/PU2017_12Apr2018_Nano25Oct2019_102X_mc2017_realistic_v7-v1/260000/DAEDC39E-6D79-E948-92F6-B078EE9B82BF.root
Error in <TGClient::TGClient>: can't open display "localhost:15.0", switching to batch mode...
 In case you run from a remote ssh session, reconnect with ssh -Y
--------------------------------------------------------------------------------
>>> era          = '2017'
>>> year         = 2017
>>> channel      = 'etau'
>>> modname      = 'ModuleETau'
>>> dtype        = 'mc'
>>> kwargs       = {'dtype': 'mc', 'verb': 0, 'era': '2017', 'jec': False, 'year': 2017}
>>> maxevts      = None
>>> outdir       = '.'
>>> copydir      = '/eos/home-l/lvigilan/output_2017ReReco18/2017/etau/ST_t-channel_antitop'
>>> infiles      = ['root://cms-xrd-global.cern.ch//store/mc/RunIIFall17NanoAODv6/ST_t-channel_antitop_4f_InclusiveDecays_TuneCP5_PSweights_13TeV-powheg-pythia8/NANOAODSIM/PU2017_12Apr2018_Nano25Oct2019_102X_mc2017_realistic_v7-v1/260000/AADD53F8-C6B2-7440-AC92-59F90BABC3CA.root', 'root://cms-xrd-global.cern.ch//store/mc/RunIIFall17NanoAODv6/ST_t-channel_antitop_4f_InclusiveDecays_TuneCP5_PSweights_13TeV-powheg-pythia8/NANOAODSIM/PU2017_12Apr2018_Nano25Oct2019_102X_mc2017_realistic_v7-v1/260000/B24D96E3-FFC4-4544-B3F0-D7E599850926.root', 'root://cms-xrd-global.cern.ch//store/mc/RunIIFall17NanoAODv6/ST_t-channel_antitop_4f_InclusiveDecays_TuneCP5_PSweights_13TeV-powheg-pythia8/NANOAODSIM/PU2017_12Apr2018_Nano25Oct2019_102X_mc2017_realistic_v7-v1/260000/B73A7DF2-FFA9-504A-BFCF-BCF483249BBB.root', 'root://cms-xrd-global.cern.ch//store/mc/RunIIFall17NanoAODv6/ST_t-channel_antitop_4f_InclusiveDecays_TuneCP5_PSweights_13TeV-powheg-pythia8/NANOAODSIM/PU2017_12Apr2018_Nano25Oct2019_102X_mc2017_realistic_v7-v1/260000/DA8C4D2A-B60E-2B45-9D4B-05A44E08E7AF.root', 'root://cms-xrd-global.cern.ch//store/mc/RunIIFall17NanoAODv6/ST_t-channel_antitop_4f_InclusiveDecays_TuneCP5_PSweights_13TeV-powheg-pythia8/NANOAODSIM/PU2017_12Apr2018_Nano25Oct2019_102X_mc2017_realistic_v7-v1/260000/DAEDC39E-6D79-E948-92F6-B078EE9B82BF.root']
>>> outfname     = './pico_etau_etau_5.root'
>>> branchsel    = '/afs/cern.ch/work/l/lvigilan/TauWork/CMSSW_10_6_17_patch1/python/TauFW/PicoProducer/processors/keep_and_drop_skim.txt'
>>> json         = None
>>> prefetch     = False
>>> cwd          = /pool/condor/dir_9976
--------------------------------------------------------------------------------

   ################
   #  ModuleETau  #
   ################

Loading PileupWeightTool for '/afs/cern.ch/work/l/lvigilan/TauWork/CMSSW_10_6_17_patch1/src/TauFW/PicoProducer/data/pileup/Data_PileUp_2017_69p2.root' and '/afs/cern.ch/work/l/lvigilan/TauWork/CMSSW_10_6_17_patch1/src/TauFW/PicoProducer/data/pileup/MC_PileUp_2017_Winter17_V2_new_pmx.root'
Loading BTagWeightTool for DeepCSV (medium WP)...
>>> BTagTool: [1m[33mWarning! [0m[33mHistogram 'etau/eff_DeepCSV_udsg_medium' does not exist in /afs/cern.ch/work/l/lvigilan/TauWork/CMSSW_10_6_17_patch1/src/TauFW/PicoProducer/data/btag/DeepCSV_2017_12Apr2017_eff.root! Reverting to default efficiency histogram...[0m
>>> BTagTool: [1m[33mWarning! [0m[33mHistogram 'etau/eff_DeepCSV_c_medium' does not exist in /afs/cern.ch/work/l/lvigilan/TauWork/CMSSW_10_6_17_patch1/src/TauFW/PicoProducer/data/btag/DeepCSV_2017_12Apr2017_eff.root! Reverting to default efficiency histogram...[0m
>>> BTagTool: [1m[33mWarning! [0m[33mHistogram 'etau/eff_DeepCSV_b_medium' does not exist in /afs/cern.ch/work/l/lvigilan/TauWork/CMSSW_10_6_17_patch1/src/TauFW/PicoProducer/data/btag/DeepCSV_2017_12Apr2017_eff.root! Reverting to default efficiency histogram...[0m
>>> BTagTool: [1m[33mWarning! [0m[33mMade use of default efficiency histograms! The b tag weights from this module should be regarded as placeholders only,
and should NOT be used for analyses. B (mis)tag efficiencies in MC are analysis dependent. Please create your own
efficiency histogram with data/btag/getBTagEfficiencies.py after running all MC samples with BTagWeightTool.[0m
Loading TreeProducerETau for './pico_etau_etau_5.root'
--------------------------------------------------------------------------------
>>> filename     = './pico_etau_etau_5.root'
>>> year         = 2017
>>> dtype        = 'mc'
>>> channel      = 'etau'
>>> ismc         = True
>>> isdata       = False
>>> isembed      = False
>>> tes          = None
>>> tessys       = None
>>> ltf          = 1.0
>>> jtf          = 1.0
>>> dotoppt      = False
>>> dozpt        = False
>>> dojec        = False
>>> dojecsys     = False
>>> dotight      = False
>>> jetCutPt     = 30
>>> bjetCutEta   = 2.7
>>> tauwp        = 0
>>> eleCutPt     = 36
>>> eleCutEta    = 2.1
>>> tauCutPt     = 20
>>> tauCutEta    = 2.3
Pre-select 768000 entries out of 768000 (100.00%)
Processed    10000/  768000 entries,  1.30% (elapsed time     4.0s, curr speed    2.475 kHz, avg speed    2.475 kHz), accepted        0/   10001 events ( 0.00%)
Processed    20000/  768000 entries,  2.60% (elapsed time    67.6s, curr speed    0.157 kHz, avg speed    0.296 kHz), accepted        1/   20001 events ( 0.00%)
Processed    30000/  768000 entries,  3.91% (elapsed time    85.6s, curr speed    0.556 kHz, avg speed    0.350 kHz), accepted        5/   30001 events ( 0.02%)
Processed    40000/  768000 entries,  5.21% (elapsed time    90.1s, curr speed    2.243 kHz, avg speed    0.444 kHz), accepted        6/   40001 events ( 0.01%)
Processed    50000/  768000 entries,  6.51% (elapsed time   101.5s, curr speed    0.873 kHz, avg speed    0.492 kHz), accepted        7/   50001 events ( 0.01%)
Processed    60000/  768000 entries,  7.81% (elapsed time   108.2s, curr speed    1.498 kHz, avg speed    0.554 kHz), accepted        7/   60001 events ( 0.01%)
Processed    70000/  768000 entries,  9.11% (elapsed time   119.0s, curr speed    0.929 kHz, avg speed    0.588 kHz), accepted        8/   70001 events ( 0.01%)
Processed    80000/  768000 entries, 10.42% (elapsed time   124.8s, curr speed    1.731 kHz, avg speed    0.641 kHz), accepted        9/   80001 events ( 0.01%)
Processed    90000/  768000 entries, 11.72% (elapsed time   136.1s, curr speed    0.885 kHz, avg speed    0.661 kHz), accepted       11/   90001 events ( 0.01%)
Processed   100000/  768000 entries, 13.02% (elapsed time   235.8s, curr speed    0.100 kHz, avg speed    0.424 kHz), accepted       14/  100001 events ( 0.01%)
Processed   110000/  768000 entries, 14.32% (elapsed time   240.0s, curr speed    2.380 kHz, avg speed    0.458 kHz), accepted       15/  110001 events ( 0.01%)
Processed   120000/  768000 entries, 15.62% (elapsed time   256.9s, curr speed    0.593 kHz, avg speed    0.467 kHz), accepted       17/  120001 events ( 0.01%)
Processed   130000/  768000 entries, 16.93% (elapsed time   275.5s, curr speed    0.536 kHz, avg speed    0.472 kHz), accepted       19/  130001 events ( 0.01%)
Processed   140000/  768000 entries, 18.23% (elapsed time   294.8s, curr speed    0.517 kHz, avg speed    0.475 kHz), accepted       23/  140001 events ( 0.02%)
Processed   150000/  768000 entries, 19.53% (elapsed time   301.6s, curr speed    1.484 kHz, avg speed    0.497 kHz), accepted       25/  150001 events ( 0.02%)
Processed   160000/  768000 entries, 20.83% (elapsed time   358.7s, curr speed    0.175 kHz, avg speed    0.446 kHz), accepted       29/  160001 events ( 0.02%)
Processed   170000/  768000 entries, 22.14% (elapsed time   387.0s, curr speed    0.353 kHz, avg speed    0.439 kHz), accepted       32/  170001 events ( 0.02%)
Processed   180000/  768000 entries, 23.44% (elapsed time   419.3s, curr speed    0.309 kHz, avg speed    0.429 kHz), accepted       36/  180001 events ( 0.02%)
Processed   190000/  768000 entries, 24.74% (elapsed time   440.3s, curr speed    0.476 kHz, avg speed    0.432 kHz), accepted       38/  190001 events ( 0.02%)
Processed   200000/  768000 entries, 26.04% (elapsed time   493.3s, curr speed    0.189 kHz, avg speed    0.405 kHz), accepted       40/  200001 events ( 0.02%)
Processed   210000/  768000 entries, 27.34% (elapsed time   505.3s, curr speed    0.835 kHz, avg speed    0.416 kHz), accepted       43/  210001 events ( 0.02%)
Processed   220000/  768000 entries, 28.65% (elapsed time   515.1s, curr speed    1.023 kHz, avg speed    0.427 kHz), accepted       44/  220001 events ( 0.02%)
Processed   230000/  768000 entries, 29.95% (elapsed time   522.5s, curr speed    1.344 kHz, avg speed    0.440 kHz), accepted       45/  230001 events ( 0.02%)
Processed   240000/  768000 entries, 31.25% (elapsed time   525.8s, curr speed    3.103 kHz, avg speed    0.456 kHz), accepted       45/  240001 events ( 0.02%)
Processed   250000/  768000 entries, 32.55% (elapsed time   537.4s, curr speed    0.858 kHz, avg speed    0.465 kHz), accepted       49/  250001 events ( 0.02%)
Processed   260000/  768000 entries, 33.85% (elapsed time   551.2s, curr speed    0.724 kHz, avg speed    0.472 kHz), accepted       53/  260001 events ( 0.02%)
Processed   270000/  768000 entries, 35.16% (elapsed time   567.3s, curr speed    0.622 kHz, avg speed    0.476 kHz), accepted       54/  270001 events ( 0.02%)
Processed   280000/  768000 entries, 36.46% (elapsed time   588.8s, curr speed    0.464 kHz, avg speed    0.476 kHz), accepted       57/  280001 events ( 0.02%)
Processed   290000/  768000 entries, 37.76% (elapsed time   605.1s, curr speed    0.615 kHz, avg speed    0.479 kHz), accepted       62/  290001 events ( 0.02%)
Processed   300000/  768000 entries, 39.06% (elapsed time   638.0s, curr speed    0.304 kHz, avg speed    0.470 kHz), accepted       68/  300001 events ( 0.02%)
Processed   310000/  768000 entries, 40.36% (elapsed time   660.1s, curr speed    0.452 kHz, avg speed    0.470 kHz), accepted       75/  310001 events ( 0.02%)
Processed   320000/  768000 entries, 41.67% (elapsed time   674.8s, curr speed    0.678 kHz, avg speed    0.474 kHz), accepted       76/  320001 events ( 0.02%)
Processed   330000/  768000 entries, 42.97% (elapsed time   687.1s, curr speed    0.814 kHz, avg speed    0.480 kHz), accepted       79/  330001 events ( 0.02%)
Processed   340000/  768000 entries, 44.27% (elapsed time   690.3s, curr speed    3.096 kHz, avg speed    0.493 kHz), accepted       79/  340001 events ( 0.02%)
Processed   350000/  768000 entries, 45.57% (elapsed time   702.1s, curr speed    0.850 kHz, avg speed    0.499 kHz), accepted       81/  350001 events ( 0.02%)
Processed   360000/  768000 entries, 46.88% (elapsed time   710.7s, curr speed    1.156 kHz, avg speed    0.507 kHz), accepted       82/  360001 events ( 0.02%)
Processed   370000/  768000 entries, 48.18% (elapsed time   721.2s, curr speed    0.961 kHz, avg speed    0.513 kHz), accepted       82/  370001 events ( 0.02%)
Processed   380000/  768000 entries, 49.48% (elapsed time   736.8s, curr speed    0.638 kHz, avg speed    0.516 kHz), accepted       83/  380001 events ( 0.02%)
Processed   390000/  768000 entries, 50.78% (elapsed time   740.1s, curr speed    3.063 kHz, avg speed    0.527 kHz), accepted       83/  390001 events ( 0.02%)
Processed   400000/  768000 entries, 52.08% (elapsed time   751.1s, curr speed    0.908 kHz, avg speed    0.533 kHz), accepted       85/  400001 events ( 0.02%)
Processed   410000/  768000 entries, 53.39% (elapsed time   759.2s, curr speed    1.232 kHz, avg speed    0.540 kHz), accepted       87/  410001 events ( 0.02%)
Processed   420000/  768000 entries, 54.69% (elapsed time   769.7s, curr speed    0.954 kHz, avg speed    0.546 kHz), accepted       89/  420001 events ( 0.02%)
Processed   430000/  768000 entries, 55.99% (elapsed time   781.3s, curr speed    0.861 kHz, avg speed    0.550 kHz), accepted       91/  430001 events ( 0.02%)
Processed   440000/  768000 entries, 57.29% (elapsed time   798.0s, curr speed    0.600 kHz, avg speed    0.551 kHz), accepted       93/  440001 events ( 0.02%)
Processed   450000/  768000 entries, 58.59% (elapsed time   803.8s, curr speed    1.732 kHz, avg speed    0.560 kHz), accepted       94/  450001 events ( 0.02%)
Processed   460000/  768000 entries, 59.90% (elapsed time   819.2s, curr speed    0.648 kHz, avg speed    0.562 kHz), accepted       97/  460001 events ( 0.02%)
Processed   470000/  768000 entries, 61.20% (elapsed time   826.0s, curr speed    1.461 kHz, avg speed    0.569 kHz), accepted      100/  470001 events ( 0.02%)
Processed   480000/  768000 entries, 62.50% (elapsed time   838.0s, curr speed    0.840 kHz, avg speed    0.573 kHz), accepted      104/  480001 events ( 0.02%)
Processed   490000/  768000 entries, 63.80% (elapsed time   865.0s, curr speed    0.369 kHz, avg speed    0.566 kHz), accepted      107/  490001 events ( 0.02%)
Processed   500000/  768000 entries, 65.10% (elapsed time   875.0s, curr speed    1.001 kHz, avg speed    0.571 kHz), accepted      109/  500001 events ( 0.02%)
Processed   510000/  768000 entries, 66.41% (elapsed time   879.7s, curr speed    2.132 kHz, avg speed    0.580 kHz), accepted      111/  510001 events ( 0.02%)
Processed   520000/  768000 entries, 67.71% (elapsed time   888.2s, curr speed    1.179 kHz, avg speed    0.585 kHz), accepted      112/  520001 events ( 0.02%)
Processed   530000/  768000 entries, 69.01% (elapsed time   894.4s, curr speed    1.603 kHz, avg speed    0.593 kHz), accepted      112/  530001 events ( 0.02%)
Processed   540000/  768000 entries, 70.31% (elapsed time   908.3s, curr speed    0.719 kHz, avg speed    0.594 kHz), accepted      113/  540001 events ( 0.02%)
Processed   550000/  768000 entries, 71.61% (elapsed time   933.8s, curr speed    0.392 kHz, avg speed    0.589 kHz), accepted      115/  550001 events ( 0.02%)
Processed   560000/  768000 entries, 72.92% (elapsed time   945.4s, curr speed    0.865 kHz, avg speed    0.592 kHz), accepted      117/  560001 events ( 0.02%)
Processed   570000/  768000 entries, 74.22% (elapsed time   955.0s, curr speed    1.043 kHz, avg speed    0.597 kHz), accepted      119/  570001 events ( 0.02%)
Processed   580000/  768000 entries, 75.52% (elapsed time   959.8s, curr speed    2.086 kHz, avg speed    0.604 kHz), accepted      120/  580001 events ( 0.02%)
Processed   590000/  768000 entries, 76.82% (elapsed time   975.0s, curr speed    0.657 kHz, avg speed    0.605 kHz), accepted      123/  590001 events ( 0.02%)
Processed   600000/  768000 entries, 78.12% (elapsed time   983.1s, curr speed    1.237 kHz, avg speed    0.610 kHz), accepted      125/  600001 events ( 0.02%)
Processed   610000/  768000 entries, 79.43% (elapsed time   998.6s, curr speed    0.645 kHz, avg speed    0.611 kHz), accepted      127/  610001 events ( 0.02%)
Processed   620000/  768000 entries, 80.73% (elapsed time  1007.0s, curr speed    1.184 kHz, avg speed    0.616 kHz), accepted      129/  620001 events ( 0.02%)
Processed   630000/  768000 entries, 82.03% (elapsed time  1013.8s, curr speed    1.479 kHz, avg speed    0.621 kHz), accepted      129/  630001 events ( 0.02%)
Processed   640000/  768000 entries, 83.33% (elapsed time  1028.5s, curr speed    0.680 kHz, avg speed    0.622 kHz), accepted      130/  640001 events ( 0.02%)
Processed   650000/  768000 entries, 84.64% (elapsed time  1043.5s, curr speed    0.663 kHz, avg speed    0.623 kHz), accepted      135/  650001 events ( 0.02%)
Processed   660000/  768000 entries, 85.94% (elapsed time  1069.6s, curr speed    0.383 kHz, avg speed    0.617 kHz), accepted      137/  660001 events ( 0.02%)
Processed   670000/  768000 entries, 87.24% (elapsed time  1079.0s, curr speed    1.065 kHz, avg speed    0.621 kHz), accepted      140/  670001 events ( 0.02%)
Processed   680000/  768000 entries, 88.54% (elapsed time  1083.7s, curr speed    2.142 kHz, avg speed    0.627 kHz), accepted      140/  680001 events ( 0.02%)
Processed   690000/  768000 entries, 89.84% (elapsed time  1094.1s, curr speed    0.965 kHz, avg speed    0.631 kHz), accepted      143/  690001 events ( 0.02%)
Processed   700000/  768000 entries, 91.15% (elapsed time  1099.7s, curr speed    1.788 kHz, avg speed    0.637 kHz), accepted      144/  700001 events ( 0.02%)
Processed   710000/  768000 entries, 92.45% (elapsed time  1109.8s, curr speed    0.984 kHz, avg speed    0.640 kHz), accepted      147/  710001 events ( 0.02%)
Processed   720000/  768000 entries, 93.75% (elapsed time  1116.7s, curr speed    1.463 kHz, avg speed    0.645 kHz), accepted      148/  720001 events ( 0.02%)
Processed   730000/  768000 entries, 95.05% (elapsed time  1125.0s, curr speed    1.196 kHz, avg speed    0.649 kHz), accepted      149/  730001 events ( 0.02%)
Processed   740000/  768000 entries, 96.35% (elapsed time  1148.7s, curr speed    0.423 kHz, avg speed    0.644 kHz), accepted      150/  740001 events ( 0.02%)
Processed   750000/  768000 entries, 97.66% (elapsed time  1168.1s, curr speed    0.514 kHz, avg speed    0.642 kHz), accepted      153/  750001 events ( 0.02%)
Processed   760000/  768000 entries, 98.96% (elapsed time  1177.5s, curr speed    1.066 kHz, avg speed    0.645 kHz), accepted      153/  760001 events ( 0.02%)
Processed 768000 preselected entries from root://cms-xrd-global.cern.ch//store/mc/RunIIFall17NanoAODv6/ST_t-channel_antitop_4f_InclusiveDecays_TuneCP5_PSweights_13TeV-powheg-pythia8/NANOAODSIM/PU2017_12Apr2018_Nano25Oct2019_102X_mc2017_realistic_v7-v1/260000/AADD53F8-C6B2-7440-AC92-59F90BABC3CA.root (768000 entries). Finally selected 155 entries
Pre-select 901100 entries out of 901100 (100.00%)
Processed    10000/  901100 entries,  1.11% (elapsed time    20.2s, curr speed    0.496 kHz, avg speed    0.496 kHz), accepted        1/   10001 events ( 0.01%)
Processed    20000/  901100 entries,  2.22% (elapsed time    29.8s, curr speed    1.041 kHz, avg speed    0.672 kHz), accepted        1/   20001 events ( 0.00%)
Processed    30000/  901100 entries,  3.33% (elapsed time    58.1s, curr speed    0.353 kHz, avg speed    0.517 kHz), accepted        5/   30001 events ( 0.02%)
Processed    40000/  901100 entries,  4.44% (elapsed time    78.4s, curr speed    0.491 kHz, avg speed    0.510 kHz), accepted        8/   40001 events ( 0.02%)
Processed    50000/  901100 entries,  5.55% (elapsed time   107.2s, curr speed    0.348 kHz, avg speed    0.467 kHz), accepted       11/   50001 events ( 0.02%)
Processed    60000/  901100 entries,  6.66% (elapsed time   116.7s, curr speed    1.049 kHz, avg speed    0.514 kHz), accepted       11/   60001 events ( 0.02%)
Processed    70000/  901100 entries,  7.77% (elapsed time   129.3s, curr speed    0.796 kHz, avg speed    0.541 kHz), accepted       12/   70001 events ( 0.02%)
Processed    80000/  901100 entries,  8.88% (elapsed time   145.7s, curr speed    0.607 kHz, avg speed    0.549 kHz), accepted       15/   80001 events ( 0.02%)
Processed    90000/  901100 entries,  9.99% (elapsed time   165.0s, curr speed    0.519 kHz, avg speed    0.545 kHz), accepted       16/   90001 events ( 0.02%)
Processed   100000/  901100 entries, 11.10% (elapsed time   192.2s, curr speed    0.368 kHz, avg speed    0.520 kHz), accepted       20/  100001 events ( 0.02%)
Processed   110000/  901100 entries, 12.21% (elapsed time   216.7s, curr speed    0.409 kHz, avg speed    0.508 kHz), accepted       26/  110001 events ( 0.02%)
Processed   120000/  901100 entries, 13.32% (elapsed time   237.9s, curr speed    0.470 kHz, avg speed    0.504 kHz), accepted       30/  120001 events ( 0.02%)
Processed   130000/  901100 entries, 14.43% (elapsed time   257.7s, curr speed    0.506 kHz, avg speed    0.505 kHz), accepted       31/  130001 events ( 0.02%)
Processed   140000/  901100 entries, 15.54% (elapsed time   283.7s, curr speed    0.385 kHz, avg speed    0.494 kHz), accepted       32/  140001 events ( 0.02%)
Processed   150000/  901100 entries, 16.65% (elapsed time   331.9s, curr speed    0.207 kHz, avg speed    0.452 kHz), accepted       33/  150001 events ( 0.02%)
Processed   160000/  901100 entries, 17.76% (elapsed time   377.5s, curr speed    0.219 kHz, avg speed    0.424 kHz), accepted       36/  160001 events ( 0.02%)
Processed   170000/  901100 entries, 18.87% (elapsed time   465.7s, curr speed    0.113 kHz, avg speed    0.365 kHz), accepted       39/  170001 events ( 0.02%)
Processed   180000/  901100 entries, 19.98% (elapsed time   506.5s, curr speed    0.245 kHz, avg speed    0.355 kHz), accepted       42/  180001 events ( 0.02%)
Processed   190000/  901100 entries, 21.09% (elapsed time   521.0s, curr speed    0.687 kHz, avg speed    0.365 kHz), accepted       43/  190001 events ( 0.02%)
Processed   200000/  901100 entries, 22.20% (elapsed time   555.4s, curr speed    0.291 kHz, avg speed    0.360 kHz), accepted       46/  200001 events ( 0.02%)
Processed   210000/  901100 entries, 23.30% (elapsed time   570.2s, curr speed    0.674 kHz, avg speed    0.368 kHz), accepted       47/  210001 events ( 0.02%)
Processed   220000/  901100 entries, 24.41% (elapsed time   593.1s, curr speed    0.437 kHz, avg speed    0.371 kHz), accepted       48/  220001 events ( 0.02%)
Processed   230000/  901100 entries, 25.52% (elapsed time   615.4s, curr speed    0.448 kHz, avg speed    0.374 kHz), accepted       50/  230001 events ( 0.02%)
Processed   240000/  901100 entries, 26.63% (elapsed time   632.1s, curr speed    0.599 kHz, avg speed    0.380 kHz), accepted       50/  240001 events ( 0.02%)
Processed   250000/  901100 entries, 27.74% (elapsed time   658.0s, curr speed    0.386 kHz, avg speed    0.380 kHz), accepted       55/  250001 events ( 0.02%)
Processed   260000/  901100 entries, 28.85% (elapsed time   693.3s, curr speed    0.284 kHz, avg speed    0.375 kHz), accepted       57/  260001 events ( 0.02%)
Processed   270000/  901100 entries, 29.96% (elapsed time   716.8s, curr speed    0.424 kHz, avg speed    0.377 kHz), accepted       63/  270001 events ( 0.02%)
Processed   280000/  901100 entries, 31.07% (elapsed time   734.9s, curr speed    0.555 kHz, avg speed    0.381 kHz), accepted       64/  280001 events ( 0.02%)
Processed   290000/  901100 entries, 32.18% (elapsed time   751.5s, curr speed    0.600 kHz, avg speed    0.386 kHz), accepted       64/  290001 events ( 0.02%)
Processed   300000/  901100 entries, 33.29% (elapsed time   777.8s, curr speed    0.381 kHz, avg speed    0.386 kHz), accepted       66/  300001 events ( 0.02%)
Processed   310000/  901100 entries, 34.40% (elapsed time   803.8s, curr speed    0.384 kHz, avg speed    0.386 kHz), accepted       70/  310001 events ( 0.02%)
Processed   320000/  901100 entries, 35.51% (elapsed time   826.3s, curr speed    0.445 kHz, avg speed    0.387 kHz), accepted       76/  320001 events ( 0.02%)
Processed   330000/  901100 entries, 36.62% (elapsed time   838.0s, curr speed    0.851 kHz, avg speed    0.394 kHz), accepted       76/  330001 events ( 0.02%)
Processed   340000/  901100 entries, 37.73% (elapsed time   848.1s, curr speed    0.991 kHz, avg speed    0.401 kHz), accepted       76/  340001 events ( 0.02%)
Processed   350000/  901100 entries, 38.84% (elapsed time   858.3s, curr speed    0.982 kHz, avg speed    0.408 kHz), accepted       76/  350001 events ( 0.02%)
Processed   360000/  901100 entries, 39.95% (elapsed time   869.1s, curr speed    0.925 kHz, avg speed    0.414 kHz), accepted       76/  360001 events ( 0.02%)
Processed   370000/  901100 entries, 41.06% (elapsed time   889.9s, curr speed    0.481 kHz, avg speed    0.416 kHz), accepted       79/  370001 events ( 0.02%)
Processed   380000/  901100 entries, 42.17% (elapsed time   914.8s, curr speed    0.401 kHz, avg speed    0.415 kHz), accepted       81/  380001 events ( 0.02%)
Processed   390000/  901100 entries, 43.28% (elapsed time   925.5s, curr speed    0.941 kHz, avg speed    0.421 kHz), accepted       81/  390001 events ( 0.02%)
Processed   400000/  901100 entries, 44.39% (elapsed time   942.0s, curr speed    0.604 kHz, avg speed    0.425 kHz), accepted       84/  400001 events ( 0.02%)
Processed   410000/  901100 entries, 45.50% (elapsed time   969.4s, curr speed    0.365 kHz, avg speed    0.423 kHz), accepted       89/  410001 events ( 0.02%)
Processed   420000/  901100 entries, 46.61% (elapsed time   994.2s, curr speed    0.404 kHz, avg speed    0.422 kHz), accepted       92/  420001 events ( 0.02%)
Processed   430000/  901100 entries, 47.72% (elapsed time  1019.0s, curr speed    0.404 kHz, avg speed    0.422 kHz), accepted       97/  430001 events ( 0.02%)
Processed   440000/  901100 entries, 48.83% (elapsed time  1036.8s, curr speed    0.559 kHz, avg speed    0.424 kHz), accepted       98/  440001 events ( 0.02%)
Processed   450000/  901100 entries, 49.94% (elapsed time  1056.3s, curr speed    0.514 kHz, avg speed    0.426 kHz), accepted      100/  450001 events ( 0.02%)
Processed   460000/  901100 entries, 51.05% (elapsed time  1069.2s, curr speed    0.774 kHz, avg speed    0.430 kHz), accepted      101/  460001 events ( 0.02%)
Processed   470000/  901100 entries, 52.16% (elapsed time  1087.4s, curr speed    0.551 kHz, avg speed    0.432 kHz), accepted      102/  470001 events ( 0.02%)
Processed   480000/  901100 entries, 53.27% (elapsed time  1099.3s, curr speed    0.835 kHz, avg speed    0.437 kHz), accepted      102/  480001 events ( 0.02%)
Processed   490000/  901100 entries, 54.38% (elapsed time  1120.5s, curr speed    0.472 kHz, avg speed    0.437 kHz), accepted      105/  490001 events ( 0.02%)
Processed   500000/  901100 entries, 55.49% (elapsed time  1135.4s, curr speed    0.672 kHz, avg speed    0.440 kHz), accepted      106/  500001 events ( 0.02%)
Processed   510000/  901100 entries, 56.60% (elapsed time  1154.3s, curr speed    0.530 kHz, avg speed    0.442 kHz), accepted      108/  510001 events ( 0.02%)
Processed   520000/  901100 entries, 57.71% (elapsed time  1164.5s, curr speed    0.979 kHz, avg speed    0.447 kHz), accepted      108/  520001 events ( 0.02%)
Processed   530000/  901100 entries, 58.82% (elapsed time  1193.1s, curr speed    0.349 kHz, avg speed    0.444 kHz), accepted      111/  530001 events ( 0.02%)
Processed   540000/  901100 entries, 59.93% (elapsed time  1204.0s, curr speed    0.917 kHz, avg speed    0.448 kHz), accepted      111/  540001 events ( 0.02%)
Processed   550000/  901100 entries, 61.04% (elapsed time  1213.2s, curr speed    1.085 kHz, avg speed    0.453 kHz), accepted      111/  550001 events ( 0.02%)
Processed   560000/  901100 entries, 62.15% (elapsed time  1229.6s, curr speed    0.610 kHz, avg speed    0.455 kHz), accepted      112/  560001 events ( 0.02%)
Processed   570000/  901100 entries, 63.26% (elapsed time  1246.5s, curr speed    0.592 kHz, avg speed    0.457 kHz), accepted      114/  570001 events ( 0.02%)
Processed   580000/  901100 entries, 64.37% (elapsed time  1280.6s, curr speed    0.294 kHz, avg speed    0.453 kHz), accepted      119/  580001 events ( 0.02%)
Processed   590000/  901100 entries, 65.48% (elapsed time  1291.3s, curr speed    0.933 kHz, avg speed    0.457 kHz), accepted      119/  590001 events ( 0.02%)
Processed   600000/  901100 entries, 66.59% (elapsed time  1310.8s, curr speed    0.514 kHz, avg speed    0.458 kHz), accepted      121/  600001 events ( 0.02%)
Processed   610000/  901100 entries, 67.70% (elapsed time  1331.0s, curr speed    0.494 kHz, avg speed    0.458 kHz), accepted      122/  610001 events ( 0.02%)
Processed   620000/  901100 entries, 68.80% (elapsed time  1357.7s, curr speed    0.375 kHz, avg speed    0.457 kHz), accepted      125/  620001 events ( 0.02%)
Processed   630000/  901100 entries, 69.91% (elapsed time  1369.9s, curr speed    0.819 kHz, avg speed    0.460 kHz), accepted      127/  630001 events ( 0.02%)
Processed   640000/  901100 entries, 71.02% (elapsed time  1399.5s, curr speed    0.337 kHz, avg speed    0.457 kHz), accepted      130/  640001 events ( 0.02%)
Processed   650000/  901100 entries, 72.13% (elapsed time  1426.3s, curr speed    0.374 kHz, avg speed    0.456 kHz), accepted      132/  650001 events ( 0.02%)
Processed   660000/  901100 entries, 73.24% (elapsed time  1444.0s, curr speed    0.564 kHz, avg speed    0.457 kHz), accepted      134/  660001 events ( 0.02%)
Processed   670000/  901100 entries, 74.35% (elapsed time  1468.4s, curr speed    0.410 kHz, avg speed    0.456 kHz), accepted      136/  670001 events ( 0.02%)
Processed   680000/  901100 entries, 75.46% (elapsed time  1494.8s, curr speed    0.379 kHz, avg speed    0.455 kHz), accepted      138/  680001 events ( 0.02%)
Processed   690000/  901100 entries, 76.57% (elapsed time  1513.5s, curr speed    0.534 kHz, avg speed    0.456 kHz), accepted      140/  690001 events ( 0.02%)
Processed   700000/  901100 entries, 77.68% (elapsed time  1536.5s, curr speed    0.436 kHz, avg speed    0.456 kHz), accepted      141/  700001 events ( 0.02%)
Processed   710000/  901100 entries, 78.79% (elapsed time  1562.7s, curr speed    0.381 kHz, avg speed    0.454 kHz), accepted      143/  710001 events ( 0.02%)
Processed   720000/  901100 entries, 79.90% (elapsed time  1580.5s, curr speed    0.561 kHz, avg speed    0.456 kHz), accepted      146/  720001 events ( 0.02%)
Processed   730000/  901100 entries, 81.01% (elapsed time  1603.7s, curr speed    0.431 kHz, avg speed    0.455 kHz), accepted      149/  730001 events ( 0.02%)
Processed   740000/  901100 entries, 82.12% (elapsed time  1627.3s, curr speed    0.425 kHz, avg speed    0.455 kHz), accepted      151/  740001 events ( 0.02%)
Processed   750000/  901100 entries, 83.23% (elapsed time  1639.1s, curr speed    0.846 kHz, avg speed    0.458 kHz), accepted      151/  750001 events ( 0.02%)
Processed   760000/  901100 entries, 84.34% (elapsed time  1674.1s, curr speed    0.286 kHz, avg speed    0.454 kHz), accepted      155/  760001 events ( 0.02%)
Processed   770000/  901100 entries, 85.45% (elapsed time  1693.2s, curr speed    0.522 kHz, avg speed    0.455 kHz), accepted      155/  770001 events ( 0.02%)
Processed   780000/  901100 entries, 86.56% (elapsed time  1728.1s, curr speed    0.286 kHz, avg speed    0.451 kHz), accepted      157/  780001 events ( 0.02%)
Processed   790000/  901100 entries, 87.67% (elapsed time  1753.3s, curr speed    0.397 kHz, avg speed    0.451 kHz), accepted      161/  790001 events ( 0.02%)
Processed   800000/  901100 entries, 88.78% (elapsed time  1769.3s, curr speed    0.626 kHz, avg speed    0.452 kHz), accepted      162/  800001 events ( 0.02%)
Processed   810000/  901100 entries, 89.89% (elapsed time  1786.1s, curr speed    0.596 kHz, avg speed    0.454 kHz), accepted      164/  810001 events ( 0.02%)
Processed   820000/  901100 entries, 91.00% (elapsed time  1806.0s, curr speed    0.502 kHz, avg speed    0.454 kHz), accepted      167/  820001 events ( 0.02%)
Processed   830000/  901100 entries, 92.11% (elapsed time  1822.1s, curr speed    0.624 kHz, avg speed    0.456 kHz), accepted      168/  830001 events ( 0.02%)
Processed   840000/  901100 entries, 93.22% (elapsed time  1833.4s, curr speed    0.879 kHz, avg speed    0.458 kHz), accepted      168/  840001 events ( 0.02%)
Processed   850000/  901100 entries, 94.33% (elapsed time  1854.5s, curr speed    0.475 kHz, avg speed    0.458 kHz), accepted      170/  850001 events ( 0.02%)
Processed   860000/  901100 entries, 95.44% (elapsed time  1878.8s, curr speed    0.411 kHz, avg speed    0.458 kHz), accepted      174/  860001 events ( 0.02%)
Processed   870000/  901100 entries, 96.55% (elapsed time  1895.8s, curr speed    0.588 kHz, avg speed    0.459 kHz), accepted      177/  870001 events ( 0.02%)
Processed   880000/  901100 entries, 97.66% (elapsed time  1920.1s, curr speed    0.412 kHz, avg speed    0.458 kHz), accepted      179/  880001 events ( 0.02%)
Processed   890000/  901100 entries, 98.77% (elapsed time  1930.5s, curr speed    0.961 kHz, avg speed    0.461 kHz), accepted      179/  890001 events ( 0.02%)
Processed   900000/  901100 entries, 99.88% (elapsed time  1974.1s, curr speed    0.229 kHz, avg speed    0.456 kHz), accepted      183/  900001 events ( 0.02%)
Processed 901100 preselected entries from root://cms-xrd-global.cern.ch//store/mc/RunIIFall17NanoAODv6/ST_t-channel_antitop_4f_InclusiveDecays_TuneCP5_PSweights_13TeV-powheg-pythia8/NANOAODSIM/PU2017_12Apr2018_Nano25Oct2019_102X_mc2017_realistic_v7-v1/260000/B24D96E3-FFC4-4544-B3F0-D7E599850926.root (901100 entries). Finally selected 183 entries
Pre-select 192000 entries out of 192000 (100.00%)
Processed    10000/  192000 entries,  5.21% (elapsed time     8.8s, curr speed    1.136 kHz, avg speed    1.136 kHz), accepted        4/   10001 events ( 0.04%)
Processed    20000/  192000 entries, 10.42% (elapsed time    13.1s, curr speed    2.317 kHz, avg speed    1.525 kHz), accepted        5/   20001 events ( 0.02%)
Processed    30000/  192000 entries, 15.62% (elapsed time    20.3s, curr speed    1.402 kHz, avg speed    1.481 kHz), accepted        7/   30001 events ( 0.02%)
Processed    40000/  192000 entries, 20.83% (elapsed time    26.5s, curr speed    1.607 kHz, avg speed    1.511 kHz), accepted       11/   40001 events ( 0.03%)
Processed    50000/  192000 entries, 26.04% (elapsed time    34.1s, curr speed    1.307 kHz, avg speed    1.465 kHz), accepted       16/   50001 events ( 0.03%)
Processed    60000/  192000 entries, 31.25% (elapsed time    37.3s, curr speed    3.157 kHz, avg speed    1.609 kHz), accepted       16/   60001 events ( 0.03%)
Processed    70000/  192000 entries, 36.46% (elapsed time    43.9s, curr speed    1.523 kHz, avg speed    1.596 kHz), accepted       18/   70001 events ( 0.03%)
Processed    80000/  192000 entries, 41.67% (elapsed time    48.9s, curr speed    2.001 kHz, avg speed    1.638 kHz), accepted       19/   80001 events ( 0.02%)
Processed    90000/  192000 entries, 46.88% (elapsed time    55.4s, curr speed    1.528 kHz, avg speed    1.625 kHz), accepted       22/   90001 events ( 0.02%)
Processed   100000/  192000 entries, 52.08% (elapsed time    64.2s, curr speed    1.130 kHz, avg speed    1.557 kHz), accepted       25/  100001 events ( 0.02%)
Processed   110000/  192000 entries, 57.29% (elapsed time    68.8s, curr speed    2.202 kHz, avg speed    1.599 kHz), accepted       25/  110001 events ( 0.02%)
Processed   120000/  192000 entries, 62.50% (elapsed time    72.4s, curr speed    2.795 kHz, avg speed    1.658 kHz), accepted       25/  120001 events ( 0.02%)
Processed   130000/  192000 entries, 67.71% (elapsed time    77.0s, curr speed    2.134 kHz, avg speed    1.687 kHz), accepted       27/  130001 events ( 0.02%)
Processed   140000/  192000 entries, 72.92% (elapsed time    83.8s, curr speed    1.477 kHz, avg speed    1.670 kHz), accepted       31/  140001 events ( 0.02%)
Processed   150000/  192000 entries, 78.12% (elapsed time    88.6s, curr speed    2.099 kHz, avg speed    1.693 kHz), accepted       32/  150001 events ( 0.02%)
Processed   160000/  192000 entries, 83.33% (elapsed time    91.6s, curr speed    3.359 kHz, avg speed    1.747 kHz), accepted       32/  160001 events ( 0.02%)
Processed   170000/  192000 entries, 88.54% (elapsed time    97.6s, curr speed    1.656 kHz, avg speed    1.742 kHz), accepted       37/  170001 events ( 0.02%)
Processed   180000/  192000 entries, 93.75% (elapsed time   100.8s, curr speed    3.078 kHz, avg speed    1.785 kHz), accepted       37/  180001 events ( 0.02%)
Processed   190000/  192000 entries, 98.96% (elapsed time   105.1s, curr speed    2.360 kHz, avg speed    1.808 kHz), accepted       40/  190001 events ( 0.02%)
Processed 192000 preselected entries from root://cms-xrd-global.cern.ch//store/mc/RunIIFall17NanoAODv6/ST_t-channel_antitop_4f_InclusiveDecays_TuneCP5_PSweights_13TeV-powheg-pythia8/NANOAODSIM/PU2017_12Apr2018_Nano25Oct2019_102X_mc2017_realistic_v7-v1/260000/B73A7DF2-FFA9-504A-BFCF-BCF483249BBB.root (192000 entries). Finally selected 40 entries
Pre-select 1248000 entries out of 1248000 (100.00%)
Processed    10000/ 1248000 entries,  0.80% (elapsed time     7.7s, curr speed    1.293 kHz, avg speed    1.293 kHz), accepted        2/   10001 events ( 0.02%)
Processed    20000/ 1248000 entries,  1.60% (elapsed time    15.5s, curr speed    1.287 kHz, avg speed    1.290 kHz), accepted        5/   20001 events ( 0.02%)
Processed    30000/ 1248000 entries,  2.40% (elapsed time    22.2s, curr speed    1.504 kHz, avg speed    1.354 kHz), accepted       11/   30001 events ( 0.04%)
Processed    40000/ 1248000 entries,  3.21% (elapsed time    25.9s, curr speed    2.668 kHz, avg speed    1.544 kHz), accepted       11/   40001 events ( 0.03%)
Processed    50000/ 1248000 entries,  4.01% (elapsed time    33.4s, curr speed    1.337 kHz, avg speed    1.498 kHz), accepted       12/   50001 events ( 0.02%)
Processed    60000/ 1248000 entries,  4.81% (elapsed time    54.6s, curr speed    0.470 kHz, avg speed    1.098 kHz), accepted       15/   60001 events ( 0.02%)
Processed    70000/ 1248000 entries,  5.61% (elapsed time    67.5s, curr speed    0.776 kHz, avg speed    1.036 kHz), accepted       20/   70001 events ( 0.03%)
Processed    80000/ 1248000 entries,  6.41% (elapsed time    73.5s, curr speed    1.673 kHz, avg speed    1.088 kHz), accepted       20/   80001 events ( 0.02%)
Processed    90000/ 1248000 entries,  7.21% (elapsed time    82.9s, curr speed    1.067 kHz, avg speed    1.086 kHz), accepted       22/   90001 events ( 0.02%)
Processed   100000/ 1248000 entries,  8.01% (elapsed time    98.7s, curr speed    0.632 kHz, avg speed    1.013 kHz), accepted       26/  100001 events ( 0.03%)
Processed   110000/ 1248000 entries,  8.81% (elapsed time   102.3s, curr speed    2.796 kHz, avg speed    1.075 kHz), accepted       26/  110001 events ( 0.02%)
Processed   120000/ 1248000 entries,  9.62% (elapsed time   107.4s, curr speed    1.939 kHz, avg speed    1.117 kHz), accepted       27/  120001 events ( 0.02%)
Processed   130000/ 1248000 entries, 10.42% (elapsed time   112.2s, curr speed    2.088 kHz, avg speed    1.158 kHz), accepted       28/  130001 events ( 0.02%)
Processed   140000/ 1248000 entries, 11.22% (elapsed time   116.7s, curr speed    2.221 kHz, avg speed    1.199 kHz), accepted       29/  140001 events ( 0.02%)
Processed   150000/ 1248000 entries, 12.02% (elapsed time   120.4s, curr speed    2.742 kHz, avg speed    1.246 kHz), accepted       29/  150001 events ( 0.02%)
Processed   160000/ 1248000 entries, 12.82% (elapsed time   126.3s, curr speed    1.674 kHz, avg speed    1.266 kHz), accepted       30/  160001 events ( 0.02%)
Processed   170000/ 1248000 entries, 13.62% (elapsed time   130.4s, curr speed    2.471 kHz, avg speed    1.304 kHz), accepted       30/  170001 events ( 0.02%)
Processed   180000/ 1248000 entries, 14.42% (elapsed time   139.2s, curr speed    1.139 kHz, avg speed    1.293 kHz), accepted       34/  180001 events ( 0.02%)
Processed   190000/ 1248000 entries, 15.22% (elapsed time   148.3s, curr speed    1.096 kHz, avg speed    1.281 kHz), accepted       39/  190001 events ( 0.02%)
Processed   200000/ 1248000 entries, 16.03% (elapsed time   156.1s, curr speed    1.284 kHz, avg speed    1.281 kHz), accepted       39/  200001 events ( 0.02%)
Processed   210000/ 1248000 entries, 16.83% (elapsed time   174.0s, curr speed    0.559 kHz, avg speed    1.207 kHz), accepted       40/  210001 events ( 0.02%)
Processed   220000/ 1248000 entries, 17.63% (elapsed time   190.4s, curr speed    0.609 kHz, avg speed    1.156 kHz), accepted       43/  220001 events ( 0.02%)
Processed   230000/ 1248000 entries, 18.43% (elapsed time   200.5s, curr speed    0.989 kHz, avg speed    1.147 kHz), accepted       44/  230001 events ( 0.02%)
Processed   240000/ 1248000 entries, 19.23% (elapsed time   207.7s, curr speed    1.383 kHz, avg speed    1.155 kHz), accepted       46/  240001 events ( 0.02%)
Processed   250000/ 1248000 entries, 20.03% (elapsed time   211.3s, curr speed    2.824 kHz, avg speed    1.183 kHz), accepted       46/  250001 events ( 0.02%)
Processed   260000/ 1248000 entries, 20.83% (elapsed time   219.7s, curr speed    1.192 kHz, avg speed    1.184 kHz), accepted       49/  260001 events ( 0.02%)
Processed   270000/ 1248000 entries, 21.63% (elapsed time   223.3s, curr speed    2.755 kHz, avg speed    1.209 kHz), accepted       49/  270001 events ( 0.02%)
Processed   280000/ 1248000 entries, 22.44% (elapsed time   229.9s, curr speed    1.525 kHz, avg speed    1.218 kHz), accepted       50/  280001 events ( 0.02%)
Processed   290000/ 1248000 entries, 23.24% (elapsed time   239.9s, curr speed    0.991 kHz, avg speed    1.209 kHz), accepted       53/  290001 events ( 0.02%)
Processed   300000/ 1248000 entries, 24.04% (elapsed time   259.4s, curr speed    0.514 kHz, avg speed    1.157 kHz), accepted       56/  300001 events ( 0.02%)
Processed   310000/ 1248000 entries, 24.84% (elapsed time   275.1s, curr speed    0.638 kHz, avg speed    1.127 kHz), accepted       58/  310001 events ( 0.02%)
Processed   320000/ 1248000 entries, 25.64% (elapsed time   290.7s, curr speed    0.640 kHz, avg speed    1.101 kHz), accepted       59/  320001 events ( 0.02%)
Processed   330000/ 1248000 entries, 26.44% (elapsed time   302.7s, curr speed    0.834 kHz, avg speed    1.090 kHz), accepted       60/  330001 events ( 0.02%)
Processed   340000/ 1248000 entries, 27.24% (elapsed time   313.1s, curr speed    0.960 kHz, avg speed    1.086 kHz), accepted       60/  340001 events ( 0.02%)
Processed   350000/ 1248000 entries, 28.04% (elapsed time   335.9s, curr speed    0.439 kHz, avg speed    1.042 kHz), accepted       65/  350001 events ( 0.02%)
Processed   360000/ 1248000 entries, 28.85% (elapsed time   342.1s, curr speed    1.617 kHz, avg speed    1.052 kHz), accepted       66/  360001 events ( 0.02%)
Processed   370000/ 1248000 entries, 29.65% (elapsed time   350.7s, curr speed    1.164 kHz, avg speed    1.055 kHz), accepted       68/  370001 events ( 0.02%)
Processed   380000/ 1248000 entries, 30.45% (elapsed time   356.3s, curr speed    1.759 kHz, avg speed    1.066 kHz), accepted       69/  380001 events ( 0.02%)
Processed   390000/ 1248000 entries, 31.25% (elapsed time   359.8s, curr speed    2.906 kHz, avg speed    1.084 kHz), accepted       69/  390001 events ( 0.02%)
Processed   400000/ 1248000 entries, 32.05% (elapsed time   366.5s, curr speed    1.481 kHz, avg speed    1.091 kHz), accepted       71/  400001 events ( 0.02%)
Processed   410000/ 1248000 entries, 32.85% (elapsed time   374.9s, curr speed    1.200 kHz, avg speed    1.094 kHz), accepted       73/  410001 events ( 0.02%)
Processed   420000/ 1248000 entries, 33.65% (elapsed time   380.2s, curr speed    1.878 kHz, avg speed    1.105 kHz), accepted       73/  420001 events ( 0.02%)
Processed   430000/ 1248000 entries, 34.46% (elapsed time   386.2s, curr speed    1.664 kHz, avg speed    1.113 kHz), accepted       75/  430001 events ( 0.02%)
Processed   440000/ 1248000 entries, 35.26% (elapsed time   393.3s, curr speed    1.401 kHz, avg speed    1.119 kHz), accepted       79/  440001 events ( 0.02%)
Processed   450000/ 1248000 entries, 36.06% (elapsed time   399.6s, curr speed    1.611 kHz, avg speed    1.126 kHz), accepted       80/  450001 events ( 0.02%)
Processed   460000/ 1248000 entries, 36.86% (elapsed time   403.5s, curr speed    2.560 kHz, avg speed    1.140 kHz), accepted       80/  460001 events ( 0.02%)
Processed   470000/ 1248000 entries, 37.66% (elapsed time   411.8s, curr speed    1.193 kHz, avg speed    1.141 kHz), accepted       83/  470001 events ( 0.02%)
Processed   480000/ 1248000 entries, 38.46% (elapsed time   416.0s, curr speed    2.420 kHz, avg speed    1.154 kHz), accepted       84/  480001 events ( 0.02%)
Processed   490000/ 1248000 entries, 39.26% (elapsed time   422.1s, curr speed    1.634 kHz, avg speed    1.161 kHz), accepted       85/  490001 events ( 0.02%)
Processed   500000/ 1248000 entries, 40.06% (elapsed time   429.1s, curr speed    1.436 kHz, avg speed    1.165 kHz), accepted       87/  500001 events ( 0.02%)
Processed   510000/ 1248000 entries, 40.87% (elapsed time   433.5s, curr speed    2.259 kHz, avg speed    1.177 kHz), accepted       87/  510001 events ( 0.02%)
Processed   520000/ 1248000 entries, 41.67% (elapsed time   444.6s, curr speed    0.898 kHz, avg speed    1.170 kHz), accepted       90/  520001 events ( 0.02%)
Processed   530000/ 1248000 entries, 42.47% (elapsed time   454.0s, curr speed    1.068 kHz, avg speed    1.167 kHz), accepted       93/  530001 events ( 0.02%)
Processed   540000/ 1248000 entries, 43.27% (elapsed time   457.5s, curr speed    2.860 kHz, avg speed    1.180 kHz), accepted       95/  540001 events ( 0.02%)
Processed   550000/ 1248000 entries, 44.07% (elapsed time   464.1s, curr speed    1.510 kHz, avg speed    1.185 kHz), accepted       98/  550001 events ( 0.02%)
Processed   560000/ 1248000 entries, 44.87% (elapsed time   467.6s, curr speed    2.851 kHz, avg speed    1.198 kHz), accepted       98/  560001 events ( 0.02%)
Processed   570000/ 1248000 entries, 45.67% (elapsed time   473.3s, curr speed    1.771 kHz, avg speed    1.204 kHz), accepted      104/  570001 events ( 0.02%)
Processed   580000/ 1248000 entries, 46.47% (elapsed time   479.1s, curr speed    1.703 kHz, avg speed    1.211 kHz), accepted      105/  580001 events ( 0.02%)
Processed   590000/ 1248000 entries, 47.28% (elapsed time   485.8s, curr speed    1.506 kHz, avg speed    1.215 kHz), accepted      107/  590001 events ( 0.02%)
Processed   600000/ 1248000 entries, 48.08% (elapsed time   494.9s, curr speed    1.090 kHz, avg speed    1.212 kHz), accepted      109/  600001 events ( 0.02%)
Processed   610000/ 1248000 entries, 48.88% (elapsed time   500.5s, curr speed    1.788 kHz, avg speed    1.219 kHz), accepted      111/  610001 events ( 0.02%)
Processed   620000/ 1248000 entries, 49.68% (elapsed time   511.5s, curr speed    0.910 kHz, avg speed    1.212 kHz), accepted      114/  620001 events ( 0.02%)
Processed   630000/ 1248000 entries, 50.48% (elapsed time   521.2s, curr speed    1.037 kHz, avg speed    1.209 kHz), accepted      116/  630001 events ( 0.02%)
Processed   640000/ 1248000 entries, 51.28% (elapsed time   524.7s, curr speed    2.836 kHz, avg speed    1.220 kHz), accepted      116/  640001 events ( 0.02%)
Processed   650000/ 1248000 entries, 52.08% (elapsed time   531.9s, curr speed    1.388 kHz, avg speed    1.222 kHz), accepted      119/  650001 events ( 0.02%)
Processed   660000/ 1248000 entries, 52.88% (elapsed time   535.5s, curr speed    2.758 kHz, avg speed    1.232 kHz), accepted      119/  660001 events ( 0.02%)
Processed   670000/ 1248000 entries, 53.69% (elapsed time   544.0s, curr speed    1.187 kHz, avg speed    1.232 kHz), accepted      123/  670001 events ( 0.02%)
Processed   680000/ 1248000 entries, 54.49% (elapsed time   550.6s, curr speed    1.507 kHz, avg speed    1.235 kHz), accepted      126/  680001 events ( 0.02%)
Processed   690000/ 1248000 entries, 55.29% (elapsed time   555.8s, curr speed    1.914 kHz, avg speed    1.241 kHz), accepted      127/  690001 events ( 0.02%)
Processed   700000/ 1248000 entries, 56.09% (elapsed time   563.6s, curr speed    1.285 kHz, avg speed    1.242 kHz), accepted      129/  700001 events ( 0.02%)
Processed   710000/ 1248000 entries, 56.89% (elapsed time   570.7s, curr speed    1.403 kHz, avg speed    1.244 kHz), accepted      130/  710001 events ( 0.02%)
Processed   720000/ 1248000 entries, 57.69% (elapsed time   578.2s, curr speed    1.336 kHz, avg speed    1.245 kHz), accepted      132/  720001 events ( 0.02%)
Processed   730000/ 1248000 entries, 58.49% (elapsed time   584.0s, curr speed    1.729 kHz, avg speed    1.250 kHz), accepted      134/  730001 events ( 0.02%)
Processed   740000/ 1248000 entries, 59.29% (elapsed time   590.2s, curr speed    1.623 kHz, avg speed    1.254 kHz), accepted      137/  740001 events ( 0.02%)
Processed   750000/ 1248000 entries, 60.10% (elapsed time   596.1s, curr speed    1.699 kHz, avg speed    1.258 kHz), accepted      141/  750001 events ( 0.02%)
Processed   760000/ 1248000 entries, 60.90% (elapsed time   600.6s, curr speed    2.204 kHz, avg speed    1.265 kHz), accepted      142/  760001 events ( 0.02%)
Processed   770000/ 1248000 entries, 61.70% (elapsed time   607.7s, curr speed    1.413 kHz, avg speed    1.267 kHz), accepted      144/  770001 events ( 0.02%)
Processed   780000/ 1248000 entries, 62.50% (elapsed time   613.1s, curr speed    1.839 kHz, avg speed    1.272 kHz), accepted      146/  780001 events ( 0.02%)
Processed   790000/ 1248000 entries, 63.30% (elapsed time   620.1s, curr speed    1.421 kHz, avg speed    1.274 kHz), accepted      148/  790001 events ( 0.02%)
Processed   800000/ 1248000 entries, 64.10% (elapsed time   625.1s, curr speed    2.031 kHz, avg speed    1.280 kHz), accepted      149/  800001 events ( 0.02%)
Processed   810000/ 1248000 entries, 64.90% (elapsed time   632.7s, curr speed    1.311 kHz, avg speed    1.280 kHz), accepted      152/  810001 events ( 0.02%)
Processed   820000/ 1248000 entries, 65.71% (elapsed time   638.0s, curr speed    1.901 kHz, avg speed    1.285 kHz), accepted      153/  820001 events ( 0.02%)
Processed   830000/ 1248000 entries, 66.51% (elapsed time   643.6s, curr speed    1.778 kHz, avg speed    1.290 kHz), accepted      156/  830001 events ( 0.02%)
Processed   840000/ 1248000 entries, 67.31% (elapsed time   647.1s, curr speed    2.865 kHz, avg speed    1.298 kHz), accepted      157/  840001 events ( 0.02%)
Processed   850000/ 1248000 entries, 68.11% (elapsed time   652.3s, curr speed    1.895 kHz, avg speed    1.303 kHz), accepted      158/  850001 events ( 0.02%)
Processed   860000/ 1248000 entries, 68.91% (elapsed time   660.6s, curr speed    1.219 kHz, avg speed    1.302 kHz), accepted      160/  860001 events ( 0.02%)
Processed   870000/ 1248000 entries, 69.71% (elapsed time   665.4s, curr speed    2.083 kHz, avg speed    1.308 kHz), accepted      160/  870001 events ( 0.02%)
Processed   880000/ 1248000 entries, 70.51% (elapsed time   673.0s, curr speed    1.307 kHz, avg speed    1.308 kHz), accepted      160/  880001 events ( 0.02%)
Processed   890000/ 1248000 entries, 71.31% (elapsed time   680.5s, curr speed    1.341 kHz, avg speed    1.308 kHz), accepted      162/  890001 events ( 0.02%)
Processed   900000/ 1248000 entries, 72.12% (elapsed time   686.0s, curr speed    1.815 kHz, avg speed    1.312 kHz), accepted      163/  900001 events ( 0.02%)
Processed   910000/ 1248000 entries, 72.92% (elapsed time   689.8s, curr speed    2.614 kHz, avg speed    1.319 kHz), accepted      163/  910001 events ( 0.02%)
Processed   920000/ 1248000 entries, 73.72% (elapsed time   696.7s, curr speed    1.457 kHz, avg speed    1.321 kHz), accepted      167/  920001 events ( 0.02%)
Processed   930000/ 1248000 entries, 74.52% (elapsed time   701.7s, curr speed    1.991 kHz, avg speed    1.325 kHz), accepted      167/  930001 events ( 0.02%)
Processed   940000/ 1248000 entries, 75.32% (elapsed time   708.4s, curr speed    1.498 kHz, avg speed    1.327 kHz), accepted      168/  940001 events ( 0.02%)
Processed   950000/ 1248000 entries, 76.12% (elapsed time   716.4s, curr speed    1.239 kHz, avg speed    1.326 kHz), accepted      171/  950001 events ( 0.02%)
Processed   960000/ 1248000 entries, 76.92% (elapsed time   723.9s, curr speed    1.332 kHz, avg speed    1.326 kHz), accepted      174/  960001 events ( 0.02%)
Processed   970000/ 1248000 entries, 77.72% (elapsed time   729.4s, curr speed    1.841 kHz, avg speed    1.330 kHz), accepted      177/  970001 events ( 0.02%)
Processed   980000/ 1248000 entries, 78.53% (elapsed time   736.9s, curr speed    1.329 kHz, avg speed    1.330 kHz), accepted      179/  980001 events ( 0.02%)
Processed   990000/ 1248000 entries, 79.33% (elapsed time   742.0s, curr speed    1.959 kHz, avg speed    1.334 kHz), accepted      180/  990001 events ( 0.02%)
Processed  1000000/ 1248000 entries, 80.13% (elapsed time   747.3s, curr speed    1.880 kHz, avg speed    1.338 kHz), accepted      182/ 1000001 events ( 0.02%)
Processed  1010000/ 1248000 entries, 80.93% (elapsed time   754.6s, curr speed    1.383 kHz, avg speed    1.339 kHz), accepted      184/ 1010001 events ( 0.02%)
Processed  1020000/ 1248000 entries, 81.73% (elapsed time   760.2s, curr speed    1.771 kHz, avg speed    1.342 kHz), accepted      185/ 1020001 events ( 0.02%)
Processed  1030000/ 1248000 entries, 82.53% (elapsed time   768.5s, curr speed    1.202 kHz, avg speed    1.340 kHz), accepted      189/ 1030001 events ( 0.02%)
Processed  1040000/ 1248000 entries, 83.33% (elapsed time   775.2s, curr speed    1.501 kHz, avg speed    1.342 kHz), accepted      191/ 1040001 events ( 0.02%)
Processed  1050000/ 1248000 entries, 84.13% (elapsed time   785.5s, curr speed    0.966 kHz, avg speed    1.337 kHz), accepted      194/ 1050001 events ( 0.02%)
Processed  1060000/ 1248000 entries, 84.94% (elapsed time   800.4s, curr speed    0.674 kHz, avg speed    1.324 kHz), accepted      200/ 1060001 events ( 0.02%)
Processed  1070000/ 1248000 entries, 85.74% (elapsed time   811.6s, curr speed    0.894 kHz, avg speed    1.318 kHz), accepted      203/ 1070001 events ( 0.02%)
Processed  1080000/ 1248000 entries, 86.54% (elapsed time   823.0s, curr speed    0.871 kHz, avg speed    1.312 kHz), accepted      206/ 1080001 events ( 0.02%)
Processed  1090000/ 1248000 entries, 87.34% (elapsed time   828.3s, curr speed    1.915 kHz, avg speed    1.316 kHz), accepted      207/ 1090001 events ( 0.02%)
Processed  1100000/ 1248000 entries, 88.14% (elapsed time   837.6s, curr speed    1.065 kHz, avg speed    1.313 kHz), accepted      209/ 1100001 events ( 0.02%)
Processed  1110000/ 1248000 entries, 88.94% (elapsed time   842.3s, curr speed    2.157 kHz, avg speed    1.318 kHz), accepted      210/ 1110001 events ( 0.02%)
Processed  1120000/ 1248000 entries, 89.74% (elapsed time   848.5s, curr speed    1.601 kHz, avg speed    1.320 kHz), accepted      211/ 1120001 events ( 0.02%)
Processed  1130000/ 1248000 entries, 90.54% (elapsed time   854.8s, curr speed    1.600 kHz, avg speed    1.322 kHz), accepted      214/ 1130001 events ( 0.02%)
Processed  1140000/ 1248000 entries, 91.35% (elapsed time   858.2s, curr speed    2.939 kHz, avg speed    1.328 kHz), accepted      214/ 1140001 events ( 0.02%)
Processed  1150000/ 1248000 entries, 92.15% (elapsed time   864.7s, curr speed    1.532 kHz, avg speed    1.330 kHz), accepted      215/ 1150001 events ( 0.02%)
Processed  1160000/ 1248000 entries, 92.95% (elapsed time   874.5s, curr speed    1.022 kHz, avg speed    1.326 kHz), accepted      219/ 1160001 events ( 0.02%)
Processed  1170000/ 1248000 entries, 93.75% (elapsed time   882.6s, curr speed    1.229 kHz, avg speed    1.326 kHz), accepted      221/ 1170001 events ( 0.02%)
Processed  1180000/ 1248000 entries, 94.55% (elapsed time   888.5s, curr speed    1.716 kHz, avg speed    1.328 kHz), accepted      225/ 1180001 events ( 0.02%)
Processed  1190000/ 1248000 entries, 95.35% (elapsed time   893.6s, curr speed    1.961 kHz, avg speed    1.332 kHz), accepted      226/ 1190001 events ( 0.02%)
Processed  1200000/ 1248000 entries, 96.15% (elapsed time   899.0s, curr speed    1.836 kHz, avg speed    1.335 kHz), accepted      227/ 1200001 events ( 0.02%)
Processed  1210000/ 1248000 entries, 96.96% (elapsed time   908.2s, curr speed    1.090 kHz, avg speed    1.332 kHz), accepted      231/ 1210001 events ( 0.02%)
Processed  1220000/ 1248000 entries, 97.76% (elapsed time   914.0s, curr speed    1.730 kHz, avg speed    1.335 kHz), accepted      233/ 1220001 events ( 0.02%)
Processed  1230000/ 1248000 entries, 98.56% (elapsed time   919.4s, curr speed    1.842 kHz, avg speed    1.338 kHz), accepted      236/ 1230001 events ( 0.02%)
Processed  1240000/ 1248000 entries, 99.36% (elapsed time   923.1s, curr speed    2.704 kHz, avg speed    1.343 kHz), accepted      237/ 1240001 events ( 0.02%)
Processed 1248000 preselected entries from root://cms-xrd-global.cern.ch//store/mc/RunIIFall17NanoAODv6/ST_t-channel_antitop_4f_InclusiveDecays_TuneCP5_PSweights_13TeV-powheg-pythia8/NANOAODSIM/PU2017_12Apr2018_Nano25Oct2019_102X_mc2017_realistic_v7-v1/260000/DA8C4D2A-B60E-2B45-9D4B-05A44E08E7AF.root (1248000 entries). Finally selected 239 entries
Pre-select 1056000 entries out of 1056000 (100.00%)
Processed    10000/ 1056000 entries,  0.95% (elapsed time     8.1s, curr speed    1.238 kHz, avg speed    1.238 kHz), accepted        1/   10001 events ( 0.01%)
Processed    20000/ 1056000 entries,  1.89% (elapsed time    11.9s, curr speed    2.586 kHz, avg speed    1.675 kHz), accepted        1/   20001 events ( 0.00%)
Processed    30000/ 1056000 entries,  2.84% (elapsed time    20.1s, curr speed    1.228 kHz, avg speed    1.494 kHz), accepted        3/   30001 events ( 0.01%)
Processed    40000/ 1056000 entries,  3.79% (elapsed time    29.7s, curr speed    1.039 kHz, avg speed    1.347 kHz), accepted        5/   40001 events ( 0.01%)
Processed    50000/ 1056000 entries,  4.73% (elapsed time    35.3s, curr speed    1.802 kHz, avg speed    1.418 kHz), accepted        6/   50001 events ( 0.01%)
Processed    60000/ 1056000 entries,  5.68% (elapsed time    42.9s, curr speed    1.301 kHz, avg speed    1.397 kHz), accepted        9/   60001 events ( 0.01%)
Processed    70000/ 1056000 entries,  6.63% (elapsed time    46.7s, curr speed    2.655 kHz, avg speed    1.499 kHz), accepted        9/   70001 events ( 0.01%)
Processed    80000/ 1056000 entries,  7.58% (elapsed time    52.1s, curr speed    1.870 kHz, avg speed    1.537 kHz), accepted       10/   80001 events ( 0.01%)
Processed    90000/ 1056000 entries,  8.52% (elapsed time    57.7s, curr speed    1.769 kHz, avg speed    1.560 kHz), accepted       12/   90001 events ( 0.01%)
Processed   100000/ 1056000 entries,  9.47% (elapsed time    65.7s, curr speed    1.249 kHz, avg speed    1.522 kHz), accepted       15/  100001 events ( 0.01%)
Processed   110000/ 1056000 entries, 10.42% (elapsed time    73.2s, curr speed    1.339 kHz, avg speed    1.503 kHz), accepted       18/  110001 events ( 0.02%)
Processed   120000/ 1056000 entries, 11.36% (elapsed time    76.8s, curr speed    2.758 kHz, avg speed    1.562 kHz), accepted       18/  120001 events ( 0.01%)
Processed   130000/ 1056000 entries, 12.31% (elapsed time    82.4s, curr speed    1.788 kHz, avg speed    1.578 kHz), accepted       19/  130001 events ( 0.01%)
Processed   140000/ 1056000 entries, 13.26% (elapsed time    89.3s, curr speed    1.447 kHz, avg speed    1.568 kHz), accepted       24/  140001 events ( 0.02%)
Processed   150000/ 1056000 entries, 14.20% (elapsed time    93.9s, curr speed    2.155 kHz, avg speed    1.597 kHz), accepted       26/  150001 events ( 0.02%)
Processed   160000/ 1056000 entries, 15.15% (elapsed time    99.2s, curr speed    1.914 kHz, avg speed    1.613 kHz), accepted       27/  160001 events ( 0.02%)
Processed   170000/ 1056000 entries, 16.10% (elapsed time   104.1s, curr speed    2.031 kHz, avg speed    1.633 kHz), accepted       28/  170001 events ( 0.02%)
Processed   180000/ 1056000 entries, 17.05% (elapsed time   110.0s, curr speed    1.693 kHz, avg speed    1.636 kHz), accepted       30/  180001 events ( 0.02%)
Processed   190000/ 1056000 entries, 17.99% (elapsed time   118.1s, curr speed    1.234 kHz, avg speed    1.609 kHz), accepted       34/  190001 events ( 0.02%)
Processed   200000/ 1056000 entries, 18.94% (elapsed time   126.0s, curr speed    1.267 kHz, avg speed    1.587 kHz), accepted       37/  200001 events ( 0.02%)
Processed   210000/ 1056000 entries, 19.89% (elapsed time   131.9s, curr speed    1.687 kHz, avg speed    1.592 kHz), accepted       38/  210001 events ( 0.02%)
Processed   220000/ 1056000 entries, 20.83% (elapsed time   139.1s, curr speed    1.390 kHz, avg speed    1.581 kHz), accepted       41/  220001 events ( 0.02%)
Processed   230000/ 1056000 entries, 21.78% (elapsed time   142.7s, curr speed    2.775 kHz, avg speed    1.612 kHz), accepted       41/  230001 events ( 0.02%)
Processed   240000/ 1056000 entries, 22.73% (elapsed time   145.0s, curr speed    4.341 kHz, avg speed    1.655 kHz), accepted       41/  240001 events ( 0.02%)
Processed   250000/ 1056000 entries, 23.67% (elapsed time   153.0s, curr speed    1.259 kHz, avg speed    1.634 kHz), accepted       43/  250001 events ( 0.02%)
Processed   260000/ 1056000 entries, 24.62% (elapsed time   156.6s, curr speed    2.732 kHz, avg speed    1.660 kHz), accepted       43/  260001 events ( 0.02%)
Processed   270000/ 1056000 entries, 25.57% (elapsed time   160.1s, curr speed    2.910 kHz, avg speed    1.687 kHz), accepted       43/  270001 events ( 0.02%)
Processed   280000/ 1056000 entries, 26.52% (elapsed time   165.6s, curr speed    1.813 kHz, avg speed    1.691 kHz), accepted       46/  280001 events ( 0.02%)
Processed   290000/ 1056000 entries, 27.46% (elapsed time   171.0s, curr speed    1.843 kHz, avg speed    1.696 kHz), accepted       47/  290001 events ( 0.02%)
Processed   300000/ 1056000 entries, 28.41% (elapsed time   176.5s, curr speed    1.808 kHz, avg speed    1.699 kHz), accepted       49/  300001 events ( 0.02%)
Processed   310000/ 1056000 entries, 29.36% (elapsed time   183.4s, curr speed    1.453 kHz, avg speed    1.690 kHz), accepted       52/  310001 events ( 0.02%)
Processed   320000/ 1056000 entries, 30.30% (elapsed time   187.0s, curr speed    2.763 kHz, avg speed    1.711 kHz), accepted       52/  320001 events ( 0.02%)
Processed   330000/ 1056000 entries, 31.25% (elapsed time   191.2s, curr speed    2.417 kHz, avg speed    1.726 kHz), accepted       52/  330001 events ( 0.02%)
Processed   340000/ 1056000 entries, 32.20% (elapsed time   196.8s, curr speed    1.767 kHz, avg speed    1.727 kHz), accepted       53/  340001 events ( 0.02%)
Processed   350000/ 1056000 entries, 33.14% (elapsed time   202.0s, curr speed    1.943 kHz, avg speed    1.733 kHz), accepted       54/  350001 events ( 0.02%)
Processed   360000/ 1056000 entries, 34.09% (elapsed time   212.8s, curr speed    0.928 kHz, avg speed    1.692 kHz), accepted       58/  360001 events ( 0.02%)
Processed   370000/ 1056000 entries, 35.04% (elapsed time   217.2s, curr speed    2.263 kHz, avg speed    1.704 kHz), accepted       59/  370001 events ( 0.02%)
Processed   380000/ 1056000 entries, 35.98% (elapsed time   223.2s, curr speed    1.646 kHz, avg speed    1.702 kHz), accepted       60/  380001 events ( 0.02%)
Processed   390000/ 1056000 entries, 36.93% (elapsed time   228.2s, curr speed    2.035 kHz, avg speed    1.709 kHz), accepted       61/  390001 events ( 0.02%)
Processed   400000/ 1056000 entries, 37.88% (elapsed time   237.0s, curr speed    1.137 kHz, avg speed    1.688 kHz), accepted       63/  400001 events ( 0.02%)
Processed   410000/ 1056000 entries, 38.83% (elapsed time   244.0s, curr speed    1.413 kHz, avg speed    1.680 kHz), accepted       65/  410001 events ( 0.02%)
Processed   420000/ 1056000 entries, 39.77% (elapsed time   254.7s, curr speed    0.936 kHz, avg speed    1.649 kHz), accepted       67/  420001 events ( 0.02%)
Processed   430000/ 1056000 entries, 40.72% (elapsed time   260.4s, curr speed    1.750 kHz, avg speed    1.651 kHz), accepted       67/  430001 events ( 0.02%)
Processed   440000/ 1056000 entries, 41.67% (elapsed time   268.1s, curr speed    1.298 kHz, avg speed    1.641 kHz), accepted       69/  440001 events ( 0.02%)
Processed   450000/ 1056000 entries, 42.61% (elapsed time   274.4s, curr speed    1.598 kHz, avg speed    1.640 kHz), accepted       70/  450001 events ( 0.02%)
Processed   460000/ 1056000 entries, 43.56% (elapsed time   281.9s, curr speed    1.329 kHz, avg speed    1.632 kHz), accepted       71/  460001 events ( 0.02%)
Processed   470000/ 1056000 entries, 44.51% (elapsed time   287.4s, curr speed    1.813 kHz, avg speed    1.635 kHz), accepted       72/  470001 events ( 0.02%)
Processed   480000/ 1056000 entries, 45.45% (elapsed time   291.9s, curr speed    2.237 kHz, avg speed    1.644 kHz), accepted       73/  480001 events ( 0.02%)
Processed   490000/ 1056000 entries, 46.40% (elapsed time   295.7s, curr speed    2.633 kHz, avg speed    1.657 kHz), accepted       73/  490001 events ( 0.01%)
Processed   500000/ 1056000 entries, 47.35% (elapsed time   300.1s, curr speed    2.274 kHz, avg speed    1.666 kHz), accepted       73/  500001 events ( 0.01%)
Processed   510000/ 1056000 entries, 48.30% (elapsed time   306.1s, curr speed    1.664 kHz, avg speed    1.666 kHz), accepted       74/  510001 events ( 0.01%)
Processed   520000/ 1056000 entries, 49.24% (elapsed time   312.6s, curr speed    1.542 kHz, avg speed    1.664 kHz), accepted       75/  520001 events ( 0.01%)
Processed   530000/ 1056000 entries, 50.19% (elapsed time   323.4s, curr speed    0.923 kHz, avg speed    1.639 kHz), accepted       79/  530001 events ( 0.01%)
Processed   540000/ 1056000 entries, 51.14% (elapsed time   328.9s, curr speed    1.839 kHz, avg speed    1.642 kHz), accepted       80/  540001 events ( 0.01%)
Processed   550000/ 1056000 entries, 52.08% (elapsed time   336.6s, curr speed    1.285 kHz, avg speed    1.634 kHz), accepted       83/  550001 events ( 0.02%)
Processed   560000/ 1056000 entries, 53.03% (elapsed time   343.7s, curr speed    1.419 kHz, avg speed    1.629 kHz), accepted       87/  560001 events ( 0.02%)
Processed   570000/ 1056000 entries, 53.98% (elapsed time   347.8s, curr speed    2.435 kHz, avg speed    1.639 kHz), accepted       87/  570001 events ( 0.02%)
Processed   580000/ 1056000 entries, 54.92% (elapsed time   356.3s, curr speed    1.172 kHz, avg speed    1.628 kHz), accepted       89/  580001 events ( 0.02%)
Processed   590000/ 1056000 entries, 55.87% (elapsed time   362.8s, curr speed    1.538 kHz, avg speed    1.626 kHz), accepted       90/  590001 events ( 0.02%)
Processed   600000/ 1056000 entries, 56.82% (elapsed time   368.3s, curr speed    1.836 kHz, avg speed    1.629 kHz), accepted       90/  600001 events ( 0.01%)
Processed   610000/ 1056000 entries, 57.77% (elapsed time   372.7s, curr speed    2.250 kHz, avg speed    1.637 kHz), accepted       90/  610001 events ( 0.01%)
Processed   620000/ 1056000 entries, 58.71% (elapsed time   382.0s, curr speed    1.083 kHz, avg speed    1.623 kHz), accepted       93/  620001 events ( 0.01%)
Processed   630000/ 1056000 entries, 59.66% (elapsed time   389.1s, curr speed    1.407 kHz, avg speed    1.619 kHz), accepted       94/  630001 events ( 0.01%)
Processed   640000/ 1056000 entries, 60.61% (elapsed time   396.3s, curr speed    1.375 kHz, avg speed    1.615 kHz), accepted       94/  640001 events ( 0.01%)
Processed   650000/ 1056000 entries, 61.55% (elapsed time   428.0s, curr speed    0.316 kHz, avg speed    1.519 kHz), accepted       95/  650001 events ( 0.01%)
Processed   660000/ 1056000 entries, 62.50% (elapsed time   453.5s, curr speed    0.392 kHz, avg speed    1.455 kHz), accepted       97/  660001 events ( 0.01%)
Processed   670000/ 1056000 entries, 63.45% (elapsed time   459.7s, curr speed    1.608 kHz, avg speed    1.457 kHz), accepted       99/  670001 events ( 0.01%)
Processed   680000/ 1056000 entries, 64.39% (elapsed time   482.2s, curr speed    0.444 kHz, avg speed    1.410 kHz), accepted      102/  680001 events ( 0.01%)
Processed   690000/ 1056000 entries, 65.34% (elapsed time   498.9s, curr speed    0.600 kHz, avg speed    1.383 kHz), accepted      104/  690001 events ( 0.02%)
Processed   700000/ 1056000 entries, 66.29% (elapsed time   521.4s, curr speed    0.444 kHz, avg speed    1.342 kHz), accepted      106/  700001 events ( 0.02%)
Processed   710000/ 1056000 entries, 67.23% (elapsed time   541.9s, curr speed    0.489 kHz, avg speed    1.310 kHz), accepted      108/  710001 events ( 0.02%)
Processed   720000/ 1056000 entries, 68.18% (elapsed time   569.2s, curr speed    0.365 kHz, avg speed    1.265 kHz), accepted      111/  720001 events ( 0.02%)
Processed   730000/ 1056000 entries, 69.13% (elapsed time   606.7s, curr speed    0.267 kHz, avg speed    1.203 kHz), accepted      114/  730001 events ( 0.02%)
Processed   740000/ 1056000 entries, 70.08% (elapsed time   620.0s, curr speed    0.747 kHz, avg speed    1.193 kHz), accepted      114/  740001 events ( 0.02%)
Processed   750000/ 1056000 entries, 71.02% (elapsed time   631.5s, curr speed    0.871 kHz, avg speed    1.188 kHz), accepted      116/  750001 events ( 0.02%)
Processed   760000/ 1056000 entries, 71.97% (elapsed time   644.7s, curr speed    0.757 kHz, avg speed    1.179 kHz), accepted      118/  760001 events ( 0.02%)
Processed   770000/ 1056000 entries, 72.92% (elapsed time   659.5s, curr speed    0.677 kHz, avg speed    1.168 kHz), accepted      119/  770001 events ( 0.02%)
Processed   780000/ 1056000 entries, 73.86% (elapsed time   680.2s, curr speed    0.484 kHz, avg speed    1.147 kHz), accepted      122/  780001 events ( 0.02%)
Processed   790000/ 1056000 entries, 74.81% (elapsed time   698.8s, curr speed    0.536 kHz, avg speed    1.130 kHz), accepted      124/  790001 events ( 0.02%)
Processed   800000/ 1056000 entries, 75.76% (elapsed time   721.5s, curr speed    0.442 kHz, avg speed    1.109 kHz), accepted      127/  800001 events ( 0.02%)
Processed   810000/ 1056000 entries, 76.70% (elapsed time   746.6s, curr speed    0.398 kHz, avg speed    1.085 kHz), accepted      128/  810001 events ( 0.02%)
Processed   820000/ 1056000 entries, 77.65% (elapsed time   754.6s, curr speed    1.248 kHz, avg speed    1.087 kHz), accepted      129/  820001 events ( 0.02%)
Processed   830000/ 1056000 entries, 78.60% (elapsed time   774.6s, curr speed    0.501 kHz, avg speed    1.072 kHz), accepted      131/  830001 events ( 0.02%)
Processed   840000/ 1056000 entries, 79.55% (elapsed time   789.1s, curr speed    0.687 kHz, avg speed    1.064 kHz), accepted      134/  840001 events ( 0.02%)
Processed   850000/ 1056000 entries, 80.49% (elapsed time   814.1s, curr speed    0.400 kHz, avg speed    1.044 kHz), accepted      137/  850001 events ( 0.02%)
Processed   860000/ 1056000 entries, 81.44% (elapsed time   826.0s, curr speed    0.843 kHz, avg speed    1.041 kHz), accepted      138/  860001 events ( 0.02%)
Processed   870000/ 1056000 entries, 82.39% (elapsed time   830.9s, curr speed    2.005 kHz, avg speed    1.047 kHz), accepted      138/  870001 events ( 0.02%)
Processed   880000/ 1056000 entries, 83.33% (elapsed time   847.3s, curr speed    0.612 kHz, avg speed    1.039 kHz), accepted      140/  880001 events ( 0.02%)
Processed   890000/ 1056000 entries, 84.28% (elapsed time   866.0s, curr speed    0.535 kHz, avg speed    1.028 kHz), accepted      143/  890001 events ( 0.02%)
Processed   900000/ 1056000 entries, 85.23% (elapsed time   886.8s, curr speed    0.480 kHz, avg speed    1.015 kHz), accepted      147/  900001 events ( 0.02%)
Processed   910000/ 1056000 entries, 86.17% (elapsed time   893.3s, curr speed    1.546 kHz, avg speed    1.019 kHz), accepted      147/  910001 events ( 0.02%)
Processed   920000/ 1056000 entries, 87.12% (elapsed time   910.4s, curr speed    0.585 kHz, avg speed    1.011 kHz), accepted      149/  920001 events ( 0.02%)
Processed   930000/ 1056000 entries, 88.07% (elapsed time   954.9s, curr speed    0.224 kHz, avg speed    0.974 kHz), accepted      152/  930001 events ( 0.02%)
Processed   940000/ 1056000 entries, 89.02% (elapsed time   967.5s, curr speed    0.798 kHz, avg speed    0.972 kHz), accepted      154/  940001 events ( 0.02%)
Processed   950000/ 1056000 entries, 89.96% (elapsed time   972.0s, curr speed    2.211 kHz, avg speed    0.977 kHz), accepted      155/  950001 events ( 0.02%)
Processed   960000/ 1056000 entries, 90.91% (elapsed time   975.6s, curr speed    2.814 kHz, avg speed    0.984 kHz), accepted      155/  960001 events ( 0.02%)
Processed   970000/ 1056000 entries, 91.86% (elapsed time   983.5s, curr speed    1.250 kHz, avg speed    0.986 kHz), accepted      158/  970001 events ( 0.02%)
Processed   980000/ 1056000 entries, 92.80% (elapsed time   988.5s, curr speed    2.005 kHz, avg speed    0.991 kHz), accepted      159/  980001 events ( 0.02%)
Processed   990000/ 1056000 entries, 93.75% (elapsed time   993.4s, curr speed    2.060 kHz, avg speed    0.997 kHz), accepted      161/  990001 events ( 0.02%)
Processed  1000000/ 1056000 entries, 94.70% (elapsed time   998.5s, curr speed    1.955 kHz, avg speed    1.001 kHz), accepted      162/ 1000001 events ( 0.02%)
Processed  1010000/ 1056000 entries, 95.64% (elapsed time  1004.2s, curr speed    1.768 kHz, avg speed    1.006 kHz), accepted      163/ 1010001 events ( 0.02%)
Processed  1020000/ 1056000 entries, 96.59% (elapsed time  1009.3s, curr speed    1.939 kHz, avg speed    1.011 kHz), accepted      165/ 1020001 events ( 0.02%)
Processed  1030000/ 1056000 entries, 97.54% (elapsed time  1017.0s, curr speed    1.311 kHz, avg speed    1.013 kHz), accepted      168/ 1030001 events ( 0.02%)
Processed  1040000/ 1056000 entries, 98.48% (elapsed time  1023.9s, curr speed    1.439 kHz, avg speed    1.016 kHz), accepted      173/ 1040001 events ( 0.02%)
Processed  1050000/ 1056000 entries, 99.43% (elapsed time  1027.5s, curr speed    2.778 kHz, avg speed    1.022 kHz), accepted      174/ 1050001 events ( 0.02%)
Processed 1056000 preselected entries from root://cms-xrd-global.cern.ch//store/mc/RunIIFall17NanoAODv6/ST_t-channel_antitop_4f_InclusiveDecays_TuneCP5_PSweights_13TeV-powheg-pythia8/NANOAODSIM/PU2017_12Apr2018_Nano25Oct2019_102X_mc2017_realistic_v7-v1/260000/DAEDC39E-6D79-E948-92F6-B078EE9B82BF.root (1056000 entries). Finally selected 174 entries
Total time 5234.2 sec. to process 4165100 events. Rate = 795.8 Hz.
>>> cwd          = /pool/condor/dir_9976
>>> ls           = ['x509_voms', '.chirp.config', '.update.ad', '.job.ad', 'tmp', '.machine.ad', 'var', 'pico_etau_etau_5.root', 'lvigilan.cc', 'condor_exec.exe', '_condor_stdout']
>>> getstorage('/eos/home-l/lvigilan/output_2017ReReco18/2017/etau/ST_t-channel_antitop'), <EOS("/eos/home-l/lvigilan/output_2017ReReco18/2017/etau/ST_t-channel_antitop") at 0x2adda5831490>
>>> Executing: 'cp ./pico_etau_etau_5.root /eos/home-l/lvigilan/output_2017ReReco18/2017/etau/ST_t-channel_antitop'
>>> Removing './pico_etau_etau_5.root'...
>>> picojob.py done after 5257.3 seconds

Job complete at Wed Dec  2 18:16:09 CET 2020
Took 87 minutes 40 seconds040 (1580848.005.000) 12/02 18:16:34 Finished transferring output files
...
005 (1580848.005.000) 12/02 18:16:35 Job terminated.
	(1) Normal termination (return value 0)
		Usr 0 00:07:15, Sys 0 00:00:31  -  Run Remote Usage
		Usr 0 00:00:00, Sys 0 00:00:00  -  Run Local Usage
		Usr 0 00:07:15, Sys 0 00:00:31  -  Total Remote Usage
		Usr 0 00:00:00, Sys 0 00:00:00  -  Total Local Usage
	82587  -  Run Bytes Sent By Job
	9881  -  Run Bytes Received By Job
	82587  -  Total Bytes Sent By Job
	9881  -  Total Bytes Received By Job
	Partitionable Resources :    Usage  Request Allocated 
	   Cpus                 :        0        1         1 
	   Disk (KB)            :      150        1    359486 
	   Memory (MB)          :      337     2000      2000 
...
