Could not find platform independent libraries <prefix>
Could not find platform dependent libraries <exec_prefix>
Consider setting $PYTHONHOME to <prefix>[:<exec_prefix>]
ImportError: No module named site
Job start at Thu Jan 21 10:53:33 CET 2021
Running job on machine Linux b7s12n9587.cern.ch 3.10.0-1160.6.1.el7.x86_64 #1 SMP Tue Nov 17 13:59:11 UTC 2020 x86_64 x86_64 x86_64 GNU/Linux, host b7s12n9587.cern.ch
============================================================
$PWD=/pool/condor/dir_7543
$JOBID=1772030
$TASKID=6
$HOSTNAME=b7s12n9587.cern.ch
$TASKCMD=/afs/cern.ch/work/l/lvigilan/TauWork/CMSSW_10_6_17_patch1/src/TauFW/PicoProducer/python/processors/picojob.py -y 2017 -d 'data' -c etau -M ModuleETau --copydir /eos/home-l/lvigilan/output_UL2017/2017/etau/SingleElectron_Run2017E -t _etau_6 -i root://cms-xrd-global.cern.ch//store/data/Run2017E/SingleElectron/NANOAOD/UL2017_02Dec2019-v1/100000/E86B6B56-447E-EA42-B1C1-955F146850E8.root root://cms-xrd-global.cern.ch//store/data/Run2017E/SingleElectron/NANOAOD/UL2017_02Dec2019-v1/100000/EEE262A2-B79C-CF4B-AF9F-20F25047879A.root root://cms-xrd-global.cern.ch//store/data/Run2017E/SingleElectron/NANOAOD/UL2017_02Dec2019-v1/100000/F4235736-5DE3-8447-93A3-6F9CFCD683C7.root root://cms-xrd-global.cern.ch//store/data/Run2017E/SingleElectron/NANOAOD/UL2017_02Dec2019-v1/260000/097376B7-B57E-F44C-B336-60EA8466EAA3.root root://cms-xrd-global.cern.ch//store/data/Run2017E/SingleElectron/NANOAOD/UL2017_02Dec2019-v1/260000/0CF09E54-44E1-8C4D-8B3D-093384A4E567.root
$WORKDIR=/pool/condor/dir_7543
>>> cd /afs/cern.ch/work/l/lvigilan/TauWork/CMSSW_10_6_17_patch1/src
>>> eval `scramv1 runtime -sh`
>>> cd /pool/condor/dir_7543
$PWD=/pool/condor/dir_7543
>>> /afs/cern.ch/work/l/lvigilan/TauWork/CMSSW_10_6_17_patch1/src/TauFW/PicoProducer/python/processors/picojob.py -y 2017 -d 'data' -c etau -M ModuleETau --copydir /eos/home-l/lvigilan/output_UL2017/2017/etau/SingleElectron_Run2017E -t _etau_6 -i root://cms-xrd-global.cern.ch//store/data/Run2017E/SingleElectron/NANOAOD/UL2017_02Dec2019-v1/100000/E86B6B56-447E-EA42-B1C1-955F146850E8.root root://cms-xrd-global.cern.ch//store/data/Run2017E/SingleElectron/NANOAOD/UL2017_02Dec2019-v1/100000/EEE262A2-B79C-CF4B-AF9F-20F25047879A.root root://cms-xrd-global.cern.ch//store/data/Run2017E/SingleElectron/NANOAOD/UL2017_02Dec2019-v1/100000/F4235736-5DE3-8447-93A3-6F9CFCD683C7.root root://cms-xrd-global.cern.ch//store/data/Run2017E/SingleElectron/NANOAOD/UL2017_02Dec2019-v1/260000/097376B7-B57E-F44C-B336-60EA8466EAA3.root root://cms-xrd-global.cern.ch//store/data/Run2017E/SingleElectron/NANOAOD/UL2017_02Dec2019-v1/260000/0CF09E54-44E1-8C4D-8B3D-093384A4E567.root
Error in <TGClient::TGClient>: can't open display "localhost:38.0", switching to batch mode...
 In case you run from a remote ssh session, reconnect with ssh -Y
--------------------------------------------------------------------------------
>>> era          = '2017'
>>> year         = 2017
>>> channel      = 'etau'
>>> modname      = 'ModuleETau'
>>> dtype        = 'data'
>>> kwargs       = {'dtype': 'data', 'verb': 0, 'era': '2017', 'year': 2017}
>>> maxevts      = None
>>> outdir       = '.'
>>> copydir      = '/eos/home-l/lvigilan/output_UL2017/2017/etau/SingleElectron_Run2017E'
>>> infiles      = ['root://cms-xrd-global.cern.ch//store/data/Run2017E/SingleElectron/NANOAOD/UL2017_02Dec2019-v1/100000/E86B6B56-447E-EA42-B1C1-955F146850E8.root', 'root://cms-xrd-global.cern.ch//store/data/Run2017E/SingleElectron/NANOAOD/UL2017_02Dec2019-v1/100000/EEE262A2-B79C-CF4B-AF9F-20F25047879A.root', 'root://cms-xrd-global.cern.ch//store/data/Run2017E/SingleElectron/NANOAOD/UL2017_02Dec2019-v1/100000/F4235736-5DE3-8447-93A3-6F9CFCD683C7.root', 'root://cms-xrd-global.cern.ch//store/data/Run2017E/SingleElectron/NANOAOD/UL2017_02Dec2019-v1/260000/097376B7-B57E-F44C-B336-60EA8466EAA3.root', 'root://cms-xrd-global.cern.ch//store/data/Run2017E/SingleElectron/NANOAOD/UL2017_02Dec2019-v1/260000/0CF09E54-44E1-8C4D-8B3D-093384A4E567.root']
>>> outfname     = './pico_etau_etau_6.root'
>>> branchsel    = '/afs/cern.ch/work/l/lvigilan/TauWork/CMSSW_10_6_17_patch1/python/TauFW/PicoProducer/processors/keep_and_drop_skim.txt'
>>> json         = '/afs/cern.ch/work/l/lvigilan/TauWork/CMSSW_10_6_17_patch1/src/TauFW/PicoProducer/data/json/2017/Cert_294927-306462_13TeV_PromptReco_Collisions17_JSON.txt'
>>> prefetch     = False
>>> cwd          = /pool/condor/dir_7543
--------------------------------------------------------------------------------

   ################
   #  ModuleETau  #
   ################

Loading TreeProducerETau for './pico_etau_etau_6.root'
--------------------------------------------------------------------------------
>>> filename     = './pico_etau_etau_6.root'
>>> year         = 2017
>>> dtype        = 'data'
>>> channel      = 'etau'
>>> ismc         = False
>>> isdata       = True
>>> isembed      = False
>>> tes          = None
>>> tessys       = None
>>> ltf          = 1.0
>>> jtf          = 1.0
>>> dotoppt      = False
>>> dozpt        = False
>>> dojec        = False
>>> dojecsys     = False
>>> dotight      = False
>>> jetCutPt     = 30
>>> bjetCutEta   = 2.7
>>> tauwp        = 0
>>> eleCutPt     = 36
>>> eleCutEta    = 2.1
>>> tauCutPt     = 20
>>> tauCutEta    = 2.3
Pre-select 143952 entries out of 143952 (100.00%)
Traceback (most recent call last):
  File "/afs/cern.ch/work/l/lvigilan/TauWork/CMSSW_10_6_17_patch1/src/TauFW/PicoProducer/python/processors/picojob.py", line 111, in <module>
    p.run()
  File "/afs/cern.ch/work/l/lvigilan/TauWork/CMSSW_10_6_17_patch1/python/PhysicsTools/NanoAODTools/postprocessing/framework/postprocessor.py", line 234, in run
    eventRange=eventRange, maxEvents=self.maxEntries
  File "/afs/cern.ch/work/l/lvigilan/TauWork/CMSSW_10_6_17_patch1/python/PhysicsTools/NanoAODTools/postprocessing/framework/eventloop.py", line 82, in eventLoop
    ret = m.analyze(e)
  File "/afs/cern.ch/work/l/lvigilan/TauWork/CMSSW_10_6_17_patch1/python/TauFW/PicoProducer/analysis/ModuleETau.py", line 177, in analyze
    self.fillEventBranches(event)
  File "/afs/cern.ch/work/l/lvigilan/TauWork/CMSSW_10_6_17_patch1/python/TauFW/PicoProducer/analysis/ModuleTauPair.py", line 148, in fillEventBranches
    self.out.metfilter[0]       = self.filter(event)
  File "<string>", line 1, in <lambda>
  File "/afs/cern.ch/work/l/lvigilan/TauWork/CMSSW_10_6_17_patch1/python/PhysicsTools/NanoAODTools/postprocessing/framework/datamodel.py", line 18, in __getattr__
    return self._tree.readBranch(name)
  File "/afs/cern.ch/work/l/lvigilan/TauWork/CMSSW_10_6_17_patch1/python/PhysicsTools/NanoAODTools/postprocessing/framework/treeReaderArrayTools.py", line 76, in readBranch
    raise RuntimeError("Unknown branch %s" % branchName)
RuntimeError: Unknown branch Flag_ecalBadCalibFilterV2

Job complete at Thu Jan 21 10:53:48 CET 2021
Took 0 minutes 15 seconds040 (1772030.006.000) 01/21 10:53:48 Finished transferring output files
...
005 (1772030.006.000) 01/21 10:53:49 Job terminated.
	(1) Normal termination (return value 0)
		Usr 0 00:00:08, Sys 0 00:00:01  -  Run Remote Usage
		Usr 0 00:00:00, Sys 0 00:00:00  -  Run Local Usage
		Usr 0 00:00:08, Sys 0 00:00:01  -  Total Remote Usage
		Usr 0 00:00:00, Sys 0 00:00:00  -  Total Local Usage
	7349  -  Run Bytes Sent By Job
	9881  -  Run Bytes Received By Job
	7349  -  Total Bytes Sent By Job
	9881  -  Total Bytes Received By Job
	Partitionable Resources :    Usage  Request Allocated 
	   Cpus                 :     0.66        1         1 
	   Disk (KB)            :    79           1    276069 
	   Memory (MB)          :   179        2000      2000 
...
