Could not find platform independent libraries <prefix>
Could not find platform dependent libraries <exec_prefix>
Consider setting $PYTHONHOME to <prefix>[:<exec_prefix>]
ImportError: No module named site
Job start at Thu Nov 19 23:37:31 CET 2020
Running job on machine Linux b7g24n0224.cern.ch 3.10.0-1127.19.1.el7.x86_64 #1 SMP Tue Aug 25 17:23:54 UTC 2020 x86_64 x86_64 x86_64 GNU/Linux, host b7g24n0224.cern.ch
============================================================
$PWD=/pool/condor/dir_13236
$JOBID=1562271
$TASKID=247
$HOSTNAME=b7g24n0224.cern.ch
$TASKCMD=/afs/cern.ch/work/l/lvigilan/TauWork/CMSSW_10_6_17_patch1/src/TauFW/PicoProducer/python/processors/skimjob.py -y 2017 -d 'mc' -t _skim --copydir /eos/user/l/lvigilan/samples/nano/2017/DYJetsToLL_M-50_TuneCP5_13TeV-madgraphMLM-pythia8/RunIISummer19UL17NanoAOD-106X_mc2017_realistic_v6-v2/NANOAODSIM -p --preselect 'HLT_Ele35_WPTight_Gsf_v == 1 && Electron_pt > 35 && Electron_eta < 2.1 && Tau_pt > 20 && Tau_eta < 2.3 && Electron_pfRelIso03_all < 0.5 && Tau_idDeepTau2017v2p1VSmu >= 1 && Tau_idDeepTau2017v2p1VSjet >= 16' --opt 'zpt=True' -i root://cms-xrd-global.cern.ch//store/mc/RunIISummer19UL17NanoAOD/DYJetsToLL_M-50_TuneCP5_13TeV-madgraphMLM-pythia8/NANOAODSIM/106X_mc2017_realistic_v6-v2/280000/7C4C4ACC-0839-624E-A060-313E5FE4DD59.root
$WORKDIR=/pool/condor/dir_13236
>>> cd /afs/cern.ch/work/l/lvigilan/TauWork/CMSSW_10_6_17_patch1/src
>>> eval `scramv1 runtime -sh`
>>> cd /pool/condor/dir_13236
$PWD=/pool/condor/dir_13236
>>> /afs/cern.ch/work/l/lvigilan/TauWork/CMSSW_10_6_17_patch1/src/TauFW/PicoProducer/python/processors/skimjob.py -y 2017 -d 'mc' -t _skim --copydir /eos/user/l/lvigilan/samples/nano/2017/DYJetsToLL_M-50_TuneCP5_13TeV-madgraphMLM-pythia8/RunIISummer19UL17NanoAOD-106X_mc2017_realistic_v6-v2/NANOAODSIM -p --preselect 'HLT_Ele35_WPTight_Gsf_v == 1 && Electron_pt > 35 && Electron_eta < 2.1 && Tau_pt > 20 && Tau_eta < 2.3 && Electron_pfRelIso03_all < 0.5 && Tau_idDeepTau2017v2p1VSmu >= 1 && Tau_idDeepTau2017v2p1VSjet >= 16' --opt 'zpt=True' -i root://cms-xrd-global.cern.ch//store/mc/RunIISummer19UL17NanoAOD/DYJetsToLL_M-50_TuneCP5_13TeV-madgraphMLM-pythia8/NANOAODSIM/106X_mc2017_realistic_v6-v2/280000/7C4C4ACC-0839-624E-A060-313E5FE4DD59.root
Error in <TGClient::TGClient>: can't open display "localhost:33.0", switching to batch mode...
 In case you run from a remote ssh session, reconnect with ssh -Y
Error in <TTreeFormula::Compile>:  Bad numerical expression : "HLT_Ele35_WPTight_Gsf_v"
Info in <TSelectorDraw::AbortProcess>: Variable compilation failed: {,HLT_Ele35_WPTight_Gsf_v == 1 && Electron_pt > 35 && Electron_eta < 2.1 && Tau_pt > 20 && Tau_eta < 2.3 && Electron_pfRelIso03_all < 0.5 && Tau_idDeepTau2017v2p1VSmu >= 1 && Tau_idDeepTau2017v2p1VSjet >= 16}
--------------------------------------------------------------------------------
>>> era          = '2017'
>>> year         = 2017
>>> period       = ''
>>> dtype        = 'mc'
>>> maxevts      = None
>>> tag          = '_skim'
>>> postfix      = '_skim'
>>> outdir       = '.'
>>> outfiles     = './*_skim.root'
>>> copydir      = '/eos/user/l/lvigilan/samples/nano/2017/DYJetsToLL_M-50_TuneCP5_13TeV-madgraphMLM-pythia8/RunIISummer19UL17NanoAOD-106X_mc2017_realistic_v6-v2/NANOAODSIM'
>>> infiles      = ['root://cms-xrd-global.cern.ch//store/mc/RunIISummer19UL17NanoAOD/DYJetsToLL_M-50_TuneCP5_13TeV-madgraphMLM-pythia8/NANOAODSIM/106X_mc2017_realistic_v6-v2/280000/7C4C4ACC-0839-624E-A060-313E5FE4DD59.root']
>>> branchsel    = '/afs/cern.ch/work/l/lvigilan/TauWork/CMSSW_10_6_17_patch1/python/TauFW/PicoProducer/processors/keep_and_drop_skim.txt'
>>> json         = None
>>> modules      = []
>>> prefetch     = True
>>> doJEC        = False
>>> doJECSys     = False
>>> cwd          = /pool/condor/dir_13236
>>> preselection = HLT_Ele35_WPTight_Gsf_v == 1 && Electron_pt > 35 && Electron_eta < 2.1 && Tau_pt > 20 && Tau_eta < 2.3 && Electron_pfRelIso03_all < 0.5 && Tau_idDeepTau2017v2p1VSmu >= 1 && Tau_idDeepTau2017v2p1VSjet >= 16
--------------------------------------------------------------------------------
Will write selected trees to .
Filename root://cms-xrd-global.cern.ch//store/mc/RunIISummer19UL17NanoAOD/DYJetsToLL_M-50_TuneCP5_13TeV-madgraphMLM-pythia8/NANOAODSIM/106X_mc2017_realistic_v6-v2/280000/7C4C4ACC-0839-624E-A060-313E5FE4DD59.root is remote, will do a copy to local path /pool/condor/dir_13236/tmp/7C4C4ACC-0839-624E-A060-313E5FE4DD59-ec8d4462e75ecee5.root
Time used for transferring the file locally: 347.78 s
Pre-select 0 entries out of 342424 (0.00%)
Selected 0 / 342424 entries from root://cms-xrd-global.cern.ch//store/mc/RunIISummer19UL17NanoAOD/DYJetsToLL_M-50_TuneCP5_13TeV-madgraphMLM-pythia8/NANOAODSIM/106X_mc2017_realistic_v6-v2/280000/7C4C4ACC-0839-624E-A060-313E5FE4DD59.root (0.00%)
Done ./7C4C4ACC-0839-624E-A060-313E5FE4DD59_skim.root
Total time 348.9 sec. to process 342424 events. Rate = 981.6 Hz.
>>> getstorage('/eos/user/l/lvigilan/samples/nano/2017/DYJetsToLL_M-50_TuneCP5_13TeV-madgraphMLM-pythia8/RunIISummer19UL17NanoAOD-106X_mc2017_realistic_v6-v2/NANOAODSIM'), <EOS("/eos/user/l/lvigilan/samples/nano/2017/DYJetsToLL_M-50_TuneCP5_13TeV-madgraphMLM-pythia8/RunIISummer19UL17NanoAOD-106X_mc2017_realistic_v6-v2/NANOAODSIM") at 0x2b7ec2552f90>
>>> Executing: 'cp ./*_skim.root /eos/user/l/lvigilan/samples/nano/2017/DYJetsToLL_M-50_TuneCP5_13TeV-madgraphMLM-pythia8/RunIISummer19UL17NanoAOD-106X_mc2017_realistic_v6-v2/NANOAODSIM'
>>> Removing ./*_skim.root...
>>> skimjob.py done after 351.6 seconds

Job complete at Thu Nov 19 23:43:23 CET 2020
Took 5 minutes 52 seconds040 (1562271.247.000) 11/19 23:43:24 Finished transferring output files
...
005 (1562271.247.000) 11/19 23:43:24 Job terminated.
	(1) Normal termination (return value 0)
		Usr 0 00:00:02, Sys 0 00:00:02  -  Run Remote Usage
		Usr 0 00:00:00, Sys 0 00:00:00  -  Run Local Usage
		Usr 0 00:00:02, Sys 0 00:00:02  -  Total Remote Usage
		Usr 0 00:00:00, Sys 0 00:00:00  -  Total Local Usage
	38794  -  Run Bytes Sent By Job
	9881  -  Run Bytes Received By Job
	38794  -  Total Bytes Sent By Job
	9881  -  Total Bytes Received By Job
	Partitionable Resources :    Usage  Request Allocated 
	   Cpus                 :     0.00        1         1 
	   Disk (KB)            :   107           1    300518 
	   Memory (MB)          :   218        2000      2000 
...
