Could not find platform independent libraries <prefix>
Could not find platform dependent libraries <exec_prefix>
Consider setting $PYTHONHOME to <prefix>[:<exec_prefix>]
ImportError: No module named site
Job start at Tue Dec 29 12:45:06 CET 2020
Running job on machine Linux b7g23n6501.cern.ch 3.10.0-1127.19.1.el7.x86_64 #1 SMP Tue Aug 25 17:23:54 UTC 2020 x86_64 x86_64 x86_64 GNU/Linux, host b7g23n6501.cern.ch
============================================================
$PWD=/pool/condor/dir_11104
$JOBID=1631403
$TASKID=6
$HOSTNAME=b7g23n6501.cern.ch
$TASKCMD=/afs/cern.ch/work/l/lvigilan/TauWork/CMSSW_10_6_17_patch1/src/TauFW/PicoProducer/python/processors/picojob.py -y 2018 -d 'mc' -c etau -M ModuleETau --copydir /eos/home-l/lvigilan/output_2017ReReco18/2018/etau/DY1JetsToLL_M-50 -t _etau_6 --opt 'jec=False' 'zpt=True' -i root://cms-xrd-global.cern.ch//store/mc/RunIIAutumn18NanoAODv6/DY1JetsToLL_M-50_TuneCP5_13TeV-madgraphMLM-pythia8/NANOAODSIM/Nano25Oct2019_102X_upgrade2018_realistic_v20-v1/240000/0341216D-EB04-314E-BD41-BC42208958B1.root root://cms-xrd-global.cern.ch//store/mc/RunIIAutumn18NanoAODv6/DY1JetsToLL_M-50_TuneCP5_13TeV-madgraphMLM-pythia8/NANOAODSIM/Nano25Oct2019_102X_upgrade2018_realistic_v20-v1/240000/163797AD-5D58-0842-97B9-DFB9DA6B56CA.root root://cms-xrd-global.cern.ch//store/mc/RunIIAutumn18NanoAODv6/DY1JetsToLL_M-50_TuneCP5_13TeV-madgraphMLM-pythia8/NANOAODSIM/Nano25Oct2019_102X_upgrade2018_realistic_v20-v1/240000/1F192259-11E8-FF48-AB23-F7066112A933.root root://cms-xrd-global.cern.ch//store/mc/RunIIAutumn18NanoAODv6/DY1JetsToLL_M-50_TuneCP5_13TeV-madgraphMLM-pythia8/NANOAODSIM/Nano25Oct2019_102X_upgrade2018_realistic_v20-v1/240000/28EE94D8-5AE1-0A4A-B3F3-55E4C39F6A71.root root://cms-xrd-global.cern.ch//store/mc/RunIIAutumn18NanoAODv6/DY1JetsToLL_M-50_TuneCP5_13TeV-madgraphMLM-pythia8/NANOAODSIM/Nano25Oct2019_102X_upgrade2018_realistic_v20-v1/240000/306F3AFE-D337-4F48-B359-68A06BC39C48.root
$WORKDIR=/pool/condor/dir_11104
>>> cd /afs/cern.ch/work/l/lvigilan/TauWork/CMSSW_10_6_17_patch1/src
>>> eval `scramv1 runtime -sh`
>>> cd /pool/condor/dir_11104
$PWD=/pool/condor/dir_11104
>>> /afs/cern.ch/work/l/lvigilan/TauWork/CMSSW_10_6_17_patch1/src/TauFW/PicoProducer/python/processors/picojob.py -y 2018 -d 'mc' -c etau -M ModuleETau --copydir /eos/home-l/lvigilan/output_2017ReReco18/2018/etau/DY1JetsToLL_M-50 -t _etau_6 --opt 'jec=False' 'zpt=True' -i root://cms-xrd-global.cern.ch//store/mc/RunIIAutumn18NanoAODv6/DY1JetsToLL_M-50_TuneCP5_13TeV-madgraphMLM-pythia8/NANOAODSIM/Nano25Oct2019_102X_upgrade2018_realistic_v20-v1/240000/0341216D-EB04-314E-BD41-BC42208958B1.root root://cms-xrd-global.cern.ch//store/mc/RunIIAutumn18NanoAODv6/DY1JetsToLL_M-50_TuneCP5_13TeV-madgraphMLM-pythia8/NANOAODSIM/Nano25Oct2019_102X_upgrade2018_realistic_v20-v1/240000/163797AD-5D58-0842-97B9-DFB9DA6B56CA.root root://cms-xrd-global.cern.ch//store/mc/RunIIAutumn18NanoAODv6/DY1JetsToLL_M-50_TuneCP5_13TeV-madgraphMLM-pythia8/NANOAODSIM/Nano25Oct2019_102X_upgrade2018_realistic_v20-v1/240000/1F192259-11E8-FF48-AB23-F7066112A933.root root://cms-xrd-global.cern.ch//store/mc/RunIIAutumn18NanoAODv6/DY1JetsToLL_M-50_TuneCP5_13TeV-madgraphMLM-pythia8/NANOAODSIM/Nano25Oct2019_102X_upgrade2018_realistic_v20-v1/240000/28EE94D8-5AE1-0A4A-B3F3-55E4C39F6A71.root root://cms-xrd-global.cern.ch//store/mc/RunIIAutumn18NanoAODv6/DY1JetsToLL_M-50_TuneCP5_13TeV-madgraphMLM-pythia8/NANOAODSIM/Nano25Oct2019_102X_upgrade2018_realistic_v20-v1/240000/306F3AFE-D337-4F48-B359-68A06BC39C48.root
Error in <TGClient::TGClient>: can't open display "localhost:39.0", switching to batch mode...
 In case you run from a remote ssh session, reconnect with ssh -Y
--------------------------------------------------------------------------------
>>> era          = '2018'
>>> year         = 2018
>>> channel      = 'etau'
>>> modname      = 'ModuleETau'
>>> dtype        = 'mc'
>>> kwargs       = {'dtype': 'mc', 'zpt': True, 'jec': False, 'verb': 0, 'era': '2018', 'year': 2018}
>>> maxevts      = None
>>> outdir       = '.'
>>> copydir      = '/eos/home-l/lvigilan/output_2017ReReco18/2018/etau/DY1JetsToLL_M-50'
>>> infiles      = ['root://cms-xrd-global.cern.ch//store/mc/RunIIAutumn18NanoAODv6/DY1JetsToLL_M-50_TuneCP5_13TeV-madgraphMLM-pythia8/NANOAODSIM/Nano25Oct2019_102X_upgrade2018_realistic_v20-v1/240000/0341216D-EB04-314E-BD41-BC42208958B1.root', 'root://cms-xrd-global.cern.ch//store/mc/RunIIAutumn18NanoAODv6/DY1JetsToLL_M-50_TuneCP5_13TeV-madgraphMLM-pythia8/NANOAODSIM/Nano25Oct2019_102X_upgrade2018_realistic_v20-v1/240000/163797AD-5D58-0842-97B9-DFB9DA6B56CA.root', 'root://cms-xrd-global.cern.ch//store/mc/RunIIAutumn18NanoAODv6/DY1JetsToLL_M-50_TuneCP5_13TeV-madgraphMLM-pythia8/NANOAODSIM/Nano25Oct2019_102X_upgrade2018_realistic_v20-v1/240000/1F192259-11E8-FF48-AB23-F7066112A933.root', 'root://cms-xrd-global.cern.ch//store/mc/RunIIAutumn18NanoAODv6/DY1JetsToLL_M-50_TuneCP5_13TeV-madgraphMLM-pythia8/NANOAODSIM/Nano25Oct2019_102X_upgrade2018_realistic_v20-v1/240000/28EE94D8-5AE1-0A4A-B3F3-55E4C39F6A71.root', 'root://cms-xrd-global.cern.ch//store/mc/RunIIAutumn18NanoAODv6/DY1JetsToLL_M-50_TuneCP5_13TeV-madgraphMLM-pythia8/NANOAODSIM/Nano25Oct2019_102X_upgrade2018_realistic_v20-v1/240000/306F3AFE-D337-4F48-B359-68A06BC39C48.root']
>>> outfname     = './pico_etau_etau_6.root'
>>> branchsel    = '/afs/cern.ch/work/l/lvigilan/TauWork/CMSSW_10_6_17_patch1/python/TauFW/PicoProducer/processors/keep_and_drop_skim.txt'
>>> json         = None
>>> prefetch     = False
>>> cwd          = /pool/condor/dir_11104
--------------------------------------------------------------------------------

   ################
   #  ModuleETau  #
   ################

Loading PileupWeightTool for '/afs/cern.ch/work/l/lvigilan/TauWork/CMSSW_10_6_17_patch1/src/TauFW/PicoProducer/data/pileup/Data_PileUp_2018_69p2.root' and '/afs/cern.ch/work/l/lvigilan/TauWork/CMSSW_10_6_17_patch1/src/TauFW/PicoProducer/data/pileup/MC_PileUp_2018_Autumn18.root'
Loading BTagWeightTool for DeepCSV (medium WP)...
>>> BTagTool: [1m[33mWarning! [0m[33mHistogram 'etau/eff_DeepCSV_udsg_medium' does not exist in /afs/cern.ch/work/l/lvigilan/TauWork/CMSSW_10_6_17_patch1/src/TauFW/PicoProducer/data/btag/DeepCSV_2018_Autumn18_eff.root! Reverting to default efficiency histogram...[0m
>>> BTagTool: [1m[33mWarning! [0m[33mHistogram 'etau/eff_DeepCSV_c_medium' does not exist in /afs/cern.ch/work/l/lvigilan/TauWork/CMSSW_10_6_17_patch1/src/TauFW/PicoProducer/data/btag/DeepCSV_2018_Autumn18_eff.root! Reverting to default efficiency histogram...[0m
>>> BTagTool: [1m[33mWarning! [0m[33mHistogram 'etau/eff_DeepCSV_b_medium' does not exist in /afs/cern.ch/work/l/lvigilan/TauWork/CMSSW_10_6_17_patch1/src/TauFW/PicoProducer/data/btag/DeepCSV_2018_Autumn18_eff.root! Reverting to default efficiency histogram...[0m
>>> BTagTool: [1m[33mWarning! [0m[33mMade use of default efficiency histograms! The b tag weights from this module should be regarded as placeholders only,
and should NOT be used for analyses. B (mis)tag efficiencies in MC are analysis dependent. Please create your own
efficiency histogram with data/btag/getBTagEfficiencies.py after running all MC samples with BTagWeightTool.[0m
Loading TreeProducerETau for './pico_etau_etau_6.root'
--------------------------------------------------------------------------------
>>> filename     = './pico_etau_etau_6.root'
>>> year         = 2018
>>> dtype        = 'mc'
>>> channel      = 'etau'
>>> ismc         = True
>>> isdata       = False
>>> isembed      = False
>>> tes          = None
>>> tessys       = None
>>> ltf          = 1.0
>>> jtf          = 1.0
>>> dotoppt      = False
>>> dozpt        = True
>>> dojec        = False
>>> dojecsys     = False
>>> dotight      = False
>>> jetCutPt     = 30
>>> bjetCutEta   = 2.7
>>> tauwp        = 0
>>> eleCutPt     = 33
>>> eleCutEta    = 2.1
>>> tauCutPt     = 20
>>> tauCutEta    = 2.3
Pre-select 1122166 entries out of 1122166 (100.00%)
Processed    10000/ 1122166 entries,  0.89% (elapsed time    12.2s, curr speed    0.817 kHz, avg speed    0.817 kHz), accepted      586/   10001 events ( 5.86%)
Processed    20000/ 1122166 entries,  1.78% (elapsed time    19.7s, curr speed    1.347 kHz, avg speed    1.017 kHz), accepted     1186/   20001 events ( 5.93%)
Processed    30000/ 1122166 entries,  2.67% (elapsed time    28.3s, curr speed    1.160 kHz, avg speed    1.061 kHz), accepted     1781/   30001 events ( 5.94%)
Processed    40000/ 1122166 entries,  3.56% (elapsed time    35.1s, curr speed    1.476 kHz, avg speed    1.141 kHz), accepted     2315/   40001 events ( 5.79%)
Processed    50000/ 1122166 entries,  4.46% (elapsed time    42.6s, curr speed    1.326 kHz, avg speed    1.174 kHz), accepted     2877/   50001 events ( 5.75%)
Processed    60000/ 1122166 entries,  5.35% (elapsed time    49.4s, curr speed    1.464 kHz, avg speed    1.214 kHz), accepted     3447/   60001 events ( 5.74%)
Processed    70000/ 1122166 entries,  6.24% (elapsed time    56.7s, curr speed    1.365 kHz, avg speed    1.234 kHz), accepted     3993/   70001 events ( 5.70%)
Processed    80000/ 1122166 entries,  7.13% (elapsed time    62.9s, curr speed    1.620 kHz, avg speed    1.271 kHz), accepted     4580/   80001 events ( 5.72%)
Processed    90000/ 1122166 entries,  8.02% (elapsed time    70.0s, curr speed    1.417 kHz, avg speed    1.286 kHz), accepted     5172/   90001 events ( 5.75%)
Processed   100000/ 1122166 entries,  8.91% (elapsed time    76.5s, curr speed    1.524 kHz, avg speed    1.307 kHz), accepted     5771/  100001 events ( 5.77%)
Processed   110000/ 1122166 entries,  9.80% (elapsed time    84.4s, curr speed    1.267 kHz, avg speed    1.303 kHz), accepted     6334/  110001 events ( 5.76%)
Processed   120000/ 1122166 entries, 10.69% (elapsed time    90.7s, curr speed    1.594 kHz, avg speed    1.323 kHz), accepted     6904/  120001 events ( 5.75%)
Processed   130000/ 1122166 entries, 11.58% (elapsed time    98.3s, curr speed    1.318 kHz, avg speed    1.323 kHz), accepted     7491/  130001 events ( 5.76%)
Processed   140000/ 1122166 entries, 12.48% (elapsed time   104.9s, curr speed    1.518 kHz, avg speed    1.335 kHz), accepted     8118/  140001 events ( 5.80%)
Processed   150000/ 1122166 entries, 13.37% (elapsed time   112.8s, curr speed    1.266 kHz, avg speed    1.330 kHz), accepted     8715/  150001 events ( 5.81%)
Processed   160000/ 1122166 entries, 14.26% (elapsed time   119.5s, curr speed    1.479 kHz, avg speed    1.338 kHz), accepted     9280/  160001 events ( 5.80%)
Processed   170000/ 1122166 entries, 15.15% (elapsed time   127.4s, curr speed    1.280 kHz, avg speed    1.335 kHz), accepted     9869/  170001 events ( 5.81%)
Processed   180000/ 1122166 entries, 16.04% (elapsed time   133.9s, curr speed    1.528 kHz, avg speed    1.344 kHz), accepted    10460/  180001 events ( 5.81%)
Processed   190000/ 1122166 entries, 16.93% (elapsed time   142.2s, curr speed    1.209 kHz, avg speed    1.336 kHz), accepted    11056/  190001 events ( 5.82%)
Processed   200000/ 1122166 entries, 17.82% (elapsed time   149.1s, curr speed    1.450 kHz, avg speed    1.342 kHz), accepted    11617/  200001 events ( 5.81%)
Processed   210000/ 1122166 entries, 18.71% (elapsed time   157.1s, curr speed    1.252 kHz, avg speed    1.337 kHz), accepted    12180/  210001 events ( 5.80%)
Processed   220000/ 1122166 entries, 19.60% (elapsed time   163.4s, curr speed    1.569 kHz, avg speed    1.346 kHz), accepted    12721/  220001 events ( 5.78%)
Processed   230000/ 1122166 entries, 20.50% (elapsed time   171.0s, curr speed    1.329 kHz, avg speed    1.345 kHz), accepted    13284/  230001 events ( 5.78%)
Processed   240000/ 1122166 entries, 21.39% (elapsed time   177.1s, curr speed    1.634 kHz, avg speed    1.355 kHz), accepted    13875/  240001 events ( 5.78%)
Processed   250000/ 1122166 entries, 22.28% (elapsed time   185.1s, curr speed    1.250 kHz, avg speed    1.351 kHz), accepted    14469/  250001 events ( 5.79%)
Processed   260000/ 1122166 entries, 23.17% (elapsed time   191.1s, curr speed    1.666 kHz, avg speed    1.361 kHz), accepted    15058/  260001 events ( 5.79%)
Processed   270000/ 1122166 entries, 24.06% (elapsed time   199.6s, curr speed    1.174 kHz, avg speed    1.353 kHz), accepted    15638/  270001 events ( 5.79%)
Processed   280000/ 1122166 entries, 24.95% (elapsed time   206.4s, curr speed    1.464 kHz, avg speed    1.356 kHz), accepted    16215/  280001 events ( 5.79%)
Processed   290000/ 1122166 entries, 25.84% (elapsed time   215.3s, curr speed    1.131 kHz, avg speed    1.347 kHz), accepted    16801/  290001 events ( 5.79%)
Processed   300000/ 1122166 entries, 26.73% (elapsed time   222.1s, curr speed    1.453 kHz, avg speed    1.350 kHz), accepted    17346/  300001 events ( 5.78%)
Processed   310000/ 1122166 entries, 27.63% (elapsed time   230.7s, curr speed    1.166 kHz, avg speed    1.344 kHz), accepted    17956/  310001 events ( 5.79%)
Processed   320000/ 1122166 entries, 28.52% (elapsed time   237.1s, curr speed    1.565 kHz, avg speed    1.350 kHz), accepted    18532/  320001 events ( 5.79%)
Processed   330000/ 1122166 entries, 29.41% (elapsed time   245.1s, curr speed    1.249 kHz, avg speed    1.346 kHz), accepted    19132/  330001 events ( 5.80%)
Processed   340000/ 1122166 entries, 30.30% (elapsed time   251.4s, curr speed    1.598 kHz, avg speed    1.353 kHz), accepted    19669/  340001 events ( 5.78%)
Processed   350000/ 1122166 entries, 31.19% (elapsed time   259.6s, curr speed    1.209 kHz, avg speed    1.348 kHz), accepted    20228/  350001 events ( 5.78%)
Processed   360000/ 1122166 entries, 32.08% (elapsed time   265.6s, curr speed    1.676 kHz, avg speed    1.355 kHz), accepted    20817/  360001 events ( 5.78%)
Processed   370000/ 1122166 entries, 32.97% (elapsed time   273.9s, curr speed    1.213 kHz, avg speed    1.351 kHz), accepted    21397/  370001 events ( 5.78%)
Processed   380000/ 1122166 entries, 33.86% (elapsed time   280.6s, curr speed    1.489 kHz, avg speed    1.354 kHz), accepted    21968/  380001 events ( 5.78%)
Processed   390000/ 1122166 entries, 34.75% (elapsed time   289.4s, curr speed    1.127 kHz, avg speed    1.347 kHz), accepted    22553/  390001 events ( 5.78%)
Processed   400000/ 1122166 entries, 35.65% (elapsed time   296.2s, curr speed    1.471 kHz, avg speed    1.350 kHz), accepted    23152/  400001 events ( 5.79%)
Processed   410000/ 1122166 entries, 36.54% (elapsed time   304.7s, curr speed    1.177 kHz, avg speed    1.345 kHz), accepted    23726/  410001 events ( 5.79%)
Processed   420000/ 1122166 entries, 37.43% (elapsed time   311.3s, curr speed    1.529 kHz, avg speed    1.349 kHz), accepted    24288/  420001 events ( 5.78%)
Processed   430000/ 1122166 entries, 38.32% (elapsed time   319.4s, curr speed    1.231 kHz, avg speed    1.346 kHz), accepted    24927/  430001 events ( 5.80%)
Processed   440000/ 1122166 entries, 39.21% (elapsed time   325.9s, curr speed    1.528 kHz, avg speed    1.350 kHz), accepted    25495/  440001 events ( 5.79%)
Processed   450000/ 1122166 entries, 40.10% (elapsed time   333.9s, curr speed    1.256 kHz, avg speed    1.348 kHz), accepted    26096/  450001 events ( 5.80%)
Processed   460000/ 1122166 entries, 40.99% (elapsed time   340.1s, curr speed    1.607 kHz, avg speed    1.352 kHz), accepted    26682/  460001 events ( 5.80%)
Processed   470000/ 1122166 entries, 41.88% (elapsed time   348.4s, curr speed    1.204 kHz, avg speed    1.349 kHz), accepted    27270/  470001 events ( 5.80%)
Processed   480000/ 1122166 entries, 42.77% (elapsed time   354.2s, curr speed    1.729 kHz, avg speed    1.355 kHz), accepted    27880/  480001 events ( 5.81%)
Processed   490000/ 1122166 entries, 43.67% (elapsed time   362.0s, curr speed    1.277 kHz, avg speed    1.353 kHz), accepted    28436/  490001 events ( 5.80%)
Processed   500000/ 1122166 entries, 44.56% (elapsed time   368.0s, curr speed    1.694 kHz, avg speed    1.359 kHz), accepted    29002/  500001 events ( 5.80%)
Processed   510000/ 1122166 entries, 45.45% (elapsed time   375.9s, curr speed    1.253 kHz, avg speed    1.357 kHz), accepted    29572/  510001 events ( 5.80%)
Processed   520000/ 1122166 entries, 46.34% (elapsed time   381.6s, curr speed    1.767 kHz, avg speed    1.363 kHz), accepted    30144/  520001 events ( 5.80%)
Processed   530000/ 1122166 entries, 47.23% (elapsed time   389.8s, curr speed    1.216 kHz, avg speed    1.360 kHz), accepted    30755/  530001 events ( 5.80%)
Processed   540000/ 1122166 entries, 48.12% (elapsed time   395.5s, curr speed    1.748 kHz, avg speed    1.365 kHz), accepted    31333/  540001 events ( 5.80%)
Processed   550000/ 1122166 entries, 49.01% (elapsed time   403.5s, curr speed    1.259 kHz, avg speed    1.363 kHz), accepted    31870/  550001 events ( 5.79%)
Processed   560000/ 1122166 entries, 49.90% (elapsed time   409.0s, curr speed    1.804 kHz, avg speed    1.369 kHz), accepted    32454/  560001 events ( 5.80%)
Processed   570000/ 1122166 entries, 50.79% (elapsed time   416.9s, curr speed    1.276 kHz, avg speed    1.367 kHz), accepted    33033/  570001 events ( 5.80%)
Processed   580000/ 1122166 entries, 51.69% (elapsed time   422.4s, curr speed    1.794 kHz, avg speed    1.373 kHz), accepted    33600/  580001 events ( 5.79%)
Processed   590000/ 1122166 entries, 52.58% (elapsed time   430.1s, curr speed    1.305 kHz, avg speed    1.372 kHz), accepted    34164/  590001 events ( 5.79%)
Processed   600000/ 1122166 entries, 53.47% (elapsed time   435.6s, curr speed    1.813 kHz, avg speed    1.377 kHz), accepted    34762/  600001 events ( 5.79%)
Processed   610000/ 1122166 entries, 54.36% (elapsed time   443.6s, curr speed    1.259 kHz, avg speed    1.375 kHz), accepted    35329/  610001 events ( 5.79%)
Processed   620000/ 1122166 entries, 55.25% (elapsed time   449.3s, curr speed    1.749 kHz, avg speed    1.380 kHz), accepted    35910/  620001 events ( 5.79%)
Processed   630000/ 1122166 entries, 56.14% (elapsed time   457.3s, curr speed    1.244 kHz, avg speed    1.378 kHz), accepted    36484/  630001 events ( 5.79%)
Processed   640000/ 1122166 entries, 57.03% (elapsed time   463.0s, curr speed    1.742 kHz, avg speed    1.382 kHz), accepted    37093/  640001 events ( 5.80%)
Processed   650000/ 1122166 entries, 57.92% (elapsed time   471.1s, curr speed    1.248 kHz, avg speed    1.380 kHz), accepted    37639/  650001 events ( 5.79%)
Processed   660000/ 1122166 entries, 58.81% (elapsed time   476.5s, curr speed    1.822 kHz, avg speed    1.385 kHz), accepted    38210/  660001 events ( 5.79%)
Processed   670000/ 1122166 entries, 59.71% (elapsed time   484.7s, curr speed    1.232 kHz, avg speed    1.382 kHz), accepted    38759/  670001 events ( 5.78%)
Processed   680000/ 1122166 entries, 60.60% (elapsed time   490.9s, curr speed    1.594 kHz, avg speed    1.385 kHz), accepted    39356/  680001 events ( 5.79%)
Processed   690000/ 1122166 entries, 61.49% (elapsed time   499.2s, curr speed    1.205 kHz, avg speed    1.382 kHz), accepted    39950/  690001 events ( 5.79%)
Processed   700000/ 1122166 entries, 62.38% (elapsed time   504.9s, curr speed    1.763 kHz, avg speed    1.386 kHz), accepted    40537/  700001 events ( 5.79%)
Processed   710000/ 1122166 entries, 63.27% (elapsed time   512.8s, curr speed    1.261 kHz, avg speed    1.384 kHz), accepted    41104/  710001 events ( 5.79%)
Processed   720000/ 1122166 entries, 64.16% (elapsed time   518.3s, curr speed    1.821 kHz, avg speed    1.389 kHz), accepted    41702/  720001 events ( 5.79%)
Processed   730000/ 1122166 entries, 65.05% (elapsed time   525.8s, curr speed    1.334 kHz, avg speed    1.388 kHz), accepted    42266/  730001 events ( 5.79%)
Processed   740000/ 1122166 entries, 65.94% (elapsed time   531.2s, curr speed    1.845 kHz, avg speed    1.393 kHz), accepted    42875/  740001 events ( 5.79%)
Processed   750000/ 1122166 entries, 66.84% (elapsed time   539.0s, curr speed    1.296 kHz, avg speed    1.392 kHz), accepted    43449/  750001 events ( 5.79%)
Processed   760000/ 1122166 entries, 67.73% (elapsed time   544.5s, curr speed    1.794 kHz, avg speed    1.396 kHz), accepted    44017/  760001 events ( 5.79%)
Processed   770000/ 1122166 entries, 68.62% (elapsed time   552.3s, curr speed    1.282 kHz, avg speed    1.394 kHz), accepted    44598/  770001 events ( 5.79%)
Processed   780000/ 1122166 entries, 69.51% (elapsed time   557.6s, curr speed    1.888 kHz, avg speed    1.399 kHz), accepted    45174/  780001 events ( 5.79%)
Processed   790000/ 1122166 entries, 70.40% (elapsed time   566.1s, curr speed    1.186 kHz, avg speed    1.396 kHz), accepted    45756/  790001 events ( 5.79%)
Processed   800000/ 1122166 entries, 71.29% (elapsed time   572.1s, curr speed    1.667 kHz, avg speed    1.398 kHz), accepted    46343/  800001 events ( 5.79%)
Processed   810000/ 1122166 entries, 72.18% (elapsed time   580.3s, curr speed    1.211 kHz, avg speed    1.396 kHz), accepted    46945/  810001 events ( 5.80%)
Processed   820000/ 1122166 entries, 73.07% (elapsed time   585.8s, curr speed    1.819 kHz, avg speed    1.400 kHz), accepted    47540/  820001 events ( 5.80%)
Processed   830000/ 1122166 entries, 73.96% (elapsed time   594.2s, curr speed    1.197 kHz, avg speed    1.397 kHz), accepted    48161/  830001 events ( 5.80%)
Processed   840000/ 1122166 entries, 74.86% (elapsed time   599.3s, curr speed    1.932 kHz, avg speed    1.402 kHz), accepted    48755/  840001 events ( 5.80%)
Processed   850000/ 1122166 entries, 75.75% (elapsed time   607.3s, curr speed    1.256 kHz, avg speed    1.400 kHz), accepted    49327/  850001 events ( 5.80%)
Processed   860000/ 1122166 entries, 76.64% (elapsed time   612.6s, curr speed    1.873 kHz, avg speed    1.404 kHz), accepted    49878/  860001 events ( 5.80%)
Processed   870000/ 1122166 entries, 77.53% (elapsed time   620.6s, curr speed    1.264 kHz, avg speed    1.402 kHz), accepted    50506/  870001 events ( 5.81%)
Processed   880000/ 1122166 entries, 78.42% (elapsed time   625.9s, curr speed    1.855 kHz, avg speed    1.406 kHz), accepted    51053/  880001 events ( 5.80%)
Processed   890000/ 1122166 entries, 79.31% (elapsed time   634.0s, curr speed    1.249 kHz, avg speed    1.404 kHz), accepted    51665/  890001 events ( 5.81%)
Processed   900000/ 1122166 entries, 80.20% (elapsed time   639.5s, curr speed    1.799 kHz, avg speed    1.407 kHz), accepted    52255/  900001 events ( 5.81%)
Processed   910000/ 1122166 entries, 81.09% (elapsed time   647.9s, curr speed    1.195 kHz, avg speed    1.405 kHz), accepted    52851/  910001 events ( 5.81%)
Processed   920000/ 1122166 entries, 81.98% (elapsed time   653.4s, curr speed    1.801 kHz, avg speed    1.408 kHz), accepted    53407/  920001 events ( 5.81%)
Processed   930000/ 1122166 entries, 82.88% (elapsed time   661.9s, curr speed    1.183 kHz, avg speed    1.405 kHz), accepted    54021/  930001 events ( 5.81%)
Processed   940000/ 1122166 entries, 83.77% (elapsed time   667.0s, curr speed    1.938 kHz, avg speed    1.409 kHz), accepted    54566/  940001 events ( 5.80%)
Processed   950000/ 1122166 entries, 84.66% (elapsed time   675.0s, curr speed    1.263 kHz, avg speed    1.407 kHz), accepted    55156/  950001 events ( 5.81%)
Processed   960000/ 1122166 entries, 85.55% (elapsed time   680.2s, curr speed    1.905 kHz, avg speed    1.411 kHz), accepted    55725/  960001 events ( 5.80%)
Processed   970000/ 1122166 entries, 86.44% (elapsed time   688.4s, curr speed    1.227 kHz, avg speed    1.409 kHz), accepted    56338/  970001 events ( 5.81%)
Processed   980000/ 1122166 entries, 87.33% (elapsed time   693.6s, curr speed    1.895 kHz, avg speed    1.413 kHz), accepted    56908/  980001 events ( 5.81%)
Processed   990000/ 1122166 entries, 88.22% (elapsed time   701.6s, curr speed    1.256 kHz, avg speed    1.411 kHz), accepted    57492/  990001 events ( 5.81%)
Processed  1000000/ 1122166 entries, 89.11% (elapsed time   707.0s, curr speed    1.864 kHz, avg speed    1.415 kHz), accepted    58081/ 1000001 events ( 5.81%)
Processed  1010000/ 1122166 entries, 90.00% (elapsed time   715.0s, curr speed    1.242 kHz, avg speed    1.413 kHz), accepted    58642/ 1010001 events ( 5.81%)
Processed  1020000/ 1122166 entries, 90.90% (elapsed time   720.8s, curr speed    1.741 kHz, avg speed    1.415 kHz), accepted    59235/ 1020001 events ( 5.81%)
Processed  1030000/ 1122166 entries, 91.79% (elapsed time   729.2s, curr speed    1.187 kHz, avg speed    1.413 kHz), accepted    59783/ 1030001 events ( 5.80%)
Processed  1040000/ 1122166 entries, 92.68% (elapsed time   734.7s, curr speed    1.820 kHz, avg speed    1.416 kHz), accepted    60412/ 1040001 events ( 5.81%)
Processed  1050000/ 1122166 entries, 93.57% (elapsed time   742.7s, curr speed    1.242 kHz, avg speed    1.414 kHz), accepted    61020/ 1050001 events ( 5.81%)
Processed  1060000/ 1122166 entries, 94.46% (elapsed time   747.9s, curr speed    1.952 kHz, avg speed    1.417 kHz), accepted    61563/ 1060001 events ( 5.81%)
Processed  1070000/ 1122166 entries, 95.35% (elapsed time   755.8s, curr speed    1.265 kHz, avg speed    1.416 kHz), accepted    62169/ 1070001 events ( 5.81%)
Processed  1080000/ 1122166 entries, 96.24% (elapsed time   761.0s, curr speed    1.893 kHz, avg speed    1.419 kHz), accepted    62774/ 1080001 events ( 5.81%)
Processed  1090000/ 1122166 entries, 97.13% (elapsed time   769.5s, curr speed    1.186 kHz, avg speed    1.417 kHz), accepted    63345/ 1090001 events ( 5.81%)
Processed  1100000/ 1122166 entries, 98.02% (elapsed time   774.7s, curr speed    1.920 kHz, avg speed    1.420 kHz), accepted    63896/ 1100001 events ( 5.81%)
Processed  1110000/ 1122166 entries, 98.92% (elapsed time   780.4s, curr speed    1.741 kHz, avg speed    1.422 kHz), accepted    64462/ 1110001 events ( 5.81%)
Processed  1120000/ 1122166 entries, 99.81% (elapsed time   788.0s, curr speed    1.321 kHz, avg speed    1.421 kHz), accepted    65041/ 1120001 events ( 5.81%)
Processed 1122166 preselected entries from root://cms-xrd-global.cern.ch//store/mc/RunIIAutumn18NanoAODv6/DY1JetsToLL_M-50_TuneCP5_13TeV-madgraphMLM-pythia8/NANOAODSIM/Nano25Oct2019_102X_upgrade2018_realistic_v20-v1/240000/0341216D-EB04-314E-BD41-BC42208958B1.root (1122166 entries). Finally selected 65152 entries
Pre-select 216596 entries out of 216596 (100.00%)
Processed    10000/  216596 entries,  4.62% (elapsed time    11.7s, curr speed    0.851 kHz, avg speed    0.851 kHz), accepted      563/   10001 events ( 5.63%)
Processed    20000/  216596 entries,  9.23% (elapsed time    17.9s, curr speed    1.614 kHz, avg speed    1.115 kHz), accepted     1166/   20001 events ( 5.83%)
Processed    30000/  216596 entries, 13.85% (elapsed time    25.5s, curr speed    1.331 kHz, avg speed    1.178 kHz), accepted     1730/   30001 events ( 5.77%)
Processed    40000/  216596 entries, 18.47% (elapsed time    31.6s, curr speed    1.634 kHz, avg speed    1.267 kHz), accepted     2292/   40001 events ( 5.73%)
Processed    50000/  216596 entries, 23.08% (elapsed time    39.0s, curr speed    1.347 kHz, avg speed    1.282 kHz), accepted     2844/   50001 events ( 5.69%)
Processed    60000/  216596 entries, 27.70% (elapsed time    46.3s, curr speed    1.368 kHz, avg speed    1.296 kHz), accepted     3450/   60001 events ( 5.75%)
Processed    70000/  216596 entries, 32.32% (elapsed time    54.2s, curr speed    1.271 kHz, avg speed    1.292 kHz), accepted     4013/   70001 events ( 5.73%)
Processed    80000/  216596 entries, 36.94% (elapsed time    60.5s, curr speed    1.576 kHz, avg speed    1.322 kHz), accepted     4576/   80001 events ( 5.72%)
Processed    90000/  216596 entries, 41.55% (elapsed time    67.9s, curr speed    1.349 kHz, avg speed    1.325 kHz), accepted     5126/   90001 events ( 5.70%)
Processed   100000/  216596 entries, 46.17% (elapsed time    73.8s, curr speed    1.700 kHz, avg speed    1.355 kHz), accepted     5691/  100001 events ( 5.69%)
Processed   110000/  216596 entries, 50.79% (elapsed time    81.5s, curr speed    1.297 kHz, avg speed    1.349 kHz), accepted     6252/  110001 events ( 5.68%)
Processed   120000/  216596 entries, 55.40% (elapsed time    88.0s, curr speed    1.559 kHz, avg speed    1.364 kHz), accepted     6830/  120001 events ( 5.69%)
Processed   130000/  216596 entries, 60.02% (elapsed time    95.7s, curr speed    1.298 kHz, avg speed    1.359 kHz), accepted     7408/  130001 events ( 5.70%)
Processed   140000/  216596 entries, 64.64% (elapsed time   101.7s, curr speed    1.641 kHz, avg speed    1.376 kHz), accepted     7997/  140001 events ( 5.71%)
Processed   150000/  216596 entries, 69.25% (elapsed time   109.5s, curr speed    1.287 kHz, avg speed    1.370 kHz), accepted     8534/  150001 events ( 5.69%)
Processed   160000/  216596 entries, 73.87% (elapsed time   116.3s, curr speed    1.475 kHz, avg speed    1.376 kHz), accepted     9147/  160001 events ( 5.72%)
Processed   170000/  216596 entries, 78.49% (elapsed time   124.3s, curr speed    1.254 kHz, avg speed    1.368 kHz), accepted     9711/  170001 events ( 5.71%)
Processed   180000/  216596 entries, 83.10% (elapsed time   130.3s, curr speed    1.661 kHz, avg speed    1.382 kHz), accepted    10326/  180001 events ( 5.74%)
Processed   190000/  216596 entries, 87.72% (elapsed time   137.9s, curr speed    1.320 kHz, avg speed    1.378 kHz), accepted    10927/  190001 events ( 5.75%)
Processed   200000/  216596 entries, 92.34% (elapsed time   143.3s, curr speed    1.828 kHz, avg speed    1.395 kHz), accepted    11443/  200001 events ( 5.72%)
Processed   210000/  216596 entries, 96.95% (elapsed time   150.8s, curr speed    1.337 kHz, avg speed    1.392 kHz), accepted    12026/  210001 events ( 5.73%)
Processed 216596 preselected entries from root://cms-xrd-global.cern.ch//store/mc/RunIIAutumn18NanoAODv6/DY1JetsToLL_M-50_TuneCP5_13TeV-madgraphMLM-pythia8/NANOAODSIM/Nano25Oct2019_102X_upgrade2018_realistic_v20-v1/240000/163797AD-5D58-0842-97B9-DFB9DA6B56CA.root (216596 entries). Finally selected 12458 entries
Pre-select 77964 entries out of 77964 (100.00%)
Processed    10000/   77964 entries, 12.83% (elapsed time    19.8s, curr speed    0.506 kHz, avg speed    0.506 kHz), accepted      552/   10001 events ( 5.52%)
Processed    20000/   77964 entries, 25.65% (elapsed time    32.8s, curr speed    0.769 kHz, avg speed    0.611 kHz), accepted     1105/   20001 events ( 5.52%)
Processed    30000/   77964 entries, 38.48% (elapsed time    48.0s, curr speed    0.654 kHz, avg speed    0.625 kHz), accepted     1685/   30001 events ( 5.62%)
Processed    40000/   77964 entries, 51.31% (elapsed time    60.5s, curr speed    0.802 kHz, avg speed    0.661 kHz), accepted     2230/   40001 events ( 5.57%)
Processed    50000/   77964 entries, 64.13% (elapsed time    76.0s, curr speed    0.648 kHz, avg speed    0.658 kHz), accepted     2829/   50001 events ( 5.66%)
Processed    60000/   77964 entries, 76.96% (elapsed time    88.2s, curr speed    0.818 kHz, avg speed    0.680 kHz), accepted     3419/   60001 events ( 5.70%)
Processed    70000/   77964 entries, 89.79% (elapsed time   103.4s, curr speed    0.658 kHz, avg speed    0.677 kHz), accepted     3998/   70001 events ( 5.71%)
Processed 77964 preselected entries from root://cms-xrd-global.cern.ch//store/mc/RunIIAutumn18NanoAODv6/DY1JetsToLL_M-50_TuneCP5_13TeV-madgraphMLM-pythia8/NANOAODSIM/Nano25Oct2019_102X_upgrade2018_realistic_v20-v1/240000/1F192259-11E8-FF48-AB23-F7066112A933.root (77964 entries). Finally selected 4466 entries
Pre-select 1481346 entries out of 1481346 (100.00%)
Processed    10000/ 1481346 entries,  0.68% (elapsed time    15.6s, curr speed    0.642 kHz, avg speed    0.642 kHz), accepted      587/   10001 events ( 5.87%)
Processed    20000/ 1481346 entries,  1.35% (elapsed time    28.6s, curr speed    0.770 kHz, avg speed    0.700 kHz), accepted     1152/   20001 events ( 5.76%)
Processed    30000/ 1481346 entries,  2.03% (elapsed time    36.5s, curr speed    1.256 kHz, avg speed    0.821 kHz), accepted     1767/   30001 events ( 5.89%)
Processed    40000/ 1481346 entries,  2.70% (elapsed time    51.0s, curr speed    0.694 kHz, avg speed    0.785 kHz), accepted     2316/   40001 events ( 5.79%)
Processed    50000/ 1481346 entries,  3.38% (elapsed time    58.8s, curr speed    1.270 kHz, avg speed    0.850 kHz), accepted     2908/   50001 events ( 5.82%)
Processed    60000/ 1481346 entries,  4.05% (elapsed time    74.5s, curr speed    0.638 kHz, avg speed    0.805 kHz), accepted     3496/   60001 events ( 5.83%)
Processed    70000/ 1481346 entries,  4.73% (elapsed time    83.7s, curr speed    1.090 kHz, avg speed    0.837 kHz), accepted     4062/   70001 events ( 5.80%)
Processed    80000/ 1481346 entries,  5.40% (elapsed time    95.7s, curr speed    0.830 kHz, avg speed    0.836 kHz), accepted     4609/   80001 events ( 5.76%)
Processed    90000/ 1481346 entries,  6.08% (elapsed time   104.5s, curr speed    1.134 kHz, avg speed    0.861 kHz), accepted     5138/   90001 events ( 5.71%)
Processed   100000/ 1481346 entries,  6.75% (elapsed time   117.1s, curr speed    0.796 kHz, avg speed    0.854 kHz), accepted     5722/  100001 events ( 5.72%)
Processed   110000/ 1481346 entries,  7.43% (elapsed time   124.8s, curr speed    1.293 kHz, avg speed    0.881 kHz), accepted     6269/  110001 events ( 5.70%)
Processed   120000/ 1481346 entries,  8.10% (elapsed time   136.7s, curr speed    0.841 kHz, avg speed    0.878 kHz), accepted     6838/  120001 events ( 5.70%)
Processed   130000/ 1481346 entries,  8.78% (elapsed time   144.8s, curr speed    1.233 kHz, avg speed    0.898 kHz), accepted     7410/  130001 events ( 5.70%)
Processed   140000/ 1481346 entries,  9.45% (elapsed time   156.8s, curr speed    0.833 kHz, avg speed    0.893 kHz), accepted     7961/  140001 events ( 5.69%)
Processed   150000/ 1481346 entries, 10.13% (elapsed time   164.2s, curr speed    1.366 kHz, avg speed    0.914 kHz), accepted     8531/  150001 events ( 5.69%)
Processed   160000/ 1481346 entries, 10.80% (elapsed time   177.5s, curr speed    0.751 kHz, avg speed    0.901 kHz), accepted     9124/  160001 events ( 5.70%)
Processed   170000/ 1481346 entries, 11.48% (elapsed time   186.6s, curr speed    1.099 kHz, avg speed    0.911 kHz), accepted     9708/  170001 events ( 5.71%)
Processed   180000/ 1481346 entries, 12.15% (elapsed time   200.1s, curr speed    0.738 kHz, avg speed    0.899 kHz), accepted    10265/  180001 events ( 5.70%)
Processed   190000/ 1481346 entries, 12.83% (elapsed time   209.8s, curr speed    1.040 kHz, avg speed    0.906 kHz), accepted    10815/  190001 events ( 5.69%)
Processed   200000/ 1481346 entries, 13.50% (elapsed time   224.0s, curr speed    0.704 kHz, avg speed    0.893 kHz), accepted    11411/  200001 events ( 5.71%)
Processed   210000/ 1481346 entries, 14.18% (elapsed time   232.3s, curr speed    1.206 kHz, avg speed    0.904 kHz), accepted    11968/  210001 events ( 5.70%)
Processed   220000/ 1481346 entries, 14.85% (elapsed time   244.3s, curr speed    0.832 kHz, avg speed    0.901 kHz), accepted    12526/  220001 events ( 5.69%)
Processed   230000/ 1481346 entries, 15.53% (elapsed time   252.4s, curr speed    1.238 kHz, avg speed    0.911 kHz), accepted    13092/  230001 events ( 5.69%)
Processed   240000/ 1481346 entries, 16.20% (elapsed time   265.3s, curr speed    0.772 kHz, avg speed    0.905 kHz), accepted    13713/  240001 events ( 5.71%)
Processed   250000/ 1481346 entries, 16.88% (elapsed time   274.1s, curr speed    1.139 kHz, avg speed    0.912 kHz), accepted    14310/  250001 events ( 5.72%)
Processed   260000/ 1481346 entries, 17.55% (elapsed time   285.9s, curr speed    0.847 kHz, avg speed    0.909 kHz), accepted    14882/  260001 events ( 5.72%)
Processed   270000/ 1481346 entries, 18.23% (elapsed time   293.9s, curr speed    1.247 kHz, avg speed    0.919 kHz), accepted    15455/  270001 events ( 5.72%)
Processed   280000/ 1481346 entries, 18.90% (elapsed time   306.2s, curr speed    0.811 kHz, avg speed    0.914 kHz), accepted    16014/  280001 events ( 5.72%)
Processed   290000/ 1481346 entries, 19.58% (elapsed time   314.6s, curr speed    1.192 kHz, avg speed    0.922 kHz), accepted    16598/  290001 events ( 5.72%)
Processed   300000/ 1481346 entries, 20.25% (elapsed time   326.3s, curr speed    0.854 kHz, avg speed    0.919 kHz), accepted    17206/  300001 events ( 5.74%)
Processed   310000/ 1481346 entries, 20.93% (elapsed time   338.2s, curr speed    0.846 kHz, avg speed    0.917 kHz), accepted    17760/  310001 events ( 5.73%)
Processed   320000/ 1481346 entries, 21.60% (elapsed time   350.1s, curr speed    0.838 kHz, avg speed    0.914 kHz), accepted    18316/  320001 events ( 5.72%)
Processed   330000/ 1481346 entries, 22.28% (elapsed time   360.1s, curr speed    1.003 kHz, avg speed    0.916 kHz), accepted    18879/  330001 events ( 5.72%)
Processed   340000/ 1481346 entries, 22.95% (elapsed time   372.6s, curr speed    0.799 kHz, avg speed    0.913 kHz), accepted    19471/  340001 events ( 5.73%)
Processed   350000/ 1481346 entries, 23.63% (elapsed time   380.6s, curr speed    1.254 kHz, avg speed    0.920 kHz), accepted    20010/  350001 events ( 5.72%)
Processed   360000/ 1481346 entries, 24.30% (elapsed time   394.8s, curr speed    0.701 kHz, avg speed    0.912 kHz), accepted    20594/  360001 events ( 5.72%)
Processed   370000/ 1481346 entries, 24.98% (elapsed time   404.0s, curr speed    1.091 kHz, avg speed    0.916 kHz), accepted    21172/  370001 events ( 5.72%)
Processed   380000/ 1481346 entries, 25.65% (elapsed time   418.1s, curr speed    0.709 kHz, avg speed    0.909 kHz), accepted    21746/  380001 events ( 5.72%)
Processed   390000/ 1481346 entries, 26.33% (elapsed time   427.9s, curr speed    1.015 kHz, avg speed    0.911 kHz), accepted    22351/  390001 events ( 5.73%)
Processed   400000/ 1481346 entries, 27.00% (elapsed time   442.3s, curr speed    0.697 kHz, avg speed    0.904 kHz), accepted    22902/  400001 events ( 5.73%)
Processed   410000/ 1481346 entries, 27.68% (elapsed time   452.5s, curr speed    0.979 kHz, avg speed    0.906 kHz), accepted    23513/  410001 events ( 5.73%)
Processed   420000/ 1481346 entries, 28.35% (elapsed time   467.3s, curr speed    0.674 kHz, avg speed    0.899 kHz), accepted    24089/  420001 events ( 5.74%)
Processed   430000/ 1481346 entries, 29.03% (elapsed time   476.5s, curr speed    1.087 kHz, avg speed    0.902 kHz), accepted    24639/  430001 events ( 5.73%)
Processed   440000/ 1481346 entries, 29.70% (elapsed time   489.8s, curr speed    0.754 kHz, avg speed    0.898 kHz), accepted    25188/  440001 events ( 5.72%)
Processed   450000/ 1481346 entries, 30.38% (elapsed time   498.0s, curr speed    1.219 kHz, avg speed    0.904 kHz), accepted    25771/  450001 events ( 5.73%)
Processed   460000/ 1481346 entries, 31.05% (elapsed time   511.1s, curr speed    0.764 kHz, avg speed    0.900 kHz), accepted    26362/  460001 events ( 5.73%)
Processed   470000/ 1481346 entries, 31.73% (elapsed time   519.7s, curr speed    1.162 kHz, avg speed    0.904 kHz), accepted    26937/  470001 events ( 5.73%)
Processed   480000/ 1481346 entries, 32.40% (elapsed time   532.3s, curr speed    0.792 kHz, avg speed    0.902 kHz), accepted    27458/  480001 events ( 5.72%)
Processed   490000/ 1481346 entries, 33.08% (elapsed time   541.3s, curr speed    1.112 kHz, avg speed    0.905 kHz), accepted    28041/  490001 events ( 5.72%)
Processed   500000/ 1481346 entries, 33.75% (elapsed time   554.6s, curr speed    0.754 kHz, avg speed    0.902 kHz), accepted    28641/  500001 events ( 5.73%)
Processed   510000/ 1481346 entries, 34.43% (elapsed time   562.6s, curr speed    1.251 kHz, avg speed    0.907 kHz), accepted    29214/  510001 events ( 5.73%)
Processed   520000/ 1481346 entries, 35.10% (elapsed time   575.7s, curr speed    0.761 kHz, avg speed    0.903 kHz), accepted    29792/  520001 events ( 5.73%)
Processed   530000/ 1481346 entries, 35.78% (elapsed time   584.7s, curr speed    1.111 kHz, avg speed    0.906 kHz), accepted    30333/  530001 events ( 5.72%)
Processed   540000/ 1481346 entries, 36.45% (elapsed time   596.4s, curr speed    0.858 kHz, avg speed    0.905 kHz), accepted    30889/  540001 events ( 5.72%)
Processed   550000/ 1481346 entries, 37.13% (elapsed time   605.8s, curr speed    1.060 kHz, avg speed    0.908 kHz), accepted    31473/  550001 events ( 5.72%)
Processed   560000/ 1481346 entries, 37.80% (elapsed time   617.6s, curr speed    0.847 kHz, avg speed    0.907 kHz), accepted    32011/  560001 events ( 5.72%)
Processed   570000/ 1481346 entries, 38.48% (elapsed time   626.4s, curr speed    1.135 kHz, avg speed    0.910 kHz), accepted    32581/  570001 events ( 5.72%)
Processed   580000/ 1481346 entries, 39.15% (elapsed time   638.1s, curr speed    0.857 kHz, avg speed    0.909 kHz), accepted    33185/  580001 events ( 5.72%)
Processed   590000/ 1481346 entries, 39.83% (elapsed time   646.4s, curr speed    1.199 kHz, avg speed    0.913 kHz), accepted    33771/  590001 events ( 5.72%)
Processed   600000/ 1481346 entries, 40.50% (elapsed time   658.7s, curr speed    0.816 kHz, avg speed    0.911 kHz), accepted    34401/  600001 events ( 5.73%)
Processed   610000/ 1481346 entries, 41.18% (elapsed time   667.0s, curr speed    1.211 kHz, avg speed    0.915 kHz), accepted    34998/  610001 events ( 5.74%)
Processed   620000/ 1481346 entries, 41.85% (elapsed time   677.9s, curr speed    0.912 kHz, avg speed    0.915 kHz), accepted    35545/  620001 events ( 5.73%)
Processed   630000/ 1481346 entries, 42.53% (elapsed time   687.3s, curr speed    1.071 kHz, avg speed    0.917 kHz), accepted    36118/  630001 events ( 5.73%)
Processed   640000/ 1481346 entries, 43.20% (elapsed time   699.7s, curr speed    0.804 kHz, avg speed    0.915 kHz), accepted    36696/  640001 events ( 5.73%)
Processed   650000/ 1481346 entries, 43.88% (elapsed time   708.8s, curr speed    1.104 kHz, avg speed    0.917 kHz), accepted    37299/  650001 events ( 5.74%)
Processed   660000/ 1481346 entries, 44.55% (elapsed time   722.8s, curr speed    0.710 kHz, avg speed    0.913 kHz), accepted    37882/  660001 events ( 5.74%)
Processed   670000/ 1481346 entries, 45.23% (elapsed time   732.5s, curr speed    1.039 kHz, avg speed    0.915 kHz), accepted    38453/  670001 events ( 5.74%)
Processed   680000/ 1481346 entries, 45.90% (elapsed time   746.1s, curr speed    0.734 kHz, avg speed    0.911 kHz), accepted    39006/  680001 events ( 5.74%)
Processed   690000/ 1481346 entries, 46.58% (elapsed time   754.3s, curr speed    1.211 kHz, avg speed    0.915 kHz), accepted    39584/  690001 events ( 5.74%)
Processed   700000/ 1481346 entries, 47.25% (elapsed time   768.8s, curr speed    0.692 kHz, avg speed    0.911 kHz), accepted    40154/  700001 events ( 5.74%)
Processed   710000/ 1481346 entries, 47.93% (elapsed time   778.0s, curr speed    1.087 kHz, avg speed    0.913 kHz), accepted    40709/  710001 events ( 5.73%)
Processed   720000/ 1481346 entries, 48.60% (elapsed time   790.6s, curr speed    0.792 kHz, avg speed    0.911 kHz), accepted    41345/  720001 events ( 5.74%)
Processed   730000/ 1481346 entries, 49.28% (elapsed time   802.9s, curr speed    0.811 kHz, avg speed    0.909 kHz), accepted    41935/  730001 events ( 5.74%)
Processed   740000/ 1481346 entries, 49.95% (elapsed time   814.4s, curr speed    0.876 kHz, avg speed    0.909 kHz), accepted    42503/  740001 events ( 5.74%)
Processed   750000/ 1481346 entries, 50.63% (elapsed time   824.7s, curr speed    0.968 kHz, avg speed    0.909 kHz), accepted    43056/  750001 events ( 5.74%)
Processed   760000/ 1481346 entries, 51.30% (elapsed time   835.8s, curr speed    0.900 kHz, avg speed    0.909 kHz), accepted    43653/  760001 events ( 5.74%)
Processed   770000/ 1481346 entries, 51.98% (elapsed time   845.1s, curr speed    1.081 kHz, avg speed    0.911 kHz), accepted    44222/  770001 events ( 5.74%)
Processed   780000/ 1481346 entries, 52.65% (elapsed time   856.8s, curr speed    0.849 kHz, avg speed    0.910 kHz), accepted    44789/  780001 events ( 5.74%)
Processed   790000/ 1481346 entries, 53.33% (elapsed time   866.7s, curr speed    1.015 kHz, avg speed    0.912 kHz), accepted    45356/  790001 events ( 5.74%)
Processed   800000/ 1481346 entries, 54.00% (elapsed time   880.0s, curr speed    0.751 kHz, avg speed    0.909 kHz), accepted    45916/  800001 events ( 5.74%)
Processed   810000/ 1481346 entries, 54.68% (elapsed time   890.0s, curr speed    1.002 kHz, avg speed    0.910 kHz), accepted    46493/  810001 events ( 5.74%)
Processed   820000/ 1481346 entries, 55.36% (elapsed time   903.6s, curr speed    0.737 kHz, avg speed    0.908 kHz), accepted    47068/  820001 events ( 5.74%)
Processed   830000/ 1481346 entries, 56.03% (elapsed time   912.1s, curr speed    1.173 kHz, avg speed    0.910 kHz), accepted    47656/  830001 events ( 5.74%)
Processed   840000/ 1481346 entries, 56.71% (elapsed time   922.9s, curr speed    0.923 kHz, avg speed    0.910 kHz), accepted    48241/  840001 events ( 5.74%)
Processed   850000/ 1481346 entries, 57.38% (elapsed time   931.2s, curr speed    1.202 kHz, avg speed    0.913 kHz), accepted    48820/  850001 events ( 5.74%)
Processed   860000/ 1481346 entries, 58.06% (elapsed time   942.4s, curr speed    0.898 kHz, avg speed    0.913 kHz), accepted    49414/  860001 events ( 5.75%)
Processed   870000/ 1481346 entries, 58.73% (elapsed time   952.1s, curr speed    1.021 kHz, avg speed    0.914 kHz), accepted    49986/  870001 events ( 5.75%)
Processed   880000/ 1481346 entries, 59.41% (elapsed time   965.3s, curr speed    0.758 kHz, avg speed    0.912 kHz), accepted    50598/  880001 events ( 5.75%)
Processed   890000/ 1481346 entries, 60.08% (elapsed time   974.2s, curr speed    1.134 kHz, avg speed    0.914 kHz), accepted    51177/  890001 events ( 5.75%)
Processed   900000/ 1481346 entries, 60.76% (elapsed time   985.5s, curr speed    0.884 kHz, avg speed    0.913 kHz), accepted    51740/  900001 events ( 5.75%)
Processed   910000/ 1481346 entries, 61.43% (elapsed time   997.2s, curr speed    0.850 kHz, avg speed    0.913 kHz), accepted    52324/  910001 events ( 5.75%)
Processed   920000/ 1481346 entries, 62.11% (elapsed time  1004.9s, curr speed    1.307 kHz, avg speed    0.916 kHz), accepted    52909/  920001 events ( 5.75%)
Processed   930000/ 1481346 entries, 62.78% (elapsed time  1016.3s, curr speed    0.874 kHz, avg speed    0.915 kHz), accepted    53477/  930001 events ( 5.75%)
Processed   940000/ 1481346 entries, 63.46% (elapsed time  1023.9s, curr speed    1.318 kHz, avg speed    0.918 kHz), accepted    54112/  940001 events ( 5.76%)
Processed   950000/ 1481346 entries, 64.13% (elapsed time  1036.3s, curr speed    0.808 kHz, avg speed    0.917 kHz), accepted    54694/  950001 events ( 5.76%)
Processed   960000/ 1481346 entries, 64.81% (elapsed time  1045.0s, curr speed    1.156 kHz, avg speed    0.919 kHz), accepted    55321/  960001 events ( 5.76%)
Processed   970000/ 1481346 entries, 65.48% (elapsed time  1057.3s, curr speed    0.811 kHz, avg speed    0.917 kHz), accepted    55892/  970001 events ( 5.76%)
Processed   980000/ 1481346 entries, 66.16% (elapsed time  1065.7s, curr speed    1.184 kHz, avg speed    0.920 kHz), accepted    56491/  980001 events ( 5.76%)
Processed   990000/ 1481346 entries, 66.83% (elapsed time  1077.7s, curr speed    0.839 kHz, avg speed    0.919 kHz), accepted    57080/  990001 events ( 5.77%)
Processed  1000000/ 1481346 entries, 67.51% (elapsed time  1085.5s, curr speed    1.276 kHz, avg speed    0.921 kHz), accepted    57664/ 1000001 events ( 5.77%)
Processed  1010000/ 1481346 entries, 68.18% (elapsed time  1097.3s, curr speed    0.844 kHz, avg speed    0.920 kHz), accepted    58235/ 1010001 events ( 5.77%)
Processed  1020000/ 1481346 entries, 68.86% (elapsed time  1104.7s, curr speed    1.356 kHz, avg speed    0.923 kHz), accepted    58794/ 1020001 events ( 5.76%)
Processed  1030000/ 1481346 entries, 69.53% (elapsed time  1116.3s, curr speed    0.864 kHz, avg speed    0.923 kHz), accepted    59383/ 1030001 events ( 5.77%)
Processed  1040000/ 1481346 entries, 70.21% (elapsed time  1124.6s, curr speed    1.196 kHz, avg speed    0.925 kHz), accepted    59940/ 1040001 events ( 5.76%)
Processed  1050000/ 1481346 entries, 70.88% (elapsed time  1137.6s, curr speed    0.772 kHz, avg speed    0.923 kHz), accepted    60544/ 1050001 events ( 5.77%)
Processed  1060000/ 1481346 entries, 71.56% (elapsed time  1145.8s, curr speed    1.224 kHz, avg speed    0.925 kHz), accepted    61112/ 1060001 events ( 5.77%)
Processed  1070000/ 1481346 entries, 72.23% (elapsed time  1157.6s, curr speed    0.845 kHz, avg speed    0.924 kHz), accepted    61682/ 1070001 events ( 5.76%)
Processed  1080000/ 1481346 entries, 72.91% (elapsed time  1165.7s, curr speed    1.236 kHz, avg speed    0.926 kHz), accepted    62286/ 1080001 events ( 5.77%)
Processed  1090000/ 1481346 entries, 73.58% (elapsed time  1178.2s, curr speed    0.803 kHz, avg speed    0.925 kHz), accepted    62881/ 1090001 events ( 5.77%)
Processed  1100000/ 1481346 entries, 74.26% (elapsed time  1186.6s, curr speed    1.180 kHz, avg speed    0.927 kHz), accepted    63444/ 1100001 events ( 5.77%)
Processed  1110000/ 1481346 entries, 74.93% (elapsed time  1199.1s, curr speed    0.800 kHz, avg speed    0.926 kHz), accepted    63990/ 1110001 events ( 5.76%)
Processed  1120000/ 1481346 entries, 75.61% (elapsed time  1207.7s, curr speed    1.171 kHz, avg speed    0.927 kHz), accepted    64542/ 1120001 events ( 5.76%)
Processed  1130000/ 1481346 entries, 76.28% (elapsed time  1220.8s, curr speed    0.760 kHz, avg speed    0.926 kHz), accepted    65092/ 1130001 events ( 5.76%)
Processed  1140000/ 1481346 entries, 76.96% (elapsed time  1228.7s, curr speed    1.271 kHz, avg speed    0.928 kHz), accepted    65667/ 1140001 events ( 5.76%)
Processed  1150000/ 1481346 entries, 77.63% (elapsed time  1248.6s, curr speed    0.503 kHz, avg speed    0.921 kHz), accepted    66222/ 1150001 events ( 5.76%)
Processed  1160000/ 1481346 entries, 78.31% (elapsed time  1258.1s, curr speed    1.052 kHz, avg speed    0.922 kHz), accepted    66819/ 1160001 events ( 5.76%)
Processed  1170000/ 1481346 entries, 78.98% (elapsed time  1275.7s, curr speed    0.569 kHz, avg speed    0.917 kHz), accepted    67421/ 1170001 events ( 5.76%)
Processed  1180000/ 1481346 entries, 79.66% (elapsed time  1287.4s, curr speed    0.850 kHz, avg speed    0.917 kHz), accepted    68023/ 1180001 events ( 5.76%)
Processed  1190000/ 1481346 entries, 80.33% (elapsed time  1305.2s, curr speed    0.562 kHz, avg speed    0.912 kHz), accepted    68617/ 1190001 events ( 5.77%)
Processed  1200000/ 1481346 entries, 81.01% (elapsed time  1314.0s, curr speed    1.135 kHz, avg speed    0.913 kHz), accepted    69189/ 1200001 events ( 5.77%)
Processed  1210000/ 1481346 entries, 81.68% (elapsed time  1326.5s, curr speed    0.803 kHz, avg speed    0.912 kHz), accepted    69811/ 1210001 events ( 5.77%)
Processed  1220000/ 1481346 entries, 82.36% (elapsed time  1335.2s, curr speed    1.146 kHz, avg speed    0.914 kHz), accepted    70373/ 1220001 events ( 5.77%)
Processed  1230000/ 1481346 entries, 83.03% (elapsed time  1347.6s, curr speed    0.810 kHz, avg speed    0.913 kHz), accepted    70944/ 1230001 events ( 5.77%)
Processed  1240000/ 1481346 entries, 83.71% (elapsed time  1356.7s, curr speed    1.097 kHz, avg speed    0.914 kHz), accepted    71564/ 1240001 events ( 5.77%)
Processed  1250000/ 1481346 entries, 84.38% (elapsed time  1370.4s, curr speed    0.728 kHz, avg speed    0.912 kHz), accepted    72137/ 1250001 events ( 5.77%)
Processed  1260000/ 1481346 entries, 85.06% (elapsed time  1381.1s, curr speed    0.936 kHz, avg speed    0.912 kHz), accepted    72712/ 1260001 events ( 5.77%)
Processed  1270000/ 1481346 entries, 85.73% (elapsed time  1395.4s, curr speed    0.701 kHz, avg speed    0.910 kHz), accepted    73250/ 1270001 events ( 5.77%)
Processed  1280000/ 1481346 entries, 86.41% (elapsed time  1403.8s, curr speed    1.186 kHz, avg speed    0.912 kHz), accepted    73813/ 1280001 events ( 5.77%)
Processed  1290000/ 1481346 entries, 87.08% (elapsed time  1415.8s, curr speed    0.830 kHz, avg speed    0.911 kHz), accepted    74368/ 1290001 events ( 5.76%)
Processed  1300000/ 1481346 entries, 87.76% (elapsed time  1425.0s, curr speed    1.086 kHz, avg speed    0.912 kHz), accepted    74974/ 1300001 events ( 5.77%)
Processed  1310000/ 1481346 entries, 88.43% (elapsed time  1437.5s, curr speed    0.805 kHz, avg speed    0.911 kHz), accepted    75531/ 1310001 events ( 5.77%)
Processed  1320000/ 1481346 entries, 89.11% (elapsed time  1446.4s, curr speed    1.117 kHz, avg speed    0.913 kHz), accepted    76119/ 1320001 events ( 5.77%)
Processed  1330000/ 1481346 entries, 89.78% (elapsed time  1457.7s, curr speed    0.883 kHz, avg speed    0.912 kHz), accepted    76669/ 1330001 events ( 5.76%)
Processed  1340000/ 1481346 entries, 90.46% (elapsed time  1465.4s, curr speed    1.311 kHz, avg speed    0.914 kHz), accepted    77229/ 1340001 events ( 5.76%)
Processed  1350000/ 1481346 entries, 91.13% (elapsed time  1477.2s, curr speed    0.843 kHz, avg speed    0.914 kHz), accepted    77813/ 1350001 events ( 5.76%)
Processed  1360000/ 1481346 entries, 91.81% (elapsed time  1485.3s, curr speed    1.244 kHz, avg speed    0.916 kHz), accepted    78342/ 1360001 events ( 5.76%)
Processed  1370000/ 1481346 entries, 92.48% (elapsed time  1496.7s, curr speed    0.876 kHz, avg speed    0.915 kHz), accepted    78910/ 1370001 events ( 5.76%)
Processed  1380000/ 1481346 entries, 93.16% (elapsed time  1505.4s, curr speed    1.149 kHz, avg speed    0.917 kHz), accepted    79492/ 1380001 events ( 5.76%)
Processed  1390000/ 1481346 entries, 93.83% (elapsed time  1517.4s, curr speed    0.834 kHz, avg speed    0.916 kHz), accepted    80084/ 1390001 events ( 5.76%)
Processed  1400000/ 1481346 entries, 94.51% (elapsed time  1525.9s, curr speed    1.176 kHz, avg speed    0.918 kHz), accepted    80645/ 1400001 events ( 5.76%)
Processed  1410000/ 1481346 entries, 95.18% (elapsed time  1536.8s, curr speed    0.913 kHz, avg speed    0.917 kHz), accepted    81225/ 1410001 events ( 5.76%)
Processed  1420000/ 1481346 entries, 95.86% (elapsed time  1545.2s, curr speed    1.198 kHz, avg speed    0.919 kHz), accepted    81827/ 1420001 events ( 5.76%)
Processed  1430000/ 1481346 entries, 96.53% (elapsed time  1556.4s, curr speed    0.893 kHz, avg speed    0.919 kHz), accepted    82398/ 1430001 events ( 5.76%)
Processed  1440000/ 1481346 entries, 97.21% (elapsed time  1565.0s, curr speed    1.155 kHz, avg speed    0.920 kHz), accepted    82933/ 1440001 events ( 5.76%)
Processed  1450000/ 1481346 entries, 97.88% (elapsed time  1577.9s, curr speed    0.779 kHz, avg speed    0.919 kHz), accepted    83472/ 1450001 events ( 5.76%)
Processed  1460000/ 1481346 entries, 98.56% (elapsed time  1586.2s, curr speed    1.198 kHz, avg speed    0.920 kHz), accepted    84056/ 1460001 events ( 5.76%)
Processed  1470000/ 1481346 entries, 99.23% (elapsed time  1598.4s, curr speed    0.821 kHz, avg speed    0.920 kHz), accepted    84624/ 1470001 events ( 5.76%)
Processed  1480000/ 1481346 entries, 99.91% (elapsed time  1609.8s, curr speed    0.876 kHz, avg speed    0.919 kHz), accepted    85223/ 1480001 events ( 5.76%)
Processed 1481346 preselected entries from root://cms-xrd-global.cern.ch//store/mc/RunIIAutumn18NanoAODv6/DY1JetsToLL_M-50_TuneCP5_13TeV-madgraphMLM-pythia8/NANOAODSIM/Nano25Oct2019_102X_upgrade2018_realistic_v20-v1/240000/28EE94D8-5AE1-0A4A-B3F3-55E4C39F6A71.root (1481346 entries). Finally selected 85288 entries
Pre-select 1302345 entries out of 1302345 (100.00%)
Processed    10000/ 1302345 entries,  0.77% (elapsed time    10.1s, curr speed    0.991 kHz, avg speed    0.991 kHz), accepted      570/   10001 events ( 5.70%)
Processed    20000/ 1302345 entries,  1.54% (elapsed time    16.3s, curr speed    1.605 kHz, avg speed    1.225 kHz), accepted     1171/   20001 events ( 5.85%)
Processed    30000/ 1302345 entries,  2.30% (elapsed time    24.1s, curr speed    1.283 kHz, avg speed    1.244 kHz), accepted     1748/   30001 events ( 5.83%)
Processed    40000/ 1302345 entries,  3.07% (elapsed time    30.4s, curr speed    1.603 kHz, avg speed    1.318 kHz), accepted     2306/   40001 events ( 5.76%)
Processed    50000/ 1302345 entries,  3.84% (elapsed time    38.0s, curr speed    1.311 kHz, avg speed    1.316 kHz), accepted     2868/   50001 events ( 5.74%)
Processed    60000/ 1302345 entries,  4.61% (elapsed time    44.3s, curr speed    1.584 kHz, avg speed    1.354 kHz), accepted     3435/   60001 events ( 5.72%)
Processed    70000/ 1302345 entries,  5.37% (elapsed time    51.4s, curr speed    1.407 kHz, avg speed    1.362 kHz), accepted     4008/   70001 events ( 5.73%)
Processed    80000/ 1302345 entries,  6.14% (elapsed time    57.7s, curr speed    1.595 kHz, avg speed    1.387 kHz), accepted     4571/   80001 events ( 5.71%)
Processed    90000/ 1302345 entries,  6.91% (elapsed time    65.2s, curr speed    1.332 kHz, avg speed    1.381 kHz), accepted     5133/   90001 events ( 5.70%)
Processed   100000/ 1302345 entries,  7.68% (elapsed time    71.3s, curr speed    1.627 kHz, avg speed    1.402 kHz), accepted     5678/  100001 events ( 5.68%)
Processed   110000/ 1302345 entries,  8.45% (elapsed time    78.8s, curr speed    1.333 kHz, avg speed    1.395 kHz), accepted     6246/  110001 events ( 5.68%)
Processed   120000/ 1302345 entries,  9.21% (elapsed time    85.1s, curr speed    1.598 kHz, avg speed    1.410 kHz), accepted     6822/  120001 events ( 5.68%)
Processed   130000/ 1302345 entries,  9.98% (elapsed time    92.2s, curr speed    1.405 kHz, avg speed    1.410 kHz), accepted     7338/  130001 events ( 5.64%)
Processed   140000/ 1302345 entries, 10.75% (elapsed time    98.3s, curr speed    1.653 kHz, avg speed    1.425 kHz), accepted     7873/  140001 events ( 5.62%)
Processed   150000/ 1302345 entries, 11.52% (elapsed time   106.1s, curr speed    1.278 kHz, avg speed    1.414 kHz), accepted     8444/  150001 events ( 5.63%)
Processed   160000/ 1302345 entries, 12.29% (elapsed time   111.9s, curr speed    1.717 kHz, avg speed    1.430 kHz), accepted     8976/  160001 events ( 5.61%)
Processed   170000/ 1302345 entries, 13.05% (elapsed time   119.3s, curr speed    1.353 kHz, avg speed    1.425 kHz), accepted     9526/  170001 events ( 5.60%)
Processed   180000/ 1302345 entries, 13.82% (elapsed time   125.5s, curr speed    1.623 kHz, avg speed    1.435 kHz), accepted    10119/  180001 events ( 5.62%)
Processed   190000/ 1302345 entries, 14.59% (elapsed time   133.4s, curr speed    1.252 kHz, avg speed    1.424 kHz), accepted    10698/  190001 events ( 5.63%)
Processed   200000/ 1302345 entries, 15.36% (elapsed time   139.3s, curr speed    1.708 kHz, avg speed    1.436 kHz), accepted    11285/  200001 events ( 5.64%)
Processed   210000/ 1302345 entries, 16.12% (elapsed time   146.9s, curr speed    1.308 kHz, avg speed    1.429 kHz), accepted    11815/  210001 events ( 5.63%)
Processed   220000/ 1302345 entries, 16.89% (elapsed time   152.9s, curr speed    1.670 kHz, avg speed    1.439 kHz), accepted    12395/  220001 events ( 5.63%)
Processed   230000/ 1302345 entries, 17.66% (elapsed time   160.8s, curr speed    1.278 kHz, avg speed    1.431 kHz), accepted    12959/  230001 events ( 5.63%)
Processed   240000/ 1302345 entries, 18.43% (elapsed time   166.6s, curr speed    1.710 kHz, avg speed    1.440 kHz), accepted    13529/  240001 events ( 5.64%)
Processed   250000/ 1302345 entries, 19.20% (elapsed time   174.5s, curr speed    1.274 kHz, avg speed    1.433 kHz), accepted    14128/  250001 events ( 5.65%)
Processed   260000/ 1302345 entries, 19.96% (elapsed time   180.2s, curr speed    1.756 kHz, avg speed    1.443 kHz), accepted    14743/  260001 events ( 5.67%)
Processed   270000/ 1302345 entries, 20.73% (elapsed time   188.0s, curr speed    1.278 kHz, avg speed    1.436 kHz), accepted    15296/  270001 events ( 5.67%)
Processed   280000/ 1302345 entries, 21.50% (elapsed time   194.2s, curr speed    1.609 kHz, avg speed    1.442 kHz), accepted    15879/  280001 events ( 5.67%)
Processed   290000/ 1302345 entries, 22.27% (elapsed time   202.3s, curr speed    1.231 kHz, avg speed    1.433 kHz), accepted    16471/  290001 events ( 5.68%)
Processed   300000/ 1302345 entries, 23.04% (elapsed time   207.8s, curr speed    1.815 kHz, avg speed    1.443 kHz), accepted    17057/  300001 events ( 5.69%)
Processed   310000/ 1302345 entries, 23.80% (elapsed time   215.9s, curr speed    1.233 kHz, avg speed    1.436 kHz), accepted    17643/  310001 events ( 5.69%)
Processed   320000/ 1302345 entries, 24.57% (elapsed time   221.7s, curr speed    1.751 kHz, avg speed    1.444 kHz), accepted    18225/  320001 events ( 5.70%)
Processed   330000/ 1302345 entries, 25.34% (elapsed time   229.9s, curr speed    1.212 kHz, avg speed    1.435 kHz), accepted    18817/  330001 events ( 5.70%)
Processed   340000/ 1302345 entries, 26.11% (elapsed time   235.6s, curr speed    1.747 kHz, avg speed    1.443 kHz), accepted    19411/  340001 events ( 5.71%)
Processed   350000/ 1302345 entries, 26.87% (elapsed time   243.7s, curr speed    1.241 kHz, avg speed    1.436 kHz), accepted    20001/  350001 events ( 5.71%)
Processed   360000/ 1302345 entries, 27.64% (elapsed time   249.4s, curr speed    1.760 kHz, avg speed    1.444 kHz), accepted    20586/  360001 events ( 5.72%)
Processed   370000/ 1302345 entries, 28.41% (elapsed time   257.3s, curr speed    1.263 kHz, avg speed    1.438 kHz), accepted    21162/  370001 events ( 5.72%)
Processed   380000/ 1302345 entries, 29.18% (elapsed time   263.0s, curr speed    1.738 kHz, avg speed    1.445 kHz), accepted    21716/  380001 events ( 5.71%)
Processed   390000/ 1302345 entries, 29.95% (elapsed time   271.4s, curr speed    1.192 kHz, avg speed    1.437 kHz), accepted    22285/  390001 events ( 5.71%)
Processed   400000/ 1302345 entries, 30.71% (elapsed time   277.8s, curr speed    1.575 kHz, avg speed    1.440 kHz), accepted    22865/  400001 events ( 5.72%)
Processed   410000/ 1302345 entries, 31.48% (elapsed time   286.3s, curr speed    1.172 kHz, avg speed    1.432 kHz), accepted    23463/  410001 events ( 5.72%)
Processed   420000/ 1302345 entries, 32.25% (elapsed time   291.8s, curr speed    1.822 kHz, avg speed    1.439 kHz), accepted    24066/  420001 events ( 5.73%)
Processed   430000/ 1302345 entries, 33.02% (elapsed time   300.2s, curr speed    1.193 kHz, avg speed    1.432 kHz), accepted    24637/  430001 events ( 5.73%)
Processed   440000/ 1302345 entries, 33.79% (elapsed time   306.1s, curr speed    1.694 kHz, avg speed    1.438 kHz), accepted    25245/  440001 events ( 5.74%)
Processed   450000/ 1302345 entries, 34.55% (elapsed time   314.5s, curr speed    1.186 kHz, avg speed    1.431 kHz), accepted    25806/  450001 events ( 5.73%)
Processed   460000/ 1302345 entries, 35.32% (elapsed time   320.0s, curr speed    1.839 kHz, avg speed    1.438 kHz), accepted    26328/  460001 events ( 5.72%)
Processed   470000/ 1302345 entries, 36.09% (elapsed time   328.3s, curr speed    1.197 kHz, avg speed    1.432 kHz), accepted    26915/  470001 events ( 5.73%)
Processed   480000/ 1302345 entries, 36.86% (elapsed time   334.2s, curr speed    1.706 kHz, avg speed    1.436 kHz), accepted    27533/  480001 events ( 5.74%)
Processed   490000/ 1302345 entries, 37.62% (elapsed time   342.3s, curr speed    1.227 kHz, avg speed    1.431 kHz), accepted    28117/  490001 events ( 5.74%)
Processed   500000/ 1302345 entries, 38.39% (elapsed time   347.5s, curr speed    1.928 kHz, avg speed    1.439 kHz), accepted    28712/  500001 events ( 5.74%)
Processed   510000/ 1302345 entries, 39.16% (elapsed time   355.7s, curr speed    1.217 kHz, avg speed    1.434 kHz), accepted    29278/  510001 events ( 5.74%)
Processed   520000/ 1302345 entries, 39.93% (elapsed time   361.4s, curr speed    1.772 kHz, avg speed    1.439 kHz), accepted    29845/  520001 events ( 5.74%)
Processed   530000/ 1302345 entries, 40.70% (elapsed time   369.7s, curr speed    1.193 kHz, avg speed    1.433 kHz), accepted    30424/  530001 events ( 5.74%)
Processed   540000/ 1302345 entries, 41.46% (elapsed time   375.1s, curr speed    1.861 kHz, avg speed    1.440 kHz), accepted    31040/  540001 events ( 5.75%)
Processed   550000/ 1302345 entries, 42.23% (elapsed time   383.9s, curr speed    1.138 kHz, avg speed    1.433 kHz), accepted    31583/  550001 events ( 5.74%)
Processed   560000/ 1302345 entries, 43.00% (elapsed time   389.7s, curr speed    1.723 kHz, avg speed    1.437 kHz), accepted    32158/  560001 events ( 5.74%)
Processed   570000/ 1302345 entries, 43.77% (elapsed time   398.0s, curr speed    1.200 kHz, avg speed    1.432 kHz), accepted    32754/  570001 events ( 5.75%)
Processed   580000/ 1302345 entries, 44.54% (elapsed time   403.9s, curr speed    1.712 kHz, avg speed    1.436 kHz), accepted    33308/  580001 events ( 5.74%)
Processed   590000/ 1302345 entries, 45.30% (elapsed time   412.5s, curr speed    1.160 kHz, avg speed    1.430 kHz), accepted    33916/  590001 events ( 5.75%)
Processed   600000/ 1302345 entries, 46.07% (elapsed time   418.7s, curr speed    1.609 kHz, avg speed    1.433 kHz), accepted    34484/  600001 events ( 5.75%)
Processed   610000/ 1302345 entries, 46.84% (elapsed time   428.0s, curr speed    1.079 kHz, avg speed    1.425 kHz), accepted    35066/  610001 events ( 5.75%)
Processed   620000/ 1302345 entries, 47.61% (elapsed time   434.2s, curr speed    1.597 kHz, avg speed    1.428 kHz), accepted    35688/  620001 events ( 5.76%)
Processed   630000/ 1302345 entries, 48.37% (elapsed time   441.0s, curr speed    1.480 kHz, avg speed    1.429 kHz), accepted    36245/  630001 events ( 5.75%)
Processed   640000/ 1302345 entries, 49.14% (elapsed time   449.2s, curr speed    1.218 kHz, avg speed    1.425 kHz), accepted    36810/  640001 events ( 5.75%)
Processed   650000/ 1302345 entries, 49.91% (elapsed time   456.2s, curr speed    1.440 kHz, avg speed    1.425 kHz), accepted    37393/  650001 events ( 5.75%)
Processed   660000/ 1302345 entries, 50.68% (elapsed time   464.7s, curr speed    1.172 kHz, avg speed    1.420 kHz), accepted    37965/  660001 events ( 5.75%)
Processed   670000/ 1302345 entries, 51.45% (elapsed time   471.4s, curr speed    1.485 kHz, avg speed    1.421 kHz), accepted    38550/  670001 events ( 5.75%)
Processed   680000/ 1302345 entries, 52.21% (elapsed time   480.0s, curr speed    1.161 kHz, avg speed    1.417 kHz), accepted    39122/  680001 events ( 5.75%)
Processed   690000/ 1302345 entries, 52.98% (elapsed time   486.7s, curr speed    1.506 kHz, avg speed    1.418 kHz), accepted    39706/  690001 events ( 5.75%)
Processed   700000/ 1302345 entries, 53.75% (elapsed time   496.1s, curr speed    1.066 kHz, avg speed    1.411 kHz), accepted    40294/  700001 events ( 5.76%)
Processed   710000/ 1302345 entries, 54.52% (elapsed time   503.4s, curr speed    1.364 kHz, avg speed    1.410 kHz), accepted    40873/  710001 events ( 5.76%)
Processed   720000/ 1302345 entries, 55.28% (elapsed time   512.5s, curr speed    1.103 kHz, avg speed    1.405 kHz), accepted    41459/  720001 events ( 5.76%)
Processed   730000/ 1302345 entries, 56.05% (elapsed time   520.0s, curr speed    1.321 kHz, avg speed    1.404 kHz), accepted    42038/  730001 events ( 5.76%)
Processed   740000/ 1302345 entries, 56.82% (elapsed time   528.5s, curr speed    1.188 kHz, avg speed    1.400 kHz), accepted    42606/  740001 events ( 5.76%)
Processed   750000/ 1302345 entries, 57.59% (elapsed time   534.6s, curr speed    1.622 kHz, avg speed    1.403 kHz), accepted    43196/  750001 events ( 5.76%)
Processed   760000/ 1302345 entries, 58.36% (elapsed time   542.3s, curr speed    1.302 kHz, avg speed    1.401 kHz), accepted    43802/  760001 events ( 5.76%)
Processed   770000/ 1302345 entries, 59.12% (elapsed time   548.6s, curr speed    1.597 kHz, avg speed    1.404 kHz), accepted    44361/  770001 events ( 5.76%)
Processed   780000/ 1302345 entries, 59.89% (elapsed time   556.5s, curr speed    1.265 kHz, avg speed    1.402 kHz), accepted    44974/  780001 events ( 5.77%)
Processed   790000/ 1302345 entries, 60.66% (elapsed time   562.4s, curr speed    1.681 kHz, avg speed    1.405 kHz), accepted    45544/  790001 events ( 5.77%)
Processed   800000/ 1302345 entries, 61.43% (elapsed time   570.9s, curr speed    1.181 kHz, avg speed    1.401 kHz), accepted    46153/  800001 events ( 5.77%)
Processed   810000/ 1302345 entries, 62.20% (elapsed time   577.9s, curr speed    1.431 kHz, avg speed    1.402 kHz), accepted    46726/  810001 events ( 5.77%)
Processed   820000/ 1302345 entries, 62.96% (elapsed time   586.6s, curr speed    1.139 kHz, avg speed    1.398 kHz), accepted    47281/  820001 events ( 5.77%)
Processed   830000/ 1302345 entries, 63.73% (elapsed time   592.9s, curr speed    1.605 kHz, avg speed    1.400 kHz), accepted    47824/  830001 events ( 5.76%)
Processed   840000/ 1302345 entries, 64.50% (elapsed time   600.8s, curr speed    1.269 kHz, avg speed    1.398 kHz), accepted    48409/  840001 events ( 5.76%)
Processed   850000/ 1302345 entries, 65.27% (elapsed time   607.5s, curr speed    1.481 kHz, avg speed    1.399 kHz), accepted    48984/  850001 events ( 5.76%)
Processed   860000/ 1302345 entries, 66.03% (elapsed time   616.2s, curr speed    1.145 kHz, avg speed    1.396 kHz), accepted    49572/  860001 events ( 5.76%)
Processed   870000/ 1302345 entries, 66.80% (elapsed time   623.1s, curr speed    1.450 kHz, avg speed    1.396 kHz), accepted    50144/  870001 events ( 5.76%)
Processed   880000/ 1302345 entries, 67.57% (elapsed time   632.0s, curr speed    1.127 kHz, avg speed    1.392 kHz), accepted    50768/  880001 events ( 5.77%)
Processed   890000/ 1302345 entries, 68.34% (elapsed time   638.4s, curr speed    1.564 kHz, avg speed    1.394 kHz), accepted    51347/  890001 events ( 5.77%)
Processed   900000/ 1302345 entries, 69.11% (elapsed time   646.7s, curr speed    1.208 kHz, avg speed    1.392 kHz), accepted    51957/  900001 events ( 5.77%)
Processed   910000/ 1302345 entries, 69.87% (elapsed time   653.0s, curr speed    1.575 kHz, avg speed    1.394 kHz), accepted    52467/  910001 events ( 5.77%)
Processed   920000/ 1302345 entries, 70.64% (elapsed time   666.9s, curr speed    0.721 kHz, avg speed    1.380 kHz), accepted    53068/  920001 events ( 5.77%)
Processed   930000/ 1302345 entries, 71.41% (elapsed time   677.3s, curr speed    0.959 kHz, avg speed    1.373 kHz), accepted    53655/  930001 events ( 5.77%)
Processed   940000/ 1302345 entries, 72.18% (elapsed time   692.3s, curr speed    0.667 kHz, avg speed    1.358 kHz), accepted    54184/  940001 events ( 5.76%)
Processed   950000/ 1302345 entries, 72.95% (elapsed time   702.9s, curr speed    0.942 kHz, avg speed    1.351 kHz), accepted    54736/  950001 events ( 5.76%)
Processed   960000/ 1302345 entries, 73.71% (elapsed time   718.6s, curr speed    0.638 kHz, avg speed    1.336 kHz), accepted    55293/  960001 events ( 5.76%)
Processed   970000/ 1302345 entries, 74.48% (elapsed time   729.0s, curr speed    0.961 kHz, avg speed    1.331 kHz), accepted    55874/  970001 events ( 5.76%)
Processed   980000/ 1302345 entries, 75.25% (elapsed time   744.8s, curr speed    0.633 kHz, avg speed    1.316 kHz), accepted    56437/  980001 events ( 5.76%)
Processed   990000/ 1302345 entries, 76.02% (elapsed time   754.9s, curr speed    0.987 kHz, avg speed    1.311 kHz), accepted    56970/  990001 events ( 5.75%)
Processed  1000000/ 1302345 entries, 76.78% (elapsed time   770.8s, curr speed    0.630 kHz, avg speed    1.297 kHz), accepted    57580/ 1000001 events ( 5.76%)
Processed  1010000/ 1302345 entries, 77.55% (elapsed time   781.2s, curr speed    0.964 kHz, avg speed    1.293 kHz), accepted    58157/ 1010001 events ( 5.76%)
Processed  1020000/ 1302345 entries, 78.32% (elapsed time   795.9s, curr speed    0.680 kHz, avg speed    1.282 kHz), accepted    58713/ 1020001 events ( 5.76%)
Processed  1030000/ 1302345 entries, 79.09% (elapsed time   806.0s, curr speed    0.988 kHz, avg speed    1.278 kHz), accepted    59285/ 1030001 events ( 5.76%)
Processed  1040000/ 1302345 entries, 79.86% (elapsed time   821.9s, curr speed    0.629 kHz, avg speed    1.265 kHz), accepted    59834/ 1040001 events ( 5.75%)
Processed  1050000/ 1302345 entries, 80.62% (elapsed time   831.8s, curr speed    1.009 kHz, avg speed    1.262 kHz), accepted    60440/ 1050001 events ( 5.76%)
Processed  1060000/ 1302345 entries, 81.39% (elapsed time   847.8s, curr speed    0.627 kHz, avg speed    1.250 kHz), accepted    61025/ 1060001 events ( 5.76%)
Processed  1070000/ 1302345 entries, 82.16% (elapsed time   857.2s, curr speed    1.056 kHz, avg speed    1.248 kHz), accepted    61564/ 1070001 events ( 5.75%)
Processed  1080000/ 1302345 entries, 82.93% (elapsed time   873.1s, curr speed    0.630 kHz, avg speed    1.237 kHz), accepted    62145/ 1080001 events ( 5.75%)
Processed  1090000/ 1302345 entries, 83.70% (elapsed time   882.7s, curr speed    1.042 kHz, avg speed    1.235 kHz), accepted    62755/ 1090001 events ( 5.76%)
Processed  1100000/ 1302345 entries, 84.46% (elapsed time   898.7s, curr speed    0.626 kHz, avg speed    1.224 kHz), accepted    63315/ 1100001 events ( 5.76%)
Processed  1110000/ 1302345 entries, 85.23% (elapsed time   908.0s, curr speed    1.069 kHz, avg speed    1.222 kHz), accepted    63898/ 1110001 events ( 5.76%)
Processed  1120000/ 1302345 entries, 86.00% (elapsed time   923.6s, curr speed    0.644 kHz, avg speed    1.213 kHz), accepted    64506/ 1120001 events ( 5.76%)
Processed  1130000/ 1302345 entries, 86.77% (elapsed time   934.0s, curr speed    0.961 kHz, avg speed    1.210 kHz), accepted    65110/ 1130001 events ( 5.76%)
Processed  1140000/ 1302345 entries, 87.53% (elapsed time   949.7s, curr speed    0.635 kHz, avg speed    1.200 kHz), accepted    65703/ 1140001 events ( 5.76%)
Processed  1150000/ 1302345 entries, 88.30% (elapsed time   959.3s, curr speed    1.040 kHz, avg speed    1.199 kHz), accepted    66264/ 1150001 events ( 5.76%)
Processed  1160000/ 1302345 entries, 89.07% (elapsed time   975.3s, curr speed    0.627 kHz, avg speed    1.189 kHz), accepted    66848/ 1160001 events ( 5.76%)
Processed  1170000/ 1302345 entries, 89.84% (elapsed time   985.2s, curr speed    1.003 kHz, avg speed    1.188 kHz), accepted    67453/ 1170001 events ( 5.77%)
Processed  1180000/ 1302345 entries, 90.61% (elapsed time  1001.3s, curr speed    0.623 kHz, avg speed    1.178 kHz), accepted    68046/ 1180001 events ( 5.77%)
Processed  1190000/ 1302345 entries, 91.37% (elapsed time  1010.9s, curr speed    1.038 kHz, avg speed    1.177 kHz), accepted    68586/ 1190001 events ( 5.76%)
Processed  1200000/ 1302345 entries, 92.14% (elapsed time  1027.1s, curr speed    0.619 kHz, avg speed    1.168 kHz), accepted    69173/ 1200001 events ( 5.76%)
Processed  1210000/ 1302345 entries, 92.91% (elapsed time  1036.9s, curr speed    1.013 kHz, avg speed    1.167 kHz), accepted    69781/ 1210001 events ( 5.77%)
Processed  1220000/ 1302345 entries, 93.68% (elapsed time  1051.8s, curr speed    0.673 kHz, avg speed    1.160 kHz), accepted    70336/ 1220001 events ( 5.77%)
Processed  1230000/ 1302345 entries, 94.45% (elapsed time  1061.7s, curr speed    1.011 kHz, avg speed    1.159 kHz), accepted    70909/ 1230001 events ( 5.76%)
Processed  1240000/ 1302345 entries, 95.21% (elapsed time  1072.8s, curr speed    0.904 kHz, avg speed    1.156 kHz), accepted    71458/ 1240001 events ( 5.76%)
Processed  1250000/ 1302345 entries, 95.98% (elapsed time  1087.1s, curr speed    0.697 kHz, avg speed    1.150 kHz), accepted    72057/ 1250001 events ( 5.76%)
Processed  1260000/ 1302345 entries, 96.75% (elapsed time  1099.1s, curr speed    0.833 kHz, avg speed    1.146 kHz), accepted    72639/ 1260001 events ( 5.76%)
Processed  1270000/ 1302345 entries, 97.52% (elapsed time  1112.9s, curr speed    0.728 kHz, avg speed    1.141 kHz), accepted    73202/ 1270001 events ( 5.76%)
Processed  1280000/ 1302345 entries, 98.28% (elapsed time  1124.1s, curr speed    0.886 kHz, avg speed    1.139 kHz), accepted    73801/ 1280001 events ( 5.77%)
Processed  1290000/ 1302345 entries, 99.05% (elapsed time  1138.5s, curr speed    0.695 kHz, avg speed    1.133 kHz), accepted    74383/ 1290001 events ( 5.77%)
Processed  1300000/ 1302345 entries, 99.82% (elapsed time  1151.4s, curr speed    0.778 kHz, avg speed    1.129 kHz), accepted    74958/ 1300001 events ( 5.77%)
Processed 1302345 preselected entries from root://cms-xrd-global.cern.ch//store/mc/RunIIAutumn18NanoAODv6/DY1JetsToLL_M-50_TuneCP5_13TeV-madgraphMLM-pythia8/NANOAODSIM/Nano25Oct2019_102X_upgrade2018_realistic_v20-v1/240000/306F3AFE-D337-4F48-B359-68A06BC39C48.root (1302345 entries). Finally selected 75104 entries
Total time 3838.8 sec. to process 4200417 events. Rate = 1094.2 Hz.
>>> cwd          = /pool/condor/dir_11104
>>> ls           = ['tmp', 'var', '.chirp.config', 'pico_etau_etau_6.root', '.machine.ad', 'x509_voms', '_condor_stdout', '.update.ad', 'lvigilan.cc', '.job.ad', 'condor_exec.exe']
>>> getstorage('/eos/home-l/lvigilan/output_2017ReReco18/2018/etau/DY1JetsToLL_M-50'), <EOS("/eos/home-l/lvigilan/output_2017ReReco18/2018/etau/DY1JetsToLL_M-50") at 0x2b6776790b50>
>>> Executing: 'cp ./pico_etau_etau_6.root /eos/home-l/lvigilan/output_2017ReReco18/2018/etau/DY1JetsToLL_M-50'
>>> Removing './pico_etau_etau_6.root'...
>>> picojob.py done after 3868.5 seconds

Job complete at Tue Dec 29 13:49:37 CET 2020
Took 64 minutes 31 seconds040 (1631403.006.000) 12/29 13:49:37 Finished transferring output files
...
005 (1631403.006.000) 12/29 13:49:37 Job terminated.
	(1) Normal termination (return value 0)
		Usr 0 00:20:08, Sys 0 00:01:04  -  Run Remote Usage
		Usr 0 00:00:00, Sys 0 00:00:00  -  Run Local Usage
		Usr 0 00:20:08, Sys 0 00:01:04  -  Total Remote Usage
		Usr 0 00:00:00, Sys 0 00:00:00  -  Total Local Usage
	82536  -  Run Bytes Sent By Job
	9873  -  Run Bytes Received By Job
	82536  -  Total Bytes Sent By Job
	9873  -  Total Bytes Received By Job
	Partitionable Resources :    Usage  Request Allocated 
	   Cpus                 :     0.21        1         1 
	   Disk (KB)            :   150           1    345244 
	   Memory (MB)          :   440        2000      2000 
...
