Could not find platform independent libraries <prefix>
Could not find platform dependent libraries <exec_prefix>
Consider setting $PYTHONHOME to <prefix>[:<exec_prefix>]
ImportError: No module named site
Job start at Fri Nov 20 09:37:38 CET 2020
Running job on machine Linux b7g24n0079.cern.ch 3.10.0-1127.19.1.el7.x86_64 #1 SMP Tue Aug 25 17:23:54 UTC 2020 x86_64 x86_64 x86_64 GNU/Linux, host b7g24n0079.cern.ch
============================================================
$PWD=/pool/condor/dir_27993
$JOBID=1562276
$TASKID=54
$HOSTNAME=b7g24n0079.cern.ch
$TASKCMD=/afs/cern.ch/work/l/lvigilan/TauWork/CMSSW_10_6_17_patch1/src/TauFW/PicoProducer/python/processors/skimjob.py -y 2017 -d 'mc' -t _skim --copydir /eos/user/l/lvigilan/samples/nano/2017/TTTo2L2Nu_TuneCP5_13TeV-powheg-pythia8/RunIISummer19UL17NanoAOD-106X_mc2017_realistic_v6-v2/NANOAODSIM -p --preselect 'HLT_Ele35_WPTight_Gsf_v == 1 && Electron_pt > 35 && Electron_eta < 2.1 && Tau_pt > 20 && Tau_eta < 2.3 && Electron_pfRelIso03_all < 0.5 && Tau_idDeepTau2017v2p1VSmu >= 1 && Tau_idDeepTau2017v2p1VSjet >= 16' --opt 'toppt=True' -i root://cms-xrd-global.cern.ch//store/mc/RunIISummer19UL17NanoAOD/TTTo2L2Nu_TuneCP5_13TeV-powheg-pythia8/NANOAODSIM/106X_mc2017_realistic_v6-v2/280000/8719CF9D-B7C4-D14D-97FA-4756A4E03D06.root
$WORKDIR=/pool/condor/dir_27993
>>> cd /afs/cern.ch/work/l/lvigilan/TauWork/CMSSW_10_6_17_patch1/src
>>> eval `scramv1 runtime -sh`
>>> cd /pool/condor/dir_27993
$PWD=/pool/condor/dir_27993
>>> /afs/cern.ch/work/l/lvigilan/TauWork/CMSSW_10_6_17_patch1/src/TauFW/PicoProducer/python/processors/skimjob.py -y 2017 -d 'mc' -t _skim --copydir /eos/user/l/lvigilan/samples/nano/2017/TTTo2L2Nu_TuneCP5_13TeV-powheg-pythia8/RunIISummer19UL17NanoAOD-106X_mc2017_realistic_v6-v2/NANOAODSIM -p --preselect 'HLT_Ele35_WPTight_Gsf_v == 1 && Electron_pt > 35 && Electron_eta < 2.1 && Tau_pt > 20 && Tau_eta < 2.3 && Electron_pfRelIso03_all < 0.5 && Tau_idDeepTau2017v2p1VSmu >= 1 && Tau_idDeepTau2017v2p1VSjet >= 16' --opt 'toppt=True' -i root://cms-xrd-global.cern.ch//store/mc/RunIISummer19UL17NanoAOD/TTTo2L2Nu_TuneCP5_13TeV-powheg-pythia8/NANOAODSIM/106X_mc2017_realistic_v6-v2/280000/8719CF9D-B7C4-D14D-97FA-4756A4E03D06.root
Error in <TGClient::TGClient>: can't open display "localhost:33.0", switching to batch mode...
 In case you run from a remote ssh session, reconnect with ssh -Y
Error in <TTreeFormula::Compile>:  Bad numerical expression : "HLT_Ele35_WPTight_Gsf_v"
Info in <TSelectorDraw::AbortProcess>: Variable compilation failed: {,HLT_Ele35_WPTight_Gsf_v == 1 && Electron_pt > 35 && Electron_eta < 2.1 && Tau_pt > 20 && Tau_eta < 2.3 && Electron_pfRelIso03_all < 0.5 && Tau_idDeepTau2017v2p1VSmu >= 1 && Tau_idDeepTau2017v2p1VSjet >= 16}
--------------------------------------------------------------------------------
>>> era          = '2017'
>>> year         = 2017
>>> period       = ''
>>> dtype        = 'mc'
>>> maxevts      = None
>>> tag          = '_skim'
>>> postfix      = '_skim'
>>> outdir       = '.'
>>> outfiles     = './*_skim.root'
>>> copydir      = '/eos/user/l/lvigilan/samples/nano/2017/TTTo2L2Nu_TuneCP5_13TeV-powheg-pythia8/RunIISummer19UL17NanoAOD-106X_mc2017_realistic_v6-v2/NANOAODSIM'
>>> infiles      = ['root://cms-xrd-global.cern.ch//store/mc/RunIISummer19UL17NanoAOD/TTTo2L2Nu_TuneCP5_13TeV-powheg-pythia8/NANOAODSIM/106X_mc2017_realistic_v6-v2/280000/8719CF9D-B7C4-D14D-97FA-4756A4E03D06.root']
>>> branchsel    = '/afs/cern.ch/work/l/lvigilan/TauWork/CMSSW_10_6_17_patch1/python/TauFW/PicoProducer/processors/keep_and_drop_skim.txt'
>>> json         = None
>>> modules      = []
>>> prefetch     = True
>>> doJEC        = False
>>> doJECSys     = False
>>> cwd          = /pool/condor/dir_27993
>>> preselection = HLT_Ele35_WPTight_Gsf_v == 1 && Electron_pt > 35 && Electron_eta < 2.1 && Tau_pt > 20 && Tau_eta < 2.3 && Electron_pfRelIso03_all < 0.5 && Tau_idDeepTau2017v2p1VSmu >= 1 && Tau_idDeepTau2017v2p1VSjet >= 16
--------------------------------------------------------------------------------
Will write selected trees to .
Filename root://cms-xrd-global.cern.ch//store/mc/RunIISummer19UL17NanoAOD/TTTo2L2Nu_TuneCP5_13TeV-powheg-pythia8/NANOAODSIM/106X_mc2017_realistic_v6-v2/280000/8719CF9D-B7C4-D14D-97FA-4756A4E03D06.root is remote, will do a copy to local path /pool/condor/dir_27993/tmp/8719CF9D-B7C4-D14D-97FA-4756A4E03D06-11e41c1e31575b4.root
Time used for transferring the file locally: 29.82 s
Pre-select 0 entries out of 961800 (0.00%)
Selected 0 / 961800 entries from root://cms-xrd-global.cern.ch//store/mc/RunIISummer19UL17NanoAOD/TTTo2L2Nu_TuneCP5_13TeV-powheg-pythia8/NANOAODSIM/106X_mc2017_realistic_v6-v2/280000/8719CF9D-B7C4-D14D-97FA-4756A4E03D06.root (0.00%)
Done ./8719CF9D-B7C4-D14D-97FA-4756A4E03D06_skim.root
Total time 34.6 sec. to process 961800 events. Rate = 27834.8 Hz.
>>> getstorage('/eos/user/l/lvigilan/samples/nano/2017/TTTo2L2Nu_TuneCP5_13TeV-powheg-pythia8/RunIISummer19UL17NanoAOD-106X_mc2017_realistic_v6-v2/NANOAODSIM'), <EOS("/eos/user/l/lvigilan/samples/nano/2017/TTTo2L2Nu_TuneCP5_13TeV-powheg-pythia8/RunIISummer19UL17NanoAOD-106X_mc2017_realistic_v6-v2/NANOAODSIM") at 0x2b0709abcf90>
>>> Executing: 'cp ./*_skim.root /eos/user/l/lvigilan/samples/nano/2017/TTTo2L2Nu_TuneCP5_13TeV-powheg-pythia8/RunIISummer19UL17NanoAOD-106X_mc2017_realistic_v6-v2/NANOAODSIM'
>>> Removing ./*_skim.root...
>>> skimjob.py done after 36.9 seconds

Job complete at Fri Nov 20 09:38:15 CET 2020
Took 0 minutes 37 seconds040 (1562276.054.000) 11/20 09:38:15 Finished transferring output files
...
005 (1562276.054.000) 11/20 09:38:15 Job terminated.
	(1) Normal termination (return value 0)
		Usr 0 00:00:02, Sys 0 00:00:04  -  Run Remote Usage
		Usr 0 00:00:00, Sys 0 00:00:00  -  Run Local Usage
		Usr 0 00:00:02, Sys 0 00:00:04  -  Total Remote Usage
		Usr 0 00:00:00, Sys 0 00:00:00  -  Total Local Usage
	44604  -  Run Bytes Sent By Job
	9881  -  Run Bytes Received By Job
	44604  -  Total Bytes Sent By Job
	9881  -  Total Bytes Received By Job
	Partitionable Resources :    Usage  Request Allocated 
	   Cpus                 :     0.15        1         1 
	   Disk (KB)            :   113           1    287500 
	   Memory (MB)          :   218        2000      2000 
...
