Could not find platform independent libraries <prefix>
Could not find platform dependent libraries <exec_prefix>
Consider setting $PYTHONHOME to <prefix>[:<exec_prefix>]
ImportError: No module named site
Job start at Thu Jan 21 10:54:48 CET 2021
Running job on machine Linux b7g23n9609.cern.ch 3.10.0-1127.19.1.el7.x86_64 #1 SMP Tue Aug 25 17:23:54 UTC 2020 x86_64 x86_64 x86_64 GNU/Linux, host b7g23n9609.cern.ch
============================================================
$PWD=/pool/condor/dir_3588
$JOBID=1772038
$TASKID=1
$HOSTNAME=b7g23n9609.cern.ch
$TASKCMD=/afs/cern.ch/work/l/lvigilan/TauWork/CMSSW_10_6_17_patch1/src/TauFW/PicoProducer/python/processors/picojob.py -y 2017 -d 'mc' -c etau -M ModuleETau --copydir /eos/home-l/lvigilan/output_UL2017/2017/etau/W4JetsToLNu -t _etau_1 -i root://cms-xrd-global.cern.ch//store/mc/RunIISummer19UL17NanoAOD/W4JetsToLNu_TuneCP5_13TeV-madgraphMLM-pythia8/NANOAODSIM/106X_mc2017_realistic_v6-v2/270000/5C58E457-DC0A-914C-A0B2-E8ECB1F9B509.root root://cms-xrd-global.cern.ch//store/mc/RunIISummer19UL17NanoAOD/W4JetsToLNu_TuneCP5_13TeV-madgraphMLM-pythia8/NANOAODSIM/106X_mc2017_realistic_v6-v2/270000/72229938-8619-004B-8404-3EE76841DAD6.root root://cms-xrd-global.cern.ch//store/mc/RunIISummer19UL17NanoAOD/W4JetsToLNu_TuneCP5_13TeV-madgraphMLM-pythia8/NANOAODSIM/106X_mc2017_realistic_v6-v2/270000/772BF034-3613-9448-A69F-0B964BEFDA8C.root root://cms-xrd-global.cern.ch//store/mc/RunIISummer19UL17NanoAOD/W4JetsToLNu_TuneCP5_13TeV-madgraphMLM-pythia8/NANOAODSIM/106X_mc2017_realistic_v6-v2/270000/9011B14E-B39D-F749-A1C6-70110D1D7525.root root://cms-xrd-global.cern.ch//store/mc/RunIISummer19UL17NanoAOD/W4JetsToLNu_TuneCP5_13TeV-madgraphMLM-pythia8/NANOAODSIM/106X_mc2017_realistic_v6-v2/270000/910B6824-B3E9-0344-8207-C1BD4A080D39.root
$WORKDIR=/pool/condor/dir_3588
>>> cd /afs/cern.ch/work/l/lvigilan/TauWork/CMSSW_10_6_17_patch1/src
>>> eval `scramv1 runtime -sh`
>>> cd /pool/condor/dir_3588
$PWD=/pool/condor/dir_3588
>>> /afs/cern.ch/work/l/lvigilan/TauWork/CMSSW_10_6_17_patch1/src/TauFW/PicoProducer/python/processors/picojob.py -y 2017 -d 'mc' -c etau -M ModuleETau --copydir /eos/home-l/lvigilan/output_UL2017/2017/etau/W4JetsToLNu -t _etau_1 -i root://cms-xrd-global.cern.ch//store/mc/RunIISummer19UL17NanoAOD/W4JetsToLNu_TuneCP5_13TeV-madgraphMLM-pythia8/NANOAODSIM/106X_mc2017_realistic_v6-v2/270000/5C58E457-DC0A-914C-A0B2-E8ECB1F9B509.root root://cms-xrd-global.cern.ch//store/mc/RunIISummer19UL17NanoAOD/W4JetsToLNu_TuneCP5_13TeV-madgraphMLM-pythia8/NANOAODSIM/106X_mc2017_realistic_v6-v2/270000/72229938-8619-004B-8404-3EE76841DAD6.root root://cms-xrd-global.cern.ch//store/mc/RunIISummer19UL17NanoAOD/W4JetsToLNu_TuneCP5_13TeV-madgraphMLM-pythia8/NANOAODSIM/106X_mc2017_realistic_v6-v2/270000/772BF034-3613-9448-A69F-0B964BEFDA8C.root root://cms-xrd-global.cern.ch//store/mc/RunIISummer19UL17NanoAOD/W4JetsToLNu_TuneCP5_13TeV-madgraphMLM-pythia8/NANOAODSIM/106X_mc2017_realistic_v6-v2/270000/9011B14E-B39D-F749-A1C6-70110D1D7525.root root://cms-xrd-global.cern.ch//store/mc/RunIISummer19UL17NanoAOD/W4JetsToLNu_TuneCP5_13TeV-madgraphMLM-pythia8/NANOAODSIM/106X_mc2017_realistic_v6-v2/270000/910B6824-B3E9-0344-8207-C1BD4A080D39.root
Error in <TGClient::TGClient>: can't open display "localhost:38.0", switching to batch mode...
 In case you run from a remote ssh session, reconnect with ssh -Y
--------------------------------------------------------------------------------
>>> era          = '2017'
>>> year         = 2017
>>> channel      = 'etau'
>>> modname      = 'ModuleETau'
>>> dtype        = 'mc'
>>> kwargs       = {'dtype': 'mc', 'verb': 0, 'era': '2017', 'year': 2017}
>>> maxevts      = None
>>> outdir       = '.'
>>> copydir      = '/eos/home-l/lvigilan/output_UL2017/2017/etau/W4JetsToLNu'
>>> infiles      = ['root://cms-xrd-global.cern.ch//store/mc/RunIISummer19UL17NanoAOD/W4JetsToLNu_TuneCP5_13TeV-madgraphMLM-pythia8/NANOAODSIM/106X_mc2017_realistic_v6-v2/270000/5C58E457-DC0A-914C-A0B2-E8ECB1F9B509.root', 'root://cms-xrd-global.cern.ch//store/mc/RunIISummer19UL17NanoAOD/W4JetsToLNu_TuneCP5_13TeV-madgraphMLM-pythia8/NANOAODSIM/106X_mc2017_realistic_v6-v2/270000/72229938-8619-004B-8404-3EE76841DAD6.root', 'root://cms-xrd-global.cern.ch//store/mc/RunIISummer19UL17NanoAOD/W4JetsToLNu_TuneCP5_13TeV-madgraphMLM-pythia8/NANOAODSIM/106X_mc2017_realistic_v6-v2/270000/772BF034-3613-9448-A69F-0B964BEFDA8C.root', 'root://cms-xrd-global.cern.ch//store/mc/RunIISummer19UL17NanoAOD/W4JetsToLNu_TuneCP5_13TeV-madgraphMLM-pythia8/NANOAODSIM/106X_mc2017_realistic_v6-v2/270000/9011B14E-B39D-F749-A1C6-70110D1D7525.root', 'root://cms-xrd-global.cern.ch//store/mc/RunIISummer19UL17NanoAOD/W4JetsToLNu_TuneCP5_13TeV-madgraphMLM-pythia8/NANOAODSIM/106X_mc2017_realistic_v6-v2/270000/910B6824-B3E9-0344-8207-C1BD4A080D39.root']
>>> outfname     = './pico_etau_etau_1.root'
>>> branchsel    = '/afs/cern.ch/work/l/lvigilan/TauWork/CMSSW_10_6_17_patch1/python/TauFW/PicoProducer/processors/keep_and_drop_skim.txt'
>>> json         = None
>>> prefetch     = False
>>> cwd          = /pool/condor/dir_3588
--------------------------------------------------------------------------------

   ################
   #  ModuleETau  #
   ################

Loading PileupWeightTool for '/afs/cern.ch/work/l/lvigilan/TauWork/CMSSW_10_6_17_patch1/src/TauFW/PicoProducer/data/pileup/Data_PileUp_2017_69p2.root' and '/afs/cern.ch/work/l/lvigilan/TauWork/CMSSW_10_6_17_patch1/src/TauFW/PicoProducer/data/pileup/MC_PileUp_2017_Winter17_V2_new_pmx.root'
Loading BTagWeightTool for DeepCSV (medium WP)...
>>> BTagTool: [1m[33mWarning! [0m[33mHistogram 'etau/eff_DeepCSV_udsg_medium' does not exist in /afs/cern.ch/work/l/lvigilan/TauWork/CMSSW_10_6_17_patch1/src/TauFW/PicoProducer/data/btag/DeepCSV_2017_12Apr2017_eff.root! Reverting to default efficiency histogram...[0m
>>> BTagTool: [1m[33mWarning! [0m[33mHistogram 'etau/eff_DeepCSV_c_medium' does not exist in /afs/cern.ch/work/l/lvigilan/TauWork/CMSSW_10_6_17_patch1/src/TauFW/PicoProducer/data/btag/DeepCSV_2017_12Apr2017_eff.root! Reverting to default efficiency histogram...[0m
>>> BTagTool: [1m[33mWarning! [0m[33mHistogram 'etau/eff_DeepCSV_b_medium' does not exist in /afs/cern.ch/work/l/lvigilan/TauWork/CMSSW_10_6_17_patch1/src/TauFW/PicoProducer/data/btag/DeepCSV_2017_12Apr2017_eff.root! Reverting to default efficiency histogram...[0m
>>> BTagTool: [1m[33mWarning! [0m[33mMade use of default efficiency histograms! The b tag weights from this module should be regarded as placeholders only,
and should NOT be used for analyses. B (mis)tag efficiencies in MC are analysis dependent. Please create your own
efficiency histogram with data/btag/getBTagEfficiencies.py after running all MC samples with BTagWeightTool.[0m
Loading TreeProducerETau for './pico_etau_etau_1.root'
--------------------------------------------------------------------------------
>>> filename     = './pico_etau_etau_1.root'
>>> year         = 2017
>>> dtype        = 'mc'
>>> channel      = 'etau'
>>> ismc         = True
>>> isdata       = False
>>> isembed      = False
>>> tes          = None
>>> tessys       = None
>>> ltf          = 1.0
>>> jtf          = 1.0
>>> dotoppt      = False
>>> dozpt        = False
>>> dojec        = True
>>> dojecsys     = True
>>> dotight      = False
>>> jetCutPt     = 30
>>> bjetCutEta   = 2.7
>>> tauwp        = 0
>>> eleCutPt     = 36
>>> eleCutEta    = 2.1
>>> tauCutPt     = 20
>>> tauCutEta    = 2.3
Pre-select 5300 entries out of 5300 (100.00%)
Traceback (most recent call last):
  File "/afs/cern.ch/work/l/lvigilan/TauWork/CMSSW_10_6_17_patch1/src/TauFW/PicoProducer/python/processors/picojob.py", line 111, in <module>
    p.run()
  File "/afs/cern.ch/work/l/lvigilan/TauWork/CMSSW_10_6_17_patch1/python/PhysicsTools/NanoAODTools/postprocessing/framework/postprocessor.py", line 234, in run
    eventRange=eventRange, maxEvents=self.maxEntries
  File "/afs/cern.ch/work/l/lvigilan/TauWork/CMSSW_10_6_17_patch1/python/PhysicsTools/NanoAODTools/postprocessing/framework/eventloop.py", line 82, in eventLoop
    ret = m.analyze(e)
  File "/afs/cern.ch/work/l/lvigilan/TauWork/CMSSW_10_6_17_patch1/python/TauFW/PicoProducer/analysis/ModuleETau.py", line 177, in analyze
    self.fillEventBranches(event)
  File "/afs/cern.ch/work/l/lvigilan/TauWork/CMSSW_10_6_17_patch1/python/TauFW/PicoProducer/analysis/ModuleTauPair.py", line 148, in fillEventBranches
    self.out.metfilter[0]       = self.filter(event)
  File "<string>", line 1, in <lambda>
  File "/afs/cern.ch/work/l/lvigilan/TauWork/CMSSW_10_6_17_patch1/python/PhysicsTools/NanoAODTools/postprocessing/framework/datamodel.py", line 18, in __getattr__
    return self._tree.readBranch(name)
  File "/afs/cern.ch/work/l/lvigilan/TauWork/CMSSW_10_6_17_patch1/python/PhysicsTools/NanoAODTools/postprocessing/framework/treeReaderArrayTools.py", line 76, in readBranch
    raise RuntimeError("Unknown branch %s" % branchName)
RuntimeError: Unknown branch Flag_ecalBadCalibFilterV2

Job complete at Thu Jan 21 10:55:31 CET 2021
Took 0 minutes 43 seconds040 (1772038.001.000) 01/21 10:55:31 Finished transferring output files
...
005 (1772038.001.000) 01/21 10:55:31 Job terminated.
	(1) Normal termination (return value 0)
		Usr 0 00:00:21, Sys 0 00:00:02  -  Run Remote Usage
		Usr 0 00:00:00, Sys 0 00:00:00  -  Run Local Usage
		Usr 0 00:00:21, Sys 0 00:00:02  -  Total Remote Usage
		Usr 0 00:00:00, Sys 0 00:00:00  -  Total Local Usage
	9527  -  Run Bytes Sent By Job
	9881  -  Run Bytes Received By Job
	9527  -  Total Bytes Sent By Job
	9881  -  Total Bytes Received By Job
	Partitionable Resources :    Usage  Request Allocated 
	   Cpus                 :     0.21        1         1 
	   Disk (KB)            :    81           1    351324 
	   Memory (MB)          :    10        2000      2000 
...
