Could not find platform independent libraries <prefix>
Could not find platform dependent libraries <exec_prefix>
Consider setting $PYTHONHOME to <prefix>[:<exec_prefix>]
ImportError: No module named site
Job start at Mon Jun  7 19:12:22 CEST 2021
Running job on machine Linux b7g42n0107.cern.ch 3.10.0-1160.21.1.el7.x86_64 #1 SMP Tue Mar 16 18:28:22 UTC 2021 x86_64 x86_64 x86_64 GNU/Linux, host b7g42n0107.cern.ch
============================================================
$PWD=/pool/condor/dir_3408
$JOBID=2367606
$TASKID=11
$HOSTNAME=b7g42n0107.cern.ch
$TASKCMD=/afs/cern.ch/work/l/lvigilan/TauWork/CMSSW_10_6_17_patch1/src/TauFW/PicoProducer/python/processors/picojob.py -y UL2017 -d 'data' -c etau -M ETauFakeRate.ModuleETau --copydir /eos/home-l/lvigilan/output_ETauFR_UL17_RUN1/UL2017/etau/SingleElectron_Run2017B -t _etau_11 --opt 'useT1=False' -i /eos/cms/store/group/phys_tau/TauFW/nano/UL2017/SingleElectron/Run2017B-UL2017_MiniAODv1_NanoAODv2-v1/NANOAOD/4212BDC4-267F-C840-8BA9-41917D89D136_skimjec_0.root /eos/cms/store/group/phys_tau/TauFW/nano/UL2017/SingleElectron/Run2017B-UL2017_MiniAODv1_NanoAODv2-v1/NANOAOD/4212BDC4-267F-C840-8BA9-41917D89D136_skimjec_1.root /eos/cms/store/group/phys_tau/TauFW/nano/UL2017/SingleElectron/Run2017B-UL2017_MiniAODv1_NanoAODv2-v1/NANOAOD/4212BDC4-267F-C840-8BA9-41917D89D136_skimjec_2.root /eos/cms/store/group/phys_tau/TauFW/nano/UL2017/SingleElectron/Run2017B-UL2017_MiniAODv1_NanoAODv2-v1/NANOAOD/4212BDC4-267F-C840-8BA9-41917D89D136_skimjec_3.root /eos/cms/store/group/phys_tau/TauFW/nano/UL2017/SingleElectron/Run2017B-UL2017_MiniAODv1_NanoAODv2-v1/NANOAOD/4212BDC4-267F-C840-8BA9-41917D89D136_skimjec_4.root
$WORKDIR=/pool/condor/dir_3408
>>> cd /afs/cern.ch/work/l/lvigilan/TauWork/CMSSW_10_6_17_patch1/src
>>> eval `scramv1 runtime -sh`
>>> cd /pool/condor/dir_3408
$PWD=/pool/condor/dir_3408
>>> /afs/cern.ch/work/l/lvigilan/TauWork/CMSSW_10_6_17_patch1/src/TauFW/PicoProducer/python/processors/picojob.py -y UL2017 -d 'data' -c etau -M ETauFakeRate.ModuleETau --copydir /eos/home-l/lvigilan/output_ETauFR_UL17_RUN1/UL2017/etau/SingleElectron_Run2017B -t _etau_11 --opt 'useT1=False' -i /eos/cms/store/group/phys_tau/TauFW/nano/UL2017/SingleElectron/Run2017B-UL2017_MiniAODv1_NanoAODv2-v1/NANOAOD/4212BDC4-267F-C840-8BA9-41917D89D136_skimjec_0.root /eos/cms/store/group/phys_tau/TauFW/nano/UL2017/SingleElectron/Run2017B-UL2017_MiniAODv1_NanoAODv2-v1/NANOAOD/4212BDC4-267F-C840-8BA9-41917D89D136_skimjec_1.root /eos/cms/store/group/phys_tau/TauFW/nano/UL2017/SingleElectron/Run2017B-UL2017_MiniAODv1_NanoAODv2-v1/NANOAOD/4212BDC4-267F-C840-8BA9-41917D89D136_skimjec_2.root /eos/cms/store/group/phys_tau/TauFW/nano/UL2017/SingleElectron/Run2017B-UL2017_MiniAODv1_NanoAODv2-v1/NANOAOD/4212BDC4-267F-C840-8BA9-41917D89D136_skimjec_3.root /eos/cms/store/group/phys_tau/TauFW/nano/UL2017/SingleElectron/Run2017B-UL2017_MiniAODv1_NanoAODv2-v1/NANOAOD/4212BDC4-267F-C840-8BA9-41917D89D136_skimjec_4.root
Error in <TGClient::TGClient>: can't open display "localhost:19.0", switching to batch mode...
 In case you run from a remote ssh session, reconnect with ssh -Y
--------------------------------------------------------------------------------
>>> era          = 'UL2017'
>>> year         = 2017
>>> channel      = 'etau'
>>> modname      = 'ETauFakeRate.ModuleETau'
>>> dtype        = 'data'
>>> kwargs       = {'useT1': False, 'dtype': 'data', 'verb': 0, 'era': 'UL2017', 'year': 2017}
>>> firstevt     = 0
>>> maxevts      = None
>>> outdir       = '.'
>>> copydir      = '/eos/home-l/lvigilan/output_ETauFR_UL17_RUN1/UL2017/etau/SingleElectron_Run2017B'
>>> infiles      = ['/eos/cms/store/group/phys_tau/TauFW/nano/UL2017/SingleElectron/Run2017B-UL2017_MiniAODv1_NanoAODv2-v1/NANOAOD/4212BDC4-267F-C840-8BA9-41917D89D136_skimjec_0.root', '/eos/cms/store/group/phys_tau/TauFW/nano/UL2017/SingleElectron/Run2017B-UL2017_MiniAODv1_NanoAODv2-v1/NANOAOD/4212BDC4-267F-C840-8BA9-41917D89D136_skimjec_1.root', '/eos/cms/store/group/phys_tau/TauFW/nano/UL2017/SingleElectron/Run2017B-UL2017_MiniAODv1_NanoAODv2-v1/NANOAOD/4212BDC4-267F-C840-8BA9-41917D89D136_skimjec_2.root', '/eos/cms/store/group/phys_tau/TauFW/nano/UL2017/SingleElectron/Run2017B-UL2017_MiniAODv1_NanoAODv2-v1/NANOAOD/4212BDC4-267F-C840-8BA9-41917D89D136_skimjec_3.root', '/eos/cms/store/group/phys_tau/TauFW/nano/UL2017/SingleElectron/Run2017B-UL2017_MiniAODv1_NanoAODv2-v1/NANOAOD/4212BDC4-267F-C840-8BA9-41917D89D136_skimjec_4.root']
>>> outfname     = './pico_etau_11.root'
>>> branchsel    = '/afs/cern.ch/work/l/lvigilan/TauWork/CMSSW_10_6_17_patch1/python/TauFW/PicoProducer/processors/keep_and_drop_skim.txt'
>>> json         = '/afs/cern.ch/work/l/lvigilan/TauWork/CMSSW_10_6_17_patch1/src/TauFW/PicoProducer/data/json/2017/Cert_294927-306462_13TeV_PromptReco_Collisions17_JSON.txt'
>>> prefetch     = False
>>> cwd          = /pool/condor/dir_3408
--------------------------------------------------------------------------------

   ################
   #  ModuleETau  #
   ################

Loading TreeProducerETau for './pico_etau_11.root'
--------------------------------------------------------------------------------
>>> filename     = './pico_etau_11.root'
>>> year         = 2017
>>> dtype        = 'data'
>>> channel      = 'etau'
>>> ismc         = False
>>> isdata       = True
>>> isembed      = False
>>> tes          = None
>>> tessys       = None
>>> fes          = None
>>> ltf          = None
>>> jtf          = 1.0
>>> dotoppt      = False
>>> dozpt        = False
>>> dojec        = False
>>> dojecsys     = False
>>> dotight      = False
>>> useT1        = False
>>> jetCutPt     = 30
>>> bjetCutEta   = 2.7
>>> tauwp        = 0
>>> eleCutPt     = 36
>>> eleCutEta    = 2.1
>>> tauCutPt     = 20
>>> tauCutEta    = 2.3
>>> ZpeekReso    = 0.0
Pre-select 233739 entries out of 233739 (100.00%)
Processed    10000/  233739 entries,  4.28% (elapsed time     9.1s, curr speed    1.102 kHz, avg speed    1.102 kHz), accepted      585/   10001 events ( 5.85%)
Processed    20000/  233739 entries,  8.56% (elapsed time    13.0s, curr speed    2.549 kHz, avg speed    1.539 kHz), accepted     1161/   20001 events ( 5.80%)
Processed    30000/  233739 entries, 12.83% (elapsed time    17.7s, curr speed    2.141 kHz, avg speed    1.698 kHz), accepted     1729/   30001 events ( 5.76%)
Processed    40000/  233739 entries, 17.11% (elapsed time    21.6s, curr speed    2.519 kHz, avg speed    1.848 kHz), accepted     2285/   40001 events ( 5.71%)
Processed    50000/  233739 entries, 21.39% (elapsed time    25.9s, curr speed    2.366 kHz, avg speed    1.933 kHz), accepted     2835/   50001 events ( 5.67%)
Processed    60000/  233739 entries, 25.67% (elapsed time    29.9s, curr speed    2.492 kHz, avg speed    2.008 kHz), accepted     3372/   60001 events ( 5.62%)
Processed    70000/  233739 entries, 29.95% (elapsed time    33.3s, curr speed    2.891 kHz, avg speed    2.100 kHz), accepted     3928/   70001 events ( 5.61%)
Processed    80000/  233739 entries, 34.23% (elapsed time    37.6s, curr speed    2.367 kHz, avg speed    2.130 kHz), accepted     4471/   80001 events ( 5.59%)
Processed    90000/  233739 entries, 38.50% (elapsed time    42.1s, curr speed    2.191 kHz, avg speed    2.136 kHz), accepted     5059/   90001 events ( 5.62%)
Processed   100000/  233739 entries, 42.78% (elapsed time    46.3s, curr speed    2.382 kHz, avg speed    2.159 kHz), accepted     5663/  100001 events ( 5.66%)
Processed   110000/  233739 entries, 47.06% (elapsed time    49.9s, curr speed    2.807 kHz, avg speed    2.205 kHz), accepted     6176/  110001 events ( 5.61%)
Processed   120000/  233739 entries, 51.34% (elapsed time    54.1s, curr speed    2.372 kHz, avg speed    2.218 kHz), accepted     6697/  120001 events ( 5.58%)
Processed   130000/  233739 entries, 55.62% (elapsed time    58.3s, curr speed    2.410 kHz, avg speed    2.232 kHz), accepted     7179/  130001 events ( 5.52%)
Processed   140000/  233739 entries, 59.90% (elapsed time    62.0s, curr speed    2.694 kHz, avg speed    2.259 kHz), accepted     7692/  140001 events ( 5.49%)
Processed   150000/  233739 entries, 64.17% (elapsed time    65.9s, curr speed    2.531 kHz, avg speed    2.276 kHz), accepted     8184/  150001 events ( 5.46%)
Processed   160000/  233739 entries, 68.45% (elapsed time    69.5s, curr speed    2.800 kHz, avg speed    2.303 kHz), accepted     8658/  160001 events ( 5.41%)
Processed   170000/  233739 entries, 72.73% (elapsed time    72.7s, curr speed    3.138 kHz, avg speed    2.339 kHz), accepted     9177/  170001 events ( 5.40%)
Processed   180000/  233739 entries, 77.01% (elapsed time    76.4s, curr speed    2.677 kHz, avg speed    2.356 kHz), accepted     9670/  180001 events ( 5.37%)
Processed   190000/  233739 entries, 81.29% (elapsed time    80.7s, curr speed    2.357 kHz, avg speed    2.356 kHz), accepted    10173/  190001 events ( 5.35%)
Processed   200000/  233739 entries, 85.57% (elapsed time    84.7s, curr speed    2.481 kHz, avg speed    2.362 kHz), accepted    10721/  200001 events ( 5.36%)
Processed   210000/  233739 entries, 89.84% (elapsed time    88.3s, curr speed    2.733 kHz, avg speed    2.377 kHz), accepted    11259/  210001 events ( 5.36%)
Processed   220000/  233739 entries, 94.12% (elapsed time    92.2s, curr speed    2.624 kHz, avg speed    2.387 kHz), accepted    11774/  220001 events ( 5.35%)
Processed   230000/  233739 entries, 98.40% (elapsed time    95.9s, curr speed    2.641 kHz, avg speed    2.397 kHz), accepted    12275/  230001 events ( 5.34%)
Processed 233739 preselected entries from /eos/cms/store/group/phys_tau/TauFW/nano/UL2017/SingleElectron/Run2017B-UL2017_MiniAODv1_NanoAODv2-v1/NANOAOD/4212BDC4-267F-C840-8BA9-41917D89D136_skimjec_0.root (233739 entries). Finally selected 12469 entries
Pre-select 235547 entries out of 235547 (100.00%)
Processed    10000/  235547 entries,  4.25% (elapsed time     6.3s, curr speed    1.590 kHz, avg speed    1.590 kHz), accepted      524/   10001 events ( 5.24%)
Processed    20000/  235547 entries,  8.49% (elapsed time     9.4s, curr speed    3.168 kHz, avg speed    2.118 kHz), accepted     1048/   20001 events ( 5.24%)
Processed    30000/  235547 entries, 12.74% (elapsed time    13.2s, curr speed    2.672 kHz, avg speed    2.275 kHz), accepted     1500/   30001 events ( 5.00%)
Processed    40000/  235547 entries, 16.98% (elapsed time    16.9s, curr speed    2.708 kHz, avg speed    2.370 kHz), accepted     1988/   40001 events ( 4.97%)
Processed    50000/  235547 entries, 21.23% (elapsed time    20.4s, curr speed    2.859 kHz, avg speed    2.454 kHz), accepted     2466/   50001 events ( 4.93%)
Processed    60000/  235547 entries, 25.47% (elapsed time    24.3s, curr speed    2.525 kHz, avg speed    2.465 kHz), accepted     2921/   60001 events ( 4.87%)
Processed    70000/  235547 entries, 29.72% (elapsed time    27.7s, curr speed    2.980 kHz, avg speed    2.528 kHz), accepted     3408/   70001 events ( 4.87%)
Processed    80000/  235547 entries, 33.96% (elapsed time    32.0s, curr speed    2.317 kHz, avg speed    2.499 kHz), accepted     3887/   80001 events ( 4.86%)
Processed    90000/  235547 entries, 38.21% (elapsed time    35.6s, curr speed    2.803 kHz, avg speed    2.530 kHz), accepted     4390/   90001 events ( 4.88%)
Processed   100000/  235547 entries, 42.45% (elapsed time    39.3s, curr speed    2.677 kHz, avg speed    2.544 kHz), accepted     4915/  100001 events ( 4.91%)
Processed   110000/  235547 entries, 46.70% (elapsed time    42.5s, curr speed    3.147 kHz, avg speed    2.589 kHz), accepted     5381/  110001 events ( 4.89%)
Processed   120000/  235547 entries, 50.95% (elapsed time    45.8s, curr speed    3.014 kHz, avg speed    2.620 kHz), accepted     5886/  120001 events ( 4.90%)
Processed   130000/  235547 entries, 55.19% (elapsed time    49.4s, curr speed    2.766 kHz, avg speed    2.630 kHz), accepted     6417/  130001 events ( 4.94%)
Processed   140000/  235547 entries, 59.44% (elapsed time    52.6s, curr speed    3.102 kHz, avg speed    2.659 kHz), accepted     6948/  140001 events ( 4.96%)
Processed   150000/  235547 entries, 63.68% (elapsed time    57.3s, curr speed    2.169 kHz, avg speed    2.620 kHz), accepted     7439/  150001 events ( 4.96%)
Processed   160000/  235547 entries, 67.93% (elapsed time    60.8s, curr speed    2.811 kHz, avg speed    2.631 kHz), accepted     7948/  160001 events ( 4.97%)
Processed   170000/  235547 entries, 72.17% (elapsed time    64.5s, curr speed    2.713 kHz, avg speed    2.636 kHz), accepted     8510/  170001 events ( 5.01%)
Processed   180000/  235547 entries, 76.42% (elapsed time    68.3s, curr speed    2.658 kHz, avg speed    2.637 kHz), accepted     9029/  180001 events ( 5.02%)
Processed   190000/  235547 entries, 80.66% (elapsed time    71.3s, curr speed    3.249 kHz, avg speed    2.663 kHz), accepted     9553/  190001 events ( 5.03%)
Processed   200000/  235547 entries, 84.91% (elapsed time    75.2s, curr speed    2.592 kHz, avg speed    2.660 kHz), accepted    10036/  200001 events ( 5.02%)
Processed   210000/  235547 entries, 89.15% (elapsed time    78.2s, curr speed    3.304 kHz, avg speed    2.684 kHz), accepted    10554/  210001 events ( 5.03%)
Processed   220000/  235547 entries, 93.40% (elapsed time    81.9s, curr speed    2.727 kHz, avg speed    2.686 kHz), accepted    11098/  220001 events ( 5.04%)
Processed   230000/  235547 entries, 97.65% (elapsed time    85.7s, curr speed    2.627 kHz, avg speed    2.684 kHz), accepted    11592/  230001 events ( 5.04%)
Processed 235547 preselected entries from /eos/cms/store/group/phys_tau/TauFW/nano/UL2017/SingleElectron/Run2017B-UL2017_MiniAODv1_NanoAODv2-v1/NANOAOD/4212BDC4-267F-C840-8BA9-41917D89D136_skimjec_1.root (235547 entries). Finally selected 11868 entries
Pre-select 219708 entries out of 219708 (100.00%)
Processed    10000/  219708 entries,  4.55% (elapsed time     6.8s, curr speed    1.479 kHz, avg speed    1.479 kHz), accepted      536/   10001 events ( 5.36%)
Processed    20000/  219708 entries,  9.10% (elapsed time    10.5s, curr speed    2.686 kHz, avg speed    1.908 kHz), accepted     1083/   20001 events ( 5.41%)
Processed    30000/  219708 entries, 13.65% (elapsed time    15.4s, curr speed    2.028 kHz, avg speed    1.946 kHz), accepted     1606/   30001 events ( 5.35%)
Processed    40000/  219708 entries, 18.21% (elapsed time    21.0s, curr speed    1.780 kHz, avg speed    1.902 kHz), accepted     2174/   40001 events ( 5.43%)
Processed    50000/  219708 entries, 22.76% (elapsed time    25.1s, curr speed    2.439 kHz, avg speed    1.989 kHz), accepted     2725/   50001 events ( 5.45%)
Processed    60000/  219708 entries, 27.31% (elapsed time    28.6s, curr speed    2.846 kHz, avg speed    2.094 kHz), accepted     3229/   60001 events ( 5.38%)
Processed    70000/  219708 entries, 31.86% (elapsed time    32.2s, curr speed    2.850 kHz, avg speed    2.177 kHz), accepted     3750/   70001 events ( 5.36%)
Processed    80000/  219708 entries, 36.41% (elapsed time    36.1s, curr speed    2.562 kHz, avg speed    2.219 kHz), accepted     4299/   80001 events ( 5.37%)
Processed    90000/  219708 entries, 40.96% (elapsed time    39.5s, curr speed    2.946 kHz, avg speed    2.281 kHz), accepted     4764/   90001 events ( 5.29%)
Processed   100000/  219708 entries, 45.51% (elapsed time    42.8s, curr speed    2.977 kHz, avg speed    2.336 kHz), accepted     5303/  100001 events ( 5.30%)
Processed   110000/  219708 entries, 50.07% (elapsed time    47.3s, curr speed    2.234 kHz, avg speed    2.326 kHz), accepted     5855/  110001 events ( 5.32%)
Processed   120000/  219708 entries, 54.62% (elapsed time    51.9s, curr speed    2.167 kHz, avg speed    2.312 kHz), accepted     6390/  120001 events ( 5.32%)
Processed   130000/  219708 entries, 59.17% (elapsed time    55.7s, curr speed    2.640 kHz, avg speed    2.334 kHz), accepted     6927/  130001 events ( 5.33%)
Processed   140000/  219708 entries, 63.72% (elapsed time    59.6s, curr speed    2.544 kHz, avg speed    2.348 kHz), accepted     7455/  140001 events ( 5.32%)
Processed   150000/  219708 entries, 68.27% (elapsed time    63.9s, curr speed    2.343 kHz, avg speed    2.348 kHz), accepted     8016/  150001 events ( 5.34%)
Processed   160000/  219708 entries, 72.82% (elapsed time    67.4s, curr speed    2.843 kHz, avg speed    2.374 kHz), accepted     8546/  160001 events ( 5.34%)
Processed   170000/  219708 entries, 77.38% (elapsed time    71.3s, curr speed    2.599 kHz, avg speed    2.386 kHz), accepted     9056/  170001 events ( 5.33%)
Processed   180000/  219708 entries, 81.93% (elapsed time    75.0s, curr speed    2.638 kHz, avg speed    2.398 kHz), accepted     9565/  180001 events ( 5.31%)
Processed   190000/  219708 entries, 86.48% (elapsed time    79.5s, curr speed    2.256 kHz, avg speed    2.390 kHz), accepted    10136/  190001 events ( 5.33%)
Processed   200000/  219708 entries, 91.03% (elapsed time    83.3s, curr speed    2.619 kHz, avg speed    2.401 kHz), accepted    10699/  200001 events ( 5.35%)
Processed   210000/  219708 entries, 95.58% (elapsed time    86.5s, curr speed    3.122 kHz, avg speed    2.428 kHz), accepted    11188/  210001 events ( 5.33%)
Processed 219708 preselected entries from /eos/cms/store/group/phys_tau/TauFW/nano/UL2017/SingleElectron/Run2017B-UL2017_MiniAODv1_NanoAODv2-v1/NANOAOD/4212BDC4-267F-C840-8BA9-41917D89D136_skimjec_2.root (219708 entries). Finally selected 11716 entries
Pre-select 239604 entries out of 239604 (100.00%)
Processed    10000/  239604 entries,  4.17% (elapsed time     5.1s, curr speed    1.943 kHz, avg speed    1.943 kHz), accepted      560/   10001 events ( 5.60%)
Processed    20000/  239604 entries,  8.35% (elapsed time     8.4s, curr speed    3.059 kHz, avg speed    2.376 kHz), accepted     1119/   20001 events ( 5.59%)
Processed    30000/  239604 entries, 12.52% (elapsed time    11.7s, curr speed    3.019 kHz, avg speed    2.558 kHz), accepted     1580/   30001 events ( 5.27%)
Processed    40000/  239604 entries, 16.69% (elapsed time    14.7s, curr speed    3.322 kHz, avg speed    2.714 kHz), accepted     1957/   40001 events ( 4.89%)
Processed    50000/  239604 entries, 20.87% (elapsed time    17.2s, curr speed    4.053 kHz, avg speed    2.906 kHz), accepted     2350/   50001 events ( 4.70%)
Processed    60000/  239604 entries, 25.04% (elapsed time    20.6s, curr speed    2.985 kHz, avg speed    2.919 kHz), accepted     2737/   60001 events ( 4.56%)
Processed    70000/  239604 entries, 29.21% (elapsed time    23.8s, curr speed    3.101 kHz, avg speed    2.943 kHz), accepted     3131/   70001 events ( 4.47%)
Processed    80000/  239604 entries, 33.39% (elapsed time    27.7s, curr speed    2.581 kHz, avg speed    2.893 kHz), accepted     3493/   80001 events ( 4.37%)
Processed    90000/  239604 entries, 37.56% (elapsed time    31.9s, curr speed    2.337 kHz, avg speed    2.818 kHz), accepted     3869/   90001 events ( 4.30%)
Processed   100000/  239604 entries, 41.74% (elapsed time    37.1s, curr speed    1.926 kHz, avg speed    2.693 kHz), accepted     4274/  100001 events ( 4.27%)
Processed   110000/  239604 entries, 45.91% (elapsed time    40.3s, curr speed    3.111 kHz, avg speed    2.727 kHz), accepted     4685/  110001 events ( 4.26%)
Processed   120000/  239604 entries, 50.08% (elapsed time    44.1s, curr speed    2.662 kHz, avg speed    2.721 kHz), accepted     5098/  120001 events ( 4.25%)
Processed   130000/  239604 entries, 54.26% (elapsed time    47.9s, curr speed    2.663 kHz, avg speed    2.717 kHz), accepted     5488/  130001 events ( 4.22%)
Processed   140000/  239604 entries, 58.43% (elapsed time    51.6s, curr speed    2.681 kHz, avg speed    2.714 kHz), accepted     5885/  140001 events ( 4.20%)
Processed   150000/  239604 entries, 62.60% (elapsed time    54.0s, curr speed    4.164 kHz, avg speed    2.779 kHz), accepted     6253/  150001 events ( 4.17%)
Processed   160000/  239604 entries, 66.78% (elapsed time    58.0s, curr speed    2.473 kHz, avg speed    2.757 kHz), accepted     6727/  160001 events ( 4.20%)
Processed   170000/  239604 entries, 70.95% (elapsed time    62.5s, curr speed    2.250 kHz, avg speed    2.721 kHz), accepted     7434/  170001 events ( 4.37%)
Processed   180000/  239604 entries, 75.12% (elapsed time    67.1s, curr speed    2.151 kHz, avg speed    2.682 kHz), accepted     8099/  180001 events ( 4.50%)
Processed   190000/  239604 entries, 79.30% (elapsed time    72.5s, curr speed    1.875 kHz, avg speed    2.622 kHz), accepted     8734/  190001 events ( 4.60%)
Processed   200000/  239604 entries, 83.47% (elapsed time    75.5s, curr speed    3.252 kHz, avg speed    2.648 kHz), accepted     9118/  200001 events ( 4.56%)
Processed   210000/  239604 entries, 87.64% (elapsed time    78.8s, curr speed    3.077 kHz, avg speed    2.666 kHz), accepted     9456/  210001 events ( 4.50%)
Processed   220000/  239604 entries, 91.82% (elapsed time    82.2s, curr speed    2.955 kHz, avg speed    2.678 kHz), accepted     9846/  220001 events ( 4.48%)
Processed   230000/  239604 entries, 95.99% (elapsed time    85.2s, curr speed    3.310 kHz, avg speed    2.700 kHz), accepted    10220/  230001 events ( 4.44%)
Processed 239604 preselected entries from /eos/cms/store/group/phys_tau/TauFW/nano/UL2017/SingleElectron/Run2017B-UL2017_MiniAODv1_NanoAODv2-v1/NANOAOD/4212BDC4-267F-C840-8BA9-41917D89D136_skimjec_3.root (239604 entries). Finally selected 10577 entries
Pre-select 226023 entries out of 226023 (100.00%)
Processed    10000/  226023 entries,  4.42% (elapsed time     6.6s, curr speed    1.520 kHz, avg speed    1.520 kHz), accepted      351/   10001 events ( 3.51%)
Processed    20000/  226023 entries,  8.85% (elapsed time     9.6s, curr speed    3.367 kHz, avg speed    2.094 kHz), accepted      705/   20001 events ( 3.52%)
Processed    30000/  226023 entries, 13.27% (elapsed time    12.1s, curr speed    3.888 kHz, avg speed    2.475 kHz), accepted     1079/   30001 events ( 3.60%)
Processed    40000/  226023 entries, 17.70% (elapsed time    17.0s, curr speed    2.064 kHz, avg speed    2.357 kHz), accepted     1474/   40001 events ( 3.68%)
Processed    50000/  226023 entries, 22.12% (elapsed time    21.4s, curr speed    2.258 kHz, avg speed    2.337 kHz), accepted     1851/   50001 events ( 3.70%)
Processed    60000/  226023 entries, 26.55% (elapsed time    25.2s, curr speed    2.611 kHz, avg speed    2.378 kHz), accepted     2219/   60001 events ( 3.70%)
Processed    70000/  226023 entries, 30.97% (elapsed time    28.2s, curr speed    3.321 kHz, avg speed    2.479 kHz), accepted     2598/   70001 events ( 3.71%)
Processed    80000/  226023 entries, 35.39% (elapsed time    31.0s, curr speed    3.645 kHz, avg speed    2.582 kHz), accepted     2972/   80001 events ( 3.71%)
Processed    90000/  226023 entries, 39.82% (elapsed time    34.3s, curr speed    3.056 kHz, avg speed    2.627 kHz), accepted     3380/   90001 events ( 3.76%)
Processed   100000/  226023 entries, 44.24% (elapsed time    38.2s, curr speed    2.545 kHz, avg speed    2.619 kHz), accepted     3824/  100001 events ( 3.82%)
Processed   110000/  226023 entries, 48.67% (elapsed time    41.2s, curr speed    3.272 kHz, avg speed    2.667 kHz), accepted     4250/  110001 events ( 3.86%)
Processed   120000/  226023 entries, 53.09% (elapsed time    44.4s, curr speed    3.128 kHz, avg speed    2.701 kHz), accepted     4685/  120001 events ( 3.90%)
Processed   130000/  226023 entries, 57.52% (elapsed time    47.4s, curr speed    3.427 kHz, avg speed    2.745 kHz), accepted     5102/  130001 events ( 3.92%)
Processed   140000/  226023 entries, 61.94% (elapsed time    50.1s, curr speed    3.676 kHz, avg speed    2.796 kHz), accepted     5464/  140001 events ( 3.90%)
Processed   150000/  226023 entries, 66.36% (elapsed time    53.0s, curr speed    3.407 kHz, avg speed    2.830 kHz), accepted     5919/  150001 events ( 3.95%)
Processed   160000/  226023 entries, 70.79% (elapsed time    56.1s, curr speed    3.276 kHz, avg speed    2.854 kHz), accepted     6323/  160001 events ( 3.95%)
Processed   170000/  226023 entries, 75.21% (elapsed time    59.4s, curr speed    3.026 kHz, avg speed    2.864 kHz), accepted     6745/  170001 events ( 3.97%)
Processed   180000/  226023 entries, 79.64% (elapsed time    63.0s, curr speed    2.786 kHz, avg speed    2.859 kHz), accepted     7160/  180001 events ( 3.98%)
Processed   190000/  226023 entries, 84.06% (elapsed time    66.6s, curr speed    2.749 kHz, avg speed    2.853 kHz), accepted     7601/  190001 events ( 4.00%)
Processed   200000/  226023 entries, 88.49% (elapsed time    69.8s, curr speed    3.142 kHz, avg speed    2.866 kHz), accepted     8063/  200001 events ( 4.03%)
Processed   210000/  226023 entries, 92.91% (elapsed time    73.3s, curr speed    2.836 kHz, avg speed    2.865 kHz), accepted     8506/  210001 events ( 4.05%)
Processed   220000/  226023 entries, 97.34% (elapsed time    76.9s, curr speed    2.794 kHz, avg speed    2.862 kHz), accepted     8972/  220001 events ( 4.08%)
Processed 226023 preselected entries from /eos/cms/store/group/phys_tau/TauFW/nano/UL2017/SingleElectron/Run2017B-UL2017_MiniAODv1_NanoAODv2-v1/NANOAOD/4212BDC4-267F-C840-8BA9-41917D89D136_skimjec_4.root (226023 entries). Finally selected 9234 entries
Total time 499.0 sec. to process 1154621 events. Rate = 2314.1 Hz.
>>> cwd          = /pool/condor/dir_3408
>>> ls           = ['lvigilan.cc', 'tmp', '_condor_stdout', 'condor_exec.exe', 'var', '.chirp.config', '.machine.ad', 'x509_voms', '.job.ad', 'pico_etau_11.root']
>>> getstorage('/eos/home-l/lvigilan/output_ETauFR_UL17_RUN1/UL2017/etau/SingleElectron_Run2017B'), <EOS("/eos/home-l/lvigilan/output_ETauFR_UL17_RUN1/UL2017/etau/SingleElectron_Run2017B") at 0x2b25015ac910>
>>> Executing: 'cp ./pico_etau_11.root /eos/home-l/lvigilan/output_ETauFR_UL17_RUN1/UL2017/etau/SingleElectron_Run2017B'
>>> Removing './pico_etau_11.root'...
>>> picojob.py done after 508.2 seconds

Job complete at Mon Jun  7 19:20:51 CEST 2021
Took 8 minutes 29 seconds040 (2367606.011.000) 06/07 19:20:51 Finished transferring output files
...
005 (2367606.011.000) 06/07 19:20:52 Job terminated.
	(1) Normal termination (return value 0)
		Usr 0 00:05:59, Sys 0 00:00:15  -  Run Remote Usage
		Usr 0 00:00:00, Sys 0 00:00:00  -  Run Local Usage
		Usr 0 00:05:59, Sys 0 00:00:15  -  Total Remote Usage
		Usr 0 00:00:00, Sys 0 00:00:00  -  Total Local Usage
	33330  -  Run Bytes Sent By Job
	9930  -  Run Bytes Received By Job
	33330  -  Total Bytes Sent By Job
	9930  -  Total Bytes Received By Job
	Partitionable Resources :    Usage  Request Allocated 
	   Cpus                 :                 1         1 
	   Disk (KB)            :     4223        1    300232 
	   Memory (MB)          :      195     2000      2000 

	Job terminated of its own accord at 2021-06-07T17:20:51Z.
...
