Could not find platform independent libraries <prefix>
Could not find platform dependent libraries <exec_prefix>
Consider setting $PYTHONHOME to <prefix>[:<exec_prefix>]
ImportError: No module named site
Job start at Mon Jun  7 23:04:19 CEST 2021
Running job on machine Linux b7g41n2770.cern.ch 3.10.0-1160.21.1.el7.x86_64 #1 SMP Tue Mar 16 18:28:22 UTC 2021 x86_64 x86_64 x86_64 GNU/Linux, host b7g41n2770.cern.ch
============================================================
$PWD=/pool/condor/dir_10283
$JOBID=2367895
$TASKID=25
$HOSTNAME=b7g41n2770.cern.ch
$TASKCMD=/afs/cern.ch/work/l/lvigilan/TauWork/CMSSW_10_6_17_patch1/src/TauFW/PicoProducer/python/processors/picojob.py -y UL2017 -d 'data' -c etau -M ETauFakeRate.ModuleETau --copydir /eos/home-l/lvigilan/output_ETauFR_UL17_RUN1/UL2017/etau/SingleElectron_Run2017B -t _etau_EES0p99_25 --opt 'ees=0.99' 'useT1=False' -i /eos/cms/store/group/phys_tau/TauFW/nano/UL2017/SingleElectron/Run2017B-UL2017_MiniAODv1_NanoAODv2-v1/NANOAOD/73D6DBD1-8093-8245-B312-03C7365413F1_skimjec_0.root /eos/cms/store/group/phys_tau/TauFW/nano/UL2017/SingleElectron/Run2017B-UL2017_MiniAODv1_NanoAODv2-v1/NANOAOD/73D6DBD1-8093-8245-B312-03C7365413F1_skimjec_1.root /eos/cms/store/group/phys_tau/TauFW/nano/UL2017/SingleElectron/Run2017B-UL2017_MiniAODv1_NanoAODv2-v1/NANOAOD/73D6DBD1-8093-8245-B312-03C7365413F1_skimjec_2.root /eos/cms/store/group/phys_tau/TauFW/nano/UL2017/SingleElectron/Run2017B-UL2017_MiniAODv1_NanoAODv2-v1/NANOAOD/73D6DBD1-8093-8245-B312-03C7365413F1_skimjec_3.root /eos/cms/store/group/phys_tau/TauFW/nano/UL2017/SingleElectron/Run2017B-UL2017_MiniAODv1_NanoAODv2-v1/NANOAOD/73D6DBD1-8093-8245-B312-03C7365413F1_skimjec_4.root
$WORKDIR=/pool/condor/dir_10283
>>> cd /afs/cern.ch/work/l/lvigilan/TauWork/CMSSW_10_6_17_patch1/src
>>> eval `scramv1 runtime -sh`
>>> cd /pool/condor/dir_10283
$PWD=/pool/condor/dir_10283
>>> /afs/cern.ch/work/l/lvigilan/TauWork/CMSSW_10_6_17_patch1/src/TauFW/PicoProducer/python/processors/picojob.py -y UL2017 -d 'data' -c etau -M ETauFakeRate.ModuleETau --copydir /eos/home-l/lvigilan/output_ETauFR_UL17_RUN1/UL2017/etau/SingleElectron_Run2017B -t _etau_EES0p99_25 --opt 'ees=0.99' 'useT1=False' -i /eos/cms/store/group/phys_tau/TauFW/nano/UL2017/SingleElectron/Run2017B-UL2017_MiniAODv1_NanoAODv2-v1/NANOAOD/73D6DBD1-8093-8245-B312-03C7365413F1_skimjec_0.root /eos/cms/store/group/phys_tau/TauFW/nano/UL2017/SingleElectron/Run2017B-UL2017_MiniAODv1_NanoAODv2-v1/NANOAOD/73D6DBD1-8093-8245-B312-03C7365413F1_skimjec_1.root /eos/cms/store/group/phys_tau/TauFW/nano/UL2017/SingleElectron/Run2017B-UL2017_MiniAODv1_NanoAODv2-v1/NANOAOD/73D6DBD1-8093-8245-B312-03C7365413F1_skimjec_2.root /eos/cms/store/group/phys_tau/TauFW/nano/UL2017/SingleElectron/Run2017B-UL2017_MiniAODv1_NanoAODv2-v1/NANOAOD/73D6DBD1-8093-8245-B312-03C7365413F1_skimjec_3.root /eos/cms/store/group/phys_tau/TauFW/nano/UL2017/SingleElectron/Run2017B-UL2017_MiniAODv1_NanoAODv2-v1/NANOAOD/73D6DBD1-8093-8245-B312-03C7365413F1_skimjec_4.root
Error in <TGClient::TGClient>: can't open display "localhost:13.0", switching to batch mode...
 In case you run from a remote ssh session, reconnect with ssh -Y
--------------------------------------------------------------------------------
>>> era          = 'UL2017'
>>> year         = 2017
>>> channel      = 'etau'
>>> modname      = 'ETauFakeRate.ModuleETau'
>>> dtype        = 'data'
>>> kwargs       = {'dtype': 'data', 'ees': 0.99, 'useT1': False, 'verb': 0, 'era': 'UL2017', 'year': 2017}
>>> firstevt     = 0
>>> maxevts      = None
>>> outdir       = '.'
>>> copydir      = '/eos/home-l/lvigilan/output_ETauFR_UL17_RUN1/UL2017/etau/SingleElectron_Run2017B'
>>> infiles      = ['/eos/cms/store/group/phys_tau/TauFW/nano/UL2017/SingleElectron/Run2017B-UL2017_MiniAODv1_NanoAODv2-v1/NANOAOD/73D6DBD1-8093-8245-B312-03C7365413F1_skimjec_0.root', '/eos/cms/store/group/phys_tau/TauFW/nano/UL2017/SingleElectron/Run2017B-UL2017_MiniAODv1_NanoAODv2-v1/NANOAOD/73D6DBD1-8093-8245-B312-03C7365413F1_skimjec_1.root', '/eos/cms/store/group/phys_tau/TauFW/nano/UL2017/SingleElectron/Run2017B-UL2017_MiniAODv1_NanoAODv2-v1/NANOAOD/73D6DBD1-8093-8245-B312-03C7365413F1_skimjec_2.root', '/eos/cms/store/group/phys_tau/TauFW/nano/UL2017/SingleElectron/Run2017B-UL2017_MiniAODv1_NanoAODv2-v1/NANOAOD/73D6DBD1-8093-8245-B312-03C7365413F1_skimjec_3.root', '/eos/cms/store/group/phys_tau/TauFW/nano/UL2017/SingleElectron/Run2017B-UL2017_MiniAODv1_NanoAODv2-v1/NANOAOD/73D6DBD1-8093-8245-B312-03C7365413F1_skimjec_4.root']
>>> outfname     = './pico_etau_EES0p99_25.root'
>>> branchsel    = '/afs/cern.ch/work/l/lvigilan/TauWork/CMSSW_10_6_17_patch1/python/TauFW/PicoProducer/processors/keep_and_drop_skim.txt'
>>> json         = '/afs/cern.ch/work/l/lvigilan/TauWork/CMSSW_10_6_17_patch1/src/TauFW/PicoProducer/data/json/2017/Cert_294927-306462_13TeV_PromptReco_Collisions17_JSON.txt'
>>> prefetch     = False
>>> cwd          = /pool/condor/dir_10283
--------------------------------------------------------------------------------

   ################
   #  ModuleETau  #
   ################

Loading TreeProducerETau for './pico_etau_EES0p99_25.root'
--------------------------------------------------------------------------------
>>> filename     = './pico_etau_EES0p99_25.root'
>>> year         = 2017
>>> dtype        = 'data'
>>> channel      = 'etau'
>>> ismc         = False
>>> isdata       = True
>>> isembed      = False
>>> tes          = None
>>> tessys       = None
>>> fes          = None
>>> ltf          = None
>>> jtf          = 1.0
>>> dotoppt      = False
>>> dozpt        = False
>>> dojec        = False
>>> dojecsys     = False
>>> dotight      = False
>>> useT1        = False
>>> jetCutPt     = 30
>>> bjetCutEta   = 2.7
>>> tauwp        = 0
>>> eleCutPt     = 36
>>> eleCutEta    = 2.1
>>> tauCutPt     = 20
>>> tauCutEta    = 2.3
>>> ZpeekReso    = 0.0
Pre-select 165575 entries out of 165575 (100.00%)
Processed    10000/  165575 entries,  6.04% (elapsed time     4.8s, curr speed    2.082 kHz, avg speed    2.082 kHz), accepted      546/   10001 events ( 5.46%)
Processed    20000/  165575 entries, 12.08% (elapsed time     7.7s, curr speed    3.508 kHz, avg speed    2.613 kHz), accepted     1055/   20001 events ( 5.27%)
Processed    30000/  165575 entries, 18.12% (elapsed time    10.6s, curr speed    3.402 kHz, avg speed    2.832 kHz), accepted     1595/   30001 events ( 5.32%)
Processed    40000/  165575 entries, 24.16% (elapsed time    13.1s, curr speed    4.002 kHz, avg speed    3.055 kHz), accepted     2154/   40001 events ( 5.38%)
Processed    50000/  165575 entries, 30.20% (elapsed time    16.2s, curr speed    3.169 kHz, avg speed    3.077 kHz), accepted     2681/   50001 events ( 5.36%)
Processed    60000/  165575 entries, 36.24% (elapsed time    19.1s, curr speed    3.547 kHz, avg speed    3.147 kHz), accepted     3220/   60001 events ( 5.37%)
Processed    70000/  165575 entries, 42.28% (elapsed time    21.7s, curr speed    3.795 kHz, avg speed    3.225 kHz), accepted     3803/   70001 events ( 5.43%)
Processed    80000/  165575 entries, 48.32% (elapsed time    24.7s, curr speed    3.371 kHz, avg speed    3.243 kHz), accepted     4351/   80001 events ( 5.44%)
Processed    90000/  165575 entries, 54.36% (elapsed time    27.5s, curr speed    3.502 kHz, avg speed    3.270 kHz), accepted     4934/   90001 events ( 5.48%)
Processed   100000/  165575 entries, 60.40% (elapsed time    30.6s, curr speed    3.306 kHz, avg speed    3.273 kHz), accepted     5486/  100001 events ( 5.49%)
Processed   110000/  165575 entries, 66.44% (elapsed time    33.7s, curr speed    3.176 kHz, avg speed    3.264 kHz), accepted     6068/  110001 events ( 5.52%)
Processed   120000/  165575 entries, 72.47% (elapsed time    36.5s, curr speed    3.562 kHz, avg speed    3.287 kHz), accepted     6641/  120001 events ( 5.53%)
Processed   130000/  165575 entries, 78.51% (elapsed time    39.2s, curr speed    3.756 kHz, avg speed    3.319 kHz), accepted     7164/  130001 events ( 5.51%)
Processed   140000/  165575 entries, 84.55% (elapsed time    41.9s, curr speed    3.705 kHz, avg speed    3.344 kHz), accepted     7618/  140001 events ( 5.44%)
Processed   150000/  165575 entries, 90.59% (elapsed time    45.1s, curr speed    3.106 kHz, avg speed    3.327 kHz), accepted     8126/  150001 events ( 5.42%)
Processed   160000/  165575 entries, 96.63% (elapsed time    47.7s, curr speed    3.775 kHz, avg speed    3.352 kHz), accepted     8619/  160001 events ( 5.39%)
Processed 165575 preselected entries from /eos/cms/store/group/phys_tau/TauFW/nano/UL2017/SingleElectron/Run2017B-UL2017_MiniAODv1_NanoAODv2-v1/NANOAOD/73D6DBD1-8093-8245-B312-03C7365413F1_skimjec_0.root (165575 entries). Finally selected 8896 entries
Pre-select 202908 entries out of 202908 (100.00%)
Processed    10000/  202908 entries,  4.93% (elapsed time     4.9s, curr speed    2.027 kHz, avg speed    2.027 kHz), accepted      507/   10001 events ( 5.07%)
Processed    20000/  202908 entries,  9.86% (elapsed time     7.7s, curr speed    3.649 kHz, avg speed    2.606 kHz), accepted      999/   20001 events ( 4.99%)
Processed    30000/  202908 entries, 14.79% (elapsed time    10.9s, curr speed    3.105 kHz, avg speed    2.753 kHz), accepted     1460/   30001 events ( 4.87%)
Processed    40000/  202908 entries, 19.71% (elapsed time    13.8s, curr speed    3.399 kHz, avg speed    2.891 kHz), accepted     1982/   40001 events ( 4.95%)
Processed    50000/  202908 entries, 24.64% (elapsed time    16.7s, curr speed    3.504 kHz, avg speed    2.996 kHz), accepted     2486/   50001 events ( 4.97%)
Processed    60000/  202908 entries, 29.57% (elapsed time    19.0s, curr speed    4.268 kHz, avg speed    3.152 kHz), accepted     2980/   60001 events ( 4.97%)
Processed    70000/  202908 entries, 34.50% (elapsed time    21.9s, curr speed    3.507 kHz, avg speed    3.198 kHz), accepted     3505/   70001 events ( 5.01%)
Processed    80000/  202908 entries, 39.43% (elapsed time    25.3s, curr speed    2.962 kHz, avg speed    3.167 kHz), accepted     4028/   80001 events ( 5.03%)
Processed    90000/  202908 entries, 44.36% (elapsed time    28.0s, curr speed    3.620 kHz, avg speed    3.211 kHz), accepted     4541/   90001 events ( 5.05%)
Processed   100000/  202908 entries, 49.28% (elapsed time    31.1s, curr speed    3.212 kHz, avg speed    3.212 kHz), accepted     5091/  100001 events ( 5.09%)
Processed   110000/  202908 entries, 54.21% (elapsed time    34.4s, curr speed    3.044 kHz, avg speed    3.195 kHz), accepted     5619/  110001 events ( 5.11%)
Processed   120000/  202908 entries, 59.14% (elapsed time    37.9s, curr speed    2.918 kHz, avg speed    3.170 kHz), accepted     6153/  120001 events ( 5.13%)
Processed   130000/  202908 entries, 64.07% (elapsed time    40.8s, curr speed    3.359 kHz, avg speed    3.184 kHz), accepted     6700/  130001 events ( 5.15%)
Processed   140000/  202908 entries, 69.00% (elapsed time    43.9s, curr speed    3.294 kHz, avg speed    3.192 kHz), accepted     7235/  140001 events ( 5.17%)
Processed   150000/  202908 entries, 73.93% (elapsed time    47.2s, curr speed    2.991 kHz, avg speed    3.177 kHz), accepted     7768/  150001 events ( 5.18%)
Processed   160000/  202908 entries, 78.85% (elapsed time    50.1s, curr speed    3.503 kHz, avg speed    3.196 kHz), accepted     8319/  160001 events ( 5.20%)
Processed   170000/  202908 entries, 83.78% (elapsed time    53.2s, curr speed    3.200 kHz, avg speed    3.196 kHz), accepted     8848/  170001 events ( 5.20%)
Processed   180000/  202908 entries, 88.71% (elapsed time    56.7s, curr speed    2.842 kHz, avg speed    3.174 kHz), accepted     9413/  180001 events ( 5.23%)
Processed   190000/  202908 entries, 93.64% (elapsed time    60.0s, curr speed    3.006 kHz, avg speed    3.165 kHz), accepted     9977/  190001 events ( 5.25%)
Processed   200000/  202908 entries, 98.57% (elapsed time    63.3s, curr speed    3.050 kHz, avg speed    3.159 kHz), accepted    10575/  200001 events ( 5.29%)
Processed 202908 preselected entries from /eos/cms/store/group/phys_tau/TauFW/nano/UL2017/SingleElectron/Run2017B-UL2017_MiniAODv1_NanoAODv2-v1/NANOAOD/73D6DBD1-8093-8245-B312-03C7365413F1_skimjec_1.root (202908 entries). Finally selected 10726 entries
Pre-select 211103 entries out of 211103 (100.00%)
Processed    10000/  211103 entries,  4.74% (elapsed time     5.5s, curr speed    1.813 kHz, avg speed    1.813 kHz), accepted      500/   10001 events ( 5.00%)
Processed    20000/  211103 entries,  9.47% (elapsed time     9.1s, curr speed    2.824 kHz, avg speed    2.208 kHz), accepted     1026/   20001 events ( 5.13%)
Processed    30000/  211103 entries, 14.21% (elapsed time    12.4s, curr speed    3.002 kHz, avg speed    2.421 kHz), accepted     1582/   30001 events ( 5.27%)
Processed    40000/  211103 entries, 18.95% (elapsed time    15.3s, curr speed    3.383 kHz, avg speed    2.607 kHz), accepted     2096/   40001 events ( 5.24%)
Processed    50000/  211103 entries, 23.69% (elapsed time    19.5s, curr speed    2.401 kHz, avg speed    2.563 kHz), accepted     2648/   50001 events ( 5.30%)
Processed    60000/  211103 entries, 28.42% (elapsed time    22.6s, curr speed    3.194 kHz, avg speed    2.650 kHz), accepted     3147/   60001 events ( 5.24%)
Processed    70000/  211103 entries, 33.16% (elapsed time    26.3s, curr speed    2.757 kHz, avg speed    2.665 kHz), accepted     3666/   70001 events ( 5.24%)
Processed    80000/  211103 entries, 37.90% (elapsed time    30.0s, curr speed    2.698 kHz, avg speed    2.669 kHz), accepted     4172/   80001 events ( 5.21%)
Processed    90000/  211103 entries, 42.63% (elapsed time    33.2s, curr speed    3.118 kHz, avg speed    2.713 kHz), accepted     4670/   90001 events ( 5.19%)
Processed   100000/  211103 entries, 47.37% (elapsed time    36.7s, curr speed    2.805 kHz, avg speed    2.721 kHz), accepted     5202/  100001 events ( 5.20%)
Processed   110000/  211103 entries, 52.11% (elapsed time    40.3s, curr speed    2.826 kHz, avg speed    2.731 kHz), accepted     5725/  110001 events ( 5.20%)
Processed   120000/  211103 entries, 56.84% (elapsed time    44.0s, curr speed    2.692 kHz, avg speed    2.727 kHz), accepted     6257/  120001 events ( 5.21%)
Processed   130000/  211103 entries, 61.58% (elapsed time    47.5s, curr speed    2.889 kHz, avg speed    2.739 kHz), accepted     6783/  130001 events ( 5.22%)
Processed   140000/  211103 entries, 66.32% (elapsed time    50.9s, curr speed    2.889 kHz, avg speed    2.749 kHz), accepted     7332/  140001 events ( 5.24%)
Processed   150000/  211103 entries, 71.06% (elapsed time    54.3s, curr speed    3.003 kHz, avg speed    2.765 kHz), accepted     7876/  150001 events ( 5.25%)
Processed   160000/  211103 entries, 75.79% (elapsed time    57.4s, curr speed    3.215 kHz, avg speed    2.789 kHz), accepted     8377/  160001 events ( 5.24%)
Processed   170000/  211103 entries, 80.53% (elapsed time    60.6s, curr speed    3.045 kHz, avg speed    2.803 kHz), accepted     8879/  170001 events ( 5.22%)
Processed   180000/  211103 entries, 85.27% (elapsed time    63.8s, curr speed    3.134 kHz, avg speed    2.820 kHz), accepted     9425/  180001 events ( 5.24%)
Processed   190000/  211103 entries, 90.00% (elapsed time    67.3s, curr speed    2.909 kHz, avg speed    2.824 kHz), accepted     9980/  190001 events ( 5.25%)
Processed   200000/  211103 entries, 94.74% (elapsed time    70.7s, curr speed    2.901 kHz, avg speed    2.828 kHz), accepted    10526/  200001 events ( 5.26%)
Processed   210000/  211103 entries, 99.48% (elapsed time    73.6s, curr speed    3.421 kHz, avg speed    2.852 kHz), accepted    11035/  210001 events ( 5.25%)
Processed 211103 preselected entries from /eos/cms/store/group/phys_tau/TauFW/nano/UL2017/SingleElectron/Run2017B-UL2017_MiniAODv1_NanoAODv2-v1/NANOAOD/73D6DBD1-8093-8245-B312-03C7365413F1_skimjec_2.root (211103 entries). Finally selected 11069 entries
Pre-select 177612 entries out of 177612 (100.00%)
Processed    10000/  177612 entries,  5.63% (elapsed time     4.7s, curr speed    2.114 kHz, avg speed    2.114 kHz), accepted      386/   10001 events ( 3.86%)
Processed    20000/  177612 entries, 11.26% (elapsed time     7.8s, curr speed    3.266 kHz, avg speed    2.566 kHz), accepted      805/   20001 events ( 4.02%)
Processed    30000/  177612 entries, 16.89% (elapsed time    10.3s, curr speed    3.960 kHz, avg speed    2.908 kHz), accepted     1205/   30001 events ( 4.02%)
Processed    40000/  177612 entries, 22.52% (elapsed time    13.5s, curr speed    3.148 kHz, avg speed    2.964 kHz), accepted     1660/   40001 events ( 4.15%)
Processed    50000/  177612 entries, 28.15% (elapsed time    16.6s, curr speed    3.218 kHz, avg speed    3.012 kHz), accepted     2159/   50001 events ( 4.32%)
Processed    60000/  177612 entries, 33.78% (elapsed time    19.5s, curr speed    3.418 kHz, avg speed    3.073 kHz), accepted     2666/   60001 events ( 4.44%)
Processed    70000/  177612 entries, 39.41% (elapsed time    23.1s, curr speed    2.798 kHz, avg speed    3.030 kHz), accepted     3173/   70001 events ( 4.53%)
Processed    80000/  177612 entries, 45.04% (elapsed time    26.0s, curr speed    3.416 kHz, avg speed    3.073 kHz), accepted     3528/   80001 events ( 4.41%)
Processed    90000/  177612 entries, 50.67% (elapsed time    28.5s, curr speed    4.043 kHz, avg speed    3.158 kHz), accepted     3915/   90001 events ( 4.35%)
Processed   100000/  177612 entries, 56.30% (elapsed time    31.0s, curr speed    4.086 kHz, avg speed    3.231 kHz), accepted     4318/  100001 events ( 4.32%)
Processed   110000/  177612 entries, 61.93% (elapsed time    34.0s, curr speed    3.250 kHz, avg speed    3.233 kHz), accepted     4723/  110001 events ( 4.29%)
Processed   120000/  177612 entries, 67.56% (elapsed time    37.0s, curr speed    3.366 kHz, avg speed    3.243 kHz), accepted     5075/  120001 events ( 4.23%)
Processed   130000/  177612 entries, 73.19% (elapsed time    40.1s, curr speed    3.275 kHz, avg speed    3.246 kHz), accepted     5452/  130001 events ( 4.19%)
Processed   140000/  177612 entries, 78.82% (elapsed time    42.7s, curr speed    3.817 kHz, avg speed    3.281 kHz), accepted     5822/  140001 events ( 4.16%)
Processed   150000/  177612 entries, 84.45% (elapsed time    45.2s, curr speed    3.936 kHz, avg speed    3.318 kHz), accepted     6224/  150001 events ( 4.15%)
Processed   160000/  177612 entries, 90.08% (elapsed time    48.1s, curr speed    3.410 kHz, avg speed    3.323 kHz), accepted     6685/  160001 events ( 4.18%)
Processed   170000/  177612 entries, 95.71% (elapsed time    50.3s, curr speed    4.542 kHz, avg speed    3.377 kHz), accepted     7094/  170001 events ( 4.17%)
Processed 177612 preselected entries from /eos/cms/store/group/phys_tau/TauFW/nano/UL2017/SingleElectron/Run2017B-UL2017_MiniAODv1_NanoAODv2-v1/NANOAOD/73D6DBD1-8093-8245-B312-03C7365413F1_skimjec_3.root (177612 entries). Finally selected 7426 entries
Pre-select 211103 entries out of 211103 (100.00%)
Processed    10000/  211103 entries,  4.74% (elapsed time     4.1s, curr speed    2.411 kHz, avg speed    2.411 kHz), accepted      417/   10001 events ( 4.17%)
Processed    20000/  211103 entries,  9.47% (elapsed time     7.0s, curr speed    3.521 kHz, avg speed    2.862 kHz), accepted      857/   20001 events ( 4.28%)
Processed    30000/  211103 entries, 14.21% (elapsed time     9.8s, curr speed    3.526 kHz, avg speed    3.054 kHz), accepted     1275/   30001 events ( 4.25%)
Processed    40000/  211103 entries, 18.95% (elapsed time    13.1s, curr speed    3.055 kHz, avg speed    3.054 kHz), accepted     1703/   40001 events ( 4.26%)
Processed    50000/  211103 entries, 23.69% (elapsed time    16.4s, curr speed    3.063 kHz, avg speed    3.056 kHz), accepted     2139/   50001 events ( 4.28%)
Processed    60000/  211103 entries, 28.42% (elapsed time    19.5s, curr speed    3.219 kHz, avg speed    3.082 kHz), accepted     2574/   60001 events ( 4.29%)
Processed    70000/  211103 entries, 33.16% (elapsed time    22.8s, curr speed    3.032 kHz, avg speed    3.075 kHz), accepted     2992/   70001 events ( 4.27%)
Processed    80000/  211103 entries, 37.90% (elapsed time    26.3s, curr speed    2.868 kHz, avg speed    3.047 kHz), accepted     3387/   80001 events ( 4.23%)
Processed    90000/  211103 entries, 42.63% (elapsed time    28.9s, curr speed    3.757 kHz, avg speed    3.113 kHz), accepted     3794/   90001 events ( 4.22%)
Processed   100000/  211103 entries, 47.37% (elapsed time    31.4s, curr speed    4.041 kHz, avg speed    3.186 kHz), accepted     4184/  100001 events ( 4.18%)
Processed   110000/  211103 entries, 52.11% (elapsed time    34.0s, curr speed    3.834 kHz, avg speed    3.235 kHz), accepted     4566/  110001 events ( 4.15%)
Processed   120000/  211103 entries, 56.84% (elapsed time    36.8s, curr speed    3.519 kHz, avg speed    3.257 kHz), accepted     4990/  120001 events ( 4.16%)
Processed   130000/  211103 entries, 61.58% (elapsed time    40.1s, curr speed    3.062 kHz, avg speed    3.242 kHz), accepted     5448/  130001 events ( 4.19%)
Processed   140000/  211103 entries, 66.32% (elapsed time    43.3s, curr speed    3.099 kHz, avg speed    3.231 kHz), accepted     5866/  140001 events ( 4.19%)
Processed   150000/  211103 entries, 71.06% (elapsed time    46.9s, curr speed    2.837 kHz, avg speed    3.201 kHz), accepted     6284/  150001 events ( 4.19%)
Processed   160000/  211103 entries, 75.79% (elapsed time    49.9s, curr speed    3.241 kHz, avg speed    3.204 kHz), accepted     6689/  160001 events ( 4.18%)
Processed   170000/  211103 entries, 80.53% (elapsed time    53.1s, curr speed    3.160 kHz, avg speed    3.201 kHz), accepted     7092/  170001 events ( 4.17%)
Processed   180000/  211103 entries, 85.27% (elapsed time    56.1s, curr speed    3.319 kHz, avg speed    3.208 kHz), accepted     7496/  180001 events ( 4.16%)
Processed   190000/  211103 entries, 90.00% (elapsed time    58.7s, curr speed    3.895 kHz, avg speed    3.238 kHz), accepted     7913/  190001 events ( 4.16%)
Processed   200000/  211103 entries, 94.74% (elapsed time    61.5s, curr speed    3.555 kHz, avg speed    3.252 kHz), accepted     8378/  200001 events ( 4.19%)
Processed   210000/  211103 entries, 99.48% (elapsed time    64.0s, curr speed    3.954 kHz, avg speed    3.280 kHz), accepted     8823/  210001 events ( 4.20%)
Processed 211103 preselected entries from /eos/cms/store/group/phys_tau/TauFW/nano/UL2017/SingleElectron/Run2017B-UL2017_MiniAODv1_NanoAODv2-v1/NANOAOD/73D6DBD1-8093-8245-B312-03C7365413F1_skimjec_4.root (211103 entries). Finally selected 8869 entries
Total time 343.5 sec. to process 968301 events. Rate = 2818.9 Hz.
>>> cwd          = /pool/condor/dir_10283
>>> ls           = ['tmp', 'var', 'pico_etau_EES0p99_25.root', '_condor_stdout', 'lvigilan.cc', 'x509_voms', '.job.ad', 'condor_exec.exe', '.chirp.config', '.machine.ad']
>>> getstorage('/eos/home-l/lvigilan/output_ETauFR_UL17_RUN1/UL2017/etau/SingleElectron_Run2017B'), <EOS("/eos/home-l/lvigilan/output_ETauFR_UL17_RUN1/UL2017/etau/SingleElectron_Run2017B") at 0x2b11d11f79d0>
>>> Executing: 'cp ./pico_etau_EES0p99_25.root /eos/home-l/lvigilan/output_ETauFR_UL17_RUN1/UL2017/etau/SingleElectron_Run2017B'
>>> Removing './pico_etau_EES0p99_25.root'...
>>> picojob.py done after 362.2 seconds

Job complete at Mon Jun  7 23:10:25 CEST 2021
Took 6 minutes 6 seconds040 (2367895.025.000) 06/07 23:10:33 Finished transferring output files
...
005 (2367895.025.000) 06/07 23:10:34 Job terminated.
	(1) Normal termination (return value 0)
		Usr 0 00:04:50, Sys 0 00:00:12  -  Run Remote Usage
		Usr 0 00:00:00, Sys 0 00:00:00  -  Run Local Usage
		Usr 0 00:04:50, Sys 0 00:00:12  -  Total Remote Usage
		Usr 0 00:00:00, Sys 0 00:00:00  -  Total Local Usage
	30694  -  Run Bytes Sent By Job
	9898  -  Run Bytes Received By Job
	30694  -  Total Bytes Sent By Job
	9898  -  Total Bytes Received By Job
	Partitionable Resources :    Usage  Request Allocated 
	   Cpus                 :                 1         1 
	   Disk (KB)            :     4223        1    154778 
	   Memory (MB)          :      200     2000      2000 

	Job terminated of its own accord at 2021-06-07T21:10:25Z.
...
