Could not find platform independent libraries <prefix>
Could not find platform dependent libraries <exec_prefix>
Consider setting $PYTHONHOME to <prefix>[:<exec_prefix>]
ImportError: No module named site
Job start at Mon Jun  7 19:12:48 CEST 2021
Running job on machine Linux b7g23n3342.cern.ch 3.10.0-1127.19.1.el7.x86_64 #1 SMP Tue Aug 25 17:23:54 UTC 2020 x86_64 x86_64 x86_64 GNU/Linux, host b7g23n3342.cern.ch
============================================================
$PWD=/pool/condor/dir_20157
$JOBID=2367606
$TASKID=40
$HOSTNAME=b7g23n3342.cern.ch
$TASKCMD=/afs/cern.ch/work/l/lvigilan/TauWork/CMSSW_10_6_17_patch1/src/TauFW/PicoProducer/python/processors/picojob.py -y UL2017 -d 'data' -c etau -M ETauFakeRate.ModuleETau --copydir /eos/home-l/lvigilan/output_ETauFR_UL17_RUN1/UL2017/etau/SingleElectron_Run2017B -t _etau_40 --opt 'useT1=False' -i /eos/cms/store/group/phys_tau/TauFW/nano/UL2017/SingleElectron/Run2017B-UL2017_MiniAODv1_NanoAODv2-v1/NANOAOD/BE23D2AC-27C5-4045-8427-36CA7F88D295_skimjec_0.root /eos/cms/store/group/phys_tau/TauFW/nano/UL2017/SingleElectron/Run2017B-UL2017_MiniAODv1_NanoAODv2-v1/NANOAOD/BE23D2AC-27C5-4045-8427-36CA7F88D295_skimjec_1.root /eos/cms/store/group/phys_tau/TauFW/nano/UL2017/SingleElectron/Run2017B-UL2017_MiniAODv1_NanoAODv2-v1/NANOAOD/BE23D2AC-27C5-4045-8427-36CA7F88D295_skimjec_2.root /eos/cms/store/group/phys_tau/TauFW/nano/UL2017/SingleElectron/Run2017B-UL2017_MiniAODv1_NanoAODv2-v1/NANOAOD/BE23D2AC-27C5-4045-8427-36CA7F88D295_skimjec_3.root /eos/cms/store/group/phys_tau/TauFW/nano/UL2017/SingleElectron/Run2017B-UL2017_MiniAODv1_NanoAODv2-v1/NANOAOD/BE23D2AC-27C5-4045-8427-36CA7F88D295_skimjec_4.root
$WORKDIR=/pool/condor/dir_20157
>>> cd /afs/cern.ch/work/l/lvigilan/TauWork/CMSSW_10_6_17_patch1/src
>>> eval `scramv1 runtime -sh`
>>> cd /pool/condor/dir_20157
$PWD=/pool/condor/dir_20157
>>> /afs/cern.ch/work/l/lvigilan/TauWork/CMSSW_10_6_17_patch1/src/TauFW/PicoProducer/python/processors/picojob.py -y UL2017 -d 'data' -c etau -M ETauFakeRate.ModuleETau --copydir /eos/home-l/lvigilan/output_ETauFR_UL17_RUN1/UL2017/etau/SingleElectron_Run2017B -t _etau_40 --opt 'useT1=False' -i /eos/cms/store/group/phys_tau/TauFW/nano/UL2017/SingleElectron/Run2017B-UL2017_MiniAODv1_NanoAODv2-v1/NANOAOD/BE23D2AC-27C5-4045-8427-36CA7F88D295_skimjec_0.root /eos/cms/store/group/phys_tau/TauFW/nano/UL2017/SingleElectron/Run2017B-UL2017_MiniAODv1_NanoAODv2-v1/NANOAOD/BE23D2AC-27C5-4045-8427-36CA7F88D295_skimjec_1.root /eos/cms/store/group/phys_tau/TauFW/nano/UL2017/SingleElectron/Run2017B-UL2017_MiniAODv1_NanoAODv2-v1/NANOAOD/BE23D2AC-27C5-4045-8427-36CA7F88D295_skimjec_2.root /eos/cms/store/group/phys_tau/TauFW/nano/UL2017/SingleElectron/Run2017B-UL2017_MiniAODv1_NanoAODv2-v1/NANOAOD/BE23D2AC-27C5-4045-8427-36CA7F88D295_skimjec_3.root /eos/cms/store/group/phys_tau/TauFW/nano/UL2017/SingleElectron/Run2017B-UL2017_MiniAODv1_NanoAODv2-v1/NANOAOD/BE23D2AC-27C5-4045-8427-36CA7F88D295_skimjec_4.root
Error in <TGClient::TGClient>: can't open display "localhost:19.0", switching to batch mode...
 In case you run from a remote ssh session, reconnect with ssh -Y
--------------------------------------------------------------------------------
>>> era          = 'UL2017'
>>> year         = 2017
>>> channel      = 'etau'
>>> modname      = 'ETauFakeRate.ModuleETau'
>>> dtype        = 'data'
>>> kwargs       = {'useT1': False, 'dtype': 'data', 'verb': 0, 'era': 'UL2017', 'year': 2017}
>>> firstevt     = 0
>>> maxevts      = None
>>> outdir       = '.'
>>> copydir      = '/eos/home-l/lvigilan/output_ETauFR_UL17_RUN1/UL2017/etau/SingleElectron_Run2017B'
>>> infiles      = ['/eos/cms/store/group/phys_tau/TauFW/nano/UL2017/SingleElectron/Run2017B-UL2017_MiniAODv1_NanoAODv2-v1/NANOAOD/BE23D2AC-27C5-4045-8427-36CA7F88D295_skimjec_0.root', '/eos/cms/store/group/phys_tau/TauFW/nano/UL2017/SingleElectron/Run2017B-UL2017_MiniAODv1_NanoAODv2-v1/NANOAOD/BE23D2AC-27C5-4045-8427-36CA7F88D295_skimjec_1.root', '/eos/cms/store/group/phys_tau/TauFW/nano/UL2017/SingleElectron/Run2017B-UL2017_MiniAODv1_NanoAODv2-v1/NANOAOD/BE23D2AC-27C5-4045-8427-36CA7F88D295_skimjec_2.root', '/eos/cms/store/group/phys_tau/TauFW/nano/UL2017/SingleElectron/Run2017B-UL2017_MiniAODv1_NanoAODv2-v1/NANOAOD/BE23D2AC-27C5-4045-8427-36CA7F88D295_skimjec_3.root', '/eos/cms/store/group/phys_tau/TauFW/nano/UL2017/SingleElectron/Run2017B-UL2017_MiniAODv1_NanoAODv2-v1/NANOAOD/BE23D2AC-27C5-4045-8427-36CA7F88D295_skimjec_4.root']
>>> outfname     = './pico_etau_40.root'
>>> branchsel    = '/afs/cern.ch/work/l/lvigilan/TauWork/CMSSW_10_6_17_patch1/python/TauFW/PicoProducer/processors/keep_and_drop_skim.txt'
>>> json         = '/afs/cern.ch/work/l/lvigilan/TauWork/CMSSW_10_6_17_patch1/src/TauFW/PicoProducer/data/json/2017/Cert_294927-306462_13TeV_PromptReco_Collisions17_JSON.txt'
>>> prefetch     = False
>>> cwd          = /pool/condor/dir_20157
--------------------------------------------------------------------------------

   ################
   #  ModuleETau  #
   ################

Loading TreeProducerETau for './pico_etau_40.root'
--------------------------------------------------------------------------------
>>> filename     = './pico_etau_40.root'
>>> year         = 2017
>>> dtype        = 'data'
>>> channel      = 'etau'
>>> ismc         = False
>>> isdata       = True
>>> isembed      = False
>>> tes          = None
>>> tessys       = None
>>> fes          = None
>>> ltf          = None
>>> jtf          = 1.0
>>> dotoppt      = False
>>> dozpt        = False
>>> dojec        = False
>>> dojecsys     = False
>>> dotight      = False
>>> useT1        = False
>>> jetCutPt     = 30
>>> bjetCutEta   = 2.7
>>> tauwp        = 0
>>> eleCutPt     = 36
>>> eleCutEta    = 2.1
>>> tauCutPt     = 20
>>> tauCutEta    = 2.3
>>> ZpeekReso    = 0.0
Pre-select 223255 entries out of 223255 (100.00%)
Processed    10000/  223255 entries,  4.48% (elapsed time     5.6s, curr speed    1.797 kHz, avg speed    1.797 kHz), accepted      528/   10001 events ( 5.28%)
Processed    20000/  223255 entries,  8.96% (elapsed time     9.2s, curr speed    2.749 kHz, avg speed    2.173 kHz), accepted     1096/   20001 events ( 5.48%)
Processed    30000/  223255 entries, 13.44% (elapsed time    12.7s, curr speed    2.862 kHz, avg speed    2.363 kHz), accepted     1644/   30001 events ( 5.48%)
Processed    40000/  223255 entries, 17.92% (elapsed time    16.5s, curr speed    2.627 kHz, avg speed    2.424 kHz), accepted     2220/   40001 events ( 5.55%)
Processed    50000/  223255 entries, 22.40% (elapsed time    19.9s, curr speed    2.921 kHz, avg speed    2.509 kHz), accepted     2799/   50001 events ( 5.60%)
Processed    60000/  223255 entries, 26.88% (elapsed time    23.4s, curr speed    2.854 kHz, avg speed    2.561 kHz), accepted     3314/   60001 events ( 5.52%)
Processed    70000/  223255 entries, 31.35% (elapsed time    26.4s, curr speed    3.388 kHz, avg speed    2.653 kHz), accepted     3800/   70001 events ( 5.43%)
Processed    80000/  223255 entries, 35.83% (elapsed time    30.1s, curr speed    2.685 kHz, avg speed    2.657 kHz), accepted     4281/   80001 events ( 5.35%)
Processed    90000/  223255 entries, 40.31% (elapsed time    33.7s, curr speed    2.796 kHz, avg speed    2.672 kHz), accepted     4750/   90001 events ( 5.28%)
Processed   100000/  223255 entries, 44.79% (elapsed time    37.3s, curr speed    2.768 kHz, avg speed    2.681 kHz), accepted     5246/  100001 events ( 5.25%)
Processed   110000/  223255 entries, 49.27% (elapsed time    40.9s, curr speed    2.783 kHz, avg speed    2.690 kHz), accepted     5736/  110001 events ( 5.21%)
Processed   120000/  223255 entries, 53.75% (elapsed time    44.1s, curr speed    3.078 kHz, avg speed    2.719 kHz), accepted     6220/  120001 events ( 5.18%)
Processed   130000/  223255 entries, 58.23% (elapsed time    47.1s, curr speed    3.333 kHz, avg speed    2.758 kHz), accepted     6728/  130001 events ( 5.18%)
Processed   140000/  223255 entries, 62.71% (elapsed time    50.5s, curr speed    2.992 kHz, avg speed    2.773 kHz), accepted     7228/  140001 events ( 5.16%)
Processed   150000/  223255 entries, 67.19% (elapsed time    53.9s, curr speed    2.965 kHz, avg speed    2.785 kHz), accepted     7768/  150001 events ( 5.18%)
Processed   160000/  223255 entries, 71.67% (elapsed time    57.5s, curr speed    2.719 kHz, avg speed    2.781 kHz), accepted     8209/  160001 events ( 5.13%)
Processed   170000/  223255 entries, 76.15% (elapsed time    61.2s, curr speed    2.708 kHz, avg speed    2.777 kHz), accepted     8735/  170001 events ( 5.14%)
Processed   180000/  223255 entries, 80.63% (elapsed time    64.5s, curr speed    3.038 kHz, avg speed    2.790 kHz), accepted     9261/  180001 events ( 5.14%)
Processed   190000/  223255 entries, 85.10% (elapsed time    67.6s, curr speed    3.251 kHz, avg speed    2.811 kHz), accepted     9757/  190001 events ( 5.14%)
Processed   200000/  223255 entries, 89.58% (elapsed time    70.8s, curr speed    3.094 kHz, avg speed    2.824 kHz), accepted    10249/  200001 events ( 5.12%)
Processed   210000/  223255 entries, 94.06% (elapsed time    74.1s, curr speed    3.046 kHz, avg speed    2.834 kHz), accepted    10793/  210001 events ( 5.14%)
Processed   220000/  223255 entries, 98.54% (elapsed time    77.6s, curr speed    2.889 kHz, avg speed    2.836 kHz), accepted    11299/  220001 events ( 5.14%)
Processed 223255 preselected entries from /eos/cms/store/group/phys_tau/TauFW/nano/UL2017/SingleElectron/Run2017B-UL2017_MiniAODv1_NanoAODv2-v1/NANOAOD/BE23D2AC-27C5-4045-8427-36CA7F88D295_skimjec_0.root (223255 entries). Finally selected 11486 entries
Pre-select 218177 entries out of 218177 (100.00%)
Processed    10000/  218177 entries,  4.58% (elapsed time     5.5s, curr speed    1.803 kHz, avg speed    1.803 kHz), accepted      555/   10001 events ( 5.55%)
Processed    20000/  218177 entries,  9.17% (elapsed time     9.0s, curr speed    2.856 kHz, avg speed    2.210 kHz), accepted     1062/   20001 events ( 5.31%)
Processed    30000/  218177 entries, 13.75% (elapsed time    13.8s, curr speed    2.104 kHz, avg speed    2.174 kHz), accepted     1583/   30001 events ( 5.28%)
Processed    40000/  218177 entries, 18.33% (elapsed time    16.6s, curr speed    3.619 kHz, avg speed    2.415 kHz), accepted     2039/   40001 events ( 5.10%)
Processed    50000/  218177 entries, 22.92% (elapsed time    19.7s, curr speed    3.168 kHz, avg speed    2.535 kHz), accepted     2558/   50001 events ( 5.12%)
Processed    60000/  218177 entries, 27.50% (elapsed time    22.6s, curr speed    3.416 kHz, avg speed    2.649 kHz), accepted     3052/   60001 events ( 5.09%)
Processed    70000/  218177 entries, 32.08% (elapsed time    26.0s, curr speed    2.988 kHz, avg speed    2.693 kHz), accepted     3504/   70001 events ( 5.01%)
Processed    80000/  218177 entries, 36.67% (elapsed time    29.6s, curr speed    2.779 kHz, avg speed    2.703 kHz), accepted     3977/   80001 events ( 4.97%)
Processed    90000/  218177 entries, 41.25% (elapsed time    33.4s, curr speed    2.631 kHz, avg speed    2.695 kHz), accepted     4453/   90001 events ( 4.95%)
Processed   100000/  218177 entries, 45.83% (elapsed time    36.8s, curr speed    2.940 kHz, avg speed    2.718 kHz), accepted     4908/  100001 events ( 4.91%)
Processed   110000/  218177 entries, 50.42% (elapsed time    40.2s, curr speed    2.951 kHz, avg speed    2.737 kHz), accepted     5365/  110001 events ( 4.88%)
Processed   120000/  218177 entries, 55.00% (elapsed time    43.5s, curr speed    2.973 kHz, avg speed    2.756 kHz), accepted     5852/  120001 events ( 4.88%)
Processed   130000/  218177 entries, 59.58% (elapsed time    46.8s, curr speed    3.061 kHz, avg speed    2.777 kHz), accepted     6377/  130001 events ( 4.91%)
Processed   140000/  218177 entries, 64.17% (elapsed time    50.2s, curr speed    2.987 kHz, avg speed    2.791 kHz), accepted     6899/  140001 events ( 4.93%)
Processed   150000/  218177 entries, 68.75% (elapsed time    53.4s, curr speed    3.049 kHz, avg speed    2.807 kHz), accepted     7434/  150001 events ( 4.96%)
Processed   160000/  218177 entries, 73.33% (elapsed time    57.3s, curr speed    2.589 kHz, avg speed    2.792 kHz), accepted     7957/  160001 events ( 4.97%)
Processed   170000/  218177 entries, 77.92% (elapsed time    60.3s, curr speed    3.289 kHz, avg speed    2.817 kHz), accepted     8467/  170001 events ( 4.98%)
Processed   180000/  218177 entries, 82.50% (elapsed time    63.6s, curr speed    3.072 kHz, avg speed    2.830 kHz), accepted     9004/  180001 events ( 5.00%)
Processed   190000/  218177 entries, 87.09% (elapsed time    67.3s, curr speed    2.732 kHz, avg speed    2.825 kHz), accepted     9542/  190001 events ( 5.02%)
Processed   200000/  218177 entries, 91.67% (elapsed time    70.6s, curr speed    2.952 kHz, avg speed    2.831 kHz), accepted    10045/  200001 events ( 5.02%)
Processed   210000/  218177 entries, 96.25% (elapsed time    73.6s, curr speed    3.342 kHz, avg speed    2.852 kHz), accepted    10532/  210001 events ( 5.02%)
Processed 218177 preselected entries from /eos/cms/store/group/phys_tau/TauFW/nano/UL2017/SingleElectron/Run2017B-UL2017_MiniAODv1_NanoAODv2-v1/NANOAOD/BE23D2AC-27C5-4045-8427-36CA7F88D295_skimjec_1.root (218177 entries). Finally selected 10960 entries
Pre-select 211978 entries out of 211978 (100.00%)
Processed    10000/  211978 entries,  4.72% (elapsed time     5.9s, curr speed    1.694 kHz, avg speed    1.694 kHz), accepted      532/   10001 events ( 5.32%)
Processed    20000/  211978 entries,  9.43% (elapsed time     9.7s, curr speed    2.615 kHz, avg speed    2.056 kHz), accepted     1026/   20001 events ( 5.13%)
Processed    30000/  211978 entries, 14.15% (elapsed time    14.2s, curr speed    2.235 kHz, avg speed    2.113 kHz), accepted     1603/   30001 events ( 5.34%)
Processed    40000/  211978 entries, 18.87% (elapsed time    17.2s, curr speed    3.304 kHz, avg speed    2.322 kHz), accepted     2136/   40001 events ( 5.34%)
Processed    50000/  211978 entries, 23.59% (elapsed time    22.4s, curr speed    1.949 kHz, avg speed    2.236 kHz), accepted     2607/   50001 events ( 5.21%)
Processed    60000/  211978 entries, 28.30% (elapsed time    25.8s, curr speed    2.928 kHz, avg speed    2.328 kHz), accepted     3117/   60001 events ( 5.19%)
Processed    70000/  211978 entries, 33.02% (elapsed time    29.2s, curr speed    2.954 kHz, avg speed    2.401 kHz), accepted     3628/   70001 events ( 5.18%)
Processed    80000/  211978 entries, 37.74% (elapsed time    33.3s, curr speed    2.419 kHz, avg speed    2.403 kHz), accepted     4115/   80001 events ( 5.14%)
Processed    90000/  211978 entries, 42.46% (elapsed time    36.8s, curr speed    2.854 kHz, avg speed    2.446 kHz), accepted     4592/   90001 events ( 5.10%)
Processed   100000/  211978 entries, 47.17% (elapsed time    39.9s, curr speed    3.247 kHz, avg speed    2.508 kHz), accepted     5125/  100001 events ( 5.12%)
Processed   110000/  211978 entries, 51.89% (elapsed time    43.7s, curr speed    2.619 kHz, avg speed    2.517 kHz), accepted     5607/  110001 events ( 5.10%)
Processed   120000/  211978 entries, 56.61% (elapsed time    47.2s, curr speed    2.878 kHz, avg speed    2.544 kHz), accepted     6139/  120001 events ( 5.12%)
Processed   130000/  211978 entries, 61.33% (elapsed time    49.8s, curr speed    3.769 kHz, avg speed    2.609 kHz), accepted     6517/  130001 events ( 5.01%)
Processed   140000/  211978 entries, 66.04% (elapsed time    53.0s, curr speed    3.190 kHz, avg speed    2.644 kHz), accepted     6935/  140001 events ( 4.95%)
Processed   150000/  211978 entries, 70.76% (elapsed time    56.0s, curr speed    3.289 kHz, avg speed    2.679 kHz), accepted     7372/  150001 events ( 4.91%)
Processed   160000/  211978 entries, 75.48% (elapsed time    59.2s, curr speed    3.166 kHz, avg speed    2.705 kHz), accepted     7749/  160001 events ( 4.84%)
Processed   170000/  211978 entries, 80.20% (elapsed time    61.6s, curr speed    4.074 kHz, avg speed    2.759 kHz), accepted     8106/  170001 events ( 4.77%)
Processed   180000/  211978 entries, 84.91% (elapsed time    64.4s, curr speed    3.567 kHz, avg speed    2.794 kHz), accepted     8504/  180001 events ( 4.72%)
Processed   190000/  211978 entries, 89.63% (elapsed time    67.0s, curr speed    3.874 kHz, avg speed    2.836 kHz), accepted     8909/  190001 events ( 4.69%)
Processed   200000/  211978 entries, 94.35% (elapsed time    70.3s, curr speed    3.047 kHz, avg speed    2.846 kHz), accepted     9340/  200001 events ( 4.67%)
Processed   210000/  211978 entries, 99.07% (elapsed time    73.5s, curr speed    3.072 kHz, avg speed    2.856 kHz), accepted     9754/  210001 events ( 4.64%)
Processed 211978 preselected entries from /eos/cms/store/group/phys_tau/TauFW/nano/UL2017/SingleElectron/Run2017B-UL2017_MiniAODv1_NanoAODv2-v1/NANOAOD/BE23D2AC-27C5-4045-8427-36CA7F88D295_skimjec_2.root (211978 entries). Finally selected 9843 entries
Pre-select 225920 entries out of 225920 (100.00%)
Processed    10000/  225920 entries,  4.43% (elapsed time     5.6s, curr speed    1.784 kHz, avg speed    1.784 kHz), accepted      409/   10001 events ( 4.09%)
Processed    20000/  225920 entries,  8.85% (elapsed time     8.4s, curr speed    3.571 kHz, avg speed    2.379 kHz), accepted      841/   20001 events ( 4.20%)
Processed    30000/  225920 entries, 13.28% (elapsed time    11.0s, curr speed    3.834 kHz, avg speed    2.724 kHz), accepted     1301/   30001 events ( 4.34%)
Processed    40000/  225920 entries, 17.71% (elapsed time    13.9s, curr speed    3.504 kHz, avg speed    2.884 kHz), accepted     1728/   40001 events ( 4.32%)
Processed    50000/  225920 entries, 22.13% (elapsed time    16.5s, curr speed    3.787 kHz, avg speed    3.029 kHz), accepted     2167/   50001 events ( 4.33%)
Processed    60000/  225920 entries, 26.56% (elapsed time    19.9s, curr speed    2.940 kHz, avg speed    3.013 kHz), accepted     2619/   60001 events ( 4.36%)
Processed    70000/  225920 entries, 30.98% (elapsed time    23.0s, curr speed    3.289 kHz, avg speed    3.050 kHz), accepted     3053/   70001 events ( 4.36%)
Processed    80000/  225920 entries, 35.41% (elapsed time    27.0s, curr speed    2.477 kHz, avg speed    2.964 kHz), accepted     3510/   80001 events ( 4.39%)
Processed    90000/  225920 entries, 39.84% (elapsed time    30.6s, curr speed    2.792 kHz, avg speed    2.944 kHz), accepted     3897/   90001 events ( 4.33%)
Processed   100000/  225920 entries, 44.26% (elapsed time    33.5s, curr speed    3.365 kHz, avg speed    2.981 kHz), accepted     4294/  100001 events ( 4.29%)
Processed   110000/  225920 entries, 48.69% (elapsed time    36.7s, curr speed    3.136 kHz, avg speed    2.995 kHz), accepted     4729/  110001 events ( 4.30%)
Processed   120000/  225920 entries, 53.12% (elapsed time    39.6s, curr speed    3.442 kHz, avg speed    3.028 kHz), accepted     5114/  120001 events ( 4.26%)
Processed   130000/  225920 entries, 57.54% (elapsed time    42.6s, curr speed    3.416 kHz, avg speed    3.054 kHz), accepted     5565/  130001 events ( 4.28%)
Processed   140000/  225920 entries, 61.97% (elapsed time    45.8s, curr speed    3.075 kHz, avg speed    3.056 kHz), accepted     5997/  140001 events ( 4.28%)
Processed   150000/  225920 entries, 66.40% (elapsed time    49.0s, curr speed    3.102 kHz, avg speed    3.059 kHz), accepted     6408/  150001 events ( 4.27%)
Processed   160000/  225920 entries, 70.82% (elapsed time    52.1s, curr speed    3.285 kHz, avg speed    3.072 kHz), accepted     6802/  160001 events ( 4.25%)
Processed   170000/  225920 entries, 75.25% (elapsed time    55.3s, curr speed    3.072 kHz, avg speed    3.072 kHz), accepted     7282/  170001 events ( 4.28%)
Processed   180000/  225920 entries, 79.67% (elapsed time    58.8s, curr speed    2.925 kHz, avg speed    3.064 kHz), accepted     7764/  180001 events ( 4.31%)
Processed   190000/  225920 entries, 84.10% (elapsed time    61.8s, curr speed    3.290 kHz, avg speed    3.075 kHz), accepted     8178/  190001 events ( 4.30%)
Processed   200000/  225920 entries, 88.53% (elapsed time    64.3s, curr speed    3.971 kHz, avg speed    3.110 kHz), accepted     8549/  200001 events ( 4.27%)
Processed   210000/  225920 entries, 92.95% (elapsed time    67.3s, curr speed    3.326 kHz, avg speed    3.119 kHz), accepted     8916/  210001 events ( 4.25%)
Processed   220000/  225920 entries, 97.38% (elapsed time    70.3s, curr speed    3.305 kHz, avg speed    3.127 kHz), accepted     9337/  220001 events ( 4.24%)
Processed 225920 preselected entries from /eos/cms/store/group/phys_tau/TauFW/nano/UL2017/SingleElectron/Run2017B-UL2017_MiniAODv1_NanoAODv2-v1/NANOAOD/BE23D2AC-27C5-4045-8427-36CA7F88D295_skimjec_3.root (225920 entries). Finally selected 9571 entries
Pre-select 225919 entries out of 225919 (100.00%)
Processed    10000/  225919 entries,  4.43% (elapsed time     4.8s, curr speed    2.100 kHz, avg speed    2.100 kHz), accepted      423/   10001 events ( 4.23%)
Processed    20000/  225919 entries,  8.85% (elapsed time     8.5s, curr speed    2.692 kHz, avg speed    2.359 kHz), accepted      859/   20001 events ( 4.29%)
Processed    30000/  225919 entries, 13.28% (elapsed time    11.7s, curr speed    3.115 kHz, avg speed    2.567 kHz), accepted     1240/   30001 events ( 4.13%)
Processed    40000/  225919 entries, 17.71% (elapsed time    14.5s, curr speed    3.572 kHz, avg speed    2.761 kHz), accepted     1641/   40001 events ( 4.10%)
Processed    50000/  225919 entries, 22.13% (elapsed time    17.3s, curr speed    3.493 kHz, avg speed    2.882 kHz), accepted     2016/   50001 events ( 4.03%)
Processed    60000/  225919 entries, 26.56% (elapsed time    20.7s, curr speed    2.996 kHz, avg speed    2.900 kHz), accepted     2454/   60001 events ( 4.09%)
Processed    70000/  225919 entries, 30.98% (elapsed time    23.4s, curr speed    3.658 kHz, avg speed    2.989 kHz), accepted     2801/   70001 events ( 4.00%)
Processed    80000/  225919 entries, 35.41% (elapsed time    26.6s, curr speed    3.147 kHz, avg speed    3.008 kHz), accepted     3175/   80001 events ( 3.97%)
Processed    90000/  225919 entries, 39.84% (elapsed time    29.8s, curr speed    3.133 kHz, avg speed    3.021 kHz), accepted     3546/   90001 events ( 3.94%)
Processed   100000/  225919 entries, 44.26% (elapsed time    33.0s, curr speed    3.147 kHz, avg speed    3.033 kHz), accepted     3950/  100001 events ( 3.95%)
Processed   110000/  225919 entries, 48.69% (elapsed time    36.0s, curr speed    3.346 kHz, avg speed    3.059 kHz), accepted     4302/  110001 events ( 3.91%)
Processed   120000/  225919 entries, 53.12% (elapsed time    38.7s, curr speed    3.682 kHz, avg speed    3.103 kHz), accepted     4723/  120001 events ( 3.94%)
Processed   130000/  225919 entries, 57.54% (elapsed time    41.7s, curr speed    3.313 kHz, avg speed    3.118 kHz), accepted     5129/  130001 events ( 3.95%)
Processed   140000/  225919 entries, 61.97% (elapsed time    44.7s, curr speed    3.272 kHz, avg speed    3.129 kHz), accepted     5523/  140001 events ( 3.94%)
Processed   150000/  225919 entries, 66.40% (elapsed time    47.7s, curr speed    3.367 kHz, avg speed    3.144 kHz), accepted     5912/  150001 events ( 3.94%)
Processed   160000/  225919 entries, 70.82% (elapsed time    50.5s, curr speed    3.657 kHz, avg speed    3.171 kHz), accepted     6320/  160001 events ( 3.95%)
Processed   170000/  225919 entries, 75.25% (elapsed time    53.6s, curr speed    3.212 kHz, avg speed    3.174 kHz), accepted     6707/  170001 events ( 3.95%)
Processed   180000/  225919 entries, 79.67% (elapsed time    56.6s, curr speed    3.278 kHz, avg speed    3.179 kHz), accepted     7122/  180001 events ( 3.96%)
Processed   190000/  225919 entries, 84.10% (elapsed time    59.6s, curr speed    3.318 kHz, avg speed    3.186 kHz), accepted     7576/  190001 events ( 3.99%)
Processed   200000/  225919 entries, 88.53% (elapsed time    62.4s, curr speed    3.589 kHz, avg speed    3.204 kHz), accepted     7957/  200001 events ( 3.98%)
Processed   210000/  225919 entries, 92.95% (elapsed time    65.1s, curr speed    3.775 kHz, avg speed    3.228 kHz), accepted     8383/  210001 events ( 3.99%)
Processed   220000/  225919 entries, 97.38% (elapsed time    68.4s, curr speed    3.004 kHz, avg speed    3.217 kHz), accepted     8833/  220001 events ( 4.01%)
Processed 225919 preselected entries from /eos/cms/store/group/phys_tau/TauFW/nano/UL2017/SingleElectron/Run2017B-UL2017_MiniAODv1_NanoAODv2-v1/NANOAOD/BE23D2AC-27C5-4045-8427-36CA7F88D295_skimjec_4.root (225919 entries). Finally selected 9057 entries
Total time 422.7 sec. to process 1105249 events. Rate = 2614.6 Hz.
>>> cwd          = /pool/condor/dir_20157
>>> ls           = ['.machine.ad', 'x509_voms', '.chirp.config', 'pico_etau_40.root', 'condor_exec.exe', 'lvigilan.cc', 'var', 'tmp', '.job.ad', '_condor_stdout']
>>> getstorage('/eos/home-l/lvigilan/output_ETauFR_UL17_RUN1/UL2017/etau/SingleElectron_Run2017B'), <EOS("/eos/home-l/lvigilan/output_ETauFR_UL17_RUN1/UL2017/etau/SingleElectron_Run2017B") at 0x2af9607f0a90>
>>> Executing: 'cp ./pico_etau_40.root /eos/home-l/lvigilan/output_ETauFR_UL17_RUN1/UL2017/etau/SingleElectron_Run2017B'
>>> Removing './pico_etau_40.root'...
>>> picojob.py done after 431.1 seconds

Job complete at Mon Jun  7 19:20:00 CEST 2021
Took 7 minutes 12 seconds040 (2367606.040.000) 06/07 19:20:00 Finished transferring output files
...
005 (2367606.040.000) 06/07 19:20:00 Job terminated.
	(1) Normal termination (return value 0)
		Usr 0 00:05:42, Sys 0 00:00:17  -  Run Remote Usage
		Usr 0 00:00:00, Sys 0 00:00:00  -  Run Local Usage
		Usr 0 00:05:42, Sys 0 00:00:17  -  Total Remote Usage
		Usr 0 00:00:00, Sys 0 00:00:00  -  Total Local Usage
	32690  -  Run Bytes Sent By Job
	9930  -  Run Bytes Received By Job
	32690  -  Total Bytes Sent By Job
	9930  -  Total Bytes Received By Job
	Partitionable Resources :    Usage  Request Allocated 
	   Cpus                 :                 1         1 
	   Disk (KB)            :     4232        1    358789 
	   Memory (MB)          :      199     2000      2000 

	Job terminated of its own accord at 2021-06-07T17:20:00Z.
...
