000 (1885065.004.000) 02/07 21:46:47 Job submitted from host: <188.185.70.244:9618?addrs=188.185.70.244-9618+[2001-1458-d00-7--100-2ee]-9618&alias=bigbird10.cern.ch&noUDP&sock=schedd_1882_7954_12>
...
040 (1885065.004.000) 02/07 21:48:30 Started transferring input files
	Transferring to host: <128.142.70.165:9618?addrs=128.142.70.165-9618+[2001-1458-301-52--100-614]-9618&noUDP&sock=2505_bfbf_53450>
...
040 (1885065.004.000) 02/07 21:48:30 Finished transferring input files
...
001 (1885065.004.000) 02/07 21:48:31 Job executing on host: <128.142.70.165:9618?addrs=128.142.70.165-9618+[2001-1458-301-52--100-614]-9618&noUDP&sock=2293_62c0_3>
...
006 (1885065.004.000) 02/07 21:48:39 Image size of job updated: 49068
	28  -  MemoryUsage of job (MB)
	28240  -  ResidentSetSize of job (KB)
...
006 (1885065.004.000) 02/07 21:53:40 Image size of job updated: 330800
	245  -  MemoryUsage of job (MB)
	250496  -  ResidentSetSize of job (KB)
...
006 (1885065.004.000) 02/07 21:58:42 Image size of job updated: 331376
	246  -  MemoryUsage of job (MB)
	251072  -  ResidentSetSize of job (KB)
...
006 (1885065.004.000) 02/07 22:03:42 Image size of job updated: 331376
	247  -  MemoryUsage of job (MB)
	252128  -  ResidentSetSize of job (KB)
...
006 (1885065.004.000) 02/07 22:08:42 Image size of job updated: 331376
	248  -  MemoryUsage of job (MB)
	253028  -  ResidentSetSize of job (KB)
...
006 (1885065.004.000) 02/07 22:13:43 Image size of job updated: 331376
	248  -  MemoryUsage of job (MB)
	253552  -  ResidentSetSize of job (KB)
...
006 (1885065.004.000) 02/07 22:18:44 Image size of job updated: 331376
	249  -  MemoryUsage of job (MB)
	254076  -  ResidentSetSize of job (KB)
...
006 (1885065.004.000) 02/07 22:23:44 Image size of job updated: 331376
	249  -  MemoryUsage of job (MB)
	254156  -  ResidentSetSize of job (KB)
...
006 (1885065.004.000) 02/07 22:28:44 Image size of job updated: 331376
	255  -  MemoryUsage of job (MB)
	261024  -  ResidentSetSize of job (KB)
...
006 (1885065.004.000) 02/07 22:33:45 Image size of job updated: 331376
	255  -  MemoryUsage of job (MB)
	261048  -  ResidentSetSize of job (KB)
...
006 (1885065.004.000) 02/07 22:38:45 Image size of job updated: 331376
	255  -  MemoryUsage of job (MB)
	261068  -  ResidentSetSize of job (KB)
...
006 (1885065.004.000) 02/07 22:43:45 Image size of job updated: 331376
	255  -  MemoryUsage of job (MB)
	261080  -  ResidentSetSize of job (KB)
...
006 (1885065.004.000) 02/07 22:48:46 Image size of job updated: 331376
	255  -  MemoryUsage of job (MB)
	261108  -  ResidentSetSize of job (KB)
...
006 (1885065.004.000) 02/07 22:53:47 Image size of job updated: 336212
	316  -  MemoryUsage of job (MB)
	323556  -  ResidentSetSize of job (KB)
...
006 (1885065.004.000) 02/07 22:58:47 Image size of job updated: 337016
	317  -  MemoryUsage of job (MB)
	324360  -  ResidentSetSize of job (KB)
...
006 (1885065.004.000) 02/07 23:03:47 Image size of job updated: 337016
	317  -  MemoryUsage of job (MB)
	324384  -  ResidentSetSize of job (KB)
...
006 (1885065.004.000) 02/07 23:08:48 Image size of job updated: 337016
	317  -  MemoryUsage of job (MB)
	324412  -  ResidentSetSize of job (KB)
...
006 (1885065.004.000) 02/07 23:13:49 Image size of job updated: 337016
	317  -  MemoryUsage of job (MB)
	324432  -  ResidentSetSize of job (KB)
...
006 (1885065.004.000) 02/07 23:18:49 Image size of job updated: 337016
	317  -  MemoryUsage of job (MB)
	324440  -  ResidentSetSize of job (KB)
...
006 (1885065.004.000) 02/07 23:23:50 Image size of job updated: 337016
	317  -  MemoryUsage of job (MB)
	324464  -  ResidentSetSize of job (KB)
...
006 (1885065.004.000) 02/07 23:28:51 Image size of job updated: 337016
	317  -  MemoryUsage of job (MB)
	324488  -  ResidentSetSize of job (KB)
...
006 (1885065.004.000) 02/07 23:33:51 Image size of job updated: 337016
	317  -  MemoryUsage of job (MB)
	324504  -  ResidentSetSize of job (KB)
...
006 (1885065.004.000) 02/07 23:38:51 Image size of job updated: 337016
	317  -  MemoryUsage of job (MB)
	324520  -  ResidentSetSize of job (KB)
...
006 (1885065.004.000) 02/07 23:43:52 Image size of job updated: 337016
	317  -  MemoryUsage of job (MB)
	324540  -  ResidentSetSize of job (KB)
...
006 (1885065.004.000) 02/07 23:48:52 Image size of job updated: 337016
	317  -  MemoryUsage of job (MB)
	324560  -  ResidentSetSize of job (KB)
...
006 (1885065.004.000) 02/07 23:53:52 Image size of job updated: 337016
	317  -  MemoryUsage of job (MB)
	324572  -  ResidentSetSize of job (KB)
...
006 (1885065.004.000) 02/08 00:18:55 Image size of job updated: 337016
	318  -  MemoryUsage of job (MB)
	325392  -  ResidentSetSize of job (KB)
...
006 (1885065.004.000) 02/08 00:38:58 Image size of job updated: 349100
	337  -  MemoryUsage of job (MB)
	344120  -  ResidentSetSize of job (KB)
...
006 (1885065.004.000) 02/08 00:43:58 Image size of job updated: 349872
	337  -  MemoryUsage of job (MB)
	344892  -  ResidentSetSize of job (KB)
...
006 (1885065.004.000) 02/08 00:48:58 Image size of job updated: 350208
	338  -  MemoryUsage of job (MB)
	345228  -  ResidentSetSize of job (KB)
...
006 (1885065.004.000) 02/08 00:53:59 Image size of job updated: 350476
	338  -  MemoryUsage of job (MB)
	345496  -  ResidentSetSize of job (KB)
...
006 (1885065.004.000) 02/08 00:58:59 Image size of job updated: 350516
	338  -  MemoryUsage of job (MB)
	345536  -  ResidentSetSize of job (KB)
...
006 (1885065.004.000) 02/08 01:09:00 Image size of job updated: 350516
	338  -  MemoryUsage of job (MB)
	345572  -  ResidentSetSize of job (KB)
...
006 (1885065.004.000) 02/08 01:14:01 Image size of job updated: 350516
	338  -  MemoryUsage of job (MB)
	345580  -  ResidentSetSize of job (KB)
...
006 (1885065.004.000) 02/08 01:19:01 Image size of job updated: 350516
	338  -  MemoryUsage of job (MB)
	345608  -  ResidentSetSize of job (KB)
...
006 (1885065.004.000) 02/08 01:24:01 Image size of job updated: 350516
	338  -  MemoryUsage of job (MB)
	345612  -  ResidentSetSize of job (KB)
...
006 (1885065.004.000) 02/08 01:29:02 Image size of job updated: 350516
	338  -  MemoryUsage of job (MB)
	345788  -  ResidentSetSize of job (KB)
...
006 (1885065.004.000) 02/08 01:59:05 Image size of job updated: 350516
	338  -  MemoryUsage of job (MB)
	345796  -  ResidentSetSize of job (KB)
...
006 (1885065.004.000) 02/08 02:19:07 Image size of job updated: 359016
	346  -  MemoryUsage of job (MB)
	353328  -  ResidentSetSize of job (KB)
...
006 (1885065.004.000) 02/08 02:39:10 Image size of job updated: 359068
	346  -  MemoryUsage of job (MB)
	353328  -  ResidentSetSize of job (KB)
...
040 (1885065.004.000) 02/08 03:22:45 Started transferring output files
...
040 (1885065.004.000) 02/08 03:22:46 Finished transferring output files
...
009 (1885065.004.000) 02/08 03:22:46 Job was aborted by the user.
	Job removed by SYSTEM_PERIODIC_REMOVE due to wall time exceeded allowed max.
...
