Could not find platform independent libraries <prefix>
Could not find platform dependent libraries <exec_prefix>
Consider setting $PYTHONHOME to <prefix>[:<exec_prefix>]
ImportError: No module named site
Job start at Tue Jun  8 10:16:16 CEST 2021
Running job on machine Linux b7s12n3683.cern.ch 3.10.0-1160.21.1.el7.x86_64 #1 SMP Tue Mar 16 18:28:22 UTC 2021 x86_64 x86_64 x86_64 GNU/Linux, host b7s12n3683.cern.ch
============================================================
$PWD=/pool/condor/dir_4995
$JOBID=2368956
$TASKID=8
$HOSTNAME=b7s12n3683.cern.ch
$TASKCMD=/afs/cern.ch/work/l/lvigilan/TauWork/CMSSW_10_6_17_patch1/src/TauFW/PicoProducer/python/processors/picojob.py -y UL2017 -d 'data' -c etau -M ETauFakeRate.ModuleETau --copydir /eos/home-l/lvigilan/output_ETauFR_UL17_RUN1/UL2017/etau/SingleElectron_Run2017D -t _etau_EES1p01_8 --opt 'ees=1.01' 'useT1=False' -i /eos/cms/store/group/phys_tau/TauFW/nano/UL2017/SingleElectron/Run2017D-UL2017_MiniAODv1_NanoAODv2-v1/NANOAOD/264E7BF7-3AEE-1C41-A79B-E199DC5449A3_skimjec_2.root /eos/cms/store/group/phys_tau/TauFW/nano/UL2017/SingleElectron/Run2017D-UL2017_MiniAODv1_NanoAODv2-v1/NANOAOD/264E7BF7-3AEE-1C41-A79B-E199DC5449A3_skimjec_3.root /eos/cms/store/group/phys_tau/TauFW/nano/UL2017/SingleElectron/Run2017D-UL2017_MiniAODv1_NanoAODv2-v1/NANOAOD/264E7BF7-3AEE-1C41-A79B-E199DC5449A3_skimjec_4.root /eos/cms/store/group/phys_tau/TauFW/nano/UL2017/SingleElectron/Run2017D-UL2017_MiniAODv1_NanoAODv2-v1/NANOAOD/28BA91B4-49F9-8B4B-A74A-FC15EC910CA5_skimjec_0.root /eos/cms/store/group/phys_tau/TauFW/nano/UL2017/SingleElectron/Run2017D-UL2017_MiniAODv1_NanoAODv2-v1/NANOAOD/28BA91B4-49F9-8B4B-A74A-FC15EC910CA5_skimjec_1.root
$WORKDIR=/pool/condor/dir_4995
>>> cd /afs/cern.ch/work/l/lvigilan/TauWork/CMSSW_10_6_17_patch1/src
>>> eval `scramv1 runtime -sh`
>>> cd /pool/condor/dir_4995
$PWD=/pool/condor/dir_4995
>>> /afs/cern.ch/work/l/lvigilan/TauWork/CMSSW_10_6_17_patch1/src/TauFW/PicoProducer/python/processors/picojob.py -y UL2017 -d 'data' -c etau -M ETauFakeRate.ModuleETau --copydir /eos/home-l/lvigilan/output_ETauFR_UL17_RUN1/UL2017/etau/SingleElectron_Run2017D -t _etau_EES1p01_8 --opt 'ees=1.01' 'useT1=False' -i /eos/cms/store/group/phys_tau/TauFW/nano/UL2017/SingleElectron/Run2017D-UL2017_MiniAODv1_NanoAODv2-v1/NANOAOD/264E7BF7-3AEE-1C41-A79B-E199DC5449A3_skimjec_2.root /eos/cms/store/group/phys_tau/TauFW/nano/UL2017/SingleElectron/Run2017D-UL2017_MiniAODv1_NanoAODv2-v1/NANOAOD/264E7BF7-3AEE-1C41-A79B-E199DC5449A3_skimjec_3.root /eos/cms/store/group/phys_tau/TauFW/nano/UL2017/SingleElectron/Run2017D-UL2017_MiniAODv1_NanoAODv2-v1/NANOAOD/264E7BF7-3AEE-1C41-A79B-E199DC5449A3_skimjec_4.root /eos/cms/store/group/phys_tau/TauFW/nano/UL2017/SingleElectron/Run2017D-UL2017_MiniAODv1_NanoAODv2-v1/NANOAOD/28BA91B4-49F9-8B4B-A74A-FC15EC910CA5_skimjec_0.root /eos/cms/store/group/phys_tau/TauFW/nano/UL2017/SingleElectron/Run2017D-UL2017_MiniAODv1_NanoAODv2-v1/NANOAOD/28BA91B4-49F9-8B4B-A74A-FC15EC910CA5_skimjec_1.root
Error in <TGClient::TGClient>: can't open display "localhost:21.0", switching to batch mode...
 In case you run from a remote ssh session, reconnect with ssh -Y
--------------------------------------------------------------------------------
>>> era          = 'UL2017'
>>> year         = 2017
>>> channel      = 'etau'
>>> modname      = 'ETauFakeRate.ModuleETau'
>>> dtype        = 'data'
>>> kwargs       = {'dtype': 'data', 'ees': 1.01, 'useT1': False, 'verb': 0, 'era': 'UL2017', 'year': 2017}
>>> firstevt     = 0
>>> maxevts      = None
>>> outdir       = '.'
>>> copydir      = '/eos/home-l/lvigilan/output_ETauFR_UL17_RUN1/UL2017/etau/SingleElectron_Run2017D'
>>> infiles      = ['/eos/cms/store/group/phys_tau/TauFW/nano/UL2017/SingleElectron/Run2017D-UL2017_MiniAODv1_NanoAODv2-v1/NANOAOD/264E7BF7-3AEE-1C41-A79B-E199DC5449A3_skimjec_2.root', '/eos/cms/store/group/phys_tau/TauFW/nano/UL2017/SingleElectron/Run2017D-UL2017_MiniAODv1_NanoAODv2-v1/NANOAOD/264E7BF7-3AEE-1C41-A79B-E199DC5449A3_skimjec_3.root', '/eos/cms/store/group/phys_tau/TauFW/nano/UL2017/SingleElectron/Run2017D-UL2017_MiniAODv1_NanoAODv2-v1/NANOAOD/264E7BF7-3AEE-1C41-A79B-E199DC5449A3_skimjec_4.root', '/eos/cms/store/group/phys_tau/TauFW/nano/UL2017/SingleElectron/Run2017D-UL2017_MiniAODv1_NanoAODv2-v1/NANOAOD/28BA91B4-49F9-8B4B-A74A-FC15EC910CA5_skimjec_0.root', '/eos/cms/store/group/phys_tau/TauFW/nano/UL2017/SingleElectron/Run2017D-UL2017_MiniAODv1_NanoAODv2-v1/NANOAOD/28BA91B4-49F9-8B4B-A74A-FC15EC910CA5_skimjec_1.root']
>>> outfname     = './pico_etau_EES1p01_8.root'
>>> branchsel    = '/afs/cern.ch/work/l/lvigilan/TauWork/CMSSW_10_6_17_patch1/python/TauFW/PicoProducer/processors/keep_and_drop_skim.txt'
>>> json         = '/afs/cern.ch/work/l/lvigilan/TauWork/CMSSW_10_6_17_patch1/src/TauFW/PicoProducer/data/json/2017/Cert_294927-306462_13TeV_PromptReco_Collisions17_JSON.txt'
>>> prefetch     = False
>>> cwd          = /pool/condor/dir_4995
--------------------------------------------------------------------------------

   ################
   #  ModuleETau  #
   ################

Loading TreeProducerETau for './pico_etau_EES1p01_8.root'
--------------------------------------------------------------------------------
>>> filename     = './pico_etau_EES1p01_8.root'
>>> year         = 2017
>>> dtype        = 'data'
>>> channel      = 'etau'
>>> ismc         = False
>>> isdata       = True
>>> isembed      = False
>>> tes          = None
>>> tessys       = None
>>> fes          = None
>>> ltf          = None
>>> jtf          = 1.0
>>> dotoppt      = False
>>> dozpt        = False
>>> dojec        = False
>>> dojecsys     = False
>>> dotight      = False
>>> useT1        = False
>>> jetCutPt     = 30
>>> bjetCutEta   = 2.7
>>> tauwp        = 0
>>> eleCutPt     = 36
>>> eleCutEta    = 2.1
>>> tauCutPt     = 20
>>> tauCutEta    = 2.3
>>> ZpeekReso    = 0.0
Pre-select 222252 entries out of 222252 (100.00%)
Processed    10000/  222252 entries,  4.50% (elapsed time     3.1s, curr speed    3.223 kHz, avg speed    3.223 kHz), accepted      547/   10001 events ( 5.47%)
Processed    20000/  222252 entries,  9.00% (elapsed time     4.9s, curr speed    5.652 kHz, avg speed    4.105 kHz), accepted     1103/   20001 events ( 5.51%)
Processed    30000/  222252 entries, 13.50% (elapsed time     6.5s, curr speed    5.965 kHz, avg speed    4.581 kHz), accepted     1612/   30001 events ( 5.37%)
Processed    40000/  222252 entries, 18.00% (elapsed time     8.2s, curr speed    6.071 kHz, avg speed    4.881 kHz), accepted     2129/   40001 events ( 5.32%)
Processed    50000/  222252 entries, 22.50% (elapsed time     9.9s, curr speed    5.965 kHz, avg speed    5.065 kHz), accepted     2637/   50001 events ( 5.27%)
Processed    60000/  222252 entries, 27.00% (elapsed time    11.5s, curr speed    6.058 kHz, avg speed    5.207 kHz), accepted     3123/   60001 events ( 5.20%)
Processed    70000/  222252 entries, 31.50% (elapsed time    13.2s, curr speed    5.814 kHz, avg speed    5.286 kHz), accepted     3682/   70001 events ( 5.26%)
Processed    80000/  222252 entries, 36.00% (elapsed time    15.1s, curr speed    5.282 kHz, avg speed    5.285 kHz), accepted     4243/   80001 events ( 5.30%)
Processed    90000/  222252 entries, 40.49% (elapsed time    17.0s, curr speed    5.479 kHz, avg speed    5.306 kHz), accepted     4775/   90001 events ( 5.31%)
Processed   100000/  222252 entries, 44.99% (elapsed time    21.7s, curr speed    2.111 kHz, avg speed    4.608 kHz), accepted     5324/  100001 events ( 5.32%)
Processed   110000/  222252 entries, 49.49% (elapsed time    23.9s, curr speed    4.618 kHz, avg speed    4.609 kHz), accepted     5868/  110001 events ( 5.33%)
Processed   120000/  222252 entries, 53.99% (elapsed time    25.9s, curr speed    4.871 kHz, avg speed    4.630 kHz), accepted     6371/  120001 events ( 5.31%)
Processed   130000/  222252 entries, 58.49% (elapsed time    27.7s, curr speed    5.633 kHz, avg speed    4.694 kHz), accepted     6908/  130001 events ( 5.31%)
Processed   140000/  222252 entries, 62.99% (elapsed time    29.5s, curr speed    5.472 kHz, avg speed    4.743 kHz), accepted     7424/  140001 events ( 5.30%)
Processed   150000/  222252 entries, 67.49% (elapsed time    31.3s, curr speed    5.545 kHz, avg speed    4.789 kHz), accepted     7997/  150001 events ( 5.33%)
Processed   160000/  222252 entries, 71.99% (elapsed time    33.1s, curr speed    5.741 kHz, avg speed    4.839 kHz), accepted     8522/  160001 events ( 5.33%)
Processed   170000/  222252 entries, 76.49% (elapsed time    34.8s, curr speed    5.705 kHz, avg speed    4.883 kHz), accepted     9091/  170001 events ( 5.35%)
Processed   180000/  222252 entries, 80.99% (elapsed time    36.5s, curr speed    5.999 kHz, avg speed    4.934 kHz), accepted     9585/  180001 events ( 5.32%)
Processed   190000/  222252 entries, 85.49% (elapsed time    38.2s, curr speed    5.766 kHz, avg speed    4.971 kHz), accepted    10144/  190001 events ( 5.34%)
Processed   200000/  222252 entries, 89.99% (elapsed time    39.9s, curr speed    6.004 kHz, avg speed    5.014 kHz), accepted    10670/  200001 events ( 5.33%)
Processed   210000/  222252 entries, 94.49% (elapsed time    41.5s, curr speed    6.044 kHz, avg speed    5.055 kHz), accepted    11206/  210001 events ( 5.34%)
Processed   220000/  222252 entries, 98.99% (elapsed time    43.3s, curr speed    5.615 kHz, avg speed    5.078 kHz), accepted    11771/  220001 events ( 5.35%)
Processed 222252 preselected entries from /eos/cms/store/group/phys_tau/TauFW/nano/UL2017/SingleElectron/Run2017D-UL2017_MiniAODv1_NanoAODv2-v1/NANOAOD/264E7BF7-3AEE-1C41-A79B-E199DC5449A3_skimjec_2.root (222252 entries). Finally selected 11901 entries
Pre-select 222252 entries out of 222252 (100.00%)
Processed    10000/  222252 entries,  4.50% (elapsed time     2.6s, curr speed    3.849 kHz, avg speed    3.849 kHz), accepted      551/   10001 events ( 5.51%)
Processed    20000/  222252 entries,  9.00% (elapsed time     4.4s, curr speed    5.506 kHz, avg speed    4.531 kHz), accepted     1057/   20001 events ( 5.28%)
Processed    30000/  222252 entries, 13.50% (elapsed time     6.8s, curr speed    4.122 kHz, avg speed    4.386 kHz), accepted     1625/   30001 events ( 5.42%)
Processed    40000/  222252 entries, 18.00% (elapsed time     9.0s, curr speed    4.643 kHz, avg speed    4.447 kHz), accepted     2188/   40001 events ( 5.47%)
Processed    50000/  222252 entries, 22.50% (elapsed time    10.7s, curr speed    5.770 kHz, avg speed    4.661 kHz), accepted     2702/   50001 events ( 5.40%)
Processed    60000/  222252 entries, 27.00% (elapsed time    12.5s, curr speed    5.639 kHz, avg speed    4.800 kHz), accepted     3281/   60001 events ( 5.47%)
Processed    70000/  222252 entries, 31.50% (elapsed time    14.2s, curr speed    5.785 kHz, avg speed    4.919 kHz), accepted     3828/   70001 events ( 5.47%)
Processed    80000/  222252 entries, 36.00% (elapsed time    15.9s, curr speed    5.932 kHz, avg speed    5.027 kHz), accepted     4356/   80001 events ( 5.44%)
Processed    90000/  222252 entries, 40.49% (elapsed time    17.9s, curr speed    5.070 kHz, avg speed    5.031 kHz), accepted     4915/   90001 events ( 5.46%)
Processed   100000/  222252 entries, 44.99% (elapsed time    19.8s, curr speed    5.349 kHz, avg speed    5.061 kHz), accepted     5459/  100001 events ( 5.46%)
Processed   110000/  222252 entries, 49.49% (elapsed time    21.7s, curr speed    5.018 kHz, avg speed    5.057 kHz), accepted     6005/  110001 events ( 5.46%)
Processed   120000/  222252 entries, 53.99% (elapsed time    23.7s, curr speed    5.222 kHz, avg speed    5.071 kHz), accepted     6566/  120001 events ( 5.47%)
Processed   130000/  222252 entries, 58.49% (elapsed time    25.4s, curr speed    5.842 kHz, avg speed    5.123 kHz), accepted     7130/  130001 events ( 5.48%)
Processed   140000/  222252 entries, 62.99% (elapsed time    27.2s, curr speed    5.446 kHz, avg speed    5.145 kHz), accepted     7649/  140001 events ( 5.46%)
Processed   150000/  222252 entries, 67.49% (elapsed time    29.0s, curr speed    5.730 kHz, avg speed    5.180 kHz), accepted     8182/  150001 events ( 5.45%)
Processed   160000/  222252 entries, 71.99% (elapsed time    30.7s, curr speed    5.862 kHz, avg speed    5.218 kHz), accepted     8743/  160001 events ( 5.46%)
Processed   170000/  222252 entries, 76.49% (elapsed time    32.6s, curr speed    5.224 kHz, avg speed    5.218 kHz), accepted     9273/  170001 events ( 5.45%)
Processed   180000/  222252 entries, 80.99% (elapsed time    34.6s, curr speed    4.911 kHz, avg speed    5.200 kHz), accepted     9816/  180001 events ( 5.45%)
Processed   190000/  222252 entries, 85.49% (elapsed time    36.5s, curr speed    5.370 kHz, avg speed    5.209 kHz), accepted    10344/  190001 events ( 5.44%)
Processed   200000/  222252 entries, 89.99% (elapsed time    38.2s, curr speed    5.840 kHz, avg speed    5.237 kHz), accepted    10875/  200001 events ( 5.44%)
Processed   210000/  222252 entries, 94.49% (elapsed time    40.0s, curr speed    5.573 kHz, avg speed    5.252 kHz), accepted    11464/  210001 events ( 5.46%)
Processed   220000/  222252 entries, 98.99% (elapsed time    41.8s, curr speed    5.646 kHz, avg speed    5.269 kHz), accepted    12014/  220001 events ( 5.46%)
Processed 222252 preselected entries from /eos/cms/store/group/phys_tau/TauFW/nano/UL2017/SingleElectron/Run2017D-UL2017_MiniAODv1_NanoAODv2-v1/NANOAOD/264E7BF7-3AEE-1C41-A79B-E199DC5449A3_skimjec_3.root (222252 entries). Finally selected 12128 entries
Pre-select 213768 entries out of 213768 (100.00%)
Processed    10000/  213768 entries,  4.68% (elapsed time     2.6s, curr speed    3.826 kHz, avg speed    3.826 kHz), accepted      571/   10001 events ( 5.71%)
Processed    20000/  213768 entries,  9.36% (elapsed time     4.4s, curr speed    5.604 kHz, avg speed    4.548 kHz), accepted     1118/   20001 events ( 5.59%)
Processed    30000/  213768 entries, 14.03% (elapsed time     6.1s, curr speed    5.800 kHz, avg speed    4.900 kHz), accepted     1716/   30001 events ( 5.72%)
Processed    40000/  213768 entries, 18.71% (elapsed time     7.9s, curr speed    5.775 kHz, avg speed    5.093 kHz), accepted     2229/   40001 events ( 5.57%)
Processed    50000/  213768 entries, 23.39% (elapsed time     9.6s, curr speed    5.823 kHz, avg speed    5.224 kHz), accepted     2782/   50001 events ( 5.56%)
Processed    60000/  213768 entries, 28.07% (elapsed time    11.2s, curr speed    6.079 kHz, avg speed    5.350 kHz), accepted     3305/   60001 events ( 5.51%)
Processed    70000/  213768 entries, 32.75% (elapsed time    12.9s, curr speed    6.013 kHz, avg speed    5.435 kHz), accepted     3814/   70001 events ( 5.45%)
Processed    80000/  213768 entries, 37.42% (elapsed time    14.7s, curr speed    5.634 kHz, avg speed    5.459 kHz), accepted     4398/   80001 events ( 5.50%)
Processed    90000/  213768 entries, 42.10% (elapsed time    16.6s, curr speed    5.157 kHz, avg speed    5.424 kHz), accepted     4921/   90001 events ( 5.47%)
Processed   100000/  213768 entries, 46.78% (elapsed time    18.3s, curr speed    5.765 kHz, avg speed    5.456 kHz), accepted     5440/  100001 events ( 5.44%)
Processed   110000/  213768 entries, 51.46% (elapsed time    20.0s, curr speed    6.143 kHz, avg speed    5.512 kHz), accepted     5916/  110001 events ( 5.38%)
Processed   120000/  213768 entries, 56.14% (elapsed time    21.7s, curr speed    5.716 kHz, avg speed    5.529 kHz), accepted     6444/  120001 events ( 5.37%)
Processed   130000/  213768 entries, 60.81% (elapsed time    23.5s, curr speed    5.612 kHz, avg speed    5.535 kHz), accepted     6994/  130001 events ( 5.38%)
Processed   140000/  213768 entries, 65.49% (elapsed time    25.2s, curr speed    5.905 kHz, avg speed    5.560 kHz), accepted     7548/  140001 events ( 5.39%)
Processed   150000/  213768 entries, 70.17% (elapsed time    27.0s, curr speed    5.590 kHz, avg speed    5.562 kHz), accepted     8073/  150001 events ( 5.38%)
Processed   160000/  213768 entries, 74.85% (elapsed time    28.7s, curr speed    5.872 kHz, avg speed    5.580 kHz), accepted     8601/  160001 events ( 5.38%)
Processed   170000/  213768 entries, 79.53% (elapsed time    30.4s, curr speed    5.643 kHz, avg speed    5.584 kHz), accepted     9131/  170001 events ( 5.37%)
Processed   180000/  213768 entries, 84.20% (elapsed time    32.3s, curr speed    5.361 kHz, avg speed    5.571 kHz), accepted     9696/  180001 events ( 5.39%)
Processed   190000/  213768 entries, 88.88% (elapsed time    34.0s, curr speed    5.756 kHz, avg speed    5.581 kHz), accepted    10205/  190001 events ( 5.37%)
Processed   200000/  213768 entries, 93.56% (elapsed time    35.9s, curr speed    5.527 kHz, avg speed    5.578 kHz), accepted    10755/  200001 events ( 5.38%)
Processed   210000/  213768 entries, 98.24% (elapsed time    37.7s, curr speed    5.493 kHz, avg speed    5.574 kHz), accepted    11335/  210001 events ( 5.40%)
Processed 213768 preselected entries from /eos/cms/store/group/phys_tau/TauFW/nano/UL2017/SingleElectron/Run2017D-UL2017_MiniAODv1_NanoAODv2-v1/NANOAOD/264E7BF7-3AEE-1C41-A79B-E199DC5449A3_skimjec_4.root (213768 entries). Finally selected 11519 entries
Pre-select 243056 entries out of 243056 (100.00%)
Processed    10000/  243056 entries,  4.11% (elapsed time     2.8s, curr speed    3.605 kHz, avg speed    3.605 kHz), accepted      543/   10001 events ( 5.43%)
Processed    20000/  243056 entries,  8.23% (elapsed time     4.4s, curr speed    6.176 kHz, avg speed    4.553 kHz), accepted     1065/   20001 events ( 5.32%)
Processed    30000/  243056 entries, 12.34% (elapsed time     6.5s, curr speed    4.756 kHz, avg speed    4.619 kHz), accepted     1625/   30001 events ( 5.42%)
Processed    40000/  243056 entries, 16.46% (elapsed time     8.6s, curr speed    4.809 kHz, avg speed    4.665 kHz), accepted     2173/   40001 events ( 5.43%)
Processed    50000/  243056 entries, 20.57% (elapsed time    10.6s, curr speed    4.830 kHz, avg speed    4.697 kHz), accepted     2693/   50001 events ( 5.39%)
Processed    60000/  243056 entries, 24.69% (elapsed time    12.3s, curr speed    5.948 kHz, avg speed    4.868 kHz), accepted     3182/   60001 events ( 5.30%)
Processed    70000/  243056 entries, 28.80% (elapsed time    14.1s, curr speed    5.801 kHz, avg speed    4.982 kHz), accepted     3672/   70001 events ( 5.25%)
Processed    80000/  243056 entries, 32.91% (elapsed time    15.7s, curr speed    6.036 kHz, avg speed    5.093 kHz), accepted     4199/   80001 events ( 5.25%)
Processed    90000/  243056 entries, 37.03% (elapsed time    17.4s, curr speed    5.907 kHz, avg speed    5.173 kHz), accepted     4702/   90001 events ( 5.22%)
Processed   100000/  243056 entries, 41.14% (elapsed time    19.0s, curr speed    6.248 kHz, avg speed    5.263 kHz), accepted     5168/  100001 events ( 5.17%)
Processed   110000/  243056 entries, 45.26% (elapsed time    20.7s, curr speed    5.938 kHz, avg speed    5.318 kHz), accepted     5678/  110001 events ( 5.16%)
Processed   120000/  243056 entries, 49.37% (elapsed time    22.5s, curr speed    5.432 kHz, avg speed    5.327 kHz), accepted     6169/  120001 events ( 5.14%)
Processed   130000/  243056 entries, 53.49% (elapsed time    24.3s, curr speed    5.724 kHz, avg speed    5.356 kHz), accepted     6737/  130001 events ( 5.18%)
Processed   140000/  243056 entries, 57.60% (elapsed time    26.2s, curr speed    5.281 kHz, avg speed    5.351 kHz), accepted     7241/  140001 events ( 5.17%)
Processed   150000/  243056 entries, 61.71% (elapsed time    28.1s, curr speed    5.289 kHz, avg speed    5.346 kHz), accepted     7758/  150001 events ( 5.17%)
Processed   160000/  243056 entries, 65.83% (elapsed time    29.9s, curr speed    5.378 kHz, avg speed    5.348 kHz), accepted     8259/  160001 events ( 5.16%)
Processed   170000/  243056 entries, 69.94% (elapsed time    31.8s, curr speed    5.374 kHz, avg speed    5.350 kHz), accepted     8733/  170001 events ( 5.14%)
Processed   180000/  243056 entries, 74.06% (elapsed time    33.7s, curr speed    5.164 kHz, avg speed    5.339 kHz), accepted     9228/  180001 events ( 5.13%)
Processed   190000/  243056 entries, 78.17% (elapsed time    35.4s, curr speed    6.094 kHz, avg speed    5.374 kHz), accepted     9755/  190001 events ( 5.13%)
Processed   200000/  243056 entries, 82.29% (elapsed time    37.1s, curr speed    5.792 kHz, avg speed    5.394 kHz), accepted    10252/  200001 events ( 5.13%)
Processed   210000/  243056 entries, 86.40% (elapsed time    38.7s, curr speed    6.037 kHz, avg speed    5.421 kHz), accepted    10740/  210001 events ( 5.11%)
Processed   220000/  243056 entries, 90.51% (elapsed time    40.5s, curr speed    5.653 kHz, avg speed    5.431 kHz), accepted    11282/  220001 events ( 5.13%)
Processed   230000/  243056 entries, 94.63% (elapsed time    42.2s, curr speed    6.026 kHz, avg speed    5.455 kHz), accepted    11793/  230001 events ( 5.13%)
Processed   240000/  243056 entries, 98.74% (elapsed time    43.9s, curr speed    5.664 kHz, avg speed    5.463 kHz), accepted    12340/  240001 events ( 5.14%)
Processed 243056 preselected entries from /eos/cms/store/group/phys_tau/TauFW/nano/UL2017/SingleElectron/Run2017D-UL2017_MiniAODv1_NanoAODv2-v1/NANOAOD/28BA91B4-49F9-8B4B-A74A-FC15EC910CA5_skimjec_0.root (243056 entries). Finally selected 12498 entries
Pre-select 244095 entries out of 244095 (100.00%)
Processed    10000/  244095 entries,  4.10% (elapsed time     2.9s, curr speed    3.428 kHz, avg speed    3.428 kHz), accepted      553/   10001 events ( 5.53%)
Processed    20000/  244095 entries,  8.19% (elapsed time     4.7s, curr speed    5.563 kHz, avg speed    4.242 kHz), accepted     1083/   20001 events ( 5.41%)
Processed    30000/  244095 entries, 12.29% (elapsed time     6.6s, curr speed    5.427 kHz, avg speed    4.575 kHz), accepted     1612/   30001 events ( 5.37%)
Processed    40000/  244095 entries, 16.39% (elapsed time     8.2s, curr speed    5.929 kHz, avg speed    4.852 kHz), accepted     2154/   40001 events ( 5.38%)
Processed    50000/  244095 entries, 20.48% (elapsed time    10.0s, curr speed    5.801 kHz, avg speed    5.016 kHz), accepted     2653/   50001 events ( 5.31%)
Processed    60000/  244095 entries, 24.58% (elapsed time    11.6s, curr speed    6.266 kHz, avg speed    5.188 kHz), accepted     3189/   60001 events ( 5.31%)
Processed    70000/  244095 entries, 28.68% (elapsed time    13.3s, curr speed    5.792 kHz, avg speed    5.267 kHz), accepted     3726/   70001 events ( 5.32%)
Processed    80000/  244095 entries, 32.77% (elapsed time    15.2s, curr speed    5.148 kHz, avg speed    5.252 kHz), accepted     4233/   80001 events ( 5.29%)
Processed    90000/  244095 entries, 36.87% (elapsed time    16.9s, curr speed    6.087 kHz, avg speed    5.333 kHz), accepted     4749/   90001 events ( 5.28%)
Processed   100000/  244095 entries, 40.97% (elapsed time    18.6s, curr speed    5.649 kHz, avg speed    5.363 kHz), accepted     5231/  100001 events ( 5.23%)
Processed   110000/  244095 entries, 45.06% (elapsed time    20.4s, curr speed    5.678 kHz, avg speed    5.390 kHz), accepted     5771/  110001 events ( 5.25%)
Processed   120000/  244095 entries, 49.16% (elapsed time    22.1s, curr speed    5.873 kHz, avg speed    5.427 kHz), accepted     6296/  120001 events ( 5.25%)
Processed   130000/  244095 entries, 53.26% (elapsed time    23.8s, curr speed    5.973 kHz, avg speed    5.466 kHz), accepted     6801/  130001 events ( 5.23%)
Processed   140000/  244095 entries, 57.35% (elapsed time    25.6s, curr speed    5.441 kHz, avg speed    5.464 kHz), accepted     7371/  140001 events ( 5.26%)
Processed   150000/  244095 entries, 61.45% (elapsed time    27.4s, curr speed    5.664 kHz, avg speed    5.477 kHz), accepted     7901/  150001 events ( 5.27%)
Processed   160000/  244095 entries, 65.55% (elapsed time    29.2s, curr speed    5.441 kHz, avg speed    5.475 kHz), accepted     8463/  160001 events ( 5.29%)
Processed   170000/  244095 entries, 69.65% (elapsed time    31.2s, curr speed    5.049 kHz, avg speed    5.448 kHz), accepted     9015/  170001 events ( 5.30%)
Processed   180000/  244095 entries, 73.74% (elapsed time    32.8s, curr speed    6.198 kHz, avg speed    5.484 kHz), accepted     9457/  180001 events ( 5.25%)
Processed   190000/  244095 entries, 77.84% (elapsed time    34.6s, curr speed    5.690 kHz, avg speed    5.495 kHz), accepted     9974/  190001 events ( 5.25%)
Processed   200000/  244095 entries, 81.94% (elapsed time    36.4s, curr speed    5.488 kHz, avg speed    5.495 kHz), accepted    10557/  200001 events ( 5.28%)
Processed   210000/  244095 entries, 86.03% (elapsed time    38.1s, curr speed    5.838 kHz, avg speed    5.510 kHz), accepted    11076/  210001 events ( 5.27%)
Processed   220000/  244095 entries, 90.13% (elapsed time    39.9s, curr speed    5.539 kHz, avg speed    5.511 kHz), accepted    11593/  220001 events ( 5.27%)
Processed   230000/  244095 entries, 94.23% (elapsed time    41.6s, curr speed    5.936 kHz, avg speed    5.529 kHz), accepted    12144/  230001 events ( 5.28%)
Processed   240000/  244095 entries, 98.32% (elapsed time    43.5s, curr speed    5.197 kHz, avg speed    5.514 kHz), accepted    12692/  240001 events ( 5.29%)
Processed 244095 preselected entries from /eos/cms/store/group/phys_tau/TauFW/nano/UL2017/SingleElectron/Run2017D-UL2017_MiniAODv1_NanoAODv2-v1/NANOAOD/28BA91B4-49F9-8B4B-A74A-FC15EC910CA5_skimjec_1.root (244095 entries). Finally selected 12916 entries
Total time 235.3 sec. to process 1145423 events. Rate = 4868.8 Hz.
>>> cwd          = /pool/condor/dir_4995
>>> ls           = ['_condor_stdout', '.job.ad', 'x509_voms', 'condor_exec.exe', 'pico_etau_EES1p01_8.root', 'var', '.machine.ad', 'tmp', 'lvigilan.cc', '.chirp.config']
>>> getstorage('/eos/home-l/lvigilan/output_ETauFR_UL17_RUN1/UL2017/etau/SingleElectron_Run2017D'), <EOS("/eos/home-l/lvigilan/output_ETauFR_UL17_RUN1/UL2017/etau/SingleElectron_Run2017D") at 0x2af65071d910>
>>> Executing: 'cp ./pico_etau_EES1p01_8.root /eos/home-l/lvigilan/output_ETauFR_UL17_RUN1/UL2017/etau/SingleElectron_Run2017D'
>>> Removing './pico_etau_EES1p01_8.root'...
>>> picojob.py done after 239.3 seconds

Job complete at Tue Jun  8 10:20:16 CEST 2021
Took 4 minutes 0 seconds040 (2368956.008.000) 06/08 10:20:16 Finished transferring output files
...
005 (2368956.008.000) 06/08 10:20:16 Job terminated.
	(1) Normal termination (return value 0)
		Usr 0 00:03:29, Sys 0 00:00:08  -  Run Remote Usage
		Usr 0 00:00:00, Sys 0 00:00:00  -  Run Local Usage
		Usr 0 00:03:29, Sys 0 00:00:08  -  Total Remote Usage
		Usr 0 00:00:00, Sys 0 00:00:00  -  Total Local Usage
	33581  -  Run Bytes Sent By Job
	9926  -  Run Bytes Received By Job
	33581  -  Total Bytes Sent By Job
	9926  -  Total Bytes Received By Job
	Partitionable Resources :    Usage  Request Allocated 
	   Cpus                 :                 1         1 
	   Disk (KB)            :       94        1    204835 
	   Memory (MB)          :      163     2000      2000 

	Job terminated of its own accord at 2021-06-08T08:20:16Z.
...
