Could not find platform independent libraries <prefix>
Could not find platform dependent libraries <exec_prefix>
Consider setting $PYTHONHOME to <prefix>[:<exec_prefix>]
ImportError: No module named site
Job start at Tue Jun  8 10:16:20 CEST 2021
Running job on machine Linux b7g52n2743.cern.ch 3.10.0-1160.24.1.el7.x86_64 #1 SMP Thu Apr 8 19:51:47 UTC 2021 x86_64 x86_64 x86_64 GNU/Linux, host b7g52n2743.cern.ch
============================================================
$PWD=/pool/condor/dir_23548
$JOBID=2368956
$TASKID=17
$HOSTNAME=b7g52n2743.cern.ch
$TASKCMD=/afs/cern.ch/work/l/lvigilan/TauWork/CMSSW_10_6_17_patch1/src/TauFW/PicoProducer/python/processors/picojob.py -y UL2017 -d 'data' -c etau -M ETauFakeRate.ModuleETau --copydir /eos/home-l/lvigilan/output_ETauFR_UL17_RUN1/UL2017/etau/SingleElectron_Run2017D -t _etau_EES1p01_17 --opt 'ees=1.01' 'useT1=False' -i /eos/cms/store/group/phys_tau/TauFW/nano/UL2017/SingleElectron/Run2017D-UL2017_MiniAODv1_NanoAODv2-v1/NANOAOD/5C45D3A5-A688-CC45-896C-071CB648BFFD_skimjec_4.root /eos/cms/store/group/phys_tau/TauFW/nano/UL2017/SingleElectron/Run2017D-UL2017_MiniAODv1_NanoAODv2-v1/NANOAOD/5C45D3A5-A688-CC45-896C-071CB648BFFD_skimjec_5.root /eos/cms/store/group/phys_tau/TauFW/nano/UL2017/SingleElectron/Run2017D-UL2017_MiniAODv1_NanoAODv2-v1/NANOAOD/5C45D3A5-A688-CC45-896C-071CB648BFFD_skimjec_6.root /eos/cms/store/group/phys_tau/TauFW/nano/UL2017/SingleElectron/Run2017D-UL2017_MiniAODv1_NanoAODv2-v1/NANOAOD/678D16C4-4818-3E47-B2D1-9935954A3634_skimjec_0.root /eos/cms/store/group/phys_tau/TauFW/nano/UL2017/SingleElectron/Run2017D-UL2017_MiniAODv1_NanoAODv2-v1/NANOAOD/678D16C4-4818-3E47-B2D1-9935954A3634_skimjec_1.root
$WORKDIR=/pool/condor/dir_23548
>>> cd /afs/cern.ch/work/l/lvigilan/TauWork/CMSSW_10_6_17_patch1/src
>>> eval `scramv1 runtime -sh`
>>> cd /pool/condor/dir_23548
$PWD=/pool/condor/dir_23548
>>> /afs/cern.ch/work/l/lvigilan/TauWork/CMSSW_10_6_17_patch1/src/TauFW/PicoProducer/python/processors/picojob.py -y UL2017 -d 'data' -c etau -M ETauFakeRate.ModuleETau --copydir /eos/home-l/lvigilan/output_ETauFR_UL17_RUN1/UL2017/etau/SingleElectron_Run2017D -t _etau_EES1p01_17 --opt 'ees=1.01' 'useT1=False' -i /eos/cms/store/group/phys_tau/TauFW/nano/UL2017/SingleElectron/Run2017D-UL2017_MiniAODv1_NanoAODv2-v1/NANOAOD/5C45D3A5-A688-CC45-896C-071CB648BFFD_skimjec_4.root /eos/cms/store/group/phys_tau/TauFW/nano/UL2017/SingleElectron/Run2017D-UL2017_MiniAODv1_NanoAODv2-v1/NANOAOD/5C45D3A5-A688-CC45-896C-071CB648BFFD_skimjec_5.root /eos/cms/store/group/phys_tau/TauFW/nano/UL2017/SingleElectron/Run2017D-UL2017_MiniAODv1_NanoAODv2-v1/NANOAOD/5C45D3A5-A688-CC45-896C-071CB648BFFD_skimjec_6.root /eos/cms/store/group/phys_tau/TauFW/nano/UL2017/SingleElectron/Run2017D-UL2017_MiniAODv1_NanoAODv2-v1/NANOAOD/678D16C4-4818-3E47-B2D1-9935954A3634_skimjec_0.root /eos/cms/store/group/phys_tau/TauFW/nano/UL2017/SingleElectron/Run2017D-UL2017_MiniAODv1_NanoAODv2-v1/NANOAOD/678D16C4-4818-3E47-B2D1-9935954A3634_skimjec_1.root
Error in <TGClient::TGClient>: can't open display "localhost:21.0", switching to batch mode...
 In case you run from a remote ssh session, reconnect with ssh -Y
--------------------------------------------------------------------------------
>>> era          = 'UL2017'
>>> year         = 2017
>>> channel      = 'etau'
>>> modname      = 'ETauFakeRate.ModuleETau'
>>> dtype        = 'data'
>>> kwargs       = {'dtype': 'data', 'ees': 1.01, 'useT1': False, 'verb': 0, 'era': 'UL2017', 'year': 2017}
>>> firstevt     = 0
>>> maxevts      = None
>>> outdir       = '.'
>>> copydir      = '/eos/home-l/lvigilan/output_ETauFR_UL17_RUN1/UL2017/etau/SingleElectron_Run2017D'
>>> infiles      = ['/eos/cms/store/group/phys_tau/TauFW/nano/UL2017/SingleElectron/Run2017D-UL2017_MiniAODv1_NanoAODv2-v1/NANOAOD/5C45D3A5-A688-CC45-896C-071CB648BFFD_skimjec_4.root', '/eos/cms/store/group/phys_tau/TauFW/nano/UL2017/SingleElectron/Run2017D-UL2017_MiniAODv1_NanoAODv2-v1/NANOAOD/5C45D3A5-A688-CC45-896C-071CB648BFFD_skimjec_5.root', '/eos/cms/store/group/phys_tau/TauFW/nano/UL2017/SingleElectron/Run2017D-UL2017_MiniAODv1_NanoAODv2-v1/NANOAOD/5C45D3A5-A688-CC45-896C-071CB648BFFD_skimjec_6.root', '/eos/cms/store/group/phys_tau/TauFW/nano/UL2017/SingleElectron/Run2017D-UL2017_MiniAODv1_NanoAODv2-v1/NANOAOD/678D16C4-4818-3E47-B2D1-9935954A3634_skimjec_0.root', '/eos/cms/store/group/phys_tau/TauFW/nano/UL2017/SingleElectron/Run2017D-UL2017_MiniAODv1_NanoAODv2-v1/NANOAOD/678D16C4-4818-3E47-B2D1-9935954A3634_skimjec_1.root']
>>> outfname     = './pico_etau_EES1p01_17.root'
>>> branchsel    = '/afs/cern.ch/work/l/lvigilan/TauWork/CMSSW_10_6_17_patch1/python/TauFW/PicoProducer/processors/keep_and_drop_skim.txt'
>>> json         = '/afs/cern.ch/work/l/lvigilan/TauWork/CMSSW_10_6_17_patch1/src/TauFW/PicoProducer/data/json/2017/Cert_294927-306462_13TeV_PromptReco_Collisions17_JSON.txt'
>>> prefetch     = False
>>> cwd          = /pool/condor/dir_23548
--------------------------------------------------------------------------------

   ################
   #  ModuleETau  #
   ################

Loading TreeProducerETau for './pico_etau_EES1p01_17.root'
--------------------------------------------------------------------------------
>>> filename     = './pico_etau_EES1p01_17.root'
>>> year         = 2017
>>> dtype        = 'data'
>>> channel      = 'etau'
>>> ismc         = False
>>> isdata       = True
>>> isembed      = False
>>> tes          = None
>>> tessys       = None
>>> fes          = None
>>> ltf          = None
>>> jtf          = 1.0
>>> dotoppt      = False
>>> dozpt        = False
>>> dojec        = False
>>> dojecsys     = False
>>> dotight      = False
>>> useT1        = False
>>> jetCutPt     = 30
>>> bjetCutEta   = 2.7
>>> tauwp        = 0
>>> eleCutPt     = 36
>>> eleCutEta    = 2.1
>>> tauCutPt     = 20
>>> tauCutEta    = 2.3
>>> ZpeekReso    = 0.0
Pre-select 215210 entries out of 215210 (100.00%)
Processed    10000/  215210 entries,  4.65% (elapsed time     2.9s, curr speed    3.446 kHz, avg speed    3.446 kHz), accepted      569/   10001 events ( 5.69%)
Processed    20000/  215210 entries,  9.29% (elapsed time     4.7s, curr speed    5.637 kHz, avg speed    4.277 kHz), accepted     1128/   20001 events ( 5.64%)
Processed    30000/  215210 entries, 13.94% (elapsed time     6.4s, curr speed    5.957 kHz, avg speed    4.721 kHz), accepted     1640/   30001 events ( 5.47%)
Processed    40000/  215210 entries, 18.59% (elapsed time     8.2s, curr speed    5.555 kHz, avg speed    4.905 kHz), accepted     2157/   40001 events ( 5.39%)
Processed    50000/  215210 entries, 23.23% (elapsed time     9.7s, curr speed    6.318 kHz, avg speed    5.135 kHz), accepted     2685/   50001 events ( 5.37%)
Processed    60000/  215210 entries, 27.88% (elapsed time    11.4s, curr speed    5.858 kHz, avg speed    5.243 kHz), accepted     3218/   60001 events ( 5.36%)
Processed    70000/  215210 entries, 32.53% (elapsed time    13.2s, curr speed    5.711 kHz, avg speed    5.305 kHz), accepted     3723/   70001 events ( 5.32%)
Processed    80000/  215210 entries, 37.17% (elapsed time    14.8s, curr speed    6.240 kHz, avg speed    5.406 kHz), accepted     4233/   80001 events ( 5.29%)
Processed    90000/  215210 entries, 41.82% (elapsed time    16.4s, curr speed    6.309 kHz, avg speed    5.493 kHz), accepted     4750/   90001 events ( 5.28%)
Processed   100000/  215210 entries, 46.47% (elapsed time    18.0s, curr speed    6.132 kHz, avg speed    5.551 kHz), accepted     5298/  100001 events ( 5.30%)
Processed   110000/  215210 entries, 51.11% (elapsed time    19.7s, curr speed    5.856 kHz, avg speed    5.578 kHz), accepted     5849/  110001 events ( 5.32%)
Processed   120000/  215210 entries, 55.76% (elapsed time    21.3s, curr speed    6.196 kHz, avg speed    5.624 kHz), accepted     6384/  120001 events ( 5.32%)
Processed   130000/  215210 entries, 60.41% (elapsed time    22.9s, curr speed    6.203 kHz, avg speed    5.665 kHz), accepted     6939/  130001 events ( 5.34%)
Processed   140000/  215210 entries, 65.05% (elapsed time    24.6s, curr speed    6.144 kHz, avg speed    5.697 kHz), accepted     7475/  140001 events ( 5.34%)
Processed   150000/  215210 entries, 69.70% (elapsed time    26.2s, curr speed    6.140 kHz, avg speed    5.724 kHz), accepted     8001/  150001 events ( 5.33%)
Processed   160000/  215210 entries, 74.35% (elapsed time    27.8s, curr speed    6.292 kHz, avg speed    5.757 kHz), accepted     8528/  160001 events ( 5.33%)
Processed   170000/  215210 entries, 78.99% (elapsed time    29.4s, curr speed    6.178 kHz, avg speed    5.780 kHz), accepted     9068/  170001 events ( 5.33%)
Processed   180000/  215210 entries, 83.64% (elapsed time    30.9s, curr speed    6.517 kHz, avg speed    5.816 kHz), accepted     9604/  180001 events ( 5.34%)
Processed   190000/  215210 entries, 88.29% (elapsed time    32.6s, curr speed    6.171 kHz, avg speed    5.834 kHz), accepted    10164/  190001 events ( 5.35%)
Processed   200000/  215210 entries, 92.93% (elapsed time    34.2s, curr speed    6.279 kHz, avg speed    5.855 kHz), accepted    10743/  200001 events ( 5.37%)
Processed   210000/  215210 entries, 97.58% (elapsed time    35.8s, curr speed    6.004 kHz, avg speed    5.862 kHz), accepted    11324/  210001 events ( 5.39%)
Processed 215210 preselected entries from /eos/cms/store/group/phys_tau/TauFW/nano/UL2017/SingleElectron/Run2017D-UL2017_MiniAODv1_NanoAODv2-v1/NANOAOD/5C45D3A5-A688-CC45-896C-071CB648BFFD_skimjec_4.root (215210 entries). Finally selected 11593 entries
Pre-select 213005 entries out of 213005 (100.00%)
Processed    10000/  213005 entries,  4.69% (elapsed time     2.9s, curr speed    3.441 kHz, avg speed    3.441 kHz), accepted      529/   10001 events ( 5.29%)
Processed    20000/  213005 entries,  9.39% (elapsed time     5.0s, curr speed    4.870 kHz, avg speed    4.032 kHz), accepted     1013/   20001 events ( 5.06%)
Processed    30000/  213005 entries, 14.08% (elapsed time     6.6s, curr speed    6.269 kHz, avg speed    4.577 kHz), accepted     1531/   30001 events ( 5.10%)
Processed    40000/  213005 entries, 18.78% (elapsed time     8.6s, curr speed    4.824 kHz, avg speed    4.636 kHz), accepted     2046/   40001 events ( 5.11%)
Processed    50000/  213005 entries, 23.47% (elapsed time    10.2s, curr speed    6.290 kHz, avg speed    4.893 kHz), accepted     2560/   50001 events ( 5.12%)
Processed    60000/  213005 entries, 28.17% (elapsed time    11.9s, curr speed    5.851 kHz, avg speed    5.031 kHz), accepted     3097/   60001 events ( 5.16%)
Processed    70000/  213005 entries, 32.86% (elapsed time    13.6s, curr speed    5.900 kHz, avg speed    5.139 kHz), accepted     3633/   70001 events ( 5.19%)
Processed    80000/  213005 entries, 37.56% (elapsed time    15.3s, curr speed    6.129 kHz, avg speed    5.245 kHz), accepted     4132/   80001 events ( 5.16%)
Processed    90000/  213005 entries, 42.25% (elapsed time    17.0s, curr speed    5.791 kHz, avg speed    5.300 kHz), accepted     4683/   90001 events ( 5.20%)
Processed   100000/  213005 entries, 46.95% (elapsed time    18.7s, curr speed    5.809 kHz, avg speed    5.347 kHz), accepted     5233/  100001 events ( 5.23%)
Processed   110000/  213005 entries, 51.64% (elapsed time    20.4s, curr speed    5.872 kHz, avg speed    5.391 kHz), accepted     5757/  110001 events ( 5.23%)
Processed   120000/  213005 entries, 56.34% (elapsed time    22.2s, curr speed    5.666 kHz, avg speed    5.413 kHz), accepted     6318/  120001 events ( 5.26%)
Processed   130000/  213005 entries, 61.03% (elapsed time    23.9s, curr speed    5.898 kHz, avg speed    5.447 kHz), accepted     6835/  130001 events ( 5.26%)
Processed   140000/  213005 entries, 65.73% (elapsed time    25.6s, curr speed    5.880 kHz, avg speed    5.476 kHz), accepted     7368/  140001 events ( 5.26%)
Processed   150000/  213005 entries, 70.42% (elapsed time    27.2s, curr speed    5.953 kHz, avg speed    5.505 kHz), accepted     7925/  150001 events ( 5.28%)
Processed   160000/  213005 entries, 75.12% (elapsed time    29.0s, curr speed    5.590 kHz, avg speed    5.511 kHz), accepted     8497/  160001 events ( 5.31%)
Processed   170000/  213005 entries, 79.81% (elapsed time    30.8s, curr speed    5.637 kHz, avg speed    5.518 kHz), accepted     9057/  170001 events ( 5.33%)
Processed   180000/  213005 entries, 84.51% (elapsed time    32.5s, curr speed    5.827 kHz, avg speed    5.534 kHz), accepted     9581/  180001 events ( 5.32%)
Processed   190000/  213005 entries, 89.20% (elapsed time    34.3s, curr speed    5.698 kHz, avg speed    5.543 kHz), accepted    10143/  190001 events ( 5.34%)
Processed   200000/  213005 entries, 93.89% (elapsed time    35.9s, curr speed    5.994 kHz, avg speed    5.564 kHz), accepted    10659/  200001 events ( 5.33%)
Processed   210000/  213005 entries, 98.59% (elapsed time    37.8s, curr speed    5.357 kHz, avg speed    5.553 kHz), accepted    11208/  210001 events ( 5.34%)
Processed 213005 preselected entries from /eos/cms/store/group/phys_tau/TauFW/nano/UL2017/SingleElectron/Run2017D-UL2017_MiniAODv1_NanoAODv2-v1/NANOAOD/5C45D3A5-A688-CC45-896C-071CB648BFFD_skimjec_5.root (213005 entries). Finally selected 11353 entries
Pre-select 215210 entries out of 215210 (100.00%)
Processed    10000/  215210 entries,  4.65% (elapsed time     2.5s, curr speed    3.942 kHz, avg speed    3.942 kHz), accepted      506/   10001 events ( 5.06%)
Processed    20000/  215210 entries,  9.29% (elapsed time     4.3s, curr speed    5.554 kHz, avg speed    4.611 kHz), accepted     1072/   20001 events ( 5.36%)
Processed    30000/  215210 entries, 13.94% (elapsed time     6.1s, curr speed    5.818 kHz, avg speed    4.954 kHz), accepted     1651/   30001 events ( 5.50%)
Processed    40000/  215210 entries, 18.59% (elapsed time     7.8s, curr speed    5.724 kHz, avg speed    5.126 kHz), accepted     2210/   40001 events ( 5.52%)
Processed    50000/  215210 entries, 23.23% (elapsed time     9.4s, curr speed    6.164 kHz, avg speed    5.305 kHz), accepted     2745/   50001 events ( 5.49%)
Processed    60000/  215210 entries, 27.88% (elapsed time    11.2s, curr speed    5.689 kHz, avg speed    5.365 kHz), accepted     3295/   60001 events ( 5.49%)
Processed    70000/  215210 entries, 32.53% (elapsed time    12.9s, curr speed    5.768 kHz, avg speed    5.419 kHz), accepted     3857/   70001 events ( 5.51%)
Processed    80000/  215210 entries, 37.17% (elapsed time    14.5s, curr speed    6.171 kHz, avg speed    5.503 kHz), accepted     4393/   80001 events ( 5.49%)
Processed    90000/  215210 entries, 41.82% (elapsed time    16.1s, curr speed    6.308 kHz, avg speed    5.582 kHz), accepted     4889/   90001 events ( 5.43%)
Processed   100000/  215210 entries, 46.47% (elapsed time    17.8s, curr speed    5.957 kHz, avg speed    5.618 kHz), accepted     5411/  100001 events ( 5.41%)
Processed   110000/  215210 entries, 51.11% (elapsed time    19.5s, curr speed    6.041 kHz, avg speed    5.654 kHz), accepted     5908/  110001 events ( 5.37%)
Processed   120000/  215210 entries, 55.76% (elapsed time    21.2s, curr speed    5.757 kHz, avg speed    5.662 kHz), accepted     6476/  120001 events ( 5.40%)
Processed   130000/  215210 entries, 60.41% (elapsed time    22.9s, curr speed    5.912 kHz, avg speed    5.681 kHz), accepted     7042/  130001 events ( 5.42%)
Processed   140000/  215210 entries, 65.05% (elapsed time    24.6s, curr speed    5.795 kHz, avg speed    5.689 kHz), accepted     7547/  140001 events ( 5.39%)
Processed   150000/  215210 entries, 69.70% (elapsed time    26.3s, curr speed    5.955 kHz, avg speed    5.706 kHz), accepted     8088/  150001 events ( 5.39%)
Processed   160000/  215210 entries, 74.35% (elapsed time    28.0s, curr speed    5.949 kHz, avg speed    5.720 kHz), accepted     8590/  160001 events ( 5.37%)
Processed   170000/  215210 entries, 78.99% (elapsed time    29.8s, curr speed    5.463 kHz, avg speed    5.704 kHz), accepted     9115/  170001 events ( 5.36%)
Processed   180000/  215210 entries, 83.64% (elapsed time    31.4s, curr speed    6.299 kHz, avg speed    5.734 kHz), accepted     9617/  180001 events ( 5.34%)
Processed   190000/  215210 entries, 88.29% (elapsed time    33.0s, curr speed    6.164 kHz, avg speed    5.756 kHz), accepted    10143/  190001 events ( 5.34%)
Processed   200000/  215210 entries, 92.93% (elapsed time    34.7s, curr speed    6.064 kHz, avg speed    5.770 kHz), accepted    10669/  200001 events ( 5.33%)
Processed   210000/  215210 entries, 97.58% (elapsed time    36.3s, curr speed    5.975 kHz, avg speed    5.780 kHz), accepted    11192/  210001 events ( 5.33%)
Processed 215210 preselected entries from /eos/cms/store/group/phys_tau/TauFW/nano/UL2017/SingleElectron/Run2017D-UL2017_MiniAODv1_NanoAODv2-v1/NANOAOD/5C45D3A5-A688-CC45-896C-071CB648BFFD_skimjec_6.root (215210 entries). Finally selected 11474 entries
Pre-select 231865 entries out of 231865 (100.00%)
Processed    10000/  231865 entries,  4.31% (elapsed time     3.0s, curr speed    3.297 kHz, avg speed    3.297 kHz), accepted      512/   10001 events ( 5.12%)
Processed    20000/  231865 entries,  8.63% (elapsed time     4.6s, curr speed    6.293 kHz, avg speed    4.327 kHz), accepted     1012/   20001 events ( 5.06%)
Processed    30000/  231865 entries, 12.94% (elapsed time     6.2s, curr speed    6.482 kHz, avg speed    4.866 kHz), accepted     1506/   30001 events ( 5.02%)
Processed    40000/  231865 entries, 17.25% (elapsed time     7.8s, curr speed    5.946 kHz, avg speed    5.097 kHz), accepted     1990/   40001 events ( 4.97%)
Processed    50000/  231865 entries, 21.56% (elapsed time     9.5s, curr speed    6.047 kHz, avg speed    5.263 kHz), accepted     2525/   50001 events ( 5.05%)
Processed    60000/  231865 entries, 25.88% (elapsed time    11.1s, curr speed    6.143 kHz, avg speed    5.391 kHz), accepted     3035/   60001 events ( 5.06%)
Processed    70000/  231865 entries, 30.19% (elapsed time    12.8s, curr speed    6.038 kHz, avg speed    5.475 kHz), accepted     3559/   70001 events ( 5.08%)
Processed    80000/  231865 entries, 34.50% (elapsed time    14.4s, curr speed    6.194 kHz, avg speed    5.556 kHz), accepted     4066/   80001 events ( 5.08%)
Processed    90000/  231865 entries, 38.82% (elapsed time    16.2s, curr speed    5.537 kHz, avg speed    5.554 kHz), accepted     4556/   90001 events ( 5.06%)
Processed   100000/  231865 entries, 43.13% (elapsed time    18.3s, curr speed    4.756 kHz, avg speed    5.462 kHz), accepted     5051/  100001 events ( 5.05%)
Processed   110000/  231865 entries, 47.44% (elapsed time    20.0s, curr speed    6.033 kHz, avg speed    5.509 kHz), accepted     5561/  110001 events ( 5.06%)
Processed   120000/  231865 entries, 51.75% (elapsed time    21.7s, curr speed    5.614 kHz, avg speed    5.518 kHz), accepted     6077/  120001 events ( 5.06%)
Processed   130000/  231865 entries, 56.07% (elapsed time    23.4s, curr speed    6.096 kHz, avg speed    5.559 kHz), accepted     6549/  130001 events ( 5.04%)
Processed   140000/  231865 entries, 60.38% (elapsed time    24.9s, curr speed    6.579 kHz, avg speed    5.621 kHz), accepted     7005/  140001 events ( 5.00%)
Processed   150000/  231865 entries, 64.69% (elapsed time    26.7s, curr speed    5.534 kHz, avg speed    5.615 kHz), accepted     7507/  150001 events ( 5.00%)
Processed   160000/  231865 entries, 69.01% (elapsed time    28.5s, curr speed    5.732 kHz, avg speed    5.622 kHz), accepted     8064/  160001 events ( 5.04%)
Processed   170000/  231865 entries, 73.32% (elapsed time    30.1s, curr speed    6.199 kHz, avg speed    5.653 kHz), accepted     8584/  170001 events ( 5.05%)
Processed   180000/  231865 entries, 77.63% (elapsed time    31.7s, curr speed    6.035 kHz, avg speed    5.673 kHz), accepted     9101/  180001 events ( 5.06%)
Processed   190000/  231865 entries, 81.94% (elapsed time    33.3s, curr speed    6.303 kHz, avg speed    5.703 kHz), accepted     9644/  190001 events ( 5.08%)
Processed   200000/  231865 entries, 86.26% (elapsed time    35.0s, curr speed    6.028 kHz, avg speed    5.718 kHz), accepted    10163/  200001 events ( 5.08%)
Processed   210000/  231865 entries, 90.57% (elapsed time    36.6s, curr speed    6.057 kHz, avg speed    5.734 kHz), accepted    10710/  210001 events ( 5.10%)
Processed   220000/  231865 entries, 94.88% (elapsed time    38.2s, curr speed    6.266 kHz, avg speed    5.756 kHz), accepted    11267/  220001 events ( 5.12%)
Processed   230000/  231865 entries, 99.20% (elapsed time    39.8s, curr speed    6.321 kHz, avg speed    5.778 kHz), accepted    11742/  230001 events ( 5.11%)
Processed 231865 preselected entries from /eos/cms/store/group/phys_tau/TauFW/nano/UL2017/SingleElectron/Run2017D-UL2017_MiniAODv1_NanoAODv2-v1/NANOAOD/678D16C4-4818-3E47-B2D1-9935954A3634_skimjec_0.root (231865 entries). Finally selected 11839 entries
Pre-select 231865 entries out of 231865 (100.00%)
Processed    10000/  231865 entries,  4.31% (elapsed time     3.0s, curr speed    3.366 kHz, avg speed    3.366 kHz), accepted      515/   10001 events ( 5.15%)
Processed    20000/  231865 entries,  8.63% (elapsed time     5.1s, curr speed    4.705 kHz, avg speed    3.925 kHz), accepted     1039/   20001 events ( 5.19%)
Processed    30000/  231865 entries, 12.94% (elapsed time     6.8s, curr speed    5.991 kHz, avg speed    4.434 kHz), accepted     1557/   30001 events ( 5.19%)
Processed    40000/  231865 entries, 17.25% (elapsed time     8.5s, curr speed    5.683 kHz, avg speed    4.692 kHz), accepted     2117/   40001 events ( 5.29%)
Processed    50000/  231865 entries, 21.56% (elapsed time    10.3s, curr speed    5.635 kHz, avg speed    4.855 kHz), accepted     2641/   50001 events ( 5.28%)
Processed    60000/  231865 entries, 25.88% (elapsed time    12.0s, curr speed    5.851 kHz, avg speed    4.996 kHz), accepted     3146/   60001 events ( 5.24%)
Processed    70000/  231865 entries, 30.19% (elapsed time    13.7s, curr speed    5.919 kHz, avg speed    5.110 kHz), accepted     3689/   70001 events ( 5.27%)
Processed    80000/  231865 entries, 34.50% (elapsed time    15.4s, curr speed    5.726 kHz, avg speed    5.180 kHz), accepted     4186/   80001 events ( 5.23%)
Processed    90000/  231865 entries, 38.82% (elapsed time    17.2s, curr speed    5.784 kHz, avg speed    5.241 kHz), accepted     4715/   90001 events ( 5.24%)
Processed   100000/  231865 entries, 43.13% (elapsed time    18.9s, curr speed    5.704 kHz, avg speed    5.284 kHz), accepted     5268/  100001 events ( 5.27%)
Processed   110000/  231865 entries, 47.44% (elapsed time    20.7s, curr speed    5.617 kHz, avg speed    5.312 kHz), accepted     5785/  110001 events ( 5.26%)
Processed   120000/  231865 entries, 51.75% (elapsed time    22.5s, curr speed    5.712 kHz, avg speed    5.343 kHz), accepted     6308/  120001 events ( 5.26%)
Processed   130000/  231865 entries, 56.07% (elapsed time    24.3s, curr speed    5.420 kHz, avg speed    5.349 kHz), accepted     6857/  130001 events ( 5.27%)
Processed   140000/  231865 entries, 60.38% (elapsed time    26.1s, curr speed    5.539 kHz, avg speed    5.362 kHz), accepted     7456/  140001 events ( 5.33%)
Processed   150000/  231865 entries, 64.69% (elapsed time    27.8s, curr speed    5.809 kHz, avg speed    5.390 kHz), accepted     8012/  150001 events ( 5.34%)
Processed   160000/  231865 entries, 69.01% (elapsed time    29.5s, curr speed    5.915 kHz, avg speed    5.420 kHz), accepted     8538/  160001 events ( 5.34%)
Processed   170000/  231865 entries, 73.32% (elapsed time    31.2s, curr speed    5.813 kHz, avg speed    5.442 kHz), accepted     9105/  170001 events ( 5.36%)
Processed   180000/  231865 entries, 77.63% (elapsed time    33.1s, curr speed    5.268 kHz, avg speed    5.432 kHz), accepted     9663/  180001 events ( 5.37%)
Processed   190000/  231865 entries, 81.94% (elapsed time    34.9s, curr speed    5.582 kHz, avg speed    5.439 kHz), accepted    10231/  190001 events ( 5.38%)
Processed   200000/  231865 entries, 86.26% (elapsed time    36.7s, curr speed    5.724 kHz, avg speed    5.453 kHz), accepted    10754/  200001 events ( 5.38%)
Processed   210000/  231865 entries, 90.57% (elapsed time    38.4s, curr speed    5.729 kHz, avg speed    5.466 kHz), accepted    11293/  210001 events ( 5.38%)
Processed   220000/  231865 entries, 94.88% (elapsed time    40.0s, curr speed    6.154 kHz, avg speed    5.493 kHz), accepted    11828/  220001 events ( 5.38%)
Processed   230000/  231865 entries, 99.20% (elapsed time    42.0s, curr speed    5.242 kHz, avg speed    5.482 kHz), accepted    12354/  230001 events ( 5.37%)
Processed 231865 preselected entries from /eos/cms/store/group/phys_tau/TauFW/nano/UL2017/SingleElectron/Run2017D-UL2017_MiniAODv1_NanoAODv2-v1/NANOAOD/678D16C4-4818-3E47-B2D1-9935954A3634_skimjec_1.root (231865 entries). Finally selected 12460 entries
Total time 219.6 sec. to process 1107155 events. Rate = 5041.8 Hz.
>>> cwd          = /pool/condor/dir_23548
>>> ls           = ['x509_voms', 'pico_etau_EES1p01_17.root', '.job.ad', 'condor_exec.exe', '_condor_stdout', '.machine.ad', 'lvigilan.cc', '.chirp.config', 'var', 'tmp', '.update.ad']
>>> getstorage('/eos/home-l/lvigilan/output_ETauFR_UL17_RUN1/UL2017/etau/SingleElectron_Run2017D'), <EOS("/eos/home-l/lvigilan/output_ETauFR_UL17_RUN1/UL2017/etau/SingleElectron_Run2017D") at 0x2af14d4db990>
>>> Executing: 'cp ./pico_etau_EES1p01_17.root /eos/home-l/lvigilan/output_ETauFR_UL17_RUN1/UL2017/etau/SingleElectron_Run2017D'
>>> Removing './pico_etau_EES1p01_17.root'...
>>> picojob.py done after 223.6 seconds

Job complete at Tue Jun  8 10:20:04 CEST 2021
Took 3 minutes 44 seconds040 (2368956.017.000) 06/08 10:20:04 Started transferring output files
...
040 (2368956.017.000) 06/08 10:20:05 Finished transferring output files
...
005 (2368956.017.000) 06/08 10:20:05 Job terminated.
	(1) Normal termination (return value 0)
		Usr 0 00:03:15, Sys 0 00:00:06  -  Run Remote Usage
		Usr 0 00:00:00, Sys 0 00:00:00  -  Run Local Usage
		Usr 0 00:03:15, Sys 0 00:00:06  -  Total Remote Usage
		Usr 0 00:00:00, Sys 0 00:00:00  -  Total Local Usage
	32966  -  Run Bytes Sent By Job
	9926  -  Run Bytes Received By Job
	32966  -  Total Bytes Sent By Job
	9926  -  Total Bytes Received By Job
	Partitionable Resources :    Usage  Request Allocated 
	   Cpus                 :     0.50        1         1 
	   Disk (KB)            :   101           1    288923 
	   Memory (MB)          :   166        2000      2000 

	Job terminated of its own accord at 2021-06-08T08:20:04Z.
...
