Could not find platform independent libraries <prefix>
Could not find platform dependent libraries <exec_prefix>
Consider setting $PYTHONHOME to <prefix>[:<exec_prefix>]
ImportError: No module named site
Job start at Mon Jun  7 19:17:16 CEST 2021
Running job on machine Linux b7g52n6884.cern.ch 3.10.0-1160.21.1.el7.x86_64 #1 SMP Tue Mar 16 18:28:22 UTC 2021 x86_64 x86_64 x86_64 GNU/Linux, host b7g52n6884.cern.ch
============================================================
$PWD=/pool/condor/dir_4646
$JOBID=2367608
$TASKID=36
$HOSTNAME=b7g52n6884.cern.ch
$TASKCMD=/afs/cern.ch/work/l/lvigilan/TauWork/CMSSW_10_6_17_patch1/src/TauFW/PicoProducer/python/processors/picojob.py -y UL2017 -d 'data' -c etau -M ETauFakeRate.ModuleETau --copydir /eos/home-l/lvigilan/output_ETauFR_UL17_RUN1/UL2017/etau/SingleElectron_Run2017D -t _etau_36 --opt 'useT1=False' -i /eos/cms/store/group/phys_tau/TauFW/nano/UL2017/SingleElectron/Run2017D-UL2017_MiniAODv1_NanoAODv2-v1/NANOAOD/E1EDECF3-19AE-E948-B6B3-4C7DDB2CAB91_skimjec_3.root /eos/cms/store/group/phys_tau/TauFW/nano/UL2017/SingleElectron/Run2017D-UL2017_MiniAODv1_NanoAODv2-v1/NANOAOD/E1EDECF3-19AE-E948-B6B3-4C7DDB2CAB91_skimjec_4.root /eos/cms/store/group/phys_tau/TauFW/nano/UL2017/SingleElectron/Run2017D-UL2017_MiniAODv1_NanoAODv2-v1/NANOAOD/E28FE924-7F77-AC4D-AD12-895E14B24CE5_skimjec_0.root /eos/cms/store/group/phys_tau/TauFW/nano/UL2017/SingleElectron/Run2017D-UL2017_MiniAODv1_NanoAODv2-v1/NANOAOD/E28FE924-7F77-AC4D-AD12-895E14B24CE5_skimjec_1.root /eos/cms/store/group/phys_tau/TauFW/nano/UL2017/SingleElectron/Run2017D-UL2017_MiniAODv1_NanoAODv2-v1/NANOAOD/E28FE924-7F77-AC4D-AD12-895E14B24CE5_skimjec_2.root
$WORKDIR=/pool/condor/dir_4646
>>> cd /afs/cern.ch/work/l/lvigilan/TauWork/CMSSW_10_6_17_patch1/src
>>> eval `scramv1 runtime -sh`
>>> cd /pool/condor/dir_4646
$PWD=/pool/condor/dir_4646
>>> /afs/cern.ch/work/l/lvigilan/TauWork/CMSSW_10_6_17_patch1/src/TauFW/PicoProducer/python/processors/picojob.py -y UL2017 -d 'data' -c etau -M ETauFakeRate.ModuleETau --copydir /eos/home-l/lvigilan/output_ETauFR_UL17_RUN1/UL2017/etau/SingleElectron_Run2017D -t _etau_36 --opt 'useT1=False' -i /eos/cms/store/group/phys_tau/TauFW/nano/UL2017/SingleElectron/Run2017D-UL2017_MiniAODv1_NanoAODv2-v1/NANOAOD/E1EDECF3-19AE-E948-B6B3-4C7DDB2CAB91_skimjec_3.root /eos/cms/store/group/phys_tau/TauFW/nano/UL2017/SingleElectron/Run2017D-UL2017_MiniAODv1_NanoAODv2-v1/NANOAOD/E1EDECF3-19AE-E948-B6B3-4C7DDB2CAB91_skimjec_4.root /eos/cms/store/group/phys_tau/TauFW/nano/UL2017/SingleElectron/Run2017D-UL2017_MiniAODv1_NanoAODv2-v1/NANOAOD/E28FE924-7F77-AC4D-AD12-895E14B24CE5_skimjec_0.root /eos/cms/store/group/phys_tau/TauFW/nano/UL2017/SingleElectron/Run2017D-UL2017_MiniAODv1_NanoAODv2-v1/NANOAOD/E28FE924-7F77-AC4D-AD12-895E14B24CE5_skimjec_1.root /eos/cms/store/group/phys_tau/TauFW/nano/UL2017/SingleElectron/Run2017D-UL2017_MiniAODv1_NanoAODv2-v1/NANOAOD/E28FE924-7F77-AC4D-AD12-895E14B24CE5_skimjec_2.root
Error in <TGClient::TGClient>: can't open display "localhost:19.0", switching to batch mode...
 In case you run from a remote ssh session, reconnect with ssh -Y
--------------------------------------------------------------------------------
>>> era          = 'UL2017'
>>> year         = 2017
>>> channel      = 'etau'
>>> modname      = 'ETauFakeRate.ModuleETau'
>>> dtype        = 'data'
>>> kwargs       = {'useT1': False, 'dtype': 'data', 'verb': 0, 'era': 'UL2017', 'year': 2017}
>>> firstevt     = 0
>>> maxevts      = None
>>> outdir       = '.'
>>> copydir      = '/eos/home-l/lvigilan/output_ETauFR_UL17_RUN1/UL2017/etau/SingleElectron_Run2017D'
>>> infiles      = ['/eos/cms/store/group/phys_tau/TauFW/nano/UL2017/SingleElectron/Run2017D-UL2017_MiniAODv1_NanoAODv2-v1/NANOAOD/E1EDECF3-19AE-E948-B6B3-4C7DDB2CAB91_skimjec_3.root', '/eos/cms/store/group/phys_tau/TauFW/nano/UL2017/SingleElectron/Run2017D-UL2017_MiniAODv1_NanoAODv2-v1/NANOAOD/E1EDECF3-19AE-E948-B6B3-4C7DDB2CAB91_skimjec_4.root', '/eos/cms/store/group/phys_tau/TauFW/nano/UL2017/SingleElectron/Run2017D-UL2017_MiniAODv1_NanoAODv2-v1/NANOAOD/E28FE924-7F77-AC4D-AD12-895E14B24CE5_skimjec_0.root', '/eos/cms/store/group/phys_tau/TauFW/nano/UL2017/SingleElectron/Run2017D-UL2017_MiniAODv1_NanoAODv2-v1/NANOAOD/E28FE924-7F77-AC4D-AD12-895E14B24CE5_skimjec_1.root', '/eos/cms/store/group/phys_tau/TauFW/nano/UL2017/SingleElectron/Run2017D-UL2017_MiniAODv1_NanoAODv2-v1/NANOAOD/E28FE924-7F77-AC4D-AD12-895E14B24CE5_skimjec_2.root']
>>> outfname     = './pico_etau_36.root'
>>> branchsel    = '/afs/cern.ch/work/l/lvigilan/TauWork/CMSSW_10_6_17_patch1/python/TauFW/PicoProducer/processors/keep_and_drop_skim.txt'
>>> json         = '/afs/cern.ch/work/l/lvigilan/TauWork/CMSSW_10_6_17_patch1/src/TauFW/PicoProducer/data/json/2017/Cert_294927-306462_13TeV_PromptReco_Collisions17_JSON.txt'
>>> prefetch     = False
>>> cwd          = /pool/condor/dir_4646
--------------------------------------------------------------------------------

   ################
   #  ModuleETau  #
   ################

Loading TreeProducerETau for './pico_etau_36.root'
--------------------------------------------------------------------------------
>>> filename     = './pico_etau_36.root'
>>> year         = 2017
>>> dtype        = 'data'
>>> channel      = 'etau'
>>> ismc         = False
>>> isdata       = True
>>> isembed      = False
>>> tes          = None
>>> tessys       = None
>>> fes          = None
>>> ltf          = None
>>> jtf          = 1.0
>>> dotoppt      = False
>>> dozpt        = False
>>> dojec        = False
>>> dojecsys     = False
>>> dotight      = False
>>> useT1        = False
>>> jetCutPt     = 30
>>> bjetCutEta   = 2.7
>>> tauwp        = 0
>>> eleCutPt     = 36
>>> eleCutEta    = 2.1
>>> tauCutPt     = 20
>>> tauCutEta    = 2.3
>>> ZpeekReso    = 0.0
Pre-select 240635 entries out of 240635 (100.00%)
Processed    10000/  240635 entries,  4.16% (elapsed time     5.2s, curr speed    1.936 kHz, avg speed    1.936 kHz), accepted      532/   10001 events ( 5.32%)
Processed    20000/  240635 entries,  8.31% (elapsed time     8.0s, curr speed    3.469 kHz, avg speed    2.485 kHz), accepted     1078/   20001 events ( 5.39%)
Processed    30000/  240635 entries, 12.47% (elapsed time    10.7s, curr speed    3.801 kHz, avg speed    2.810 kHz), accepted     1599/   30001 events ( 5.33%)
Processed    40000/  240635 entries, 16.62% (elapsed time    13.6s, curr speed    3.365 kHz, avg speed    2.931 kHz), accepted     2202/   40001 events ( 5.50%)
Processed    50000/  240635 entries, 20.78% (elapsed time    16.5s, curr speed    3.502 kHz, avg speed    3.029 kHz), accepted     2719/   50001 events ( 5.44%)
Processed    60000/  240635 entries, 24.93% (elapsed time    19.8s, curr speed    3.037 kHz, avg speed    3.031 kHz), accepted     3324/   60001 events ( 5.54%)
Processed    70000/  240635 entries, 29.09% (elapsed time    22.4s, curr speed    3.826 kHz, avg speed    3.123 kHz), accepted     3867/   70001 events ( 5.52%)
Processed    80000/  240635 entries, 33.25% (elapsed time    25.3s, curr speed    3.420 kHz, avg speed    3.158 kHz), accepted     4427/   80001 events ( 5.53%)
Processed    90000/  240635 entries, 37.40% (elapsed time    27.9s, curr speed    3.906 kHz, avg speed    3.226 kHz), accepted     4998/   90001 events ( 5.55%)
Processed   100000/  240635 entries, 41.56% (elapsed time    30.7s, curr speed    3.581 kHz, avg speed    3.259 kHz), accepted     5534/  100001 events ( 5.53%)
Processed   110000/  240635 entries, 45.71% (elapsed time    33.6s, curr speed    3.385 kHz, avg speed    3.270 kHz), accepted     6106/  110001 events ( 5.55%)
Processed   120000/  240635 entries, 49.87% (elapsed time    36.4s, curr speed    3.620 kHz, avg speed    3.296 kHz), accepted     6641/  120001 events ( 5.53%)
Processed   130000/  240635 entries, 54.02% (elapsed time    39.5s, curr speed    3.209 kHz, avg speed    3.289 kHz), accepted     7228/  130001 events ( 5.56%)
Processed   140000/  240635 entries, 58.18% (elapsed time    42.4s, curr speed    3.502 kHz, avg speed    3.304 kHz), accepted     7759/  140001 events ( 5.54%)
Processed   150000/  240635 entries, 62.34% (elapsed time    45.5s, curr speed    3.230 kHz, avg speed    3.299 kHz), accepted     8273/  150001 events ( 5.52%)
Processed   160000/  240635 entries, 66.49% (elapsed time    48.5s, curr speed    3.320 kHz, avg speed    3.300 kHz), accepted     8802/  160001 events ( 5.50%)
Processed   170000/  240635 entries, 70.65% (elapsed time    51.1s, curr speed    3.796 kHz, avg speed    3.326 kHz), accepted     9343/  170001 events ( 5.50%)
Processed   180000/  240635 entries, 74.80% (elapsed time    54.0s, curr speed    3.432 kHz, avg speed    3.331 kHz), accepted     9848/  180001 events ( 5.47%)
Processed   190000/  240635 entries, 78.96% (elapsed time    57.0s, curr speed    3.419 kHz, avg speed    3.336 kHz), accepted    10346/  190001 events ( 5.45%)
Processed   200000/  240635 entries, 83.11% (elapsed time    59.9s, curr speed    3.419 kHz, avg speed    3.340 kHz), accepted    10852/  200001 events ( 5.43%)
Processed   210000/  240635 entries, 87.27% (elapsed time    62.6s, curr speed    3.632 kHz, avg speed    3.353 kHz), accepted    11346/  210001 events ( 5.40%)
Processed   220000/  240635 entries, 91.42% (elapsed time    65.8s, curr speed    3.180 kHz, avg speed    3.344 kHz), accepted    11854/  220001 events ( 5.39%)
Processed   230000/  240635 entries, 95.58% (elapsed time    68.8s, curr speed    3.353 kHz, avg speed    3.345 kHz), accepted    12417/  230001 events ( 5.40%)
Processed   240000/  240635 entries, 99.74% (elapsed time    71.7s, curr speed    3.374 kHz, avg speed    3.346 kHz), accepted    12954/  240001 events ( 5.40%)
Processed 240635 preselected entries from /eos/cms/store/group/phys_tau/TauFW/nano/UL2017/SingleElectron/Run2017D-UL2017_MiniAODv1_NanoAODv2-v1/NANOAOD/E1EDECF3-19AE-E948-B6B3-4C7DDB2CAB91_skimjec_3.root (240635 entries). Finally selected 12995 entries
Pre-select 225709 entries out of 225709 (100.00%)
Processed    10000/  225709 entries,  4.43% (elapsed time     5.2s, curr speed    1.913 kHz, avg speed    1.913 kHz), accepted      496/   10001 events ( 4.96%)
Processed    20000/  225709 entries,  8.86% (elapsed time     8.3s, curr speed    3.285 kHz, avg speed    2.418 kHz), accepted     1031/   20001 events ( 5.15%)
Processed    30000/  225709 entries, 13.29% (elapsed time    11.0s, curr speed    3.645 kHz, avg speed    2.723 kHz), accepted     1590/   30001 events ( 5.30%)
Processed    40000/  225709 entries, 17.72% (elapsed time    14.2s, curr speed    3.140 kHz, avg speed    2.817 kHz), accepted     2095/   40001 events ( 5.24%)
Processed    50000/  225709 entries, 22.15% (elapsed time    16.7s, curr speed    3.927 kHz, avg speed    2.986 kHz), accepted     2636/   50001 events ( 5.27%)
Processed    60000/  225709 entries, 26.58% (elapsed time    19.9s, curr speed    3.202 kHz, avg speed    3.020 kHz), accepted     3198/   60001 events ( 5.33%)
Processed    70000/  225709 entries, 31.01% (elapsed time    23.0s, curr speed    3.210 kHz, avg speed    3.046 kHz), accepted     3755/   70001 events ( 5.36%)
Processed    80000/  225709 entries, 35.44% (elapsed time    26.0s, curr speed    3.340 kHz, avg speed    3.080 kHz), accepted     4330/   80001 events ( 5.41%)
Processed    90000/  225709 entries, 39.87% (elapsed time    28.9s, curr speed    3.475 kHz, avg speed    3.119 kHz), accepted     4856/   90001 events ( 5.40%)
Processed   100000/  225709 entries, 44.30% (elapsed time    31.7s, curr speed    3.539 kHz, avg speed    3.156 kHz), accepted     5393/  100001 events ( 5.39%)
Processed   110000/  225709 entries, 48.74% (elapsed time    34.3s, curr speed    3.822 kHz, avg speed    3.207 kHz), accepted     5926/  110001 events ( 5.39%)
Processed   120000/  225709 entries, 53.17% (elapsed time    37.3s, curr speed    3.359 kHz, avg speed    3.219 kHz), accepted     6484/  120001 events ( 5.40%)
Processed   130000/  225709 entries, 57.60% (elapsed time    39.8s, curr speed    3.915 kHz, avg speed    3.264 kHz), accepted     6999/  130001 events ( 5.38%)
Processed   140000/  225709 entries, 62.03% (elapsed time    42.7s, curr speed    3.474 kHz, avg speed    3.278 kHz), accepted     7545/  140001 events ( 5.39%)
Processed   150000/  225709 entries, 66.46% (elapsed time    45.6s, curr speed    3.507 kHz, avg speed    3.292 kHz), accepted     8101/  150001 events ( 5.40%)
Processed   160000/  225709 entries, 70.89% (elapsed time    48.4s, curr speed    3.575 kHz, avg speed    3.309 kHz), accepted     8628/  160001 events ( 5.39%)
Processed   170000/  225709 entries, 75.32% (elapsed time    51.0s, curr speed    3.725 kHz, avg speed    3.331 kHz), accepted     9205/  170001 events ( 5.41%)
Processed   180000/  225709 entries, 79.75% (elapsed time    53.9s, curr speed    3.449 kHz, avg speed    3.337 kHz), accepted     9745/  180001 events ( 5.41%)
Processed   190000/  225709 entries, 84.18% (elapsed time    56.7s, curr speed    3.614 kHz, avg speed    3.351 kHz), accepted    10330/  190001 events ( 5.44%)
Processed   200000/  225709 entries, 88.61% (elapsed time    59.8s, curr speed    3.267 kHz, avg speed    3.346 kHz), accepted    10863/  200001 events ( 5.43%)
Processed   210000/  225709 entries, 93.04% (elapsed time    62.6s, curr speed    3.487 kHz, avg speed    3.353 kHz), accepted    11415/  210001 events ( 5.44%)
Processed   220000/  225709 entries, 97.47% (elapsed time    65.7s, curr speed    3.261 kHz, avg speed    3.348 kHz), accepted    11954/  220001 events ( 5.43%)
Processed 225709 preselected entries from /eos/cms/store/group/phys_tau/TauFW/nano/UL2017/SingleElectron/Run2017D-UL2017_MiniAODv1_NanoAODv2-v1/NANOAOD/E1EDECF3-19AE-E948-B6B3-4C7DDB2CAB91_skimjec_4.root (225709 entries). Finally selected 12267 entries
Pre-select 233634 entries out of 233634 (100.00%)
Processed    10000/  233634 entries,  4.28% (elapsed time     4.7s, curr speed    2.116 kHz, avg speed    2.116 kHz), accepted      491/   10001 events ( 4.91%)
Processed    20000/  233634 entries,  8.56% (elapsed time     7.5s, curr speed    3.593 kHz, avg speed    2.663 kHz), accepted     1003/   20001 events ( 5.01%)
Processed    30000/  233634 entries, 12.84% (elapsed time    10.0s, curr speed    4.061 kHz, avg speed    3.009 kHz), accepted     1511/   30001 events ( 5.04%)
Processed    40000/  233634 entries, 17.12% (elapsed time    12.7s, curr speed    3.649 kHz, avg speed    3.147 kHz), accepted     2012/   40001 events ( 5.03%)
Processed    50000/  233634 entries, 21.40% (elapsed time    15.2s, curr speed    3.957 kHz, avg speed    3.281 kHz), accepted     2512/   50001 events ( 5.02%)
Processed    60000/  233634 entries, 25.68% (elapsed time    18.6s, curr speed    2.939 kHz, avg speed    3.219 kHz), accepted     3016/   60001 events ( 5.03%)
Processed    70000/  233634 entries, 29.96% (elapsed time    21.3s, curr speed    3.778 kHz, avg speed    3.288 kHz), accepted     3559/   70001 events ( 5.08%)
Processed    80000/  233634 entries, 34.24% (elapsed time    24.5s, curr speed    3.118 kHz, avg speed    3.266 kHz), accepted     4099/   80001 events ( 5.12%)
Processed    90000/  233634 entries, 38.52% (elapsed time    27.1s, curr speed    3.772 kHz, avg speed    3.315 kHz), accepted     4622/   90001 events ( 5.14%)
Processed   100000/  233634 entries, 42.80% (elapsed time    29.9s, curr speed    3.570 kHz, avg speed    3.339 kHz), accepted     5106/  100001 events ( 5.11%)
Processed   110000/  233634 entries, 47.08% (elapsed time    32.5s, curr speed    3.925 kHz, avg speed    3.385 kHz), accepted     5582/  110001 events ( 5.07%)
Processed   120000/  233634 entries, 51.36% (elapsed time    35.5s, curr speed    3.281 kHz, avg speed    3.376 kHz), accepted     6097/  120001 events ( 5.08%)
Processed   130000/  233634 entries, 55.64% (elapsed time    38.1s, curr speed    3.940 kHz, avg speed    3.414 kHz), accepted     6637/  130001 events ( 5.11%)
Processed   140000/  233634 entries, 59.92% (elapsed time    41.0s, curr speed    3.438 kHz, avg speed    3.415 kHz), accepted     7140/  140001 events ( 5.10%)
Processed   150000/  233634 entries, 64.20% (elapsed time    43.7s, curr speed    3.727 kHz, avg speed    3.435 kHz), accepted     7633/  150001 events ( 5.09%)
Processed   160000/  233634 entries, 68.48% (elapsed time    46.1s, curr speed    4.117 kHz, avg speed    3.470 kHz), accepted     8142/  160001 events ( 5.09%)
Processed   170000/  233634 entries, 72.76% (elapsed time    49.0s, curr speed    3.464 kHz, avg speed    3.470 kHz), accepted     8617/  170001 events ( 5.07%)
Processed   180000/  233634 entries, 77.04% (elapsed time    51.8s, curr speed    3.583 kHz, avg speed    3.476 kHz), accepted     9114/  180001 events ( 5.06%)
Processed   190000/  233634 entries, 81.32% (elapsed time    54.8s, curr speed    3.354 kHz, avg speed    3.470 kHz), accepted     9638/  190001 events ( 5.07%)
Processed   200000/  233634 entries, 85.60% (elapsed time    57.3s, curr speed    3.882 kHz, avg speed    3.488 kHz), accepted    10099/  200001 events ( 5.05%)
Processed   210000/  233634 entries, 89.88% (elapsed time    60.2s, curr speed    3.538 kHz, avg speed    3.490 kHz), accepted    10621/  210001 events ( 5.06%)
Processed   220000/  233634 entries, 94.16% (elapsed time    63.1s, curr speed    3.451 kHz, avg speed    3.489 kHz), accepted    11107/  220001 events ( 5.05%)
Processed   230000/  233634 entries, 98.44% (elapsed time    65.5s, curr speed    4.044 kHz, avg speed    3.510 kHz), accepted    11622/  230001 events ( 5.05%)
Processed 233634 preselected entries from /eos/cms/store/group/phys_tau/TauFW/nano/UL2017/SingleElectron/Run2017D-UL2017_MiniAODv1_NanoAODv2-v1/NANOAOD/E28FE924-7F77-AC4D-AD12-895E14B24CE5_skimjec_0.root (233634 entries). Finally selected 11789 entries
Pre-select 233634 entries out of 233634 (100.00%)
Processed    10000/  233634 entries,  4.28% (elapsed time     4.4s, curr speed    2.294 kHz, avg speed    2.294 kHz), accepted      522/   10001 events ( 5.22%)
Processed    20000/  233634 entries,  8.56% (elapsed time     7.2s, curr speed    3.556 kHz, avg speed    2.788 kHz), accepted     1061/   20001 events ( 5.30%)
Processed    30000/  233634 entries, 12.84% (elapsed time    10.4s, curr speed    3.143 kHz, avg speed    2.897 kHz), accepted     1575/   30001 events ( 5.25%)
Processed    40000/  233634 entries, 17.12% (elapsed time    13.4s, curr speed    3.337 kHz, avg speed    2.996 kHz), accepted     2066/   40001 events ( 5.16%)
Processed    50000/  233634 entries, 21.40% (elapsed time    16.2s, curr speed    3.518 kHz, avg speed    3.088 kHz), accepted     2559/   50001 events ( 5.12%)
Processed    60000/  233634 entries, 25.68% (elapsed time    19.7s, curr speed    2.835 kHz, avg speed    3.042 kHz), accepted     3081/   60001 events ( 5.13%)
Processed    70000/  233634 entries, 29.96% (elapsed time    22.9s, curr speed    3.151 kHz, avg speed    3.058 kHz), accepted     3589/   70001 events ( 5.13%)
Processed    80000/  233634 entries, 34.24% (elapsed time    26.0s, curr speed    3.267 kHz, avg speed    3.082 kHz), accepted     4111/   80001 events ( 5.14%)
Processed    90000/  233634 entries, 38.52% (elapsed time    29.6s, curr speed    2.755 kHz, avg speed    3.042 kHz), accepted     4616/   90001 events ( 5.13%)
Processed   100000/  233634 entries, 42.80% (elapsed time    32.8s, curr speed    3.105 kHz, avg speed    3.048 kHz), accepted     5092/  100001 events ( 5.09%)
Processed   110000/  233634 entries, 47.08% (elapsed time    35.6s, curr speed    3.625 kHz, avg speed    3.093 kHz), accepted     5575/  110001 events ( 5.07%)
Processed   120000/  233634 entries, 51.36% (elapsed time    38.5s, curr speed    3.368 kHz, avg speed    3.114 kHz), accepted     6102/  120001 events ( 5.08%)
Processed   130000/  233634 entries, 55.64% (elapsed time    41.3s, curr speed    3.634 kHz, avg speed    3.149 kHz), accepted     6615/  130001 events ( 5.09%)
Processed   140000/  233634 entries, 59.92% (elapsed time    44.0s, curr speed    3.732 kHz, avg speed    3.184 kHz), accepted     7117/  140001 events ( 5.08%)
Processed   150000/  233634 entries, 64.20% (elapsed time    47.1s, curr speed    3.148 kHz, avg speed    3.182 kHz), accepted     7667/  150001 events ( 5.11%)
Processed   160000/  233634 entries, 68.48% (elapsed time    50.0s, curr speed    3.533 kHz, avg speed    3.202 kHz), accepted     8168/  160001 events ( 5.10%)
Processed   170000/  233634 entries, 72.76% (elapsed time    53.0s, curr speed    3.292 kHz, avg speed    3.207 kHz), accepted     8688/  170001 events ( 5.11%)
Processed   180000/  233634 entries, 77.04% (elapsed time    55.8s, curr speed    3.569 kHz, avg speed    3.225 kHz), accepted     9206/  180001 events ( 5.11%)
Processed   190000/  233634 entries, 81.32% (elapsed time    58.6s, curr speed    3.639 kHz, avg speed    3.245 kHz), accepted     9747/  190001 events ( 5.13%)
Processed   200000/  233634 entries, 85.60% (elapsed time    61.5s, curr speed    3.400 kHz, avg speed    3.252 kHz), accepted    10250/  200001 events ( 5.12%)
Processed   210000/  233634 entries, 89.88% (elapsed time    64.4s, curr speed    3.481 kHz, avg speed    3.262 kHz), accepted    10787/  210001 events ( 5.14%)
Processed   220000/  233634 entries, 94.16% (elapsed time    67.3s, curr speed    3.364 kHz, avg speed    3.267 kHz), accepted    11295/  220001 events ( 5.13%)
Processed   230000/  233634 entries, 98.44% (elapsed time    70.6s, curr speed    3.105 kHz, avg speed    3.259 kHz), accepted    11862/  230001 events ( 5.16%)
Processed 233634 preselected entries from /eos/cms/store/group/phys_tau/TauFW/nano/UL2017/SingleElectron/Run2017D-UL2017_MiniAODv1_NanoAODv2-v1/NANOAOD/E28FE924-7F77-AC4D-AD12-895E14B24CE5_skimjec_1.root (233634 entries). Finally selected 12060 entries
Pre-select 233634 entries out of 233634 (100.00%)
Processed    10000/  233634 entries,  4.28% (elapsed time     5.1s, curr speed    1.959 kHz, avg speed    1.959 kHz), accepted      554/   10001 events ( 5.54%)
Processed    20000/  233634 entries,  8.56% (elapsed time     8.8s, curr speed    2.687 kHz, avg speed    2.266 kHz), accepted     1113/   20001 events ( 5.56%)
Processed    30000/  233634 entries, 12.84% (elapsed time    12.7s, curr speed    2.565 kHz, avg speed    2.358 kHz), accepted     1659/   30001 events ( 5.53%)
Processed    40000/  233634 entries, 17.12% (elapsed time    16.1s, curr speed    2.991 kHz, avg speed    2.490 kHz), accepted     2275/   40001 events ( 5.69%)
Processed    50000/  233634 entries, 21.40% (elapsed time    18.9s, curr speed    3.494 kHz, avg speed    2.642 kHz), accepted     2852/   50001 events ( 5.70%)
Processed    60000/  233634 entries, 25.68% (elapsed time    21.8s, curr speed    3.536 kHz, avg speed    2.758 kHz), accepted     3425/   60001 events ( 5.71%)
Processed    70000/  233634 entries, 29.96% (elapsed time    24.7s, curr speed    3.445 kHz, avg speed    2.839 kHz), accepted     3970/   70001 events ( 5.67%)
Processed    80000/  233634 entries, 34.24% (elapsed time    27.6s, curr speed    3.383 kHz, avg speed    2.897 kHz), accepted     4486/   80001 events ( 5.61%)
Processed    90000/  233634 entries, 38.52% (elapsed time    30.5s, curr speed    3.423 kHz, avg speed    2.947 kHz), accepted     5051/   90001 events ( 5.61%)
Processed   100000/  233634 entries, 42.80% (elapsed time    33.4s, curr speed    3.530 kHz, avg speed    2.997 kHz), accepted     5641/  100001 events ( 5.64%)
Processed   110000/  233634 entries, 47.08% (elapsed time    36.2s, curr speed    3.538 kHz, avg speed    3.039 kHz), accepted     6228/  110001 events ( 5.66%)
Processed   120000/  233634 entries, 51.36% (elapsed time    39.1s, curr speed    3.436 kHz, avg speed    3.069 kHz), accepted     6792/  120001 events ( 5.66%)
Processed   130000/  233634 entries, 55.64% (elapsed time    42.7s, curr speed    2.760 kHz, avg speed    3.042 kHz), accepted     7347/  130001 events ( 5.65%)
Processed   140000/  233634 entries, 59.92% (elapsed time    45.1s, curr speed    4.168 kHz, avg speed    3.102 kHz), accepted     7880/  140001 events ( 5.63%)
Processed   150000/  233634 entries, 64.20% (elapsed time    48.1s, curr speed    3.399 kHz, avg speed    3.120 kHz), accepted     8443/  150001 events ( 5.63%)
Processed   160000/  233634 entries, 68.48% (elapsed time    51.2s, curr speed    3.160 kHz, avg speed    3.123 kHz), accepted     9013/  160001 events ( 5.63%)
Processed   170000/  233634 entries, 72.76% (elapsed time    54.7s, curr speed    2.913 kHz, avg speed    3.110 kHz), accepted     9569/  170001 events ( 5.63%)
Processed   180000/  233634 entries, 77.04% (elapsed time    57.9s, curr speed    3.063 kHz, avg speed    3.107 kHz), accepted    10103/  180001 events ( 5.61%)
Processed   190000/  233634 entries, 81.32% (elapsed time    60.8s, curr speed    3.478 kHz, avg speed    3.125 kHz), accepted    10667/  190001 events ( 5.61%)
Processed   200000/  233634 entries, 85.60% (elapsed time    63.7s, curr speed    3.478 kHz, avg speed    3.140 kHz), accepted    11201/  200001 events ( 5.60%)
Processed   210000/  233634 entries, 89.88% (elapsed time    66.3s, curr speed    3.826 kHz, avg speed    3.168 kHz), accepted    11767/  210001 events ( 5.60%)
Processed   220000/  233634 entries, 94.16% (elapsed time    69.1s, curr speed    3.627 kHz, avg speed    3.186 kHz), accepted    12273/  220001 events ( 5.58%)
Processed   230000/  233634 entries, 98.44% (elapsed time    71.7s, curr speed    3.729 kHz, avg speed    3.206 kHz), accepted    12821/  230001 events ( 5.57%)
Processed 233634 preselected entries from /eos/cms/store/group/phys_tau/TauFW/nano/UL2017/SingleElectron/Run2017D-UL2017_MiniAODv1_NanoAODv2-v1/NANOAOD/E28FE924-7F77-AC4D-AD12-895E14B24CE5_skimjec_2.root (233634 entries). Finally selected 13067 entries
Total time 392.1 sec. to process 1167246 events. Rate = 2976.6 Hz.
>>> cwd          = /pool/condor/dir_4646
>>> ls           = ['pico_etau_36.root', '.machine.ad', 'tmp', 'var', '.update.ad', '.chirp.config', 'condor_exec.exe', '.job.ad', 'lvigilan.cc', 'x509_voms', '_condor_stdout']
>>> getstorage('/eos/home-l/lvigilan/output_ETauFR_UL17_RUN1/UL2017/etau/SingleElectron_Run2017D'), <EOS("/eos/home-l/lvigilan/output_ETauFR_UL17_RUN1/UL2017/etau/SingleElectron_Run2017D") at 0x2ac093ba1a90>
>>> Executing: 'cp ./pico_etau_36.root /eos/home-l/lvigilan/output_ETauFR_UL17_RUN1/UL2017/etau/SingleElectron_Run2017D'
>>> Removing './pico_etau_36.root'...
>>> picojob.py done after 401.5 seconds

Job complete at Mon Jun  7 19:23:59 CEST 2021
Took 6 minutes 43 seconds040 (2367608.036.000) 06/07 19:23:59 Started transferring output files
...
040 (2367608.036.000) 06/07 19:23:59 Finished transferring output files
...
005 (2367608.036.000) 06/07 19:23:59 Job terminated.
	(1) Normal termination (return value 0)
		Usr 0 00:04:51, Sys 0 00:00:10  -  Run Remote Usage
		Usr 0 00:00:00, Sys 0 00:00:00  -  Run Local Usage
		Usr 0 00:04:51, Sys 0 00:00:10  -  Total Remote Usage
		Usr 0 00:00:00, Sys 0 00:00:00  -  Total Local Usage
	33828  -  Run Bytes Sent By Job
	9930  -  Run Bytes Received By Job
	33828  -  Total Bytes Sent By Job
	9930  -  Total Bytes Received By Job
	Partitionable Resources :    Usage  Request Allocated 
	   Cpus                 :     0.79        1         1 
	   Disk (KB)            :  5246           1    275247 
	   Memory (MB)          :   197        2000      2000 

	Job terminated of its own accord at 2021-06-07T17:23:59Z.
...
