Could not find platform independent libraries <prefix>
Could not find platform dependent libraries <exec_prefix>
Consider setting $PYTHONHOME to <prefix>[:<exec_prefix>]
ImportError: No module named site
Job start at Wed Dec 30 00:46:17 CET 2020
Running job on machine Linux b7g24n0221.cern.ch 3.10.0-957.5.1.el7.x86_64 #1 SMP Fri Feb 1 14:54:57 UTC 2019 x86_64 x86_64 x86_64 GNU/Linux, host b7g24n0221.cern.ch
============================================================
$PWD=/pool/condor/dir_19745
$JOBID=1633255
$TASKID=0
$HOSTNAME=b7g24n0221.cern.ch
$TASKCMD=/afs/cern.ch/work/l/lvigilan/TauWork/CMSSW_10_6_17_patch1/src/TauFW/PicoProducer/python/processors/picojob.py -y 2016 -d 'mc' -c etau -M ModuleETau --copydir /eos/home-l/lvigilan/output_2017ReReco18/2016/etau/TT -t _etau_3 --opt 'jec=False' 'toppt=True' -i root://cms-xrd-global.cern.ch//store/mc/RunIISummer16NanoAODv6/TT_TuneCUETP8M2T4_13TeV-powheg-pythia8/NANOAODSIM/PUMoriond17_Nano25Oct2019_102X_mcRun2_asymptotic_v7-v2/20000/7075576A-520B-6C40-868B-824EA47870F7.root root://cms-xrd-global.cern.ch//store/mc/RunIISummer16NanoAODv6/TT_TuneCUETP8M2T4_13TeV-powheg-pythia8/NANOAODSIM/PUMoriond17_Nano25Oct2019_102X_mcRun2_asymptotic_v7-v2/20000/7378B9CD-404E-B045-9E05-E261D30BC883.root root://cms-xrd-global.cern.ch//store/mc/RunIISummer16NanoAODv6/TT_TuneCUETP8M2T4_13TeV-powheg-pythia8/NANOAODSIM/PUMoriond17_Nano25Oct2019_102X_mcRun2_asymptotic_v7-v2/20000/73D01930-3D06-4B4B-9557-CA37962A507F.root root://cms-xrd-global.cern.ch//store/mc/RunIISummer16NanoAODv6/TT_TuneCUETP8M2T4_13TeV-powheg-pythia8/NANOAODSIM/PUMoriond17_Nano25Oct2019_102X_mcRun2_asymptotic_v7-v2/20000/740B9BA3-8A64-B743-9439-2930CE247191.root root://cms-xrd-global.cern.ch//store/mc/RunIISummer16NanoAODv6/TT_TuneCUETP8M2T4_13TeV-powheg-pythia8/NANOAODSIM/PUMoriond17_Nano25Oct2019_102X_mcRun2_asymptotic_v7-v2/20000/77761B83-6894-A94E-81AE-C77B80BBA911.root
$WORKDIR=/pool/condor/dir_19745
>>> cd /afs/cern.ch/work/l/lvigilan/TauWork/CMSSW_10_6_17_patch1/src
>>> eval `scramv1 runtime -sh`
>>> cd /pool/condor/dir_19745
$PWD=/pool/condor/dir_19745
>>> /afs/cern.ch/work/l/lvigilan/TauWork/CMSSW_10_6_17_patch1/src/TauFW/PicoProducer/python/processors/picojob.py -y 2016 -d 'mc' -c etau -M ModuleETau --copydir /eos/home-l/lvigilan/output_2017ReReco18/2016/etau/TT -t _etau_3 --opt 'jec=False' 'toppt=True' -i root://cms-xrd-global.cern.ch//store/mc/RunIISummer16NanoAODv6/TT_TuneCUETP8M2T4_13TeV-powheg-pythia8/NANOAODSIM/PUMoriond17_Nano25Oct2019_102X_mcRun2_asymptotic_v7-v2/20000/7075576A-520B-6C40-868B-824EA47870F7.root root://cms-xrd-global.cern.ch//store/mc/RunIISummer16NanoAODv6/TT_TuneCUETP8M2T4_13TeV-powheg-pythia8/NANOAODSIM/PUMoriond17_Nano25Oct2019_102X_mcRun2_asymptotic_v7-v2/20000/7378B9CD-404E-B045-9E05-E261D30BC883.root root://cms-xrd-global.cern.ch//store/mc/RunIISummer16NanoAODv6/TT_TuneCUETP8M2T4_13TeV-powheg-pythia8/NANOAODSIM/PUMoriond17_Nano25Oct2019_102X_mcRun2_asymptotic_v7-v2/20000/73D01930-3D06-4B4B-9557-CA37962A507F.root root://cms-xrd-global.cern.ch//store/mc/RunIISummer16NanoAODv6/TT_TuneCUETP8M2T4_13TeV-powheg-pythia8/NANOAODSIM/PUMoriond17_Nano25Oct2019_102X_mcRun2_asymptotic_v7-v2/20000/740B9BA3-8A64-B743-9439-2930CE247191.root root://cms-xrd-global.cern.ch//store/mc/RunIISummer16NanoAODv6/TT_TuneCUETP8M2T4_13TeV-powheg-pythia8/NANOAODSIM/PUMoriond17_Nano25Oct2019_102X_mcRun2_asymptotic_v7-v2/20000/77761B83-6894-A94E-81AE-C77B80BBA911.root
Error in <TGClient::TGClient>: can't open display "localhost:27.0", switching to batch mode...
 In case you run from a remote ssh session, reconnect with ssh -Y
--------------------------------------------------------------------------------
>>> era          = '2016'
>>> year         = 2016
>>> channel      = 'etau'
>>> modname      = 'ModuleETau'
>>> dtype        = 'mc'
>>> kwargs       = {'dtype': 'mc', 'toppt': True, 'jec': False, 'verb': 0, 'era': '2016', 'year': 2016}
>>> maxevts      = None
>>> outdir       = '.'
>>> copydir      = '/eos/home-l/lvigilan/output_2017ReReco18/2016/etau/TT'
>>> infiles      = ['root://cms-xrd-global.cern.ch//store/mc/RunIISummer16NanoAODv6/TT_TuneCUETP8M2T4_13TeV-powheg-pythia8/NANOAODSIM/PUMoriond17_Nano25Oct2019_102X_mcRun2_asymptotic_v7-v2/20000/7075576A-520B-6C40-868B-824EA47870F7.root', 'root://cms-xrd-global.cern.ch//store/mc/RunIISummer16NanoAODv6/TT_TuneCUETP8M2T4_13TeV-powheg-pythia8/NANOAODSIM/PUMoriond17_Nano25Oct2019_102X_mcRun2_asymptotic_v7-v2/20000/7378B9CD-404E-B045-9E05-E261D30BC883.root', 'root://cms-xrd-global.cern.ch//store/mc/RunIISummer16NanoAODv6/TT_TuneCUETP8M2T4_13TeV-powheg-pythia8/NANOAODSIM/PUMoriond17_Nano25Oct2019_102X_mcRun2_asymptotic_v7-v2/20000/73D01930-3D06-4B4B-9557-CA37962A507F.root', 'root://cms-xrd-global.cern.ch//store/mc/RunIISummer16NanoAODv6/TT_TuneCUETP8M2T4_13TeV-powheg-pythia8/NANOAODSIM/PUMoriond17_Nano25Oct2019_102X_mcRun2_asymptotic_v7-v2/20000/740B9BA3-8A64-B743-9439-2930CE247191.root', 'root://cms-xrd-global.cern.ch//store/mc/RunIISummer16NanoAODv6/TT_TuneCUETP8M2T4_13TeV-powheg-pythia8/NANOAODSIM/PUMoriond17_Nano25Oct2019_102X_mcRun2_asymptotic_v7-v2/20000/77761B83-6894-A94E-81AE-C77B80BBA911.root']
>>> outfname     = './pico_etau_etau_3.root'
>>> branchsel    = '/afs/cern.ch/work/l/lvigilan/TauWork/CMSSW_10_6_17_patch1/python/TauFW/PicoProducer/processors/keep_and_drop_skim.txt'
>>> json         = None
>>> prefetch     = False
>>> cwd          = /pool/condor/dir_19745
--------------------------------------------------------------------------------

   ################
   #  ModuleETau  #
   ################

Loading PileupWeightTool for '/afs/cern.ch/work/l/lvigilan/TauWork/CMSSW_10_6_17_patch1/src/TauFW/PicoProducer/data/pileup/Data_PileUp_2016_69p2.root' and '/afs/cern.ch/work/l/lvigilan/TauWork/CMSSW_10_6_17_patch1/src/TauFW/PicoProducer/data/pileup/MC_PileUp_2016_Moriond17.root'
Loading BTagWeightTool for DeepCSV (medium WP)...
>>> BTagTool: [1m[33mWarning! [0m[33mHistogram 'etau/eff_DeepCSV_udsg_medium' does not exist in /afs/cern.ch/work/l/lvigilan/TauWork/CMSSW_10_6_17_patch1/src/TauFW/PicoProducer/data/btag/DeepCSV_2016_Moriond17_eff.root! Reverting to default efficiency histogram...[0m
>>> BTagTool: [1m[33mWarning! [0m[33mHistogram 'etau/eff_DeepCSV_c_medium' does not exist in /afs/cern.ch/work/l/lvigilan/TauWork/CMSSW_10_6_17_patch1/src/TauFW/PicoProducer/data/btag/DeepCSV_2016_Moriond17_eff.root! Reverting to default efficiency histogram...[0m
>>> BTagTool: [1m[33mWarning! [0m[33mHistogram 'etau/eff_DeepCSV_b_medium' does not exist in /afs/cern.ch/work/l/lvigilan/TauWork/CMSSW_10_6_17_patch1/src/TauFW/PicoProducer/data/btag/DeepCSV_2016_Moriond17_eff.root! Reverting to default efficiency histogram...[0m
>>> BTagTool: [1m[33mWarning! [0m[33mMade use of default efficiency histograms! The b tag weights from this module should be regarded as placeholders only,
and should NOT be used for analyses. B (mis)tag efficiencies in MC are analysis dependent. Please create your own
efficiency histogram with data/btag/getBTagEfficiencies.py after running all MC samples with BTagWeightTool.[0m
Loading TreeProducerETau for './pico_etau_etau_3.root'
--------------------------------------------------------------------------------
>>> filename     = './pico_etau_etau_3.root'
>>> year         = 2016
>>> dtype        = 'mc'
>>> channel      = 'etau'
>>> ismc         = True
>>> isdata       = False
>>> isembed      = False
>>> tes          = None
>>> tessys       = None
>>> ltf          = 1.0
>>> jtf          = 1.0
>>> dotoppt      = True
>>> dozpt        = False
>>> dojec        = False
>>> dojecsys     = False
>>> dotight      = False
>>> jetCutPt     = 30
>>> bjetCutEta   = 2.7
>>> tauwp        = 0
>>> eleCutPt     = 26
>>> eleCutEta    = 2.1
>>> tauCutPt     = 20
>>> tauCutEta    = 2.3
Pre-select 792390 entries out of 792390 (100.00%)
Processed    10000/  792390 entries,  1.26% (elapsed time    45.1s, curr speed    0.222 kHz, avg speed    0.222 kHz), accepted       49/   10001 events ( 0.49%)
Processed    20000/  792390 entries,  2.52% (elapsed time    66.4s, curr speed    0.468 kHz, avg speed    0.301 kHz), accepted       85/   20001 events ( 0.42%)
Processed    30000/  792390 entries,  3.79% (elapsed time    98.7s, curr speed    0.310 kHz, avg speed    0.304 kHz), accepted      133/   30001 events ( 0.44%)
Processed    40000/  792390 entries,  5.05% (elapsed time   122.4s, curr speed    0.422 kHz, avg speed    0.327 kHz), accepted      185/   40001 events ( 0.46%)
Processed    50000/  792390 entries,  6.31% (elapsed time   142.7s, curr speed    0.493 kHz, avg speed    0.350 kHz), accepted      227/   50001 events ( 0.45%)
Processed    60000/  792390 entries,  7.57% (elapsed time   178.6s, curr speed    0.279 kHz, avg speed    0.336 kHz), accepted      271/   60001 events ( 0.45%)
Processed    70000/  792390 entries,  8.83% (elapsed time   203.4s, curr speed    0.404 kHz, avg speed    0.344 kHz), accepted      320/   70001 events ( 0.46%)
Processed    80000/  792390 entries, 10.10% (elapsed time   224.6s, curr speed    0.472 kHz, avg speed    0.356 kHz), accepted      363/   80001 events ( 0.45%)
Processed    90000/  792390 entries, 11.36% (elapsed time   256.3s, curr speed    0.315 kHz, avg speed    0.351 kHz), accepted      404/   90001 events ( 0.45%)
Processed   100000/  792390 entries, 12.62% (elapsed time   279.0s, curr speed    0.441 kHz, avg speed    0.358 kHz), accepted      445/  100001 events ( 0.44%)
Processed   110000/  792390 entries, 13.88% (elapsed time   304.5s, curr speed    0.391 kHz, avg speed    0.361 kHz), accepted      494/  110001 events ( 0.45%)
Processed   120000/  792390 entries, 15.14% (elapsed time   326.7s, curr speed    0.451 kHz, avg speed    0.367 kHz), accepted      539/  120001 events ( 0.45%)
Processed   130000/  792390 entries, 16.41% (elapsed time   353.4s, curr speed    0.374 kHz, avg speed    0.368 kHz), accepted      587/  130001 events ( 0.45%)
Processed   140000/  792390 entries, 17.67% (elapsed time   387.3s, curr speed    0.295 kHz, avg speed    0.361 kHz), accepted      633/  140001 events ( 0.45%)
Processed   150000/  792390 entries, 18.93% (elapsed time   409.7s, curr speed    0.446 kHz, avg speed    0.366 kHz), accepted      663/  150001 events ( 0.44%)
Processed   160000/  792390 entries, 20.19% (elapsed time   432.2s, curr speed    0.446 kHz, avg speed    0.370 kHz), accepted      709/  160001 events ( 0.44%)
Processed   170000/  792390 entries, 21.45% (elapsed time   467.5s, curr speed    0.283 kHz, avg speed    0.364 kHz), accepted      757/  170001 events ( 0.45%)
Processed   180000/  792390 entries, 22.72% (elapsed time   486.7s, curr speed    0.519 kHz, avg speed    0.370 kHz), accepted      802/  180001 events ( 0.45%)
Processed   190000/  792390 entries, 23.98% (elapsed time   506.7s, curr speed    0.501 kHz, avg speed    0.375 kHz), accepted      846/  190001 events ( 0.45%)
Processed   200000/  792390 entries, 25.24% (elapsed time   545.2s, curr speed    0.260 kHz, avg speed    0.367 kHz), accepted      903/  200001 events ( 0.45%)
Processed   210000/  792390 entries, 26.50% (elapsed time   567.2s, curr speed    0.455 kHz, avg speed    0.370 kHz), accepted      945/  210001 events ( 0.45%)
Processed   220000/  792390 entries, 27.76% (elapsed time   590.8s, curr speed    0.423 kHz, avg speed    0.372 kHz), accepted      997/  220001 events ( 0.45%)
Processed   230000/  792390 entries, 29.03% (elapsed time   621.3s, curr speed    0.328 kHz, avg speed    0.370 kHz), accepted     1049/  230001 events ( 0.46%)
Processed   240000/  792390 entries, 30.29% (elapsed time   651.3s, curr speed    0.334 kHz, avg speed    0.368 kHz), accepted     1094/  240001 events ( 0.46%)
Processed   250000/  792390 entries, 31.55% (elapsed time   680.3s, curr speed    0.345 kHz, avg speed    0.367 kHz), accepted     1132/  250001 events ( 0.45%)
Processed   260000/  792390 entries, 32.81% (elapsed time   702.8s, curr speed    0.444 kHz, avg speed    0.370 kHz), accepted     1172/  260001 events ( 0.45%)
Processed   270000/  792390 entries, 34.07% (elapsed time   722.1s, curr speed    0.520 kHz, avg speed    0.374 kHz), accepted     1214/  270001 events ( 0.45%)
Processed   280000/  792390 entries, 35.34% (elapsed time   753.9s, curr speed    0.315 kHz, avg speed    0.371 kHz), accepted     1267/  280001 events ( 0.45%)
Processed   290000/  792390 entries, 36.60% (elapsed time   775.2s, curr speed    0.469 kHz, avg speed    0.374 kHz), accepted     1306/  290001 events ( 0.45%)
Processed   300000/  792390 entries, 37.86% (elapsed time   800.7s, curr speed    0.392 kHz, avg speed    0.375 kHz), accepted     1359/  300001 events ( 0.45%)
Processed   310000/  792390 entries, 39.12% (elapsed time   831.1s, curr speed    0.329 kHz, avg speed    0.373 kHz), accepted     1413/  310001 events ( 0.46%)
Processed   320000/  792390 entries, 40.38% (elapsed time   856.5s, curr speed    0.393 kHz, avg speed    0.374 kHz), accepted     1451/  320001 events ( 0.45%)
Processed   330000/  792390 entries, 41.65% (elapsed time   883.5s, curr speed    0.371 kHz, avg speed    0.374 kHz), accepted     1505/  330001 events ( 0.46%)
Processed   340000/  792390 entries, 42.91% (elapsed time   914.1s, curr speed    0.327 kHz, avg speed    0.372 kHz), accepted     1544/  340001 events ( 0.45%)
Processed   350000/  792390 entries, 44.17% (elapsed time   942.6s, curr speed    0.351 kHz, avg speed    0.371 kHz), accepted     1584/  350001 events ( 0.45%)
Processed   360000/  792390 entries, 45.43% (elapsed time   977.3s, curr speed    0.288 kHz, avg speed    0.368 kHz), accepted     1621/  360001 events ( 0.45%)
Processed   370000/  792390 entries, 46.69% (elapsed time   999.1s, curr speed    0.460 kHz, avg speed    0.370 kHz), accepted     1659/  370001 events ( 0.45%)
Processed   380000/  792390 entries, 47.96% (elapsed time  1022.7s, curr speed    0.422 kHz, avg speed    0.372 kHz), accepted     1709/  380001 events ( 0.45%)
Processed   390000/  792390 entries, 49.22% (elapsed time  1054.7s, curr speed    0.313 kHz, avg speed    0.370 kHz), accepted     1747/  390001 events ( 0.45%)
Processed   400000/  792390 entries, 50.48% (elapsed time  1080.2s, curr speed    0.392 kHz, avg speed    0.370 kHz), accepted     1787/  400001 events ( 0.45%)
Processed   410000/  792390 entries, 51.74% (elapsed time  1116.8s, curr speed    0.273 kHz, avg speed    0.367 kHz), accepted     1821/  410001 events ( 0.44%)
Processed   420000/  792390 entries, 53.00% (elapsed time  1164.9s, curr speed    0.208 kHz, avg speed    0.361 kHz), accepted     1878/  420001 events ( 0.45%)
Processed   430000/  792390 entries, 54.27% (elapsed time  1194.2s, curr speed    0.342 kHz, avg speed    0.360 kHz), accepted     1923/  430001 events ( 0.45%)
Processed   440000/  792390 entries, 55.53% (elapsed time  1225.1s, curr speed    0.323 kHz, avg speed    0.359 kHz), accepted     1973/  440001 events ( 0.45%)
Processed   450000/  792390 entries, 56.79% (elapsed time  1253.7s, curr speed    0.350 kHz, avg speed    0.359 kHz), accepted     2014/  450001 events ( 0.45%)
Processed   460000/  792390 entries, 58.05% (elapsed time  1274.3s, curr speed    0.484 kHz, avg speed    0.361 kHz), accepted     2052/  460001 events ( 0.45%)
Processed   470000/  792390 entries, 59.31% (elapsed time  1309.6s, curr speed    0.284 kHz, avg speed    0.359 kHz), accepted     2094/  470001 events ( 0.45%)
Processed   480000/  792390 entries, 60.58% (elapsed time  1330.9s, curr speed    0.470 kHz, avg speed    0.361 kHz), accepted     2148/  480001 events ( 0.45%)
Processed   490000/  792390 entries, 61.84% (elapsed time  1357.7s, curr speed    0.373 kHz, avg speed    0.361 kHz), accepted     2214/  490001 events ( 0.45%)
Processed   500000/  792390 entries, 63.10% (elapsed time  1391.9s, curr speed    0.292 kHz, avg speed    0.359 kHz), accepted     2267/  500001 events ( 0.45%)
Processed   510000/  792390 entries, 64.36% (elapsed time  1415.0s, curr speed    0.432 kHz, avg speed    0.360 kHz), accepted     2319/  510001 events ( 0.45%)
Processed   520000/  792390 entries, 65.62% (elapsed time  1438.7s, curr speed    0.422 kHz, avg speed    0.361 kHz), accepted     2364/  520001 events ( 0.45%)
Processed   530000/  792390 entries, 66.89% (elapsed time  1471.2s, curr speed    0.308 kHz, avg speed    0.360 kHz), accepted     2407/  530001 events ( 0.45%)
Processed   540000/  792390 entries, 68.15% (elapsed time  1497.6s, curr speed    0.380 kHz, avg speed    0.361 kHz), accepted     2463/  540001 events ( 0.46%)
Processed   550000/  792390 entries, 69.41% (elapsed time  1527.3s, curr speed    0.337 kHz, avg speed    0.360 kHz), accepted     2519/  550001 events ( 0.46%)
Processed   560000/  792390 entries, 70.67% (elapsed time  1549.9s, curr speed    0.442 kHz, avg speed    0.361 kHz), accepted     2576/  560001 events ( 0.46%)
Processed   570000/  792390 entries, 71.93% (elapsed time  1572.7s, curr speed    0.439 kHz, avg speed    0.362 kHz), accepted     2617/  570001 events ( 0.46%)
Processed   580000/  792390 entries, 73.20% (elapsed time  1603.6s, curr speed    0.324 kHz, avg speed    0.362 kHz), accepted     2657/  580001 events ( 0.46%)
Processed   590000/  792390 entries, 74.46% (elapsed time  1627.1s, curr speed    0.424 kHz, avg speed    0.363 kHz), accepted     2705/  590001 events ( 0.46%)
Processed   600000/  792390 entries, 75.72% (elapsed time  1649.5s, curr speed    0.447 kHz, avg speed    0.364 kHz), accepted     2757/  600001 events ( 0.46%)
Processed   610000/  792390 entries, 76.98% (elapsed time  1682.0s, curr speed    0.308 kHz, avg speed    0.363 kHz), accepted     2795/  610001 events ( 0.46%)
Processed   620000/  792390 entries, 78.24% (elapsed time  1703.7s, curr speed    0.462 kHz, avg speed    0.364 kHz), accepted     2842/  620001 events ( 0.46%)
Processed   630000/  792390 entries, 79.51% (elapsed time  1727.3s, curr speed    0.424 kHz, avg speed    0.365 kHz), accepted     2896/  630001 events ( 0.46%)
Processed   640000/  792390 entries, 80.77% (elapsed time  1758.3s, curr speed    0.322 kHz, avg speed    0.364 kHz), accepted     2939/  640001 events ( 0.46%)
Processed   650000/  792390 entries, 82.03% (elapsed time  1783.0s, curr speed    0.405 kHz, avg speed    0.365 kHz), accepted     2973/  650001 events ( 0.46%)
Processed   660000/  792390 entries, 83.29% (elapsed time  1821.0s, curr speed    0.263 kHz, avg speed    0.362 kHz), accepted     3012/  660001 events ( 0.46%)
Processed   670000/  792390 entries, 84.55% (elapsed time  1842.0s, curr speed    0.475 kHz, avg speed    0.364 kHz), accepted     3057/  670001 events ( 0.46%)
Processed   680000/  792390 entries, 85.82% (elapsed time  1863.8s, curr speed    0.459 kHz, avg speed    0.365 kHz), accepted     3099/  680001 events ( 0.46%)
Processed   690000/  792390 entries, 87.08% (elapsed time  1894.3s, curr speed    0.328 kHz, avg speed    0.364 kHz), accepted     3137/  690001 events ( 0.45%)
Processed   700000/  792390 entries, 88.34% (elapsed time  1918.0s, curr speed    0.422 kHz, avg speed    0.365 kHz), accepted     3182/  700001 events ( 0.45%)
Processed   710000/  792390 entries, 89.60% (elapsed time  1942.5s, curr speed    0.409 kHz, avg speed    0.366 kHz), accepted     3222/  710001 events ( 0.45%)
Processed   720000/  792390 entries, 90.86% (elapsed time  1969.5s, curr speed    0.370 kHz, avg speed    0.366 kHz), accepted     3259/  720001 events ( 0.45%)
Processed   730000/  792390 entries, 92.13% (elapsed time  1999.0s, curr speed    0.339 kHz, avg speed    0.365 kHz), accepted     3306/  730001 events ( 0.45%)
Processed   740000/  792390 entries, 93.39% (elapsed time  2026.1s, curr speed    0.369 kHz, avg speed    0.365 kHz), accepted     3360/  740001 events ( 0.45%)
Processed   750000/  792390 entries, 94.65% (elapsed time  2067.6s, curr speed    0.241 kHz, avg speed    0.363 kHz), accepted     3411/  750001 events ( 0.45%)
Processed   760000/  792390 entries, 95.91% (elapsed time  2099.1s, curr speed    0.317 kHz, avg speed    0.362 kHz), accepted     3460/  760001 events ( 0.46%)
Processed   770000/  792390 entries, 97.17% (elapsed time  2146.0s, curr speed    0.213 kHz, avg speed    0.359 kHz), accepted     3500/  770001 events ( 0.45%)
Processed   780000/  792390 entries, 98.44% (elapsed time  2174.3s, curr speed    0.353 kHz, avg speed    0.359 kHz), accepted     3530/  780001 events ( 0.45%)
Processed   790000/  792390 entries, 99.70% (elapsed time  2202.3s, curr speed    0.357 kHz, avg speed    0.359 kHz), accepted     3567/  790001 events ( 0.45%)
Processed 792390 preselected entries from root://cms-xrd-global.cern.ch//store/mc/RunIISummer16NanoAODv6/TT_TuneCUETP8M2T4_13TeV-powheg-pythia8/NANOAODSIM/PUMoriond17_Nano25Oct2019_102X_mcRun2_asymptotic_v7-v2/20000/7075576A-520B-6C40-868B-824EA47870F7.root (792390 entries). Finally selected 3579 entries
Pre-select 1371501 entries out of 1371501 (100.00%)
Processed    10000/ 1371501 entries,  0.73% (elapsed time    55.6s, curr speed    0.180 kHz, avg speed    0.180 kHz), accepted       43/   10001 events ( 0.43%)
Processed    20000/ 1371501 entries,  1.46% (elapsed time    85.6s, curr speed    0.333 kHz, avg speed    0.234 kHz), accepted       80/   20001 events ( 0.40%)
Processed    30000/ 1371501 entries,  2.19% (elapsed time   131.0s, curr speed    0.220 kHz, avg speed    0.229 kHz), accepted      134/   30001 events ( 0.45%)
Processed    40000/ 1371501 entries,  2.92% (elapsed time   159.3s, curr speed    0.353 kHz, avg speed    0.251 kHz), accepted      175/   40001 events ( 0.44%)
Processed    50000/ 1371501 entries,  3.65% (elapsed time   189.6s, curr speed    0.330 kHz, avg speed    0.264 kHz), accepted      210/   50001 events ( 0.42%)
Processed    60000/ 1371501 entries,  4.37% (elapsed time   232.7s, curr speed    0.232 kHz, avg speed    0.258 kHz), accepted      268/   60001 events ( 0.45%)
Processed    70000/ 1371501 entries,  5.10% (elapsed time   262.6s, curr speed    0.334 kHz, avg speed    0.267 kHz), accepted      320/   70001 events ( 0.46%)
Processed    80000/ 1371501 entries,  5.83% (elapsed time   293.7s, curr speed    0.322 kHz, avg speed    0.272 kHz), accepted      365/   80001 events ( 0.46%)
Processed    90000/ 1371501 entries,  6.56% (elapsed time   335.3s, curr speed    0.240 kHz, avg speed    0.268 kHz), accepted      401/   90001 events ( 0.45%)
Processed   100000/ 1371501 entries,  7.29% (elapsed time   365.5s, curr speed    0.331 kHz, avg speed    0.274 kHz), accepted      446/  100001 events ( 0.45%)
Processed   110000/ 1371501 entries,  8.02% (elapsed time   410.9s, curr speed    0.221 kHz, avg speed    0.268 kHz), accepted      502/  110001 events ( 0.46%)
Processed   120000/ 1371501 entries,  8.75% (elapsed time   441.8s, curr speed    0.323 kHz, avg speed    0.272 kHz), accepted      548/  120001 events ( 0.46%)
Processed   130000/ 1371501 entries,  9.48% (elapsed time   472.3s, curr speed    0.329 kHz, avg speed    0.275 kHz), accepted      599/  130001 events ( 0.46%)
Processed   140000/ 1371501 entries, 10.21% (elapsed time   516.1s, curr speed    0.228 kHz, avg speed    0.271 kHz), accepted      654/  140001 events ( 0.47%)
Processed   150000/ 1371501 entries, 10.94% (elapsed time   544.9s, curr speed    0.348 kHz, avg speed    0.275 kHz), accepted      692/  150001 events ( 0.46%)
Processed   160000/ 1371501 entries, 11.67% (elapsed time   576.5s, curr speed    0.316 kHz, avg speed    0.278 kHz), accepted      740/  160001 events ( 0.46%)
Processed   170000/ 1371501 entries, 12.40% (elapsed time   619.9s, curr speed    0.231 kHz, avg speed    0.274 kHz), accepted      789/  170001 events ( 0.46%)
Processed   180000/ 1371501 entries, 13.12% (elapsed time   652.6s, curr speed    0.306 kHz, avg speed    0.276 kHz), accepted      829/  180001 events ( 0.46%)
Processed   190000/ 1371501 entries, 13.85% (elapsed time   695.2s, curr speed    0.235 kHz, avg speed    0.273 kHz), accepted      883/  190001 events ( 0.46%)
Processed   200000/ 1371501 entries, 14.58% (elapsed time   730.3s, curr speed    0.284 kHz, avg speed    0.274 kHz), accepted      931/  200001 events ( 0.47%)
Processed   210000/ 1371501 entries, 15.31% (elapsed time   758.9s, curr speed    0.350 kHz, avg speed    0.277 kHz), accepted      968/  210001 events ( 0.46%)
Processed   220000/ 1371501 entries, 16.04% (elapsed time   795.8s, curr speed    0.271 kHz, avg speed    0.276 kHz), accepted     1013/  220001 events ( 0.46%)
Processed   230000/ 1371501 entries, 16.77% (elapsed time   832.9s, curr speed    0.269 kHz, avg speed    0.276 kHz), accepted     1045/  230001 events ( 0.45%)
Processed   240000/ 1371501 entries, 17.50% (elapsed time   861.5s, curr speed    0.351 kHz, avg speed    0.279 kHz), accepted     1096/  240001 events ( 0.46%)
Processed   250000/ 1371501 entries, 18.23% (elapsed time   904.0s, curr speed    0.235 kHz, avg speed    0.277 kHz), accepted     1137/  250001 events ( 0.45%)
Processed   260000/ 1371501 entries, 18.96% (elapsed time   932.7s, curr speed    0.347 kHz, avg speed    0.279 kHz), accepted     1176/  260001 events ( 0.45%)
Processed   270000/ 1371501 entries, 19.69% (elapsed time   976.3s, curr speed    0.230 kHz, avg speed    0.277 kHz), accepted     1225/  270001 events ( 0.45%)
Processed   280000/ 1371501 entries, 20.42% (elapsed time  1006.7s, curr speed    0.329 kHz, avg speed    0.278 kHz), accepted     1275/  280001 events ( 0.46%)
Processed   290000/ 1371501 entries, 21.14% (elapsed time  1036.6s, curr speed    0.334 kHz, avg speed    0.280 kHz), accepted     1316/  290001 events ( 0.45%)
Processed   300000/ 1371501 entries, 21.87% (elapsed time  1076.6s, curr speed    0.250 kHz, avg speed    0.279 kHz), accepted     1368/  300001 events ( 0.46%)
Processed   310000/ 1371501 entries, 22.60% (elapsed time  1103.5s, curr speed    0.372 kHz, avg speed    0.281 kHz), accepted     1417/  310001 events ( 0.46%)
Processed   320000/ 1371501 entries, 23.33% (elapsed time  1131.8s, curr speed    0.353 kHz, avg speed    0.283 kHz), accepted     1461/  320001 events ( 0.46%)
Processed   330000/ 1371501 entries, 24.06% (elapsed time  1170.4s, curr speed    0.259 kHz, avg speed    0.282 kHz), accepted     1494/  330001 events ( 0.45%)
Processed   340000/ 1371501 entries, 24.79% (elapsed time  1202.2s, curr speed    0.315 kHz, avg speed    0.283 kHz), accepted     1530/  340001 events ( 0.45%)
Processed   350000/ 1371501 entries, 25.52% (elapsed time  1235.3s, curr speed    0.302 kHz, avg speed    0.283 kHz), accepted     1572/  350001 events ( 0.45%)
Processed   360000/ 1371501 entries, 26.25% (elapsed time  1269.8s, curr speed    0.290 kHz, avg speed    0.284 kHz), accepted     1622/  360001 events ( 0.45%)
Processed   370000/ 1371501 entries, 26.98% (elapsed time  1299.0s, curr speed    0.342 kHz, avg speed    0.285 kHz), accepted     1675/  370001 events ( 0.45%)
Processed   380000/ 1371501 entries, 27.71% (elapsed time  1339.5s, curr speed    0.247 kHz, avg speed    0.284 kHz), accepted     1715/  380001 events ( 0.45%)
Processed   390000/ 1371501 entries, 28.44% (elapsed time  1368.6s, curr speed    0.343 kHz, avg speed    0.285 kHz), accepted     1762/  390001 events ( 0.45%)
Processed   400000/ 1371501 entries, 29.17% (elapsed time  1399.4s, curr speed    0.325 kHz, avg speed    0.286 kHz), accepted     1806/  400001 events ( 0.45%)
Processed   410000/ 1371501 entries, 29.89% (elapsed time  1439.7s, curr speed    0.248 kHz, avg speed    0.285 kHz), accepted     1844/  410001 events ( 0.45%)
Processed   420000/ 1371501 entries, 30.62% (elapsed time  1469.2s, curr speed    0.338 kHz, avg speed    0.286 kHz), accepted     1891/  420001 events ( 0.45%)
Processed   430000/ 1371501 entries, 31.35% (elapsed time  1502.7s, curr speed    0.299 kHz, avg speed    0.286 kHz), accepted     1938/  430001 events ( 0.45%)
Processed   440000/ 1371501 entries, 32.08% (elapsed time  1542.4s, curr speed    0.252 kHz, avg speed    0.285 kHz), accepted     1983/  440001 events ( 0.45%)
Processed   450000/ 1371501 entries, 32.81% (elapsed time  1571.0s, curr speed    0.349 kHz, avg speed    0.286 kHz), accepted     2034/  450001 events ( 0.45%)
Processed   460000/ 1371501 entries, 33.54% (elapsed time  1613.6s, curr speed    0.235 kHz, avg speed    0.285 kHz), accepted     2066/  460001 events ( 0.45%)
Processed   470000/ 1371501 entries, 34.27% (elapsed time  1644.2s, curr speed    0.327 kHz, avg speed    0.286 kHz), accepted     2120/  470001 events ( 0.45%)
Processed   480000/ 1371501 entries, 35.00% (elapsed time  1672.5s, curr speed    0.353 kHz, avg speed    0.287 kHz), accepted     2158/  480001 events ( 0.45%)
Processed   490000/ 1371501 entries, 35.73% (elapsed time  1714.2s, curr speed    0.240 kHz, avg speed    0.286 kHz), accepted     2205/  490001 events ( 0.45%)
Processed   500000/ 1371501 entries, 36.46% (elapsed time  1741.3s, curr speed    0.369 kHz, avg speed    0.287 kHz), accepted     2250/  500001 events ( 0.45%)
Processed   510000/ 1371501 entries, 37.19% (elapsed time  1772.1s, curr speed    0.324 kHz, avg speed    0.288 kHz), accepted     2311/  510001 events ( 0.45%)
Processed   520000/ 1371501 entries, 37.91% (elapsed time  1811.7s, curr speed    0.253 kHz, avg speed    0.287 kHz), accepted     2357/  520001 events ( 0.45%)
Processed   530000/ 1371501 entries, 38.64% (elapsed time  1842.1s, curr speed    0.329 kHz, avg speed    0.288 kHz), accepted     2397/  530001 events ( 0.45%)
Processed   540000/ 1371501 entries, 39.37% (elapsed time  1886.3s, curr speed    0.226 kHz, avg speed    0.286 kHz), accepted     2451/  540001 events ( 0.45%)
Processed   550000/ 1371501 entries, 40.10% (elapsed time  1917.4s, curr speed    0.322 kHz, avg speed    0.287 kHz), accepted     2499/  550001 events ( 0.45%)
Processed   560000/ 1371501 entries, 40.83% (elapsed time  1947.2s, curr speed    0.336 kHz, avg speed    0.288 kHz), accepted     2544/  560001 events ( 0.45%)
Processed   570000/ 1371501 entries, 41.56% (elapsed time  1986.9s, curr speed    0.252 kHz, avg speed    0.287 kHz), accepted     2590/  570001 events ( 0.45%)
Processed   580000/ 1371501 entries, 42.29% (elapsed time  2016.2s, curr speed    0.341 kHz, avg speed    0.288 kHz), accepted     2650/  580001 events ( 0.46%)
Processed   590000/ 1371501 entries, 43.02% (elapsed time  2045.8s, curr speed    0.338 kHz, avg speed    0.288 kHz), accepted     2693/  590001 events ( 0.46%)
Processed   600000/ 1371501 entries, 43.75% (elapsed time  2086.7s, curr speed    0.245 kHz, avg speed    0.288 kHz), accepted     2736/  600001 events ( 0.46%)
Processed   610000/ 1371501 entries, 44.48% (elapsed time  2119.3s, curr speed    0.307 kHz, avg speed    0.288 kHz), accepted     2788/  610001 events ( 0.46%)
Processed   620000/ 1371501 entries, 45.21% (elapsed time  2159.9s, curr speed    0.246 kHz, avg speed    0.287 kHz), accepted     2842/  620001 events ( 0.46%)
Processed   630000/ 1371501 entries, 45.94% (elapsed time  2190.2s, curr speed    0.330 kHz, avg speed    0.288 kHz), accepted     2879/  630001 events ( 0.46%)
Processed   640000/ 1371501 entries, 46.66% (elapsed time  2224.9s, curr speed    0.288 kHz, avg speed    0.288 kHz), accepted     2925/  640001 events ( 0.46%)
Processed   650000/ 1371501 entries, 47.39% (elapsed time  2265.9s, curr speed    0.244 kHz, avg speed    0.287 kHz), accepted     2954/  650001 events ( 0.45%)
Processed   660000/ 1371501 entries, 48.12% (elapsed time  2296.5s, curr speed    0.327 kHz, avg speed    0.287 kHz), accepted     3003/  660001 events ( 0.45%)
Processed   670000/ 1371501 entries, 48.85% (elapsed time  2329.0s, curr speed    0.307 kHz, avg speed    0.288 kHz), accepted     3054/  670001 events ( 0.46%)
Processed   680000/ 1371501 entries, 49.58% (elapsed time  2372.5s, curr speed    0.230 kHz, avg speed    0.287 kHz), accepted     3097/  680001 events ( 0.46%)
Processed   690000/ 1371501 entries, 50.31% (elapsed time  2404.7s, curr speed    0.310 kHz, avg speed    0.287 kHz), accepted     3144/  690001 events ( 0.46%)
Processed   700000/ 1371501 entries, 51.04% (elapsed time  2441.9s, curr speed    0.269 kHz, avg speed    0.287 kHz), accepted     3191/  700001 events ( 0.46%)
Processed   710000/ 1371501 entries, 51.77% (elapsed time  2487.7s, curr speed    0.218 kHz, avg speed    0.285 kHz), accepted     3241/  710001 events ( 0.46%)
Processed   720000/ 1371501 entries, 52.50% (elapsed time  2517.6s, curr speed    0.335 kHz, avg speed    0.286 kHz), accepted     3276/  720001 events ( 0.45%)
Processed   730000/ 1371501 entries, 53.23% (elapsed time  2565.1s, curr speed    0.210 kHz, avg speed    0.285 kHz), accepted     3318/  730001 events ( 0.45%)
Processed   740000/ 1371501 entries, 53.96% (elapsed time  2608.1s, curr speed    0.233 kHz, avg speed    0.284 kHz), accepted     3382/  740001 events ( 0.46%)
Processed   750000/ 1371501 entries, 54.68% (elapsed time  2639.7s, curr speed    0.316 kHz, avg speed    0.284 kHz), accepted     3430/  750001 events ( 0.46%)
Processed   760000/ 1371501 entries, 55.41% (elapsed time  2685.2s, curr speed    0.220 kHz, avg speed    0.283 kHz), accepted     3473/  760001 events ( 0.46%)
Processed   770000/ 1371501 entries, 56.14% (elapsed time  2718.9s, curr speed    0.297 kHz, avg speed    0.283 kHz), accepted     3522/  770001 events ( 0.46%)
Processed   780000/ 1371501 entries, 56.87% (elapsed time  2765.6s, curr speed    0.214 kHz, avg speed    0.282 kHz), accepted     3575/  780001 events ( 0.46%)
Processed   790000/ 1371501 entries, 57.60% (elapsed time  2799.2s, curr speed    0.297 kHz, avg speed    0.282 kHz), accepted     3626/  790001 events ( 0.46%)
Processed   800000/ 1371501 entries, 58.33% (elapsed time  2833.8s, curr speed    0.290 kHz, avg speed    0.282 kHz), accepted     3674/  800001 events ( 0.46%)
Processed   810000/ 1371501 entries, 59.06% (elapsed time  2873.3s, curr speed    0.253 kHz, avg speed    0.282 kHz), accepted     3732/  810001 events ( 0.46%)
Processed   820000/ 1371501 entries, 59.79% (elapsed time  2906.7s, curr speed    0.299 kHz, avg speed    0.282 kHz), accepted     3777/  820001 events ( 0.46%)
Processed   830000/ 1371501 entries, 60.52% (elapsed time  2933.4s, curr speed    0.374 kHz, avg speed    0.283 kHz), accepted     3824/  830001 events ( 0.46%)
Processed   840000/ 1371501 entries, 61.25% (elapsed time  2968.5s, curr speed    0.285 kHz, avg speed    0.283 kHz), accepted     3877/  840001 events ( 0.46%)
Processed   850000/ 1371501 entries, 61.98% (elapsed time  2994.4s, curr speed    0.386 kHz, avg speed    0.284 kHz), accepted     3918/  850001 events ( 0.46%)
Processed   860000/ 1371501 entries, 62.71% (elapsed time  3025.4s, curr speed    0.323 kHz, avg speed    0.284 kHz), accepted     3962/  860001 events ( 0.46%)
Processed   870000/ 1371501 entries, 63.43% (elapsed time  3070.1s, curr speed    0.224 kHz, avg speed    0.283 kHz), accepted     4003/  870001 events ( 0.46%)
Processed   880000/ 1371501 entries, 64.16% (elapsed time  3106.4s, curr speed    0.276 kHz, avg speed    0.283 kHz), accepted     4053/  880001 events ( 0.46%)
Processed   890000/ 1371501 entries, 64.89% (elapsed time  3153.3s, curr speed    0.213 kHz, avg speed    0.282 kHz), accepted     4104/  890001 events ( 0.46%)
Processed   900000/ 1371501 entries, 65.62% (elapsed time  3186.8s, curr speed    0.299 kHz, avg speed    0.282 kHz), accepted     4143/  900001 events ( 0.46%)
Processed   910000/ 1371501 entries, 66.35% (elapsed time  3218.8s, curr speed    0.312 kHz, avg speed    0.283 kHz), accepted     4188/  910001 events ( 0.46%)
Processed   920000/ 1371501 entries, 67.08% (elapsed time  3263.0s, curr speed    0.226 kHz, avg speed    0.282 kHz), accepted     4236/  920001 events ( 0.46%)
Processed   930000/ 1371501 entries, 67.81% (elapsed time  3296.2s, curr speed    0.301 kHz, avg speed    0.282 kHz), accepted     4276/  930001 events ( 0.46%)
Processed   940000/ 1371501 entries, 68.54% (elapsed time  3326.3s, curr speed    0.331 kHz, avg speed    0.283 kHz), accepted     4319/  940001 events ( 0.46%)
Processed   950000/ 1371501 entries, 69.27% (elapsed time  3371.3s, curr speed    0.222 kHz, avg speed    0.282 kHz), accepted     4369/  950001 events ( 0.46%)
Processed   960000/ 1371501 entries, 70.00% (elapsed time  3404.5s, curr speed    0.301 kHz, avg speed    0.282 kHz), accepted     4410/  960001 events ( 0.46%)
Processed   970000/ 1371501 entries, 70.73% (elapsed time  3451.6s, curr speed    0.212 kHz, avg speed    0.281 kHz), accepted     4453/  970001 events ( 0.46%)
Processed   980000/ 1371501 entries, 71.45% (elapsed time  3485.2s, curr speed    0.297 kHz, avg speed    0.281 kHz), accepted     4492/  980001 events ( 0.46%)
Processed   990000/ 1371501 entries, 72.18% (elapsed time  3516.3s, curr speed    0.321 kHz, avg speed    0.282 kHz), accepted     4549/  990001 events ( 0.46%)
Processed  1000000/ 1371501 entries, 72.91% (elapsed time  3560.5s, curr speed    0.227 kHz, avg speed    0.281 kHz), accepted     4595/ 1000001 events ( 0.46%)
Processed  1010000/ 1371501 entries, 73.64% (elapsed time  3589.0s, curr speed    0.350 kHz, avg speed    0.281 kHz), accepted     4636/ 1010001 events ( 0.46%)
Processed  1020000/ 1371501 entries, 74.37% (elapsed time  3621.3s, curr speed    0.310 kHz, avg speed    0.282 kHz), accepted     4681/ 1020001 events ( 0.46%)
Processed  1030000/ 1371501 entries, 75.10% (elapsed time  3665.8s, curr speed    0.225 kHz, avg speed    0.281 kHz), accepted     4718/ 1030001 events ( 0.46%)
Processed  1040000/ 1371501 entries, 75.83% (elapsed time  3697.1s, curr speed    0.319 kHz, avg speed    0.281 kHz), accepted     4758/ 1040001 events ( 0.46%)
Processed  1050000/ 1371501 entries, 76.56% (elapsed time  3736.4s, curr speed    0.254 kHz, avg speed    0.281 kHz), accepted     4813/ 1050001 events ( 0.46%)
Processed  1060000/ 1371501 entries, 77.29% (elapsed time  3774.6s, curr speed    0.262 kHz, avg speed    0.281 kHz), accepted     4865/ 1060001 events ( 0.46%)
Processed  1070000/ 1371501 entries, 78.02% (elapsed time  3806.2s, curr speed    0.317 kHz, avg speed    0.281 kHz), accepted     4919/ 1070001 events ( 0.46%)
Processed  1080000/ 1371501 entries, 78.75% (elapsed time  3841.1s, curr speed    0.286 kHz, avg speed    0.281 kHz), accepted     4963/ 1080001 events ( 0.46%)
Processed  1090000/ 1371501 entries, 79.47% (elapsed time  3864.2s, curr speed    0.433 kHz, avg speed    0.282 kHz), accepted     5005/ 1090001 events ( 0.46%)
Processed  1100000/ 1371501 entries, 80.20% (elapsed time  3887.4s, curr speed    0.432 kHz, avg speed    0.283 kHz), accepted     5034/ 1100001 events ( 0.46%)
Processed  1110000/ 1371501 entries, 80.93% (elapsed time  3922.3s, curr speed    0.287 kHz, avg speed    0.283 kHz), accepted     5073/ 1110001 events ( 0.46%)
Processed  1120000/ 1371501 entries, 81.66% (elapsed time  3947.3s, curr speed    0.399 kHz, avg speed    0.284 kHz), accepted     5127/ 1120001 events ( 0.46%)
Processed  1130000/ 1371501 entries, 82.39% (elapsed time  3981.2s, curr speed    0.295 kHz, avg speed    0.284 kHz), accepted     5162/ 1130001 events ( 0.46%)
Processed  1140000/ 1371501 entries, 83.12% (elapsed time  4005.3s, curr speed    0.415 kHz, avg speed    0.285 kHz), accepted     5213/ 1140001 events ( 0.46%)
Processed  1150000/ 1371501 entries, 83.85% (elapsed time  4029.3s, curr speed    0.417 kHz, avg speed    0.285 kHz), accepted     5248/ 1150001 events ( 0.46%)
Processed  1160000/ 1371501 entries, 84.58% (elapsed time  4063.1s, curr speed    0.296 kHz, avg speed    0.285 kHz), accepted     5292/ 1160001 events ( 0.46%)
Processed  1170000/ 1371501 entries, 85.31% (elapsed time  4089.4s, curr speed    0.380 kHz, avg speed    0.286 kHz), accepted     5335/ 1170001 events ( 0.46%)
Processed  1180000/ 1371501 entries, 86.04% (elapsed time  4112.0s, curr speed    0.442 kHz, avg speed    0.287 kHz), accepted     5376/ 1180001 events ( 0.46%)
Processed  1190000/ 1371501 entries, 86.77% (elapsed time  4148.2s, curr speed    0.277 kHz, avg speed    0.287 kHz), accepted     5424/ 1190001 events ( 0.46%)
Processed  1200000/ 1371501 entries, 87.50% (elapsed time  4172.6s, curr speed    0.410 kHz, avg speed    0.288 kHz), accepted     5480/ 1200001 events ( 0.46%)
Processed  1210000/ 1371501 entries, 88.22% (elapsed time  4198.4s, curr speed    0.387 kHz, avg speed    0.288 kHz), accepted     5538/ 1210001 events ( 0.46%)
Processed  1220000/ 1371501 entries, 88.95% (elapsed time  4227.7s, curr speed    0.341 kHz, avg speed    0.289 kHz), accepted     5593/ 1220001 events ( 0.46%)
Processed  1230000/ 1371501 entries, 89.68% (elapsed time  4251.2s, curr speed    0.425 kHz, avg speed    0.289 kHz), accepted     5635/ 1230001 events ( 0.46%)
Processed  1240000/ 1371501 entries, 90.41% (elapsed time  4278.3s, curr speed    0.370 kHz, avg speed    0.290 kHz), accepted     5676/ 1240001 events ( 0.46%)
Processed  1250000/ 1371501 entries, 91.14% (elapsed time  4308.2s, curr speed    0.334 kHz, avg speed    0.290 kHz), accepted     5731/ 1250001 events ( 0.46%)
Processed  1260000/ 1371501 entries, 91.87% (elapsed time  4330.2s, curr speed    0.455 kHz, avg speed    0.291 kHz), accepted     5774/ 1260001 events ( 0.46%)
Processed  1270000/ 1371501 entries, 92.60% (elapsed time  4363.3s, curr speed    0.302 kHz, avg speed    0.291 kHz), accepted     5830/ 1270001 events ( 0.46%)
Processed  1280000/ 1371501 entries, 93.33% (elapsed time  4388.2s, curr speed    0.401 kHz, avg speed    0.292 kHz), accepted     5885/ 1280001 events ( 0.46%)
Processed  1290000/ 1371501 entries, 94.06% (elapsed time  4429.9s, curr speed    0.240 kHz, avg speed    0.291 kHz), accepted     5931/ 1290001 events ( 0.46%)
Processed  1300000/ 1371501 entries, 94.79% (elapsed time  4473.4s, curr speed    0.230 kHz, avg speed    0.291 kHz), accepted     5973/ 1300001 events ( 0.46%)
Processed  1310000/ 1371501 entries, 95.52% (elapsed time  4497.7s, curr speed    0.411 kHz, avg speed    0.291 kHz), accepted     6016/ 1310001 events ( 0.46%)
Processed  1320000/ 1371501 entries, 96.24% (elapsed time  4531.6s, curr speed    0.296 kHz, avg speed    0.291 kHz), accepted     6074/ 1320001 events ( 0.46%)
Processed  1330000/ 1371501 entries, 96.97% (elapsed time  4555.2s, curr speed    0.423 kHz, avg speed    0.292 kHz), accepted     6126/ 1330001 events ( 0.46%)
Processed  1340000/ 1371501 entries, 97.70% (elapsed time  4578.2s, curr speed    0.434 kHz, avg speed    0.293 kHz), accepted     6172/ 1340001 events ( 0.46%)
Processed  1350000/ 1371501 entries, 98.43% (elapsed time  4613.8s, curr speed    0.281 kHz, avg speed    0.293 kHz), accepted     6215/ 1350001 events ( 0.46%)
Processed  1360000/ 1371501 entries, 99.16% (elapsed time  4638.4s, curr speed    0.406 kHz, avg speed    0.293 kHz), accepted     6285/ 1360001 events ( 0.46%)
Processed  1370000/ 1371501 entries, 99.89% (elapsed time  4661.2s, curr speed    0.439 kHz, avg speed    0.294 kHz), accepted     6325/ 1370001 events ( 0.46%)
Processed 1371501 preselected entries from root://cms-xrd-global.cern.ch//store/mc/RunIISummer16NanoAODv6/TT_TuneCUETP8M2T4_13TeV-powheg-pythia8/NANOAODSIM/PUMoriond17_Nano25Oct2019_102X_mcRun2_asymptotic_v7-v2/20000/7378B9CD-404E-B045-9E05-E261D30BC883.root (1371501 entries). Finally selected 6327 entries
Pre-select 1005472 entries out of 1005472 (100.00%)
Processed    10000/ 1005472 entries,  0.99% (elapsed time    56.0s, curr speed    0.179 kHz, avg speed    0.179 kHz), accepted       42/   10001 events ( 0.42%)
Processed    20000/ 1005472 entries,  1.99% (elapsed time    96.4s, curr speed    0.247 kHz, avg speed    0.207 kHz), accepted       91/   20001 events ( 0.45%)
Processed    30000/ 1005472 entries,  2.98% (elapsed time   136.2s, curr speed    0.251 kHz, avg speed    0.220 kHz), accepted      145/   30001 events ( 0.48%)
Processed    40000/ 1005472 entries,  3.98% (elapsed time   173.1s, curr speed    0.271 kHz, avg speed    0.231 kHz), accepted      185/   40001 events ( 0.46%)
Processed    50000/ 1005472 entries,  4.97% (elapsed time   206.4s, curr speed    0.300 kHz, avg speed    0.242 kHz), accepted      237/   50001 events ( 0.47%)
Processed    60000/ 1005472 entries,  5.97% (elapsed time   251.9s, curr speed    0.220 kHz, avg speed    0.238 kHz), accepted      282/   60001 events ( 0.47%)
Processed    70000/ 1005472 entries,  6.96% (elapsed time   287.8s, curr speed    0.278 kHz, avg speed    0.243 kHz), accepted      325/   70001 events ( 0.46%)
Processed    80000/ 1005472 entries,  7.96% (elapsed time   323.2s, curr speed    0.283 kHz, avg speed    0.248 kHz), accepted      380/   80001 events ( 0.47%)
Processed    90000/ 1005472 entries,  8.95% (elapsed time   367.1s, curr speed    0.228 kHz, avg speed    0.245 kHz), accepted      427/   90001 events ( 0.47%)
Processed   100000/ 1005472 entries,  9.95% (elapsed time   398.7s, curr speed    0.316 kHz, avg speed    0.251 kHz), accepted      468/  100001 events ( 0.47%)
Processed   110000/ 1005472 entries, 10.94% (elapsed time   430.1s, curr speed    0.318 kHz, avg speed    0.256 kHz), accepted      512/  110001 events ( 0.47%)
Processed   120000/ 1005472 entries, 11.93% (elapsed time   479.4s, curr speed    0.203 kHz, avg speed    0.250 kHz), accepted      567/  120001 events ( 0.47%)
Processed   130000/ 1005472 entries, 12.93% (elapsed time   513.2s, curr speed    0.295 kHz, avg speed    0.253 kHz), accepted      614/  130001 events ( 0.47%)
Processed   140000/ 1005472 entries, 13.92% (elapsed time   554.5s, curr speed    0.242 kHz, avg speed    0.252 kHz), accepted      675/  140001 events ( 0.48%)
Processed   150000/ 1005472 entries, 14.92% (elapsed time   596.4s, curr speed    0.239 kHz, avg speed    0.252 kHz), accepted      732/  150001 events ( 0.49%)
Processed   160000/ 1005472 entries, 15.91% (elapsed time   629.2s, curr speed    0.305 kHz, avg speed    0.254 kHz), accepted      775/  160001 events ( 0.48%)
Processed   170000/ 1005472 entries, 16.91% (elapsed time   672.5s, curr speed    0.230 kHz, avg speed    0.253 kHz), accepted      816/  170001 events ( 0.48%)
Processed   180000/ 1005472 entries, 17.90% (elapsed time   707.7s, curr speed    0.284 kHz, avg speed    0.254 kHz), accepted      867/  180001 events ( 0.48%)
Processed   190000/ 1005472 entries, 18.90% (elapsed time   745.8s, curr speed    0.263 kHz, avg speed    0.255 kHz), accepted      918/  190001 events ( 0.48%)
Processed   200000/ 1005472 entries, 19.89% (elapsed time   787.9s, curr speed    0.237 kHz, avg speed    0.254 kHz), accepted      952/  200001 events ( 0.48%)
Processed   210000/ 1005472 entries, 20.89% (elapsed time   815.0s, curr speed    0.369 kHz, avg speed    0.258 kHz), accepted      988/  210001 events ( 0.47%)
Processed   220000/ 1005472 entries, 21.88% (elapsed time   841.1s, curr speed    0.383 kHz, avg speed    0.262 kHz), accepted     1025/  220001 events ( 0.47%)
Processed   230000/ 1005472 entries, 22.87% (elapsed time   882.5s, curr speed    0.241 kHz, avg speed    0.261 kHz), accepted     1080/  230001 events ( 0.47%)
Processed   240000/ 1005472 entries, 23.87% (elapsed time   912.9s, curr speed    0.330 kHz, avg speed    0.263 kHz), accepted     1131/  240001 events ( 0.47%)
Processed   250000/ 1005472 entries, 24.86% (elapsed time   947.6s, curr speed    0.288 kHz, avg speed    0.264 kHz), accepted     1178/  250001 events ( 0.47%)
Processed   260000/ 1005472 entries, 25.86% (elapsed time   982.6s, curr speed    0.286 kHz, avg speed    0.265 kHz), accepted     1213/  260001 events ( 0.47%)
Processed   270000/ 1005472 entries, 26.85% (elapsed time  1014.5s, curr speed    0.314 kHz, avg speed    0.266 kHz), accepted     1267/  270001 events ( 0.47%)
Processed   280000/ 1005472 entries, 27.85% (elapsed time  1049.0s, curr speed    0.290 kHz, avg speed    0.267 kHz), accepted     1315/  280001 events ( 0.47%)
Processed   290000/ 1005472 entries, 28.84% (elapsed time  1081.0s, curr speed    0.312 kHz, avg speed    0.268 kHz), accepted     1360/  290001 events ( 0.47%)
Processed   300000/ 1005472 entries, 29.84% (elapsed time  1106.4s, curr speed    0.394 kHz, avg speed    0.271 kHz), accepted     1398/  300001 events ( 0.47%)
Processed   310000/ 1005472 entries, 30.83% (elapsed time  1152.5s, curr speed    0.217 kHz, avg speed    0.269 kHz), accepted     1440/  310001 events ( 0.46%)
Processed   320000/ 1005472 entries, 31.83% (elapsed time  1187.8s, curr speed    0.283 kHz, avg speed    0.269 kHz), accepted     1487/  320001 events ( 0.46%)
Processed   330000/ 1005472 entries, 32.82% (elapsed time  1219.0s, curr speed    0.321 kHz, avg speed    0.271 kHz), accepted     1525/  330001 events ( 0.46%)
Processed   340000/ 1005472 entries, 33.81% (elapsed time  1259.8s, curr speed    0.245 kHz, avg speed    0.270 kHz), accepted     1566/  340001 events ( 0.46%)
Processed   350000/ 1005472 entries, 34.81% (elapsed time  1285.8s, curr speed    0.385 kHz, avg speed    0.272 kHz), accepted     1617/  350001 events ( 0.46%)
Processed   360000/ 1005472 entries, 35.80% (elapsed time  1317.8s, curr speed    0.313 kHz, avg speed    0.273 kHz), accepted     1647/  360001 events ( 0.46%)
Processed   370000/ 1005472 entries, 36.80% (elapsed time  1358.5s, curr speed    0.246 kHz, avg speed    0.272 kHz), accepted     1680/  370001 events ( 0.45%)
Processed   380000/ 1005472 entries, 37.79% (elapsed time  1385.8s, curr speed    0.366 kHz, avg speed    0.274 kHz), accepted     1723/  380001 events ( 0.45%)
Processed   390000/ 1005472 entries, 38.79% (elapsed time  1424.7s, curr speed    0.257 kHz, avg speed    0.274 kHz), accepted     1770/  390001 events ( 0.45%)
Processed   400000/ 1005472 entries, 39.78% (elapsed time  1450.5s, curr speed    0.388 kHz, avg speed    0.276 kHz), accepted     1799/  400001 events ( 0.45%)
Processed   410000/ 1005472 entries, 40.78% (elapsed time  1480.2s, curr speed    0.336 kHz, avg speed    0.277 kHz), accepted     1855/  410001 events ( 0.45%)
Processed   420000/ 1005472 entries, 41.77% (elapsed time  1525.6s, curr speed    0.221 kHz, avg speed    0.275 kHz), accepted     1907/  420001 events ( 0.45%)
Processed   430000/ 1005472 entries, 42.77% (elapsed time  1555.5s, curr speed    0.334 kHz, avg speed    0.276 kHz), accepted     1961/  430001 events ( 0.46%)
Processed   440000/ 1005472 entries, 43.76% (elapsed time  1581.4s, curr speed    0.386 kHz, avg speed    0.278 kHz), accepted     2014/  440001 events ( 0.46%)
Processed   450000/ 1005472 entries, 44.76% (elapsed time  1622.1s, curr speed    0.246 kHz, avg speed    0.277 kHz), accepted     2069/  450001 events ( 0.46%)
Processed   460000/ 1005472 entries, 45.75% (elapsed time  1653.5s, curr speed    0.318 kHz, avg speed    0.278 kHz), accepted     2125/  460001 events ( 0.46%)
Processed   470000/ 1005472 entries, 46.74% (elapsed time  1689.1s, curr speed    0.281 kHz, avg speed    0.278 kHz), accepted     2172/  470001 events ( 0.46%)
Processed   480000/ 1005472 entries, 47.74% (elapsed time  1734.8s, curr speed    0.219 kHz, avg speed    0.277 kHz), accepted     2210/  480001 events ( 0.46%)
Processed   490000/ 1005472 entries, 48.73% (elapsed time  1761.7s, curr speed    0.371 kHz, avg speed    0.278 kHz), accepted     2261/  490001 events ( 0.46%)
Processed   500000/ 1005472 entries, 49.73% (elapsed time  1798.9s, curr speed    0.269 kHz, avg speed    0.278 kHz), accepted     2301/  500001 events ( 0.46%)
Processed   510000/ 1005472 entries, 50.72% (elapsed time  1831.7s, curr speed    0.304 kHz, avg speed    0.278 kHz), accepted     2343/  510001 events ( 0.46%)
Processed   520000/ 1005472 entries, 51.72% (elapsed time  1862.1s, curr speed    0.329 kHz, avg speed    0.279 kHz), accepted     2381/  520001 events ( 0.46%)
Processed   530000/ 1005472 entries, 52.71% (elapsed time  1903.5s, curr speed    0.241 kHz, avg speed    0.278 kHz), accepted     2415/  530001 events ( 0.46%)
Processed   540000/ 1005472 entries, 53.71% (elapsed time  1933.8s, curr speed    0.330 kHz, avg speed    0.279 kHz), accepted     2453/  540001 events ( 0.45%)
Processed   550000/ 1005472 entries, 54.70% (elapsed time  1961.9s, curr speed    0.356 kHz, avg speed    0.280 kHz), accepted     2498/  550001 events ( 0.45%)
Processed   560000/ 1005472 entries, 55.70% (elapsed time  2001.4s, curr speed    0.253 kHz, avg speed    0.280 kHz), accepted     2531/  560001 events ( 0.45%)
Processed   570000/ 1005472 entries, 56.69% (elapsed time  2030.3s, curr speed    0.346 kHz, avg speed    0.281 kHz), accepted     2577/  570001 events ( 0.45%)
Processed   580000/ 1005472 entries, 57.68% (elapsed time  2057.5s, curr speed    0.368 kHz, avg speed    0.282 kHz), accepted     2616/  580001 events ( 0.45%)
Processed   590000/ 1005472 entries, 58.68% (elapsed time  2096.0s, curr speed    0.260 kHz, avg speed    0.281 kHz), accepted     2655/  590001 events ( 0.45%)
Processed   600000/ 1005472 entries, 59.67% (elapsed time  2124.4s, curr speed    0.353 kHz, avg speed    0.282 kHz), accepted     2706/  600001 events ( 0.45%)
Processed   610000/ 1005472 entries, 60.67% (elapsed time  2154.9s, curr speed    0.327 kHz, avg speed    0.283 kHz), accepted     2750/  610001 events ( 0.45%)
Processed   620000/ 1005472 entries, 61.66% (elapsed time  2193.3s, curr speed    0.261 kHz, avg speed    0.283 kHz), accepted     2795/  620001 events ( 0.45%)
Processed   630000/ 1005472 entries, 62.66% (elapsed time  2222.4s, curr speed    0.343 kHz, avg speed    0.283 kHz), accepted     2837/  630001 events ( 0.45%)
Processed   640000/ 1005472 entries, 63.65% (elapsed time  2266.6s, curr speed    0.226 kHz, avg speed    0.282 kHz), accepted     2888/  640001 events ( 0.45%)
Processed   650000/ 1005472 entries, 64.65% (elapsed time  2298.1s, curr speed    0.318 kHz, avg speed    0.283 kHz), accepted     2930/  650001 events ( 0.45%)
Processed   660000/ 1005472 entries, 65.64% (elapsed time  2326.6s, curr speed    0.351 kHz, avg speed    0.284 kHz), accepted     2983/  660001 events ( 0.45%)
Processed   670000/ 1005472 entries, 66.64% (elapsed time  2365.2s, curr speed    0.259 kHz, avg speed    0.283 kHz), accepted     3019/  670001 events ( 0.45%)
Processed   680000/ 1005472 entries, 67.63% (elapsed time  2401.0s, curr speed    0.279 kHz, avg speed    0.283 kHz), accepted     3061/  680001 events ( 0.45%)
Processed   690000/ 1005472 entries, 68.62% (elapsed time  2425.7s, curr speed    0.404 kHz, avg speed    0.284 kHz), accepted     3112/  690001 events ( 0.45%)
Processed   700000/ 1005472 entries, 69.62% (elapsed time  2463.3s, curr speed    0.266 kHz, avg speed    0.284 kHz), accepted     3148/  700001 events ( 0.45%)
Processed   710000/ 1005472 entries, 70.61% (elapsed time  2490.1s, curr speed    0.373 kHz, avg speed    0.285 kHz), accepted     3194/  710001 events ( 0.45%)
Processed   720000/ 1005472 entries, 71.61% (elapsed time  2522.3s, curr speed    0.310 kHz, avg speed    0.285 kHz), accepted     3239/  720001 events ( 0.45%)
Processed   730000/ 1005472 entries, 72.60% (elapsed time  2566.2s, curr speed    0.228 kHz, avg speed    0.284 kHz), accepted     3283/  730001 events ( 0.45%)
Processed   740000/ 1005472 entries, 73.60% (elapsed time  2598.4s, curr speed    0.310 kHz, avg speed    0.285 kHz), accepted     3340/  740001 events ( 0.45%)
Processed   750000/ 1005472 entries, 74.59% (elapsed time  2640.0s, curr speed    0.240 kHz, avg speed    0.284 kHz), accepted     3398/  750001 events ( 0.45%)
Processed   760000/ 1005472 entries, 75.59% (elapsed time  2681.5s, curr speed    0.241 kHz, avg speed    0.283 kHz), accepted     3444/  760001 events ( 0.45%)
Processed   770000/ 1005472 entries, 76.58% (elapsed time  2708.5s, curr speed    0.371 kHz, avg speed    0.284 kHz), accepted     3491/  770001 events ( 0.45%)
Processed   780000/ 1005472 entries, 77.58% (elapsed time  2757.0s, curr speed    0.206 kHz, avg speed    0.283 kHz), accepted     3549/  780001 events ( 0.45%)
Processed   790000/ 1005472 entries, 78.57% (elapsed time  2787.4s, curr speed    0.329 kHz, avg speed    0.283 kHz), accepted     3601/  790001 events ( 0.46%)
Processed   800000/ 1005472 entries, 79.56% (elapsed time  2814.3s, curr speed    0.373 kHz, avg speed    0.284 kHz), accepted     3650/  800001 events ( 0.46%)
Processed   810000/ 1005472 entries, 80.56% (elapsed time  2857.7s, curr speed    0.230 kHz, avg speed    0.283 kHz), accepted     3695/  810001 events ( 0.46%)
Processed   820000/ 1005472 entries, 81.55% (elapsed time  2890.1s, curr speed    0.309 kHz, avg speed    0.284 kHz), accepted     3741/  820001 events ( 0.46%)
Processed   830000/ 1005472 entries, 82.55% (elapsed time  2920.4s, curr speed    0.330 kHz, avg speed    0.284 kHz), accepted     3786/  830001 events ( 0.46%)
Processed   840000/ 1005472 entries, 83.54% (elapsed time  2961.1s, curr speed    0.246 kHz, avg speed    0.284 kHz), accepted     3825/  840001 events ( 0.46%)
Processed   850000/ 1005472 entries, 84.54% (elapsed time  2996.1s, curr speed    0.286 kHz, avg speed    0.284 kHz), accepted     3856/  850001 events ( 0.45%)
Processed   860000/ 1005472 entries, 85.53% (elapsed time  3029.2s, curr speed    0.303 kHz, avg speed    0.284 kHz), accepted     3906/  860001 events ( 0.45%)
Processed   870000/ 1005472 entries, 86.53% (elapsed time  3067.9s, curr speed    0.259 kHz, avg speed    0.284 kHz), accepted     3951/  870001 events ( 0.45%)
Processed   880000/ 1005472 entries, 87.52% (elapsed time  3095.2s, curr speed    0.365 kHz, avg speed    0.284 kHz), accepted     4003/  880001 events ( 0.45%)
Processed   890000/ 1005472 entries, 88.52% (elapsed time  3133.3s, curr speed    0.263 kHz, avg speed    0.284 kHz), accepted     4056/  890001 events ( 0.46%)
Processed   900000/ 1005472 entries, 89.51% (elapsed time  3160.0s, curr speed    0.375 kHz, avg speed    0.285 kHz), accepted     4106/  900001 events ( 0.46%)
Processed   910000/ 1005472 entries, 90.50% (elapsed time  3184.6s, curr speed    0.406 kHz, avg speed    0.286 kHz), accepted     4157/  910001 events ( 0.46%)
Processed   920000/ 1005472 entries, 91.50% (elapsed time  3217.6s, curr speed    0.302 kHz, avg speed    0.286 kHz), accepted     4193/  920001 events ( 0.46%)
Processed   930000/ 1005472 entries, 92.49% (elapsed time  3241.2s, curr speed    0.424 kHz, avg speed    0.287 kHz), accepted     4241/  930001 events ( 0.46%)
Processed   940000/ 1005472 entries, 93.49% (elapsed time  3263.8s, curr speed    0.442 kHz, avg speed    0.288 kHz), accepted     4276/  940001 events ( 0.45%)
Processed   950000/ 1005472 entries, 94.48% (elapsed time  3299.3s, curr speed    0.282 kHz, avg speed    0.288 kHz), accepted     4323/  950001 events ( 0.46%)
Processed   960000/ 1005472 entries, 95.48% (elapsed time  3324.7s, curr speed    0.393 kHz, avg speed    0.289 kHz), accepted     4379/  960001 events ( 0.46%)
Processed   970000/ 1005472 entries, 96.47% (elapsed time  3348.9s, curr speed    0.414 kHz, avg speed    0.290 kHz), accepted     4421/  970001 events ( 0.46%)
Processed   980000/ 1005472 entries, 97.47% (elapsed time  3381.8s, curr speed    0.304 kHz, avg speed    0.290 kHz), accepted     4477/  980001 events ( 0.46%)
Processed   990000/ 1005472 entries, 98.46% (elapsed time  3405.3s, curr speed    0.425 kHz, avg speed    0.291 kHz), accepted     4510/  990001 events ( 0.46%)
Processed  1000000/ 1005472 entries, 99.46% (elapsed time  3436.3s, curr speed    0.323 kHz, avg speed    0.291 kHz), accepted     4555/ 1000001 events ( 0.46%)
Processed 1005472 preselected entries from root://cms-xrd-global.cern.ch//store/mc/RunIISummer16NanoAODv6/TT_TuneCUETP8M2T4_13TeV-powheg-pythia8/NANOAODSIM/PUMoriond17_Nano25Oct2019_102X_mcRun2_asymptotic_v7-v2/20000/73D01930-3D06-4B4B-9557-CA37962A507F.root (1005472 entries). Finally selected 4581 entries
Pre-select 868066 entries out of 868066 (100.00%)
Processed    10000/  868066 entries,  1.15% (elapsed time    35.4s, curr speed    0.282 kHz, avg speed    0.282 kHz), accepted       61/   10001 events ( 0.61%)
Processed    20000/  868066 entries,  2.30% (elapsed time    52.8s, curr speed    0.575 kHz, avg speed    0.379 kHz), accepted      108/   20001 events ( 0.54%)
Processed    30000/  868066 entries,  3.46% (elapsed time    78.7s, curr speed    0.387 kHz, avg speed    0.381 kHz), accepted      158/   30001 events ( 0.53%)
Processed    40000/  868066 entries,  4.61% (elapsed time    96.2s, curr speed    0.570 kHz, avg speed    0.416 kHz), accepted      194/   40001 events ( 0.48%)
Processed    50000/  868066 entries,  5.76% (elapsed time   112.9s, curr speed    0.600 kHz, avg speed    0.443 kHz), accepted      229/   50001 events ( 0.46%)
Processed    60000/  868066 entries,  6.91% (elapsed time   135.3s, curr speed    0.446 kHz, avg speed    0.444 kHz), accepted      279/   60001 events ( 0.46%)
Processed    70000/  868066 entries,  8.06% (elapsed time   158.6s, curr speed    0.429 kHz, avg speed    0.441 kHz), accepted      313/   70001 events ( 0.45%)
Processed    80000/  868066 entries,  9.22% (elapsed time   182.7s, curr speed    0.416 kHz, avg speed    0.438 kHz), accepted      374/   80001 events ( 0.47%)
Processed    90000/  868066 entries, 10.37% (elapsed time   207.2s, curr speed    0.408 kHz, avg speed    0.434 kHz), accepted      420/   90001 events ( 0.47%)
Processed   100000/  868066 entries, 11.52% (elapsed time   222.6s, curr speed    0.648 kHz, avg speed    0.449 kHz), accepted      471/  100001 events ( 0.47%)
Processed   110000/  868066 entries, 12.67% (elapsed time   238.3s, curr speed    0.639 kHz, avg speed    0.462 kHz), accepted      524/  110001 events ( 0.48%)
Processed   120000/  868066 entries, 13.82% (elapsed time   259.9s, curr speed    0.461 kHz, avg speed    0.462 kHz), accepted      567/  120001 events ( 0.47%)
Processed   130000/  868066 entries, 14.98% (elapsed time   274.9s, curr speed    0.668 kHz, avg speed    0.473 kHz), accepted      611/  130001 events ( 0.47%)
Processed   140000/  868066 entries, 16.13% (elapsed time   293.5s, curr speed    0.539 kHz, avg speed    0.477 kHz), accepted      662/  140001 events ( 0.47%)
Processed   150000/  868066 entries, 17.28% (elapsed time   312.5s, curr speed    0.525 kHz, avg speed    0.480 kHz), accepted      697/  150001 events ( 0.46%)
Processed   160000/  868066 entries, 18.43% (elapsed time   327.6s, curr speed    0.663 kHz, avg speed    0.488 kHz), accepted      739/  160001 events ( 0.46%)
Processed   170000/  868066 entries, 19.58% (elapsed time   348.8s, curr speed    0.471 kHz, avg speed    0.487 kHz), accepted      800/  170001 events ( 0.47%)
Processed   180000/  868066 entries, 20.74% (elapsed time   363.3s, curr speed    0.689 kHz, avg speed    0.495 kHz), accepted      853/  180001 events ( 0.47%)
Processed   190000/  868066 entries, 21.89% (elapsed time   376.3s, curr speed    0.770 kHz, avg speed    0.505 kHz), accepted      893/  190001 events ( 0.47%)
Processed   200000/  868066 entries, 23.04% (elapsed time   397.2s, curr speed    0.478 kHz, avg speed    0.503 kHz), accepted      931/  200001 events ( 0.47%)
Processed   210000/  868066 entries, 24.19% (elapsed time   411.9s, curr speed    0.682 kHz, avg speed    0.510 kHz), accepted      971/  210001 events ( 0.46%)
Processed   220000/  868066 entries, 25.34% (elapsed time   427.2s, curr speed    0.652 kHz, avg speed    0.515 kHz), accepted     1021/  220001 events ( 0.46%)
Processed   230000/  868066 entries, 26.50% (elapsed time   447.1s, curr speed    0.503 kHz, avg speed    0.514 kHz), accepted     1067/  230001 events ( 0.46%)
Processed   240000/  868066 entries, 27.65% (elapsed time   461.6s, curr speed    0.692 kHz, avg speed    0.520 kHz), accepted     1116/  240001 events ( 0.46%)
Processed   250000/  868066 entries, 28.80% (elapsed time   476.2s, curr speed    0.684 kHz, avg speed    0.525 kHz), accepted     1152/  250001 events ( 0.46%)
Processed   260000/  868066 entries, 29.95% (elapsed time   497.3s, curr speed    0.474 kHz, avg speed    0.523 kHz), accepted     1211/  260001 events ( 0.47%)
Processed   270000/  868066 entries, 31.10% (elapsed time   510.8s, curr speed    0.738 kHz, avg speed    0.529 kHz), accepted     1262/  270001 events ( 0.47%)
Processed   280000/  868066 entries, 32.26% (elapsed time   526.8s, curr speed    0.625 kHz, avg speed    0.531 kHz), accepted     1302/  280001 events ( 0.46%)
Processed   290000/  868066 entries, 33.41% (elapsed time   545.2s, curr speed    0.545 kHz, avg speed    0.532 kHz), accepted     1354/  290001 events ( 0.47%)
Processed   300000/  868066 entries, 34.56% (elapsed time   560.1s, curr speed    0.672 kHz, avg speed    0.536 kHz), accepted     1395/  300001 events ( 0.46%)
Processed   310000/  868066 entries, 35.71% (elapsed time   578.2s, curr speed    0.551 kHz, avg speed    0.536 kHz), accepted     1442/  310001 events ( 0.47%)
Processed   320000/  868066 entries, 36.86% (elapsed time   597.5s, curr speed    0.521 kHz, avg speed    0.536 kHz), accepted     1481/  320001 events ( 0.46%)
Processed   330000/  868066 entries, 38.02% (elapsed time   613.0s, curr speed    0.641 kHz, avg speed    0.538 kHz), accepted     1516/  330001 events ( 0.46%)
Processed   340000/  868066 entries, 39.17% (elapsed time   634.7s, curr speed    0.462 kHz, avg speed    0.536 kHz), accepted     1556/  340001 events ( 0.46%)
Processed   350000/  868066 entries, 40.32% (elapsed time   649.8s, curr speed    0.664 kHz, avg speed    0.539 kHz), accepted     1609/  350001 events ( 0.46%)
Processed   360000/  868066 entries, 41.47% (elapsed time   665.3s, curr speed    0.641 kHz, avg speed    0.541 kHz), accepted     1654/  360001 events ( 0.46%)
Processed   370000/  868066 entries, 42.62% (elapsed time   685.9s, curr speed    0.486 kHz, avg speed    0.539 kHz), accepted     1705/  370001 events ( 0.46%)
Processed   380000/  868066 entries, 43.78% (elapsed time   702.1s, curr speed    0.621 kHz, avg speed    0.541 kHz), accepted     1741/  380001 events ( 0.46%)
Processed   390000/  868066 entries, 44.93% (elapsed time   718.2s, curr speed    0.618 kHz, avg speed    0.543 kHz), accepted     1799/  390001 events ( 0.46%)
Processed   400000/  868066 entries, 46.08% (elapsed time   741.9s, curr speed    0.423 kHz, avg speed    0.539 kHz), accepted     1847/  400001 events ( 0.46%)
Processed   410000/  868066 entries, 47.23% (elapsed time   758.1s, curr speed    0.616 kHz, avg speed    0.541 kHz), accepted     1894/  410001 events ( 0.46%)
Processed   420000/  868066 entries, 48.38% (elapsed time   781.1s, curr speed    0.435 kHz, avg speed    0.538 kHz), accepted     1949/  420001 events ( 0.46%)
Processed   430000/  868066 entries, 49.54% (elapsed time   801.1s, curr speed    0.501 kHz, avg speed    0.537 kHz), accepted     2000/  430001 events ( 0.47%)
Processed   440000/  868066 entries, 50.69% (elapsed time   820.0s, curr speed    0.529 kHz, avg speed    0.537 kHz), accepted     2051/  440001 events ( 0.47%)
Processed   450000/  868066 entries, 51.84% (elapsed time   841.0s, curr speed    0.476 kHz, avg speed    0.535 kHz), accepted     2098/  450001 events ( 0.47%)
Processed   460000/  868066 entries, 52.99% (elapsed time   856.5s, curr speed    0.643 kHz, avg speed    0.537 kHz), accepted     2134/  460001 events ( 0.46%)
Processed   470000/  868066 entries, 54.14% (elapsed time   872.9s, curr speed    0.610 kHz, avg speed    0.538 kHz), accepted     2179/  470001 events ( 0.46%)
Processed   480000/  868066 entries, 55.30% (elapsed time   895.7s, curr speed    0.439 kHz, avg speed    0.536 kHz), accepted     2228/  480001 events ( 0.46%)
Processed   490000/  868066 entries, 56.45% (elapsed time   912.0s, curr speed    0.613 kHz, avg speed    0.537 kHz), accepted     2267/  490001 events ( 0.46%)
Processed   500000/  868066 entries, 57.60% (elapsed time   927.0s, curr speed    0.666 kHz, avg speed    0.539 kHz), accepted     2301/  500001 events ( 0.46%)
Processed   510000/  868066 entries, 58.75% (elapsed time   949.8s, curr speed    0.439 kHz, avg speed    0.537 kHz), accepted     2343/  510001 events ( 0.46%)
Processed   520000/  868066 entries, 59.90% (elapsed time   966.0s, curr speed    0.618 kHz, avg speed    0.538 kHz), accepted     2382/  520001 events ( 0.46%)
Processed   530000/  868066 entries, 61.06% (elapsed time   981.3s, curr speed    0.655 kHz, avg speed    0.540 kHz), accepted     2420/  530001 events ( 0.46%)
Processed   540000/  868066 entries, 62.21% (elapsed time  1002.7s, curr speed    0.466 kHz, avg speed    0.539 kHz), accepted     2468/  540001 events ( 0.46%)
Processed   550000/  868066 entries, 63.36% (elapsed time  1017.6s, curr speed    0.674 kHz, avg speed    0.541 kHz), accepted     2497/  550001 events ( 0.45%)
Processed   560000/  868066 entries, 64.51% (elapsed time  1038.6s, curr speed    0.476 kHz, avg speed    0.539 kHz), accepted     2543/  560001 events ( 0.45%)
Processed   570000/  868066 entries, 65.66% (elapsed time  1059.6s, curr speed    0.475 kHz, avg speed    0.538 kHz), accepted     2580/  570001 events ( 0.45%)
Processed   580000/  868066 entries, 66.82% (elapsed time  1075.3s, curr speed    0.639 kHz, avg speed    0.539 kHz), accepted     2626/  580001 events ( 0.45%)
Processed   590000/  868066 entries, 67.97% (elapsed time  1098.8s, curr speed    0.425 kHz, avg speed    0.537 kHz), accepted     2673/  590001 events ( 0.45%)
Processed   600000/  868066 entries, 69.12% (elapsed time  1114.6s, curr speed    0.633 kHz, avg speed    0.538 kHz), accepted     2714/  600001 events ( 0.45%)
Processed   610000/  868066 entries, 70.27% (elapsed time  1131.5s, curr speed    0.592 kHz, avg speed    0.539 kHz), accepted     2758/  610001 events ( 0.45%)
Processed   620000/  868066 entries, 71.42% (elapsed time  1155.5s, curr speed    0.417 kHz, avg speed    0.537 kHz), accepted     2800/  620001 events ( 0.45%)
Processed   630000/  868066 entries, 72.58% (elapsed time  1171.8s, curr speed    0.612 kHz, avg speed    0.538 kHz), accepted     2845/  630001 events ( 0.45%)
Processed   640000/  868066 entries, 73.73% (elapsed time  1189.4s, curr speed    0.571 kHz, avg speed    0.538 kHz), accepted     2887/  640001 events ( 0.45%)
Processed   650000/  868066 entries, 74.88% (elapsed time  1215.6s, curr speed    0.381 kHz, avg speed    0.535 kHz), accepted     2928/  650001 events ( 0.45%)
Processed   660000/  868066 entries, 76.03% (elapsed time  1236.7s, curr speed    0.475 kHz, avg speed    0.534 kHz), accepted     2987/  660001 events ( 0.45%)
Processed   670000/  868066 entries, 77.18% (elapsed time  1253.7s, curr speed    0.588 kHz, avg speed    0.534 kHz), accepted     3034/  670001 events ( 0.45%)
Processed   680000/  868066 entries, 78.34% (elapsed time  1276.7s, curr speed    0.434 kHz, avg speed    0.533 kHz), accepted     3068/  680001 events ( 0.45%)
Processed   690000/  868066 entries, 79.49% (elapsed time  1293.5s, curr speed    0.596 kHz, avg speed    0.533 kHz), accepted     3117/  690001 events ( 0.45%)
Processed   700000/  868066 entries, 80.64% (elapsed time  1310.5s, curr speed    0.589 kHz, avg speed    0.534 kHz), accepted     3174/  700001 events ( 0.45%)
Processed   710000/  868066 entries, 81.79% (elapsed time  1330.3s, curr speed    0.504 kHz, avg speed    0.534 kHz), accepted     3224/  710001 events ( 0.45%)
Processed   720000/  868066 entries, 82.94% (elapsed time  1348.4s, curr speed    0.553 kHz, avg speed    0.534 kHz), accepted     3267/  720001 events ( 0.45%)
Processed   730000/  868066 entries, 84.09% (elapsed time  1372.4s, curr speed    0.418 kHz, avg speed    0.532 kHz), accepted     3308/  730001 events ( 0.45%)
Processed   740000/  868066 entries, 85.25% (elapsed time  1391.2s, curr speed    0.529 kHz, avg speed    0.532 kHz), accepted     3354/  740001 events ( 0.45%)
Processed   750000/  868066 entries, 86.40% (elapsed time  1408.1s, curr speed    0.593 kHz, avg speed    0.533 kHz), accepted     3407/  750001 events ( 0.45%)
Processed   760000/  868066 entries, 87.55% (elapsed time  1431.5s, curr speed    0.427 kHz, avg speed    0.531 kHz), accepted     3455/  760001 events ( 0.45%)
Processed   770000/  868066 entries, 88.70% (elapsed time  1447.9s, curr speed    0.609 kHz, avg speed    0.532 kHz), accepted     3497/  770001 events ( 0.45%)
Processed   780000/  868066 entries, 89.85% (elapsed time  1464.8s, curr speed    0.595 kHz, avg speed    0.533 kHz), accepted     3545/  780001 events ( 0.45%)
Processed   790000/  868066 entries, 91.01% (elapsed time  1489.5s, curr speed    0.405 kHz, avg speed    0.530 kHz), accepted     3595/  790001 events ( 0.46%)
Processed   800000/  868066 entries, 92.16% (elapsed time  1508.0s, curr speed    0.541 kHz, avg speed    0.531 kHz), accepted     3642/  800001 events ( 0.46%)
Processed   810000/  868066 entries, 93.31% (elapsed time  1525.4s, curr speed    0.572 kHz, avg speed    0.531 kHz), accepted     3697/  810001 events ( 0.46%)
Processed   820000/  868066 entries, 94.46% (elapsed time  1548.6s, curr speed    0.433 kHz, avg speed    0.530 kHz), accepted     3739/  820001 events ( 0.46%)
Processed   830000/  868066 entries, 95.61% (elapsed time  1566.0s, curr speed    0.573 kHz, avg speed    0.530 kHz), accepted     3783/  830001 events ( 0.46%)
Processed   840000/  868066 entries, 96.77% (elapsed time  1590.0s, curr speed    0.417 kHz, avg speed    0.528 kHz), accepted     3831/  840001 events ( 0.46%)
Processed   850000/  868066 entries, 97.92% (elapsed time  1607.5s, curr speed    0.570 kHz, avg speed    0.529 kHz), accepted     3887/  850001 events ( 0.46%)
Processed   860000/  868066 entries, 99.07% (elapsed time  1625.3s, curr speed    0.563 kHz, avg speed    0.529 kHz), accepted     3940/  860001 events ( 0.46%)
Processed 868066 preselected entries from root://cms-xrd-global.cern.ch//store/mc/RunIISummer16NanoAODv6/TT_TuneCUETP8M2T4_13TeV-powheg-pythia8/NANOAODSIM/PUMoriond17_Nano25Oct2019_102X_mcRun2_asymptotic_v7-v2/20000/740B9BA3-8A64-B743-9439-2930CE247191.root (868066 entries). Finally selected 3980 entries
Pre-select 936772 entries out of 936772 (100.00%)
Processed    10000/  936772 entries,  1.07% (elapsed time    25.0s, curr speed    0.400 kHz, avg speed    0.400 kHz), accepted       32/   10001 events ( 0.32%)
Processed    20000/  936772 entries,  2.13% (elapsed time    39.5s, curr speed    0.691 kHz, avg speed    0.506 kHz), accepted       76/   20001 events ( 0.38%)
Processed    30000/  936772 entries,  3.20% (elapsed time    60.0s, curr speed    0.487 kHz, avg speed    0.500 kHz), accepted      120/   30001 events ( 0.40%)
Processed    40000/  936772 entries,  4.27% (elapsed time    73.8s, curr speed    0.726 kHz, avg speed    0.542 kHz), accepted      150/   40001 events ( 0.37%)
Processed    50000/  936772 entries,  5.34% (elapsed time    87.5s, curr speed    0.727 kHz, avg speed    0.571 kHz), accepted      194/   50001 events ( 0.39%)
Processed    60000/  936772 entries,  6.40% (elapsed time   108.2s, curr speed    0.485 kHz, avg speed    0.555 kHz), accepted      246/   60001 events ( 0.41%)
Processed    70000/  936772 entries,  7.47% (elapsed time   122.3s, curr speed    0.706 kHz, avg speed    0.572 kHz), accepted      296/   70001 events ( 0.42%)
Processed    80000/  936772 entries,  8.54% (elapsed time   136.3s, curr speed    0.716 kHz, avg speed    0.587 kHz), accepted      348/   80001 events ( 0.43%)
Processed    90000/  936772 entries,  9.61% (elapsed time   155.6s, curr speed    0.519 kHz, avg speed    0.578 kHz), accepted      390/   90001 events ( 0.43%)
Processed   100000/  936772 entries, 10.67% (elapsed time   170.7s, curr speed    0.662 kHz, avg speed    0.586 kHz), accepted      429/  100001 events ( 0.43%)
Processed   110000/  936772 entries, 11.74% (elapsed time   190.6s, curr speed    0.503 kHz, avg speed    0.577 kHz), accepted      487/  110001 events ( 0.44%)
Processed   120000/  936772 entries, 12.81% (elapsed time   204.9s, curr speed    0.698 kHz, avg speed    0.586 kHz), accepted      531/  120001 events ( 0.44%)
Processed   130000/  936772 entries, 13.88% (elapsed time   218.6s, curr speed    0.728 kHz, avg speed    0.595 kHz), accepted      583/  130001 events ( 0.45%)
Processed   140000/  936772 entries, 14.94% (elapsed time   239.0s, curr speed    0.492 kHz, avg speed    0.586 kHz), accepted      624/  140001 events ( 0.45%)
Processed   150000/  936772 entries, 16.01% (elapsed time   253.2s, curr speed    0.704 kHz, avg speed    0.592 kHz), accepted      668/  150001 events ( 0.45%)
Processed   160000/  936772 entries, 17.08% (elapsed time   266.9s, curr speed    0.729 kHz, avg speed    0.600 kHz), accepted      711/  160001 events ( 0.44%)
Processed   170000/  936772 entries, 18.15% (elapsed time   287.0s, curr speed    0.498 kHz, avg speed    0.592 kHz), accepted      762/  170001 events ( 0.45%)
Processed   180000/  936772 entries, 19.21% (elapsed time   300.6s, curr speed    0.735 kHz, avg speed    0.599 kHz), accepted      808/  180001 events ( 0.45%)
Processed   190000/  936772 entries, 20.28% (elapsed time   315.5s, curr speed    0.670 kHz, avg speed    0.602 kHz), accepted      848/  190001 events ( 0.45%)
Processed   200000/  936772 entries, 21.35% (elapsed time   334.6s, curr speed    0.525 kHz, avg speed    0.598 kHz), accepted      891/  200001 events ( 0.45%)
Processed   210000/  936772 entries, 22.42% (elapsed time   349.0s, curr speed    0.693 kHz, avg speed    0.602 kHz), accepted      946/  210001 events ( 0.45%)
Processed   220000/  936772 entries, 23.48% (elapsed time   368.3s, curr speed    0.518 kHz, avg speed    0.597 kHz), accepted      985/  220001 events ( 0.45%)
Processed   230000/  936772 entries, 24.55% (elapsed time   383.2s, curr speed    0.669 kHz, avg speed    0.600 kHz), accepted     1029/  230001 events ( 0.45%)
Processed   240000/  936772 entries, 25.62% (elapsed time   397.8s, curr speed    0.686 kHz, avg speed    0.603 kHz), accepted     1074/  240001 events ( 0.45%)
Processed   250000/  936772 entries, 26.69% (elapsed time   417.6s, curr speed    0.507 kHz, avg speed    0.599 kHz), accepted     1118/  250001 events ( 0.45%)
Processed   260000/  936772 entries, 27.75% (elapsed time   431.6s, curr speed    0.711 kHz, avg speed    0.602 kHz), accepted     1154/  260001 events ( 0.44%)
Processed   270000/  936772 entries, 28.82% (elapsed time   445.8s, curr speed    0.703 kHz, avg speed    0.606 kHz), accepted     1198/  270001 events ( 0.44%)
Processed   280000/  936772 entries, 29.89% (elapsed time   465.9s, curr speed    0.498 kHz, avg speed    0.601 kHz), accepted     1246/  280001 events ( 0.44%)
Processed   290000/  936772 entries, 30.96% (elapsed time   479.6s, curr speed    0.734 kHz, avg speed    0.605 kHz), accepted     1285/  290001 events ( 0.44%)
Processed   300000/  936772 entries, 32.02% (elapsed time   495.1s, curr speed    0.643 kHz, avg speed    0.606 kHz), accepted     1351/  300001 events ( 0.45%)
Processed   310000/  936772 entries, 33.09% (elapsed time   514.8s, curr speed    0.509 kHz, avg speed    0.602 kHz), accepted     1399/  310001 events ( 0.45%)
Processed   320000/  936772 entries, 34.16% (elapsed time   530.7s, curr speed    0.629 kHz, avg speed    0.603 kHz), accepted     1453/  320001 events ( 0.45%)
Processed   330000/  936772 entries, 35.23% (elapsed time   547.6s, curr speed    0.592 kHz, avg speed    0.603 kHz), accepted     1502/  330001 events ( 0.46%)
Processed   340000/  936772 entries, 36.29% (elapsed time   565.9s, curr speed    0.544 kHz, avg speed    0.601 kHz), accepted     1553/  340001 events ( 0.46%)
Processed   350000/  936772 entries, 37.36% (elapsed time   580.4s, curr speed    0.693 kHz, avg speed    0.603 kHz), accepted     1598/  350001 events ( 0.46%)
Processed   360000/  936772 entries, 38.43% (elapsed time   600.4s, curr speed    0.498 kHz, avg speed    0.600 kHz), accepted     1646/  360001 events ( 0.46%)
Processed   370000/  936772 entries, 39.50% (elapsed time   614.7s, curr speed    0.703 kHz, avg speed    0.602 kHz), accepted     1675/  370001 events ( 0.45%)
Processed   380000/  936772 entries, 40.56% (elapsed time   628.3s, curr speed    0.733 kHz, avg speed    0.605 kHz), accepted     1718/  380001 events ( 0.45%)
Processed   390000/  936772 entries, 41.63% (elapsed time   648.1s, curr speed    0.504 kHz, avg speed    0.602 kHz), accepted     1775/  390001 events ( 0.46%)
Processed   400000/  936772 entries, 42.70% (elapsed time   662.6s, curr speed    0.691 kHz, avg speed    0.604 kHz), accepted     1817/  400001 events ( 0.45%)
Processed   410000/  936772 entries, 43.77% (elapsed time   677.3s, curr speed    0.683 kHz, avg speed    0.605 kHz), accepted     1866/  410001 events ( 0.46%)
Processed   420000/  936772 entries, 44.83% (elapsed time   696.0s, curr speed    0.533 kHz, avg speed    0.603 kHz), accepted     1908/  420001 events ( 0.45%)
Processed   430000/  936772 entries, 45.90% (elapsed time   710.3s, curr speed    0.700 kHz, avg speed    0.605 kHz), accepted     1957/  430001 events ( 0.46%)
Processed   440000/  936772 entries, 46.97% (elapsed time   731.0s, curr speed    0.484 kHz, avg speed    0.602 kHz), accepted     2012/  440001 events ( 0.46%)
Processed   450000/  936772 entries, 48.04% (elapsed time   744.4s, curr speed    0.747 kHz, avg speed    0.605 kHz), accepted     2053/  450001 events ( 0.46%)
Processed   460000/  936772 entries, 49.10% (elapsed time   759.0s, curr speed    0.684 kHz, avg speed    0.606 kHz), accepted     2091/  460001 events ( 0.45%)
Processed   470000/  936772 entries, 50.17% (elapsed time   778.9s, curr speed    0.502 kHz, avg speed    0.603 kHz), accepted     2138/  470001 events ( 0.45%)
Processed   480000/  936772 entries, 51.24% (elapsed time   793.4s, curr speed    0.688 kHz, avg speed    0.605 kHz), accepted     2172/  480001 events ( 0.45%)
Processed   490000/  936772 entries, 52.31% (elapsed time   807.8s, curr speed    0.695 kHz, avg speed    0.607 kHz), accepted     2219/  490001 events ( 0.45%)
Processed   500000/  936772 entries, 53.37% (elapsed time   827.3s, curr speed    0.514 kHz, avg speed    0.604 kHz), accepted     2267/  500001 events ( 0.45%)
Processed   510000/  936772 entries, 54.44% (elapsed time   840.6s, curr speed    0.749 kHz, avg speed    0.607 kHz), accepted     2303/  510001 events ( 0.45%)
Processed   520000/  936772 entries, 55.51% (elapsed time   855.3s, curr speed    0.684 kHz, avg speed    0.608 kHz), accepted     2354/  520001 events ( 0.45%)
Processed   530000/  936772 entries, 56.58% (elapsed time   875.1s, curr speed    0.504 kHz, avg speed    0.606 kHz), accepted     2388/  530001 events ( 0.45%)
Processed   540000/  936772 entries, 57.64% (elapsed time   888.3s, curr speed    0.757 kHz, avg speed    0.608 kHz), accepted     2440/  540001 events ( 0.45%)
Processed   550000/  936772 entries, 58.71% (elapsed time   908.4s, curr speed    0.498 kHz, avg speed    0.605 kHz), accepted     2494/  550001 events ( 0.45%)
Processed   560000/  936772 entries, 59.78% (elapsed time   921.5s, curr speed    0.763 kHz, avg speed    0.608 kHz), accepted     2540/  560001 events ( 0.45%)
Processed   570000/  936772 entries, 60.85% (elapsed time   936.6s, curr speed    0.664 kHz, avg speed    0.609 kHz), accepted     2582/  570001 events ( 0.45%)
Processed   580000/  936772 entries, 61.91% (elapsed time   952.9s, curr speed    0.612 kHz, avg speed    0.609 kHz), accepted     2617/  580001 events ( 0.45%)
Processed   590000/  936772 entries, 62.98% (elapsed time   970.3s, curr speed    0.575 kHz, avg speed    0.608 kHz), accepted     2658/  590001 events ( 0.45%)
Processed   600000/  936772 entries, 64.05% (elapsed time   984.4s, curr speed    0.711 kHz, avg speed    0.610 kHz), accepted     2703/  600001 events ( 0.45%)
Processed   610000/  936772 entries, 65.12% (elapsed time  1004.8s, curr speed    0.490 kHz, avg speed    0.607 kHz), accepted     2749/  610001 events ( 0.45%)
Processed   620000/  936772 entries, 66.18% (elapsed time  1018.0s, curr speed    0.754 kHz, avg speed    0.609 kHz), accepted     2792/  620001 events ( 0.45%)
Processed   630000/  936772 entries, 67.25% (elapsed time  1033.0s, curr speed    0.671 kHz, avg speed    0.610 kHz), accepted     2837/  630001 events ( 0.45%)
Processed   640000/  936772 entries, 68.32% (elapsed time  1051.2s, curr speed    0.547 kHz, avg speed    0.609 kHz), accepted     2879/  640001 events ( 0.45%)
Processed   650000/  936772 entries, 69.39% (elapsed time  1065.1s, curr speed    0.721 kHz, avg speed    0.610 kHz), accepted     2918/  650001 events ( 0.45%)
Processed   660000/  936772 entries, 70.45% (elapsed time  1081.5s, curr speed    0.609 kHz, avg speed    0.610 kHz), accepted     2964/  660001 events ( 0.45%)
Processed   670000/  936772 entries, 71.52% (elapsed time  1099.6s, curr speed    0.552 kHz, avg speed    0.609 kHz), accepted     3003/  670001 events ( 0.45%)
Processed   680000/  936772 entries, 72.59% (elapsed time  1114.3s, curr speed    0.682 kHz, avg speed    0.610 kHz), accepted     3046/  680001 events ( 0.45%)
Processed   690000/  936772 entries, 73.66% (elapsed time  1134.3s, curr speed    0.499 kHz, avg speed    0.608 kHz), accepted     3085/  690001 events ( 0.45%)
Processed   700000/  936772 entries, 74.72% (elapsed time  1148.6s, curr speed    0.702 kHz, avg speed    0.609 kHz), accepted     3125/  700001 events ( 0.45%)
Processed   710000/  936772 entries, 75.79% (elapsed time  1163.5s, curr speed    0.668 kHz, avg speed    0.610 kHz), accepted     3170/  710001 events ( 0.45%)
Processed   720000/  936772 entries, 76.86% (elapsed time  1184.5s, curr speed    0.478 kHz, avg speed    0.608 kHz), accepted     3218/  720001 events ( 0.45%)
Processed   730000/  936772 entries, 77.93% (elapsed time  1198.1s, curr speed    0.733 kHz, avg speed    0.609 kHz), accepted     3264/  730001 events ( 0.45%)
Processed   740000/  936772 entries, 78.99% (elapsed time  1212.2s, curr speed    0.707 kHz, avg speed    0.610 kHz), accepted     3312/  740001 events ( 0.45%)
Processed   750000/  936772 entries, 80.06% (elapsed time  1231.4s, curr speed    0.522 kHz, avg speed    0.609 kHz), accepted     3354/  750001 events ( 0.45%)
Processed   760000/  936772 entries, 81.13% (elapsed time  1246.2s, curr speed    0.678 kHz, avg speed    0.610 kHz), accepted     3395/  760001 events ( 0.45%)
Processed   770000/  936772 entries, 82.20% (elapsed time  1264.9s, curr speed    0.535 kHz, avg speed    0.609 kHz), accepted     3442/  770001 events ( 0.45%)
Processed   780000/  936772 entries, 83.26% (elapsed time  1279.3s, curr speed    0.694 kHz, avg speed    0.610 kHz), accepted     3492/  780001 events ( 0.45%)
Processed   790000/  936772 entries, 84.33% (elapsed time  1292.9s, curr speed    0.731 kHz, avg speed    0.611 kHz), accepted     3540/  790001 events ( 0.45%)
Processed   800000/  936772 entries, 85.40% (elapsed time  1313.2s, curr speed    0.494 kHz, avg speed    0.609 kHz), accepted     3588/  800001 events ( 0.45%)
Processed   810000/  936772 entries, 86.47% (elapsed time  1327.9s, curr speed    0.678 kHz, avg speed    0.610 kHz), accepted     3623/  810001 events ( 0.45%)
Processed   820000/  936772 entries, 87.53% (elapsed time  1341.9s, curr speed    0.714 kHz, avg speed    0.611 kHz), accepted     3672/  820001 events ( 0.45%)
Processed   830000/  936772 entries, 88.60% (elapsed time  1362.1s, curr speed    0.496 kHz, avg speed    0.609 kHz), accepted     3723/  830001 events ( 0.45%)
Processed   840000/  936772 entries, 89.67% (elapsed time  1376.9s, curr speed    0.674 kHz, avg speed    0.610 kHz), accepted     3780/  840001 events ( 0.45%)
Processed   850000/  936772 entries, 90.74% (elapsed time  1391.2s, curr speed    0.700 kHz, avg speed    0.611 kHz), accepted     3817/  850001 events ( 0.45%)
Processed   860000/  936772 entries, 91.80% (elapsed time  1410.8s, curr speed    0.510 kHz, avg speed    0.610 kHz), accepted     3865/  860001 events ( 0.45%)
Processed   870000/  936772 entries, 92.87% (elapsed time  1425.4s, curr speed    0.686 kHz, avg speed    0.610 kHz), accepted     3930/  870001 events ( 0.45%)
Processed   880000/  936772 entries, 93.94% (elapsed time  1445.1s, curr speed    0.507 kHz, avg speed    0.609 kHz), accepted     3976/  880001 events ( 0.45%)
Processed   890000/  936772 entries, 95.01% (elapsed time  1458.8s, curr speed    0.733 kHz, avg speed    0.610 kHz), accepted     4024/  890001 events ( 0.45%)
Processed   900000/  936772 entries, 96.07% (elapsed time  1472.0s, curr speed    0.753 kHz, avg speed    0.611 kHz), accepted     4063/  900001 events ( 0.45%)
Processed   910000/  936772 entries, 97.14% (elapsed time  1491.9s, curr speed    0.502 kHz, avg speed    0.610 kHz), accepted     4123/  910001 events ( 0.45%)
Processed   920000/  936772 entries, 98.21% (elapsed time  1505.8s, curr speed    0.722 kHz, avg speed    0.611 kHz), accepted     4174/  920001 events ( 0.45%)
Processed   930000/  936772 entries, 99.28% (elapsed time  1520.1s, curr speed    0.696 kHz, avg speed    0.612 kHz), accepted     4214/  930001 events ( 0.45%)
Processed 936772 preselected entries from root://cms-xrd-global.cern.ch//store/mc/RunIISummer16NanoAODv6/TT_TuneCUETP8M2T4_13TeV-powheg-pythia8/NANOAODSIM/PUMoriond17_Nano25Oct2019_102X_mcRun2_asymptotic_v7-v2/20000/77761B83-6894-A94E-81AE-C77B80BBA911.root (936772 entries). Finally selected 4254 entries
Total time 13515.5 sec. to process 4974201 events. Rate = 368.0 Hz.
>>> cwd          = /pool/condor/dir_19745
>>> ls           = ['_condor_stdout', '.chirp.config', '.machine.ad', 'pico_etau_etau_3.root', '.job.ad', 'var', 'lvigilan.cc', 'x509_voms', 'condor_exec.exe', 'tmp', '.update.ad']
>>> getstorage('/eos/home-l/lvigilan/output_2017ReReco18/2016/etau/TT'), <EOS("/eos/home-l/lvigilan/output_2017ReReco18/2016/etau/TT") at 0x2ada864e8690>
>>> Executing: 'cp ./pico_etau_etau_3.root /eos/home-l/lvigilan/output_2017ReReco18/2016/etau/TT'
>>> Removing './pico_etau_etau_3.root'...
>>> picojob.py done after 13541.7 seconds

Job complete at Wed Dec 30 04:32:01 CET 2020
Took 225 minutes 44 seconds040 (1633255.000.000) 12/30 04:32:01 Finished transferring output files
...
005 (1633255.000.000) 12/30 04:32:01 Job terminated.
	(1) Normal termination (return value 0)
		Usr 0 00:14:36, Sys 0 00:00:48  -  Run Remote Usage
		Usr 0 00:00:00, Sys 0 00:00:00  -  Run Local Usage
		Usr 0 00:14:36, Sys 0 00:00:48  -  Total Remote Usage
		Usr 0 00:00:00, Sys 0 00:00:00  -  Total Local Usage
	94734  -  Run Bytes Sent By Job
	9873  -  Run Bytes Received By Job
	94734  -  Total Bytes Sent By Job
	9873  -  Total Bytes Received By Job
	Partitionable Resources :    Usage  Request Allocated 
	   Cpus                 :     0.10        1         1 
	   Disk (KB)            :   162           1    276298 
	   Memory (MB)          :   292        2000      2000 
...
