Could not find platform independent libraries <prefix>
Could not find platform dependent libraries <exec_prefix>
Consider setting $PYTHONHOME to <prefix>[:<exec_prefix>]
ImportError: No module named site
Job start at Sun Feb  7 21:52:52 CET 2021
Running job on machine Linux b7g23n1283.cern.ch 3.10.0-1127.19.1.el7.x86_64 #1 SMP Tue Aug 25 17:23:54 UTC 2020 x86_64 x86_64 x86_64 GNU/Linux, host b7g23n1283.cern.ch
============================================================
$PWD=/pool/condor/dir_10663
$JOBID=1885127
$TASKID=14
$HOSTNAME=b7g23n1283.cern.ch
$TASKCMD=/afs/cern.ch/work/l/lvigilan/TauWork/CMSSW_10_6_17_patch1/src/TauFW/PicoProducer/python/processors/picojob.py -y 2018 -d 'data' -c etau -M ModuleETau --copydir /eos/home-l/lvigilan/output_ETauFR/2018/etau/EGamma_Run2017A -t _etau_14 --opt 'jec=False' -i root://cms-xrd-global.cern.ch//store/data/Run2018A/EGamma/NANOAOD/Nano25Oct2019-v1/40000/65F66CF7-1F15-184A-BFE2-387D37A3DA93.root root://cms-xrd-global.cern.ch//store/data/Run2018A/EGamma/NANOAOD/Nano25Oct2019-v1/40000/663611E4-194E-C84F-A506-BEABB0CF7E9C.root root://cms-xrd-global.cern.ch//store/data/Run2018A/EGamma/NANOAOD/Nano25Oct2019-v1/40000/6D16F293-8485-664C-A650-DF6349B7EB81.root root://cms-xrd-global.cern.ch//store/data/Run2018A/EGamma/NANOAOD/Nano25Oct2019-v1/40000/6ECB6843-976C-2D43-8F22-CC2C87C2C153.root root://cms-xrd-global.cern.ch//store/data/Run2018A/EGamma/NANOAOD/Nano25Oct2019-v1/40000/75137EE2-B0ED-8041-A896-6B1BDD836FC0.root
$WORKDIR=/pool/condor/dir_10663
>>> cd /afs/cern.ch/work/l/lvigilan/TauWork/CMSSW_10_6_17_patch1/src
>>> eval `scramv1 runtime -sh`
>>> cd /pool/condor/dir_10663
$PWD=/pool/condor/dir_10663
>>> /afs/cern.ch/work/l/lvigilan/TauWork/CMSSW_10_6_17_patch1/src/TauFW/PicoProducer/python/processors/picojob.py -y 2018 -d 'data' -c etau -M ModuleETau --copydir /eos/home-l/lvigilan/output_ETauFR/2018/etau/EGamma_Run2017A -t _etau_14 --opt 'jec=False' -i root://cms-xrd-global.cern.ch//store/data/Run2018A/EGamma/NANOAOD/Nano25Oct2019-v1/40000/65F66CF7-1F15-184A-BFE2-387D37A3DA93.root root://cms-xrd-global.cern.ch//store/data/Run2018A/EGamma/NANOAOD/Nano25Oct2019-v1/40000/663611E4-194E-C84F-A506-BEABB0CF7E9C.root root://cms-xrd-global.cern.ch//store/data/Run2018A/EGamma/NANOAOD/Nano25Oct2019-v1/40000/6D16F293-8485-664C-A650-DF6349B7EB81.root root://cms-xrd-global.cern.ch//store/data/Run2018A/EGamma/NANOAOD/Nano25Oct2019-v1/40000/6ECB6843-976C-2D43-8F22-CC2C87C2C153.root root://cms-xrd-global.cern.ch//store/data/Run2018A/EGamma/NANOAOD/Nano25Oct2019-v1/40000/75137EE2-B0ED-8041-A896-6B1BDD836FC0.root
Error in <TGClient::TGClient>: can't open display "localhost:40.0", switching to batch mode...
 In case you run from a remote ssh session, reconnect with ssh -Y
--------------------------------------------------------------------------------
>>> era          = '2018'
>>> year         = 2018
>>> channel      = 'etau'
>>> modname      = 'ModuleETau'
>>> dtype        = 'data'
>>> kwargs       = {'dtype': 'data', 'verb': 0, 'era': '2018', 'jec': False, 'year': 2018}
>>> maxevts      = None
>>> outdir       = '.'
>>> copydir      = '/eos/home-l/lvigilan/output_ETauFR/2018/etau/EGamma_Run2017A'
>>> infiles      = ['root://cms-xrd-global.cern.ch//store/data/Run2018A/EGamma/NANOAOD/Nano25Oct2019-v1/40000/65F66CF7-1F15-184A-BFE2-387D37A3DA93.root', 'root://cms-xrd-global.cern.ch//store/data/Run2018A/EGamma/NANOAOD/Nano25Oct2019-v1/40000/663611E4-194E-C84F-A506-BEABB0CF7E9C.root', 'root://cms-xrd-global.cern.ch//store/data/Run2018A/EGamma/NANOAOD/Nano25Oct2019-v1/40000/6D16F293-8485-664C-A650-DF6349B7EB81.root', 'root://cms-xrd-global.cern.ch//store/data/Run2018A/EGamma/NANOAOD/Nano25Oct2019-v1/40000/6ECB6843-976C-2D43-8F22-CC2C87C2C153.root', 'root://cms-xrd-global.cern.ch//store/data/Run2018A/EGamma/NANOAOD/Nano25Oct2019-v1/40000/75137EE2-B0ED-8041-A896-6B1BDD836FC0.root']
>>> outfname     = './pico_etau_etau_14.root'
>>> branchsel    = '/afs/cern.ch/work/l/lvigilan/TauWork/CMSSW_10_6_17_patch1/python/TauFW/PicoProducer/processors/keep_and_drop_skim.txt'
>>> json         = '/afs/cern.ch/work/l/lvigilan/TauWork/CMSSW_10_6_17_patch1/src/TauFW/PicoProducer/data/json/2018/Cert_314472-325175_13TeV_PromptReco_Collisions18_JSON.txt'
>>> prefetch     = False
>>> cwd          = /pool/condor/dir_10663
--------------------------------------------------------------------------------

   ################
   #  ModuleETau  #
   ################

Loading TreeProducerETau for './pico_etau_etau_14.root'
--------------------------------------------------------------------------------
>>> filename     = './pico_etau_etau_14.root'
>>> year         = 2018
>>> dtype        = 'data'
>>> channel      = 'etau'
>>> ismc         = False
>>> isdata       = True
>>> isembed      = False
>>> tes          = None
>>> tessys       = None
>>> ltf          = 1.0
>>> jtf          = 1.0
>>> dotoppt      = False
>>> dozpt        = False
>>> dojec        = False
>>> dojecsys     = False
>>> dotight      = False
>>> jetCutPt     = 30
>>> bjetCutEta   = 2.7
>>> tauwp        = 0
>>> eleCutPt     = 33
>>> eleCutEta    = 2.1
>>> tauCutPt     = 20
>>> tauCutEta    = 2.3
Pre-select 314456 entries out of 314456 (100.00%)
Processed    10000/  314456 entries,  3.18% (elapsed time    17.9s, curr speed    0.558 kHz, avg speed    0.558 kHz), accepted      391/   10001 events ( 3.91%)
Processed    20000/  314456 entries,  6.36% (elapsed time    26.9s, curr speed    1.113 kHz, avg speed    0.743 kHz), accepted      780/   20001 events ( 3.90%)
Processed    30000/  314456 entries,  9.54% (elapsed time    36.1s, curr speed    1.086 kHz, avg speed    0.831 kHz), accepted     1181/   30001 events ( 3.94%)
Processed    40000/  314456 entries, 12.72% (elapsed time    45.4s, curr speed    1.080 kHz, avg speed    0.882 kHz), accepted     1585/   40001 events ( 3.96%)
Processed    50000/  314456 entries, 15.90% (elapsed time    54.5s, curr speed    1.098 kHz, avg speed    0.918 kHz), accepted     1977/   50001 events ( 3.95%)
Processed    60000/  314456 entries, 19.08% (elapsed time    63.5s, curr speed    1.112 kHz, avg speed    0.945 kHz), accepted     2348/   60001 events ( 3.91%)
Processed    70000/  314456 entries, 22.26% (elapsed time    72.3s, curr speed    1.137 kHz, avg speed    0.969 kHz), accepted     2745/   70001 events ( 3.92%)
Processed    80000/  314456 entries, 25.44% (elapsed time    82.0s, curr speed    1.026 kHz, avg speed    0.976 kHz), accepted     3140/   80001 events ( 3.92%)
Processed    90000/  314456 entries, 28.62% (elapsed time    91.0s, curr speed    1.113 kHz, avg speed    0.989 kHz), accepted     3521/   90001 events ( 3.91%)
Processed   100000/  314456 entries, 31.80% (elapsed time    99.9s, curr speed    1.116 kHz, avg speed    1.001 kHz), accepted     3930/  100001 events ( 3.93%)
Processed   110000/  314456 entries, 34.98% (elapsed time   108.8s, curr speed    1.132 kHz, avg speed    1.011 kHz), accepted     4315/  110001 events ( 3.92%)
Processed   120000/  314456 entries, 38.16% (elapsed time   117.6s, curr speed    1.128 kHz, avg speed    1.020 kHz), accepted     4705/  120001 events ( 3.92%)
Processed   130000/  314456 entries, 41.34% (elapsed time   126.4s, curr speed    1.143 kHz, avg speed    1.028 kHz), accepted     5103/  130001 events ( 3.93%)
Processed   140000/  314456 entries, 44.52% (elapsed time   135.2s, curr speed    1.130 kHz, avg speed    1.035 kHz), accepted     5532/  140001 events ( 3.95%)
Processed   150000/  314456 entries, 47.70% (elapsed time   144.1s, curr speed    1.131 kHz, avg speed    1.041 kHz), accepted     5908/  150001 events ( 3.94%)
Processed   160000/  314456 entries, 50.88% (elapsed time   153.1s, curr speed    1.116 kHz, avg speed    1.045 kHz), accepted     6319/  160001 events ( 3.95%)
Processed   170000/  314456 entries, 54.06% (elapsed time   162.7s, curr speed    1.038 kHz, avg speed    1.045 kHz), accepted     6683/  170001 events ( 3.93%)
Processed   180000/  314456 entries, 57.24% (elapsed time   172.3s, curr speed    1.040 kHz, avg speed    1.045 kHz), accepted     7066/  180001 events ( 3.93%)
Processed   190000/  314456 entries, 60.42% (elapsed time   182.8s, curr speed    0.955 kHz, avg speed    1.040 kHz), accepted     7466/  190001 events ( 3.93%)
Processed   200000/  314456 entries, 63.60% (elapsed time   192.6s, curr speed    1.021 kHz, avg speed    1.039 kHz), accepted     7873/  200001 events ( 3.94%)
Processed   210000/  314456 entries, 66.78% (elapsed time   204.0s, curr speed    0.872 kHz, avg speed    1.029 kHz), accepted     8265/  210001 events ( 3.94%)
Processed   220000/  314456 entries, 69.96% (elapsed time   213.6s, curr speed    1.047 kHz, avg speed    1.030 kHz), accepted     8646/  220001 events ( 3.93%)
Processed   230000/  314456 entries, 73.14% (elapsed time   223.5s, curr speed    1.010 kHz, avg speed    1.029 kHz), accepted     9038/  230001 events ( 3.93%)
Processed   240000/  314456 entries, 76.32% (elapsed time   233.1s, curr speed    1.042 kHz, avg speed    1.030 kHz), accepted     9436/  240001 events ( 3.93%)
Processed   250000/  314456 entries, 79.50% (elapsed time   242.4s, curr speed    1.073 kHz, avg speed    1.031 kHz), accepted     9839/  250001 events ( 3.94%)
Processed   260000/  314456 entries, 82.68% (elapsed time   251.5s, curr speed    1.098 kHz, avg speed    1.034 kHz), accepted    10197/  260001 events ( 3.92%)
Processed   270000/  314456 entries, 85.86% (elapsed time   260.9s, curr speed    1.060 kHz, avg speed    1.035 kHz), accepted    10556/  270001 events ( 3.91%)
Processed   280000/  314456 entries, 89.04% (elapsed time   273.7s, curr speed    0.781 kHz, avg speed    1.023 kHz), accepted    10943/  280001 events ( 3.91%)
Processed   290000/  314456 entries, 92.22% (elapsed time   283.0s, curr speed    1.083 kHz, avg speed    1.025 kHz), accepted    11322/  290001 events ( 3.90%)
Processed   300000/  314456 entries, 95.40% (elapsed time   292.5s, curr speed    1.055 kHz, avg speed    1.026 kHz), accepted    11686/  300001 events ( 3.90%)
Processed   310000/  314456 entries, 98.58% (elapsed time   301.8s, curr speed    1.072 kHz, avg speed    1.027 kHz), accepted    12044/  310001 events ( 3.89%)
Processed 314456 preselected entries from root://cms-xrd-global.cern.ch//store/data/Run2018A/EGamma/NANOAOD/Nano25Oct2019-v1/40000/65F66CF7-1F15-184A-BFE2-387D37A3DA93.root (314456 entries). Finally selected 12219 entries
Pre-select 1332637 entries out of 1338639 (99.55%)
Processed    10000/ 1332637 entries,  0.75% (elapsed time    39.0s, curr speed    0.256 kHz, avg speed    0.256 kHz), accepted      206/   10001 events ( 2.06%)
Processed    20000/ 1332637 entries,  1.50% (elapsed time    57.7s, curr speed    0.534 kHz, avg speed    0.346 kHz), accepted      414/   20001 events ( 2.07%)
Processed    30000/ 1332637 entries,  2.25% (elapsed time    76.1s, curr speed    0.543 kHz, avg speed    0.394 kHz), accepted      644/   30001 events ( 2.15%)
Processed    40000/ 1332637 entries,  3.00% (elapsed time    94.3s, curr speed    0.551 kHz, avg speed    0.424 kHz), accepted      836/   40001 events ( 2.09%)
Processed    50000/ 1332637 entries,  3.75% (elapsed time   111.5s, curr speed    0.580 kHz, avg speed    0.448 kHz), accepted     1008/   50001 events ( 2.02%)
Processed    60000/ 1332637 entries,  4.50% (elapsed time   129.7s, curr speed    0.549 kHz, avg speed    0.462 kHz), accepted     1157/   60001 events ( 1.93%)
Processed    70000/ 1332637 entries,  5.25% (elapsed time   149.0s, curr speed    0.519 kHz, avg speed    0.470 kHz), accepted     1324/   70001 events ( 1.89%)
Processed    80000/ 1332637 entries,  6.00% (elapsed time   167.5s, curr speed    0.540 kHz, avg speed    0.478 kHz), accepted     1525/   80001 events ( 1.91%)
Processed    90000/ 1332637 entries,  6.75% (elapsed time   188.1s, curr speed    0.485 kHz, avg speed    0.478 kHz), accepted     1710/   90001 events ( 1.90%)
Processed   100000/ 1332637 entries,  7.50% (elapsed time   222.6s, curr speed    0.290 kHz, avg speed    0.449 kHz), accepted     1924/  100001 events ( 1.92%)
Processed   110000/ 1332637 entries,  8.25% (elapsed time   241.8s, curr speed    0.521 kHz, avg speed    0.455 kHz), accepted     2115/  110001 events ( 1.92%)
Processed   120000/ 1332637 entries,  9.00% (elapsed time   261.3s, curr speed    0.513 kHz, avg speed    0.459 kHz), accepted     2310/  120001 events ( 1.92%)
Processed   130000/ 1332637 entries,  9.76% (elapsed time   280.2s, curr speed    0.529 kHz, avg speed    0.464 kHz), accepted     2507/  130001 events ( 1.93%)
Processed   140000/ 1332637 entries, 10.51% (elapsed time   301.1s, curr speed    0.478 kHz, avg speed    0.465 kHz), accepted     2686/  140001 events ( 1.92%)
Processed   150000/ 1332637 entries, 11.26% (elapsed time   323.7s, curr speed    0.442 kHz, avg speed    0.463 kHz), accepted     2876/  150001 events ( 1.92%)
Processed   160000/ 1332637 entries, 12.01% (elapsed time   342.8s, curr speed    0.524 kHz, avg speed    0.467 kHz), accepted     3054/  160001 events ( 1.91%)
Processed   170000/ 1332637 entries, 12.76% (elapsed time   361.4s, curr speed    0.537 kHz, avg speed    0.470 kHz), accepted     3245/  170001 events ( 1.91%)
Processed   180000/ 1332637 entries, 13.51% (elapsed time   391.1s, curr speed    0.337 kHz, avg speed    0.460 kHz), accepted     3441/  180001 events ( 1.91%)
Processed   190000/ 1332637 entries, 14.26% (elapsed time   409.9s, curr speed    0.532 kHz, avg speed    0.463 kHz), accepted     3637/  190001 events ( 1.91%)
Processed   200000/ 1332637 entries, 15.01% (elapsed time   429.6s, curr speed    0.508 kHz, avg speed    0.466 kHz), accepted     3839/  200001 events ( 1.92%)
Processed   210000/ 1332637 entries, 15.76% (elapsed time   448.5s, curr speed    0.529 kHz, avg speed    0.468 kHz), accepted     4038/  210001 events ( 1.92%)
Processed   220000/ 1332637 entries, 16.51% (elapsed time   468.1s, curr speed    0.512 kHz, avg speed    0.470 kHz), accepted     4229/  220001 events ( 1.92%)
Processed   230000/ 1332637 entries, 17.26% (elapsed time   487.3s, curr speed    0.521 kHz, avg speed    0.472 kHz), accepted     4430/  230001 events ( 1.93%)
Processed   240000/ 1332637 entries, 18.01% (elapsed time   506.6s, curr speed    0.517 kHz, avg speed    0.474 kHz), accepted     4621/  240001 events ( 1.93%)
Processed   250000/ 1332637 entries, 18.76% (elapsed time   525.4s, curr speed    0.533 kHz, avg speed    0.476 kHz), accepted     4850/  250001 events ( 1.94%)
Processed   260000/ 1332637 entries, 19.51% (elapsed time   545.8s, curr speed    0.488 kHz, avg speed    0.476 kHz), accepted     5036/  260001 events ( 1.94%)
Processed   270000/ 1332637 entries, 20.26% (elapsed time   567.9s, curr speed    0.454 kHz, avg speed    0.475 kHz), accepted     5248/  270001 events ( 1.94%)
Processed   280000/ 1332637 entries, 21.01% (elapsed time   588.8s, curr speed    0.478 kHz, avg speed    0.476 kHz), accepted     5478/  280001 events ( 1.96%)
Processed   290000/ 1332637 entries, 21.76% (elapsed time   608.2s, curr speed    0.515 kHz, avg speed    0.477 kHz), accepted     5681/  290001 events ( 1.96%)
Processed   300000/ 1332637 entries, 22.51% (elapsed time   637.0s, curr speed    0.347 kHz, avg speed    0.471 kHz), accepted     5880/  300001 events ( 1.96%)
Processed   310000/ 1332637 entries, 23.26% (elapsed time   656.1s, curr speed    0.523 kHz, avg speed    0.472 kHz), accepted     6077/  310001 events ( 1.96%)
Processed   320000/ 1332637 entries, 24.01% (elapsed time   676.4s, curr speed    0.494 kHz, avg speed    0.473 kHz), accepted     6282/  320001 events ( 1.96%)
Processed   330000/ 1332637 entries, 24.76% (elapsed time   696.3s, curr speed    0.502 kHz, avg speed    0.474 kHz), accepted     6499/  330001 events ( 1.97%)
Processed   340000/ 1332637 entries, 25.51% (elapsed time   715.1s, curr speed    0.533 kHz, avg speed    0.475 kHz), accepted     6706/  340001 events ( 1.97%)
Processed   350000/ 1332637 entries, 26.26% (elapsed time   733.2s, curr speed    0.551 kHz, avg speed    0.477 kHz), accepted     6916/  350001 events ( 1.98%)
Processed   360000/ 1332637 entries, 27.01% (elapsed time   751.7s, curr speed    0.541 kHz, avg speed    0.479 kHz), accepted     7109/  360001 events ( 1.97%)
Processed   370000/ 1332637 entries, 27.76% (elapsed time   771.1s, curr speed    0.514 kHz, avg speed    0.480 kHz), accepted     7313/  370001 events ( 1.98%)
Processed   380000/ 1332637 entries, 28.51% (elapsed time   790.0s, curr speed    0.531 kHz, avg speed    0.481 kHz), accepted     7509/  380001 events ( 1.98%)
Processed   390000/ 1332637 entries, 29.27% (elapsed time   810.8s, curr speed    0.479 kHz, avg speed    0.481 kHz), accepted     7736/  390001 events ( 1.98%)
Processed   400000/ 1332637 entries, 30.02% (elapsed time   834.7s, curr speed    0.420 kHz, avg speed    0.479 kHz), accepted     7932/  400001 events ( 1.98%)
Processed   410000/ 1332637 entries, 30.77% (elapsed time   855.4s, curr speed    0.482 kHz, avg speed    0.479 kHz), accepted     8136/  410001 events ( 1.98%)
Processed   420000/ 1332637 entries, 31.52% (elapsed time   874.9s, curr speed    0.514 kHz, avg speed    0.480 kHz), accepted     8344/  420001 events ( 1.99%)
Processed   430000/ 1332637 entries, 32.27% (elapsed time   904.1s, curr speed    0.343 kHz, avg speed    0.476 kHz), accepted     8553/  430001 events ( 1.99%)
Processed   440000/ 1332637 entries, 33.02% (elapsed time   922.7s, curr speed    0.538 kHz, avg speed    0.477 kHz), accepted     8757/  440001 events ( 1.99%)
Processed   450000/ 1332637 entries, 33.77% (elapsed time   942.7s, curr speed    0.498 kHz, avg speed    0.477 kHz), accepted     8961/  450001 events ( 1.99%)
Processed   460000/ 1332637 entries, 34.52% (elapsed time   961.3s, curr speed    0.539 kHz, avg speed    0.479 kHz), accepted     9181/  460001 events ( 2.00%)
Processed   470000/ 1332637 entries, 35.27% (elapsed time   979.9s, curr speed    0.538 kHz, avg speed    0.480 kHz), accepted     9384/  470001 events ( 2.00%)
Processed   480000/ 1332637 entries, 36.02% (elapsed time  1000.4s, curr speed    0.487 kHz, avg speed    0.480 kHz), accepted     9582/  480001 events ( 2.00%)
Processed   490000/ 1332637 entries, 36.77% (elapsed time  1019.8s, curr speed    0.516 kHz, avg speed    0.480 kHz), accepted     9795/  490001 events ( 2.00%)
Processed   500000/ 1332637 entries, 37.52% (elapsed time  1038.8s, curr speed    0.527 kHz, avg speed    0.481 kHz), accepted    10017/  500001 events ( 2.00%)
Processed   510000/ 1332637 entries, 38.27% (elapsed time  1058.7s, curr speed    0.501 kHz, avg speed    0.482 kHz), accepted    10280/  510001 events ( 2.02%)
Processed   520000/ 1332637 entries, 39.02% (elapsed time  1079.8s, curr speed    0.475 kHz, avg speed    0.482 kHz), accepted    10487/  520001 events ( 2.02%)
Processed   530000/ 1332637 entries, 39.77% (elapsed time  1103.9s, curr speed    0.416 kHz, avg speed    0.480 kHz), accepted    10700/  530001 events ( 2.02%)
Processed   540000/ 1332637 entries, 40.52% (elapsed time  1123.8s, curr speed    0.501 kHz, avg speed    0.480 kHz), accepted    10925/  540001 events ( 2.02%)
Processed   550000/ 1332637 entries, 41.27% (elapsed time  1143.0s, curr speed    0.521 kHz, avg speed    0.481 kHz), accepted    11122/  550001 events ( 2.02%)
Processed   560000/ 1332637 entries, 42.02% (elapsed time  1172.6s, curr speed    0.338 kHz, avg speed    0.478 kHz), accepted    11355/  560001 events ( 2.03%)
Processed   570000/ 1332637 entries, 42.77% (elapsed time  1191.9s, curr speed    0.518 kHz, avg speed    0.478 kHz), accepted    11578/  570001 events ( 2.03%)
Processed   580000/ 1332637 entries, 43.52% (elapsed time  1211.0s, curr speed    0.525 kHz, avg speed    0.479 kHz), accepted    11817/  580001 events ( 2.04%)
Processed   590000/ 1332637 entries, 44.27% (elapsed time  1229.9s, curr speed    0.529 kHz, avg speed    0.480 kHz), accepted    12038/  590001 events ( 2.04%)
Processed   600000/ 1332637 entries, 45.02% (elapsed time  1249.8s, curr speed    0.502 kHz, avg speed    0.480 kHz), accepted    12266/  600001 events ( 2.04%)
Processed   610000/ 1332637 entries, 45.77% (elapsed time  1268.6s, curr speed    0.531 kHz, avg speed    0.481 kHz), accepted    12510/  610001 events ( 2.05%)
Processed   620000/ 1332637 entries, 46.52% (elapsed time  1288.0s, curr speed    0.516 kHz, avg speed    0.481 kHz), accepted    12735/  620001 events ( 2.05%)
Processed   630000/ 1332637 entries, 47.27% (elapsed time  1306.5s, curr speed    0.540 kHz, avg speed    0.482 kHz), accepted    12966/  630001 events ( 2.06%)
Processed   640000/ 1332637 entries, 48.03% (elapsed time  1325.5s, curr speed    0.526 kHz, avg speed    0.483 kHz), accepted    13204/  640001 events ( 2.06%)
Processed   650000/ 1332637 entries, 48.78% (elapsed time  1348.8s, curr speed    0.430 kHz, avg speed    0.482 kHz), accepted    13446/  650001 events ( 2.07%)
Processed   660000/ 1332637 entries, 49.53% (elapsed time  1369.8s, curr speed    0.475 kHz, avg speed    0.482 kHz), accepted    13633/  660001 events ( 2.07%)
Processed   670000/ 1332637 entries, 50.28% (elapsed time  1389.6s, curr speed    0.506 kHz, avg speed    0.482 kHz), accepted    13866/  670001 events ( 2.07%)
Processed   680000/ 1332637 entries, 51.03% (elapsed time  1408.0s, curr speed    0.543 kHz, avg speed    0.483 kHz), accepted    14053/  680001 events ( 2.07%)
Processed   690000/ 1332637 entries, 51.78% (elapsed time  1436.5s, curr speed    0.351 kHz, avg speed    0.480 kHz), accepted    14277/  690001 events ( 2.07%)
Processed   700000/ 1332637 entries, 52.53% (elapsed time  1455.0s, curr speed    0.541 kHz, avg speed    0.481 kHz), accepted    14501/  700001 events ( 2.07%)
Processed   710000/ 1332637 entries, 53.28% (elapsed time  1475.7s, curr speed    0.482 kHz, avg speed    0.481 kHz), accepted    14730/  710001 events ( 2.07%)
Processed   720000/ 1332637 entries, 54.03% (elapsed time  1494.6s, curr speed    0.530 kHz, avg speed    0.482 kHz), accepted    14962/  720001 events ( 2.08%)
Processed   730000/ 1332637 entries, 54.78% (elapsed time  1514.8s, curr speed    0.495 kHz, avg speed    0.482 kHz), accepted    15189/  730001 events ( 2.08%)
Processed   740000/ 1332637 entries, 55.53% (elapsed time  1533.0s, curr speed    0.551 kHz, avg speed    0.483 kHz), accepted    15405/  740001 events ( 2.08%)
Processed   750000/ 1332637 entries, 56.28% (elapsed time  1552.3s, curr speed    0.516 kHz, avg speed    0.483 kHz), accepted    15613/  750001 events ( 2.08%)
Processed   760000/ 1332637 entries, 57.03% (elapsed time  1571.5s, curr speed    0.523 kHz, avg speed    0.484 kHz), accepted    15842/  760001 events ( 2.08%)
Processed   770000/ 1332637 entries, 57.78% (elapsed time  1592.2s, curr speed    0.483 kHz, avg speed    0.484 kHz), accepted    16083/  770001 events ( 2.09%)
Processed   780000/ 1332637 entries, 58.53% (elapsed time  1615.3s, curr speed    0.432 kHz, avg speed    0.483 kHz), accepted    16336/  780001 events ( 2.09%)
Processed   790000/ 1332637 entries, 59.28% (elapsed time  1635.7s, curr speed    0.491 kHz, avg speed    0.483 kHz), accepted    16570/  790001 events ( 2.10%)
Processed   800000/ 1332637 entries, 60.03% (elapsed time  1655.3s, curr speed    0.510 kHz, avg speed    0.483 kHz), accepted    16805/  800001 events ( 2.10%)
Processed   810000/ 1332637 entries, 60.78% (elapsed time  1683.6s, curr speed    0.353 kHz, avg speed    0.481 kHz), accepted    17018/  810001 events ( 2.10%)
Processed   820000/ 1332637 entries, 61.53% (elapsed time  1703.2s, curr speed    0.511 kHz, avg speed    0.481 kHz), accepted    17216/  820001 events ( 2.10%)
Processed   830000/ 1332637 entries, 62.28% (elapsed time  1723.0s, curr speed    0.505 kHz, avg speed    0.482 kHz), accepted    17446/  830001 events ( 2.10%)
Processed   840000/ 1332637 entries, 63.03% (elapsed time  1741.8s, curr speed    0.532 kHz, avg speed    0.482 kHz), accepted    17670/  840001 events ( 2.10%)
Processed   850000/ 1332637 entries, 63.78% (elapsed time  1762.0s, curr speed    0.496 kHz, avg speed    0.482 kHz), accepted    17895/  850001 events ( 2.11%)
Processed   860000/ 1332637 entries, 64.53% (elapsed time  1780.6s, curr speed    0.538 kHz, avg speed    0.483 kHz), accepted    18149/  860001 events ( 2.11%)
Processed   870000/ 1332637 entries, 65.28% (elapsed time  1800.8s, curr speed    0.495 kHz, avg speed    0.483 kHz), accepted    18382/  870001 events ( 2.11%)
Processed   880000/ 1332637 entries, 66.03% (elapsed time  1819.4s, curr speed    0.538 kHz, avg speed    0.484 kHz), accepted    18610/  880001 events ( 2.11%)
Processed   890000/ 1332637 entries, 66.78% (elapsed time  1838.0s, curr speed    0.536 kHz, avg speed    0.484 kHz), accepted    18861/  890001 events ( 2.12%)
Processed   900000/ 1332637 entries, 67.54% (elapsed time  1859.3s, curr speed    0.471 kHz, avg speed    0.484 kHz), accepted    19041/  900001 events ( 2.12%)
Processed   910000/ 1332637 entries, 68.29% (elapsed time  1882.1s, curr speed    0.438 kHz, avg speed    0.484 kHz), accepted    19220/  910001 events ( 2.11%)
Processed   920000/ 1332637 entries, 69.04% (elapsed time  1900.9s, curr speed    0.532 kHz, avg speed    0.484 kHz), accepted    19408/  920001 events ( 2.11%)
Processed   930000/ 1332637 entries, 69.79% (elapsed time  1919.5s, curr speed    0.538 kHz, avg speed    0.485 kHz), accepted    19628/  930001 events ( 2.11%)
Processed   940000/ 1332637 entries, 70.54% (elapsed time  1948.0s, curr speed    0.350 kHz, avg speed    0.483 kHz), accepted    19829/  940001 events ( 2.11%)
Processed   950000/ 1332637 entries, 71.29% (elapsed time  1966.2s, curr speed    0.549 kHz, avg speed    0.483 kHz), accepted    20019/  950001 events ( 2.11%)
Processed   960000/ 1332637 entries, 72.04% (elapsed time  1984.9s, curr speed    0.537 kHz, avg speed    0.484 kHz), accepted    20160/  960001 events ( 2.10%)
Processed   970000/ 1332637 entries, 72.79% (elapsed time  2003.7s, curr speed    0.531 kHz, avg speed    0.484 kHz), accepted    20360/  970001 events ( 2.10%)
Processed   980000/ 1332637 entries, 73.54% (elapsed time  2021.8s, curr speed    0.554 kHz, avg speed    0.485 kHz), accepted    20529/  980001 events ( 2.09%)
Processed   990000/ 1332637 entries, 74.29% (elapsed time  2040.5s, curr speed    0.535 kHz, avg speed    0.485 kHz), accepted    20744/  990001 events ( 2.10%)
Processed  1000000/ 1332637 entries, 75.04% (elapsed time  2061.0s, curr speed    0.486 kHz, avg speed    0.485 kHz), accepted    21011/ 1000001 events ( 2.10%)
Processed  1010000/ 1332637 entries, 75.79% (elapsed time  2079.8s, curr speed    0.534 kHz, avg speed    0.486 kHz), accepted    21251/ 1010001 events ( 2.10%)
Processed  1020000/ 1332637 entries, 76.54% (elapsed time  2098.1s, curr speed    0.545 kHz, avg speed    0.486 kHz), accepted    21478/ 1020001 events ( 2.11%)
Processed  1030000/ 1332637 entries, 77.29% (elapsed time  2118.4s, curr speed    0.493 kHz, avg speed    0.486 kHz), accepted    21710/ 1030001 events ( 2.11%)
Processed  1040000/ 1332637 entries, 78.04% (elapsed time  2141.8s, curr speed    0.427 kHz, avg speed    0.486 kHz), accepted    21997/ 1040001 events ( 2.12%)
Processed  1050000/ 1332637 entries, 78.79% (elapsed time  2162.0s, curr speed    0.493 kHz, avg speed    0.486 kHz), accepted    22249/ 1050001 events ( 2.12%)
Processed  1060000/ 1332637 entries, 79.54% (elapsed time  2180.8s, curr speed    0.533 kHz, avg speed    0.486 kHz), accepted    22487/ 1060001 events ( 2.12%)
Processed  1070000/ 1332637 entries, 80.29% (elapsed time  2210.0s, curr speed    0.343 kHz, avg speed    0.484 kHz), accepted    22742/ 1070001 events ( 2.13%)
Processed  1080000/ 1332637 entries, 81.04% (elapsed time  2230.8s, curr speed    0.480 kHz, avg speed    0.484 kHz), accepted    22973/ 1080001 events ( 2.13%)
Processed  1090000/ 1332637 entries, 81.79% (elapsed time  2250.5s, curr speed    0.508 kHz, avg speed    0.484 kHz), accepted    23213/ 1090001 events ( 2.13%)
Processed  1100000/ 1332637 entries, 82.54% (elapsed time  2269.8s, curr speed    0.519 kHz, avg speed    0.485 kHz), accepted    23462/ 1100001 events ( 2.13%)
Processed  1110000/ 1332637 entries, 83.29% (elapsed time  2287.8s, curr speed    0.555 kHz, avg speed    0.485 kHz), accepted    23680/ 1110001 events ( 2.13%)
Processed  1120000/ 1332637 entries, 84.04% (elapsed time  2308.4s, curr speed    0.486 kHz, avg speed    0.485 kHz), accepted    23929/ 1120001 events ( 2.14%)
Processed  1130000/ 1332637 entries, 84.79% (elapsed time  2327.3s, curr speed    0.530 kHz, avg speed    0.486 kHz), accepted    24181/ 1130001 events ( 2.14%)
Processed  1140000/ 1332637 entries, 85.54% (elapsed time  2346.6s, curr speed    0.517 kHz, avg speed    0.486 kHz), accepted    24432/ 1140001 events ( 2.14%)
Processed  1150000/ 1332637 entries, 86.30% (elapsed time  2366.7s, curr speed    0.497 kHz, avg speed    0.486 kHz), accepted    24610/ 1150001 events ( 2.14%)
Processed  1160000/ 1332637 entries, 87.05% (elapsed time  2389.0s, curr speed    0.450 kHz, avg speed    0.486 kHz), accepted    24816/ 1160001 events ( 2.14%)
Processed  1170000/ 1332637 entries, 87.80% (elapsed time  2409.8s, curr speed    0.481 kHz, avg speed    0.486 kHz), accepted    24995/ 1170001 events ( 2.14%)
Processed  1180000/ 1332637 entries, 88.55% (elapsed time  2429.1s, curr speed    0.517 kHz, avg speed    0.486 kHz), accepted    25210/ 1180001 events ( 2.14%)
Processed  1190000/ 1332637 entries, 89.30% (elapsed time  2457.1s, curr speed    0.357 kHz, avg speed    0.484 kHz), accepted    25412/ 1190001 events ( 2.14%)
Processed  1200000/ 1332637 entries, 90.05% (elapsed time  2477.2s, curr speed    0.498 kHz, avg speed    0.484 kHz), accepted    25611/ 1200001 events ( 2.13%)
Processed  1210000/ 1332637 entries, 90.80% (elapsed time  2495.5s, curr speed    0.548 kHz, avg speed    0.485 kHz), accepted    25821/ 1210001 events ( 2.13%)
Processed  1220000/ 1332637 entries, 91.55% (elapsed time  2515.6s, curr speed    0.495 kHz, avg speed    0.485 kHz), accepted    26059/ 1220001 events ( 2.14%)
Processed  1230000/ 1332637 entries, 92.30% (elapsed time  2534.2s, curr speed    0.539 kHz, avg speed    0.485 kHz), accepted    26279/ 1230001 events ( 2.14%)
Processed  1240000/ 1332637 entries, 93.05% (elapsed time  2552.5s, curr speed    0.545 kHz, avg speed    0.486 kHz), accepted    26473/ 1240001 events ( 2.13%)
Processed  1250000/ 1332637 entries, 93.80% (elapsed time  2571.5s, curr speed    0.527 kHz, avg speed    0.486 kHz), accepted    26677/ 1250001 events ( 2.13%)
Processed  1260000/ 1332637 entries, 94.55% (elapsed time  2590.5s, curr speed    0.526 kHz, avg speed    0.486 kHz), accepted    26889/ 1260001 events ( 2.13%)
Processed  1270000/ 1332637 entries, 95.30% (elapsed time  2609.7s, curr speed    0.521 kHz, avg speed    0.487 kHz), accepted    27092/ 1270001 events ( 2.13%)
Processed  1280000/ 1332637 entries, 96.05% (elapsed time  2630.3s, curr speed    0.485 kHz, avg speed    0.487 kHz), accepted    27314/ 1280001 events ( 2.13%)
Processed  1290000/ 1332637 entries, 96.80% (elapsed time  2653.6s, curr speed    0.430 kHz, avg speed    0.486 kHz), accepted    27515/ 1290001 events ( 2.13%)
Processed  1300000/ 1332637 entries, 97.55% (elapsed time  2673.7s, curr speed    0.497 kHz, avg speed    0.486 kHz), accepted    27729/ 1300001 events ( 2.13%)
Processed  1310000/ 1332637 entries, 98.30% (elapsed time  2692.7s, curr speed    0.527 kHz, avg speed    0.487 kHz), accepted    27928/ 1310001 events ( 2.13%)
Processed  1320000/ 1332637 entries, 99.05% (elapsed time  2721.0s, curr speed    0.353 kHz, avg speed    0.485 kHz), accepted    28088/ 1320001 events ( 2.13%)
Processed  1330000/ 1332637 entries, 99.80% (elapsed time  2740.8s, curr speed    0.507 kHz, avg speed    0.485 kHz), accepted    28264/ 1330001 events ( 2.13%)
Processed 1332637 preselected entries from root://cms-xrd-global.cern.ch//store/data/Run2018A/EGamma/NANOAOD/Nano25Oct2019-v1/40000/663611E4-194E-C84F-A506-BEABB0CF7E9C.root (1338639 entries). Finally selected 28303 entries
Pre-select 1623011 entries out of 1623011 (100.00%)
Processed    10000/ 1623011 entries,  0.62% (elapsed time    18.5s, curr speed    0.539 kHz, avg speed    0.539 kHz), accepted      309/   10001 events ( 3.09%)
Processed    20000/ 1623011 entries,  1.23% (elapsed time    27.7s, curr speed    1.089 kHz, avg speed    0.721 kHz), accepted      627/   20001 events ( 3.13%)
Processed    30000/ 1623011 entries,  1.85% (elapsed time    37.2s, curr speed    1.050 kHz, avg speed    0.806 kHz), accepted     1005/   30001 events ( 3.35%)
Processed    40000/ 1623011 entries,  2.46% (elapsed time    46.0s, curr speed    1.142 kHz, avg speed    0.870 kHz), accepted     1366/   40001 events ( 3.41%)
Processed    50000/ 1623011 entries,  3.08% (elapsed time    56.6s, curr speed    0.940 kHz, avg speed    0.883 kHz), accepted     1726/   50001 events ( 3.45%)
Processed    60000/ 1623011 entries,  3.70% (elapsed time    67.2s, curr speed    0.944 kHz, avg speed    0.892 kHz), accepted     2091/   60001 events ( 3.48%)
Processed    70000/ 1623011 entries,  4.31% (elapsed time    80.2s, curr speed    0.772 kHz, avg speed    0.873 kHz), accepted     2515/   70001 events ( 3.59%)
Processed    80000/ 1623011 entries,  4.93% (elapsed time    89.3s, curr speed    1.090 kHz, avg speed    0.895 kHz), accepted     2921/   80001 events ( 3.65%)
Processed    90000/ 1623011 entries,  5.55% (elapsed time    98.3s, curr speed    1.117 kHz, avg speed    0.916 kHz), accepted     3308/   90001 events ( 3.68%)
Processed   100000/ 1623011 entries,  6.16% (elapsed time   107.2s, curr speed    1.127 kHz, avg speed    0.933 kHz), accepted     3688/  100001 events ( 3.69%)
Processed   110000/ 1623011 entries,  6.78% (elapsed time   116.6s, curr speed    1.058 kHz, avg speed    0.943 kHz), accepted     4075/  110001 events ( 3.70%)
Processed   120000/ 1623011 entries,  7.39% (elapsed time   127.1s, curr speed    0.952 kHz, avg speed    0.944 kHz), accepted     4451/  120001 events ( 3.71%)
Processed   130000/ 1623011 entries,  8.01% (elapsed time   137.7s, curr speed    0.942 kHz, avg speed    0.944 kHz), accepted     4805/  130001 events ( 3.70%)
Processed   140000/ 1623011 entries,  8.63% (elapsed time   150.0s, curr speed    0.814 kHz, avg speed    0.933 kHz), accepted     5181/  140001 events ( 3.70%)
Processed   150000/ 1623011 entries,  9.24% (elapsed time   158.7s, curr speed    1.153 kHz, avg speed    0.945 kHz), accepted     5547/  150001 events ( 3.70%)
Processed   160000/ 1623011 entries,  9.86% (elapsed time   168.2s, curr speed    1.051 kHz, avg speed    0.951 kHz), accepted     5917/  160001 events ( 3.70%)
Processed   170000/ 1623011 entries, 10.47% (elapsed time   177.6s, curr speed    1.067 kHz, avg speed    0.957 kHz), accepted     6310/  170001 events ( 3.71%)
Processed   180000/ 1623011 entries, 11.09% (elapsed time   188.9s, curr speed    0.885 kHz, avg speed    0.953 kHz), accepted     6698/  180001 events ( 3.72%)
Processed   190000/ 1623011 entries, 11.71% (elapsed time   198.6s, curr speed    1.027 kHz, avg speed    0.957 kHz), accepted     7101/  190001 events ( 3.74%)
Processed   200000/ 1623011 entries, 12.32% (elapsed time   212.1s, curr speed    0.743 kHz, avg speed    0.943 kHz), accepted     7459/  200001 events ( 3.73%)
Processed   210000/ 1623011 entries, 12.94% (elapsed time   221.5s, curr speed    1.060 kHz, avg speed    0.948 kHz), accepted     7850/  210001 events ( 3.74%)
Processed   220000/ 1623011 entries, 13.56% (elapsed time   230.3s, curr speed    1.135 kHz, avg speed    0.955 kHz), accepted     8213/  220001 events ( 3.73%)
Processed   230000/ 1623011 entries, 14.17% (elapsed time   239.4s, curr speed    1.102 kHz, avg speed    0.961 kHz), accepted     8579/  230001 events ( 3.73%)
Processed   240000/ 1623011 entries, 14.79% (elapsed time   249.1s, curr speed    1.037 kHz, avg speed    0.964 kHz), accepted     8971/  240001 events ( 3.74%)
Processed   250000/ 1623011 entries, 15.40% (elapsed time   259.4s, curr speed    0.965 kHz, avg speed    0.964 kHz), accepted     9350/  250001 events ( 3.74%)
Processed   260000/ 1623011 entries, 16.02% (elapsed time   272.1s, curr speed    0.790 kHz, avg speed    0.956 kHz), accepted     9711/  260001 events ( 3.73%)
Processed   270000/ 1623011 entries, 16.64% (elapsed time   280.8s, curr speed    1.143 kHz, avg speed    0.961 kHz), accepted    10096/  270001 events ( 3.74%)
Processed   280000/ 1623011 entries, 17.25% (elapsed time   290.5s, curr speed    1.036 kHz, avg speed    0.964 kHz), accepted    10501/  280001 events ( 3.75%)
Processed   290000/ 1623011 entries, 17.87% (elapsed time   299.6s, curr speed    1.094 kHz, avg speed    0.968 kHz), accepted    10909/  290001 events ( 3.76%)
Processed   300000/ 1623011 entries, 18.48% (elapsed time   308.8s, curr speed    1.095 kHz, avg speed    0.972 kHz), accepted    11296/  300001 events ( 3.77%)
Processed   310000/ 1623011 entries, 19.10% (elapsed time   319.1s, curr speed    0.968 kHz, avg speed    0.972 kHz), accepted    11696/  310001 events ( 3.77%)
Processed   320000/ 1623011 entries, 19.72% (elapsed time   328.3s, curr speed    1.090 kHz, avg speed    0.975 kHz), accepted    12082/  320001 events ( 3.78%)
Processed   330000/ 1623011 entries, 20.33% (elapsed time   340.8s, curr speed    0.799 kHz, avg speed    0.968 kHz), accepted    12428/  330001 events ( 3.77%)
Processed   340000/ 1623011 entries, 20.95% (elapsed time   349.7s, curr speed    1.118 kHz, avg speed    0.972 kHz), accepted    12781/  340001 events ( 3.76%)
Processed   350000/ 1623011 entries, 21.56% (elapsed time   358.9s, curr speed    1.086 kHz, avg speed    0.975 kHz), accepted    13177/  350001 events ( 3.76%)
Processed   360000/ 1623011 entries, 22.18% (elapsed time   368.2s, curr speed    1.081 kHz, avg speed    0.978 kHz), accepted    13581/  360001 events ( 3.77%)
Processed   370000/ 1623011 entries, 22.80% (elapsed time   378.2s, curr speed    0.998 kHz, avg speed    0.978 kHz), accepted    13980/  370001 events ( 3.78%)
Processed   380000/ 1623011 entries, 23.41% (elapsed time   388.6s, curr speed    0.960 kHz, avg speed    0.978 kHz), accepted    14336/  380001 events ( 3.77%)
Processed   390000/ 1623011 entries, 24.03% (elapsed time   401.2s, curr speed    0.792 kHz, avg speed    0.972 kHz), accepted    14702/  390001 events ( 3.77%)
Processed   400000/ 1623011 entries, 24.65% (elapsed time   410.1s, curr speed    1.128 kHz, avg speed    0.975 kHz), accepted    15073/  400001 events ( 3.77%)
Processed   410000/ 1623011 entries, 25.26% (elapsed time   419.3s, curr speed    1.089 kHz, avg speed    0.978 kHz), accepted    15454/  410001 events ( 3.77%)
Processed   420000/ 1623011 entries, 25.88% (elapsed time   427.9s, curr speed    1.166 kHz, avg speed    0.982 kHz), accepted    15843/  420001 events ( 3.77%)
Processed   430000/ 1623011 entries, 26.49% (elapsed time   436.6s, curr speed    1.141 kHz, avg speed    0.985 kHz), accepted    16247/  430001 events ( 3.78%)
Processed   440000/ 1623011 entries, 27.11% (elapsed time   447.1s, curr speed    0.955 kHz, avg speed    0.984 kHz), accepted    16642/  440001 events ( 3.78%)
Processed   450000/ 1623011 entries, 27.73% (elapsed time   457.1s, curr speed    0.998 kHz, avg speed    0.984 kHz), accepted    16997/  450001 events ( 3.78%)
Processed   460000/ 1623011 entries, 28.34% (elapsed time   469.6s, curr speed    0.803 kHz, avg speed    0.980 kHz), accepted    17384/  460001 events ( 3.78%)
Processed   470000/ 1623011 entries, 28.96% (elapsed time   478.5s, curr speed    1.116 kHz, avg speed    0.982 kHz), accepted    17760/  470001 events ( 3.78%)
Processed   480000/ 1623011 entries, 29.57% (elapsed time   487.6s, curr speed    1.102 kHz, avg speed    0.984 kHz), accepted    18130/  480001 events ( 3.78%)
Processed   490000/ 1623011 entries, 30.19% (elapsed time   497.0s, curr speed    1.062 kHz, avg speed    0.986 kHz), accepted    18507/  490001 events ( 3.78%)
Processed   500000/ 1623011 entries, 30.81% (elapsed time   506.6s, curr speed    1.043 kHz, avg speed    0.987 kHz), accepted    18920/  500001 events ( 3.78%)
Processed   510000/ 1623011 entries, 31.42% (elapsed time   517.4s, curr speed    0.929 kHz, avg speed    0.986 kHz), accepted    19292/  510001 events ( 3.78%)
Processed   520000/ 1623011 entries, 32.04% (elapsed time   529.8s, curr speed    0.802 kHz, avg speed    0.981 kHz), accepted    19672/  520001 events ( 3.78%)
Processed   530000/ 1623011 entries, 32.66% (elapsed time   538.6s, curr speed    1.139 kHz, avg speed    0.984 kHz), accepted    20046/  530001 events ( 3.78%)
Processed   540000/ 1623011 entries, 33.27% (elapsed time   547.5s, curr speed    1.130 kHz, avg speed    0.986 kHz), accepted    20374/  540001 events ( 3.77%)
Processed   550000/ 1623011 entries, 33.89% (elapsed time   556.8s, curr speed    1.071 kHz, avg speed    0.988 kHz), accepted    20769/  550001 events ( 3.78%)
Processed   560000/ 1623011 entries, 34.50% (elapsed time   566.0s, curr speed    1.092 kHz, avg speed    0.989 kHz), accepted    21171/  560001 events ( 3.78%)
Processed   570000/ 1623011 entries, 35.12% (elapsed time   577.1s, curr speed    0.894 kHz, avg speed    0.988 kHz), accepted    21526/  570001 events ( 3.78%)
Processed   580000/ 1623011 entries, 35.74% (elapsed time   586.2s, curr speed    1.103 kHz, avg speed    0.989 kHz), accepted    21916/  580001 events ( 3.78%)
Processed   590000/ 1623011 entries, 36.35% (elapsed time   598.5s, curr speed    0.815 kHz, avg speed    0.986 kHz), accepted    22296/  590001 events ( 3.78%)
Processed   600000/ 1623011 entries, 36.97% (elapsed time   607.5s, curr speed    1.113 kHz, avg speed    0.988 kHz), accepted    22653/  600001 events ( 3.78%)
Processed   610000/ 1623011 entries, 37.58% (elapsed time   615.9s, curr speed    1.190 kHz, avg speed    0.990 kHz), accepted    23067/  610001 events ( 3.78%)
Processed   620000/ 1623011 entries, 38.20% (elapsed time   624.4s, curr speed    1.165 kHz, avg speed    0.993 kHz), accepted    23429/  620001 events ( 3.78%)
Processed   630000/ 1623011 entries, 38.82% (elapsed time   633.8s, curr speed    1.074 kHz, avg speed    0.994 kHz), accepted    23822/  630001 events ( 3.78%)
Processed   640000/ 1623011 entries, 39.43% (elapsed time   643.9s, curr speed    0.987 kHz, avg speed    0.994 kHz), accepted    24247/  640001 events ( 3.79%)
Processed   650000/ 1623011 entries, 40.05% (elapsed time   656.2s, curr speed    0.809 kHz, avg speed    0.990 kHz), accepted    24652/  650001 events ( 3.79%)
Processed   660000/ 1623011 entries, 40.67% (elapsed time   665.3s, curr speed    1.109 kHz, avg speed    0.992 kHz), accepted    25072/  660001 events ( 3.80%)
Processed   670000/ 1623011 entries, 41.28% (elapsed time   673.7s, curr speed    1.185 kHz, avg speed    0.994 kHz), accepted    25475/  670001 events ( 3.80%)
Processed   680000/ 1623011 entries, 41.90% (elapsed time   682.8s, curr speed    1.094 kHz, avg speed    0.996 kHz), accepted    25868/  680001 events ( 3.80%)
Processed   690000/ 1623011 entries, 42.51% (elapsed time   691.5s, curr speed    1.154 kHz, avg speed    0.998 kHz), accepted    26256/  690001 events ( 3.81%)
Processed   700000/ 1623011 entries, 43.13% (elapsed time   702.5s, curr speed    0.912 kHz, avg speed    0.996 kHz), accepted    26656/  700001 events ( 3.81%)
Processed   710000/ 1623011 entries, 43.75% (elapsed time   711.7s, curr speed    1.086 kHz, avg speed    0.998 kHz), accepted    27070/  710001 events ( 3.81%)
Processed   720000/ 1623011 entries, 44.36% (elapsed time   724.9s, curr speed    0.758 kHz, avg speed    0.993 kHz), accepted    27474/  720001 events ( 3.82%)
Processed   730000/ 1623011 entries, 44.98% (elapsed time   733.4s, curr speed    1.175 kHz, avg speed    0.995 kHz), accepted    27868/  730001 events ( 3.82%)
Processed   740000/ 1623011 entries, 45.59% (elapsed time   742.1s, curr speed    1.154 kHz, avg speed    0.997 kHz), accepted    28259/  740001 events ( 3.82%)
Processed   750000/ 1623011 entries, 46.21% (elapsed time   751.1s, curr speed    1.108 kHz, avg speed    0.999 kHz), accepted    28674/  750001 events ( 3.82%)
Processed   760000/ 1623011 entries, 46.83% (elapsed time   760.8s, curr speed    1.033 kHz, avg speed    0.999 kHz), accepted    29064/  760001 events ( 3.82%)
Processed   770000/ 1623011 entries, 47.44% (elapsed time   771.1s, curr speed    0.967 kHz, avg speed    0.999 kHz), accepted    29453/  770001 events ( 3.83%)
Processed   780000/ 1623011 entries, 48.06% (elapsed time   783.4s, curr speed    0.816 kHz, avg speed    0.996 kHz), accepted    29840/  780001 events ( 3.83%)
Processed   790000/ 1623011 entries, 48.67% (elapsed time   792.3s, curr speed    1.119 kHz, avg speed    0.997 kHz), accepted    30247/  790001 events ( 3.83%)
Processed   800000/ 1623011 entries, 49.29% (elapsed time   800.5s, curr speed    1.218 kHz, avg speed    0.999 kHz), accepted    30611/  800001 events ( 3.83%)
Processed   810000/ 1623011 entries, 49.91% (elapsed time   809.4s, curr speed    1.129 kHz, avg speed    1.001 kHz), accepted    30996/  810001 events ( 3.83%)
Processed   820000/ 1623011 entries, 50.52% (elapsed time   818.3s, curr speed    1.122 kHz, avg speed    1.002 kHz), accepted    31296/  820001 events ( 3.82%)
Processed   830000/ 1623011 entries, 51.14% (elapsed time   828.8s, curr speed    0.947 kHz, avg speed    1.001 kHz), accepted    31574/  830001 events ( 3.80%)
Processed   840000/ 1623011 entries, 51.76% (elapsed time   837.6s, curr speed    1.144 kHz, avg speed    1.003 kHz), accepted    31882/  840001 events ( 3.80%)
Processed   850000/ 1623011 entries, 52.37% (elapsed time   850.3s, curr speed    0.787 kHz, avg speed    1.000 kHz), accepted    32238/  850001 events ( 3.79%)
Processed   860000/ 1623011 entries, 52.99% (elapsed time   859.4s, curr speed    1.102 kHz, avg speed    1.001 kHz), accepted    32555/  860001 events ( 3.79%)
Processed   870000/ 1623011 entries, 53.60% (elapsed time   868.6s, curr speed    1.083 kHz, avg speed    1.002 kHz), accepted    32913/  870001 events ( 3.78%)
Processed   880000/ 1623011 entries, 54.22% (elapsed time   877.2s, curr speed    1.165 kHz, avg speed    1.003 kHz), accepted    33232/  880001 events ( 3.78%)
Processed   890000/ 1623011 entries, 54.84% (elapsed time   886.7s, curr speed    1.052 kHz, avg speed    1.004 kHz), accepted    33557/  890001 events ( 3.77%)
Processed   900000/ 1623011 entries, 55.45% (elapsed time   897.6s, curr speed    0.917 kHz, avg speed    1.003 kHz), accepted    33877/  900001 events ( 3.76%)
Processed   910000/ 1623011 entries, 56.07% (elapsed time   910.0s, curr speed    0.803 kHz, avg speed    1.000 kHz), accepted    34206/  910001 events ( 3.76%)
Processed   920000/ 1623011 entries, 56.68% (elapsed time   918.8s, curr speed    1.142 kHz, avg speed    1.001 kHz), accepted    34529/  920001 events ( 3.75%)
Processed   930000/ 1623011 entries, 57.30% (elapsed time   928.2s, curr speed    1.065 kHz, avg speed    1.002 kHz), accepted    34835/  930001 events ( 3.75%)
Processed   940000/ 1623011 entries, 57.92% (elapsed time   937.0s, curr speed    1.138 kHz, avg speed    1.003 kHz), accepted    35150/  940001 events ( 3.74%)
Processed   950000/ 1623011 entries, 58.53% (elapsed time   945.9s, curr speed    1.116 kHz, avg speed    1.004 kHz), accepted    35495/  950001 events ( 3.74%)
Processed   960000/ 1623011 entries, 59.15% (elapsed time   956.6s, curr speed    0.935 kHz, avg speed    1.004 kHz), accepted    35821/  960001 events ( 3.73%)
Processed   970000/ 1623011 entries, 59.77% (elapsed time   965.0s, curr speed    1.196 kHz, avg speed    1.005 kHz), accepted    36129/  970001 events ( 3.72%)
Processed   980000/ 1623011 entries, 60.38% (elapsed time   977.2s, curr speed    0.820 kHz, avg speed    1.003 kHz), accepted    36464/  980001 events ( 3.72%)
Processed   990000/ 1623011 entries, 61.00% (elapsed time   985.9s, curr speed    1.144 kHz, avg speed    1.004 kHz), accepted    36764/  990001 events ( 3.71%)
Processed  1000000/ 1623011 entries, 61.61% (elapsed time   994.8s, curr speed    1.126 kHz, avg speed    1.005 kHz), accepted    37080/ 1000001 events ( 3.71%)
Processed  1010000/ 1623011 entries, 62.23% (elapsed time  1003.2s, curr speed    1.188 kHz, avg speed    1.007 kHz), accepted    37416/ 1010001 events ( 3.70%)
Processed  1020000/ 1623011 entries, 62.85% (elapsed time  1014.0s, curr speed    0.929 kHz, avg speed    1.006 kHz), accepted    37732/ 1020001 events ( 3.70%)
Processed  1030000/ 1623011 entries, 63.46% (elapsed time  1023.7s, curr speed    1.024 kHz, avg speed    1.006 kHz), accepted    38056/ 1030001 events ( 3.69%)
Processed  1040000/ 1623011 entries, 64.08% (elapsed time  1036.2s, curr speed    0.801 kHz, avg speed    1.004 kHz), accepted    38380/ 1040001 events ( 3.69%)
Processed  1050000/ 1623011 entries, 64.69% (elapsed time  1045.1s, curr speed    1.132 kHz, avg speed    1.005 kHz), accepted    38676/ 1050001 events ( 3.68%)
Processed  1060000/ 1623011 entries, 65.31% (elapsed time  1053.6s, curr speed    1.166 kHz, avg speed    1.006 kHz), accepted    38996/ 1060001 events ( 3.68%)
Processed  1070000/ 1623011 entries, 65.93% (elapsed time  1063.0s, curr speed    1.070 kHz, avg speed    1.007 kHz), accepted    39345/ 1070001 events ( 3.68%)
Processed  1080000/ 1623011 entries, 66.54% (elapsed time  1072.0s, curr speed    1.104 kHz, avg speed    1.007 kHz), accepted    39654/ 1080001 events ( 3.67%)
Processed  1090000/ 1623011 entries, 67.16% (elapsed time  1083.2s, curr speed    0.899 kHz, avg speed    1.006 kHz), accepted    39985/ 1090001 events ( 3.67%)
Processed  1100000/ 1623011 entries, 67.78% (elapsed time  1095.7s, curr speed    0.801 kHz, avg speed    1.004 kHz), accepted    40286/ 1100001 events ( 3.66%)
Processed  1110000/ 1623011 entries, 68.39% (elapsed time  1104.8s, curr speed    1.093 kHz, avg speed    1.005 kHz), accepted    40652/ 1110001 events ( 3.66%)
Processed  1120000/ 1623011 entries, 69.01% (elapsed time  1113.9s, curr speed    1.104 kHz, avg speed    1.006 kHz), accepted    40996/ 1120001 events ( 3.66%)
Processed  1130000/ 1623011 entries, 69.62% (elapsed time  1123.1s, curr speed    1.082 kHz, avg speed    1.006 kHz), accepted    41361/ 1130001 events ( 3.66%)
Processed  1140000/ 1623011 entries, 70.24% (elapsed time  1131.8s, curr speed    1.145 kHz, avg speed    1.007 kHz), accepted    41704/ 1140001 events ( 3.66%)
Processed  1150000/ 1623011 entries, 70.86% (elapsed time  1143.0s, curr speed    0.894 kHz, avg speed    1.006 kHz), accepted    42081/ 1150001 events ( 3.66%)
Processed  1160000/ 1623011 entries, 71.47% (elapsed time  1152.9s, curr speed    1.014 kHz, avg speed    1.006 kHz), accepted    42406/ 1160001 events ( 3.66%)
Processed  1170000/ 1623011 entries, 72.09% (elapsed time  1165.8s, curr speed    0.772 kHz, avg speed    1.004 kHz), accepted    42729/ 1170001 events ( 3.65%)
Processed  1180000/ 1623011 entries, 72.70% (elapsed time  1175.5s, curr speed    1.034 kHz, avg speed    1.004 kHz), accepted    43083/ 1180001 events ( 3.65%)
Processed  1190000/ 1623011 entries, 73.32% (elapsed time  1184.4s, curr speed    1.122 kHz, avg speed    1.005 kHz), accepted    43459/ 1190001 events ( 3.65%)
Processed  1200000/ 1623011 entries, 73.94% (elapsed time  1193.5s, curr speed    1.098 kHz, avg speed    1.005 kHz), accepted    43837/ 1200001 events ( 3.65%)
Processed  1210000/ 1623011 entries, 74.55% (elapsed time  1203.0s, curr speed    1.060 kHz, avg speed    1.006 kHz), accepted    44201/ 1210001 events ( 3.65%)
Processed  1220000/ 1623011 entries, 75.17% (elapsed time  1213.0s, curr speed    0.995 kHz, avg speed    1.006 kHz), accepted    44558/ 1220001 events ( 3.65%)
Processed  1230000/ 1623011 entries, 75.79% (elapsed time  1225.7s, curr speed    0.789 kHz, avg speed    1.004 kHz), accepted    44932/ 1230001 events ( 3.65%)
Processed  1240000/ 1623011 entries, 76.40% (elapsed time  1235.2s, curr speed    1.056 kHz, avg speed    1.004 kHz), accepted    45285/ 1240001 events ( 3.65%)
Processed  1250000/ 1623011 entries, 77.02% (elapsed time  1243.7s, curr speed    1.166 kHz, avg speed    1.005 kHz), accepted    45664/ 1250001 events ( 3.65%)
Processed  1260000/ 1623011 entries, 77.63% (elapsed time  1252.8s, curr speed    1.106 kHz, avg speed    1.006 kHz), accepted    46043/ 1260001 events ( 3.65%)
Processed  1270000/ 1623011 entries, 78.25% (elapsed time  1262.1s, curr speed    1.076 kHz, avg speed    1.006 kHz), accepted    46411/ 1270001 events ( 3.65%)
Processed  1280000/ 1623011 entries, 78.87% (elapsed time  1272.6s, curr speed    0.951 kHz, avg speed    1.006 kHz), accepted    46806/ 1280001 events ( 3.66%)
Processed  1290000/ 1623011 entries, 79.48% (elapsed time  1282.2s, curr speed    1.039 kHz, avg speed    1.006 kHz), accepted    47171/ 1290001 events ( 3.66%)
Processed  1300000/ 1623011 entries, 80.10% (elapsed time  1294.9s, curr speed    0.790 kHz, avg speed    1.004 kHz), accepted    47550/ 1300001 events ( 3.66%)
Processed  1310000/ 1623011 entries, 80.71% (elapsed time  1304.2s, curr speed    1.074 kHz, avg speed    1.004 kHz), accepted    47961/ 1310001 events ( 3.66%)
Processed  1320000/ 1623011 entries, 81.33% (elapsed time  1313.2s, curr speed    1.104 kHz, avg speed    1.005 kHz), accepted    48342/ 1320001 events ( 3.66%)
Processed  1330000/ 1623011 entries, 81.95% (elapsed time  1322.1s, curr speed    1.132 kHz, avg speed    1.006 kHz), accepted    48685/ 1330001 events ( 3.66%)
Processed  1340000/ 1623011 entries, 82.56% (elapsed time  1331.8s, curr speed    1.029 kHz, avg speed    1.006 kHz), accepted    49048/ 1340001 events ( 3.66%)
Processed  1350000/ 1623011 entries, 83.18% (elapsed time  1342.2s, curr speed    0.961 kHz, avg speed    1.006 kHz), accepted    49416/ 1350001 events ( 3.66%)
Processed  1360000/ 1623011 entries, 83.79% (elapsed time  1355.5s, curr speed    0.751 kHz, avg speed    1.003 kHz), accepted    49768/ 1360001 events ( 3.66%)
Processed  1370000/ 1623011 entries, 84.41% (elapsed time  1364.4s, curr speed    1.126 kHz, avg speed    1.004 kHz), accepted    50147/ 1370001 events ( 3.66%)
Processed  1380000/ 1623011 entries, 85.03% (elapsed time  1373.5s, curr speed    1.099 kHz, avg speed    1.005 kHz), accepted    50530/ 1380001 events ( 3.66%)
Processed  1390000/ 1623011 entries, 85.64% (elapsed time  1382.7s, curr speed    1.078 kHz, avg speed    1.005 kHz), accepted    50887/ 1390001 events ( 3.66%)
Processed  1400000/ 1623011 entries, 86.26% (elapsed time  1391.8s, curr speed    1.111 kHz, avg speed    1.006 kHz), accepted    51237/ 1400001 events ( 3.66%)
Processed  1410000/ 1623011 entries, 86.88% (elapsed time  1402.4s, curr speed    0.939 kHz, avg speed    1.005 kHz), accepted    51563/ 1410001 events ( 3.66%)
Processed  1420000/ 1623011 entries, 87.49% (elapsed time  1411.5s, curr speed    1.101 kHz, avg speed    1.006 kHz), accepted    51888/ 1420001 events ( 3.65%)
Processed  1430000/ 1623011 entries, 88.11% (elapsed time  1423.9s, curr speed    0.805 kHz, avg speed    1.004 kHz), accepted    52240/ 1430001 events ( 3.65%)
Processed  1440000/ 1623011 entries, 88.72% (elapsed time  1433.3s, curr speed    1.059 kHz, avg speed    1.005 kHz), accepted    52601/ 1440001 events ( 3.65%)
Processed  1450000/ 1623011 entries, 89.34% (elapsed time  1442.6s, curr speed    1.075 kHz, avg speed    1.005 kHz), accepted    52938/ 1450001 events ( 3.65%)
Processed  1460000/ 1623011 entries, 89.96% (elapsed time  1451.8s, curr speed    1.096 kHz, avg speed    1.006 kHz), accepted    53294/ 1460001 events ( 3.65%)
Processed  1470000/ 1623011 entries, 90.57% (elapsed time  1461.3s, curr speed    1.044 kHz, avg speed    1.006 kHz), accepted    53629/ 1470001 events ( 3.65%)
Processed  1480000/ 1623011 entries, 91.19% (elapsed time  1471.9s, curr speed    0.944 kHz, avg speed    1.005 kHz), accepted    53935/ 1480001 events ( 3.64%)
Processed  1490000/ 1623011 entries, 91.80% (elapsed time  1485.1s, curr speed    0.762 kHz, avg speed    1.003 kHz), accepted    54262/ 1490001 events ( 3.64%)
Processed  1500000/ 1623011 entries, 92.42% (elapsed time  1494.5s, curr speed    1.065 kHz, avg speed    1.004 kHz), accepted    54626/ 1500001 events ( 3.64%)
Processed  1510000/ 1623011 entries, 93.04% (elapsed time  1503.7s, curr speed    1.077 kHz, avg speed    1.004 kHz), accepted    54962/ 1510001 events ( 3.64%)
Processed  1520000/ 1623011 entries, 93.65% (elapsed time  1513.1s, curr speed    1.071 kHz, avg speed    1.005 kHz), accepted    55295/ 1520001 events ( 3.64%)
Processed  1530000/ 1623011 entries, 94.27% (elapsed time  1522.1s, curr speed    1.106 kHz, avg speed    1.005 kHz), accepted    55620/ 1530001 events ( 3.64%)
Processed  1540000/ 1623011 entries, 94.89% (elapsed time  1533.5s, curr speed    0.880 kHz, avg speed    1.004 kHz), accepted    55992/ 1540001 events ( 3.64%)
Processed  1550000/ 1623011 entries, 95.50% (elapsed time  1542.9s, curr speed    1.059 kHz, avg speed    1.005 kHz), accepted    56342/ 1550001 events ( 3.63%)
Processed  1560000/ 1623011 entries, 96.12% (elapsed time  1555.4s, curr speed    0.803 kHz, avg speed    1.003 kHz), accepted    56681/ 1560001 events ( 3.63%)
Processed  1570000/ 1623011 entries, 96.73% (elapsed time  1564.1s, curr speed    1.153 kHz, avg speed    1.004 kHz), accepted    57015/ 1570001 events ( 3.63%)
Processed  1580000/ 1623011 entries, 97.35% (elapsed time  1573.1s, curr speed    1.104 kHz, avg speed    1.004 kHz), accepted    57369/ 1580001 events ( 3.63%)
Processed  1590000/ 1623011 entries, 97.97% (elapsed time  1582.6s, curr speed    1.049 kHz, avg speed    1.005 kHz), accepted    57729/ 1590001 events ( 3.63%)
Processed  1600000/ 1623011 entries, 98.58% (elapsed time  1592.2s, curr speed    1.049 kHz, avg speed    1.005 kHz), accepted    58032/ 1600001 events ( 3.63%)
Processed  1610000/ 1623011 entries, 99.20% (elapsed time  1603.1s, curr speed    0.919 kHz, avg speed    1.004 kHz), accepted    58388/ 1610001 events ( 3.63%)
Processed  1620000/ 1623011 entries, 99.81% (elapsed time  1615.7s, curr speed    0.789 kHz, avg speed    1.003 kHz), accepted    58744/ 1620001 events ( 3.63%)
Processed 1623011 preselected entries from root://cms-xrd-global.cern.ch//store/data/Run2018A/EGamma/NANOAOD/Nano25Oct2019-v1/40000/6D16F293-8485-664C-A650-DF6349B7EB81.root (1623011 entries). Finally selected 58848 entries
Pre-select 867025 entries out of 993343 (87.28%)
Processed    10000/  867025 entries,  1.15% (elapsed time    17.4s, curr speed    0.576 kHz, avg speed    0.576 kHz), accepted      286/   10001 events ( 2.86%)
Processed    20000/  867025 entries,  2.31% (elapsed time    26.6s, curr speed    1.087 kHz, avg speed    0.753 kHz), accepted      557/   20001 events ( 2.78%)
Processed    30000/  867025 entries,  3.46% (elapsed time    35.4s, curr speed    1.126 kHz, avg speed    0.846 kHz), accepted      804/   30001 events ( 2.68%)
Processed    40000/  867025 entries,  4.61% (elapsed time    43.9s, curr speed    1.187 kHz, avg speed    0.912 kHz), accepted     1008/   40001 events ( 2.52%)
Processed    50000/  867025 entries,  5.77% (elapsed time    53.3s, curr speed    1.061 kHz, avg speed    0.938 kHz), accepted     1244/   50001 events ( 2.49%)
Processed    60000/  867025 entries,  6.92% (elapsed time    62.0s, curr speed    1.149 kHz, avg speed    0.968 kHz), accepted     1487/   60001 events ( 2.48%)
Processed    70000/  867025 entries,  8.07% (elapsed time    70.6s, curr speed    1.165 kHz, avg speed    0.992 kHz), accepted     1729/   70001 events ( 2.47%)
Processed    80000/  867025 entries,  9.23% (elapsed time    79.3s, curr speed    1.143 kHz, avg speed    1.008 kHz), accepted     1948/   80001 events ( 2.43%)
Processed    90000/  867025 entries, 10.38% (elapsed time    87.3s, curr speed    1.263 kHz, avg speed    1.032 kHz), accepted     2152/   90001 events ( 2.39%)
Processed   100000/  867025 entries, 11.53% (elapsed time    96.0s, curr speed    1.143 kHz, avg speed    1.042 kHz), accepted     2369/  100001 events ( 2.37%)
Processed   110000/  867025 entries, 12.69% (elapsed time   104.6s, curr speed    1.169 kHz, avg speed    1.052 kHz), accepted     2617/  110001 events ( 2.38%)
Processed   120000/  867025 entries, 13.84% (elapsed time   113.1s, curr speed    1.176 kHz, avg speed    1.061 kHz), accepted     2855/  120001 events ( 2.38%)
Processed   130000/  867025 entries, 14.99% (elapsed time   121.7s, curr speed    1.153 kHz, avg speed    1.068 kHz), accepted     3112/  130001 events ( 2.39%)
Processed   140000/  867025 entries, 16.15% (elapsed time   129.9s, curr speed    1.219 kHz, avg speed    1.077 kHz), accepted     3335/  140001 events ( 2.38%)
Processed   150000/  867025 entries, 17.30% (elapsed time   138.4s, curr speed    1.179 kHz, avg speed    1.084 kHz), accepted     3548/  150001 events ( 2.37%)
Processed   160000/  867025 entries, 18.45% (elapsed time   147.3s, curr speed    1.127 kHz, avg speed    1.086 kHz), accepted     3778/  160001 events ( 2.36%)
Processed   170000/  867025 entries, 19.61% (elapsed time   156.1s, curr speed    1.141 kHz, avg speed    1.089 kHz), accepted     4012/  170001 events ( 2.36%)
Processed   180000/  867025 entries, 20.76% (elapsed time   164.7s, curr speed    1.158 kHz, avg speed    1.093 kHz), accepted     4264/  180001 events ( 2.37%)
Processed   190000/  867025 entries, 21.91% (elapsed time   173.3s, curr speed    1.155 kHz, avg speed    1.096 kHz), accepted     4506/  190001 events ( 2.37%)
Processed   200000/  867025 entries, 23.07% (elapsed time   181.5s, curr speed    1.229 kHz, avg speed    1.102 kHz), accepted     4751/  200001 events ( 2.38%)
Processed   210000/  867025 entries, 24.22% (elapsed time   190.6s, curr speed    1.091 kHz, avg speed    1.102 kHz), accepted     4997/  210001 events ( 2.38%)
Processed   220000/  867025 entries, 25.37% (elapsed time   199.1s, curr speed    1.177 kHz, avg speed    1.105 kHz), accepted     5230/  220001 events ( 2.38%)
Processed   230000/  867025 entries, 26.53% (elapsed time   208.8s, curr speed    1.032 kHz, avg speed    1.101 kHz), accepted     5495/  230001 events ( 2.39%)
Processed   240000/  867025 entries, 27.68% (elapsed time   217.7s, curr speed    1.127 kHz, avg speed    1.102 kHz), accepted     5757/  240001 events ( 2.40%)
Processed   250000/  867025 entries, 28.83% (elapsed time   226.8s, curr speed    1.098 kHz, avg speed    1.102 kHz), accepted     6007/  250001 events ( 2.40%)
Processed   260000/  867025 entries, 29.99% (elapsed time   236.0s, curr speed    1.092 kHz, avg speed    1.102 kHz), accepted     6295/  260001 events ( 2.42%)
Processed   270000/  867025 entries, 31.14% (elapsed time   244.5s, curr speed    1.170 kHz, avg speed    1.104 kHz), accepted     6543/  270001 events ( 2.42%)
Processed   280000/  867025 entries, 32.29% (elapsed time   253.0s, curr speed    1.180 kHz, avg speed    1.107 kHz), accepted     6809/  280001 events ( 2.43%)
Processed   290000/  867025 entries, 33.45% (elapsed time   261.6s, curr speed    1.158 kHz, avg speed    1.108 kHz), accepted     7145/  290001 events ( 2.46%)
Processed   300000/  867025 entries, 34.60% (elapsed time   270.3s, curr speed    1.154 kHz, avg speed    1.110 kHz), accepted     7492/  300001 events ( 2.50%)
Processed   310000/  867025 entries, 35.75% (elapsed time   283.0s, curr speed    0.788 kHz, avg speed    1.095 kHz), accepted     7828/  310001 events ( 2.53%)
Processed   320000/  867025 entries, 36.91% (elapsed time   292.0s, curr speed    1.114 kHz, avg speed    1.096 kHz), accepted     8156/  320001 events ( 2.55%)
Processed   330000/  867025 entries, 38.06% (elapsed time   300.7s, curr speed    1.143 kHz, avg speed    1.097 kHz), accepted     8395/  330001 events ( 2.54%)
Processed   340000/  867025 entries, 39.21% (elapsed time   309.7s, curr speed    1.111 kHz, avg speed    1.098 kHz), accepted     8653/  340001 events ( 2.54%)
Processed   350000/  867025 entries, 40.37% (elapsed time   318.0s, curr speed    1.213 kHz, avg speed    1.101 kHz), accepted     8901/  350001 events ( 2.54%)
Processed   360000/  867025 entries, 41.52% (elapsed time   326.6s, curr speed    1.151 kHz, avg speed    1.102 kHz), accepted     9127/  360001 events ( 2.54%)
Processed   370000/  867025 entries, 42.67% (elapsed time   335.9s, curr speed    1.085 kHz, avg speed    1.102 kHz), accepted     9406/  370001 events ( 2.54%)
Processed   380000/  867025 entries, 43.83% (elapsed time   344.6s, curr speed    1.147 kHz, avg speed    1.103 kHz), accepted     9657/  380001 events ( 2.54%)
Processed   390000/  867025 entries, 44.98% (elapsed time   352.7s, curr speed    1.227 kHz, avg speed    1.106 kHz), accepted     9924/  390001 events ( 2.54%)
Processed   400000/  867025 entries, 46.13% (elapsed time   360.8s, curr speed    1.246 kHz, avg speed    1.109 kHz), accepted    10148/  400001 events ( 2.54%)
Processed   410000/  867025 entries, 47.29% (elapsed time   368.7s, curr speed    1.257 kHz, avg speed    1.112 kHz), accepted    10378/  410001 events ( 2.53%)
Processed   420000/  867025 entries, 48.44% (elapsed time   377.1s, curr speed    1.196 kHz, avg speed    1.114 kHz), accepted    10578/  420001 events ( 2.52%)
Processed   430000/  867025 entries, 49.59% (elapsed time   385.5s, curr speed    1.182 kHz, avg speed    1.115 kHz), accepted    10809/  430001 events ( 2.51%)
Processed   440000/  867025 entries, 50.75% (elapsed time   393.6s, curr speed    1.233 kHz, avg speed    1.118 kHz), accepted    11013/  440001 events ( 2.50%)
Processed   450000/  867025 entries, 51.90% (elapsed time   402.0s, curr speed    1.193 kHz, avg speed    1.119 kHz), accepted    11229/  450001 events ( 2.50%)
Processed   460000/  867025 entries, 53.05% (elapsed time   410.7s, curr speed    1.155 kHz, avg speed    1.120 kHz), accepted    11446/  460001 events ( 2.49%)
Processed   470000/  867025 entries, 54.21% (elapsed time   419.0s, curr speed    1.199 kHz, avg speed    1.122 kHz), accepted    11662/  470001 events ( 2.48%)
Processed   480000/  867025 entries, 55.36% (elapsed time   427.3s, curr speed    1.208 kHz, avg speed    1.123 kHz), accepted    11890/  480001 events ( 2.48%)
Processed   490000/  867025 entries, 56.52% (elapsed time   436.1s, curr speed    1.144 kHz, avg speed    1.124 kHz), accepted    12130/  490001 events ( 2.48%)
Processed   500000/  867025 entries, 57.67% (elapsed time   444.6s, curr speed    1.167 kHz, avg speed    1.125 kHz), accepted    12362/  500001 events ( 2.47%)
Processed   510000/  867025 entries, 58.82% (elapsed time   461.1s, curr speed    0.608 kHz, avg speed    1.106 kHz), accepted    12615/  510001 events ( 2.47%)
Processed   520000/  867025 entries, 59.98% (elapsed time   469.8s, curr speed    1.143 kHz, avg speed    1.107 kHz), accepted    12842/  520001 events ( 2.47%)
Processed   530000/  867025 entries, 61.13% (elapsed time   478.8s, curr speed    1.116 kHz, avg speed    1.107 kHz), accepted    13070/  530001 events ( 2.47%)
Processed   540000/  867025 entries, 62.28% (elapsed time   487.6s, curr speed    1.134 kHz, avg speed    1.107 kHz), accepted    13297/  540001 events ( 2.46%)
Processed   550000/  867025 entries, 63.44% (elapsed time   504.4s, curr speed    0.596 kHz, avg speed    1.090 kHz), accepted    13498/  550001 events ( 2.45%)
Processed   560000/  867025 entries, 64.59% (elapsed time   520.2s, curr speed    0.634 kHz, avg speed    1.077 kHz), accepted    13722/  560001 events ( 2.45%)
Processed   570000/  867025 entries, 65.74% (elapsed time   529.9s, curr speed    1.023 kHz, avg speed    1.076 kHz), accepted    13998/  570001 events ( 2.46%)
Processed   580000/  867025 entries, 66.90% (elapsed time   539.1s, curr speed    1.093 kHz, avg speed    1.076 kHz), accepted    14261/  580001 events ( 2.46%)
Processed   590000/  867025 entries, 68.05% (elapsed time   547.7s, curr speed    1.169 kHz, avg speed    1.077 kHz), accepted    14539/  590001 events ( 2.46%)
Processed   600000/  867025 entries, 69.20% (elapsed time   557.1s, curr speed    1.061 kHz, avg speed    1.077 kHz), accepted    14811/  600001 events ( 2.47%)
Processed   610000/  867025 entries, 70.36% (elapsed time   566.0s, curr speed    1.118 kHz, avg speed    1.078 kHz), accepted    15136/  610001 events ( 2.48%)
Processed   620000/  867025 entries, 71.51% (elapsed time   575.5s, curr speed    1.052 kHz, avg speed    1.077 kHz), accepted    15517/  620001 events ( 2.50%)
Processed   630000/  867025 entries, 72.66% (elapsed time   584.7s, curr speed    1.086 kHz, avg speed    1.077 kHz), accepted    15886/  630001 events ( 2.52%)
Processed   640000/  867025 entries, 73.82% (elapsed time   594.6s, curr speed    1.013 kHz, avg speed    1.076 kHz), accepted    16205/  640001 events ( 2.53%)
Processed   650000/  867025 entries, 74.97% (elapsed time   604.0s, curr speed    1.069 kHz, avg speed    1.076 kHz), accepted    16534/  650001 events ( 2.54%)
Processed   660000/  867025 entries, 76.12% (elapsed time   616.0s, curr speed    0.828 kHz, avg speed    1.071 kHz), accepted    16904/  660001 events ( 2.56%)
Processed   670000/  867025 entries, 77.28% (elapsed time   625.4s, curr speed    1.065 kHz, avg speed    1.071 kHz), accepted    17286/  670001 events ( 2.58%)
Processed   680000/  867025 entries, 78.43% (elapsed time   634.8s, curr speed    1.070 kHz, avg speed    1.071 kHz), accepted    17680/  680001 events ( 2.60%)
Processed   690000/  867025 entries, 79.58% (elapsed time   644.2s, curr speed    1.063 kHz, avg speed    1.071 kHz), accepted    18096/  690001 events ( 2.62%)
Processed   700000/  867025 entries, 80.74% (elapsed time   653.0s, curr speed    1.134 kHz, avg speed    1.072 kHz), accepted    18490/  700001 events ( 2.64%)
Processed   710000/  867025 entries, 81.89% (elapsed time   662.2s, curr speed    1.088 kHz, avg speed    1.072 kHz), accepted    18846/  710001 events ( 2.65%)
Processed   720000/  867025 entries, 83.04% (elapsed time   675.3s, curr speed    0.762 kHz, avg speed    1.066 kHz), accepted    19230/  720001 events ( 2.67%)
Processed   730000/  867025 entries, 84.20% (elapsed time   684.2s, curr speed    1.128 kHz, avg speed    1.067 kHz), accepted    19616/  730001 events ( 2.69%)
Processed   740000/  867025 entries, 85.35% (elapsed time   693.4s, curr speed    1.088 kHz, avg speed    1.067 kHz), accepted    20007/  740001 events ( 2.70%)
Processed   750000/  867025 entries, 86.50% (elapsed time   702.6s, curr speed    1.083 kHz, avg speed    1.067 kHz), accepted    20388/  750001 events ( 2.72%)
Processed   760000/  867025 entries, 87.66% (elapsed time   711.9s, curr speed    1.076 kHz, avg speed    1.068 kHz), accepted    20788/  760001 events ( 2.74%)
Processed   770000/  867025 entries, 88.81% (elapsed time   721.7s, curr speed    1.017 kHz, avg speed    1.067 kHz), accepted    21196/  770001 events ( 2.75%)
Processed   780000/  867025 entries, 89.96% (elapsed time   730.6s, curr speed    1.133 kHz, avg speed    1.068 kHz), accepted    21536/  780001 events ( 2.76%)
Processed   790000/  867025 entries, 91.12% (elapsed time   739.6s, curr speed    1.107 kHz, avg speed    1.068 kHz), accepted    21897/  790001 events ( 2.77%)
Processed   800000/  867025 entries, 92.27% (elapsed time   748.6s, curr speed    1.115 kHz, avg speed    1.069 kHz), accepted    22285/  800001 events ( 2.79%)
Processed   810000/  867025 entries, 93.42% (elapsed time   757.8s, curr speed    1.084 kHz, avg speed    1.069 kHz), accepted    22673/  810001 events ( 2.80%)
Processed   820000/  867025 entries, 94.58% (elapsed time   766.9s, curr speed    1.104 kHz, avg speed    1.069 kHz), accepted    23054/  820001 events ( 2.81%)
Processed   830000/  867025 entries, 95.73% (elapsed time   776.5s, curr speed    1.042 kHz, avg speed    1.069 kHz), accepted    23449/  830001 events ( 2.83%)
Processed   840000/  867025 entries, 96.88% (elapsed time   786.0s, curr speed    1.042 kHz, avg speed    1.069 kHz), accepted    23883/  840001 events ( 2.84%)
Processed   850000/  867025 entries, 98.04% (elapsed time   798.8s, curr speed    0.783 kHz, avg speed    1.064 kHz), accepted    24227/  850001 events ( 2.85%)
Processed   860000/  867025 entries, 99.19% (elapsed time   808.1s, curr speed    1.079 kHz, avg speed    1.064 kHz), accepted    24576/  860001 events ( 2.86%)
Processed 867025 preselected entries from root://cms-xrd-global.cern.ch//store/data/Run2018A/EGamma/NANOAOD/Nano25Oct2019-v1/40000/6ECB6843-976C-2D43-8F22-CC2C87C2C153.root (993343 entries). Finally selected 24831 entries
Pre-select 1245922 entries out of 1317526 (94.57%)
Processed    10000/ 1245922 entries,  0.80% (elapsed time    10.1s, curr speed    0.989 kHz, avg speed    0.989 kHz), accepted      285/   10001 events ( 2.85%)
Processed    20000/ 1245922 entries,  1.61% (elapsed time    15.3s, curr speed    1.936 kHz, avg speed    1.309 kHz), accepted      584/   20001 events ( 2.92%)
Processed    30000/ 1245922 entries,  2.41% (elapsed time    20.4s, curr speed    1.940 kHz, avg speed    1.469 kHz), accepted      892/   30001 events ( 2.97%)
Processed    40000/ 1245922 entries,  3.21% (elapsed time    25.5s, curr speed    1.967 kHz, avg speed    1.568 kHz), accepted     1205/   40001 events ( 3.01%)
Processed    50000/ 1245922 entries,  4.01% (elapsed time    30.4s, curr speed    2.033 kHz, avg speed    1.643 kHz), accepted     1521/   50001 events ( 3.04%)
Processed    60000/ 1245922 entries,  4.82% (elapsed time    35.8s, curr speed    1.870 kHz, avg speed    1.677 kHz), accepted     1801/   60001 events ( 3.00%)
Processed    70000/ 1245922 entries,  5.62% (elapsed time    41.3s, curr speed    1.800 kHz, avg speed    1.694 kHz), accepted     2145/   70001 events ( 3.06%)
Processed    80000/ 1245922 entries,  6.42% (elapsed time    47.6s, curr speed    1.600 kHz, avg speed    1.681 kHz), accepted     2452/   80001 events ( 3.06%)
Processed    90000/ 1245922 entries,  7.22% (elapsed time    53.3s, curr speed    1.752 kHz, avg speed    1.689 kHz), accepted     2735/   90001 events ( 3.04%)
Processed   100000/ 1245922 entries,  8.03% (elapsed time    58.7s, curr speed    1.845 kHz, avg speed    1.703 kHz), accepted     2976/  100001 events ( 2.98%)
Processed   110000/ 1245922 entries,  8.83% (elapsed time    64.8s, curr speed    1.637 kHz, avg speed    1.697 kHz), accepted     3279/  110001 events ( 2.98%)
Processed   120000/ 1245922 entries,  9.63% (elapsed time    70.1s, curr speed    1.892 kHz, avg speed    1.712 kHz), accepted     3559/  120001 events ( 2.97%)
Processed   130000/ 1245922 entries, 10.43% (elapsed time    75.6s, curr speed    1.817 kHz, avg speed    1.719 kHz), accepted     3844/  130001 events ( 2.96%)
Processed   140000/ 1245922 entries, 11.24% (elapsed time    83.4s, curr speed    1.287 kHz, avg speed    1.679 kHz), accepted     4190/  140001 events ( 2.99%)
Processed   150000/ 1245922 entries, 12.04% (elapsed time    88.6s, curr speed    1.927 kHz, avg speed    1.694 kHz), accepted     4515/  150001 events ( 3.01%)
Processed   160000/ 1245922 entries, 12.84% (elapsed time    93.4s, curr speed    2.088 kHz, avg speed    1.714 kHz), accepted     4868/  160001 events ( 3.04%)
Processed   170000/ 1245922 entries, 13.64% (elapsed time    98.2s, curr speed    2.050 kHz, avg speed    1.731 kHz), accepted     5164/  170001 events ( 3.04%)
Processed   180000/ 1245922 entries, 14.45% (elapsed time   104.0s, curr speed    1.729 kHz, avg speed    1.731 kHz), accepted     5453/  180001 events ( 3.03%)
Processed   190000/ 1245922 entries, 15.25% (elapsed time   109.8s, curr speed    1.715 kHz, avg speed    1.730 kHz), accepted     5822/  190001 events ( 3.06%)
Processed   200000/ 1245922 entries, 16.05% (elapsed time   115.4s, curr speed    1.790 kHz, avg speed    1.733 kHz), accepted     6130/  200001 events ( 3.06%)
Processed   210000/ 1245922 entries, 16.85% (elapsed time   120.7s, curr speed    1.895 kHz, avg speed    1.740 kHz), accepted     6435/  210001 events ( 3.06%)
Processed   220000/ 1245922 entries, 17.66% (elapsed time   126.5s, curr speed    1.733 kHz, avg speed    1.739 kHz), accepted     6784/  220001 events ( 3.08%)
Processed   230000/ 1245922 entries, 18.46% (elapsed time   131.8s, curr speed    1.891 kHz, avg speed    1.746 kHz), accepted     7110/  230001 events ( 3.09%)
Processed   240000/ 1245922 entries, 19.26% (elapsed time   137.7s, curr speed    1.689 kHz, avg speed    1.743 kHz), accepted     7438/  240001 events ( 3.10%)
Processed   250000/ 1245922 entries, 20.07% (elapsed time   143.7s, curr speed    1.667 kHz, avg speed    1.740 kHz), accepted     7789/  250001 events ( 3.12%)
Processed   260000/ 1245922 entries, 20.87% (elapsed time   149.2s, curr speed    1.829 kHz, avg speed    1.743 kHz), accepted     8116/  260001 events ( 3.12%)
Processed   270000/ 1245922 entries, 21.67% (elapsed time   154.6s, curr speed    1.822 kHz, avg speed    1.746 kHz), accepted     8436/  270001 events ( 3.12%)
Processed   280000/ 1245922 entries, 22.47% (elapsed time   162.2s, curr speed    1.327 kHz, avg speed    1.727 kHz), accepted     8761/  280001 events ( 3.13%)
Processed   290000/ 1245922 entries, 23.28% (elapsed time   167.3s, curr speed    1.940 kHz, avg speed    1.733 kHz), accepted     9083/  290001 events ( 3.13%)
Processed   300000/ 1245922 entries, 24.08% (elapsed time   172.4s, curr speed    1.975 kHz, avg speed    1.740 kHz), accepted     9418/  300001 events ( 3.14%)
Processed   310000/ 1245922 entries, 24.88% (elapsed time   177.4s, curr speed    2.008 kHz, avg speed    1.748 kHz), accepted     9738/  310001 events ( 3.14%)
Processed   320000/ 1245922 entries, 25.68% (elapsed time   182.5s, curr speed    1.965 kHz, avg speed    1.754 kHz), accepted    10061/  320001 events ( 3.14%)
Processed   330000/ 1245922 entries, 26.49% (elapsed time   187.9s, curr speed    1.847 kHz, avg speed    1.756 kHz), accepted    10374/  330001 events ( 3.14%)
Processed   340000/ 1245922 entries, 27.29% (elapsed time   193.6s, curr speed    1.753 kHz, avg speed    1.756 kHz), accepted    10725/  340001 events ( 3.15%)
Processed   350000/ 1245922 entries, 28.09% (elapsed time   199.0s, curr speed    1.844 kHz, avg speed    1.759 kHz), accepted    11060/  350001 events ( 3.16%)
Processed   360000/ 1245922 entries, 28.89% (elapsed time   204.5s, curr speed    1.817 kHz, avg speed    1.760 kHz), accepted    11351/  360001 events ( 3.15%)
Processed   370000/ 1245922 entries, 29.70% (elapsed time   210.2s, curr speed    1.751 kHz, avg speed    1.760 kHz), accepted    11660/  370001 events ( 3.15%)
Processed   380000/ 1245922 entries, 30.50% (elapsed time   216.3s, curr speed    1.635 kHz, avg speed    1.757 kHz), accepted    11995/  380001 events ( 3.16%)
Processed   390000/ 1245922 entries, 31.30% (elapsed time   222.3s, curr speed    1.682 kHz, avg speed    1.755 kHz), accepted    12320/  390001 events ( 3.16%)
Processed   400000/ 1245922 entries, 32.10% (elapsed time   227.2s, curr speed    2.018 kHz, avg speed    1.760 kHz), accepted    12612/  400001 events ( 3.15%)
Processed   410000/ 1245922 entries, 32.91% (elapsed time   232.2s, curr speed    2.013 kHz, avg speed    1.766 kHz), accepted    12936/  410001 events ( 3.16%)
Processed   420000/ 1245922 entries, 33.71% (elapsed time   239.6s, curr speed    1.352 kHz, avg speed    1.753 kHz), accepted    13244/  420001 events ( 3.15%)
Processed   430000/ 1245922 entries, 34.51% (elapsed time   245.1s, curr speed    1.826 kHz, avg speed    1.755 kHz), accepted    13578/  430001 events ( 3.16%)
Processed   440000/ 1245922 entries, 35.32% (elapsed time   250.4s, curr speed    1.893 kHz, avg speed    1.757 kHz), accepted    13932/  440001 events ( 3.17%)
Processed   450000/ 1245922 entries, 36.12% (elapsed time   255.4s, curr speed    1.970 kHz, avg speed    1.762 kHz), accepted    14228/  450001 events ( 3.16%)
Processed   460000/ 1245922 entries, 36.92% (elapsed time   260.6s, curr speed    1.930 kHz, avg speed    1.765 kHz), accepted    14545/  460001 events ( 3.16%)
Processed   470000/ 1245922 entries, 37.72% (elapsed time   265.6s, curr speed    2.016 kHz, avg speed    1.770 kHz), accepted    14865/  470001 events ( 3.16%)
Processed   480000/ 1245922 entries, 38.53% (elapsed time   270.7s, curr speed    1.935 kHz, avg speed    1.773 kHz), accepted    15182/  480001 events ( 3.16%)
Processed   490000/ 1245922 entries, 39.33% (elapsed time   276.0s, curr speed    1.912 kHz, avg speed    1.776 kHz), accepted    15526/  490001 events ( 3.17%)
Processed   500000/ 1245922 entries, 40.13% (elapsed time   281.3s, curr speed    1.872 kHz, avg speed    1.777 kHz), accepted    15854/  500001 events ( 3.17%)
Processed   510000/ 1245922 entries, 40.93% (elapsed time   286.6s, curr speed    1.891 kHz, avg speed    1.779 kHz), accepted    16206/  510001 events ( 3.18%)
Processed   520000/ 1245922 entries, 41.74% (elapsed time   291.9s, curr speed    1.893 kHz, avg speed    1.781 kHz), accepted    16492/  520001 events ( 3.17%)
Processed   530000/ 1245922 entries, 42.54% (elapsed time   297.7s, curr speed    1.709 kHz, avg speed    1.780 kHz), accepted    16805/  530001 events ( 3.17%)
Processed   540000/ 1245922 entries, 43.34% (elapsed time   303.1s, curr speed    1.862 kHz, avg speed    1.782 kHz), accepted    17136/  540001 events ( 3.17%)
Processed   550000/ 1245922 entries, 44.14% (elapsed time   308.6s, curr speed    1.809 kHz, avg speed    1.782 kHz), accepted    17417/  550001 events ( 3.17%)
Processed   560000/ 1245922 entries, 44.95% (elapsed time   316.3s, curr speed    1.312 kHz, avg speed    1.771 kHz), accepted    17735/  560001 events ( 3.17%)
Processed   570000/ 1245922 entries, 45.75% (elapsed time   321.8s, curr speed    1.791 kHz, avg speed    1.771 kHz), accepted    18044/  570001 events ( 3.17%)
Processed   580000/ 1245922 entries, 46.55% (elapsed time   326.9s, curr speed    1.998 kHz, avg speed    1.775 kHz), accepted    18304/  580001 events ( 3.16%)
Processed   590000/ 1245922 entries, 47.35% (elapsed time   332.4s, curr speed    1.794 kHz, avg speed    1.775 kHz), accepted    18557/  590001 events ( 3.15%)
Processed   600000/ 1245922 entries, 48.16% (elapsed time   338.1s, curr speed    1.773 kHz, avg speed    1.775 kHz), accepted    18811/  600001 events ( 3.14%)
Processed   610000/ 1245922 entries, 48.96% (elapsed time   343.5s, curr speed    1.832 kHz, avg speed    1.776 kHz), accepted    19077/  610001 events ( 3.13%)
Processed   620000/ 1245922 entries, 49.76% (elapsed time   349.1s, curr speed    1.802 kHz, avg speed    1.776 kHz), accepted    19336/  620001 events ( 3.12%)
Processed   630000/ 1245922 entries, 50.56% (elapsed time   354.1s, curr speed    2.006 kHz, avg speed    1.779 kHz), accepted    19618/  630001 events ( 3.11%)
Processed   640000/ 1245922 entries, 51.37% (elapsed time   359.2s, curr speed    1.940 kHz, avg speed    1.782 kHz), accepted    19902/  640001 events ( 3.11%)
Processed   650000/ 1245922 entries, 52.17% (elapsed time   364.6s, curr speed    1.857 kHz, avg speed    1.783 kHz), accepted    20185/  650001 events ( 3.11%)
Processed   660000/ 1245922 entries, 52.97% (elapsed time   370.0s, curr speed    1.848 kHz, avg speed    1.784 kHz), accepted    20478/  660001 events ( 3.10%)
Processed   670000/ 1245922 entries, 53.78% (elapsed time   375.5s, curr speed    1.811 kHz, avg speed    1.784 kHz), accepted    20715/  670001 events ( 3.09%)
Processed   680000/ 1245922 entries, 54.58% (elapsed time   380.5s, curr speed    1.998 kHz, avg speed    1.787 kHz), accepted    20932/  680001 events ( 3.08%)
Processed   690000/ 1245922 entries, 55.38% (elapsed time   385.6s, curr speed    1.985 kHz, avg speed    1.790 kHz), accepted    21153/  690001 events ( 3.07%)
Processed   700000/ 1245922 entries, 56.18% (elapsed time   393.2s, curr speed    1.314 kHz, avg speed    1.780 kHz), accepted    21382/  700001 events ( 3.05%)
Processed   710000/ 1245922 entries, 56.99% (elapsed time   397.9s, curr speed    2.120 kHz, avg speed    1.784 kHz), accepted    21597/  710001 events ( 3.04%)
Processed   720000/ 1245922 entries, 57.79% (elapsed time   402.9s, curr speed    1.995 kHz, avg speed    1.787 kHz), accepted    21838/  720001 events ( 3.03%)
Processed   730000/ 1245922 entries, 58.59% (elapsed time   408.1s, curr speed    1.914 kHz, avg speed    1.789 kHz), accepted    22061/  730001 events ( 3.02%)
Processed   740000/ 1245922 entries, 59.39% (elapsed time   413.2s, curr speed    1.975 kHz, avg speed    1.791 kHz), accepted    22317/  740001 events ( 3.02%)
Processed   750000/ 1245922 entries, 60.20% (elapsed time   418.2s, curr speed    1.999 kHz, avg speed    1.793 kHz), accepted    22533/  750001 events ( 3.00%)
Processed   760000/ 1245922 entries, 61.00% (elapsed time   423.2s, curr speed    1.998 kHz, avg speed    1.796 kHz), accepted    22780/  760001 events ( 3.00%)
Processed   770000/ 1245922 entries, 61.80% (elapsed time   428.2s, curr speed    1.998 kHz, avg speed    1.798 kHz), accepted    23005/  770001 events ( 2.99%)
Processed   780000/ 1245922 entries, 62.60% (elapsed time   433.4s, curr speed    1.928 kHz, avg speed    1.800 kHz), accepted    23260/  780001 events ( 2.98%)
Processed   790000/ 1245922 entries, 63.41% (elapsed time   439.1s, curr speed    1.763 kHz, avg speed    1.799 kHz), accepted    23508/  790001 events ( 2.98%)
Processed   800000/ 1245922 entries, 64.21% (elapsed time   444.3s, curr speed    1.906 kHz, avg speed    1.800 kHz), accepted    23730/  800001 events ( 2.97%)
Processed   810000/ 1245922 entries, 65.01% (elapsed time   449.7s, curr speed    1.854 kHz, avg speed    1.801 kHz), accepted    23936/  810001 events ( 2.96%)
Processed   820000/ 1245922 entries, 65.81% (elapsed time   454.6s, curr speed    2.038 kHz, avg speed    1.804 kHz), accepted    24152/  820001 events ( 2.95%)
Processed   830000/ 1245922 entries, 66.62% (elapsed time   460.7s, curr speed    1.648 kHz, avg speed    1.802 kHz), accepted    24403/  830001 events ( 2.94%)
Processed   840000/ 1245922 entries, 67.42% (elapsed time   468.5s, curr speed    1.283 kHz, avg speed    1.793 kHz), accepted    24636/  840001 events ( 2.93%)
Processed   850000/ 1245922 entries, 68.22% (elapsed time   473.0s, curr speed    2.200 kHz, avg speed    1.797 kHz), accepted    24832/  850001 events ( 2.92%)
Processed   860000/ 1245922 entries, 69.03% (elapsed time   477.7s, curr speed    2.150 kHz, avg speed    1.800 kHz), accepted    25014/  860001 events ( 2.91%)
Processed   870000/ 1245922 entries, 69.83% (elapsed time   482.9s, curr speed    1.909 kHz, avg speed    1.802 kHz), accepted    25268/  870001 events ( 2.90%)
Processed   880000/ 1245922 entries, 70.63% (elapsed time   488.0s, curr speed    1.971 kHz, avg speed    1.803 kHz), accepted    25502/  880001 events ( 2.90%)
Processed   890000/ 1245922 entries, 71.43% (elapsed time   493.2s, curr speed    1.934 kHz, avg speed    1.805 kHz), accepted    25741/  890001 events ( 2.89%)
Processed   900000/ 1245922 entries, 72.24% (elapsed time   498.6s, curr speed    1.828 kHz, avg speed    1.805 kHz), accepted    25986/  900001 events ( 2.89%)
Processed   910000/ 1245922 entries, 73.04% (elapsed time   503.9s, curr speed    1.890 kHz, avg speed    1.806 kHz), accepted    26235/  910001 events ( 2.88%)
Processed   920000/ 1245922 entries, 73.84% (elapsed time   509.3s, curr speed    1.850 kHz, avg speed    1.806 kHz), accepted    26503/  920001 events ( 2.88%)
Processed   930000/ 1245922 entries, 74.64% (elapsed time   515.2s, curr speed    1.705 kHz, avg speed    1.805 kHz), accepted    26775/  930001 events ( 2.88%)
Processed   940000/ 1245922 entries, 75.45% (elapsed time   521.1s, curr speed    1.678 kHz, avg speed    1.804 kHz), accepted    27071/  940001 events ( 2.88%)
Processed   950000/ 1245922 entries, 76.25% (elapsed time   527.2s, curr speed    1.658 kHz, avg speed    1.802 kHz), accepted    27355/  950001 events ( 2.88%)
Processed   960000/ 1245922 entries, 77.05% (elapsed time   532.5s, curr speed    1.867 kHz, avg speed    1.803 kHz), accepted    27608/  960001 events ( 2.88%)
Processed   970000/ 1245922 entries, 77.85% (elapsed time   538.2s, curr speed    1.776 kHz, avg speed    1.802 kHz), accepted    27860/  970001 events ( 2.87%)
Processed   980000/ 1245922 entries, 78.66% (elapsed time   544.7s, curr speed    1.529 kHz, avg speed    1.799 kHz), accepted    28115/  980001 events ( 2.87%)
Processed   990000/ 1245922 entries, 79.46% (elapsed time   549.5s, curr speed    2.091 kHz, avg speed    1.802 kHz), accepted    28390/  990001 events ( 2.87%)
Processed  1000000/ 1245922 entries, 80.26% (elapsed time   554.9s, curr speed    1.854 kHz, avg speed    1.802 kHz), accepted    28675/ 1000001 events ( 2.87%)
Processed  1010000/ 1245922 entries, 81.06% (elapsed time   560.8s, curr speed    1.698 kHz, avg speed    1.801 kHz), accepted    29061/ 1010001 events ( 2.88%)
Processed  1020000/ 1245922 entries, 81.87% (elapsed time   566.4s, curr speed    1.783 kHz, avg speed    1.801 kHz), accepted    29437/ 1020001 events ( 2.89%)
Processed  1030000/ 1245922 entries, 82.67% (elapsed time   571.7s, curr speed    1.890 kHz, avg speed    1.802 kHz), accepted    29817/ 1030001 events ( 2.89%)
Processed  1040000/ 1245922 entries, 83.47% (elapsed time   577.5s, curr speed    1.715 kHz, avg speed    1.801 kHz), accepted    30186/ 1040001 events ( 2.90%)
Processed  1050000/ 1245922 entries, 84.27% (elapsed time   583.1s, curr speed    1.781 kHz, avg speed    1.801 kHz), accepted    30588/ 1050001 events ( 2.91%)
Processed  1060000/ 1245922 entries, 85.08% (elapsed time   588.8s, curr speed    1.745 kHz, avg speed    1.800 kHz), accepted    31007/ 1060001 events ( 2.93%)
Processed  1070000/ 1245922 entries, 85.88% (elapsed time   595.1s, curr speed    1.608 kHz, avg speed    1.798 kHz), accepted    31427/ 1070001 events ( 2.94%)
Processed  1080000/ 1245922 entries, 86.68% (elapsed time   601.7s, curr speed    1.515 kHz, avg speed    1.795 kHz), accepted    31843/ 1080001 events ( 2.95%)
Processed  1090000/ 1245922 entries, 87.49% (elapsed time   607.4s, curr speed    1.739 kHz, avg speed    1.794 kHz), accepted    32285/ 1090001 events ( 2.96%)
Processed  1100000/ 1245922 entries, 88.29% (elapsed time   612.8s, curr speed    1.842 kHz, avg speed    1.795 kHz), accepted    32674/ 1100001 events ( 2.97%)
Processed  1110000/ 1245922 entries, 89.09% (elapsed time   620.4s, curr speed    1.318 kHz, avg speed    1.789 kHz), accepted    33039/ 1110001 events ( 2.98%)
Processed  1120000/ 1245922 entries, 89.89% (elapsed time   625.8s, curr speed    1.847 kHz, avg speed    1.790 kHz), accepted    33408/ 1120001 events ( 2.98%)
Processed  1130000/ 1245922 entries, 90.70% (elapsed time   632.2s, curr speed    1.568 kHz, avg speed    1.787 kHz), accepted    33749/ 1130001 events ( 2.99%)
Processed  1140000/ 1245922 entries, 91.50% (elapsed time   638.3s, curr speed    1.641 kHz, avg speed    1.786 kHz), accepted    34075/ 1140001 events ( 2.99%)
Processed  1150000/ 1245922 entries, 92.30% (elapsed time   643.6s, curr speed    1.889 kHz, avg speed    1.787 kHz), accepted    34386/ 1150001 events ( 2.99%)
Processed  1160000/ 1245922 entries, 93.10% (elapsed time   649.1s, curr speed    1.808 kHz, avg speed    1.787 kHz), accepted    34700/ 1160001 events ( 2.99%)
Processed  1170000/ 1245922 entries, 93.91% (elapsed time   654.3s, curr speed    1.926 kHz, avg speed    1.788 kHz), accepted    35029/ 1170001 events ( 2.99%)
Processed  1180000/ 1245922 entries, 94.71% (elapsed time   660.0s, curr speed    1.760 kHz, avg speed    1.788 kHz), accepted    35407/ 1180001 events ( 3.00%)
Processed  1190000/ 1245922 entries, 95.51% (elapsed time   666.0s, curr speed    1.671 kHz, avg speed    1.787 kHz), accepted    35789/ 1190001 events ( 3.01%)
Processed  1200000/ 1245922 entries, 96.31% (elapsed time   671.2s, curr speed    1.910 kHz, avg speed    1.788 kHz), accepted    36144/ 1200001 events ( 3.01%)
Processed  1210000/ 1245922 entries, 97.12% (elapsed time   677.6s, curr speed    1.572 kHz, avg speed    1.786 kHz), accepted    36519/ 1210001 events ( 3.02%)
Processed  1220000/ 1245922 entries, 97.92% (elapsed time   684.3s, curr speed    1.502 kHz, avg speed    1.783 kHz), accepted    36866/ 1220001 events ( 3.02%)
Processed  1230000/ 1245922 entries, 98.72% (elapsed time   689.7s, curr speed    1.853 kHz, avg speed    1.784 kHz), accepted    37259/ 1230001 events ( 3.03%)
Processed  1240000/ 1245922 entries, 99.52% (elapsed time   694.8s, curr speed    1.945 kHz, avg speed    1.785 kHz), accepted    37655/ 1240001 events ( 3.04%)
Processed 1245922 preselected entries from root://cms-xrd-global.cern.ch//store/data/Run2018A/EGamma/NANOAOD/Nano25Oct2019-v1/40000/75137EE2-B0ED-8041-A896-6B1BDD836FC0.root (1317526 entries). Finally selected 37895 entries
Total time 6740.0 sec. to process 5586975 events. Rate = 828.9 Hz.
>>> cwd          = /pool/condor/dir_10663
>>> ls           = ['pico_etau_etau_14.root', 'x509_voms', 'var', '_condor_stdout', '.job.ad', '.machine.ad', '.update.ad', 'condor_exec.exe', 'lvigilan.cc', '.chirp.config', 'tmp']
>>> getstorage('/eos/home-l/lvigilan/output_ETauFR/2018/etau/EGamma_Run2017A'), <EOS("/eos/home-l/lvigilan/output_ETauFR/2018/etau/EGamma_Run2017A") at 0x2ace184af5d0>
>>> Executing: 'cp ./pico_etau_etau_14.root /eos/home-l/lvigilan/output_ETauFR/2018/etau/EGamma_Run2017A'
>>> Removing './pico_etau_etau_14.root'...
>>> picojob.py done after 6936.3 seconds

Job complete at Sun Feb  7 23:48:30 CET 2021
Took 115 minutes 38 seconds040 (1885127.014.000) 02/07 23:48:41 Finished transferring output files
...
005 (1885127.014.000) 02/07 23:48:42 Job terminated.
	(1) Normal termination (return value 0)
		Usr 0 00:26:51, Sys 0 00:01:20  -  Run Remote Usage
		Usr 0 00:00:00, Sys 0 00:00:00  -  Run Local Usage
		Usr 0 00:26:51, Sys 0 00:01:20  -  Total Remote Usage
		Usr 0 00:00:00, Sys 0 00:00:00  -  Total Local Usage
	98286  -  Run Bytes Sent By Job
	9877  -  Run Bytes Received By Job
	98286  -  Total Bytes Sent By Job
	9877  -  Total Bytes Received By Job
	Partitionable Resources :    Usage  Request Allocated 
	   Cpus                 :     0.49        1         1 
	   Disk (KB)            :   165           1    351188 
	   Memory (MB)          :   254        2000      2000 
...
