Could not find platform independent libraries <prefix>
Could not find platform dependent libraries <exec_prefix>
Consider setting $PYTHONHOME to <prefix>[:<exec_prefix>]
ImportError: No module named site
Job start at Tue Jun  8 10:15:48 CEST 2021
Running job on machine Linux b7g24n0403.cern.ch 3.10.0-1160.21.1.el7.x86_64 #1 SMP Tue Mar 16 18:28:22 UTC 2021 x86_64 x86_64 x86_64 GNU/Linux, host b7g24n0403.cern.ch
============================================================
$PWD=/pool/condor/dir_8373
$JOBID=2368955
$TASKID=45
$HOSTNAME=b7g24n0403.cern.ch
$TASKCMD=/afs/cern.ch/work/l/lvigilan/TauWork/CMSSW_10_6_17_patch1/src/TauFW/PicoProducer/python/processors/picojob.py -y UL2017 -d 'data' -c etau -M ETauFakeRate.ModuleETau --copydir /eos/home-l/lvigilan/output_ETauFR_UL17_RUN1/UL2017/etau/SingleElectron_Run2017C -t _etau_EES1p01_45 --opt 'ees=1.01' 'useT1=False' -i /eos/cms/store/group/phys_tau/TauFW/nano/UL2017/SingleElectron/Run2017C-UL2017_MiniAODv1_NanoAODv2-v1/NANOAOD/56E16FDD-A4B1-2449-9795-5B6978A8EF70_skimjec_6.root /eos/cms/store/group/phys_tau/TauFW/nano/UL2017/SingleElectron/Run2017C-UL2017_MiniAODv1_NanoAODv2-v1/NANOAOD/58220F24-689D-D043-A7A2-5AD05DF746C8_skimjec_0.root /eos/cms/store/group/phys_tau/TauFW/nano/UL2017/SingleElectron/Run2017C-UL2017_MiniAODv1_NanoAODv2-v1/NANOAOD/58220F24-689D-D043-A7A2-5AD05DF746C8_skimjec_1.root /eos/cms/store/group/phys_tau/TauFW/nano/UL2017/SingleElectron/Run2017C-UL2017_MiniAODv1_NanoAODv2-v1/NANOAOD/58220F24-689D-D043-A7A2-5AD05DF746C8_skimjec_2.root /eos/cms/store/group/phys_tau/TauFW/nano/UL2017/SingleElectron/Run2017C-UL2017_MiniAODv1_NanoAODv2-v1/NANOAOD/58220F24-689D-D043-A7A2-5AD05DF746C8_skimjec_3.root
$WORKDIR=/pool/condor/dir_8373
>>> cd /afs/cern.ch/work/l/lvigilan/TauWork/CMSSW_10_6_17_patch1/src
>>> eval `scramv1 runtime -sh`
>>> cd /pool/condor/dir_8373
$PWD=/pool/condor/dir_8373
>>> /afs/cern.ch/work/l/lvigilan/TauWork/CMSSW_10_6_17_patch1/src/TauFW/PicoProducer/python/processors/picojob.py -y UL2017 -d 'data' -c etau -M ETauFakeRate.ModuleETau --copydir /eos/home-l/lvigilan/output_ETauFR_UL17_RUN1/UL2017/etau/SingleElectron_Run2017C -t _etau_EES1p01_45 --opt 'ees=1.01' 'useT1=False' -i /eos/cms/store/group/phys_tau/TauFW/nano/UL2017/SingleElectron/Run2017C-UL2017_MiniAODv1_NanoAODv2-v1/NANOAOD/56E16FDD-A4B1-2449-9795-5B6978A8EF70_skimjec_6.root /eos/cms/store/group/phys_tau/TauFW/nano/UL2017/SingleElectron/Run2017C-UL2017_MiniAODv1_NanoAODv2-v1/NANOAOD/58220F24-689D-D043-A7A2-5AD05DF746C8_skimjec_0.root /eos/cms/store/group/phys_tau/TauFW/nano/UL2017/SingleElectron/Run2017C-UL2017_MiniAODv1_NanoAODv2-v1/NANOAOD/58220F24-689D-D043-A7A2-5AD05DF746C8_skimjec_1.root /eos/cms/store/group/phys_tau/TauFW/nano/UL2017/SingleElectron/Run2017C-UL2017_MiniAODv1_NanoAODv2-v1/NANOAOD/58220F24-689D-D043-A7A2-5AD05DF746C8_skimjec_2.root /eos/cms/store/group/phys_tau/TauFW/nano/UL2017/SingleElectron/Run2017C-UL2017_MiniAODv1_NanoAODv2-v1/NANOAOD/58220F24-689D-D043-A7A2-5AD05DF746C8_skimjec_3.root
Error in <TGClient::TGClient>: can't open display "localhost:21.0", switching to batch mode...
 In case you run from a remote ssh session, reconnect with ssh -Y
--------------------------------------------------------------------------------
>>> era          = 'UL2017'
>>> year         = 2017
>>> channel      = 'etau'
>>> modname      = 'ETauFakeRate.ModuleETau'
>>> dtype        = 'data'
>>> kwargs       = {'dtype': 'data', 'ees': 1.01, 'useT1': False, 'verb': 0, 'era': 'UL2017', 'year': 2017}
>>> firstevt     = 0
>>> maxevts      = None
>>> outdir       = '.'
>>> copydir      = '/eos/home-l/lvigilan/output_ETauFR_UL17_RUN1/UL2017/etau/SingleElectron_Run2017C'
>>> infiles      = ['/eos/cms/store/group/phys_tau/TauFW/nano/UL2017/SingleElectron/Run2017C-UL2017_MiniAODv1_NanoAODv2-v1/NANOAOD/56E16FDD-A4B1-2449-9795-5B6978A8EF70_skimjec_6.root', '/eos/cms/store/group/phys_tau/TauFW/nano/UL2017/SingleElectron/Run2017C-UL2017_MiniAODv1_NanoAODv2-v1/NANOAOD/58220F24-689D-D043-A7A2-5AD05DF746C8_skimjec_0.root', '/eos/cms/store/group/phys_tau/TauFW/nano/UL2017/SingleElectron/Run2017C-UL2017_MiniAODv1_NanoAODv2-v1/NANOAOD/58220F24-689D-D043-A7A2-5AD05DF746C8_skimjec_1.root', '/eos/cms/store/group/phys_tau/TauFW/nano/UL2017/SingleElectron/Run2017C-UL2017_MiniAODv1_NanoAODv2-v1/NANOAOD/58220F24-689D-D043-A7A2-5AD05DF746C8_skimjec_2.root', '/eos/cms/store/group/phys_tau/TauFW/nano/UL2017/SingleElectron/Run2017C-UL2017_MiniAODv1_NanoAODv2-v1/NANOAOD/58220F24-689D-D043-A7A2-5AD05DF746C8_skimjec_3.root']
>>> outfname     = './pico_etau_EES1p01_45.root'
>>> branchsel    = '/afs/cern.ch/work/l/lvigilan/TauWork/CMSSW_10_6_17_patch1/python/TauFW/PicoProducer/processors/keep_and_drop_skim.txt'
>>> json         = '/afs/cern.ch/work/l/lvigilan/TauWork/CMSSW_10_6_17_patch1/src/TauFW/PicoProducer/data/json/2017/Cert_294927-306462_13TeV_PromptReco_Collisions17_JSON.txt'
>>> prefetch     = False
>>> cwd          = /pool/condor/dir_8373
--------------------------------------------------------------------------------

   ################
   #  ModuleETau  #
   ################

Loading TreeProducerETau for './pico_etau_EES1p01_45.root'
--------------------------------------------------------------------------------
>>> filename     = './pico_etau_EES1p01_45.root'
>>> year         = 2017
>>> dtype        = 'data'
>>> channel      = 'etau'
>>> ismc         = False
>>> isdata       = True
>>> isembed      = False
>>> tes          = None
>>> tessys       = None
>>> fes          = None
>>> ltf          = None
>>> jtf          = 1.0
>>> dotoppt      = False
>>> dozpt        = False
>>> dojec        = False
>>> dojecsys     = False
>>> dotight      = False
>>> useT1        = False
>>> jetCutPt     = 30
>>> bjetCutEta   = 2.7
>>> tauwp        = 0
>>> eleCutPt     = 36
>>> eleCutEta    = 2.1
>>> tauCutPt     = 20
>>> tauCutEta    = 2.3
>>> ZpeekReso    = 0.0
Pre-select 245749 entries out of 245749 (100.00%)
Processed    10000/  245749 entries,  4.07% (elapsed time     4.3s, curr speed    2.323 kHz, avg speed    2.323 kHz), accepted      437/   10001 events ( 4.37%)
Processed    20000/  245749 entries,  8.14% (elapsed time     6.9s, curr speed    3.902 kHz, avg speed    2.912 kHz), accepted      904/   20001 events ( 4.52%)
Processed    30000/  245749 entries, 12.21% (elapsed time     9.8s, curr speed    3.410 kHz, avg speed    3.061 kHz), accepted     1348/   30001 events ( 4.49%)
Processed    40000/  245749 entries, 16.28% (elapsed time    12.0s, curr speed    4.622 kHz, avg speed    3.343 kHz), accepted     1736/   40001 events ( 4.34%)
Processed    50000/  245749 entries, 20.35% (elapsed time    14.5s, curr speed    4.016 kHz, avg speed    3.459 kHz), accepted     2169/   50001 events ( 4.34%)
Processed    60000/  245749 entries, 24.42% (elapsed time    17.3s, curr speed    3.494 kHz, avg speed    3.465 kHz), accepted     2632/   60001 events ( 4.39%)
Processed    70000/  245749 entries, 28.48% (elapsed time    19.8s, curr speed    3.985 kHz, avg speed    3.531 kHz), accepted     3082/   70001 events ( 4.40%)
Processed    80000/  245749 entries, 32.55% (elapsed time    22.1s, curr speed    4.328 kHz, avg speed    3.614 kHz), accepted     3550/   80001 events ( 4.44%)
Processed    90000/  245749 entries, 36.62% (elapsed time    24.6s, curr speed    4.143 kHz, avg speed    3.666 kHz), accepted     4018/   90001 events ( 4.46%)
Processed   100000/  245749 entries, 40.69% (elapsed time    27.0s, curr speed    4.101 kHz, avg speed    3.705 kHz), accepted     4474/  100001 events ( 4.47%)
Processed   110000/  245749 entries, 44.76% (elapsed time    29.4s, curr speed    4.103 kHz, avg speed    3.738 kHz), accepted     4918/  110001 events ( 4.47%)
Processed   120000/  245749 entries, 48.83% (elapsed time    32.0s, curr speed    3.875 kHz, avg speed    3.749 kHz), accepted     5406/  120001 events ( 4.50%)
Processed   130000/  245749 entries, 52.90% (elapsed time    34.3s, curr speed    4.353 kHz, avg speed    3.790 kHz), accepted     5851/  130001 events ( 4.50%)
Processed   140000/  245749 entries, 56.97% (elapsed time    37.1s, curr speed    3.635 kHz, avg speed    3.778 kHz), accepted     6348/  140001 events ( 4.53%)
Processed   150000/  245749 entries, 61.04% (elapsed time    39.9s, curr speed    3.528 kHz, avg speed    3.760 kHz), accepted     6822/  150001 events ( 4.55%)
Processed   160000/  245749 entries, 65.11% (elapsed time    42.3s, curr speed    4.069 kHz, avg speed    3.778 kHz), accepted     7319/  160001 events ( 4.57%)
Processed   170000/  245749 entries, 69.18% (elapsed time    45.1s, curr speed    3.584 kHz, avg speed    3.766 kHz), accepted     7719/  170001 events ( 4.54%)
Processed   180000/  245749 entries, 73.25% (elapsed time    48.1s, curr speed    3.329 kHz, avg speed    3.739 kHz), accepted     8159/  180001 events ( 4.53%)
Processed   190000/  245749 entries, 77.31% (elapsed time    50.9s, curr speed    3.651 kHz, avg speed    3.734 kHz), accepted     8588/  190001 events ( 4.52%)
Processed   200000/  245749 entries, 81.38% (elapsed time    53.8s, curr speed    3.450 kHz, avg speed    3.719 kHz), accepted     9059/  200001 events ( 4.53%)
Processed   210000/  245749 entries, 85.45% (elapsed time    56.6s, curr speed    3.550 kHz, avg speed    3.711 kHz), accepted     9522/  210001 events ( 4.53%)
Processed   220000/  245749 entries, 89.52% (elapsed time    58.8s, curr speed    4.536 kHz, avg speed    3.742 kHz), accepted     9965/  220001 events ( 4.53%)
Processed   230000/  245749 entries, 93.59% (elapsed time    61.6s, curr speed    3.618 kHz, avg speed    3.736 kHz), accepted    10452/  230001 events ( 4.54%)
Processed   240000/  245749 entries, 97.66% (elapsed time    64.6s, curr speed    3.322 kHz, avg speed    3.717 kHz), accepted    10940/  240001 events ( 4.56%)
Processed 245749 preselected entries from /eos/cms/store/group/phys_tau/TauFW/nano/UL2017/SingleElectron/Run2017C-UL2017_MiniAODv1_NanoAODv2-v1/NANOAOD/56E16FDD-A4B1-2449-9795-5B6978A8EF70_skimjec_6.root (245749 entries). Finally selected 11215 entries
Pre-select 240573 entries out of 240573 (100.00%)
Processed    10000/  240573 entries,  4.16% (elapsed time     4.4s, curr speed    2.280 kHz, avg speed    2.280 kHz), accepted      460/   10001 events ( 4.60%)
Processed    20000/  240573 entries,  8.31% (elapsed time     7.1s, curr speed    3.703 kHz, avg speed    2.822 kHz), accepted      942/   20001 events ( 4.71%)
Processed    30000/  240573 entries, 12.47% (elapsed time     9.9s, curr speed    3.596 kHz, avg speed    3.040 kHz), accepted     1442/   30001 events ( 4.81%)
Processed    40000/  240573 entries, 16.63% (elapsed time    12.4s, curr speed    3.909 kHz, avg speed    3.219 kHz), accepted     1944/   40001 events ( 4.86%)
Processed    50000/  240573 entries, 20.78% (elapsed time    15.1s, curr speed    3.680 kHz, avg speed    3.302 kHz), accepted     2433/   50001 events ( 4.87%)
Processed    60000/  240573 entries, 24.94% (elapsed time    17.7s, curr speed    3.901 kHz, avg speed    3.389 kHz), accepted     2952/   60001 events ( 4.92%)
Processed    70000/  240573 entries, 29.10% (elapsed time    20.5s, curr speed    3.520 kHz, avg speed    3.407 kHz), accepted     3449/   70001 events ( 4.93%)
Processed    80000/  240573 entries, 33.25% (elapsed time    23.9s, curr speed    2.989 kHz, avg speed    3.348 kHz), accepted     3988/   80001 events ( 4.98%)
Processed    90000/  240573 entries, 37.41% (elapsed time    27.1s, curr speed    3.107 kHz, avg speed    3.320 kHz), accepted     4485/   90001 events ( 4.98%)
Processed   100000/  240573 entries, 41.57% (elapsed time    29.8s, curr speed    3.730 kHz, avg speed    3.357 kHz), accepted     5028/  100001 events ( 5.03%)
Processed   110000/  240573 entries, 45.72% (elapsed time    32.6s, curr speed    3.538 kHz, avg speed    3.372 kHz), accepted     5567/  110001 events ( 5.06%)
Processed   120000/  240573 entries, 49.88% (elapsed time    35.8s, curr speed    3.164 kHz, avg speed    3.354 kHz), accepted     6082/  120001 events ( 5.07%)
Processed   130000/  240573 entries, 54.04% (elapsed time    39.7s, curr speed    2.569 kHz, avg speed    3.277 kHz), accepted     6647/  130001 events ( 5.11%)
Processed   140000/  240573 entries, 58.19% (elapsed time    43.4s, curr speed    2.712 kHz, avg speed    3.229 kHz), accepted     7289/  140001 events ( 5.21%)
Processed   150000/  240573 entries, 62.35% (elapsed time    46.9s, curr speed    2.839 kHz, avg speed    3.199 kHz), accepted     7914/  150001 events ( 5.28%)
Processed   160000/  240573 entries, 66.51% (elapsed time    50.8s, curr speed    2.544 kHz, avg speed    3.149 kHz), accepted     8477/  160001 events ( 5.30%)
Processed   170000/  240573 entries, 70.66% (elapsed time    54.1s, curr speed    3.049 kHz, avg speed    3.143 kHz), accepted     8968/  170001 events ( 5.28%)
Processed   180000/  240573 entries, 74.82% (elapsed time    57.1s, curr speed    3.365 kHz, avg speed    3.154 kHz), accepted     9446/  180001 events ( 5.25%)
Processed   190000/  240573 entries, 78.98% (elapsed time    60.0s, curr speed    3.463 kHz, avg speed    3.169 kHz), accepted     9896/  190001 events ( 5.21%)
Processed   200000/  240573 entries, 83.13% (elapsed time    62.7s, curr speed    3.678 kHz, avg speed    3.191 kHz), accepted    10329/  200001 events ( 5.16%)
Processed   210000/  240573 entries, 87.29% (elapsed time    65.8s, curr speed    3.150 kHz, avg speed    3.189 kHz), accepted    10852/  210001 events ( 5.17%)
Processed   220000/  240573 entries, 91.45% (elapsed time    68.5s, curr speed    3.766 kHz, avg speed    3.212 kHz), accepted    11309/  220001 events ( 5.14%)
Processed   230000/  240573 entries, 95.61% (elapsed time    71.4s, curr speed    3.465 kHz, avg speed    3.222 kHz), accepted    11811/  230001 events ( 5.14%)
Processed   240000/  240573 entries, 99.76% (elapsed time    73.7s, curr speed    4.347 kHz, avg speed    3.257 kHz), accepted    12262/  240001 events ( 5.11%)
Processed 240573 preselected entries from /eos/cms/store/group/phys_tau/TauFW/nano/UL2017/SingleElectron/Run2017C-UL2017_MiniAODv1_NanoAODv2-v1/NANOAOD/58220F24-689D-D043-A7A2-5AD05DF746C8_skimjec_0.root (240573 entries). Finally selected 12290 entries
Pre-select 216210 entries out of 216210 (100.00%)
Processed    10000/  216210 entries,  4.63% (elapsed time     4.7s, curr speed    2.146 kHz, avg speed    2.146 kHz), accepted      468/   10001 events ( 4.68%)
Processed    20000/  216210 entries,  9.25% (elapsed time     7.4s, curr speed    3.616 kHz, avg speed    2.693 kHz), accepted      882/   20001 events ( 4.41%)
Processed    30000/  216210 entries, 13.88% (elapsed time    10.2s, curr speed    3.656 kHz, avg speed    2.952 kHz), accepted     1349/   30001 events ( 4.50%)
Processed    40000/  216210 entries, 18.50% (elapsed time    12.8s, curr speed    3.795 kHz, avg speed    3.126 kHz), accepted     1818/   40001 events ( 4.54%)
Processed    50000/  216210 entries, 23.13% (elapsed time    15.4s, curr speed    3.876 kHz, avg speed    3.252 kHz), accepted     2292/   50001 events ( 4.58%)
Processed    60000/  216210 entries, 27.75% (elapsed time    18.3s, curr speed    3.468 kHz, avg speed    3.286 kHz), accepted     2780/   60001 events ( 4.63%)
Processed    70000/  216210 entries, 32.38% (elapsed time    21.4s, curr speed    3.181 kHz, avg speed    3.270 kHz), accepted     3272/   70001 events ( 4.67%)
Processed    80000/  216210 entries, 37.00% (elapsed time    24.5s, curr speed    3.205 kHz, avg speed    3.262 kHz), accepted     3778/   80001 events ( 4.72%)
Processed    90000/  216210 entries, 41.63% (elapsed time    27.2s, curr speed    3.750 kHz, avg speed    3.310 kHz), accepted     4281/   90001 events ( 4.76%)
Processed   100000/  216210 entries, 46.25% (elapsed time    30.5s, curr speed    3.023 kHz, avg speed    3.279 kHz), accepted     4750/  100001 events ( 4.75%)
Processed   110000/  216210 entries, 50.88% (elapsed time    33.3s, curr speed    3.585 kHz, avg speed    3.305 kHz), accepted     5225/  110001 events ( 4.75%)
Processed   120000/  216210 entries, 55.50% (elapsed time    35.9s, curr speed    3.862 kHz, avg speed    3.345 kHz), accepted     5677/  120001 events ( 4.73%)
Processed   130000/  216210 entries, 60.13% (elapsed time    38.6s, curr speed    3.618 kHz, avg speed    3.364 kHz), accepted     6139/  130001 events ( 4.72%)
Processed   140000/  216210 entries, 64.75% (elapsed time    41.2s, curr speed    3.859 kHz, avg speed    3.395 kHz), accepted     6603/  140001 events ( 4.72%)
Processed   150000/  216210 entries, 69.38% (elapsed time    43.9s, curr speed    3.732 kHz, avg speed    3.416 kHz), accepted     7077/  150001 events ( 4.72%)
Processed   160000/  216210 entries, 74.00% (elapsed time    47.0s, curr speed    3.222 kHz, avg speed    3.403 kHz), accepted     7536/  160001 events ( 4.71%)
Processed   170000/  216210 entries, 78.63% (elapsed time    49.9s, curr speed    3.439 kHz, avg speed    3.405 kHz), accepted     8028/  170001 events ( 4.72%)
Processed   180000/  216210 entries, 83.25% (elapsed time    52.7s, curr speed    3.666 kHz, avg speed    3.419 kHz), accepted     8533/  180001 events ( 4.74%)
Processed   190000/  216210 entries, 87.88% (elapsed time    56.2s, curr speed    2.857 kHz, avg speed    3.384 kHz), accepted     9030/  190001 events ( 4.75%)
Processed   200000/  216210 entries, 92.50% (elapsed time    59.8s, curr speed    2.713 kHz, avg speed    3.342 kHz), accepted     9521/  200001 events ( 4.76%)
Processed   210000/  216210 entries, 97.13% (elapsed time    62.7s, curr speed    3.506 kHz, avg speed    3.350 kHz), accepted    10030/  210001 events ( 4.78%)
Processed 216210 preselected entries from /eos/cms/store/group/phys_tau/TauFW/nano/UL2017/SingleElectron/Run2017C-UL2017_MiniAODv1_NanoAODv2-v1/NANOAOD/58220F24-689D-D043-A7A2-5AD05DF746C8_skimjec_1.root (216210 entries). Finally selected 10343 entries
Pre-select 171195 entries out of 171195 (100.00%)
Processed    10000/  171195 entries,  5.84% (elapsed time     4.6s, curr speed    2.176 kHz, avg speed    2.176 kHz), accepted      534/   10001 events ( 5.34%)
Processed    20000/  171195 entries, 11.68% (elapsed time     7.8s, curr speed    3.094 kHz, avg speed    2.555 kHz), accepted     1041/   20001 events ( 5.20%)
Processed    30000/  171195 entries, 17.52% (elapsed time    11.0s, curr speed    3.170 kHz, avg speed    2.732 kHz), accepted     1499/   30001 events ( 5.00%)
Processed    40000/  171195 entries, 23.37% (elapsed time    13.7s, curr speed    3.695 kHz, avg speed    2.922 kHz), accepted     1971/   40001 events ( 4.93%)
Processed    50000/  171195 entries, 29.21% (elapsed time    17.0s, curr speed    3.003 kHz, avg speed    2.938 kHz), accepted     2486/   50001 events ( 4.97%)
Processed    60000/  171195 entries, 35.05% (elapsed time    20.5s, curr speed    2.905 kHz, avg speed    2.933 kHz), accepted     2960/   60001 events ( 4.93%)
Processed    70000/  171195 entries, 40.89% (elapsed time    23.9s, curr speed    2.868 kHz, avg speed    2.923 kHz), accepted     3441/   70001 events ( 4.92%)
Processed    80000/  171195 entries, 46.73% (elapsed time    26.8s, curr speed    3.542 kHz, avg speed    2.989 kHz), accepted     3919/   80001 events ( 4.90%)
Processed    90000/  171195 entries, 52.57% (elapsed time    29.3s, curr speed    3.947 kHz, avg speed    3.071 kHz), accepted     4418/   90001 events ( 4.91%)
Processed   100000/  171195 entries, 58.41% (elapsed time    32.1s, curr speed    3.540 kHz, avg speed    3.113 kHz), accepted     4925/  100001 events ( 4.92%)
Processed   110000/  171195 entries, 64.25% (elapsed time    34.9s, curr speed    3.623 kHz, avg speed    3.153 kHz), accepted     5436/  110001 events ( 4.94%)
Processed   120000/  171195 entries, 70.10% (elapsed time    38.0s, curr speed    3.174 kHz, avg speed    3.155 kHz), accepted     5940/  120001 events ( 4.95%)
Processed   130000/  171195 entries, 75.94% (elapsed time    41.1s, curr speed    3.306 kHz, avg speed    3.166 kHz), accepted     6454/  130001 events ( 4.96%)
Processed   140000/  171195 entries, 81.78% (elapsed time    43.6s, curr speed    3.970 kHz, avg speed    3.212 kHz), accepted     6959/  140001 events ( 4.97%)
Processed   150000/  171195 entries, 87.62% (elapsed time    46.6s, curr speed    3.297 kHz, avg speed    3.218 kHz), accepted     7473/  150001 events ( 4.98%)
Processed   160000/  171195 entries, 93.46% (elapsed time    49.6s, curr speed    3.367 kHz, avg speed    3.227 kHz), accepted     7989/  160001 events ( 4.99%)
Processed   170000/  171195 entries, 99.30% (elapsed time    52.7s, curr speed    3.206 kHz, avg speed    3.226 kHz), accepted     8455/  170001 events ( 4.97%)
Processed 171195 preselected entries from /eos/cms/store/group/phys_tau/TauFW/nano/UL2017/SingleElectron/Run2017C-UL2017_MiniAODv1_NanoAODv2-v1/NANOAOD/58220F24-689D-D043-A7A2-5AD05DF746C8_skimjec_2.root (171195 entries). Finally selected 8508 entries
Pre-select 208188 entries out of 208188 (100.00%)
Processed    10000/  208188 entries,  4.80% (elapsed time     4.3s, curr speed    2.320 kHz, avg speed    2.320 kHz), accepted      536/   10001 events ( 5.36%)
Processed    20000/  208188 entries,  9.61% (elapsed time     7.3s, curr speed    3.340 kHz, avg speed    2.738 kHz), accepted     1037/   20001 events ( 5.18%)
Processed    30000/  208188 entries, 14.41% (elapsed time    10.6s, curr speed    3.015 kHz, avg speed    2.825 kHz), accepted     1534/   30001 events ( 5.11%)
Processed    40000/  208188 entries, 19.21% (elapsed time    13.6s, curr speed    3.412 kHz, avg speed    2.952 kHz), accepted     2007/   40001 events ( 5.02%)
Processed    50000/  208188 entries, 24.02% (elapsed time    16.3s, curr speed    3.584 kHz, avg speed    3.060 kHz), accepted     2512/   50001 events ( 5.02%)
Processed    60000/  208188 entries, 28.82% (elapsed time    19.2s, curr speed    3.502 kHz, avg speed    3.125 kHz), accepted     3061/   60001 events ( 5.10%)
Processed    70000/  208188 entries, 33.62% (elapsed time    22.1s, curr speed    3.413 kHz, avg speed    3.164 kHz), accepted     3571/   70001 events ( 5.10%)
Processed    80000/  208188 entries, 38.43% (elapsed time    25.2s, curr speed    3.255 kHz, avg speed    3.175 kHz), accepted     4076/   80001 events ( 5.09%)
Processed    90000/  208188 entries, 43.23% (elapsed time    28.7s, curr speed    2.898 kHz, avg speed    3.141 kHz), accepted     4619/   90001 events ( 5.13%)
Processed   100000/  208188 entries, 48.03% (elapsed time    31.9s, curr speed    3.069 kHz, avg speed    3.134 kHz), accepted     5129/  100001 events ( 5.13%)
Processed   110000/  208188 entries, 52.84% (elapsed time    34.7s, curr speed    3.619 kHz, avg speed    3.173 kHz), accepted     5627/  110001 events ( 5.12%)
Processed   120000/  208188 entries, 57.64% (elapsed time    37.9s, curr speed    3.131 kHz, avg speed    3.169 kHz), accepted     6136/  120001 events ( 5.11%)
Processed   130000/  208188 entries, 62.44% (elapsed time    41.4s, curr speed    2.844 kHz, avg speed    3.142 kHz), accepted     6607/  130001 events ( 5.08%)
Processed   140000/  208188 entries, 67.25% (elapsed time    44.3s, curr speed    3.384 kHz, avg speed    3.158 kHz), accepted     7130/  140001 events ( 5.09%)
Processed   150000/  208188 entries, 72.05% (elapsed time    47.2s, curr speed    3.438 kHz, avg speed    3.175 kHz), accepted     7614/  150001 events ( 5.08%)
Processed   160000/  208188 entries, 76.85% (elapsed time    50.1s, curr speed    3.477 kHz, avg speed    3.192 kHz), accepted     8012/  160001 events ( 5.01%)
Processed   170000/  208188 entries, 81.66% (elapsed time    53.2s, curr speed    3.261 kHz, avg speed    3.196 kHz), accepted     8465/  170001 events ( 4.98%)
Processed   180000/  208188 entries, 86.46% (elapsed time    56.1s, curr speed    3.384 kHz, avg speed    3.206 kHz), accepted     8914/  180001 events ( 4.95%)
Processed   190000/  208188 entries, 91.26% (elapsed time    58.6s, curr speed    4.013 kHz, avg speed    3.240 kHz), accepted     9366/  190001 events ( 4.93%)
Processed   200000/  208188 entries, 96.07% (elapsed time    60.8s, curr speed    4.552 kHz, avg speed    3.288 kHz), accepted     9795/  200001 events ( 4.90%)
Processed 208188 preselected entries from /eos/cms/store/group/phys_tau/TauFW/nano/UL2017/SingleElectron/Run2017C-UL2017_MiniAODv1_NanoAODv2-v1/NANOAOD/58220F24-689D-D043-A7A2-5AD05DF746C8_skimjec_3.root (208188 entries). Finally selected 10137 entries
Total time 364.0 sec. to process 1081915 events. Rate = 2972.4 Hz.
>>> cwd          = /pool/condor/dir_8373
>>> ls           = ['pico_etau_EES1p01_45.root', 'condor_exec.exe', '.machine.ad', 'lvigilan.cc', 'x509_voms', '.chirp.config', '.job.ad', '.update.ad', 'var', '_condor_stdout', 'tmp']
>>> getstorage('/eos/home-l/lvigilan/output_ETauFR_UL17_RUN1/UL2017/etau/SingleElectron_Run2017C'), <EOS("/eos/home-l/lvigilan/output_ETauFR_UL17_RUN1/UL2017/etau/SingleElectron_Run2017C") at 0x2b3de4717950>
>>> Executing: 'cp ./pico_etau_EES1p01_45.root /eos/home-l/lvigilan/output_ETauFR_UL17_RUN1/UL2017/etau/SingleElectron_Run2017C'
>>> Removing './pico_etau_EES1p01_45.root'...
>>> picojob.py done after 369.7 seconds

Job complete at Tue Jun  8 10:21:58 CEST 2021
Took 6 minutes 10 seconds040 (2368955.045.000) 06/08 10:21:59 Finished transferring output files
...
005 (2368955.045.000) 06/08 10:21:59 Job terminated.
	(1) Normal termination (return value 0)
		Usr 0 00:05:13, Sys 0 00:00:13  -  Run Remote Usage
		Usr 0 00:00:00, Sys 0 00:00:00  -  Run Local Usage
		Usr 0 00:05:13, Sys 0 00:00:13  -  Total Remote Usage
		Usr 0 00:00:00, Sys 0 00:00:00  -  Total Local Usage
	32477  -  Run Bytes Sent By Job
	9926  -  Run Bytes Received By Job
	32477  -  Total Bytes Sent By Job
	9926  -  Total Bytes Received By Job
	Partitionable Resources :    Usage  Request Allocated 
	   Cpus                 :     0.82        1         1 
	   Disk (KB)            :  5248           1    289533 
	   Memory (MB)          :   198        2000      2000 

	Job terminated of its own accord at 2021-06-08T08:21:58Z.
...
