Could not find platform independent libraries <prefix>
Could not find platform dependent libraries <exec_prefix>
Consider setting $PYTHONHOME to <prefix>[:<exec_prefix>]
ImportError: No module named site
Job start at Mon Jun  7 19:13:31 CEST 2021
Running job on machine Linux b7g52n1040.cern.ch 3.10.0-1127.19.1.el7.x86_64 #1 SMP Tue Aug 25 17:23:54 UTC 2020 x86_64 x86_64 x86_64 GNU/Linux, host b7g52n1040.cern.ch
============================================================
$PWD=/pool/condor/dir_30532
$JOBID=2367607
$TASKID=27
$HOSTNAME=b7g52n1040.cern.ch
$TASKCMD=/afs/cern.ch/work/l/lvigilan/TauWork/CMSSW_10_6_17_patch1/src/TauFW/PicoProducer/python/processors/picojob.py -y UL2017 -d 'data' -c etau -M ETauFakeRate.ModuleETau --copydir /eos/home-l/lvigilan/output_ETauFR_UL17_RUN1/UL2017/etau/SingleElectron_Run2017C -t _etau_27 --opt 'useT1=False' -i /eos/cms/store/group/phys_tau/TauFW/nano/UL2017/SingleElectron/Run2017C-UL2017_MiniAODv1_NanoAODv2-v1/NANOAOD/35A8B032-3E95-314C-A6C4-208B7C051C1D_skimjec_2.root /eos/cms/store/group/phys_tau/TauFW/nano/UL2017/SingleElectron/Run2017C-UL2017_MiniAODv1_NanoAODv2-v1/NANOAOD/35A8B032-3E95-314C-A6C4-208B7C051C1D_skimjec_3.root /eos/cms/store/group/phys_tau/TauFW/nano/UL2017/SingleElectron/Run2017C-UL2017_MiniAODv1_NanoAODv2-v1/NANOAOD/35A8B032-3E95-314C-A6C4-208B7C051C1D_skimjec_4.root /eos/cms/store/group/phys_tau/TauFW/nano/UL2017/SingleElectron/Run2017C-UL2017_MiniAODv1_NanoAODv2-v1/NANOAOD/35A8B032-3E95-314C-A6C4-208B7C051C1D_skimjec_5.root /eos/cms/store/group/phys_tau/TauFW/nano/UL2017/SingleElectron/Run2017C-UL2017_MiniAODv1_NanoAODv2-v1/NANOAOD/372E0B6D-6862-284B-B9F3-0CEFDC02BC1F_skimjec_0.root
$WORKDIR=/pool/condor/dir_30532
>>> cd /afs/cern.ch/work/l/lvigilan/TauWork/CMSSW_10_6_17_patch1/src
>>> eval `scramv1 runtime -sh`
>>> cd /pool/condor/dir_30532
$PWD=/pool/condor/dir_30532
>>> /afs/cern.ch/work/l/lvigilan/TauWork/CMSSW_10_6_17_patch1/src/TauFW/PicoProducer/python/processors/picojob.py -y UL2017 -d 'data' -c etau -M ETauFakeRate.ModuleETau --copydir /eos/home-l/lvigilan/output_ETauFR_UL17_RUN1/UL2017/etau/SingleElectron_Run2017C -t _etau_27 --opt 'useT1=False' -i /eos/cms/store/group/phys_tau/TauFW/nano/UL2017/SingleElectron/Run2017C-UL2017_MiniAODv1_NanoAODv2-v1/NANOAOD/35A8B032-3E95-314C-A6C4-208B7C051C1D_skimjec_2.root /eos/cms/store/group/phys_tau/TauFW/nano/UL2017/SingleElectron/Run2017C-UL2017_MiniAODv1_NanoAODv2-v1/NANOAOD/35A8B032-3E95-314C-A6C4-208B7C051C1D_skimjec_3.root /eos/cms/store/group/phys_tau/TauFW/nano/UL2017/SingleElectron/Run2017C-UL2017_MiniAODv1_NanoAODv2-v1/NANOAOD/35A8B032-3E95-314C-A6C4-208B7C051C1D_skimjec_4.root /eos/cms/store/group/phys_tau/TauFW/nano/UL2017/SingleElectron/Run2017C-UL2017_MiniAODv1_NanoAODv2-v1/NANOAOD/35A8B032-3E95-314C-A6C4-208B7C051C1D_skimjec_5.root /eos/cms/store/group/phys_tau/TauFW/nano/UL2017/SingleElectron/Run2017C-UL2017_MiniAODv1_NanoAODv2-v1/NANOAOD/372E0B6D-6862-284B-B9F3-0CEFDC02BC1F_skimjec_0.root
Error in <TGClient::TGClient>: can't open display "localhost:19.0", switching to batch mode...
 In case you run from a remote ssh session, reconnect with ssh -Y
--------------------------------------------------------------------------------
>>> era          = 'UL2017'
>>> year         = 2017
>>> channel      = 'etau'
>>> modname      = 'ETauFakeRate.ModuleETau'
>>> dtype        = 'data'
>>> kwargs       = {'useT1': False, 'dtype': 'data', 'verb': 0, 'era': 'UL2017', 'year': 2017}
>>> firstevt     = 0
>>> maxevts      = None
>>> outdir       = '.'
>>> copydir      = '/eos/home-l/lvigilan/output_ETauFR_UL17_RUN1/UL2017/etau/SingleElectron_Run2017C'
>>> infiles      = ['/eos/cms/store/group/phys_tau/TauFW/nano/UL2017/SingleElectron/Run2017C-UL2017_MiniAODv1_NanoAODv2-v1/NANOAOD/35A8B032-3E95-314C-A6C4-208B7C051C1D_skimjec_2.root', '/eos/cms/store/group/phys_tau/TauFW/nano/UL2017/SingleElectron/Run2017C-UL2017_MiniAODv1_NanoAODv2-v1/NANOAOD/35A8B032-3E95-314C-A6C4-208B7C051C1D_skimjec_3.root', '/eos/cms/store/group/phys_tau/TauFW/nano/UL2017/SingleElectron/Run2017C-UL2017_MiniAODv1_NanoAODv2-v1/NANOAOD/35A8B032-3E95-314C-A6C4-208B7C051C1D_skimjec_4.root', '/eos/cms/store/group/phys_tau/TauFW/nano/UL2017/SingleElectron/Run2017C-UL2017_MiniAODv1_NanoAODv2-v1/NANOAOD/35A8B032-3E95-314C-A6C4-208B7C051C1D_skimjec_5.root', '/eos/cms/store/group/phys_tau/TauFW/nano/UL2017/SingleElectron/Run2017C-UL2017_MiniAODv1_NanoAODv2-v1/NANOAOD/372E0B6D-6862-284B-B9F3-0CEFDC02BC1F_skimjec_0.root']
>>> outfname     = './pico_etau_27.root'
>>> branchsel    = '/afs/cern.ch/work/l/lvigilan/TauWork/CMSSW_10_6_17_patch1/python/TauFW/PicoProducer/processors/keep_and_drop_skim.txt'
>>> json         = '/afs/cern.ch/work/l/lvigilan/TauWork/CMSSW_10_6_17_patch1/src/TauFW/PicoProducer/data/json/2017/Cert_294927-306462_13TeV_PromptReco_Collisions17_JSON.txt'
>>> prefetch     = False
>>> cwd          = /pool/condor/dir_30532
--------------------------------------------------------------------------------

   ################
   #  ModuleETau  #
   ################

Loading TreeProducerETau for './pico_etau_27.root'
--------------------------------------------------------------------------------
>>> filename     = './pico_etau_27.root'
>>> year         = 2017
>>> dtype        = 'data'
>>> channel      = 'etau'
>>> ismc         = False
>>> isdata       = True
>>> isembed      = False
>>> tes          = None
>>> tessys       = None
>>> fes          = None
>>> ltf          = None
>>> jtf          = 1.0
>>> dotoppt      = False
>>> dozpt        = False
>>> dojec        = False
>>> dojecsys     = False
>>> dotight      = False
>>> useT1        = False
>>> jetCutPt     = 30
>>> bjetCutEta   = 2.7
>>> tauwp        = 0
>>> eleCutPt     = 36
>>> eleCutEta    = 2.1
>>> tauCutPt     = 20
>>> tauCutEta    = 2.3
>>> ZpeekReso    = 0.0
Pre-select 218990 entries out of 218990 (100.00%)
Processed    10000/  218990 entries,  4.57% (elapsed time     4.6s, curr speed    2.168 kHz, avg speed    2.168 kHz), accepted      446/   10001 events ( 4.46%)
Processed    20000/  218990 entries,  9.13% (elapsed time     7.5s, curr speed    3.511 kHz, avg speed    2.681 kHz), accepted      887/   20001 events ( 4.43%)
Processed    30000/  218990 entries, 13.70% (elapsed time    10.7s, curr speed    3.070 kHz, avg speed    2.799 kHz), accepted     1345/   30001 events ( 4.48%)
Processed    40000/  218990 entries, 18.27% (elapsed time    13.5s, curr speed    3.549 kHz, avg speed    2.955 kHz), accepted     1792/   40001 events ( 4.48%)
Processed    50000/  218990 entries, 22.83% (elapsed time    16.1s, curr speed    3.840 kHz, avg speed    3.098 kHz), accepted     2229/   50001 events ( 4.46%)
Processed    60000/  218990 entries, 27.40% (elapsed time    19.1s, curr speed    3.435 kHz, avg speed    3.150 kHz), accepted     2671/   60001 events ( 4.45%)
Processed    70000/  218990 entries, 31.96% (elapsed time    22.0s, curr speed    3.425 kHz, avg speed    3.186 kHz), accepted     3140/   70001 events ( 4.49%)
Processed    80000/  218990 entries, 36.53% (elapsed time    24.6s, curr speed    3.754 kHz, avg speed    3.248 kHz), accepted     3603/   80001 events ( 4.50%)
Processed    90000/  218990 entries, 41.10% (elapsed time    27.6s, curr speed    3.342 kHz, avg speed    3.258 kHz), accepted     4058/   90001 events ( 4.51%)
Processed   100000/  218990 entries, 45.66% (elapsed time    30.3s, curr speed    3.793 kHz, avg speed    3.304 kHz), accepted     4516/  100001 events ( 4.52%)
Processed   110000/  218990 entries, 50.23% (elapsed time    33.1s, curr speed    3.584 kHz, avg speed    3.328 kHz), accepted     4978/  110001 events ( 4.53%)
Processed   120000/  218990 entries, 54.80% (elapsed time    36.1s, curr speed    3.318 kHz, avg speed    3.327 kHz), accepted     5403/  120001 events ( 4.50%)
Processed   130000/  218990 entries, 59.36% (elapsed time    39.0s, curr speed    3.376 kHz, avg speed    3.331 kHz), accepted     5857/  130001 events ( 4.51%)
Processed   140000/  218990 entries, 63.93% (elapsed time    42.0s, curr speed    3.346 kHz, avg speed    3.332 kHz), accepted     6358/  140001 events ( 4.54%)
Processed   150000/  218990 entries, 68.50% (elapsed time    45.4s, curr speed    2.947 kHz, avg speed    3.303 kHz), accepted     6811/  150001 events ( 4.54%)
Processed   160000/  218990 entries, 73.06% (elapsed time    48.3s, curr speed    3.506 kHz, avg speed    3.315 kHz), accepted     7234/  160001 events ( 4.52%)
Processed   170000/  218990 entries, 77.63% (elapsed time    51.5s, curr speed    3.130 kHz, avg speed    3.304 kHz), accepted     7677/  170001 events ( 4.52%)
Processed   180000/  218990 entries, 82.20% (elapsed time    54.3s, curr speed    3.528 kHz, avg speed    3.315 kHz), accepted     8107/  180001 events ( 4.50%)
Processed   190000/  218990 entries, 86.76% (elapsed time    57.1s, curr speed    3.553 kHz, avg speed    3.327 kHz), accepted     8566/  190001 events ( 4.51%)
Processed   200000/  218990 entries, 91.33% (elapsed time    60.0s, curr speed    3.468 kHz, avg speed    3.334 kHz), accepted     8983/  200001 events ( 4.49%)
Processed   210000/  218990 entries, 95.89% (elapsed time    62.7s, curr speed    3.705 kHz, avg speed    3.350 kHz), accepted     9414/  210001 events ( 4.48%)
Processed 218990 preselected entries from /eos/cms/store/group/phys_tau/TauFW/nano/UL2017/SingleElectron/Run2017C-UL2017_MiniAODv1_NanoAODv2-v1/NANOAOD/35A8B032-3E95-314C-A6C4-208B7C051C1D_skimjec_2.root (218990 entries). Finally selected 9771 entries
Pre-select 218250 entries out of 218250 (100.00%)
Processed    10000/  218250 entries,  4.58% (elapsed time     4.5s, curr speed    2.207 kHz, avg speed    2.207 kHz), accepted      437/   10001 events ( 4.37%)
Processed    20000/  218250 entries,  9.16% (elapsed time     7.4s, curr speed    3.482 kHz, avg speed    2.702 kHz), accepted      841/   20001 events ( 4.20%)
Processed    30000/  218250 entries, 13.75% (elapsed time    10.4s, curr speed    3.358 kHz, avg speed    2.890 kHz), accepted     1255/   30001 events ( 4.18%)
Processed    40000/  218250 entries, 18.33% (elapsed time    13.6s, curr speed    3.106 kHz, avg speed    2.941 kHz), accepted     1719/   40001 events ( 4.30%)
Processed    50000/  218250 entries, 22.91% (elapsed time    16.5s, curr speed    3.462 kHz, avg speed    3.032 kHz), accepted     2158/   50001 events ( 4.32%)
Processed    60000/  218250 entries, 27.49% (elapsed time    19.4s, curr speed    3.393 kHz, avg speed    3.087 kHz), accepted     2588/   60001 events ( 4.31%)
Processed    70000/  218250 entries, 32.07% (elapsed time    22.5s, curr speed    3.229 kHz, avg speed    3.107 kHz), accepted     3005/   70001 events ( 4.29%)
Processed    80000/  218250 entries, 36.66% (elapsed time    25.3s, curr speed    3.594 kHz, avg speed    3.160 kHz), accepted     3431/   80001 events ( 4.29%)
Processed    90000/  218250 entries, 41.24% (elapsed time    28.8s, curr speed    2.893 kHz, avg speed    3.128 kHz), accepted     3910/   90001 events ( 4.34%)
Processed   100000/  218250 entries, 45.82% (elapsed time    32.1s, curr speed    2.978 kHz, avg speed    3.112 kHz), accepted     4415/  100001 events ( 4.41%)
Processed   110000/  218250 entries, 50.40% (elapsed time    34.9s, curr speed    3.557 kHz, avg speed    3.148 kHz), accepted     4843/  110001 events ( 4.40%)
Processed   120000/  218250 entries, 54.98% (elapsed time    38.4s, curr speed    2.881 kHz, avg speed    3.124 kHz), accepted     5319/  120001 events ( 4.43%)
Processed   130000/  218250 entries, 59.56% (elapsed time    41.7s, curr speed    3.089 kHz, avg speed    3.121 kHz), accepted     5783/  130001 events ( 4.45%)
Processed   140000/  218250 entries, 64.15% (elapsed time    44.7s, curr speed    3.266 kHz, avg speed    3.131 kHz), accepted     6239/  140001 events ( 4.46%)
Processed   150000/  218250 entries, 68.73% (elapsed time    47.7s, curr speed    3.316 kHz, avg speed    3.143 kHz), accepted     6719/  150001 events ( 4.48%)
Processed   160000/  218250 entries, 73.31% (elapsed time    50.9s, curr speed    3.150 kHz, avg speed    3.143 kHz), accepted     7214/  160001 events ( 4.51%)
Processed   170000/  218250 entries, 77.89% (elapsed time    54.0s, curr speed    3.205 kHz, avg speed    3.147 kHz), accepted     7690/  170001 events ( 4.52%)
Processed   180000/  218250 entries, 82.47% (elapsed time    57.1s, curr speed    3.217 kHz, avg speed    3.151 kHz), accepted     8163/  180001 events ( 4.53%)
Processed   190000/  218250 entries, 87.06% (elapsed time    59.8s, curr speed    3.747 kHz, avg speed    3.177 kHz), accepted     8609/  190001 events ( 4.53%)
Processed   200000/  218250 entries, 91.64% (elapsed time    62.9s, curr speed    3.209 kHz, avg speed    3.179 kHz), accepted     9100/  200001 events ( 4.55%)
Processed   210000/  218250 entries, 96.22% (elapsed time    66.4s, curr speed    2.841 kHz, avg speed    3.161 kHz), accepted     9609/  210001 events ( 4.58%)
Processed 218250 preselected entries from /eos/cms/store/group/phys_tau/TauFW/nano/UL2017/SingleElectron/Run2017C-UL2017_MiniAODv1_NanoAODv2-v1/NANOAOD/35A8B032-3E95-314C-A6C4-208B7C051C1D_skimjec_3.root (218250 entries). Finally selected 10011 entries
Pre-select 218990 entries out of 218990 (100.00%)
Processed    10000/  218990 entries,  4.57% (elapsed time     4.8s, curr speed    2.085 kHz, avg speed    2.085 kHz), accepted      457/   10001 events ( 4.57%)
Processed    20000/  218990 entries,  9.13% (elapsed time     7.5s, curr speed    3.667 kHz, avg speed    2.658 kHz), accepted      922/   20001 events ( 4.61%)
Processed    30000/  218990 entries, 13.70% (elapsed time    10.0s, curr speed    4.004 kHz, avg speed    2.994 kHz), accepted     1415/   30001 events ( 4.72%)
Processed    40000/  218990 entries, 18.27% (elapsed time    12.8s, curr speed    3.565 kHz, avg speed    3.119 kHz), accepted     1902/   40001 events ( 4.75%)
Processed    50000/  218990 entries, 22.83% (elapsed time    16.3s, curr speed    2.843 kHz, avg speed    3.059 kHz), accepted     2395/   50001 events ( 4.79%)
Processed    60000/  218990 entries, 27.40% (elapsed time    19.2s, curr speed    3.489 kHz, avg speed    3.123 kHz), accepted     2874/   60001 events ( 4.79%)
Processed    70000/  218990 entries, 31.96% (elapsed time    21.9s, curr speed    3.751 kHz, avg speed    3.200 kHz), accepted     3336/   70001 events ( 4.77%)
Processed    80000/  218990 entries, 36.53% (elapsed time    24.5s, curr speed    3.847 kHz, avg speed    3.269 kHz), accepted     3815/   80001 events ( 4.77%)
Processed    90000/  218990 entries, 41.10% (elapsed time    27.1s, curr speed    3.748 kHz, avg speed    3.316 kHz), accepted     4286/   90001 events ( 4.76%)
Processed   100000/  218990 entries, 45.66% (elapsed time    29.9s, curr speed    3.622 kHz, avg speed    3.344 kHz), accepted     4766/  100001 events ( 4.77%)
Processed   110000/  218990 entries, 50.23% (elapsed time    32.7s, curr speed    3.560 kHz, avg speed    3.362 kHz), accepted     5227/  110001 events ( 4.75%)
Processed   120000/  218990 entries, 54.80% (elapsed time    35.7s, curr speed    3.353 kHz, avg speed    3.362 kHz), accepted     5716/  120001 events ( 4.76%)
Processed   130000/  218990 entries, 59.36% (elapsed time    38.1s, curr speed    4.115 kHz, avg speed    3.410 kHz), accepted     6152/  130001 events ( 4.73%)
Processed   140000/  218990 entries, 63.93% (elapsed time    40.6s, curr speed    4.056 kHz, avg speed    3.449 kHz), accepted     6560/  140001 events ( 4.69%)
Processed   150000/  218990 entries, 68.50% (elapsed time    43.1s, curr speed    3.962 kHz, avg speed    3.479 kHz), accepted     6998/  150001 events ( 4.67%)
Processed   160000/  218990 entries, 73.06% (elapsed time    45.9s, curr speed    3.640 kHz, avg speed    3.489 kHz), accepted     7430/  160001 events ( 4.64%)
Processed   170000/  218990 entries, 77.63% (elapsed time    48.7s, curr speed    3.474 kHz, avg speed    3.488 kHz), accepted     7899/  170001 events ( 4.65%)
Processed   180000/  218990 entries, 82.20% (elapsed time    51.9s, curr speed    3.133 kHz, avg speed    3.466 kHz), accepted     8391/  180001 events ( 4.66%)
Processed   190000/  218990 entries, 86.76% (elapsed time    54.8s, curr speed    3.445 kHz, avg speed    3.465 kHz), accepted     8824/  190001 events ( 4.64%)
Processed   200000/  218990 entries, 91.33% (elapsed time    57.7s, curr speed    3.499 kHz, avg speed    3.467 kHz), accepted     9296/  200001 events ( 4.65%)
Processed   210000/  218990 entries, 95.89% (elapsed time    60.8s, curr speed    3.185 kHz, avg speed    3.452 kHz), accepted     9737/  210001 events ( 4.64%)
Processed 218990 preselected entries from /eos/cms/store/group/phys_tau/TauFW/nano/UL2017/SingleElectron/Run2017C-UL2017_MiniAODv1_NanoAODv2-v1/NANOAOD/35A8B032-3E95-314C-A6C4-208B7C051C1D_skimjec_4.root (218990 entries). Finally selected 10173 entries
Pre-select 218988 entries out of 218988 (100.00%)
Processed    10000/  218988 entries,  4.57% (elapsed time     3.8s, curr speed    2.637 kHz, avg speed    2.637 kHz), accepted      461/   10001 events ( 4.61%)
Processed    20000/  218988 entries,  9.13% (elapsed time     6.8s, curr speed    3.309 kHz, avg speed    2.935 kHz), accepted      906/   20001 events ( 4.53%)
Processed    30000/  218988 entries, 13.70% (elapsed time     9.5s, curr speed    3.755 kHz, avg speed    3.165 kHz), accepted     1324/   30001 events ( 4.41%)
Processed    40000/  218988 entries, 18.27% (elapsed time    12.3s, curr speed    3.541 kHz, avg speed    3.252 kHz), accepted     1824/   40001 events ( 4.56%)
Processed    50000/  218988 entries, 22.83% (elapsed time    15.1s, curr speed    3.592 kHz, avg speed    3.315 kHz), accepted     2255/   50001 events ( 4.51%)
Processed    60000/  218988 entries, 27.40% (elapsed time    17.7s, curr speed    3.842 kHz, avg speed    3.392 kHz), accepted     2735/   60001 events ( 4.56%)
Processed    70000/  218988 entries, 31.97% (elapsed time    21.0s, curr speed    3.058 kHz, avg speed    3.340 kHz), accepted     3228/   70001 events ( 4.61%)
Processed    80000/  218988 entries, 36.53% (elapsed time    24.2s, curr speed    3.052 kHz, avg speed    3.301 kHz), accepted     3702/   80001 events ( 4.63%)
Processed    90000/  218988 entries, 41.10% (elapsed time    26.8s, curr speed    3.912 kHz, avg speed    3.359 kHz), accepted     4201/   90001 events ( 4.67%)
Processed   100000/  218988 entries, 45.66% (elapsed time    29.5s, curr speed    3.720 kHz, avg speed    3.392 kHz), accepted     4694/  100001 events ( 4.69%)
Processed   110000/  218988 entries, 50.23% (elapsed time    32.4s, curr speed    3.387 kHz, avg speed    3.392 kHz), accepted     5177/  110001 events ( 4.71%)
Processed   120000/  218988 entries, 54.80% (elapsed time    35.0s, curr speed    3.947 kHz, avg speed    3.432 kHz), accepted     5683/  120001 events ( 4.74%)
Processed   130000/  218988 entries, 59.36% (elapsed time    37.6s, curr speed    3.865 kHz, avg speed    3.462 kHz), accepted     6061/  130001 events ( 4.66%)
Processed   140000/  218988 entries, 63.93% (elapsed time    40.2s, curr speed    3.832 kHz, avg speed    3.486 kHz), accepted     6462/  140001 events ( 4.62%)
Processed   150000/  218988 entries, 68.50% (elapsed time    43.0s, curr speed    3.574 kHz, avg speed    3.492 kHz), accepted     6878/  150001 events ( 4.59%)
Processed   160000/  218988 entries, 73.06% (elapsed time    45.9s, curr speed    3.355 kHz, avg speed    3.483 kHz), accepted     7329/  160001 events ( 4.58%)
Processed   170000/  218988 entries, 77.63% (elapsed time    48.7s, curr speed    3.681 kHz, avg speed    3.494 kHz), accepted     7810/  170001 events ( 4.59%)
Processed   180000/  218988 entries, 82.20% (elapsed time    51.3s, curr speed    3.729 kHz, avg speed    3.506 kHz), accepted     8270/  180001 events ( 4.59%)
Processed   190000/  218988 entries, 86.76% (elapsed time    54.1s, curr speed    3.632 kHz, avg speed    3.512 kHz), accepted     8757/  190001 events ( 4.61%)
Processed   200000/  218988 entries, 91.33% (elapsed time    56.6s, curr speed    4.047 kHz, avg speed    3.536 kHz), accepted     9219/  200001 events ( 4.61%)
Processed   210000/  218988 entries, 95.90% (elapsed time    59.7s, curr speed    3.241 kHz, avg speed    3.521 kHz), accepted     9683/  210001 events ( 4.61%)
Processed 218988 preselected entries from /eos/cms/store/group/phys_tau/TauFW/nano/UL2017/SingleElectron/Run2017C-UL2017_MiniAODv1_NanoAODv2-v1/NANOAOD/35A8B032-3E95-314C-A6C4-208B7C051C1D_skimjec_5.root (218988 entries). Finally selected 10148 entries
Pre-select 186749 entries out of 186749 (100.00%)
Processed    10000/  186749 entries,  5.35% (elapsed time     4.6s, curr speed    2.160 kHz, avg speed    2.160 kHz), accepted      475/   10001 events ( 4.75%)
Processed    20000/  186749 entries, 10.71% (elapsed time     7.5s, curr speed    3.503 kHz, avg speed    2.673 kHz), accepted      955/   20001 events ( 4.77%)
Processed    30000/  186749 entries, 16.06% (elapsed time    10.3s, curr speed    3.506 kHz, avg speed    2.902 kHz), accepted     1453/   30001 events ( 4.84%)
Processed    40000/  186749 entries, 21.42% (elapsed time    13.1s, curr speed    3.570 kHz, avg speed    3.045 kHz), accepted     1940/   40001 events ( 4.85%)
Processed    50000/  186749 entries, 26.77% (elapsed time    16.1s, curr speed    3.326 kHz, avg speed    3.097 kHz), accepted     2436/   50001 events ( 4.87%)
Processed    60000/  186749 entries, 32.13% (elapsed time    19.1s, curr speed    3.438 kHz, avg speed    3.149 kHz), accepted     2908/   60001 events ( 4.85%)
Processed    70000/  186749 entries, 37.48% (elapsed time    22.3s, curr speed    3.102 kHz, avg speed    3.142 kHz), accepted     3399/   70001 events ( 4.86%)
Processed    80000/  186749 entries, 42.84% (elapsed time    25.3s, curr speed    3.321 kHz, avg speed    3.164 kHz), accepted     3877/   80001 events ( 4.85%)
Processed    90000/  186749 entries, 48.19% (elapsed time    28.8s, curr speed    2.809 kHz, avg speed    3.120 kHz), accepted     4415/   90001 events ( 4.91%)
Processed   100000/  186749 entries, 53.55% (elapsed time    32.4s, curr speed    2.818 kHz, avg speed    3.087 kHz), accepted     4953/  100001 events ( 4.95%)
Processed   110000/  186749 entries, 58.90% (elapsed time    35.7s, curr speed    3.005 kHz, avg speed    3.079 kHz), accepted     5435/  110001 events ( 4.94%)
Processed   120000/  186749 entries, 64.26% (elapsed time    38.3s, curr speed    3.848 kHz, avg speed    3.131 kHz), accepted     5855/  120001 events ( 4.88%)
Processed   130000/  186749 entries, 69.61% (elapsed time    41.3s, curr speed    3.371 kHz, avg speed    3.148 kHz), accepted     6381/  130001 events ( 4.91%)
Processed   140000/  186749 entries, 74.97% (elapsed time    44.0s, curr speed    3.647 kHz, avg speed    3.180 kHz), accepted     6851/  140001 events ( 4.89%)
Processed   150000/  186749 entries, 80.32% (elapsed time    46.8s, curr speed    3.616 kHz, avg speed    3.205 kHz), accepted     7297/  150001 events ( 4.86%)
Processed   160000/  186749 entries, 85.68% (elapsed time    49.9s, curr speed    3.263 kHz, avg speed    3.209 kHz), accepted     7772/  160001 events ( 4.86%)
Processed   170000/  186749 entries, 91.03% (elapsed time    53.1s, curr speed    3.089 kHz, avg speed    3.202 kHz), accepted     8312/  170001 events ( 4.89%)
Processed   180000/  186749 entries, 96.39% (elapsed time    56.0s, curr speed    3.439 kHz, avg speed    3.214 kHz), accepted     8825/  180001 events ( 4.90%)
Processed 186749 preselected entries from /eos/cms/store/group/phys_tau/TauFW/nano/UL2017/SingleElectron/Run2017C-UL2017_MiniAODv1_NanoAODv2-v1/NANOAOD/372E0B6D-6862-284B-B9F3-0CEFDC02BC1F_skimjec_0.root (186749 entries). Finally selected 9144 entries
Total time 349.6 sec. to process 1061967 events. Rate = 3037.5 Hz.
>>> cwd          = /pool/condor/dir_30532
>>> ls           = ['.machine.ad', 'pico_etau_27.root', 'lvigilan.cc', 'x509_voms', 'tmp', '.job.ad', '.update.ad', '.chirp.config', 'condor_exec.exe', 'var', '_condor_stdout']
>>> getstorage('/eos/home-l/lvigilan/output_ETauFR_UL17_RUN1/UL2017/etau/SingleElectron_Run2017C'), <EOS("/eos/home-l/lvigilan/output_ETauFR_UL17_RUN1/UL2017/etau/SingleElectron_Run2017C") at 0x2ad9d83c0950>
>>> Executing: 'cp ./pico_etau_27.root /eos/home-l/lvigilan/output_ETauFR_UL17_RUN1/UL2017/etau/SingleElectron_Run2017C'
>>> Removing './pico_etau_27.root'...
>>> picojob.py done after 355.0 seconds

Job complete at Mon Jun  7 19:19:27 CEST 2021
Took 5 minutes 56 seconds040 (2367607.027.000) 06/07 19:19:28 Finished transferring output files
...
005 (2367607.027.000) 06/07 19:19:28 Job terminated.
	(1) Normal termination (return value 0)
		Usr 0 00:04:25, Sys 0 00:00:09  -  Run Remote Usage
		Usr 0 00:00:00, Sys 0 00:00:00  -  Run Local Usage
		Usr 0 00:04:25, Sys 0 00:00:09  -  Total Remote Usage
		Usr 0 00:00:00, Sys 0 00:00:00  -  Total Local Usage
	31739  -  Run Bytes Sent By Job
	9930  -  Run Bytes Received By Job
	31739  -  Total Bytes Sent By Job
	9930  -  Total Bytes Received By Job
	Partitionable Resources :    Usage  Request Allocated 
	   Cpus                 :     0.74        1         1 
	   Disk (KB)            :  5258           1    270828 
	   Memory (MB)          :   200        2000      2000 

	Job terminated of its own accord at 2021-06-07T17:19:27Z.
...
