Could not find platform independent libraries <prefix>
Could not find platform dependent libraries <exec_prefix>
Consider setting $PYTHONHOME to <prefix>[:<exec_prefix>]
ImportError: No module named site
Job start at Mon Jun  7 23:04:38 CEST 2021
Running job on machine Linux b7g23n1099.cern.ch 3.10.0-1127.19.1.el7.x86_64 #1 SMP Tue Aug 25 17:23:54 UTC 2020 x86_64 x86_64 x86_64 GNU/Linux, host b7g23n1099.cern.ch
============================================================
$PWD=/pool/condor/dir_14847
$JOBID=2367897
$TASKID=25
$HOSTNAME=b7g23n1099.cern.ch
$TASKCMD=/afs/cern.ch/work/l/lvigilan/TauWork/CMSSW_10_6_17_patch1/src/TauFW/PicoProducer/python/processors/picojob.py -y UL2017 -d 'data' -c etau -M ETauFakeRate.ModuleETau --copydir /eos/home-l/lvigilan/output_ETauFR_UL17_RUN1/UL2017/etau/SingleElectron_Run2017C -t _etau_EES0p99_25 --opt 'ees=0.99' 'useT1=False' -i /eos/cms/store/group/phys_tau/TauFW/nano/UL2017/SingleElectron/Run2017C-UL2017_MiniAODv1_NanoAODv2-v1/NANOAOD/263BA716-5603-EA4B-B4F9-3B13DAAD9C87_skimjec_4.root /eos/cms/store/group/phys_tau/TauFW/nano/UL2017/SingleElectron/Run2017C-UL2017_MiniAODv1_NanoAODv2-v1/NANOAOD/263BA716-5603-EA4B-B4F9-3B13DAAD9C87_skimjec_5.root /eos/cms/store/group/phys_tau/TauFW/nano/UL2017/SingleElectron/Run2017C-UL2017_MiniAODv1_NanoAODv2-v1/NANOAOD/2F490A22-C2B1-4841-930B-C0D9409398EE_skimjec_0.root /eos/cms/store/group/phys_tau/TauFW/nano/UL2017/SingleElectron/Run2017C-UL2017_MiniAODv1_NanoAODv2-v1/NANOAOD/2F490A22-C2B1-4841-930B-C0D9409398EE_skimjec_1.root /eos/cms/store/group/phys_tau/TauFW/nano/UL2017/SingleElectron/Run2017C-UL2017_MiniAODv1_NanoAODv2-v1/NANOAOD/2F490A22-C2B1-4841-930B-C0D9409398EE_skimjec_2.root
$WORKDIR=/pool/condor/dir_14847
>>> cd /afs/cern.ch/work/l/lvigilan/TauWork/CMSSW_10_6_17_patch1/src
>>> eval `scramv1 runtime -sh`
>>> cd /pool/condor/dir_14847
$PWD=/pool/condor/dir_14847
>>> /afs/cern.ch/work/l/lvigilan/TauWork/CMSSW_10_6_17_patch1/src/TauFW/PicoProducer/python/processors/picojob.py -y UL2017 -d 'data' -c etau -M ETauFakeRate.ModuleETau --copydir /eos/home-l/lvigilan/output_ETauFR_UL17_RUN1/UL2017/etau/SingleElectron_Run2017C -t _etau_EES0p99_25 --opt 'ees=0.99' 'useT1=False' -i /eos/cms/store/group/phys_tau/TauFW/nano/UL2017/SingleElectron/Run2017C-UL2017_MiniAODv1_NanoAODv2-v1/NANOAOD/263BA716-5603-EA4B-B4F9-3B13DAAD9C87_skimjec_4.root /eos/cms/store/group/phys_tau/TauFW/nano/UL2017/SingleElectron/Run2017C-UL2017_MiniAODv1_NanoAODv2-v1/NANOAOD/263BA716-5603-EA4B-B4F9-3B13DAAD9C87_skimjec_5.root /eos/cms/store/group/phys_tau/TauFW/nano/UL2017/SingleElectron/Run2017C-UL2017_MiniAODv1_NanoAODv2-v1/NANOAOD/2F490A22-C2B1-4841-930B-C0D9409398EE_skimjec_0.root /eos/cms/store/group/phys_tau/TauFW/nano/UL2017/SingleElectron/Run2017C-UL2017_MiniAODv1_NanoAODv2-v1/NANOAOD/2F490A22-C2B1-4841-930B-C0D9409398EE_skimjec_1.root /eos/cms/store/group/phys_tau/TauFW/nano/UL2017/SingleElectron/Run2017C-UL2017_MiniAODv1_NanoAODv2-v1/NANOAOD/2F490A22-C2B1-4841-930B-C0D9409398EE_skimjec_2.root
Error in <TGClient::TGClient>: can't open display "localhost:13.0", switching to batch mode...
 In case you run from a remote ssh session, reconnect with ssh -Y
--------------------------------------------------------------------------------
>>> era          = 'UL2017'
>>> year         = 2017
>>> channel      = 'etau'
>>> modname      = 'ETauFakeRate.ModuleETau'
>>> dtype        = 'data'
>>> kwargs       = {'dtype': 'data', 'ees': 0.99, 'useT1': False, 'verb': 0, 'era': 'UL2017', 'year': 2017}
>>> firstevt     = 0
>>> maxevts      = None
>>> outdir       = '.'
>>> copydir      = '/eos/home-l/lvigilan/output_ETauFR_UL17_RUN1/UL2017/etau/SingleElectron_Run2017C'
>>> infiles      = ['/eos/cms/store/group/phys_tau/TauFW/nano/UL2017/SingleElectron/Run2017C-UL2017_MiniAODv1_NanoAODv2-v1/NANOAOD/263BA716-5603-EA4B-B4F9-3B13DAAD9C87_skimjec_4.root', '/eos/cms/store/group/phys_tau/TauFW/nano/UL2017/SingleElectron/Run2017C-UL2017_MiniAODv1_NanoAODv2-v1/NANOAOD/263BA716-5603-EA4B-B4F9-3B13DAAD9C87_skimjec_5.root', '/eos/cms/store/group/phys_tau/TauFW/nano/UL2017/SingleElectron/Run2017C-UL2017_MiniAODv1_NanoAODv2-v1/NANOAOD/2F490A22-C2B1-4841-930B-C0D9409398EE_skimjec_0.root', '/eos/cms/store/group/phys_tau/TauFW/nano/UL2017/SingleElectron/Run2017C-UL2017_MiniAODv1_NanoAODv2-v1/NANOAOD/2F490A22-C2B1-4841-930B-C0D9409398EE_skimjec_1.root', '/eos/cms/store/group/phys_tau/TauFW/nano/UL2017/SingleElectron/Run2017C-UL2017_MiniAODv1_NanoAODv2-v1/NANOAOD/2F490A22-C2B1-4841-930B-C0D9409398EE_skimjec_2.root']
>>> outfname     = './pico_etau_EES0p99_25.root'
>>> branchsel    = '/afs/cern.ch/work/l/lvigilan/TauWork/CMSSW_10_6_17_patch1/python/TauFW/PicoProducer/processors/keep_and_drop_skim.txt'
>>> json         = '/afs/cern.ch/work/l/lvigilan/TauWork/CMSSW_10_6_17_patch1/src/TauFW/PicoProducer/data/json/2017/Cert_294927-306462_13TeV_PromptReco_Collisions17_JSON.txt'
>>> prefetch     = False
>>> cwd          = /pool/condor/dir_14847
--------------------------------------------------------------------------------

   ################
   #  ModuleETau  #
   ################

Loading TreeProducerETau for './pico_etau_EES0p99_25.root'
--------------------------------------------------------------------------------
>>> filename     = './pico_etau_EES0p99_25.root'
>>> year         = 2017
>>> dtype        = 'data'
>>> channel      = 'etau'
>>> ismc         = False
>>> isdata       = True
>>> isembed      = False
>>> tes          = None
>>> tessys       = None
>>> fes          = None
>>> ltf          = None
>>> jtf          = 1.0
>>> dotoppt      = False
>>> dozpt        = False
>>> dojec        = False
>>> dojecsys     = False
>>> dotight      = False
>>> useT1        = False
>>> jetCutPt     = 30
>>> bjetCutEta   = 2.7
>>> tauwp        = 0
>>> eleCutPt     = 36
>>> eleCutEta    = 2.1
>>> tauCutPt     = 20
>>> tauCutEta    = 2.3
>>> ZpeekReso    = 0.0
Pre-select 242745 entries out of 242745 (100.00%)
Processed    10000/  242745 entries,  4.12% (elapsed time     5.2s, curr speed    1.910 kHz, avg speed    1.910 kHz), accepted      455/   10001 events ( 4.55%)
Processed    20000/  242745 entries,  8.24% (elapsed time     8.8s, curr speed    2.788 kHz, avg speed    2.267 kHz), accepted      953/   20001 events ( 4.76%)
Processed    30000/  242745 entries, 12.36% (elapsed time    12.4s, curr speed    2.810 kHz, avg speed    2.423 kHz), accepted     1441/   30001 events ( 4.80%)
Processed    40000/  242745 entries, 16.48% (elapsed time    16.2s, curr speed    2.604 kHz, avg speed    2.466 kHz), accepted     1905/   40001 events ( 4.76%)
Processed    50000/  242745 entries, 20.60% (elapsed time    19.5s, curr speed    3.068 kHz, avg speed    2.567 kHz), accepted     2420/   50001 events ( 4.84%)
Processed    60000/  242745 entries, 24.72% (elapsed time    22.7s, curr speed    3.147 kHz, avg speed    2.648 kHz), accepted     2940/   60001 events ( 4.90%)
Processed    70000/  242745 entries, 28.84% (elapsed time    25.4s, curr speed    3.621 kHz, avg speed    2.754 kHz), accepted     3414/   70001 events ( 4.88%)
Processed    80000/  242745 entries, 32.96% (elapsed time    28.7s, curr speed    3.047 kHz, avg speed    2.787 kHz), accepted     3898/   80001 events ( 4.87%)
Processed    90000/  242745 entries, 37.08% (elapsed time    32.1s, curr speed    2.921 kHz, avg speed    2.802 kHz), accepted     4459/   90001 events ( 4.95%)
Processed   100000/  242745 entries, 41.20% (elapsed time    35.5s, curr speed    3.006 kHz, avg speed    2.821 kHz), accepted     4988/  100001 events ( 4.99%)
Processed   110000/  242745 entries, 45.32% (elapsed time    39.5s, curr speed    2.443 kHz, avg speed    2.782 kHz), accepted     5548/  110001 events ( 5.04%)
Processed   120000/  242745 entries, 49.43% (elapsed time    42.3s, curr speed    3.628 kHz, avg speed    2.837 kHz), accepted     6015/  120001 events ( 5.01%)
Processed   130000/  242745 entries, 53.55% (elapsed time    45.7s, curr speed    2.933 kHz, avg speed    2.844 kHz), accepted     6508/  130001 events ( 5.01%)
Processed   140000/  242745 entries, 57.67% (elapsed time    48.9s, curr speed    3.169 kHz, avg speed    2.865 kHz), accepted     6955/  140001 events ( 4.97%)
Processed   150000/  242745 entries, 61.79% (elapsed time    52.3s, curr speed    2.872 kHz, avg speed    2.865 kHz), accepted     7418/  150001 events ( 4.95%)
Processed   160000/  242745 entries, 65.91% (elapsed time    55.4s, curr speed    3.327 kHz, avg speed    2.891 kHz), accepted     7896/  160001 events ( 4.93%)
Processed   170000/  242745 entries, 70.03% (elapsed time    58.7s, curr speed    3.002 kHz, avg speed    2.897 kHz), accepted     8350/  170001 events ( 4.91%)
Processed   180000/  242745 entries, 74.15% (elapsed time    61.6s, curr speed    3.473 kHz, avg speed    2.924 kHz), accepted     8807/  180001 events ( 4.89%)
Processed   190000/  242745 entries, 78.27% (elapsed time    65.0s, curr speed    2.911 kHz, avg speed    2.923 kHz), accepted     9296/  190001 events ( 4.89%)
Processed   200000/  242745 entries, 82.39% (elapsed time    68.4s, curr speed    2.944 kHz, avg speed    2.924 kHz), accepted     9783/  200001 events ( 4.89%)
Processed   210000/  242745 entries, 86.51% (elapsed time    71.5s, curr speed    3.271 kHz, avg speed    2.939 kHz), accepted    10241/  210001 events ( 4.88%)
Processed   220000/  242745 entries, 90.63% (elapsed time    74.6s, curr speed    3.179 kHz, avg speed    2.949 kHz), accepted    10701/  220001 events ( 4.86%)
Processed   230000/  242745 entries, 94.75% (elapsed time    77.3s, curr speed    3.678 kHz, avg speed    2.975 kHz), accepted    11149/  230001 events ( 4.85%)
Processed   240000/  242745 entries, 98.87% (elapsed time    80.6s, curr speed    3.074 kHz, avg speed    2.979 kHz), accepted    11624/  240001 events ( 4.84%)
Processed 242745 preselected entries from /eos/cms/store/group/phys_tau/TauFW/nano/UL2017/SingleElectron/Run2017C-UL2017_MiniAODv1_NanoAODv2-v1/NANOAOD/263BA716-5603-EA4B-B4F9-3B13DAAD9C87_skimjec_4.root (242745 entries). Finally selected 11752 entries
Pre-select 242740 entries out of 242740 (100.00%)
Processed    10000/  242740 entries,  4.12% (elapsed time     4.9s, curr speed    2.022 kHz, avg speed    2.022 kHz), accepted      486/   10001 events ( 4.86%)
Processed    20000/  242740 entries,  8.24% (elapsed time     8.3s, curr speed    2.994 kHz, avg speed    2.414 kHz), accepted     1002/   20001 events ( 5.01%)
Processed    30000/  242740 entries, 12.36% (elapsed time    11.5s, curr speed    3.106 kHz, avg speed    2.608 kHz), accepted     1515/   30001 events ( 5.05%)
Processed    40000/  242740 entries, 16.48% (elapsed time    14.7s, curr speed    3.109 kHz, avg speed    2.717 kHz), accepted     2006/   40001 events ( 5.01%)
Processed    50000/  242740 entries, 20.60% (elapsed time    18.0s, curr speed    3.065 kHz, avg speed    2.780 kHz), accepted     2491/   50001 events ( 4.98%)
Processed    60000/  242740 entries, 24.72% (elapsed time    20.9s, curr speed    3.486 kHz, avg speed    2.877 kHz), accepted     2954/   60001 events ( 4.92%)
Processed    70000/  242740 entries, 28.84% (elapsed time    24.5s, curr speed    2.729 kHz, avg speed    2.855 kHz), accepted     3413/   70001 events ( 4.88%)
Processed    80000/  242740 entries, 32.96% (elapsed time    27.5s, curr speed    3.367 kHz, avg speed    2.911 kHz), accepted     3871/   80001 events ( 4.84%)
Processed    90000/  242740 entries, 37.08% (elapsed time    30.4s, curr speed    3.438 kHz, avg speed    2.961 kHz), accepted     4326/   90001 events ( 4.81%)
Processed   100000/  242740 entries, 41.20% (elapsed time    33.8s, curr speed    2.909 kHz, avg speed    2.956 kHz), accepted     4804/  100001 events ( 4.80%)
Processed   110000/  242740 entries, 45.32% (elapsed time    36.8s, curr speed    3.417 kHz, avg speed    2.992 kHz), accepted     5272/  110001 events ( 4.79%)
Processed   120000/  242740 entries, 49.44% (elapsed time    40.0s, curr speed    3.067 kHz, avg speed    2.999 kHz), accepted     5737/  120001 events ( 4.78%)
Processed   130000/  242740 entries, 53.56% (elapsed time    42.8s, curr speed    3.546 kHz, avg speed    3.035 kHz), accepted     6199/  130001 events ( 4.77%)
Processed   140000/  242740 entries, 57.67% (elapsed time    45.9s, curr speed    3.227 kHz, avg speed    3.048 kHz), accepted     6667/  140001 events ( 4.76%)
Processed   150000/  242740 entries, 61.79% (elapsed time    48.9s, curr speed    3.396 kHz, avg speed    3.069 kHz), accepted     7146/  150001 events ( 4.76%)
Processed   160000/  242740 entries, 65.91% (elapsed time    51.8s, curr speed    3.456 kHz, avg speed    3.090 kHz), accepted     7603/  160001 events ( 4.75%)
Processed   170000/  242740 entries, 70.03% (elapsed time    55.0s, curr speed    3.110 kHz, avg speed    3.091 kHz), accepted     8065/  170001 events ( 4.74%)
Processed   180000/  242740 entries, 74.15% (elapsed time    58.3s, curr speed    3.015 kHz, avg speed    3.087 kHz), accepted     8551/  180001 events ( 4.75%)
Processed   190000/  242740 entries, 78.27% (elapsed time    61.5s, curr speed    3.135 kHz, avg speed    3.090 kHz), accepted     9025/  190001 events ( 4.75%)
Processed   200000/  242740 entries, 82.39% (elapsed time    64.8s, curr speed    3.039 kHz, avg speed    3.087 kHz), accepted     9495/  200001 events ( 4.75%)
Processed   210000/  242740 entries, 86.51% (elapsed time    68.0s, curr speed    3.117 kHz, avg speed    3.088 kHz), accepted    10008/  210001 events ( 4.77%)
Processed   220000/  242740 entries, 90.63% (elapsed time    71.4s, curr speed    2.931 kHz, avg speed    3.081 kHz), accepted    10483/  220001 events ( 4.76%)
Processed   230000/  242740 entries, 94.75% (elapsed time    74.5s, curr speed    3.205 kHz, avg speed    3.086 kHz), accepted    10969/  230001 events ( 4.77%)
Processed   240000/  242740 entries, 98.87% (elapsed time    77.4s, curr speed    3.437 kHz, avg speed    3.099 kHz), accepted    11469/  240001 events ( 4.78%)
Processed 242740 preselected entries from /eos/cms/store/group/phys_tau/TauFW/nano/UL2017/SingleElectron/Run2017C-UL2017_MiniAODv1_NanoAODv2-v1/NANOAOD/263BA716-5603-EA4B-B4F9-3B13DAAD9C87_skimjec_5.root (242740 entries). Finally selected 11601 entries
Pre-select 209726 entries out of 209726 (100.00%)
Processed    10000/  209726 entries,  4.77% (elapsed time     4.5s, curr speed    2.242 kHz, avg speed    2.242 kHz), accepted      425/   10001 events ( 4.25%)
Processed    20000/  209726 entries,  9.54% (elapsed time     7.6s, curr speed    3.168 kHz, avg speed    2.626 kHz), accepted      887/   20001 events ( 4.43%)
Processed    30000/  209726 entries, 14.30% (elapsed time    10.8s, curr speed    3.093 kHz, avg speed    2.765 kHz), accepted     1374/   30001 events ( 4.58%)
Processed    40000/  209726 entries, 19.07% (elapsed time    14.2s, curr speed    2.976 kHz, avg speed    2.815 kHz), accepted     1840/   40001 events ( 4.60%)
Processed    50000/  209726 entries, 23.84% (elapsed time    17.3s, curr speed    3.287 kHz, avg speed    2.898 kHz), accepted     2294/   50001 events ( 4.59%)
Processed    60000/  209726 entries, 28.61% (elapsed time    20.6s, curr speed    2.982 kHz, avg speed    2.912 kHz), accepted     2750/   60001 events ( 4.58%)
Processed    70000/  209726 entries, 33.38% (elapsed time    23.3s, curr speed    3.646 kHz, avg speed    2.998 kHz), accepted     3159/   70001 events ( 4.51%)
Processed    80000/  209726 entries, 38.15% (elapsed time    26.5s, curr speed    3.176 kHz, avg speed    3.019 kHz), accepted     3620/   80001 events ( 4.52%)
Processed    90000/  209726 entries, 42.91% (elapsed time    29.7s, curr speed    3.164 kHz, avg speed    3.035 kHz), accepted     4116/   90001 events ( 4.57%)
Processed   100000/  209726 entries, 47.68% (elapsed time    32.7s, curr speed    3.271 kHz, avg speed    3.057 kHz), accepted     4542/  100001 events ( 4.54%)
Processed   110000/  209726 entries, 52.45% (elapsed time    36.3s, curr speed    2.783 kHz, avg speed    3.030 kHz), accepted     5004/  110001 events ( 4.55%)
Processed   120000/  209726 entries, 57.22% (elapsed time    39.5s, curr speed    3.144 kHz, avg speed    3.039 kHz), accepted     5490/  120001 events ( 4.57%)
Processed   130000/  209726 entries, 61.99% (elapsed time    43.1s, curr speed    2.747 kHz, avg speed    3.014 kHz), accepted     5977/  130001 events ( 4.60%)
Processed   140000/  209726 entries, 66.75% (elapsed time    46.5s, curr speed    2.975 kHz, avg speed    3.011 kHz), accepted     6508/  140001 events ( 4.65%)
Processed   150000/  209726 entries, 71.52% (elapsed time    50.0s, curr speed    2.816 kHz, avg speed    2.998 kHz), accepted     7029/  150001 events ( 4.69%)
Processed   160000/  209726 entries, 76.29% (elapsed time    52.9s, curr speed    3.506 kHz, avg speed    3.025 kHz), accepted     7441/  160001 events ( 4.65%)
Processed   170000/  209726 entries, 81.06% (elapsed time    55.5s, curr speed    3.861 kHz, avg speed    3.064 kHz), accepted     7837/  170001 events ( 4.61%)
Processed   180000/  209726 entries, 85.83% (elapsed time    58.6s, curr speed    3.200 kHz, avg speed    3.071 kHz), accepted     8279/  180001 events ( 4.60%)
Processed   190000/  209726 entries, 90.59% (elapsed time    61.3s, curr speed    3.659 kHz, avg speed    3.097 kHz), accepted     8720/  190001 events ( 4.59%)
Processed   200000/  209726 entries, 95.36% (elapsed time    64.0s, curr speed    3.753 kHz, avg speed    3.125 kHz), accepted     9122/  200001 events ( 4.56%)
Processed 209726 preselected entries from /eos/cms/store/group/phys_tau/TauFW/nano/UL2017/SingleElectron/Run2017C-UL2017_MiniAODv1_NanoAODv2-v1/NANOAOD/2F490A22-C2B1-4841-930B-C0D9409398EE_skimjec_0.root (209726 entries). Finally selected 9572 entries
Pre-select 209726 entries out of 209726 (100.00%)
Processed    10000/  209726 entries,  4.77% (elapsed time     4.7s, curr speed    2.141 kHz, avg speed    2.141 kHz), accepted      399/   10001 events ( 3.99%)
Processed    20000/  209726 entries,  9.54% (elapsed time     8.0s, curr speed    2.961 kHz, avg speed    2.485 kHz), accepted      834/   20001 events ( 4.17%)
Processed    30000/  209726 entries, 14.30% (elapsed time    11.2s, curr speed    3.202 kHz, avg speed    2.686 kHz), accepted     1252/   30001 events ( 4.17%)
Processed    40000/  209726 entries, 19.07% (elapsed time    14.4s, curr speed    3.077 kHz, avg speed    2.774 kHz), accepted     1692/   40001 events ( 4.23%)
Processed    50000/  209726 entries, 23.84% (elapsed time    17.6s, curr speed    3.129 kHz, avg speed    2.838 kHz), accepted     2127/   50001 events ( 4.25%)
Processed    60000/  209726 entries, 28.61% (elapsed time    20.4s, curr speed    3.543 kHz, avg speed    2.936 kHz), accepted     2547/   60001 events ( 4.24%)
Processed    70000/  209726 entries, 33.38% (elapsed time    23.4s, curr speed    3.335 kHz, avg speed    2.987 kHz), accepted     3018/   70001 events ( 4.31%)
Processed    80000/  209726 entries, 38.15% (elapsed time    26.6s, curr speed    3.169 kHz, avg speed    3.008 kHz), accepted     3459/   80001 events ( 4.32%)
Processed    90000/  209726 entries, 42.91% (elapsed time    30.0s, curr speed    2.972 kHz, avg speed    3.004 kHz), accepted     3914/   90001 events ( 4.35%)
Processed   100000/  209726 entries, 47.68% (elapsed time    33.3s, curr speed    2.965 kHz, avg speed    3.000 kHz), accepted     4326/  100001 events ( 4.33%)
Processed   110000/  209726 entries, 52.45% (elapsed time    36.3s, curr speed    3.345 kHz, avg speed    3.029 kHz), accepted     4776/  110001 events ( 4.34%)
Processed   120000/  209726 entries, 57.22% (elapsed time    39.1s, curr speed    3.534 kHz, avg speed    3.065 kHz), accepted     5211/  120001 events ( 4.34%)
Processed   130000/  209726 entries, 61.99% (elapsed time    42.6s, curr speed    2.875 kHz, avg speed    3.050 kHz), accepted     5680/  130001 events ( 4.37%)
Processed   140000/  209726 entries, 66.75% (elapsed time    45.9s, curr speed    3.101 kHz, avg speed    3.053 kHz), accepted     6154/  140001 events ( 4.40%)
Processed   150000/  209726 entries, 71.52% (elapsed time    49.1s, curr speed    3.128 kHz, avg speed    3.058 kHz), accepted     6592/  150001 events ( 4.39%)
Processed   160000/  209726 entries, 76.29% (elapsed time    52.0s, curr speed    3.344 kHz, avg speed    3.075 kHz), accepted     7033/  160001 events ( 4.40%)
Processed   170000/  209726 entries, 81.06% (elapsed time    55.1s, curr speed    3.217 kHz, avg speed    3.083 kHz), accepted     7520/  170001 events ( 4.42%)
Processed   180000/  209726 entries, 85.83% (elapsed time    58.1s, curr speed    3.402 kHz, avg speed    3.099 kHz), accepted     7987/  180001 events ( 4.44%)
Processed   190000/  209726 entries, 90.59% (elapsed time    61.2s, curr speed    3.229 kHz, avg speed    3.105 kHz), accepted     8458/  190001 events ( 4.45%)
Processed   200000/  209726 entries, 95.36% (elapsed time    64.8s, curr speed    2.759 kHz, avg speed    3.086 kHz), accepted     8928/  200001 events ( 4.46%)
Processed 209726 preselected entries from /eos/cms/store/group/phys_tau/TauFW/nano/UL2017/SingleElectron/Run2017C-UL2017_MiniAODv1_NanoAODv2-v1/NANOAOD/2F490A22-C2B1-4841-930B-C0D9409398EE_skimjec_1.root (209726 entries). Finally selected 9383 entries
Pre-select 209726 entries out of 209726 (100.00%)
Processed    10000/  209726 entries,  4.77% (elapsed time     5.1s, curr speed    1.971 kHz, avg speed    1.971 kHz), accepted      458/   10001 events ( 4.58%)
Processed    20000/  209726 entries,  9.54% (elapsed time     8.2s, curr speed    3.238 kHz, avg speed    2.451 kHz), accepted      931/   20001 events ( 4.65%)
Processed    30000/  209726 entries, 14.30% (elapsed time    11.4s, curr speed    3.105 kHz, avg speed    2.636 kHz), accepted     1423/   30001 events ( 4.74%)
Processed    40000/  209726 entries, 19.07% (elapsed time    14.5s, curr speed    3.242 kHz, avg speed    2.765 kHz), accepted     1843/   40001 events ( 4.61%)
Processed    50000/  209726 entries, 23.84% (elapsed time    17.7s, curr speed    3.103 kHz, avg speed    2.827 kHz), accepted     2318/   50001 events ( 4.64%)
Processed    60000/  209726 entries, 28.61% (elapsed time    21.1s, curr speed    2.968 kHz, avg speed    2.849 kHz), accepted     2797/   60001 events ( 4.66%)
Processed    70000/  209726 entries, 33.38% (elapsed time    24.6s, curr speed    2.838 kHz, avg speed    2.848 kHz), accepted     3322/   70001 events ( 4.75%)
Processed    80000/  209726 entries, 38.15% (elapsed time    27.7s, curr speed    3.257 kHz, avg speed    2.893 kHz), accepted     3802/   80001 events ( 4.75%)
Processed    90000/  209726 entries, 42.91% (elapsed time    31.4s, curr speed    2.665 kHz, avg speed    2.866 kHz), accepted     4279/   90001 events ( 4.75%)
Processed   100000/  209726 entries, 47.68% (elapsed time    34.5s, curr speed    3.217 kHz, avg speed    2.897 kHz), accepted     4733/  100001 events ( 4.73%)
Processed   110000/  209726 entries, 52.45% (elapsed time    37.5s, curr speed    3.405 kHz, avg speed    2.937 kHz), accepted     5207/  110001 events ( 4.73%)
Processed   120000/  209726 entries, 57.22% (elapsed time    41.0s, curr speed    2.806 kHz, avg speed    2.926 kHz), accepted     5703/  120001 events ( 4.75%)
Processed   130000/  209726 entries, 61.99% (elapsed time    44.4s, curr speed    2.930 kHz, avg speed    2.926 kHz), accepted     6186/  130001 events ( 4.76%)
Processed   140000/  209726 entries, 66.75% (elapsed time    47.4s, curr speed    3.320 kHz, avg speed    2.951 kHz), accepted     6671/  140001 events ( 4.76%)
Processed   150000/  209726 entries, 71.52% (elapsed time    51.3s, curr speed    2.614 kHz, avg speed    2.926 kHz), accepted     7144/  150001 events ( 4.76%)
Processed   160000/  209726 entries, 76.29% (elapsed time    54.4s, curr speed    3.140 kHz, avg speed    2.939 kHz), accepted     7593/  160001 events ( 4.75%)
Processed   170000/  209726 entries, 81.06% (elapsed time    58.2s, curr speed    2.666 kHz, avg speed    2.921 kHz), accepted     8072/  170001 events ( 4.75%)
Processed   180000/  209726 entries, 85.83% (elapsed time    61.4s, curr speed    3.118 kHz, avg speed    2.931 kHz), accepted     8557/  180001 events ( 4.75%)
Processed   190000/  209726 entries, 90.59% (elapsed time    64.7s, curr speed    3.007 kHz, avg speed    2.935 kHz), accepted     9043/  190001 events ( 4.76%)
Processed   200000/  209726 entries, 95.36% (elapsed time    68.1s, curr speed    3.006 kHz, avg speed    2.939 kHz), accepted     9521/  200001 events ( 4.76%)
Processed 209726 preselected entries from /eos/cms/store/group/phys_tau/TauFW/nano/UL2017/SingleElectron/Run2017C-UL2017_MiniAODv1_NanoAODv2-v1/NANOAOD/2F490A22-C2B1-4841-930B-C0D9409398EE_skimjec_2.root (209726 entries). Finally selected 9953 entries
Total time 416.6 sec. to process 1114663 events. Rate = 2675.7 Hz.
>>> cwd          = /pool/condor/dir_14847
>>> ls           = ['pico_etau_EES0p99_25.root', '_condor_stdout', '.machine.ad', '.update.ad', 'tmp', 'var', 'condor_exec.exe', '.chirp.config', '.job.ad', 'lvigilan.cc', 'x509_voms']
>>> getstorage('/eos/home-l/lvigilan/output_ETauFR_UL17_RUN1/UL2017/etau/SingleElectron_Run2017C'), <EOS("/eos/home-l/lvigilan/output_ETauFR_UL17_RUN1/UL2017/etau/SingleElectron_Run2017C") at 0x2af29a1f8910>
>>> Executing: 'cp ./pico_etau_EES0p99_25.root /eos/home-l/lvigilan/output_ETauFR_UL17_RUN1/UL2017/etau/SingleElectron_Run2017C'
>>> Removing './pico_etau_EES0p99_25.root'...
>>> picojob.py done after 438.7 seconds

Job complete at Mon Jun  7 23:12:01 CEST 2021
Took 7 minutes 23 seconds040 (2367897.025.000) 06/07 23:31:23 Finished transferring output files
...
005 (2367897.025.000) 06/07 23:31:23 Job terminated.
	(1) Normal termination (return value 0)
		Usr 0 00:06:07, Sys 0 00:00:17  -  Run Remote Usage
		Usr 0 00:00:00, Sys 0 00:00:00  -  Run Local Usage
		Usr 0 00:06:07, Sys 0 00:00:17  -  Total Remote Usage
		Usr 0 00:00:00, Sys 0 00:00:00  -  Total Local Usage
	32803  -  Run Bytes Sent By Job
	9898  -  Run Bytes Received By Job
	32803  -  Total Bytes Sent By Job
	9898  -  Total Bytes Received By Job
	Partitionable Resources :    Usage  Request Allocated 
	   Cpus                 :        0        1         1 
	   Disk (KB)            :     4219        1    236387 
	   Memory (MB)          :      197     2000      2000 

	Job terminated of its own accord at 2021-06-07T21:12:01Z.
...
