Could not find platform independent libraries <prefix>
Could not find platform dependent libraries <exec_prefix>
Consider setting $PYTHONHOME to <prefix>[:<exec_prefix>]
ImportError: No module named site
Job start at Mon Jun  7 23:04:40 CEST 2021
Running job on machine Linux b7g42n2071.cern.ch 3.10.0-1127.10.1.el7.x86_64 #1 SMP Wed Jun 3 14:28:03 UTC 2020 x86_64 x86_64 x86_64 GNU/Linux, host b7g42n2071.cern.ch
============================================================
$PWD=/pool/condor/dir_30359
$JOBID=2367897
$TASKID=29
$HOSTNAME=b7g42n2071.cern.ch
$TASKCMD=/afs/cern.ch/work/l/lvigilan/TauWork/CMSSW_10_6_17_patch1/src/TauFW/PicoProducer/python/processors/picojob.py -y UL2017 -d 'data' -c etau -M ETauFakeRate.ModuleETau --copydir /eos/home-l/lvigilan/output_ETauFR_UL17_RUN1/UL2017/etau/SingleElectron_Run2017C -t _etau_EES0p99_29 --opt 'ees=0.99' 'useT1=False' -i /eos/cms/store/group/phys_tau/TauFW/nano/UL2017/SingleElectron/Run2017C-UL2017_MiniAODv1_NanoAODv2-v1/NANOAOD/3B809EAC-9807-314F-B205-2F6FCDB46878_skimjec_0.root /eos/cms/store/group/phys_tau/TauFW/nano/UL2017/SingleElectron/Run2017C-UL2017_MiniAODv1_NanoAODv2-v1/NANOAOD/3B809EAC-9807-314F-B205-2F6FCDB46878_skimjec_1.root /eos/cms/store/group/phys_tau/TauFW/nano/UL2017/SingleElectron/Run2017C-UL2017_MiniAODv1_NanoAODv2-v1/NANOAOD/3B809EAC-9807-314F-B205-2F6FCDB46878_skimjec_2.root /eos/cms/store/group/phys_tau/TauFW/nano/UL2017/SingleElectron/Run2017C-UL2017_MiniAODv1_NanoAODv2-v1/NANOAOD/3B809EAC-9807-314F-B205-2F6FCDB46878_skimjec_3.root /eos/cms/store/group/phys_tau/TauFW/nano/UL2017/SingleElectron/Run2017C-UL2017_MiniAODv1_NanoAODv2-v1/NANOAOD/3B809EAC-9807-314F-B205-2F6FCDB46878_skimjec_4.root
$WORKDIR=/pool/condor/dir_30359
>>> cd /afs/cern.ch/work/l/lvigilan/TauWork/CMSSW_10_6_17_patch1/src
>>> eval `scramv1 runtime -sh`
>>> cd /pool/condor/dir_30359
$PWD=/pool/condor/dir_30359
>>> /afs/cern.ch/work/l/lvigilan/TauWork/CMSSW_10_6_17_patch1/src/TauFW/PicoProducer/python/processors/picojob.py -y UL2017 -d 'data' -c etau -M ETauFakeRate.ModuleETau --copydir /eos/home-l/lvigilan/output_ETauFR_UL17_RUN1/UL2017/etau/SingleElectron_Run2017C -t _etau_EES0p99_29 --opt 'ees=0.99' 'useT1=False' -i /eos/cms/store/group/phys_tau/TauFW/nano/UL2017/SingleElectron/Run2017C-UL2017_MiniAODv1_NanoAODv2-v1/NANOAOD/3B809EAC-9807-314F-B205-2F6FCDB46878_skimjec_0.root /eos/cms/store/group/phys_tau/TauFW/nano/UL2017/SingleElectron/Run2017C-UL2017_MiniAODv1_NanoAODv2-v1/NANOAOD/3B809EAC-9807-314F-B205-2F6FCDB46878_skimjec_1.root /eos/cms/store/group/phys_tau/TauFW/nano/UL2017/SingleElectron/Run2017C-UL2017_MiniAODv1_NanoAODv2-v1/NANOAOD/3B809EAC-9807-314F-B205-2F6FCDB46878_skimjec_2.root /eos/cms/store/group/phys_tau/TauFW/nano/UL2017/SingleElectron/Run2017C-UL2017_MiniAODv1_NanoAODv2-v1/NANOAOD/3B809EAC-9807-314F-B205-2F6FCDB46878_skimjec_3.root /eos/cms/store/group/phys_tau/TauFW/nano/UL2017/SingleElectron/Run2017C-UL2017_MiniAODv1_NanoAODv2-v1/NANOAOD/3B809EAC-9807-314F-B205-2F6FCDB46878_skimjec_4.root
Error in <TGClient::TGClient>: can't open display "localhost:13.0", switching to batch mode...
 In case you run from a remote ssh session, reconnect with ssh -Y
--------------------------------------------------------------------------------
>>> era          = 'UL2017'
>>> year         = 2017
>>> channel      = 'etau'
>>> modname      = 'ETauFakeRate.ModuleETau'
>>> dtype        = 'data'
>>> kwargs       = {'dtype': 'data', 'ees': 0.99, 'useT1': False, 'verb': 0, 'era': 'UL2017', 'year': 2017}
>>> firstevt     = 0
>>> maxevts      = None
>>> outdir       = '.'
>>> copydir      = '/eos/home-l/lvigilan/output_ETauFR_UL17_RUN1/UL2017/etau/SingleElectron_Run2017C'
>>> infiles      = ['/eos/cms/store/group/phys_tau/TauFW/nano/UL2017/SingleElectron/Run2017C-UL2017_MiniAODv1_NanoAODv2-v1/NANOAOD/3B809EAC-9807-314F-B205-2F6FCDB46878_skimjec_0.root', '/eos/cms/store/group/phys_tau/TauFW/nano/UL2017/SingleElectron/Run2017C-UL2017_MiniAODv1_NanoAODv2-v1/NANOAOD/3B809EAC-9807-314F-B205-2F6FCDB46878_skimjec_1.root', '/eos/cms/store/group/phys_tau/TauFW/nano/UL2017/SingleElectron/Run2017C-UL2017_MiniAODv1_NanoAODv2-v1/NANOAOD/3B809EAC-9807-314F-B205-2F6FCDB46878_skimjec_2.root', '/eos/cms/store/group/phys_tau/TauFW/nano/UL2017/SingleElectron/Run2017C-UL2017_MiniAODv1_NanoAODv2-v1/NANOAOD/3B809EAC-9807-314F-B205-2F6FCDB46878_skimjec_3.root', '/eos/cms/store/group/phys_tau/TauFW/nano/UL2017/SingleElectron/Run2017C-UL2017_MiniAODv1_NanoAODv2-v1/NANOAOD/3B809EAC-9807-314F-B205-2F6FCDB46878_skimjec_4.root']
>>> outfname     = './pico_etau_EES0p99_29.root'
>>> branchsel    = '/afs/cern.ch/work/l/lvigilan/TauWork/CMSSW_10_6_17_patch1/python/TauFW/PicoProducer/processors/keep_and_drop_skim.txt'
>>> json         = '/afs/cern.ch/work/l/lvigilan/TauWork/CMSSW_10_6_17_patch1/src/TauFW/PicoProducer/data/json/2017/Cert_294927-306462_13TeV_PromptReco_Collisions17_JSON.txt'
>>> prefetch     = False
>>> cwd          = /pool/condor/dir_30359
--------------------------------------------------------------------------------

   ################
   #  ModuleETau  #
   ################

Loading TreeProducerETau for './pico_etau_EES0p99_29.root'
--------------------------------------------------------------------------------
>>> filename     = './pico_etau_EES0p99_29.root'
>>> year         = 2017
>>> dtype        = 'data'
>>> channel      = 'etau'
>>> ismc         = False
>>> isdata       = True
>>> isembed      = False
>>> tes          = None
>>> tessys       = None
>>> fes          = None
>>> ltf          = None
>>> jtf          = 1.0
>>> dotoppt      = False
>>> dozpt        = False
>>> dojec        = False
>>> dojecsys     = False
>>> dotight      = False
>>> useT1        = False
>>> jetCutPt     = 30
>>> bjetCutEta   = 2.7
>>> tauwp        = 0
>>> eleCutPt     = 36
>>> eleCutEta    = 2.1
>>> tauCutPt     = 20
>>> tauCutEta    = 2.3
>>> ZpeekReso    = 0.0
Pre-select 243001 entries out of 243001 (100.00%)
Processed    10000/  243001 entries,  4.12% (elapsed time     5.4s, curr speed    1.841 kHz, avg speed    1.841 kHz), accepted      489/   10001 events ( 4.89%)
Processed    20000/  243001 entries,  8.23% (elapsed time     8.8s, curr speed    3.002 kHz, avg speed    2.283 kHz), accepted      992/   20001 events ( 4.96%)
Processed    30000/  243001 entries, 12.35% (elapsed time    12.0s, curr speed    3.076 kHz, avg speed    2.497 kHz), accepted     1478/   30001 events ( 4.93%)
Processed    40000/  243001 entries, 16.46% (elapsed time    15.3s, curr speed    3.069 kHz, avg speed    2.619 kHz), accepted     1963/   40001 events ( 4.91%)
Processed    50000/  243001 entries, 20.58% (elapsed time    18.4s, curr speed    3.240 kHz, avg speed    2.724 kHz), accepted     2440/   50001 events ( 4.88%)
Processed    60000/  243001 entries, 24.69% (elapsed time    21.2s, curr speed    3.490 kHz, avg speed    2.827 kHz), accepted     2942/   60001 events ( 4.90%)
Processed    70000/  243001 entries, 28.81% (elapsed time    24.3s, curr speed    3.259 kHz, avg speed    2.882 kHz), accepted     3426/   70001 events ( 4.89%)
Processed    80000/  243001 entries, 32.92% (elapsed time    27.9s, curr speed    2.800 kHz, avg speed    2.871 kHz), accepted     3916/   80001 events ( 4.89%)
Processed    90000/  243001 entries, 37.04% (elapsed time    33.1s, curr speed    1.911 kHz, avg speed    2.719 kHz), accepted     4378/   90001 events ( 4.86%)
Processed   100000/  243001 entries, 41.15% (elapsed time    36.2s, curr speed    3.220 kHz, avg speed    2.762 kHz), accepted     4847/  100001 events ( 4.85%)
Processed   110000/  243001 entries, 45.27% (elapsed time    39.5s, curr speed    3.043 kHz, avg speed    2.786 kHz), accepted     5364/  110001 events ( 4.88%)
Processed   120000/  243001 entries, 49.38% (elapsed time    42.3s, curr speed    3.558 kHz, avg speed    2.837 kHz), accepted     5863/  120001 events ( 4.89%)
Processed   130000/  243001 entries, 53.50% (elapsed time    45.0s, curr speed    3.638 kHz, avg speed    2.886 kHz), accepted     6359/  130001 events ( 4.89%)
Processed   140000/  243001 entries, 57.61% (elapsed time    49.0s, curr speed    2.554 kHz, avg speed    2.859 kHz), accepted     6889/  140001 events ( 4.92%)
Processed   150000/  243001 entries, 61.73% (elapsed time    52.5s, curr speed    2.787 kHz, avg speed    2.854 kHz), accepted     7388/  150001 events ( 4.93%)
Processed   160000/  243001 entries, 65.84% (elapsed time    56.2s, curr speed    2.743 kHz, avg speed    2.847 kHz), accepted     7856/  160001 events ( 4.91%)
Processed   170000/  243001 entries, 69.96% (elapsed time    60.1s, curr speed    2.564 kHz, avg speed    2.829 kHz), accepted     8336/  170001 events ( 4.90%)
Processed   180000/  243001 entries, 74.07% (elapsed time    63.7s, curr speed    2.754 kHz, avg speed    2.825 kHz), accepted     8804/  180001 events ( 4.89%)
Processed   190000/  243001 entries, 78.19% (elapsed time    68.0s, curr speed    2.340 kHz, avg speed    2.794 kHz), accepted     9261/  190001 events ( 4.87%)
Processed   200000/  243001 entries, 82.30% (elapsed time    71.6s, curr speed    2.769 kHz, avg speed    2.793 kHz), accepted     9761/  200001 events ( 4.88%)
Processed   210000/  243001 entries, 86.42% (elapsed time    74.7s, curr speed    3.200 kHz, avg speed    2.810 kHz), accepted    10248/  210001 events ( 4.88%)
Processed   220000/  243001 entries, 90.53% (elapsed time    78.1s, curr speed    2.950 kHz, avg speed    2.816 kHz), accepted    10801/  220001 events ( 4.91%)
Processed   230000/  243001 entries, 94.65% (elapsed time    81.6s, curr speed    2.846 kHz, avg speed    2.817 kHz), accepted    11321/  230001 events ( 4.92%)
Processed   240000/  243001 entries, 98.77% (elapsed time    85.0s, curr speed    2.985 kHz, avg speed    2.824 kHz), accepted    11844/  240001 events ( 4.93%)
Processed 243001 preselected entries from /eos/cms/store/group/phys_tau/TauFW/nano/UL2017/SingleElectron/Run2017C-UL2017_MiniAODv1_NanoAODv2-v1/NANOAOD/3B809EAC-9807-314F-B205-2F6FCDB46878_skimjec_0.root (243001 entries). Finally selected 11998 entries
Pre-select 243001 entries out of 243001 (100.00%)
Processed    10000/  243001 entries,  4.12% (elapsed time     4.1s, curr speed    2.446 kHz, avg speed    2.446 kHz), accepted      487/   10001 events ( 4.87%)
Processed    20000/  243001 entries,  8.23% (elapsed time     7.0s, curr speed    3.464 kHz, avg speed    2.867 kHz), accepted      995/   20001 events ( 4.97%)
Processed    30000/  243001 entries, 12.35% (elapsed time    10.4s, curr speed    2.946 kHz, avg speed    2.893 kHz), accepted     1517/   30001 events ( 5.06%)
Processed    40000/  243001 entries, 16.46% (elapsed time    13.3s, curr speed    3.416 kHz, avg speed    3.008 kHz), accepted     2007/   40001 events ( 5.02%)
Processed    50000/  243001 entries, 20.58% (elapsed time    17.7s, curr speed    2.248 kHz, avg speed    2.818 kHz), accepted     2602/   50001 events ( 5.20%)
Processed    60000/  243001 entries, 24.69% (elapsed time    21.3s, curr speed    2.840 kHz, avg speed    2.821 kHz), accepted     3221/   60001 events ( 5.37%)
Processed    70000/  243001 entries, 28.81% (elapsed time    25.3s, curr speed    2.495 kHz, avg speed    2.770 kHz), accepted     3836/   70001 events ( 5.48%)
Processed    80000/  243001 entries, 32.92% (elapsed time    28.7s, curr speed    2.905 kHz, avg speed    2.786 kHz), accepted     4408/   80001 events ( 5.51%)
Processed    90000/  243001 entries, 37.04% (elapsed time    32.2s, curr speed    2.834 kHz, avg speed    2.791 kHz), accepted     4909/   90001 events ( 5.45%)
Processed   100000/  243001 entries, 41.15% (elapsed time    35.4s, curr speed    3.212 kHz, avg speed    2.828 kHz), accepted     5401/  100001 events ( 5.40%)
Processed   110000/  243001 entries, 45.27% (elapsed time    38.7s, curr speed    2.949 kHz, avg speed    2.839 kHz), accepted     5880/  110001 events ( 5.35%)
Processed   120000/  243001 entries, 49.38% (elapsed time    41.8s, curr speed    3.324 kHz, avg speed    2.874 kHz), accepted     6352/  120001 events ( 5.29%)
Processed   130000/  243001 entries, 53.50% (elapsed time    45.4s, curr speed    2.726 kHz, avg speed    2.862 kHz), accepted     6835/  130001 events ( 5.26%)
Processed   140000/  243001 entries, 57.61% (elapsed time    49.0s, curr speed    2.766 kHz, avg speed    2.855 kHz), accepted     7325/  140001 events ( 5.23%)
Processed   150000/  243001 entries, 61.73% (elapsed time    52.0s, curr speed    3.420 kHz, avg speed    2.887 kHz), accepted     7822/  150001 events ( 5.21%)
Processed   160000/  243001 entries, 65.84% (elapsed time    55.3s, curr speed    3.026 kHz, avg speed    2.895 kHz), accepted     8343/  160001 events ( 5.21%)
Processed   170000/  243001 entries, 69.96% (elapsed time    58.4s, curr speed    3.206 kHz, avg speed    2.912 kHz), accepted     8873/  170001 events ( 5.22%)
Processed   180000/  243001 entries, 74.07% (elapsed time    60.9s, curr speed    3.949 kHz, avg speed    2.955 kHz), accepted     9379/  180001 events ( 5.21%)
Processed   190000/  243001 entries, 78.19% (elapsed time    64.1s, curr speed    3.153 kHz, avg speed    2.964 kHz), accepted     9878/  190001 events ( 5.20%)
Processed   200000/  243001 entries, 82.30% (elapsed time    66.8s, curr speed    3.732 kHz, avg speed    2.995 kHz), accepted    10387/  200001 events ( 5.19%)
Processed   210000/  243001 entries, 86.42% (elapsed time    69.6s, curr speed    3.499 kHz, avg speed    3.016 kHz), accepted    10875/  210001 events ( 5.18%)
Processed   220000/  243001 entries, 90.53% (elapsed time    72.5s, curr speed    3.463 kHz, avg speed    3.034 kHz), accepted    11352/  220001 events ( 5.16%)
Processed   230000/  243001 entries, 94.65% (elapsed time    75.5s, curr speed    3.314 kHz, avg speed    3.045 kHz), accepted    11802/  230001 events ( 5.13%)
Processed   240000/  243001 entries, 98.77% (elapsed time    78.3s, curr speed    3.650 kHz, avg speed    3.066 kHz), accepted    12286/  240001 events ( 5.12%)
Processed 243001 preselected entries from /eos/cms/store/group/phys_tau/TauFW/nano/UL2017/SingleElectron/Run2017C-UL2017_MiniAODv1_NanoAODv2-v1/NANOAOD/3B809EAC-9807-314F-B205-2F6FCDB46878_skimjec_1.root (243001 entries). Finally selected 12417 entries
Pre-select 243001 entries out of 243001 (100.00%)
Processed    10000/  243001 entries,  4.12% (elapsed time     5.1s, curr speed    1.944 kHz, avg speed    1.944 kHz), accepted      499/   10001 events ( 4.99%)
Processed    20000/  243001 entries,  8.23% (elapsed time     8.3s, curr speed    3.148 kHz, avg speed    2.404 kHz), accepted      991/   20001 events ( 4.95%)
Processed    30000/  243001 entries, 12.35% (elapsed time    11.2s, curr speed    3.526 kHz, avg speed    2.689 kHz), accepted     1410/   30001 events ( 4.70%)
Processed    40000/  243001 entries, 16.46% (elapsed time    13.8s, curr speed    3.836 kHz, avg speed    2.906 kHz), accepted     1841/   40001 events ( 4.60%)
Processed    50000/  243001 entries, 20.58% (elapsed time    16.3s, curr speed    3.959 kHz, avg speed    3.069 kHz), accepted     2262/   50001 events ( 4.52%)
Processed    60000/  243001 entries, 24.69% (elapsed time    19.4s, curr speed    3.234 kHz, avg speed    3.096 kHz), accepted     2736/   60001 events ( 4.56%)
Processed    70000/  243001 entries, 28.81% (elapsed time    22.8s, curr speed    2.909 kHz, avg speed    3.068 kHz), accepted     3199/   70001 events ( 4.57%)
Processed    80000/  243001 entries, 32.92% (elapsed time    25.6s, curr speed    3.637 kHz, avg speed    3.129 kHz), accepted     3708/   80001 events ( 4.63%)
Processed    90000/  243001 entries, 37.04% (elapsed time    28.7s, curr speed    3.213 kHz, avg speed    3.138 kHz), accepted     4174/   90001 events ( 4.64%)
Processed   100000/  243001 entries, 41.15% (elapsed time    31.6s, curr speed    3.483 kHz, avg speed    3.169 kHz), accepted     4652/  100001 events ( 4.65%)
Processed   110000/  243001 entries, 45.27% (elapsed time    34.6s, curr speed    3.299 kHz, avg speed    3.181 kHz), accepted     5139/  110001 events ( 4.67%)
Processed   120000/  243001 entries, 49.38% (elapsed time    37.8s, curr speed    3.111 kHz, avg speed    3.175 kHz), accepted     5586/  120001 events ( 4.65%)
Processed   130000/  243001 entries, 53.50% (elapsed time    40.9s, curr speed    3.248 kHz, avg speed    3.180 kHz), accepted     6074/  130001 events ( 4.67%)
Processed   140000/  243001 entries, 57.61% (elapsed time    44.1s, curr speed    3.145 kHz, avg speed    3.178 kHz), accepted     6564/  140001 events ( 4.69%)
Processed   150000/  243001 entries, 61.73% (elapsed time    47.0s, curr speed    3.366 kHz, avg speed    3.190 kHz), accepted     7033/  150001 events ( 4.69%)
Processed   160000/  243001 entries, 65.84% (elapsed time    49.9s, curr speed    3.536 kHz, avg speed    3.209 kHz), accepted     7556/  160001 events ( 4.72%)
Processed   170000/  243001 entries, 69.96% (elapsed time    53.1s, curr speed    3.075 kHz, avg speed    3.201 kHz), accepted     8049/  170001 events ( 4.73%)
Processed   180000/  243001 entries, 74.07% (elapsed time    56.3s, curr speed    3.158 kHz, avg speed    3.199 kHz), accepted     8503/  180001 events ( 4.72%)
Processed   190000/  243001 entries, 78.19% (elapsed time    59.7s, curr speed    2.949 kHz, avg speed    3.184 kHz), accepted     8978/  190001 events ( 4.73%)
Processed   200000/  243001 entries, 82.30% (elapsed time    63.2s, curr speed    2.865 kHz, avg speed    3.167 kHz), accepted     9443/  200001 events ( 4.72%)
Processed   210000/  243001 entries, 86.42% (elapsed time    66.8s, curr speed    2.714 kHz, avg speed    3.142 kHz), accepted     9963/  210001 events ( 4.74%)
Processed   220000/  243001 entries, 90.53% (elapsed time    69.7s, curr speed    3.561 kHz, avg speed    3.159 kHz), accepted    10437/  220001 events ( 4.74%)
Processed   230000/  243001 entries, 94.65% (elapsed time    72.4s, curr speed    3.584 kHz, avg speed    3.175 kHz), accepted    10928/  230001 events ( 4.75%)
Processed   240000/  243001 entries, 98.77% (elapsed time    75.5s, curr speed    3.222 kHz, avg speed    3.177 kHz), accepted    11435/  240001 events ( 4.76%)
Processed 243001 preselected entries from /eos/cms/store/group/phys_tau/TauFW/nano/UL2017/SingleElectron/Run2017C-UL2017_MiniAODv1_NanoAODv2-v1/NANOAOD/3B809EAC-9807-314F-B205-2F6FCDB46878_skimjec_2.root (243001 entries). Finally selected 11584 entries
Pre-select 239211 entries out of 239211 (100.00%)
Processed    10000/  239211 entries,  4.18% (elapsed time     4.6s, curr speed    2.179 kHz, avg speed    2.179 kHz), accepted      491/   10001 events ( 4.91%)
Processed    20000/  239211 entries,  8.36% (elapsed time     7.1s, curr speed    3.984 kHz, avg speed    2.817 kHz), accepted      982/   20001 events ( 4.91%)
Processed    30000/  239211 entries, 12.54% (elapsed time    10.2s, curr speed    3.251 kHz, avg speed    2.948 kHz), accepted     1436/   30001 events ( 4.79%)
Processed    40000/  239211 entries, 16.72% (elapsed time    13.1s, curr speed    3.378 kHz, avg speed    3.045 kHz), accepted     1927/   40001 events ( 4.82%)
Processed    50000/  239211 entries, 20.90% (elapsed time    16.4s, curr speed    3.039 kHz, avg speed    3.044 kHz), accepted     2414/   50001 events ( 4.83%)
Processed    60000/  239211 entries, 25.08% (elapsed time    19.5s, curr speed    3.293 kHz, avg speed    3.083 kHz), accepted     2902/   60001 events ( 4.84%)
Processed    70000/  239211 entries, 29.26% (elapsed time    22.4s, curr speed    3.463 kHz, avg speed    3.132 kHz), accepted     3387/   70001 events ( 4.84%)
Processed    80000/  239211 entries, 33.44% (elapsed time    25.3s, curr speed    3.356 kHz, avg speed    3.158 kHz), accepted     3872/   80001 events ( 4.84%)
Processed    90000/  239211 entries, 37.62% (elapsed time    28.2s, curr speed    3.464 kHz, avg speed    3.190 kHz), accepted     4361/   90001 events ( 4.85%)
Processed   100000/  239211 entries, 41.80% (elapsed time    31.2s, curr speed    3.368 kHz, avg speed    3.207 kHz), accepted     4863/  100001 events ( 4.86%)
Processed   110000/  239211 entries, 45.98% (elapsed time    34.3s, curr speed    3.213 kHz, avg speed    3.207 kHz), accepted     5376/  110001 events ( 4.89%)
Processed   120000/  239211 entries, 50.16% (elapsed time    37.4s, curr speed    3.208 kHz, avg speed    3.207 kHz), accepted     5855/  120001 events ( 4.88%)
Processed   130000/  239211 entries, 54.35% (elapsed time    40.8s, curr speed    2.917 kHz, avg speed    3.183 kHz), accepted     6362/  130001 events ( 4.89%)
Processed   140000/  239211 entries, 58.53% (elapsed time    43.7s, curr speed    3.442 kHz, avg speed    3.200 kHz), accepted     6845/  140001 events ( 4.89%)
Processed   150000/  239211 entries, 62.71% (elapsed time    46.5s, curr speed    3.646 kHz, avg speed    3.226 kHz), accepted     7295/  150001 events ( 4.86%)
Processed   160000/  239211 entries, 66.89% (elapsed time    49.3s, curr speed    3.551 kHz, avg speed    3.245 kHz), accepted     7779/  160001 events ( 4.86%)
Processed   170000/  239211 entries, 71.07% (elapsed time    52.5s, curr speed    3.150 kHz, avg speed    3.239 kHz), accepted     8282/  170001 events ( 4.87%)
Processed   180000/  239211 entries, 75.25% (elapsed time    55.5s, curr speed    3.312 kHz, avg speed    3.243 kHz), accepted     8789/  180001 events ( 4.88%)
Processed   190000/  239211 entries, 79.43% (elapsed time    58.2s, curr speed    3.758 kHz, avg speed    3.267 kHz), accepted     9286/  190001 events ( 4.89%)
Processed   200000/  239211 entries, 83.61% (elapsed time    61.1s, curr speed    3.462 kHz, avg speed    3.276 kHz), accepted     9736/  200001 events ( 4.87%)
Processed   210000/  239211 entries, 87.79% (elapsed time    64.3s, curr speed    3.069 kHz, avg speed    3.265 kHz), accepted    10208/  210001 events ( 4.86%)
Processed   220000/  239211 entries, 91.97% (elapsed time    67.3s, curr speed    3.317 kHz, avg speed    3.268 kHz), accepted    10719/  220001 events ( 4.87%)
Processed   230000/  239211 entries, 96.15% (elapsed time    70.5s, curr speed    3.195 kHz, avg speed    3.265 kHz), accepted    11183/  230001 events ( 4.86%)
Processed 239211 preselected entries from /eos/cms/store/group/phys_tau/TauFW/nano/UL2017/SingleElectron/Run2017C-UL2017_MiniAODv1_NanoAODv2-v1/NANOAOD/3B809EAC-9807-314F-B205-2F6FCDB46878_skimjec_3.root (239211 entries). Finally selected 11617 entries
Pre-select 231314 entries out of 231314 (100.00%)
Processed    10000/  231314 entries,  4.32% (elapsed time     4.8s, curr speed    2.077 kHz, avg speed    2.077 kHz), accepted      453/   10001 events ( 4.53%)
Processed    20000/  231314 entries,  8.65% (elapsed time     7.5s, curr speed    3.735 kHz, avg speed    2.670 kHz), accepted      964/   20001 events ( 4.82%)
Processed    30000/  231314 entries, 12.97% (elapsed time    11.1s, curr speed    2.747 kHz, avg speed    2.695 kHz), accepted     1465/   30001 events ( 4.88%)
Processed    40000/  231314 entries, 17.29% (elapsed time    14.1s, curr speed    3.322 kHz, avg speed    2.828 kHz), accepted     1972/   40001 events ( 4.93%)
Processed    50000/  231314 entries, 21.62% (elapsed time    17.8s, curr speed    2.700 kHz, avg speed    2.802 kHz), accepted     2491/   50001 events ( 4.98%)
Processed    60000/  231314 entries, 25.94% (elapsed time    21.1s, curr speed    3.086 kHz, avg speed    2.845 kHz), accepted     2975/   60001 events ( 4.96%)
Processed    70000/  231314 entries, 30.26% (elapsed time    23.9s, curr speed    3.591 kHz, avg speed    2.932 kHz), accepted     3478/   70001 events ( 4.97%)
Processed    80000/  231314 entries, 34.59% (elapsed time    26.7s, curr speed    3.483 kHz, avg speed    2.992 kHz), accepted     3953/   80001 events ( 4.94%)
Processed    90000/  231314 entries, 38.91% (elapsed time    29.9s, curr speed    3.190 kHz, avg speed    3.012 kHz), accepted     4458/   90001 events ( 4.95%)
Processed   100000/  231314 entries, 43.23% (elapsed time    33.2s, curr speed    3.041 kHz, avg speed    3.015 kHz), accepted     4976/  100001 events ( 4.98%)
Processed   110000/  231314 entries, 47.55% (elapsed time    36.6s, curr speed    2.872 kHz, avg speed    3.002 kHz), accepted     5512/  110001 events ( 5.01%)
Processed   120000/  231314 entries, 51.88% (elapsed time    39.9s, curr speed    3.061 kHz, avg speed    3.007 kHz), accepted     6007/  120001 events ( 5.01%)
Processed   130000/  231314 entries, 56.20% (elapsed time    43.4s, curr speed    2.853 kHz, avg speed    2.994 kHz), accepted     6493/  130001 events ( 4.99%)
Processed   140000/  231314 entries, 60.52% (elapsed time    46.4s, curr speed    3.327 kHz, avg speed    3.016 kHz), accepted     7011/  140001 events ( 5.01%)
Processed   150000/  231314 entries, 64.85% (elapsed time    49.8s, curr speed    2.921 kHz, avg speed    3.009 kHz), accepted     7517/  150001 events ( 5.01%)
Processed   160000/  231314 entries, 69.17% (elapsed time    53.0s, curr speed    3.217 kHz, avg speed    3.021 kHz), accepted     8002/  160001 events ( 5.00%)
Processed   170000/  231314 entries, 73.49% (elapsed time    56.1s, curr speed    3.183 kHz, avg speed    3.030 kHz), accepted     8467/  170001 events ( 4.98%)
Processed   180000/  231314 entries, 77.82% (elapsed time    59.1s, curr speed    3.377 kHz, avg speed    3.048 kHz), accepted     8910/  180001 events ( 4.95%)
Processed   190000/  231314 entries, 82.14% (elapsed time    61.8s, curr speed    3.628 kHz, avg speed    3.074 kHz), accepted     9411/  190001 events ( 4.95%)
Processed   200000/  231314 entries, 86.46% (elapsed time    65.3s, curr speed    2.891 kHz, avg speed    3.064 kHz), accepted     9926/  200001 events ( 4.96%)
Processed   210000/  231314 entries, 90.79% (elapsed time    68.7s, curr speed    2.879 kHz, avg speed    3.055 kHz), accepted    10490/  210001 events ( 5.00%)
Processed   220000/  231314 entries, 95.11% (elapsed time    71.7s, curr speed    3.344 kHz, avg speed    3.067 kHz), accepted    11032/  220001 events ( 5.01%)
Processed   230000/  231314 entries, 99.43% (elapsed time    75.0s, curr speed    3.058 kHz, avg speed    3.066 kHz), accepted    11556/  230001 events ( 5.02%)
Processed 231314 preselected entries from /eos/cms/store/group/phys_tau/TauFW/nano/UL2017/SingleElectron/Run2017C-UL2017_MiniAODv1_NanoAODv2-v1/NANOAOD/3B809EAC-9807-314F-B205-2F6FCDB46878_skimjec_4.root (231314 entries). Finally selected 11621 entries
Total time 444.7 sec. to process 1199528 events. Rate = 2697.5 Hz.
>>> cwd          = /pool/condor/dir_30359
>>> ls           = ['x509_voms', 'lvigilan.cc', 'tmp', 'var', '_condor_stdout', '.job.ad', 'condor_exec.exe', '.update.ad', 'pico_etau_EES0p99_29.root', '.chirp.config', '.machine.ad']
>>> getstorage('/eos/home-l/lvigilan/output_ETauFR_UL17_RUN1/UL2017/etau/SingleElectron_Run2017C'), <EOS("/eos/home-l/lvigilan/output_ETauFR_UL17_RUN1/UL2017/etau/SingleElectron_Run2017C") at 0x2b864e2c0ad0>
>>> Executing: 'cp ./pico_etau_EES0p99_29.root /eos/home-l/lvigilan/output_ETauFR_UL17_RUN1/UL2017/etau/SingleElectron_Run2017C'
>>> Removing './pico_etau_EES0p99_29.root'...
>>> picojob.py done after 468.8 seconds

Job complete at Mon Jun  7 23:12:32 CEST 2021
Took 7 minutes 52 seconds040 (2367897.029.000) 06/07 23:39:33 Finished transferring output files
...
005 (2367897.029.000) 06/07 23:39:33 Job terminated.
	(1) Normal termination (return value 0)
		Usr 0 00:06:19, Sys 0 00:00:19  -  Run Remote Usage
		Usr 0 00:00:00, Sys 0 00:00:00  -  Run Local Usage
		Usr 0 00:06:19, Sys 0 00:00:19  -  Total Remote Usage
		Usr 0 00:00:00, Sys 0 00:00:00  -  Total Local Usage
	34415  -  Run Bytes Sent By Job
	9898  -  Run Bytes Received By Job
	34415  -  Total Bytes Sent By Job
	9898  -  Total Bytes Received By Job
	Partitionable Resources :    Usage  Request Allocated 
	   Cpus                 :        0        1         1 
	   Disk (KB)            :     4216        1    353683 
	   Memory (MB)          :      195     2000      2000 

	Job terminated of its own accord at 2021-06-07T21:12:32Z.
...
