Could not find platform independent libraries <prefix>
Could not find platform dependent libraries <exec_prefix>
Consider setting $PYTHONHOME to <prefix>[:<exec_prefix>]
ImportError: No module named site
Job start at Tue Jun  8 10:15:36 CEST 2021
Running job on machine Linux b7g23n4430.cern.ch 3.10.0-1160.24.1.el7.x86_64 #1 SMP Thu Apr 8 19:51:47 UTC 2021 x86_64 x86_64 x86_64 GNU/Linux, host b7g23n4430.cern.ch
============================================================
$PWD=/pool/condor/dir_21957
$JOBID=2368955
$TASKID=13
$HOSTNAME=b7g23n4430.cern.ch
$TASKCMD=/afs/cern.ch/work/l/lvigilan/TauWork/CMSSW_10_6_17_patch1/src/TauFW/PicoProducer/python/processors/picojob.py -y UL2017 -d 'data' -c etau -M ETauFakeRate.ModuleETau --copydir /eos/home-l/lvigilan/output_ETauFR_UL17_RUN1/UL2017/etau/SingleElectron_Run2017C -t _etau_EES1p01_13 --opt 'ees=1.01' 'useT1=False' -i /eos/cms/store/group/phys_tau/TauFW/nano/UL2017/SingleElectron/Run2017C-UL2017_MiniAODv1_NanoAODv2-v1/NANOAOD/13EE3B7A-21B1-E345-8B5E-E01048EBB6C5_skimjec_3.root /eos/cms/store/group/phys_tau/TauFW/nano/UL2017/SingleElectron/Run2017C-UL2017_MiniAODv1_NanoAODv2-v1/NANOAOD/13EE3B7A-21B1-E345-8B5E-E01048EBB6C5_skimjec_4.root /eos/cms/store/group/phys_tau/TauFW/nano/UL2017/SingleElectron/Run2017C-UL2017_MiniAODv1_NanoAODv2-v1/NANOAOD/13EE3B7A-21B1-E345-8B5E-E01048EBB6C5_skimjec_5.root /eos/cms/store/group/phys_tau/TauFW/nano/UL2017/SingleElectron/Run2017C-UL2017_MiniAODv1_NanoAODv2-v1/NANOAOD/13EE3B7A-21B1-E345-8B5E-E01048EBB6C5_skimjec_6.root /eos/cms/store/group/phys_tau/TauFW/nano/UL2017/SingleElectron/Run2017C-UL2017_MiniAODv1_NanoAODv2-v1/NANOAOD/13EE3B7A-21B1-E345-8B5E-E01048EBB6C5_skimjec_7.root
$WORKDIR=/pool/condor/dir_21957
>>> cd /afs/cern.ch/work/l/lvigilan/TauWork/CMSSW_10_6_17_patch1/src
>>> eval `scramv1 runtime -sh`
>>> cd /pool/condor/dir_21957
$PWD=/pool/condor/dir_21957
>>> /afs/cern.ch/work/l/lvigilan/TauWork/CMSSW_10_6_17_patch1/src/TauFW/PicoProducer/python/processors/picojob.py -y UL2017 -d 'data' -c etau -M ETauFakeRate.ModuleETau --copydir /eos/home-l/lvigilan/output_ETauFR_UL17_RUN1/UL2017/etau/SingleElectron_Run2017C -t _etau_EES1p01_13 --opt 'ees=1.01' 'useT1=False' -i /eos/cms/store/group/phys_tau/TauFW/nano/UL2017/SingleElectron/Run2017C-UL2017_MiniAODv1_NanoAODv2-v1/NANOAOD/13EE3B7A-21B1-E345-8B5E-E01048EBB6C5_skimjec_3.root /eos/cms/store/group/phys_tau/TauFW/nano/UL2017/SingleElectron/Run2017C-UL2017_MiniAODv1_NanoAODv2-v1/NANOAOD/13EE3B7A-21B1-E345-8B5E-E01048EBB6C5_skimjec_4.root /eos/cms/store/group/phys_tau/TauFW/nano/UL2017/SingleElectron/Run2017C-UL2017_MiniAODv1_NanoAODv2-v1/NANOAOD/13EE3B7A-21B1-E345-8B5E-E01048EBB6C5_skimjec_5.root /eos/cms/store/group/phys_tau/TauFW/nano/UL2017/SingleElectron/Run2017C-UL2017_MiniAODv1_NanoAODv2-v1/NANOAOD/13EE3B7A-21B1-E345-8B5E-E01048EBB6C5_skimjec_6.root /eos/cms/store/group/phys_tau/TauFW/nano/UL2017/SingleElectron/Run2017C-UL2017_MiniAODv1_NanoAODv2-v1/NANOAOD/13EE3B7A-21B1-E345-8B5E-E01048EBB6C5_skimjec_7.root
Error in <TGClient::TGClient>: can't open display "localhost:21.0", switching to batch mode...
 In case you run from a remote ssh session, reconnect with ssh -Y
--------------------------------------------------------------------------------
>>> era          = 'UL2017'
>>> year         = 2017
>>> channel      = 'etau'
>>> modname      = 'ETauFakeRate.ModuleETau'
>>> dtype        = 'data'
>>> kwargs       = {'dtype': 'data', 'ees': 1.01, 'useT1': False, 'verb': 0, 'era': 'UL2017', 'year': 2017}
>>> firstevt     = 0
>>> maxevts      = None
>>> outdir       = '.'
>>> copydir      = '/eos/home-l/lvigilan/output_ETauFR_UL17_RUN1/UL2017/etau/SingleElectron_Run2017C'
>>> infiles      = ['/eos/cms/store/group/phys_tau/TauFW/nano/UL2017/SingleElectron/Run2017C-UL2017_MiniAODv1_NanoAODv2-v1/NANOAOD/13EE3B7A-21B1-E345-8B5E-E01048EBB6C5_skimjec_3.root', '/eos/cms/store/group/phys_tau/TauFW/nano/UL2017/SingleElectron/Run2017C-UL2017_MiniAODv1_NanoAODv2-v1/NANOAOD/13EE3B7A-21B1-E345-8B5E-E01048EBB6C5_skimjec_4.root', '/eos/cms/store/group/phys_tau/TauFW/nano/UL2017/SingleElectron/Run2017C-UL2017_MiniAODv1_NanoAODv2-v1/NANOAOD/13EE3B7A-21B1-E345-8B5E-E01048EBB6C5_skimjec_5.root', '/eos/cms/store/group/phys_tau/TauFW/nano/UL2017/SingleElectron/Run2017C-UL2017_MiniAODv1_NanoAODv2-v1/NANOAOD/13EE3B7A-21B1-E345-8B5E-E01048EBB6C5_skimjec_6.root', '/eos/cms/store/group/phys_tau/TauFW/nano/UL2017/SingleElectron/Run2017C-UL2017_MiniAODv1_NanoAODv2-v1/NANOAOD/13EE3B7A-21B1-E345-8B5E-E01048EBB6C5_skimjec_7.root']
>>> outfname     = './pico_etau_EES1p01_13.root'
>>> branchsel    = '/afs/cern.ch/work/l/lvigilan/TauWork/CMSSW_10_6_17_patch1/python/TauFW/PicoProducer/processors/keep_and_drop_skim.txt'
>>> json         = '/afs/cern.ch/work/l/lvigilan/TauWork/CMSSW_10_6_17_patch1/src/TauFW/PicoProducer/data/json/2017/Cert_294927-306462_13TeV_PromptReco_Collisions17_JSON.txt'
>>> prefetch     = False
>>> cwd          = /pool/condor/dir_21957
--------------------------------------------------------------------------------

   ################
   #  ModuleETau  #
   ################

Loading TreeProducerETau for './pico_etau_EES1p01_13.root'
--------------------------------------------------------------------------------
>>> filename     = './pico_etau_EES1p01_13.root'
>>> year         = 2017
>>> dtype        = 'data'
>>> channel      = 'etau'
>>> ismc         = False
>>> isdata       = True
>>> isembed      = False
>>> tes          = None
>>> tessys       = None
>>> fes          = None
>>> ltf          = None
>>> jtf          = 1.0
>>> dotoppt      = False
>>> dozpt        = False
>>> dojec        = False
>>> dojecsys     = False
>>> dotight      = False
>>> useT1        = False
>>> jetCutPt     = 30
>>> bjetCutEta   = 2.7
>>> tauwp        = 0
>>> eleCutPt     = 36
>>> eleCutEta    = 2.1
>>> tauCutPt     = 20
>>> tauCutEta    = 2.3
>>> ZpeekReso    = 0.0
Pre-select 145529 entries out of 145529 (100.00%)
Processed    10000/  145529 entries,  6.87% (elapsed time     5.2s, curr speed    1.936 kHz, avg speed    1.936 kHz), accepted      510/   10001 events ( 5.10%)
Processed    20000/  145529 entries, 13.74% (elapsed time     8.3s, curr speed    3.189 kHz, avg speed    2.410 kHz), accepted      977/   20001 events ( 4.88%)
Processed    30000/  145529 entries, 20.61% (elapsed time    10.9s, curr speed    3.891 kHz, avg speed    2.760 kHz), accepted     1459/   30001 events ( 4.86%)
Processed    40000/  145529 entries, 27.49% (elapsed time    14.0s, curr speed    3.179 kHz, avg speed    2.854 kHz), accepted     1966/   40001 events ( 4.91%)
Processed    50000/  145529 entries, 34.36% (elapsed time    17.0s, curr speed    3.297 kHz, avg speed    2.933 kHz), accepted     2475/   50001 events ( 4.95%)
Processed    60000/  145529 entries, 41.23% (elapsed time    19.8s, curr speed    3.696 kHz, avg speed    3.037 kHz), accepted     2963/   60001 events ( 4.94%)
Processed    70000/  145529 entries, 48.10% (elapsed time    22.6s, curr speed    3.524 kHz, avg speed    3.098 kHz), accepted     3471/   70001 events ( 4.96%)
Processed    80000/  145529 entries, 54.97% (elapsed time    25.4s, curr speed    3.546 kHz, avg speed    3.148 kHz), accepted     3935/   80001 events ( 4.92%)
Processed    90000/  145529 entries, 61.84% (elapsed time    27.9s, curr speed    4.046 kHz, avg speed    3.228 kHz), accepted     4434/   90001 events ( 4.93%)
Processed   100000/  145529 entries, 68.71% (elapsed time    30.6s, curr speed    3.724 kHz, avg speed    3.271 kHz), accepted     4914/  100001 events ( 4.91%)
Processed   110000/  145529 entries, 75.59% (elapsed time    33.6s, curr speed    3.306 kHz, avg speed    3.274 kHz), accepted     5381/  110001 events ( 4.89%)
Processed   120000/  145529 entries, 82.46% (elapsed time    36.8s, curr speed    3.155 kHz, avg speed    3.264 kHz), accepted     5884/  120001 events ( 4.90%)
Processed   130000/  145529 entries, 89.33% (elapsed time    39.7s, curr speed    3.402 kHz, avg speed    3.274 kHz), accepted     6362/  130001 events ( 4.89%)
Processed   140000/  145529 entries, 96.20% (elapsed time    42.2s, curr speed    3.927 kHz, avg speed    3.314 kHz), accepted     6812/  140001 events ( 4.87%)
Processed 145529 preselected entries from /eos/cms/store/group/phys_tau/TauFW/nano/UL2017/SingleElectron/Run2017C-UL2017_MiniAODv1_NanoAODv2-v1/NANOAOD/13EE3B7A-21B1-E345-8B5E-E01048EBB6C5_skimjec_3.root (145529 entries). Finally selected 7038 entries
Pre-select 234964 entries out of 234964 (100.00%)
Processed    10000/  234964 entries,  4.26% (elapsed time     4.9s, curr speed    2.051 kHz, avg speed    2.051 kHz), accepted      426/   10001 events ( 4.26%)
Processed    20000/  234964 entries,  8.51% (elapsed time     7.8s, curr speed    3.418 kHz, avg speed    2.564 kHz), accepted      815/   20001 events ( 4.07%)
Processed    30000/  234964 entries, 12.77% (elapsed time    10.5s, curr speed    3.721 kHz, avg speed    2.861 kHz), accepted     1234/   30001 events ( 4.11%)
Processed    40000/  234964 entries, 17.02% (elapsed time    14.7s, curr speed    2.354 kHz, avg speed    2.715 kHz), accepted     1646/   40001 events ( 4.11%)
Processed    50000/  234964 entries, 21.28% (elapsed time    18.7s, curr speed    2.535 kHz, avg speed    2.677 kHz), accepted     2084/   50001 events ( 4.17%)
Processed    60000/  234964 entries, 25.54% (elapsed time    21.6s, curr speed    3.366 kHz, avg speed    2.771 kHz), accepted     2533/   60001 events ( 4.22%)
Processed    70000/  234964 entries, 29.79% (elapsed time    24.8s, curr speed    3.185 kHz, avg speed    2.824 kHz), accepted     2982/   70001 events ( 4.26%)
Processed    80000/  234964 entries, 34.05% (elapsed time    28.5s, curr speed    2.722 kHz, avg speed    2.811 kHz), accepted     3424/   80001 events ( 4.28%)
Processed    90000/  234964 entries, 38.30% (elapsed time    31.4s, curr speed    3.462 kHz, avg speed    2.871 kHz), accepted     3868/   90001 events ( 4.30%)
Processed   100000/  234964 entries, 42.56% (elapsed time    34.2s, curr speed    3.474 kHz, avg speed    2.921 kHz), accepted     4280/  100001 events ( 4.28%)
Processed   110000/  234964 entries, 46.82% (elapsed time    37.5s, curr speed    3.013 kHz, avg speed    2.930 kHz), accepted     4726/  110001 events ( 4.30%)
Processed   120000/  234964 entries, 51.07% (elapsed time    40.3s, curr speed    3.585 kHz, avg speed    2.975 kHz), accepted     5143/  120001 events ( 4.29%)
Processed   130000/  234964 entries, 55.33% (elapsed time    44.2s, curr speed    2.610 kHz, avg speed    2.943 kHz), accepted     5597/  130001 events ( 4.31%)
Processed   140000/  234964 entries, 59.58% (elapsed time    47.5s, curr speed    3.026 kHz, avg speed    2.949 kHz), accepted     6057/  140001 events ( 4.33%)
Processed   150000/  234964 entries, 63.84% (elapsed time    50.6s, curr speed    3.207 kHz, avg speed    2.965 kHz), accepted     6523/  150001 events ( 4.35%)
Processed   160000/  234964 entries, 68.10% (elapsed time    53.7s, curr speed    3.175 kHz, avg speed    2.977 kHz), accepted     6951/  160001 events ( 4.34%)
Processed   170000/  234964 entries, 72.35% (elapsed time    56.2s, curr speed    4.145 kHz, avg speed    3.027 kHz), accepted     7394/  170001 events ( 4.35%)
Processed   180000/  234964 entries, 76.61% (elapsed time    59.0s, curr speed    3.532 kHz, avg speed    3.052 kHz), accepted     7864/  180001 events ( 4.37%)
Processed   190000/  234964 entries, 80.86% (elapsed time    61.8s, curr speed    3.610 kHz, avg speed    3.077 kHz), accepted     8286/  190001 events ( 4.36%)
Processed   200000/  234964 entries, 85.12% (elapsed time    64.6s, curr speed    3.476 kHz, avg speed    3.094 kHz), accepted     8722/  200001 events ( 4.36%)
Processed   210000/  234964 entries, 89.38% (elapsed time    67.3s, curr speed    3.729 kHz, avg speed    3.120 kHz), accepted     9159/  210001 events ( 4.36%)
Processed   220000/  234964 entries, 93.63% (elapsed time    69.7s, curr speed    4.134 kHz, avg speed    3.155 kHz), accepted     9588/  220001 events ( 4.36%)
Processed   230000/  234964 entries, 97.89% (elapsed time    72.3s, curr speed    3.887 kHz, avg speed    3.181 kHz), accepted    10056/  230001 events ( 4.37%)
Processed 234964 preselected entries from /eos/cms/store/group/phys_tau/TauFW/nano/UL2017/SingleElectron/Run2017C-UL2017_MiniAODv1_NanoAODv2-v1/NANOAOD/13EE3B7A-21B1-E345-8B5E-E01048EBB6C5_skimjec_4.root (234964 entries). Finally selected 10286 entries
Pre-select 233022 entries out of 233022 (100.00%)
Processed    10000/  233022 entries,  4.29% (elapsed time     4.6s, curr speed    2.157 kHz, avg speed    2.157 kHz), accepted      484/   10001 events ( 4.84%)
Processed    20000/  233022 entries,  8.58% (elapsed time     7.8s, curr speed    3.166 kHz, avg speed    2.566 kHz), accepted      981/   20001 events ( 4.90%)
Processed    30000/  233022 entries, 12.87% (elapsed time    10.3s, curr speed    3.925 kHz, avg speed    2.901 kHz), accepted     1456/   30001 events ( 4.85%)
Processed    40000/  233022 entries, 17.17% (elapsed time    13.4s, curr speed    3.324 kHz, avg speed    2.996 kHz), accepted     1966/   40001 events ( 4.91%)
Processed    50000/  233022 entries, 21.46% (elapsed time    16.3s, curr speed    3.351 kHz, avg speed    3.061 kHz), accepted     2442/   50001 events ( 4.88%)
Processed    60000/  233022 entries, 25.75% (elapsed time    19.0s, curr speed    3.798 kHz, avg speed    3.163 kHz), accepted     2906/   60001 events ( 4.84%)
Processed    70000/  233022 entries, 30.04% (elapsed time    22.6s, curr speed    2.772 kHz, avg speed    3.101 kHz), accepted     3388/   70001 events ( 4.84%)
Processed    80000/  233022 entries, 34.33% (elapsed time    25.3s, curr speed    3.639 kHz, avg speed    3.159 kHz), accepted     3838/   80001 events ( 4.80%)
Processed    90000/  233022 entries, 38.62% (elapsed time    28.0s, curr speed    3.689 kHz, avg speed    3.210 kHz), accepted     4306/   90001 events ( 4.78%)
Processed   100000/  233022 entries, 42.91% (elapsed time    31.8s, curr speed    2.684 kHz, avg speed    3.149 kHz), accepted     4820/  100001 events ( 4.82%)
Processed   110000/  233022 entries, 47.21% (elapsed time    34.9s, curr speed    3.152 kHz, avg speed    3.149 kHz), accepted     5346/  110001 events ( 4.86%)
Processed   120000/  233022 entries, 51.50% (elapsed time    37.8s, curr speed    3.428 kHz, avg speed    3.170 kHz), accepted     5839/  120001 events ( 4.87%)
Processed   130000/  233022 entries, 55.79% (elapsed time    40.9s, curr speed    3.333 kHz, avg speed    3.182 kHz), accepted     6311/  130001 events ( 4.85%)
Processed   140000/  233022 entries, 60.08% (elapsed time    44.5s, curr speed    2.737 kHz, avg speed    3.146 kHz), accepted     6821/  140001 events ( 4.87%)
Processed   150000/  233022 entries, 64.37% (elapsed time    46.9s, curr speed    4.172 kHz, avg speed    3.198 kHz), accepted     7282/  150001 events ( 4.85%)
Processed   160000/  233022 entries, 68.66% (elapsed time    49.4s, curr speed    4.069 kHz, avg speed    3.242 kHz), accepted     7773/  160001 events ( 4.86%)
Processed   170000/  233022 entries, 72.95% (elapsed time    51.9s, curr speed    3.990 kHz, avg speed    3.278 kHz), accepted     8277/  170001 events ( 4.87%)
Processed   180000/  233022 entries, 77.25% (elapsed time    54.6s, curr speed    3.706 kHz, avg speed    3.299 kHz), accepted     8787/  180001 events ( 4.88%)
Processed   190000/  233022 entries, 81.54% (elapsed time    57.9s, curr speed    3.013 kHz, avg speed    3.283 kHz), accepted     9292/  190001 events ( 4.89%)
Processed   200000/  233022 entries, 85.83% (elapsed time    60.6s, curr speed    3.695 kHz, avg speed    3.301 kHz), accepted     9763/  200001 events ( 4.88%)
Processed   210000/  233022 entries, 90.12% (elapsed time    63.8s, curr speed    3.161 kHz, avg speed    3.294 kHz), accepted    10305/  210001 events ( 4.91%)
Processed   220000/  233022 entries, 94.41% (elapsed time    67.2s, curr speed    2.900 kHz, avg speed    3.274 kHz), accepted    10803/  220001 events ( 4.91%)
Processed   230000/  233022 entries, 98.70% (elapsed time    70.1s, curr speed    3.462 kHz, avg speed    3.282 kHz), accepted    11333/  230001 events ( 4.93%)
Processed 233022 preselected entries from /eos/cms/store/group/phys_tau/TauFW/nano/UL2017/SingleElectron/Run2017C-UL2017_MiniAODv1_NanoAODv2-v1/NANOAOD/13EE3B7A-21B1-E345-8B5E-E01048EBB6C5_skimjec_5.root (233022 entries). Finally selected 11487 entries
Pre-select 162853 entries out of 162853 (100.00%)
Processed    10000/  162853 entries,  6.14% (elapsed time     4.4s, curr speed    2.292 kHz, avg speed    2.292 kHz), accepted      494/   10001 events ( 4.94%)
Processed    20000/  162853 entries, 12.28% (elapsed time     7.6s, curr speed    3.129 kHz, avg speed    2.646 kHz), accepted     1016/   20001 events ( 5.08%)
Processed    30000/  162853 entries, 18.42% (elapsed time     9.9s, curr speed    4.270 kHz, avg speed    3.030 kHz), accepted     1504/   30001 events ( 5.01%)
Processed    40000/  162853 entries, 24.56% (elapsed time    12.9s, curr speed    3.320 kHz, avg speed    3.098 kHz), accepted     2026/   40001 events ( 5.06%)
Processed    50000/  162853 entries, 30.70% (elapsed time    16.1s, curr speed    3.120 kHz, avg speed    3.102 kHz), accepted     2577/   50001 events ( 5.15%)
Processed    60000/  162853 entries, 36.84% (elapsed time    18.9s, curr speed    3.622 kHz, avg speed    3.178 kHz), accepted     3049/   60001 events ( 5.08%)
Processed    70000/  162853 entries, 42.98% (elapsed time    21.8s, curr speed    3.449 kHz, avg speed    3.214 kHz), accepted     3536/   70001 events ( 5.05%)
Processed    80000/  162853 entries, 49.12% (elapsed time    24.9s, curr speed    3.181 kHz, avg speed    3.210 kHz), accepted     4024/   80001 events ( 5.03%)
Processed    90000/  162853 entries, 55.26% (elapsed time    27.8s, curr speed    3.466 kHz, avg speed    3.237 kHz), accepted     4460/   90001 events ( 4.96%)
Processed   100000/  162853 entries, 61.41% (elapsed time    30.1s, curr speed    4.335 kHz, avg speed    3.321 kHz), accepted     4870/  100001 events ( 4.87%)
Processed   110000/  162853 entries, 67.55% (elapsed time    32.9s, curr speed    3.640 kHz, avg speed    3.347 kHz), accepted     5293/  110001 events ( 4.81%)
Processed   120000/  162853 entries, 73.69% (elapsed time    35.4s, curr speed    3.909 kHz, avg speed    3.388 kHz), accepted     5754/  120001 events ( 4.79%)
Processed   130000/  162853 entries, 79.83% (elapsed time    38.6s, curr speed    3.166 kHz, avg speed    3.370 kHz), accepted     6194/  130001 events ( 4.76%)
Processed   140000/  162853 entries, 85.97% (elapsed time    41.5s, curr speed    3.400 kHz, avg speed    3.372 kHz), accepted     6623/  140001 events ( 4.73%)
Processed   150000/  162853 entries, 92.11% (elapsed time    44.6s, curr speed    3.196 kHz, avg speed    3.360 kHz), accepted     7074/  150001 events ( 4.72%)
Processed   160000/  162853 entries, 98.25% (elapsed time    47.7s, curr speed    3.279 kHz, avg speed    3.354 kHz), accepted     7578/  160001 events ( 4.74%)
Processed 162853 preselected entries from /eos/cms/store/group/phys_tau/TauFW/nano/UL2017/SingleElectron/Run2017C-UL2017_MiniAODv1_NanoAODv2-v1/NANOAOD/13EE3B7A-21B1-E345-8B5E-E01048EBB6C5_skimjec_6.root (162853 entries). Finally selected 7702 entries
Pre-select 234960 entries out of 234960 (100.00%)
Processed    10000/  234960 entries,  4.26% (elapsed time     4.3s, curr speed    2.329 kHz, avg speed    2.329 kHz), accepted      421/   10001 events ( 4.21%)
Processed    20000/  234960 entries,  8.51% (elapsed time     7.1s, curr speed    3.619 kHz, avg speed    2.834 kHz), accepted      851/   20001 events ( 4.25%)
Processed    30000/  234960 entries, 12.77% (elapsed time     9.6s, curr speed    3.989 kHz, avg speed    3.137 kHz), accepted     1304/   30001 events ( 4.35%)
Processed    40000/  234960 entries, 17.02% (elapsed time    12.6s, curr speed    3.240 kHz, avg speed    3.162 kHz), accepted     1742/   40001 events ( 4.35%)
Processed    50000/  234960 entries, 21.28% (elapsed time    16.1s, curr speed    2.920 kHz, avg speed    3.111 kHz), accepted     2201/   50001 events ( 4.40%)
Processed    60000/  234960 entries, 25.54% (elapsed time    19.2s, curr speed    3.212 kHz, avg speed    3.127 kHz), accepted     2656/   60001 events ( 4.43%)
Processed    70000/  234960 entries, 29.79% (elapsed time    21.8s, curr speed    3.762 kHz, avg speed    3.204 kHz), accepted     3086/   70001 events ( 4.41%)
Processed    80000/  234960 entries, 34.05% (elapsed time    24.9s, curr speed    3.303 kHz, avg speed    3.216 kHz), accepted     3513/   80001 events ( 4.39%)
Processed    90000/  234960 entries, 38.30% (elapsed time    27.7s, curr speed    3.504 kHz, avg speed    3.246 kHz), accepted     3968/   90001 events ( 4.41%)
Processed   100000/  234960 entries, 42.56% (elapsed time    30.4s, curr speed    3.719 kHz, avg speed    3.288 kHz), accepted     4388/  100001 events ( 4.39%)
Processed   110000/  234960 entries, 46.82% (elapsed time    33.4s, curr speed    3.359 kHz, avg speed    3.294 kHz), accepted     4811/  110001 events ( 4.37%)
Processed   120000/  234960 entries, 51.07% (elapsed time    36.0s, curr speed    3.893 kHz, avg speed    3.337 kHz), accepted     5232/  120001 events ( 4.36%)
Processed   130000/  234960 entries, 55.33% (elapsed time    39.0s, curr speed    3.308 kHz, avg speed    3.335 kHz), accepted     5727/  130001 events ( 4.41%)
Processed   140000/  234960 entries, 59.58% (elapsed time    42.3s, curr speed    2.990 kHz, avg speed    3.307 kHz), accepted     6201/  140001 events ( 4.43%)
Processed   150000/  234960 entries, 63.84% (elapsed time    45.3s, curr speed    3.318 kHz, avg speed    3.308 kHz), accepted     6652/  150001 events ( 4.43%)
Processed   160000/  234960 entries, 68.10% (elapsed time    47.9s, curr speed    3.846 kHz, avg speed    3.337 kHz), accepted     7123/  160001 events ( 4.45%)
Processed   170000/  234960 entries, 72.35% (elapsed time    50.7s, curr speed    3.631 kHz, avg speed    3.353 kHz), accepted     7609/  170001 events ( 4.48%)
Processed   180000/  234960 entries, 76.61% (elapsed time    53.6s, curr speed    3.417 kHz, avg speed    3.357 kHz), accepted     8075/  180001 events ( 4.49%)
Processed   190000/  234960 entries, 80.86% (elapsed time    56.4s, curr speed    3.636 kHz, avg speed    3.370 kHz), accepted     8551/  190001 events ( 4.50%)
Processed   200000/  234960 entries, 85.12% (elapsed time    59.1s, curr speed    3.679 kHz, avg speed    3.385 kHz), accepted     9030/  200001 events ( 4.51%)
Processed   210000/  234960 entries, 89.38% (elapsed time    61.8s, curr speed    3.665 kHz, avg speed    3.397 kHz), accepted     9492/  210001 events ( 4.52%)
Processed   220000/  234960 entries, 93.63% (elapsed time    64.3s, curr speed    3.963 kHz, avg speed    3.419 kHz), accepted     9929/  220001 events ( 4.51%)
Processed   230000/  234960 entries, 97.89% (elapsed time    67.2s, curr speed    3.519 kHz, avg speed    3.423 kHz), accepted    10392/  230001 events ( 4.52%)
Processed 234960 preselected entries from /eos/cms/store/group/phys_tau/TauFW/nano/UL2017/SingleElectron/Run2017C-UL2017_MiniAODv1_NanoAODv2-v1/NANOAOD/13EE3B7A-21B1-E345-8B5E-E01048EBB6C5_skimjec_7.root (234960 entries). Finally selected 10634 entries
Total time 348.9 sec. to process 1011328 events. Rate = 2898.7 Hz.
>>> cwd          = /pool/condor/dir_21957
>>> ls           = ['pico_etau_EES1p01_13.root', 'x509_voms', 'var', 'condor_exec.exe', '.chirp.config', 'tmp', '.machine.ad', 'lvigilan.cc', '_condor_stdout', '.job.ad', '.update.ad']
>>> getstorage('/eos/home-l/lvigilan/output_ETauFR_UL17_RUN1/UL2017/etau/SingleElectron_Run2017C'), <EOS("/eos/home-l/lvigilan/output_ETauFR_UL17_RUN1/UL2017/etau/SingleElectron_Run2017C") at 0x2b30dc323a10>
>>> Executing: 'cp ./pico_etau_EES1p01_13.root /eos/home-l/lvigilan/output_ETauFR_UL17_RUN1/UL2017/etau/SingleElectron_Run2017C'
>>> Removing './pico_etau_EES1p01_13.root'...
>>> picojob.py done after 355.1 seconds

Job complete at Tue Jun  8 10:21:32 CEST 2021
Took 5 minutes 56 seconds040 (2368955.013.000) 06/08 10:21:33 Finished transferring output files
...
005 (2368955.013.000) 06/08 10:21:35 Job terminated.
	(1) Normal termination (return value 0)
		Usr 0 00:04:58, Sys 0 00:00:15  -  Run Remote Usage
		Usr 0 00:00:00, Sys 0 00:00:00  -  Run Local Usage
		Usr 0 00:04:58, Sys 0 00:00:15  -  Total Remote Usage
		Usr 0 00:00:00, Sys 0 00:00:00  -  Total Local Usage
	31354  -  Run Bytes Sent By Job
	9926  -  Run Bytes Received By Job
	31354  -  Total Bytes Sent By Job
	9926  -  Total Bytes Received By Job
	Partitionable Resources :    Usage  Request Allocated 
	   Cpus                 :     0.91        1         1 
	   Disk (KB)            :  4227           1    335648 
	   Memory (MB)          :   200        2000      2000 

	Job terminated of its own accord at 2021-06-08T08:21:32Z.
...
