Could not find platform independent libraries <prefix>
Could not find platform dependent libraries <exec_prefix>
Consider setting $PYTHONHOME to <prefix>[:<exec_prefix>]
ImportError: No module named site
Job start at Tue Jun  8 10:15:32 CEST 2021
Running job on machine Linux b7s11n5511.cern.ch 3.10.0-1160.21.1.el7.x86_64 #1 SMP Tue Mar 16 18:28:22 UTC 2021 x86_64 x86_64 x86_64 GNU/Linux, host b7s11n5511.cern.ch
============================================================
$PWD=/pool/condor/dir_27096
$JOBID=2368955
$TASKID=1
$HOSTNAME=b7s11n5511.cern.ch
$TASKCMD=/afs/cern.ch/work/l/lvigilan/TauWork/CMSSW_10_6_17_patch1/src/TauFW/PicoProducer/python/processors/picojob.py -y UL2017 -d 'data' -c etau -M ETauFakeRate.ModuleETau --copydir /eos/home-l/lvigilan/output_ETauFR_UL17_RUN1/UL2017/etau/SingleElectron_Run2017C -t _etau_EES1p01_1 --opt 'ees=1.01' 'useT1=False' -i /eos/cms/store/group/phys_tau/TauFW/nano/UL2017/SingleElectron/Run2017C-UL2017_MiniAODv1_NanoAODv2-v1/NANOAOD/008D5BE5-396E-B24B-99EC-BF23492BFA7B_skimjec_5.root /eos/cms/store/group/phys_tau/TauFW/nano/UL2017/SingleElectron/Run2017C-UL2017_MiniAODv1_NanoAODv2-v1/NANOAOD/03EAB348-857D-6347-A8F6-45D6B7A516CC_skimjec_0.root /eos/cms/store/group/phys_tau/TauFW/nano/UL2017/SingleElectron/Run2017C-UL2017_MiniAODv1_NanoAODv2-v1/NANOAOD/03EAB348-857D-6347-A8F6-45D6B7A516CC_skimjec_1.root /eos/cms/store/group/phys_tau/TauFW/nano/UL2017/SingleElectron/Run2017C-UL2017_MiniAODv1_NanoAODv2-v1/NANOAOD/03EAB348-857D-6347-A8F6-45D6B7A516CC_skimjec_2.root /eos/cms/store/group/phys_tau/TauFW/nano/UL2017/SingleElectron/Run2017C-UL2017_MiniAODv1_NanoAODv2-v1/NANOAOD/03EAB348-857D-6347-A8F6-45D6B7A516CC_skimjec_3.root
$WORKDIR=/pool/condor/dir_27096
>>> cd /afs/cern.ch/work/l/lvigilan/TauWork/CMSSW_10_6_17_patch1/src
>>> eval `scramv1 runtime -sh`
>>> cd /pool/condor/dir_27096
$PWD=/pool/condor/dir_27096
>>> /afs/cern.ch/work/l/lvigilan/TauWork/CMSSW_10_6_17_patch1/src/TauFW/PicoProducer/python/processors/picojob.py -y UL2017 -d 'data' -c etau -M ETauFakeRate.ModuleETau --copydir /eos/home-l/lvigilan/output_ETauFR_UL17_RUN1/UL2017/etau/SingleElectron_Run2017C -t _etau_EES1p01_1 --opt 'ees=1.01' 'useT1=False' -i /eos/cms/store/group/phys_tau/TauFW/nano/UL2017/SingleElectron/Run2017C-UL2017_MiniAODv1_NanoAODv2-v1/NANOAOD/008D5BE5-396E-B24B-99EC-BF23492BFA7B_skimjec_5.root /eos/cms/store/group/phys_tau/TauFW/nano/UL2017/SingleElectron/Run2017C-UL2017_MiniAODv1_NanoAODv2-v1/NANOAOD/03EAB348-857D-6347-A8F6-45D6B7A516CC_skimjec_0.root /eos/cms/store/group/phys_tau/TauFW/nano/UL2017/SingleElectron/Run2017C-UL2017_MiniAODv1_NanoAODv2-v1/NANOAOD/03EAB348-857D-6347-A8F6-45D6B7A516CC_skimjec_1.root /eos/cms/store/group/phys_tau/TauFW/nano/UL2017/SingleElectron/Run2017C-UL2017_MiniAODv1_NanoAODv2-v1/NANOAOD/03EAB348-857D-6347-A8F6-45D6B7A516CC_skimjec_2.root /eos/cms/store/group/phys_tau/TauFW/nano/UL2017/SingleElectron/Run2017C-UL2017_MiniAODv1_NanoAODv2-v1/NANOAOD/03EAB348-857D-6347-A8F6-45D6B7A516CC_skimjec_3.root
Error in <TGClient::TGClient>: can't open display "localhost:21.0", switching to batch mode...
 In case you run from a remote ssh session, reconnect with ssh -Y
--------------------------------------------------------------------------------
>>> era          = 'UL2017'
>>> year         = 2017
>>> channel      = 'etau'
>>> modname      = 'ETauFakeRate.ModuleETau'
>>> dtype        = 'data'
>>> kwargs       = {'dtype': 'data', 'ees': 1.01, 'useT1': False, 'verb': 0, 'era': 'UL2017', 'year': 2017}
>>> firstevt     = 0
>>> maxevts      = None
>>> outdir       = '.'
>>> copydir      = '/eos/home-l/lvigilan/output_ETauFR_UL17_RUN1/UL2017/etau/SingleElectron_Run2017C'
>>> infiles      = ['/eos/cms/store/group/phys_tau/TauFW/nano/UL2017/SingleElectron/Run2017C-UL2017_MiniAODv1_NanoAODv2-v1/NANOAOD/008D5BE5-396E-B24B-99EC-BF23492BFA7B_skimjec_5.root', '/eos/cms/store/group/phys_tau/TauFW/nano/UL2017/SingleElectron/Run2017C-UL2017_MiniAODv1_NanoAODv2-v1/NANOAOD/03EAB348-857D-6347-A8F6-45D6B7A516CC_skimjec_0.root', '/eos/cms/store/group/phys_tau/TauFW/nano/UL2017/SingleElectron/Run2017C-UL2017_MiniAODv1_NanoAODv2-v1/NANOAOD/03EAB348-857D-6347-A8F6-45D6B7A516CC_skimjec_1.root', '/eos/cms/store/group/phys_tau/TauFW/nano/UL2017/SingleElectron/Run2017C-UL2017_MiniAODv1_NanoAODv2-v1/NANOAOD/03EAB348-857D-6347-A8F6-45D6B7A516CC_skimjec_2.root', '/eos/cms/store/group/phys_tau/TauFW/nano/UL2017/SingleElectron/Run2017C-UL2017_MiniAODv1_NanoAODv2-v1/NANOAOD/03EAB348-857D-6347-A8F6-45D6B7A516CC_skimjec_3.root']
>>> outfname     = './pico_etau_EES1p01_1.root'
>>> branchsel    = '/afs/cern.ch/work/l/lvigilan/TauWork/CMSSW_10_6_17_patch1/python/TauFW/PicoProducer/processors/keep_and_drop_skim.txt'
>>> json         = '/afs/cern.ch/work/l/lvigilan/TauWork/CMSSW_10_6_17_patch1/src/TauFW/PicoProducer/data/json/2017/Cert_294927-306462_13TeV_PromptReco_Collisions17_JSON.txt'
>>> prefetch     = False
>>> cwd          = /pool/condor/dir_27096
--------------------------------------------------------------------------------

   ################
   #  ModuleETau  #
   ################

Loading TreeProducerETau for './pico_etau_EES1p01_1.root'
--------------------------------------------------------------------------------
>>> filename     = './pico_etau_EES1p01_1.root'
>>> year         = 2017
>>> dtype        = 'data'
>>> channel      = 'etau'
>>> ismc         = False
>>> isdata       = True
>>> isembed      = False
>>> tes          = None
>>> tessys       = None
>>> fes          = None
>>> ltf          = None
>>> jtf          = 1.0
>>> dotoppt      = False
>>> dozpt        = False
>>> dojec        = False
>>> dojecsys     = False
>>> dotight      = False
>>> useT1        = False
>>> jetCutPt     = 30
>>> bjetCutEta   = 2.7
>>> tauwp        = 0
>>> eleCutPt     = 36
>>> eleCutEta    = 2.1
>>> tauCutPt     = 20
>>> tauCutEta    = 2.3
>>> ZpeekReso    = 0.0
Pre-select 237057 entries out of 237057 (100.00%)
Processed    10000/  237057 entries,  4.22% (elapsed time     3.9s, curr speed    2.584 kHz, avg speed    2.584 kHz), accepted      447/   10001 events ( 4.47%)
Processed    20000/  237057 entries,  8.44% (elapsed time     6.4s, curr speed    4.002 kHz, avg speed    3.141 kHz), accepted      869/   20001 events ( 4.34%)
Processed    30000/  237057 entries, 12.66% (elapsed time     8.8s, curr speed    4.056 kHz, avg speed    3.396 kHz), accepted     1327/   30001 events ( 4.42%)
Processed    40000/  237057 entries, 16.87% (elapsed time    11.3s, curr speed    4.088 kHz, avg speed    3.546 kHz), accepted     1811/   40001 events ( 4.53%)
Processed    50000/  237057 entries, 21.09% (elapsed time    14.0s, curr speed    3.645 kHz, avg speed    3.565 kHz), accepted     2236/   50001 events ( 4.47%)
Processed    60000/  237057 entries, 25.31% (elapsed time    16.3s, curr speed    4.416 kHz, avg speed    3.684 kHz), accepted     2728/   60001 events ( 4.55%)
Processed    70000/  237057 entries, 29.53% (elapsed time    18.7s, curr speed    4.135 kHz, avg speed    3.742 kHz), accepted     3263/   70001 events ( 4.66%)
Processed    80000/  237057 entries, 33.75% (elapsed time    20.9s, curr speed    4.478 kHz, avg speed    3.820 kHz), accepted     3740/   80001 events ( 4.67%)
Processed    90000/  237057 entries, 37.97% (elapsed time    23.2s, curr speed    4.428 kHz, avg speed    3.880 kHz), accepted     4208/   90001 events ( 4.68%)
Processed   100000/  237057 entries, 42.18% (elapsed time    25.4s, curr speed    4.492 kHz, avg speed    3.933 kHz), accepted     4655/  100001 events ( 4.65%)
Processed   110000/  237057 entries, 46.40% (elapsed time    27.6s, curr speed    4.596 kHz, avg speed    3.986 kHz), accepted     5119/  110001 events ( 4.65%)
Processed   120000/  237057 entries, 50.62% (elapsed time    29.6s, curr speed    5.018 kHz, avg speed    4.055 kHz), accepted     5578/  120001 events ( 4.65%)
Processed   130000/  237057 entries, 54.84% (elapsed time    32.3s, curr speed    3.707 kHz, avg speed    4.026 kHz), accepted     6043/  130001 events ( 4.65%)
Processed   140000/  237057 entries, 59.06% (elapsed time    34.9s, curr speed    3.895 kHz, avg speed    4.016 kHz), accepted     6579/  140001 events ( 4.70%)
Processed   150000/  237057 entries, 63.28% (elapsed time    37.0s, curr speed    4.566 kHz, avg speed    4.049 kHz), accepted     7035/  150001 events ( 4.69%)
Processed   160000/  237057 entries, 67.49% (elapsed time    39.3s, curr speed    4.528 kHz, avg speed    4.076 kHz), accepted     7585/  160001 events ( 4.74%)
Processed   170000/  237057 entries, 71.71% (elapsed time    41.6s, curr speed    4.267 kHz, avg speed    4.087 kHz), accepted     8042/  170001 events ( 4.73%)
Processed   180000/  237057 entries, 75.93% (elapsed time    43.6s, curr speed    5.122 kHz, avg speed    4.133 kHz), accepted     8518/  180001 events ( 4.73%)
Processed   190000/  237057 entries, 80.15% (elapsed time    45.9s, curr speed    4.307 kHz, avg speed    4.142 kHz), accepted     8967/  190001 events ( 4.72%)
Processed   200000/  237057 entries, 84.37% (elapsed time    48.1s, curr speed    4.466 kHz, avg speed    4.157 kHz), accepted     9438/  200001 events ( 4.72%)
Processed   210000/  237057 entries, 88.59% (elapsed time    51.1s, curr speed    3.400 kHz, avg speed    4.113 kHz), accepted     9896/  210001 events ( 4.71%)
Processed   220000/  237057 entries, 92.80% (elapsed time    53.3s, curr speed    4.377 kHz, avg speed    4.125 kHz), accepted    10363/  220001 events ( 4.71%)
Processed   230000/  237057 entries, 97.02% (elapsed time    55.9s, curr speed    3.852 kHz, avg speed    4.112 kHz), accepted    10831/  230001 events ( 4.71%)
Processed 237057 preselected entries from /eos/cms/store/group/phys_tau/TauFW/nano/UL2017/SingleElectron/Run2017C-UL2017_MiniAODv1_NanoAODv2-v1/NANOAOD/008D5BE5-396E-B24B-99EC-BF23492BFA7B_skimjec_5.root (237057 entries). Finally selected 11163 entries
Pre-select 181061 entries out of 181061 (100.00%)
Processed    10000/  181061 entries,  5.52% (elapsed time     3.7s, curr speed    2.739 kHz, avg speed    2.739 kHz), accepted      522/   10001 events ( 5.22%)
Processed    20000/  181061 entries, 11.05% (elapsed time     5.7s, curr speed    4.810 kHz, avg speed    3.491 kHz), accepted      989/   20001 events ( 4.94%)
Processed    30000/  181061 entries, 16.57% (elapsed time     8.3s, curr speed    3.949 kHz, avg speed    3.631 kHz), accepted     1438/   30001 events ( 4.79%)
Processed    40000/  181061 entries, 22.09% (elapsed time    10.7s, curr speed    4.086 kHz, avg speed    3.735 kHz), accepted     1945/   40001 events ( 4.86%)
Processed    50000/  181061 entries, 27.62% (elapsed time    12.9s, curr speed    4.548 kHz, avg speed    3.874 kHz), accepted     2469/   50001 events ( 4.94%)
Processed    60000/  181061 entries, 33.14% (elapsed time    14.9s, curr speed    4.998 kHz, avg speed    4.025 kHz), accepted     2955/   60001 events ( 4.92%)
Processed    70000/  181061 entries, 38.66% (elapsed time    17.0s, curr speed    4.866 kHz, avg speed    4.127 kHz), accepted     3396/   70001 events ( 4.85%)
Processed    80000/  181061 entries, 44.18% (elapsed time    19.1s, curr speed    4.742 kHz, avg speed    4.195 kHz), accepted     3920/   80001 events ( 4.90%)
Processed    90000/  181061 entries, 49.71% (elapsed time    21.0s, curr speed    5.296 kHz, avg speed    4.294 kHz), accepted     4406/   90001 events ( 4.90%)
Processed   100000/  181061 entries, 55.23% (elapsed time    23.1s, curr speed    4.732 kHz, avg speed    4.334 kHz), accepted     4905/  100001 events ( 4.90%)
Processed   110000/  181061 entries, 60.75% (elapsed time    25.7s, curr speed    3.869 kHz, avg speed    4.287 kHz), accepted     5416/  110001 events ( 4.92%)
Processed   120000/  181061 entries, 66.28% (elapsed time    27.9s, curr speed    4.388 kHz, avg speed    4.295 kHz), accepted     5891/  120001 events ( 4.91%)
Processed   130000/  181061 entries, 71.80% (elapsed time    30.0s, curr speed    4.809 kHz, avg speed    4.331 kHz), accepted     6339/  130001 events ( 4.88%)
Processed   140000/  181061 entries, 77.32% (elapsed time    32.5s, curr speed    4.096 kHz, avg speed    4.313 kHz), accepted     6815/  140001 events ( 4.87%)
Processed   150000/  181061 entries, 82.85% (elapsed time    34.4s, curr speed    5.148 kHz, avg speed    4.360 kHz), accepted     7313/  150001 events ( 4.88%)
Processed   160000/  181061 entries, 88.37% (elapsed time    36.4s, curr speed    5.116 kHz, avg speed    4.401 kHz), accepted     7781/  160001 events ( 4.86%)
Processed   170000/  181061 entries, 93.89% (elapsed time    38.5s, curr speed    4.730 kHz, avg speed    4.419 kHz), accepted     8275/  170001 events ( 4.87%)
Processed   180000/  181061 entries, 99.41% (elapsed time    40.6s, curr speed    4.725 kHz, avg speed    4.435 kHz), accepted     8789/  180001 events ( 4.88%)
Processed 181061 preselected entries from /eos/cms/store/group/phys_tau/TauFW/nano/UL2017/SingleElectron/Run2017C-UL2017_MiniAODv1_NanoAODv2-v1/NANOAOD/03EAB348-857D-6347-A8F6-45D6B7A516CC_skimjec_0.root (181061 entries). Finally selected 8844 entries
Pre-select 224702 entries out of 224702 (100.00%)
Processed    10000/  224702 entries,  4.45% (elapsed time     3.4s, curr speed    2.966 kHz, avg speed    2.966 kHz), accepted      459/   10001 events ( 4.59%)
Processed    20000/  224702 entries,  8.90% (elapsed time     5.9s, curr speed    3.964 kHz, avg speed    3.393 kHz), accepted      932/   20001 events ( 4.66%)
Processed    30000/  224702 entries, 13.35% (elapsed time     8.3s, curr speed    4.140 kHz, avg speed    3.610 kHz), accepted     1468/   30001 events ( 4.89%)
Processed    40000/  224702 entries, 17.80% (elapsed time    10.9s, curr speed    3.904 kHz, avg speed    3.680 kHz), accepted     1992/   40001 events ( 4.98%)
Processed    50000/  224702 entries, 22.25% (elapsed time    13.2s, curr speed    4.296 kHz, avg speed    3.788 kHz), accepted     2462/   50001 events ( 4.92%)
Processed    60000/  224702 entries, 26.70% (elapsed time    15.6s, curr speed    4.102 kHz, avg speed    3.837 kHz), accepted     2961/   60001 events ( 4.93%)
Processed    70000/  224702 entries, 31.15% (elapsed time    17.9s, curr speed    4.332 kHz, avg speed    3.901 kHz), accepted     3462/   70001 events ( 4.95%)
Processed    80000/  224702 entries, 35.60% (elapsed time    20.5s, curr speed    3.979 kHz, avg speed    3.910 kHz), accepted     3952/   80001 events ( 4.94%)
Processed    90000/  224702 entries, 40.05% (elapsed time    22.5s, curr speed    4.844 kHz, avg speed    3.996 kHz), accepted     4476/   90001 events ( 4.97%)
Processed   100000/  224702 entries, 44.50% (elapsed time    25.2s, curr speed    3.731 kHz, avg speed    3.968 kHz), accepted     4988/  100001 events ( 4.99%)
Processed   110000/  224702 entries, 48.95% (elapsed time    27.3s, curr speed    4.782 kHz, avg speed    4.030 kHz), accepted     5475/  110001 events ( 4.98%)
Processed   120000/  224702 entries, 53.40% (elapsed time    29.6s, curr speed    4.342 kHz, avg speed    4.055 kHz), accepted     5986/  120001 events ( 4.99%)
Processed   130000/  224702 entries, 57.85% (elapsed time    31.9s, curr speed    4.420 kHz, avg speed    4.080 kHz), accepted     6463/  130001 events ( 4.97%)
Processed   140000/  224702 entries, 62.30% (elapsed time    34.4s, curr speed    3.975 kHz, avg speed    4.073 kHz), accepted     6919/  140001 events ( 4.94%)
Processed   150000/  224702 entries, 66.76% (elapsed time    36.9s, curr speed    3.966 kHz, avg speed    4.065 kHz), accepted     7443/  150001 events ( 4.96%)
Processed   160000/  224702 entries, 71.21% (elapsed time    39.0s, curr speed    4.803 kHz, avg speed    4.105 kHz), accepted     7948/  160001 events ( 4.97%)
Processed   170000/  224702 entries, 75.66% (elapsed time    41.5s, curr speed    4.025 kHz, avg speed    4.100 kHz), accepted     8442/  170001 events ( 4.97%)
Processed   180000/  224702 entries, 80.11% (elapsed time    43.9s, curr speed    4.143 kHz, avg speed    4.102 kHz), accepted     8918/  180001 events ( 4.95%)
Processed   190000/  224702 entries, 84.56% (elapsed time    46.2s, curr speed    4.307 kHz, avg speed    4.113 kHz), accepted     9436/  190001 events ( 4.97%)
Processed   200000/  224702 entries, 89.01% (elapsed time    48.4s, curr speed    4.527 kHz, avg speed    4.132 kHz), accepted     9973/  200001 events ( 4.99%)
Processed   210000/  224702 entries, 93.46% (elapsed time    50.9s, curr speed    3.959 kHz, avg speed    4.123 kHz), accepted    10469/  210001 events ( 4.99%)
Processed   220000/  224702 entries, 97.91% (elapsed time    53.3s, curr speed    4.251 kHz, avg speed    4.129 kHz), accepted    10945/  220001 events ( 4.97%)
Processed 224702 preselected entries from /eos/cms/store/group/phys_tau/TauFW/nano/UL2017/SingleElectron/Run2017C-UL2017_MiniAODv1_NanoAODv2-v1/NANOAOD/03EAB348-857D-6347-A8F6-45D6B7A516CC_skimjec_1.root (224702 entries). Finally selected 11164 entries
Pre-select 219861 entries out of 219861 (100.00%)
Processed    10000/  219861 entries,  4.55% (elapsed time     3.4s, curr speed    2.915 kHz, avg speed    2.915 kHz), accepted      507/   10001 events ( 5.07%)
Processed    20000/  219861 entries,  9.10% (elapsed time     5.9s, curr speed    3.970 kHz, avg speed    3.361 kHz), accepted      985/   20001 events ( 4.92%)
Processed    30000/  219861 entries, 13.64% (elapsed time     8.4s, curr speed    4.108 kHz, avg speed    3.578 kHz), accepted     1510/   30001 events ( 5.03%)
Processed    40000/  219861 entries, 18.19% (elapsed time    10.7s, curr speed    4.344 kHz, avg speed    3.743 kHz), accepted     2005/   40001 events ( 5.01%)
Processed    50000/  219861 entries, 22.74% (elapsed time    12.5s, curr speed    5.496 kHz, avg speed    3.998 kHz), accepted     2496/   50001 events ( 4.99%)
Processed    60000/  219861 entries, 27.29% (elapsed time    14.7s, curr speed    4.522 kHz, avg speed    4.077 kHz), accepted     3016/   60001 events ( 5.03%)
Processed    70000/  219861 entries, 31.84% (elapsed time    17.1s, curr speed    4.271 kHz, avg speed    4.103 kHz), accepted     3513/   70001 events ( 5.02%)
Processed    80000/  219861 entries, 36.39% (elapsed time    19.4s, curr speed    4.241 kHz, avg speed    4.120 kHz), accepted     4016/   80001 events ( 5.02%)
Processed    90000/  219861 entries, 40.93% (elapsed time    21.4s, curr speed    4.975 kHz, avg speed    4.200 kHz), accepted     4522/   90001 events ( 5.02%)
Processed   100000/  219861 entries, 45.48% (elapsed time    23.9s, curr speed    4.071 kHz, avg speed    4.187 kHz), accepted     5053/  100001 events ( 5.05%)
Processed   110000/  219861 entries, 50.03% (elapsed time    25.9s, curr speed    4.895 kHz, avg speed    4.243 kHz), accepted     5521/  110001 events ( 5.02%)
Processed   120000/  219861 entries, 54.58% (elapsed time    28.1s, curr speed    4.534 kHz, avg speed    4.266 kHz), accepted     6008/  120001 events ( 5.01%)
Processed   130000/  219861 entries, 59.13% (elapsed time    30.5s, curr speed    4.234 kHz, avg speed    4.263 kHz), accepted     6516/  130001 events ( 5.01%)
Processed   140000/  219861 entries, 63.68% (elapsed time    32.4s, curr speed    5.153 kHz, avg speed    4.316 kHz), accepted     7035/  140001 events ( 5.02%)
Processed   150000/  219861 entries, 68.22% (elapsed time    34.5s, curr speed    4.806 kHz, avg speed    4.346 kHz), accepted     7550/  150001 events ( 5.03%)
Processed   160000/  219861 entries, 72.77% (elapsed time    36.6s, curr speed    4.891 kHz, avg speed    4.376 kHz), accepted     8004/  160001 events ( 5.00%)
Processed   170000/  219861 entries, 77.32% (elapsed time    38.5s, curr speed    5.206 kHz, avg speed    4.418 kHz), accepted     8471/  170001 events ( 4.98%)
Processed   180000/  219861 entries, 81.87% (elapsed time    41.0s, curr speed    3.990 kHz, avg speed    4.392 kHz), accepted     8929/  180001 events ( 4.96%)
Processed   190000/  219861 entries, 86.42% (elapsed time    43.2s, curr speed    4.517 kHz, avg speed    4.398 kHz), accepted     9402/  190001 events ( 4.95%)
Processed   200000/  219861 entries, 90.97% (elapsed time    45.4s, curr speed    4.530 kHz, avg speed    4.404 kHz), accepted     9841/  200001 events ( 4.92%)
Processed   210000/  219861 entries, 95.51% (elapsed time    47.4s, curr speed    5.138 kHz, avg speed    4.435 kHz), accepted    10272/  210001 events ( 4.89%)
Processed 219861 preselected entries from /eos/cms/store/group/phys_tau/TauFW/nano/UL2017/SingleElectron/Run2017C-UL2017_MiniAODv1_NanoAODv2-v1/NANOAOD/03EAB348-857D-6347-A8F6-45D6B7A516CC_skimjec_2.root (219861 entries). Finally selected 10734 entries
Pre-select 182046 entries out of 182046 (100.00%)
Processed    10000/  182046 entries,  5.49% (elapsed time     3.2s, curr speed    3.146 kHz, avg speed    3.146 kHz), accepted      467/   10001 events ( 4.67%)
Processed    20000/  182046 entries, 10.99% (elapsed time     5.1s, curr speed    5.220 kHz, avg speed    3.926 kHz), accepted      927/   20001 events ( 4.63%)
Processed    30000/  182046 entries, 16.48% (elapsed time     7.4s, curr speed    4.420 kHz, avg speed    4.078 kHz), accepted     1375/   30001 events ( 4.58%)
Processed    40000/  182046 entries, 21.97% (elapsed time     9.2s, curr speed    5.506 kHz, avg speed    4.361 kHz), accepted     1868/   40001 events ( 4.67%)
Processed    50000/  182046 entries, 27.47% (elapsed time    11.2s, curr speed    4.847 kHz, avg speed    4.450 kHz), accepted     2354/   50001 events ( 4.71%)
Processed    60000/  182046 entries, 32.96% (elapsed time    13.7s, curr speed    3.987 kHz, avg speed    4.366 kHz), accepted     2851/   60001 events ( 4.75%)
Processed    70000/  182046 entries, 38.45% (elapsed time    15.7s, curr speed    4.994 kHz, avg speed    4.446 kHz), accepted     3342/   70001 events ( 4.77%)
Processed    80000/  182046 entries, 43.94% (elapsed time    17.6s, curr speed    5.276 kHz, avg speed    4.535 kHz), accepted     3821/   80001 events ( 4.78%)
Processed    90000/  182046 entries, 49.44% (elapsed time    19.9s, curr speed    4.474 kHz, avg speed    4.528 kHz), accepted     4281/   90001 events ( 4.76%)
Processed   100000/  182046 entries, 54.93% (elapsed time    21.8s, curr speed    5.235 kHz, avg speed    4.590 kHz), accepted     4733/  100001 events ( 4.73%)
Processed   110000/  182046 entries, 60.42% (elapsed time    23.9s, curr speed    4.755 kHz, avg speed    4.604 kHz), accepted     5190/  110001 events ( 4.72%)
Processed   120000/  182046 entries, 65.92% (elapsed time    25.9s, curr speed    4.950 kHz, avg speed    4.631 kHz), accepted     5664/  120001 events ( 4.72%)
Processed   130000/  182046 entries, 71.41% (elapsed time    27.9s, curr speed    4.915 kHz, avg speed    4.652 kHz), accepted     6137/  130001 events ( 4.72%)
Processed   140000/  182046 entries, 76.90% (elapsed time    30.0s, curr speed    4.798 kHz, avg speed    4.662 kHz), accepted     6626/  140001 events ( 4.73%)
Processed   150000/  182046 entries, 82.40% (elapsed time    32.8s, curr speed    3.621 kHz, avg speed    4.574 kHz), accepted     7113/  150001 events ( 4.74%)
Processed   160000/  182046 entries, 87.89% (elapsed time    35.2s, curr speed    4.237 kHz, avg speed    4.552 kHz), accepted     7576/  160001 events ( 4.73%)
Processed   170000/  182046 entries, 93.38% (elapsed time    37.4s, curr speed    4.492 kHz, avg speed    4.548 kHz), accepted     8014/  170001 events ( 4.71%)
Processed   180000/  182046 entries, 98.88% (elapsed time    39.5s, curr speed    4.690 kHz, avg speed    4.556 kHz), accepted     8477/  180001 events ( 4.71%)
Processed 182046 preselected entries from /eos/cms/store/group/phys_tau/TauFW/nano/UL2017/SingleElectron/Run2017C-UL2017_MiniAODv1_NanoAODv2-v1/NANOAOD/03EAB348-857D-6347-A8F6-45D6B7A516CC_skimjec_3.root (182046 entries). Finally selected 8583 entries
Total time 270.9 sec. to process 1044727 events. Rate = 3856.2 Hz.
>>> cwd          = /pool/condor/dir_27096
>>> ls           = ['var', 'lvigilan.cc', '.chirp.config', 'condor_exec.exe', '.job.ad', '.machine.ad', 'x509_voms', 'tmp', 'pico_etau_EES1p01_1.root', '_condor_stdout']
>>> getstorage('/eos/home-l/lvigilan/output_ETauFR_UL17_RUN1/UL2017/etau/SingleElectron_Run2017C'), <EOS("/eos/home-l/lvigilan/output_ETauFR_UL17_RUN1/UL2017/etau/SingleElectron_Run2017C") at 0x2b42551ae9d0>
>>> Executing: 'cp ./pico_etau_EES1p01_1.root /eos/home-l/lvigilan/output_ETauFR_UL17_RUN1/UL2017/etau/SingleElectron_Run2017C'
>>> Removing './pico_etau_EES1p01_1.root'...
>>> picojob.py done after 276.9 seconds

Job complete at Tue Jun  8 10:20:09 CEST 2021
Took 4 minutes 37 seconds040 (2368955.001.000) 06/08 10:20:09 Finished transferring output files
...
005 (2368955.001.000) 06/08 10:20:10 Job terminated.
	(1) Normal termination (return value 0)
		Usr 0 00:03:55, Sys 0 00:00:08  -  Run Remote Usage
		Usr 0 00:00:00, Sys 0 00:00:00  -  Run Local Usage
		Usr 0 00:03:55, Sys 0 00:00:08  -  Total Remote Usage
		Usr 0 00:00:00, Sys 0 00:00:00  -  Total Local Usage
	31815  -  Run Bytes Sent By Job
	9926  -  Run Bytes Received By Job
	31815  -  Total Bytes Sent By Job
	9926  -  Total Bytes Received By Job
	Partitionable Resources :    Usage  Request Allocated 
	   Cpus                 :                 1         1 
	   Disk (KB)            :       92        1    281146 
	   Memory (MB)          :      163     2000      2000 

	Job terminated of its own accord at 2021-06-08T08:20:09Z.
...
