Could not find platform independent libraries <prefix>
Could not find platform dependent libraries <exec_prefix>
Consider setting $PYTHONHOME to <prefix>[:<exec_prefix>]
ImportError: No module named site
Job start at Mon Jun  7 19:12:08 CEST 2021
Running job on machine Linux b7g42n0494.cern.ch 3.10.0-1127.19.1.el7.x86_64 #1 SMP Tue Aug 25 17:23:54 UTC 2020 x86_64 x86_64 x86_64 GNU/Linux, host b7g42n0494.cern.ch
============================================================
$PWD=/pool/condor/dir_19407
$JOBID=2367603
$TASKID=2
$HOSTNAME=b7g42n0494.cern.ch
$TASKCMD=/afs/cern.ch/work/l/lvigilan/TauWork/CMSSW_10_6_17_patch1/src/TauFW/PicoProducer/python/processors/picojob.py -y UL2017 -d 'mc' -c etau -M ETauFakeRate.ModuleETau --copydir /eos/home-l/lvigilan/output_ETauFR_UL17_RUN1/UL2017/etau/WW -t _etau_2 --opt 'useT1=True' -i /eos/cms/store/group/phys_tau/TauFW/nano/UL2017/WW_TuneCP5_13TeV-pythia8/RunIISummer20UL17NanoAODv2-106X_mc2017_realistic_v8-v1/NANOAODSIM/0C30B42C-A3FD-DB47-8576-54802C9139F4_skimjec_0.root /eos/cms/store/group/phys_tau/TauFW/nano/UL2017/WW_TuneCP5_13TeV-pythia8/RunIISummer20UL17NanoAODv2-106X_mc2017_realistic_v8-v1/NANOAODSIM/0C30B42C-A3FD-DB47-8576-54802C9139F4_skimjec_1.root /eos/cms/store/group/phys_tau/TauFW/nano/UL2017/WW_TuneCP5_13TeV-pythia8/RunIISummer20UL17NanoAODv2-106X_mc2017_realistic_v8-v1/NANOAODSIM/137F4005-B314-2A4C-9750-6DD2DFA05AE4_skimjec.root /eos/cms/store/group/phys_tau/TauFW/nano/UL2017/WW_TuneCP5_13TeV-pythia8/RunIISummer20UL17NanoAODv2-106X_mc2017_realistic_v8-v1/NANOAODSIM/1EC3CECD-F6A4-DA40-9545-64451D4E2690_skimjec_0.root /eos/cms/store/group/phys_tau/TauFW/nano/UL2017/WW_TuneCP5_13TeV-pythia8/RunIISummer20UL17NanoAODv2-106X_mc2017_realistic_v8-v1/NANOAODSIM/1EC3CECD-F6A4-DA40-9545-64451D4E2690_skimjec_1.root
$WORKDIR=/pool/condor/dir_19407
>>> cd /afs/cern.ch/work/l/lvigilan/TauWork/CMSSW_10_6_17_patch1/src
>>> eval `scramv1 runtime -sh`
>>> cd /pool/condor/dir_19407
$PWD=/pool/condor/dir_19407
>>> /afs/cern.ch/work/l/lvigilan/TauWork/CMSSW_10_6_17_patch1/src/TauFW/PicoProducer/python/processors/picojob.py -y UL2017 -d 'mc' -c etau -M ETauFakeRate.ModuleETau --copydir /eos/home-l/lvigilan/output_ETauFR_UL17_RUN1/UL2017/etau/WW -t _etau_2 --opt 'useT1=True' -i /eos/cms/store/group/phys_tau/TauFW/nano/UL2017/WW_TuneCP5_13TeV-pythia8/RunIISummer20UL17NanoAODv2-106X_mc2017_realistic_v8-v1/NANOAODSIM/0C30B42C-A3FD-DB47-8576-54802C9139F4_skimjec_0.root /eos/cms/store/group/phys_tau/TauFW/nano/UL2017/WW_TuneCP5_13TeV-pythia8/RunIISummer20UL17NanoAODv2-106X_mc2017_realistic_v8-v1/NANOAODSIM/0C30B42C-A3FD-DB47-8576-54802C9139F4_skimjec_1.root /eos/cms/store/group/phys_tau/TauFW/nano/UL2017/WW_TuneCP5_13TeV-pythia8/RunIISummer20UL17NanoAODv2-106X_mc2017_realistic_v8-v1/NANOAODSIM/137F4005-B314-2A4C-9750-6DD2DFA05AE4_skimjec.root /eos/cms/store/group/phys_tau/TauFW/nano/UL2017/WW_TuneCP5_13TeV-pythia8/RunIISummer20UL17NanoAODv2-106X_mc2017_realistic_v8-v1/NANOAODSIM/1EC3CECD-F6A4-DA40-9545-64451D4E2690_skimjec_0.root /eos/cms/store/group/phys_tau/TauFW/nano/UL2017/WW_TuneCP5_13TeV-pythia8/RunIISummer20UL17NanoAODv2-106X_mc2017_realistic_v8-v1/NANOAODSIM/1EC3CECD-F6A4-DA40-9545-64451D4E2690_skimjec_1.root
Error in <TGClient::TGClient>: can't open display "localhost:19.0", switching to batch mode...
 In case you run from a remote ssh session, reconnect with ssh -Y
--------------------------------------------------------------------------------
>>> era          = 'UL2017'
>>> year         = 2017
>>> channel      = 'etau'
>>> modname      = 'ETauFakeRate.ModuleETau'
>>> dtype        = 'mc'
>>> kwargs       = {'useT1': True, 'dtype': 'mc', 'verb': 0, 'era': 'UL2017', 'year': 2017}
>>> firstevt     = 0
>>> maxevts      = None
>>> outdir       = '.'
>>> copydir      = '/eos/home-l/lvigilan/output_ETauFR_UL17_RUN1/UL2017/etau/WW'
>>> infiles      = ['/eos/cms/store/group/phys_tau/TauFW/nano/UL2017/WW_TuneCP5_13TeV-pythia8/RunIISummer20UL17NanoAODv2-106X_mc2017_realistic_v8-v1/NANOAODSIM/0C30B42C-A3FD-DB47-8576-54802C9139F4_skimjec_0.root', '/eos/cms/store/group/phys_tau/TauFW/nano/UL2017/WW_TuneCP5_13TeV-pythia8/RunIISummer20UL17NanoAODv2-106X_mc2017_realistic_v8-v1/NANOAODSIM/0C30B42C-A3FD-DB47-8576-54802C9139F4_skimjec_1.root', '/eos/cms/store/group/phys_tau/TauFW/nano/UL2017/WW_TuneCP5_13TeV-pythia8/RunIISummer20UL17NanoAODv2-106X_mc2017_realistic_v8-v1/NANOAODSIM/137F4005-B314-2A4C-9750-6DD2DFA05AE4_skimjec.root', '/eos/cms/store/group/phys_tau/TauFW/nano/UL2017/WW_TuneCP5_13TeV-pythia8/RunIISummer20UL17NanoAODv2-106X_mc2017_realistic_v8-v1/NANOAODSIM/1EC3CECD-F6A4-DA40-9545-64451D4E2690_skimjec_0.root', '/eos/cms/store/group/phys_tau/TauFW/nano/UL2017/WW_TuneCP5_13TeV-pythia8/RunIISummer20UL17NanoAODv2-106X_mc2017_realistic_v8-v1/NANOAODSIM/1EC3CECD-F6A4-DA40-9545-64451D4E2690_skimjec_1.root']
>>> outfname     = './pico_etau_2.root'
>>> branchsel    = '/afs/cern.ch/work/l/lvigilan/TauWork/CMSSW_10_6_17_patch1/python/TauFW/PicoProducer/processors/keep_and_drop_skim.txt'
>>> json         = None
>>> prefetch     = False
>>> cwd          = /pool/condor/dir_19407
--------------------------------------------------------------------------------

   ################
   #  ModuleETau  #
   ################

Loading PileupWeightTool for '/afs/cern.ch/work/l/lvigilan/TauWork/CMSSW_10_6_17_patch1/src/TauFW/PicoProducer/data/pileup/Data_PileUp_UL2017_69p2.root' and '/afs/cern.ch/work/l/lvigilan/TauWork/CMSSW_10_6_17_patch1/src/TauFW/PicoProducer/data/pileup/MC_PileUp_UL2017_Summer19.root'
Loading BTagWeightTool for DeepCSV (medium WP)...
>>> BTagTool: [1m[33mWarning! [0m[33mHistogram 'etau/eff_DeepCSV_udsg_medium' does not exist in /afs/cern.ch/work/l/lvigilan/TauWork/CMSSW_10_6_17_patch1/src/TauFW/PicoProducer/data/btag/DeepCSV_2017_12Apr2017_eff.root! Reverting to default efficiency histogram...[0m
>>> BTagTool: [1m[33mWarning! [0m[33mHistogram 'etau/eff_DeepCSV_c_medium' does not exist in /afs/cern.ch/work/l/lvigilan/TauWork/CMSSW_10_6_17_patch1/src/TauFW/PicoProducer/data/btag/DeepCSV_2017_12Apr2017_eff.root! Reverting to default efficiency histogram...[0m
>>> BTagTool: [1m[33mWarning! [0m[33mHistogram 'etau/eff_DeepCSV_b_medium' does not exist in /afs/cern.ch/work/l/lvigilan/TauWork/CMSSW_10_6_17_patch1/src/TauFW/PicoProducer/data/btag/DeepCSV_2017_12Apr2017_eff.root! Reverting to default efficiency histogram...[0m
>>> BTagTool: [1m[33mWarning! [0m[33mMade use of default efficiency histograms! The b tag weights from this module should be regarded as placeholders only,
and should NOT be used for analyses. B (mis)tag efficiencies in MC are analysis dependent. Please create your own
efficiency histogram with data/btag/getBTagEfficiencies.py after running all MC samples with BTagWeightTool.[0m
Loading TreeProducerETau for './pico_etau_2.root'
--------------------------------------------------------------------------------
>>> filename     = './pico_etau_2.root'
>>> year         = 2017
>>> dtype        = 'mc'
>>> channel      = 'etau'
>>> ismc         = True
>>> isdata       = False
>>> isembed      = False
>>> tes          = 1.0
>>> tessys       = None
>>> fes          = None
>>> ltf          = None
>>> jtf          = 1.0
>>> dotoppt      = False
>>> dozpt        = False
>>> dojec        = True
>>> dojecsys     = True
>>> dotight      = False
>>> useT1        = True
>>> jetCutPt     = 30
>>> bjetCutEta   = 2.7
>>> tauwp        = 0
>>> eleCutPt     = 36
>>> eleCutEta    = 2.1
>>> tauCutPt     = 20
>>> tauCutEta    = 2.3
>>> ZpeekReso    = 0.1
Pre-select 147000 entries out of 147000 (100.00%)
Processed    10000/  147000 entries,  6.80% (elapsed time     7.7s, curr speed    1.299 kHz, avg speed    1.299 kHz), accepted      146/   10001 events ( 1.46%)
Processed    20000/  147000 entries, 13.61% (elapsed time    10.2s, curr speed    3.974 kHz, avg speed    1.958 kHz), accepted      255/   20001 events ( 1.27%)
Processed    30000/  147000 entries, 20.41% (elapsed time    12.9s, curr speed    3.693 kHz, avg speed    2.322 kHz), accepted      378/   30001 events ( 1.26%)
Processed    40000/  147000 entries, 27.21% (elapsed time    15.4s, curr speed    4.105 kHz, avg speed    2.605 kHz), accepted      495/   40001 events ( 1.24%)
Processed    50000/  147000 entries, 34.01% (elapsed time    18.2s, curr speed    3.532 kHz, avg speed    2.749 kHz), accepted      625/   50001 events ( 1.25%)
Processed    60000/  147000 entries, 40.82% (elapsed time    20.7s, curr speed    3.934 kHz, avg speed    2.894 kHz), accepted      736/   60001 events ( 1.23%)
Processed    70000/  147000 entries, 47.62% (elapsed time    23.1s, curr speed    4.188 kHz, avg speed    3.028 kHz), accepted      838/   70001 events ( 1.20%)
Processed    80000/  147000 entries, 54.42% (elapsed time    27.0s, curr speed    2.606 kHz, avg speed    2.968 kHz), accepted      945/   80001 events ( 1.18%)
Processed    90000/  147000 entries, 61.22% (elapsed time    29.7s, curr speed    3.616 kHz, avg speed    3.028 kHz), accepted     1064/   90001 events ( 1.18%)
Processed   100000/  147000 entries, 68.03% (elapsed time    32.2s, curr speed    3.971 kHz, avg speed    3.102 kHz), accepted     1157/  100001 events ( 1.16%)
Processed   110000/  147000 entries, 74.83% (elapsed time    34.8s, curr speed    3.862 kHz, avg speed    3.158 kHz), accepted     1291/  110001 events ( 1.17%)
Processed   120000/  147000 entries, 81.63% (elapsed time    37.5s, curr speed    3.787 kHz, avg speed    3.203 kHz), accepted     1415/  120001 events ( 1.18%)
Processed   130000/  147000 entries, 88.44% (elapsed time    39.5s, curr speed    4.851 kHz, avg speed    3.289 kHz), accepted     1543/  130001 events ( 1.19%)
Processed   140000/  147000 entries, 95.24% (elapsed time    41.9s, curr speed    4.174 kHz, avg speed    3.339 kHz), accepted     1678/  140001 events ( 1.20%)
Processed 147000 preselected entries from /eos/cms/store/group/phys_tau/TauFW/nano/UL2017/WW_TuneCP5_13TeV-pythia8/RunIISummer20UL17NanoAODv2-106X_mc2017_realistic_v8-v1/NANOAODSIM/0C30B42C-A3FD-DB47-8576-54802C9139F4_skimjec_0.root (147000 entries). Finally selected 1761 entries
Pre-select 147000 entries out of 147000 (100.00%)
Processed    10000/  147000 entries,  6.80% (elapsed time     6.6s, curr speed    1.520 kHz, avg speed    1.520 kHz), accepted      122/   10001 events ( 1.22%)
Processed    20000/  147000 entries, 13.61% (elapsed time     8.9s, curr speed    4.283 kHz, avg speed    2.244 kHz), accepted      235/   20001 events ( 1.17%)
Processed    30000/  147000 entries, 20.41% (elapsed time    11.4s, curr speed    4.081 kHz, avg speed    2.640 kHz), accepted      352/   30001 events ( 1.17%)
Processed    40000/  147000 entries, 27.21% (elapsed time    13.8s, curr speed    4.105 kHz, avg speed    2.899 kHz), accepted      457/   40001 events ( 1.14%)
Processed    50000/  147000 entries, 34.01% (elapsed time    16.6s, curr speed    3.556 kHz, avg speed    3.010 kHz), accepted      587/   50001 events ( 1.17%)
Processed    60000/  147000 entries, 40.82% (elapsed time    19.3s, curr speed    3.766 kHz, avg speed    3.114 kHz), accepted      698/   60001 events ( 1.16%)
Processed    70000/  147000 entries, 47.62% (elapsed time    21.7s, curr speed    4.063 kHz, avg speed    3.222 kHz), accepted      823/   70001 events ( 1.18%)
Processed    80000/  147000 entries, 54.42% (elapsed time    24.7s, curr speed    3.334 kHz, avg speed    3.235 kHz), accepted      942/   80001 events ( 1.18%)
Processed    90000/  147000 entries, 61.22% (elapsed time    27.7s, curr speed    3.388 kHz, avg speed    3.251 kHz), accepted     1077/   90001 events ( 1.20%)
Processed   100000/  147000 entries, 68.03% (elapsed time    30.7s, curr speed    3.292 kHz, avg speed    3.255 kHz), accepted     1210/  100001 events ( 1.21%)
Processed   110000/  147000 entries, 74.83% (elapsed time    32.9s, curr speed    4.482 kHz, avg speed    3.338 kHz), accepted     1340/  110001 events ( 1.22%)
Processed   120000/  147000 entries, 81.63% (elapsed time    35.4s, curr speed    4.063 kHz, avg speed    3.389 kHz), accepted     1469/  120001 events ( 1.22%)
Processed   130000/  147000 entries, 88.44% (elapsed time    37.6s, curr speed    4.613 kHz, avg speed    3.459 kHz), accepted     1566/  130001 events ( 1.20%)
Processed   140000/  147000 entries, 95.24% (elapsed time    40.9s, curr speed    3.000 kHz, avg speed    3.422 kHz), accepted     1699/  140001 events ( 1.21%)
Processed 147000 preselected entries from /eos/cms/store/group/phys_tau/TauFW/nano/UL2017/WW_TuneCP5_13TeV-pythia8/RunIISummer20UL17NanoAODv2-106X_mc2017_realistic_v8-v1/NANOAODSIM/0C30B42C-A3FD-DB47-8576-54802C9139F4_skimjec_1.root (147000 entries). Finally selected 1784 entries
Pre-select 12000 entries out of 12000 (100.00%)
Processed    10000/   12000 entries, 83.33% (elapsed time     5.1s, curr speed    1.963 kHz, avg speed    1.963 kHz), accepted      122/   10001 events ( 1.22%)
Processed 12000 preselected entries from /eos/cms/store/group/phys_tau/TauFW/nano/UL2017/WW_TuneCP5_13TeV-pythia8/RunIISummer20UL17NanoAODv2-106X_mc2017_realistic_v8-v1/NANOAODSIM/137F4005-B314-2A4C-9750-6DD2DFA05AE4_skimjec.root (12000 entries). Finally selected 143 entries
Pre-select 223000 entries out of 223000 (100.00%)
Processed    10000/  223000 entries,  4.48% (elapsed time     7.3s, curr speed    1.374 kHz, avg speed    1.374 kHz), accepted      130/   10001 events ( 1.30%)
Processed    20000/  223000 entries,  8.97% (elapsed time     9.8s, curr speed    3.959 kHz, avg speed    2.040 kHz), accepted      273/   20001 events ( 1.36%)
Processed    30000/  223000 entries, 13.45% (elapsed time    12.4s, curr speed    3.811 kHz, avg speed    2.414 kHz), accepted      384/   30001 events ( 1.28%)
Processed    40000/  223000 entries, 17.94% (elapsed time    14.9s, curr speed    4.086 kHz, avg speed    2.689 kHz), accepted      484/   40001 events ( 1.21%)
Processed    50000/  223000 entries, 22.42% (elapsed time    17.2s, curr speed    4.366 kHz, avg speed    2.913 kHz), accepted      602/   50001 events ( 1.20%)
Processed    60000/  223000 entries, 26.91% (elapsed time    20.7s, curr speed    2.832 kHz, avg speed    2.899 kHz), accepted      736/   60001 events ( 1.23%)
Processed    70000/  223000 entries, 31.39% (elapsed time    22.8s, curr speed    4.694 kHz, avg speed    3.066 kHz), accepted      874/   70001 events ( 1.25%)
Processed    80000/  223000 entries, 35.87% (elapsed time    25.4s, curr speed    3.846 kHz, avg speed    3.146 kHz), accepted      979/   80001 events ( 1.22%)
Processed    90000/  223000 entries, 40.36% (elapsed time    29.1s, curr speed    2.706 kHz, avg speed    3.090 kHz), accepted     1086/   90001 events ( 1.21%)
Processed   100000/  223000 entries, 44.84% (elapsed time    31.8s, curr speed    3.720 kHz, avg speed    3.144 kHz), accepted     1194/  100001 events ( 1.19%)
Processed   110000/  223000 entries, 49.33% (elapsed time    34.2s, curr speed    4.103 kHz, avg speed    3.212 kHz), accepted     1318/  110001 events ( 1.20%)
Processed   120000/  223000 entries, 53.81% (elapsed time    37.6s, curr speed    2.943 kHz, avg speed    3.188 kHz), accepted     1424/  120001 events ( 1.19%)
Processed   130000/  223000 entries, 58.30% (elapsed time    41.1s, curr speed    2.911 kHz, avg speed    3.164 kHz), accepted     1543/  130001 events ( 1.19%)
Processed   140000/  223000 entries, 62.78% (elapsed time    43.5s, curr speed    4.082 kHz, avg speed    3.216 kHz), accepted     1668/  140001 events ( 1.19%)
Processed   150000/  223000 entries, 67.26% (elapsed time    46.5s, curr speed    3.379 kHz, avg speed    3.226 kHz), accepted     1793/  150001 events ( 1.20%)
Processed   160000/  223000 entries, 71.75% (elapsed time    49.2s, curr speed    3.667 kHz, avg speed    3.251 kHz), accepted     1916/  160001 events ( 1.20%)
Processed   170000/  223000 entries, 76.23% (elapsed time    52.4s, curr speed    3.153 kHz, avg speed    3.245 kHz), accepted     2008/  170001 events ( 1.18%)
Processed   180000/  223000 entries, 80.72% (elapsed time    55.9s, curr speed    2.860 kHz, avg speed    3.221 kHz), accepted     2118/  180001 events ( 1.18%)
Processed   190000/  223000 entries, 85.20% (elapsed time    58.9s, curr speed    3.354 kHz, avg speed    3.228 kHz), accepted     2227/  190001 events ( 1.17%)
Processed   200000/  223000 entries, 89.69% (elapsed time    62.5s, curr speed    2.731 kHz, avg speed    3.199 kHz), accepted     2326/  200001 events ( 1.16%)
Processed   210000/  223000 entries, 94.17% (elapsed time    64.9s, curr speed    4.199 kHz, avg speed    3.235 kHz), accepted     2460/  210001 events ( 1.17%)
Processed   220000/  223000 entries, 98.65% (elapsed time    67.2s, curr speed    4.338 kHz, avg speed    3.273 kHz), accepted     2579/  220001 events ( 1.17%)
Processed 223000 preselected entries from /eos/cms/store/group/phys_tau/TauFW/nano/UL2017/WW_TuneCP5_13TeV-pythia8/RunIISummer20UL17NanoAODv2-106X_mc2017_realistic_v8-v1/NANOAODSIM/1EC3CECD-F6A4-DA40-9545-64451D4E2690_skimjec_0.root (223000 entries). Finally selected 2614 entries
Pre-select 223000 entries out of 223000 (100.00%)
Processed    10000/  223000 entries,  4.48% (elapsed time     6.5s, curr speed    1.540 kHz, avg speed    1.540 kHz), accepted      122/   10001 events ( 1.22%)
Processed    20000/  223000 entries,  8.97% (elapsed time     8.7s, curr speed    4.545 kHz, avg speed    2.300 kHz), accepted      244/   20001 events ( 1.22%)
Processed    30000/  223000 entries, 13.45% (elapsed time    11.3s, curr speed    3.883 kHz, avg speed    2.662 kHz), accepted      359/   30001 events ( 1.20%)
Processed    40000/  223000 entries, 17.94% (elapsed time    13.8s, curr speed    3.980 kHz, avg speed    2.902 kHz), accepted      492/   40001 events ( 1.23%)
Processed    50000/  223000 entries, 22.42% (elapsed time    16.3s, curr speed    3.929 kHz, avg speed    3.062 kHz), accepted      613/   50001 events ( 1.23%)
Processed    60000/  223000 entries, 26.91% (elapsed time    18.9s, curr speed    3.924 kHz, avg speed    3.179 kHz), accepted      759/   60001 events ( 1.26%)
Processed    70000/  223000 entries, 31.39% (elapsed time    21.3s, curr speed    4.193 kHz, avg speed    3.293 kHz), accepted      902/   70001 events ( 1.29%)
Processed    80000/  223000 entries, 35.87% (elapsed time    23.8s, curr speed    3.935 kHz, avg speed    3.361 kHz), accepted     1027/   80001 events ( 1.28%)
Processed    90000/  223000 entries, 40.36% (elapsed time    26.3s, curr speed    3.930 kHz, avg speed    3.416 kHz), accepted     1146/   90001 events ( 1.27%)
Processed   100000/  223000 entries, 44.84% (elapsed time    28.5s, curr speed    4.617 kHz, avg speed    3.507 kHz), accepted     1268/  100001 events ( 1.27%)
Processed   110000/  223000 entries, 49.33% (elapsed time    31.0s, curr speed    4.028 kHz, avg speed    3.549 kHz), accepted     1391/  110001 events ( 1.26%)
Processed   120000/  223000 entries, 53.81% (elapsed time    33.6s, curr speed    3.861 kHz, avg speed    3.573 kHz), accepted     1513/  120001 events ( 1.26%)
Processed   130000/  223000 entries, 58.30% (elapsed time    35.6s, curr speed    5.087 kHz, avg speed    3.657 kHz), accepted     1638/  130001 events ( 1.26%)
Processed   140000/  223000 entries, 62.78% (elapsed time    38.2s, curr speed    3.813 kHz, avg speed    3.667 kHz), accepted     1766/  140001 events ( 1.26%)
Processed   150000/  223000 entries, 67.26% (elapsed time    40.7s, curr speed    4.003 kHz, avg speed    3.688 kHz), accepted     1875/  150001 events ( 1.25%)
Processed   160000/  223000 entries, 71.75% (elapsed time    43.3s, curr speed    3.762 kHz, avg speed    3.693 kHz), accepted     1988/  160001 events ( 1.24%)
Processed   170000/  223000 entries, 76.23% (elapsed time    46.3s, curr speed    3.323 kHz, avg speed    3.669 kHz), accepted     2125/  170001 events ( 1.25%)
Processed   180000/  223000 entries, 80.72% (elapsed time    49.1s, curr speed    3.639 kHz, avg speed    3.667 kHz), accepted     2238/  180001 events ( 1.24%)
Processed   190000/  223000 entries, 85.20% (elapsed time    51.5s, curr speed    4.166 kHz, avg speed    3.690 kHz), accepted     2358/  190001 events ( 1.24%)
Processed   200000/  223000 entries, 89.69% (elapsed time    54.1s, curr speed    3.874 kHz, avg speed    3.699 kHz), accepted     2465/  200001 events ( 1.23%)
Processed   210000/  223000 entries, 94.17% (elapsed time    56.8s, curr speed    3.624 kHz, avg speed    3.695 kHz), accepted     2587/  210001 events ( 1.23%)
Processed   220000/  223000 entries, 98.65% (elapsed time    59.6s, curr speed    3.598 kHz, avg speed    3.691 kHz), accepted     2697/  220001 events ( 1.23%)
Processed 223000 preselected entries from /eos/cms/store/group/phys_tau/TauFW/nano/UL2017/WW_TuneCP5_13TeV-pythia8/RunIISummer20UL17NanoAODv2-106X_mc2017_realistic_v8-v1/NANOAODSIM/1EC3CECD-F6A4-DA40-9545-64451D4E2690_skimjec_1.root (223000 entries). Finally selected 2738 entries
Total time 224.2 sec. to process 752000 events. Rate = 3354.8 Hz.
>>> cwd          = /pool/condor/dir_19407
>>> ls           = ['tmp', 'pico_etau_2.root', '_condor_stdout', '.job.ad', 'x509_voms', '.chirp.config', 'var', 'condor_exec.exe', 'lvigilan.cc', '.machine.ad', '.update.ad']
>>> getstorage('/eos/home-l/lvigilan/output_ETauFR_UL17_RUN1/UL2017/etau/WW'), <EOS("/eos/home-l/lvigilan/output_ETauFR_UL17_RUN1/UL2017/etau/WW") at 0x2b2f7d06ae50>
>>> Executing: 'cp ./pico_etau_2.root /eos/home-l/lvigilan/output_ETauFR_UL17_RUN1/UL2017/etau/WW'
>>> Removing './pico_etau_2.root'...
>>> picojob.py done after 245.5 seconds

Job complete at Mon Jun  7 19:16:15 CEST 2021
Took 4 minutes 7 seconds040 (2367603.002.000) 06/07 19:16:15 Started transferring output files
...
040 (2367603.002.000) 06/07 19:16:15 Finished transferring output files
...
005 (2367603.002.000) 06/07 19:16:16 Job terminated.
	(1) Normal termination (return value 0)
		Usr 0 00:02:14, Sys 0 00:00:07  -  Run Remote Usage
		Usr 0 00:00:00, Sys 0 00:00:00  -  Run Local Usage
		Usr 0 00:02:14, Sys 0 00:00:07  -  Total Remote Usage
		Usr 0 00:00:00, Sys 0 00:00:00  -  Total Local Usage
	28862  -  Run Bytes Sent By Job
	9930  -  Run Bytes Received By Job
	28862  -  Total Bytes Sent By Job
	9930  -  Total Bytes Received By Job
	Partitionable Resources :    Usage  Request Allocated 
	   Cpus                 :     0.37        1         1 
	   Disk (KB)            :    98           1    306743 
	   Memory (MB)          :   123        2000      2000 

	Job terminated of its own accord at 2021-06-07T17:16:15Z.
...
