Could not find platform independent libraries <prefix>
Could not find platform dependent libraries <exec_prefix>
Consider setting $PYTHONHOME to <prefix>[:<exec_prefix>]
ImportError: No module named site
Job start at Wed Dec  2 16:49:05 CET 2020
Running job on machine Linux b7g42n0015.cern.ch 3.10.0-957.5.1.el7.x86_64 #1 SMP Fri Feb 1 14:54:57 UTC 2019 x86_64 x86_64 x86_64 GNU/Linux, host b7g42n0015.cern.ch
============================================================
$PWD=/pool/condor/dir_20228
$JOBID=1580902
$TASKID=8
$HOSTNAME=b7g42n0015.cern.ch
$TASKCMD=/afs/cern.ch/work/l/lvigilan/TauWork/CMSSW_10_6_17_patch1/src/TauFW/PicoProducer/python/processors/picojob.py -y 2017 -d 'data' -c etau -M ModuleETau --copydir /eos/home-l/lvigilan/output_2017ReReco18/2017/etau/SingleElectron_Run2017F -t _etau_8 --opt 'jec=False' -i root://cms-xrd-global.cern.ch//store/data/Run2017F/SingleElectron/NANOAOD/Nano25Oct2019-v1/240000/6DEBD53B-13F1-BE4B-916A-C4E65363D174.root root://cms-xrd-global.cern.ch//store/data/Run2017F/SingleElectron/NANOAOD/Nano25Oct2019-v1/240000/73A5BCD8-25D4-7F44-9EEB-FCB71973195F.root root://cms-xrd-global.cern.ch//store/data/Run2017F/SingleElectron/NANOAOD/Nano25Oct2019-v1/240000/751DF919-AE37-8648-8E10-0AE76FF71833.root root://cms-xrd-global.cern.ch//store/data/Run2017F/SingleElectron/NANOAOD/Nano25Oct2019-v1/240000/78A84B01-9418-7C42-884F-729BDBCD5CDF.root root://cms-xrd-global.cern.ch//store/data/Run2017F/SingleElectron/NANOAOD/Nano25Oct2019-v1/240000/795917DA-C7A7-B341-A9B7-322B721A160E.root
$WORKDIR=/pool/condor/dir_20228
>>> cd /afs/cern.ch/work/l/lvigilan/TauWork/CMSSW_10_6_17_patch1/src
>>> eval `scramv1 runtime -sh`
>>> cd /pool/condor/dir_20228
$PWD=/pool/condor/dir_20228
>>> /afs/cern.ch/work/l/lvigilan/TauWork/CMSSW_10_6_17_patch1/src/TauFW/PicoProducer/python/processors/picojob.py -y 2017 -d 'data' -c etau -M ModuleETau --copydir /eos/home-l/lvigilan/output_2017ReReco18/2017/etau/SingleElectron_Run2017F -t _etau_8 --opt 'jec=False' -i root://cms-xrd-global.cern.ch//store/data/Run2017F/SingleElectron/NANOAOD/Nano25Oct2019-v1/240000/6DEBD53B-13F1-BE4B-916A-C4E65363D174.root root://cms-xrd-global.cern.ch//store/data/Run2017F/SingleElectron/NANOAOD/Nano25Oct2019-v1/240000/73A5BCD8-25D4-7F44-9EEB-FCB71973195F.root root://cms-xrd-global.cern.ch//store/data/Run2017F/SingleElectron/NANOAOD/Nano25Oct2019-v1/240000/751DF919-AE37-8648-8E10-0AE76FF71833.root root://cms-xrd-global.cern.ch//store/data/Run2017F/SingleElectron/NANOAOD/Nano25Oct2019-v1/240000/78A84B01-9418-7C42-884F-729BDBCD5CDF.root root://cms-xrd-global.cern.ch//store/data/Run2017F/SingleElectron/NANOAOD/Nano25Oct2019-v1/240000/795917DA-C7A7-B341-A9B7-322B721A160E.root
Error in <TGClient::TGClient>: can't open display "localhost:15.0", switching to batch mode...
 In case you run from a remote ssh session, reconnect with ssh -Y
--------------------------------------------------------------------------------
>>> era          = '2017'
>>> year         = 2017
>>> channel      = 'etau'
>>> modname      = 'ModuleETau'
>>> dtype        = 'data'
>>> kwargs       = {'dtype': 'data', 'verb': 0, 'era': '2017', 'jec': False, 'year': 2017}
>>> maxevts      = None
>>> outdir       = '.'
>>> copydir      = '/eos/home-l/lvigilan/output_2017ReReco18/2017/etau/SingleElectron_Run2017F'
>>> infiles      = ['root://cms-xrd-global.cern.ch//store/data/Run2017F/SingleElectron/NANOAOD/Nano25Oct2019-v1/240000/6DEBD53B-13F1-BE4B-916A-C4E65363D174.root', 'root://cms-xrd-global.cern.ch//store/data/Run2017F/SingleElectron/NANOAOD/Nano25Oct2019-v1/240000/73A5BCD8-25D4-7F44-9EEB-FCB71973195F.root', 'root://cms-xrd-global.cern.ch//store/data/Run2017F/SingleElectron/NANOAOD/Nano25Oct2019-v1/240000/751DF919-AE37-8648-8E10-0AE76FF71833.root', 'root://cms-xrd-global.cern.ch//store/data/Run2017F/SingleElectron/NANOAOD/Nano25Oct2019-v1/240000/78A84B01-9418-7C42-884F-729BDBCD5CDF.root', 'root://cms-xrd-global.cern.ch//store/data/Run2017F/SingleElectron/NANOAOD/Nano25Oct2019-v1/240000/795917DA-C7A7-B341-A9B7-322B721A160E.root']
>>> outfname     = './pico_etau_etau_8.root'
>>> branchsel    = '/afs/cern.ch/work/l/lvigilan/TauWork/CMSSW_10_6_17_patch1/python/TauFW/PicoProducer/processors/keep_and_drop_skim.txt'
>>> json         = '/afs/cern.ch/work/l/lvigilan/TauWork/CMSSW_10_6_17_patch1/src/TauFW/PicoProducer/data/json/2017/Cert_294927-306462_13TeV_PromptReco_Collisions17_JSON.txt'
>>> prefetch     = False
>>> cwd          = /pool/condor/dir_20228
--------------------------------------------------------------------------------

   ################
   #  ModuleETau  #
   ################

Loading TreeProducerETau for './pico_etau_etau_8.root'
--------------------------------------------------------------------------------
>>> filename     = './pico_etau_etau_8.root'
>>> year         = 2017
>>> dtype        = 'data'
>>> channel      = 'etau'
>>> ismc         = False
>>> isdata       = True
>>> isembed      = False
>>> tes          = None
>>> tessys       = None
>>> ltf          = 1.0
>>> jtf          = 1.0
>>> dotoppt      = False
>>> dozpt        = False
>>> dojec        = False
>>> dojecsys     = False
>>> dotight      = False
>>> jetCutPt     = 30
>>> bjetCutEta   = 2.7
>>> tauwp        = 0
>>> eleCutPt     = 36
>>> eleCutEta    = 2.1
>>> tauCutPt     = 20
>>> tauCutEta    = 2.3
Pre-select 1993339 entries out of 2005365 (99.40%)
Processed    10000/ 1993339 entries,  0.50% (elapsed time    38.0s, curr speed    0.263 kHz, avg speed    0.263 kHz), accepted       38/   10001 events ( 0.38%)
Processed    20000/ 1993339 entries,  1.00% (elapsed time    58.1s, curr speed    0.496 kHz, avg speed    0.344 kHz), accepted       64/   20001 events ( 0.32%)
Processed    30000/ 1993339 entries,  1.51% (elapsed time    75.5s, curr speed    0.575 kHz, avg speed    0.397 kHz), accepted       93/   30001 events ( 0.31%)
Processed    40000/ 1993339 entries,  2.01% (elapsed time    94.7s, curr speed    0.521 kHz, avg speed    0.422 kHz), accepted      124/   40001 events ( 0.31%)
Processed    50000/ 1993339 entries,  2.51% (elapsed time   113.4s, curr speed    0.534 kHz, avg speed    0.441 kHz), accepted      151/   50001 events ( 0.30%)
Processed    60000/ 1993339 entries,  3.01% (elapsed time   134.1s, curr speed    0.484 kHz, avg speed    0.447 kHz), accepted      172/   60001 events ( 0.29%)
Processed    70000/ 1993339 entries,  3.51% (elapsed time   159.4s, curr speed    0.396 kHz, avg speed    0.439 kHz), accepted      216/   70001 events ( 0.31%)
Processed    80000/ 1993339 entries,  4.01% (elapsed time   187.1s, curr speed    0.361 kHz, avg speed    0.428 kHz), accepted      247/   80001 events ( 0.31%)
Processed    90000/ 1993339 entries,  4.52% (elapsed time   203.6s, curr speed    0.604 kHz, avg speed    0.442 kHz), accepted      277/   90001 events ( 0.31%)
Processed   100000/ 1993339 entries,  5.02% (elapsed time   220.1s, curr speed    0.608 kHz, avg speed    0.454 kHz), accepted      305/  100001 events ( 0.30%)
Processed   110000/ 1993339 entries,  5.52% (elapsed time   238.2s, curr speed    0.552 kHz, avg speed    0.462 kHz), accepted      339/  110001 events ( 0.31%)
Processed   120000/ 1993339 entries,  6.02% (elapsed time   256.9s, curr speed    0.535 kHz, avg speed    0.467 kHz), accepted      365/  120001 events ( 0.30%)
Processed   130000/ 1993339 entries,  6.52% (elapsed time   280.0s, curr speed    0.433 kHz, avg speed    0.464 kHz), accepted      402/  130001 events ( 0.31%)
Processed   140000/ 1993339 entries,  7.02% (elapsed time   300.9s, curr speed    0.479 kHz, avg speed    0.465 kHz), accepted      442/  140001 events ( 0.32%)
Processed   150000/ 1993339 entries,  7.53% (elapsed time   320.8s, curr speed    0.502 kHz, avg speed    0.468 kHz), accepted      472/  150001 events ( 0.31%)
Processed   160000/ 1993339 entries,  8.03% (elapsed time   347.0s, curr speed    0.382 kHz, avg speed    0.461 kHz), accepted      503/  160001 events ( 0.31%)
Processed   170000/ 1993339 entries,  8.53% (elapsed time   367.2s, curr speed    0.494 kHz, avg speed    0.463 kHz), accepted      545/  170001 events ( 0.32%)
Processed   180000/ 1993339 entries,  9.03% (elapsed time   386.9s, curr speed    0.507 kHz, avg speed    0.465 kHz), accepted      589/  180001 events ( 0.33%)
Processed   190000/ 1993339 entries,  9.53% (elapsed time   408.1s, curr speed    0.472 kHz, avg speed    0.466 kHz), accepted      609/  190001 events ( 0.32%)
Processed   200000/ 1993339 entries, 10.03% (elapsed time   429.8s, curr speed    0.462 kHz, avg speed    0.465 kHz), accepted      640/  200001 events ( 0.32%)
Processed   210000/ 1993339 entries, 10.54% (elapsed time   459.2s, curr speed    0.340 kHz, avg speed    0.457 kHz), accepted      677/  210001 events ( 0.32%)
Processed   220000/ 1993339 entries, 11.04% (elapsed time   486.3s, curr speed    0.369 kHz, avg speed    0.452 kHz), accepted      719/  220001 events ( 0.33%)
Processed   230000/ 1993339 entries, 11.54% (elapsed time   510.4s, curr speed    0.415 kHz, avg speed    0.451 kHz), accepted      764/  230001 events ( 0.33%)
Processed   240000/ 1993339 entries, 12.04% (elapsed time   531.1s, curr speed    0.483 kHz, avg speed    0.452 kHz), accepted      804/  240001 events ( 0.33%)
Processed   250000/ 1993339 entries, 12.54% (elapsed time   551.3s, curr speed    0.496 kHz, avg speed    0.453 kHz), accepted      844/  250001 events ( 0.34%)
Processed   260000/ 1993339 entries, 13.04% (elapsed time   578.0s, curr speed    0.375 kHz, avg speed    0.450 kHz), accepted      872/  260001 events ( 0.34%)
Processed   270000/ 1993339 entries, 13.55% (elapsed time   598.8s, curr speed    0.479 kHz, avg speed    0.451 kHz), accepted      899/  270001 events ( 0.33%)
Processed   280000/ 1993339 entries, 14.05% (elapsed time   621.2s, curr speed    0.447 kHz, avg speed    0.451 kHz), accepted      927/  280001 events ( 0.33%)
Processed   290000/ 1993339 entries, 14.55% (elapsed time   647.3s, curr speed    0.383 kHz, avg speed    0.448 kHz), accepted      960/  290001 events ( 0.33%)
Processed   300000/ 1993339 entries, 15.05% (elapsed time   668.1s, curr speed    0.482 kHz, avg speed    0.449 kHz), accepted      990/  300001 events ( 0.33%)
Processed   310000/ 1993339 entries, 15.55% (elapsed time   688.8s, curr speed    0.483 kHz, avg speed    0.450 kHz), accepted     1027/  310001 events ( 0.33%)
Processed   320000/ 1993339 entries, 16.05% (elapsed time   709.1s, curr speed    0.491 kHz, avg speed    0.451 kHz), accepted     1066/  320001 events ( 0.33%)
Processed   330000/ 1993339 entries, 16.56% (elapsed time   731.5s, curr speed    0.446 kHz, avg speed    0.451 kHz), accepted     1114/  330001 events ( 0.34%)
Processed   340000/ 1993339 entries, 17.06% (elapsed time   754.2s, curr speed    0.441 kHz, avg speed    0.451 kHz), accepted     1148/  340001 events ( 0.34%)
Processed   350000/ 1993339 entries, 17.56% (elapsed time   776.0s, curr speed    0.458 kHz, avg speed    0.451 kHz), accepted     1184/  350001 events ( 0.34%)
Processed   360000/ 1993339 entries, 18.06% (elapsed time   800.1s, curr speed    0.415 kHz, avg speed    0.450 kHz), accepted     1211/  360001 events ( 0.34%)
Processed   370000/ 1993339 entries, 18.56% (elapsed time   817.9s, curr speed    0.563 kHz, avg speed    0.452 kHz), accepted     1233/  370001 events ( 0.33%)
Processed   380000/ 1993339 entries, 19.06% (elapsed time   836.0s, curr speed    0.551 kHz, avg speed    0.455 kHz), accepted     1258/  380001 events ( 0.33%)
Processed   390000/ 1993339 entries, 19.57% (elapsed time   853.1s, curr speed    0.587 kHz, avg speed    0.457 kHz), accepted     1281/  390001 events ( 0.33%)
Processed   400000/ 1993339 entries, 20.07% (elapsed time   871.3s, curr speed    0.547 kHz, avg speed    0.459 kHz), accepted     1312/  400001 events ( 0.33%)
Processed   410000/ 1993339 entries, 20.57% (elapsed time   891.5s, curr speed    0.496 kHz, avg speed    0.460 kHz), accepted     1345/  410001 events ( 0.33%)
Processed   420000/ 1993339 entries, 21.07% (elapsed time   912.1s, curr speed    0.486 kHz, avg speed    0.460 kHz), accepted     1386/  420001 events ( 0.33%)
Processed   430000/ 1993339 entries, 21.57% (elapsed time   935.4s, curr speed    0.429 kHz, avg speed    0.460 kHz), accepted     1412/  430001 events ( 0.33%)
Processed   440000/ 1993339 entries, 22.07% (elapsed time   951.5s, curr speed    0.621 kHz, avg speed    0.462 kHz), accepted     1442/  440001 events ( 0.33%)
Processed   450000/ 1993339 entries, 22.58% (elapsed time   967.9s, curr speed    0.611 kHz, avg speed    0.465 kHz), accepted     1471/  450001 events ( 0.33%)
Processed   460000/ 1993339 entries, 23.08% (elapsed time   985.3s, curr speed    0.574 kHz, avg speed    0.467 kHz), accepted     1513/  460001 events ( 0.33%)
Processed   470000/ 1993339 entries, 23.58% (elapsed time  1002.6s, curr speed    0.578 kHz, avg speed    0.469 kHz), accepted     1544/  470001 events ( 0.33%)
Processed   480000/ 1993339 entries, 24.08% (elapsed time  1021.8s, curr speed    0.522 kHz, avg speed    0.470 kHz), accepted     1573/  480001 events ( 0.33%)
Processed   490000/ 1993339 entries, 24.58% (elapsed time  1044.4s, curr speed    0.442 kHz, avg speed    0.469 kHz), accepted     1604/  490001 events ( 0.33%)
Processed   500000/ 1993339 entries, 25.08% (elapsed time  1067.3s, curr speed    0.436 kHz, avg speed    0.468 kHz), accepted     1634/  500001 events ( 0.33%)
Processed   510000/ 1993339 entries, 25.59% (elapsed time  1083.2s, curr speed    0.628 kHz, avg speed    0.471 kHz), accepted     1660/  510001 events ( 0.33%)
Processed   520000/ 1993339 entries, 26.09% (elapsed time  1100.7s, curr speed    0.572 kHz, avg speed    0.472 kHz), accepted     1705/  520001 events ( 0.33%)
Processed   530000/ 1993339 entries, 26.59% (elapsed time  1117.3s, curr speed    0.605 kHz, avg speed    0.474 kHz), accepted     1746/  530001 events ( 0.33%)
Processed   540000/ 1993339 entries, 27.09% (elapsed time  1136.3s, curr speed    0.526 kHz, avg speed    0.475 kHz), accepted     1784/  540001 events ( 0.33%)
Processed   550000/ 1993339 entries, 27.59% (elapsed time  1157.5s, curr speed    0.471 kHz, avg speed    0.475 kHz), accepted     1809/  550001 events ( 0.33%)
Processed   560000/ 1993339 entries, 28.09% (elapsed time  1182.6s, curr speed    0.399 kHz, avg speed    0.474 kHz), accepted     1851/  560001 events ( 0.33%)
Processed   570000/ 1993339 entries, 28.60% (elapsed time  1218.3s, curr speed    0.280 kHz, avg speed    0.468 kHz), accepted     1891/  570001 events ( 0.33%)
Processed   580000/ 1993339 entries, 29.10% (elapsed time  1237.3s, curr speed    0.526 kHz, avg speed    0.469 kHz), accepted     1927/  580001 events ( 0.33%)
Processed   590000/ 1993339 entries, 29.60% (elapsed time  1256.1s, curr speed    0.531 kHz, avg speed    0.470 kHz), accepted     1970/  590001 events ( 0.33%)
Processed   600000/ 1993339 entries, 30.10% (elapsed time  1277.8s, curr speed    0.461 kHz, avg speed    0.470 kHz), accepted     2003/  600001 events ( 0.33%)
Processed   610000/ 1993339 entries, 30.60% (elapsed time  1296.1s, curr speed    0.546 kHz, avg speed    0.471 kHz), accepted     2033/  610001 events ( 0.33%)
Processed   620000/ 1993339 entries, 31.10% (elapsed time  1316.9s, curr speed    0.482 kHz, avg speed    0.471 kHz), accepted     2067/  620001 events ( 0.33%)
Processed   630000/ 1993339 entries, 31.61% (elapsed time  1337.6s, curr speed    0.483 kHz, avg speed    0.471 kHz), accepted     2091/  630001 events ( 0.33%)
Processed   640000/ 1993339 entries, 32.11% (elapsed time  1360.1s, curr speed    0.444 kHz, avg speed    0.471 kHz), accepted     2123/  640001 events ( 0.33%)
Processed   650000/ 1993339 entries, 32.61% (elapsed time  1377.7s, curr speed    0.568 kHz, avg speed    0.472 kHz), accepted     2159/  650001 events ( 0.33%)
Processed   660000/ 1993339 entries, 33.11% (elapsed time  1394.6s, curr speed    0.594 kHz, avg speed    0.473 kHz), accepted     2185/  660001 events ( 0.33%)
Processed   670000/ 1993339 entries, 33.61% (elapsed time  1412.1s, curr speed    0.570 kHz, avg speed    0.474 kHz), accepted     2212/  670001 events ( 0.33%)
Processed   680000/ 1993339 entries, 34.11% (elapsed time  1430.8s, curr speed    0.536 kHz, avg speed    0.475 kHz), accepted     2249/  680001 events ( 0.33%)
Processed   690000/ 1993339 entries, 34.62% (elapsed time  1452.0s, curr speed    0.470 kHz, avg speed    0.475 kHz), accepted     2285/  690001 events ( 0.33%)
Processed   700000/ 1993339 entries, 35.12% (elapsed time  1474.4s, curr speed    0.447 kHz, avg speed    0.475 kHz), accepted     2315/  700001 events ( 0.33%)
Processed   710000/ 1993339 entries, 35.62% (elapsed time  1498.4s, curr speed    0.416 kHz, avg speed    0.474 kHz), accepted     2345/  710001 events ( 0.33%)
Processed   720000/ 1993339 entries, 36.12% (elapsed time  1516.9s, curr speed    0.541 kHz, avg speed    0.475 kHz), accepted     2375/  720001 events ( 0.33%)
Processed   730000/ 1993339 entries, 36.62% (elapsed time  1535.8s, curr speed    0.531 kHz, avg speed    0.475 kHz), accepted     2401/  730001 events ( 0.33%)
Processed   740000/ 1993339 entries, 37.12% (elapsed time  1553.0s, curr speed    0.582 kHz, avg speed    0.477 kHz), accepted     2429/  740001 events ( 0.33%)
Processed   750000/ 1993339 entries, 37.63% (elapsed time  1572.3s, curr speed    0.516 kHz, avg speed    0.477 kHz), accepted     2463/  750001 events ( 0.33%)
Processed   760000/ 1993339 entries, 38.13% (elapsed time  1594.9s, curr speed    0.443 kHz, avg speed    0.477 kHz), accepted     2495/  760001 events ( 0.33%)
Processed   770000/ 1993339 entries, 38.63% (elapsed time  1617.8s, curr speed    0.436 kHz, avg speed    0.476 kHz), accepted     2524/  770001 events ( 0.33%)
Processed   780000/ 1993339 entries, 39.13% (elapsed time  1643.5s, curr speed    0.390 kHz, avg speed    0.475 kHz), accepted     2547/  780001 events ( 0.33%)
Processed   790000/ 1993339 entries, 39.63% (elapsed time  1662.6s, curr speed    0.521 kHz, avg speed    0.475 kHz), accepted     2571/  790001 events ( 0.33%)
Processed   800000/ 1993339 entries, 40.13% (elapsed time  1680.2s, curr speed    0.568 kHz, avg speed    0.476 kHz), accepted     2599/  800001 events ( 0.32%)
Processed   810000/ 1993339 entries, 40.64% (elapsed time  1702.1s, curr speed    0.457 kHz, avg speed    0.476 kHz), accepted     2627/  810001 events ( 0.32%)
Processed   820000/ 1993339 entries, 41.14% (elapsed time  1721.5s, curr speed    0.517 kHz, avg speed    0.476 kHz), accepted     2661/  820001 events ( 0.32%)
Processed   830000/ 1993339 entries, 41.64% (elapsed time  1743.8s, curr speed    0.448 kHz, avg speed    0.476 kHz), accepted     2686/  830001 events ( 0.32%)
Processed   840000/ 1993339 entries, 42.14% (elapsed time  1766.7s, curr speed    0.436 kHz, avg speed    0.475 kHz), accepted     2716/  840001 events ( 0.32%)
Processed   850000/ 1993339 entries, 42.64% (elapsed time  1789.5s, curr speed    0.440 kHz, avg speed    0.475 kHz), accepted     2745/  850001 events ( 0.32%)
Processed   860000/ 1993339 entries, 43.14% (elapsed time  1807.5s, curr speed    0.554 kHz, avg speed    0.476 kHz), accepted     2775/  860001 events ( 0.32%)
Processed   870000/ 1993339 entries, 43.65% (elapsed time  1824.2s, curr speed    0.601 kHz, avg speed    0.477 kHz), accepted     2804/  870001 events ( 0.32%)
Processed   880000/ 1993339 entries, 44.15% (elapsed time  1842.0s, curr speed    0.561 kHz, avg speed    0.478 kHz), accepted     2831/  880001 events ( 0.32%)
Processed   890000/ 1993339 entries, 44.65% (elapsed time  1860.4s, curr speed    0.543 kHz, avg speed    0.478 kHz), accepted     2853/  890001 events ( 0.32%)
Processed   900000/ 1993339 entries, 45.15% (elapsed time  1878.5s, curr speed    0.554 kHz, avg speed    0.479 kHz), accepted     2876/  900001 events ( 0.32%)
Processed   910000/ 1993339 entries, 45.65% (elapsed time  1903.3s, curr speed    0.403 kHz, avg speed    0.478 kHz), accepted     2907/  910001 events ( 0.32%)
Processed   920000/ 1993339 entries, 46.15% (elapsed time  1927.3s, curr speed    0.417 kHz, avg speed    0.477 kHz), accepted     2935/  920001 events ( 0.32%)
Processed   930000/ 1993339 entries, 46.66% (elapsed time  1946.6s, curr speed    0.516 kHz, avg speed    0.478 kHz), accepted     2978/  930001 events ( 0.32%)
Processed   940000/ 1993339 entries, 47.16% (elapsed time  1964.2s, curr speed    0.570 kHz, avg speed    0.479 kHz), accepted     3018/  940001 events ( 0.32%)
Processed   950000/ 1993339 entries, 47.66% (elapsed time  1983.3s, curr speed    0.524 kHz, avg speed    0.479 kHz), accepted     3060/  950001 events ( 0.32%)
Processed   960000/ 1993339 entries, 48.16% (elapsed time  2003.5s, curr speed    0.493 kHz, avg speed    0.479 kHz), accepted     3086/  960001 events ( 0.32%)
Processed   970000/ 1993339 entries, 48.66% (elapsed time  2025.5s, curr speed    0.456 kHz, avg speed    0.479 kHz), accepted     3121/  970001 events ( 0.32%)
Processed   980000/ 1993339 entries, 49.16% (elapsed time  2054.9s, curr speed    0.339 kHz, avg speed    0.477 kHz), accepted     3156/  980001 events ( 0.32%)
Processed   990000/ 1993339 entries, 49.67% (elapsed time  2077.6s, curr speed    0.441 kHz, avg speed    0.477 kHz), accepted     3192/  990001 events ( 0.32%)
Processed  1000000/ 1993339 entries, 50.17% (elapsed time  2096.4s, curr speed    0.531 kHz, avg speed    0.477 kHz), accepted     3228/ 1000001 events ( 0.32%)
Processed  1010000/ 1993339 entries, 50.67% (elapsed time  2115.6s, curr speed    0.522 kHz, avg speed    0.477 kHz), accepted     3263/ 1010001 events ( 0.32%)
Processed  1020000/ 1993339 entries, 51.17% (elapsed time  2150.4s, curr speed    0.287 kHz, avg speed    0.474 kHz), accepted     3295/ 1020001 events ( 0.32%)
Processed  1030000/ 1993339 entries, 51.67% (elapsed time  2170.9s, curr speed    0.487 kHz, avg speed    0.474 kHz), accepted     3342/ 1030001 events ( 0.32%)
Processed  1040000/ 1993339 entries, 52.17% (elapsed time  2189.5s, curr speed    0.538 kHz, avg speed    0.475 kHz), accepted     3363/ 1040001 events ( 0.32%)
Processed  1050000/ 1993339 entries, 52.68% (elapsed time  2208.3s, curr speed    0.532 kHz, avg speed    0.475 kHz), accepted     3395/ 1050001 events ( 0.32%)
Processed  1060000/ 1993339 entries, 53.18% (elapsed time  2226.9s, curr speed    0.539 kHz, avg speed    0.476 kHz), accepted     3433/ 1060001 events ( 0.32%)
Processed  1070000/ 1993339 entries, 53.68% (elapsed time  2249.7s, curr speed    0.438 kHz, avg speed    0.476 kHz), accepted     3465/ 1070001 events ( 0.32%)
Processed  1080000/ 1993339 entries, 54.18% (elapsed time  2269.0s, curr speed    0.517 kHz, avg speed    0.476 kHz), accepted     3492/ 1080001 events ( 0.32%)
Processed  1090000/ 1993339 entries, 54.68% (elapsed time  2296.0s, curr speed    0.370 kHz, avg speed    0.475 kHz), accepted     3522/ 1090001 events ( 0.32%)
Processed  1100000/ 1993339 entries, 55.18% (elapsed time  2313.4s, curr speed    0.575 kHz, avg speed    0.475 kHz), accepted     3551/ 1100001 events ( 0.32%)
Processed  1110000/ 1993339 entries, 55.69% (elapsed time  2330.6s, curr speed    0.582 kHz, avg speed    0.476 kHz), accepted     3583/ 1110001 events ( 0.32%)
Processed  1120000/ 1993339 entries, 56.19% (elapsed time  2347.5s, curr speed    0.591 kHz, avg speed    0.477 kHz), accepted     3604/ 1120001 events ( 0.32%)
Processed  1130000/ 1993339 entries, 56.69% (elapsed time  2363.9s, curr speed    0.612 kHz, avg speed    0.478 kHz), accepted     3620/ 1130001 events ( 0.32%)
Processed  1140000/ 1993339 entries, 57.19% (elapsed time  2387.0s, curr speed    0.433 kHz, avg speed    0.478 kHz), accepted     3649/ 1140001 events ( 0.32%)
Processed  1150000/ 1993339 entries, 57.69% (elapsed time  2404.9s, curr speed    0.558 kHz, avg speed    0.478 kHz), accepted     3685/ 1150001 events ( 0.32%)
Processed  1160000/ 1993339 entries, 58.19% (elapsed time  2432.3s, curr speed    0.365 kHz, avg speed    0.477 kHz), accepted     3715/ 1160001 events ( 0.32%)
Processed  1170000/ 1993339 entries, 58.70% (elapsed time  2451.3s, curr speed    0.527 kHz, avg speed    0.477 kHz), accepted     3748/ 1170001 events ( 0.32%)
Processed  1180000/ 1993339 entries, 59.20% (elapsed time  2482.9s, curr speed    0.316 kHz, avg speed    0.475 kHz), accepted     3786/ 1180001 events ( 0.32%)
Processed  1190000/ 1993339 entries, 59.70% (elapsed time  2500.9s, curr speed    0.558 kHz, avg speed    0.476 kHz), accepted     3816/ 1190001 events ( 0.32%)
Processed  1200000/ 1993339 entries, 60.20% (elapsed time  2518.6s, curr speed    0.564 kHz, avg speed    0.476 kHz), accepted     3844/ 1200001 events ( 0.32%)
Processed  1210000/ 1993339 entries, 60.70% (elapsed time  2535.0s, curr speed    0.609 kHz, avg speed    0.477 kHz), accepted     3872/ 1210001 events ( 0.32%)
Processed  1220000/ 1993339 entries, 61.20% (elapsed time  2554.0s, curr speed    0.527 kHz, avg speed    0.478 kHz), accepted     3894/ 1220001 events ( 0.32%)
Processed  1230000/ 1993339 entries, 61.71% (elapsed time  2575.2s, curr speed    0.473 kHz, avg speed    0.478 kHz), accepted     3919/ 1230001 events ( 0.32%)
Processed  1240000/ 1993339 entries, 62.21% (elapsed time  2602.6s, curr speed    0.364 kHz, avg speed    0.476 kHz), accepted     3956/ 1240001 events ( 0.32%)
Processed  1250000/ 1993339 entries, 62.71% (elapsed time  2621.8s, curr speed    0.521 kHz, avg speed    0.477 kHz), accepted     3985/ 1250001 events ( 0.32%)
Processed  1260000/ 1993339 entries, 63.21% (elapsed time  2639.1s, curr speed    0.579 kHz, avg speed    0.477 kHz), accepted     4017/ 1260001 events ( 0.32%)
Processed  1270000/ 1993339 entries, 63.71% (elapsed time  2656.1s, curr speed    0.587 kHz, avg speed    0.478 kHz), accepted     4043/ 1270001 events ( 0.32%)
Processed  1280000/ 1993339 entries, 64.21% (elapsed time  2675.5s, curr speed    0.516 kHz, avg speed    0.478 kHz), accepted     4073/ 1280001 events ( 0.32%)
Processed  1290000/ 1993339 entries, 64.72% (elapsed time  2702.7s, curr speed    0.367 kHz, avg speed    0.477 kHz), accepted     4102/ 1290001 events ( 0.32%)
Processed  1300000/ 1993339 entries, 65.22% (elapsed time  2721.3s, curr speed    0.538 kHz, avg speed    0.478 kHz), accepted     4150/ 1300001 events ( 0.32%)
Processed  1310000/ 1993339 entries, 65.72% (elapsed time  2749.5s, curr speed    0.355 kHz, avg speed    0.476 kHz), accepted     4181/ 1310001 events ( 0.32%)
Processed  1320000/ 1993339 entries, 66.22% (elapsed time  2766.1s, curr speed    0.601 kHz, avg speed    0.477 kHz), accepted     4213/ 1320001 events ( 0.32%)
Processed  1330000/ 1993339 entries, 66.72% (elapsed time  2786.9s, curr speed    0.481 kHz, avg speed    0.477 kHz), accepted     4241/ 1330001 events ( 0.32%)
Processed  1340000/ 1993339 entries, 67.22% (elapsed time  2808.3s, curr speed    0.469 kHz, avg speed    0.477 kHz), accepted     4274/ 1340001 events ( 0.32%)
Processed  1350000/ 1993339 entries, 67.73% (elapsed time  2826.9s, curr speed    0.537 kHz, avg speed    0.478 kHz), accepted     4294/ 1350001 events ( 0.32%)
Processed  1360000/ 1993339 entries, 68.23% (elapsed time  2849.6s, curr speed    0.440 kHz, avg speed    0.477 kHz), accepted     4324/ 1360001 events ( 0.32%)
Processed  1370000/ 1993339 entries, 68.73% (elapsed time  2869.3s, curr speed    0.508 kHz, avg speed    0.477 kHz), accepted     4347/ 1370001 events ( 0.32%)
Processed  1380000/ 1993339 entries, 69.23% (elapsed time  2895.1s, curr speed    0.389 kHz, avg speed    0.477 kHz), accepted     4377/ 1380001 events ( 0.32%)
Processed  1390000/ 1993339 entries, 69.73% (elapsed time  2912.4s, curr speed    0.578 kHz, avg speed    0.477 kHz), accepted     4418/ 1390001 events ( 0.32%)
Processed  1400000/ 1993339 entries, 70.23% (elapsed time  2930.0s, curr speed    0.567 kHz, avg speed    0.478 kHz), accepted     4450/ 1400001 events ( 0.32%)
Processed  1410000/ 1993339 entries, 70.74% (elapsed time  2947.0s, curr speed    0.587 kHz, avg speed    0.478 kHz), accepted     4483/ 1410001 events ( 0.32%)
Processed  1420000/ 1993339 entries, 71.24% (elapsed time  2965.9s, curr speed    0.530 kHz, avg speed    0.479 kHz), accepted     4533/ 1420001 events ( 0.32%)
Processed  1430000/ 1993339 entries, 71.74% (elapsed time  2987.8s, curr speed    0.456 kHz, avg speed    0.479 kHz), accepted     4562/ 1430001 events ( 0.32%)
Processed  1440000/ 1993339 entries, 72.24% (elapsed time  3005.6s, curr speed    0.562 kHz, avg speed    0.479 kHz), accepted     4597/ 1440001 events ( 0.32%)
Processed  1450000/ 1993339 entries, 72.74% (elapsed time  3031.9s, curr speed    0.380 kHz, avg speed    0.478 kHz), accepted     4634/ 1450001 events ( 0.32%)
Processed  1460000/ 1993339 entries, 73.24% (elapsed time  3050.2s, curr speed    0.548 kHz, avg speed    0.479 kHz), accepted     4659/ 1460001 events ( 0.32%)
Processed  1470000/ 1993339 entries, 73.75% (elapsed time  3068.0s, curr speed    0.560 kHz, avg speed    0.479 kHz), accepted     4689/ 1470001 events ( 0.32%)
Processed  1480000/ 1993339 entries, 74.25% (elapsed time  3086.5s, curr speed    0.543 kHz, avg speed    0.480 kHz), accepted     4724/ 1480001 events ( 0.32%)
Processed  1490000/ 1993339 entries, 74.75% (elapsed time  3104.6s, curr speed    0.552 kHz, avg speed    0.480 kHz), accepted     4750/ 1490001 events ( 0.32%)
Processed  1500000/ 1993339 entries, 75.25% (elapsed time  3130.6s, curr speed    0.383 kHz, avg speed    0.479 kHz), accepted     4794/ 1500001 events ( 0.32%)
Processed  1510000/ 1993339 entries, 75.75% (elapsed time  3150.5s, curr speed    0.503 kHz, avg speed    0.479 kHz), accepted     4831/ 1510001 events ( 0.32%)
Processed  1520000/ 1993339 entries, 76.25% (elapsed time  3180.6s, curr speed    0.333 kHz, avg speed    0.478 kHz), accepted     4867/ 1520001 events ( 0.32%)
Processed  1530000/ 1993339 entries, 76.76% (elapsed time  3198.6s, curr speed    0.555 kHz, avg speed    0.478 kHz), accepted     4904/ 1530001 events ( 0.32%)
Processed  1540000/ 1993339 entries, 77.26% (elapsed time  3217.6s, curr speed    0.527 kHz, avg speed    0.479 kHz), accepted     4929/ 1540001 events ( 0.32%)
Processed  1550000/ 1993339 entries, 77.76% (elapsed time  3238.7s, curr speed    0.473 kHz, avg speed    0.479 kHz), accepted     4964/ 1550001 events ( 0.32%)
Processed  1560000/ 1993339 entries, 78.26% (elapsed time  3259.4s, curr speed    0.483 kHz, avg speed    0.479 kHz), accepted     5012/ 1560001 events ( 0.32%)
Processed  1570000/ 1993339 entries, 78.76% (elapsed time  3279.7s, curr speed    0.492 kHz, avg speed    0.479 kHz), accepted     5023/ 1570001 events ( 0.32%)
Processed  1580000/ 1993339 entries, 79.26% (elapsed time  3305.0s, curr speed    0.395 kHz, avg speed    0.478 kHz), accepted     5050/ 1580001 events ( 0.32%)
Processed  1590000/ 1993339 entries, 79.77% (elapsed time  3333.6s, curr speed    0.349 kHz, avg speed    0.477 kHz), accepted     5082/ 1590001 events ( 0.32%)
Processed  1600000/ 1993339 entries, 80.27% (elapsed time  3353.9s, curr speed    0.493 kHz, avg speed    0.477 kHz), accepted     5103/ 1600001 events ( 0.32%)
Processed  1610000/ 1993339 entries, 80.77% (elapsed time  3371.2s, curr speed    0.579 kHz, avg speed    0.478 kHz), accepted     5127/ 1610001 events ( 0.32%)
Processed  1620000/ 1993339 entries, 81.27% (elapsed time  3389.9s, curr speed    0.535 kHz, avg speed    0.478 kHz), accepted     5164/ 1620001 events ( 0.32%)
Processed  1630000/ 1993339 entries, 81.77% (elapsed time  3416.8s, curr speed    0.371 kHz, avg speed    0.477 kHz), accepted     5206/ 1630001 events ( 0.32%)
Processed  1640000/ 1993339 entries, 82.27% (elapsed time  3448.0s, curr speed    0.321 kHz, avg speed    0.476 kHz), accepted     5238/ 1640001 events ( 0.32%)
Processed  1650000/ 1993339 entries, 82.78% (elapsed time  3467.0s, curr speed    0.524 kHz, avg speed    0.476 kHz), accepted     5285/ 1650001 events ( 0.32%)
Processed  1660000/ 1993339 entries, 83.28% (elapsed time  3499.5s, curr speed    0.309 kHz, avg speed    0.474 kHz), accepted     5328/ 1660001 events ( 0.32%)
Processed  1670000/ 1993339 entries, 83.78% (elapsed time  3518.9s, curr speed    0.514 kHz, avg speed    0.475 kHz), accepted     5357/ 1670001 events ( 0.32%)
Processed  1680000/ 1993339 entries, 84.28% (elapsed time  3539.5s, curr speed    0.484 kHz, avg speed    0.475 kHz), accepted     5394/ 1680001 events ( 0.32%)
Processed  1690000/ 1993339 entries, 84.78% (elapsed time  3556.3s, curr speed    0.596 kHz, avg speed    0.475 kHz), accepted     5417/ 1690001 events ( 0.32%)
Processed  1700000/ 1993339 entries, 85.28% (elapsed time  3573.3s, curr speed    0.589 kHz, avg speed    0.476 kHz), accepted     5443/ 1700001 events ( 0.32%)
Processed  1710000/ 1993339 entries, 85.79% (elapsed time  3596.0s, curr speed    0.441 kHz, avg speed    0.476 kHz), accepted     5479/ 1710001 events ( 0.32%)
Processed  1720000/ 1993339 entries, 86.29% (elapsed time  3615.4s, curr speed    0.515 kHz, avg speed    0.476 kHz), accepted     5510/ 1720001 events ( 0.32%)
Processed  1730000/ 1993339 entries, 86.79% (elapsed time  3644.2s, curr speed    0.348 kHz, avg speed    0.475 kHz), accepted     5541/ 1730001 events ( 0.32%)
Processed  1740000/ 1993339 entries, 87.29% (elapsed time  3660.5s, curr speed    0.613 kHz, avg speed    0.475 kHz), accepted     5557/ 1740001 events ( 0.32%)
Processed  1750000/ 1993339 entries, 87.79% (elapsed time  3681.2s, curr speed    0.483 kHz, avg speed    0.475 kHz), accepted     5604/ 1750001 events ( 0.32%)
Processed  1760000/ 1993339 entries, 88.29% (elapsed time  3699.7s, curr speed    0.540 kHz, avg speed    0.476 kHz), accepted     5643/ 1760001 events ( 0.32%)
Processed  1770000/ 1993339 entries, 88.80% (elapsed time  3718.6s, curr speed    0.529 kHz, avg speed    0.476 kHz), accepted     5668/ 1770001 events ( 0.32%)
Processed  1780000/ 1993339 entries, 89.30% (elapsed time  3745.0s, curr speed    0.379 kHz, avg speed    0.475 kHz), accepted     5709/ 1780001 events ( 0.32%)
Processed  1790000/ 1993339 entries, 89.80% (elapsed time  3764.3s, curr speed    0.518 kHz, avg speed    0.476 kHz), accepted     5745/ 1790001 events ( 0.32%)
Processed  1800000/ 1993339 entries, 90.30% (elapsed time  3791.4s, curr speed    0.369 kHz, avg speed    0.475 kHz), accepted     5786/ 1800001 events ( 0.32%)
Processed  1810000/ 1993339 entries, 90.80% (elapsed time  3809.4s, curr speed    0.555 kHz, avg speed    0.475 kHz), accepted     5828/ 1810001 events ( 0.32%)
Processed  1820000/ 1993339 entries, 91.30% (elapsed time  3828.4s, curr speed    0.526 kHz, avg speed    0.475 kHz), accepted     5864/ 1820001 events ( 0.32%)
Processed  1830000/ 1993339 entries, 91.81% (elapsed time  3846.5s, curr speed    0.552 kHz, avg speed    0.476 kHz), accepted     5900/ 1830001 events ( 0.32%)
Processed  1840000/ 1993339 entries, 92.31% (elapsed time  3864.4s, curr speed    0.560 kHz, avg speed    0.476 kHz), accepted     5934/ 1840001 events ( 0.32%)
Processed  1850000/ 1993339 entries, 92.81% (elapsed time  3888.9s, curr speed    0.408 kHz, avg speed    0.476 kHz), accepted     5965/ 1850001 events ( 0.32%)
Processed  1860000/ 1993339 entries, 93.31% (elapsed time  3908.0s, curr speed    0.523 kHz, avg speed    0.476 kHz), accepted     5997/ 1860001 events ( 0.32%)
Processed  1870000/ 1993339 entries, 93.81% (elapsed time  3935.5s, curr speed    0.363 kHz, avg speed    0.475 kHz), accepted     6041/ 1870001 events ( 0.32%)
Processed  1880000/ 1993339 entries, 94.31% (elapsed time  3954.2s, curr speed    0.535 kHz, avg speed    0.475 kHz), accepted     6070/ 1880001 events ( 0.32%)
Processed  1890000/ 1993339 entries, 94.82% (elapsed time  3972.0s, curr speed    0.561 kHz, avg speed    0.476 kHz), accepted     6101/ 1890001 events ( 0.32%)
Processed  1900000/ 1993339 entries, 95.32% (elapsed time  3990.7s, curr speed    0.537 kHz, avg speed    0.476 kHz), accepted     6141/ 1900001 events ( 0.32%)
Processed  1910000/ 1993339 entries, 95.82% (elapsed time  4009.0s, curr speed    0.544 kHz, avg speed    0.476 kHz), accepted     6175/ 1910001 events ( 0.32%)
Processed  1920000/ 1993339 entries, 96.32% (elapsed time  4032.8s, curr speed    0.420 kHz, avg speed    0.476 kHz), accepted     6205/ 1920001 events ( 0.32%)
Processed  1930000/ 1993339 entries, 96.82% (elapsed time  4056.0s, curr speed    0.432 kHz, avg speed    0.476 kHz), accepted     6239/ 1930001 events ( 0.32%)
Processed  1940000/ 1993339 entries, 97.32% (elapsed time  4082.6s, curr speed    0.375 kHz, avg speed    0.475 kHz), accepted     6264/ 1940001 events ( 0.32%)
Processed  1950000/ 1993339 entries, 97.83% (elapsed time  4102.0s, curr speed    0.516 kHz, avg speed    0.475 kHz), accepted     6298/ 1950001 events ( 0.32%)
Processed  1960000/ 1993339 entries, 98.33% (elapsed time  4121.7s, curr speed    0.506 kHz, avg speed    0.476 kHz), accepted     6323/ 1960001 events ( 0.32%)
Processed  1970000/ 1993339 entries, 98.83% (elapsed time  4139.6s, curr speed    0.560 kHz, avg speed    0.476 kHz), accepted     6366/ 1970001 events ( 0.32%)
Processed  1980000/ 1993339 entries, 99.33% (elapsed time  4163.3s, curr speed    0.421 kHz, avg speed    0.476 kHz), accepted     6407/ 1980001 events ( 0.32%)
Processed  1990000/ 1993339 entries, 99.83% (elapsed time  4183.4s, curr speed    0.498 kHz, avg speed    0.476 kHz), accepted     6437/ 1990001 events ( 0.32%)
Processed 1993339 preselected entries from root://cms-xrd-global.cern.ch//store/data/Run2017F/SingleElectron/NANOAOD/Nano25Oct2019-v1/240000/6DEBD53B-13F1-BE4B-916A-C4E65363D174.root (2005365 entries). Finally selected 6448 entries
Pre-select 475759 entries out of 518885 (91.69%)
Processed    10000/  475759 entries,  2.10% (elapsed time    15.1s, curr speed    0.664 kHz, avg speed    0.664 kHz), accepted       36/   10001 events ( 0.36%)
Processed    20000/  475759 entries,  4.20% (elapsed time    27.4s, curr speed    0.810 kHz, avg speed    0.730 kHz), accepted       68/   20001 events ( 0.34%)
Processed    30000/  475759 entries,  6.31% (elapsed time    35.3s, curr speed    1.262 kHz, avg speed    0.849 kHz), accepted      105/   30001 events ( 0.35%)
Processed    40000/  475759 entries,  8.41% (elapsed time    43.2s, curr speed    1.276 kHz, avg speed    0.926 kHz), accepted      144/   40001 events ( 0.36%)
Processed    50000/  475759 entries, 10.51% (elapsed time    51.9s, curr speed    1.152 kHz, avg speed    0.964 kHz), accepted      174/   50001 events ( 0.35%)
Processed    60000/  475759 entries, 12.61% (elapsed time    61.5s, curr speed    1.039 kHz, avg speed    0.976 kHz), accepted      210/   60001 events ( 0.35%)
Processed    70000/  475759 entries, 14.71% (elapsed time    73.9s, curr speed    0.804 kHz, avg speed    0.947 kHz), accepted      255/   70001 events ( 0.36%)
Processed    80000/  475759 entries, 16.82% (elapsed time    82.0s, curr speed    1.237 kHz, avg speed    0.976 kHz), accepted      290/   80001 events ( 0.36%)
Processed    90000/  475759 entries, 18.92% (elapsed time    89.3s, curr speed    1.366 kHz, avg speed    1.008 kHz), accepted      326/   90001 events ( 0.36%)
Processed   100000/  475759 entries, 21.02% (elapsed time    99.9s, curr speed    0.948 kHz, avg speed    1.001 kHz), accepted      361/  100001 events ( 0.36%)
Processed   110000/  475759 entries, 23.12% (elapsed time   111.8s, curr speed    0.837 kHz, avg speed    0.984 kHz), accepted      396/  110001 events ( 0.36%)
Processed   120000/  475759 entries, 25.22% (elapsed time   120.0s, curr speed    1.229 kHz, avg speed    1.000 kHz), accepted      430/  120001 events ( 0.36%)
Processed   130000/  475759 entries, 27.32% (elapsed time   127.9s, curr speed    1.254 kHz, avg speed    1.016 kHz), accepted      464/  130001 events ( 0.36%)
Processed   140000/  475759 entries, 29.43% (elapsed time   136.4s, curr speed    1.188 kHz, avg speed    1.027 kHz), accepted      497/  140001 events ( 0.35%)
Processed   150000/  475759 entries, 31.53% (elapsed time   146.7s, curr speed    0.971 kHz, avg speed    1.023 kHz), accepted      528/  150001 events ( 0.35%)
Processed   160000/  475759 entries, 33.63% (elapsed time   157.9s, curr speed    0.887 kHz, avg speed    1.013 kHz), accepted      556/  160001 events ( 0.35%)
Processed   170000/  475759 entries, 35.73% (elapsed time   165.9s, curr speed    1.249 kHz, avg speed    1.024 kHz), accepted      578/  170001 events ( 0.34%)
Processed   180000/  475759 entries, 37.83% (elapsed time   173.7s, curr speed    1.296 kHz, avg speed    1.037 kHz), accepted      610/  180001 events ( 0.34%)
Processed   190000/  475759 entries, 39.94% (elapsed time   187.2s, curr speed    0.739 kHz, avg speed    1.015 kHz), accepted      648/  190001 events ( 0.34%)
Processed   200000/  475759 entries, 42.04% (elapsed time   195.3s, curr speed    1.233 kHz, avg speed    1.024 kHz), accepted      690/  200001 events ( 0.34%)
Processed   210000/  475759 entries, 44.14% (elapsed time   203.7s, curr speed    1.191 kHz, avg speed    1.031 kHz), accepted      727/  210001 events ( 0.35%)
Processed   220000/  475759 entries, 46.24% (elapsed time   212.1s, curr speed    1.186 kHz, avg speed    1.037 kHz), accepted      771/  220001 events ( 0.35%)
Processed   230000/  475759 entries, 48.34% (elapsed time   222.9s, curr speed    0.924 kHz, avg speed    1.032 kHz), accepted      808/  230001 events ( 0.35%)
Processed   240000/  475759 entries, 50.45% (elapsed time   235.1s, curr speed    0.823 kHz, avg speed    1.021 kHz), accepted      852/  240001 events ( 0.35%)
Processed   250000/  475759 entries, 52.55% (elapsed time   242.9s, curr speed    1.278 kHz, avg speed    1.029 kHz), accepted      883/  250001 events ( 0.35%)
Processed   260000/  475759 entries, 54.65% (elapsed time   250.9s, curr speed    1.256 kHz, avg speed    1.036 kHz), accepted      925/  260001 events ( 0.36%)
Processed   270000/  475759 entries, 56.75% (elapsed time   261.5s, curr speed    0.946 kHz, avg speed    1.033 kHz), accepted      959/  270001 events ( 0.36%)
Processed   280000/  475759 entries, 58.85% (elapsed time   273.5s, curr speed    0.829 kHz, avg speed    1.024 kHz), accepted      984/  280001 events ( 0.35%)
Processed   290000/  475759 entries, 60.96% (elapsed time   281.7s, curr speed    1.216 kHz, avg speed    1.029 kHz), accepted     1013/  290001 events ( 0.35%)
Processed   300000/  475759 entries, 63.06% (elapsed time   289.8s, curr speed    1.242 kHz, avg speed    1.035 kHz), accepted     1045/  300001 events ( 0.35%)
Processed   310000/  475759 entries, 65.16% (elapsed time   299.5s, curr speed    1.029 kHz, avg speed    1.035 kHz), accepted     1077/  310001 events ( 0.35%)
Processed   320000/  475759 entries, 67.26% (elapsed time   311.7s, curr speed    0.818 kHz, avg speed    1.027 kHz), accepted     1110/  320001 events ( 0.35%)
Processed   330000/  475759 entries, 69.36% (elapsed time   319.6s, curr speed    1.277 kHz, avg speed    1.033 kHz), accepted     1143/  330001 events ( 0.35%)
Processed   340000/  475759 entries, 71.46% (elapsed time   328.1s, curr speed    1.171 kHz, avg speed    1.036 kHz), accepted     1178/  340001 events ( 0.35%)
Processed   350000/  475759 entries, 73.57% (elapsed time   336.8s, curr speed    1.151 kHz, avg speed    1.039 kHz), accepted     1213/  350001 events ( 0.35%)
Processed   360000/  475759 entries, 75.67% (elapsed time   347.3s, curr speed    0.947 kHz, avg speed    1.036 kHz), accepted     1247/  360001 events ( 0.35%)
Processed   370000/  475759 entries, 77.77% (elapsed time   359.0s, curr speed    0.854 kHz, avg speed    1.031 kHz), accepted     1286/  370001 events ( 0.35%)
Processed   380000/  475759 entries, 79.87% (elapsed time   367.1s, curr speed    1.249 kHz, avg speed    1.035 kHz), accepted     1318/  380001 events ( 0.35%)
Processed   390000/  475759 entries, 81.97% (elapsed time   377.7s, curr speed    0.943 kHz, avg speed    1.033 kHz), accepted     1350/  390001 events ( 0.35%)
Processed   400000/  475759 entries, 84.08% (elapsed time   389.3s, curr speed    0.858 kHz, avg speed    1.027 kHz), accepted     1377/  400001 events ( 0.34%)
Processed   410000/  475759 entries, 86.18% (elapsed time   396.7s, curr speed    1.361 kHz, avg speed    1.034 kHz), accepted     1405/  410001 events ( 0.34%)
Processed   420000/  475759 entries, 88.28% (elapsed time   404.3s, curr speed    1.305 kHz, avg speed    1.039 kHz), accepted     1427/  420001 events ( 0.34%)
Processed   430000/  475759 entries, 90.38% (elapsed time   413.7s, curr speed    1.060 kHz, avg speed    1.039 kHz), accepted     1463/  430001 events ( 0.34%)
Processed   440000/  475759 entries, 92.48% (elapsed time   423.2s, curr speed    1.054 kHz, avg speed    1.040 kHz), accepted     1495/  440001 events ( 0.34%)
Processed   450000/  475759 entries, 94.59% (elapsed time   435.0s, curr speed    0.851 kHz, avg speed    1.035 kHz), accepted     1522/  450001 events ( 0.34%)
Processed   460000/  475759 entries, 96.69% (elapsed time   443.4s, curr speed    1.190 kHz, avg speed    1.037 kHz), accepted     1555/  460001 events ( 0.34%)
Processed   470000/  475759 entries, 98.79% (elapsed time   451.9s, curr speed    1.177 kHz, avg speed    1.040 kHz), accepted     1588/  470001 events ( 0.34%)
Processed 475759 preselected entries from root://cms-xrd-global.cern.ch//store/data/Run2017F/SingleElectron/NANOAOD/Nano25Oct2019-v1/240000/73A5BCD8-25D4-7F44-9EEB-FCB71973195F.root (518885 entries). Finally selected 1608 entries
Pre-select 969616 entries out of 988423 (98.10%)
Processed    10000/  969616 entries,  1.03% (elapsed time     4.7s, curr speed    2.128 kHz, avg speed    2.128 kHz), accepted       29/   10001 events ( 0.29%)
Processed    20000/  969616 entries,  2.06% (elapsed time     7.3s, curr speed    3.889 kHz, avg speed    2.751 kHz), accepted       56/   20001 events ( 0.28%)
Processed    30000/  969616 entries,  3.09% (elapsed time    10.1s, curr speed    3.508 kHz, avg speed    2.964 kHz), accepted       74/   30001 events ( 0.25%)
Processed    40000/  969616 entries,  4.13% (elapsed time    13.0s, curr speed    3.468 kHz, avg speed    3.076 kHz), accepted      102/   40001 events ( 0.25%)
Processed    50000/  969616 entries,  5.16% (elapsed time    15.7s, curr speed    3.665 kHz, avg speed    3.178 kHz), accepted      138/   50001 events ( 0.28%)
Processed    60000/  969616 entries,  6.19% (elapsed time    18.0s, curr speed    4.338 kHz, avg speed    3.326 kHz), accepted      168/   60001 events ( 0.28%)
Processed    70000/  969616 entries,  7.22% (elapsed time    20.7s, curr speed    3.818 kHz, avg speed    3.389 kHz), accepted      190/   70001 events ( 0.27%)
Processed    80000/  969616 entries,  8.25% (elapsed time    23.6s, curr speed    3.369 kHz, avg speed    3.386 kHz), accepted      227/   80001 events ( 0.28%)
Processed    90000/  969616 entries,  9.28% (elapsed time    26.4s, curr speed    3.606 kHz, avg speed    3.409 kHz), accepted      262/   90001 events ( 0.29%)
Processed   100000/  969616 entries, 10.31% (elapsed time    28.9s, curr speed    3.985 kHz, avg speed    3.459 kHz), accepted      281/  100001 events ( 0.28%)
Processed   110000/  969616 entries, 11.34% (elapsed time    31.7s, curr speed    3.539 kHz, avg speed    3.466 kHz), accepted      321/  110001 events ( 0.29%)
Processed   120000/  969616 entries, 12.38% (elapsed time    35.2s, curr speed    2.898 kHz, avg speed    3.411 kHz), accepted      348/  120001 events ( 0.29%)
Processed   130000/  969616 entries, 13.41% (elapsed time    38.3s, curr speed    3.242 kHz, avg speed    3.397 kHz), accepted      367/  130001 events ( 0.28%)
Processed   140000/  969616 entries, 14.44% (elapsed time    41.3s, curr speed    3.339 kHz, avg speed    3.393 kHz), accepted      408/  140001 events ( 0.29%)
Processed   150000/  969616 entries, 15.47% (elapsed time    44.9s, curr speed    2.734 kHz, avg speed    3.339 kHz), accepted      438/  150001 events ( 0.29%)
Processed   160000/  969616 entries, 16.50% (elapsed time    48.3s, curr speed    2.971 kHz, avg speed    3.314 kHz), accepted      470/  160001 events ( 0.29%)
Processed   170000/  969616 entries, 17.53% (elapsed time    50.9s, curr speed    3.759 kHz, avg speed    3.337 kHz), accepted      501/  170001 events ( 0.29%)
Processed   180000/  969616 entries, 18.56% (elapsed time    53.7s, curr speed    3.610 kHz, avg speed    3.351 kHz), accepted      533/  180001 events ( 0.30%)
Processed   190000/  969616 entries, 19.60% (elapsed time    56.5s, curr speed    3.535 kHz, avg speed    3.360 kHz), accepted      576/  190001 events ( 0.30%)
Processed   200000/  969616 entries, 20.63% (elapsed time    59.2s, curr speed    3.703 kHz, avg speed    3.376 kHz), accepted      600/  200001 events ( 0.30%)
Processed   210000/  969616 entries, 21.66% (elapsed time    62.0s, curr speed    3.586 kHz, avg speed    3.385 kHz), accepted      624/  210001 events ( 0.30%)
Processed   220000/  969616 entries, 22.69% (elapsed time    64.9s, curr speed    3.437 kHz, avg speed    3.388 kHz), accepted      658/  220001 events ( 0.30%)
Processed   230000/  969616 entries, 23.72% (elapsed time    68.5s, curr speed    2.790 kHz, avg speed    3.356 kHz), accepted      690/  230001 events ( 0.30%)
Processed   240000/  969616 entries, 24.75% (elapsed time    72.0s, curr speed    2.866 kHz, avg speed    3.333 kHz), accepted      725/  240001 events ( 0.30%)
Processed   250000/  969616 entries, 25.78% (elapsed time    74.6s, curr speed    3.829 kHz, avg speed    3.350 kHz), accepted      753/  250001 events ( 0.30%)
Processed   260000/  969616 entries, 26.81% (elapsed time    77.1s, curr speed    4.037 kHz, avg speed    3.372 kHz), accepted      781/  260001 events ( 0.30%)
Processed   270000/  969616 entries, 27.85% (elapsed time    79.2s, curr speed    4.774 kHz, avg speed    3.409 kHz), accepted      810/  270001 events ( 0.30%)
Processed   280000/  969616 entries, 28.88% (elapsed time    81.5s, curr speed    4.420 kHz, avg speed    3.437 kHz), accepted      837/  280001 events ( 0.30%)
Processed   290000/  969616 entries, 29.91% (elapsed time    84.0s, curr speed    3.923 kHz, avg speed    3.452 kHz), accepted      867/  290001 events ( 0.30%)
Processed   300000/  969616 entries, 30.94% (elapsed time    86.8s, curr speed    3.536 kHz, avg speed    3.455 kHz), accepted      895/  300001 events ( 0.30%)
Processed   310000/  969616 entries, 31.97% (elapsed time    89.1s, curr speed    4.458 kHz, avg speed    3.480 kHz), accepted      923/  310001 events ( 0.30%)
Processed   320000/  969616 entries, 33.00% (elapsed time    91.7s, curr speed    3.859 kHz, avg speed    3.491 kHz), accepted      947/  320001 events ( 0.30%)
Processed   330000/  969616 entries, 34.03% (elapsed time    94.4s, curr speed    3.693 kHz, avg speed    3.496 kHz), accepted      973/  330001 events ( 0.29%)
Processed   340000/  969616 entries, 35.07% (elapsed time    96.8s, curr speed    4.176 kHz, avg speed    3.513 kHz), accepted      992/  340001 events ( 0.29%)
Processed   350000/  969616 entries, 36.10% (elapsed time    99.5s, curr speed    3.706 kHz, avg speed    3.519 kHz), accepted     1010/  350001 events ( 0.29%)
Processed   360000/  969616 entries, 37.13% (elapsed time   102.2s, curr speed    3.684 kHz, avg speed    3.523 kHz), accepted     1035/  360001 events ( 0.29%)
Processed   370000/  969616 entries, 38.16% (elapsed time   104.6s, curr speed    4.064 kHz, avg speed    3.536 kHz), accepted     1054/  370001 events ( 0.28%)
Processed   380000/  969616 entries, 39.19% (elapsed time   107.9s, curr speed    3.119 kHz, avg speed    3.523 kHz), accepted     1077/  380001 events ( 0.28%)
Processed   390000/  969616 entries, 40.22% (elapsed time   110.6s, curr speed    3.647 kHz, avg speed    3.526 kHz), accepted     1101/  390001 events ( 0.28%)
Processed   400000/  969616 entries, 41.25% (elapsed time   113.5s, curr speed    3.459 kHz, avg speed    3.525 kHz), accepted     1141/  400001 events ( 0.29%)
Processed   410000/  969616 entries, 42.28% (elapsed time   117.0s, curr speed    2.857 kHz, avg speed    3.505 kHz), accepted     1175/  410001 events ( 0.29%)
Processed   420000/  969616 entries, 43.32% (elapsed time   119.6s, curr speed    3.765 kHz, avg speed    3.510 kHz), accepted     1203/  420001 events ( 0.29%)
Processed   430000/  969616 entries, 44.35% (elapsed time   122.2s, curr speed    3.857 kHz, avg speed    3.518 kHz), accepted     1226/  430001 events ( 0.29%)
Processed   440000/  969616 entries, 45.38% (elapsed time   124.8s, curr speed    3.961 kHz, avg speed    3.527 kHz), accepted     1247/  440001 events ( 0.28%)
Processed   450000/  969616 entries, 46.41% (elapsed time   127.3s, curr speed    3.897 kHz, avg speed    3.534 kHz), accepted     1285/  450001 events ( 0.29%)
Processed   460000/  969616 entries, 47.44% (elapsed time   129.9s, curr speed    3.853 kHz, avg speed    3.541 kHz), accepted     1305/  460001 events ( 0.28%)
Processed   470000/  969616 entries, 48.47% (elapsed time   132.9s, curr speed    3.344 kHz, avg speed    3.536 kHz), accepted     1339/  470001 events ( 0.28%)
Processed   480000/  969616 entries, 49.50% (elapsed time   135.5s, curr speed    3.859 kHz, avg speed    3.542 kHz), accepted     1372/  480001 events ( 0.29%)
Processed   490000/  969616 entries, 50.54% (elapsed time   138.0s, curr speed    4.010 kHz, avg speed    3.551 kHz), accepted     1414/  490001 events ( 0.29%)
Processed   500000/  969616 entries, 51.57% (elapsed time   140.9s, curr speed    3.395 kHz, avg speed    3.547 kHz), accepted     1453/  500001 events ( 0.29%)
Processed   510000/  969616 entries, 52.60% (elapsed time   143.3s, curr speed    4.247 kHz, avg speed    3.559 kHz), accepted     1480/  510001 events ( 0.29%)
Processed   520000/  969616 entries, 53.63% (elapsed time   145.6s, curr speed    4.309 kHz, avg speed    3.571 kHz), accepted     1503/  520001 events ( 0.29%)
Processed   530000/  969616 entries, 54.66% (elapsed time   148.2s, curr speed    3.807 kHz, avg speed    3.575 kHz), accepted     1531/  530001 events ( 0.29%)
Processed   540000/  969616 entries, 55.69% (elapsed time   150.8s, curr speed    3.982 kHz, avg speed    3.582 kHz), accepted     1554/  540001 events ( 0.29%)
Processed   550000/  969616 entries, 56.72% (elapsed time   153.2s, curr speed    4.144 kHz, avg speed    3.591 kHz), accepted     1571/  550001 events ( 0.29%)
Processed   560000/  969616 entries, 57.75% (elapsed time   156.1s, curr speed    3.379 kHz, avg speed    3.587 kHz), accepted     1599/  560001 events ( 0.29%)
Processed   570000/  969616 entries, 58.79% (elapsed time   158.5s, curr speed    4.233 kHz, avg speed    3.596 kHz), accepted     1631/  570001 events ( 0.29%)
Processed   580000/  969616 entries, 59.82% (elapsed time   160.7s, curr speed    4.447 kHz, avg speed    3.608 kHz), accepted     1666/  580001 events ( 0.29%)
Processed   590000/  969616 entries, 60.85% (elapsed time   163.2s, curr speed    4.114 kHz, avg speed    3.616 kHz), accepted     1697/  590001 events ( 0.29%)
Processed   600000/  969616 entries, 61.88% (elapsed time   165.5s, curr speed    4.258 kHz, avg speed    3.625 kHz), accepted     1726/  600001 events ( 0.29%)
Processed   610000/  969616 entries, 62.91% (elapsed time   168.3s, curr speed    3.616 kHz, avg speed    3.625 kHz), accepted     1746/  610001 events ( 0.29%)
Processed   620000/  969616 entries, 63.94% (elapsed time   170.8s, curr speed    4.055 kHz, avg speed    3.631 kHz), accepted     1768/  620001 events ( 0.29%)
Processed   630000/  969616 entries, 64.97% (elapsed time   173.7s, curr speed    3.381 kHz, avg speed    3.627 kHz), accepted     1784/  630001 events ( 0.28%)
Processed   640000/  969616 entries, 66.01% (elapsed time   176.1s, curr speed    4.215 kHz, avg speed    3.635 kHz), accepted     1817/  640001 events ( 0.28%)
Processed   650000/  969616 entries, 67.04% (elapsed time   178.8s, curr speed    3.695 kHz, avg speed    3.636 kHz), accepted     1838/  650001 events ( 0.28%)
Processed   660000/  969616 entries, 68.07% (elapsed time   181.4s, curr speed    3.776 kHz, avg speed    3.638 kHz), accepted     1868/  660001 events ( 0.28%)
Processed   670000/  969616 entries, 69.10% (elapsed time   184.4s, curr speed    3.380 kHz, avg speed    3.633 kHz), accepted     1905/  670001 events ( 0.28%)
Processed   680000/  969616 entries, 70.13% (elapsed time   187.5s, curr speed    3.181 kHz, avg speed    3.626 kHz), accepted     1936/  680001 events ( 0.28%)
Processed   690000/  969616 entries, 71.16% (elapsed time   190.3s, curr speed    3.657 kHz, avg speed    3.626 kHz), accepted     1982/  690001 events ( 0.29%)
Processed   700000/  969616 entries, 72.19% (elapsed time   192.6s, curr speed    4.298 kHz, avg speed    3.634 kHz), accepted     2001/  700001 events ( 0.29%)
Processed   710000/  969616 entries, 73.22% (elapsed time   195.7s, curr speed    3.255 kHz, avg speed    3.628 kHz), accepted     2030/  710001 events ( 0.29%)
Processed   720000/  969616 entries, 74.26% (elapsed time   198.3s, curr speed    3.739 kHz, avg speed    3.630 kHz), accepted     2057/  720001 events ( 0.29%)
Processed   730000/  969616 entries, 75.29% (elapsed time   201.0s, curr speed    3.765 kHz, avg speed    3.632 kHz), accepted     2083/  730001 events ( 0.29%)
Processed   740000/  969616 entries, 76.32% (elapsed time   203.6s, curr speed    3.867 kHz, avg speed    3.635 kHz), accepted     2111/  740001 events ( 0.29%)
Processed   750000/  969616 entries, 77.35% (elapsed time   206.3s, curr speed    3.742 kHz, avg speed    3.636 kHz), accepted     2143/  750001 events ( 0.29%)
Processed   760000/  969616 entries, 78.38% (elapsed time   209.0s, curr speed    3.627 kHz, avg speed    3.636 kHz), accepted     2163/  760001 events ( 0.28%)
Processed   770000/  969616 entries, 79.41% (elapsed time   212.1s, curr speed    3.212 kHz, avg speed    3.630 kHz), accepted     2187/  770001 events ( 0.28%)
Processed   780000/  969616 entries, 80.44% (elapsed time   215.4s, curr speed    3.031 kHz, avg speed    3.621 kHz), accepted     2205/  780001 events ( 0.28%)
Processed   790000/  969616 entries, 81.48% (elapsed time   218.6s, curr speed    3.180 kHz, avg speed    3.614 kHz), accepted     2233/  790001 events ( 0.28%)
Processed   800000/  969616 entries, 82.51% (elapsed time   220.9s, curr speed    4.272 kHz, avg speed    3.621 kHz), accepted     2260/  800001 events ( 0.28%)
Processed   810000/  969616 entries, 83.54% (elapsed time   223.2s, curr speed    4.452 kHz, avg speed    3.630 kHz), accepted     2279/  810001 events ( 0.28%)
Processed   820000/  969616 entries, 84.57% (elapsed time   225.6s, curr speed    4.042 kHz, avg speed    3.634 kHz), accepted     2304/  820001 events ( 0.28%)
Processed   830000/  969616 entries, 85.60% (elapsed time   228.1s, curr speed    4.033 kHz, avg speed    3.638 kHz), accepted     2341/  830001 events ( 0.28%)
Processed   840000/  969616 entries, 86.63% (elapsed time   231.0s, curr speed    3.448 kHz, avg speed    3.636 kHz), accepted     2366/  840001 events ( 0.28%)
Processed   850000/  969616 entries, 87.66% (elapsed time   233.6s, curr speed    3.805 kHz, avg speed    3.638 kHz), accepted     2390/  850001 events ( 0.28%)
Processed   860000/  969616 entries, 88.69% (elapsed time   236.3s, curr speed    3.796 kHz, avg speed    3.640 kHz), accepted     2410/  860001 events ( 0.28%)
Processed   870000/  969616 entries, 89.73% (elapsed time   238.7s, curr speed    4.087 kHz, avg speed    3.644 kHz), accepted     2440/  870001 events ( 0.28%)
Processed   880000/  969616 entries, 90.76% (elapsed time   241.2s, curr speed    4.000 kHz, avg speed    3.648 kHz), accepted     2471/  880001 events ( 0.28%)
Processed   890000/  969616 entries, 91.79% (elapsed time   244.1s, curr speed    3.500 kHz, avg speed    3.646 kHz), accepted     2503/  890001 events ( 0.28%)
Processed   900000/  969616 entries, 92.82% (elapsed time   247.6s, curr speed    2.858 kHz, avg speed    3.635 kHz), accepted     2538/  900001 events ( 0.28%)
Processed   910000/  969616 entries, 93.85% (elapsed time   251.0s, curr speed    2.940 kHz, avg speed    3.626 kHz), accepted     2555/  910001 events ( 0.28%)
Processed   920000/  969616 entries, 94.88% (elapsed time   253.7s, curr speed    3.620 kHz, avg speed    3.626 kHz), accepted     2576/  920001 events ( 0.28%)
Processed   930000/  969616 entries, 95.91% (elapsed time   256.0s, curr speed    4.347 kHz, avg speed    3.632 kHz), accepted     2609/  930001 events ( 0.28%)
Processed   940000/  969616 entries, 96.95% (elapsed time   258.3s, curr speed    4.462 kHz, avg speed    3.639 kHz), accepted     2634/  940001 events ( 0.28%)
Processed   950000/  969616 entries, 97.98% (elapsed time   260.7s, curr speed    4.156 kHz, avg speed    3.644 kHz), accepted     2657/  950001 events ( 0.28%)
Processed   960000/  969616 entries, 99.01% (elapsed time   263.5s, curr speed    3.621 kHz, avg speed    3.644 kHz), accepted     2673/  960001 events ( 0.28%)
Processed 969616 preselected entries from root://cms-xrd-global.cern.ch//store/data/Run2017F/SingleElectron/NANOAOD/Nano25Oct2019-v1/240000/751DF919-AE37-8648-8E10-0AE76FF71833.root (988423 entries). Finally selected 2687 entries
Pre-select 690724 entries out of 714963 (96.61%)
Processed    10000/  690724 entries,  1.45% (elapsed time     4.6s, curr speed    2.182 kHz, avg speed    2.182 kHz), accepted       46/   10001 events ( 0.46%)
Processed    20000/  690724 entries,  2.90% (elapsed time     8.0s, curr speed    2.943 kHz, avg speed    2.506 kHz), accepted       69/   20001 events ( 0.34%)
Processed    30000/  690724 entries,  4.34% (elapsed time    10.7s, curr speed    3.702 kHz, avg speed    2.808 kHz), accepted       88/   30001 events ( 0.29%)
Processed    40000/  690724 entries,  5.79% (elapsed time    13.6s, curr speed    3.380 kHz, avg speed    2.932 kHz), accepted      113/   40001 events ( 0.28%)
Processed    50000/  690724 entries,  7.24% (elapsed time    16.9s, curr speed    3.084 kHz, avg speed    2.962 kHz), accepted      148/   50001 events ( 0.30%)
Processed    60000/  690724 entries,  8.69% (elapsed time    20.9s, curr speed    2.462 kHz, avg speed    2.865 kHz), accepted      173/   60001 events ( 0.29%)
Processed    70000/  690724 entries, 10.13% (elapsed time    23.8s, curr speed    3.496 kHz, avg speed    2.941 kHz), accepted      193/   70001 events ( 0.28%)
Processed    80000/  690724 entries, 11.58% (elapsed time    27.4s, curr speed    2.801 kHz, avg speed    2.922 kHz), accepted      218/   80001 events ( 0.27%)
Processed    90000/  690724 entries, 13.03% (elapsed time    30.6s, curr speed    3.078 kHz, avg speed    2.939 kHz), accepted      254/   90001 events ( 0.28%)
Processed   100000/  690724 entries, 14.48% (elapsed time    36.0s, curr speed    1.851 kHz, avg speed    2.776 kHz), accepted      290/  100001 events ( 0.29%)
Processed   110000/  690724 entries, 15.93% (elapsed time    39.5s, curr speed    2.919 kHz, avg speed    2.788 kHz), accepted      323/  110001 events ( 0.29%)
Processed   120000/  690724 entries, 17.37% (elapsed time    43.4s, curr speed    2.536 kHz, avg speed    2.765 kHz), accepted      352/  120001 events ( 0.29%)
Processed   130000/  690724 entries, 18.82% (elapsed time    46.1s, curr speed    3.708 kHz, avg speed    2.820 kHz), accepted      386/  130001 events ( 0.30%)
Processed   140000/  690724 entries, 20.27% (elapsed time    50.0s, curr speed    2.559 kHz, avg speed    2.800 kHz), accepted      422/  140001 events ( 0.30%)
Processed   150000/  690724 entries, 21.72% (elapsed time    55.8s, curr speed    1.729 kHz, avg speed    2.689 kHz), accepted      459/  150001 events ( 0.31%)
Processed   160000/  690724 entries, 23.16% (elapsed time    59.2s, curr speed    2.951 kHz, avg speed    2.704 kHz), accepted      495/  160001 events ( 0.31%)
Processed   170000/  690724 entries, 24.61% (elapsed time    63.2s, curr speed    2.498 kHz, avg speed    2.691 kHz), accepted      515/  170001 events ( 0.30%)
Processed   180000/  690724 entries, 26.06% (elapsed time    66.7s, curr speed    2.855 kHz, avg speed    2.700 kHz), accepted      540/  180001 events ( 0.30%)
Processed   190000/  690724 entries, 27.51% (elapsed time    71.3s, curr speed    2.158 kHz, avg speed    2.664 kHz), accepted      576/  190001 events ( 0.30%)
Processed   200000/  690724 entries, 28.96% (elapsed time    76.8s, curr speed    1.811 kHz, avg speed    2.603 kHz), accepted      604/  200001 events ( 0.30%)
Processed   210000/  690724 entries, 30.40% (elapsed time    80.0s, curr speed    3.128 kHz, avg speed    2.624 kHz), accepted      632/  210001 events ( 0.30%)
Processed   220000/  690724 entries, 31.85% (elapsed time    82.9s, curr speed    3.439 kHz, avg speed    2.653 kHz), accepted      661/  220001 events ( 0.30%)
Processed   230000/  690724 entries, 33.30% (elapsed time    85.8s, curr speed    3.541 kHz, avg speed    2.682 kHz), accepted      697/  230001 events ( 0.30%)
Processed   240000/  690724 entries, 34.75% (elapsed time    88.7s, curr speed    3.404 kHz, avg speed    2.706 kHz), accepted      728/  240001 events ( 0.30%)
Processed   250000/  690724 entries, 36.19% (elapsed time    92.2s, curr speed    2.866 kHz, avg speed    2.712 kHz), accepted      752/  250001 events ( 0.30%)
Processed   260000/  690724 entries, 37.64% (elapsed time    95.7s, curr speed    2.878 kHz, avg speed    2.718 kHz), accepted      778/  260001 events ( 0.30%)
Processed   270000/  690724 entries, 39.09% (elapsed time    99.1s, curr speed    2.908 kHz, avg speed    2.724 kHz), accepted      821/  270001 events ( 0.30%)
Processed   280000/  690724 entries, 40.54% (elapsed time   104.6s, curr speed    1.813 kHz, avg speed    2.676 kHz), accepted      857/  280001 events ( 0.31%)
Processed   290000/  690724 entries, 41.98% (elapsed time   110.8s, curr speed    1.617 kHz, avg speed    2.617 kHz), accepted      889/  290001 events ( 0.31%)
Processed   300000/  690724 entries, 43.43% (elapsed time   117.3s, curr speed    1.535 kHz, avg speed    2.557 kHz), accepted      923/  300001 events ( 0.31%)
Processed   310000/  690724 entries, 44.88% (elapsed time   122.6s, curr speed    1.884 kHz, avg speed    2.528 kHz), accepted      967/  310001 events ( 0.31%)
Processed   320000/  690724 entries, 46.33% (elapsed time   131.7s, curr speed    1.103 kHz, avg speed    2.430 kHz), accepted     1003/  320001 events ( 0.31%)
Processed   330000/  690724 entries, 47.78% (elapsed time   137.2s, curr speed    1.827 kHz, avg speed    2.406 kHz), accepted     1040/  330001 events ( 0.32%)
Processed   340000/  690724 entries, 49.22% (elapsed time   141.3s, curr speed    2.435 kHz, avg speed    2.407 kHz), accepted     1071/  340001 events ( 0.31%)
Processed   350000/  690724 entries, 50.67% (elapsed time   146.1s, curr speed    2.075 kHz, avg speed    2.396 kHz), accepted     1091/  350001 events ( 0.31%)
Processed   360000/  690724 entries, 52.12% (elapsed time   149.8s, curr speed    2.712 kHz, avg speed    2.404 kHz), accepted     1116/  360001 events ( 0.31%)
Processed   370000/  690724 entries, 53.57% (elapsed time   153.8s, curr speed    2.507 kHz, avg speed    2.406 kHz), accepted     1158/  370001 events ( 0.31%)
Processed   380000/  690724 entries, 55.01% (elapsed time   159.4s, curr speed    1.789 kHz, avg speed    2.385 kHz), accepted     1194/  380001 events ( 0.31%)
Processed   390000/  690724 entries, 56.46% (elapsed time   170.0s, curr speed    0.944 kHz, avg speed    2.295 kHz), accepted     1220/  390001 events ( 0.31%)
Processed   400000/  690724 entries, 57.91% (elapsed time   179.0s, curr speed    1.110 kHz, avg speed    2.235 kHz), accepted     1256/  400001 events ( 0.31%)
Processed   410000/  690724 entries, 59.36% (elapsed time   186.6s, curr speed    1.307 kHz, avg speed    2.197 kHz), accepted     1287/  410001 events ( 0.31%)
Processed   420000/  690724 entries, 60.81% (elapsed time   194.9s, curr speed    1.211 kHz, avg speed    2.155 kHz), accepted     1324/  420001 events ( 0.32%)
Processed   430000/  690724 entries, 62.25% (elapsed time   205.3s, curr speed    0.961 kHz, avg speed    2.095 kHz), accepted     1363/  430001 events ( 0.32%)
Processed   440000/  690724 entries, 63.70% (elapsed time   213.5s, curr speed    1.220 kHz, avg speed    2.061 kHz), accepted     1398/  440001 events ( 0.32%)
Processed   450000/  690724 entries, 65.15% (elapsed time   218.0s, curr speed    2.215 kHz, avg speed    2.064 kHz), accepted     1439/  450001 events ( 0.32%)
Processed   460000/  690724 entries, 66.60% (elapsed time   221.9s, curr speed    2.545 kHz, avg speed    2.073 kHz), accepted     1470/  460001 events ( 0.32%)
Processed   470000/  690724 entries, 68.04% (elapsed time   227.9s, curr speed    1.661 kHz, avg speed    2.062 kHz), accepted     1496/  470001 events ( 0.32%)
Processed   480000/  690724 entries, 69.49% (elapsed time   232.7s, curr speed    2.110 kHz, avg speed    2.063 kHz), accepted     1529/  480001 events ( 0.32%)
Processed   490000/  690724 entries, 70.94% (elapsed time   239.4s, curr speed    1.498 kHz, avg speed    2.047 kHz), accepted     1552/  490001 events ( 0.32%)
Processed   500000/  690724 entries, 72.39% (elapsed time   243.3s, curr speed    2.525 kHz, avg speed    2.055 kHz), accepted     1581/  500001 events ( 0.32%)
Processed   510000/  690724 entries, 73.84% (elapsed time   248.6s, curr speed    1.891 kHz, avg speed    2.051 kHz), accepted     1604/  510001 events ( 0.31%)
Processed   520000/  690724 entries, 75.28% (elapsed time   252.7s, curr speed    2.445 kHz, avg speed    2.058 kHz), accepted     1633/  520001 events ( 0.31%)
Processed   530000/  690724 entries, 76.73% (elapsed time   256.7s, curr speed    2.490 kHz, avg speed    2.065 kHz), accepted     1674/  530001 events ( 0.32%)
Processed   540000/  690724 entries, 78.18% (elapsed time   260.6s, curr speed    2.554 kHz, avg speed    2.072 kHz), accepted     1711/  540001 events ( 0.32%)
Processed   550000/  690724 entries, 79.63% (elapsed time   268.0s, curr speed    1.361 kHz, avg speed    2.052 kHz), accepted     1752/  550001 events ( 0.32%)
Processed   560000/  690724 entries, 81.07% (elapsed time   273.9s, curr speed    1.676 kHz, avg speed    2.044 kHz), accepted     1786/  560001 events ( 0.32%)
Processed   570000/  690724 entries, 82.52% (elapsed time   279.1s, curr speed    1.954 kHz, avg speed    2.043 kHz), accepted     1813/  570001 events ( 0.32%)
Processed   580000/  690724 entries, 83.97% (elapsed time   283.9s, curr speed    2.065 kHz, avg speed    2.043 kHz), accepted     1845/  580001 events ( 0.32%)
Processed   590000/  690724 entries, 85.42% (elapsed time   289.6s, curr speed    1.769 kHz, avg speed    2.038 kHz), accepted     1871/  590001 events ( 0.32%)
Processed   600000/  690724 entries, 86.87% (elapsed time   295.1s, curr speed    1.812 kHz, avg speed    2.033 kHz), accepted     1898/  600001 events ( 0.32%)
Processed   610000/  690724 entries, 88.31% (elapsed time   301.5s, curr speed    1.546 kHz, avg speed    2.023 kHz), accepted     1929/  610001 events ( 0.32%)
Processed   620000/  690724 entries, 89.76% (elapsed time   306.8s, curr speed    1.891 kHz, avg speed    2.021 kHz), accepted     1968/  620001 events ( 0.32%)
Processed   630000/  690724 entries, 91.21% (elapsed time   311.3s, curr speed    2.266 kHz, avg speed    2.024 kHz), accepted     1991/  630001 events ( 0.32%)
Processed   640000/  690724 entries, 92.66% (elapsed time   314.9s, curr speed    2.728 kHz, avg speed    2.032 kHz), accepted     2013/  640001 events ( 0.31%)
Processed   650000/  690724 entries, 94.10% (elapsed time   319.5s, curr speed    2.204 kHz, avg speed    2.035 kHz), accepted     2035/  650001 events ( 0.31%)
Processed   660000/  690724 entries, 95.55% (elapsed time   324.4s, curr speed    2.010 kHz, avg speed    2.034 kHz), accepted     2069/  660001 events ( 0.31%)
Processed   670000/  690724 entries, 97.00% (elapsed time   328.9s, curr speed    2.252 kHz, avg speed    2.037 kHz), accepted     2094/  670001 events ( 0.31%)
Processed   680000/  690724 entries, 98.45% (elapsed time   332.9s, curr speed    2.481 kHz, avg speed    2.043 kHz), accepted     2115/  680001 events ( 0.31%)
Processed   690000/  690724 entries, 99.90% (elapsed time   338.7s, curr speed    1.727 kHz, avg speed    2.037 kHz), accepted     2137/  690001 events ( 0.31%)
Processed 690724 preselected entries from root://cms-xrd-global.cern.ch//store/data/Run2017F/SingleElectron/NANOAOD/Nano25Oct2019-v1/240000/78A84B01-9418-7C42-884F-729BDBCD5CDF.root (714963 entries). Finally selected 2139 entries
Pre-select 1409623 entries out of 1459912 (96.56%)
Processed    10000/ 1409623 entries,  0.71% (elapsed time     4.5s, curr speed    2.208 kHz, avg speed    2.208 kHz), accepted       39/   10001 events ( 0.39%)
Processed    20000/ 1409623 entries,  1.42% (elapsed time     7.5s, curr speed    3.391 kHz, avg speed    2.675 kHz), accepted       76/   20001 events ( 0.38%)
Processed    30000/ 1409623 entries,  2.13% (elapsed time    10.2s, curr speed    3.648 kHz, avg speed    2.936 kHz), accepted      102/   30001 events ( 0.34%)
Processed    40000/ 1409623 entries,  2.84% (elapsed time    15.1s, curr speed    2.042 kHz, avg speed    2.646 kHz), accepted      148/   40001 events ( 0.37%)
Processed    50000/ 1409623 entries,  3.55% (elapsed time    21.3s, curr speed    1.609 kHz, avg speed    2.344 kHz), accepted      185/   50001 events ( 0.37%)
Processed    60000/ 1409623 entries,  4.26% (elapsed time    23.9s, curr speed    3.909 kHz, avg speed    2.512 kHz), accepted      215/   60001 events ( 0.36%)
Processed    70000/ 1409623 entries,  4.97% (elapsed time    26.5s, curr speed    3.814 kHz, avg speed    2.641 kHz), accepted      259/   70001 events ( 0.37%)
Processed    80000/ 1409623 entries,  5.68% (elapsed time    29.4s, curr speed    3.439 kHz, avg speed    2.720 kHz), accepted      288/   80001 events ( 0.36%)
Processed    90000/ 1409623 entries,  6.38% (elapsed time    32.6s, curr speed    3.156 kHz, avg speed    2.762 kHz), accepted      319/   90001 events ( 0.35%)
Processed   100000/ 1409623 entries,  7.09% (elapsed time    35.4s, curr speed    3.569 kHz, avg speed    2.826 kHz), accepted      356/  100001 events ( 0.36%)
Processed   110000/ 1409623 entries,  7.80% (elapsed time    38.2s, curr speed    3.560 kHz, avg speed    2.880 kHz), accepted      377/  110001 events ( 0.34%)
Processed   120000/ 1409623 entries,  8.51% (elapsed time    41.4s, curr speed    3.127 kHz, avg speed    2.899 kHz), accepted      405/  120001 events ( 0.34%)
Processed   130000/ 1409623 entries,  9.22% (elapsed time    44.6s, curr speed    3.140 kHz, avg speed    2.916 kHz), accepted      440/  130001 events ( 0.34%)
Processed   140000/ 1409623 entries,  9.93% (elapsed time    47.2s, curr speed    3.768 kHz, avg speed    2.964 kHz), accepted      477/  140001 events ( 0.34%)
Processed   150000/ 1409623 entries, 10.64% (elapsed time    50.1s, curr speed    3.451 kHz, avg speed    2.992 kHz), accepted      502/  150001 events ( 0.33%)
Processed   160000/ 1409623 entries, 11.35% (elapsed time    53.6s, curr speed    2.915 kHz, avg speed    2.987 kHz), accepted      543/  160001 events ( 0.34%)
Processed   170000/ 1409623 entries, 12.06% (elapsed time    57.5s, curr speed    2.551 kHz, avg speed    2.957 kHz), accepted      577/  170001 events ( 0.34%)
Processed   180000/ 1409623 entries, 12.77% (elapsed time    60.2s, curr speed    3.623 kHz, avg speed    2.988 kHz), accepted      607/  180001 events ( 0.34%)
Processed   190000/ 1409623 entries, 13.48% (elapsed time    63.3s, curr speed    3.268 kHz, avg speed    3.002 kHz), accepted      634/  190001 events ( 0.33%)
Processed   200000/ 1409623 entries, 14.19% (elapsed time    66.6s, curr speed    3.059 kHz, avg speed    3.004 kHz), accepted      662/  200001 events ( 0.33%)
Processed   210000/ 1409623 entries, 14.90% (elapsed time    69.9s, curr speed    2.968 kHz, avg speed    3.003 kHz), accepted      693/  210001 events ( 0.33%)
Processed   220000/ 1409623 entries, 15.61% (elapsed time    72.5s, curr speed    3.881 kHz, avg speed    3.034 kHz), accepted      724/  220001 events ( 0.33%)
Processed   230000/ 1409623 entries, 16.32% (elapsed time    75.1s, curr speed    3.944 kHz, avg speed    3.065 kHz), accepted      748/  230001 events ( 0.33%)
Processed   240000/ 1409623 entries, 17.03% (elapsed time    78.1s, curr speed    3.316 kHz, avg speed    3.074 kHz), accepted      774/  240001 events ( 0.32%)
Processed   250000/ 1409623 entries, 17.74% (elapsed time    81.5s, curr speed    2.888 kHz, avg speed    3.066 kHz), accepted      801/  250001 events ( 0.32%)
Processed   260000/ 1409623 entries, 18.44% (elapsed time    84.0s, curr speed    3.968 kHz, avg speed    3.093 kHz), accepted      838/  260001 events ( 0.32%)
Processed   270000/ 1409623 entries, 19.15% (elapsed time    86.5s, curr speed    4.018 kHz, avg speed    3.120 kHz), accepted      864/  270001 events ( 0.32%)
Processed   280000/ 1409623 entries, 19.86% (elapsed time    88.9s, curr speed    4.234 kHz, avg speed    3.150 kHz), accepted      887/  280001 events ( 0.32%)
Processed   290000/ 1409623 entries, 20.57% (elapsed time    92.0s, curr speed    3.248 kHz, avg speed    3.153 kHz), accepted      906/  290001 events ( 0.31%)
Processed   300000/ 1409623 entries, 21.28% (elapsed time    94.3s, curr speed    4.324 kHz, avg speed    3.182 kHz), accepted      939/  300001 events ( 0.31%)
Processed   310000/ 1409623 entries, 21.99% (elapsed time    96.8s, curr speed    3.932 kHz, avg speed    3.201 kHz), accepted      966/  310001 events ( 0.31%)
Processed   320000/ 1409623 entries, 22.70% (elapsed time    99.5s, curr speed    3.738 kHz, avg speed    3.216 kHz), accepted     1000/  320001 events ( 0.31%)
Processed   330000/ 1409623 entries, 23.41% (elapsed time   103.0s, curr speed    2.868 kHz, avg speed    3.204 kHz), accepted     1024/  330001 events ( 0.31%)
Processed   340000/ 1409623 entries, 24.12% (elapsed time   105.7s, curr speed    3.721 kHz, avg speed    3.217 kHz), accepted     1049/  340001 events ( 0.31%)
Processed   350000/ 1409623 entries, 24.83% (elapsed time   108.4s, curr speed    3.706 kHz, avg speed    3.229 kHz), accepted     1082/  350001 events ( 0.31%)
Processed   360000/ 1409623 entries, 25.54% (elapsed time   111.5s, curr speed    3.178 kHz, avg speed    3.228 kHz), accepted     1099/  360001 events ( 0.31%)
Processed   370000/ 1409623 entries, 26.25% (elapsed time   115.8s, curr speed    2.354 kHz, avg speed    3.196 kHz), accepted     1123/  370001 events ( 0.30%)
Processed   380000/ 1409623 entries, 26.96% (elapsed time   118.8s, curr speed    3.320 kHz, avg speed    3.199 kHz), accepted     1157/  380001 events ( 0.30%)
Processed   390000/ 1409623 entries, 27.67% (elapsed time   121.5s, curr speed    3.752 kHz, avg speed    3.211 kHz), accepted     1186/  390001 events ( 0.30%)
Processed   400000/ 1409623 entries, 28.38% (elapsed time   124.6s, curr speed    3.131 kHz, avg speed    3.209 kHz), accepted     1213/  400001 events ( 0.30%)
Processed   410000/ 1409623 entries, 29.09% (elapsed time   127.5s, curr speed    3.459 kHz, avg speed    3.215 kHz), accepted     1248/  410001 events ( 0.30%)
Processed   420000/ 1409623 entries, 29.80% (elapsed time   130.4s, curr speed    3.506 kHz, avg speed    3.221 kHz), accepted     1289/  420001 events ( 0.31%)
Processed   430000/ 1409623 entries, 30.50% (elapsed time   133.0s, curr speed    3.893 kHz, avg speed    3.234 kHz), accepted     1312/  430001 events ( 0.31%)
Processed   440000/ 1409623 entries, 31.21% (elapsed time   136.1s, curr speed    3.220 kHz, avg speed    3.234 kHz), accepted     1336/  440001 events ( 0.30%)
Processed   450000/ 1409623 entries, 31.92% (elapsed time   139.1s, curr speed    3.329 kHz, avg speed    3.236 kHz), accepted     1366/  450001 events ( 0.30%)
Processed   460000/ 1409623 entries, 32.63% (elapsed time   141.6s, curr speed    3.897 kHz, avg speed    3.248 kHz), accepted     1388/  460001 events ( 0.30%)
Processed   470000/ 1409623 entries, 33.34% (elapsed time   144.8s, curr speed    3.198 kHz, avg speed    3.247 kHz), accepted     1417/  470001 events ( 0.30%)
Processed   480000/ 1409623 entries, 34.05% (elapsed time   147.2s, curr speed    4.075 kHz, avg speed    3.260 kHz), accepted     1440/  480001 events ( 0.30%)
Processed   490000/ 1409623 entries, 34.76% (elapsed time   149.8s, curr speed    3.880 kHz, avg speed    3.271 kHz), accepted     1468/  490001 events ( 0.30%)
Processed   500000/ 1409623 entries, 35.47% (elapsed time   153.4s, curr speed    2.754 kHz, avg speed    3.259 kHz), accepted     1498/  500001 events ( 0.30%)
Processed   510000/ 1409623 entries, 36.18% (elapsed time   156.5s, curr speed    3.222 kHz, avg speed    3.258 kHz), accepted     1530/  510001 events ( 0.30%)
Processed   520000/ 1409623 entries, 36.89% (elapsed time   159.3s, curr speed    3.644 kHz, avg speed    3.265 kHz), accepted     1561/  520001 events ( 0.30%)
Processed   530000/ 1409623 entries, 37.60% (elapsed time   163.1s, curr speed    2.612 kHz, avg speed    3.249 kHz), accepted     1588/  530001 events ( 0.30%)
Processed   540000/ 1409623 entries, 38.31% (elapsed time   167.6s, curr speed    2.229 kHz, avg speed    3.222 kHz), accepted     1615/  540001 events ( 0.30%)
Processed   550000/ 1409623 entries, 39.02% (elapsed time   173.0s, curr speed    1.856 kHz, avg speed    3.180 kHz), accepted     1654/  550001 events ( 0.30%)
Processed   560000/ 1409623 entries, 39.73% (elapsed time   176.7s, curr speed    2.665 kHz, avg speed    3.169 kHz), accepted     1680/  560001 events ( 0.30%)
Processed   570000/ 1409623 entries, 40.44% (elapsed time   179.7s, curr speed    3.417 kHz, avg speed    3.173 kHz), accepted     1720/  570001 events ( 0.30%)
Processed   580000/ 1409623 entries, 41.15% (elapsed time   182.9s, curr speed    3.094 kHz, avg speed    3.171 kHz), accepted     1749/  580001 events ( 0.30%)
Processed   590000/ 1409623 entries, 41.86% (elapsed time   185.3s, curr speed    4.163 kHz, avg speed    3.184 kHz), accepted     1780/  590001 events ( 0.30%)
Processed   600000/ 1409623 entries, 42.56% (elapsed time   187.9s, curr speed    3.896 kHz, avg speed    3.194 kHz), accepted     1809/  600001 events ( 0.30%)
Processed   610000/ 1409623 entries, 43.27% (elapsed time   190.4s, curr speed    3.922 kHz, avg speed    3.204 kHz), accepted     1829/  610001 events ( 0.30%)
Processed   620000/ 1409623 entries, 43.98% (elapsed time   193.2s, curr speed    3.592 kHz, avg speed    3.209 kHz), accepted     1851/  620001 events ( 0.30%)
Processed   630000/ 1409623 entries, 44.69% (elapsed time   195.5s, curr speed    4.368 kHz, avg speed    3.223 kHz), accepted     1866/  630001 events ( 0.30%)
Processed   640000/ 1409623 entries, 45.40% (elapsed time   198.6s, curr speed    3.227 kHz, avg speed    3.223 kHz), accepted     1892/  640001 events ( 0.30%)
Processed   650000/ 1409623 entries, 46.11% (elapsed time   201.1s, curr speed    4.010 kHz, avg speed    3.233 kHz), accepted     1915/  650001 events ( 0.29%)
Processed   660000/ 1409623 entries, 46.82% (elapsed time   204.3s, curr speed    3.094 kHz, avg speed    3.230 kHz), accepted     1945/  660001 events ( 0.29%)
Processed   670000/ 1409623 entries, 47.53% (elapsed time   206.7s, curr speed    4.169 kHz, avg speed    3.241 kHz), accepted     1965/  670001 events ( 0.29%)
Processed   680000/ 1409623 entries, 48.24% (elapsed time   209.2s, curr speed    4.018 kHz, avg speed    3.251 kHz), accepted     1994/  680001 events ( 0.29%)
Processed   690000/ 1409623 entries, 48.95% (elapsed time   212.2s, curr speed    3.291 kHz, avg speed    3.251 kHz), accepted     2016/  690001 events ( 0.29%)
Processed   700000/ 1409623 entries, 49.66% (elapsed time   215.1s, curr speed    3.481 kHz, avg speed    3.254 kHz), accepted     2039/  700001 events ( 0.29%)
Processed   710000/ 1409623 entries, 50.37% (elapsed time   218.1s, curr speed    3.396 kHz, avg speed    3.256 kHz), accepted     2066/  710001 events ( 0.29%)
Processed   720000/ 1409623 entries, 51.08% (elapsed time   220.9s, curr speed    3.567 kHz, avg speed    3.260 kHz), accepted     2093/  720001 events ( 0.29%)
Processed   730000/ 1409623 entries, 51.79% (elapsed time   223.4s, curr speed    3.920 kHz, avg speed    3.268 kHz), accepted     2107/  730001 events ( 0.29%)
Processed   740000/ 1409623 entries, 52.50% (elapsed time   226.3s, curr speed    3.467 kHz, avg speed    3.270 kHz), accepted     2124/  740001 events ( 0.29%)
Processed   750000/ 1409623 entries, 53.21% (elapsed time   229.2s, curr speed    3.412 kHz, avg speed    3.272 kHz), accepted     2153/  750001 events ( 0.29%)
Processed   760000/ 1409623 entries, 53.92% (elapsed time   232.1s, curr speed    3.482 kHz, avg speed    3.275 kHz), accepted     2193/  760001 events ( 0.29%)
Processed   770000/ 1409623 entries, 54.62% (elapsed time   235.3s, curr speed    3.141 kHz, avg speed    3.273 kHz), accepted     2227/  770001 events ( 0.29%)
Processed   780000/ 1409623 entries, 55.33% (elapsed time   238.8s, curr speed    2.829 kHz, avg speed    3.266 kHz), accepted     2247/  780001 events ( 0.29%)
Processed   790000/ 1409623 entries, 56.04% (elapsed time   242.8s, curr speed    2.504 kHz, avg speed    3.254 kHz), accepted     2275/  790001 events ( 0.29%)
Processed   800000/ 1409623 entries, 56.75% (elapsed time   245.7s, curr speed    3.408 kHz, avg speed    3.255 kHz), accepted     2304/  800001 events ( 0.29%)
Processed   810000/ 1409623 entries, 57.46% (elapsed time   248.7s, curr speed    3.412 kHz, avg speed    3.257 kHz), accepted     2341/  810001 events ( 0.29%)
Processed   820000/ 1409623 entries, 58.17% (elapsed time   252.2s, curr speed    2.804 kHz, avg speed    3.251 kHz), accepted     2375/  820001 events ( 0.29%)
Processed   830000/ 1409623 entries, 58.88% (elapsed time   255.9s, curr speed    2.755 kHz, avg speed    3.244 kHz), accepted     2415/  830001 events ( 0.29%)
Processed   840000/ 1409623 entries, 59.59% (elapsed time   258.5s, curr speed    3.799 kHz, avg speed    3.250 kHz), accepted     2437/  840001 events ( 0.29%)
Processed   850000/ 1409623 entries, 60.30% (elapsed time   261.0s, curr speed    4.037 kHz, avg speed    3.257 kHz), accepted     2462/  850001 events ( 0.29%)
Processed   860000/ 1409623 entries, 61.01% (elapsed time   263.8s, curr speed    3.532 kHz, avg speed    3.260 kHz), accepted     2482/  860001 events ( 0.29%)
Processed   870000/ 1409623 entries, 61.72% (elapsed time   267.2s, curr speed    2.910 kHz, avg speed    3.255 kHz), accepted     2519/  870001 events ( 0.29%)
Processed   880000/ 1409623 entries, 62.43% (elapsed time   269.8s, curr speed    3.952 kHz, avg speed    3.262 kHz), accepted     2565/  880001 events ( 0.29%)
Processed   890000/ 1409623 entries, 63.14% (elapsed time   272.2s, curr speed    4.158 kHz, avg speed    3.270 kHz), accepted     2599/  890001 events ( 0.29%)
Processed   900000/ 1409623 entries, 63.85% (elapsed time   275.1s, curr speed    3.391 kHz, avg speed    3.271 kHz), accepted     2634/  900001 events ( 0.29%)
Processed   910000/ 1409623 entries, 64.56% (elapsed time   278.4s, curr speed    3.081 kHz, avg speed    3.269 kHz), accepted     2657/  910001 events ( 0.29%)
Processed   920000/ 1409623 entries, 65.27% (elapsed time   280.9s, curr speed    3.960 kHz, avg speed    3.275 kHz), accepted     2684/  920001 events ( 0.29%)
Processed   930000/ 1409623 entries, 65.98% (elapsed time   283.4s, curr speed    3.962 kHz, avg speed    3.281 kHz), accepted     2704/  930001 events ( 0.29%)
Processed   940000/ 1409623 entries, 66.68% (elapsed time   286.3s, curr speed    3.511 kHz, avg speed    3.284 kHz), accepted     2739/  940001 events ( 0.29%)
Processed   950000/ 1409623 entries, 67.39% (elapsed time   289.4s, curr speed    3.210 kHz, avg speed    3.283 kHz), accepted     2758/  950001 events ( 0.29%)
Processed   960000/ 1409623 entries, 68.10% (elapsed time   291.9s, curr speed    3.973 kHz, avg speed    3.289 kHz), accepted     2785/  960001 events ( 0.29%)
Processed   970000/ 1409623 entries, 68.81% (elapsed time   294.4s, curr speed    4.058 kHz, avg speed    3.295 kHz), accepted     2806/  970001 events ( 0.29%)
Processed   980000/ 1409623 entries, 69.52% (elapsed time   298.2s, curr speed    2.636 kHz, avg speed    3.287 kHz), accepted     2827/  980001 events ( 0.29%)
Processed   990000/ 1409623 entries, 70.23% (elapsed time   301.6s, curr speed    2.942 kHz, avg speed    3.283 kHz), accepted     2856/  990001 events ( 0.29%)
Processed  1000000/ 1409623 entries, 70.94% (elapsed time   304.6s, curr speed    3.288 kHz, avg speed    3.283 kHz), accepted     2877/ 1000001 events ( 0.29%)
Processed  1010000/ 1409623 entries, 71.65% (elapsed time   308.2s, curr speed    2.755 kHz, avg speed    3.277 kHz), accepted     2904/ 1010001 events ( 0.29%)
Processed  1020000/ 1409623 entries, 72.36% (elapsed time   311.2s, curr speed    3.356 kHz, avg speed    3.278 kHz), accepted     2934/ 1020001 events ( 0.29%)
Processed  1030000/ 1409623 entries, 73.07% (elapsed time   314.0s, curr speed    3.640 kHz, avg speed    3.281 kHz), accepted     2959/ 1030001 events ( 0.29%)
Processed  1040000/ 1409623 entries, 73.78% (elapsed time   316.8s, curr speed    3.510 kHz, avg speed    3.283 kHz), accepted     2989/ 1040001 events ( 0.29%)
Processed  1050000/ 1409623 entries, 74.49% (elapsed time   320.5s, curr speed    2.691 kHz, avg speed    3.276 kHz), accepted     3007/ 1050001 events ( 0.29%)
Processed  1060000/ 1409623 entries, 75.20% (elapsed time   323.5s, curr speed    3.318 kHz, avg speed    3.276 kHz), accepted     3042/ 1060001 events ( 0.29%)
Processed  1070000/ 1409623 entries, 75.91% (elapsed time   326.7s, curr speed    3.187 kHz, avg speed    3.275 kHz), accepted     3082/ 1070001 events ( 0.29%)
Processed  1080000/ 1409623 entries, 76.62% (elapsed time   330.0s, curr speed    3.053 kHz, avg speed    3.273 kHz), accepted     3114/ 1080001 events ( 0.29%)
Processed  1090000/ 1409623 entries, 77.33% (elapsed time   333.7s, curr speed    2.681 kHz, avg speed    3.267 kHz), accepted     3157/ 1090001 events ( 0.29%)
Processed  1100000/ 1409623 entries, 78.04% (elapsed time   336.6s, curr speed    3.462 kHz, avg speed    3.268 kHz), accepted     3203/ 1100001 events ( 0.29%)
Processed  1110000/ 1409623 entries, 78.74% (elapsed time   339.6s, curr speed    3.292 kHz, avg speed    3.268 kHz), accepted     3242/ 1110001 events ( 0.29%)
Processed  1120000/ 1409623 entries, 79.45% (elapsed time   342.6s, curr speed    3.392 kHz, avg speed    3.270 kHz), accepted     3270/ 1120001 events ( 0.29%)
Processed  1130000/ 1409623 entries, 80.16% (elapsed time   345.8s, curr speed    3.129 kHz, avg speed    3.268 kHz), accepted     3309/ 1130001 events ( 0.29%)
Processed  1140000/ 1409623 entries, 80.87% (elapsed time   349.5s, curr speed    2.669 kHz, avg speed    3.262 kHz), accepted     3336/ 1140001 events ( 0.29%)
Processed  1150000/ 1409623 entries, 81.58% (elapsed time   352.3s, curr speed    3.512 kHz, avg speed    3.264 kHz), accepted     3372/ 1150001 events ( 0.29%)
Processed  1160000/ 1409623 entries, 82.29% (elapsed time   355.2s, curr speed    3.447 kHz, avg speed    3.265 kHz), accepted     3398/ 1160001 events ( 0.29%)
Processed  1170000/ 1409623 entries, 83.00% (elapsed time   359.0s, curr speed    2.645 kHz, avg speed    3.259 kHz), accepted     3429/ 1170001 events ( 0.29%)
Processed  1180000/ 1409623 entries, 83.71% (elapsed time   361.8s, curr speed    3.667 kHz, avg speed    3.262 kHz), accepted     3454/ 1180001 events ( 0.29%)
Processed  1190000/ 1409623 entries, 84.42% (elapsed time   364.3s, curr speed    3.940 kHz, avg speed    3.267 kHz), accepted     3484/ 1190001 events ( 0.29%)
Processed  1200000/ 1409623 entries, 85.13% (elapsed time   366.8s, curr speed    4.052 kHz, avg speed    3.272 kHz), accepted     3521/ 1200001 events ( 0.29%)
Processed  1210000/ 1409623 entries, 85.84% (elapsed time   369.7s, curr speed    3.378 kHz, avg speed    3.273 kHz), accepted     3547/ 1210001 events ( 0.29%)
Processed  1220000/ 1409623 entries, 86.55% (elapsed time   372.8s, curr speed    3.207 kHz, avg speed    3.272 kHz), accepted     3581/ 1220001 events ( 0.29%)
Processed  1230000/ 1409623 entries, 87.26% (elapsed time   375.7s, curr speed    3.489 kHz, avg speed    3.274 kHz), accepted     3605/ 1230001 events ( 0.29%)
Processed  1240000/ 1409623 entries, 87.97% (elapsed time   378.5s, curr speed    3.637 kHz, avg speed    3.276 kHz), accepted     3634/ 1240001 events ( 0.29%)
Processed  1250000/ 1409623 entries, 88.68% (elapsed time   381.8s, curr speed    2.947 kHz, avg speed    3.274 kHz), accepted     3673/ 1250001 events ( 0.29%)
Processed  1260000/ 1409623 entries, 89.39% (elapsed time   385.8s, curr speed    2.562 kHz, avg speed    3.266 kHz), accepted     3697/ 1260001 events ( 0.29%)
Processed  1270000/ 1409623 entries, 90.10% (elapsed time   388.6s, curr speed    3.456 kHz, avg speed    3.268 kHz), accepted     3736/ 1270001 events ( 0.29%)
Processed  1280000/ 1409623 entries, 90.80% (elapsed time   391.9s, curr speed    3.111 kHz, avg speed    3.266 kHz), accepted     3767/ 1280001 events ( 0.29%)
Processed  1290000/ 1409623 entries, 91.51% (elapsed time   395.2s, curr speed    2.975 kHz, avg speed    3.264 kHz), accepted     3803/ 1290001 events ( 0.29%)
Processed  1300000/ 1409623 entries, 92.22% (elapsed time   398.5s, curr speed    3.042 kHz, avg speed    3.262 kHz), accepted     3826/ 1300001 events ( 0.29%)
Processed  1310000/ 1409623 entries, 92.93% (elapsed time   401.4s, curr speed    3.481 kHz, avg speed    3.264 kHz), accepted     3870/ 1310001 events ( 0.30%)
Processed  1320000/ 1409623 entries, 93.64% (elapsed time   404.1s, curr speed    3.668 kHz, avg speed    3.266 kHz), accepted     3911/ 1320001 events ( 0.30%)
Processed  1330000/ 1409623 entries, 94.35% (elapsed time   406.9s, curr speed    3.599 kHz, avg speed    3.269 kHz), accepted     3946/ 1330001 events ( 0.30%)
Processed  1340000/ 1409623 entries, 95.06% (elapsed time   410.2s, curr speed    3.057 kHz, avg speed    3.267 kHz), accepted     3976/ 1340001 events ( 0.30%)
Processed  1350000/ 1409623 entries, 95.77% (elapsed time   412.6s, curr speed    4.156 kHz, avg speed    3.272 kHz), accepted     3998/ 1350001 events ( 0.30%)
Processed  1360000/ 1409623 entries, 96.48% (elapsed time   414.9s, curr speed    4.216 kHz, avg speed    3.278 kHz), accepted     4017/ 1360001 events ( 0.30%)
Processed  1370000/ 1409623 entries, 97.19% (elapsed time   417.4s, curr speed    4.048 kHz, avg speed    3.282 kHz), accepted     4041/ 1370001 events ( 0.29%)
Processed  1380000/ 1409623 entries, 97.90% (elapsed time   420.2s, curr speed    3.531 kHz, avg speed    3.284 kHz), accepted     4068/ 1380001 events ( 0.29%)
Processed  1390000/ 1409623 entries, 98.61% (elapsed time   422.7s, curr speed    4.034 kHz, avg speed    3.288 kHz), accepted     4087/ 1390001 events ( 0.29%)
Processed  1400000/ 1409623 entries, 99.32% (elapsed time   425.8s, curr speed    3.285 kHz, avg speed    3.288 kHz), accepted     4103/ 1400001 events ( 0.29%)
Processed 1409623 preselected entries from root://cms-xrd-global.cern.ch//store/data/Run2017F/SingleElectron/NANOAOD/Nano25Oct2019-v1/240000/795917DA-C7A7-B341-A9B7-322B721A160E.root (1459912 entries). Finally selected 4134 entries
Total time 6175.5 sec. to process 5687548 events. Rate = 921.0 Hz.
>>> cwd          = /pool/condor/dir_20228
>>> ls           = ['.machine.ad', '.job.ad', 'x509_voms', '.update.ad', 'lvigilan.cc', 'pico_etau_etau_8.root', 'var', 'condor_exec.exe', '_condor_stdout', '.chirp.config', 'tmp']
>>> getstorage('/eos/home-l/lvigilan/output_2017ReReco18/2017/etau/SingleElectron_Run2017F'), <EOS("/eos/home-l/lvigilan/output_2017ReReco18/2017/etau/SingleElectron_Run2017F") at 0x2afc1049b3d0>
>>> Executing: 'cp ./pico_etau_etau_8.root /eos/home-l/lvigilan/output_2017ReReco18/2017/etau/SingleElectron_Run2017F'
>>> Removing './pico_etau_etau_8.root'...
>>> picojob.py done after 6183.6 seconds

Job complete at Wed Dec  2 18:32:10 CET 2020
Took 103 minutes 5 seconds040 (1580902.008.000) 12/02 18:32:11 Finished transferring output files
...
005 (1580902.008.000) 12/02 18:32:11 Job terminated.
	(1) Normal termination (return value 0)
		Usr 0 00:23:45, Sys 0 00:01:02  -  Run Remote Usage
		Usr 0 00:00:00, Sys 0 00:00:00  -  Run Local Usage
		Usr 0 00:23:45, Sys 0 00:01:02  -  Total Remote Usage
		Usr 0 00:00:00, Sys 0 00:00:00  -  Total Local Usage
	100907  -  Run Bytes Sent By Job
	9881  -  Run Bytes Received By Job
	100907  -  Total Bytes Sent By Job
	9881  -  Total Bytes Received By Job
	Partitionable Resources :    Usage  Request Allocated 
	   Cpus                 :     0.75        1         1 
	   Disk (KB)            :   167           1    296647 
	   Memory (MB)          :   261        2000      2000 
...
