Could not find platform independent libraries <prefix>
Could not find platform dependent libraries <exec_prefix>
Consider setting $PYTHONHOME to <prefix>[:<exec_prefix>]
ImportError: No module named site
Job start at Sun Feb  7 21:48:54 CET 2021
Running job on machine Linux b7s11n9117.cern.ch 3.10.0-1160.6.1.el7.x86_64 #1 SMP Tue Nov 17 13:59:11 UTC 2020 x86_64 x86_64 x86_64 GNU/Linux, host b7s11n9117.cern.ch
============================================================
$PWD=/pool/condor/dir_16652
$JOBID=1885066
$TASKID=1
$HOSTNAME=b7s11n9117.cern.ch
$TASKCMD=/afs/cern.ch/work/l/lvigilan/TauWork/CMSSW_10_6_17_patch1/src/TauFW/PicoProducer/python/processors/picojob.py -y 2016 -d 'mc' -c etau -M ModuleETau --copydir /eos/home-l/lvigilan/output_ETauFR/2016/etau/W3JetsToLNu -t _etau_1 --opt 'jec=False' -i root://cms-xrd-global.cern.ch//store/mc/RunIISummer16NanoAODv6/W3JetsToLNu_TuneCUETP8M1_13TeV-madgraphMLM-pythia8/NANOAODSIM/PUMoriond17_Nano25Oct2019_102X_mcRun2_asymptotic_v7-v1/260000/D59CC2FA-F010-FE43-ACDA-7D136AC7F082.root root://cms-xrd-global.cern.ch//store/mc/RunIISummer16NanoAODv6/W3JetsToLNu_TuneCUETP8M1_13TeV-madgraphMLM-pythia8/NANOAODSIM/PUMoriond17_Nano25Oct2019_102X_mcRun2_asymptotic_v7-v1/260000/FC28603A-1D4B-2247-9C0B-9C029FE94565.root root://cms-xrd-global.cern.ch//store/mc/RunIISummer16NanoAODv6/W3JetsToLNu_TuneCUETP8M1_13TeV-madgraphMLM-pythia8/NANOAODSIM/PUMoriond17_Nano25Oct2019_102X_mcRun2_asymptotic_v7-v1/280000/32AA60A5-9490-F745-B0C5-F8E0414BF420.root root://cms-xrd-global.cern.ch//store/mc/RunIISummer16NanoAODv6/W3JetsToLNu_TuneCUETP8M1_13TeV-madgraphMLM-pythia8/NANOAODSIM/PUMoriond17_Nano25Oct2019_102X_mcRun2_asymptotic_v7-v1/280000/38D5BCB9-A059-F648-8876-A7E017DBA41B.root root://cms-xrd-global.cern.ch//store/mc/RunIISummer16NanoAODv6/W3JetsToLNu_TuneCUETP8M1_13TeV-madgraphMLM-pythia8/NANOAODSIM/PUMoriond17_Nano25Oct2019_102X_mcRun2_asymptotic_v7-v1/280000/45AFD1B8-C4B6-BA40-8F73-1AEC44F700CF.root
$WORKDIR=/pool/condor/dir_16652
>>> cd /afs/cern.ch/work/l/lvigilan/TauWork/CMSSW_10_6_17_patch1/src
>>> eval `scramv1 runtime -sh`
>>> cd /pool/condor/dir_16652
$PWD=/pool/condor/dir_16652
>>> /afs/cern.ch/work/l/lvigilan/TauWork/CMSSW_10_6_17_patch1/src/TauFW/PicoProducer/python/processors/picojob.py -y 2016 -d 'mc' -c etau -M ModuleETau --copydir /eos/home-l/lvigilan/output_ETauFR/2016/etau/W3JetsToLNu -t _etau_1 --opt 'jec=False' -i root://cms-xrd-global.cern.ch//store/mc/RunIISummer16NanoAODv6/W3JetsToLNu_TuneCUETP8M1_13TeV-madgraphMLM-pythia8/NANOAODSIM/PUMoriond17_Nano25Oct2019_102X_mcRun2_asymptotic_v7-v1/260000/D59CC2FA-F010-FE43-ACDA-7D136AC7F082.root root://cms-xrd-global.cern.ch//store/mc/RunIISummer16NanoAODv6/W3JetsToLNu_TuneCUETP8M1_13TeV-madgraphMLM-pythia8/NANOAODSIM/PUMoriond17_Nano25Oct2019_102X_mcRun2_asymptotic_v7-v1/260000/FC28603A-1D4B-2247-9C0B-9C029FE94565.root root://cms-xrd-global.cern.ch//store/mc/RunIISummer16NanoAODv6/W3JetsToLNu_TuneCUETP8M1_13TeV-madgraphMLM-pythia8/NANOAODSIM/PUMoriond17_Nano25Oct2019_102X_mcRun2_asymptotic_v7-v1/280000/32AA60A5-9490-F745-B0C5-F8E0414BF420.root root://cms-xrd-global.cern.ch//store/mc/RunIISummer16NanoAODv6/W3JetsToLNu_TuneCUETP8M1_13TeV-madgraphMLM-pythia8/NANOAODSIM/PUMoriond17_Nano25Oct2019_102X_mcRun2_asymptotic_v7-v1/280000/38D5BCB9-A059-F648-8876-A7E017DBA41B.root root://cms-xrd-global.cern.ch//store/mc/RunIISummer16NanoAODv6/W3JetsToLNu_TuneCUETP8M1_13TeV-madgraphMLM-pythia8/NANOAODSIM/PUMoriond17_Nano25Oct2019_102X_mcRun2_asymptotic_v7-v1/280000/45AFD1B8-C4B6-BA40-8F73-1AEC44F700CF.root
Error in <TGClient::TGClient>: can't open display "localhost:40.0", switching to batch mode...
 In case you run from a remote ssh session, reconnect with ssh -Y
--------------------------------------------------------------------------------
>>> era          = '2016'
>>> year         = 2016
>>> channel      = 'etau'
>>> modname      = 'ModuleETau'
>>> dtype        = 'mc'
>>> kwargs       = {'dtype': 'mc', 'verb': 0, 'era': '2016', 'jec': False, 'year': 2016}
>>> maxevts      = None
>>> outdir       = '.'
>>> copydir      = '/eos/home-l/lvigilan/output_ETauFR/2016/etau/W3JetsToLNu'
>>> infiles      = ['root://cms-xrd-global.cern.ch//store/mc/RunIISummer16NanoAODv6/W3JetsToLNu_TuneCUETP8M1_13TeV-madgraphMLM-pythia8/NANOAODSIM/PUMoriond17_Nano25Oct2019_102X_mcRun2_asymptotic_v7-v1/260000/D59CC2FA-F010-FE43-ACDA-7D136AC7F082.root', 'root://cms-xrd-global.cern.ch//store/mc/RunIISummer16NanoAODv6/W3JetsToLNu_TuneCUETP8M1_13TeV-madgraphMLM-pythia8/NANOAODSIM/PUMoriond17_Nano25Oct2019_102X_mcRun2_asymptotic_v7-v1/260000/FC28603A-1D4B-2247-9C0B-9C029FE94565.root', 'root://cms-xrd-global.cern.ch//store/mc/RunIISummer16NanoAODv6/W3JetsToLNu_TuneCUETP8M1_13TeV-madgraphMLM-pythia8/NANOAODSIM/PUMoriond17_Nano25Oct2019_102X_mcRun2_asymptotic_v7-v1/280000/32AA60A5-9490-F745-B0C5-F8E0414BF420.root', 'root://cms-xrd-global.cern.ch//store/mc/RunIISummer16NanoAODv6/W3JetsToLNu_TuneCUETP8M1_13TeV-madgraphMLM-pythia8/NANOAODSIM/PUMoriond17_Nano25Oct2019_102X_mcRun2_asymptotic_v7-v1/280000/38D5BCB9-A059-F648-8876-A7E017DBA41B.root', 'root://cms-xrd-global.cern.ch//store/mc/RunIISummer16NanoAODv6/W3JetsToLNu_TuneCUETP8M1_13TeV-madgraphMLM-pythia8/NANOAODSIM/PUMoriond17_Nano25Oct2019_102X_mcRun2_asymptotic_v7-v1/280000/45AFD1B8-C4B6-BA40-8F73-1AEC44F700CF.root']
>>> outfname     = './pico_etau_etau_1.root'
>>> branchsel    = '/afs/cern.ch/work/l/lvigilan/TauWork/CMSSW_10_6_17_patch1/python/TauFW/PicoProducer/processors/keep_and_drop_skim.txt'
>>> json         = None
>>> prefetch     = False
>>> cwd          = /pool/condor/dir_16652
--------------------------------------------------------------------------------

   ################
   #  ModuleETau  #
   ################

Loading PileupWeightTool for '/afs/cern.ch/work/l/lvigilan/TauWork/CMSSW_10_6_17_patch1/src/TauFW/PicoProducer/data/pileup/Data_PileUp_2016_69p2.root' and '/afs/cern.ch/work/l/lvigilan/TauWork/CMSSW_10_6_17_patch1/src/TauFW/PicoProducer/data/pileup/MC_PileUp_2016_Moriond17.root'
Loading BTagWeightTool for DeepCSV (medium WP)...
>>> BTagTool: [1m[33mWarning! [0m[33mHistogram 'etau/eff_DeepCSV_udsg_medium' does not exist in /afs/cern.ch/work/l/lvigilan/TauWork/CMSSW_10_6_17_patch1/src/TauFW/PicoProducer/data/btag/DeepCSV_2016_Moriond17_eff.root! Reverting to default efficiency histogram...[0m
>>> BTagTool: [1m[33mWarning! [0m[33mHistogram 'etau/eff_DeepCSV_c_medium' does not exist in /afs/cern.ch/work/l/lvigilan/TauWork/CMSSW_10_6_17_patch1/src/TauFW/PicoProducer/data/btag/DeepCSV_2016_Moriond17_eff.root! Reverting to default efficiency histogram...[0m
>>> BTagTool: [1m[33mWarning! [0m[33mHistogram 'etau/eff_DeepCSV_b_medium' does not exist in /afs/cern.ch/work/l/lvigilan/TauWork/CMSSW_10_6_17_patch1/src/TauFW/PicoProducer/data/btag/DeepCSV_2016_Moriond17_eff.root! Reverting to default efficiency histogram...[0m
>>> BTagTool: [1m[33mWarning! [0m[33mMade use of default efficiency histograms! The b tag weights from this module should be regarded as placeholders only,
and should NOT be used for analyses. B (mis)tag efficiencies in MC are analysis dependent. Please create your own
efficiency histogram with data/btag/getBTagEfficiencies.py after running all MC samples with BTagWeightTool.[0m
Loading TreeProducerETau for './pico_etau_etau_1.root'
--------------------------------------------------------------------------------
>>> filename     = './pico_etau_etau_1.root'
>>> year         = 2016
>>> dtype        = 'mc'
>>> channel      = 'etau'
>>> ismc         = True
>>> isdata       = False
>>> isembed      = False
>>> tes          = None
>>> tessys       = None
>>> ltf          = 1.0
>>> jtf          = 1.0
>>> dotoppt      = False
>>> dozpt        = False
>>> dojec        = False
>>> dojecsys     = False
>>> dotight      = False
>>> jetCutPt     = 30
>>> bjetCutEta   = 2.7
>>> tauwp        = 0
>>> eleCutPt     = 26
>>> eleCutEta    = 2.1
>>> tauCutPt     = 20
>>> tauCutEta    = 2.3
Pre-select 1223898 entries out of 1223898 (100.00%)
Processed    10000/ 1223898 entries,  0.82% (elapsed time    37.0s, curr speed    0.271 kHz, avg speed    0.271 kHz), accepted      157/   10001 events ( 1.57%)
Processed    20000/ 1223898 entries,  1.63% (elapsed time    72.5s, curr speed    0.281 kHz, avg speed    0.276 kHz), accepted      312/   20001 events ( 1.56%)
Processed    30000/ 1223898 entries,  2.45% (elapsed time   108.2s, curr speed    0.280 kHz, avg speed    0.277 kHz), accepted      473/   30001 events ( 1.58%)
Processed    40000/ 1223898 entries,  3.27% (elapsed time   127.7s, curr speed    0.513 kHz, avg speed    0.313 kHz), accepted      642/   40001 events ( 1.60%)
Processed    50000/ 1223898 entries,  4.09% (elapsed time   162.9s, curr speed    0.285 kHz, avg speed    0.307 kHz), accepted      785/   50001 events ( 1.57%)
Processed    60000/ 1223898 entries,  4.90% (elapsed time   198.4s, curr speed    0.282 kHz, avg speed    0.302 kHz), accepted      926/   60001 events ( 1.54%)
Processed    70000/ 1223898 entries,  5.72% (elapsed time   218.2s, curr speed    0.504 kHz, avg speed    0.321 kHz), accepted     1104/   70001 events ( 1.58%)
Processed    80000/ 1223898 entries,  6.54% (elapsed time   253.9s, curr speed    0.280 kHz, avg speed    0.315 kHz), accepted     1242/   80001 events ( 1.55%)
Processed    90000/ 1223898 entries,  7.35% (elapsed time   289.8s, curr speed    0.279 kHz, avg speed    0.311 kHz), accepted     1377/   90001 events ( 1.53%)
Processed   100000/ 1223898 entries,  8.17% (elapsed time   309.9s, curr speed    0.498 kHz, avg speed    0.323 kHz), accepted     1534/  100001 events ( 1.53%)
Processed   110000/ 1223898 entries,  8.99% (elapsed time   347.2s, curr speed    0.268 kHz, avg speed    0.317 kHz), accepted     1694/  110001 events ( 1.54%)
Processed   120000/ 1223898 entries,  9.80% (elapsed time   382.9s, curr speed    0.280 kHz, avg speed    0.313 kHz), accepted     1841/  120001 events ( 1.53%)
Processed   130000/ 1223898 entries, 10.62% (elapsed time   410.8s, curr speed    0.358 kHz, avg speed    0.316 kHz), accepted     1976/  130001 events ( 1.52%)
Processed   140000/ 1223898 entries, 11.44% (elapsed time   447.5s, curr speed    0.272 kHz, avg speed    0.313 kHz), accepted     2121/  140001 events ( 1.51%)
Processed   150000/ 1223898 entries, 12.26% (elapsed time   484.5s, curr speed    0.270 kHz, avg speed    0.310 kHz), accepted     2263/  150001 events ( 1.51%)
Processed   160000/ 1223898 entries, 13.07% (elapsed time   504.6s, curr speed    0.499 kHz, avg speed    0.317 kHz), accepted     2404/  160001 events ( 1.50%)
Processed   170000/ 1223898 entries, 13.89% (elapsed time   542.0s, curr speed    0.267 kHz, avg speed    0.314 kHz), accepted     2562/  170001 events ( 1.51%)
Processed   180000/ 1223898 entries, 14.71% (elapsed time   581.1s, curr speed    0.256 kHz, avg speed    0.310 kHz), accepted     2695/  180001 events ( 1.50%)
Processed   190000/ 1223898 entries, 15.52% (elapsed time   601.5s, curr speed    0.489 kHz, avg speed    0.316 kHz), accepted     2852/  190001 events ( 1.50%)
Processed   200000/ 1223898 entries, 16.34% (elapsed time   639.1s, curr speed    0.266 kHz, avg speed    0.313 kHz), accepted     2997/  200001 events ( 1.50%)
Processed   210000/ 1223898 entries, 17.16% (elapsed time   674.1s, curr speed    0.286 kHz, avg speed    0.312 kHz), accepted     3127/  210001 events ( 1.49%)
Processed   220000/ 1223898 entries, 17.98% (elapsed time   693.9s, curr speed    0.504 kHz, avg speed    0.317 kHz), accepted     3272/  220001 events ( 1.49%)
Processed   230000/ 1223898 entries, 18.79% (elapsed time   729.3s, curr speed    0.283 kHz, avg speed    0.315 kHz), accepted     3439/  230001 events ( 1.50%)
Processed   240000/ 1223898 entries, 19.61% (elapsed time   764.2s, curr speed    0.286 kHz, avg speed    0.314 kHz), accepted     3559/  240001 events ( 1.48%)
Processed   250000/ 1223898 entries, 20.43% (elapsed time   782.6s, curr speed    0.544 kHz, avg speed    0.319 kHz), accepted     3708/  250001 events ( 1.48%)
Processed   260000/ 1223898 entries, 21.24% (elapsed time   819.8s, curr speed    0.269 kHz, avg speed    0.317 kHz), accepted     3864/  260001 events ( 1.49%)
Processed   270000/ 1223898 entries, 22.06% (elapsed time   857.2s, curr speed    0.267 kHz, avg speed    0.315 kHz), accepted     4015/  270001 events ( 1.49%)
Processed   280000/ 1223898 entries, 22.88% (elapsed time   877.2s, curr speed    0.501 kHz, avg speed    0.319 kHz), accepted     4154/  280001 events ( 1.48%)
Processed   290000/ 1223898 entries, 23.69% (elapsed time   913.9s, curr speed    0.273 kHz, avg speed    0.317 kHz), accepted     4287/  290001 events ( 1.48%)
Processed   300000/ 1223898 entries, 24.51% (elapsed time   948.9s, curr speed    0.285 kHz, avg speed    0.316 kHz), accepted     4428/  300001 events ( 1.48%)
Processed   310000/ 1223898 entries, 25.33% (elapsed time   968.0s, curr speed    0.524 kHz, avg speed    0.320 kHz), accepted     4582/  310001 events ( 1.48%)
Processed   320000/ 1223898 entries, 26.15% (elapsed time  1002.7s, curr speed    0.288 kHz, avg speed    0.319 kHz), accepted     4707/  320001 events ( 1.47%)
Processed   330000/ 1223898 entries, 26.96% (elapsed time  1039.6s, curr speed    0.271 kHz, avg speed    0.317 kHz), accepted     4841/  330001 events ( 1.47%)
Processed   340000/ 1223898 entries, 27.78% (elapsed time  1059.8s, curr speed    0.496 kHz, avg speed    0.321 kHz), accepted     4978/  340001 events ( 1.46%)
Processed   350000/ 1223898 entries, 28.60% (elapsed time  1093.3s, curr speed    0.298 kHz, avg speed    0.320 kHz), accepted     5095/  350001 events ( 1.46%)
Processed   360000/ 1223898 entries, 29.41% (elapsed time  1128.3s, curr speed    0.286 kHz, avg speed    0.319 kHz), accepted     5240/  360001 events ( 1.46%)
Processed   370000/ 1223898 entries, 30.23% (elapsed time  1148.6s, curr speed    0.492 kHz, avg speed    0.322 kHz), accepted     5379/  370001 events ( 1.45%)
Processed   380000/ 1223898 entries, 31.05% (elapsed time  1180.7s, curr speed    0.311 kHz, avg speed    0.322 kHz), accepted     5518/  380001 events ( 1.45%)
Processed   390000/ 1223898 entries, 31.87% (elapsed time  1218.5s, curr speed    0.265 kHz, avg speed    0.320 kHz), accepted     5680/  390001 events ( 1.46%)
Processed   400000/ 1223898 entries, 32.68% (elapsed time  1247.3s, curr speed    0.346 kHz, avg speed    0.321 kHz), accepted     5810/  400001 events ( 1.45%)
Processed   410000/ 1223898 entries, 33.50% (elapsed time  1287.7s, curr speed    0.248 kHz, avg speed    0.318 kHz), accepted     5966/  410001 events ( 1.46%)
Processed   420000/ 1223898 entries, 34.32% (elapsed time  1330.3s, curr speed    0.234 kHz, avg speed    0.316 kHz), accepted     6095/  420001 events ( 1.45%)
Processed   430000/ 1223898 entries, 35.13% (elapsed time  1358.7s, curr speed    0.352 kHz, avg speed    0.316 kHz), accepted     6225/  430001 events ( 1.45%)
Processed   440000/ 1223898 entries, 35.95% (elapsed time  1394.7s, curr speed    0.278 kHz, avg speed    0.315 kHz), accepted     6375/  440001 events ( 1.45%)
Processed   450000/ 1223898 entries, 36.77% (elapsed time  1435.9s, curr speed    0.243 kHz, avg speed    0.313 kHz), accepted     6521/  450001 events ( 1.45%)
Processed   460000/ 1223898 entries, 37.58% (elapsed time  1462.6s, curr speed    0.373 kHz, avg speed    0.315 kHz), accepted     6653/  460001 events ( 1.45%)
Processed   470000/ 1223898 entries, 38.40% (elapsed time  1495.1s, curr speed    0.308 kHz, avg speed    0.314 kHz), accepted     6807/  470001 events ( 1.45%)
Processed   480000/ 1223898 entries, 39.22% (elapsed time  1534.2s, curr speed    0.256 kHz, avg speed    0.313 kHz), accepted     6950/  480001 events ( 1.45%)
Processed   490000/ 1223898 entries, 40.04% (elapsed time  1560.0s, curr speed    0.387 kHz, avg speed    0.314 kHz), accepted     7095/  490001 events ( 1.45%)
Processed   500000/ 1223898 entries, 40.85% (elapsed time  1592.0s, curr speed    0.312 kHz, avg speed    0.314 kHz), accepted     7240/  500001 events ( 1.45%)
Processed   510000/ 1223898 entries, 41.67% (elapsed time  1628.9s, curr speed    0.271 kHz, avg speed    0.313 kHz), accepted     7369/  510001 events ( 1.44%)
Processed   520000/ 1223898 entries, 42.49% (elapsed time  1665.2s, curr speed    0.275 kHz, avg speed    0.312 kHz), accepted     7508/  520001 events ( 1.44%)
Processed   530000/ 1223898 entries, 43.30% (elapsed time  1684.9s, curr speed    0.508 kHz, avg speed    0.315 kHz), accepted     7660/  530001 events ( 1.45%)
Processed   540000/ 1223898 entries, 44.12% (elapsed time  1727.9s, curr speed    0.233 kHz, avg speed    0.313 kHz), accepted     7824/  540001 events ( 1.45%)
Processed   550000/ 1223898 entries, 44.94% (elapsed time  1765.7s, curr speed    0.264 kHz, avg speed    0.311 kHz), accepted     7979/  550001 events ( 1.45%)
Processed   560000/ 1223898 entries, 45.76% (elapsed time  1786.4s, curr speed    0.484 kHz, avg speed    0.313 kHz), accepted     8126/  560001 events ( 1.45%)
Processed   570000/ 1223898 entries, 46.57% (elapsed time  1822.0s, curr speed    0.281 kHz, avg speed    0.313 kHz), accepted     8270/  570001 events ( 1.45%)
Processed   580000/ 1223898 entries, 47.39% (elapsed time  1858.2s, curr speed    0.276 kHz, avg speed    0.312 kHz), accepted     8426/  580001 events ( 1.45%)
Processed   590000/ 1223898 entries, 48.21% (elapsed time  1876.7s, curr speed    0.541 kHz, avg speed    0.314 kHz), accepted     8564/  590001 events ( 1.45%)
Processed   600000/ 1223898 entries, 49.02% (elapsed time  1911.9s, curr speed    0.284 kHz, avg speed    0.314 kHz), accepted     8701/  600001 events ( 1.45%)
Processed   610000/ 1223898 entries, 49.84% (elapsed time  1947.0s, curr speed    0.285 kHz, avg speed    0.313 kHz), accepted     8849/  610001 events ( 1.45%)
Processed   620000/ 1223898 entries, 50.66% (elapsed time  1965.9s, curr speed    0.530 kHz, avg speed    0.315 kHz), accepted     8993/  620001 events ( 1.45%)
Processed   630000/ 1223898 entries, 51.47% (elapsed time  2000.2s, curr speed    0.291 kHz, avg speed    0.315 kHz), accepted     9124/  630001 events ( 1.45%)
Processed   640000/ 1223898 entries, 52.29% (elapsed time  2034.6s, curr speed    0.291 kHz, avg speed    0.315 kHz), accepted     9280/  640001 events ( 1.45%)
Processed   650000/ 1223898 entries, 53.11% (elapsed time  2053.3s, curr speed    0.535 kHz, avg speed    0.317 kHz), accepted     9428/  650001 events ( 1.45%)
Processed   660000/ 1223898 entries, 53.93% (elapsed time  2088.2s, curr speed    0.286 kHz, avg speed    0.316 kHz), accepted     9564/  660001 events ( 1.45%)
Processed   670000/ 1223898 entries, 54.74% (elapsed time  2124.2s, curr speed    0.278 kHz, avg speed    0.315 kHz), accepted     9717/  670001 events ( 1.45%)
Processed   680000/ 1223898 entries, 55.56% (elapsed time  2143.7s, curr speed    0.515 kHz, avg speed    0.317 kHz), accepted     9841/  680001 events ( 1.45%)
Processed   690000/ 1223898 entries, 56.38% (elapsed time  2179.8s, curr speed    0.277 kHz, avg speed    0.317 kHz), accepted     9977/  690001 events ( 1.45%)
Processed   700000/ 1223898 entries, 57.19% (elapsed time  2215.8s, curr speed    0.278 kHz, avg speed    0.316 kHz), accepted    10119/  700001 events ( 1.45%)
Processed   710000/ 1223898 entries, 58.01% (elapsed time  2234.6s, curr speed    0.532 kHz, avg speed    0.318 kHz), accepted    10274/  710001 events ( 1.45%)
Processed   720000/ 1223898 entries, 58.83% (elapsed time  2269.8s, curr speed    0.284 kHz, avg speed    0.317 kHz), accepted    10387/  720001 events ( 1.44%)
Processed   730000/ 1223898 entries, 59.65% (elapsed time  2306.4s, curr speed    0.274 kHz, avg speed    0.317 kHz), accepted    10537/  730001 events ( 1.44%)
Processed   740000/ 1223898 entries, 60.46% (elapsed time  2325.0s, curr speed    0.538 kHz, avg speed    0.318 kHz), accepted    10691/  740001 events ( 1.44%)
Processed   750000/ 1223898 entries, 61.28% (elapsed time  2361.1s, curr speed    0.277 kHz, avg speed    0.318 kHz), accepted    10853/  750001 events ( 1.45%)
Processed   760000/ 1223898 entries, 62.10% (elapsed time  2396.9s, curr speed    0.279 kHz, avg speed    0.317 kHz), accepted    10998/  760001 events ( 1.45%)
Processed   770000/ 1223898 entries, 62.91% (elapsed time  2416.4s, curr speed    0.514 kHz, avg speed    0.319 kHz), accepted    11142/  770001 events ( 1.45%)
Processed   780000/ 1223898 entries, 63.73% (elapsed time  2452.8s, curr speed    0.275 kHz, avg speed    0.318 kHz), accepted    11290/  780001 events ( 1.45%)
Processed   790000/ 1223898 entries, 64.55% (elapsed time  2488.5s, curr speed    0.280 kHz, avg speed    0.317 kHz), accepted    11431/  790001 events ( 1.45%)
Processed   800000/ 1223898 entries, 65.36% (elapsed time  2509.4s, curr speed    0.479 kHz, avg speed    0.319 kHz), accepted    11571/  800001 events ( 1.45%)
Processed   810000/ 1223898 entries, 66.18% (elapsed time  2541.7s, curr speed    0.310 kHz, avg speed    0.319 kHz), accepted    11711/  810001 events ( 1.45%)
Processed   820000/ 1223898 entries, 67.00% (elapsed time  2577.1s, curr speed    0.282 kHz, avg speed    0.318 kHz), accepted    11856/  820001 events ( 1.45%)
Processed   830000/ 1223898 entries, 67.82% (elapsed time  2598.0s, curr speed    0.479 kHz, avg speed    0.319 kHz), accepted    12000/  830001 events ( 1.45%)
Processed   840000/ 1223898 entries, 68.63% (elapsed time  2631.4s, curr speed    0.299 kHz, avg speed    0.319 kHz), accepted    12129/  840001 events ( 1.44%)
Processed   850000/ 1223898 entries, 69.45% (elapsed time  2668.7s, curr speed    0.268 kHz, avg speed    0.319 kHz), accepted    12251/  850001 events ( 1.44%)
Processed   860000/ 1223898 entries, 70.27% (elapsed time  2690.6s, curr speed    0.456 kHz, avg speed    0.320 kHz), accepted    12405/  860001 events ( 1.44%)
Processed   870000/ 1223898 entries, 71.08% (elapsed time  2724.8s, curr speed    0.293 kHz, avg speed    0.319 kHz), accepted    12563/  870001 events ( 1.44%)
Processed   880000/ 1223898 entries, 71.90% (elapsed time  2759.8s, curr speed    0.285 kHz, avg speed    0.319 kHz), accepted    12711/  880001 events ( 1.44%)
Processed   890000/ 1223898 entries, 72.72% (elapsed time  2781.6s, curr speed    0.459 kHz, avg speed    0.320 kHz), accepted    12869/  890001 events ( 1.45%)
Processed   900000/ 1223898 entries, 73.54% (elapsed time  2813.7s, curr speed    0.312 kHz, avg speed    0.320 kHz), accepted    13002/  900001 events ( 1.44%)
Processed   910000/ 1223898 entries, 74.35% (elapsed time  2848.8s, curr speed    0.285 kHz, avg speed    0.319 kHz), accepted    13148/  910001 events ( 1.44%)
Processed   920000/ 1223898 entries, 75.17% (elapsed time  2873.6s, curr speed    0.404 kHz, avg speed    0.320 kHz), accepted    13273/  920001 events ( 1.44%)
Processed   930000/ 1223898 entries, 75.99% (elapsed time  2907.1s, curr speed    0.298 kHz, avg speed    0.320 kHz), accepted    13428/  930001 events ( 1.44%)
Processed   940000/ 1223898 entries, 76.80% (elapsed time  2942.8s, curr speed    0.281 kHz, avg speed    0.319 kHz), accepted    13569/  940001 events ( 1.44%)
Processed   950000/ 1223898 entries, 77.62% (elapsed time  2967.0s, curr speed    0.412 kHz, avg speed    0.320 kHz), accepted    13718/  950001 events ( 1.44%)
Processed   960000/ 1223898 entries, 78.44% (elapsed time  2997.0s, curr speed    0.334 kHz, avg speed    0.320 kHz), accepted    13868/  960001 events ( 1.44%)
Processed   970000/ 1223898 entries, 79.25% (elapsed time  3032.6s, curr speed    0.281 kHz, avg speed    0.320 kHz), accepted    14000/  970001 events ( 1.44%)
Processed   980000/ 1223898 entries, 80.07% (elapsed time  3057.3s, curr speed    0.405 kHz, avg speed    0.321 kHz), accepted    14115/  980001 events ( 1.44%)
Processed   990000/ 1223898 entries, 80.89% (elapsed time  3087.8s, curr speed    0.328 kHz, avg speed    0.321 kHz), accepted    14256/  990001 events ( 1.44%)
Processed  1000000/ 1223898 entries, 81.71% (elapsed time  3126.1s, curr speed    0.262 kHz, avg speed    0.320 kHz), accepted    14410/ 1000001 events ( 1.44%)
Processed  1010000/ 1223898 entries, 82.52% (elapsed time  3155.7s, curr speed    0.337 kHz, avg speed    0.320 kHz), accepted    14551/ 1010001 events ( 1.44%)
Processed  1020000/ 1223898 entries, 83.34% (elapsed time  3183.8s, curr speed    0.356 kHz, avg speed    0.320 kHz), accepted    14696/ 1020001 events ( 1.44%)
Processed  1030000/ 1223898 entries, 84.16% (elapsed time  3221.5s, curr speed    0.266 kHz, avg speed    0.320 kHz), accepted    14804/ 1030001 events ( 1.44%)
Processed  1040000/ 1223898 entries, 84.97% (elapsed time  3257.0s, curr speed    0.281 kHz, avg speed    0.319 kHz), accepted    14950/ 1040001 events ( 1.44%)
Processed  1050000/ 1223898 entries, 85.79% (elapsed time  3277.6s, curr speed    0.486 kHz, avg speed    0.320 kHz), accepted    15098/ 1050001 events ( 1.44%)
Processed  1060000/ 1223898 entries, 86.61% (elapsed time  3315.3s, curr speed    0.265 kHz, avg speed    0.320 kHz), accepted    15262/ 1060001 events ( 1.44%)
Processed  1070000/ 1223898 entries, 87.43% (elapsed time  3352.3s, curr speed    0.270 kHz, avg speed    0.319 kHz), accepted    15407/ 1070001 events ( 1.44%)
Processed  1080000/ 1223898 entries, 88.24% (elapsed time  3372.0s, curr speed    0.508 kHz, avg speed    0.320 kHz), accepted    15559/ 1080001 events ( 1.44%)
Processed  1090000/ 1223898 entries, 89.06% (elapsed time  3407.2s, curr speed    0.284 kHz, avg speed    0.320 kHz), accepted    15709/ 1090001 events ( 1.44%)
Processed  1100000/ 1223898 entries, 89.88% (elapsed time  3442.8s, curr speed    0.281 kHz, avg speed    0.320 kHz), accepted    15864/ 1100001 events ( 1.44%)
Processed  1110000/ 1223898 entries, 90.69% (elapsed time  3462.0s, curr speed    0.519 kHz, avg speed    0.321 kHz), accepted    16018/ 1110001 events ( 1.44%)
Processed  1120000/ 1223898 entries, 91.51% (elapsed time  3497.6s, curr speed    0.281 kHz, avg speed    0.320 kHz), accepted    16154/ 1120001 events ( 1.44%)
Processed  1130000/ 1223898 entries, 92.33% (elapsed time  3533.7s, curr speed    0.277 kHz, avg speed    0.320 kHz), accepted    16293/ 1130001 events ( 1.44%)
Processed  1140000/ 1223898 entries, 93.15% (elapsed time  3553.3s, curr speed    0.510 kHz, avg speed    0.321 kHz), accepted    16444/ 1140001 events ( 1.44%)
Processed  1150000/ 1223898 entries, 93.96% (elapsed time  3589.7s, curr speed    0.275 kHz, avg speed    0.320 kHz), accepted    16584/ 1150001 events ( 1.44%)
Processed  1160000/ 1223898 entries, 94.78% (elapsed time  3625.4s, curr speed    0.280 kHz, avg speed    0.320 kHz), accepted    16723/ 1160001 events ( 1.44%)
Processed  1170000/ 1223898 entries, 95.60% (elapsed time  3644.5s, curr speed    0.523 kHz, avg speed    0.321 kHz), accepted    16856/ 1170001 events ( 1.44%)
Processed  1180000/ 1223898 entries, 96.41% (elapsed time  3680.0s, curr speed    0.281 kHz, avg speed    0.321 kHz), accepted    16993/ 1180001 events ( 1.44%)
Processed  1190000/ 1223898 entries, 97.23% (elapsed time  3717.3s, curr speed    0.269 kHz, avg speed    0.320 kHz), accepted    17128/ 1190001 events ( 1.44%)
Processed  1200000/ 1223898 entries, 98.05% (elapsed time  3737.7s, curr speed    0.490 kHz, avg speed    0.321 kHz), accepted    17275/ 1200001 events ( 1.44%)
Processed  1210000/ 1223898 entries, 98.86% (elapsed time  3774.3s, curr speed    0.273 kHz, avg speed    0.321 kHz), accepted    17421/ 1210001 events ( 1.44%)
Processed  1220000/ 1223898 entries, 99.68% (elapsed time  3810.9s, curr speed    0.273 kHz, avg speed    0.320 kHz), accepted    17580/ 1220001 events ( 1.44%)
Processed 1223898 preselected entries from root://cms-xrd-global.cern.ch//store/mc/RunIISummer16NanoAODv6/W3JetsToLNu_TuneCUETP8M1_13TeV-madgraphMLM-pythia8/NANOAODSIM/PUMoriond17_Nano25Oct2019_102X_mcRun2_asymptotic_v7-v1/260000/D59CC2FA-F010-FE43-ACDA-7D136AC7F082.root (1223898 entries). Finally selected 17637 entries
Pre-select 1943538 entries out of 1943538 (100.00%)
Processed    10000/ 1943538 entries,  0.51% (elapsed time    34.4s, curr speed    0.291 kHz, avg speed    0.291 kHz), accepted      147/   10001 events ( 1.47%)
Processed    20000/ 1943538 entries,  1.03% (elapsed time    67.8s, curr speed    0.299 kHz, avg speed    0.295 kHz), accepted      272/   20001 events ( 1.36%)
Processed    30000/ 1943538 entries,  1.54% (elapsed time   102.0s, curr speed    0.293 kHz, avg speed    0.294 kHz), accepted      407/   30001 events ( 1.36%)
Processed    40000/ 1943538 entries,  2.06% (elapsed time   119.7s, curr speed    0.562 kHz, avg speed    0.334 kHz), accepted      544/   40001 events ( 1.36%)
Processed    50000/ 1943538 entries,  2.57% (elapsed time   155.4s, curr speed    0.281 kHz, avg speed    0.322 kHz), accepted      673/   50001 events ( 1.35%)
Processed    60000/ 1943538 entries,  3.09% (elapsed time   189.3s, curr speed    0.295 kHz, avg speed    0.317 kHz), accepted      821/   60001 events ( 1.37%)
Processed    70000/ 1943538 entries,  3.60% (elapsed time   207.5s, curr speed    0.550 kHz, avg speed    0.337 kHz), accepted      948/   70001 events ( 1.35%)
Processed    80000/ 1943538 entries,  4.12% (elapsed time   241.6s, curr speed    0.293 kHz, avg speed    0.331 kHz), accepted     1081/   80001 events ( 1.35%)
Processed    90000/ 1943538 entries,  4.63% (elapsed time   274.6s, curr speed    0.303 kHz, avg speed    0.328 kHz), accepted     1206/   90001 events ( 1.34%)
Processed   100000/ 1943538 entries,  5.15% (elapsed time   294.4s, curr speed    0.504 kHz, avg speed    0.340 kHz), accepted     1356/  100001 events ( 1.36%)
Processed   110000/ 1943538 entries,  5.66% (elapsed time   328.2s, curr speed    0.296 kHz, avg speed    0.335 kHz), accepted     1507/  110001 events ( 1.37%)
Processed   120000/ 1943538 entries,  6.17% (elapsed time   362.4s, curr speed    0.293 kHz, avg speed    0.331 kHz), accepted     1667/  120001 events ( 1.39%)
Processed   130000/ 1943538 entries,  6.69% (elapsed time   386.7s, curr speed    0.411 kHz, avg speed    0.336 kHz), accepted     1807/  130001 events ( 1.39%)
Processed   140000/ 1943538 entries,  7.20% (elapsed time   415.3s, curr speed    0.349 kHz, avg speed    0.337 kHz), accepted     1946/  140001 events ( 1.39%)
Processed   150000/ 1943538 entries,  7.72% (elapsed time   451.0s, curr speed    0.280 kHz, avg speed    0.333 kHz), accepted     2104/  150001 events ( 1.40%)
Processed   160000/ 1943538 entries,  8.23% (elapsed time   487.1s, curr speed    0.277 kHz, avg speed    0.328 kHz), accepted     2241/  160001 events ( 1.40%)
Processed   170000/ 1943538 entries,  8.75% (elapsed time   505.9s, curr speed    0.533 kHz, avg speed    0.336 kHz), accepted     2385/  170001 events ( 1.40%)
Processed   180000/ 1943538 entries,  9.26% (elapsed time   541.7s, curr speed    0.279 kHz, avg speed    0.332 kHz), accepted     2510/  180001 events ( 1.39%)
Processed   190000/ 1943538 entries,  9.78% (elapsed time   576.0s, curr speed    0.291 kHz, avg speed    0.330 kHz), accepted     2665/  190001 events ( 1.40%)
Processed   200000/ 1943538 entries, 10.29% (elapsed time   595.0s, curr speed    0.526 kHz, avg speed    0.336 kHz), accepted     2803/  200001 events ( 1.40%)
Processed   210000/ 1943538 entries, 10.81% (elapsed time   630.6s, curr speed    0.281 kHz, avg speed    0.333 kHz), accepted     2964/  210001 events ( 1.41%)
Processed   220000/ 1943538 entries, 11.32% (elapsed time   664.9s, curr speed    0.291 kHz, avg speed    0.331 kHz), accepted     3083/  220001 events ( 1.40%)
Processed   230000/ 1943538 entries, 11.83% (elapsed time   684.8s, curr speed    0.502 kHz, avg speed    0.336 kHz), accepted     3197/  230001 events ( 1.39%)
Processed   240000/ 1943538 entries, 12.35% (elapsed time   717.7s, curr speed    0.304 kHz, avg speed    0.334 kHz), accepted     3369/  240001 events ( 1.40%)
Processed   250000/ 1943538 entries, 12.86% (elapsed time   753.2s, curr speed    0.282 kHz, avg speed    0.332 kHz), accepted     3497/  250001 events ( 1.40%)
Processed   260000/ 1943538 entries, 13.38% (elapsed time   779.2s, curr speed    0.384 kHz, avg speed    0.334 kHz), accepted     3627/  260001 events ( 1.39%)
Processed   270000/ 1943538 entries, 13.89% (elapsed time   816.3s, curr speed    0.270 kHz, avg speed    0.331 kHz), accepted     3770/  270001 events ( 1.40%)
Processed   280000/ 1943538 entries, 14.41% (elapsed time   852.0s, curr speed    0.280 kHz, avg speed    0.329 kHz), accepted     3896/  280001 events ( 1.39%)
Processed   290000/ 1943538 entries, 14.92% (elapsed time   887.3s, curr speed    0.284 kHz, avg speed    0.327 kHz), accepted     4038/  290001 events ( 1.39%)
Processed   300000/ 1943538 entries, 15.44% (elapsed time   908.5s, curr speed    0.471 kHz, avg speed    0.330 kHz), accepted     4171/  300001 events ( 1.39%)
Processed   310000/ 1943538 entries, 15.95% (elapsed time   945.2s, curr speed    0.272 kHz, avg speed    0.328 kHz), accepted     4337/  310001 events ( 1.40%)
Processed   320000/ 1943538 entries, 16.46% (elapsed time   980.1s, curr speed    0.287 kHz, avg speed    0.326 kHz), accepted     4470/  320001 events ( 1.40%)
Processed   330000/ 1943538 entries, 16.98% (elapsed time   999.2s, curr speed    0.525 kHz, avg speed    0.330 kHz), accepted     4609/  330001 events ( 1.40%)
Processed   340000/ 1943538 entries, 17.49% (elapsed time  1034.2s, curr speed    0.285 kHz, avg speed    0.329 kHz), accepted     4763/  340001 events ( 1.40%)
Processed   350000/ 1943538 entries, 18.01% (elapsed time  1070.9s, curr speed    0.273 kHz, avg speed    0.327 kHz), accepted     4917/  350001 events ( 1.40%)
Processed   360000/ 1943538 entries, 18.52% (elapsed time  1091.0s, curr speed    0.498 kHz, avg speed    0.330 kHz), accepted     5060/  360001 events ( 1.41%)
Processed   370000/ 1943538 entries, 19.04% (elapsed time  1140.4s, curr speed    0.203 kHz, avg speed    0.324 kHz), accepted     5200/  370001 events ( 1.41%)
Processed   380000/ 1943538 entries, 19.55% (elapsed time  1181.1s, curr speed    0.245 kHz, avg speed    0.322 kHz), accepted     5337/  380001 events ( 1.40%)
Processed   390000/ 1943538 entries, 20.07% (elapsed time  1202.7s, curr speed    0.463 kHz, avg speed    0.324 kHz), accepted     5477/  390001 events ( 1.40%)
Processed   400000/ 1943538 entries, 20.58% (elapsed time  1239.5s, curr speed    0.272 kHz, avg speed    0.323 kHz), accepted     5608/  400001 events ( 1.40%)
Processed   410000/ 1943538 entries, 21.10% (elapsed time  1274.1s, curr speed    0.289 kHz, avg speed    0.322 kHz), accepted     5740/  410001 events ( 1.40%)
Processed   420000/ 1943538 entries, 21.61% (elapsed time  1309.0s, curr speed    0.286 kHz, avg speed    0.321 kHz), accepted     5880/  420001 events ( 1.40%)
Processed   430000/ 1943538 entries, 22.12% (elapsed time  1327.7s, curr speed    0.536 kHz, avg speed    0.324 kHz), accepted     6025/  430001 events ( 1.40%)
Processed   440000/ 1943538 entries, 22.64% (elapsed time  1367.8s, curr speed    0.249 kHz, avg speed    0.322 kHz), accepted     6182/  440001 events ( 1.40%)
Processed   450000/ 1943538 entries, 23.15% (elapsed time  1406.4s, curr speed    0.259 kHz, avg speed    0.320 kHz), accepted     6335/  450001 events ( 1.41%)
Processed   460000/ 1943538 entries, 23.67% (elapsed time  1426.4s, curr speed    0.501 kHz, avg speed    0.322 kHz), accepted     6487/  460001 events ( 1.41%)
Processed   470000/ 1943538 entries, 24.18% (elapsed time  1461.8s, curr speed    0.283 kHz, avg speed    0.322 kHz), accepted     6626/  470001 events ( 1.41%)
Processed   480000/ 1943538 entries, 24.70% (elapsed time  1496.6s, curr speed    0.287 kHz, avg speed    0.321 kHz), accepted     6764/  480001 events ( 1.41%)
Processed   490000/ 1943538 entries, 25.21% (elapsed time  1515.2s, curr speed    0.540 kHz, avg speed    0.323 kHz), accepted     6897/  490001 events ( 1.41%)
Processed   500000/ 1943538 entries, 25.73% (elapsed time  1551.6s, curr speed    0.275 kHz, avg speed    0.322 kHz), accepted     7033/  500001 events ( 1.41%)
Processed   510000/ 1943538 entries, 26.24% (elapsed time  1588.2s, curr speed    0.273 kHz, avg speed    0.321 kHz), accepted     7189/  510001 events ( 1.41%)
Processed   520000/ 1943538 entries, 26.76% (elapsed time  1609.5s, curr speed    0.469 kHz, avg speed    0.323 kHz), accepted     7346/  520001 events ( 1.41%)
Processed   530000/ 1943538 entries, 27.27% (elapsed time  1644.0s, curr speed    0.290 kHz, avg speed    0.322 kHz), accepted     7508/  530001 events ( 1.42%)
Processed   540000/ 1943538 entries, 27.78% (elapsed time  1681.7s, curr speed    0.265 kHz, avg speed    0.321 kHz), accepted     7661/  540001 events ( 1.42%)
Processed   550000/ 1943538 entries, 28.30% (elapsed time  1706.5s, curr speed    0.403 kHz, avg speed    0.322 kHz), accepted     7784/  550001 events ( 1.42%)
Processed   560000/ 1943538 entries, 28.81% (elapsed time  1737.2s, curr speed    0.326 kHz, avg speed    0.322 kHz), accepted     7935/  560001 events ( 1.42%)
Processed   570000/ 1943538 entries, 29.33% (elapsed time  1772.6s, curr speed    0.282 kHz, avg speed    0.322 kHz), accepted     8094/  570001 events ( 1.42%)
Processed   580000/ 1943538 entries, 29.84% (elapsed time  1807.0s, curr speed    0.291 kHz, avg speed    0.321 kHz), accepted     8242/  580001 events ( 1.42%)
Processed   590000/ 1943538 entries, 30.36% (elapsed time  1825.8s, curr speed    0.533 kHz, avg speed    0.323 kHz), accepted     8417/  590001 events ( 1.43%)
Processed   600000/ 1943538 entries, 30.87% (elapsed time  1860.2s, curr speed    0.290 kHz, avg speed    0.323 kHz), accepted     8582/  600001 events ( 1.43%)
Processed   610000/ 1943538 entries, 31.39% (elapsed time  1894.8s, curr speed    0.289 kHz, avg speed    0.322 kHz), accepted     8716/  610001 events ( 1.43%)
Processed   620000/ 1943538 entries, 31.90% (elapsed time  1913.4s, curr speed    0.538 kHz, avg speed    0.324 kHz), accepted     8860/  620001 events ( 1.43%)
Processed   630000/ 1943538 entries, 32.42% (elapsed time  1949.9s, curr speed    0.274 kHz, avg speed    0.323 kHz), accepted     9002/  630001 events ( 1.43%)
Processed   640000/ 1943538 entries, 32.93% (elapsed time  1986.3s, curr speed    0.275 kHz, avg speed    0.322 kHz), accepted     9133/  640001 events ( 1.43%)
Processed   650000/ 1943538 entries, 33.44% (elapsed time  2006.7s, curr speed    0.491 kHz, avg speed    0.324 kHz), accepted     9264/  650001 events ( 1.43%)
Processed   660000/ 1943538 entries, 33.96% (elapsed time  2039.9s, curr speed    0.301 kHz, avg speed    0.324 kHz), accepted     9386/  660001 events ( 1.42%)
Processed   670000/ 1943538 entries, 34.47% (elapsed time  2077.2s, curr speed    0.268 kHz, avg speed    0.323 kHz), accepted     9514/  670001 events ( 1.42%)
Processed   680000/ 1943538 entries, 34.99% (elapsed time  2098.8s, curr speed    0.463 kHz, avg speed    0.324 kHz), accepted     9654/  680001 events ( 1.42%)
Processed   690000/ 1943538 entries, 35.50% (elapsed time  2132.3s, curr speed    0.298 kHz, avg speed    0.324 kHz), accepted     9783/  690001 events ( 1.42%)
Processed   700000/ 1943538 entries, 36.02% (elapsed time  2171.7s, curr speed    0.254 kHz, avg speed    0.322 kHz), accepted     9942/  700001 events ( 1.42%)
Processed   710000/ 1943538 entries, 36.53% (elapsed time  2209.1s, curr speed    0.267 kHz, avg speed    0.321 kHz), accepted    10084/  710001 events ( 1.42%)
Processed   720000/ 1943538 entries, 37.05% (elapsed time  2229.7s, curr speed    0.487 kHz, avg speed    0.323 kHz), accepted    10235/  720001 events ( 1.42%)
Processed   730000/ 1943538 entries, 37.56% (elapsed time  2268.4s, curr speed    0.258 kHz, avg speed    0.322 kHz), accepted    10377/  730001 events ( 1.42%)
Processed   740000/ 1943538 entries, 38.07% (elapsed time  2306.5s, curr speed    0.263 kHz, avg speed    0.321 kHz), accepted    10523/  740001 events ( 1.42%)
Processed   750000/ 1943538 entries, 38.59% (elapsed time  2327.3s, curr speed    0.481 kHz, avg speed    0.322 kHz), accepted    10651/  750001 events ( 1.42%)
Processed   760000/ 1943538 entries, 39.10% (elapsed time  2362.3s, curr speed    0.286 kHz, avg speed    0.322 kHz), accepted    10791/  760001 events ( 1.42%)
Processed   770000/ 1943538 entries, 39.62% (elapsed time  2396.8s, curr speed    0.289 kHz, avg speed    0.321 kHz), accepted    10939/  770001 events ( 1.42%)
Processed   780000/ 1943538 entries, 40.13% (elapsed time  2419.1s, curr speed    0.450 kHz, avg speed    0.322 kHz), accepted    11057/  780001 events ( 1.42%)
Processed   790000/ 1943538 entries, 40.65% (elapsed time  2452.6s, curr speed    0.298 kHz, avg speed    0.322 kHz), accepted    11192/  790001 events ( 1.42%)
Processed   800000/ 1943538 entries, 41.16% (elapsed time  2486.9s, curr speed    0.292 kHz, avg speed    0.322 kHz), accepted    11354/  800001 events ( 1.42%)
Processed   810000/ 1943538 entries, 41.68% (elapsed time  2509.6s, curr speed    0.440 kHz, avg speed    0.323 kHz), accepted    11517/  810001 events ( 1.42%)
Processed   820000/ 1943538 entries, 42.19% (elapsed time  2542.2s, curr speed    0.307 kHz, avg speed    0.323 kHz), accepted    11668/  820001 events ( 1.42%)
Processed   830000/ 1943538 entries, 42.71% (elapsed time  2579.3s, curr speed    0.269 kHz, avg speed    0.322 kHz), accepted    11820/  830001 events ( 1.42%)
Processed   840000/ 1943538 entries, 43.22% (elapsed time  2610.1s, curr speed    0.324 kHz, avg speed    0.322 kHz), accepted    11966/  840001 events ( 1.42%)
Processed   850000/ 1943538 entries, 43.73% (elapsed time  2637.6s, curr speed    0.364 kHz, avg speed    0.322 kHz), accepted    12129/  850001 events ( 1.43%)
Processed   860000/ 1943538 entries, 44.25% (elapsed time  2674.3s, curr speed    0.273 kHz, avg speed    0.322 kHz), accepted    12255/  860001 events ( 1.42%)
Processed   870000/ 1943538 entries, 44.76% (elapsed time  2709.7s, curr speed    0.282 kHz, avg speed    0.321 kHz), accepted    12395/  870001 events ( 1.42%)
Processed   880000/ 1943538 entries, 45.28% (elapsed time  2729.2s, curr speed    0.515 kHz, avg speed    0.322 kHz), accepted    12552/  880001 events ( 1.43%)
Processed   890000/ 1943538 entries, 45.79% (elapsed time  2763.8s, curr speed    0.288 kHz, avg speed    0.322 kHz), accepted    12706/  890001 events ( 1.43%)
Processed   900000/ 1943538 entries, 46.31% (elapsed time  2799.2s, curr speed    0.283 kHz, avg speed    0.322 kHz), accepted    12845/  900001 events ( 1.43%)
Processed   910000/ 1943538 entries, 46.82% (elapsed time  2816.8s, curr speed    0.568 kHz, avg speed    0.323 kHz), accepted    12980/  910001 events ( 1.43%)
Processed   920000/ 1943538 entries, 47.34% (elapsed time  2855.6s, curr speed    0.258 kHz, avg speed    0.322 kHz), accepted    13137/  920001 events ( 1.43%)
Processed   930000/ 1943538 entries, 47.85% (elapsed time  2890.6s, curr speed    0.286 kHz, avg speed    0.322 kHz), accepted    13277/  930001 events ( 1.43%)
Processed   940000/ 1943538 entries, 48.37% (elapsed time  2911.5s, curr speed    0.479 kHz, avg speed    0.323 kHz), accepted    13409/  940001 events ( 1.43%)
Processed   950000/ 1943538 entries, 48.88% (elapsed time  2946.4s, curr speed    0.286 kHz, avg speed    0.322 kHz), accepted    13562/  950001 events ( 1.43%)
Processed   960000/ 1943538 entries, 49.39% (elapsed time  2984.2s, curr speed    0.264 kHz, avg speed    0.322 kHz), accepted    13697/  960001 events ( 1.43%)
Processed   970000/ 1943538 entries, 49.91% (elapsed time  3010.7s, curr speed    0.378 kHz, avg speed    0.322 kHz), accepted    13839/  970001 events ( 1.43%)
Processed   980000/ 1943538 entries, 50.42% (elapsed time  3045.6s, curr speed    0.287 kHz, avg speed    0.322 kHz), accepted    13975/  980001 events ( 1.43%)
Processed   990000/ 1943538 entries, 50.94% (elapsed time  3081.1s, curr speed    0.281 kHz, avg speed    0.321 kHz), accepted    14108/  990001 events ( 1.43%)
Processed  1000000/ 1943538 entries, 51.45% (elapsed time  3115.1s, curr speed    0.295 kHz, avg speed    0.321 kHz), accepted    14238/ 1000001 events ( 1.42%)
Processed  1010000/ 1943538 entries, 51.97% (elapsed time  3133.8s, curr speed    0.532 kHz, avg speed    0.322 kHz), accepted    14385/ 1010001 events ( 1.42%)
Processed  1020000/ 1943538 entries, 52.48% (elapsed time  3168.7s, curr speed    0.287 kHz, avg speed    0.322 kHz), accepted    14529/ 1020001 events ( 1.42%)
Processed  1030000/ 1943538 entries, 53.00% (elapsed time  3205.8s, curr speed    0.270 kHz, avg speed    0.321 kHz), accepted    14679/ 1030001 events ( 1.43%)
Processed  1040000/ 1943538 entries, 53.51% (elapsed time  3225.3s, curr speed    0.513 kHz, avg speed    0.322 kHz), accepted    14804/ 1040001 events ( 1.42%)
Processed  1050000/ 1943538 entries, 54.03% (elapsed time  3265.1s, curr speed    0.252 kHz, avg speed    0.322 kHz), accepted    14964/ 1050001 events ( 1.43%)
Processed  1060000/ 1943538 entries, 54.54% (elapsed time  3303.6s, curr speed    0.259 kHz, avg speed    0.321 kHz), accepted    15116/ 1060001 events ( 1.43%)
Processed  1070000/ 1943538 entries, 55.05% (elapsed time  3325.8s, curr speed    0.450 kHz, avg speed    0.322 kHz), accepted    15254/ 1070001 events ( 1.43%)
Processed  1080000/ 1943538 entries, 55.57% (elapsed time  3359.3s, curr speed    0.299 kHz, avg speed    0.321 kHz), accepted    15387/ 1080001 events ( 1.42%)
Processed  1090000/ 1943538 entries, 56.08% (elapsed time  3393.2s, curr speed    0.295 kHz, avg speed    0.321 kHz), accepted    15531/ 1090001 events ( 1.42%)
Processed  1100000/ 1943538 entries, 56.60% (elapsed time  3416.7s, curr speed    0.424 kHz, avg speed    0.322 kHz), accepted    15668/ 1100001 events ( 1.42%)
Processed  1110000/ 1943538 entries, 57.11% (elapsed time  3445.7s, curr speed    0.345 kHz, avg speed    0.322 kHz), accepted    15792/ 1110001 events ( 1.42%)
Processed  1120000/ 1943538 entries, 57.63% (elapsed time  3479.8s, curr speed    0.293 kHz, avg speed    0.322 kHz), accepted    15938/ 1120001 events ( 1.42%)
Processed  1130000/ 1943538 entries, 58.14% (elapsed time  3514.7s, curr speed    0.287 kHz, avg speed    0.322 kHz), accepted    16078/ 1130001 events ( 1.42%)
Processed  1140000/ 1943538 entries, 58.66% (elapsed time  3533.7s, curr speed    0.526 kHz, avg speed    0.323 kHz), accepted    16221/ 1140001 events ( 1.42%)
Processed  1150000/ 1943538 entries, 59.17% (elapsed time  3567.2s, curr speed    0.298 kHz, avg speed    0.322 kHz), accepted    16341/ 1150001 events ( 1.42%)
Processed  1160000/ 1943538 entries, 59.68% (elapsed time  3602.2s, curr speed    0.286 kHz, avg speed    0.322 kHz), accepted    16482/ 1160001 events ( 1.42%)
Processed  1170000/ 1943538 entries, 60.20% (elapsed time  3619.8s, curr speed    0.567 kHz, avg speed    0.323 kHz), accepted    16619/ 1170001 events ( 1.42%)
Processed  1180000/ 1943538 entries, 60.71% (elapsed time  3655.1s, curr speed    0.283 kHz, avg speed    0.323 kHz), accepted    16758/ 1180001 events ( 1.42%)
Processed  1190000/ 1943538 entries, 61.23% (elapsed time  3689.6s, curr speed    0.290 kHz, avg speed    0.323 kHz), accepted    16908/ 1190001 events ( 1.42%)
Processed  1200000/ 1943538 entries, 61.74% (elapsed time  3709.0s, curr speed    0.514 kHz, avg speed    0.324 kHz), accepted    17044/ 1200001 events ( 1.42%)
Processed  1210000/ 1943538 entries, 62.26% (elapsed time  3741.3s, curr speed    0.310 kHz, avg speed    0.323 kHz), accepted    17173/ 1210001 events ( 1.42%)
Processed  1220000/ 1943538 entries, 62.77% (elapsed time  3778.6s, curr speed    0.268 kHz, avg speed    0.323 kHz), accepted    17323/ 1220001 events ( 1.42%)
Processed  1230000/ 1943538 entries, 63.29% (elapsed time  3803.2s, curr speed    0.406 kHz, avg speed    0.323 kHz), accepted    17458/ 1230001 events ( 1.42%)
Processed  1240000/ 1943538 entries, 63.80% (elapsed time  3835.3s, curr speed    0.311 kHz, avg speed    0.323 kHz), accepted    17611/ 1240001 events ( 1.42%)
Processed  1250000/ 1943538 entries, 64.32% (elapsed time  3872.4s, curr speed    0.270 kHz, avg speed    0.323 kHz), accepted    17760/ 1250001 events ( 1.42%)
Processed  1260000/ 1943538 entries, 64.83% (elapsed time  3901.6s, curr speed    0.342 kHz, avg speed    0.323 kHz), accepted    17921/ 1260001 events ( 1.42%)
Processed  1270000/ 1943538 entries, 65.34% (elapsed time  3929.4s, curr speed    0.359 kHz, avg speed    0.323 kHz), accepted    18086/ 1270001 events ( 1.42%)
Processed  1280000/ 1943538 entries, 65.86% (elapsed time  3973.5s, curr speed    0.227 kHz, avg speed    0.322 kHz), accepted    18247/ 1280001 events ( 1.43%)
Processed  1290000/ 1943538 entries, 66.37% (elapsed time  4015.9s, curr speed    0.235 kHz, avg speed    0.321 kHz), accepted    18416/ 1290001 events ( 1.43%)
Processed  1300000/ 1943538 entries, 66.89% (elapsed time  4043.2s, curr speed    0.367 kHz, avg speed    0.322 kHz), accepted    18560/ 1300001 events ( 1.43%)
Processed  1310000/ 1943538 entries, 67.40% (elapsed time  4084.7s, curr speed    0.241 kHz, avg speed    0.321 kHz), accepted    18706/ 1310001 events ( 1.43%)
Processed  1320000/ 1943538 entries, 67.92% (elapsed time  4128.5s, curr speed    0.228 kHz, avg speed    0.320 kHz), accepted    18878/ 1320001 events ( 1.43%)
Processed  1330000/ 1943538 entries, 68.43% (elapsed time  4149.6s, curr speed    0.475 kHz, avg speed    0.321 kHz), accepted    19020/ 1330001 events ( 1.43%)
Processed  1340000/ 1943538 entries, 68.95% (elapsed time  4189.0s, curr speed    0.254 kHz, avg speed    0.320 kHz), accepted    19162/ 1340001 events ( 1.43%)
Processed  1350000/ 1943538 entries, 69.46% (elapsed time  4231.1s, curr speed    0.237 kHz, avg speed    0.319 kHz), accepted    19315/ 1350001 events ( 1.43%)
Processed  1360000/ 1943538 entries, 69.98% (elapsed time  4253.9s, curr speed    0.437 kHz, avg speed    0.320 kHz), accepted    19459/ 1360001 events ( 1.43%)
Processed  1370000/ 1943538 entries, 70.49% (elapsed time  4292.1s, curr speed    0.262 kHz, avg speed    0.319 kHz), accepted    19601/ 1370001 events ( 1.43%)
Processed  1380000/ 1943538 entries, 71.00% (elapsed time  4327.9s, curr speed    0.279 kHz, avg speed    0.319 kHz), accepted    19753/ 1380001 events ( 1.43%)
Processed  1390000/ 1943538 entries, 71.52% (elapsed time  4351.4s, curr speed    0.426 kHz, avg speed    0.319 kHz), accepted    19906/ 1390001 events ( 1.43%)
Processed  1400000/ 1943538 entries, 72.03% (elapsed time  4379.7s, curr speed    0.353 kHz, avg speed    0.320 kHz), accepted    20068/ 1400001 events ( 1.43%)
Processed  1410000/ 1943538 entries, 72.55% (elapsed time  4413.4s, curr speed    0.297 kHz, avg speed    0.319 kHz), accepted    20222/ 1410001 events ( 1.43%)
Processed  1420000/ 1943538 entries, 73.06% (elapsed time  4464.6s, curr speed    0.195 kHz, avg speed    0.318 kHz), accepted    20366/ 1420001 events ( 1.43%)
Processed  1430000/ 1943538 entries, 73.58% (elapsed time  4482.3s, curr speed    0.563 kHz, avg speed    0.319 kHz), accepted    20505/ 1430001 events ( 1.43%)
Processed  1440000/ 1943538 entries, 74.09% (elapsed time  4517.4s, curr speed    0.285 kHz, avg speed    0.319 kHz), accepted    20638/ 1440001 events ( 1.43%)
Processed  1450000/ 1943538 entries, 74.61% (elapsed time  4552.2s, curr speed    0.287 kHz, avg speed    0.319 kHz), accepted    20786/ 1450001 events ( 1.43%)
Processed  1460000/ 1943538 entries, 75.12% (elapsed time  4571.5s, curr speed    0.520 kHz, avg speed    0.319 kHz), accepted    20917/ 1460001 events ( 1.43%)
Processed  1470000/ 1943538 entries, 75.64% (elapsed time  4608.6s, curr speed    0.269 kHz, avg speed    0.319 kHz), accepted    21062/ 1470001 events ( 1.43%)
Processed  1480000/ 1943538 entries, 76.15% (elapsed time  4643.5s, curr speed    0.287 kHz, avg speed    0.319 kHz), accepted    21195/ 1480001 events ( 1.43%)
Processed  1490000/ 1943538 entries, 76.66% (elapsed time  4663.9s, curr speed    0.491 kHz, avg speed    0.319 kHz), accepted    21313/ 1490001 events ( 1.43%)
Processed  1500000/ 1943538 entries, 77.18% (elapsed time  4697.4s, curr speed    0.298 kHz, avg speed    0.319 kHz), accepted    21463/ 1500001 events ( 1.43%)
Processed  1510000/ 1943538 entries, 77.69% (elapsed time  4731.9s, curr speed    0.290 kHz, avg speed    0.319 kHz), accepted    21592/ 1510001 events ( 1.43%)
Processed  1520000/ 1943538 entries, 78.21% (elapsed time  4755.6s, curr speed    0.422 kHz, avg speed    0.320 kHz), accepted    21752/ 1520001 events ( 1.43%)
Processed  1530000/ 1943538 entries, 78.72% (elapsed time  4786.7s, curr speed    0.322 kHz, avg speed    0.320 kHz), accepted    21922/ 1530001 events ( 1.43%)
Processed  1540000/ 1943538 entries, 79.24% (elapsed time  4822.2s, curr speed    0.281 kHz, avg speed    0.319 kHz), accepted    22059/ 1540001 events ( 1.43%)
Processed  1550000/ 1943538 entries, 79.75% (elapsed time  4858.0s, curr speed    0.280 kHz, avg speed    0.319 kHz), accepted    22184/ 1550001 events ( 1.43%)
Processed  1560000/ 1943538 entries, 80.27% (elapsed time  4877.5s, curr speed    0.512 kHz, avg speed    0.320 kHz), accepted    22316/ 1560001 events ( 1.43%)
Processed  1570000/ 1943538 entries, 80.78% (elapsed time  4912.0s, curr speed    0.290 kHz, avg speed    0.320 kHz), accepted    22463/ 1570001 events ( 1.43%)
Processed  1580000/ 1943538 entries, 81.30% (elapsed time  4947.0s, curr speed    0.286 kHz, avg speed    0.319 kHz), accepted    22610/ 1580001 events ( 1.43%)
Processed  1590000/ 1943538 entries, 81.81% (elapsed time  4964.8s, curr speed    0.561 kHz, avg speed    0.320 kHz), accepted    22768/ 1590001 events ( 1.43%)
Processed  1600000/ 1943538 entries, 82.32% (elapsed time  4999.5s, curr speed    0.288 kHz, avg speed    0.320 kHz), accepted    22937/ 1600001 events ( 1.43%)
Processed  1610000/ 1943538 entries, 82.84% (elapsed time  5035.6s, curr speed    0.277 kHz, avg speed    0.320 kHz), accepted    23081/ 1610001 events ( 1.43%)
Processed  1620000/ 1943538 entries, 83.35% (elapsed time  5055.5s, curr speed    0.503 kHz, avg speed    0.320 kHz), accepted    23211/ 1620001 events ( 1.43%)
Processed  1630000/ 1943538 entries, 83.87% (elapsed time  5090.2s, curr speed    0.288 kHz, avg speed    0.320 kHz), accepted    23330/ 1630001 events ( 1.43%)
Processed  1640000/ 1943538 entries, 84.38% (elapsed time  5126.0s, curr speed    0.280 kHz, avg speed    0.320 kHz), accepted    23482/ 1640001 events ( 1.43%)
Processed  1650000/ 1943538 entries, 84.90% (elapsed time  5148.0s, curr speed    0.454 kHz, avg speed    0.321 kHz), accepted    23636/ 1650001 events ( 1.43%)
Processed  1660000/ 1943538 entries, 85.41% (elapsed time  5180.1s, curr speed    0.312 kHz, avg speed    0.320 kHz), accepted    23784/ 1660001 events ( 1.43%)
Processed  1670000/ 1943538 entries, 85.93% (elapsed time  5215.1s, curr speed    0.286 kHz, avg speed    0.320 kHz), accepted    23911/ 1670001 events ( 1.43%)
Processed  1680000/ 1943538 entries, 86.44% (elapsed time  5250.5s, curr speed    0.283 kHz, avg speed    0.320 kHz), accepted    24072/ 1680001 events ( 1.43%)
Processed  1690000/ 1943538 entries, 86.95% (elapsed time  5268.7s, curr speed    0.549 kHz, avg speed    0.321 kHz), accepted    24217/ 1690001 events ( 1.43%)
Processed  1700000/ 1943538 entries, 87.47% (elapsed time  5302.5s, curr speed    0.296 kHz, avg speed    0.321 kHz), accepted    24357/ 1700001 events ( 1.43%)
Processed  1710000/ 1943538 entries, 87.98% (elapsed time  5337.6s, curr speed    0.285 kHz, avg speed    0.320 kHz), accepted    24505/ 1710001 events ( 1.43%)
Processed  1720000/ 1943538 entries, 88.50% (elapsed time  5355.9s, curr speed    0.546 kHz, avg speed    0.321 kHz), accepted    24644/ 1720001 events ( 1.43%)
Processed  1730000/ 1943538 entries, 89.01% (elapsed time  5389.8s, curr speed    0.295 kHz, avg speed    0.321 kHz), accepted    24776/ 1730001 events ( 1.43%)
Processed  1740000/ 1943538 entries, 89.53% (elapsed time  5423.6s, curr speed    0.296 kHz, avg speed    0.321 kHz), accepted    24914/ 1740001 events ( 1.43%)
Processed  1750000/ 1943538 entries, 90.04% (elapsed time  5443.2s, curr speed    0.510 kHz, avg speed    0.322 kHz), accepted    25057/ 1750001 events ( 1.43%)
Processed  1760000/ 1943538 entries, 90.56% (elapsed time  5479.6s, curr speed    0.275 kHz, avg speed    0.321 kHz), accepted    25174/ 1760001 events ( 1.43%)
Processed  1770000/ 1943538 entries, 91.07% (elapsed time  5514.0s, curr speed    0.290 kHz, avg speed    0.321 kHz), accepted    25305/ 1770001 events ( 1.43%)
Processed  1780000/ 1943538 entries, 91.59% (elapsed time  5534.5s, curr speed    0.489 kHz, avg speed    0.322 kHz), accepted    25446/ 1780001 events ( 1.43%)
Processed  1790000/ 1943538 entries, 92.10% (elapsed time  5566.0s, curr speed    0.318 kHz, avg speed    0.322 kHz), accepted    25575/ 1790001 events ( 1.43%)
Processed  1800000/ 1943538 entries, 92.61% (elapsed time  5600.2s, curr speed    0.292 kHz, avg speed    0.321 kHz), accepted    25705/ 1800001 events ( 1.43%)
Processed  1810000/ 1943538 entries, 93.13% (elapsed time  5624.0s, curr speed    0.421 kHz, avg speed    0.322 kHz), accepted    25855/ 1810001 events ( 1.43%)
Processed  1820000/ 1943538 entries, 93.64% (elapsed time  5652.4s, curr speed    0.352 kHz, avg speed    0.322 kHz), accepted    26004/ 1820001 events ( 1.43%)
Processed  1830000/ 1943538 entries, 94.16% (elapsed time  5688.3s, curr speed    0.279 kHz, avg speed    0.322 kHz), accepted    26146/ 1830001 events ( 1.43%)
Processed  1840000/ 1943538 entries, 94.67% (elapsed time  5724.9s, curr speed    0.273 kHz, avg speed    0.321 kHz), accepted    26286/ 1840001 events ( 1.43%)
Processed  1850000/ 1943538 entries, 95.19% (elapsed time  5743.7s, curr speed    0.532 kHz, avg speed    0.322 kHz), accepted    26433/ 1850001 events ( 1.43%)
Processed  1860000/ 1943538 entries, 95.70% (elapsed time  5780.6s, curr speed    0.271 kHz, avg speed    0.322 kHz), accepted    26564/ 1860001 events ( 1.43%)
Processed  1870000/ 1943538 entries, 96.22% (elapsed time  5821.1s, curr speed    0.247 kHz, avg speed    0.321 kHz), accepted    26733/ 1870001 events ( 1.43%)
Processed  1880000/ 1943538 entries, 96.73% (elapsed time  5840.5s, curr speed    0.514 kHz, avg speed    0.322 kHz), accepted    26886/ 1880001 events ( 1.43%)
Processed  1890000/ 1943538 entries, 97.25% (elapsed time  5878.2s, curr speed    0.265 kHz, avg speed    0.322 kHz), accepted    27023/ 1890001 events ( 1.43%)
Processed  1900000/ 1943538 entries, 97.76% (elapsed time  5913.8s, curr speed    0.281 kHz, avg speed    0.321 kHz), accepted    27169/ 1900001 events ( 1.43%)
Processed  1910000/ 1943538 entries, 98.27% (elapsed time  5934.9s, curr speed    0.475 kHz, avg speed    0.322 kHz), accepted    27330/ 1910001 events ( 1.43%)
Processed  1920000/ 1943538 entries, 98.79% (elapsed time  5970.2s, curr speed    0.283 kHz, avg speed    0.322 kHz), accepted    27484/ 1920001 events ( 1.43%)
Processed  1930000/ 1943538 entries, 99.30% (elapsed time  6006.2s, curr speed    0.278 kHz, avg speed    0.321 kHz), accepted    27630/ 1930001 events ( 1.43%)
Processed  1940000/ 1943538 entries, 99.82% (elapsed time  6030.1s, curr speed    0.419 kHz, avg speed    0.322 kHz), accepted    27774/ 1940001 events ( 1.43%)
Processed 1943538 preselected entries from root://cms-xrd-global.cern.ch//store/mc/RunIISummer16NanoAODv6/W3JetsToLNu_TuneCUETP8M1_13TeV-madgraphMLM-pythia8/NANOAODSIM/PUMoriond17_Nano25Oct2019_102X_mcRun2_asymptotic_v7-v1/260000/FC28603A-1D4B-2247-9C0B-9C029FE94565.root (1943538 entries). Finally selected 27813 entries
Pre-select 216312 entries out of 216312 (100.00%)
Processed    10000/  216312 entries,  4.62% (elapsed time    35.0s, curr speed    0.286 kHz, avg speed    0.286 kHz), accepted      152/   10001 events ( 1.52%)
Processed    20000/  216312 entries,  9.25% (elapsed time    67.5s, curr speed    0.308 kHz, avg speed    0.296 kHz), accepted      285/   20001 events ( 1.42%)
Processed    30000/  216312 entries, 13.87% (elapsed time   101.0s, curr speed    0.298 kHz, avg speed    0.297 kHz), accepted      418/   30001 events ( 1.39%)
Processed    40000/  216312 entries, 18.49% (elapsed time   118.3s, curr speed    0.578 kHz, avg speed    0.338 kHz), accepted      543/   40001 events ( 1.36%)
Processed    50000/  216312 entries, 23.11% (elapsed time   152.0s, curr speed    0.297 kHz, avg speed    0.329 kHz), accepted      688/   50001 events ( 1.38%)
Processed    60000/  216312 entries, 27.74% (elapsed time   186.8s, curr speed    0.287 kHz, avg speed    0.321 kHz), accepted      828/   60001 events ( 1.38%)
Processed    70000/  216312 entries, 32.36% (elapsed time   204.3s, curr speed    0.569 kHz, avg speed    0.343 kHz), accepted      967/   70001 events ( 1.38%)
Processed    80000/  216312 entries, 36.98% (elapsed time   238.5s, curr speed    0.293 kHz, avg speed    0.335 kHz), accepted     1086/   80001 events ( 1.36%)
Processed    90000/  216312 entries, 41.61% (elapsed time   271.9s, curr speed    0.300 kHz, avg speed    0.331 kHz), accepted     1232/   90001 events ( 1.37%)
Processed   100000/  216312 entries, 46.23% (elapsed time   293.0s, curr speed    0.473 kHz, avg speed    0.341 kHz), accepted     1371/  100001 events ( 1.37%)
Processed   110000/  216312 entries, 50.85% (elapsed time   325.6s, curr speed    0.307 kHz, avg speed    0.338 kHz), accepted     1508/  110001 events ( 1.37%)
Processed   120000/  216312 entries, 55.48% (elapsed time   361.4s, curr speed    0.280 kHz, avg speed    0.332 kHz), accepted     1650/  120001 events ( 1.37%)
Processed   130000/  216312 entries, 60.10% (elapsed time   386.4s, curr speed    0.399 kHz, avg speed    0.336 kHz), accepted     1778/  130001 events ( 1.37%)
Processed   140000/  216312 entries, 64.72% (elapsed time   415.9s, curr speed    0.339 kHz, avg speed    0.337 kHz), accepted     1908/  140001 events ( 1.36%)
Processed   150000/  216312 entries, 69.34% (elapsed time   451.8s, curr speed    0.279 kHz, avg speed    0.332 kHz), accepted     2060/  150001 events ( 1.37%)
Processed   160000/  216312 entries, 73.97% (elapsed time   479.9s, curr speed    0.356 kHz, avg speed    0.333 kHz), accepted     2192/  160001 events ( 1.37%)
Processed   170000/  216312 entries, 78.59% (elapsed time   506.5s, curr speed    0.376 kHz, avg speed    0.336 kHz), accepted     2341/  170001 events ( 1.38%)
Processed   180000/  216312 entries, 83.21% (elapsed time   538.1s, curr speed    0.316 kHz, avg speed    0.335 kHz), accepted     2477/  180001 events ( 1.38%)
Processed   190000/  216312 entries, 87.84% (elapsed time   571.1s, curr speed    0.303 kHz, avg speed    0.333 kHz), accepted     2615/  190001 events ( 1.38%)
Processed   200000/  216312 entries, 92.46% (elapsed time   589.8s, curr speed    0.536 kHz, avg speed    0.339 kHz), accepted     2744/  200001 events ( 1.37%)
Processed   210000/  216312 entries, 97.08% (elapsed time   625.3s, curr speed    0.282 kHz, avg speed    0.336 kHz), accepted     2898/  210001 events ( 1.38%)
Processed 216312 preselected entries from root://cms-xrd-global.cern.ch//store/mc/RunIISummer16NanoAODv6/W3JetsToLNu_TuneCUETP8M1_13TeV-madgraphMLM-pythia8/NANOAODSIM/PUMoriond17_Nano25Oct2019_102X_mcRun2_asymptotic_v7-v1/280000/32AA60A5-9490-F745-B0C5-F8E0414BF420.root (216312 entries). Finally selected 2975 entries
Pre-select 143911 entries out of 143911 (100.00%)
Processed    10000/  143911 entries,  6.95% (elapsed time    76.0s, curr speed    0.132 kHz, avg speed    0.132 kHz), accepted      160/   10001 events ( 1.60%)
Processed    20000/  143911 entries, 13.90% (elapsed time   114.8s, curr speed    0.258 kHz, avg speed    0.174 kHz), accepted      300/   20001 events ( 1.50%)
Processed    30000/  143911 entries, 20.85% (elapsed time   150.0s, curr speed    0.284 kHz, avg speed    0.200 kHz), accepted      452/   30001 events ( 1.51%)
Processed    40000/  143911 entries, 27.79% (elapsed time   168.3s, curr speed    0.548 kHz, avg speed    0.238 kHz), accepted      592/   40001 events ( 1.48%)
Processed    50000/  143911 entries, 34.74% (elapsed time   203.3s, curr speed    0.286 kHz, avg speed    0.246 kHz), accepted      760/   50001 events ( 1.52%)
Processed    60000/  143911 entries, 41.69% (elapsed time   238.2s, curr speed    0.287 kHz, avg speed    0.252 kHz), accepted      909/   60001 events ( 1.51%)
Processed    70000/  143911 entries, 48.64% (elapsed time   259.9s, curr speed    0.461 kHz, avg speed    0.269 kHz), accepted     1034/   70001 events ( 1.48%)
Processed    80000/  143911 entries, 55.59% (elapsed time   289.9s, curr speed    0.333 kHz, avg speed    0.276 kHz), accepted     1172/   80001 events ( 1.46%)
Processed    90000/  143911 entries, 62.54% (elapsed time   323.4s, curr speed    0.299 kHz, avg speed    0.278 kHz), accepted     1325/   90001 events ( 1.47%)
Processed   100000/  143911 entries, 69.49% (elapsed time   357.5s, curr speed    0.294 kHz, avg speed    0.280 kHz), accepted     1463/  100001 events ( 1.46%)
Processed   110000/  143911 entries, 76.44% (elapsed time   376.2s, curr speed    0.533 kHz, avg speed    0.292 kHz), accepted     1607/  110001 events ( 1.46%)
Processed   120000/  143911 entries, 83.38% (elapsed time   410.7s, curr speed    0.290 kHz, avg speed    0.292 kHz), accepted     1762/  120001 events ( 1.47%)
Processed   130000/  143911 entries, 90.33% (elapsed time   443.7s, curr speed    0.303 kHz, avg speed    0.293 kHz), accepted     1918/  130001 events ( 1.48%)
Processed   140000/  143911 entries, 97.28% (elapsed time   463.2s, curr speed    0.513 kHz, avg speed    0.302 kHz), accepted     2081/  140001 events ( 1.49%)
Processed 143911 preselected entries from root://cms-xrd-global.cern.ch//store/mc/RunIISummer16NanoAODv6/W3JetsToLNu_TuneCUETP8M1_13TeV-madgraphMLM-pythia8/NANOAODSIM/PUMoriond17_Nano25Oct2019_102X_mcRun2_asymptotic_v7-v1/280000/38D5BCB9-A059-F648-8876-A7E017DBA41B.root (143911 entries). Finally selected 2144 entries
Pre-select 1365372 entries out of 1365372 (100.00%)
Processed    10000/ 1365372 entries,  0.73% (elapsed time    36.3s, curr speed    0.276 kHz, avg speed    0.276 kHz), accepted      135/   10001 events ( 1.35%)
Processed    20000/ 1365372 entries,  1.46% (elapsed time    70.2s, curr speed    0.294 kHz, avg speed    0.285 kHz), accepted      261/   20001 events ( 1.30%)
Processed    30000/ 1365372 entries,  2.20% (elapsed time   103.9s, curr speed    0.297 kHz, avg speed    0.289 kHz), accepted      409/   30001 events ( 1.36%)
Processed    40000/ 1365372 entries,  2.93% (elapsed time   121.4s, curr speed    0.570 kHz, avg speed    0.330 kHz), accepted      567/   40001 events ( 1.42%)
Processed    50000/ 1365372 entries,  3.66% (elapsed time   154.5s, curr speed    0.302 kHz, avg speed    0.324 kHz), accepted      701/   50001 events ( 1.40%)
Processed    60000/ 1365372 entries,  4.39% (elapsed time   187.6s, curr speed    0.302 kHz, avg speed    0.320 kHz), accepted      836/   60001 events ( 1.39%)
Processed    70000/ 1365372 entries,  5.13% (elapsed time   205.5s, curr speed    0.560 kHz, avg speed    0.341 kHz), accepted      994/   70001 events ( 1.42%)
Processed    80000/ 1365372 entries,  5.86% (elapsed time   238.6s, curr speed    0.302 kHz, avg speed    0.335 kHz), accepted     1130/   80001 events ( 1.41%)
Processed    90000/ 1365372 entries,  6.59% (elapsed time   271.5s, curr speed    0.304 kHz, avg speed    0.331 kHz), accepted     1268/   90001 events ( 1.41%)
Processed   100000/ 1365372 entries,  7.32% (elapsed time   291.4s, curr speed    0.504 kHz, avg speed    0.343 kHz), accepted     1394/  100001 events ( 1.39%)
Processed   110000/ 1365372 entries,  8.06% (elapsed time   323.1s, curr speed    0.315 kHz, avg speed    0.340 kHz), accepted     1536/  110001 events ( 1.40%)
Processed   120000/ 1365372 entries,  8.79% (elapsed time   356.1s, curr speed    0.304 kHz, avg speed    0.337 kHz), accepted     1706/  120001 events ( 1.42%)
Processed   130000/ 1365372 entries,  9.52% (elapsed time   378.7s, curr speed    0.441 kHz, avg speed    0.343 kHz), accepted     1849/  130001 events ( 1.42%)
Processed   140000/ 1365372 entries, 10.25% (elapsed time   407.1s, curr speed    0.353 kHz, avg speed    0.344 kHz), accepted     1986/  140001 events ( 1.42%)
Processed   150000/ 1365372 entries, 10.99% (elapsed time   454.8s, curr speed    0.209 kHz, avg speed    0.330 kHz), accepted     2113/  150001 events ( 1.41%)
Processed   160000/ 1365372 entries, 11.72% (elapsed time   492.2s, curr speed    0.267 kHz, avg speed    0.325 kHz), accepted     2248/  160001 events ( 1.40%)
Processed   170000/ 1365372 entries, 12.45% (elapsed time   509.2s, curr speed    0.588 kHz, avg speed    0.334 kHz), accepted     2380/  170001 events ( 1.40%)
Processed   180000/ 1365372 entries, 13.18% (elapsed time   544.3s, curr speed    0.286 kHz, avg speed    0.331 kHz), accepted     2559/  180001 events ( 1.42%)
Processed   190000/ 1365372 entries, 13.92% (elapsed time   579.3s, curr speed    0.286 kHz, avg speed    0.328 kHz), accepted     2704/  190001 events ( 1.42%)
Processed   200000/ 1365372 entries, 14.65% (elapsed time   597.2s, curr speed    0.557 kHz, avg speed    0.335 kHz), accepted     2837/  200001 events ( 1.42%)
Processed   210000/ 1365372 entries, 15.38% (elapsed time   631.6s, curr speed    0.291 kHz, avg speed    0.333 kHz), accepted     2983/  210001 events ( 1.42%)
Processed   220000/ 1365372 entries, 16.11% (elapsed time   666.6s, curr speed    0.285 kHz, avg speed    0.330 kHz), accepted     3138/  220001 events ( 1.43%)
Processed   230000/ 1365372 entries, 16.85% (elapsed time   687.1s, curr speed    0.488 kHz, avg speed    0.335 kHz), accepted     3274/  230001 events ( 1.42%)
Processed   240000/ 1365372 entries, 17.58% (elapsed time   722.0s, curr speed    0.287 kHz, avg speed    0.332 kHz), accepted     3424/  240001 events ( 1.43%)
Processed   250000/ 1365372 entries, 18.31% (elapsed time   756.2s, curr speed    0.292 kHz, avg speed    0.331 kHz), accepted     3563/  250001 events ( 1.43%)
Processed   260000/ 1365372 entries, 19.04% (elapsed time   780.5s, curr speed    0.412 kHz, avg speed    0.333 kHz), accepted     3722/  260001 events ( 1.43%)
Processed   270000/ 1365372 entries, 19.77% (elapsed time   810.1s, curr speed    0.338 kHz, avg speed    0.333 kHz), accepted     3854/  270001 events ( 1.43%)
Processed   280000/ 1365372 entries, 20.51% (elapsed time   844.7s, curr speed    0.289 kHz, avg speed    0.331 kHz), accepted     4007/  280001 events ( 1.43%)
Processed   290000/ 1365372 entries, 21.24% (elapsed time   871.7s, curr speed    0.370 kHz, avg speed    0.333 kHz), accepted     4141/  290001 events ( 1.43%)
Processed   300000/ 1365372 entries, 21.97% (elapsed time   896.2s, curr speed    0.409 kHz, avg speed    0.335 kHz), accepted     4270/  300001 events ( 1.42%)
Processed   310000/ 1365372 entries, 22.70% (elapsed time   930.1s, curr speed    0.295 kHz, avg speed    0.333 kHz), accepted     4402/  310001 events ( 1.42%)
Processed   320000/ 1365372 entries, 23.44% (elapsed time   964.0s, curr speed    0.295 kHz, avg speed    0.332 kHz), accepted     4538/  320001 events ( 1.42%)
Processed   330000/ 1365372 entries, 24.17% (elapsed time   981.8s, curr speed    0.561 kHz, avg speed    0.336 kHz), accepted     4683/  330001 events ( 1.42%)
Processed   340000/ 1365372 entries, 24.90% (elapsed time  1014.3s, curr speed    0.307 kHz, avg speed    0.335 kHz), accepted     4826/  340001 events ( 1.42%)
Processed   350000/ 1365372 entries, 25.63% (elapsed time  1048.6s, curr speed    0.292 kHz, avg speed    0.334 kHz), accepted     4951/  350001 events ( 1.41%)
Processed   360000/ 1365372 entries, 26.37% (elapsed time  1066.8s, curr speed    0.548 kHz, avg speed    0.337 kHz), accepted     5104/  360001 events ( 1.42%)
Processed   370000/ 1365372 entries, 27.10% (elapsed time  1099.6s, curr speed    0.305 kHz, avg speed    0.336 kHz), accepted     5259/  370001 events ( 1.42%)
Processed   380000/ 1365372 entries, 27.83% (elapsed time  1132.0s, curr speed    0.308 kHz, avg speed    0.336 kHz), accepted     5408/  380001 events ( 1.42%)
Processed   390000/ 1365372 entries, 28.56% (elapsed time  1152.0s, curr speed    0.500 kHz, avg speed    0.339 kHz), accepted     5543/  390001 events ( 1.42%)
Processed   400000/ 1365372 entries, 29.30% (elapsed time  1184.3s, curr speed    0.310 kHz, avg speed    0.338 kHz), accepted     5697/  400001 events ( 1.42%)
Processed   410000/ 1365372 entries, 30.03% (elapsed time  1218.3s, curr speed    0.293 kHz, avg speed    0.337 kHz), accepted     5839/  410001 events ( 1.42%)
Processed   420000/ 1365372 entries, 30.76% (elapsed time  1253.2s, curr speed    0.287 kHz, avg speed    0.335 kHz), accepted     5971/  420001 events ( 1.42%)
Processed   430000/ 1365372 entries, 31.49% (elapsed time  1271.2s, curr speed    0.555 kHz, avg speed    0.338 kHz), accepted     6110/  430001 events ( 1.42%)
Processed   440000/ 1365372 entries, 32.23% (elapsed time  1306.7s, curr speed    0.282 kHz, avg speed    0.337 kHz), accepted     6255/  440001 events ( 1.42%)
Processed   450000/ 1365372 entries, 32.96% (elapsed time  1341.6s, curr speed    0.286 kHz, avg speed    0.335 kHz), accepted     6386/  450001 events ( 1.42%)
Processed   460000/ 1365372 entries, 33.69% (elapsed time  1359.7s, curr speed    0.554 kHz, avg speed    0.338 kHz), accepted     6527/  460001 events ( 1.42%)
Processed   470000/ 1365372 entries, 34.42% (elapsed time  1395.7s, curr speed    0.278 kHz, avg speed    0.337 kHz), accepted     6664/  470001 events ( 1.42%)
Processed   480000/ 1365372 entries, 35.16% (elapsed time  1430.4s, curr speed    0.288 kHz, avg speed    0.336 kHz), accepted     6791/  480001 events ( 1.41%)
Processed   490000/ 1365372 entries, 35.89% (elapsed time  1449.6s, curr speed    0.522 kHz, avg speed    0.338 kHz), accepted     6922/  490001 events ( 1.41%)
Processed   500000/ 1365372 entries, 36.62% (elapsed time  1488.1s, curr speed    0.259 kHz, avg speed    0.336 kHz), accepted     7065/  500001 events ( 1.41%)
Processed   510000/ 1365372 entries, 37.35% (elapsed time  1523.5s, curr speed    0.283 kHz, avg speed    0.335 kHz), accepted     7212/  510001 events ( 1.41%)
Processed   520000/ 1365372 entries, 38.08% (elapsed time  1543.3s, curr speed    0.506 kHz, avg speed    0.337 kHz), accepted     7359/  520001 events ( 1.42%)
Processed   530000/ 1365372 entries, 38.82% (elapsed time  1575.9s, curr speed    0.307 kHz, avg speed    0.336 kHz), accepted     7504/  530001 events ( 1.42%)
Processed   540000/ 1365372 entries, 39.55% (elapsed time  1610.4s, curr speed    0.290 kHz, avg speed    0.335 kHz), accepted     7637/  540001 events ( 1.41%)
Processed   550000/ 1365372 entries, 40.28% (elapsed time  1633.8s, curr speed    0.428 kHz, avg speed    0.337 kHz), accepted     7783/  550001 events ( 1.42%)
Processed   560000/ 1365372 entries, 41.01% (elapsed time  1662.9s, curr speed    0.344 kHz, avg speed    0.337 kHz), accepted     7922/  560001 events ( 1.41%)
Processed   570000/ 1365372 entries, 41.75% (elapsed time  1696.5s, curr speed    0.298 kHz, avg speed    0.336 kHz), accepted     8047/  570001 events ( 1.41%)
Processed   580000/ 1365372 entries, 42.48% (elapsed time  1730.7s, curr speed    0.292 kHz, avg speed    0.335 kHz), accepted     8192/  580001 events ( 1.41%)
Processed   590000/ 1365372 entries, 43.21% (elapsed time  1749.6s, curr speed    0.529 kHz, avg speed    0.337 kHz), accepted     8338/  590001 events ( 1.41%)
Processed   600000/ 1365372 entries, 43.94% (elapsed time  1785.1s, curr speed    0.282 kHz, avg speed    0.336 kHz), accepted     8484/  600001 events ( 1.41%)
Processed   610000/ 1365372 entries, 44.68% (elapsed time  1819.8s, curr speed    0.289 kHz, avg speed    0.335 kHz), accepted     8613/  610001 events ( 1.41%)
Processed   620000/ 1365372 entries, 45.41% (elapsed time  1837.2s, curr speed    0.572 kHz, avg speed    0.337 kHz), accepted     8739/  620001 events ( 1.41%)
Processed   630000/ 1365372 entries, 46.14% (elapsed time  1872.2s, curr speed    0.286 kHz, avg speed    0.337 kHz), accepted     8889/  630001 events ( 1.41%)
Processed   640000/ 1365372 entries, 46.87% (elapsed time  1907.5s, curr speed    0.283 kHz, avg speed    0.336 kHz), accepted     9043/  640001 events ( 1.41%)
Processed   650000/ 1365372 entries, 47.61% (elapsed time  1927.8s, curr speed    0.492 kHz, avg speed    0.337 kHz), accepted     9179/  650001 events ( 1.41%)
Processed   660000/ 1365372 entries, 48.34% (elapsed time  1961.3s, curr speed    0.299 kHz, avg speed    0.337 kHz), accepted     9327/  660001 events ( 1.41%)
Processed   670000/ 1365372 entries, 49.07% (elapsed time  1995.8s, curr speed    0.289 kHz, avg speed    0.336 kHz), accepted     9455/  670001 events ( 1.41%)
Processed   680000/ 1365372 entries, 49.80% (elapsed time  2019.0s, curr speed    0.430 kHz, avg speed    0.337 kHz), accepted     9600/  680001 events ( 1.41%)
Processed   690000/ 1365372 entries, 50.54% (elapsed time  2054.1s, curr speed    0.286 kHz, avg speed    0.336 kHz), accepted     9761/  690001 events ( 1.41%)
Processed   700000/ 1365372 entries, 51.27% (elapsed time  2089.2s, curr speed    0.284 kHz, avg speed    0.335 kHz), accepted     9897/  700001 events ( 1.41%)
Processed   710000/ 1365372 entries, 52.00% (elapsed time  2127.0s, curr speed    0.265 kHz, avg speed    0.334 kHz), accepted    10038/  710001 events ( 1.41%)
Processed   720000/ 1365372 entries, 52.73% (elapsed time  2154.3s, curr speed    0.366 kHz, avg speed    0.334 kHz), accepted    10182/  720001 events ( 1.41%)
Processed   730000/ 1365372 entries, 53.47% (elapsed time  2189.0s, curr speed    0.288 kHz, avg speed    0.333 kHz), accepted    10305/  730001 events ( 1.41%)
Processed   740000/ 1365372 entries, 54.20% (elapsed time  2224.5s, curr speed    0.282 kHz, avg speed    0.333 kHz), accepted    10468/  740001 events ( 1.41%)
Processed   750000/ 1365372 entries, 54.93% (elapsed time  2243.1s, curr speed    0.537 kHz, avg speed    0.334 kHz), accepted    10618/  750001 events ( 1.42%)
Processed   760000/ 1365372 entries, 55.66% (elapsed time  2286.1s, curr speed    0.233 kHz, avg speed    0.332 kHz), accepted    10755/  760001 events ( 1.42%)
Processed   770000/ 1365372 entries, 56.39% (elapsed time  2320.2s, curr speed    0.293 kHz, avg speed    0.332 kHz), accepted    10892/  770001 events ( 1.41%)
Processed   780000/ 1365372 entries, 57.13% (elapsed time  2339.3s, curr speed    0.524 kHz, avg speed    0.333 kHz), accepted    11041/  780001 events ( 1.42%)
Processed   790000/ 1365372 entries, 57.86% (elapsed time  2373.5s, curr speed    0.292 kHz, avg speed    0.333 kHz), accepted    11185/  790001 events ( 1.42%)
Processed   800000/ 1365372 entries, 58.59% (elapsed time  2410.8s, curr speed    0.268 kHz, avg speed    0.332 kHz), accepted    11329/  800001 events ( 1.42%)
Processed   810000/ 1365372 entries, 59.32% (elapsed time  2434.7s, curr speed    0.417 kHz, avg speed    0.333 kHz), accepted    11493/  810001 events ( 1.42%)
Processed   820000/ 1365372 entries, 60.06% (elapsed time  2468.8s, curr speed    0.294 kHz, avg speed    0.332 kHz), accepted    11662/  820001 events ( 1.42%)
Processed   830000/ 1365372 entries, 60.79% (elapsed time  2506.0s, curr speed    0.269 kHz, avg speed    0.331 kHz), accepted    11832/  830001 events ( 1.43%)
Processed   840000/ 1365372 entries, 61.52% (elapsed time  2544.8s, curr speed    0.258 kHz, avg speed    0.330 kHz), accepted    11968/  840001 events ( 1.42%)
Processed   850000/ 1365372 entries, 62.25% (elapsed time  2566.5s, curr speed    0.459 kHz, avg speed    0.331 kHz), accepted    12107/  850001 events ( 1.42%)
Processed   860000/ 1365372 entries, 62.99% (elapsed time  2601.5s, curr speed    0.286 kHz, avg speed    0.331 kHz), accepted    12251/  860001 events ( 1.42%)
Processed   870000/ 1365372 entries, 63.72% (elapsed time  2637.6s, curr speed    0.277 kHz, avg speed    0.330 kHz), accepted    12393/  870001 events ( 1.42%)
Processed   880000/ 1365372 entries, 64.45% (elapsed time  2657.0s, curr speed    0.516 kHz, avg speed    0.331 kHz), accepted    12552/  880001 events ( 1.43%)
Processed   890000/ 1365372 entries, 65.18% (elapsed time  2690.6s, curr speed    0.297 kHz, avg speed    0.331 kHz), accepted    12707/  890001 events ( 1.43%)
Processed   900000/ 1365372 entries, 65.92% (elapsed time  2726.6s, curr speed    0.278 kHz, avg speed    0.330 kHz), accepted    12881/  900001 events ( 1.43%)
Processed   910000/ 1365372 entries, 66.65% (elapsed time  2746.8s, curr speed    0.494 kHz, avg speed    0.331 kHz), accepted    13031/  910001 events ( 1.43%)
Processed   920000/ 1365372 entries, 67.38% (elapsed time  2785.5s, curr speed    0.258 kHz, avg speed    0.330 kHz), accepted    13168/  920001 events ( 1.43%)
Processed   930000/ 1365372 entries, 68.11% (elapsed time  2822.3s, curr speed    0.272 kHz, avg speed    0.330 kHz), accepted    13327/  930001 events ( 1.43%)
Processed   940000/ 1365372 entries, 68.85% (elapsed time  2842.7s, curr speed    0.491 kHz, avg speed    0.331 kHz), accepted    13450/  940001 events ( 1.43%)
Processed   950000/ 1365372 entries, 69.58% (elapsed time  2874.1s, curr speed    0.318 kHz, avg speed    0.331 kHz), accepted    13607/  950001 events ( 1.43%)
Processed   960000/ 1365372 entries, 70.31% (elapsed time  2908.3s, curr speed    0.293 kHz, avg speed    0.330 kHz), accepted    13739/  960001 events ( 1.43%)
Processed   970000/ 1365372 entries, 71.04% (elapsed time  2931.9s, curr speed    0.423 kHz, avg speed    0.331 kHz), accepted    13898/  970001 events ( 1.43%)
Processed   980000/ 1365372 entries, 71.78% (elapsed time  2961.3s, curr speed    0.341 kHz, avg speed    0.331 kHz), accepted    14037/  980001 events ( 1.43%)
Processed   990000/ 1365372 entries, 72.51% (elapsed time  2996.4s, curr speed    0.285 kHz, avg speed    0.330 kHz), accepted    14195/  990001 events ( 1.43%)
Processed  1000000/ 1365372 entries, 73.24% (elapsed time  3031.0s, curr speed    0.289 kHz, avg speed    0.330 kHz), accepted    14326/ 1000001 events ( 1.43%)
Processed  1010000/ 1365372 entries, 73.97% (elapsed time  3049.9s, curr speed    0.529 kHz, avg speed    0.331 kHz), accepted    14461/ 1010001 events ( 1.43%)
Processed  1020000/ 1365372 entries, 74.70% (elapsed time  3101.7s, curr speed    0.193 kHz, avg speed    0.329 kHz), accepted    14593/ 1020001 events ( 1.43%)
Processed  1030000/ 1365372 entries, 75.44% (elapsed time  3136.6s, curr speed    0.287 kHz, avg speed    0.328 kHz), accepted    14738/ 1030001 events ( 1.43%)
Processed  1040000/ 1365372 entries, 76.17% (elapsed time  3154.5s, curr speed    0.557 kHz, avg speed    0.330 kHz), accepted    14888/ 1040001 events ( 1.43%)
Processed  1050000/ 1365372 entries, 76.90% (elapsed time  3189.3s, curr speed    0.288 kHz, avg speed    0.329 kHz), accepted    15023/ 1050001 events ( 1.43%)
Processed  1060000/ 1365372 entries, 77.63% (elapsed time  3224.1s, curr speed    0.287 kHz, avg speed    0.329 kHz), accepted    15146/ 1060001 events ( 1.43%)
Processed  1070000/ 1365372 entries, 78.37% (elapsed time  3245.0s, curr speed    0.477 kHz, avg speed    0.330 kHz), accepted    15276/ 1070001 events ( 1.43%)
Processed  1080000/ 1365372 entries, 79.10% (elapsed time  3277.9s, curr speed    0.305 kHz, avg speed    0.329 kHz), accepted    15428/ 1080001 events ( 1.43%)
Processed  1090000/ 1365372 entries, 79.83% (elapsed time  3312.4s, curr speed    0.290 kHz, avg speed    0.329 kHz), accepted    15581/ 1090001 events ( 1.43%)
Processed  1100000/ 1365372 entries, 80.56% (elapsed time  3335.9s, curr speed    0.425 kHz, avg speed    0.330 kHz), accepted    15731/ 1100001 events ( 1.43%)
Processed  1110000/ 1365372 entries, 81.30% (elapsed time  3365.4s, curr speed    0.339 kHz, avg speed    0.330 kHz), accepted    15886/ 1110001 events ( 1.43%)
Processed  1120000/ 1365372 entries, 82.03% (elapsed time  3402.0s, curr speed    0.273 kHz, avg speed    0.329 kHz), accepted    16034/ 1120001 events ( 1.43%)
Processed  1130000/ 1365372 entries, 82.76% (elapsed time  3439.0s, curr speed    0.271 kHz, avg speed    0.329 kHz), accepted    16189/ 1130001 events ( 1.43%)
Processed  1140000/ 1365372 entries, 83.49% (elapsed time  3457.4s, curr speed    0.544 kHz, avg speed    0.330 kHz), accepted    16335/ 1140001 events ( 1.43%)
Processed  1150000/ 1365372 entries, 84.23% (elapsed time  3492.1s, curr speed    0.288 kHz, avg speed    0.329 kHz), accepted    16486/ 1150001 events ( 1.43%)
Processed  1160000/ 1365372 entries, 84.96% (elapsed time  3526.2s, curr speed    0.293 kHz, avg speed    0.329 kHz), accepted    16632/ 1160001 events ( 1.43%)
Processed  1170000/ 1365372 entries, 85.69% (elapsed time  3545.9s, curr speed    0.508 kHz, avg speed    0.330 kHz), accepted    16753/ 1170001 events ( 1.43%)
Processed  1180000/ 1365372 entries, 86.42% (elapsed time  3581.4s, curr speed    0.282 kHz, avg speed    0.329 kHz), accepted    16911/ 1180001 events ( 1.43%)
Processed  1190000/ 1365372 entries, 87.16% (elapsed time  3615.8s, curr speed    0.290 kHz, avg speed    0.329 kHz), accepted    17053/ 1190001 events ( 1.43%)
Processed  1200000/ 1365372 entries, 87.89% (elapsed time  3636.1s, curr speed    0.494 kHz, avg speed    0.330 kHz), accepted    17204/ 1200001 events ( 1.43%)
Processed  1210000/ 1365372 entries, 88.62% (elapsed time  3668.6s, curr speed    0.307 kHz, avg speed    0.330 kHz), accepted    17345/ 1210001 events ( 1.43%)
Processed  1220000/ 1365372 entries, 89.35% (elapsed time  3703.9s, curr speed    0.283 kHz, avg speed    0.329 kHz), accepted    17469/ 1220001 events ( 1.43%)
Processed  1230000/ 1365372 entries, 90.09% (elapsed time  3725.2s, curr speed    0.470 kHz, avg speed    0.330 kHz), accepted    17628/ 1230001 events ( 1.43%)
Processed  1240000/ 1365372 entries, 90.82% (elapsed time  3757.4s, curr speed    0.310 kHz, avg speed    0.330 kHz), accepted    17754/ 1240001 events ( 1.43%)
Processed  1250000/ 1365372 entries, 91.55% (elapsed time  3792.9s, curr speed    0.282 kHz, avg speed    0.330 kHz), accepted    17906/ 1250001 events ( 1.43%)
Processed  1260000/ 1365372 entries, 92.28% (elapsed time  3828.8s, curr speed    0.278 kHz, avg speed    0.329 kHz), accepted    18069/ 1260001 events ( 1.43%)
Processed  1270000/ 1365372 entries, 93.01% (elapsed time  3847.4s, curr speed    0.538 kHz, avg speed    0.330 kHz), accepted    18190/ 1270001 events ( 1.43%)
Processed  1280000/ 1365372 entries, 93.75% (elapsed time  3883.0s, curr speed    0.281 kHz, avg speed    0.330 kHz), accepted    18320/ 1280001 events ( 1.43%)
Processed  1290000/ 1365372 entries, 94.48% (elapsed time  3919.4s, curr speed    0.275 kHz, avg speed    0.329 kHz), accepted    18471/ 1290001 events ( 1.43%)
Processed  1300000/ 1365372 entries, 95.21% (elapsed time  3939.9s, curr speed    0.488 kHz, avg speed    0.330 kHz), accepted    18630/ 1300001 events ( 1.43%)
Processed  1310000/ 1365372 entries, 95.94% (elapsed time  3980.9s, curr speed    0.243 kHz, avg speed    0.329 kHz), accepted    18796/ 1310001 events ( 1.43%)
Processed  1320000/ 1365372 entries, 96.68% (elapsed time  4015.1s, curr speed    0.293 kHz, avg speed    0.329 kHz), accepted    18934/ 1320001 events ( 1.43%)
Processed  1330000/ 1365372 entries, 97.41% (elapsed time  4034.8s, curr speed    0.507 kHz, avg speed    0.330 kHz), accepted    19104/ 1330001 events ( 1.44%)
Processed  1340000/ 1365372 entries, 98.14% (elapsed time  4069.1s, curr speed    0.291 kHz, avg speed    0.329 kHz), accepted    19235/ 1340001 events ( 1.44%)
Processed  1350000/ 1365372 entries, 98.87% (elapsed time  4103.1s, curr speed    0.294 kHz, avg speed    0.329 kHz), accepted    19372/ 1350001 events ( 1.43%)
Processed  1360000/ 1365372 entries, 99.61% (elapsed time  4124.6s, curr speed    0.465 kHz, avg speed    0.330 kHz), accepted    19516/ 1360001 events ( 1.43%)
Processed 1365372 preselected entries from root://cms-xrd-global.cern.ch//store/mc/RunIISummer16NanoAODv6/W3JetsToLNu_TuneCUETP8M1_13TeV-madgraphMLM-pythia8/NANOAODSIM/PUMoriond17_Nano25Oct2019_102X_mcRun2_asymptotic_v7-v1/280000/45AFD1B8-C4B6-BA40-8F73-1AEC44F700CF.root (1365372 entries). Finally selected 19585 entries
Total time 15148.2 sec. to process 4893031 events. Rate = 323.0 Hz.
>>> cwd          = /pool/condor/dir_16652
>>> ls           = ['.job.ad', '.machine.ad', 'tmp', '.chirp.config', 'pico_etau_etau_1.root', 'lvigilan.cc', '.update.ad', 'var', 'condor_exec.exe', 'x509_voms', '_condor_stdout']
>>> getstorage('/eos/home-l/lvigilan/output_ETauFR/2016/etau/W3JetsToLNu'), <EOS("/eos/home-l/lvigilan/output_ETauFR/2016/etau/W3JetsToLNu") at 0x2ba44d9b24d0>
>>> Executing: 'cp ./pico_etau_etau_1.root /eos/home-l/lvigilan/output_ETauFR/2016/etau/W3JetsToLNu'
>>> Removing './pico_etau_etau_1.root'...
>>> picojob.py done after 15222.0 seconds

Job complete at Mon Feb  8 02:02:41 CET 2021
Took 253 minutes 47 seconds040 (1885066.001.000) 02/08 02:02:41 Finished transferring output files
...
005 (1885066.001.000) 02/08 02:02:41 Job terminated.
	(1) Normal termination (return value 0)
		Usr 0 00:12:00, Sys 0 00:00:35  -  Run Remote Usage
		Usr 0 00:00:00, Sys 0 00:00:00  -  Run Local Usage
		Usr 0 00:12:00, Sys 0 00:00:35  -  Total Remote Usage
		Usr 0 00:00:00, Sys 0 00:00:00  -  Total Local Usage
	93695  -  Run Bytes Sent By Job
	9877  -  Run Bytes Received By Job
	93695  -  Total Bytes Sent By Job
	9877  -  Total Bytes Received By Job
	Partitionable Resources :    Usage  Request Allocated 
	   Cpus                 :     0.07        1         1 
	   Disk (KB)            :   161           1    253160 
	   Memory (MB)          :   312        2000      2000 
...
