Could not find platform independent libraries <prefix>
Could not find platform dependent libraries <exec_prefix>
Consider setting $PYTHONHOME to <prefix>[:<exec_prefix>]
ImportError: No module named site
Job start at Tue Jun  8 10:14:54 CEST 2021
Running job on machine Linux b7s12n0058.cern.ch 3.10.0-1160.6.1.el7.x86_64 #1 SMP Tue Nov 17 13:59:11 UTC 2020 x86_64 x86_64 x86_64 GNU/Linux, host b7s12n0058.cern.ch
============================================================
$PWD=/pool/condor/dir_6048
$JOBID=2368949
$TASKID=0
$HOSTNAME=b7s12n0058.cern.ch
$TASKCMD=/afs/cern.ch/work/l/lvigilan/TauWork/CMSSW_10_6_17_patch1/src/TauFW/PicoProducer/python/processors/picojob.py -y UL2017 -d 'mc' -c etau -M ETauFakeRate.ModuleETau --copydir /eos/home-l/lvigilan/output_ETauFR_UL17_RUN1/UL2017/etau/ST_t-channel_antitop -t _etau_EES1p01_0 --opt 'ees=1.01' 'useT1=True' -i /eos/cms/store/group/phys_tau/TauFW/nano/UL2017/ST_t-channel_antitop_5f_InclusiveDecays_TuneCP5_13TeV-powheg-pythia8/RunIISummer19UL17NanoAODv2-106X_mc2017_realistic_v8-v1/NANOAODSIM/1455638E-E08B-A342-9E71-F3B35C005629_skimjec_0.root /eos/cms/store/group/phys_tau/TauFW/nano/UL2017/ST_t-channel_antitop_5f_InclusiveDecays_TuneCP5_13TeV-powheg-pythia8/RunIISummer19UL17NanoAODv2-106X_mc2017_realistic_v8-v1/NANOAODSIM/1455638E-E08B-A342-9E71-F3B35C005629_skimjec_1.root /eos/cms/store/group/phys_tau/TauFW/nano/UL2017/ST_t-channel_antitop_5f_InclusiveDecays_TuneCP5_13TeV-powheg-pythia8/RunIISummer19UL17NanoAODv2-106X_mc2017_realistic_v8-v1/NANOAODSIM/3ADECAD9-7E55-CC46-9D3E-1053F422673C_skimjec_0.root /eos/cms/store/group/phys_tau/TauFW/nano/UL2017/ST_t-channel_antitop_5f_InclusiveDecays_TuneCP5_13TeV-powheg-pythia8/RunIISummer19UL17NanoAODv2-106X_mc2017_realistic_v8-v1/NANOAODSIM/3ADECAD9-7E55-CC46-9D3E-1053F422673C_skimjec_1.root /eos/cms/store/group/phys_tau/TauFW/nano/UL2017/ST_t-channel_antitop_5f_InclusiveDecays_TuneCP5_13TeV-powheg-pythia8/RunIISummer19UL17NanoAODv2-106X_mc2017_realistic_v8-v1/NANOAODSIM/54C21403-0CFB-D040-A904-EE660A0C202C_skimjec_0.root
$WORKDIR=/pool/condor/dir_6048
>>> cd /afs/cern.ch/work/l/lvigilan/TauWork/CMSSW_10_6_17_patch1/src
>>> eval `scramv1 runtime -sh`
>>> cd /pool/condor/dir_6048
$PWD=/pool/condor/dir_6048
>>> /afs/cern.ch/work/l/lvigilan/TauWork/CMSSW_10_6_17_patch1/src/TauFW/PicoProducer/python/processors/picojob.py -y UL2017 -d 'mc' -c etau -M ETauFakeRate.ModuleETau --copydir /eos/home-l/lvigilan/output_ETauFR_UL17_RUN1/UL2017/etau/ST_t-channel_antitop -t _etau_EES1p01_0 --opt 'ees=1.01' 'useT1=True' -i /eos/cms/store/group/phys_tau/TauFW/nano/UL2017/ST_t-channel_antitop_5f_InclusiveDecays_TuneCP5_13TeV-powheg-pythia8/RunIISummer19UL17NanoAODv2-106X_mc2017_realistic_v8-v1/NANOAODSIM/1455638E-E08B-A342-9E71-F3B35C005629_skimjec_0.root /eos/cms/store/group/phys_tau/TauFW/nano/UL2017/ST_t-channel_antitop_5f_InclusiveDecays_TuneCP5_13TeV-powheg-pythia8/RunIISummer19UL17NanoAODv2-106X_mc2017_realistic_v8-v1/NANOAODSIM/1455638E-E08B-A342-9E71-F3B35C005629_skimjec_1.root /eos/cms/store/group/phys_tau/TauFW/nano/UL2017/ST_t-channel_antitop_5f_InclusiveDecays_TuneCP5_13TeV-powheg-pythia8/RunIISummer19UL17NanoAODv2-106X_mc2017_realistic_v8-v1/NANOAODSIM/3ADECAD9-7E55-CC46-9D3E-1053F422673C_skimjec_0.root /eos/cms/store/group/phys_tau/TauFW/nano/UL2017/ST_t-channel_antitop_5f_InclusiveDecays_TuneCP5_13TeV-powheg-pythia8/RunIISummer19UL17NanoAODv2-106X_mc2017_realistic_v8-v1/NANOAODSIM/3ADECAD9-7E55-CC46-9D3E-1053F422673C_skimjec_1.root /eos/cms/store/group/phys_tau/TauFW/nano/UL2017/ST_t-channel_antitop_5f_InclusiveDecays_TuneCP5_13TeV-powheg-pythia8/RunIISummer19UL17NanoAODv2-106X_mc2017_realistic_v8-v1/NANOAODSIM/54C21403-0CFB-D040-A904-EE660A0C202C_skimjec_0.root
Error in <TGClient::TGClient>: can't open display "localhost:21.0", switching to batch mode...
 In case you run from a remote ssh session, reconnect with ssh -Y
--------------------------------------------------------------------------------
>>> era          = 'UL2017'
>>> year         = 2017
>>> channel      = 'etau'
>>> modname      = 'ETauFakeRate.ModuleETau'
>>> dtype        = 'mc'
>>> kwargs       = {'dtype': 'mc', 'ees': 1.01, 'useT1': True, 'verb': 0, 'era': 'UL2017', 'year': 2017}
>>> firstevt     = 0
>>> maxevts      = None
>>> outdir       = '.'
>>> copydir      = '/eos/home-l/lvigilan/output_ETauFR_UL17_RUN1/UL2017/etau/ST_t-channel_antitop'
>>> infiles      = ['/eos/cms/store/group/phys_tau/TauFW/nano/UL2017/ST_t-channel_antitop_5f_InclusiveDecays_TuneCP5_13TeV-powheg-pythia8/RunIISummer19UL17NanoAODv2-106X_mc2017_realistic_v8-v1/NANOAODSIM/1455638E-E08B-A342-9E71-F3B35C005629_skimjec_0.root', '/eos/cms/store/group/phys_tau/TauFW/nano/UL2017/ST_t-channel_antitop_5f_InclusiveDecays_TuneCP5_13TeV-powheg-pythia8/RunIISummer19UL17NanoAODv2-106X_mc2017_realistic_v8-v1/NANOAODSIM/1455638E-E08B-A342-9E71-F3B35C005629_skimjec_1.root', '/eos/cms/store/group/phys_tau/TauFW/nano/UL2017/ST_t-channel_antitop_5f_InclusiveDecays_TuneCP5_13TeV-powheg-pythia8/RunIISummer19UL17NanoAODv2-106X_mc2017_realistic_v8-v1/NANOAODSIM/3ADECAD9-7E55-CC46-9D3E-1053F422673C_skimjec_0.root', '/eos/cms/store/group/phys_tau/TauFW/nano/UL2017/ST_t-channel_antitop_5f_InclusiveDecays_TuneCP5_13TeV-powheg-pythia8/RunIISummer19UL17NanoAODv2-106X_mc2017_realistic_v8-v1/NANOAODSIM/3ADECAD9-7E55-CC46-9D3E-1053F422673C_skimjec_1.root', '/eos/cms/store/group/phys_tau/TauFW/nano/UL2017/ST_t-channel_antitop_5f_InclusiveDecays_TuneCP5_13TeV-powheg-pythia8/RunIISummer19UL17NanoAODv2-106X_mc2017_realistic_v8-v1/NANOAODSIM/54C21403-0CFB-D040-A904-EE660A0C202C_skimjec_0.root']
>>> outfname     = './pico_etau_EES1p01_0.root'
>>> branchsel    = '/afs/cern.ch/work/l/lvigilan/TauWork/CMSSW_10_6_17_patch1/python/TauFW/PicoProducer/processors/keep_and_drop_skim.txt'
>>> json         = None
>>> prefetch     = False
>>> cwd          = /pool/condor/dir_6048
--------------------------------------------------------------------------------

   ################
   #  ModuleETau  #
   ################

Loading PileupWeightTool for '/afs/cern.ch/work/l/lvigilan/TauWork/CMSSW_10_6_17_patch1/src/TauFW/PicoProducer/data/pileup/Data_PileUp_UL2017_69p2.root' and '/afs/cern.ch/work/l/lvigilan/TauWork/CMSSW_10_6_17_patch1/src/TauFW/PicoProducer/data/pileup/MC_PileUp_UL2017_Summer19.root'
Loading BTagWeightTool for DeepCSV (medium WP)...
>>> BTagTool: [1m[33mWarning! [0m[33mHistogram 'etau/eff_DeepCSV_udsg_medium' does not exist in /afs/cern.ch/work/l/lvigilan/TauWork/CMSSW_10_6_17_patch1/src/TauFW/PicoProducer/data/btag/DeepCSV_2017_12Apr2017_eff.root! Reverting to default efficiency histogram...[0m
>>> BTagTool: [1m[33mWarning! [0m[33mHistogram 'etau/eff_DeepCSV_c_medium' does not exist in /afs/cern.ch/work/l/lvigilan/TauWork/CMSSW_10_6_17_patch1/src/TauFW/PicoProducer/data/btag/DeepCSV_2017_12Apr2017_eff.root! Reverting to default efficiency histogram...[0m
>>> BTagTool: [1m[33mWarning! [0m[33mHistogram 'etau/eff_DeepCSV_b_medium' does not exist in /afs/cern.ch/work/l/lvigilan/TauWork/CMSSW_10_6_17_patch1/src/TauFW/PicoProducer/data/btag/DeepCSV_2017_12Apr2017_eff.root! Reverting to default efficiency histogram...[0m
>>> BTagTool: [1m[33mWarning! [0m[33mMade use of default efficiency histograms! The b tag weights from this module should be regarded as placeholders only,
and should NOT be used for analyses. B (mis)tag efficiencies in MC are analysis dependent. Please create your own
efficiency histogram with data/btag/getBTagEfficiencies.py after running all MC samples with BTagWeightTool.[0m
Loading TreeProducerETau for './pico_etau_EES1p01_0.root'
--------------------------------------------------------------------------------
>>> filename     = './pico_etau_EES1p01_0.root'
>>> year         = 2017
>>> dtype        = 'mc'
>>> channel      = 'etau'
>>> ismc         = True
>>> isdata       = False
>>> isembed      = False
>>> tes          = 1.0
>>> tessys       = None
>>> fes          = None
>>> ltf          = None
>>> jtf          = 1.0
>>> dotoppt      = False
>>> dozpt        = False
>>> dojec        = True
>>> dojecsys     = True
>>> dotight      = False
>>> useT1        = True
>>> jetCutPt     = 30
>>> bjetCutEta   = 2.7
>>> tauwp        = 0
>>> eleCutPt     = 36
>>> eleCutEta    = 2.1
>>> tauCutPt     = 20
>>> tauCutEta    = 2.3
>>> ZpeekReso    = 0.1
Pre-select 218600 entries out of 218600 (100.00%)
Processed    10000/  218600 entries,  4.57% (elapsed time     3.4s, curr speed    2.940 kHz, avg speed    2.940 kHz), accepted       50/   10001 events ( 0.50%)
Processed    20000/  218600 entries,  9.15% (elapsed time     5.3s, curr speed    5.309 kHz, avg speed    3.784 kHz), accepted      109/   20001 events ( 0.54%)
Processed    30000/  218600 entries, 13.72% (elapsed time     6.2s, curr speed   10.609 kHz, avg speed    4.817 kHz), accepted      159/   30001 events ( 0.53%)
Processed    40000/  218600 entries, 18.30% (elapsed time     7.3s, curr speed    9.628 kHz, avg speed    5.505 kHz), accepted      204/   40001 events ( 0.51%)
Processed    50000/  218600 entries, 22.87% (elapsed time     8.3s, curr speed   10.126 kHz, avg speed    6.058 kHz), accepted      257/   50001 events ( 0.51%)
Processed    60000/  218600 entries, 27.45% (elapsed time     9.3s, curr speed    9.280 kHz, avg speed    6.430 kHz), accepted      315/   60001 events ( 0.52%)
Processed    70000/  218600 entries, 32.02% (elapsed time    10.3s, curr speed   10.441 kHz, avg speed    6.803 kHz), accepted      377/   70001 events ( 0.54%)
Processed    80000/  218600 entries, 36.60% (elapsed time    11.4s, curr speed    9.422 kHz, avg speed    7.048 kHz), accepted      430/   80001 events ( 0.54%)
Processed    90000/  218600 entries, 41.17% (elapsed time    12.4s, curr speed    9.672 kHz, avg speed    7.267 kHz), accepted      489/   90001 events ( 0.54%)
Processed   100000/  218600 entries, 45.75% (elapsed time    13.3s, curr speed   10.803 kHz, avg speed    7.513 kHz), accepted      532/  100001 events ( 0.53%)
Processed   110000/  218600 entries, 50.32% (elapsed time    14.3s, curr speed    9.667 kHz, avg speed    7.668 kHz), accepted      587/  110001 events ( 0.53%)
Processed   120000/  218600 entries, 54.89% (elapsed time    15.4s, curr speed    9.133 kHz, avg speed    7.772 kHz), accepted      658/  120001 events ( 0.55%)
Processed   130000/  218600 entries, 59.47% (elapsed time    16.4s, curr speed   10.602 kHz, avg speed    7.935 kHz), accepted      716/  130001 events ( 0.55%)
Processed   140000/  218600 entries, 64.04% (elapsed time    17.3s, curr speed   10.868 kHz, avg speed    8.091 kHz), accepted      766/  140001 events ( 0.55%)
Processed   150000/  218600 entries, 68.62% (elapsed time    18.2s, curr speed   11.047 kHz, avg speed    8.238 kHz), accepted      836/  150001 events ( 0.56%)
Processed   160000/  218600 entries, 73.19% (elapsed time    19.1s, curr speed   11.720 kHz, avg speed    8.394 kHz), accepted      878/  160001 events ( 0.55%)
Processed   170000/  218600 entries, 77.77% (elapsed time    20.2s, curr speed    9.100 kHz, avg speed    8.432 kHz), accepted      938/  170001 events ( 0.55%)
Processed   180000/  218600 entries, 82.34% (elapsed time    21.1s, curr speed   10.418 kHz, avg speed    8.523 kHz), accepted      990/  180001 events ( 0.55%)
Processed   190000/  218600 entries, 86.92% (elapsed time    22.0s, curr speed   11.052 kHz, avg speed    8.627 kHz), accepted     1050/  190001 events ( 0.55%)
Processed   200000/  218600 entries, 91.49% (elapsed time    23.0s, curr speed   10.062 kHz, avg speed    8.689 kHz), accepted     1118/  200001 events ( 0.56%)
Processed   210000/  218600 entries, 96.07% (elapsed time    24.0s, curr speed   10.434 kHz, avg speed    8.758 kHz), accepted     1165/  210001 events ( 0.55%)
Processed 218600 preselected entries from /eos/cms/store/group/phys_tau/TauFW/nano/UL2017/ST_t-channel_antitop_5f_InclusiveDecays_TuneCP5_13TeV-powheg-pythia8/RunIISummer19UL17NanoAODv2-106X_mc2017_realistic_v8-v1/NANOAODSIM/1455638E-E08B-A342-9E71-F3B35C005629_skimjec_0.root (218600 entries). Finally selected 1219 entries
Pre-select 218600 entries out of 218600 (100.00%)
Processed    10000/  218600 entries,  4.57% (elapsed time     2.7s, curr speed    3.659 kHz, avg speed    3.659 kHz), accepted       41/   10001 events ( 0.41%)
Processed    20000/  218600 entries,  9.15% (elapsed time     4.6s, curr speed    5.284 kHz, avg speed    4.324 kHz), accepted       92/   20001 events ( 0.46%)
Processed    30000/  218600 entries, 13.72% (elapsed time     5.8s, curr speed    8.721 kHz, avg speed    5.197 kHz), accepted      135/   30001 events ( 0.45%)
Processed    40000/  218600 entries, 18.30% (elapsed time     6.9s, curr speed    9.249 kHz, avg speed    5.837 kHz), accepted      181/   40001 events ( 0.45%)
Processed    50000/  218600 entries, 22.87% (elapsed time     7.9s, curr speed    9.292 kHz, avg speed    6.306 kHz), accepted      237/   50001 events ( 0.47%)
Processed    60000/  218600 entries, 27.45% (elapsed time     9.0s, curr speed    9.518 kHz, avg speed    6.681 kHz), accepted      296/   60001 events ( 0.49%)
Processed    70000/  218600 entries, 32.02% (elapsed time    10.0s, curr speed   10.128 kHz, avg speed    7.023 kHz), accepted      348/   70001 events ( 0.50%)
Processed    80000/  218600 entries, 36.60% (elapsed time    11.0s, curr speed    9.363 kHz, avg speed    7.249 kHz), accepted      415/   80001 events ( 0.52%)
Processed    90000/  218600 entries, 41.17% (elapsed time    12.1s, curr speed    9.555 kHz, avg speed    7.449 kHz), accepted      463/   90001 events ( 0.51%)
Processed   100000/  218600 entries, 45.75% (elapsed time    13.2s, curr speed    9.075 kHz, avg speed    7.585 kHz), accepted      516/  100001 events ( 0.52%)
Processed   110000/  218600 entries, 50.32% (elapsed time    14.9s, curr speed    5.685 kHz, avg speed    7.361 kHz), accepted      558/  110001 events ( 0.51%)
Processed   120000/  218600 entries, 54.89% (elapsed time    16.8s, curr speed    5.494 kHz, avg speed    7.159 kHz), accepted      613/  120001 events ( 0.51%)
Processed   130000/  218600 entries, 59.47% (elapsed time    20.3s, curr speed    2.846 kHz, avg speed    6.411 kHz), accepted      674/  130001 events ( 0.52%)
Processed   140000/  218600 entries, 64.04% (elapsed time    22.1s, curr speed    5.515 kHz, avg speed    6.338 kHz), accepted      730/  140001 events ( 0.52%)
Processed   150000/  218600 entries, 68.62% (elapsed time    26.7s, curr speed    2.153 kHz, avg speed    5.611 kHz), accepted      788/  150001 events ( 0.53%)
Processed   160000/  218600 entries, 73.19% (elapsed time    28.4s, curr speed    5.948 kHz, avg speed    5.631 kHz), accepted      841/  160001 events ( 0.53%)
Processed   170000/  218600 entries, 77.77% (elapsed time    30.0s, curr speed    6.442 kHz, avg speed    5.673 kHz), accepted      906/  170001 events ( 0.53%)
Processed   180000/  218600 entries, 82.34% (elapsed time    32.1s, curr speed    4.735 kHz, avg speed    5.611 kHz), accepted      962/  180001 events ( 0.53%)
Processed   190000/  218600 entries, 86.92% (elapsed time    36.0s, curr speed    2.527 kHz, avg speed    5.272 kHz), accepted     1026/  190001 events ( 0.54%)
Processed   200000/  218600 entries, 91.49% (elapsed time    36.8s, curr speed   12.645 kHz, avg speed    5.431 kHz), accepted     1075/  200001 events ( 0.54%)
Processed   210000/  218600 entries, 96.07% (elapsed time    38.2s, curr speed    7.134 kHz, avg speed    5.493 kHz), accepted     1123/  210001 events ( 0.53%)
Processed 218600 preselected entries from /eos/cms/store/group/phys_tau/TauFW/nano/UL2017/ST_t-channel_antitop_5f_InclusiveDecays_TuneCP5_13TeV-powheg-pythia8/RunIISummer19UL17NanoAODv2-106X_mc2017_realistic_v8-v1/NANOAODSIM/1455638E-E08B-A342-9E71-F3B35C005629_skimjec_1.root (218600 entries). Finally selected 1169 entries
Pre-select 229500 entries out of 229500 (100.00%)
Processed    10000/  229500 entries,  4.36% (elapsed time     4.4s, curr speed    2.272 kHz, avg speed    2.272 kHz), accepted       54/   10001 events ( 0.54%)
Processed    20000/  229500 entries,  8.71% (elapsed time     5.7s, curr speed    7.834 kHz, avg speed    3.522 kHz), accepted      100/   20001 events ( 0.50%)
Processed    30000/  229500 entries, 13.07% (elapsed time     6.7s, curr speed    9.395 kHz, avg speed    4.449 kHz), accepted      154/   30001 events ( 0.51%)
Processed    40000/  229500 entries, 17.43% (elapsed time     7.9s, curr speed    8.798 kHz, avg speed    5.077 kHz), accepted      201/   40001 events ( 0.50%)
Processed    50000/  229500 entries, 21.79% (elapsed time     8.9s, curr speed    9.665 kHz, avg speed    5.609 kHz), accepted      247/   50001 events ( 0.49%)
Processed    60000/  229500 entries, 26.14% (elapsed time    10.0s, curr speed    9.332 kHz, avg speed    6.009 kHz), accepted      299/   60001 events ( 0.50%)
Processed    70000/  229500 entries, 30.50% (elapsed time    10.9s, curr speed   11.345 kHz, avg speed    6.442 kHz), accepted      352/   70001 events ( 0.50%)
Processed    80000/  229500 entries, 34.86% (elapsed time    11.9s, curr speed    9.896 kHz, avg speed    6.735 kHz), accepted      404/   80001 events ( 0.50%)
Processed    90000/  229500 entries, 39.22% (elapsed time    13.1s, curr speed    8.257 kHz, avg speed    6.876 kHz), accepted      466/   90001 events ( 0.52%)
Processed   100000/  229500 entries, 43.57% (elapsed time    14.1s, curr speed    9.978 kHz, avg speed    7.097 kHz), accepted      522/  100001 events ( 0.52%)
Processed   110000/  229500 entries, 47.93% (elapsed time    15.2s, curr speed    9.289 kHz, avg speed    7.252 kHz), accepted      570/  110001 events ( 0.52%)
Processed   120000/  229500 entries, 52.29% (elapsed time    16.5s, curr speed    7.436 kHz, avg speed    7.267 kHz), accepted      623/  120001 events ( 0.52%)
Processed   130000/  229500 entries, 56.64% (elapsed time    18.8s, curr speed    4.314 kHz, avg speed    6.904 kHz), accepted      679/  130001 events ( 0.52%)
Processed   140000/  229500 entries, 61.00% (elapsed time    20.0s, curr speed    8.699 kHz, avg speed    7.007 kHz), accepted      747/  140001 events ( 0.53%)
Processed   150000/  229500 entries, 65.36% (elapsed time    21.0s, curr speed    9.805 kHz, avg speed    7.143 kHz), accepted      801/  150001 events ( 0.53%)
Processed   160000/  229500 entries, 69.72% (elapsed time    22.1s, curr speed    9.046 kHz, avg speed    7.238 kHz), accepted      869/  160001 events ( 0.54%)
Processed   170000/  229500 entries, 74.07% (elapsed time    23.2s, curr speed    9.117 kHz, avg speed    7.327 kHz), accepted      940/  170001 events ( 0.55%)
Processed   180000/  229500 entries, 78.43% (elapsed time    24.3s, curr speed    9.353 kHz, avg speed    7.416 kHz), accepted      997/  180001 events ( 0.55%)
Processed   190000/  229500 entries, 82.79% (elapsed time    25.3s, curr speed    9.654 kHz, avg speed    7.508 kHz), accepted     1052/  190001 events ( 0.55%)
Processed   200000/  229500 entries, 87.15% (elapsed time    26.2s, curr speed   11.331 kHz, avg speed    7.637 kHz), accepted     1112/  200001 events ( 0.56%)
Processed   210000/  229500 entries, 91.50% (elapsed time    27.2s, curr speed   10.362 kHz, avg speed    7.734 kHz), accepted     1168/  210001 events ( 0.56%)
Processed   220000/  229500 entries, 95.86% (elapsed time    28.3s, curr speed    8.901 kHz, avg speed    7.780 kHz), accepted     1225/  220001 events ( 0.56%)
Processed 229500 preselected entries from /eos/cms/store/group/phys_tau/TauFW/nano/UL2017/ST_t-channel_antitop_5f_InclusiveDecays_TuneCP5_13TeV-powheg-pythia8/RunIISummer19UL17NanoAODv2-106X_mc2017_realistic_v8-v1/NANOAODSIM/3ADECAD9-7E55-CC46-9D3E-1053F422673C_skimjec_0.root (229500 entries). Finally selected 1280 entries
Pre-select 229500 entries out of 229500 (100.00%)
Processed    10000/  229500 entries,  4.36% (elapsed time     5.5s, curr speed    1.820 kHz, avg speed    1.820 kHz), accepted       68/   10001 events ( 0.68%)
Processed    20000/  229500 entries,  8.71% (elapsed time     6.7s, curr speed    8.382 kHz, avg speed    2.991 kHz), accepted      127/   20001 events ( 0.63%)
Processed    30000/  229500 entries, 13.07% (elapsed time     8.0s, curr speed    7.871 kHz, avg speed    3.770 kHz), accepted      173/   30001 events ( 0.58%)
Processed    40000/  229500 entries, 17.43% (elapsed time     9.0s, curr speed    9.867 kHz, avg speed    4.459 kHz), accepted      228/   40001 events ( 0.57%)
Processed    50000/  229500 entries, 21.79% (elapsed time    10.1s, curr speed    9.038 kHz, avg speed    4.961 kHz), accepted      281/   50001 events ( 0.56%)
Processed    60000/  229500 entries, 26.14% (elapsed time    11.3s, curr speed    8.181 kHz, avg speed    5.310 kHz), accepted      337/   60001 events ( 0.56%)
Processed    70000/  229500 entries, 30.50% (elapsed time    12.3s, curr speed   10.258 kHz, avg speed    5.703 kHz), accepted      382/   70001 events ( 0.55%)
Processed    80000/  229500 entries, 34.86% (elapsed time    13.7s, curr speed    7.066 kHz, avg speed    5.844 kHz), accepted      441/   80001 events ( 0.55%)
Processed    90000/  229500 entries, 39.22% (elapsed time    14.9s, curr speed    8.512 kHz, avg speed    6.055 kHz), accepted      496/   90001 events ( 0.55%)
Processed   100000/  229500 entries, 43.57% (elapsed time    15.9s, curr speed    9.678 kHz, avg speed    6.290 kHz), accepted      546/  100001 events ( 0.55%)
Processed   110000/  229500 entries, 47.93% (elapsed time    17.0s, curr speed    8.959 kHz, avg speed    6.465 kHz), accepted      621/  110001 events ( 0.56%)
Processed   120000/  229500 entries, 52.29% (elapsed time    18.3s, curr speed    7.921 kHz, avg speed    6.566 kHz), accepted      679/  120001 events ( 0.57%)
Processed   130000/  229500 entries, 56.64% (elapsed time    19.6s, curr speed    7.645 kHz, avg speed    6.638 kHz), accepted      726/  130001 events ( 0.56%)
Processed   140000/  229500 entries, 61.00% (elapsed time    20.9s, curr speed    7.329 kHz, avg speed    6.683 kHz), accepted      780/  140001 events ( 0.56%)
Processed   150000/  229500 entries, 65.36% (elapsed time    22.4s, curr speed    7.056 kHz, avg speed    6.706 kHz), accepted      843/  150001 events ( 0.56%)
Processed   160000/  229500 entries, 69.72% (elapsed time    23.6s, curr speed    8.391 kHz, avg speed    6.792 kHz), accepted      900/  160001 events ( 0.56%)
Processed   170000/  229500 entries, 74.07% (elapsed time    24.6s, curr speed    9.626 kHz, avg speed    6.911 kHz), accepted      949/  170001 events ( 0.56%)
Processed   180000/  229500 entries, 78.43% (elapsed time    25.8s, curr speed    8.032 kHz, avg speed    6.965 kHz), accepted     1006/  180001 events ( 0.56%)
Processed   190000/  229500 entries, 82.79% (elapsed time    26.9s, curr speed    9.663 kHz, avg speed    7.069 kHz), accepted     1064/  190001 events ( 0.56%)
Processed   200000/  229500 entries, 87.15% (elapsed time    27.9s, curr speed    9.395 kHz, avg speed    7.158 kHz), accepted     1138/  200001 events ( 0.57%)
Processed   210000/  229500 entries, 91.50% (elapsed time    29.2s, curr speed    7.926 kHz, avg speed    7.191 kHz), accepted     1193/  210001 events ( 0.57%)
Processed   220000/  229500 entries, 95.86% (elapsed time    30.3s, curr speed    9.364 kHz, avg speed    7.268 kHz), accepted     1239/  220001 events ( 0.56%)
Processed 229500 preselected entries from /eos/cms/store/group/phys_tau/TauFW/nano/UL2017/ST_t-channel_antitop_5f_InclusiveDecays_TuneCP5_13TeV-powheg-pythia8/RunIISummer19UL17NanoAODv2-106X_mc2017_realistic_v8-v1/NANOAODSIM/3ADECAD9-7E55-CC46-9D3E-1053F422673C_skimjec_1.root (229500 entries). Finally selected 1297 entries
Pre-select 203500 entries out of 203500 (100.00%)
Processed    10000/  203500 entries,  4.91% (elapsed time     3.0s, curr speed    3.326 kHz, avg speed    3.326 kHz), accepted       68/   10001 events ( 0.68%)
Processed    20000/  203500 entries,  9.83% (elapsed time     5.3s, curr speed    4.427 kHz, avg speed    3.798 kHz), accepted      127/   20001 events ( 0.63%)
Processed    30000/  203500 entries, 14.74% (elapsed time     6.4s, curr speed    8.536 kHz, avg speed    4.661 kHz), accepted      184/   30001 events ( 0.61%)
Processed    40000/  203500 entries, 19.66% (elapsed time     8.4s, curr speed    5.029 kHz, avg speed    4.748 kHz), accepted      238/   40001 events ( 0.59%)
Processed    50000/  203500 entries, 24.57% (elapsed time    10.7s, curr speed    4.416 kHz, avg speed    4.677 kHz), accepted      299/   50001 events ( 0.60%)
Processed    60000/  203500 entries, 29.48% (elapsed time    11.8s, curr speed    8.764 kHz, avg speed    5.071 kHz), accepted      364/   60001 events ( 0.61%)
Processed    70000/  203500 entries, 34.40% (elapsed time    13.0s, curr speed    8.877 kHz, avg speed    5.402 kHz), accepted      427/   70001 events ( 0.61%)
Processed    80000/  203500 entries, 39.31% (elapsed time    14.3s, curr speed    7.526 kHz, avg speed    5.600 kHz), accepted      493/   80001 events ( 0.62%)
Processed    90000/  203500 entries, 44.23% (elapsed time    15.8s, curr speed    6.428 kHz, avg speed    5.681 kHz), accepted      549/   90001 events ( 0.61%)
Processed   100000/  203500 entries, 49.14% (elapsed time    17.4s, curr speed    6.284 kHz, avg speed    5.736 kHz), accepted      590/  100001 events ( 0.59%)
Processed   110000/  203500 entries, 54.05% (elapsed time    19.5s, curr speed    4.814 kHz, avg speed    5.638 kHz), accepted      645/  110001 events ( 0.59%)
Processed   120000/  203500 entries, 58.97% (elapsed time    21.2s, curr speed    5.762 kHz, avg speed    5.648 kHz), accepted      696/  120001 events ( 0.58%)
Processed   130000/  203500 entries, 63.88% (elapsed time    22.9s, curr speed    5.896 kHz, avg speed    5.666 kHz), accepted      745/  130001 events ( 0.57%)
Processed   140000/  203500 entries, 68.80% (elapsed time    24.5s, curr speed    6.382 kHz, avg speed    5.712 kHz), accepted      810/  140001 events ( 0.58%)
Processed   150000/  203500 entries, 73.71% (elapsed time    25.9s, curr speed    7.300 kHz, avg speed    5.796 kHz), accepted      871/  150001 events ( 0.58%)
Processed   160000/  203500 entries, 78.62% (elapsed time    26.9s, curr speed    9.800 kHz, avg speed    5.948 kHz), accepted      918/  160001 events ( 0.57%)
Processed   170000/  203500 entries, 83.54% (elapsed time    28.4s, curr speed    6.706 kHz, avg speed    5.988 kHz), accepted      980/  170001 events ( 0.58%)
Processed   180000/  203500 entries, 88.45% (elapsed time    29.6s, curr speed    8.621 kHz, avg speed    6.091 kHz), accepted     1042/  180001 events ( 0.58%)
Processed   190000/  203500 entries, 93.37% (elapsed time    30.8s, curr speed    7.810 kHz, avg speed    6.163 kHz), accepted     1101/  190001 events ( 0.58%)
Processed   200000/  203500 entries, 98.28% (elapsed time    32.2s, curr speed    7.522 kHz, avg speed    6.219 kHz), accepted     1166/  200001 events ( 0.58%)
Processed 203500 preselected entries from /eos/cms/store/group/phys_tau/TauFW/nano/UL2017/ST_t-channel_antitop_5f_InclusiveDecays_TuneCP5_13TeV-powheg-pythia8/RunIISummer19UL17NanoAODv2-106X_mc2017_realistic_v8-v1/NANOAODSIM/54C21403-0CFB-D040-A904-EE660A0C202C_skimjec_0.root (203500 entries). Finally selected 1186 entries
Total time 158.5 sec. to process 1099700 events. Rate = 6936.9 Hz.
>>> cwd          = /pool/condor/dir_6048
>>> ls           = ['x509_voms', '.chirp.config', '.job.ad', '.machine.ad', 'condor_exec.exe', 'pico_etau_EES1p01_0.root', 'var', 'tmp', '_condor_stdout', 'lvigilan.cc']
>>> getstorage('/eos/home-l/lvigilan/output_ETauFR_UL17_RUN1/UL2017/etau/ST_t-channel_antitop'), <EOS("/eos/home-l/lvigilan/output_ETauFR_UL17_RUN1/UL2017/etau/ST_t-channel_antitop") at 0x2b8b6bec6d90>
>>> Executing: 'cp ./pico_etau_EES1p01_0.root /eos/home-l/lvigilan/output_ETauFR_UL17_RUN1/UL2017/etau/ST_t-channel_antitop'
>>> Removing './pico_etau_EES1p01_0.root'...
>>> picojob.py done after 173.1 seconds

Job complete at Tue Jun  8 10:17:48 CEST 2021
Took 2 minutes 54 seconds040 (2368949.000.000) 06/08 10:17:48 Finished transferring output files
...
005 (2368949.000.000) 06/08 10:17:48 Job terminated.
	(1) Normal termination (return value 0)
		Usr 0 00:01:54, Sys 0 00:00:05  -  Run Remote Usage
		Usr 0 00:00:00, Sys 0 00:00:00  -  Run Local Usage
		Usr 0 00:01:54, Sys 0 00:00:05  -  Total Remote Usage
		Usr 0 00:00:00, Sys 0 00:00:00  -  Total Local Usage
	35256  -  Run Bytes Sent By Job
	9926  -  Run Bytes Received By Job
	35256  -  Total Bytes Sent By Job
	9926  -  Total Bytes Received By Job
	Partitionable Resources :    Usage  Request Allocated 
	   Cpus                 :                 1         1 
	   Disk (KB)            :       96        1    271897 
	   Memory (MB)          :      190     2000      2000 

	Job terminated of its own accord at 2021-06-08T08:17:48Z.
...
