Could not find platform independent libraries <prefix>
Could not find platform dependent libraries <exec_prefix>
Consider setting $PYTHONHOME to <prefix>[:<exec_prefix>]
ImportError: No module named site
Job start at Thu Jan 21 10:52:59 CET 2021
Running job on machine Linux b7s03n0866.cern.ch 3.10.0-1127.13.1.el7.x86_64 #1 SMP Tue Jun 23 15:46:38 UTC 2020 x86_64 x86_64 x86_64 GNU/Linux, host b7s03n0866.cern.ch
============================================================
$PWD=/pool/condor/dir_25351
$JOBID=1772029
$TASKID=2
$HOSTNAME=b7s03n0866.cern.ch
$TASKCMD=/afs/cern.ch/work/l/lvigilan/TauWork/CMSSW_10_6_17_patch1/src/TauFW/PicoProducer/python/processors/picojob.py -y 2017 -d 'data' -c etau -M ModuleETau --copydir /eos/home-l/lvigilan/output_UL2017/2017/etau/SingleElectron_Run2017D -t _etau_2 -i root://cms-xrd-global.cern.ch//store/data/Run2017D/SingleElectron/NANOAOD/UL2017_02Dec2019-v1/70000/546FB55D-C06A-3345-AEF9-5F645E434DCE.root root://cms-xrd-global.cern.ch//store/data/Run2017D/SingleElectron/NANOAOD/UL2017_02Dec2019-v1/70000/5B09AF6B-9B7C-1942-8DEB-DB5A451A1614.root root://cms-xrd-global.cern.ch//store/data/Run2017D/SingleElectron/NANOAOD/UL2017_02Dec2019-v1/70000/6A439064-5643-514E-A28A-DD34CF8DE9EF.root root://cms-xrd-global.cern.ch//store/data/Run2017D/SingleElectron/NANOAOD/UL2017_02Dec2019-v1/70000/86A0F3FE-37C4-5E48-BE2E-4AF37ACCFA68.root root://cms-xrd-global.cern.ch//store/data/Run2017D/SingleElectron/NANOAOD/UL2017_02Dec2019-v1/70000/9960D84A-56E1-E44F-9F7A-EB8C20504FD9.root
$WORKDIR=/pool/condor/dir_25351
>>> cd /afs/cern.ch/work/l/lvigilan/TauWork/CMSSW_10_6_17_patch1/src
>>> eval `scramv1 runtime -sh`
>>> cd /pool/condor/dir_25351
$PWD=/pool/condor/dir_25351
>>> /afs/cern.ch/work/l/lvigilan/TauWork/CMSSW_10_6_17_patch1/src/TauFW/PicoProducer/python/processors/picojob.py -y 2017 -d 'data' -c etau -M ModuleETau --copydir /eos/home-l/lvigilan/output_UL2017/2017/etau/SingleElectron_Run2017D -t _etau_2 -i root://cms-xrd-global.cern.ch//store/data/Run2017D/SingleElectron/NANOAOD/UL2017_02Dec2019-v1/70000/546FB55D-C06A-3345-AEF9-5F645E434DCE.root root://cms-xrd-global.cern.ch//store/data/Run2017D/SingleElectron/NANOAOD/UL2017_02Dec2019-v1/70000/5B09AF6B-9B7C-1942-8DEB-DB5A451A1614.root root://cms-xrd-global.cern.ch//store/data/Run2017D/SingleElectron/NANOAOD/UL2017_02Dec2019-v1/70000/6A439064-5643-514E-A28A-DD34CF8DE9EF.root root://cms-xrd-global.cern.ch//store/data/Run2017D/SingleElectron/NANOAOD/UL2017_02Dec2019-v1/70000/86A0F3FE-37C4-5E48-BE2E-4AF37ACCFA68.root root://cms-xrd-global.cern.ch//store/data/Run2017D/SingleElectron/NANOAOD/UL2017_02Dec2019-v1/70000/9960D84A-56E1-E44F-9F7A-EB8C20504FD9.root
Error in <TGClient::TGClient>: can't open display "localhost:38.0", switching to batch mode...
 In case you run from a remote ssh session, reconnect with ssh -Y
--------------------------------------------------------------------------------
>>> era          = '2017'
>>> year         = 2017
>>> channel      = 'etau'
>>> modname      = 'ModuleETau'
>>> dtype        = 'data'
>>> kwargs       = {'dtype': 'data', 'verb': 0, 'era': '2017', 'year': 2017}
>>> maxevts      = None
>>> outdir       = '.'
>>> copydir      = '/eos/home-l/lvigilan/output_UL2017/2017/etau/SingleElectron_Run2017D'
>>> infiles      = ['root://cms-xrd-global.cern.ch//store/data/Run2017D/SingleElectron/NANOAOD/UL2017_02Dec2019-v1/70000/546FB55D-C06A-3345-AEF9-5F645E434DCE.root', 'root://cms-xrd-global.cern.ch//store/data/Run2017D/SingleElectron/NANOAOD/UL2017_02Dec2019-v1/70000/5B09AF6B-9B7C-1942-8DEB-DB5A451A1614.root', 'root://cms-xrd-global.cern.ch//store/data/Run2017D/SingleElectron/NANOAOD/UL2017_02Dec2019-v1/70000/6A439064-5643-514E-A28A-DD34CF8DE9EF.root', 'root://cms-xrd-global.cern.ch//store/data/Run2017D/SingleElectron/NANOAOD/UL2017_02Dec2019-v1/70000/86A0F3FE-37C4-5E48-BE2E-4AF37ACCFA68.root', 'root://cms-xrd-global.cern.ch//store/data/Run2017D/SingleElectron/NANOAOD/UL2017_02Dec2019-v1/70000/9960D84A-56E1-E44F-9F7A-EB8C20504FD9.root']
>>> outfname     = './pico_etau_etau_2.root'
>>> branchsel    = '/afs/cern.ch/work/l/lvigilan/TauWork/CMSSW_10_6_17_patch1/python/TauFW/PicoProducer/processors/keep_and_drop_skim.txt'
>>> json         = '/afs/cern.ch/work/l/lvigilan/TauWork/CMSSW_10_6_17_patch1/src/TauFW/PicoProducer/data/json/2017/Cert_294927-306462_13TeV_PromptReco_Collisions17_JSON.txt'
>>> prefetch     = False
>>> cwd          = /pool/condor/dir_25351
--------------------------------------------------------------------------------

   ################
   #  ModuleETau  #
   ################

Loading TreeProducerETau for './pico_etau_etau_2.root'
--------------------------------------------------------------------------------
>>> filename     = './pico_etau_etau_2.root'
>>> year         = 2017
>>> dtype        = 'data'
>>> channel      = 'etau'
>>> ismc         = False
>>> isdata       = True
>>> isembed      = False
>>> tes          = None
>>> tessys       = None
>>> ltf          = 1.0
>>> jtf          = 1.0
>>> dotoppt      = False
>>> dozpt        = False
>>> dojec        = False
>>> dojecsys     = False
>>> dotight      = False
>>> jetCutPt     = 30
>>> bjetCutEta   = 2.7
>>> tauwp        = 0
>>> eleCutPt     = 36
>>> eleCutEta    = 2.1
>>> tauCutPt     = 20
>>> tauCutEta    = 2.3
Pre-select 1297781 entries out of 1336518 (97.10%)
Traceback (most recent call last):
  File "/afs/cern.ch/work/l/lvigilan/TauWork/CMSSW_10_6_17_patch1/src/TauFW/PicoProducer/python/processors/picojob.py", line 111, in <module>
    p.run()
  File "/afs/cern.ch/work/l/lvigilan/TauWork/CMSSW_10_6_17_patch1/python/PhysicsTools/NanoAODTools/postprocessing/framework/postprocessor.py", line 234, in run
    eventRange=eventRange, maxEvents=self.maxEntries
  File "/afs/cern.ch/work/l/lvigilan/TauWork/CMSSW_10_6_17_patch1/python/PhysicsTools/NanoAODTools/postprocessing/framework/eventloop.py", line 82, in eventLoop
    ret = m.analyze(e)
  File "/afs/cern.ch/work/l/lvigilan/TauWork/CMSSW_10_6_17_patch1/python/TauFW/PicoProducer/analysis/ModuleETau.py", line 177, in analyze
    self.fillEventBranches(event)
  File "/afs/cern.ch/work/l/lvigilan/TauWork/CMSSW_10_6_17_patch1/python/TauFW/PicoProducer/analysis/ModuleTauPair.py", line 148, in fillEventBranches
    self.out.metfilter[0]       = self.filter(event)
  File "<string>", line 1, in <lambda>
  File "/afs/cern.ch/work/l/lvigilan/TauWork/CMSSW_10_6_17_patch1/python/PhysicsTools/NanoAODTools/postprocessing/framework/datamodel.py", line 18, in __getattr__
    return self._tree.readBranch(name)
  File "/afs/cern.ch/work/l/lvigilan/TauWork/CMSSW_10_6_17_patch1/python/PhysicsTools/NanoAODTools/postprocessing/framework/treeReaderArrayTools.py", line 76, in readBranch
    raise RuntimeError("Unknown branch %s" % branchName)
RuntimeError: Unknown branch Flag_ecalBadCalibFilterV2

Job complete at Thu Jan 21 10:55:34 CET 2021
Took 2 minutes 35 seconds040 (1772029.002.000) 01/21 10:55:34 Finished transferring output files
...
005 (1772029.002.000) 01/21 10:55:34 Job terminated.
	(1) Normal termination (return value 0)
		Usr 0 00:02:14, Sys 0 00:00:04  -  Run Remote Usage
		Usr 0 00:00:00, Sys 0 00:00:00  -  Run Local Usage
		Usr 0 00:02:14, Sys 0 00:00:04  -  Total Remote Usage
		Usr 0 00:00:00, Sys 0 00:00:00  -  Total Local Usage
	7341  -  Run Bytes Sent By Job
	9881  -  Run Bytes Received By Job
	7341  -  Total Bytes Sent By Job
	9881  -  Total Bytes Received By Job
	Partitionable Resources :    Usage  Request Allocated 
	   Cpus                 :     0.95        1         1 
	   Disk (KB)            :    78           1    207314 
	   Memory (MB)          :   183        2000      2000 
...
