Could not find platform independent libraries <prefix>
Could not find platform dependent libraries <exec_prefix>
Consider setting $PYTHONHOME to <prefix>[:<exec_prefix>]
ImportError: No module named site
Job start at Mon Jun  7 18:54:31 CEST 2021
Running job on machine Linux b7g24n0298.cern.ch 3.10.0-1160.24.1.el7.x86_64 #1 SMP Thu Apr 8 19:51:47 UTC 2021 x86_64 x86_64 x86_64 GNU/Linux, host b7g24n0298.cern.ch
============================================================
$PWD=/pool/condor/dir_6393
$JOBID=2367589
$TASKID=7
$HOSTNAME=b7g24n0298.cern.ch
$TASKCMD=/afs/cern.ch/work/l/lvigilan/TauWork/CMSSW_10_6_17_patch1/src/TauFW/PicoProducer/python/processors/picojob.py -y UL2017 -d 'mc' -c etau -M ETauFakeRate.ModuleETau --copydir /eos/home-l/lvigilan/output_ETauFR_UL17_RUN1/UL2017/etau/DY4JetsToLL_M-50 -t _etau_7 --opt 'useT1=True' 'zpt=True' -i /eos/cms/store/group/phys_tau/TauFW/nano/UL2017/DY4JetsToLL_M-50_TuneCP5_13TeV-madgraphMLM-pythia8/RunIISummer19UL17NanoAODv2-106X_mc2017_realistic_v8-v1/NANOAODSIM/CB9B1E05-7BCD-4647-B3FF-FE0EFE1508B3_skimjec_2.root /eos/cms/store/group/phys_tau/TauFW/nano/UL2017/DY4JetsToLL_M-50_TuneCP5_13TeV-madgraphMLM-pythia8/RunIISummer19UL17NanoAODv2-106X_mc2017_realistic_v8-v1/NANOAODSIM/CB9B1E05-7BCD-4647-B3FF-FE0EFE1508B3_skimjec_3.root
$WORKDIR=/pool/condor/dir_6393
>>> cd /afs/cern.ch/work/l/lvigilan/TauWork/CMSSW_10_6_17_patch1/src
>>> eval `scramv1 runtime -sh`
>>> cd /pool/condor/dir_6393
$PWD=/pool/condor/dir_6393
>>> /afs/cern.ch/work/l/lvigilan/TauWork/CMSSW_10_6_17_patch1/src/TauFW/PicoProducer/python/processors/picojob.py -y UL2017 -d 'mc' -c etau -M ETauFakeRate.ModuleETau --copydir /eos/home-l/lvigilan/output_ETauFR_UL17_RUN1/UL2017/etau/DY4JetsToLL_M-50 -t _etau_7 --opt 'useT1=True' 'zpt=True' -i /eos/cms/store/group/phys_tau/TauFW/nano/UL2017/DY4JetsToLL_M-50_TuneCP5_13TeV-madgraphMLM-pythia8/RunIISummer19UL17NanoAODv2-106X_mc2017_realistic_v8-v1/NANOAODSIM/CB9B1E05-7BCD-4647-B3FF-FE0EFE1508B3_skimjec_2.root /eos/cms/store/group/phys_tau/TauFW/nano/UL2017/DY4JetsToLL_M-50_TuneCP5_13TeV-madgraphMLM-pythia8/RunIISummer19UL17NanoAODv2-106X_mc2017_realistic_v8-v1/NANOAODSIM/CB9B1E05-7BCD-4647-B3FF-FE0EFE1508B3_skimjec_3.root
Error in <TGClient::TGClient>: can't open display "localhost:19.0", switching to batch mode...
 In case you run from a remote ssh session, reconnect with ssh -Y
--------------------------------------------------------------------------------
>>> era          = 'UL2017'
>>> year         = 2017
>>> channel      = 'etau'
>>> modname      = 'ETauFakeRate.ModuleETau'
>>> dtype        = 'mc'
>>> kwargs       = {'dtype': 'mc', 'zpt': True, 'useT1': True, 'verb': 0, 'era': 'UL2017', 'year': 2017}
>>> firstevt     = 0
>>> maxevts      = None
>>> outdir       = '.'
>>> copydir      = '/eos/home-l/lvigilan/output_ETauFR_UL17_RUN1/UL2017/etau/DY4JetsToLL_M-50'
>>> infiles      = ['/eos/cms/store/group/phys_tau/TauFW/nano/UL2017/DY4JetsToLL_M-50_TuneCP5_13TeV-madgraphMLM-pythia8/RunIISummer19UL17NanoAODv2-106X_mc2017_realistic_v8-v1/NANOAODSIM/CB9B1E05-7BCD-4647-B3FF-FE0EFE1508B3_skimjec_2.root', '/eos/cms/store/group/phys_tau/TauFW/nano/UL2017/DY4JetsToLL_M-50_TuneCP5_13TeV-madgraphMLM-pythia8/RunIISummer19UL17NanoAODv2-106X_mc2017_realistic_v8-v1/NANOAODSIM/CB9B1E05-7BCD-4647-B3FF-FE0EFE1508B3_skimjec_3.root']
>>> outfname     = './pico_etau_7.root'
>>> branchsel    = '/afs/cern.ch/work/l/lvigilan/TauWork/CMSSW_10_6_17_patch1/python/TauFW/PicoProducer/processors/keep_and_drop_skim.txt'
>>> json         = None
>>> prefetch     = False
>>> cwd          = /pool/condor/dir_6393
--------------------------------------------------------------------------------

   ################
   #  ModuleETau  #
   ################

Loading PileupWeightTool for '/afs/cern.ch/work/l/lvigilan/TauWork/CMSSW_10_6_17_patch1/src/TauFW/PicoProducer/data/pileup/Data_PileUp_UL2017_69p2.root' and '/afs/cern.ch/work/l/lvigilan/TauWork/CMSSW_10_6_17_patch1/src/TauFW/PicoProducer/data/pileup/MC_PileUp_UL2017_Summer19.root'
Loading BTagWeightTool for DeepCSV (medium WP)...
>>> BTagTool: [1m[33mWarning! [0m[33mHistogram 'etau/eff_DeepCSV_udsg_medium' does not exist in /afs/cern.ch/work/l/lvigilan/TauWork/CMSSW_10_6_17_patch1/src/TauFW/PicoProducer/data/btag/DeepCSV_2017_12Apr2017_eff.root! Reverting to default efficiency histogram...[0m
>>> BTagTool: [1m[33mWarning! [0m[33mHistogram 'etau/eff_DeepCSV_c_medium' does not exist in /afs/cern.ch/work/l/lvigilan/TauWork/CMSSW_10_6_17_patch1/src/TauFW/PicoProducer/data/btag/DeepCSV_2017_12Apr2017_eff.root! Reverting to default efficiency histogram...[0m
>>> BTagTool: [1m[33mWarning! [0m[33mHistogram 'etau/eff_DeepCSV_b_medium' does not exist in /afs/cern.ch/work/l/lvigilan/TauWork/CMSSW_10_6_17_patch1/src/TauFW/PicoProducer/data/btag/DeepCSV_2017_12Apr2017_eff.root! Reverting to default efficiency histogram...[0m
>>> BTagTool: [1m[33mWarning! [0m[33mMade use of default efficiency histograms! The b tag weights from this module should be regarded as placeholders only,
and should NOT be used for analyses. B (mis)tag efficiencies in MC are analysis dependent. Please create your own
efficiency histogram with data/btag/getBTagEfficiencies.py after running all MC samples with BTagWeightTool.[0m
Loading TreeProducerETau for './pico_etau_7.root'
--------------------------------------------------------------------------------
>>> filename     = './pico_etau_7.root'
>>> year         = 2017
>>> dtype        = 'mc'
>>> channel      = 'etau'
>>> ismc         = True
>>> isdata       = False
>>> isembed      = False
>>> tes          = 1.0
>>> tessys       = None
>>> fes          = None
>>> ltf          = None
>>> jtf          = 1.0
>>> dotoppt      = False
>>> dozpt        = True
>>> dojec        = True
>>> dojecsys     = True
>>> dotight      = False
>>> useT1        = True
>>> jetCutPt     = 30
>>> bjetCutEta   = 2.7
>>> tauwp        = 0
>>> eleCutPt     = 36
>>> eleCutEta    = 2.1
>>> tauCutPt     = 20
>>> tauCutEta    = 2.3
>>> ZpeekReso    = 0.1
Pre-select 205421 entries out of 205421 (100.00%)
Processed    10000/  205421 entries,  4.87% (elapsed time    39.7s, curr speed    0.252 kHz, avg speed    0.252 kHz), accepted     1190/   10001 events (11.90%)
Processed    20000/  205421 entries,  9.74% (elapsed time    58.0s, curr speed    0.545 kHz, avg speed    0.345 kHz), accepted     2371/   20001 events (11.85%)
Processed    30000/  205421 entries, 14.60% (elapsed time    75.4s, curr speed    0.574 kHz, avg speed    0.398 kHz), accepted     3470/   30001 events (11.57%)
Processed    40000/  205421 entries, 19.47% (elapsed time    89.8s, curr speed    0.698 kHz, avg speed    0.446 kHz), accepted     4559/   40001 events (11.40%)
Processed    50000/  205421 entries, 24.34% (elapsed time   105.6s, curr speed    0.633 kHz, avg speed    0.474 kHz), accepted     5692/   50001 events (11.38%)
Processed    60000/  205421 entries, 29.21% (elapsed time   120.3s, curr speed    0.680 kHz, avg speed    0.499 kHz), accepted     6866/   60001 events (11.44%)
Processed    70000/  205421 entries, 34.08% (elapsed time   135.9s, curr speed    0.641 kHz, avg speed    0.515 kHz), accepted     8019/   70001 events (11.46%)
Processed    80000/  205421 entries, 38.94% (elapsed time   150.6s, curr speed    0.678 kHz, avg speed    0.531 kHz), accepted     9172/   80001 events (11.46%)
Processed    90000/  205421 entries, 43.81% (elapsed time   165.7s, curr speed    0.663 kHz, avg speed    0.543 kHz), accepted    10361/   90001 events (11.51%)
Processed   100000/  205421 entries, 48.68% (elapsed time   181.3s, curr speed    0.641 kHz, avg speed    0.551 kHz), accepted    11519/  100001 events (11.52%)
Processed   110000/  205421 entries, 53.55% (elapsed time   194.2s, curr speed    0.776 kHz, avg speed    0.566 kHz), accepted    12658/  110001 events (11.51%)
Processed   120000/  205421 entries, 58.42% (elapsed time   206.9s, curr speed    0.785 kHz, avg speed    0.580 kHz), accepted    13824/  120001 events (11.52%)
Processed   130000/  205421 entries, 63.28% (elapsed time   219.4s, curr speed    0.804 kHz, avg speed    0.593 kHz), accepted    14967/  130001 events (11.51%)
Processed   140000/  205421 entries, 68.15% (elapsed time   233.4s, curr speed    0.716 kHz, avg speed    0.600 kHz), accepted    16150/  140001 events (11.54%)
Processed   150000/  205421 entries, 73.02% (elapsed time   244.8s, curr speed    0.872 kHz, avg speed    0.613 kHz), accepted    17263/  150001 events (11.51%)
Processed   160000/  205421 entries, 77.89% (elapsed time   256.7s, curr speed    0.845 kHz, avg speed    0.623 kHz), accepted    18345/  160001 events (11.47%)
Processed   170000/  205421 entries, 82.76% (elapsed time   270.0s, curr speed    0.747 kHz, avg speed    0.630 kHz), accepted    19484/  170001 events (11.46%)
Processed   180000/  205421 entries, 87.62% (elapsed time   284.0s, curr speed    0.716 kHz, avg speed    0.634 kHz), accepted    20610/  180001 events (11.45%)
Processed   190000/  205421 entries, 92.49% (elapsed time   297.9s, curr speed    0.721 kHz, avg speed    0.638 kHz), accepted    21822/  190001 events (11.49%)
Processed   200000/  205421 entries, 97.36% (elapsed time   311.9s, curr speed    0.712 kHz, avg speed    0.641 kHz), accepted    22927/  200001 events (11.46%)
Processed 205421 preselected entries from /eos/cms/store/group/phys_tau/TauFW/nano/UL2017/DY4JetsToLL_M-50_TuneCP5_13TeV-madgraphMLM-pythia8/RunIISummer19UL17NanoAODv2-106X_mc2017_realistic_v8-v1/NANOAODSIM/CB9B1E05-7BCD-4647-B3FF-FE0EFE1508B3_skimjec_2.root (205421 entries). Finally selected 23563 entries
Pre-select 205421 entries out of 205421 (100.00%)
Processed    10000/  205421 entries,  4.87% (elapsed time    24.3s, curr speed    0.412 kHz, avg speed    0.412 kHz), accepted     1138/   10001 events (11.38%)
Processed    20000/  205421 entries,  9.74% (elapsed time    40.1s, curr speed    0.631 kHz, avg speed    0.498 kHz), accepted     2305/   20001 events (11.52%)
Processed    30000/  205421 entries, 14.60% (elapsed time    61.1s, curr speed    0.476 kHz, avg speed    0.491 kHz), accepted     3487/   30001 events (11.62%)
Processed    40000/  205421 entries, 19.47% (elapsed time    80.2s, curr speed    0.525 kHz, avg speed    0.499 kHz), accepted     4577/   40001 events (11.44%)
Processed    50000/  205421 entries, 24.34% (elapsed time    96.6s, curr speed    0.610 kHz, avg speed    0.518 kHz), accepted     5685/   50001 events (11.37%)
Processed    60000/  205421 entries, 29.21% (elapsed time   110.1s, curr speed    0.736 kHz, avg speed    0.545 kHz), accepted     6816/   60001 events (11.36%)
Processed    70000/  205421 entries, 34.08% (elapsed time   122.5s, curr speed    0.813 kHz, avg speed    0.572 kHz), accepted     7937/   70001 events (11.34%)
Processed    80000/  205421 entries, 38.94% (elapsed time   135.5s, curr speed    0.767 kHz, avg speed    0.590 kHz), accepted     9066/   80001 events (11.33%)
Processed    90000/  205421 entries, 43.81% (elapsed time   148.8s, curr speed    0.753 kHz, avg speed    0.605 kHz), accepted    10226/   90001 events (11.36%)
Processed   100000/  205421 entries, 48.68% (elapsed time   162.1s, curr speed    0.748 kHz, avg speed    0.617 kHz), accepted    11365/  100001 events (11.36%)
Processed   110000/  205421 entries, 53.55% (elapsed time   174.9s, curr speed    0.783 kHz, avg speed    0.629 kHz), accepted    12495/  110001 events (11.36%)
Processed   120000/  205421 entries, 58.42% (elapsed time   191.0s, curr speed    0.621 kHz, avg speed    0.628 kHz), accepted    13604/  120001 events (11.34%)
Processed   130000/  205421 entries, 63.28% (elapsed time   207.6s, curr speed    0.603 kHz, avg speed    0.626 kHz), accepted    14773/  130001 events (11.36%)
Processed   140000/  205421 entries, 68.15% (elapsed time   224.7s, curr speed    0.585 kHz, avg speed    0.623 kHz), accepted    15879/  140001 events (11.34%)
Processed   150000/  205421 entries, 73.02% (elapsed time   240.0s, curr speed    0.655 kHz, avg speed    0.625 kHz), accepted    17023/  150001 events (11.35%)
Processed   160000/  205421 entries, 77.89% (elapsed time   254.0s, curr speed    0.713 kHz, avg speed    0.630 kHz), accepted    18104/  160001 events (11.31%)
Processed   170000/  205421 entries, 82.76% (elapsed time   269.9s, curr speed    0.629 kHz, avg speed    0.630 kHz), accepted    19187/  170001 events (11.29%)
Processed   180000/  205421 entries, 87.62% (elapsed time   285.3s, curr speed    0.649 kHz, avg speed    0.631 kHz), accepted    20284/  180001 events (11.27%)
Processed   190000/  205421 entries, 92.49% (elapsed time   301.1s, curr speed    0.635 kHz, avg speed    0.631 kHz), accepted    21456/  190001 events (11.29%)
Processed   200000/  205421 entries, 97.36% (elapsed time   315.1s, curr speed    0.715 kHz, avg speed    0.635 kHz), accepted    22615/  200001 events (11.31%)
Processed 205421 preselected entries from /eos/cms/store/group/phys_tau/TauFW/nano/UL2017/DY4JetsToLL_M-50_TuneCP5_13TeV-madgraphMLM-pythia8/RunIISummer19UL17NanoAODv2-106X_mc2017_realistic_v8-v1/NANOAODSIM/CB9B1E05-7BCD-4647-B3FF-FE0EFE1508B3_skimjec_3.root (205421 entries). Finally selected 23237 entries
Total time 644.1 sec. to process 410842 events. Rate = 637.9 Hz.
>>> cwd          = /pool/condor/dir_6393
>>> ls           = ['condor_exec.exe', '.update.ad', '.job.ad', '_condor_stdout', 'tmp', 'lvigilan.cc', 'pico_etau_7.root', 'var', '.chirp.config', 'x509_voms', '.machine.ad']
>>> getstorage('/eos/home-l/lvigilan/output_ETauFR_UL17_RUN1/UL2017/etau/DY4JetsToLL_M-50'), <EOS("/eos/home-l/lvigilan/output_ETauFR_UL17_RUN1/UL2017/etau/DY4JetsToLL_M-50") at 0x2b516d2ea410>
>>> Executing: 'cp ./pico_etau_7.root /eos/home-l/lvigilan/output_ETauFR_UL17_RUN1/UL2017/etau/DY4JetsToLL_M-50'
>>> Removing './pico_etau_7.root'...
>>> picojob.py done after 678.3 seconds

Job complete at Mon Jun  7 19:05:52 CEST 2021
Took 11 minutes 21 seconds040 (2367589.007.000) 06/07 19:05:52 Finished transferring output files
...
005 (2367589.007.000) 06/07 19:05:53 Job terminated.
	(1) Normal termination (return value 0)
		Usr 0 00:05:34, Sys 0 00:00:15  -  Run Remote Usage
		Usr 0 00:00:00, Sys 0 00:00:00  -  Run Local Usage
		Usr 0 00:05:34, Sys 0 00:00:15  -  Total Remote Usage
		Usr 0 00:00:00, Sys 0 00:00:00  -  Total Local Usage
	21163  -  Run Bytes Sent By Job
	9930  -  Run Bytes Received By Job
	21163  -  Total Bytes Sent By Job
	9930  -  Total Bytes Received By Job
	Partitionable Resources :    Usage  Request Allocated 
	   Cpus                 :     0.40        1         1 
	   Disk (KB)            :  7557           1    287728 
	   Memory (MB)          :   278        2000      2000 

	Job terminated of its own accord at 2021-06-07T17:05:52Z.
...
